[2024-10-30T21:00:33.922-0300] {processor.py:186} INFO - Started process (PID=99636) to work on /home/nico/.local/lib/python3.10/site-packages/airflow/example_dags/plugins/workday.py
[2024-10-30T21:00:33.926-0300] {processor.py:914} INFO - Processing file /home/nico/.local/lib/python3.10/site-packages/airflow/example_dags/plugins/workday.py for tasks to queue
[2024-10-30T21:00:33.931-0300] {logging_mixin.py:190} INFO - [2024-10-30T21:00:33.930-0300] {dagbag.py:588} INFO - Filling up the DagBag from /home/nico/.local/lib/python3.10/site-packages/airflow/example_dags/plugins/workday.py
[2024-10-30T21:00:33.937-0300] {processor.py:927} WARNING - No viable dags retrieved from /home/nico/.local/lib/python3.10/site-packages/airflow/example_dags/plugins/workday.py
[2024-10-30T21:00:33.990-0300] {processor.py:208} INFO - Processing /home/nico/.local/lib/python3.10/site-packages/airflow/example_dags/plugins/workday.py took 0.093 seconds
[2024-10-30T21:02:34.897-0300] {processor.py:186} INFO - Started process (PID=100179) to work on /home/nico/.local/lib/python3.10/site-packages/airflow/example_dags/plugins/workday.py
[2024-10-30T21:02:34.901-0300] {processor.py:914} INFO - Processing file /home/nico/.local/lib/python3.10/site-packages/airflow/example_dags/plugins/workday.py for tasks to queue
[2024-10-30T21:02:34.906-0300] {logging_mixin.py:190} INFO - [2024-10-30T21:02:34.904-0300] {dagbag.py:588} INFO - Filling up the DagBag from /home/nico/.local/lib/python3.10/site-packages/airflow/example_dags/plugins/workday.py
[2024-10-30T21:02:34.914-0300] {processor.py:927} WARNING - No viable dags retrieved from /home/nico/.local/lib/python3.10/site-packages/airflow/example_dags/plugins/workday.py
[2024-10-30T21:02:34.963-0300] {processor.py:208} INFO - Processing /home/nico/.local/lib/python3.10/site-packages/airflow/example_dags/plugins/workday.py took 0.095 seconds
[2024-10-30T21:03:54.415-0300] {processor.py:186} INFO - Started process (PID=100532) to work on /home/nico/.local/lib/python3.10/site-packages/airflow/example_dags/plugins/workday.py
[2024-10-30T21:03:54.423-0300] {processor.py:914} INFO - Processing file /home/nico/.local/lib/python3.10/site-packages/airflow/example_dags/plugins/workday.py for tasks to queue
[2024-10-30T21:03:54.432-0300] {logging_mixin.py:190} INFO - [2024-10-30T21:03:54.431-0300] {dagbag.py:588} INFO - Filling up the DagBag from /home/nico/.local/lib/python3.10/site-packages/airflow/example_dags/plugins/workday.py
[2024-10-30T21:03:54.461-0300] {processor.py:927} WARNING - No viable dags retrieved from /home/nico/.local/lib/python3.10/site-packages/airflow/example_dags/plugins/workday.py
[2024-10-30T21:03:54.568-0300] {processor.py:208} INFO - Processing /home/nico/.local/lib/python3.10/site-packages/airflow/example_dags/plugins/workday.py took 0.191 seconds
[2024-10-30T21:05:08.479-0300] {processor.py:186} INFO - Started process (PID=100854) to work on /home/nico/.local/lib/python3.10/site-packages/airflow/example_dags/plugins/workday.py
[2024-10-30T21:05:08.486-0300] {processor.py:914} INFO - Processing file /home/nico/.local/lib/python3.10/site-packages/airflow/example_dags/plugins/workday.py for tasks to queue
[2024-10-30T21:05:08.495-0300] {logging_mixin.py:190} INFO - [2024-10-30T21:05:08.494-0300] {dagbag.py:588} INFO - Filling up the DagBag from /home/nico/.local/lib/python3.10/site-packages/airflow/example_dags/plugins/workday.py
[2024-10-30T21:05:08.513-0300] {processor.py:927} WARNING - No viable dags retrieved from /home/nico/.local/lib/python3.10/site-packages/airflow/example_dags/plugins/workday.py
[2024-10-30T21:05:08.626-0300] {processor.py:208} INFO - Processing /home/nico/.local/lib/python3.10/site-packages/airflow/example_dags/plugins/workday.py took 0.189 seconds
[2024-10-30T21:06:26.113-0300] {processor.py:186} INFO - Started process (PID=101196) to work on /home/nico/.local/lib/python3.10/site-packages/airflow/example_dags/plugins/workday.py
[2024-10-30T21:06:26.117-0300] {processor.py:914} INFO - Processing file /home/nico/.local/lib/python3.10/site-packages/airflow/example_dags/plugins/workday.py for tasks to queue
[2024-10-30T21:06:26.126-0300] {logging_mixin.py:190} INFO - [2024-10-30T21:06:26.125-0300] {dagbag.py:588} INFO - Filling up the DagBag from /home/nico/.local/lib/python3.10/site-packages/airflow/example_dags/plugins/workday.py
[2024-10-30T21:06:26.135-0300] {processor.py:927} WARNING - No viable dags retrieved from /home/nico/.local/lib/python3.10/site-packages/airflow/example_dags/plugins/workday.py
[2024-10-30T21:06:26.230-0300] {processor.py:208} INFO - Processing /home/nico/.local/lib/python3.10/site-packages/airflow/example_dags/plugins/workday.py took 0.143 seconds
[2024-10-30T23:59:02.242-0300] {processor.py:186} INFO - Started process (PID=101778) to work on /home/nico/.local/lib/python3.10/site-packages/airflow/example_dags/plugins/workday.py
[2024-10-30T23:59:02.255-0300] {processor.py:914} INFO - Processing file /home/nico/.local/lib/python3.10/site-packages/airflow/example_dags/plugins/workday.py for tasks to queue
[2024-10-30T23:59:02.269-0300] {logging_mixin.py:190} INFO - [2024-10-30T23:59:02.258-0300] {dagbag.py:588} INFO - Filling up the DagBag from /home/nico/.local/lib/python3.10/site-packages/airflow/example_dags/plugins/workday.py
[2024-10-30T23:59:02.286-0300] {processor.py:927} WARNING - No viable dags retrieved from /home/nico/.local/lib/python3.10/site-packages/airflow/example_dags/plugins/workday.py
[2024-10-30T23:59:02.387-0300] {processor.py:208} INFO - Processing /home/nico/.local/lib/python3.10/site-packages/airflow/example_dags/plugins/workday.py took 0.193 seconds
[2024-10-31T00:00:46.404-0300] {processor.py:186} INFO - Started process (PID=102230) to work on /home/nico/.local/lib/python3.10/site-packages/airflow/example_dags/plugins/workday.py
[2024-10-31T00:00:46.407-0300] {processor.py:914} INFO - Processing file /home/nico/.local/lib/python3.10/site-packages/airflow/example_dags/plugins/workday.py for tasks to queue
[2024-10-31T00:00:46.410-0300] {logging_mixin.py:190} INFO - [2024-10-31T00:00:46.409-0300] {dagbag.py:588} INFO - Filling up the DagBag from /home/nico/.local/lib/python3.10/site-packages/airflow/example_dags/plugins/workday.py
[2024-10-31T00:00:46.419-0300] {processor.py:927} WARNING - No viable dags retrieved from /home/nico/.local/lib/python3.10/site-packages/airflow/example_dags/plugins/workday.py
[2024-10-31T00:00:46.480-0300] {processor.py:208} INFO - Processing /home/nico/.local/lib/python3.10/site-packages/airflow/example_dags/plugins/workday.py took 0.091 seconds
[2024-10-31T00:01:59.890-0300] {processor.py:186} INFO - Started process (PID=102553) to work on /home/nico/.local/lib/python3.10/site-packages/airflow/example_dags/plugins/workday.py
[2024-10-31T00:01:59.893-0300] {processor.py:914} INFO - Processing file /home/nico/.local/lib/python3.10/site-packages/airflow/example_dags/plugins/workday.py for tasks to queue
[2024-10-31T00:01:59.897-0300] {logging_mixin.py:190} INFO - [2024-10-31T00:01:59.896-0300] {dagbag.py:588} INFO - Filling up the DagBag from /home/nico/.local/lib/python3.10/site-packages/airflow/example_dags/plugins/workday.py
[2024-10-31T00:01:59.903-0300] {processor.py:927} WARNING - No viable dags retrieved from /home/nico/.local/lib/python3.10/site-packages/airflow/example_dags/plugins/workday.py
[2024-10-31T00:01:59.951-0300] {processor.py:208} INFO - Processing /home/nico/.local/lib/python3.10/site-packages/airflow/example_dags/plugins/workday.py took 0.075 seconds
[2024-10-31T00:03:19.873-0300] {processor.py:186} INFO - Started process (PID=102901) to work on /home/nico/.local/lib/python3.10/site-packages/airflow/example_dags/plugins/workday.py
[2024-10-31T00:03:19.882-0300] {processor.py:914} INFO - Processing file /home/nico/.local/lib/python3.10/site-packages/airflow/example_dags/plugins/workday.py for tasks to queue
[2024-10-31T00:03:19.891-0300] {logging_mixin.py:190} INFO - [2024-10-31T00:03:19.889-0300] {dagbag.py:588} INFO - Filling up the DagBag from /home/nico/.local/lib/python3.10/site-packages/airflow/example_dags/plugins/workday.py
[2024-10-31T00:03:19.909-0300] {processor.py:927} WARNING - No viable dags retrieved from /home/nico/.local/lib/python3.10/site-packages/airflow/example_dags/plugins/workday.py
[2024-10-31T00:03:19.980-0300] {processor.py:208} INFO - Processing /home/nico/.local/lib/python3.10/site-packages/airflow/example_dags/plugins/workday.py took 0.144 seconds
[2024-10-31T00:04:47.978-0300] {processor.py:186} INFO - Started process (PID=103280) to work on /home/nico/.local/lib/python3.10/site-packages/airflow/example_dags/plugins/workday.py
[2024-10-31T00:04:47.981-0300] {processor.py:914} INFO - Processing file /home/nico/.local/lib/python3.10/site-packages/airflow/example_dags/plugins/workday.py for tasks to queue
[2024-10-31T00:04:47.987-0300] {logging_mixin.py:190} INFO - [2024-10-31T00:04:47.986-0300] {dagbag.py:588} INFO - Filling up the DagBag from /home/nico/.local/lib/python3.10/site-packages/airflow/example_dags/plugins/workday.py
[2024-10-31T00:04:47.995-0300] {processor.py:927} WARNING - No viable dags retrieved from /home/nico/.local/lib/python3.10/site-packages/airflow/example_dags/plugins/workday.py
[2024-10-31T00:04:48.050-0300] {processor.py:208} INFO - Processing /home/nico/.local/lib/python3.10/site-packages/airflow/example_dags/plugins/workday.py took 0.090 seconds
[2024-10-31T00:06:24.728-0300] {processor.py:186} INFO - Started process (PID=103696) to work on /home/nico/.local/lib/python3.10/site-packages/airflow/example_dags/plugins/workday.py
[2024-10-31T00:06:24.731-0300] {processor.py:914} INFO - Processing file /home/nico/.local/lib/python3.10/site-packages/airflow/example_dags/plugins/workday.py for tasks to queue
[2024-10-31T00:06:24.736-0300] {logging_mixin.py:190} INFO - [2024-10-31T00:06:24.734-0300] {dagbag.py:588} INFO - Filling up the DagBag from /home/nico/.local/lib/python3.10/site-packages/airflow/example_dags/plugins/workday.py
[2024-10-31T00:06:24.741-0300] {processor.py:927} WARNING - No viable dags retrieved from /home/nico/.local/lib/python3.10/site-packages/airflow/example_dags/plugins/workday.py
[2024-10-31T00:06:24.795-0300] {processor.py:208} INFO - Processing /home/nico/.local/lib/python3.10/site-packages/airflow/example_dags/plugins/workday.py took 0.082 seconds
[2024-10-31T00:07:44.562-0300] {processor.py:186} INFO - Started process (PID=104042) to work on /home/nico/.local/lib/python3.10/site-packages/airflow/example_dags/plugins/workday.py
[2024-10-31T00:07:44.564-0300] {processor.py:914} INFO - Processing file /home/nico/.local/lib/python3.10/site-packages/airflow/example_dags/plugins/workday.py for tasks to queue
[2024-10-31T00:07:44.568-0300] {logging_mixin.py:190} INFO - [2024-10-31T00:07:44.567-0300] {dagbag.py:588} INFO - Filling up the DagBag from /home/nico/.local/lib/python3.10/site-packages/airflow/example_dags/plugins/workday.py
[2024-10-31T00:07:44.574-0300] {processor.py:927} WARNING - No viable dags retrieved from /home/nico/.local/lib/python3.10/site-packages/airflow/example_dags/plugins/workday.py
[2024-10-31T00:07:44.631-0300] {processor.py:208} INFO - Processing /home/nico/.local/lib/python3.10/site-packages/airflow/example_dags/plugins/workday.py took 0.084 seconds
[2024-10-31T00:08:58.852-0300] {processor.py:186} INFO - Started process (PID=104372) to work on /home/nico/.local/lib/python3.10/site-packages/airflow/example_dags/plugins/workday.py
[2024-10-31T00:08:58.856-0300] {processor.py:914} INFO - Processing file /home/nico/.local/lib/python3.10/site-packages/airflow/example_dags/plugins/workday.py for tasks to queue
[2024-10-31T00:08:58.862-0300] {logging_mixin.py:190} INFO - [2024-10-31T00:08:58.861-0300] {dagbag.py:588} INFO - Filling up the DagBag from /home/nico/.local/lib/python3.10/site-packages/airflow/example_dags/plugins/workday.py
[2024-10-31T00:08:58.870-0300] {processor.py:927} WARNING - No viable dags retrieved from /home/nico/.local/lib/python3.10/site-packages/airflow/example_dags/plugins/workday.py
[2024-10-31T00:08:58.920-0300] {processor.py:208} INFO - Processing /home/nico/.local/lib/python3.10/site-packages/airflow/example_dags/plugins/workday.py took 0.085 seconds
[2024-10-31T00:10:25.553-0300] {processor.py:186} INFO - Started process (PID=104710) to work on /home/nico/.local/lib/python3.10/site-packages/airflow/example_dags/plugins/workday.py
[2024-10-31T00:10:25.556-0300] {processor.py:914} INFO - Processing file /home/nico/.local/lib/python3.10/site-packages/airflow/example_dags/plugins/workday.py for tasks to queue
[2024-10-31T00:10:25.559-0300] {logging_mixin.py:190} INFO - [2024-10-31T00:10:25.559-0300] {dagbag.py:588} INFO - Filling up the DagBag from /home/nico/.local/lib/python3.10/site-packages/airflow/example_dags/plugins/workday.py
[2024-10-31T00:10:25.565-0300] {processor.py:927} WARNING - No viable dags retrieved from /home/nico/.local/lib/python3.10/site-packages/airflow/example_dags/plugins/workday.py
[2024-10-31T00:10:25.605-0300] {processor.py:208} INFO - Processing /home/nico/.local/lib/python3.10/site-packages/airflow/example_dags/plugins/workday.py took 0.072 seconds
[2024-10-31T00:11:46.986-0300] {processor.py:186} INFO - Started process (PID=105066) to work on /home/nico/.local/lib/python3.10/site-packages/airflow/example_dags/plugins/workday.py
[2024-10-31T00:11:46.989-0300] {processor.py:914} INFO - Processing file /home/nico/.local/lib/python3.10/site-packages/airflow/example_dags/plugins/workday.py for tasks to queue
[2024-10-31T00:11:46.998-0300] {logging_mixin.py:190} INFO - [2024-10-31T00:11:46.997-0300] {dagbag.py:588} INFO - Filling up the DagBag from /home/nico/.local/lib/python3.10/site-packages/airflow/example_dags/plugins/workday.py
[2024-10-31T00:11:47.007-0300] {processor.py:927} WARNING - No viable dags retrieved from /home/nico/.local/lib/python3.10/site-packages/airflow/example_dags/plugins/workday.py
[2024-10-31T00:11:47.057-0300] {processor.py:208} INFO - Processing /home/nico/.local/lib/python3.10/site-packages/airflow/example_dags/plugins/workday.py took 0.090 seconds
[2024-10-31T00:12:54.373-0300] {processor.py:186} INFO - Started process (PID=105366) to work on /home/nico/.local/lib/python3.10/site-packages/airflow/example_dags/plugins/workday.py
[2024-10-31T00:12:54.376-0300] {processor.py:914} INFO - Processing file /home/nico/.local/lib/python3.10/site-packages/airflow/example_dags/plugins/workday.py for tasks to queue
[2024-10-31T00:12:54.380-0300] {logging_mixin.py:190} INFO - [2024-10-31T00:12:54.379-0300] {dagbag.py:588} INFO - Filling up the DagBag from /home/nico/.local/lib/python3.10/site-packages/airflow/example_dags/plugins/workday.py
[2024-10-31T00:12:54.386-0300] {processor.py:927} WARNING - No viable dags retrieved from /home/nico/.local/lib/python3.10/site-packages/airflow/example_dags/plugins/workday.py
[2024-10-31T00:12:54.433-0300] {processor.py:208} INFO - Processing /home/nico/.local/lib/python3.10/site-packages/airflow/example_dags/plugins/workday.py took 0.077 seconds
[2024-10-31T00:13:59.936-0300] {processor.py:186} INFO - Started process (PID=105655) to work on /home/nico/.local/lib/python3.10/site-packages/airflow/example_dags/plugins/workday.py
[2024-10-31T00:13:59.938-0300] {processor.py:914} INFO - Processing file /home/nico/.local/lib/python3.10/site-packages/airflow/example_dags/plugins/workday.py for tasks to queue
[2024-10-31T00:13:59.941-0300] {logging_mixin.py:190} INFO - [2024-10-31T00:13:59.940-0300] {dagbag.py:588} INFO - Filling up the DagBag from /home/nico/.local/lib/python3.10/site-packages/airflow/example_dags/plugins/workday.py
[2024-10-31T00:13:59.947-0300] {processor.py:927} WARNING - No viable dags retrieved from /home/nico/.local/lib/python3.10/site-packages/airflow/example_dags/plugins/workday.py
[2024-10-31T00:13:59.996-0300] {processor.py:208} INFO - Processing /home/nico/.local/lib/python3.10/site-packages/airflow/example_dags/plugins/workday.py took 0.074 seconds
[2024-10-31T00:15:04.479-0300] {processor.py:186} INFO - Started process (PID=105941) to work on /home/nico/.local/lib/python3.10/site-packages/airflow/example_dags/plugins/workday.py
[2024-10-31T00:15:04.482-0300] {processor.py:914} INFO - Processing file /home/nico/.local/lib/python3.10/site-packages/airflow/example_dags/plugins/workday.py for tasks to queue
[2024-10-31T00:15:04.486-0300] {logging_mixin.py:190} INFO - [2024-10-31T00:15:04.485-0300] {dagbag.py:588} INFO - Filling up the DagBag from /home/nico/.local/lib/python3.10/site-packages/airflow/example_dags/plugins/workday.py
[2024-10-31T00:15:04.494-0300] {processor.py:927} WARNING - No viable dags retrieved from /home/nico/.local/lib/python3.10/site-packages/airflow/example_dags/plugins/workday.py
[2024-10-31T00:15:04.540-0300] {processor.py:208} INFO - Processing /home/nico/.local/lib/python3.10/site-packages/airflow/example_dags/plugins/workday.py took 0.077 seconds
[2024-10-31T00:16:06.371-0300] {processor.py:186} INFO - Started process (PID=106217) to work on /home/nico/.local/lib/python3.10/site-packages/airflow/example_dags/plugins/workday.py
[2024-10-31T00:16:06.373-0300] {processor.py:914} INFO - Processing file /home/nico/.local/lib/python3.10/site-packages/airflow/example_dags/plugins/workday.py for tasks to queue
[2024-10-31T00:16:06.377-0300] {logging_mixin.py:190} INFO - [2024-10-31T00:16:06.376-0300] {dagbag.py:588} INFO - Filling up the DagBag from /home/nico/.local/lib/python3.10/site-packages/airflow/example_dags/plugins/workday.py
[2024-10-31T00:16:06.383-0300] {processor.py:927} WARNING - No viable dags retrieved from /home/nico/.local/lib/python3.10/site-packages/airflow/example_dags/plugins/workday.py
[2024-10-31T00:16:06.434-0300] {processor.py:208} INFO - Processing /home/nico/.local/lib/python3.10/site-packages/airflow/example_dags/plugins/workday.py took 0.077 seconds
[2024-10-31T00:17:06.602-0300] {processor.py:186} INFO - Started process (PID=106489) to work on /home/nico/.local/lib/python3.10/site-packages/airflow/example_dags/plugins/workday.py
[2024-10-31T00:17:06.607-0300] {processor.py:914} INFO - Processing file /home/nico/.local/lib/python3.10/site-packages/airflow/example_dags/plugins/workday.py for tasks to queue
[2024-10-31T00:17:06.610-0300] {logging_mixin.py:190} INFO - [2024-10-31T00:17:06.610-0300] {dagbag.py:588} INFO - Filling up the DagBag from /home/nico/.local/lib/python3.10/site-packages/airflow/example_dags/plugins/workday.py
[2024-10-31T00:17:06.618-0300] {processor.py:927} WARNING - No viable dags retrieved from /home/nico/.local/lib/python3.10/site-packages/airflow/example_dags/plugins/workday.py
[2024-10-31T00:17:06.675-0300] {processor.py:208} INFO - Processing /home/nico/.local/lib/python3.10/site-packages/airflow/example_dags/plugins/workday.py took 0.094 seconds
[2024-10-31T00:18:13.318-0300] {processor.py:186} INFO - Started process (PID=106783) to work on /home/nico/.local/lib/python3.10/site-packages/airflow/example_dags/plugins/workday.py
[2024-10-31T00:18:13.321-0300] {processor.py:914} INFO - Processing file /home/nico/.local/lib/python3.10/site-packages/airflow/example_dags/plugins/workday.py for tasks to queue
[2024-10-31T00:18:13.324-0300] {logging_mixin.py:190} INFO - [2024-10-31T00:18:13.323-0300] {dagbag.py:588} INFO - Filling up the DagBag from /home/nico/.local/lib/python3.10/site-packages/airflow/example_dags/plugins/workday.py
[2024-10-31T00:18:13.330-0300] {processor.py:927} WARNING - No viable dags retrieved from /home/nico/.local/lib/python3.10/site-packages/airflow/example_dags/plugins/workday.py
[2024-10-31T00:18:13.379-0300] {processor.py:208} INFO - Processing /home/nico/.local/lib/python3.10/site-packages/airflow/example_dags/plugins/workday.py took 0.075 seconds
[2024-10-31T00:19:25.792-0300] {processor.py:186} INFO - Started process (PID=107160) to work on /home/nico/.local/lib/python3.10/site-packages/airflow/example_dags/plugins/workday.py
[2024-10-31T00:19:25.795-0300] {processor.py:914} INFO - Processing file /home/nico/.local/lib/python3.10/site-packages/airflow/example_dags/plugins/workday.py for tasks to queue
[2024-10-31T00:19:25.800-0300] {logging_mixin.py:190} INFO - [2024-10-31T00:19:25.799-0300] {dagbag.py:588} INFO - Filling up the DagBag from /home/nico/.local/lib/python3.10/site-packages/airflow/example_dags/plugins/workday.py
[2024-10-31T00:19:25.806-0300] {processor.py:927} WARNING - No viable dags retrieved from /home/nico/.local/lib/python3.10/site-packages/airflow/example_dags/plugins/workday.py
[2024-10-31T00:19:25.854-0300] {processor.py:208} INFO - Processing /home/nico/.local/lib/python3.10/site-packages/airflow/example_dags/plugins/workday.py took 0.077 seconds
