[2024-10-31T20:44:58.784-0300] {local_task_job_runner.py:123} INFO - ::group::Pre task execution logs
[2024-10-31T20:44:58.842-0300] {taskinstance.py:2612} INFO - Dependencies all met for dep_context=non-requeueable deps ti=<TaskInstance: etl_redshift_dag_variables_bcra.load_data manual__2024-10-31T23:36:14.220274+00:00 [queued]>
[2024-10-31T20:44:58.881-0300] {taskinstance.py:2612} INFO - Dependencies all met for dep_context=requeueable deps ti=<TaskInstance: etl_redshift_dag_variables_bcra.load_data manual__2024-10-31T23:36:14.220274+00:00 [queued]>
[2024-10-31T20:44:58.887-0300] {taskinstance.py:2865} INFO - Starting attempt 1 of 2
[2024-10-31T20:44:58.968-0300] {taskinstance.py:2888} INFO - Executing <Task(PythonOperator): load_data> on 2024-10-31 23:36:14.220274+00:00
[2024-10-31T20:44:58.992-0300] {standard_task_runner.py:72} INFO - Started process 145649 to run task
[2024-10-31T20:44:59.003-0300] {standard_task_runner.py:104} INFO - Running: ['airflow', 'tasks', 'run', 'etl_redshift_dag_variables_bcra', 'load_data', 'manual__2024-10-31T23:36:14.220274+00:00', '--job-id', '337', '--raw', '--subdir', 'DAGS_FOLDER/dag_variables_bcra.py', '--cfg-path', '/tmp/tmpjdbohiob']
[2024-10-31T20:44:59.008-0300] {standard_task_runner.py:105} INFO - Job 337: Subtask load_data
[2024-10-31T20:44:59.223-0300] {task_command.py:467} INFO - Running <TaskInstance: etl_redshift_dag_variables_bcra.load_data manual__2024-10-31T23:36:14.220274+00:00 [running]> on host DESKTOP-MVFODGC.
[2024-10-31T20:45:00.441-0300] {taskinstance.py:3131} INFO - Exporting env vars: AIRFLOW_CTX_DAG_OWNER='airflow' AIRFLOW_CTX_DAG_ID='etl_redshift_dag_variables_bcra' AIRFLOW_CTX_TASK_ID='load_data' AIRFLOW_CTX_EXECUTION_DATE='2024-10-31T23:36:14.220274+00:00' AIRFLOW_CTX_TRY_NUMBER='1' AIRFLOW_CTX_DAG_RUN_ID='manual__2024-10-31T23:36:14.220274+00:00'
[2024-10-31T20:45:00.457-0300] {logging_mixin.py:190} INFO - Task instance is in running state
[2024-10-31T20:45:00.464-0300] {logging_mixin.py:190} INFO -  Previous state of the Task instance: queued
[2024-10-31T20:45:00.469-0300] {logging_mixin.py:190} INFO - Current task name:load_data state:running start_date:2024-10-31 23:44:58.849159+00:00
[2024-10-31T20:45:00.474-0300] {logging_mixin.py:190} INFO - Dag name:etl_redshift_dag_variables_bcra and current dag run status:running
[2024-10-31T20:45:00.479-0300] {taskinstance.py:731} INFO - ::endgroup::
[2024-10-31T20:45:07.361-0300] {logging_mixin.py:190} INFO - Datos cargados exitosamente en la tabla 2024_nicolas_alvarez_julia_schema.fact_table en Redshift.
[2024-10-31T20:45:07.736-0300] {python.py:240} INFO - Done. Returned value was: None
[2024-10-31T20:45:09.068-0300] {taskinstance.py:340} INFO - ::group::Post task execution logs
[2024-10-31T20:45:09.087-0300] {taskinstance.py:352} INFO - Marking task as SUCCESS. dag_id=etl_redshift_dag_variables_bcra, task_id=load_data, run_id=manual__2024-10-31T23:36:14.220274+00:00, execution_date=20241031T233614, start_date=20241031T234458, end_date=20241031T234509
[2024-10-31T20:45:09.468-0300] {logging_mixin.py:190} INFO - Task instance in success state
[2024-10-31T20:45:09.471-0300] {logging_mixin.py:190} INFO -  Previous state of the Task instance: running
[2024-10-31T20:45:09.476-0300] {logging_mixin.py:190} INFO - Dag name:etl_redshift_dag_variables_bcra queued_at:2024-10-31 23:36:14.487714+00:00
[2024-10-31T20:45:09.520-0300] {logging_mixin.py:190} INFO - Task hostname:DESKTOP-MVFODGC. operator:PythonOperator
[2024-10-31T20:45:09.687-0300] {local_task_job_runner.py:266} INFO - Task exited with return code 0
[2024-10-31T20:45:09.787-0300] {taskinstance.py:3900} INFO - 0 downstream tasks scheduled from follow-on schedule check
[2024-10-31T20:45:09.812-0300] {local_task_job_runner.py:245} INFO - ::endgroup::
