[2024-10-31T23:55:48.777-0300] {local_task_job_runner.py:123} INFO - ::group::Pre task execution logs
[2024-10-31T23:55:48.833-0300] {taskinstance.py:2612} INFO - Dependencies all met for dep_context=non-requeueable deps ti=<TaskInstance: etl_redshift_dag_variables_fed.actualizar_dim_fecha manual__2024-10-31T23:55:02.413360+00:00 [queued]>
[2024-10-31T23:55:48.865-0300] {taskinstance.py:2612} INFO - Dependencies all met for dep_context=requeueable deps ti=<TaskInstance: etl_redshift_dag_variables_fed.actualizar_dim_fecha manual__2024-10-31T23:55:02.413360+00:00 [queued]>
[2024-10-31T23:55:48.868-0300] {taskinstance.py:2865} INFO - Starting attempt 2 of 3
[2024-10-31T23:55:48.959-0300] {taskinstance.py:2888} INFO - Executing <Task(PythonOperator): actualizar_dim_fecha> on 2024-10-31 23:55:02.413360+00:00
[2024-10-31T23:55:48.971-0300] {standard_task_runner.py:72} INFO - Started process 152530 to run task
[2024-10-31T23:55:48.983-0300] {standard_task_runner.py:104} INFO - Running: ['airflow', 'tasks', 'run', 'etl_redshift_dag_variables_fed', 'actualizar_dim_fecha', 'manual__2024-10-31T23:55:02.413360+00:00', '--job-id', '358', '--raw', '--subdir', 'DAGS_FOLDER/dag_variables_fed.py', '--cfg-path', '/tmp/tmpd7dc2hbo']
[2024-10-31T23:55:48.989-0300] {standard_task_runner.py:105} INFO - Job 358: Subtask actualizar_dim_fecha
[2024-10-31T23:55:49.201-0300] {task_command.py:467} INFO - Running <TaskInstance: etl_redshift_dag_variables_fed.actualizar_dim_fecha manual__2024-10-31T23:55:02.413360+00:00 [running]> on host DESKTOP-MVFODGC.
[2024-10-31T23:55:49.509-0300] {taskinstance.py:3131} INFO - Exporting env vars: AIRFLOW_CTX_DAG_OWNER='airflow' AIRFLOW_CTX_DAG_ID='etl_redshift_dag_variables_fed' AIRFLOW_CTX_TASK_ID='actualizar_dim_fecha' AIRFLOW_CTX_EXECUTION_DATE='2024-10-31T23:55:02.413360+00:00' AIRFLOW_CTX_TRY_NUMBER='2' AIRFLOW_CTX_DAG_RUN_ID='manual__2024-10-31T23:55:02.413360+00:00'
[2024-10-31T23:55:49.516-0300] {logging_mixin.py:190} INFO - Task instance is in running state
[2024-10-31T23:55:49.521-0300] {logging_mixin.py:190} INFO -  Previous state of the Task instance: queued
[2024-10-31T23:55:49.526-0300] {logging_mixin.py:190} INFO - Current task name:actualizar_dim_fecha state:running start_date:2024-11-01 02:55:48.836460+00:00
[2024-10-31T23:55:49.531-0300] {logging_mixin.py:190} INFO - Dag name:etl_redshift_dag_variables_fed and current dag run status:running
[2024-10-31T23:55:49.535-0300] {taskinstance.py:731} INFO - ::endgroup::
[2024-10-31T23:55:52.520-0300] {python.py:240} INFO - Done. Returned value was: None
[2024-10-31T23:55:52.577-0300] {taskinstance.py:340} INFO - ::group::Post task execution logs
[2024-10-31T23:55:52.584-0300] {taskinstance.py:352} INFO - Marking task as SUCCESS. dag_id=etl_redshift_dag_variables_fed, task_id=actualizar_dim_fecha, run_id=manual__2024-10-31T23:55:02.413360+00:00, execution_date=20241031T235502, start_date=20241101T025548, end_date=20241101T025552
[2024-10-31T23:55:52.725-0300] {logging_mixin.py:190} INFO - Task instance in success state
[2024-10-31T23:55:52.737-0300] {logging_mixin.py:190} INFO -  Previous state of the Task instance: running
[2024-10-31T23:55:52.743-0300] {logging_mixin.py:190} INFO - Dag name:etl_redshift_dag_variables_fed queued_at:2024-11-01 02:54:29.719870+00:00
[2024-10-31T23:55:52.750-0300] {logging_mixin.py:190} INFO - Task hostname:DESKTOP-MVFODGC. operator:PythonOperator
[2024-10-31T23:55:52.795-0300] {local_task_job_runner.py:266} INFO - Task exited with return code 0
[2024-10-31T23:55:52.915-0300] {taskinstance.py:3900} INFO - 1 downstream tasks scheduled from follow-on schedule check
[2024-10-31T23:55:52.953-0300] {local_task_job_runner.py:245} INFO - ::endgroup::
