[2024-11-01T00:11:51.233-0300] {local_task_job_runner.py:123} INFO - ::group::Pre task execution logs
[2024-11-01T00:11:51.379-0300] {taskinstance.py:2612} INFO - Dependencies all met for dep_context=non-requeueable deps ti=<TaskInstance: etl_redshift_dag_variables_fed.actualizar_dim_fecha manual__2024-10-31T23:55:02.413360+00:00 [queued]>
[2024-11-01T00:11:51.457-0300] {taskinstance.py:2612} INFO - Dependencies all met for dep_context=requeueable deps ti=<TaskInstance: etl_redshift_dag_variables_fed.actualizar_dim_fecha manual__2024-10-31T23:55:02.413360+00:00 [queued]>
[2024-11-01T00:11:51.460-0300] {taskinstance.py:2865} INFO - Starting attempt 3 of 4
[2024-11-01T00:11:51.661-0300] {taskinstance.py:2888} INFO - Executing <Task(PythonOperator): actualizar_dim_fecha> on 2024-10-31 23:55:02.413360+00:00
[2024-11-01T00:11:51.686-0300] {standard_task_runner.py:104} INFO - Running: ['airflow', 'tasks', 'run', 'etl_redshift_dag_variables_fed', 'actualizar_dim_fecha', 'manual__2024-10-31T23:55:02.413360+00:00', '--job-id', '372', '--raw', '--subdir', 'DAGS_FOLDER/dag_variables_fed.py', '--cfg-path', '/tmp/tmp6aap0857']
[2024-11-01T00:11:51.683-0300] {standard_task_runner.py:72} INFO - Started process 156665 to run task
[2024-11-01T00:11:51.699-0300] {standard_task_runner.py:105} INFO - Job 372: Subtask actualizar_dim_fecha
[2024-11-01T00:11:51.982-0300] {task_command.py:467} INFO - Running <TaskInstance: etl_redshift_dag_variables_fed.actualizar_dim_fecha manual__2024-10-31T23:55:02.413360+00:00 [running]> on host DESKTOP-MVFODGC.
[2024-11-01T00:11:53.129-0300] {taskinstance.py:3131} INFO - Exporting env vars: AIRFLOW_CTX_DAG_OWNER='airflow' AIRFLOW_CTX_DAG_ID='etl_redshift_dag_variables_fed' AIRFLOW_CTX_TASK_ID='actualizar_dim_fecha' AIRFLOW_CTX_EXECUTION_DATE='2024-10-31T23:55:02.413360+00:00' AIRFLOW_CTX_TRY_NUMBER='3' AIRFLOW_CTX_DAG_RUN_ID='manual__2024-10-31T23:55:02.413360+00:00'
[2024-11-01T00:11:53.135-0300] {logging_mixin.py:190} INFO - Task instance is in running state
[2024-11-01T00:11:53.147-0300] {logging_mixin.py:190} INFO -  Previous state of the Task instance: queued
[2024-11-01T00:11:53.160-0300] {logging_mixin.py:190} INFO - Current task name:actualizar_dim_fecha state:running start_date:2024-11-01 03:11:51.391278+00:00
[2024-11-01T00:11:53.167-0300] {logging_mixin.py:190} INFO - Dag name:etl_redshift_dag_variables_fed and current dag run status:running
[2024-11-01T00:11:53.177-0300] {taskinstance.py:731} INFO - ::endgroup::
[2024-11-01T00:11:55.740-0300] {python.py:240} INFO - Done. Returned value was: None
[2024-11-01T00:11:55.774-0300] {taskinstance.py:340} INFO - ::group::Post task execution logs
[2024-11-01T00:11:55.778-0300] {taskinstance.py:352} INFO - Marking task as SUCCESS. dag_id=etl_redshift_dag_variables_fed, task_id=actualizar_dim_fecha, run_id=manual__2024-10-31T23:55:02.413360+00:00, execution_date=20241031T235502, start_date=20241101T031151, end_date=20241101T031155
[2024-11-01T00:11:55.897-0300] {logging_mixin.py:190} INFO - Task instance in success state
[2024-11-01T00:11:55.929-0300] {logging_mixin.py:190} INFO -  Previous state of the Task instance: running
[2024-11-01T00:11:55.940-0300] {logging_mixin.py:190} INFO - Dag name:etl_redshift_dag_variables_fed queued_at:2024-11-01 03:04:24.201243+00:00
[2024-11-01T00:11:55.945-0300] {logging_mixin.py:190} INFO - Task hostname:DESKTOP-MVFODGC. operator:PythonOperator
[2024-11-01T00:11:55.995-0300] {local_task_job_runner.py:266} INFO - Task exited with return code 0
[2024-11-01T00:11:56.383-0300] {taskinstance.py:3900} INFO - 1 downstream tasks scheduled from follow-on schedule check
[2024-11-01T00:11:56.508-0300] {local_task_job_runner.py:245} INFO - ::endgroup::
[2024-11-01T00:11:56.723-0300] {standard_task_runner.py:217} INFO - Process not found (most likely exited), stop collecting metrics
