[2024-10-31T01:41:43.680-0300] {local_task_job_runner.py:123} INFO - ::group::Pre task execution logs
[2024-10-31T01:41:43.751-0300] {taskinstance.py:2612} INFO - Dependencies all met for dep_context=non-requeueable deps ti=<TaskInstance: etl_redshift_dag_variables_bcra.extract_data manual__2024-10-29T17:19:02.985662+00:00 [queued]>
[2024-10-31T01:41:43.799-0300] {taskinstance.py:2612} INFO - Dependencies all met for dep_context=requeueable deps ti=<TaskInstance: etl_redshift_dag_variables_bcra.extract_data manual__2024-10-29T17:19:02.985662+00:00 [queued]>
[2024-10-31T01:41:43.804-0300] {taskinstance.py:2865} INFO - Starting attempt 6 of 7
[2024-10-31T01:41:43.927-0300] {taskinstance.py:2888} INFO - Executing <Task(PythonOperator): extract_data> on 2024-10-29 17:19:02.985662+00:00
[2024-10-31T01:41:43.949-0300] {standard_task_runner.py:72} INFO - Started process 127034 to run task
[2024-10-31T01:41:43.977-0300] {standard_task_runner.py:104} INFO - Running: ['airflow', 'tasks', 'run', 'etl_redshift_dag_variables_bcra', 'extract_data', 'manual__2024-10-29T17:19:02.985662+00:00', '--job-id', '302', '--raw', '--subdir', 'DAGS_FOLDER/dag_variables_bcra.py', '--cfg-path', '/tmp/tmphcm49keq']
[2024-10-31T01:41:44.016-0300] {standard_task_runner.py:105} INFO - Job 302: Subtask extract_data
[2024-10-31T01:41:44.313-0300] {task_command.py:467} INFO - Running <TaskInstance: etl_redshift_dag_variables_bcra.extract_data manual__2024-10-29T17:19:02.985662+00:00 [running]> on host DESKTOP-MVFODGC.
[2024-10-31T01:41:45.155-0300] {taskinstance.py:3131} INFO - Exporting env vars: AIRFLOW_CTX_DAG_OWNER='airflow' AIRFLOW_CTX_DAG_ID='etl_redshift_dag_variables_bcra' AIRFLOW_CTX_TASK_ID='extract_data' AIRFLOW_CTX_EXECUTION_DATE='2024-10-29T17:19:02.985662+00:00' AIRFLOW_CTX_TRY_NUMBER='6' AIRFLOW_CTX_DAG_RUN_ID='manual__2024-10-29T17:19:02.985662+00:00'
[2024-10-31T01:41:45.177-0300] {logging_mixin.py:190} INFO - Task instance is in running state
[2024-10-31T01:41:45.197-0300] {logging_mixin.py:190} INFO -  Previous state of the Task instance: queued
[2024-10-31T01:41:45.220-0300] {logging_mixin.py:190} INFO - Current task name:extract_data state:running start_date:2024-10-31 04:41:43.756751+00:00
[2024-10-31T01:41:45.230-0300] {logging_mixin.py:190} INFO - Dag name:etl_redshift_dag_variables_bcra and current dag run status:running
[2024-10-31T01:41:45.241-0300] {taskinstance.py:731} INFO - ::endgroup::
[2024-10-31T01:41:45.455-0300] {logging_mixin.py:190} WARNING - /home/nico/.local/lib/python3.10/site-packages/urllib3/connectionpool.py:1099 InsecureRequestWarning: Unverified HTTPS request is being made to host 'api.bcra.gob.ar'. Adding certificate verification is strongly advised. See: https://urllib3.readthedocs.io/en/latest/advanced-usage.html#tls-warnings
[2024-10-31T01:41:45.501-0300] {logging_mixin.py:190} INFO - URL de solicitud: https://api.bcra.gob.ar/estadisticas/v2.0/datosvariable/1/2024-10-29/2024-10-29
[2024-10-31T01:41:45.635-0300] {logging_mixin.py:190} WARNING - /home/nico/.local/lib/python3.10/site-packages/urllib3/connectionpool.py:1099 InsecureRequestWarning: Unverified HTTPS request is being made to host 'api.bcra.gob.ar'. Adding certificate verification is strongly advised. See: https://urllib3.readthedocs.io/en/latest/advanced-usage.html#tls-warnings
[2024-10-31T01:41:45.711-0300] {logging_mixin.py:190} INFO - No se encontraron datos para idVariable 1 en la fecha 2024-10-29.
[2024-10-31T01:41:45.837-0300] {logging_mixin.py:190} WARNING - /home/nico/.local/lib/python3.10/site-packages/urllib3/connectionpool.py:1099 InsecureRequestWarning: Unverified HTTPS request is being made to host 'api.bcra.gob.ar'. Adding certificate verification is strongly advised. See: https://urllib3.readthedocs.io/en/latest/advanced-usage.html#tls-warnings
[2024-10-31T01:41:46.023-0300] {logging_mixin.py:190} INFO - URL de solicitud: https://api.bcra.gob.ar/estadisticas/v2.0/datosvariable/5/2024-10-29/2024-10-29
[2024-10-31T01:41:46.274-0300] {logging_mixin.py:190} WARNING - /home/nico/.local/lib/python3.10/site-packages/urllib3/connectionpool.py:1099 InsecureRequestWarning: Unverified HTTPS request is being made to host 'api.bcra.gob.ar'. Adding certificate verification is strongly advised. See: https://urllib3.readthedocs.io/en/latest/advanced-usage.html#tls-warnings
[2024-10-31T01:41:46.412-0300] {logging_mixin.py:190} WARNING - /home/nico/.local/lib/python3.10/site-packages/urllib3/connectionpool.py:1099 InsecureRequestWarning: Unverified HTTPS request is being made to host 'api.bcra.gob.ar'. Adding certificate verification is strongly advised. See: https://urllib3.readthedocs.io/en/latest/advanced-usage.html#tls-warnings
[2024-10-31T01:41:46.450-0300] {logging_mixin.py:190} INFO - URL de solicitud: https://api.bcra.gob.ar/estadisticas/v2.0/datosvariable/6/2024-10-29/2024-10-29
[2024-10-31T01:41:46.538-0300] {logging_mixin.py:190} WARNING - /home/nico/.local/lib/python3.10/site-packages/urllib3/connectionpool.py:1099 InsecureRequestWarning: Unverified HTTPS request is being made to host 'api.bcra.gob.ar'. Adding certificate verification is strongly advised. See: https://urllib3.readthedocs.io/en/latest/advanced-usage.html#tls-warnings
[2024-10-31T01:41:46.641-0300] {logging_mixin.py:190} WARNING - /home/nico/.local/lib/python3.10/site-packages/urllib3/connectionpool.py:1099 InsecureRequestWarning: Unverified HTTPS request is being made to host 'api.bcra.gob.ar'. Adding certificate verification is strongly advised. See: https://urllib3.readthedocs.io/en/latest/advanced-usage.html#tls-warnings
[2024-10-31T01:41:46.676-0300] {logging_mixin.py:190} INFO - URL de solicitud: https://api.bcra.gob.ar/estadisticas/v2.0/datosvariable/7/2024-10-29/2024-10-29
[2024-10-31T01:41:46.745-0300] {logging_mixin.py:190} WARNING - /home/nico/.local/lib/python3.10/site-packages/urllib3/connectionpool.py:1099 InsecureRequestWarning: Unverified HTTPS request is being made to host 'api.bcra.gob.ar'. Adding certificate verification is strongly advised. See: https://urllib3.readthedocs.io/en/latest/advanced-usage.html#tls-warnings
[2024-10-31T01:41:46.837-0300] {logging_mixin.py:190} WARNING - /home/nico/.local/lib/python3.10/site-packages/urllib3/connectionpool.py:1099 InsecureRequestWarning: Unverified HTTPS request is being made to host 'api.bcra.gob.ar'. Adding certificate verification is strongly advised. See: https://urllib3.readthedocs.io/en/latest/advanced-usage.html#tls-warnings
[2024-10-31T01:41:46.866-0300] {logging_mixin.py:190} INFO - URL de solicitud: https://api.bcra.gob.ar/estadisticas/v2.0/datosvariable/8/2024-10-29/2024-10-29
[2024-10-31T01:41:46.941-0300] {logging_mixin.py:190} WARNING - /home/nico/.local/lib/python3.10/site-packages/urllib3/connectionpool.py:1099 InsecureRequestWarning: Unverified HTTPS request is being made to host 'api.bcra.gob.ar'. Adding certificate verification is strongly advised. See: https://urllib3.readthedocs.io/en/latest/advanced-usage.html#tls-warnings
[2024-10-31T01:41:47.042-0300] {logging_mixin.py:190} WARNING - /home/nico/.local/lib/python3.10/site-packages/urllib3/connectionpool.py:1099 InsecureRequestWarning: Unverified HTTPS request is being made to host 'api.bcra.gob.ar'. Adding certificate verification is strongly advised. See: https://urllib3.readthedocs.io/en/latest/advanced-usage.html#tls-warnings
[2024-10-31T01:41:47.075-0300] {logging_mixin.py:190} INFO - URL de solicitud: https://api.bcra.gob.ar/estadisticas/v2.0/datosvariable/9/2024-10-29/2024-10-29
[2024-10-31T01:41:47.141-0300] {logging_mixin.py:190} WARNING - /home/nico/.local/lib/python3.10/site-packages/urllib3/connectionpool.py:1099 InsecureRequestWarning: Unverified HTTPS request is being made to host 'api.bcra.gob.ar'. Adding certificate verification is strongly advised. See: https://urllib3.readthedocs.io/en/latest/advanced-usage.html#tls-warnings
[2024-10-31T01:41:47.242-0300] {logging_mixin.py:190} WARNING - /home/nico/.local/lib/python3.10/site-packages/urllib3/connectionpool.py:1099 InsecureRequestWarning: Unverified HTTPS request is being made to host 'api.bcra.gob.ar'. Adding certificate verification is strongly advised. See: https://urllib3.readthedocs.io/en/latest/advanced-usage.html#tls-warnings
[2024-10-31T01:41:47.275-0300] {logging_mixin.py:190} INFO - URL de solicitud: https://api.bcra.gob.ar/estadisticas/v2.0/datosvariable/10/2024-10-29/2024-10-29
[2024-10-31T01:41:47.353-0300] {logging_mixin.py:190} WARNING - /home/nico/.local/lib/python3.10/site-packages/urllib3/connectionpool.py:1099 InsecureRequestWarning: Unverified HTTPS request is being made to host 'api.bcra.gob.ar'. Adding certificate verification is strongly advised. See: https://urllib3.readthedocs.io/en/latest/advanced-usage.html#tls-warnings
[2024-10-31T01:41:47.386-0300] {logging_mixin.py:190} INFO - No se encontraron datos para idVariable 10 en la fecha 2024-10-29.
[2024-10-31T01:41:47.465-0300] {logging_mixin.py:190} WARNING - /home/nico/.local/lib/python3.10/site-packages/urllib3/connectionpool.py:1099 InsecureRequestWarning: Unverified HTTPS request is being made to host 'api.bcra.gob.ar'. Adding certificate verification is strongly advised. See: https://urllib3.readthedocs.io/en/latest/advanced-usage.html#tls-warnings
[2024-10-31T01:41:47.492-0300] {logging_mixin.py:190} INFO - URL de solicitud: https://api.bcra.gob.ar/estadisticas/v2.0/datosvariable/11/2024-10-29/2024-10-29
[2024-10-31T01:41:47.603-0300] {logging_mixin.py:190} WARNING - /home/nico/.local/lib/python3.10/site-packages/urllib3/connectionpool.py:1099 InsecureRequestWarning: Unverified HTTPS request is being made to host 'api.bcra.gob.ar'. Adding certificate verification is strongly advised. See: https://urllib3.readthedocs.io/en/latest/advanced-usage.html#tls-warnings
[2024-10-31T01:41:47.857-0300] {logging_mixin.py:190} WARNING - /home/nico/.local/lib/python3.10/site-packages/urllib3/connectionpool.py:1099 InsecureRequestWarning: Unverified HTTPS request is being made to host 'api.bcra.gob.ar'. Adding certificate verification is strongly advised. See: https://urllib3.readthedocs.io/en/latest/advanced-usage.html#tls-warnings
[2024-10-31T01:41:47.942-0300] {logging_mixin.py:190} INFO - URL de solicitud: https://api.bcra.gob.ar/estadisticas/v2.0/datosvariable/12/2024-10-29/2024-10-29
[2024-10-31T01:41:48.135-0300] {logging_mixin.py:190} WARNING - /home/nico/.local/lib/python3.10/site-packages/urllib3/connectionpool.py:1099 InsecureRequestWarning: Unverified HTTPS request is being made to host 'api.bcra.gob.ar'. Adding certificate verification is strongly advised. See: https://urllib3.readthedocs.io/en/latest/advanced-usage.html#tls-warnings
[2024-10-31T01:41:48.263-0300] {logging_mixin.py:190} WARNING - /home/nico/.local/lib/python3.10/site-packages/urllib3/connectionpool.py:1099 InsecureRequestWarning: Unverified HTTPS request is being made to host 'api.bcra.gob.ar'. Adding certificate verification is strongly advised. See: https://urllib3.readthedocs.io/en/latest/advanced-usage.html#tls-warnings
[2024-10-31T01:41:48.305-0300] {logging_mixin.py:190} INFO - URL de solicitud: https://api.bcra.gob.ar/estadisticas/v2.0/datosvariable/13/2024-10-29/2024-10-29
[2024-10-31T01:41:48.419-0300] {logging_mixin.py:190} WARNING - /home/nico/.local/lib/python3.10/site-packages/urllib3/connectionpool.py:1099 InsecureRequestWarning: Unverified HTTPS request is being made to host 'api.bcra.gob.ar'. Adding certificate verification is strongly advised. See: https://urllib3.readthedocs.io/en/latest/advanced-usage.html#tls-warnings
[2024-10-31T01:41:48.541-0300] {logging_mixin.py:190} WARNING - /home/nico/.local/lib/python3.10/site-packages/urllib3/connectionpool.py:1099 InsecureRequestWarning: Unverified HTTPS request is being made to host 'api.bcra.gob.ar'. Adding certificate verification is strongly advised. See: https://urllib3.readthedocs.io/en/latest/advanced-usage.html#tls-warnings
[2024-10-31T01:41:48.572-0300] {logging_mixin.py:190} INFO - URL de solicitud: https://api.bcra.gob.ar/estadisticas/v2.0/datosvariable/14/2024-10-29/2024-10-29
[2024-10-31T01:41:48.649-0300] {logging_mixin.py:190} WARNING - /home/nico/.local/lib/python3.10/site-packages/urllib3/connectionpool.py:1099 InsecureRequestWarning: Unverified HTTPS request is being made to host 'api.bcra.gob.ar'. Adding certificate verification is strongly advised. See: https://urllib3.readthedocs.io/en/latest/advanced-usage.html#tls-warnings
[2024-10-31T01:41:48.747-0300] {logging_mixin.py:190} WARNING - /home/nico/.local/lib/python3.10/site-packages/urllib3/connectionpool.py:1099 InsecureRequestWarning: Unverified HTTPS request is being made to host 'api.bcra.gob.ar'. Adding certificate verification is strongly advised. See: https://urllib3.readthedocs.io/en/latest/advanced-usage.html#tls-warnings
[2024-10-31T01:41:48.792-0300] {logging_mixin.py:190} INFO - URL de solicitud: https://api.bcra.gob.ar/estadisticas/v2.0/datosvariable/15/2024-10-29/2024-10-29
[2024-10-31T01:41:48.890-0300] {logging_mixin.py:190} WARNING - /home/nico/.local/lib/python3.10/site-packages/urllib3/connectionpool.py:1099 InsecureRequestWarning: Unverified HTTPS request is being made to host 'api.bcra.gob.ar'. Adding certificate verification is strongly advised. See: https://urllib3.readthedocs.io/en/latest/advanced-usage.html#tls-warnings
[2024-10-31T01:41:48.924-0300] {logging_mixin.py:190} INFO - No se encontraron datos para idVariable 15 en la fecha 2024-10-29.
[2024-10-31T01:41:49.012-0300] {logging_mixin.py:190} WARNING - /home/nico/.local/lib/python3.10/site-packages/urllib3/connectionpool.py:1099 InsecureRequestWarning: Unverified HTTPS request is being made to host 'api.bcra.gob.ar'. Adding certificate verification is strongly advised. See: https://urllib3.readthedocs.io/en/latest/advanced-usage.html#tls-warnings
[2024-10-31T01:41:49.049-0300] {logging_mixin.py:190} INFO - URL de solicitud: https://api.bcra.gob.ar/estadisticas/v2.0/datosvariable/16/2024-10-29/2024-10-29
[2024-10-31T01:41:49.125-0300] {logging_mixin.py:190} WARNING - /home/nico/.local/lib/python3.10/site-packages/urllib3/connectionpool.py:1099 InsecureRequestWarning: Unverified HTTPS request is being made to host 'api.bcra.gob.ar'. Adding certificate verification is strongly advised. See: https://urllib3.readthedocs.io/en/latest/advanced-usage.html#tls-warnings
[2024-10-31T01:41:49.167-0300] {logging_mixin.py:190} INFO - No se encontraron datos para idVariable 16 en la fecha 2024-10-29.
[2024-10-31T01:41:49.232-0300] {logging_mixin.py:190} WARNING - /home/nico/.local/lib/python3.10/site-packages/urllib3/connectionpool.py:1099 InsecureRequestWarning: Unverified HTTPS request is being made to host 'api.bcra.gob.ar'. Adding certificate verification is strongly advised. See: https://urllib3.readthedocs.io/en/latest/advanced-usage.html#tls-warnings
[2024-10-31T01:41:49.263-0300] {logging_mixin.py:190} INFO - URL de solicitud: https://api.bcra.gob.ar/estadisticas/v2.0/datosvariable/17/2024-10-29/2024-10-29
[2024-10-31T01:41:50.420-0300] {logging_mixin.py:190} WARNING - /home/nico/.local/lib/python3.10/site-packages/urllib3/connectionpool.py:1099 InsecureRequestWarning: Unverified HTTPS request is being made to host 'api.bcra.gob.ar'. Adding certificate verification is strongly advised. See: https://urllib3.readthedocs.io/en/latest/advanced-usage.html#tls-warnings
[2024-10-31T01:41:50.466-0300] {logging_mixin.py:190} INFO - No se encontraron datos para idVariable 17 en la fecha 2024-10-29.
[2024-10-31T01:41:50.606-0300] {logging_mixin.py:190} WARNING - /home/nico/.local/lib/python3.10/site-packages/urllib3/connectionpool.py:1099 InsecureRequestWarning: Unverified HTTPS request is being made to host 'api.bcra.gob.ar'. Adding certificate verification is strongly advised. See: https://urllib3.readthedocs.io/en/latest/advanced-usage.html#tls-warnings
[2024-10-31T01:41:50.656-0300] {logging_mixin.py:190} INFO - URL de solicitud: https://api.bcra.gob.ar/estadisticas/v2.0/datosvariable/18/2024-10-29/2024-10-29
[2024-10-31T01:41:50.739-0300] {logging_mixin.py:190} WARNING - /home/nico/.local/lib/python3.10/site-packages/urllib3/connectionpool.py:1099 InsecureRequestWarning: Unverified HTTPS request is being made to host 'api.bcra.gob.ar'. Adding certificate verification is strongly advised. See: https://urllib3.readthedocs.io/en/latest/advanced-usage.html#tls-warnings
[2024-10-31T01:41:50.781-0300] {logging_mixin.py:190} INFO - No se encontraron datos para idVariable 18 en la fecha 2024-10-29.
[2024-10-31T01:41:50.858-0300] {logging_mixin.py:190} WARNING - /home/nico/.local/lib/python3.10/site-packages/urllib3/connectionpool.py:1099 InsecureRequestWarning: Unverified HTTPS request is being made to host 'api.bcra.gob.ar'. Adding certificate verification is strongly advised. See: https://urllib3.readthedocs.io/en/latest/advanced-usage.html#tls-warnings
[2024-10-31T01:41:50.892-0300] {logging_mixin.py:190} INFO - URL de solicitud: https://api.bcra.gob.ar/estadisticas/v2.0/datosvariable/19/2024-10-29/2024-10-29
[2024-10-31T01:41:50.975-0300] {logging_mixin.py:190} WARNING - /home/nico/.local/lib/python3.10/site-packages/urllib3/connectionpool.py:1099 InsecureRequestWarning: Unverified HTTPS request is being made to host 'api.bcra.gob.ar'. Adding certificate verification is strongly advised. See: https://urllib3.readthedocs.io/en/latest/advanced-usage.html#tls-warnings
[2024-10-31T01:41:51.009-0300] {logging_mixin.py:190} INFO - No se encontraron datos para idVariable 19 en la fecha 2024-10-29.
[2024-10-31T01:41:51.082-0300] {logging_mixin.py:190} WARNING - /home/nico/.local/lib/python3.10/site-packages/urllib3/connectionpool.py:1099 InsecureRequestWarning: Unverified HTTPS request is being made to host 'api.bcra.gob.ar'. Adding certificate verification is strongly advised. See: https://urllib3.readthedocs.io/en/latest/advanced-usage.html#tls-warnings
[2024-10-31T01:41:51.117-0300] {logging_mixin.py:190} INFO - URL de solicitud: https://api.bcra.gob.ar/estadisticas/v2.0/datosvariable/21/2024-10-29/2024-10-29
[2024-10-31T01:41:51.190-0300] {logging_mixin.py:190} WARNING - /home/nico/.local/lib/python3.10/site-packages/urllib3/connectionpool.py:1099 InsecureRequestWarning: Unverified HTTPS request is being made to host 'api.bcra.gob.ar'. Adding certificate verification is strongly advised. See: https://urllib3.readthedocs.io/en/latest/advanced-usage.html#tls-warnings
[2024-10-31T01:41:51.224-0300] {logging_mixin.py:190} INFO - No se encontraron datos para idVariable 21 en la fecha 2024-10-29.
[2024-10-31T01:41:51.301-0300] {logging_mixin.py:190} WARNING - /home/nico/.local/lib/python3.10/site-packages/urllib3/connectionpool.py:1099 InsecureRequestWarning: Unverified HTTPS request is being made to host 'api.bcra.gob.ar'. Adding certificate verification is strongly advised. See: https://urllib3.readthedocs.io/en/latest/advanced-usage.html#tls-warnings
[2024-10-31T01:41:51.335-0300] {logging_mixin.py:190} INFO - URL de solicitud: https://api.bcra.gob.ar/estadisticas/v2.0/datosvariable/22/2024-10-29/2024-10-29
[2024-10-31T01:41:51.411-0300] {logging_mixin.py:190} WARNING - /home/nico/.local/lib/python3.10/site-packages/urllib3/connectionpool.py:1099 InsecureRequestWarning: Unverified HTTPS request is being made to host 'api.bcra.gob.ar'. Adding certificate verification is strongly advised. See: https://urllib3.readthedocs.io/en/latest/advanced-usage.html#tls-warnings
[2024-10-31T01:41:51.446-0300] {logging_mixin.py:190} INFO - No se encontraron datos para idVariable 22 en la fecha 2024-10-29.
[2024-10-31T01:41:51.519-0300] {logging_mixin.py:190} WARNING - /home/nico/.local/lib/python3.10/site-packages/urllib3/connectionpool.py:1099 InsecureRequestWarning: Unverified HTTPS request is being made to host 'api.bcra.gob.ar'. Adding certificate verification is strongly advised. See: https://urllib3.readthedocs.io/en/latest/advanced-usage.html#tls-warnings
[2024-10-31T01:41:51.556-0300] {logging_mixin.py:190} INFO - URL de solicitud: https://api.bcra.gob.ar/estadisticas/v2.0/datosvariable/23/2024-10-29/2024-10-29
[2024-10-31T01:41:51.635-0300] {logging_mixin.py:190} WARNING - /home/nico/.local/lib/python3.10/site-packages/urllib3/connectionpool.py:1099 InsecureRequestWarning: Unverified HTTPS request is being made to host 'api.bcra.gob.ar'. Adding certificate verification is strongly advised. See: https://urllib3.readthedocs.io/en/latest/advanced-usage.html#tls-warnings
[2024-10-31T01:41:51.666-0300] {logging_mixin.py:190} INFO - No se encontraron datos para idVariable 23 en la fecha 2024-10-29.
[2024-10-31T01:41:51.745-0300] {logging_mixin.py:190} WARNING - /home/nico/.local/lib/python3.10/site-packages/urllib3/connectionpool.py:1099 InsecureRequestWarning: Unverified HTTPS request is being made to host 'api.bcra.gob.ar'. Adding certificate verification is strongly advised. See: https://urllib3.readthedocs.io/en/latest/advanced-usage.html#tls-warnings
[2024-10-31T01:41:51.784-0300] {logging_mixin.py:190} INFO - URL de solicitud: https://api.bcra.gob.ar/estadisticas/v2.0/datosvariable/24/2024-10-29/2024-10-29
[2024-10-31T01:41:51.870-0300] {logging_mixin.py:190} WARNING - /home/nico/.local/lib/python3.10/site-packages/urllib3/connectionpool.py:1099 InsecureRequestWarning: Unverified HTTPS request is being made to host 'api.bcra.gob.ar'. Adding certificate verification is strongly advised. See: https://urllib3.readthedocs.io/en/latest/advanced-usage.html#tls-warnings
[2024-10-31T01:41:51.905-0300] {logging_mixin.py:190} INFO - No se encontraron datos para idVariable 24 en la fecha 2024-10-29.
[2024-10-31T01:41:52.009-0300] {logging_mixin.py:190} WARNING - /home/nico/.local/lib/python3.10/site-packages/urllib3/connectionpool.py:1099 InsecureRequestWarning: Unverified HTTPS request is being made to host 'api.bcra.gob.ar'. Adding certificate verification is strongly advised. See: https://urllib3.readthedocs.io/en/latest/advanced-usage.html#tls-warnings
[2024-10-31T01:41:52.045-0300] {logging_mixin.py:190} INFO - URL de solicitud: https://api.bcra.gob.ar/estadisticas/v2.0/datosvariable/25/2024-10-29/2024-10-29
[2024-10-31T01:41:52.153-0300] {logging_mixin.py:190} WARNING - /home/nico/.local/lib/python3.10/site-packages/urllib3/connectionpool.py:1099 InsecureRequestWarning: Unverified HTTPS request is being made to host 'api.bcra.gob.ar'. Adding certificate verification is strongly advised. See: https://urllib3.readthedocs.io/en/latest/advanced-usage.html#tls-warnings
[2024-10-31T01:41:52.201-0300] {logging_mixin.py:190} INFO - No se encontraron datos para idVariable 25 en la fecha 2024-10-29.
[2024-10-31T01:41:52.313-0300] {logging_mixin.py:190} WARNING - /home/nico/.local/lib/python3.10/site-packages/urllib3/connectionpool.py:1099 InsecureRequestWarning: Unverified HTTPS request is being made to host 'api.bcra.gob.ar'. Adding certificate verification is strongly advised. See: https://urllib3.readthedocs.io/en/latest/advanced-usage.html#tls-warnings
[2024-10-31T01:41:52.352-0300] {logging_mixin.py:190} INFO - URL de solicitud: https://api.bcra.gob.ar/estadisticas/v2.0/datosvariable/26/2024-10-29/2024-10-29
[2024-10-31T01:41:52.447-0300] {logging_mixin.py:190} WARNING - /home/nico/.local/lib/python3.10/site-packages/urllib3/connectionpool.py:1099 InsecureRequestWarning: Unverified HTTPS request is being made to host 'api.bcra.gob.ar'. Adding certificate verification is strongly advised. See: https://urllib3.readthedocs.io/en/latest/advanced-usage.html#tls-warnings
[2024-10-31T01:41:52.484-0300] {logging_mixin.py:190} INFO - No se encontraron datos para idVariable 26 en la fecha 2024-10-29.
[2024-10-31T01:41:52.572-0300] {logging_mixin.py:190} WARNING - /home/nico/.local/lib/python3.10/site-packages/urllib3/connectionpool.py:1099 InsecureRequestWarning: Unverified HTTPS request is being made to host 'api.bcra.gob.ar'. Adding certificate verification is strongly advised. See: https://urllib3.readthedocs.io/en/latest/advanced-usage.html#tls-warnings
[2024-10-31T01:41:52.616-0300] {logging_mixin.py:190} INFO - URL de solicitud: https://api.bcra.gob.ar/estadisticas/v2.0/datosvariable/27/2024-10-29/2024-10-29
[2024-10-31T01:41:52.707-0300] {logging_mixin.py:190} WARNING - /home/nico/.local/lib/python3.10/site-packages/urllib3/connectionpool.py:1099 InsecureRequestWarning: Unverified HTTPS request is being made to host 'api.bcra.gob.ar'. Adding certificate verification is strongly advised. See: https://urllib3.readthedocs.io/en/latest/advanced-usage.html#tls-warnings
[2024-10-31T01:41:52.749-0300] {logging_mixin.py:190} INFO - No se encontraron datos para idVariable 27 en la fecha 2024-10-29.
[2024-10-31T01:41:52.840-0300] {logging_mixin.py:190} WARNING - /home/nico/.local/lib/python3.10/site-packages/urllib3/connectionpool.py:1099 InsecureRequestWarning: Unverified HTTPS request is being made to host 'api.bcra.gob.ar'. Adding certificate verification is strongly advised. See: https://urllib3.readthedocs.io/en/latest/advanced-usage.html#tls-warnings
[2024-10-31T01:41:52.879-0300] {logging_mixin.py:190} INFO - URL de solicitud: https://api.bcra.gob.ar/estadisticas/v2.0/datosvariable/28/2024-10-29/2024-10-29
[2024-10-31T01:41:52.974-0300] {logging_mixin.py:190} WARNING - /home/nico/.local/lib/python3.10/site-packages/urllib3/connectionpool.py:1099 InsecureRequestWarning: Unverified HTTPS request is being made to host 'api.bcra.gob.ar'. Adding certificate verification is strongly advised. See: https://urllib3.readthedocs.io/en/latest/advanced-usage.html#tls-warnings
[2024-10-31T01:41:53.013-0300] {logging_mixin.py:190} INFO - No se encontraron datos para idVariable 28 en la fecha 2024-10-29.
[2024-10-31T01:41:53.086-0300] {logging_mixin.py:190} WARNING - /home/nico/.local/lib/python3.10/site-packages/urllib3/connectionpool.py:1099 InsecureRequestWarning: Unverified HTTPS request is being made to host 'api.bcra.gob.ar'. Adding certificate verification is strongly advised. See: https://urllib3.readthedocs.io/en/latest/advanced-usage.html#tls-warnings
[2024-10-31T01:41:53.119-0300] {logging_mixin.py:190} INFO - URL de solicitud: https://api.bcra.gob.ar/estadisticas/v2.0/datosvariable/29/2024-10-29/2024-10-29
[2024-10-31T01:41:53.189-0300] {logging_mixin.py:190} WARNING - /home/nico/.local/lib/python3.10/site-packages/urllib3/connectionpool.py:1099 InsecureRequestWarning: Unverified HTTPS request is being made to host 'api.bcra.gob.ar'. Adding certificate verification is strongly advised. See: https://urllib3.readthedocs.io/en/latest/advanced-usage.html#tls-warnings
[2024-10-31T01:41:53.223-0300] {logging_mixin.py:190} INFO - No se encontraron datos para idVariable 29 en la fecha 2024-10-29.
[2024-10-31T01:41:53.309-0300] {logging_mixin.py:190} WARNING - /home/nico/.local/lib/python3.10/site-packages/urllib3/connectionpool.py:1099 InsecureRequestWarning: Unverified HTTPS request is being made to host 'api.bcra.gob.ar'. Adding certificate verification is strongly advised. See: https://urllib3.readthedocs.io/en/latest/advanced-usage.html#tls-warnings
[2024-10-31T01:41:53.348-0300] {logging_mixin.py:190} INFO - URL de solicitud: https://api.bcra.gob.ar/estadisticas/v2.0/datosvariable/34/2024-10-29/2024-10-29
[2024-10-31T01:41:53.528-0300] {logging_mixin.py:190} WARNING - /home/nico/.local/lib/python3.10/site-packages/urllib3/connectionpool.py:1099 InsecureRequestWarning: Unverified HTTPS request is being made to host 'api.bcra.gob.ar'. Adding certificate verification is strongly advised. See: https://urllib3.readthedocs.io/en/latest/advanced-usage.html#tls-warnings
[2024-10-31T01:41:53.677-0300] {logging_mixin.py:190} WARNING - /home/nico/.local/lib/python3.10/site-packages/urllib3/connectionpool.py:1099 InsecureRequestWarning: Unverified HTTPS request is being made to host 'api.bcra.gob.ar'. Adding certificate verification is strongly advised. See: https://urllib3.readthedocs.io/en/latest/advanced-usage.html#tls-warnings
[2024-10-31T01:41:53.716-0300] {logging_mixin.py:190} INFO - URL de solicitud: https://api.bcra.gob.ar/estadisticas/v2.0/datosvariable/35/2024-10-29/2024-10-29
[2024-10-31T01:41:53.837-0300] {logging_mixin.py:190} WARNING - /home/nico/.local/lib/python3.10/site-packages/urllib3/connectionpool.py:1099 InsecureRequestWarning: Unverified HTTPS request is being made to host 'api.bcra.gob.ar'. Adding certificate verification is strongly advised. See: https://urllib3.readthedocs.io/en/latest/advanced-usage.html#tls-warnings
[2024-10-31T01:41:53.965-0300] {logging_mixin.py:190} WARNING - /home/nico/.local/lib/python3.10/site-packages/urllib3/connectionpool.py:1099 InsecureRequestWarning: Unverified HTTPS request is being made to host 'api.bcra.gob.ar'. Adding certificate verification is strongly advised. See: https://urllib3.readthedocs.io/en/latest/advanced-usage.html#tls-warnings
[2024-10-31T01:41:54.011-0300] {logging_mixin.py:190} INFO - URL de solicitud: https://api.bcra.gob.ar/estadisticas/v2.0/datosvariable/41/2024-10-29/2024-10-29
[2024-10-31T01:41:54.093-0300] {logging_mixin.py:190} WARNING - /home/nico/.local/lib/python3.10/site-packages/urllib3/connectionpool.py:1099 InsecureRequestWarning: Unverified HTTPS request is being made to host 'api.bcra.gob.ar'. Adding certificate verification is strongly advised. See: https://urllib3.readthedocs.io/en/latest/advanced-usage.html#tls-warnings
[2024-10-31T01:41:54.128-0300] {logging_mixin.py:190} INFO - No se encontraron datos para idVariable 41 en la fecha 2024-10-29.
[2024-10-31T01:41:54.207-0300] {logging_mixin.py:190} WARNING - /home/nico/.local/lib/python3.10/site-packages/urllib3/connectionpool.py:1099 InsecureRequestWarning: Unverified HTTPS request is being made to host 'api.bcra.gob.ar'. Adding certificate verification is strongly advised. See: https://urllib3.readthedocs.io/en/latest/advanced-usage.html#tls-warnings
[2024-10-31T01:41:54.247-0300] {logging_mixin.py:190} INFO - URL de solicitud: https://api.bcra.gob.ar/estadisticas/v2.0/datosvariable/42/2024-10-29/2024-10-29
[2024-10-31T01:41:54.314-0300] {logging_mixin.py:190} WARNING - /home/nico/.local/lib/python3.10/site-packages/urllib3/connectionpool.py:1099 InsecureRequestWarning: Unverified HTTPS request is being made to host 'api.bcra.gob.ar'. Adding certificate verification is strongly advised. See: https://urllib3.readthedocs.io/en/latest/advanced-usage.html#tls-warnings
[2024-10-31T01:41:54.345-0300] {logging_mixin.py:190} INFO - No se encontraron datos para idVariable 42 en la fecha 2024-10-29.
[2024-10-31T01:41:54.353-0300] {python.py:240} INFO - Done. Returned value was:     idVariable       fecha   valor
0            5  2024-10-29  989.25
1            6  2024-10-29   40.00
2            7  2024-10-29   42.50
3            8  2024-10-29   43.50
4            9  2024-10-29   45.00
5           11  2024-10-29   41.10
6           12  2024-10-29   40.59
7           13  2024-10-29   50.68
8           14  2024-10-29   70.02
9           34  2024-10-29   49.15
10          35  2024-10-29   51.78
[2024-10-31T01:41:54.498-0300] {taskinstance.py:340} INFO - ::group::Post task execution logs
[2024-10-31T01:41:54.501-0300] {taskinstance.py:352} INFO - Marking task as SUCCESS. dag_id=etl_redshift_dag_variables_bcra, task_id=extract_data, run_id=manual__2024-10-29T17:19:02.985662+00:00, execution_date=20241029T171902, start_date=20241031T044143, end_date=20241031T044154
[2024-10-31T01:41:54.579-0300] {logging_mixin.py:190} INFO - Task instance in success state
[2024-10-31T01:41:54.582-0300] {logging_mixin.py:190} INFO -  Previous state of the Task instance: running
[2024-10-31T01:41:54.585-0300] {logging_mixin.py:190} INFO - Dag name:etl_redshift_dag_variables_bcra queued_at:2024-10-31 04:23:39.998160+00:00
[2024-10-31T01:41:54.588-0300] {logging_mixin.py:190} INFO - Task hostname:DESKTOP-MVFODGC. operator:PythonOperator
[2024-10-31T01:41:54.619-0300] {local_task_job_runner.py:266} INFO - Task exited with return code 0
[2024-10-31T01:41:54.696-0300] {taskinstance.py:3900} INFO - 1 downstream tasks scheduled from follow-on schedule check
[2024-10-31T01:41:54.732-0300] {local_task_job_runner.py:245} INFO - ::endgroup::
