[2024-11-01T00:56:47.277-0300] {local_task_job_runner.py:123} INFO - ::group::Pre task execution logs
[2024-11-01T00:56:47.353-0300] {taskinstance.py:2612} INFO - Dependencies all met for dep_context=non-requeueable deps ti=<TaskInstance: etl_redshift_dag_variables_bcra.transform_data scheduled__2024-10-30T19:00:00+00:00 [queued]>
[2024-11-01T00:56:47.405-0300] {taskinstance.py:2612} INFO - Dependencies all met for dep_context=requeueable deps ti=<TaskInstance: etl_redshift_dag_variables_bcra.transform_data scheduled__2024-10-30T19:00:00+00:00 [queued]>
[2024-11-01T00:56:47.409-0300] {taskinstance.py:2865} INFO - Starting attempt 2 of 3
[2024-11-01T00:56:47.519-0300] {taskinstance.py:2888} INFO - Executing <Task(PythonOperator): transform_data> on 2024-10-30 19:00:00+00:00
[2024-11-01T00:56:47.536-0300] {standard_task_runner.py:72} INFO - Started process 167979 to run task
[2024-11-01T00:56:47.550-0300] {standard_task_runner.py:104} INFO - Running: ['airflow', 'tasks', 'run', 'etl_redshift_dag_variables_bcra', 'transform_data', 'scheduled__2024-10-30T19:00:00+00:00', '--job-id', '418', '--raw', '--subdir', 'DAGS_FOLDER/dag_variables_bcra.py', '--cfg-path', '/tmp/tmpge10uung']
[2024-11-01T00:56:47.558-0300] {standard_task_runner.py:105} INFO - Job 418: Subtask transform_data
[2024-11-01T00:56:47.830-0300] {task_command.py:467} INFO - Running <TaskInstance: etl_redshift_dag_variables_bcra.transform_data scheduled__2024-10-30T19:00:00+00:00 [running]> on host DESKTOP-MVFODGC.
[2024-11-01T00:56:48.186-0300] {taskinstance.py:3131} INFO - Exporting env vars: AIRFLOW_CTX_DAG_OWNER='airflow' AIRFLOW_CTX_DAG_ID='etl_redshift_dag_variables_bcra' AIRFLOW_CTX_TASK_ID='transform_data' AIRFLOW_CTX_EXECUTION_DATE='2024-10-30T19:00:00+00:00' AIRFLOW_CTX_TRY_NUMBER='2' AIRFLOW_CTX_DAG_RUN_ID='scheduled__2024-10-30T19:00:00+00:00'
[2024-11-01T00:56:48.193-0300] {logging_mixin.py:190} INFO - Task instance is in running state
[2024-11-01T00:56:48.198-0300] {logging_mixin.py:190} INFO -  Previous state of the Task instance: queued
[2024-11-01T00:56:48.203-0300] {logging_mixin.py:190} INFO - Current task name:transform_data state:running start_date:2024-11-01 03:56:47.358308+00:00
[2024-11-01T00:56:48.210-0300] {logging_mixin.py:190} INFO - Dag name:etl_redshift_dag_variables_bcra and current dag run status:running
[2024-11-01T00:56:48.215-0300] {taskinstance.py:731} INFO - ::endgroup::
[2024-11-01T00:56:48.851-0300] {logging_mixin.py:190} WARNING - /mnt/c/Users/Nicolas/OneDrive - BCRA/Cursos/Python Data Application (ITBA)/variables-economicas/dags/../scripts/transform_data.py:28 SettingWithCopyWarning:
A value is trying to be set on a copy of a slice from a DataFrame.
Try using .loc[row_indexer,col_indexer] = value instead

See the caveats in the documentation: https://pandas.pydata.org/pandas-docs/stable/user_guide/indexing.html#returning-a-view-versus-a-copy
[2024-11-01T00:56:48.869-0300] {python.py:240} INFO - Done. Returned value was:     variable_id       fecha         valor fecha_dato
0             1  2024-10-29  2.966900e+04 2024-10-29
1             4  2024-10-31  1.020750e+03 2024-10-31
2             5  2024-10-31  9.907500e+02 2024-10-31
3             6  2024-10-31  4.000000e+01 2024-10-31
4             7  2024-10-30  4.143750e+01 2024-10-30
5             8  2024-10-30  4.262500e+01 2024-10-30
6             9  2024-11-01  4.500000e+01 2024-11-01
7            10  2024-07-19  4.000000e+01 2024-07-19
8            11  2024-10-30  4.696000e+01 2024-10-30
9            12  2024-10-30  3.947000e+01 2024-10-30
10           13  2024-10-30  5.070000e+01 2024-10-30
11           14  2024-10-30  6.939000e+01 2024-10-30
12           15  2024-10-29  2.215094e+07 2024-10-29
13           16  2024-10-29  1.546932e+07 2024-10-29
14           17  2024-10-29  1.375537e+07 2024-10-29
15           18  2024-10-29  1.713944e+06 2024-10-29
16           19  2024-10-29  6.681619e+06 2024-10-29
17           21  2024-10-29  1.300109e+08 2024-10-29
18           22  2024-10-29  2.427856e+07 2024-10-29
19           23  2024-10-29  4.894976e+07 2024-10-29
20           24  2024-10-29  4.960479e+07 2024-10-29
21           25  2024-10-29  1.111000e+02 2024-10-29
22           26  2024-10-29  5.417708e+07 2024-10-29
23           27  2024-09-30  3.500000e+00 2024-09-30
24           28  2024-09-30  2.090000e+02 2024-09-30
25           29  2024-09-30  4.090000e+01 2024-09-30
26           30  2024-11-01  4.882120e+02 2024-11-01
27           31  2024-11-01  1.231530e+03 2024-11-01
28           32  2024-11-01  9.273100e+02 2024-11-01
29           34  2024-10-31  4.915000e+01 2024-10-31
30           35  2024-10-30  5.023000e+01 2024-10-30
31           40  2024-11-01  1.989000e+01 2024-11-01
32           41  2024-07-19  4.915000e+01 2024-07-19
33           42  2024-10-29  0.000000e+00 2024-10-29
34           43  2024-11-01  1.713499e+04 2024-11-01
[2024-11-01T00:56:49.089-0300] {taskinstance.py:340} INFO - ::group::Post task execution logs
[2024-11-01T00:56:49.092-0300] {taskinstance.py:352} INFO - Marking task as SUCCESS. dag_id=etl_redshift_dag_variables_bcra, task_id=transform_data, run_id=scheduled__2024-10-30T19:00:00+00:00, execution_date=20241030T190000, start_date=20241101T035647, end_date=20241101T035649
[2024-11-01T00:56:49.179-0300] {logging_mixin.py:190} INFO - Task instance in success state
[2024-11-01T00:56:49.183-0300] {logging_mixin.py:190} INFO -  Previous state of the Task instance: running
[2024-11-01T00:56:49.186-0300] {logging_mixin.py:190} INFO - Dag name:etl_redshift_dag_variables_bcra queued_at:2024-11-01 03:55:47.426257+00:00
[2024-11-01T00:56:49.190-0300] {logging_mixin.py:190} INFO - Task hostname:DESKTOP-MVFODGC. operator:PythonOperator
[2024-11-01T00:56:49.223-0300] {local_task_job_runner.py:266} INFO - Task exited with return code 0
[2024-11-01T00:56:49.306-0300] {taskinstance.py:3900} INFO - 1 downstream tasks scheduled from follow-on schedule check
[2024-11-01T00:56:49.330-0300] {local_task_job_runner.py:245} INFO - ::endgroup::
