[2024-11-02T00:34:34.556-0300] {local_task_job_runner.py:123} INFO - ::group::Pre task execution logs
[2024-11-02T00:34:34.642-0300] {taskinstance.py:2612} INFO - Dependencies all met for dep_context=non-requeueable deps ti=<TaskInstance: etl_redshift_dag_variables_fed.transform_data_fed_task manual__2024-11-01T03:23:53.466065+00:00 [queued]>
[2024-11-02T00:34:34.700-0300] {taskinstance.py:2612} INFO - Dependencies all met for dep_context=requeueable deps ti=<TaskInstance: etl_redshift_dag_variables_fed.transform_data_fed_task manual__2024-11-01T03:23:53.466065+00:00 [queued]>
[2024-11-02T00:34:34.703-0300] {taskinstance.py:2865} INFO - Starting attempt 9 of 10
[2024-11-02T00:34:35.885-0300] {taskinstance.py:2888} INFO - Executing <Task(PythonOperator): transform_data_fed_task> on 2024-11-01 03:23:53.466065+00:00
[2024-11-02T00:34:35.907-0300] {standard_task_runner.py:72} INFO - Started process 217372 to run task
[2024-11-02T00:34:35.931-0300] {standard_task_runner.py:104} INFO - Running: ['airflow', 'tasks', 'run', 'etl_redshift_dag_variables_fed', 'transform_data_fed_task', 'manual__2024-11-01T03:23:53.466065+00:00', '--job-id', '523', '--raw', '--subdir', 'DAGS_FOLDER/dag_variables_fed.py', '--cfg-path', '/tmp/tmpv7fjfrxk']
[2024-11-02T00:34:35.992-0300] {standard_task_runner.py:105} INFO - Job 523: Subtask transform_data_fed_task
[2024-11-02T00:34:38.642-0300] {task_command.py:467} INFO - Running <TaskInstance: etl_redshift_dag_variables_fed.transform_data_fed_task manual__2024-11-01T03:23:53.466065+00:00 [running]> on host DESKTOP-MVFODGC.
[2024-11-02T00:34:41.739-0300] {taskinstance.py:3131} INFO - Exporting env vars: AIRFLOW_CTX_DAG_OWNER='airflow' AIRFLOW_CTX_DAG_ID='etl_redshift_dag_variables_fed' AIRFLOW_CTX_TASK_ID='transform_data_fed_task' AIRFLOW_CTX_EXECUTION_DATE='2024-11-01T03:23:53.466065+00:00' AIRFLOW_CTX_TRY_NUMBER='9' AIRFLOW_CTX_DAG_RUN_ID='manual__2024-11-01T03:23:53.466065+00:00'
[2024-11-02T00:34:41.752-0300] {logging_mixin.py:190} INFO - Task instance is in running state
[2024-11-02T00:34:41.776-0300] {logging_mixin.py:190} INFO -  Previous state of the Task instance: queued
[2024-11-02T00:34:41.824-0300] {logging_mixin.py:190} INFO - Current task name:transform_data_fed_task state:running start_date:2024-11-02 03:34:34.652521+00:00
[2024-11-02T00:34:41.844-0300] {logging_mixin.py:190} INFO - Dag name:etl_redshift_dag_variables_fed and current dag run status:running
[2024-11-02T00:34:41.870-0300] {taskinstance.py:731} INFO - ::endgroup::
[2024-11-02T00:34:42.211-0300] {logging_mixin.py:190} INFO - Datos transformados y enviados por XCom
[2024-11-02T00:34:42.216-0300] {python.py:240} INFO - Done. Returned value was: None
[2024-11-02T00:34:42.257-0300] {taskinstance.py:340} INFO - ::group::Post task execution logs
[2024-11-02T00:34:42.260-0300] {taskinstance.py:352} INFO - Marking task as SUCCESS. dag_id=etl_redshift_dag_variables_fed, task_id=transform_data_fed_task, run_id=manual__2024-11-01T03:23:53.466065+00:00, execution_date=20241101T032353, start_date=20241102T033434, end_date=20241102T033442
[2024-11-02T00:34:42.389-0300] {logging_mixin.py:190} INFO - Task instance in success state
[2024-11-02T00:34:42.392-0300] {logging_mixin.py:190} INFO -  Previous state of the Task instance: running
[2024-11-02T00:34:42.397-0300] {logging_mixin.py:190} INFO - Dag name:etl_redshift_dag_variables_fed queued_at:2024-11-02 03:30:23.354690+00:00
[2024-11-02T00:34:42.401-0300] {logging_mixin.py:190} INFO - Task hostname:DESKTOP-MVFODGC. operator:PythonOperator
[2024-11-02T00:34:42.444-0300] {local_task_job_runner.py:266} INFO - Task exited with return code 0
[2024-11-02T00:34:42.932-0300] {taskinstance.py:3900} INFO - 1 downstream tasks scheduled from follow-on schedule check
[2024-11-02T00:34:42.981-0300] {local_task_job_runner.py:245} INFO - ::endgroup::
