[2024-11-01T02:15:12.546-0300] {local_task_job_runner.py:123} INFO - ::group::Pre task execution logs
[2024-11-01T02:15:12.624-0300] {taskinstance.py:2612} INFO - Dependencies all met for dep_context=non-requeueable deps ti=<TaskInstance: etl_redshift_dag_variables_fed.transform_data_fed_task manual__2024-11-01T03:23:53.466065+00:00 [queued]>
[2024-11-01T02:15:12.711-0300] {taskinstance.py:2612} INFO - Dependencies all met for dep_context=requeueable deps ti=<TaskInstance: etl_redshift_dag_variables_fed.transform_data_fed_task manual__2024-11-01T03:23:53.466065+00:00 [queued]>
[2024-11-01T02:15:12.716-0300] {taskinstance.py:2865} INFO - Starting attempt 6 of 7
[2024-11-01T02:15:12.849-0300] {taskinstance.py:2888} INFO - Executing <Task(PythonOperator): transform_data_fed_task> on 2024-11-01 03:23:53.466065+00:00
[2024-11-01T02:15:12.873-0300] {standard_task_runner.py:72} INFO - Started process 187625 to run task
[2024-11-01T02:15:12.895-0300] {standard_task_runner.py:104} INFO - Running: ['airflow', 'tasks', 'run', 'etl_redshift_dag_variables_fed', 'transform_data_fed_task', 'manual__2024-11-01T03:23:53.466065+00:00', '--job-id', '481', '--raw', '--subdir', 'DAGS_FOLDER/dag_variables_fed.py', '--cfg-path', '/tmp/tmp8pwu15co']
[2024-11-01T02:15:12.902-0300] {standard_task_runner.py:105} INFO - Job 481: Subtask transform_data_fed_task
[2024-11-01T02:15:13.282-0300] {task_command.py:467} INFO - Running <TaskInstance: etl_redshift_dag_variables_fed.transform_data_fed_task manual__2024-11-01T03:23:53.466065+00:00 [running]> on host DESKTOP-MVFODGC.
[2024-11-01T02:15:14.929-0300] {taskinstance.py:3131} INFO - Exporting env vars: AIRFLOW_CTX_DAG_OWNER='airflow' AIRFLOW_CTX_DAG_ID='etl_redshift_dag_variables_fed' AIRFLOW_CTX_TASK_ID='transform_data_fed_task' AIRFLOW_CTX_EXECUTION_DATE='2024-11-01T03:23:53.466065+00:00' AIRFLOW_CTX_TRY_NUMBER='6' AIRFLOW_CTX_DAG_RUN_ID='manual__2024-11-01T03:23:53.466065+00:00'
[2024-11-01T02:15:14.937-0300] {logging_mixin.py:190} INFO - Task instance is in running state
[2024-11-01T02:15:14.957-0300] {logging_mixin.py:190} INFO -  Previous state of the Task instance: queued
[2024-11-01T02:15:14.979-0300] {logging_mixin.py:190} INFO - Current task name:transform_data_fed_task state:running start_date:2024-11-01 05:15:12.632742+00:00
[2024-11-01T02:15:14.991-0300] {logging_mixin.py:190} INFO - Dag name:etl_redshift_dag_variables_fed and current dag run status:running
[2024-11-01T02:15:14.999-0300] {taskinstance.py:731} INFO - ::endgroup::
[2024-11-01T02:15:15.400-0300] {logging_mixin.py:190} INFO - Datos transformados y enviados por XCom
[2024-11-01T02:15:15.405-0300] {python.py:240} INFO - Done. Returned value was: None
[2024-11-01T02:15:15.455-0300] {taskinstance.py:340} INFO - ::group::Post task execution logs
[2024-11-01T02:15:15.459-0300] {taskinstance.py:352} INFO - Marking task as SUCCESS. dag_id=etl_redshift_dag_variables_fed, task_id=transform_data_fed_task, run_id=manual__2024-11-01T03:23:53.466065+00:00, execution_date=20241101T032353, start_date=20241101T051512, end_date=20241101T051515
[2024-11-01T02:15:15.600-0300] {logging_mixin.py:190} INFO - Task instance in success state
[2024-11-01T02:15:15.614-0300] {logging_mixin.py:190} INFO -  Previous state of the Task instance: running
[2024-11-01T02:15:15.619-0300] {logging_mixin.py:190} INFO - Dag name:etl_redshift_dag_variables_fed queued_at:2024-11-01 05:13:10.155188+00:00
[2024-11-01T02:15:15.622-0300] {logging_mixin.py:190} INFO - Task hostname:DESKTOP-MVFODGC. operator:PythonOperator
[2024-11-01T02:15:15.662-0300] {local_task_job_runner.py:266} INFO - Task exited with return code 0
[2024-11-01T02:15:15.809-0300] {taskinstance.py:3900} INFO - 1 downstream tasks scheduled from follow-on schedule check
[2024-11-01T02:15:15.840-0300] {local_task_job_runner.py:245} INFO - ::endgroup::
