[2024-10-29T14:05:02.817-0300] {processor.py:186} INFO - Started process (PID=70302) to work on /mnt/c/Users/Nicolas/OneDrive - BCRA/Cursos/Python Data Application (ITBA)/variables-economicas/dags/dag_variables_bcra.py
[2024-10-29T14:05:02.820-0300] {processor.py:914} INFO - Processing file /mnt/c/Users/Nicolas/OneDrive - BCRA/Cursos/Python Data Application (ITBA)/variables-economicas/dags/dag_variables_bcra.py for tasks to queue
[2024-10-29T14:05:02.826-0300] {logging_mixin.py:190} INFO - [2024-10-29T14:05:02.825-0300] {dagbag.py:588} INFO - Filling up the DagBag from /mnt/c/Users/Nicolas/OneDrive - BCRA/Cursos/Python Data Application (ITBA)/variables-economicas/dags/dag_variables_bcra.py
[2024-10-29T14:05:04.118-0300] {processor.py:925} INFO - DAG(s) 'etl_redshift_dag_variables_bcra' retrieved from /mnt/c/Users/Nicolas/OneDrive - BCRA/Cursos/Python Data Application (ITBA)/variables-economicas/dags/dag_variables_bcra.py
[2024-10-29T14:05:04.212-0300] {logging_mixin.py:190} INFO - [2024-10-29T14:05:04.211-0300] {dag.py:3239} INFO - Sync 1 DAGs
[2024-10-29T14:05:04.309-0300] {logging_mixin.py:190} INFO - [2024-10-29T14:05:04.309-0300] {dag.py:4180} INFO - Setting next_dagrun for etl_redshift_dag_variables_bcra to 2024-10-26 00:01:00+00:00, run_after=2024-10-29 00:01:00+00:00
[2024-10-29T14:05:04.807-0300] {processor.py:208} INFO - Processing /mnt/c/Users/Nicolas/OneDrive - BCRA/Cursos/Python Data Application (ITBA)/variables-economicas/dags/dag_variables_bcra.py took 2.008 seconds
[2024-10-29T14:09:19.496-0300] {processor.py:186} INFO - Started process (PID=71388) to work on /mnt/c/Users/Nicolas/OneDrive - BCRA/Cursos/Python Data Application (ITBA)/variables-economicas/dags/dag_variables_bcra.py
[2024-10-29T14:09:19.502-0300] {processor.py:914} INFO - Processing file /mnt/c/Users/Nicolas/OneDrive - BCRA/Cursos/Python Data Application (ITBA)/variables-economicas/dags/dag_variables_bcra.py for tasks to queue
[2024-10-29T14:09:19.515-0300] {logging_mixin.py:190} INFO - [2024-10-29T14:09:19.514-0300] {dagbag.py:588} INFO - Filling up the DagBag from /mnt/c/Users/Nicolas/OneDrive - BCRA/Cursos/Python Data Application (ITBA)/variables-economicas/dags/dag_variables_bcra.py
[2024-10-29T14:09:21.064-0300] {processor.py:925} INFO - DAG(s) 'etl_redshift_dag_variables_bcra' retrieved from /mnt/c/Users/Nicolas/OneDrive - BCRA/Cursos/Python Data Application (ITBA)/variables-economicas/dags/dag_variables_bcra.py
[2024-10-29T14:09:21.554-0300] {logging_mixin.py:190} INFO - [2024-10-29T14:09:21.553-0300] {dag.py:3239} INFO - Sync 1 DAGs
[2024-10-29T14:09:21.651-0300] {logging_mixin.py:190} INFO - [2024-10-29T14:09:21.650-0300] {dag.py:4180} INFO - Setting next_dagrun for etl_redshift_dag_variables_bcra to 2024-10-26 00:01:00+00:00, run_after=2024-10-29 00:01:00+00:00
[2024-10-29T14:09:21.839-0300] {processor.py:208} INFO - Processing /mnt/c/Users/Nicolas/OneDrive - BCRA/Cursos/Python Data Application (ITBA)/variables-economicas/dags/dag_variables_bcra.py took 2.369 seconds
[2024-10-29T14:11:06.856-0300] {processor.py:186} INFO - Started process (PID=71866) to work on /mnt/c/Users/Nicolas/OneDrive - BCRA/Cursos/Python Data Application (ITBA)/variables-economicas/dags/dag_variables_bcra.py
[2024-10-29T14:11:06.858-0300] {processor.py:914} INFO - Processing file /mnt/c/Users/Nicolas/OneDrive - BCRA/Cursos/Python Data Application (ITBA)/variables-economicas/dags/dag_variables_bcra.py for tasks to queue
[2024-10-29T14:11:06.864-0300] {logging_mixin.py:190} INFO - [2024-10-29T14:11:06.862-0300] {dagbag.py:588} INFO - Filling up the DagBag from /mnt/c/Users/Nicolas/OneDrive - BCRA/Cursos/Python Data Application (ITBA)/variables-economicas/dags/dag_variables_bcra.py
[2024-10-29T14:11:07.955-0300] {processor.py:925} INFO - DAG(s) 'etl_redshift_dag_variables_bcra' retrieved from /mnt/c/Users/Nicolas/OneDrive - BCRA/Cursos/Python Data Application (ITBA)/variables-economicas/dags/dag_variables_bcra.py
[2024-10-29T14:11:08.050-0300] {logging_mixin.py:190} INFO - [2024-10-29T14:11:08.050-0300] {dag.py:3239} INFO - Sync 1 DAGs
[2024-10-29T14:11:08.132-0300] {logging_mixin.py:190} INFO - [2024-10-29T14:11:08.132-0300] {dag.py:4180} INFO - Setting next_dagrun for etl_redshift_dag_variables_bcra to 2024-10-26 00:01:00+00:00, run_after=2024-10-29 00:01:00+00:00
[2024-10-29T14:11:08.284-0300] {processor.py:208} INFO - Processing /mnt/c/Users/Nicolas/OneDrive - BCRA/Cursos/Python Data Application (ITBA)/variables-economicas/dags/dag_variables_bcra.py took 1.441 seconds
[2024-10-29T14:12:22.122-0300] {processor.py:186} INFO - Started process (PID=72198) to work on /mnt/c/Users/Nicolas/OneDrive - BCRA/Cursos/Python Data Application (ITBA)/variables-economicas/dags/dag_variables_bcra.py
[2024-10-29T14:12:22.124-0300] {processor.py:914} INFO - Processing file /mnt/c/Users/Nicolas/OneDrive - BCRA/Cursos/Python Data Application (ITBA)/variables-economicas/dags/dag_variables_bcra.py for tasks to queue
[2024-10-29T14:12:22.130-0300] {logging_mixin.py:190} INFO - [2024-10-29T14:12:22.129-0300] {dagbag.py:588} INFO - Filling up the DagBag from /mnt/c/Users/Nicolas/OneDrive - BCRA/Cursos/Python Data Application (ITBA)/variables-economicas/dags/dag_variables_bcra.py
[2024-10-29T14:12:23.144-0300] {processor.py:925} INFO - DAG(s) 'etl_redshift_dag_variables_bcra' retrieved from /mnt/c/Users/Nicolas/OneDrive - BCRA/Cursos/Python Data Application (ITBA)/variables-economicas/dags/dag_variables_bcra.py
[2024-10-29T14:12:23.202-0300] {logging_mixin.py:190} INFO - [2024-10-29T14:12:23.202-0300] {dag.py:3239} INFO - Sync 1 DAGs
[2024-10-29T14:12:23.272-0300] {logging_mixin.py:190} INFO - [2024-10-29T14:12:23.271-0300] {dag.py:4180} INFO - Setting next_dagrun for etl_redshift_dag_variables_bcra to 2024-10-26 00:01:00+00:00, run_after=2024-10-29 00:01:00+00:00
[2024-10-29T14:12:23.403-0300] {processor.py:208} INFO - Processing /mnt/c/Users/Nicolas/OneDrive - BCRA/Cursos/Python Data Application (ITBA)/variables-economicas/dags/dag_variables_bcra.py took 1.295 seconds
[2024-10-29T14:13:34.603-0300] {processor.py:186} INFO - Started process (PID=72516) to work on /mnt/c/Users/Nicolas/OneDrive - BCRA/Cursos/Python Data Application (ITBA)/variables-economicas/dags/dag_variables_bcra.py
[2024-10-29T14:13:34.605-0300] {processor.py:914} INFO - Processing file /mnt/c/Users/Nicolas/OneDrive - BCRA/Cursos/Python Data Application (ITBA)/variables-economicas/dags/dag_variables_bcra.py for tasks to queue
[2024-10-29T14:13:34.612-0300] {logging_mixin.py:190} INFO - [2024-10-29T14:13:34.611-0300] {dagbag.py:588} INFO - Filling up the DagBag from /mnt/c/Users/Nicolas/OneDrive - BCRA/Cursos/Python Data Application (ITBA)/variables-economicas/dags/dag_variables_bcra.py
[2024-10-29T14:13:35.785-0300] {processor.py:925} INFO - DAG(s) 'etl_redshift_dag_variables_bcra' retrieved from /mnt/c/Users/Nicolas/OneDrive - BCRA/Cursos/Python Data Application (ITBA)/variables-economicas/dags/dag_variables_bcra.py
[2024-10-29T14:13:35.856-0300] {logging_mixin.py:190} INFO - [2024-10-29T14:13:35.855-0300] {dag.py:3239} INFO - Sync 1 DAGs
[2024-10-29T14:13:35.935-0300] {logging_mixin.py:190} INFO - [2024-10-29T14:13:35.934-0300] {dag.py:4180} INFO - Setting next_dagrun for etl_redshift_dag_variables_bcra to 2024-10-26 00:01:00+00:00, run_after=2024-10-29 00:01:00+00:00
[2024-10-29T14:13:36.071-0300] {processor.py:208} INFO - Processing /mnt/c/Users/Nicolas/OneDrive - BCRA/Cursos/Python Data Application (ITBA)/variables-economicas/dags/dag_variables_bcra.py took 1.484 seconds
[2024-10-29T14:14:49.943-0300] {processor.py:186} INFO - Started process (PID=72847) to work on /mnt/c/Users/Nicolas/OneDrive - BCRA/Cursos/Python Data Application (ITBA)/variables-economicas/dags/dag_variables_bcra.py
[2024-10-29T14:14:49.955-0300] {processor.py:914} INFO - Processing file /mnt/c/Users/Nicolas/OneDrive - BCRA/Cursos/Python Data Application (ITBA)/variables-economicas/dags/dag_variables_bcra.py for tasks to queue
[2024-10-29T14:14:49.966-0300] {logging_mixin.py:190} INFO - [2024-10-29T14:14:49.965-0300] {dagbag.py:588} INFO - Filling up the DagBag from /mnt/c/Users/Nicolas/OneDrive - BCRA/Cursos/Python Data Application (ITBA)/variables-economicas/dags/dag_variables_bcra.py
[2024-10-29T14:14:51.421-0300] {processor.py:925} INFO - DAG(s) 'etl_redshift_dag_variables_bcra' retrieved from /mnt/c/Users/Nicolas/OneDrive - BCRA/Cursos/Python Data Application (ITBA)/variables-economicas/dags/dag_variables_bcra.py
[2024-10-29T14:14:51.479-0300] {logging_mixin.py:190} INFO - [2024-10-29T14:14:51.478-0300] {dag.py:3239} INFO - Sync 1 DAGs
[2024-10-29T14:14:51.557-0300] {logging_mixin.py:190} INFO - [2024-10-29T14:14:51.556-0300] {dag.py:4180} INFO - Setting next_dagrun for etl_redshift_dag_variables_bcra to 2024-10-26 00:01:00+00:00, run_after=2024-10-29 00:01:00+00:00
[2024-10-29T14:14:51.684-0300] {processor.py:208} INFO - Processing /mnt/c/Users/Nicolas/OneDrive - BCRA/Cursos/Python Data Application (ITBA)/variables-economicas/dags/dag_variables_bcra.py took 1.769 seconds
[2024-10-29T14:15:55.955-0300] {processor.py:186} INFO - Started process (PID=73141) to work on /mnt/c/Users/Nicolas/OneDrive - BCRA/Cursos/Python Data Application (ITBA)/variables-economicas/dags/dag_variables_bcra.py
[2024-10-29T14:15:55.958-0300] {processor.py:914} INFO - Processing file /mnt/c/Users/Nicolas/OneDrive - BCRA/Cursos/Python Data Application (ITBA)/variables-economicas/dags/dag_variables_bcra.py for tasks to queue
[2024-10-29T14:15:55.967-0300] {logging_mixin.py:190} INFO - [2024-10-29T14:15:55.966-0300] {dagbag.py:588} INFO - Filling up the DagBag from /mnt/c/Users/Nicolas/OneDrive - BCRA/Cursos/Python Data Application (ITBA)/variables-economicas/dags/dag_variables_bcra.py
[2024-10-29T14:15:57.503-0300] {processor.py:925} INFO - DAG(s) 'etl_redshift_dag_variables_bcra' retrieved from /mnt/c/Users/Nicolas/OneDrive - BCRA/Cursos/Python Data Application (ITBA)/variables-economicas/dags/dag_variables_bcra.py
[2024-10-29T14:15:57.576-0300] {logging_mixin.py:190} INFO - [2024-10-29T14:15:57.575-0300] {dag.py:3239} INFO - Sync 1 DAGs
[2024-10-29T14:15:57.675-0300] {logging_mixin.py:190} INFO - [2024-10-29T14:15:57.674-0300] {dag.py:4180} INFO - Setting next_dagrun for etl_redshift_dag_variables_bcra to 2024-10-26 00:01:00+00:00, run_after=2024-10-29 00:01:00+00:00
[2024-10-29T14:15:57.835-0300] {processor.py:208} INFO - Processing /mnt/c/Users/Nicolas/OneDrive - BCRA/Cursos/Python Data Application (ITBA)/variables-economicas/dags/dag_variables_bcra.py took 1.900 seconds
[2024-10-29T14:17:25.615-0300] {processor.py:186} INFO - Started process (PID=73525) to work on /mnt/c/Users/Nicolas/OneDrive - BCRA/Cursos/Python Data Application (ITBA)/variables-economicas/dags/dag_variables_bcra.py
[2024-10-29T14:17:25.618-0300] {processor.py:914} INFO - Processing file /mnt/c/Users/Nicolas/OneDrive - BCRA/Cursos/Python Data Application (ITBA)/variables-economicas/dags/dag_variables_bcra.py for tasks to queue
[2024-10-29T14:17:25.622-0300] {logging_mixin.py:190} INFO - [2024-10-29T14:17:25.622-0300] {dagbag.py:588} INFO - Filling up the DagBag from /mnt/c/Users/Nicolas/OneDrive - BCRA/Cursos/Python Data Application (ITBA)/variables-economicas/dags/dag_variables_bcra.py
[2024-10-29T14:17:27.173-0300] {processor.py:925} INFO - DAG(s) 'etl_redshift_dag_variables_bcra' retrieved from /mnt/c/Users/Nicolas/OneDrive - BCRA/Cursos/Python Data Application (ITBA)/variables-economicas/dags/dag_variables_bcra.py
[2024-10-29T14:17:27.227-0300] {logging_mixin.py:190} INFO - [2024-10-29T14:17:27.227-0300] {dag.py:3239} INFO - Sync 1 DAGs
[2024-10-29T14:17:27.293-0300] {logging_mixin.py:190} INFO - [2024-10-29T14:17:27.292-0300] {dag.py:4180} INFO - Setting next_dagrun for etl_redshift_dag_variables_bcra to 2024-10-26 00:01:00+00:00, run_after=2024-10-29 00:01:00+00:00
[2024-10-29T14:17:27.491-0300] {processor.py:208} INFO - Processing /mnt/c/Users/Nicolas/OneDrive - BCRA/Cursos/Python Data Application (ITBA)/variables-economicas/dags/dag_variables_bcra.py took 1.890 seconds
[2024-10-29T14:22:12.310-0300] {processor.py:186} INFO - Started process (PID=74772) to work on /mnt/c/Users/Nicolas/OneDrive - BCRA/Cursos/Python Data Application (ITBA)/variables-economicas/dags/dag_variables_bcra.py
[2024-10-29T14:22:12.315-0300] {processor.py:914} INFO - Processing file /mnt/c/Users/Nicolas/OneDrive - BCRA/Cursos/Python Data Application (ITBA)/variables-economicas/dags/dag_variables_bcra.py for tasks to queue
[2024-10-29T14:22:12.323-0300] {logging_mixin.py:190} INFO - [2024-10-29T14:22:12.322-0300] {dagbag.py:588} INFO - Filling up the DagBag from /mnt/c/Users/Nicolas/OneDrive - BCRA/Cursos/Python Data Application (ITBA)/variables-economicas/dags/dag_variables_bcra.py
[2024-10-29T14:22:14.043-0300] {processor.py:925} INFO - DAG(s) 'etl_redshift_dag_variables_bcra' retrieved from /mnt/c/Users/Nicolas/OneDrive - BCRA/Cursos/Python Data Application (ITBA)/variables-economicas/dags/dag_variables_bcra.py
[2024-10-29T14:22:14.114-0300] {logging_mixin.py:190} INFO - [2024-10-29T14:22:14.113-0300] {dag.py:3239} INFO - Sync 1 DAGs
[2024-10-29T14:22:14.205-0300] {logging_mixin.py:190} INFO - [2024-10-29T14:22:14.204-0300] {dag.py:4180} INFO - Setting next_dagrun for etl_redshift_dag_variables_bcra to 2024-10-29 00:01:00+00:00, run_after=2024-10-30 00:01:00+00:00
[2024-10-29T14:22:14.357-0300] {processor.py:208} INFO - Processing /mnt/c/Users/Nicolas/OneDrive - BCRA/Cursos/Python Data Application (ITBA)/variables-economicas/dags/dag_variables_bcra.py took 2.068 seconds
[2024-10-29T14:24:08.431-0300] {processor.py:186} INFO - Started process (PID=75287) to work on /mnt/c/Users/Nicolas/OneDrive - BCRA/Cursos/Python Data Application (ITBA)/variables-economicas/dags/dag_variables_bcra.py
[2024-10-29T14:24:08.433-0300] {processor.py:914} INFO - Processing file /mnt/c/Users/Nicolas/OneDrive - BCRA/Cursos/Python Data Application (ITBA)/variables-economicas/dags/dag_variables_bcra.py for tasks to queue
[2024-10-29T14:24:08.439-0300] {logging_mixin.py:190} INFO - [2024-10-29T14:24:08.438-0300] {dagbag.py:588} INFO - Filling up the DagBag from /mnt/c/Users/Nicolas/OneDrive - BCRA/Cursos/Python Data Application (ITBA)/variables-economicas/dags/dag_variables_bcra.py
[2024-10-29T14:24:09.446-0300] {processor.py:925} INFO - DAG(s) 'etl_redshift_dag_variables_bcra' retrieved from /mnt/c/Users/Nicolas/OneDrive - BCRA/Cursos/Python Data Application (ITBA)/variables-economicas/dags/dag_variables_bcra.py
[2024-10-29T14:24:09.494-0300] {logging_mixin.py:190} INFO - [2024-10-29T14:24:09.493-0300] {dag.py:3239} INFO - Sync 1 DAGs
[2024-10-29T14:24:09.567-0300] {logging_mixin.py:190} INFO - [2024-10-29T14:24:09.566-0300] {dag.py:4180} INFO - Setting next_dagrun for etl_redshift_dag_variables_bcra to 2024-10-29 00:01:00+00:00, run_after=2024-10-30 00:01:00+00:00
[2024-10-29T14:24:09.702-0300] {processor.py:208} INFO - Processing /mnt/c/Users/Nicolas/OneDrive - BCRA/Cursos/Python Data Application (ITBA)/variables-economicas/dags/dag_variables_bcra.py took 1.285 seconds
[2024-10-29T14:25:16.635-0300] {processor.py:186} INFO - Started process (PID=75592) to work on /mnt/c/Users/Nicolas/OneDrive - BCRA/Cursos/Python Data Application (ITBA)/variables-economicas/dags/dag_variables_bcra.py
[2024-10-29T14:25:16.639-0300] {processor.py:914} INFO - Processing file /mnt/c/Users/Nicolas/OneDrive - BCRA/Cursos/Python Data Application (ITBA)/variables-economicas/dags/dag_variables_bcra.py for tasks to queue
[2024-10-29T14:25:16.656-0300] {logging_mixin.py:190} INFO - [2024-10-29T14:25:16.655-0300] {dagbag.py:588} INFO - Filling up the DagBag from /mnt/c/Users/Nicolas/OneDrive - BCRA/Cursos/Python Data Application (ITBA)/variables-economicas/dags/dag_variables_bcra.py
[2024-10-29T14:25:18.000-0300] {processor.py:925} INFO - DAG(s) 'etl_redshift_dag_variables_bcra' retrieved from /mnt/c/Users/Nicolas/OneDrive - BCRA/Cursos/Python Data Application (ITBA)/variables-economicas/dags/dag_variables_bcra.py
[2024-10-29T14:25:18.062-0300] {logging_mixin.py:190} INFO - [2024-10-29T14:25:18.062-0300] {dag.py:3239} INFO - Sync 1 DAGs
[2024-10-29T14:25:18.132-0300] {logging_mixin.py:190} INFO - [2024-10-29T14:25:18.131-0300] {dag.py:4180} INFO - Setting next_dagrun for etl_redshift_dag_variables_bcra to 2024-10-29 00:01:00+00:00, run_after=2024-10-30 00:01:00+00:00
[2024-10-29T14:25:18.287-0300] {processor.py:208} INFO - Processing /mnt/c/Users/Nicolas/OneDrive - BCRA/Cursos/Python Data Application (ITBA)/variables-economicas/dags/dag_variables_bcra.py took 1.683 seconds
[2024-10-29T14:26:25.731-0300] {processor.py:186} INFO - Started process (PID=75903) to work on /mnt/c/Users/Nicolas/OneDrive - BCRA/Cursos/Python Data Application (ITBA)/variables-economicas/dags/dag_variables_bcra.py
[2024-10-29T14:26:25.735-0300] {processor.py:914} INFO - Processing file /mnt/c/Users/Nicolas/OneDrive - BCRA/Cursos/Python Data Application (ITBA)/variables-economicas/dags/dag_variables_bcra.py for tasks to queue
[2024-10-29T14:26:25.742-0300] {logging_mixin.py:190} INFO - [2024-10-29T14:26:25.740-0300] {dagbag.py:588} INFO - Filling up the DagBag from /mnt/c/Users/Nicolas/OneDrive - BCRA/Cursos/Python Data Application (ITBA)/variables-economicas/dags/dag_variables_bcra.py
[2024-10-29T14:26:26.799-0300] {processor.py:925} INFO - DAG(s) 'etl_redshift_dag_variables_bcra' retrieved from /mnt/c/Users/Nicolas/OneDrive - BCRA/Cursos/Python Data Application (ITBA)/variables-economicas/dags/dag_variables_bcra.py
[2024-10-29T14:26:26.855-0300] {logging_mixin.py:190} INFO - [2024-10-29T14:26:26.854-0300] {dag.py:3239} INFO - Sync 1 DAGs
[2024-10-29T14:26:26.916-0300] {logging_mixin.py:190} INFO - [2024-10-29T14:26:26.916-0300] {dag.py:4180} INFO - Setting next_dagrun for etl_redshift_dag_variables_bcra to 2024-10-29 00:01:00+00:00, run_after=2024-10-30 00:01:00+00:00
[2024-10-29T14:26:27.110-0300] {processor.py:208} INFO - Processing /mnt/c/Users/Nicolas/OneDrive - BCRA/Cursos/Python Data Application (ITBA)/variables-economicas/dags/dag_variables_bcra.py took 1.412 seconds
[2024-10-29T14:27:36.182-0300] {processor.py:186} INFO - Started process (PID=76218) to work on /mnt/c/Users/Nicolas/OneDrive - BCRA/Cursos/Python Data Application (ITBA)/variables-economicas/dags/dag_variables_bcra.py
[2024-10-29T14:27:36.185-0300] {processor.py:914} INFO - Processing file /mnt/c/Users/Nicolas/OneDrive - BCRA/Cursos/Python Data Application (ITBA)/variables-economicas/dags/dag_variables_bcra.py for tasks to queue
[2024-10-29T14:27:36.192-0300] {logging_mixin.py:190} INFO - [2024-10-29T14:27:36.191-0300] {dagbag.py:588} INFO - Filling up the DagBag from /mnt/c/Users/Nicolas/OneDrive - BCRA/Cursos/Python Data Application (ITBA)/variables-economicas/dags/dag_variables_bcra.py
[2024-10-29T14:27:37.280-0300] {processor.py:925} INFO - DAG(s) 'etl_redshift_dag_variables_bcra' retrieved from /mnt/c/Users/Nicolas/OneDrive - BCRA/Cursos/Python Data Application (ITBA)/variables-economicas/dags/dag_variables_bcra.py
[2024-10-29T14:27:37.341-0300] {logging_mixin.py:190} INFO - [2024-10-29T14:27:37.340-0300] {dag.py:3239} INFO - Sync 1 DAGs
[2024-10-29T14:27:37.411-0300] {logging_mixin.py:190} INFO - [2024-10-29T14:27:37.410-0300] {dag.py:4180} INFO - Setting next_dagrun for etl_redshift_dag_variables_bcra to 2024-10-29 00:01:00+00:00, run_after=2024-10-30 00:01:00+00:00
[2024-10-29T14:27:37.612-0300] {processor.py:208} INFO - Processing /mnt/c/Users/Nicolas/OneDrive - BCRA/Cursos/Python Data Application (ITBA)/variables-economicas/dags/dag_variables_bcra.py took 1.445 seconds
[2024-10-29T14:28:06.278-0300] {processor.py:186} INFO - Started process (PID=76352) to work on /mnt/c/Users/Nicolas/OneDrive - BCRA/Cursos/Python Data Application (ITBA)/variables-economicas/dags/dag_variables_bcra.py
[2024-10-29T14:28:06.282-0300] {processor.py:914} INFO - Processing file /mnt/c/Users/Nicolas/OneDrive - BCRA/Cursos/Python Data Application (ITBA)/variables-economicas/dags/dag_variables_bcra.py for tasks to queue
[2024-10-29T14:28:06.298-0300] {logging_mixin.py:190} INFO - [2024-10-29T14:28:06.296-0300] {dagbag.py:588} INFO - Filling up the DagBag from /mnt/c/Users/Nicolas/OneDrive - BCRA/Cursos/Python Data Application (ITBA)/variables-economicas/dags/dag_variables_bcra.py
[2024-10-29T14:28:08.994-0300] {processor.py:925} INFO - DAG(s) 'etl_redshift_dag_variables_bcra' retrieved from /mnt/c/Users/Nicolas/OneDrive - BCRA/Cursos/Python Data Application (ITBA)/variables-economicas/dags/dag_variables_bcra.py
[2024-10-29T14:28:09.074-0300] {logging_mixin.py:190} INFO - [2024-10-29T14:28:09.073-0300] {dag.py:3239} INFO - Sync 1 DAGs
[2024-10-29T14:28:09.182-0300] {logging_mixin.py:190} INFO - [2024-10-29T14:28:09.181-0300] {dag.py:4180} INFO - Setting next_dagrun for etl_redshift_dag_variables_bcra to 2024-10-29 00:01:00+00:00, run_after=2024-10-30 00:01:00+00:00
[2024-10-29T14:28:09.476-0300] {processor.py:208} INFO - Processing /mnt/c/Users/Nicolas/OneDrive - BCRA/Cursos/Python Data Application (ITBA)/variables-economicas/dags/dag_variables_bcra.py took 3.237 seconds
[2024-10-29T14:28:55.679-0300] {processor.py:186} INFO - Started process (PID=76573) to work on /mnt/c/Users/Nicolas/OneDrive - BCRA/Cursos/Python Data Application (ITBA)/variables-economicas/dags/dag_variables_bcra.py
[2024-10-29T14:28:55.682-0300] {processor.py:914} INFO - Processing file /mnt/c/Users/Nicolas/OneDrive - BCRA/Cursos/Python Data Application (ITBA)/variables-economicas/dags/dag_variables_bcra.py for tasks to queue
[2024-10-29T14:28:55.690-0300] {logging_mixin.py:190} INFO - [2024-10-29T14:28:55.688-0300] {dagbag.py:588} INFO - Filling up the DagBag from /mnt/c/Users/Nicolas/OneDrive - BCRA/Cursos/Python Data Application (ITBA)/variables-economicas/dags/dag_variables_bcra.py
[2024-10-29T14:28:56.771-0300] {processor.py:925} INFO - DAG(s) 'etl_redshift_dag_variables_bcra' retrieved from /mnt/c/Users/Nicolas/OneDrive - BCRA/Cursos/Python Data Application (ITBA)/variables-economicas/dags/dag_variables_bcra.py
[2024-10-29T14:28:56.827-0300] {logging_mixin.py:190} INFO - [2024-10-29T14:28:56.827-0300] {dag.py:3239} INFO - Sync 1 DAGs
[2024-10-29T14:28:56.900-0300] {logging_mixin.py:190} INFO - [2024-10-29T14:28:56.900-0300] {dag.py:4180} INFO - Setting next_dagrun for etl_redshift_dag_variables_bcra to 2024-10-29 00:01:00+00:00, run_after=2024-10-30 00:01:00+00:00
[2024-10-29T14:28:57.036-0300] {processor.py:208} INFO - Processing /mnt/c/Users/Nicolas/OneDrive - BCRA/Cursos/Python Data Application (ITBA)/variables-economicas/dags/dag_variables_bcra.py took 1.382 seconds
[2024-10-29T14:31:07.531-0300] {processor.py:186} INFO - Started process (PID=77137) to work on /mnt/c/Users/Nicolas/OneDrive - BCRA/Cursos/Python Data Application (ITBA)/variables-economicas/dags/dag_variables_bcra.py
[2024-10-29T14:31:07.536-0300] {processor.py:914} INFO - Processing file /mnt/c/Users/Nicolas/OneDrive - BCRA/Cursos/Python Data Application (ITBA)/variables-economicas/dags/dag_variables_bcra.py for tasks to queue
[2024-10-29T14:31:07.539-0300] {logging_mixin.py:190} INFO - [2024-10-29T14:31:07.538-0300] {dagbag.py:588} INFO - Filling up the DagBag from /mnt/c/Users/Nicolas/OneDrive - BCRA/Cursos/Python Data Application (ITBA)/variables-economicas/dags/dag_variables_bcra.py
[2024-10-29T14:31:09.582-0300] {processor.py:925} INFO - DAG(s) 'etl_redshift_dag_variables_bcra' retrieved from /mnt/c/Users/Nicolas/OneDrive - BCRA/Cursos/Python Data Application (ITBA)/variables-economicas/dags/dag_variables_bcra.py
[2024-10-29T14:31:09.699-0300] {logging_mixin.py:190} INFO - [2024-10-29T14:31:09.698-0300] {dag.py:3239} INFO - Sync 1 DAGs
[2024-10-29T14:31:09.784-0300] {logging_mixin.py:190} INFO - [2024-10-29T14:31:09.783-0300] {dag.py:4180} INFO - Setting next_dagrun for etl_redshift_dag_variables_bcra to 2024-10-29 00:01:00+00:00, run_after=2024-10-30 00:01:00+00:00
[2024-10-29T14:31:09.980-0300] {processor.py:208} INFO - Processing /mnt/c/Users/Nicolas/OneDrive - BCRA/Cursos/Python Data Application (ITBA)/variables-economicas/dags/dag_variables_bcra.py took 2.505 seconds
[2024-10-29T14:32:31.560-0300] {processor.py:186} INFO - Started process (PID=77500) to work on /mnt/c/Users/Nicolas/OneDrive - BCRA/Cursos/Python Data Application (ITBA)/variables-economicas/dags/dag_variables_bcra.py
[2024-10-29T14:32:31.563-0300] {processor.py:914} INFO - Processing file /mnt/c/Users/Nicolas/OneDrive - BCRA/Cursos/Python Data Application (ITBA)/variables-economicas/dags/dag_variables_bcra.py for tasks to queue
[2024-10-29T14:32:31.566-0300] {logging_mixin.py:190} INFO - [2024-10-29T14:32:31.565-0300] {dagbag.py:588} INFO - Filling up the DagBag from /mnt/c/Users/Nicolas/OneDrive - BCRA/Cursos/Python Data Application (ITBA)/variables-economicas/dags/dag_variables_bcra.py
[2024-10-29T14:32:33.688-0300] {processor.py:925} INFO - DAG(s) 'etl_redshift_dag_variables_bcra' retrieved from /mnt/c/Users/Nicolas/OneDrive - BCRA/Cursos/Python Data Application (ITBA)/variables-economicas/dags/dag_variables_bcra.py
[2024-10-29T14:32:33.841-0300] {logging_mixin.py:190} INFO - [2024-10-29T14:32:33.841-0300] {dag.py:3239} INFO - Sync 1 DAGs
[2024-10-29T14:32:34.193-0300] {logging_mixin.py:190} INFO - [2024-10-29T14:32:34.193-0300] {dag.py:4180} INFO - Setting next_dagrun for etl_redshift_dag_variables_bcra to 2024-10-29 00:01:00+00:00, run_after=2024-10-30 00:01:00+00:00
[2024-10-29T14:32:34.336-0300] {processor.py:208} INFO - Processing /mnt/c/Users/Nicolas/OneDrive - BCRA/Cursos/Python Data Application (ITBA)/variables-economicas/dags/dag_variables_bcra.py took 2.792 seconds
[2024-10-29T14:33:58.194-0300] {processor.py:186} INFO - Started process (PID=77889) to work on /mnt/c/Users/Nicolas/OneDrive - BCRA/Cursos/Python Data Application (ITBA)/variables-economicas/dags/dag_variables_bcra.py
[2024-10-29T14:33:58.196-0300] {processor.py:914} INFO - Processing file /mnt/c/Users/Nicolas/OneDrive - BCRA/Cursos/Python Data Application (ITBA)/variables-economicas/dags/dag_variables_bcra.py for tasks to queue
[2024-10-29T14:33:58.199-0300] {logging_mixin.py:190} INFO - [2024-10-29T14:33:58.198-0300] {dagbag.py:588} INFO - Filling up the DagBag from /mnt/c/Users/Nicolas/OneDrive - BCRA/Cursos/Python Data Application (ITBA)/variables-economicas/dags/dag_variables_bcra.py
[2024-10-29T14:33:59.282-0300] {processor.py:925} INFO - DAG(s) 'etl_redshift_dag_variables_bcra' retrieved from /mnt/c/Users/Nicolas/OneDrive - BCRA/Cursos/Python Data Application (ITBA)/variables-economicas/dags/dag_variables_bcra.py
[2024-10-29T14:33:59.803-0300] {logging_mixin.py:190} INFO - [2024-10-29T14:33:59.802-0300] {dag.py:3239} INFO - Sync 1 DAGs
[2024-10-29T14:33:59.858-0300] {logging_mixin.py:190} INFO - [2024-10-29T14:33:59.858-0300] {dag.py:4180} INFO - Setting next_dagrun for etl_redshift_dag_variables_bcra to 2024-10-29 00:01:00+00:00, run_after=2024-10-30 00:01:00+00:00
[2024-10-29T14:34:00.092-0300] {processor.py:208} INFO - Processing /mnt/c/Users/Nicolas/OneDrive - BCRA/Cursos/Python Data Application (ITBA)/variables-economicas/dags/dag_variables_bcra.py took 1.913 seconds
[2024-10-29T14:35:28.923-0300] {processor.py:186} INFO - Started process (PID=78274) to work on /mnt/c/Users/Nicolas/OneDrive - BCRA/Cursos/Python Data Application (ITBA)/variables-economicas/dags/dag_variables_bcra.py
[2024-10-29T14:35:28.926-0300] {processor.py:914} INFO - Processing file /mnt/c/Users/Nicolas/OneDrive - BCRA/Cursos/Python Data Application (ITBA)/variables-economicas/dags/dag_variables_bcra.py for tasks to queue
[2024-10-29T14:35:28.931-0300] {logging_mixin.py:190} INFO - [2024-10-29T14:35:28.929-0300] {dagbag.py:588} INFO - Filling up the DagBag from /mnt/c/Users/Nicolas/OneDrive - BCRA/Cursos/Python Data Application (ITBA)/variables-economicas/dags/dag_variables_bcra.py
[2024-10-29T14:35:30.461-0300] {processor.py:925} INFO - DAG(s) 'etl_redshift_dag_variables_bcra' retrieved from /mnt/c/Users/Nicolas/OneDrive - BCRA/Cursos/Python Data Application (ITBA)/variables-economicas/dags/dag_variables_bcra.py
[2024-10-29T14:35:30.624-0300] {logging_mixin.py:190} INFO - [2024-10-29T14:35:30.623-0300] {dag.py:3239} INFO - Sync 1 DAGs
[2024-10-29T14:35:30.744-0300] {logging_mixin.py:190} INFO - [2024-10-29T14:35:30.743-0300] {dag.py:4180} INFO - Setting next_dagrun for etl_redshift_dag_variables_bcra to 2024-10-29 00:01:00+00:00, run_after=2024-10-30 00:01:00+00:00
[2024-10-29T14:35:31.002-0300] {processor.py:208} INFO - Processing /mnt/c/Users/Nicolas/OneDrive - BCRA/Cursos/Python Data Application (ITBA)/variables-economicas/dags/dag_variables_bcra.py took 2.096 seconds
[2024-10-29T14:36:43.351-0300] {processor.py:186} INFO - Started process (PID=78590) to work on /mnt/c/Users/Nicolas/OneDrive - BCRA/Cursos/Python Data Application (ITBA)/variables-economicas/dags/dag_variables_bcra.py
[2024-10-29T14:36:43.354-0300] {processor.py:914} INFO - Processing file /mnt/c/Users/Nicolas/OneDrive - BCRA/Cursos/Python Data Application (ITBA)/variables-economicas/dags/dag_variables_bcra.py for tasks to queue
[2024-10-29T14:36:43.357-0300] {logging_mixin.py:190} INFO - [2024-10-29T14:36:43.356-0300] {dagbag.py:588} INFO - Filling up the DagBag from /mnt/c/Users/Nicolas/OneDrive - BCRA/Cursos/Python Data Application (ITBA)/variables-economicas/dags/dag_variables_bcra.py
[2024-10-29T14:36:45.338-0300] {processor.py:925} INFO - DAG(s) 'etl_redshift_dag_variables_bcra' retrieved from /mnt/c/Users/Nicolas/OneDrive - BCRA/Cursos/Python Data Application (ITBA)/variables-economicas/dags/dag_variables_bcra.py
[2024-10-29T14:36:45.480-0300] {logging_mixin.py:190} INFO - [2024-10-29T14:36:45.480-0300] {dag.py:3239} INFO - Sync 1 DAGs
[2024-10-29T14:36:45.635-0300] {logging_mixin.py:190} INFO - [2024-10-29T14:36:45.635-0300] {dag.py:4180} INFO - Setting next_dagrun for etl_redshift_dag_variables_bcra to 2024-10-29 00:01:00+00:00, run_after=2024-10-30 00:01:00+00:00
[2024-10-29T14:36:45.850-0300] {processor.py:208} INFO - Processing /mnt/c/Users/Nicolas/OneDrive - BCRA/Cursos/Python Data Application (ITBA)/variables-economicas/dags/dag_variables_bcra.py took 2.515 seconds
[2024-10-29T14:38:18.972-0300] {processor.py:186} INFO - Started process (PID=79015) to work on /mnt/c/Users/Nicolas/OneDrive - BCRA/Cursos/Python Data Application (ITBA)/variables-economicas/dags/dag_variables_bcra.py
[2024-10-29T14:38:18.974-0300] {processor.py:914} INFO - Processing file /mnt/c/Users/Nicolas/OneDrive - BCRA/Cursos/Python Data Application (ITBA)/variables-economicas/dags/dag_variables_bcra.py for tasks to queue
[2024-10-29T14:38:18.978-0300] {logging_mixin.py:190} INFO - [2024-10-29T14:38:18.977-0300] {dagbag.py:588} INFO - Filling up the DagBag from /mnt/c/Users/Nicolas/OneDrive - BCRA/Cursos/Python Data Application (ITBA)/variables-economicas/dags/dag_variables_bcra.py
[2024-10-29T14:38:20.309-0300] {processor.py:925} INFO - DAG(s) 'etl_redshift_dag_variables_bcra' retrieved from /mnt/c/Users/Nicolas/OneDrive - BCRA/Cursos/Python Data Application (ITBA)/variables-economicas/dags/dag_variables_bcra.py
[2024-10-29T14:38:20.360-0300] {logging_mixin.py:190} INFO - [2024-10-29T14:38:20.360-0300] {dag.py:3239} INFO - Sync 1 DAGs
[2024-10-29T14:38:20.421-0300] {logging_mixin.py:190} INFO - [2024-10-29T14:38:20.420-0300] {dag.py:4180} INFO - Setting next_dagrun for etl_redshift_dag_variables_bcra to 2024-10-29 00:01:00+00:00, run_after=2024-10-30 00:01:00+00:00
[2024-10-29T14:38:20.540-0300] {processor.py:208} INFO - Processing /mnt/c/Users/Nicolas/OneDrive - BCRA/Cursos/Python Data Application (ITBA)/variables-economicas/dags/dag_variables_bcra.py took 1.582 seconds
[2024-10-29T14:39:18.977-0300] {processor.py:186} INFO - Started process (PID=79285) to work on /mnt/c/Users/Nicolas/OneDrive - BCRA/Cursos/Python Data Application (ITBA)/variables-economicas/dags/dag_variables_bcra.py
[2024-10-29T14:39:18.980-0300] {processor.py:914} INFO - Processing file /mnt/c/Users/Nicolas/OneDrive - BCRA/Cursos/Python Data Application (ITBA)/variables-economicas/dags/dag_variables_bcra.py for tasks to queue
[2024-10-29T14:39:18.988-0300] {logging_mixin.py:190} INFO - [2024-10-29T14:39:18.986-0300] {dagbag.py:588} INFO - Filling up the DagBag from /mnt/c/Users/Nicolas/OneDrive - BCRA/Cursos/Python Data Application (ITBA)/variables-economicas/dags/dag_variables_bcra.py
[2024-10-29T14:39:20.986-0300] {processor.py:925} INFO - DAG(s) 'etl_redshift_dag_variables_bcra' retrieved from /mnt/c/Users/Nicolas/OneDrive - BCRA/Cursos/Python Data Application (ITBA)/variables-economicas/dags/dag_variables_bcra.py
[2024-10-29T14:39:21.034-0300] {logging_mixin.py:190} INFO - [2024-10-29T14:39:21.034-0300] {dag.py:3239} INFO - Sync 1 DAGs
[2024-10-29T14:39:21.107-0300] {logging_mixin.py:190} INFO - [2024-10-29T14:39:21.106-0300] {dag.py:4180} INFO - Setting next_dagrun for etl_redshift_dag_variables_bcra to 2024-10-29 00:01:00+00:00, run_after=2024-10-30 00:01:00+00:00
[2024-10-29T14:39:21.261-0300] {processor.py:208} INFO - Processing /mnt/c/Users/Nicolas/OneDrive - BCRA/Cursos/Python Data Application (ITBA)/variables-economicas/dags/dag_variables_bcra.py took 2.317 seconds
[2024-10-29T14:40:22.635-0300] {processor.py:186} INFO - Started process (PID=79581) to work on /mnt/c/Users/Nicolas/OneDrive - BCRA/Cursos/Python Data Application (ITBA)/variables-economicas/dags/dag_variables_bcra.py
[2024-10-29T14:40:22.639-0300] {processor.py:914} INFO - Processing file /mnt/c/Users/Nicolas/OneDrive - BCRA/Cursos/Python Data Application (ITBA)/variables-economicas/dags/dag_variables_bcra.py for tasks to queue
[2024-10-29T14:40:22.646-0300] {logging_mixin.py:190} INFO - [2024-10-29T14:40:22.645-0300] {dagbag.py:588} INFO - Filling up the DagBag from /mnt/c/Users/Nicolas/OneDrive - BCRA/Cursos/Python Data Application (ITBA)/variables-economicas/dags/dag_variables_bcra.py
[2024-10-29T14:40:24.054-0300] {processor.py:925} INFO - DAG(s) 'etl_redshift_dag_variables_bcra' retrieved from /mnt/c/Users/Nicolas/OneDrive - BCRA/Cursos/Python Data Application (ITBA)/variables-economicas/dags/dag_variables_bcra.py
[2024-10-29T14:40:24.098-0300] {logging_mixin.py:190} INFO - [2024-10-29T14:40:24.098-0300] {dag.py:3239} INFO - Sync 1 DAGs
[2024-10-29T14:40:24.156-0300] {logging_mixin.py:190} INFO - [2024-10-29T14:40:24.156-0300] {dag.py:4180} INFO - Setting next_dagrun for etl_redshift_dag_variables_bcra to 2024-10-29 00:01:00+00:00, run_after=2024-10-30 00:01:00+00:00
[2024-10-29T14:40:24.280-0300] {processor.py:208} INFO - Processing /mnt/c/Users/Nicolas/OneDrive - BCRA/Cursos/Python Data Application (ITBA)/variables-economicas/dags/dag_variables_bcra.py took 1.666 seconds
[2024-10-29T14:41:28.160-0300] {processor.py:186} INFO - Started process (PID=79874) to work on /mnt/c/Users/Nicolas/OneDrive - BCRA/Cursos/Python Data Application (ITBA)/variables-economicas/dags/dag_variables_bcra.py
[2024-10-29T14:41:28.165-0300] {processor.py:914} INFO - Processing file /mnt/c/Users/Nicolas/OneDrive - BCRA/Cursos/Python Data Application (ITBA)/variables-economicas/dags/dag_variables_bcra.py for tasks to queue
[2024-10-29T14:41:28.178-0300] {logging_mixin.py:190} INFO - [2024-10-29T14:41:28.176-0300] {dagbag.py:588} INFO - Filling up the DagBag from /mnt/c/Users/Nicolas/OneDrive - BCRA/Cursos/Python Data Application (ITBA)/variables-economicas/dags/dag_variables_bcra.py
[2024-10-29T14:41:29.889-0300] {processor.py:925} INFO - DAG(s) 'etl_redshift_dag_variables_bcra' retrieved from /mnt/c/Users/Nicolas/OneDrive - BCRA/Cursos/Python Data Application (ITBA)/variables-economicas/dags/dag_variables_bcra.py
[2024-10-29T14:41:29.955-0300] {logging_mixin.py:190} INFO - [2024-10-29T14:41:29.955-0300] {dag.py:3239} INFO - Sync 1 DAGs
[2024-10-29T14:41:30.023-0300] {logging_mixin.py:190} INFO - [2024-10-29T14:41:30.023-0300] {dag.py:4180} INFO - Setting next_dagrun for etl_redshift_dag_variables_bcra to 2024-10-29 00:01:00+00:00, run_after=2024-10-30 00:01:00+00:00
[2024-10-29T14:41:30.197-0300] {processor.py:208} INFO - Processing /mnt/c/Users/Nicolas/OneDrive - BCRA/Cursos/Python Data Application (ITBA)/variables-economicas/dags/dag_variables_bcra.py took 2.057 seconds
[2024-10-29T14:42:13.575-0300] {processor.py:186} INFO - Started process (PID=80082) to work on /mnt/c/Users/Nicolas/OneDrive - BCRA/Cursos/Python Data Application (ITBA)/variables-economicas/dags/dag_variables_bcra.py
[2024-10-29T14:42:13.593-0300] {processor.py:914} INFO - Processing file /mnt/c/Users/Nicolas/OneDrive - BCRA/Cursos/Python Data Application (ITBA)/variables-economicas/dags/dag_variables_bcra.py for tasks to queue
[2024-10-29T14:42:13.611-0300] {logging_mixin.py:190} INFO - [2024-10-29T14:42:13.610-0300] {dagbag.py:588} INFO - Filling up the DagBag from /mnt/c/Users/Nicolas/OneDrive - BCRA/Cursos/Python Data Application (ITBA)/variables-economicas/dags/dag_variables_bcra.py
[2024-10-29T14:42:15.884-0300] {processor.py:925} INFO - DAG(s) 'etl_redshift_dag_variables_bcra' retrieved from /mnt/c/Users/Nicolas/OneDrive - BCRA/Cursos/Python Data Application (ITBA)/variables-economicas/dags/dag_variables_bcra.py
[2024-10-29T14:42:16.033-0300] {logging_mixin.py:190} INFO - [2024-10-29T14:42:16.028-0300] {dag.py:3239} INFO - Sync 1 DAGs
[2024-10-29T14:42:16.216-0300] {logging_mixin.py:190} INFO - [2024-10-29T14:42:16.214-0300] {dag.py:4180} INFO - Setting next_dagrun for etl_redshift_dag_variables_bcra to 2024-10-29 00:01:00+00:00, run_after=2024-10-30 00:01:00+00:00
[2024-10-29T14:42:17.184-0300] {processor.py:208} INFO - Processing /mnt/c/Users/Nicolas/OneDrive - BCRA/Cursos/Python Data Application (ITBA)/variables-economicas/dags/dag_variables_bcra.py took 3.652 seconds
[2024-10-29T14:42:50.353-0300] {processor.py:186} INFO - Started process (PID=80245) to work on /mnt/c/Users/Nicolas/OneDrive - BCRA/Cursos/Python Data Application (ITBA)/variables-economicas/dags/dag_variables_bcra.py
[2024-10-29T14:42:50.369-0300] {processor.py:914} INFO - Processing file /mnt/c/Users/Nicolas/OneDrive - BCRA/Cursos/Python Data Application (ITBA)/variables-economicas/dags/dag_variables_bcra.py for tasks to queue
[2024-10-29T14:42:50.375-0300] {logging_mixin.py:190} INFO - [2024-10-29T14:42:50.373-0300] {dagbag.py:588} INFO - Filling up the DagBag from /mnt/c/Users/Nicolas/OneDrive - BCRA/Cursos/Python Data Application (ITBA)/variables-economicas/dags/dag_variables_bcra.py
[2024-10-29T14:42:54.602-0300] {processor.py:925} INFO - DAG(s) 'etl_redshift_dag_variables_bcra' retrieved from /mnt/c/Users/Nicolas/OneDrive - BCRA/Cursos/Python Data Application (ITBA)/variables-economicas/dags/dag_variables_bcra.py
[2024-10-29T14:42:54.778-0300] {logging_mixin.py:190} INFO - [2024-10-29T14:42:54.778-0300] {dag.py:3239} INFO - Sync 1 DAGs
[2024-10-29T14:42:55.074-0300] {logging_mixin.py:190} INFO - [2024-10-29T14:42:55.073-0300] {dag.py:4180} INFO - Setting next_dagrun for etl_redshift_dag_variables_bcra to 2024-10-29 00:01:00+00:00, run_after=2024-10-30 00:01:00+00:00
[2024-10-29T14:42:55.307-0300] {processor.py:208} INFO - Processing /mnt/c/Users/Nicolas/OneDrive - BCRA/Cursos/Python Data Application (ITBA)/variables-economicas/dags/dag_variables_bcra.py took 4.999 seconds
[2024-10-29T14:44:20.529-0300] {processor.py:186} INFO - Started process (PID=80645) to work on /mnt/c/Users/Nicolas/OneDrive - BCRA/Cursos/Python Data Application (ITBA)/variables-economicas/dags/dag_variables_bcra.py
[2024-10-29T14:44:20.542-0300] {processor.py:914} INFO - Processing file /mnt/c/Users/Nicolas/OneDrive - BCRA/Cursos/Python Data Application (ITBA)/variables-economicas/dags/dag_variables_bcra.py for tasks to queue
[2024-10-29T14:44:20.548-0300] {logging_mixin.py:190} INFO - [2024-10-29T14:44:20.546-0300] {dagbag.py:588} INFO - Filling up the DagBag from /mnt/c/Users/Nicolas/OneDrive - BCRA/Cursos/Python Data Application (ITBA)/variables-economicas/dags/dag_variables_bcra.py
[2024-10-29T17:44:35.894-0300] {processor.py:925} INFO - DAG(s) 'etl_redshift_dag_variables_bcra' retrieved from /mnt/c/Users/Nicolas/OneDrive - BCRA/Cursos/Python Data Application (ITBA)/variables-economicas/dags/dag_variables_bcra.py
[2024-10-29T17:44:36.088-0300] {logging_mixin.py:190} INFO - [2024-10-29T17:44:36.087-0300] {dag.py:3239} INFO - Sync 1 DAGs
[2024-10-29T17:44:36.305-0300] {logging_mixin.py:190} INFO - [2024-10-29T17:44:36.304-0300] {dag.py:4180} INFO - Setting next_dagrun for etl_redshift_dag_variables_bcra to 2024-10-29 00:01:00+00:00, run_after=2024-10-30 00:01:00+00:00
[2024-10-29T17:44:36.575-0300] {processor.py:208} INFO - Processing /mnt/c/Users/Nicolas/OneDrive - BCRA/Cursos/Python Data Application (ITBA)/variables-economicas/dags/dag_variables_bcra.py took 17.314 seconds
