[2024-10-28T20:20:06.258-0300] {local_task_job_runner.py:123} INFO - ::group::Pre task execution logs
[2024-10-28T20:20:06.362-0300] {taskinstance.py:2612} INFO - Dependencies all met for dep_context=non-requeueable deps ti=<TaskInstance: etl_redshift_dag_variables_fed.extract_data scheduled__2024-10-25T19:00:00+00:00 [queued]>
[2024-10-28T20:20:06.439-0300] {taskinstance.py:2612} INFO - Dependencies all met for dep_context=requeueable deps ti=<TaskInstance: etl_redshift_dag_variables_fed.extract_data scheduled__2024-10-25T19:00:00+00:00 [queued]>
[2024-10-28T20:20:06.460-0300] {taskinstance.py:2865} INFO - Starting attempt 1 of 2
[2024-10-28T20:20:06.740-0300] {taskinstance.py:2888} INFO - Executing <Task(PythonOperator): extract_data> on 2024-10-25 19:00:00+00:00
[2024-10-28T20:20:06.779-0300] {standard_task_runner.py:72} INFO - Started process 45033 to run task
[2024-10-28T20:20:06.790-0300] {standard_task_runner.py:104} INFO - Running: ['airflow', 'tasks', 'run', 'etl_redshift_dag_variables_fed', 'extract_data', 'scheduled__2024-10-25T19:00:00+00:00', '--job-id', '113', '--raw', '--subdir', 'DAGS_FOLDER/dag_variables_fed.py', '--cfg-path', '/tmp/tmpm65rtb3m']
[2024-10-28T20:20:06.798-0300] {standard_task_runner.py:105} INFO - Job 113: Subtask extract_data
[2024-10-28T20:20:07.094-0300] {task_command.py:467} INFO - Running <TaskInstance: etl_redshift_dag_variables_fed.extract_data scheduled__2024-10-25T19:00:00+00:00 [running]> on host DESKTOP-MVFODGC.
[2024-10-28T20:20:07.421-0300] {taskinstance.py:3131} INFO - Exporting env vars: AIRFLOW_CTX_DAG_OWNER='airflow' AIRFLOW_CTX_DAG_ID='etl_redshift_dag_variables_fed' AIRFLOW_CTX_TASK_ID='extract_data' AIRFLOW_CTX_EXECUTION_DATE='2024-10-25T19:00:00+00:00' AIRFLOW_CTX_TRY_NUMBER='1' AIRFLOW_CTX_DAG_RUN_ID='scheduled__2024-10-25T19:00:00+00:00'
[2024-10-28T20:20:07.427-0300] {logging_mixin.py:190} INFO - Task instance is in running state
[2024-10-28T20:20:07.431-0300] {logging_mixin.py:190} INFO -  Previous state of the Task instance: queued
[2024-10-28T20:20:07.437-0300] {logging_mixin.py:190} INFO - Current task name:extract_data state:running start_date:2024-10-28 23:20:06.370500+00:00
[2024-10-28T20:20:07.440-0300] {logging_mixin.py:190} INFO - Dag name:etl_redshift_dag_variables_fed and current dag run status:running
[2024-10-28T20:20:07.443-0300] {taskinstance.py:731} INFO - ::endgroup::
[2024-10-28T20:20:07.575-0300] {logging_mixin.py:190} WARNING - /home/nico/.local/lib/python3.10/site-packages/urllib3/connectionpool.py:1099 InsecureRequestWarning: Unverified HTTPS request is being made to host 'api.bcra.gob.ar'. Adding certificate verification is strongly advised. See: https://urllib3.readthedocs.io/en/latest/advanced-usage.html#tls-warnings
[2024-10-28T20:20:07.745-0300] {logging_mixin.py:190} INFO - Data extraída y guardada en /mnt/c/Users/Nicolas/OneDrive - BCRA/Cursos/Python Data Application (ITBA)/variables-economicas/dags/data.parquet
[2024-10-28T20:20:07.754-0300] {python.py:240} INFO - Done. Returned value was: /mnt/c/Users/Nicolas/OneDrive - BCRA/Cursos/Python Data Application (ITBA)/variables-economicas/dags/data.parquet
[2024-10-28T20:20:07.911-0300] {taskinstance.py:340} INFO - ::group::Post task execution logs
[2024-10-28T20:20:07.914-0300] {taskinstance.py:352} INFO - Marking task as SUCCESS. dag_id=etl_redshift_dag_variables_fed, task_id=extract_data, run_id=scheduled__2024-10-25T19:00:00+00:00, execution_date=20241025T190000, start_date=20241028T232006, end_date=20241028T232007
[2024-10-28T20:20:08.057-0300] {logging_mixin.py:190} INFO - Task instance in success state
[2024-10-28T20:20:08.060-0300] {logging_mixin.py:190} INFO -  Previous state of the Task instance: running
[2024-10-28T20:20:08.065-0300] {logging_mixin.py:190} INFO - Dag name:etl_redshift_dag_variables_fed queued_at:2024-10-28 23:18:39.764062+00:00
[2024-10-28T20:20:08.070-0300] {logging_mixin.py:190} INFO - Task hostname:DESKTOP-MVFODGC. operator:PythonOperator
[2024-10-28T20:20:08.144-0300] {local_task_job_runner.py:266} INFO - Task exited with return code 0
[2024-10-28T20:20:08.387-0300] {taskinstance.py:3900} INFO - 1 downstream tasks scheduled from follow-on schedule check
[2024-10-28T20:20:08.422-0300] {local_task_job_runner.py:245} INFO - ::endgroup::
