[2024-10-27T22:16:12.860-0300] {processor.py:186} INFO - Started process (PID=806) to work on /home/nico/.local/lib/python3.10/site-packages/airflow/example_dags/plugins/decreasing_priority_weight_strategy.py
[2024-10-27T22:16:12.866-0300] {processor.py:914} INFO - Processing file /home/nico/.local/lib/python3.10/site-packages/airflow/example_dags/plugins/decreasing_priority_weight_strategy.py for tasks to queue
[2024-10-27T22:16:12.944-0300] {logging_mixin.py:190} INFO - [2024-10-27T22:16:12.942-0300] {dagbag.py:588} INFO - Filling up the DagBag from /home/nico/.local/lib/python3.10/site-packages/airflow/example_dags/plugins/decreasing_priority_weight_strategy.py
[2024-10-27T22:16:13.002-0300] {processor.py:927} WARNING - No viable dags retrieved from /home/nico/.local/lib/python3.10/site-packages/airflow/example_dags/plugins/decreasing_priority_weight_strategy.py
[2024-10-27T22:16:13.184-0300] {processor.py:208} INFO - Processing /home/nico/.local/lib/python3.10/site-packages/airflow/example_dags/plugins/decreasing_priority_weight_strategy.py took 0.391 seconds
[2024-10-28T12:18:08.940-0300] {processor.py:186} INFO - Started process (PID=2096) to work on /home/nico/.local/lib/python3.10/site-packages/airflow/example_dags/plugins/decreasing_priority_weight_strategy.py
[2024-10-28T12:18:08.943-0300] {processor.py:914} INFO - Processing file /home/nico/.local/lib/python3.10/site-packages/airflow/example_dags/plugins/decreasing_priority_weight_strategy.py for tasks to queue
[2024-10-28T12:18:08.946-0300] {logging_mixin.py:190} INFO - [2024-10-28T12:18:08.945-0300] {dagbag.py:588} INFO - Filling up the DagBag from /home/nico/.local/lib/python3.10/site-packages/airflow/example_dags/plugins/decreasing_priority_weight_strategy.py
[2024-10-28T12:18:08.955-0300] {processor.py:927} WARNING - No viable dags retrieved from /home/nico/.local/lib/python3.10/site-packages/airflow/example_dags/plugins/decreasing_priority_weight_strategy.py
[2024-10-28T12:18:09.005-0300] {processor.py:208} INFO - Processing /home/nico/.local/lib/python3.10/site-packages/airflow/example_dags/plugins/decreasing_priority_weight_strategy.py took 0.080 seconds
[2024-10-28T12:19:57.446-0300] {processor.py:186} INFO - Started process (PID=2579) to work on /home/nico/.local/lib/python3.10/site-packages/airflow/example_dags/plugins/decreasing_priority_weight_strategy.py
[2024-10-28T12:19:57.450-0300] {processor.py:914} INFO - Processing file /home/nico/.local/lib/python3.10/site-packages/airflow/example_dags/plugins/decreasing_priority_weight_strategy.py for tasks to queue
[2024-10-28T12:19:57.453-0300] {logging_mixin.py:190} INFO - [2024-10-28T12:19:57.452-0300] {dagbag.py:588} INFO - Filling up the DagBag from /home/nico/.local/lib/python3.10/site-packages/airflow/example_dags/plugins/decreasing_priority_weight_strategy.py
[2024-10-28T12:19:57.460-0300] {processor.py:927} WARNING - No viable dags retrieved from /home/nico/.local/lib/python3.10/site-packages/airflow/example_dags/plugins/decreasing_priority_weight_strategy.py
[2024-10-28T12:19:57.515-0300] {processor.py:208} INFO - Processing /home/nico/.local/lib/python3.10/site-packages/airflow/example_dags/plugins/decreasing_priority_weight_strategy.py took 0.092 seconds
[2024-10-28T12:21:02.786-0300] {processor.py:186} INFO - Started process (PID=2872) to work on /home/nico/.local/lib/python3.10/site-packages/airflow/example_dags/plugins/decreasing_priority_weight_strategy.py
[2024-10-28T12:21:02.789-0300] {processor.py:914} INFO - Processing file /home/nico/.local/lib/python3.10/site-packages/airflow/example_dags/plugins/decreasing_priority_weight_strategy.py for tasks to queue
[2024-10-28T12:21:02.795-0300] {logging_mixin.py:190} INFO - [2024-10-28T12:21:02.794-0300] {dagbag.py:588} INFO - Filling up the DagBag from /home/nico/.local/lib/python3.10/site-packages/airflow/example_dags/plugins/decreasing_priority_weight_strategy.py
[2024-10-28T12:21:02.803-0300] {processor.py:927} WARNING - No viable dags retrieved from /home/nico/.local/lib/python3.10/site-packages/airflow/example_dags/plugins/decreasing_priority_weight_strategy.py
[2024-10-28T12:21:02.862-0300] {processor.py:208} INFO - Processing /home/nico/.local/lib/python3.10/site-packages/airflow/example_dags/plugins/decreasing_priority_weight_strategy.py took 0.098 seconds
[2024-10-28T12:22:03.014-0300] {processor.py:186} INFO - Started process (PID=3143) to work on /home/nico/.local/lib/python3.10/site-packages/airflow/example_dags/plugins/decreasing_priority_weight_strategy.py
[2024-10-28T12:22:03.017-0300] {processor.py:914} INFO - Processing file /home/nico/.local/lib/python3.10/site-packages/airflow/example_dags/plugins/decreasing_priority_weight_strategy.py for tasks to queue
[2024-10-28T12:22:03.021-0300] {logging_mixin.py:190} INFO - [2024-10-28T12:22:03.020-0300] {dagbag.py:588} INFO - Filling up the DagBag from /home/nico/.local/lib/python3.10/site-packages/airflow/example_dags/plugins/decreasing_priority_weight_strategy.py
[2024-10-28T12:22:03.027-0300] {processor.py:927} WARNING - No viable dags retrieved from /home/nico/.local/lib/python3.10/site-packages/airflow/example_dags/plugins/decreasing_priority_weight_strategy.py
[2024-10-28T12:22:03.074-0300] {processor.py:208} INFO - Processing /home/nico/.local/lib/python3.10/site-packages/airflow/example_dags/plugins/decreasing_priority_weight_strategy.py took 0.081 seconds
[2024-10-28T12:23:05.361-0300] {processor.py:186} INFO - Started process (PID=3500) to work on /home/nico/.local/lib/python3.10/site-packages/airflow/example_dags/plugins/decreasing_priority_weight_strategy.py
[2024-10-28T12:23:05.364-0300] {processor.py:914} INFO - Processing file /home/nico/.local/lib/python3.10/site-packages/airflow/example_dags/plugins/decreasing_priority_weight_strategy.py for tasks to queue
[2024-10-28T12:23:05.369-0300] {logging_mixin.py:190} INFO - [2024-10-28T12:23:05.368-0300] {dagbag.py:588} INFO - Filling up the DagBag from /home/nico/.local/lib/python3.10/site-packages/airflow/example_dags/plugins/decreasing_priority_weight_strategy.py
[2024-10-28T12:23:05.376-0300] {processor.py:927} WARNING - No viable dags retrieved from /home/nico/.local/lib/python3.10/site-packages/airflow/example_dags/plugins/decreasing_priority_weight_strategy.py
[2024-10-28T12:23:05.429-0300] {processor.py:208} INFO - Processing /home/nico/.local/lib/python3.10/site-packages/airflow/example_dags/plugins/decreasing_priority_weight_strategy.py took 0.087 seconds
[2024-10-28T12:24:02.373-0300] {processor.py:186} INFO - Started process (PID=3758) to work on /home/nico/.local/lib/python3.10/site-packages/airflow/example_dags/plugins/decreasing_priority_weight_strategy.py
[2024-10-28T12:24:02.375-0300] {processor.py:914} INFO - Processing file /home/nico/.local/lib/python3.10/site-packages/airflow/example_dags/plugins/decreasing_priority_weight_strategy.py for tasks to queue
[2024-10-28T12:24:02.380-0300] {logging_mixin.py:190} INFO - [2024-10-28T12:24:02.379-0300] {dagbag.py:588} INFO - Filling up the DagBag from /home/nico/.local/lib/python3.10/site-packages/airflow/example_dags/plugins/decreasing_priority_weight_strategy.py
[2024-10-28T12:24:02.386-0300] {processor.py:927} WARNING - No viable dags retrieved from /home/nico/.local/lib/python3.10/site-packages/airflow/example_dags/plugins/decreasing_priority_weight_strategy.py
[2024-10-28T12:24:02.436-0300] {processor.py:208} INFO - Processing /home/nico/.local/lib/python3.10/site-packages/airflow/example_dags/plugins/decreasing_priority_weight_strategy.py took 0.077 seconds
[2024-10-28T12:25:00.153-0300] {processor.py:186} INFO - Started process (PID=4019) to work on /home/nico/.local/lib/python3.10/site-packages/airflow/example_dags/plugins/decreasing_priority_weight_strategy.py
[2024-10-28T12:25:00.155-0300] {processor.py:914} INFO - Processing file /home/nico/.local/lib/python3.10/site-packages/airflow/example_dags/plugins/decreasing_priority_weight_strategy.py for tasks to queue
[2024-10-28T12:25:00.159-0300] {logging_mixin.py:190} INFO - [2024-10-28T12:25:00.158-0300] {dagbag.py:588} INFO - Filling up the DagBag from /home/nico/.local/lib/python3.10/site-packages/airflow/example_dags/plugins/decreasing_priority_weight_strategy.py
[2024-10-28T12:25:00.164-0300] {processor.py:927} WARNING - No viable dags retrieved from /home/nico/.local/lib/python3.10/site-packages/airflow/example_dags/plugins/decreasing_priority_weight_strategy.py
[2024-10-28T12:25:00.215-0300] {processor.py:208} INFO - Processing /home/nico/.local/lib/python3.10/site-packages/airflow/example_dags/plugins/decreasing_priority_weight_strategy.py took 0.079 seconds
[2024-10-28T12:26:23.420-0300] {processor.py:186} INFO - Started process (PID=4377) to work on /home/nico/.local/lib/python3.10/site-packages/airflow/example_dags/plugins/decreasing_priority_weight_strategy.py
[2024-10-28T12:26:23.423-0300] {processor.py:914} INFO - Processing file /home/nico/.local/lib/python3.10/site-packages/airflow/example_dags/plugins/decreasing_priority_weight_strategy.py for tasks to queue
[2024-10-28T12:26:23.431-0300] {logging_mixin.py:190} INFO - [2024-10-28T12:26:23.430-0300] {dagbag.py:588} INFO - Filling up the DagBag from /home/nico/.local/lib/python3.10/site-packages/airflow/example_dags/plugins/decreasing_priority_weight_strategy.py
[2024-10-28T12:26:23.450-0300] {processor.py:927} WARNING - No viable dags retrieved from /home/nico/.local/lib/python3.10/site-packages/airflow/example_dags/plugins/decreasing_priority_weight_strategy.py
[2024-10-28T12:26:23.649-0300] {processor.py:208} INFO - Processing /home/nico/.local/lib/python3.10/site-packages/airflow/example_dags/plugins/decreasing_priority_weight_strategy.py took 0.246 seconds
[2024-10-28T12:27:32.949-0300] {processor.py:186} INFO - Started process (PID=4685) to work on /home/nico/.local/lib/python3.10/site-packages/airflow/example_dags/plugins/decreasing_priority_weight_strategy.py
[2024-10-28T12:27:32.952-0300] {processor.py:914} INFO - Processing file /home/nico/.local/lib/python3.10/site-packages/airflow/example_dags/plugins/decreasing_priority_weight_strategy.py for tasks to queue
[2024-10-28T12:27:32.956-0300] {logging_mixin.py:190} INFO - [2024-10-28T12:27:32.955-0300] {dagbag.py:588} INFO - Filling up the DagBag from /home/nico/.local/lib/python3.10/site-packages/airflow/example_dags/plugins/decreasing_priority_weight_strategy.py
[2024-10-28T12:27:32.963-0300] {processor.py:927} WARNING - No viable dags retrieved from /home/nico/.local/lib/python3.10/site-packages/airflow/example_dags/plugins/decreasing_priority_weight_strategy.py
[2024-10-28T12:27:33.008-0300] {processor.py:208} INFO - Processing /home/nico/.local/lib/python3.10/site-packages/airflow/example_dags/plugins/decreasing_priority_weight_strategy.py took 0.079 seconds
[2024-10-28T12:28:37.527-0300] {processor.py:186} INFO - Started process (PID=4973) to work on /home/nico/.local/lib/python3.10/site-packages/airflow/example_dags/plugins/decreasing_priority_weight_strategy.py
[2024-10-28T12:28:37.529-0300] {processor.py:914} INFO - Processing file /home/nico/.local/lib/python3.10/site-packages/airflow/example_dags/plugins/decreasing_priority_weight_strategy.py for tasks to queue
[2024-10-28T12:28:37.532-0300] {logging_mixin.py:190} INFO - [2024-10-28T12:28:37.532-0300] {dagbag.py:588} INFO - Filling up the DagBag from /home/nico/.local/lib/python3.10/site-packages/airflow/example_dags/plugins/decreasing_priority_weight_strategy.py
[2024-10-28T12:28:37.537-0300] {processor.py:927} WARNING - No viable dags retrieved from /home/nico/.local/lib/python3.10/site-packages/airflow/example_dags/plugins/decreasing_priority_weight_strategy.py
[2024-10-28T12:28:37.583-0300] {processor.py:208} INFO - Processing /home/nico/.local/lib/python3.10/site-packages/airflow/example_dags/plugins/decreasing_priority_weight_strategy.py took 0.076 seconds
[2024-10-28T12:29:38.177-0300] {processor.py:186} INFO - Started process (PID=5247) to work on /home/nico/.local/lib/python3.10/site-packages/airflow/example_dags/plugins/decreasing_priority_weight_strategy.py
[2024-10-28T12:29:38.183-0300] {processor.py:914} INFO - Processing file /home/nico/.local/lib/python3.10/site-packages/airflow/example_dags/plugins/decreasing_priority_weight_strategy.py for tasks to queue
[2024-10-28T12:29:38.187-0300] {logging_mixin.py:190} INFO - [2024-10-28T12:29:38.186-0300] {dagbag.py:588} INFO - Filling up the DagBag from /home/nico/.local/lib/python3.10/site-packages/airflow/example_dags/plugins/decreasing_priority_weight_strategy.py
[2024-10-28T12:29:38.195-0300] {processor.py:927} WARNING - No viable dags retrieved from /home/nico/.local/lib/python3.10/site-packages/airflow/example_dags/plugins/decreasing_priority_weight_strategy.py
[2024-10-28T12:29:38.297-0300] {processor.py:208} INFO - Processing /home/nico/.local/lib/python3.10/site-packages/airflow/example_dags/plugins/decreasing_priority_weight_strategy.py took 0.147 seconds
[2024-10-28T12:30:49.063-0300] {processor.py:186} INFO - Started process (PID=5559) to work on /home/nico/.local/lib/python3.10/site-packages/airflow/example_dags/plugins/decreasing_priority_weight_strategy.py
[2024-10-28T12:30:49.065-0300] {processor.py:914} INFO - Processing file /home/nico/.local/lib/python3.10/site-packages/airflow/example_dags/plugins/decreasing_priority_weight_strategy.py for tasks to queue
[2024-10-28T12:30:49.069-0300] {logging_mixin.py:190} INFO - [2024-10-28T12:30:49.068-0300] {dagbag.py:588} INFO - Filling up the DagBag from /home/nico/.local/lib/python3.10/site-packages/airflow/example_dags/plugins/decreasing_priority_weight_strategy.py
[2024-10-28T12:30:49.074-0300] {processor.py:927} WARNING - No viable dags retrieved from /home/nico/.local/lib/python3.10/site-packages/airflow/example_dags/plugins/decreasing_priority_weight_strategy.py
[2024-10-28T12:30:49.122-0300] {processor.py:208} INFO - Processing /home/nico/.local/lib/python3.10/site-packages/airflow/example_dags/plugins/decreasing_priority_weight_strategy.py took 0.075 seconds
[2024-10-28T12:32:18.371-0300] {processor.py:186} INFO - Started process (PID=5946) to work on /home/nico/.local/lib/python3.10/site-packages/airflow/example_dags/plugins/decreasing_priority_weight_strategy.py
[2024-10-28T12:32:18.374-0300] {processor.py:914} INFO - Processing file /home/nico/.local/lib/python3.10/site-packages/airflow/example_dags/plugins/decreasing_priority_weight_strategy.py for tasks to queue
[2024-10-28T12:32:18.379-0300] {logging_mixin.py:190} INFO - [2024-10-28T12:32:18.378-0300] {dagbag.py:588} INFO - Filling up the DagBag from /home/nico/.local/lib/python3.10/site-packages/airflow/example_dags/plugins/decreasing_priority_weight_strategy.py
[2024-10-28T12:32:18.390-0300] {processor.py:927} WARNING - No viable dags retrieved from /home/nico/.local/lib/python3.10/site-packages/airflow/example_dags/plugins/decreasing_priority_weight_strategy.py
[2024-10-28T12:32:18.428-0300] {processor.py:208} INFO - Processing /home/nico/.local/lib/python3.10/site-packages/airflow/example_dags/plugins/decreasing_priority_weight_strategy.py took 0.085 seconds
[2024-10-28T12:33:32.942-0300] {processor.py:186} INFO - Started process (PID=6286) to work on /home/nico/.local/lib/python3.10/site-packages/airflow/example_dags/plugins/decreasing_priority_weight_strategy.py
[2024-10-28T12:33:32.944-0300] {processor.py:914} INFO - Processing file /home/nico/.local/lib/python3.10/site-packages/airflow/example_dags/plugins/decreasing_priority_weight_strategy.py for tasks to queue
[2024-10-28T12:33:32.948-0300] {logging_mixin.py:190} INFO - [2024-10-28T12:33:32.948-0300] {dagbag.py:588} INFO - Filling up the DagBag from /home/nico/.local/lib/python3.10/site-packages/airflow/example_dags/plugins/decreasing_priority_weight_strategy.py
[2024-10-28T12:33:32.953-0300] {processor.py:927} WARNING - No viable dags retrieved from /home/nico/.local/lib/python3.10/site-packages/airflow/example_dags/plugins/decreasing_priority_weight_strategy.py
[2024-10-28T12:33:32.999-0300] {processor.py:208} INFO - Processing /home/nico/.local/lib/python3.10/site-packages/airflow/example_dags/plugins/decreasing_priority_weight_strategy.py took 0.072 seconds
[2024-10-28T12:34:43.761-0300] {processor.py:186} INFO - Started process (PID=6599) to work on /home/nico/.local/lib/python3.10/site-packages/airflow/example_dags/plugins/decreasing_priority_weight_strategy.py
[2024-10-28T12:34:43.764-0300] {processor.py:914} INFO - Processing file /home/nico/.local/lib/python3.10/site-packages/airflow/example_dags/plugins/decreasing_priority_weight_strategy.py for tasks to queue
[2024-10-28T12:34:43.766-0300] {logging_mixin.py:190} INFO - [2024-10-28T12:34:43.766-0300] {dagbag.py:588} INFO - Filling up the DagBag from /home/nico/.local/lib/python3.10/site-packages/airflow/example_dags/plugins/decreasing_priority_weight_strategy.py
[2024-10-28T12:34:43.771-0300] {processor.py:927} WARNING - No viable dags retrieved from /home/nico/.local/lib/python3.10/site-packages/airflow/example_dags/plugins/decreasing_priority_weight_strategy.py
[2024-10-28T12:34:43.811-0300] {processor.py:208} INFO - Processing /home/nico/.local/lib/python3.10/site-packages/airflow/example_dags/plugins/decreasing_priority_weight_strategy.py took 0.062 seconds
[2024-10-28T12:36:28.954-0300] {processor.py:186} INFO - Started process (PID=7041) to work on /home/nico/.local/lib/python3.10/site-packages/airflow/example_dags/plugins/decreasing_priority_weight_strategy.py
[2024-10-28T12:36:28.961-0300] {processor.py:914} INFO - Processing file /home/nico/.local/lib/python3.10/site-packages/airflow/example_dags/plugins/decreasing_priority_weight_strategy.py for tasks to queue
[2024-10-28T12:36:28.975-0300] {logging_mixin.py:190} INFO - [2024-10-28T12:36:28.973-0300] {dagbag.py:588} INFO - Filling up the DagBag from /home/nico/.local/lib/python3.10/site-packages/airflow/example_dags/plugins/decreasing_priority_weight_strategy.py
[2024-10-28T12:36:29.004-0300] {processor.py:927} WARNING - No viable dags retrieved from /home/nico/.local/lib/python3.10/site-packages/airflow/example_dags/plugins/decreasing_priority_weight_strategy.py
[2024-10-28T12:36:29.096-0300] {processor.py:208} INFO - Processing /home/nico/.local/lib/python3.10/site-packages/airflow/example_dags/plugins/decreasing_priority_weight_strategy.py took 0.220 seconds
[2024-10-28T12:38:06.095-0300] {processor.py:186} INFO - Started process (PID=7456) to work on /home/nico/.local/lib/python3.10/site-packages/airflow/example_dags/plugins/decreasing_priority_weight_strategy.py
[2024-10-28T12:38:06.098-0300] {processor.py:914} INFO - Processing file /home/nico/.local/lib/python3.10/site-packages/airflow/example_dags/plugins/decreasing_priority_weight_strategy.py for tasks to queue
[2024-10-28T12:38:06.103-0300] {logging_mixin.py:190} INFO - [2024-10-28T12:38:06.102-0300] {dagbag.py:588} INFO - Filling up the DagBag from /home/nico/.local/lib/python3.10/site-packages/airflow/example_dags/plugins/decreasing_priority_weight_strategy.py
[2024-10-28T12:38:06.111-0300] {processor.py:927} WARNING - No viable dags retrieved from /home/nico/.local/lib/python3.10/site-packages/airflow/example_dags/plugins/decreasing_priority_weight_strategy.py
[2024-10-28T12:38:06.180-0300] {processor.py:208} INFO - Processing /home/nico/.local/lib/python3.10/site-packages/airflow/example_dags/plugins/decreasing_priority_weight_strategy.py took 0.110 seconds
[2024-10-28T12:39:18.489-0300] {processor.py:186} INFO - Started process (PID=7777) to work on /home/nico/.local/lib/python3.10/site-packages/airflow/example_dags/plugins/decreasing_priority_weight_strategy.py
[2024-10-28T12:39:18.491-0300] {processor.py:914} INFO - Processing file /home/nico/.local/lib/python3.10/site-packages/airflow/example_dags/plugins/decreasing_priority_weight_strategy.py for tasks to queue
[2024-10-28T12:39:18.495-0300] {logging_mixin.py:190} INFO - [2024-10-28T12:39:18.494-0300] {dagbag.py:588} INFO - Filling up the DagBag from /home/nico/.local/lib/python3.10/site-packages/airflow/example_dags/plugins/decreasing_priority_weight_strategy.py
[2024-10-28T12:39:18.501-0300] {processor.py:927} WARNING - No viable dags retrieved from /home/nico/.local/lib/python3.10/site-packages/airflow/example_dags/plugins/decreasing_priority_weight_strategy.py
[2024-10-28T12:39:18.558-0300] {processor.py:208} INFO - Processing /home/nico/.local/lib/python3.10/site-packages/airflow/example_dags/plugins/decreasing_priority_weight_strategy.py took 0.109 seconds
[2024-10-28T12:40:46.737-0300] {processor.py:186} INFO - Started process (PID=8161) to work on /home/nico/.local/lib/python3.10/site-packages/airflow/example_dags/plugins/decreasing_priority_weight_strategy.py
[2024-10-28T12:40:46.755-0300] {processor.py:914} INFO - Processing file /home/nico/.local/lib/python3.10/site-packages/airflow/example_dags/plugins/decreasing_priority_weight_strategy.py for tasks to queue
[2024-10-28T12:40:46.787-0300] {logging_mixin.py:190} INFO - [2024-10-28T12:40:46.785-0300] {dagbag.py:588} INFO - Filling up the DagBag from /home/nico/.local/lib/python3.10/site-packages/airflow/example_dags/plugins/decreasing_priority_weight_strategy.py
[2024-10-28T12:40:46.804-0300] {processor.py:927} WARNING - No viable dags retrieved from /home/nico/.local/lib/python3.10/site-packages/airflow/example_dags/plugins/decreasing_priority_weight_strategy.py
[2024-10-28T12:40:47.314-0300] {processor.py:208} INFO - Processing /home/nico/.local/lib/python3.10/site-packages/airflow/example_dags/plugins/decreasing_priority_weight_strategy.py took 0.642 seconds
[2024-10-28T12:42:23.762-0300] {processor.py:186} INFO - Started process (PID=8599) to work on /home/nico/.local/lib/python3.10/site-packages/airflow/example_dags/plugins/decreasing_priority_weight_strategy.py
[2024-10-28T12:42:23.764-0300] {processor.py:914} INFO - Processing file /home/nico/.local/lib/python3.10/site-packages/airflow/example_dags/plugins/decreasing_priority_weight_strategy.py for tasks to queue
[2024-10-28T12:42:23.769-0300] {logging_mixin.py:190} INFO - [2024-10-28T12:42:23.768-0300] {dagbag.py:588} INFO - Filling up the DagBag from /home/nico/.local/lib/python3.10/site-packages/airflow/example_dags/plugins/decreasing_priority_weight_strategy.py
[2024-10-28T12:42:23.775-0300] {processor.py:927} WARNING - No viable dags retrieved from /home/nico/.local/lib/python3.10/site-packages/airflow/example_dags/plugins/decreasing_priority_weight_strategy.py
[2024-10-28T12:42:23.844-0300] {processor.py:208} INFO - Processing /home/nico/.local/lib/python3.10/site-packages/airflow/example_dags/plugins/decreasing_priority_weight_strategy.py took 0.098 seconds
[2024-10-28T19:47:04.218-0300] {processor.py:186} INFO - Started process (PID=36420) to work on /home/nico/.local/lib/python3.10/site-packages/airflow/example_dags/plugins/decreasing_priority_weight_strategy.py
[2024-10-28T19:47:04.221-0300] {processor.py:914} INFO - Processing file /home/nico/.local/lib/python3.10/site-packages/airflow/example_dags/plugins/decreasing_priority_weight_strategy.py for tasks to queue
[2024-10-28T19:47:04.228-0300] {logging_mixin.py:190} INFO - [2024-10-28T19:47:04.227-0300] {dagbag.py:588} INFO - Filling up the DagBag from /home/nico/.local/lib/python3.10/site-packages/airflow/example_dags/plugins/decreasing_priority_weight_strategy.py
[2024-10-28T19:47:04.233-0300] {processor.py:927} WARNING - No viable dags retrieved from /home/nico/.local/lib/python3.10/site-packages/airflow/example_dags/plugins/decreasing_priority_weight_strategy.py
[2024-10-28T19:47:04.280-0300] {processor.py:208} INFO - Processing /home/nico/.local/lib/python3.10/site-packages/airflow/example_dags/plugins/decreasing_priority_weight_strategy.py took 0.085 seconds
[2024-10-28T19:51:04.761-0300] {processor.py:186} INFO - Started process (PID=37467) to work on /home/nico/.local/lib/python3.10/site-packages/airflow/example_dags/plugins/decreasing_priority_weight_strategy.py
[2024-10-28T19:51:04.766-0300] {processor.py:914} INFO - Processing file /home/nico/.local/lib/python3.10/site-packages/airflow/example_dags/plugins/decreasing_priority_weight_strategy.py for tasks to queue
[2024-10-28T19:51:04.775-0300] {logging_mixin.py:190} INFO - [2024-10-28T19:51:04.774-0300] {dagbag.py:588} INFO - Filling up the DagBag from /home/nico/.local/lib/python3.10/site-packages/airflow/example_dags/plugins/decreasing_priority_weight_strategy.py
[2024-10-28T19:51:04.784-0300] {processor.py:927} WARNING - No viable dags retrieved from /home/nico/.local/lib/python3.10/site-packages/airflow/example_dags/plugins/decreasing_priority_weight_strategy.py
[2024-10-28T19:51:04.887-0300] {processor.py:208} INFO - Processing /home/nico/.local/lib/python3.10/site-packages/airflow/example_dags/plugins/decreasing_priority_weight_strategy.py took 0.146 seconds
[2024-10-28T19:52:38.323-0300] {processor.py:186} INFO - Started process (PID=37879) to work on /home/nico/.local/lib/python3.10/site-packages/airflow/example_dags/plugins/decreasing_priority_weight_strategy.py
[2024-10-28T19:52:38.326-0300] {processor.py:914} INFO - Processing file /home/nico/.local/lib/python3.10/site-packages/airflow/example_dags/plugins/decreasing_priority_weight_strategy.py for tasks to queue
[2024-10-28T19:52:38.332-0300] {logging_mixin.py:190} INFO - [2024-10-28T19:52:38.331-0300] {dagbag.py:588} INFO - Filling up the DagBag from /home/nico/.local/lib/python3.10/site-packages/airflow/example_dags/plugins/decreasing_priority_weight_strategy.py
[2024-10-28T19:52:38.337-0300] {processor.py:927} WARNING - No viable dags retrieved from /home/nico/.local/lib/python3.10/site-packages/airflow/example_dags/plugins/decreasing_priority_weight_strategy.py
[2024-10-28T19:52:38.383-0300] {processor.py:208} INFO - Processing /home/nico/.local/lib/python3.10/site-packages/airflow/example_dags/plugins/decreasing_priority_weight_strategy.py took 0.078 seconds
[2024-10-28T19:53:56.474-0300] {processor.py:186} INFO - Started process (PID=38222) to work on /home/nico/.local/lib/python3.10/site-packages/airflow/example_dags/plugins/decreasing_priority_weight_strategy.py
[2024-10-28T19:53:56.476-0300] {processor.py:914} INFO - Processing file /home/nico/.local/lib/python3.10/site-packages/airflow/example_dags/plugins/decreasing_priority_weight_strategy.py for tasks to queue
[2024-10-28T19:53:56.481-0300] {logging_mixin.py:190} INFO - [2024-10-28T19:53:56.481-0300] {dagbag.py:588} INFO - Filling up the DagBag from /home/nico/.local/lib/python3.10/site-packages/airflow/example_dags/plugins/decreasing_priority_weight_strategy.py
[2024-10-28T19:53:56.486-0300] {processor.py:927} WARNING - No viable dags retrieved from /home/nico/.local/lib/python3.10/site-packages/airflow/example_dags/plugins/decreasing_priority_weight_strategy.py
[2024-10-28T19:53:56.547-0300] {processor.py:208} INFO - Processing /home/nico/.local/lib/python3.10/site-packages/airflow/example_dags/plugins/decreasing_priority_weight_strategy.py took 0.087 seconds
[2024-10-28T19:55:15.323-0300] {processor.py:186} INFO - Started process (PID=38568) to work on /home/nico/.local/lib/python3.10/site-packages/airflow/example_dags/plugins/decreasing_priority_weight_strategy.py
[2024-10-28T19:55:15.326-0300] {processor.py:914} INFO - Processing file /home/nico/.local/lib/python3.10/site-packages/airflow/example_dags/plugins/decreasing_priority_weight_strategy.py for tasks to queue
[2024-10-28T19:55:15.341-0300] {logging_mixin.py:190} INFO - [2024-10-28T19:55:15.340-0300] {dagbag.py:588} INFO - Filling up the DagBag from /home/nico/.local/lib/python3.10/site-packages/airflow/example_dags/plugins/decreasing_priority_weight_strategy.py
[2024-10-28T19:55:15.357-0300] {processor.py:927} WARNING - No viable dags retrieved from /home/nico/.local/lib/python3.10/site-packages/airflow/example_dags/plugins/decreasing_priority_weight_strategy.py
[2024-10-28T19:55:15.476-0300] {processor.py:208} INFO - Processing /home/nico/.local/lib/python3.10/site-packages/airflow/example_dags/plugins/decreasing_priority_weight_strategy.py took 0.179 seconds
[2024-10-28T19:56:49.974-0300] {processor.py:186} INFO - Started process (PID=38972) to work on /home/nico/.local/lib/python3.10/site-packages/airflow/example_dags/plugins/decreasing_priority_weight_strategy.py
[2024-10-28T19:56:49.988-0300] {processor.py:914} INFO - Processing file /home/nico/.local/lib/python3.10/site-packages/airflow/example_dags/plugins/decreasing_priority_weight_strategy.py for tasks to queue
[2024-10-28T19:56:50.006-0300] {logging_mixin.py:190} INFO - [2024-10-28T19:56:50.005-0300] {dagbag.py:588} INFO - Filling up the DagBag from /home/nico/.local/lib/python3.10/site-packages/airflow/example_dags/plugins/decreasing_priority_weight_strategy.py
[2024-10-28T19:56:50.022-0300] {processor.py:927} WARNING - No viable dags retrieved from /home/nico/.local/lib/python3.10/site-packages/airflow/example_dags/plugins/decreasing_priority_weight_strategy.py
[2024-10-28T19:56:50.118-0300] {processor.py:208} INFO - Processing /home/nico/.local/lib/python3.10/site-packages/airflow/example_dags/plugins/decreasing_priority_weight_strategy.py took 0.201 seconds
[2024-10-28T19:58:29.695-0300] {processor.py:186} INFO - Started process (PID=39400) to work on /home/nico/.local/lib/python3.10/site-packages/airflow/example_dags/plugins/decreasing_priority_weight_strategy.py
[2024-10-28T19:58:29.697-0300] {processor.py:914} INFO - Processing file /home/nico/.local/lib/python3.10/site-packages/airflow/example_dags/plugins/decreasing_priority_weight_strategy.py for tasks to queue
[2024-10-28T19:58:29.705-0300] {logging_mixin.py:190} INFO - [2024-10-28T19:58:29.704-0300] {dagbag.py:588} INFO - Filling up the DagBag from /home/nico/.local/lib/python3.10/site-packages/airflow/example_dags/plugins/decreasing_priority_weight_strategy.py
[2024-10-28T19:58:29.711-0300] {processor.py:927} WARNING - No viable dags retrieved from /home/nico/.local/lib/python3.10/site-packages/airflow/example_dags/plugins/decreasing_priority_weight_strategy.py
[2024-10-28T19:58:29.762-0300] {processor.py:208} INFO - Processing /home/nico/.local/lib/python3.10/site-packages/airflow/example_dags/plugins/decreasing_priority_weight_strategy.py took 0.083 seconds
[2024-10-28T19:59:57.675-0300] {processor.py:186} INFO - Started process (PID=39781) to work on /home/nico/.local/lib/python3.10/site-packages/airflow/example_dags/plugins/decreasing_priority_weight_strategy.py
[2024-10-28T19:59:57.683-0300] {processor.py:914} INFO - Processing file /home/nico/.local/lib/python3.10/site-packages/airflow/example_dags/plugins/decreasing_priority_weight_strategy.py for tasks to queue
[2024-10-28T19:59:57.691-0300] {logging_mixin.py:190} INFO - [2024-10-28T19:59:57.690-0300] {dagbag.py:588} INFO - Filling up the DagBag from /home/nico/.local/lib/python3.10/site-packages/airflow/example_dags/plugins/decreasing_priority_weight_strategy.py
[2024-10-28T19:59:57.720-0300] {processor.py:927} WARNING - No viable dags retrieved from /home/nico/.local/lib/python3.10/site-packages/airflow/example_dags/plugins/decreasing_priority_weight_strategy.py
[2024-10-28T19:59:57.809-0300] {processor.py:208} INFO - Processing /home/nico/.local/lib/python3.10/site-packages/airflow/example_dags/plugins/decreasing_priority_weight_strategy.py took 0.199 seconds
[2024-10-28T20:01:35.429-0300] {processor.py:186} INFO - Started process (PID=40200) to work on /home/nico/.local/lib/python3.10/site-packages/airflow/example_dags/plugins/decreasing_priority_weight_strategy.py
[2024-10-28T20:01:35.431-0300] {processor.py:914} INFO - Processing file /home/nico/.local/lib/python3.10/site-packages/airflow/example_dags/plugins/decreasing_priority_weight_strategy.py for tasks to queue
[2024-10-28T20:01:35.438-0300] {logging_mixin.py:190} INFO - [2024-10-28T20:01:35.437-0300] {dagbag.py:588} INFO - Filling up the DagBag from /home/nico/.local/lib/python3.10/site-packages/airflow/example_dags/plugins/decreasing_priority_weight_strategy.py
[2024-10-28T20:01:35.443-0300] {processor.py:927} WARNING - No viable dags retrieved from /home/nico/.local/lib/python3.10/site-packages/airflow/example_dags/plugins/decreasing_priority_weight_strategy.py
[2024-10-28T20:01:35.486-0300] {processor.py:208} INFO - Processing /home/nico/.local/lib/python3.10/site-packages/airflow/example_dags/plugins/decreasing_priority_weight_strategy.py took 0.070 seconds
[2024-10-28T20:03:03.521-0300] {processor.py:186} INFO - Started process (PID=40582) to work on /home/nico/.local/lib/python3.10/site-packages/airflow/example_dags/plugins/decreasing_priority_weight_strategy.py
[2024-10-28T20:03:03.524-0300] {processor.py:914} INFO - Processing file /home/nico/.local/lib/python3.10/site-packages/airflow/example_dags/plugins/decreasing_priority_weight_strategy.py for tasks to queue
[2024-10-28T20:03:03.529-0300] {logging_mixin.py:190} INFO - [2024-10-28T20:03:03.529-0300] {dagbag.py:588} INFO - Filling up the DagBag from /home/nico/.local/lib/python3.10/site-packages/airflow/example_dags/plugins/decreasing_priority_weight_strategy.py
[2024-10-28T20:03:03.534-0300] {processor.py:927} WARNING - No viable dags retrieved from /home/nico/.local/lib/python3.10/site-packages/airflow/example_dags/plugins/decreasing_priority_weight_strategy.py
[2024-10-28T20:03:03.599-0300] {processor.py:208} INFO - Processing /home/nico/.local/lib/python3.10/site-packages/airflow/example_dags/plugins/decreasing_priority_weight_strategy.py took 0.090 seconds
[2024-10-28T20:04:29.098-0300] {processor.py:186} INFO - Started process (PID=40952) to work on /home/nico/.local/lib/python3.10/site-packages/airflow/example_dags/plugins/decreasing_priority_weight_strategy.py
[2024-10-28T20:04:29.101-0300] {processor.py:914} INFO - Processing file /home/nico/.local/lib/python3.10/site-packages/airflow/example_dags/plugins/decreasing_priority_weight_strategy.py for tasks to queue
[2024-10-28T20:04:29.113-0300] {logging_mixin.py:190} INFO - [2024-10-28T20:04:29.112-0300] {dagbag.py:588} INFO - Filling up the DagBag from /home/nico/.local/lib/python3.10/site-packages/airflow/example_dags/plugins/decreasing_priority_weight_strategy.py
[2024-10-28T20:04:29.122-0300] {processor.py:927} WARNING - No viable dags retrieved from /home/nico/.local/lib/python3.10/site-packages/airflow/example_dags/plugins/decreasing_priority_weight_strategy.py
[2024-10-28T20:04:29.179-0300] {processor.py:208} INFO - Processing /home/nico/.local/lib/python3.10/site-packages/airflow/example_dags/plugins/decreasing_priority_weight_strategy.py took 0.104 seconds
[2024-10-28T20:05:51.199-0300] {processor.py:186} INFO - Started process (PID=41311) to work on /home/nico/.local/lib/python3.10/site-packages/airflow/example_dags/plugins/decreasing_priority_weight_strategy.py
[2024-10-28T20:05:51.202-0300] {processor.py:914} INFO - Processing file /home/nico/.local/lib/python3.10/site-packages/airflow/example_dags/plugins/decreasing_priority_weight_strategy.py for tasks to queue
[2024-10-28T20:05:51.211-0300] {logging_mixin.py:190} INFO - [2024-10-28T20:05:51.210-0300] {dagbag.py:588} INFO - Filling up the DagBag from /home/nico/.local/lib/python3.10/site-packages/airflow/example_dags/plugins/decreasing_priority_weight_strategy.py
[2024-10-28T20:05:51.217-0300] {processor.py:927} WARNING - No viable dags retrieved from /home/nico/.local/lib/python3.10/site-packages/airflow/example_dags/plugins/decreasing_priority_weight_strategy.py
[2024-10-28T20:05:51.277-0300] {processor.py:208} INFO - Processing /home/nico/.local/lib/python3.10/site-packages/airflow/example_dags/plugins/decreasing_priority_weight_strategy.py took 0.097 seconds
[2024-10-28T20:07:25.770-0300] {processor.py:186} INFO - Started process (PID=41717) to work on /home/nico/.local/lib/python3.10/site-packages/airflow/example_dags/plugins/decreasing_priority_weight_strategy.py
[2024-10-28T20:07:25.773-0300] {processor.py:914} INFO - Processing file /home/nico/.local/lib/python3.10/site-packages/airflow/example_dags/plugins/decreasing_priority_weight_strategy.py for tasks to queue
[2024-10-28T20:07:25.782-0300] {logging_mixin.py:190} INFO - [2024-10-28T20:07:25.781-0300] {dagbag.py:588} INFO - Filling up the DagBag from /home/nico/.local/lib/python3.10/site-packages/airflow/example_dags/plugins/decreasing_priority_weight_strategy.py
[2024-10-28T20:07:25.788-0300] {processor.py:927} WARNING - No viable dags retrieved from /home/nico/.local/lib/python3.10/site-packages/airflow/example_dags/plugins/decreasing_priority_weight_strategy.py
[2024-10-28T20:07:25.838-0300] {processor.py:208} INFO - Processing /home/nico/.local/lib/python3.10/site-packages/airflow/example_dags/plugins/decreasing_priority_weight_strategy.py took 0.083 seconds
[2024-10-28T20:08:54.673-0300] {processor.py:186} INFO - Started process (PID=42102) to work on /home/nico/.local/lib/python3.10/site-packages/airflow/example_dags/plugins/decreasing_priority_weight_strategy.py
[2024-10-28T20:08:54.676-0300] {processor.py:914} INFO - Processing file /home/nico/.local/lib/python3.10/site-packages/airflow/example_dags/plugins/decreasing_priority_weight_strategy.py for tasks to queue
[2024-10-28T20:08:54.681-0300] {logging_mixin.py:190} INFO - [2024-10-28T20:08:54.681-0300] {dagbag.py:588} INFO - Filling up the DagBag from /home/nico/.local/lib/python3.10/site-packages/airflow/example_dags/plugins/decreasing_priority_weight_strategy.py
[2024-10-28T20:08:54.687-0300] {processor.py:927} WARNING - No viable dags retrieved from /home/nico/.local/lib/python3.10/site-packages/airflow/example_dags/plugins/decreasing_priority_weight_strategy.py
[2024-10-28T20:08:54.734-0300] {processor.py:208} INFO - Processing /home/nico/.local/lib/python3.10/site-packages/airflow/example_dags/plugins/decreasing_priority_weight_strategy.py took 0.075 seconds
[2024-10-28T20:10:32.368-0300] {processor.py:186} INFO - Started process (PID=42525) to work on /home/nico/.local/lib/python3.10/site-packages/airflow/example_dags/plugins/decreasing_priority_weight_strategy.py
[2024-10-28T20:10:32.371-0300] {processor.py:914} INFO - Processing file /home/nico/.local/lib/python3.10/site-packages/airflow/example_dags/plugins/decreasing_priority_weight_strategy.py for tasks to queue
[2024-10-28T20:10:32.377-0300] {logging_mixin.py:190} INFO - [2024-10-28T20:10:32.376-0300] {dagbag.py:588} INFO - Filling up the DagBag from /home/nico/.local/lib/python3.10/site-packages/airflow/example_dags/plugins/decreasing_priority_weight_strategy.py
[2024-10-28T20:10:32.384-0300] {processor.py:927} WARNING - No viable dags retrieved from /home/nico/.local/lib/python3.10/site-packages/airflow/example_dags/plugins/decreasing_priority_weight_strategy.py
[2024-10-28T20:10:32.431-0300] {processor.py:208} INFO - Processing /home/nico/.local/lib/python3.10/site-packages/airflow/example_dags/plugins/decreasing_priority_weight_strategy.py took 0.080 seconds
[2024-10-28T20:12:32.738-0300] {processor.py:186} INFO - Started process (PID=43029) to work on /home/nico/.local/lib/python3.10/site-packages/airflow/example_dags/plugins/decreasing_priority_weight_strategy.py
[2024-10-28T20:12:32.740-0300] {processor.py:914} INFO - Processing file /home/nico/.local/lib/python3.10/site-packages/airflow/example_dags/plugins/decreasing_priority_weight_strategy.py for tasks to queue
[2024-10-28T20:12:32.746-0300] {logging_mixin.py:190} INFO - [2024-10-28T20:12:32.746-0300] {dagbag.py:588} INFO - Filling up the DagBag from /home/nico/.local/lib/python3.10/site-packages/airflow/example_dags/plugins/decreasing_priority_weight_strategy.py
[2024-10-28T20:12:32.751-0300] {processor.py:927} WARNING - No viable dags retrieved from /home/nico/.local/lib/python3.10/site-packages/airflow/example_dags/plugins/decreasing_priority_weight_strategy.py
[2024-10-28T20:12:32.790-0300] {processor.py:208} INFO - Processing /home/nico/.local/lib/python3.10/site-packages/airflow/example_dags/plugins/decreasing_priority_weight_strategy.py took 0.073 seconds
[2024-10-28T20:14:17.061-0300] {processor.py:186} INFO - Started process (PID=43487) to work on /home/nico/.local/lib/python3.10/site-packages/airflow/example_dags/plugins/decreasing_priority_weight_strategy.py
[2024-10-28T20:14:17.065-0300] {processor.py:914} INFO - Processing file /home/nico/.local/lib/python3.10/site-packages/airflow/example_dags/plugins/decreasing_priority_weight_strategy.py for tasks to queue
[2024-10-28T20:14:17.072-0300] {logging_mixin.py:190} INFO - [2024-10-28T20:14:17.072-0300] {dagbag.py:588} INFO - Filling up the DagBag from /home/nico/.local/lib/python3.10/site-packages/airflow/example_dags/plugins/decreasing_priority_weight_strategy.py
[2024-10-28T20:14:17.079-0300] {processor.py:927} WARNING - No viable dags retrieved from /home/nico/.local/lib/python3.10/site-packages/airflow/example_dags/plugins/decreasing_priority_weight_strategy.py
[2024-10-28T20:14:17.130-0300] {processor.py:208} INFO - Processing /home/nico/.local/lib/python3.10/site-packages/airflow/example_dags/plugins/decreasing_priority_weight_strategy.py took 0.083 seconds
[2024-10-28T20:15:33.196-0300] {processor.py:186} INFO - Started process (PID=43822) to work on /home/nico/.local/lib/python3.10/site-packages/airflow/example_dags/plugins/decreasing_priority_weight_strategy.py
[2024-10-28T20:15:33.201-0300] {processor.py:914} INFO - Processing file /home/nico/.local/lib/python3.10/site-packages/airflow/example_dags/plugins/decreasing_priority_weight_strategy.py for tasks to queue
[2024-10-28T20:15:33.213-0300] {logging_mixin.py:190} INFO - [2024-10-28T20:15:33.210-0300] {dagbag.py:588} INFO - Filling up the DagBag from /home/nico/.local/lib/python3.10/site-packages/airflow/example_dags/plugins/decreasing_priority_weight_strategy.py
[2024-10-28T20:15:33.221-0300] {processor.py:927} WARNING - No viable dags retrieved from /home/nico/.local/lib/python3.10/site-packages/airflow/example_dags/plugins/decreasing_priority_weight_strategy.py
[2024-10-28T20:15:33.283-0300] {processor.py:208} INFO - Processing /home/nico/.local/lib/python3.10/site-packages/airflow/example_dags/plugins/decreasing_priority_weight_strategy.py took 0.109 seconds
[2024-10-28T20:17:09.164-0300] {processor.py:186} INFO - Started process (PID=44244) to work on /home/nico/.local/lib/python3.10/site-packages/airflow/example_dags/plugins/decreasing_priority_weight_strategy.py
[2024-10-28T20:17:09.167-0300] {processor.py:914} INFO - Processing file /home/nico/.local/lib/python3.10/site-packages/airflow/example_dags/plugins/decreasing_priority_weight_strategy.py for tasks to queue
[2024-10-28T20:17:09.179-0300] {logging_mixin.py:190} INFO - [2024-10-28T20:17:09.178-0300] {dagbag.py:588} INFO - Filling up the DagBag from /home/nico/.local/lib/python3.10/site-packages/airflow/example_dags/plugins/decreasing_priority_weight_strategy.py
[2024-10-28T20:17:09.186-0300] {processor.py:927} WARNING - No viable dags retrieved from /home/nico/.local/lib/python3.10/site-packages/airflow/example_dags/plugins/decreasing_priority_weight_strategy.py
[2024-10-28T20:17:09.244-0300] {processor.py:208} INFO - Processing /home/nico/.local/lib/python3.10/site-packages/airflow/example_dags/plugins/decreasing_priority_weight_strategy.py took 0.107 seconds
[2024-10-28T20:23:35.082-0300] {processor.py:186} INFO - Started process (PID=45972) to work on /home/nico/.local/lib/python3.10/site-packages/airflow/example_dags/plugins/decreasing_priority_weight_strategy.py
[2024-10-28T20:23:35.085-0300] {processor.py:914} INFO - Processing file /home/nico/.local/lib/python3.10/site-packages/airflow/example_dags/plugins/decreasing_priority_weight_strategy.py for tasks to queue
[2024-10-28T20:23:35.089-0300] {logging_mixin.py:190} INFO - [2024-10-28T20:23:35.088-0300] {dagbag.py:588} INFO - Filling up the DagBag from /home/nico/.local/lib/python3.10/site-packages/airflow/example_dags/plugins/decreasing_priority_weight_strategy.py
[2024-10-28T20:23:35.098-0300] {processor.py:927} WARNING - No viable dags retrieved from /home/nico/.local/lib/python3.10/site-packages/airflow/example_dags/plugins/decreasing_priority_weight_strategy.py
[2024-10-28T20:23:35.144-0300] {processor.py:208} INFO - Processing /home/nico/.local/lib/python3.10/site-packages/airflow/example_dags/plugins/decreasing_priority_weight_strategy.py took 0.078 seconds
[2024-10-28T20:25:10.989-0300] {processor.py:186} INFO - Started process (PID=46399) to work on /home/nico/.local/lib/python3.10/site-packages/airflow/example_dags/plugins/decreasing_priority_weight_strategy.py
[2024-10-28T20:25:10.992-0300] {processor.py:914} INFO - Processing file /home/nico/.local/lib/python3.10/site-packages/airflow/example_dags/plugins/decreasing_priority_weight_strategy.py for tasks to queue
[2024-10-28T20:25:10.995-0300] {logging_mixin.py:190} INFO - [2024-10-28T20:25:10.994-0300] {dagbag.py:588} INFO - Filling up the DagBag from /home/nico/.local/lib/python3.10/site-packages/airflow/example_dags/plugins/decreasing_priority_weight_strategy.py
[2024-10-28T20:25:11.000-0300] {processor.py:927} WARNING - No viable dags retrieved from /home/nico/.local/lib/python3.10/site-packages/airflow/example_dags/plugins/decreasing_priority_weight_strategy.py
[2024-10-28T20:25:11.047-0300] {processor.py:208} INFO - Processing /home/nico/.local/lib/python3.10/site-packages/airflow/example_dags/plugins/decreasing_priority_weight_strategy.py took 0.072 seconds
[2024-10-28T20:26:13.744-0300] {processor.py:186} INFO - Started process (PID=46680) to work on /home/nico/.local/lib/python3.10/site-packages/airflow/example_dags/plugins/decreasing_priority_weight_strategy.py
[2024-10-28T20:26:13.747-0300] {processor.py:914} INFO - Processing file /home/nico/.local/lib/python3.10/site-packages/airflow/example_dags/plugins/decreasing_priority_weight_strategy.py for tasks to queue
[2024-10-28T20:26:13.750-0300] {logging_mixin.py:190} INFO - [2024-10-28T20:26:13.749-0300] {dagbag.py:588} INFO - Filling up the DagBag from /home/nico/.local/lib/python3.10/site-packages/airflow/example_dags/plugins/decreasing_priority_weight_strategy.py
[2024-10-28T20:26:13.757-0300] {processor.py:927} WARNING - No viable dags retrieved from /home/nico/.local/lib/python3.10/site-packages/airflow/example_dags/plugins/decreasing_priority_weight_strategy.py
[2024-10-28T20:26:13.812-0300] {processor.py:208} INFO - Processing /home/nico/.local/lib/python3.10/site-packages/airflow/example_dags/plugins/decreasing_priority_weight_strategy.py took 0.081 seconds
[2024-10-28T20:27:15.724-0300] {processor.py:186} INFO - Started process (PID=46957) to work on /home/nico/.local/lib/python3.10/site-packages/airflow/example_dags/plugins/decreasing_priority_weight_strategy.py
[2024-10-28T20:27:15.728-0300] {processor.py:914} INFO - Processing file /home/nico/.local/lib/python3.10/site-packages/airflow/example_dags/plugins/decreasing_priority_weight_strategy.py for tasks to queue
[2024-10-28T20:27:15.735-0300] {logging_mixin.py:190} INFO - [2024-10-28T20:27:15.734-0300] {dagbag.py:588} INFO - Filling up the DagBag from /home/nico/.local/lib/python3.10/site-packages/airflow/example_dags/plugins/decreasing_priority_weight_strategy.py
[2024-10-28T20:27:15.744-0300] {processor.py:927} WARNING - No viable dags retrieved from /home/nico/.local/lib/python3.10/site-packages/airflow/example_dags/plugins/decreasing_priority_weight_strategy.py
[2024-10-28T20:27:15.849-0300] {processor.py:208} INFO - Processing /home/nico/.local/lib/python3.10/site-packages/airflow/example_dags/plugins/decreasing_priority_weight_strategy.py took 0.166 seconds
[2024-10-28T20:28:23.020-0300] {processor.py:186} INFO - Started process (PID=47255) to work on /home/nico/.local/lib/python3.10/site-packages/airflow/example_dags/plugins/decreasing_priority_weight_strategy.py
[2024-10-28T20:28:23.022-0300] {processor.py:914} INFO - Processing file /home/nico/.local/lib/python3.10/site-packages/airflow/example_dags/plugins/decreasing_priority_weight_strategy.py for tasks to queue
[2024-10-28T20:28:23.025-0300] {logging_mixin.py:190} INFO - [2024-10-28T20:28:23.024-0300] {dagbag.py:588} INFO - Filling up the DagBag from /home/nico/.local/lib/python3.10/site-packages/airflow/example_dags/plugins/decreasing_priority_weight_strategy.py
[2024-10-28T20:28:23.030-0300] {processor.py:927} WARNING - No viable dags retrieved from /home/nico/.local/lib/python3.10/site-packages/airflow/example_dags/plugins/decreasing_priority_weight_strategy.py
[2024-10-28T20:28:23.072-0300] {processor.py:208} INFO - Processing /home/nico/.local/lib/python3.10/site-packages/airflow/example_dags/plugins/decreasing_priority_weight_strategy.py took 0.066 seconds
[2024-10-28T20:29:33.631-0300] {processor.py:186} INFO - Started process (PID=47574) to work on /home/nico/.local/lib/python3.10/site-packages/airflow/example_dags/plugins/decreasing_priority_weight_strategy.py
[2024-10-28T20:29:33.634-0300] {processor.py:914} INFO - Processing file /home/nico/.local/lib/python3.10/site-packages/airflow/example_dags/plugins/decreasing_priority_weight_strategy.py for tasks to queue
[2024-10-28T20:29:33.640-0300] {logging_mixin.py:190} INFO - [2024-10-28T20:29:33.638-0300] {dagbag.py:588} INFO - Filling up the DagBag from /home/nico/.local/lib/python3.10/site-packages/airflow/example_dags/plugins/decreasing_priority_weight_strategy.py
[2024-10-28T20:29:33.651-0300] {processor.py:927} WARNING - No viable dags retrieved from /home/nico/.local/lib/python3.10/site-packages/airflow/example_dags/plugins/decreasing_priority_weight_strategy.py
[2024-10-28T20:29:33.708-0300] {processor.py:208} INFO - Processing /home/nico/.local/lib/python3.10/site-packages/airflow/example_dags/plugins/decreasing_priority_weight_strategy.py took 0.093 seconds
[2024-10-28T20:30:50.715-0300] {processor.py:186} INFO - Started process (PID=47911) to work on /home/nico/.local/lib/python3.10/site-packages/airflow/example_dags/plugins/decreasing_priority_weight_strategy.py
[2024-10-28T20:30:50.719-0300] {processor.py:914} INFO - Processing file /home/nico/.local/lib/python3.10/site-packages/airflow/example_dags/plugins/decreasing_priority_weight_strategy.py for tasks to queue
[2024-10-28T20:30:50.724-0300] {logging_mixin.py:190} INFO - [2024-10-28T20:30:50.723-0300] {dagbag.py:588} INFO - Filling up the DagBag from /home/nico/.local/lib/python3.10/site-packages/airflow/example_dags/plugins/decreasing_priority_weight_strategy.py
[2024-10-28T20:30:50.733-0300] {processor.py:927} WARNING - No viable dags retrieved from /home/nico/.local/lib/python3.10/site-packages/airflow/example_dags/plugins/decreasing_priority_weight_strategy.py
[2024-10-28T20:30:50.802-0300] {processor.py:208} INFO - Processing /home/nico/.local/lib/python3.10/site-packages/airflow/example_dags/plugins/decreasing_priority_weight_strategy.py took 0.106 seconds
[2024-10-28T20:32:08.412-0300] {processor.py:186} INFO - Started process (PID=48253) to work on /home/nico/.local/lib/python3.10/site-packages/airflow/example_dags/plugins/decreasing_priority_weight_strategy.py
[2024-10-28T20:32:08.414-0300] {processor.py:914} INFO - Processing file /home/nico/.local/lib/python3.10/site-packages/airflow/example_dags/plugins/decreasing_priority_weight_strategy.py for tasks to queue
[2024-10-28T20:32:08.420-0300] {logging_mixin.py:190} INFO - [2024-10-28T20:32:08.419-0300] {dagbag.py:588} INFO - Filling up the DagBag from /home/nico/.local/lib/python3.10/site-packages/airflow/example_dags/plugins/decreasing_priority_weight_strategy.py
[2024-10-28T20:32:08.434-0300] {processor.py:927} WARNING - No viable dags retrieved from /home/nico/.local/lib/python3.10/site-packages/airflow/example_dags/plugins/decreasing_priority_weight_strategy.py
[2024-10-28T20:32:08.501-0300] {processor.py:208} INFO - Processing /home/nico/.local/lib/python3.10/site-packages/airflow/example_dags/plugins/decreasing_priority_weight_strategy.py took 0.108 seconds
