[2024-10-31T23:56:31.180-0300] {local_task_job_runner.py:123} INFO - ::group::Pre task execution logs
[2024-10-31T23:56:31.315-0300] {taskinstance.py:2612} INFO - Dependencies all met for dep_context=non-requeueable deps ti=<TaskInstance: etl_redshift_dag_variables_fed.actualizar_dim_fecha manual__2024-11-01T02:55:54.147174+00:00 [queued]>
[2024-10-31T23:56:31.368-0300] {taskinstance.py:2612} INFO - Dependencies all met for dep_context=requeueable deps ti=<TaskInstance: etl_redshift_dag_variables_fed.actualizar_dim_fecha manual__2024-11-01T02:55:54.147174+00:00 [queued]>
[2024-10-31T23:56:31.371-0300] {taskinstance.py:2865} INFO - Starting attempt 1 of 2
[2024-10-31T23:56:31.510-0300] {taskinstance.py:2888} INFO - Executing <Task(PythonOperator): actualizar_dim_fecha> on 2024-11-01 02:55:54.147174+00:00
[2024-10-31T23:56:31.525-0300] {standard_task_runner.py:72} INFO - Started process 152705 to run task
[2024-10-31T23:56:31.543-0300] {standard_task_runner.py:104} INFO - Running: ['airflow', 'tasks', 'run', 'etl_redshift_dag_variables_fed', 'actualizar_dim_fecha', 'manual__2024-11-01T02:55:54.147174+00:00', '--job-id', '359', '--raw', '--subdir', 'DAGS_FOLDER/dag_variables_fed.py', '--cfg-path', '/tmp/tmpv8wk154t']
[2024-10-31T23:56:31.549-0300] {standard_task_runner.py:105} INFO - Job 359: Subtask actualizar_dim_fecha
[2024-10-31T23:56:31.803-0300] {task_command.py:467} INFO - Running <TaskInstance: etl_redshift_dag_variables_fed.actualizar_dim_fecha manual__2024-11-01T02:55:54.147174+00:00 [running]> on host DESKTOP-MVFODGC.
[2024-10-31T23:56:32.708-0300] {taskinstance.py:3131} INFO - Exporting env vars: AIRFLOW_CTX_DAG_OWNER='airflow' AIRFLOW_CTX_DAG_ID='etl_redshift_dag_variables_fed' AIRFLOW_CTX_TASK_ID='actualizar_dim_fecha' AIRFLOW_CTX_EXECUTION_DATE='2024-11-01T02:55:54.147174+00:00' AIRFLOW_CTX_TRY_NUMBER='1' AIRFLOW_CTX_DAG_RUN_ID='manual__2024-11-01T02:55:54.147174+00:00'
[2024-10-31T23:56:32.713-0300] {logging_mixin.py:190} INFO - Task instance is in running state
[2024-10-31T23:56:32.726-0300] {logging_mixin.py:190} INFO -  Previous state of the Task instance: queued
[2024-10-31T23:56:32.743-0300] {logging_mixin.py:190} INFO - Current task name:actualizar_dim_fecha state:running start_date:2024-11-01 02:56:31.330140+00:00
[2024-10-31T23:56:32.750-0300] {logging_mixin.py:190} INFO - Dag name:etl_redshift_dag_variables_fed and current dag run status:running
[2024-10-31T23:56:32.769-0300] {taskinstance.py:731} INFO - ::endgroup::
[2024-10-31T23:56:36.282-0300] {python.py:240} INFO - Done. Returned value was: None
[2024-10-31T23:56:36.313-0300] {taskinstance.py:340} INFO - ::group::Post task execution logs
[2024-10-31T23:56:36.317-0300] {taskinstance.py:352} INFO - Marking task as SUCCESS. dag_id=etl_redshift_dag_variables_fed, task_id=actualizar_dim_fecha, run_id=manual__2024-11-01T02:55:54.147174+00:00, execution_date=20241101T025554, start_date=20241101T025631, end_date=20241101T025636
[2024-10-31T23:56:36.426-0300] {logging_mixin.py:190} INFO - Task instance in success state
[2024-10-31T23:56:36.430-0300] {logging_mixin.py:190} INFO -  Previous state of the Task instance: running
[2024-10-31T23:56:36.433-0300] {logging_mixin.py:190} INFO - Dag name:etl_redshift_dag_variables_fed queued_at:2024-11-01 02:55:55.288721+00:00
[2024-10-31T23:56:36.436-0300] {logging_mixin.py:190} INFO - Task hostname:DESKTOP-MVFODGC. operator:PythonOperator
[2024-10-31T23:56:36.509-0300] {local_task_job_runner.py:266} INFO - Task exited with return code 0
[2024-10-31T23:56:36.552-0300] {standard_task_runner.py:217} INFO - Process not found (most likely exited), stop collecting metrics
[2024-10-31T23:56:36.653-0300] {taskinstance.py:3900} INFO - 1 downstream tasks scheduled from follow-on schedule check
[2024-10-31T23:56:36.698-0300] {local_task_job_runner.py:245} INFO - ::endgroup::
