[2024-11-01T02:40:28.137-0300] {local_task_job_runner.py:123} INFO - ::group::Pre task execution logs
[2024-11-01T02:40:28.206-0300] {taskinstance.py:2612} INFO - Dependencies all met for dep_context=non-requeueable deps ti=<TaskInstance: etl_redshift_dag_variables_fed.actualizar_dim_fecha manual__2024-11-01T02:55:54.147174+00:00 [queued]>
[2024-11-01T02:40:28.259-0300] {taskinstance.py:2612} INFO - Dependencies all met for dep_context=requeueable deps ti=<TaskInstance: etl_redshift_dag_variables_fed.actualizar_dim_fecha manual__2024-11-01T02:55:54.147174+00:00 [queued]>
[2024-11-01T02:40:28.266-0300] {taskinstance.py:2865} INFO - Starting attempt 7 of 8
[2024-11-01T02:40:28.424-0300] {taskinstance.py:2888} INFO - Executing <Task(PythonOperator): actualizar_dim_fecha> on 2024-11-01 02:55:54.147174+00:00
[2024-11-01T02:40:28.442-0300] {standard_task_runner.py:72} INFO - Started process 193915 to run task
[2024-11-01T02:40:28.454-0300] {standard_task_runner.py:104} INFO - Running: ['airflow', 'tasks', 'run', 'etl_redshift_dag_variables_fed', 'actualizar_dim_fecha', 'manual__2024-11-01T02:55:54.147174+00:00', '--job-id', '493', '--raw', '--subdir', 'DAGS_FOLDER/dag_variables_fed.py', '--cfg-path', '/tmp/tmpmwqmms6s']
[2024-11-01T02:40:28.461-0300] {standard_task_runner.py:105} INFO - Job 493: Subtask actualizar_dim_fecha
[2024-11-01T02:40:28.725-0300] {task_command.py:467} INFO - Running <TaskInstance: etl_redshift_dag_variables_fed.actualizar_dim_fecha manual__2024-11-01T02:55:54.147174+00:00 [running]> on host DESKTOP-MVFODGC.
[2024-11-01T02:40:29.538-0300] {taskinstance.py:3131} INFO - Exporting env vars: AIRFLOW_CTX_DAG_OWNER='airflow' AIRFLOW_CTX_DAG_ID='etl_redshift_dag_variables_fed' AIRFLOW_CTX_TASK_ID='actualizar_dim_fecha' AIRFLOW_CTX_EXECUTION_DATE='2024-11-01T02:55:54.147174+00:00' AIRFLOW_CTX_TRY_NUMBER='7' AIRFLOW_CTX_DAG_RUN_ID='manual__2024-11-01T02:55:54.147174+00:00'
[2024-11-01T02:40:29.564-0300] {logging_mixin.py:190} INFO - Task instance is in running state
[2024-11-01T02:40:29.568-0300] {logging_mixin.py:190} INFO -  Previous state of the Task instance: queued
[2024-11-01T02:40:29.585-0300] {logging_mixin.py:190} INFO - Current task name:actualizar_dim_fecha state:running start_date:2024-11-01 05:40:28.209210+00:00
[2024-11-01T02:40:29.589-0300] {logging_mixin.py:190} INFO - Dag name:etl_redshift_dag_variables_fed and current dag run status:running
[2024-11-01T02:40:29.603-0300] {taskinstance.py:731} INFO - ::endgroup::
[2024-11-01T02:40:32.683-0300] {python.py:240} INFO - Done. Returned value was: None
[2024-11-01T02:40:32.810-0300] {taskinstance.py:340} INFO - ::group::Post task execution logs
[2024-11-01T02:40:32.839-0300] {taskinstance.py:352} INFO - Marking task as SUCCESS. dag_id=etl_redshift_dag_variables_fed, task_id=actualizar_dim_fecha, run_id=manual__2024-11-01T02:55:54.147174+00:00, execution_date=20241101T025554, start_date=20241101T054028, end_date=20241101T054032
[2024-11-01T02:40:34.059-0300] {logging_mixin.py:190} INFO - Task instance in success state
[2024-11-01T02:40:34.064-0300] {logging_mixin.py:190} INFO -  Previous state of the Task instance: running
[2024-11-01T02:40:34.069-0300] {logging_mixin.py:190} INFO - Dag name:etl_redshift_dag_variables_fed queued_at:2024-11-01 05:39:01.080556+00:00
[2024-11-01T02:40:34.080-0300] {logging_mixin.py:190} INFO - Task hostname:DESKTOP-MVFODGC. operator:PythonOperator
[2024-11-01T02:40:34.502-0300] {local_task_job_runner.py:266} INFO - Task exited with return code 0
[2024-11-01T02:40:34.677-0300] {taskinstance.py:3900} INFO - 1 downstream tasks scheduled from follow-on schedule check
[2024-11-01T02:40:34.721-0300] {local_task_job_runner.py:245} INFO - ::endgroup::
