[2024-11-01T01:27:04.327-0300] {local_task_job_runner.py:123} INFO - ::group::Pre task execution logs
[2024-11-01T01:27:04.471-0300] {taskinstance.py:2612} INFO - Dependencies all met for dep_context=non-requeueable deps ti=<TaskInstance: etl_redshift_dag_variables_fed.transform_data_fed_task scheduled__2024-10-30T19:00:00+00:00 [queued]>
[2024-11-01T01:27:04.571-0300] {taskinstance.py:2612} INFO - Dependencies all met for dep_context=requeueable deps ti=<TaskInstance: etl_redshift_dag_variables_fed.transform_data_fed_task scheduled__2024-10-30T19:00:00+00:00 [queued]>
[2024-11-01T01:27:04.575-0300] {taskinstance.py:2865} INFO - Starting attempt 7 of 8
[2024-11-01T01:27:04.745-0300] {taskinstance.py:2888} INFO - Executing <Task(PythonOperator): transform_data_fed_task> on 2024-10-30 19:00:00+00:00
[2024-11-01T01:27:04.775-0300] {standard_task_runner.py:72} INFO - Started process 175570 to run task
[2024-11-01T01:27:04.789-0300] {standard_task_runner.py:104} INFO - Running: ['airflow', 'tasks', 'run', 'etl_redshift_dag_variables_fed', 'transform_data_fed_task', 'scheduled__2024-10-30T19:00:00+00:00', '--job-id', '450', '--raw', '--subdir', 'DAGS_FOLDER/dag_variables_fed.py', '--cfg-path', '/tmp/tmprlkmum7l']
[2024-11-01T01:27:04.805-0300] {standard_task_runner.py:105} INFO - Job 450: Subtask transform_data_fed_task
[2024-11-01T01:27:05.150-0300] {task_command.py:467} INFO - Running <TaskInstance: etl_redshift_dag_variables_fed.transform_data_fed_task scheduled__2024-10-30T19:00:00+00:00 [running]> on host DESKTOP-MVFODGC.
[2024-11-01T01:27:06.349-0300] {taskinstance.py:3131} INFO - Exporting env vars: AIRFLOW_CTX_DAG_OWNER='airflow' AIRFLOW_CTX_DAG_ID='etl_redshift_dag_variables_fed' AIRFLOW_CTX_TASK_ID='transform_data_fed_task' AIRFLOW_CTX_EXECUTION_DATE='2024-10-30T19:00:00+00:00' AIRFLOW_CTX_TRY_NUMBER='7' AIRFLOW_CTX_DAG_RUN_ID='scheduled__2024-10-30T19:00:00+00:00'
[2024-11-01T01:27:06.354-0300] {logging_mixin.py:190} INFO - Task instance is in running state
[2024-11-01T01:27:06.357-0300] {logging_mixin.py:190} INFO -  Previous state of the Task instance: queued
[2024-11-01T01:27:06.365-0300] {logging_mixin.py:190} INFO - Current task name:transform_data_fed_task state:running start_date:2024-11-01 04:27:04.474464+00:00
[2024-11-01T01:27:06.370-0300] {logging_mixin.py:190} INFO - Dag name:etl_redshift_dag_variables_fed and current dag run status:running
[2024-11-01T01:27:06.375-0300] {taskinstance.py:731} INFO - ::endgroup::
[2024-11-01T01:27:06.572-0300] {logging_mixin.py:190} INFO - Datos transformados y enviados por XCom
[2024-11-01T01:27:06.576-0300] {python.py:240} INFO - Done. Returned value was: None
[2024-11-01T01:27:06.639-0300] {taskinstance.py:340} INFO - ::group::Post task execution logs
[2024-11-01T01:27:06.650-0300] {taskinstance.py:352} INFO - Marking task as SUCCESS. dag_id=etl_redshift_dag_variables_fed, task_id=transform_data_fed_task, run_id=scheduled__2024-10-30T19:00:00+00:00, execution_date=20241030T190000, start_date=20241101T042704, end_date=20241101T042706
[2024-11-01T01:27:06.781-0300] {logging_mixin.py:190} INFO - Task instance in success state
[2024-11-01T01:27:06.785-0300] {logging_mixin.py:190} INFO -  Previous state of the Task instance: running
[2024-11-01T01:27:06.788-0300] {logging_mixin.py:190} INFO - Dag name:etl_redshift_dag_variables_fed queued_at:2024-11-01 04:13:28.342780+00:00
[2024-11-01T01:27:06.792-0300] {logging_mixin.py:190} INFO - Task hostname:DESKTOP-MVFODGC. operator:PythonOperator
[2024-11-01T01:27:06.848-0300] {local_task_job_runner.py:266} INFO - Task exited with return code 0
[2024-11-01T01:27:06.985-0300] {taskinstance.py:3900} INFO - 1 downstream tasks scheduled from follow-on schedule check
[2024-11-01T01:27:07.019-0300] {local_task_job_runner.py:245} INFO - ::endgroup::
