[2024-11-01T00:14:56.190-0300] {local_task_job_runner.py:123} INFO - ::group::Pre task execution logs
[2024-11-01T00:14:56.239-0300] {taskinstance.py:2612} INFO - Dependencies all met for dep_context=non-requeueable deps ti=<TaskInstance: etl_redshift_dag_variables_fed.transform_data_fed_task scheduled__2024-10-30T19:00:00+00:00 [queued]>
[2024-11-01T00:14:56.274-0300] {taskinstance.py:2612} INFO - Dependencies all met for dep_context=requeueable deps ti=<TaskInstance: etl_redshift_dag_variables_fed.transform_data_fed_task scheduled__2024-10-30T19:00:00+00:00 [queued]>
[2024-11-01T00:14:56.276-0300] {taskinstance.py:2865} INFO - Starting attempt 5 of 6
[2024-11-01T00:14:56.402-0300] {taskinstance.py:2888} INFO - Executing <Task(PythonOperator): transform_data_fed_task> on 2024-10-30 19:00:00+00:00
[2024-11-01T00:14:56.428-0300] {standard_task_runner.py:72} INFO - Started process 157441 to run task
[2024-11-01T00:14:56.435-0300] {standard_task_runner.py:104} INFO - Running: ['airflow', 'tasks', 'run', 'etl_redshift_dag_variables_fed', 'transform_data_fed_task', 'scheduled__2024-10-30T19:00:00+00:00', '--job-id', '379', '--raw', '--subdir', 'DAGS_FOLDER/dag_variables_fed.py', '--cfg-path', '/tmp/tmp90ng_ljw']
[2024-11-01T00:14:56.441-0300] {standard_task_runner.py:105} INFO - Job 379: Subtask transform_data_fed_task
[2024-11-01T00:14:56.682-0300] {task_command.py:467} INFO - Running <TaskInstance: etl_redshift_dag_variables_fed.transform_data_fed_task scheduled__2024-10-30T19:00:00+00:00 [running]> on host DESKTOP-MVFODGC.
[2024-11-01T00:14:57.050-0300] {taskinstance.py:3131} INFO - Exporting env vars: AIRFLOW_CTX_DAG_OWNER='airflow' AIRFLOW_CTX_DAG_ID='etl_redshift_dag_variables_fed' AIRFLOW_CTX_TASK_ID='transform_data_fed_task' AIRFLOW_CTX_EXECUTION_DATE='2024-10-30T19:00:00+00:00' AIRFLOW_CTX_TRY_NUMBER='5' AIRFLOW_CTX_DAG_RUN_ID='scheduled__2024-10-30T19:00:00+00:00'
[2024-11-01T00:14:57.056-0300] {logging_mixin.py:190} INFO - Task instance is in running state
[2024-11-01T00:14:57.061-0300] {logging_mixin.py:190} INFO -  Previous state of the Task instance: queued
[2024-11-01T00:14:57.065-0300] {logging_mixin.py:190} INFO - Current task name:transform_data_fed_task state:running start_date:2024-11-01 03:14:56.242169+00:00
[2024-11-01T00:14:57.069-0300] {logging_mixin.py:190} INFO - Dag name:etl_redshift_dag_variables_fed and current dag run status:running
[2024-11-01T00:14:57.074-0300] {taskinstance.py:731} INFO - ::endgroup::
[2024-11-01T00:14:57.498-0300] {logging_mixin.py:190} INFO - Datos transformados y enviados por XCom
[2024-11-01T00:14:57.504-0300] {python.py:240} INFO - Done. Returned value was: None
[2024-11-01T00:14:57.550-0300] {taskinstance.py:340} INFO - ::group::Post task execution logs
[2024-11-01T00:14:57.556-0300] {taskinstance.py:352} INFO - Marking task as SUCCESS. dag_id=etl_redshift_dag_variables_fed, task_id=transform_data_fed_task, run_id=scheduled__2024-10-30T19:00:00+00:00, execution_date=20241030T190000, start_date=20241101T031456, end_date=20241101T031457
[2024-11-01T00:14:58.230-0300] {logging_mixin.py:190} INFO - Task instance in success state
[2024-11-01T00:14:58.238-0300] {logging_mixin.py:190} INFO -  Previous state of the Task instance: running
[2024-11-01T00:14:58.251-0300] {logging_mixin.py:190} INFO - Dag name:etl_redshift_dag_variables_fed queued_at:2024-11-01 03:04:31.096810+00:00
[2024-11-01T00:14:58.261-0300] {logging_mixin.py:190} INFO - Task hostname:DESKTOP-MVFODGC. operator:PythonOperator
[2024-11-01T00:14:58.355-0300] {local_task_job_runner.py:266} INFO - Task exited with return code 0
[2024-11-01T00:14:58.593-0300] {taskinstance.py:3900} INFO - 1 downstream tasks scheduled from follow-on schedule check
[2024-11-01T00:14:58.692-0300] {local_task_job_runner.py:245} INFO - ::endgroup::
