[2024-10-30T20:38:24.508-0300] {local_task_job_runner.py:123} INFO - ::group::Pre task execution logs
[2024-10-30T20:38:24.634-0300] {taskinstance.py:2612} INFO - Dependencies all met for dep_context=non-requeueable deps ti=<TaskInstance: etl_redshift_dag_variables_bcra.actualizar_dim_fecha scheduled__2024-10-25T00:01:00+00:00 [queued]>
[2024-10-30T20:38:24.728-0300] {taskinstance.py:2612} INFO - Dependencies all met for dep_context=requeueable deps ti=<TaskInstance: etl_redshift_dag_variables_bcra.actualizar_dim_fecha scheduled__2024-10-25T00:01:00+00:00 [queued]>
[2024-10-30T20:38:24.733-0300] {taskinstance.py:2865} INFO - Starting attempt 4 of 5
[2024-10-30T20:38:24.834-0300] {taskinstance.py:2888} INFO - Executing <Task(PythonOperator): actualizar_dim_fecha> on 2024-10-25 00:01:00+00:00
[2024-10-30T20:38:24.856-0300] {standard_task_runner.py:72} INFO - Started process 93898 to run task
[2024-10-30T20:38:24.880-0300] {standard_task_runner.py:104} INFO - Running: ['airflow', 'tasks', 'run', 'etl_redshift_dag_variables_bcra', 'actualizar_dim_fecha', 'scheduled__2024-10-25T00:01:00+00:00', '--job-id', '212', '--raw', '--subdir', 'DAGS_FOLDER/dag_variables_bcra.py', '--cfg-path', '/tmp/tmpnhejz9co']
[2024-10-30T20:38:24.889-0300] {standard_task_runner.py:105} INFO - Job 212: Subtask actualizar_dim_fecha
[2024-10-30T20:38:25.967-0300] {task_command.py:467} INFO - Running <TaskInstance: etl_redshift_dag_variables_bcra.actualizar_dim_fecha scheduled__2024-10-25T00:01:00+00:00 [running]> on host DESKTOP-MVFODGC.
[2024-10-30T20:38:26.713-0300] {taskinstance.py:3131} INFO - Exporting env vars: AIRFLOW_CTX_DAG_OWNER='airflow' AIRFLOW_CTX_DAG_ID='etl_redshift_dag_variables_bcra' AIRFLOW_CTX_TASK_ID='actualizar_dim_fecha' AIRFLOW_CTX_EXECUTION_DATE='2024-10-25T00:01:00+00:00' AIRFLOW_CTX_TRY_NUMBER='4' AIRFLOW_CTX_DAG_RUN_ID='scheduled__2024-10-25T00:01:00+00:00'
[2024-10-30T20:38:26.720-0300] {logging_mixin.py:190} INFO - Task instance is in running state
[2024-10-30T20:38:26.727-0300] {logging_mixin.py:190} INFO -  Previous state of the Task instance: queued
[2024-10-30T20:38:26.732-0300] {logging_mixin.py:190} INFO - Current task name:actualizar_dim_fecha state:running start_date:2024-10-30 23:38:24.651866+00:00
[2024-10-30T20:38:26.737-0300] {logging_mixin.py:190} INFO - Dag name:etl_redshift_dag_variables_bcra and current dag run status:running
[2024-10-30T20:38:26.744-0300] {taskinstance.py:731} INFO - ::endgroup::
[2024-10-30T20:38:31.263-0300] {_write.py:249} ERROR - identifier must contain only alphanumeric characters, spaces, underscores, or hyphens
[2024-10-30T20:38:31.265-0300] {logging_mixin.py:190} INFO - Error en la conexión o actualización de la tabla: identifier must contain only alphanumeric characters, spaces, underscores, or hyphens
[2024-10-30T20:38:31.271-0300] {python.py:240} INFO - Done. Returned value was: None
[2024-10-30T20:38:31.333-0300] {taskinstance.py:340} INFO - ::group::Post task execution logs
[2024-10-30T20:38:31.339-0300] {taskinstance.py:352} INFO - Marking task as SUCCESS. dag_id=etl_redshift_dag_variables_bcra, task_id=actualizar_dim_fecha, run_id=scheduled__2024-10-25T00:01:00+00:00, execution_date=20241025T000100, start_date=20241030T233824, end_date=20241030T233831
[2024-10-30T20:38:31.482-0300] {logging_mixin.py:190} INFO - Task instance in success state
[2024-10-30T20:38:31.485-0300] {logging_mixin.py:190} INFO -  Previous state of the Task instance: running
[2024-10-30T20:38:31.488-0300] {logging_mixin.py:190} INFO - Dag name:etl_redshift_dag_variables_bcra queued_at:2024-10-30 23:31:16.471425+00:00
[2024-10-30T20:38:31.493-0300] {logging_mixin.py:190} INFO - Task hostname:DESKTOP-MVFODGC. operator:PythonOperator
[2024-10-30T20:38:31.566-0300] {local_task_job_runner.py:266} INFO - Task exited with return code 0
[2024-10-30T20:38:31.715-0300] {taskinstance.py:3900} INFO - 1 downstream tasks scheduled from follow-on schedule check
[2024-10-30T20:38:31.740-0300] {local_task_job_runner.py:245} INFO - ::endgroup::
