[2024-10-20T03:14:09.642-0300] {local_task_job_runner.py:123} INFO - ::group::Pre task execution logs
[2024-10-20T03:14:09.731-0300] {taskinstance.py:2612} INFO - Dependencies all met for dep_context=non-requeueable deps ti=<TaskInstance: etl_redshift_dag_variables_bcra.extract_data scheduled__2024-10-10T00:01:00+00:00 [queued]>
[2024-10-20T03:14:09.784-0300] {taskinstance.py:2612} INFO - Dependencies all met for dep_context=requeueable deps ti=<TaskInstance: etl_redshift_dag_variables_bcra.extract_data scheduled__2024-10-10T00:01:00+00:00 [queued]>
[2024-10-20T03:14:09.789-0300] {taskinstance.py:2865} INFO - Starting attempt 1 of 2
[2024-10-20T03:14:09.913-0300] {taskinstance.py:2888} INFO - Executing <Task(PythonOperator): extract_data> on 2024-10-10 00:01:00+00:00
[2024-10-20T03:14:09.933-0300] {standard_task_runner.py:72} INFO - Started process 97247 to run task
[2024-10-20T03:14:09.950-0300] {standard_task_runner.py:104} INFO - Running: ['airflow', 'tasks', 'run', 'etl_redshift_dag_variables_bcra', 'extract_data', 'scheduled__2024-10-10T00:01:00+00:00', '--job-id', '42', '--raw', '--subdir', 'DAGS_FOLDER/dag_variables_bcra.py', '--cfg-path', '/tmp/tmpaw_czfmn']
[2024-10-20T03:14:09.954-0300] {standard_task_runner.py:105} INFO - Job 42: Subtask extract_data
[2024-10-20T03:14:10.261-0300] {task_command.py:467} INFO - Running <TaskInstance: etl_redshift_dag_variables_bcra.extract_data scheduled__2024-10-10T00:01:00+00:00 [running]> on host DESKTOP-MVFODGC.
[2024-10-20T03:14:10.646-0300] {taskinstance.py:3131} INFO - Exporting env vars: AIRFLOW_CTX_DAG_OWNER='airflow' AIRFLOW_CTX_DAG_ID='etl_redshift_dag_variables_bcra' AIRFLOW_CTX_TASK_ID='extract_data' AIRFLOW_CTX_EXECUTION_DATE='2024-10-10T00:01:00+00:00' AIRFLOW_CTX_TRY_NUMBER='1' AIRFLOW_CTX_DAG_RUN_ID='scheduled__2024-10-10T00:01:00+00:00'
[2024-10-20T03:14:10.654-0300] {logging_mixin.py:190} INFO - Task instance is in running state
[2024-10-20T03:14:10.658-0300] {logging_mixin.py:190} INFO -  Previous state of the Task instance: queued
[2024-10-20T03:14:10.665-0300] {logging_mixin.py:190} INFO - Current task name:extract_data state:running start_date:2024-10-20 06:14:09.737532+00:00
[2024-10-20T03:14:10.675-0300] {logging_mixin.py:190} INFO - Dag name:etl_redshift_dag_variables_bcra and current dag run status:running
[2024-10-20T03:14:10.685-0300] {taskinstance.py:731} INFO - ::endgroup::
[2024-10-20T03:14:10.950-0300] {logging_mixin.py:190} WARNING - /home/nico/.local/lib/python3.10/site-packages/urllib3/connectionpool.py:1099 InsecureRequestWarning: Unverified HTTPS request is being made to host 'api.bcra.gob.ar'. Adding certificate verification is strongly advised. See: https://urllib3.readthedocs.io/en/latest/advanced-usage.html#tls-warnings
[2024-10-20T03:14:11.139-0300] {logging_mixin.py:190} INFO - Data extraída y guardada en /mnt/c/Users/Nicolas/OneDrive - BCRA/Cursos/Python Data Application (ITBA)/variables-economicas/dags/data.parquet
[2024-10-20T03:14:11.146-0300] {python.py:240} INFO - Done. Returned value was: /mnt/c/Users/Nicolas/OneDrive - BCRA/Cursos/Python Data Application (ITBA)/variables-economicas/dags/data.parquet
[2024-10-20T03:14:11.374-0300] {taskinstance.py:340} INFO - ::group::Post task execution logs
[2024-10-20T03:14:11.380-0300] {taskinstance.py:352} INFO - Marking task as SUCCESS. dag_id=etl_redshift_dag_variables_bcra, task_id=extract_data, run_id=scheduled__2024-10-10T00:01:00+00:00, execution_date=20241010T000100, start_date=20241020T061409, end_date=20241020T061411
[2024-10-20T03:14:11.659-0300] {logging_mixin.py:190} INFO - Task instance in success state
[2024-10-20T03:14:11.663-0300] {logging_mixin.py:190} INFO -  Previous state of the Task instance: running
[2024-10-20T03:14:11.666-0300] {logging_mixin.py:190} INFO - Dag name:etl_redshift_dag_variables_bcra queued_at:2024-10-20 06:13:56.208141+00:00
[2024-10-20T03:14:11.668-0300] {logging_mixin.py:190} INFO - Task hostname:DESKTOP-MVFODGC. operator:PythonOperator
[2024-10-20T03:14:11.736-0300] {local_task_job_runner.py:266} INFO - Task exited with return code 0
[2024-10-20T03:14:12.018-0300] {taskinstance.py:3900} INFO - 1 downstream tasks scheduled from follow-on schedule check
[2024-10-20T03:14:12.093-0300] {local_task_job_runner.py:245} INFO - ::endgroup::
