[2024-10-28T20:20:46.246-0300] {local_task_job_runner.py:123} INFO - ::group::Pre task execution logs
[2024-10-28T20:20:46.294-0300] {taskinstance.py:2612} INFO - Dependencies all met for dep_context=non-requeueable deps ti=<TaskInstance: etl_redshift_dag_variables_fed.load_data scheduled__2024-10-23T19:00:00+00:00 [queued]>
[2024-10-28T20:20:46.339-0300] {taskinstance.py:2612} INFO - Dependencies all met for dep_context=requeueable deps ti=<TaskInstance: etl_redshift_dag_variables_fed.load_data scheduled__2024-10-23T19:00:00+00:00 [queued]>
[2024-10-28T20:20:46.344-0300] {taskinstance.py:2865} INFO - Starting attempt 1 of 2
[2024-10-28T20:20:46.439-0300] {taskinstance.py:2888} INFO - Executing <Task(PythonOperator): load_data> on 2024-10-23 19:00:00+00:00
[2024-10-28T20:20:46.463-0300] {standard_task_runner.py:72} INFO - Started process 45217 to run task
[2024-10-28T20:20:46.478-0300] {standard_task_runner.py:104} INFO - Running: ['airflow', 'tasks', 'run', 'etl_redshift_dag_variables_fed', 'load_data', 'scheduled__2024-10-23T19:00:00+00:00', '--job-id', '116', '--raw', '--subdir', 'DAGS_FOLDER/dag_variables_fed.py', '--cfg-path', '/tmp/tmp59in3fla']
[2024-10-28T20:20:46.486-0300] {standard_task_runner.py:105} INFO - Job 116: Subtask load_data
[2024-10-28T20:20:46.741-0300] {task_command.py:467} INFO - Running <TaskInstance: etl_redshift_dag_variables_fed.load_data scheduled__2024-10-23T19:00:00+00:00 [running]> on host DESKTOP-MVFODGC.
[2024-10-28T20:20:47.270-0300] {taskinstance.py:3131} INFO - Exporting env vars: AIRFLOW_CTX_DAG_OWNER='airflow' AIRFLOW_CTX_DAG_ID='etl_redshift_dag_variables_fed' AIRFLOW_CTX_TASK_ID='load_data' AIRFLOW_CTX_EXECUTION_DATE='2024-10-23T19:00:00+00:00' AIRFLOW_CTX_TRY_NUMBER='1' AIRFLOW_CTX_DAG_RUN_ID='scheduled__2024-10-23T19:00:00+00:00'
[2024-10-28T20:20:47.275-0300] {logging_mixin.py:190} INFO - Task instance is in running state
[2024-10-28T20:20:47.278-0300] {logging_mixin.py:190} INFO -  Previous state of the Task instance: queued
[2024-10-28T20:20:47.286-0300] {logging_mixin.py:190} INFO - Current task name:load_data state:running start_date:2024-10-28 23:20:46.301465+00:00
[2024-10-28T20:20:47.289-0300] {logging_mixin.py:190} INFO - Dag name:etl_redshift_dag_variables_fed and current dag run status:running
[2024-10-28T20:20:47.292-0300] {taskinstance.py:731} INFO - ::endgroup::
[2024-10-28T20:20:51.340-0300] {logging_mixin.py:190} INFO - Datos cargados exitosamente en la tabla 2024_nicolas_alvarez_julia_schema.fact_table en Redshift.
[2024-10-28T20:20:51.343-0300] {python.py:240} INFO - Done. Returned value was: None
[2024-10-28T20:20:51.377-0300] {taskinstance.py:340} INFO - ::group::Post task execution logs
[2024-10-28T20:20:51.382-0300] {taskinstance.py:352} INFO - Marking task as SUCCESS. dag_id=etl_redshift_dag_variables_fed, task_id=load_data, run_id=scheduled__2024-10-23T19:00:00+00:00, execution_date=20241023T190000, start_date=20241028T232046, end_date=20241028T232051
[2024-10-28T20:20:51.461-0300] {logging_mixin.py:190} INFO - Task instance in success state
[2024-10-28T20:20:51.465-0300] {logging_mixin.py:190} INFO -  Previous state of the Task instance: running
[2024-10-28T20:20:51.468-0300] {logging_mixin.py:190} INFO - Dag name:etl_redshift_dag_variables_fed queued_at:2024-10-28 23:17:19.186303+00:00
[2024-10-28T20:20:51.471-0300] {logging_mixin.py:190} INFO - Task hostname:DESKTOP-MVFODGC. operator:PythonOperator
[2024-10-28T20:20:51.610-0300] {local_task_job_runner.py:266} INFO - Task exited with return code 0
[2024-10-28T20:20:51.709-0300] {taskinstance.py:3900} INFO - 1 downstream tasks scheduled from follow-on schedule check
[2024-10-28T20:20:51.746-0300] {local_task_job_runner.py:245} INFO - ::endgroup::
