[2024-10-30T21:00:16.358-0300] {processor.py:186} INFO - Started process (PID=99560) to work on /mnt/c/Users/Nicolas/OneDrive - BCRA/Cursos/Python Data Application (ITBA)/variables-economicas/dags/dag_variables_bcra.py
[2024-10-30T21:00:16.361-0300] {processor.py:914} INFO - Processing file /mnt/c/Users/Nicolas/OneDrive - BCRA/Cursos/Python Data Application (ITBA)/variables-economicas/dags/dag_variables_bcra.py for tasks to queue
[2024-10-30T21:00:16.366-0300] {logging_mixin.py:190} INFO - [2024-10-30T21:00:16.365-0300] {dagbag.py:588} INFO - Filling up the DagBag from /mnt/c/Users/Nicolas/OneDrive - BCRA/Cursos/Python Data Application (ITBA)/variables-economicas/dags/dag_variables_bcra.py
[2024-10-30T21:00:17.620-0300] {processor.py:925} INFO - DAG(s) 'etl_redshift_dag_variables_bcra' retrieved from /mnt/c/Users/Nicolas/OneDrive - BCRA/Cursos/Python Data Application (ITBA)/variables-economicas/dags/dag_variables_bcra.py
[2024-10-30T21:00:17.705-0300] {logging_mixin.py:190} INFO - [2024-10-30T21:00:17.705-0300] {dag.py:3239} INFO - Sync 1 DAGs
[2024-10-30T21:00:17.791-0300] {logging_mixin.py:190} INFO - [2024-10-30T21:00:17.790-0300] {dag.py:4180} INFO - Setting next_dagrun for etl_redshift_dag_variables_bcra to 2024-10-30 00:01:00+00:00, run_after=2024-10-31 00:01:00+00:00
[2024-10-30T21:00:17.944-0300] {processor.py:208} INFO - Processing /mnt/c/Users/Nicolas/OneDrive - BCRA/Cursos/Python Data Application (ITBA)/variables-economicas/dags/dag_variables_bcra.py took 1.606 seconds
[2024-10-30T21:02:19.917-0300] {processor.py:186} INFO - Started process (PID=100113) to work on /mnt/c/Users/Nicolas/OneDrive - BCRA/Cursos/Python Data Application (ITBA)/variables-economicas/dags/dag_variables_bcra.py
[2024-10-30T21:02:19.920-0300] {processor.py:914} INFO - Processing file /mnt/c/Users/Nicolas/OneDrive - BCRA/Cursos/Python Data Application (ITBA)/variables-economicas/dags/dag_variables_bcra.py for tasks to queue
[2024-10-30T21:02:19.925-0300] {logging_mixin.py:190} INFO - [2024-10-30T21:02:19.924-0300] {dagbag.py:588} INFO - Filling up the DagBag from /mnt/c/Users/Nicolas/OneDrive - BCRA/Cursos/Python Data Application (ITBA)/variables-economicas/dags/dag_variables_bcra.py
[2024-10-30T21:02:21.048-0300] {processor.py:925} INFO - DAG(s) 'etl_redshift_dag_variables_bcra' retrieved from /mnt/c/Users/Nicolas/OneDrive - BCRA/Cursos/Python Data Application (ITBA)/variables-economicas/dags/dag_variables_bcra.py
[2024-10-30T21:02:21.110-0300] {logging_mixin.py:190} INFO - [2024-10-30T21:02:21.109-0300] {dag.py:3239} INFO - Sync 1 DAGs
[2024-10-30T21:02:21.169-0300] {logging_mixin.py:190} INFO - [2024-10-30T21:02:21.169-0300] {dag.py:4180} INFO - Setting next_dagrun for etl_redshift_dag_variables_bcra to 2024-10-31 00:01:00+00:00, run_after=2024-11-01 00:01:00+00:00
[2024-10-30T21:02:21.310-0300] {processor.py:208} INFO - Processing /mnt/c/Users/Nicolas/OneDrive - BCRA/Cursos/Python Data Application (ITBA)/variables-economicas/dags/dag_variables_bcra.py took 1.410 seconds
[2024-10-30T21:03:38.920-0300] {processor.py:186} INFO - Started process (PID=100464) to work on /mnt/c/Users/Nicolas/OneDrive - BCRA/Cursos/Python Data Application (ITBA)/variables-economicas/dags/dag_variables_bcra.py
[2024-10-30T21:03:38.924-0300] {processor.py:914} INFO - Processing file /mnt/c/Users/Nicolas/OneDrive - BCRA/Cursos/Python Data Application (ITBA)/variables-economicas/dags/dag_variables_bcra.py for tasks to queue
[2024-10-30T21:03:38.931-0300] {logging_mixin.py:190} INFO - [2024-10-30T21:03:38.928-0300] {dagbag.py:588} INFO - Filling up the DagBag from /mnt/c/Users/Nicolas/OneDrive - BCRA/Cursos/Python Data Application (ITBA)/variables-economicas/dags/dag_variables_bcra.py
[2024-10-30T21:03:40.025-0300] {processor.py:925} INFO - DAG(s) 'etl_redshift_dag_variables_bcra' retrieved from /mnt/c/Users/Nicolas/OneDrive - BCRA/Cursos/Python Data Application (ITBA)/variables-economicas/dags/dag_variables_bcra.py
[2024-10-30T21:03:40.087-0300] {logging_mixin.py:190} INFO - [2024-10-30T21:03:40.086-0300] {dag.py:3239} INFO - Sync 1 DAGs
[2024-10-30T21:03:40.252-0300] {logging_mixin.py:190} INFO - [2024-10-30T21:03:40.251-0300] {dag.py:4180} INFO - Setting next_dagrun for etl_redshift_dag_variables_bcra to 2024-10-31 00:01:00+00:00, run_after=2024-11-01 00:01:00+00:00
[2024-10-30T21:03:40.760-0300] {processor.py:208} INFO - Processing /mnt/c/Users/Nicolas/OneDrive - BCRA/Cursos/Python Data Application (ITBA)/variables-economicas/dags/dag_variables_bcra.py took 1.865 seconds
[2024-10-30T21:04:49.778-0300] {processor.py:186} INFO - Started process (PID=100774) to work on /mnt/c/Users/Nicolas/OneDrive - BCRA/Cursos/Python Data Application (ITBA)/variables-economicas/dags/dag_variables_bcra.py
[2024-10-30T21:04:49.781-0300] {processor.py:914} INFO - Processing file /mnt/c/Users/Nicolas/OneDrive - BCRA/Cursos/Python Data Application (ITBA)/variables-economicas/dags/dag_variables_bcra.py for tasks to queue
[2024-10-30T21:04:49.785-0300] {logging_mixin.py:190} INFO - [2024-10-30T21:04:49.784-0300] {dagbag.py:588} INFO - Filling up the DagBag from /mnt/c/Users/Nicolas/OneDrive - BCRA/Cursos/Python Data Application (ITBA)/variables-economicas/dags/dag_variables_bcra.py
[2024-10-30T21:04:50.790-0300] {processor.py:925} INFO - DAG(s) 'etl_redshift_dag_variables_bcra' retrieved from /mnt/c/Users/Nicolas/OneDrive - BCRA/Cursos/Python Data Application (ITBA)/variables-economicas/dags/dag_variables_bcra.py
[2024-10-30T21:04:50.850-0300] {logging_mixin.py:190} INFO - [2024-10-30T21:04:50.849-0300] {dag.py:3239} INFO - Sync 1 DAGs
[2024-10-30T21:04:50.908-0300] {logging_mixin.py:190} INFO - [2024-10-30T21:04:50.908-0300] {dag.py:4180} INFO - Setting next_dagrun for etl_redshift_dag_variables_bcra to 2024-10-31 00:01:00+00:00, run_after=2024-11-01 00:01:00+00:00
[2024-10-30T21:04:51.051-0300] {processor.py:208} INFO - Processing /mnt/c/Users/Nicolas/OneDrive - BCRA/Cursos/Python Data Application (ITBA)/variables-economicas/dags/dag_variables_bcra.py took 1.288 seconds
[2024-10-30T21:06:06.329-0300] {processor.py:186} INFO - Started process (PID=101111) to work on /mnt/c/Users/Nicolas/OneDrive - BCRA/Cursos/Python Data Application (ITBA)/variables-economicas/dags/dag_variables_bcra.py
[2024-10-30T21:06:06.332-0300] {processor.py:914} INFO - Processing file /mnt/c/Users/Nicolas/OneDrive - BCRA/Cursos/Python Data Application (ITBA)/variables-economicas/dags/dag_variables_bcra.py for tasks to queue
[2024-10-30T21:06:06.338-0300] {logging_mixin.py:190} INFO - [2024-10-30T21:06:06.336-0300] {dagbag.py:588} INFO - Filling up the DagBag from /mnt/c/Users/Nicolas/OneDrive - BCRA/Cursos/Python Data Application (ITBA)/variables-economicas/dags/dag_variables_bcra.py
[2024-10-30T21:06:07.875-0300] {processor.py:925} INFO - DAG(s) 'etl_redshift_dag_variables_bcra' retrieved from /mnt/c/Users/Nicolas/OneDrive - BCRA/Cursos/Python Data Application (ITBA)/variables-economicas/dags/dag_variables_bcra.py
[2024-10-30T21:06:07.969-0300] {logging_mixin.py:190} INFO - [2024-10-30T21:06:07.968-0300] {dag.py:3239} INFO - Sync 1 DAGs
[2024-10-30T21:06:08.395-0300] {logging_mixin.py:190} INFO - [2024-10-30T21:06:08.394-0300] {dag.py:4180} INFO - Setting next_dagrun for etl_redshift_dag_variables_bcra to 2024-10-31 00:01:00+00:00, run_after=2024-11-01 00:01:00+00:00
[2024-10-30T21:06:08.586-0300] {processor.py:208} INFO - Processing /mnt/c/Users/Nicolas/OneDrive - BCRA/Cursos/Python Data Application (ITBA)/variables-economicas/dags/dag_variables_bcra.py took 2.273 seconds
[2024-10-30T23:58:38.344-0300] {processor.py:186} INFO - Started process (PID=101678) to work on /mnt/c/Users/Nicolas/OneDrive - BCRA/Cursos/Python Data Application (ITBA)/variables-economicas/dags/dag_variables_bcra.py
[2024-10-30T23:58:38.350-0300] {processor.py:914} INFO - Processing file /mnt/c/Users/Nicolas/OneDrive - BCRA/Cursos/Python Data Application (ITBA)/variables-economicas/dags/dag_variables_bcra.py for tasks to queue
[2024-10-30T23:58:38.362-0300] {logging_mixin.py:190} INFO - [2024-10-30T23:58:38.361-0300] {dagbag.py:588} INFO - Filling up the DagBag from /mnt/c/Users/Nicolas/OneDrive - BCRA/Cursos/Python Data Application (ITBA)/variables-economicas/dags/dag_variables_bcra.py
[2024-10-30T23:58:40.522-0300] {processor.py:925} INFO - DAG(s) 'etl_redshift_dag_variables_bcra' retrieved from /mnt/c/Users/Nicolas/OneDrive - BCRA/Cursos/Python Data Application (ITBA)/variables-economicas/dags/dag_variables_bcra.py
[2024-10-30T23:58:40.674-0300] {logging_mixin.py:190} INFO - [2024-10-30T23:58:40.666-0300] {dag.py:3239} INFO - Sync 1 DAGs
[2024-10-30T23:58:40.872-0300] {logging_mixin.py:190} INFO - [2024-10-30T23:58:40.862-0300] {dag.py:4180} INFO - Setting next_dagrun for etl_redshift_dag_variables_bcra to 2024-10-31 00:01:00+00:00, run_after=2024-11-01 00:01:00+00:00
[2024-10-30T23:58:41.731-0300] {processor.py:208} INFO - Processing /mnt/c/Users/Nicolas/OneDrive - BCRA/Cursos/Python Data Application (ITBA)/variables-economicas/dags/dag_variables_bcra.py took 3.416 seconds
[2024-10-31T00:00:27.983-0300] {processor.py:186} INFO - Started process (PID=102149) to work on /mnt/c/Users/Nicolas/OneDrive - BCRA/Cursos/Python Data Application (ITBA)/variables-economicas/dags/dag_variables_bcra.py
[2024-10-31T00:00:27.989-0300] {processor.py:914} INFO - Processing file /mnt/c/Users/Nicolas/OneDrive - BCRA/Cursos/Python Data Application (ITBA)/variables-economicas/dags/dag_variables_bcra.py for tasks to queue
[2024-10-31T00:00:28.000-0300] {logging_mixin.py:190} INFO - [2024-10-31T00:00:27.999-0300] {dagbag.py:588} INFO - Filling up the DagBag from /mnt/c/Users/Nicolas/OneDrive - BCRA/Cursos/Python Data Application (ITBA)/variables-economicas/dags/dag_variables_bcra.py
[2024-10-31T00:00:29.233-0300] {processor.py:925} INFO - DAG(s) 'etl_redshift_dag_variables_bcra' retrieved from /mnt/c/Users/Nicolas/OneDrive - BCRA/Cursos/Python Data Application (ITBA)/variables-economicas/dags/dag_variables_bcra.py
[2024-10-31T00:00:29.297-0300] {logging_mixin.py:190} INFO - [2024-10-31T00:00:29.296-0300] {dag.py:3239} INFO - Sync 1 DAGs
[2024-10-31T00:00:29.365-0300] {logging_mixin.py:190} INFO - [2024-10-31T00:00:29.364-0300] {dag.py:4180} INFO - Setting next_dagrun for etl_redshift_dag_variables_bcra to 2024-10-31 00:01:00+00:00, run_after=2024-11-01 00:01:00+00:00
[2024-10-31T00:00:29.510-0300] {processor.py:208} INFO - Processing /mnt/c/Users/Nicolas/OneDrive - BCRA/Cursos/Python Data Application (ITBA)/variables-economicas/dags/dag_variables_bcra.py took 1.558 seconds
[2024-10-31T00:01:43.280-0300] {processor.py:186} INFO - Started process (PID=102478) to work on /mnt/c/Users/Nicolas/OneDrive - BCRA/Cursos/Python Data Application (ITBA)/variables-economicas/dags/dag_variables_bcra.py
[2024-10-31T00:01:43.289-0300] {processor.py:914} INFO - Processing file /mnt/c/Users/Nicolas/OneDrive - BCRA/Cursos/Python Data Application (ITBA)/variables-economicas/dags/dag_variables_bcra.py for tasks to queue
[2024-10-31T00:01:43.303-0300] {logging_mixin.py:190} INFO - [2024-10-31T00:01:43.300-0300] {dagbag.py:588} INFO - Filling up the DagBag from /mnt/c/Users/Nicolas/OneDrive - BCRA/Cursos/Python Data Application (ITBA)/variables-economicas/dags/dag_variables_bcra.py
[2024-10-31T00:01:44.527-0300] {processor.py:925} INFO - DAG(s) 'etl_redshift_dag_variables_bcra' retrieved from /mnt/c/Users/Nicolas/OneDrive - BCRA/Cursos/Python Data Application (ITBA)/variables-economicas/dags/dag_variables_bcra.py
[2024-10-31T00:01:44.591-0300] {logging_mixin.py:190} INFO - [2024-10-31T00:01:44.591-0300] {dag.py:3239} INFO - Sync 1 DAGs
[2024-10-31T00:01:45.087-0300] {logging_mixin.py:190} INFO - [2024-10-31T00:01:45.086-0300] {dag.py:4180} INFO - Setting next_dagrun for etl_redshift_dag_variables_bcra to 2024-10-31 00:01:00+00:00, run_after=2024-11-01 00:01:00+00:00
[2024-10-31T00:01:45.241-0300] {processor.py:208} INFO - Processing /mnt/c/Users/Nicolas/OneDrive - BCRA/Cursos/Python Data Application (ITBA)/variables-economicas/dags/dag_variables_bcra.py took 2.010 seconds
[2024-10-31T00:02:59.303-0300] {processor.py:186} INFO - Started process (PID=102813) to work on /mnt/c/Users/Nicolas/OneDrive - BCRA/Cursos/Python Data Application (ITBA)/variables-economicas/dags/dag_variables_bcra.py
[2024-10-31T00:02:59.322-0300] {processor.py:914} INFO - Processing file /mnt/c/Users/Nicolas/OneDrive - BCRA/Cursos/Python Data Application (ITBA)/variables-economicas/dags/dag_variables_bcra.py for tasks to queue
[2024-10-31T00:02:59.329-0300] {logging_mixin.py:190} INFO - [2024-10-31T00:02:59.328-0300] {dagbag.py:588} INFO - Filling up the DagBag from /mnt/c/Users/Nicolas/OneDrive - BCRA/Cursos/Python Data Application (ITBA)/variables-economicas/dags/dag_variables_bcra.py
[2024-10-31T00:03:00.881-0300] {processor.py:925} INFO - DAG(s) 'etl_redshift_dag_variables_bcra' retrieved from /mnt/c/Users/Nicolas/OneDrive - BCRA/Cursos/Python Data Application (ITBA)/variables-economicas/dags/dag_variables_bcra.py
[2024-10-31T00:03:00.954-0300] {logging_mixin.py:190} INFO - [2024-10-31T00:03:00.953-0300] {dag.py:3239} INFO - Sync 1 DAGs
[2024-10-31T00:03:01.076-0300] {logging_mixin.py:190} INFO - [2024-10-31T00:03:01.067-0300] {dag.py:4180} INFO - Setting next_dagrun for etl_redshift_dag_variables_bcra to 2024-10-31 00:01:00+00:00, run_after=2024-11-01 00:01:00+00:00
[2024-10-31T00:03:01.262-0300] {processor.py:208} INFO - Processing /mnt/c/Users/Nicolas/OneDrive - BCRA/Cursos/Python Data Application (ITBA)/variables-economicas/dags/dag_variables_bcra.py took 1.982 seconds
[2024-10-31T00:04:29.059-0300] {processor.py:186} INFO - Started process (PID=103199) to work on /mnt/c/Users/Nicolas/OneDrive - BCRA/Cursos/Python Data Application (ITBA)/variables-economicas/dags/dag_variables_bcra.py
[2024-10-31T00:04:29.063-0300] {processor.py:914} INFO - Processing file /mnt/c/Users/Nicolas/OneDrive - BCRA/Cursos/Python Data Application (ITBA)/variables-economicas/dags/dag_variables_bcra.py for tasks to queue
[2024-10-31T00:04:29.071-0300] {logging_mixin.py:190} INFO - [2024-10-31T00:04:29.070-0300] {dagbag.py:588} INFO - Filling up the DagBag from /mnt/c/Users/Nicolas/OneDrive - BCRA/Cursos/Python Data Application (ITBA)/variables-economicas/dags/dag_variables_bcra.py
[2024-10-31T00:04:30.566-0300] {processor.py:925} INFO - DAG(s) 'etl_redshift_dag_variables_bcra' retrieved from /mnt/c/Users/Nicolas/OneDrive - BCRA/Cursos/Python Data Application (ITBA)/variables-economicas/dags/dag_variables_bcra.py
[2024-10-31T00:04:30.677-0300] {logging_mixin.py:190} INFO - [2024-10-31T00:04:30.676-0300] {dag.py:3239} INFO - Sync 1 DAGs
[2024-10-31T00:04:31.402-0300] {logging_mixin.py:190} INFO - [2024-10-31T00:04:31.401-0300] {dag.py:4180} INFO - Setting next_dagrun for etl_redshift_dag_variables_bcra to 2024-10-31 00:01:00+00:00, run_after=2024-11-01 00:01:00+00:00
[2024-10-31T00:04:31.546-0300] {processor.py:208} INFO - Processing /mnt/c/Users/Nicolas/OneDrive - BCRA/Cursos/Python Data Application (ITBA)/variables-economicas/dags/dag_variables_bcra.py took 2.514 seconds
[2024-10-31T00:05:52.918-0300] {processor.py:186} INFO - Started process (PID=103564) to work on /mnt/c/Users/Nicolas/OneDrive - BCRA/Cursos/Python Data Application (ITBA)/variables-economicas/dags/dag_variables_bcra.py
[2024-10-31T00:05:52.922-0300] {processor.py:914} INFO - Processing file /mnt/c/Users/Nicolas/OneDrive - BCRA/Cursos/Python Data Application (ITBA)/variables-economicas/dags/dag_variables_bcra.py for tasks to queue
[2024-10-31T00:05:52.926-0300] {logging_mixin.py:190} INFO - [2024-10-31T00:05:52.925-0300] {dagbag.py:588} INFO - Filling up the DagBag from /mnt/c/Users/Nicolas/OneDrive - BCRA/Cursos/Python Data Application (ITBA)/variables-economicas/dags/dag_variables_bcra.py
[2024-10-31T00:05:55.383-0300] {processor.py:925} INFO - DAG(s) 'etl_redshift_dag_variables_bcra' retrieved from /mnt/c/Users/Nicolas/OneDrive - BCRA/Cursos/Python Data Application (ITBA)/variables-economicas/dags/dag_variables_bcra.py
[2024-10-31T00:05:55.507-0300] {logging_mixin.py:190} INFO - [2024-10-31T00:05:55.506-0300] {dag.py:3239} INFO - Sync 1 DAGs
[2024-10-31T00:05:55.603-0300] {logging_mixin.py:190} INFO - [2024-10-31T00:05:55.602-0300] {dag.py:4180} INFO - Setting next_dagrun for etl_redshift_dag_variables_bcra to 2024-10-31 00:01:00+00:00, run_after=2024-11-01 00:01:00+00:00
[2024-10-31T00:05:56.909-0300] {processor.py:208} INFO - Processing /mnt/c/Users/Nicolas/OneDrive - BCRA/Cursos/Python Data Application (ITBA)/variables-economicas/dags/dag_variables_bcra.py took 4.021 seconds
[2024-10-31T00:07:28.813-0300] {processor.py:186} INFO - Started process (PID=103973) to work on /mnt/c/Users/Nicolas/OneDrive - BCRA/Cursos/Python Data Application (ITBA)/variables-economicas/dags/dag_variables_bcra.py
[2024-10-31T00:07:28.815-0300] {processor.py:914} INFO - Processing file /mnt/c/Users/Nicolas/OneDrive - BCRA/Cursos/Python Data Application (ITBA)/variables-economicas/dags/dag_variables_bcra.py for tasks to queue
[2024-10-31T00:07:28.818-0300] {logging_mixin.py:190} INFO - [2024-10-31T00:07:28.817-0300] {dagbag.py:588} INFO - Filling up the DagBag from /mnt/c/Users/Nicolas/OneDrive - BCRA/Cursos/Python Data Application (ITBA)/variables-economicas/dags/dag_variables_bcra.py
[2024-10-31T00:07:29.866-0300] {processor.py:925} INFO - DAG(s) 'etl_redshift_dag_variables_bcra' retrieved from /mnt/c/Users/Nicolas/OneDrive - BCRA/Cursos/Python Data Application (ITBA)/variables-economicas/dags/dag_variables_bcra.py
[2024-10-31T00:07:30.179-0300] {logging_mixin.py:190} INFO - [2024-10-31T00:07:30.178-0300] {dag.py:3239} INFO - Sync 1 DAGs
[2024-10-31T00:07:30.232-0300] {logging_mixin.py:190} INFO - [2024-10-31T00:07:30.231-0300] {dag.py:4180} INFO - Setting next_dagrun for etl_redshift_dag_variables_bcra to 2024-10-31 00:01:00+00:00, run_after=2024-11-01 00:01:00+00:00
[2024-10-31T00:07:30.343-0300] {processor.py:208} INFO - Processing /mnt/c/Users/Nicolas/OneDrive - BCRA/Cursos/Python Data Application (ITBA)/variables-economicas/dags/dag_variables_bcra.py took 1.548 seconds
[2024-10-31T00:08:42.885-0300] {processor.py:186} INFO - Started process (PID=104300) to work on /mnt/c/Users/Nicolas/OneDrive - BCRA/Cursos/Python Data Application (ITBA)/variables-economicas/dags/dag_variables_bcra.py
[2024-10-31T00:08:42.889-0300] {processor.py:914} INFO - Processing file /mnt/c/Users/Nicolas/OneDrive - BCRA/Cursos/Python Data Application (ITBA)/variables-economicas/dags/dag_variables_bcra.py for tasks to queue
[2024-10-31T00:08:42.900-0300] {logging_mixin.py:190} INFO - [2024-10-31T00:08:42.893-0300] {dagbag.py:588} INFO - Filling up the DagBag from /mnt/c/Users/Nicolas/OneDrive - BCRA/Cursos/Python Data Application (ITBA)/variables-economicas/dags/dag_variables_bcra.py
[2024-10-31T00:08:43.912-0300] {processor.py:925} INFO - DAG(s) 'etl_redshift_dag_variables_bcra' retrieved from /mnt/c/Users/Nicolas/OneDrive - BCRA/Cursos/Python Data Application (ITBA)/variables-economicas/dags/dag_variables_bcra.py
[2024-10-31T00:08:43.969-0300] {logging_mixin.py:190} INFO - [2024-10-31T00:08:43.969-0300] {dag.py:3239} INFO - Sync 1 DAGs
[2024-10-31T00:08:44.402-0300] {logging_mixin.py:190} INFO - [2024-10-31T00:08:44.402-0300] {dag.py:4180} INFO - Setting next_dagrun for etl_redshift_dag_variables_bcra to 2024-10-31 00:01:00+00:00, run_after=2024-11-01 00:01:00+00:00
[2024-10-31T00:08:44.570-0300] {processor.py:208} INFO - Processing /mnt/c/Users/Nicolas/OneDrive - BCRA/Cursos/Python Data Application (ITBA)/variables-economicas/dags/dag_variables_bcra.py took 1.704 seconds
[2024-10-31T00:10:09.038-0300] {processor.py:186} INFO - Started process (PID=104638) to work on /mnt/c/Users/Nicolas/OneDrive - BCRA/Cursos/Python Data Application (ITBA)/variables-economicas/dags/dag_variables_bcra.py
[2024-10-31T00:10:09.041-0300] {processor.py:914} INFO - Processing file /mnt/c/Users/Nicolas/OneDrive - BCRA/Cursos/Python Data Application (ITBA)/variables-economicas/dags/dag_variables_bcra.py for tasks to queue
[2024-10-31T00:10:09.054-0300] {logging_mixin.py:190} INFO - [2024-10-31T00:10:09.052-0300] {dagbag.py:588} INFO - Filling up the DagBag from /mnt/c/Users/Nicolas/OneDrive - BCRA/Cursos/Python Data Application (ITBA)/variables-economicas/dags/dag_variables_bcra.py
[2024-10-31T00:10:10.661-0300] {processor.py:925} INFO - DAG(s) 'etl_redshift_dag_variables_bcra' retrieved from /mnt/c/Users/Nicolas/OneDrive - BCRA/Cursos/Python Data Application (ITBA)/variables-economicas/dags/dag_variables_bcra.py
[2024-10-31T00:10:10.708-0300] {logging_mixin.py:190} INFO - [2024-10-31T00:10:10.707-0300] {dag.py:3239} INFO - Sync 1 DAGs
[2024-10-31T00:10:10.789-0300] {logging_mixin.py:190} INFO - [2024-10-31T00:10:10.788-0300] {dag.py:4180} INFO - Setting next_dagrun for etl_redshift_dag_variables_bcra to 2024-10-31 00:01:00+00:00, run_after=2024-11-01 00:01:00+00:00
[2024-10-31T00:10:10.952-0300] {processor.py:208} INFO - Processing /mnt/c/Users/Nicolas/OneDrive - BCRA/Cursos/Python Data Application (ITBA)/variables-economicas/dags/dag_variables_bcra.py took 1.956 seconds
[2024-10-31T00:11:29.900-0300] {processor.py:186} INFO - Started process (PID=104992) to work on /mnt/c/Users/Nicolas/OneDrive - BCRA/Cursos/Python Data Application (ITBA)/variables-economicas/dags/dag_variables_bcra.py
[2024-10-31T00:11:29.903-0300] {processor.py:914} INFO - Processing file /mnt/c/Users/Nicolas/OneDrive - BCRA/Cursos/Python Data Application (ITBA)/variables-economicas/dags/dag_variables_bcra.py for tasks to queue
[2024-10-31T00:11:29.906-0300] {logging_mixin.py:190} INFO - [2024-10-31T00:11:29.906-0300] {dagbag.py:588} INFO - Filling up the DagBag from /mnt/c/Users/Nicolas/OneDrive - BCRA/Cursos/Python Data Application (ITBA)/variables-economicas/dags/dag_variables_bcra.py
[2024-10-31T00:11:31.050-0300] {processor.py:925} INFO - DAG(s) 'etl_redshift_dag_variables_bcra' retrieved from /mnt/c/Users/Nicolas/OneDrive - BCRA/Cursos/Python Data Application (ITBA)/variables-economicas/dags/dag_variables_bcra.py
[2024-10-31T00:11:31.415-0300] {logging_mixin.py:190} INFO - [2024-10-31T00:11:31.414-0300] {dag.py:3239} INFO - Sync 1 DAGs
[2024-10-31T00:11:31.472-0300] {logging_mixin.py:190} INFO - [2024-10-31T00:11:31.471-0300] {dag.py:4180} INFO - Setting next_dagrun for etl_redshift_dag_variables_bcra to 2024-10-31 00:01:00+00:00, run_after=2024-11-01 00:01:00+00:00
[2024-10-31T00:11:31.585-0300] {processor.py:208} INFO - Processing /mnt/c/Users/Nicolas/OneDrive - BCRA/Cursos/Python Data Application (ITBA)/variables-economicas/dags/dag_variables_bcra.py took 1.698 seconds
[2024-10-31T00:12:38.429-0300] {processor.py:186} INFO - Started process (PID=105296) to work on /mnt/c/Users/Nicolas/OneDrive - BCRA/Cursos/Python Data Application (ITBA)/variables-economicas/dags/dag_variables_bcra.py
[2024-10-31T00:12:38.431-0300] {processor.py:914} INFO - Processing file /mnt/c/Users/Nicolas/OneDrive - BCRA/Cursos/Python Data Application (ITBA)/variables-economicas/dags/dag_variables_bcra.py for tasks to queue
[2024-10-31T00:12:38.435-0300] {logging_mixin.py:190} INFO - [2024-10-31T00:12:38.434-0300] {dagbag.py:588} INFO - Filling up the DagBag from /mnt/c/Users/Nicolas/OneDrive - BCRA/Cursos/Python Data Application (ITBA)/variables-economicas/dags/dag_variables_bcra.py
[2024-10-31T00:12:39.825-0300] {processor.py:925} INFO - DAG(s) 'etl_redshift_dag_variables_bcra' retrieved from /mnt/c/Users/Nicolas/OneDrive - BCRA/Cursos/Python Data Application (ITBA)/variables-economicas/dags/dag_variables_bcra.py
[2024-10-31T00:12:39.872-0300] {logging_mixin.py:190} INFO - [2024-10-31T00:12:39.872-0300] {dag.py:3239} INFO - Sync 1 DAGs
[2024-10-31T00:12:39.924-0300] {logging_mixin.py:190} INFO - [2024-10-31T00:12:39.923-0300] {dag.py:4180} INFO - Setting next_dagrun for etl_redshift_dag_variables_bcra to 2024-10-31 00:01:00+00:00, run_after=2024-11-01 00:01:00+00:00
[2024-10-31T00:12:40.048-0300] {processor.py:208} INFO - Processing /mnt/c/Users/Nicolas/OneDrive - BCRA/Cursos/Python Data Application (ITBA)/variables-economicas/dags/dag_variables_bcra.py took 1.633 seconds
[2024-10-31T00:13:42.533-0300] {processor.py:186} INFO - Started process (PID=105579) to work on /mnt/c/Users/Nicolas/OneDrive - BCRA/Cursos/Python Data Application (ITBA)/variables-economicas/dags/dag_variables_bcra.py
[2024-10-31T00:13:42.536-0300] {processor.py:914} INFO - Processing file /mnt/c/Users/Nicolas/OneDrive - BCRA/Cursos/Python Data Application (ITBA)/variables-economicas/dags/dag_variables_bcra.py for tasks to queue
[2024-10-31T00:13:42.540-0300] {logging_mixin.py:190} INFO - [2024-10-31T00:13:42.540-0300] {dagbag.py:588} INFO - Filling up the DagBag from /mnt/c/Users/Nicolas/OneDrive - BCRA/Cursos/Python Data Application (ITBA)/variables-economicas/dags/dag_variables_bcra.py
[2024-10-31T00:13:43.455-0300] {processor.py:925} INFO - DAG(s) 'etl_redshift_dag_variables_bcra' retrieved from /mnt/c/Users/Nicolas/OneDrive - BCRA/Cursos/Python Data Application (ITBA)/variables-economicas/dags/dag_variables_bcra.py
[2024-10-31T00:13:43.740-0300] {logging_mixin.py:190} INFO - [2024-10-31T00:13:43.740-0300] {dag.py:3239} INFO - Sync 1 DAGs
[2024-10-31T00:13:43.789-0300] {logging_mixin.py:190} INFO - [2024-10-31T00:13:43.789-0300] {dag.py:4180} INFO - Setting next_dagrun for etl_redshift_dag_variables_bcra to 2024-10-31 00:01:00+00:00, run_after=2024-11-01 00:01:00+00:00
[2024-10-31T00:13:43.920-0300] {processor.py:208} INFO - Processing /mnt/c/Users/Nicolas/OneDrive - BCRA/Cursos/Python Data Application (ITBA)/variables-economicas/dags/dag_variables_bcra.py took 1.402 seconds
[2024-10-31T00:14:48.690-0300] {processor.py:186} INFO - Started process (PID=105872) to work on /mnt/c/Users/Nicolas/OneDrive - BCRA/Cursos/Python Data Application (ITBA)/variables-economicas/dags/dag_variables_bcra.py
[2024-10-31T00:14:48.693-0300] {processor.py:914} INFO - Processing file /mnt/c/Users/Nicolas/OneDrive - BCRA/Cursos/Python Data Application (ITBA)/variables-economicas/dags/dag_variables_bcra.py for tasks to queue
[2024-10-31T00:14:48.696-0300] {logging_mixin.py:190} INFO - [2024-10-31T00:14:48.695-0300] {dagbag.py:588} INFO - Filling up the DagBag from /mnt/c/Users/Nicolas/OneDrive - BCRA/Cursos/Python Data Application (ITBA)/variables-economicas/dags/dag_variables_bcra.py
[2024-10-31T00:14:50.050-0300] {processor.py:925} INFO - DAG(s) 'etl_redshift_dag_variables_bcra' retrieved from /mnt/c/Users/Nicolas/OneDrive - BCRA/Cursos/Python Data Application (ITBA)/variables-economicas/dags/dag_variables_bcra.py
[2024-10-31T00:14:50.094-0300] {logging_mixin.py:190} INFO - [2024-10-31T00:14:50.093-0300] {dag.py:3239} INFO - Sync 1 DAGs
[2024-10-31T00:14:50.149-0300] {logging_mixin.py:190} INFO - [2024-10-31T00:14:50.148-0300] {dag.py:4180} INFO - Setting next_dagrun for etl_redshift_dag_variables_bcra to 2024-10-31 00:01:00+00:00, run_after=2024-11-01 00:01:00+00:00
[2024-10-31T00:14:50.278-0300] {processor.py:208} INFO - Processing /mnt/c/Users/Nicolas/OneDrive - BCRA/Cursos/Python Data Application (ITBA)/variables-economicas/dags/dag_variables_bcra.py took 1.601 seconds
[2024-10-31T00:15:50.585-0300] {processor.py:186} INFO - Started process (PID=106148) to work on /mnt/c/Users/Nicolas/OneDrive - BCRA/Cursos/Python Data Application (ITBA)/variables-economicas/dags/dag_variables_bcra.py
[2024-10-31T00:15:50.587-0300] {processor.py:914} INFO - Processing file /mnt/c/Users/Nicolas/OneDrive - BCRA/Cursos/Python Data Application (ITBA)/variables-economicas/dags/dag_variables_bcra.py for tasks to queue
[2024-10-31T00:15:50.591-0300] {logging_mixin.py:190} INFO - [2024-10-31T00:15:50.590-0300] {dagbag.py:588} INFO - Filling up the DagBag from /mnt/c/Users/Nicolas/OneDrive - BCRA/Cursos/Python Data Application (ITBA)/variables-economicas/dags/dag_variables_bcra.py
[2024-10-31T00:15:51.592-0300] {processor.py:925} INFO - DAG(s) 'etl_redshift_dag_variables_bcra' retrieved from /mnt/c/Users/Nicolas/OneDrive - BCRA/Cursos/Python Data Application (ITBA)/variables-economicas/dags/dag_variables_bcra.py
[2024-10-31T00:15:51.974-0300] {logging_mixin.py:190} INFO - [2024-10-31T00:15:51.973-0300] {dag.py:3239} INFO - Sync 1 DAGs
[2024-10-31T00:15:52.039-0300] {logging_mixin.py:190} INFO - [2024-10-31T00:15:52.038-0300] {dag.py:4180} INFO - Setting next_dagrun for etl_redshift_dag_variables_bcra to 2024-10-31 00:01:00+00:00, run_after=2024-11-01 00:01:00+00:00
[2024-10-31T00:15:52.163-0300] {processor.py:208} INFO - Processing /mnt/c/Users/Nicolas/OneDrive - BCRA/Cursos/Python Data Application (ITBA)/variables-economicas/dags/dag_variables_bcra.py took 1.598 seconds
[2024-10-31T00:16:51.183-0300] {processor.py:186} INFO - Started process (PID=106418) to work on /mnt/c/Users/Nicolas/OneDrive - BCRA/Cursos/Python Data Application (ITBA)/variables-economicas/dags/dag_variables_bcra.py
[2024-10-31T00:16:51.186-0300] {processor.py:914} INFO - Processing file /mnt/c/Users/Nicolas/OneDrive - BCRA/Cursos/Python Data Application (ITBA)/variables-economicas/dags/dag_variables_bcra.py for tasks to queue
[2024-10-31T00:16:51.189-0300] {logging_mixin.py:190} INFO - [2024-10-31T00:16:51.188-0300] {dagbag.py:588} INFO - Filling up the DagBag from /mnt/c/Users/Nicolas/OneDrive - BCRA/Cursos/Python Data Application (ITBA)/variables-economicas/dags/dag_variables_bcra.py
[2024-10-31T00:16:52.401-0300] {processor.py:925} INFO - DAG(s) 'etl_redshift_dag_variables_bcra' retrieved from /mnt/c/Users/Nicolas/OneDrive - BCRA/Cursos/Python Data Application (ITBA)/variables-economicas/dags/dag_variables_bcra.py
[2024-10-31T00:16:52.444-0300] {logging_mixin.py:190} INFO - [2024-10-31T00:16:52.444-0300] {dag.py:3239} INFO - Sync 1 DAGs
[2024-10-31T00:16:52.498-0300] {logging_mixin.py:190} INFO - [2024-10-31T00:16:52.497-0300] {dag.py:4180} INFO - Setting next_dagrun for etl_redshift_dag_variables_bcra to 2024-10-31 00:01:00+00:00, run_after=2024-11-01 00:01:00+00:00
[2024-10-31T00:16:52.636-0300] {processor.py:208} INFO - Processing /mnt/c/Users/Nicolas/OneDrive - BCRA/Cursos/Python Data Application (ITBA)/variables-economicas/dags/dag_variables_bcra.py took 1.467 seconds
[2024-10-31T00:17:56.648-0300] {processor.py:186} INFO - Started process (PID=106711) to work on /mnt/c/Users/Nicolas/OneDrive - BCRA/Cursos/Python Data Application (ITBA)/variables-economicas/dags/dag_variables_bcra.py
[2024-10-31T00:17:56.651-0300] {processor.py:914} INFO - Processing file /mnt/c/Users/Nicolas/OneDrive - BCRA/Cursos/Python Data Application (ITBA)/variables-economicas/dags/dag_variables_bcra.py for tasks to queue
[2024-10-31T00:17:56.654-0300] {logging_mixin.py:190} INFO - [2024-10-31T00:17:56.653-0300] {dagbag.py:588} INFO - Filling up the DagBag from /mnt/c/Users/Nicolas/OneDrive - BCRA/Cursos/Python Data Application (ITBA)/variables-economicas/dags/dag_variables_bcra.py
[2024-10-31T00:17:57.967-0300] {processor.py:925} INFO - DAG(s) 'etl_redshift_dag_variables_bcra' retrieved from /mnt/c/Users/Nicolas/OneDrive - BCRA/Cursos/Python Data Application (ITBA)/variables-economicas/dags/dag_variables_bcra.py
[2024-10-31T00:17:58.023-0300] {logging_mixin.py:190} INFO - [2024-10-31T00:17:58.023-0300] {dag.py:3239} INFO - Sync 1 DAGs
[2024-10-31T00:17:58.092-0300] {logging_mixin.py:190} INFO - [2024-10-31T00:17:58.091-0300] {dag.py:4180} INFO - Setting next_dagrun for etl_redshift_dag_variables_bcra to 2024-10-31 00:01:00+00:00, run_after=2024-11-01 00:01:00+00:00
[2024-10-31T00:17:58.231-0300] {processor.py:208} INFO - Processing /mnt/c/Users/Nicolas/OneDrive - BCRA/Cursos/Python Data Application (ITBA)/variables-economicas/dags/dag_variables_bcra.py took 1.597 seconds
[2024-10-31T00:19:01.964-0300] {processor.py:186} INFO - Started process (PID=107003) to work on /mnt/c/Users/Nicolas/OneDrive - BCRA/Cursos/Python Data Application (ITBA)/variables-economicas/dags/dag_variables_bcra.py
[2024-10-31T00:19:01.966-0300] {processor.py:914} INFO - Processing file /mnt/c/Users/Nicolas/OneDrive - BCRA/Cursos/Python Data Application (ITBA)/variables-economicas/dags/dag_variables_bcra.py for tasks to queue
[2024-10-31T00:19:01.970-0300] {logging_mixin.py:190} INFO - [2024-10-31T00:19:01.969-0300] {dagbag.py:588} INFO - Filling up the DagBag from /mnt/c/Users/Nicolas/OneDrive - BCRA/Cursos/Python Data Application (ITBA)/variables-economicas/dags/dag_variables_bcra.py
[2024-10-31T00:19:05.846-0300] {processor.py:925} INFO - DAG(s) 'etl_redshift_dag_variables_bcra' retrieved from /mnt/c/Users/Nicolas/OneDrive - BCRA/Cursos/Python Data Application (ITBA)/variables-economicas/dags/dag_variables_bcra.py
[2024-10-31T00:19:05.932-0300] {logging_mixin.py:190} INFO - [2024-10-31T00:19:05.931-0300] {dag.py:3239} INFO - Sync 1 DAGs
[2024-10-31T00:19:06.007-0300] {logging_mixin.py:190} INFO - [2024-10-31T00:19:06.006-0300] {dag.py:4180} INFO - Setting next_dagrun for etl_redshift_dag_variables_bcra to 2024-10-31 00:01:00+00:00, run_after=2024-11-01 00:01:00+00:00
[2024-10-31T00:19:06.142-0300] {processor.py:208} INFO - Processing /mnt/c/Users/Nicolas/OneDrive - BCRA/Cursos/Python Data Application (ITBA)/variables-economicas/dags/dag_variables_bcra.py took 4.193 seconds
