[2024-10-31T01:38:30.200-0300] {local_task_job_runner.py:123} INFO - ::group::Pre task execution logs
[2024-10-31T01:38:30.243-0300] {taskinstance.py:2612} INFO - Dependencies all met for dep_context=non-requeueable deps ti=<TaskInstance: etl_redshift_dag_variables_bcra.actualizar_dim_fecha manual__2024-10-30T23:37:45.393047+00:00 [queued]>
[2024-10-31T01:38:30.281-0300] {taskinstance.py:2612} INFO - Dependencies all met for dep_context=requeueable deps ti=<TaskInstance: etl_redshift_dag_variables_bcra.actualizar_dim_fecha manual__2024-10-30T23:37:45.393047+00:00 [queued]>
[2024-10-31T01:38:30.285-0300] {taskinstance.py:2865} INFO - Starting attempt 3 of 4
[2024-10-31T01:38:30.371-0300] {taskinstance.py:2888} INFO - Executing <Task(PythonOperator): actualizar_dim_fecha> on 2024-10-30 23:37:45.393047+00:00
[2024-10-31T01:38:30.382-0300] {standard_task_runner.py:72} INFO - Started process 126247 to run task
[2024-10-31T01:38:30.394-0300] {standard_task_runner.py:104} INFO - Running: ['airflow', 'tasks', 'run', 'etl_redshift_dag_variables_bcra', 'actualizar_dim_fecha', 'manual__2024-10-30T23:37:45.393047+00:00', '--job-id', '296', '--raw', '--subdir', 'DAGS_FOLDER/dag_variables_bcra.py', '--cfg-path', '/tmp/tmpaqj1aeln']
[2024-10-31T01:38:30.402-0300] {standard_task_runner.py:105} INFO - Job 296: Subtask actualizar_dim_fecha
[2024-10-31T01:38:30.619-0300] {task_command.py:467} INFO - Running <TaskInstance: etl_redshift_dag_variables_bcra.actualizar_dim_fecha manual__2024-10-30T23:37:45.393047+00:00 [running]> on host DESKTOP-MVFODGC.
[2024-10-31T01:38:30.973-0300] {taskinstance.py:3131} INFO - Exporting env vars: AIRFLOW_CTX_DAG_OWNER='airflow' AIRFLOW_CTX_DAG_ID='etl_redshift_dag_variables_bcra' AIRFLOW_CTX_TASK_ID='actualizar_dim_fecha' AIRFLOW_CTX_EXECUTION_DATE='2024-10-30T23:37:45.393047+00:00' AIRFLOW_CTX_TRY_NUMBER='3' AIRFLOW_CTX_DAG_RUN_ID='manual__2024-10-30T23:37:45.393047+00:00'
[2024-10-31T01:38:30.977-0300] {logging_mixin.py:190} INFO - Task instance is in running state
[2024-10-31T01:38:30.985-0300] {logging_mixin.py:190} INFO -  Previous state of the Task instance: queued
[2024-10-31T01:38:30.988-0300] {logging_mixin.py:190} INFO - Current task name:actualizar_dim_fecha state:running start_date:2024-10-31 04:38:30.249705+00:00
[2024-10-31T01:38:30.992-0300] {logging_mixin.py:190} INFO - Dag name:etl_redshift_dag_variables_bcra and current dag run status:running
[2024-10-31T01:38:30.996-0300] {taskinstance.py:731} INFO - ::endgroup::
[2024-10-31T01:38:34.700-0300] {python.py:240} INFO - Done. Returned value was: None
[2024-10-31T01:38:35.081-0300] {taskinstance.py:340} INFO - ::group::Post task execution logs
[2024-10-31T01:38:35.085-0300] {taskinstance.py:352} INFO - Marking task as SUCCESS. dag_id=etl_redshift_dag_variables_bcra, task_id=actualizar_dim_fecha, run_id=manual__2024-10-30T23:37:45.393047+00:00, execution_date=20241030T233745, start_date=20241031T043830, end_date=20241031T043835
[2024-10-31T01:38:35.300-0300] {logging_mixin.py:190} INFO - Task instance in success state
[2024-10-31T01:38:35.304-0300] {logging_mixin.py:190} INFO -  Previous state of the Task instance: running
[2024-10-31T01:38:35.307-0300] {logging_mixin.py:190} INFO - Dag name:etl_redshift_dag_variables_bcra queued_at:2024-10-31 04:08:59.873104+00:00
[2024-10-31T01:38:35.339-0300] {logging_mixin.py:190} INFO - Task hostname:DESKTOP-MVFODGC. operator:PythonOperator
[2024-10-31T01:38:35.411-0300] {local_task_job_runner.py:266} INFO - Task exited with return code 0
[2024-10-31T01:38:35.521-0300] {taskinstance.py:3900} INFO - 1 downstream tasks scheduled from follow-on schedule check
[2024-10-31T01:38:35.550-0300] {local_task_job_runner.py:245} INFO - ::endgroup::
