[2024-11-02T00:35:05.690-0300] {local_task_job_runner.py:123} INFO - ::group::Pre task execution logs
[2024-11-02T00:35:05.750-0300] {taskinstance.py:2612} INFO - Dependencies all met for dep_context=non-requeueable deps ti=<TaskInstance: etl_redshift_dag_variables_fed.load_to_redshift_task manual__2024-11-01T03:10:35.450292+00:00 [queued]>
[2024-11-02T00:35:05.791-0300] {taskinstance.py:2612} INFO - Dependencies all met for dep_context=requeueable deps ti=<TaskInstance: etl_redshift_dag_variables_fed.load_to_redshift_task manual__2024-11-01T03:10:35.450292+00:00 [queued]>
[2024-11-02T00:35:05.796-0300] {taskinstance.py:2865} INFO - Starting attempt 8 of 9
[2024-11-02T00:35:05.909-0300] {taskinstance.py:2888} INFO - Executing <Task(PythonOperator): load_to_redshift_task> on 2024-11-01 03:10:35.450292+00:00
[2024-11-02T00:35:05.981-0300] {standard_task_runner.py:104} INFO - Running: ['airflow', 'tasks', 'run', 'etl_redshift_dag_variables_fed', 'load_to_redshift_task', 'manual__2024-11-01T03:10:35.450292+00:00', '--job-id', '524', '--raw', '--subdir', 'DAGS_FOLDER/dag_variables_fed.py', '--cfg-path', '/tmp/tmp9nt80ad4']
[2024-11-02T00:35:05.984-0300] {standard_task_runner.py:105} INFO - Job 524: Subtask load_to_redshift_task
[2024-11-02T00:35:05.966-0300] {standard_task_runner.py:72} INFO - Started process 217387 to run task
[2024-11-02T00:35:07.577-0300] {task_command.py:467} INFO - Running <TaskInstance: etl_redshift_dag_variables_fed.load_to_redshift_task manual__2024-11-01T03:10:35.450292+00:00 [running]> on host DESKTOP-MVFODGC.
[2024-11-02T00:35:08.914-0300] {taskinstance.py:3131} INFO - Exporting env vars: AIRFLOW_CTX_DAG_OWNER='airflow' AIRFLOW_CTX_DAG_ID='etl_redshift_dag_variables_fed' AIRFLOW_CTX_TASK_ID='load_to_redshift_task' AIRFLOW_CTX_EXECUTION_DATE='2024-11-01T03:10:35.450292+00:00' AIRFLOW_CTX_TRY_NUMBER='8' AIRFLOW_CTX_DAG_RUN_ID='manual__2024-11-01T03:10:35.450292+00:00'
[2024-11-02T00:35:08.920-0300] {logging_mixin.py:190} INFO - Task instance is in running state
[2024-11-02T00:35:08.924-0300] {logging_mixin.py:190} INFO -  Previous state of the Task instance: queued
[2024-11-02T00:35:08.929-0300] {logging_mixin.py:190} INFO - Current task name:load_to_redshift_task state:running start_date:2024-11-02 03:35:05.753224+00:00
[2024-11-02T00:35:08.934-0300] {logging_mixin.py:190} INFO - Dag name:etl_redshift_dag_variables_fed and current dag run status:running
[2024-11-02T00:35:08.942-0300] {taskinstance.py:731} INFO - ::endgroup::
[2024-11-02T00:35:13.989-0300] {logging_mixin.py:190} INFO - Datos cargados exitosamente en la tabla 2024_nicolas_alvarez_julia_schema.fact_table en Redshift.
[2024-11-02T00:35:14.019-0300] {python.py:240} INFO - Done. Returned value was: None
[2024-11-02T00:35:14.265-0300] {taskinstance.py:340} INFO - ::group::Post task execution logs
[2024-11-02T00:35:14.279-0300] {taskinstance.py:352} INFO - Marking task as SUCCESS. dag_id=etl_redshift_dag_variables_fed, task_id=load_to_redshift_task, run_id=manual__2024-11-01T03:10:35.450292+00:00, execution_date=20241101T031035, start_date=20241102T033505, end_date=20241102T033514
[2024-11-02T00:35:14.414-0300] {logging_mixin.py:190} INFO - Task instance in success state
[2024-11-02T00:35:14.417-0300] {logging_mixin.py:190} INFO -  Previous state of the Task instance: running
[2024-11-02T00:35:14.420-0300] {logging_mixin.py:190} INFO - Dag name:etl_redshift_dag_variables_fed queued_at:2024-11-02 03:30:15.015642+00:00
[2024-11-02T00:35:14.425-0300] {logging_mixin.py:190} INFO - Task hostname:DESKTOP-MVFODGC. operator:PythonOperator
[2024-11-02T00:35:14.537-0300] {local_task_job_runner.py:266} INFO - Task exited with return code 0
[2024-11-02T00:35:15.004-0300] {taskinstance.py:3900} INFO - 0 downstream tasks scheduled from follow-on schedule check
[2024-11-02T00:35:15.036-0300] {local_task_job_runner.py:245} INFO - ::endgroup::
