[2024-11-01T02:07:49.851-0300] {local_task_job_runner.py:123} INFO - ::group::Pre task execution logs
[2024-11-01T02:07:49.907-0300] {taskinstance.py:2612} INFO - Dependencies all met for dep_context=non-requeueable deps ti=<TaskInstance: etl_redshift_dag_variables_fed.load_to_redshift_task manual__2024-11-01T03:10:35.450292+00:00 [queued]>
[2024-11-01T02:07:49.941-0300] {taskinstance.py:2612} INFO - Dependencies all met for dep_context=requeueable deps ti=<TaskInstance: etl_redshift_dag_variables_fed.load_to_redshift_task manual__2024-11-01T03:10:35.450292+00:00 [queued]>
[2024-11-01T02:07:49.944-0300] {taskinstance.py:2865} INFO - Starting attempt 4 of 5
[2024-11-01T02:07:50.045-0300] {taskinstance.py:2888} INFO - Executing <Task(PythonOperator): load_to_redshift_task> on 2024-11-01 03:10:35.450292+00:00
[2024-11-01T02:07:50.063-0300] {standard_task_runner.py:72} INFO - Started process 185774 to run task
[2024-11-01T02:07:50.075-0300] {standard_task_runner.py:104} INFO - Running: ['airflow', 'tasks', 'run', 'etl_redshift_dag_variables_fed', 'load_to_redshift_task', 'manual__2024-11-01T03:10:35.450292+00:00', '--job-id', '474', '--raw', '--subdir', 'DAGS_FOLDER/dag_variables_fed.py', '--cfg-path', '/tmp/tmpxuplgwi4']
[2024-11-01T02:07:50.079-0300] {standard_task_runner.py:105} INFO - Job 474: Subtask load_to_redshift_task
[2024-11-01T02:07:50.341-0300] {task_command.py:467} INFO - Running <TaskInstance: etl_redshift_dag_variables_fed.load_to_redshift_task manual__2024-11-01T03:10:35.450292+00:00 [running]> on host DESKTOP-MVFODGC.
[2024-11-01T02:07:51.164-0300] {taskinstance.py:3131} INFO - Exporting env vars: AIRFLOW_CTX_DAG_OWNER='airflow' AIRFLOW_CTX_DAG_ID='etl_redshift_dag_variables_fed' AIRFLOW_CTX_TASK_ID='load_to_redshift_task' AIRFLOW_CTX_EXECUTION_DATE='2024-11-01T03:10:35.450292+00:00' AIRFLOW_CTX_TRY_NUMBER='4' AIRFLOW_CTX_DAG_RUN_ID='manual__2024-11-01T03:10:35.450292+00:00'
[2024-11-01T02:07:51.173-0300] {logging_mixin.py:190} INFO - Task instance is in running state
[2024-11-01T02:07:51.193-0300] {logging_mixin.py:190} INFO -  Previous state of the Task instance: queued
[2024-11-01T02:07:51.206-0300] {logging_mixin.py:190} INFO - Current task name:load_to_redshift_task state:running start_date:2024-11-01 05:07:49.909630+00:00
[2024-11-01T02:07:51.223-0300] {logging_mixin.py:190} INFO - Dag name:etl_redshift_dag_variables_fed and current dag run status:running
[2024-11-01T02:07:51.238-0300] {taskinstance.py:731} INFO - ::endgroup::
[2024-11-01T02:07:55.530-0300] {logging_mixin.py:190} INFO - Datos cargados exitosamente en la tabla 2024_nicolas_alvarez_julia_schema.fact_table en Redshift.
[2024-11-01T02:07:55.535-0300] {python.py:240} INFO - Done. Returned value was: None
[2024-11-01T02:07:55.592-0300] {taskinstance.py:340} INFO - ::group::Post task execution logs
[2024-11-01T02:07:55.596-0300] {taskinstance.py:352} INFO - Marking task as SUCCESS. dag_id=etl_redshift_dag_variables_fed, task_id=load_to_redshift_task, run_id=manual__2024-11-01T03:10:35.450292+00:00, execution_date=20241101T031035, start_date=20241101T050749, end_date=20241101T050755
[2024-11-01T02:07:55.743-0300] {logging_mixin.py:190} INFO - Task instance in success state
[2024-11-01T02:07:55.747-0300] {logging_mixin.py:190} INFO -  Previous state of the Task instance: running
[2024-11-01T02:07:55.756-0300] {logging_mixin.py:190} INFO - Dag name:etl_redshift_dag_variables_fed queued_at:2024-11-01 05:02:26.696841+00:00
[2024-11-01T02:07:55.764-0300] {logging_mixin.py:190} INFO - Task hostname:DESKTOP-MVFODGC. operator:PythonOperator
[2024-11-01T02:07:55.834-0300] {local_task_job_runner.py:266} INFO - Task exited with return code 0
[2024-11-01T02:07:55.916-0300] {taskinstance.py:3900} INFO - 0 downstream tasks scheduled from follow-on schedule check
[2024-11-01T02:07:55.938-0300] {local_task_job_runner.py:245} INFO - ::endgroup::
