[2024-11-01T00:30:08.379-0300] {local_task_job_runner.py:123} INFO - ::group::Pre task execution logs
[2024-11-01T00:30:08.433-0300] {taskinstance.py:2612} INFO - Dependencies all met for dep_context=non-requeueable deps ti=<TaskInstance: etl_redshift_dag_variables_fed.load_to_redshift_task scheduled__2024-10-30T19:00:00+00:00 [queued]>
[2024-11-01T00:30:08.474-0300] {taskinstance.py:2612} INFO - Dependencies all met for dep_context=requeueable deps ti=<TaskInstance: etl_redshift_dag_variables_fed.load_to_redshift_task scheduled__2024-10-30T19:00:00+00:00 [queued]>
[2024-11-01T00:30:08.478-0300] {taskinstance.py:2865} INFO - Starting attempt 3 of 4
[2024-11-01T00:30:08.574-0300] {taskinstance.py:2888} INFO - Executing <Task(PythonOperator): load_to_redshift_task> on 2024-10-30 19:00:00+00:00
[2024-11-01T00:30:08.593-0300] {standard_task_runner.py:72} INFO - Started process 161287 to run task
[2024-11-01T00:30:08.613-0300] {standard_task_runner.py:104} INFO - Running: ['airflow', 'tasks', 'run', 'etl_redshift_dag_variables_fed', 'load_to_redshift_task', 'scheduled__2024-10-30T19:00:00+00:00', '--job-id', '405', '--raw', '--subdir', 'DAGS_FOLDER/dag_variables_fed.py', '--cfg-path', '/tmp/tmpmj7pvda7']
[2024-11-01T00:30:08.630-0300] {standard_task_runner.py:105} INFO - Job 405: Subtask load_to_redshift_task
[2024-11-01T00:30:10.480-0300] {task_command.py:467} INFO - Running <TaskInstance: etl_redshift_dag_variables_fed.load_to_redshift_task scheduled__2024-10-30T19:00:00+00:00 [running]> on host DESKTOP-MVFODGC.
[2024-11-01T00:30:11.050-0300] {taskinstance.py:3131} INFO - Exporting env vars: AIRFLOW_CTX_DAG_OWNER='airflow' AIRFLOW_CTX_DAG_ID='etl_redshift_dag_variables_fed' AIRFLOW_CTX_TASK_ID='load_to_redshift_task' AIRFLOW_CTX_EXECUTION_DATE='2024-10-30T19:00:00+00:00' AIRFLOW_CTX_TRY_NUMBER='3' AIRFLOW_CTX_DAG_RUN_ID='scheduled__2024-10-30T19:00:00+00:00'
[2024-11-01T00:30:11.062-0300] {logging_mixin.py:190} INFO - Task instance is in running state
[2024-11-01T00:30:11.071-0300] {logging_mixin.py:190} INFO -  Previous state of the Task instance: queued
[2024-11-01T00:30:11.077-0300] {logging_mixin.py:190} INFO - Current task name:load_to_redshift_task state:running start_date:2024-11-01 03:30:08.439342+00:00
[2024-11-01T00:30:11.082-0300] {logging_mixin.py:190} INFO - Dag name:etl_redshift_dag_variables_fed and current dag run status:running
[2024-11-01T00:30:11.089-0300] {taskinstance.py:731} INFO - ::endgroup::
[2024-11-01T00:30:15.836-0300] {logging_mixin.py:190} INFO - Datos cargados exitosamente en la tabla 2024_nicolas_alvarez_julia_schema.fact_table en Redshift.
[2024-11-01T00:30:15.867-0300] {python.py:240} INFO - Done. Returned value was: None
[2024-11-01T00:30:16.094-0300] {taskinstance.py:340} INFO - ::group::Post task execution logs
[2024-11-01T00:30:16.151-0300] {taskinstance.py:352} INFO - Marking task as SUCCESS. dag_id=etl_redshift_dag_variables_fed, task_id=load_to_redshift_task, run_id=scheduled__2024-10-30T19:00:00+00:00, execution_date=20241030T190000, start_date=20241101T033008, end_date=20241101T033016
[2024-11-01T00:30:16.329-0300] {logging_mixin.py:190} INFO - Task instance in success state
[2024-11-01T00:30:16.332-0300] {logging_mixin.py:190} INFO -  Previous state of the Task instance: running
[2024-11-01T00:30:16.337-0300] {logging_mixin.py:190} INFO - Dag name:etl_redshift_dag_variables_fed queued_at:2024-11-01 03:21:32.182092+00:00
[2024-11-01T00:30:16.341-0300] {logging_mixin.py:190} INFO - Task hostname:DESKTOP-MVFODGC. operator:PythonOperator
[2024-11-01T00:30:16.399-0300] {local_task_job_runner.py:266} INFO - Task exited with return code 0
[2024-11-01T00:30:16.452-0300] {taskinstance.py:3900} INFO - 0 downstream tasks scheduled from follow-on schedule check
[2024-11-01T00:30:16.462-0300] {local_task_job_runner.py:245} INFO - ::endgroup::
