[2024-10-29T14:05:16.617-0300] {processor.py:186} INFO - Started process (PID=70366) to work on /home/nico/.local/lib/python3.10/site-packages/airflow/example_dags/plugins/listener_plugin.py
[2024-10-29T14:05:16.620-0300] {processor.py:914} INFO - Processing file /home/nico/.local/lib/python3.10/site-packages/airflow/example_dags/plugins/listener_plugin.py for tasks to queue
[2024-10-29T14:05:16.625-0300] {logging_mixin.py:190} INFO - [2024-10-29T14:05:16.624-0300] {dagbag.py:588} INFO - Filling up the DagBag from /home/nico/.local/lib/python3.10/site-packages/airflow/example_dags/plugins/listener_plugin.py
[2024-10-29T14:05:16.631-0300] {processor.py:927} WARNING - No viable dags retrieved from /home/nico/.local/lib/python3.10/site-packages/airflow/example_dags/plugins/listener_plugin.py
[2024-10-29T14:05:16.683-0300] {processor.py:208} INFO - Processing /home/nico/.local/lib/python3.10/site-packages/airflow/example_dags/plugins/listener_plugin.py took 0.094 seconds
[2024-10-29T14:09:36.227-0300] {processor.py:186} INFO - Started process (PID=71468) to work on /home/nico/.local/lib/python3.10/site-packages/airflow/example_dags/plugins/listener_plugin.py
[2024-10-29T14:09:36.232-0300] {processor.py:914} INFO - Processing file /home/nico/.local/lib/python3.10/site-packages/airflow/example_dags/plugins/listener_plugin.py for tasks to queue
[2024-10-29T14:09:36.243-0300] {logging_mixin.py:190} INFO - [2024-10-29T14:09:36.241-0300] {dagbag.py:588} INFO - Filling up the DagBag from /home/nico/.local/lib/python3.10/site-packages/airflow/example_dags/plugins/listener_plugin.py
[2024-10-29T14:09:36.253-0300] {processor.py:927} WARNING - No viable dags retrieved from /home/nico/.local/lib/python3.10/site-packages/airflow/example_dags/plugins/listener_plugin.py
[2024-10-29T14:09:36.326-0300] {processor.py:208} INFO - Processing /home/nico/.local/lib/python3.10/site-packages/airflow/example_dags/plugins/listener_plugin.py took 0.126 seconds
[2024-10-29T14:11:20.373-0300] {processor.py:186} INFO - Started process (PID=71924) to work on /home/nico/.local/lib/python3.10/site-packages/airflow/example_dags/plugins/listener_plugin.py
[2024-10-29T14:11:20.377-0300] {processor.py:914} INFO - Processing file /home/nico/.local/lib/python3.10/site-packages/airflow/example_dags/plugins/listener_plugin.py for tasks to queue
[2024-10-29T14:11:20.387-0300] {logging_mixin.py:190} INFO - [2024-10-29T14:11:20.386-0300] {dagbag.py:588} INFO - Filling up the DagBag from /home/nico/.local/lib/python3.10/site-packages/airflow/example_dags/plugins/listener_plugin.py
[2024-10-29T14:11:20.395-0300] {processor.py:927} WARNING - No viable dags retrieved from /home/nico/.local/lib/python3.10/site-packages/airflow/example_dags/plugins/listener_plugin.py
[2024-10-29T14:11:20.459-0300] {processor.py:208} INFO - Processing /home/nico/.local/lib/python3.10/site-packages/airflow/example_dags/plugins/listener_plugin.py took 0.113 seconds
[2024-10-29T14:12:33.256-0300] {processor.py:186} INFO - Started process (PID=72247) to work on /home/nico/.local/lib/python3.10/site-packages/airflow/example_dags/plugins/listener_plugin.py
[2024-10-29T14:12:33.259-0300] {processor.py:914} INFO - Processing file /home/nico/.local/lib/python3.10/site-packages/airflow/example_dags/plugins/listener_plugin.py for tasks to queue
[2024-10-29T14:12:33.267-0300] {logging_mixin.py:190} INFO - [2024-10-29T14:12:33.266-0300] {dagbag.py:588} INFO - Filling up the DagBag from /home/nico/.local/lib/python3.10/site-packages/airflow/example_dags/plugins/listener_plugin.py
[2024-10-29T14:12:33.272-0300] {processor.py:927} WARNING - No viable dags retrieved from /home/nico/.local/lib/python3.10/site-packages/airflow/example_dags/plugins/listener_plugin.py
[2024-10-29T14:12:33.314-0300] {processor.py:208} INFO - Processing /home/nico/.local/lib/python3.10/site-packages/airflow/example_dags/plugins/listener_plugin.py took 0.079 seconds
[2024-10-29T14:13:48.629-0300] {processor.py:186} INFO - Started process (PID=72576) to work on /home/nico/.local/lib/python3.10/site-packages/airflow/example_dags/plugins/listener_plugin.py
[2024-10-29T14:13:48.631-0300] {processor.py:914} INFO - Processing file /home/nico/.local/lib/python3.10/site-packages/airflow/example_dags/plugins/listener_plugin.py for tasks to queue
[2024-10-29T14:13:48.641-0300] {logging_mixin.py:190} INFO - [2024-10-29T14:13:48.640-0300] {dagbag.py:588} INFO - Filling up the DagBag from /home/nico/.local/lib/python3.10/site-packages/airflow/example_dags/plugins/listener_plugin.py
[2024-10-29T14:13:48.658-0300] {processor.py:927} WARNING - No viable dags retrieved from /home/nico/.local/lib/python3.10/site-packages/airflow/example_dags/plugins/listener_plugin.py
[2024-10-29T14:13:49.060-0300] {processor.py:208} INFO - Processing /home/nico/.local/lib/python3.10/site-packages/airflow/example_dags/plugins/listener_plugin.py took 0.447 seconds
[2024-10-29T14:15:02.842-0300] {processor.py:186} INFO - Started process (PID=72904) to work on /home/nico/.local/lib/python3.10/site-packages/airflow/example_dags/plugins/listener_plugin.py
[2024-10-29T14:15:02.845-0300] {processor.py:914} INFO - Processing file /home/nico/.local/lib/python3.10/site-packages/airflow/example_dags/plugins/listener_plugin.py for tasks to queue
[2024-10-29T14:15:02.861-0300] {logging_mixin.py:190} INFO - [2024-10-29T14:15:02.859-0300] {dagbag.py:588} INFO - Filling up the DagBag from /home/nico/.local/lib/python3.10/site-packages/airflow/example_dags/plugins/listener_plugin.py
[2024-10-29T14:15:02.872-0300] {processor.py:927} WARNING - No viable dags retrieved from /home/nico/.local/lib/python3.10/site-packages/airflow/example_dags/plugins/listener_plugin.py
[2024-10-29T14:15:02.925-0300] {processor.py:208} INFO - Processing /home/nico/.local/lib/python3.10/site-packages/airflow/example_dags/plugins/listener_plugin.py took 0.113 seconds
[2024-10-29T14:16:09.760-0300] {processor.py:186} INFO - Started process (PID=73200) to work on /home/nico/.local/lib/python3.10/site-packages/airflow/example_dags/plugins/listener_plugin.py
[2024-10-29T14:16:09.763-0300] {processor.py:914} INFO - Processing file /home/nico/.local/lib/python3.10/site-packages/airflow/example_dags/plugins/listener_plugin.py for tasks to queue
[2024-10-29T14:16:09.769-0300] {logging_mixin.py:190} INFO - [2024-10-29T14:16:09.768-0300] {dagbag.py:588} INFO - Filling up the DagBag from /home/nico/.local/lib/python3.10/site-packages/airflow/example_dags/plugins/listener_plugin.py
[2024-10-29T14:16:09.774-0300] {processor.py:927} WARNING - No viable dags retrieved from /home/nico/.local/lib/python3.10/site-packages/airflow/example_dags/plugins/listener_plugin.py
[2024-10-29T14:16:09.819-0300] {processor.py:208} INFO - Processing /home/nico/.local/lib/python3.10/site-packages/airflow/example_dags/plugins/listener_plugin.py took 0.077 seconds
[2024-10-29T14:17:38.159-0300] {processor.py:186} INFO - Started process (PID=73579) to work on /home/nico/.local/lib/python3.10/site-packages/airflow/example_dags/plugins/listener_plugin.py
[2024-10-29T14:17:38.175-0300] {processor.py:914} INFO - Processing file /home/nico/.local/lib/python3.10/site-packages/airflow/example_dags/plugins/listener_plugin.py for tasks to queue
[2024-10-29T14:17:38.197-0300] {logging_mixin.py:190} INFO - [2024-10-29T14:17:38.195-0300] {dagbag.py:588} INFO - Filling up the DagBag from /home/nico/.local/lib/python3.10/site-packages/airflow/example_dags/plugins/listener_plugin.py
[2024-10-29T14:17:38.211-0300] {processor.py:927} WARNING - No viable dags retrieved from /home/nico/.local/lib/python3.10/site-packages/airflow/example_dags/plugins/listener_plugin.py
[2024-10-29T14:17:38.303-0300] {processor.py:208} INFO - Processing /home/nico/.local/lib/python3.10/site-packages/airflow/example_dags/plugins/listener_plugin.py took 0.184 seconds
[2024-10-29T14:22:43.609-0300] {processor.py:186} INFO - Started process (PID=74911) to work on /home/nico/.local/lib/python3.10/site-packages/airflow/example_dags/plugins/listener_plugin.py
[2024-10-29T14:22:43.612-0300] {processor.py:914} INFO - Processing file /home/nico/.local/lib/python3.10/site-packages/airflow/example_dags/plugins/listener_plugin.py for tasks to queue
[2024-10-29T14:22:43.618-0300] {logging_mixin.py:190} INFO - [2024-10-29T14:22:43.617-0300] {dagbag.py:588} INFO - Filling up the DagBag from /home/nico/.local/lib/python3.10/site-packages/airflow/example_dags/plugins/listener_plugin.py
[2024-10-29T14:22:43.622-0300] {processor.py:927} WARNING - No viable dags retrieved from /home/nico/.local/lib/python3.10/site-packages/airflow/example_dags/plugins/listener_plugin.py
[2024-10-29T14:22:43.692-0300] {processor.py:208} INFO - Processing /home/nico/.local/lib/python3.10/site-packages/airflow/example_dags/plugins/listener_plugin.py took 0.097 seconds
[2024-10-29T14:24:20.947-0300] {processor.py:186} INFO - Started process (PID=75341) to work on /home/nico/.local/lib/python3.10/site-packages/airflow/example_dags/plugins/listener_plugin.py
[2024-10-29T14:24:20.950-0300] {processor.py:914} INFO - Processing file /home/nico/.local/lib/python3.10/site-packages/airflow/example_dags/plugins/listener_plugin.py for tasks to queue
[2024-10-29T14:24:20.955-0300] {logging_mixin.py:190} INFO - [2024-10-29T14:24:20.954-0300] {dagbag.py:588} INFO - Filling up the DagBag from /home/nico/.local/lib/python3.10/site-packages/airflow/example_dags/plugins/listener_plugin.py
[2024-10-29T14:24:20.963-0300] {processor.py:927} WARNING - No viable dags retrieved from /home/nico/.local/lib/python3.10/site-packages/airflow/example_dags/plugins/listener_plugin.py
[2024-10-29T14:24:21.010-0300] {processor.py:208} INFO - Processing /home/nico/.local/lib/python3.10/site-packages/airflow/example_dags/plugins/listener_plugin.py took 0.083 seconds
[2024-10-29T14:25:29.587-0300] {processor.py:186} INFO - Started process (PID=75648) to work on /home/nico/.local/lib/python3.10/site-packages/airflow/example_dags/plugins/listener_plugin.py
[2024-10-29T14:25:29.591-0300] {processor.py:914} INFO - Processing file /home/nico/.local/lib/python3.10/site-packages/airflow/example_dags/plugins/listener_plugin.py for tasks to queue
[2024-10-29T14:25:29.600-0300] {logging_mixin.py:190} INFO - [2024-10-29T14:25:29.599-0300] {dagbag.py:588} INFO - Filling up the DagBag from /home/nico/.local/lib/python3.10/site-packages/airflow/example_dags/plugins/listener_plugin.py
[2024-10-29T14:25:29.606-0300] {processor.py:927} WARNING - No viable dags retrieved from /home/nico/.local/lib/python3.10/site-packages/airflow/example_dags/plugins/listener_plugin.py
[2024-10-29T14:25:29.656-0300] {processor.py:208} INFO - Processing /home/nico/.local/lib/python3.10/site-packages/airflow/example_dags/plugins/listener_plugin.py took 0.088 seconds
[2024-10-29T14:26:38.569-0300] {processor.py:186} INFO - Started process (PID=75959) to work on /home/nico/.local/lib/python3.10/site-packages/airflow/example_dags/plugins/listener_plugin.py
[2024-10-29T14:26:38.571-0300] {processor.py:914} INFO - Processing file /home/nico/.local/lib/python3.10/site-packages/airflow/example_dags/plugins/listener_plugin.py for tasks to queue
[2024-10-29T14:26:38.576-0300] {logging_mixin.py:190} INFO - [2024-10-29T14:26:38.575-0300] {dagbag.py:588} INFO - Filling up the DagBag from /home/nico/.local/lib/python3.10/site-packages/airflow/example_dags/plugins/listener_plugin.py
[2024-10-29T14:26:38.581-0300] {processor.py:927} WARNING - No viable dags retrieved from /home/nico/.local/lib/python3.10/site-packages/airflow/example_dags/plugins/listener_plugin.py
[2024-10-29T14:26:38.630-0300] {processor.py:208} INFO - Processing /home/nico/.local/lib/python3.10/site-packages/airflow/example_dags/plugins/listener_plugin.py took 0.077 seconds
[2024-10-29T14:27:48.190-0300] {processor.py:186} INFO - Started process (PID=76271) to work on /home/nico/.local/lib/python3.10/site-packages/airflow/example_dags/plugins/listener_plugin.py
[2024-10-29T14:27:48.193-0300] {processor.py:914} INFO - Processing file /home/nico/.local/lib/python3.10/site-packages/airflow/example_dags/plugins/listener_plugin.py for tasks to queue
[2024-10-29T14:27:48.200-0300] {logging_mixin.py:190} INFO - [2024-10-29T14:27:48.199-0300] {dagbag.py:588} INFO - Filling up the DagBag from /home/nico/.local/lib/python3.10/site-packages/airflow/example_dags/plugins/listener_plugin.py
[2024-10-29T14:27:48.207-0300] {processor.py:927} WARNING - No viable dags retrieved from /home/nico/.local/lib/python3.10/site-packages/airflow/example_dags/plugins/listener_plugin.py
[2024-10-29T14:27:48.264-0300] {processor.py:208} INFO - Processing /home/nico/.local/lib/python3.10/site-packages/airflow/example_dags/plugins/listener_plugin.py took 0.094 seconds
[2024-10-29T14:29:10.299-0300] {processor.py:186} INFO - Started process (PID=76637) to work on /home/nico/.local/lib/python3.10/site-packages/airflow/example_dags/plugins/listener_plugin.py
[2024-10-29T14:29:10.303-0300] {processor.py:914} INFO - Processing file /home/nico/.local/lib/python3.10/site-packages/airflow/example_dags/plugins/listener_plugin.py for tasks to queue
[2024-10-29T14:29:10.311-0300] {logging_mixin.py:190} INFO - [2024-10-29T14:29:10.310-0300] {dagbag.py:588} INFO - Filling up the DagBag from /home/nico/.local/lib/python3.10/site-packages/airflow/example_dags/plugins/listener_plugin.py
[2024-10-29T14:29:10.319-0300] {processor.py:927} WARNING - No viable dags retrieved from /home/nico/.local/lib/python3.10/site-packages/airflow/example_dags/plugins/listener_plugin.py
[2024-10-29T14:29:10.377-0300] {processor.py:208} INFO - Processing /home/nico/.local/lib/python3.10/site-packages/airflow/example_dags/plugins/listener_plugin.py took 0.099 seconds
[2024-10-29T14:36:59.103-0300] {processor.py:186} INFO - Started process (PID=78657) to work on /home/nico/.local/lib/python3.10/site-packages/airflow/example_dags/plugins/listener_plugin.py
[2024-10-29T14:36:59.107-0300] {processor.py:914} INFO - Processing file /home/nico/.local/lib/python3.10/site-packages/airflow/example_dags/plugins/listener_plugin.py for tasks to queue
[2024-10-29T14:36:59.111-0300] {logging_mixin.py:190} INFO - [2024-10-29T14:36:59.110-0300] {dagbag.py:588} INFO - Filling up the DagBag from /home/nico/.local/lib/python3.10/site-packages/airflow/example_dags/plugins/listener_plugin.py
[2024-10-29T14:36:59.116-0300] {processor.py:927} WARNING - No viable dags retrieved from /home/nico/.local/lib/python3.10/site-packages/airflow/example_dags/plugins/listener_plugin.py
[2024-10-29T14:36:59.158-0300] {processor.py:208} INFO - Processing /home/nico/.local/lib/python3.10/site-packages/airflow/example_dags/plugins/listener_plugin.py took 0.073 seconds
[2024-10-29T14:38:32.406-0300] {processor.py:186} INFO - Started process (PID=79073) to work on /home/nico/.local/lib/python3.10/site-packages/airflow/example_dags/plugins/listener_plugin.py
[2024-10-29T14:38:32.409-0300] {processor.py:914} INFO - Processing file /home/nico/.local/lib/python3.10/site-packages/airflow/example_dags/plugins/listener_plugin.py for tasks to queue
[2024-10-29T14:38:32.414-0300] {logging_mixin.py:190} INFO - [2024-10-29T14:38:32.413-0300] {dagbag.py:588} INFO - Filling up the DagBag from /home/nico/.local/lib/python3.10/site-packages/airflow/example_dags/plugins/listener_plugin.py
[2024-10-29T14:38:32.421-0300] {processor.py:927} WARNING - No viable dags retrieved from /home/nico/.local/lib/python3.10/site-packages/airflow/example_dags/plugins/listener_plugin.py
[2024-10-29T14:38:32.465-0300] {processor.py:208} INFO - Processing /home/nico/.local/lib/python3.10/site-packages/airflow/example_dags/plugins/listener_plugin.py took 0.075 seconds
[2024-10-29T14:39:32.917-0300] {processor.py:186} INFO - Started process (PID=79352) to work on /home/nico/.local/lib/python3.10/site-packages/airflow/example_dags/plugins/listener_plugin.py
[2024-10-29T14:39:32.921-0300] {processor.py:914} INFO - Processing file /home/nico/.local/lib/python3.10/site-packages/airflow/example_dags/plugins/listener_plugin.py for tasks to queue
[2024-10-29T14:39:32.925-0300] {logging_mixin.py:190} INFO - [2024-10-29T14:39:32.924-0300] {dagbag.py:588} INFO - Filling up the DagBag from /home/nico/.local/lib/python3.10/site-packages/airflow/example_dags/plugins/listener_plugin.py
[2024-10-29T14:39:32.932-0300] {processor.py:927} WARNING - No viable dags retrieved from /home/nico/.local/lib/python3.10/site-packages/airflow/example_dags/plugins/listener_plugin.py
[2024-10-29T14:39:33.029-0300] {processor.py:208} INFO - Processing /home/nico/.local/lib/python3.10/site-packages/airflow/example_dags/plugins/listener_plugin.py took 0.131 seconds
[2024-10-29T14:40:38.896-0300] {processor.py:186} INFO - Started process (PID=79649) to work on /home/nico/.local/lib/python3.10/site-packages/airflow/example_dags/plugins/listener_plugin.py
[2024-10-29T14:40:38.898-0300] {processor.py:914} INFO - Processing file /home/nico/.local/lib/python3.10/site-packages/airflow/example_dags/plugins/listener_plugin.py for tasks to queue
[2024-10-29T14:40:38.902-0300] {logging_mixin.py:190} INFO - [2024-10-29T14:40:38.901-0300] {dagbag.py:588} INFO - Filling up the DagBag from /home/nico/.local/lib/python3.10/site-packages/airflow/example_dags/plugins/listener_plugin.py
[2024-10-29T14:40:38.907-0300] {processor.py:927} WARNING - No viable dags retrieved from /home/nico/.local/lib/python3.10/site-packages/airflow/example_dags/plugins/listener_plugin.py
[2024-10-29T14:40:38.973-0300] {processor.py:208} INFO - Processing /home/nico/.local/lib/python3.10/site-packages/airflow/example_dags/plugins/listener_plugin.py took 0.096 seconds
[2024-10-29T14:41:43.281-0300] {processor.py:186} INFO - Started process (PID=79942) to work on /home/nico/.local/lib/python3.10/site-packages/airflow/example_dags/plugins/listener_plugin.py
[2024-10-29T14:41:43.284-0300] {processor.py:914} INFO - Processing file /home/nico/.local/lib/python3.10/site-packages/airflow/example_dags/plugins/listener_plugin.py for tasks to queue
[2024-10-29T14:41:43.288-0300] {logging_mixin.py:190} INFO - [2024-10-29T14:41:43.287-0300] {dagbag.py:588} INFO - Filling up the DagBag from /home/nico/.local/lib/python3.10/site-packages/airflow/example_dags/plugins/listener_plugin.py
[2024-10-29T14:41:43.295-0300] {processor.py:927} WARNING - No viable dags retrieved from /home/nico/.local/lib/python3.10/site-packages/airflow/example_dags/plugins/listener_plugin.py
[2024-10-29T14:41:43.368-0300] {processor.py:208} INFO - Processing /home/nico/.local/lib/python3.10/site-packages/airflow/example_dags/plugins/listener_plugin.py took 0.109 seconds
[2024-10-29T14:43:11.737-0300] {processor.py:186} INFO - Started process (PID=80337) to work on /home/nico/.local/lib/python3.10/site-packages/airflow/example_dags/plugins/listener_plugin.py
[2024-10-29T14:43:11.739-0300] {processor.py:914} INFO - Processing file /home/nico/.local/lib/python3.10/site-packages/airflow/example_dags/plugins/listener_plugin.py for tasks to queue
[2024-10-29T14:43:11.743-0300] {logging_mixin.py:190} INFO - [2024-10-29T14:43:11.742-0300] {dagbag.py:588} INFO - Filling up the DagBag from /home/nico/.local/lib/python3.10/site-packages/airflow/example_dags/plugins/listener_plugin.py
[2024-10-29T14:43:11.748-0300] {processor.py:927} WARNING - No viable dags retrieved from /home/nico/.local/lib/python3.10/site-packages/airflow/example_dags/plugins/listener_plugin.py
[2024-10-29T14:43:11.793-0300] {processor.py:208} INFO - Processing /home/nico/.local/lib/python3.10/site-packages/airflow/example_dags/plugins/listener_plugin.py took 0.073 seconds
