[2024-11-02T12:15:21.621-0300] {local_task_job_runner.py:123} INFO - ::group::Pre task execution logs
[2024-11-02T12:15:21.726-0300] {taskinstance.py:2612} INFO - Dependencies all met for dep_context=non-requeueable deps ti=<TaskInstance: etl_redshift_dag_variables_fed.actualizar_dim_fecha scheduled__2024-11-01T07:00:00+00:00 [queued]>
[2024-11-02T12:15:21.785-0300] {taskinstance.py:2612} INFO - Dependencies all met for dep_context=requeueable deps ti=<TaskInstance: etl_redshift_dag_variables_fed.actualizar_dim_fecha scheduled__2024-11-01T07:00:00+00:00 [queued]>
[2024-11-02T12:15:21.791-0300] {taskinstance.py:2865} INFO - Starting attempt 1 of 2
[2024-11-02T12:15:22.245-0300] {taskinstance.py:2888} INFO - Executing <Task(PythonOperator): actualizar_dim_fecha> on 2024-11-01 07:00:00+00:00
[2024-11-02T12:15:22.883-0300] {standard_task_runner.py:72} INFO - Started process 218698 to run task
[2024-11-02T12:15:23.463-0300] {standard_task_runner.py:104} INFO - Running: ['airflow', 'tasks', 'run', 'etl_redshift_dag_variables_fed', 'actualizar_dim_fecha', 'scheduled__2024-11-01T07:00:00+00:00', '--job-id', '537', '--raw', '--subdir', 'DAGS_FOLDER/dag_variables_fed.py', '--cfg-path', '/tmp/tmp38z7nyrt']
[2024-11-02T12:15:23.503-0300] {standard_task_runner.py:105} INFO - Job 537: Subtask actualizar_dim_fecha
[2024-11-02T12:15:25.400-0300] {task_command.py:467} INFO - Running <TaskInstance: etl_redshift_dag_variables_fed.actualizar_dim_fecha scheduled__2024-11-01T07:00:00+00:00 [running]> on host DESKTOP-MVFODGC.
[2024-11-02T12:15:28.763-0300] {taskinstance.py:3131} INFO - Exporting env vars: AIRFLOW_CTX_DAG_OWNER='airflow' AIRFLOW_CTX_DAG_ID='etl_redshift_dag_variables_fed' AIRFLOW_CTX_TASK_ID='actualizar_dim_fecha' AIRFLOW_CTX_EXECUTION_DATE='2024-11-01T07:00:00+00:00' AIRFLOW_CTX_TRY_NUMBER='1' AIRFLOW_CTX_DAG_RUN_ID='scheduled__2024-11-01T07:00:00+00:00'
[2024-11-02T12:15:28.793-0300] {logging_mixin.py:190} INFO - Task instance is in running state
[2024-11-02T12:15:28.796-0300] {logging_mixin.py:190} INFO -  Previous state of the Task instance: queued
[2024-11-02T12:15:28.802-0300] {logging_mixin.py:190} INFO - Current task name:actualizar_dim_fecha state:running start_date:2024-11-02 15:15:21.730166+00:00
[2024-11-02T12:15:28.805-0300] {logging_mixin.py:190} INFO - Dag name:etl_redshift_dag_variables_fed and current dag run status:running
[2024-11-02T12:15:28.845-0300] {taskinstance.py:731} INFO - ::endgroup::
[2024-11-02T12:15:37.510-0300] {python.py:240} INFO - Done. Returned value was: None
[2024-11-02T12:15:38.746-0300] {taskinstance.py:340} INFO - ::group::Post task execution logs
[2024-11-02T12:15:38.771-0300] {taskinstance.py:352} INFO - Marking task as SUCCESS. dag_id=etl_redshift_dag_variables_fed, task_id=actualizar_dim_fecha, run_id=scheduled__2024-11-01T07:00:00+00:00, execution_date=20241101T070000, start_date=20241102T151521, end_date=20241102T151538
[2024-11-02T12:15:40.275-0300] {logging_mixin.py:190} INFO - Task instance in success state
[2024-11-02T12:15:40.279-0300] {logging_mixin.py:190} INFO -  Previous state of the Task instance: running
[2024-11-02T12:15:40.285-0300] {logging_mixin.py:190} INFO - Dag name:etl_redshift_dag_variables_fed queued_at:2024-11-02 15:14:30.932647+00:00
[2024-11-02T12:15:40.296-0300] {logging_mixin.py:190} INFO - Task hostname:DESKTOP-MVFODGC. operator:PythonOperator
[2024-11-02T12:15:40.414-0300] {local_task_job_runner.py:266} INFO - Task exited with return code 0
[2024-11-02T12:15:42.522-0300] {taskinstance.py:3900} INFO - 1 downstream tasks scheduled from follow-on schedule check
[2024-11-02T12:15:43.237-0300] {local_task_job_runner.py:245} INFO - ::endgroup::
[2024-11-02T12:15:43.620-0300] {standard_task_runner.py:217} INFO - Process not found (most likely exited), stop collecting metrics
