[2024-11-02T22:42:38.771-0300] {local_task_job_runner.py:123} INFO - ::group::Pre task execution logs
[2024-11-02T22:42:38.848-0300] {taskinstance.py:2612} INFO - Dependencies all met for dep_context=non-requeueable deps ti=<TaskInstance: etl_redshift_dag_variables_bcra.transform_data scheduled__2024-10-31T19:00:00+00:00 [queued]>
[2024-11-02T22:42:38.884-0300] {taskinstance.py:2612} INFO - Dependencies all met for dep_context=requeueable deps ti=<TaskInstance: etl_redshift_dag_variables_bcra.transform_data scheduled__2024-10-31T19:00:00+00:00 [queued]>
[2024-11-02T22:42:38.888-0300] {taskinstance.py:2865} INFO - Starting attempt 2 of 3
[2024-11-02T22:42:38.989-0300] {taskinstance.py:2888} INFO - Executing <Task(PythonOperator): transform_data> on 2024-10-31 19:00:00+00:00
[2024-11-02T22:42:39.018-0300] {standard_task_runner.py:72} INFO - Started process 220723 to run task
[2024-11-02T22:42:39.049-0300] {standard_task_runner.py:104} INFO - Running: ['airflow', 'tasks', 'run', 'etl_redshift_dag_variables_bcra', 'transform_data', 'scheduled__2024-10-31T19:00:00+00:00', '--job-id', '564', '--raw', '--subdir', 'DAGS_FOLDER/dag_variables_bcra.py', '--cfg-path', '/tmp/tmpbt605m8u']
[2024-11-02T22:42:39.065-0300] {standard_task_runner.py:105} INFO - Job 564: Subtask transform_data
[2024-11-02T22:42:39.456-0300] {task_command.py:467} INFO - Running <TaskInstance: etl_redshift_dag_variables_bcra.transform_data scheduled__2024-10-31T19:00:00+00:00 [running]> on host DESKTOP-MVFODGC.
[2024-11-02T22:42:42.062-0300] {taskinstance.py:3131} INFO - Exporting env vars: AIRFLOW_CTX_DAG_OWNER='airflow' AIRFLOW_CTX_DAG_ID='etl_redshift_dag_variables_bcra' AIRFLOW_CTX_TASK_ID='transform_data' AIRFLOW_CTX_EXECUTION_DATE='2024-10-31T19:00:00+00:00' AIRFLOW_CTX_TRY_NUMBER='2' AIRFLOW_CTX_DAG_RUN_ID='scheduled__2024-10-31T19:00:00+00:00'
[2024-11-02T22:42:42.068-0300] {logging_mixin.py:190} INFO - Task instance is in running state
[2024-11-02T22:42:42.087-0300] {logging_mixin.py:190} INFO -  Previous state of the Task instance: queued
[2024-11-02T22:42:42.107-0300] {logging_mixin.py:190} INFO - Current task name:transform_data state:running start_date:2024-11-03 01:42:38.851441+00:00
[2024-11-02T22:42:42.123-0300] {logging_mixin.py:190} INFO - Dag name:etl_redshift_dag_variables_bcra and current dag run status:running
[2024-11-02T22:42:42.138-0300] {taskinstance.py:731} INFO - ::endgroup::
[2024-11-02T22:42:42.436-0300] {python.py:240} INFO - Done. Returned value was:     variable_id      fecha         valor fecha_dato
0             1 2024-11-01  2.986300e+04 2024-10-30
2             5 2024-11-01  9.927500e+02 2024-11-01
3             6 2024-11-01  3.500000e+01 2024-11-01
4             7 2024-11-01  4.056250e+01 2024-10-31
5             8 2024-11-01  4.150000e+01 2024-10-31
6             9 2024-11-01  4.000000e+01 2024-11-01
7            10 2024-11-01  4.000000e+01 2024-07-19
8            11 2024-11-01  4.868000e+01 2024-10-31
9            12 2024-11-01  4.045000e+01 2024-10-31
10           13 2024-11-01  5.393000e+01 2024-10-31
11           14 2024-11-01  6.806000e+01 2024-10-31
12           15 2024-11-01  2.250101e+07 2024-10-30
13           16 2024-11-01  1.547897e+07 2024-10-30
14           17 2024-11-01  1.371676e+07 2024-10-30
15           18 2024-11-01  1.762214e+06 2024-10-30
16           19 2024-11-01  7.022038e+06 2024-10-30
17           21 2024-11-01  1.314092e+08 2024-10-30
18           22 2024-11-01  2.442872e+07 2024-10-30
19           23 2024-11-01  5.059633e+07 2024-10-30
20           24 2024-11-01  4.916419e+07 2024-10-30
21           25 2024-11-01  1.103000e+02 2024-10-30
22           26 2024-11-01  5.440819e+07 2024-10-30
23           27 2024-11-01  3.500000e+00 2024-09-30
24           28 2024-11-01  2.090000e+02 2024-09-30
25           29 2024-11-01  4.090000e+01 2024-09-30
29           34 2024-11-01  4.188000e+01 2024-11-01
30           35 2024-11-01  4.897000e+01 2024-10-31
32           41 2024-11-01  4.915000e+01 2024-07-19
33           42 2024-11-01  0.000000e+00 2024-10-30
[2024-11-02T22:42:42.740-0300] {taskinstance.py:340} INFO - ::group::Post task execution logs
[2024-11-02T22:42:42.744-0300] {taskinstance.py:352} INFO - Marking task as SUCCESS. dag_id=etl_redshift_dag_variables_bcra, task_id=transform_data, run_id=scheduled__2024-10-31T19:00:00+00:00, execution_date=20241031T190000, start_date=20241103T014238, end_date=20241103T014242
[2024-11-02T22:42:42.839-0300] {logging_mixin.py:190} INFO - Task instance in success state
[2024-11-02T22:42:42.851-0300] {logging_mixin.py:190} INFO -  Previous state of the Task instance: running
[2024-11-02T22:42:42.863-0300] {logging_mixin.py:190} INFO - Dag name:etl_redshift_dag_variables_bcra queued_at:2024-11-03 01:39:59.013729+00:00
[2024-11-02T22:42:42.868-0300] {logging_mixin.py:190} INFO - Task hostname:DESKTOP-MVFODGC. operator:PythonOperator
[2024-11-02T22:42:42.944-0300] {local_task_job_runner.py:266} INFO - Task exited with return code 0
[2024-11-02T22:42:43.625-0300] {taskinstance.py:3900} INFO - 1 downstream tasks scheduled from follow-on schedule check
[2024-11-02T22:42:44.057-0300] {standard_task_runner.py:217} INFO - Process not found (most likely exited), stop collecting metrics
[2024-11-02T22:42:44.716-0300] {local_task_job_runner.py:245} INFO - ::endgroup::
