[2024-11-02T00:15:19.291-0300] {local_task_job_runner.py:123} INFO - ::group::Pre task execution logs
[2024-11-02T00:15:19.347-0300] {taskinstance.py:2612} INFO - Dependencies all met for dep_context=non-requeueable deps ti=<TaskInstance: etl_redshift_dag_variables_bcra.transform_data scheduled__2024-10-31T19:00:00+00:00 [queued]>
[2024-11-02T00:15:19.396-0300] {taskinstance.py:2612} INFO - Dependencies all met for dep_context=requeueable deps ti=<TaskInstance: etl_redshift_dag_variables_bcra.transform_data scheduled__2024-10-31T19:00:00+00:00 [queued]>
[2024-11-02T00:15:19.402-0300] {taskinstance.py:2865} INFO - Starting attempt 1 of 2
[2024-11-02T00:15:19.511-0300] {taskinstance.py:2888} INFO - Executing <Task(PythonOperator): transform_data> on 2024-10-31 19:00:00+00:00
[2024-11-02T00:15:19.524-0300] {standard_task_runner.py:72} INFO - Started process 216763 to run task
[2024-11-02T00:15:19.540-0300] {standard_task_runner.py:104} INFO - Running: ['airflow', 'tasks', 'run', 'etl_redshift_dag_variables_bcra', 'transform_data', 'scheduled__2024-10-31T19:00:00+00:00', '--job-id', '512', '--raw', '--subdir', 'DAGS_FOLDER/dag_variables_bcra.py', '--cfg-path', '/tmp/tmpx2itsmoe']
[2024-11-02T00:15:19.544-0300] {standard_task_runner.py:105} INFO - Job 512: Subtask transform_data
[2024-11-02T00:15:19.774-0300] {task_command.py:467} INFO - Running <TaskInstance: etl_redshift_dag_variables_bcra.transform_data scheduled__2024-10-31T19:00:00+00:00 [running]> on host DESKTOP-MVFODGC.
[2024-11-02T00:15:20.176-0300] {taskinstance.py:3131} INFO - Exporting env vars: AIRFLOW_CTX_DAG_OWNER='airflow' AIRFLOW_CTX_DAG_ID='etl_redshift_dag_variables_bcra' AIRFLOW_CTX_TASK_ID='transform_data' AIRFLOW_CTX_EXECUTION_DATE='2024-10-31T19:00:00+00:00' AIRFLOW_CTX_TRY_NUMBER='1' AIRFLOW_CTX_DAG_RUN_ID='scheduled__2024-10-31T19:00:00+00:00'
[2024-11-02T00:15:20.181-0300] {logging_mixin.py:190} INFO - Task instance is in running state
[2024-11-02T00:15:20.188-0300] {logging_mixin.py:190} INFO -  Previous state of the Task instance: queued
[2024-11-02T00:15:20.197-0300] {logging_mixin.py:190} INFO - Current task name:transform_data state:running start_date:2024-11-02 03:15:19.352243+00:00
[2024-11-02T00:15:20.205-0300] {logging_mixin.py:190} INFO - Dag name:etl_redshift_dag_variables_bcra and current dag run status:running
[2024-11-02T00:15:20.207-0300] {taskinstance.py:731} INFO - ::endgroup::
[2024-11-02T00:15:20.750-0300] {python.py:240} INFO - Done. Returned value was:     variable_id      fecha         valor fecha_dato
0             1 2024-11-01  2.986300e+04 2024-10-30
2             5 2024-11-01  9.927500e+02 2024-11-01
3             6 2024-11-01  3.500000e+01 2024-11-01
4             7 2024-11-01  4.056250e+01 2024-10-31
5             8 2024-11-01  4.150000e+01 2024-10-31
6             9 2024-11-01  4.000000e+01 2024-11-01
7            10 2024-11-01  4.000000e+01 2024-07-19
8            11 2024-11-01  4.868000e+01 2024-10-31
9            12 2024-11-01  4.045000e+01 2024-10-31
10           13 2024-11-01  5.393000e+01 2024-10-31
11           14 2024-11-01  6.806000e+01 2024-10-31
12           15 2024-11-01  2.250101e+07 2024-10-30
13           16 2024-11-01  1.547897e+07 2024-10-30
14           17 2024-11-01  1.371676e+07 2024-10-30
15           18 2024-11-01  1.762214e+06 2024-10-30
16           19 2024-11-01  7.022038e+06 2024-10-30
17           21 2024-11-01  1.314092e+08 2024-10-30
18           22 2024-11-01  2.442872e+07 2024-10-30
19           23 2024-11-01  5.059633e+07 2024-10-30
20           24 2024-11-01  4.916419e+07 2024-10-30
21           25 2024-11-01  1.103000e+02 2024-10-30
22           26 2024-11-01  5.440819e+07 2024-10-30
23           27 2024-11-01  3.500000e+00 2024-09-30
24           28 2024-11-01  2.090000e+02 2024-09-30
25           29 2024-11-01  4.090000e+01 2024-09-30
29           34 2024-11-01  4.188000e+01 2024-11-01
30           35 2024-11-01  4.897000e+01 2024-10-31
32           41 2024-11-01  4.915000e+01 2024-07-19
33           42 2024-11-01  0.000000e+00 2024-10-30
[2024-11-02T00:15:21.875-0300] {taskinstance.py:340} INFO - ::group::Post task execution logs
[2024-11-02T00:15:21.880-0300] {taskinstance.py:352} INFO - Marking task as SUCCESS. dag_id=etl_redshift_dag_variables_bcra, task_id=transform_data, run_id=scheduled__2024-10-31T19:00:00+00:00, execution_date=20241031T190000, start_date=20241102T031519, end_date=20241102T031521
[2024-11-02T00:15:22.071-0300] {logging_mixin.py:190} INFO - Task instance in success state
[2024-11-02T00:15:22.076-0300] {logging_mixin.py:190} INFO -  Previous state of the Task instance: running
[2024-11-02T00:15:22.080-0300] {logging_mixin.py:190} INFO - Dag name:etl_redshift_dag_variables_bcra queued_at:2024-11-02 03:11:07.226610+00:00
[2024-11-02T00:15:22.087-0300] {logging_mixin.py:190} INFO - Task hostname:DESKTOP-MVFODGC. operator:PythonOperator
[2024-11-02T00:15:22.177-0300] {local_task_job_runner.py:266} INFO - Task exited with return code 0
[2024-11-02T00:15:22.395-0300] {taskinstance.py:3900} INFO - 1 downstream tasks scheduled from follow-on schedule check
[2024-11-02T00:15:22.442-0300] {local_task_job_runner.py:245} INFO - ::endgroup::
