[2024-11-01T01:28:10.044-0300] {local_task_job_runner.py:123} INFO - ::group::Pre task execution logs
[2024-11-01T01:28:10.108-0300] {taskinstance.py:2612} INFO - Dependencies all met for dep_context=non-requeueable deps ti=<TaskInstance: etl_redshift_dag_variables_fed.transform_data_fed_task manual__2024-11-01T02:55:54.147174+00:00 [queued]>
[2024-11-01T01:28:10.152-0300] {taskinstance.py:2612} INFO - Dependencies all met for dep_context=requeueable deps ti=<TaskInstance: etl_redshift_dag_variables_fed.transform_data_fed_task manual__2024-11-01T02:55:54.147174+00:00 [queued]>
[2024-11-01T01:28:10.154-0300] {taskinstance.py:2865} INFO - Starting attempt 5 of 6
[2024-11-01T01:28:10.275-0300] {taskinstance.py:2888} INFO - Executing <Task(PythonOperator): transform_data_fed_task> on 2024-11-01 02:55:54.147174+00:00
[2024-11-01T01:28:10.296-0300] {standard_task_runner.py:72} INFO - Started process 175831 to run task
[2024-11-01T01:28:10.319-0300] {standard_task_runner.py:104} INFO - Running: ['airflow', 'tasks', 'run', 'etl_redshift_dag_variables_fed', 'transform_data_fed_task', 'manual__2024-11-01T02:55:54.147174+00:00', '--job-id', '452', '--raw', '--subdir', 'DAGS_FOLDER/dag_variables_fed.py', '--cfg-path', '/tmp/tmpgsjr7_k3']
[2024-11-01T01:28:10.329-0300] {standard_task_runner.py:105} INFO - Job 452: Subtask transform_data_fed_task
[2024-11-01T01:28:11.170-0300] {task_command.py:467} INFO - Running <TaskInstance: etl_redshift_dag_variables_fed.transform_data_fed_task manual__2024-11-01T02:55:54.147174+00:00 [running]> on host DESKTOP-MVFODGC.
[2024-11-01T01:28:11.833-0300] {taskinstance.py:3131} INFO - Exporting env vars: AIRFLOW_CTX_DAG_OWNER='airflow' AIRFLOW_CTX_DAG_ID='etl_redshift_dag_variables_fed' AIRFLOW_CTX_TASK_ID='transform_data_fed_task' AIRFLOW_CTX_EXECUTION_DATE='2024-11-01T02:55:54.147174+00:00' AIRFLOW_CTX_TRY_NUMBER='5' AIRFLOW_CTX_DAG_RUN_ID='manual__2024-11-01T02:55:54.147174+00:00'
[2024-11-01T01:28:11.842-0300] {logging_mixin.py:190} INFO - Task instance is in running state
[2024-11-01T01:28:11.857-0300] {logging_mixin.py:190} INFO -  Previous state of the Task instance: queued
[2024-11-01T01:28:11.864-0300] {logging_mixin.py:190} INFO - Current task name:transform_data_fed_task state:running start_date:2024-11-01 04:28:10.112804+00:00
[2024-11-01T01:28:11.875-0300] {logging_mixin.py:190} INFO - Dag name:etl_redshift_dag_variables_fed and current dag run status:running
[2024-11-01T01:28:11.884-0300] {taskinstance.py:731} INFO - ::endgroup::
[2024-11-01T01:28:12.135-0300] {logging_mixin.py:190} INFO - Datos transformados y enviados por XCom
[2024-11-01T01:28:12.141-0300] {python.py:240} INFO - Done. Returned value was: None
[2024-11-01T01:28:12.192-0300] {taskinstance.py:340} INFO - ::group::Post task execution logs
[2024-11-01T01:28:12.196-0300] {taskinstance.py:352} INFO - Marking task as SUCCESS. dag_id=etl_redshift_dag_variables_fed, task_id=transform_data_fed_task, run_id=manual__2024-11-01T02:55:54.147174+00:00, execution_date=20241101T025554, start_date=20241101T042810, end_date=20241101T042812
[2024-11-01T01:28:12.298-0300] {logging_mixin.py:190} INFO - Task instance in success state
[2024-11-01T01:28:12.302-0300] {logging_mixin.py:190} INFO -  Previous state of the Task instance: running
[2024-11-01T01:28:12.306-0300] {logging_mixin.py:190} INFO - Dag name:etl_redshift_dag_variables_fed queued_at:2024-11-01 04:13:46.526629+00:00
[2024-11-01T01:28:12.311-0300] {logging_mixin.py:190} INFO - Task hostname:DESKTOP-MVFODGC. operator:PythonOperator
[2024-11-01T01:28:12.346-0300] {local_task_job_runner.py:266} INFO - Task exited with return code 0
[2024-11-01T01:28:13.361-0300] {taskinstance.py:3900} INFO - 1 downstream tasks scheduled from follow-on schedule check
[2024-11-01T01:28:13.638-0300] {local_task_job_runner.py:245} INFO - ::endgroup::
