[2024-10-30T21:01:12.229-0300] {local_task_job_runner.py:123} INFO - ::group::Pre task execution logs
[2024-10-30T21:01:12.305-0300] {taskinstance.py:2612} INFO - Dependencies all met for dep_context=non-requeueable deps ti=<TaskInstance: etl_redshift_dag_variables_bcra.actualizar_dim_fecha scheduled__2024-10-30T00:01:00+00:00 [queued]>
[2024-10-30T21:01:12.344-0300] {taskinstance.py:2612} INFO - Dependencies all met for dep_context=requeueable deps ti=<TaskInstance: etl_redshift_dag_variables_bcra.actualizar_dim_fecha scheduled__2024-10-30T00:01:00+00:00 [queued]>
[2024-10-30T21:01:12.348-0300] {taskinstance.py:2865} INFO - Starting attempt 1 of 2
[2024-10-30T21:01:12.475-0300] {taskinstance.py:2888} INFO - Executing <Task(PythonOperator): actualizar_dim_fecha> on 2024-10-30 00:01:00+00:00
[2024-10-30T21:01:12.492-0300] {standard_task_runner.py:72} INFO - Started process 99808 to run task
[2024-10-30T21:01:12.511-0300] {standard_task_runner.py:104} INFO - Running: ['airflow', 'tasks', 'run', 'etl_redshift_dag_variables_bcra', 'actualizar_dim_fecha', 'scheduled__2024-10-30T00:01:00+00:00', '--job-id', '250', '--raw', '--subdir', 'DAGS_FOLDER/dag_variables_bcra.py', '--cfg-path', '/tmp/tmps39j8xh2']
[2024-10-30T21:01:12.516-0300] {standard_task_runner.py:105} INFO - Job 250: Subtask actualizar_dim_fecha
[2024-10-30T21:01:12.785-0300] {task_command.py:467} INFO - Running <TaskInstance: etl_redshift_dag_variables_bcra.actualizar_dim_fecha scheduled__2024-10-30T00:01:00+00:00 [running]> on host DESKTOP-MVFODGC.
[2024-10-30T21:01:13.120-0300] {taskinstance.py:3131} INFO - Exporting env vars: AIRFLOW_CTX_DAG_OWNER='airflow' AIRFLOW_CTX_DAG_ID='etl_redshift_dag_variables_bcra' AIRFLOW_CTX_TASK_ID='actualizar_dim_fecha' AIRFLOW_CTX_EXECUTION_DATE='2024-10-30T00:01:00+00:00' AIRFLOW_CTX_TRY_NUMBER='1' AIRFLOW_CTX_DAG_RUN_ID='scheduled__2024-10-30T00:01:00+00:00'
[2024-10-30T21:01:13.124-0300] {logging_mixin.py:190} INFO - Task instance is in running state
[2024-10-30T21:01:13.127-0300] {logging_mixin.py:190} INFO -  Previous state of the Task instance: queued
[2024-10-30T21:01:13.131-0300] {logging_mixin.py:190} INFO - Current task name:actualizar_dim_fecha state:running start_date:2024-10-31 00:01:12.309218+00:00
[2024-10-30T21:01:13.135-0300] {logging_mixin.py:190} INFO - Dag name:etl_redshift_dag_variables_bcra and current dag run status:running
[2024-10-30T21:01:13.139-0300] {taskinstance.py:731} INFO - ::endgroup::
[2024-10-30T21:01:15.810-0300] {_databases.py:352} ERROR - {'S': 'ERROR', 'C': '42601', 'M': 'syntax error at or near "2024" in context "AS max_fecha FROM 2024", at line 1', 'P': '44', 'F': '/home/ec2-user/padb/src/pg/src/backend/parser/parser_scan.l', 'L': '858', 'R': 'extended_yyerror'}
[2024-10-30T21:01:15.813-0300] {logging_mixin.py:190} INFO - Error en la conexión o actualización de la tabla: {'S': 'ERROR', 'C': '42601', 'M': 'syntax error at or near "2024" in context "AS max_fecha FROM 2024", at line 1', 'P': '44', 'F': '/home/ec2-user/padb/src/pg/src/backend/parser/parser_scan.l', 'L': '858', 'R': 'extended_yyerror'}
[2024-10-30T21:01:15.817-0300] {python.py:240} INFO - Done. Returned value was: None
[2024-10-30T21:01:15.855-0300] {taskinstance.py:340} INFO - ::group::Post task execution logs
[2024-10-30T21:01:15.858-0300] {taskinstance.py:352} INFO - Marking task as SUCCESS. dag_id=etl_redshift_dag_variables_bcra, task_id=actualizar_dim_fecha, run_id=scheduled__2024-10-30T00:01:00+00:00, execution_date=20241030T000100, start_date=20241031T000112, end_date=20241031T000115
[2024-10-30T21:01:15.978-0300] {logging_mixin.py:190} INFO - Task instance in success state
[2024-10-30T21:01:15.982-0300] {logging_mixin.py:190} INFO -  Previous state of the Task instance: running
[2024-10-30T21:01:15.985-0300] {logging_mixin.py:190} INFO - Dag name:etl_redshift_dag_variables_bcra queued_at:2024-10-31 00:01:02.259561+00:00
[2024-10-30T21:01:15.988-0300] {logging_mixin.py:190} INFO - Task hostname:DESKTOP-MVFODGC. operator:PythonOperator
[2024-10-30T21:01:16.037-0300] {local_task_job_runner.py:266} INFO - Task exited with return code 0
[2024-10-30T21:01:16.143-0300] {taskinstance.py:3900} INFO - 1 downstream tasks scheduled from follow-on schedule check
[2024-10-30T21:01:16.181-0300] {local_task_job_runner.py:245} INFO - ::endgroup::
