[2024-10-30T20:48:33.288-0300] {local_task_job_runner.py:123} INFO - ::group::Pre task execution logs
[2024-10-30T20:48:33.433-0300] {taskinstance.py:2612} INFO - Dependencies all met for dep_context=non-requeueable deps ti=<TaskInstance: etl_redshift_dag_variables_bcra.load_data scheduled__2024-10-24T00:01:00+00:00 [queued]>
[2024-10-30T20:48:33.551-0300] {taskinstance.py:2612} INFO - Dependencies all met for dep_context=requeueable deps ti=<TaskInstance: etl_redshift_dag_variables_bcra.load_data scheduled__2024-10-24T00:01:00+00:00 [queued]>
[2024-10-30T20:48:33.558-0300] {taskinstance.py:2865} INFO - Starting attempt 6 of 7
[2024-10-30T20:48:33.858-0300] {taskinstance.py:2888} INFO - Executing <Task(PythonOperator): load_data> on 2024-10-24 00:01:00+00:00
[2024-10-30T20:48:33.889-0300] {standard_task_runner.py:72} INFO - Started process 96502 to run task
[2024-10-30T20:48:33.910-0300] {standard_task_runner.py:104} INFO - Running: ['airflow', 'tasks', 'run', 'etl_redshift_dag_variables_bcra', 'load_data', 'scheduled__2024-10-24T00:01:00+00:00', '--job-id', '241', '--raw', '--subdir', 'DAGS_FOLDER/dag_variables_bcra.py', '--cfg-path', '/tmp/tmpwh8f4gpr']
[2024-10-30T20:48:33.935-0300] {standard_task_runner.py:105} INFO - Job 241: Subtask load_data
[2024-10-30T20:48:34.339-0300] {task_command.py:467} INFO - Running <TaskInstance: etl_redshift_dag_variables_bcra.load_data scheduled__2024-10-24T00:01:00+00:00 [running]> on host DESKTOP-MVFODGC.
[2024-10-30T20:48:34.968-0300] {taskinstance.py:3131} INFO - Exporting env vars: AIRFLOW_CTX_DAG_OWNER='airflow' AIRFLOW_CTX_DAG_ID='etl_redshift_dag_variables_bcra' AIRFLOW_CTX_TASK_ID='load_data' AIRFLOW_CTX_EXECUTION_DATE='2024-10-24T00:01:00+00:00' AIRFLOW_CTX_TRY_NUMBER='6' AIRFLOW_CTX_DAG_RUN_ID='scheduled__2024-10-24T00:01:00+00:00'
[2024-10-30T20:48:34.973-0300] {logging_mixin.py:190} INFO - Task instance is in running state
[2024-10-30T20:48:34.976-0300] {logging_mixin.py:190} INFO -  Previous state of the Task instance: queued
[2024-10-30T20:48:34.991-0300] {logging_mixin.py:190} INFO - Current task name:load_data state:running start_date:2024-10-30 23:48:33.443466+00:00
[2024-10-30T20:48:34.999-0300] {logging_mixin.py:190} INFO - Dag name:etl_redshift_dag_variables_bcra and current dag run status:running
[2024-10-30T20:48:35.004-0300] {taskinstance.py:731} INFO - ::endgroup::
[2024-10-30T20:48:40.302-0300] {logging_mixin.py:190} INFO - Datos cargados exitosamente en la tabla 2024_nicolas_alvarez_julia_schema.fact_table en Redshift.
[2024-10-30T20:48:40.306-0300] {python.py:240} INFO - Done. Returned value was: None
[2024-10-30T20:48:40.357-0300] {taskinstance.py:340} INFO - ::group::Post task execution logs
[2024-10-30T20:48:40.361-0300] {taskinstance.py:352} INFO - Marking task as SUCCESS. dag_id=etl_redshift_dag_variables_bcra, task_id=load_data, run_id=scheduled__2024-10-24T00:01:00+00:00, execution_date=20241024T000100, start_date=20241030T234833, end_date=20241030T234840
[2024-10-30T20:48:40.514-0300] {logging_mixin.py:190} INFO - Task instance in success state
[2024-10-30T20:48:40.518-0300] {logging_mixin.py:190} INFO -  Previous state of the Task instance: running
[2024-10-30T20:48:40.521-0300] {logging_mixin.py:190} INFO - Dag name:etl_redshift_dag_variables_bcra queued_at:2024-10-30 23:10:13.627195+00:00
[2024-10-30T20:48:40.535-0300] {logging_mixin.py:190} INFO - Task hostname:DESKTOP-MVFODGC. operator:PythonOperator
[2024-10-30T20:48:40.589-0300] {local_task_job_runner.py:266} INFO - Task exited with return code 0
[2024-10-30T20:48:41.764-0300] {taskinstance.py:3900} INFO - 0 downstream tasks scheduled from follow-on schedule check
[2024-10-30T20:48:41.853-0300] {local_task_job_runner.py:245} INFO - ::endgroup::
