[2024-10-30T20:50:58.095-0300] {local_task_job_runner.py:123} INFO - ::group::Pre task execution logs
[2024-10-30T20:50:58.157-0300] {taskinstance.py:2612} INFO - Dependencies all met for dep_context=non-requeueable deps ti=<TaskInstance: etl_redshift_dag_variables_bcra.load_data scheduled__2024-10-29T00:01:00+00:00 [queued]>
[2024-10-30T20:50:58.246-0300] {taskinstance.py:2612} INFO - Dependencies all met for dep_context=requeueable deps ti=<TaskInstance: etl_redshift_dag_variables_bcra.load_data scheduled__2024-10-29T00:01:00+00:00 [queued]>
[2024-10-30T20:50:58.249-0300] {taskinstance.py:2865} INFO - Starting attempt 2 of 3
[2024-10-30T20:50:58.519-0300] {taskinstance.py:2888} INFO - Executing <Task(PythonOperator): load_data> on 2024-10-29 00:01:00+00:00
[2024-10-30T20:50:58.561-0300] {standard_task_runner.py:72} INFO - Started process 97116 to run task
[2024-10-30T20:50:58.582-0300] {standard_task_runner.py:104} INFO - Running: ['airflow', 'tasks', 'run', 'etl_redshift_dag_variables_bcra', 'load_data', 'scheduled__2024-10-29T00:01:00+00:00', '--job-id', '246', '--raw', '--subdir', 'DAGS_FOLDER/dag_variables_bcra.py', '--cfg-path', '/tmp/tmpxz_dpgan']
[2024-10-30T20:50:58.609-0300] {standard_task_runner.py:105} INFO - Job 246: Subtask load_data
[2024-10-30T20:50:59.164-0300] {task_command.py:467} INFO - Running <TaskInstance: etl_redshift_dag_variables_bcra.load_data scheduled__2024-10-29T00:01:00+00:00 [running]> on host DESKTOP-MVFODGC.
[2024-10-30T20:50:59.771-0300] {taskinstance.py:3131} INFO - Exporting env vars: AIRFLOW_CTX_DAG_OWNER='airflow' AIRFLOW_CTX_DAG_ID='etl_redshift_dag_variables_bcra' AIRFLOW_CTX_TASK_ID='load_data' AIRFLOW_CTX_EXECUTION_DATE='2024-10-29T00:01:00+00:00' AIRFLOW_CTX_TRY_NUMBER='2' AIRFLOW_CTX_DAG_RUN_ID='scheduled__2024-10-29T00:01:00+00:00'
[2024-10-30T20:50:59.778-0300] {logging_mixin.py:190} INFO - Task instance is in running state
[2024-10-30T20:50:59.782-0300] {logging_mixin.py:190} INFO -  Previous state of the Task instance: queued
[2024-10-30T20:50:59.785-0300] {logging_mixin.py:190} INFO - Current task name:load_data state:running start_date:2024-10-30 23:50:58.161431+00:00
[2024-10-30T20:50:59.791-0300] {logging_mixin.py:190} INFO - Dag name:etl_redshift_dag_variables_bcra and current dag run status:running
[2024-10-30T20:50:59.798-0300] {taskinstance.py:731} INFO - ::endgroup::
[2024-10-30T20:51:05.916-0300] {logging_mixin.py:190} INFO - Datos cargados exitosamente en la tabla 2024_nicolas_alvarez_julia_schema.fact_table en Redshift.
[2024-10-30T20:51:05.926-0300] {python.py:240} INFO - Done. Returned value was: None
[2024-10-30T20:51:06.061-0300] {taskinstance.py:340} INFO - ::group::Post task execution logs
[2024-10-30T20:51:06.065-0300] {taskinstance.py:352} INFO - Marking task as SUCCESS. dag_id=etl_redshift_dag_variables_bcra, task_id=load_data, run_id=scheduled__2024-10-29T00:01:00+00:00, execution_date=20241029T000100, start_date=20241030T235058, end_date=20241030T235106
[2024-10-30T20:51:06.205-0300] {logging_mixin.py:190} INFO - Task instance in success state
[2024-10-30T20:51:06.214-0300] {logging_mixin.py:190} INFO -  Previous state of the Task instance: running
[2024-10-30T20:51:06.219-0300] {logging_mixin.py:190} INFO - Dag name:etl_redshift_dag_variables_bcra queued_at:2024-10-30 23:13:21.167467+00:00
[2024-10-30T20:51:06.225-0300] {logging_mixin.py:190} INFO - Task hostname:DESKTOP-MVFODGC. operator:PythonOperator
[2024-10-30T20:51:06.343-0300] {local_task_job_runner.py:266} INFO - Task exited with return code 0
[2024-10-30T20:51:06.449-0300] {taskinstance.py:3900} INFO - 0 downstream tasks scheduled from follow-on schedule check
[2024-10-30T20:51:06.460-0300] {local_task_job_runner.py:245} INFO - ::endgroup::
