[2024-11-02T12:35:28.963-0300] {local_task_job_runner.py:123} INFO - ::group::Pre task execution logs
[2024-11-02T12:35:29.026-0300] {taskinstance.py:2612} INFO - Dependencies all met for dep_context=non-requeueable deps ti=<TaskInstance: etl_redshift_dag_variables_fed.extract_data_fed_task scheduled__2024-10-31T22:00:00+00:00 [queued]>
[2024-11-02T12:35:29.061-0300] {taskinstance.py:2612} INFO - Dependencies all met for dep_context=requeueable deps ti=<TaskInstance: etl_redshift_dag_variables_fed.extract_data_fed_task scheduled__2024-10-31T22:00:00+00:00 [queued]>
[2024-11-02T12:35:29.063-0300] {taskinstance.py:2865} INFO - Starting attempt 1 of 2
[2024-11-02T12:35:29.176-0300] {taskinstance.py:2888} INFO - Executing <Task(PythonOperator): extract_data_fed_task> on 2024-10-31 22:00:00+00:00
[2024-11-02T12:35:29.190-0300] {standard_task_runner.py:72} INFO - Started process 219125 to run task
[2024-11-02T12:35:29.210-0300] {standard_task_runner.py:104} INFO - Running: ['airflow', 'tasks', 'run', 'etl_redshift_dag_variables_fed', 'extract_data_fed_task', 'scheduled__2024-10-31T22:00:00+00:00', '--job-id', '550', '--raw', '--subdir', 'DAGS_FOLDER/dag_variables_fed.py', '--cfg-path', '/tmp/tmp_vnbbh5i']
[2024-11-02T12:35:29.262-0300] {standard_task_runner.py:105} INFO - Job 550: Subtask extract_data_fed_task
[2024-11-02T12:35:30.784-0300] {task_command.py:467} INFO - Running <TaskInstance: etl_redshift_dag_variables_fed.extract_data_fed_task scheduled__2024-10-31T22:00:00+00:00 [running]> on host DESKTOP-MVFODGC.
[2024-11-02T12:35:31.513-0300] {taskinstance.py:3131} INFO - Exporting env vars: AIRFLOW_CTX_DAG_OWNER='airflow' AIRFLOW_CTX_DAG_ID='etl_redshift_dag_variables_fed' AIRFLOW_CTX_TASK_ID='extract_data_fed_task' AIRFLOW_CTX_EXECUTION_DATE='2024-10-31T22:00:00+00:00' AIRFLOW_CTX_TRY_NUMBER='1' AIRFLOW_CTX_DAG_RUN_ID='scheduled__2024-10-31T22:00:00+00:00'
[2024-11-02T12:35:31.518-0300] {logging_mixin.py:190} INFO - Task instance is in running state
[2024-11-02T12:35:31.522-0300] {logging_mixin.py:190} INFO -  Previous state of the Task instance: queued
[2024-11-02T12:35:31.537-0300] {logging_mixin.py:190} INFO - Current task name:extract_data_fed_task state:running start_date:2024-11-02 15:35:29.031274+00:00
[2024-11-02T12:35:31.540-0300] {logging_mixin.py:190} INFO - Dag name:etl_redshift_dag_variables_fed and current dag run status:running
[2024-11-02T12:35:31.547-0300] {taskinstance.py:731} INFO - ::endgroup::
[2024-11-02T12:35:39.874-0300] {python.py:240} INFO - Done. Returned value was: None
[2024-11-02T12:35:39.933-0300] {taskinstance.py:340} INFO - ::group::Post task execution logs
[2024-11-02T12:35:39.941-0300] {taskinstance.py:352} INFO - Marking task as SUCCESS. dag_id=etl_redshift_dag_variables_fed, task_id=extract_data_fed_task, run_id=scheduled__2024-10-31T22:00:00+00:00, execution_date=20241031T220000, start_date=20241102T153529, end_date=20241102T153539
[2024-11-02T12:35:40.498-0300] {logging_mixin.py:190} INFO - Task instance in success state
[2024-11-02T12:35:40.504-0300] {logging_mixin.py:190} INFO -  Previous state of the Task instance: running
[2024-11-02T12:35:40.508-0300] {logging_mixin.py:190} INFO - Dag name:etl_redshift_dag_variables_fed queued_at:2024-11-02 15:34:45.576129+00:00
[2024-11-02T12:35:40.511-0300] {logging_mixin.py:190} INFO - Task hostname:DESKTOP-MVFODGC. operator:PythonOperator
[2024-11-02T12:35:40.589-0300] {local_task_job_runner.py:266} INFO - Task exited with return code 0
[2024-11-02T12:35:41.225-0300] {taskinstance.py:3900} INFO - 1 downstream tasks scheduled from follow-on schedule check
[2024-11-02T12:35:41.257-0300] {local_task_job_runner.py:245} INFO - ::endgroup::
