[2024-11-01T01:20:26.070-0300] {local_task_job_runner.py:123} INFO - ::group::Pre task execution logs
[2024-11-01T01:20:26.368-0300] {taskinstance.py:2612} INFO - Dependencies all met for dep_context=non-requeueable deps ti=<TaskInstance: etl_redshift_dag_variables_fed.extract_data_fed_task scheduled__2024-10-30T19:00:00+00:00 [queued]>
[2024-11-01T01:20:26.651-0300] {taskinstance.py:2612} INFO - Dependencies all met for dep_context=requeueable deps ti=<TaskInstance: etl_redshift_dag_variables_fed.extract_data_fed_task scheduled__2024-10-30T19:00:00+00:00 [queued]>
[2024-11-01T01:20:26.675-0300] {taskinstance.py:2865} INFO - Starting attempt 5 of 6
[2024-11-01T01:20:28.613-0300] {taskinstance.py:2888} INFO - Executing <Task(PythonOperator): extract_data_fed_task> on 2024-10-30 19:00:00+00:00
[2024-11-01T01:20:28.645-0300] {standard_task_runner.py:72} INFO - Started process 174000 to run task
[2024-11-01T01:20:28.666-0300] {standard_task_runner.py:104} INFO - Running: ['airflow', 'tasks', 'run', 'etl_redshift_dag_variables_fed', 'extract_data_fed_task', 'scheduled__2024-10-30T19:00:00+00:00', '--job-id', '441', '--raw', '--subdir', 'DAGS_FOLDER/dag_variables_fed.py', '--cfg-path', '/tmp/tmp0bsvm3hn']
[2024-11-01T01:20:28.692-0300] {standard_task_runner.py:105} INFO - Job 441: Subtask extract_data_fed_task
[2024-11-01T01:20:33.672-0300] {task_command.py:467} INFO - Running <TaskInstance: etl_redshift_dag_variables_fed.extract_data_fed_task scheduled__2024-10-30T19:00:00+00:00 [running]> on host DESKTOP-MVFODGC.
[2024-11-01T01:20:35.175-0300] {job.py:229} INFO - Heartbeat recovered after 11.07 seconds
[2024-11-01T01:20:39.923-0300] {taskinstance.py:3131} INFO - Exporting env vars: AIRFLOW_CTX_DAG_OWNER='airflow' AIRFLOW_CTX_DAG_ID='etl_redshift_dag_variables_fed' AIRFLOW_CTX_TASK_ID='extract_data_fed_task' AIRFLOW_CTX_EXECUTION_DATE='2024-10-30T19:00:00+00:00' AIRFLOW_CTX_TRY_NUMBER='5' AIRFLOW_CTX_DAG_RUN_ID='scheduled__2024-10-30T19:00:00+00:00'
[2024-11-01T01:20:39.955-0300] {logging_mixin.py:190} INFO - Task instance is in running state
[2024-11-01T01:20:39.968-0300] {logging_mixin.py:190} INFO -  Previous state of the Task instance: queued
[2024-11-01T01:20:40.108-0300] {logging_mixin.py:190} INFO - Current task name:extract_data_fed_task state:running start_date:2024-11-01 04:20:26.408457+00:00
[2024-11-01T01:20:40.203-0300] {logging_mixin.py:190} INFO - Dag name:etl_redshift_dag_variables_fed and current dag run status:running
[2024-11-01T01:20:40.220-0300] {taskinstance.py:731} INFO - ::endgroup::
[2024-11-01T01:20:49.042-0300] {python.py:240} INFO - Done. Returned value was: None
[2024-11-01T01:20:49.101-0300] {taskinstance.py:340} INFO - ::group::Post task execution logs
[2024-11-01T01:20:49.104-0300] {taskinstance.py:352} INFO - Marking task as SUCCESS. dag_id=etl_redshift_dag_variables_fed, task_id=extract_data_fed_task, run_id=scheduled__2024-10-30T19:00:00+00:00, execution_date=20241030T190000, start_date=20241101T042026, end_date=20241101T042049
[2024-11-01T01:20:49.309-0300] {logging_mixin.py:190} INFO - Task instance in success state
[2024-11-01T01:20:49.315-0300] {logging_mixin.py:190} INFO -  Previous state of the Task instance: running
[2024-11-01T01:20:49.320-0300] {logging_mixin.py:190} INFO - Dag name:etl_redshift_dag_variables_fed queued_at:2024-11-01 04:13:28.342780+00:00
[2024-11-01T01:20:49.328-0300] {logging_mixin.py:190} INFO - Task hostname:DESKTOP-MVFODGC. operator:PythonOperator
[2024-11-01T01:20:49.379-0300] {local_task_job_runner.py:266} INFO - Task exited with return code 0
[2024-11-01T01:20:49.665-0300] {taskinstance.py:3900} INFO - 1 downstream tasks scheduled from follow-on schedule check
[2024-11-01T01:20:49.701-0300] {local_task_job_runner.py:245} INFO - ::endgroup::
