[2024-11-01T00:29:04.336-0300] {local_task_job_runner.py:123} INFO - ::group::Pre task execution logs
[2024-11-01T00:29:04.487-0300] {taskinstance.py:2612} INFO - Dependencies all met for dep_context=non-requeueable deps ti=<TaskInstance: etl_redshift_dag_variables_fed.transform_data_fed_task manual__2024-11-01T03:10:35.450292+00:00 [queued]>
[2024-11-01T00:29:04.618-0300] {taskinstance.py:2612} INFO - Dependencies all met for dep_context=requeueable deps ti=<TaskInstance: etl_redshift_dag_variables_fed.transform_data_fed_task manual__2024-11-01T03:10:35.450292+00:00 [queued]>
[2024-11-01T00:29:04.644-0300] {taskinstance.py:2865} INFO - Starting attempt 2 of 3
[2024-11-01T00:29:05.992-0300] {taskinstance.py:2888} INFO - Executing <Task(PythonOperator): transform_data_fed_task> on 2024-11-01 03:10:35.450292+00:00
[2024-11-01T00:29:06.007-0300] {standard_task_runner.py:72} INFO - Started process 161026 to run task
[2024-11-01T00:29:06.028-0300] {standard_task_runner.py:104} INFO - Running: ['airflow', 'tasks', 'run', 'etl_redshift_dag_variables_fed', 'transform_data_fed_task', 'manual__2024-11-01T03:10:35.450292+00:00', '--job-id', '403', '--raw', '--subdir', 'DAGS_FOLDER/dag_variables_fed.py', '--cfg-path', '/tmp/tmptwhp3nhp']
[2024-11-01T00:29:06.035-0300] {standard_task_runner.py:105} INFO - Job 403: Subtask transform_data_fed_task
[2024-11-01T00:29:06.766-0300] {task_command.py:467} INFO - Running <TaskInstance: etl_redshift_dag_variables_fed.transform_data_fed_task manual__2024-11-01T03:10:35.450292+00:00 [running]> on host DESKTOP-MVFODGC.
[2024-11-01T00:29:07.733-0300] {taskinstance.py:3131} INFO - Exporting env vars: AIRFLOW_CTX_DAG_OWNER='airflow' AIRFLOW_CTX_DAG_ID='etl_redshift_dag_variables_fed' AIRFLOW_CTX_TASK_ID='transform_data_fed_task' AIRFLOW_CTX_EXECUTION_DATE='2024-11-01T03:10:35.450292+00:00' AIRFLOW_CTX_TRY_NUMBER='2' AIRFLOW_CTX_DAG_RUN_ID='manual__2024-11-01T03:10:35.450292+00:00'
[2024-11-01T00:29:07.750-0300] {logging_mixin.py:190} INFO - Task instance is in running state
[2024-11-01T00:29:07.759-0300] {logging_mixin.py:190} INFO -  Previous state of the Task instance: queued
[2024-11-01T00:29:07.768-0300] {logging_mixin.py:190} INFO - Current task name:transform_data_fed_task state:running start_date:2024-11-01 03:29:04.495622+00:00
[2024-11-01T00:29:07.797-0300] {logging_mixin.py:190} INFO - Dag name:etl_redshift_dag_variables_fed and current dag run status:running
[2024-11-01T00:29:07.809-0300] {taskinstance.py:731} INFO - ::endgroup::
[2024-11-01T00:29:08.161-0300] {logging_mixin.py:190} INFO - Datos transformados y enviados por XCom
[2024-11-01T00:29:08.168-0300] {python.py:240} INFO - Done. Returned value was: None
[2024-11-01T00:29:08.236-0300] {taskinstance.py:340} INFO - ::group::Post task execution logs
[2024-11-01T00:29:08.243-0300] {taskinstance.py:352} INFO - Marking task as SUCCESS. dag_id=etl_redshift_dag_variables_fed, task_id=transform_data_fed_task, run_id=manual__2024-11-01T03:10:35.450292+00:00, execution_date=20241101T031035, start_date=20241101T032904, end_date=20241101T032908
[2024-11-01T00:29:08.917-0300] {logging_mixin.py:190} INFO - Task instance in success state
[2024-11-01T00:29:08.931-0300] {logging_mixin.py:190} INFO -  Previous state of the Task instance: running
[2024-11-01T00:29:08.943-0300] {logging_mixin.py:190} INFO - Dag name:etl_redshift_dag_variables_fed queued_at:2024-11-01 03:10:36.692961+00:00
[2024-11-01T00:29:08.950-0300] {logging_mixin.py:190} INFO - Task hostname:DESKTOP-MVFODGC. operator:PythonOperator
[2024-11-01T00:29:09.015-0300] {local_task_job_runner.py:266} INFO - Task exited with return code 0
[2024-11-01T00:29:09.984-0300] {taskinstance.py:3900} INFO - 1 downstream tasks scheduled from follow-on schedule check
[2024-11-01T00:29:10.096-0300] {local_task_job_runner.py:245} INFO - ::endgroup::
[2024-11-01T00:29:11.052-0300] {standard_task_runner.py:217} INFO - Process not found (most likely exited), stop collecting metrics
