[2024-11-02T00:16:50.115-0300] {processor.py:186} INFO - Started process (PID=216819) to work on /home/nico/.local/lib/python3.10/site-packages/airflow/example_dags/subdags/subdag.py
[2024-11-02T00:16:50.118-0300] {processor.py:914} INFO - Processing file /home/nico/.local/lib/python3.10/site-packages/airflow/example_dags/subdags/subdag.py for tasks to queue
[2024-11-02T00:16:50.121-0300] {logging_mixin.py:190} INFO - [2024-11-02T00:16:50.120-0300] {dagbag.py:588} INFO - Filling up the DagBag from /home/nico/.local/lib/python3.10/site-packages/airflow/example_dags/subdags/subdag.py
[2024-11-02T00:16:50.126-0300] {processor.py:927} WARNING - No viable dags retrieved from /home/nico/.local/lib/python3.10/site-packages/airflow/example_dags/subdags/subdag.py
[2024-11-02T00:16:50.169-0300] {processor.py:208} INFO - Processing /home/nico/.local/lib/python3.10/site-packages/airflow/example_dags/subdags/subdag.py took 0.067 seconds
[2024-11-02T00:18:43.352-0300] {processor.py:186} INFO - Started process (PID=216884) to work on /home/nico/.local/lib/python3.10/site-packages/airflow/example_dags/subdags/subdag.py
[2024-11-02T00:18:43.356-0300] {processor.py:914} INFO - Processing file /home/nico/.local/lib/python3.10/site-packages/airflow/example_dags/subdags/subdag.py for tasks to queue
[2024-11-02T00:18:43.361-0300] {logging_mixin.py:190} INFO - [2024-11-02T00:18:43.360-0300] {dagbag.py:588} INFO - Filling up the DagBag from /home/nico/.local/lib/python3.10/site-packages/airflow/example_dags/subdags/subdag.py
[2024-11-02T00:18:43.366-0300] {processor.py:927} WARNING - No viable dags retrieved from /home/nico/.local/lib/python3.10/site-packages/airflow/example_dags/subdags/subdag.py
[2024-11-02T00:18:43.422-0300] {processor.py:208} INFO - Processing /home/nico/.local/lib/python3.10/site-packages/airflow/example_dags/subdags/subdag.py took 0.098 seconds
[2024-11-02T00:20:04.452-0300] {processor.py:186} INFO - Started process (PID=216929) to work on /home/nico/.local/lib/python3.10/site-packages/airflow/example_dags/subdags/subdag.py
[2024-11-02T00:20:04.456-0300] {processor.py:914} INFO - Processing file /home/nico/.local/lib/python3.10/site-packages/airflow/example_dags/subdags/subdag.py for tasks to queue
[2024-11-02T00:20:04.471-0300] {logging_mixin.py:190} INFO - [2024-11-02T00:20:04.469-0300] {dagbag.py:588} INFO - Filling up the DagBag from /home/nico/.local/lib/python3.10/site-packages/airflow/example_dags/subdags/subdag.py
[2024-11-02T00:20:04.486-0300] {processor.py:927} WARNING - No viable dags retrieved from /home/nico/.local/lib/python3.10/site-packages/airflow/example_dags/subdags/subdag.py
[2024-11-02T00:20:04.644-0300] {processor.py:208} INFO - Processing /home/nico/.local/lib/python3.10/site-packages/airflow/example_dags/subdags/subdag.py took 0.224 seconds
[2024-11-02T00:21:44.942-0300] {processor.py:186} INFO - Started process (PID=216980) to work on /home/nico/.local/lib/python3.10/site-packages/airflow/example_dags/subdags/subdag.py
[2024-11-02T00:21:44.956-0300] {processor.py:914} INFO - Processing file /home/nico/.local/lib/python3.10/site-packages/airflow/example_dags/subdags/subdag.py for tasks to queue
[2024-11-02T00:21:44.972-0300] {logging_mixin.py:190} INFO - [2024-11-02T00:21:44.965-0300] {dagbag.py:588} INFO - Filling up the DagBag from /home/nico/.local/lib/python3.10/site-packages/airflow/example_dags/subdags/subdag.py
[2024-11-02T00:21:44.991-0300] {processor.py:927} WARNING - No viable dags retrieved from /home/nico/.local/lib/python3.10/site-packages/airflow/example_dags/subdags/subdag.py
[2024-11-02T00:21:45.065-0300] {processor.py:208} INFO - Processing /home/nico/.local/lib/python3.10/site-packages/airflow/example_dags/subdags/subdag.py took 0.174 seconds
[2024-11-02T00:23:13.708-0300] {processor.py:186} INFO - Started process (PID=217032) to work on /home/nico/.local/lib/python3.10/site-packages/airflow/example_dags/subdags/subdag.py
[2024-11-02T00:23:13.711-0300] {processor.py:914} INFO - Processing file /home/nico/.local/lib/python3.10/site-packages/airflow/example_dags/subdags/subdag.py for tasks to queue
[2024-11-02T00:23:13.715-0300] {logging_mixin.py:190} INFO - [2024-11-02T00:23:13.714-0300] {dagbag.py:588} INFO - Filling up the DagBag from /home/nico/.local/lib/python3.10/site-packages/airflow/example_dags/subdags/subdag.py
[2024-11-02T00:23:13.720-0300] {processor.py:927} WARNING - No viable dags retrieved from /home/nico/.local/lib/python3.10/site-packages/airflow/example_dags/subdags/subdag.py
[2024-11-02T00:23:13.766-0300] {processor.py:208} INFO - Processing /home/nico/.local/lib/python3.10/site-packages/airflow/example_dags/subdags/subdag.py took 0.098 seconds
[2024-11-02T00:24:38.767-0300] {processor.py:186} INFO - Started process (PID=217078) to work on /home/nico/.local/lib/python3.10/site-packages/airflow/example_dags/subdags/subdag.py
[2024-11-02T00:24:38.770-0300] {processor.py:914} INFO - Processing file /home/nico/.local/lib/python3.10/site-packages/airflow/example_dags/subdags/subdag.py for tasks to queue
[2024-11-02T00:24:38.774-0300] {logging_mixin.py:190} INFO - [2024-11-02T00:24:38.773-0300] {dagbag.py:588} INFO - Filling up the DagBag from /home/nico/.local/lib/python3.10/site-packages/airflow/example_dags/subdags/subdag.py
[2024-11-02T00:24:38.782-0300] {processor.py:927} WARNING - No viable dags retrieved from /home/nico/.local/lib/python3.10/site-packages/airflow/example_dags/subdags/subdag.py
[2024-11-02T00:24:38.850-0300] {processor.py:208} INFO - Processing /home/nico/.local/lib/python3.10/site-packages/airflow/example_dags/subdags/subdag.py took 0.101 seconds
[2024-11-02T00:26:04.229-0300] {processor.py:186} INFO - Started process (PID=217123) to work on /home/nico/.local/lib/python3.10/site-packages/airflow/example_dags/subdags/subdag.py
[2024-11-02T00:26:04.233-0300] {processor.py:914} INFO - Processing file /home/nico/.local/lib/python3.10/site-packages/airflow/example_dags/subdags/subdag.py for tasks to queue
[2024-11-02T00:26:04.238-0300] {logging_mixin.py:190} INFO - [2024-11-02T00:26:04.237-0300] {dagbag.py:588} INFO - Filling up the DagBag from /home/nico/.local/lib/python3.10/site-packages/airflow/example_dags/subdags/subdag.py
[2024-11-02T00:26:04.249-0300] {processor.py:927} WARNING - No viable dags retrieved from /home/nico/.local/lib/python3.10/site-packages/airflow/example_dags/subdags/subdag.py
[2024-11-02T00:26:04.301-0300] {processor.py:208} INFO - Processing /home/nico/.local/lib/python3.10/site-packages/airflow/example_dags/subdags/subdag.py took 0.119 seconds
[2024-11-02T00:27:25.761-0300] {processor.py:186} INFO - Started process (PID=217168) to work on /home/nico/.local/lib/python3.10/site-packages/airflow/example_dags/subdags/subdag.py
[2024-11-02T00:27:25.764-0300] {processor.py:914} INFO - Processing file /home/nico/.local/lib/python3.10/site-packages/airflow/example_dags/subdags/subdag.py for tasks to queue
[2024-11-02T00:27:25.769-0300] {logging_mixin.py:190} INFO - [2024-11-02T00:27:25.768-0300] {dagbag.py:588} INFO - Filling up the DagBag from /home/nico/.local/lib/python3.10/site-packages/airflow/example_dags/subdags/subdag.py
[2024-11-02T00:27:25.776-0300] {processor.py:927} WARNING - No viable dags retrieved from /home/nico/.local/lib/python3.10/site-packages/airflow/example_dags/subdags/subdag.py
[2024-11-02T00:27:25.830-0300] {processor.py:208} INFO - Processing /home/nico/.local/lib/python3.10/site-packages/airflow/example_dags/subdags/subdag.py took 0.091 seconds
[2024-11-02T00:29:20.073-0300] {processor.py:186} INFO - Started process (PID=217220) to work on /home/nico/.local/lib/python3.10/site-packages/airflow/example_dags/subdags/subdag.py
[2024-11-02T00:29:20.076-0300] {processor.py:914} INFO - Processing file /home/nico/.local/lib/python3.10/site-packages/airflow/example_dags/subdags/subdag.py for tasks to queue
[2024-11-02T00:29:20.079-0300] {logging_mixin.py:190} INFO - [2024-11-02T00:29:20.078-0300] {dagbag.py:588} INFO - Filling up the DagBag from /home/nico/.local/lib/python3.10/site-packages/airflow/example_dags/subdags/subdag.py
[2024-11-02T00:29:20.084-0300] {processor.py:927} WARNING - No viable dags retrieved from /home/nico/.local/lib/python3.10/site-packages/airflow/example_dags/subdags/subdag.py
[2024-11-02T00:29:20.123-0300] {processor.py:208} INFO - Processing /home/nico/.local/lib/python3.10/site-packages/airflow/example_dags/subdags/subdag.py took 0.069 seconds
[2024-11-02T00:36:21.334-0300] {processor.py:186} INFO - Started process (PID=217427) to work on /home/nico/.local/lib/python3.10/site-packages/airflow/example_dags/subdags/subdag.py
[2024-11-02T00:36:21.336-0300] {processor.py:914} INFO - Processing file /home/nico/.local/lib/python3.10/site-packages/airflow/example_dags/subdags/subdag.py for tasks to queue
[2024-11-02T00:36:21.341-0300] {logging_mixin.py:190} INFO - [2024-11-02T00:36:21.339-0300] {dagbag.py:588} INFO - Filling up the DagBag from /home/nico/.local/lib/python3.10/site-packages/airflow/example_dags/subdags/subdag.py
[2024-11-02T00:36:21.347-0300] {processor.py:927} WARNING - No viable dags retrieved from /home/nico/.local/lib/python3.10/site-packages/airflow/example_dags/subdags/subdag.py
[2024-11-02T00:36:21.394-0300] {processor.py:208} INFO - Processing /home/nico/.local/lib/python3.10/site-packages/airflow/example_dags/subdags/subdag.py took 0.074 seconds
[2024-11-02T00:38:15.862-0300] {processor.py:186} INFO - Started process (PID=217491) to work on /home/nico/.local/lib/python3.10/site-packages/airflow/example_dags/subdags/subdag.py
[2024-11-02T00:38:15.900-0300] {processor.py:914} INFO - Processing file /home/nico/.local/lib/python3.10/site-packages/airflow/example_dags/subdags/subdag.py for tasks to queue
[2024-11-02T00:38:15.913-0300] {logging_mixin.py:190} INFO - [2024-11-02T00:38:15.912-0300] {dagbag.py:588} INFO - Filling up the DagBag from /home/nico/.local/lib/python3.10/site-packages/airflow/example_dags/subdags/subdag.py
[2024-11-02T00:38:15.930-0300] {processor.py:927} WARNING - No viable dags retrieved from /home/nico/.local/lib/python3.10/site-packages/airflow/example_dags/subdags/subdag.py
[2024-11-02T00:38:16.174-0300] {processor.py:208} INFO - Processing /home/nico/.local/lib/python3.10/site-packages/airflow/example_dags/subdags/subdag.py took 0.362 seconds
[2024-11-02T00:39:39.357-0300] {processor.py:186} INFO - Started process (PID=217536) to work on /home/nico/.local/lib/python3.10/site-packages/airflow/example_dags/subdags/subdag.py
[2024-11-02T00:39:39.360-0300] {processor.py:914} INFO - Processing file /home/nico/.local/lib/python3.10/site-packages/airflow/example_dags/subdags/subdag.py for tasks to queue
[2024-11-02T00:39:39.367-0300] {logging_mixin.py:190} INFO - [2024-11-02T00:39:39.365-0300] {dagbag.py:588} INFO - Filling up the DagBag from /home/nico/.local/lib/python3.10/site-packages/airflow/example_dags/subdags/subdag.py
[2024-11-02T00:39:39.374-0300] {processor.py:927} WARNING - No viable dags retrieved from /home/nico/.local/lib/python3.10/site-packages/airflow/example_dags/subdags/subdag.py
[2024-11-02T00:39:39.459-0300] {processor.py:208} INFO - Processing /home/nico/.local/lib/python3.10/site-packages/airflow/example_dags/subdags/subdag.py took 0.128 seconds
[2024-11-02T00:41:06.576-0300] {processor.py:186} INFO - Started process (PID=217579) to work on /home/nico/.local/lib/python3.10/site-packages/airflow/example_dags/subdags/subdag.py
[2024-11-02T00:41:06.579-0300] {processor.py:914} INFO - Processing file /home/nico/.local/lib/python3.10/site-packages/airflow/example_dags/subdags/subdag.py for tasks to queue
[2024-11-02T00:41:06.584-0300] {logging_mixin.py:190} INFO - [2024-11-02T00:41:06.582-0300] {dagbag.py:588} INFO - Filling up the DagBag from /home/nico/.local/lib/python3.10/site-packages/airflow/example_dags/subdags/subdag.py
[2024-11-02T00:41:06.590-0300] {processor.py:927} WARNING - No viable dags retrieved from /home/nico/.local/lib/python3.10/site-packages/airflow/example_dags/subdags/subdag.py
[2024-11-02T00:41:06.634-0300] {processor.py:208} INFO - Processing /home/nico/.local/lib/python3.10/site-packages/airflow/example_dags/subdags/subdag.py took 0.071 seconds
[2024-11-02T00:42:34.204-0300] {processor.py:186} INFO - Started process (PID=217628) to work on /home/nico/.local/lib/python3.10/site-packages/airflow/example_dags/subdags/subdag.py
[2024-11-02T00:42:34.208-0300] {processor.py:914} INFO - Processing file /home/nico/.local/lib/python3.10/site-packages/airflow/example_dags/subdags/subdag.py for tasks to queue
[2024-11-02T00:42:34.213-0300] {logging_mixin.py:190} INFO - [2024-11-02T00:42:34.212-0300] {dagbag.py:588} INFO - Filling up the DagBag from /home/nico/.local/lib/python3.10/site-packages/airflow/example_dags/subdags/subdag.py
[2024-11-02T00:42:34.220-0300] {processor.py:927} WARNING - No viable dags retrieved from /home/nico/.local/lib/python3.10/site-packages/airflow/example_dags/subdags/subdag.py
[2024-11-02T00:42:34.289-0300] {processor.py:208} INFO - Processing /home/nico/.local/lib/python3.10/site-packages/airflow/example_dags/subdags/subdag.py took 0.106 seconds
[2024-11-02T00:43:57.452-0300] {processor.py:186} INFO - Started process (PID=217673) to work on /home/nico/.local/lib/python3.10/site-packages/airflow/example_dags/subdags/subdag.py
[2024-11-02T00:43:57.457-0300] {processor.py:914} INFO - Processing file /home/nico/.local/lib/python3.10/site-packages/airflow/example_dags/subdags/subdag.py for tasks to queue
[2024-11-02T00:43:57.462-0300] {logging_mixin.py:190} INFO - [2024-11-02T00:43:57.461-0300] {dagbag.py:588} INFO - Filling up the DagBag from /home/nico/.local/lib/python3.10/site-packages/airflow/example_dags/subdags/subdag.py
[2024-11-02T00:43:57.475-0300] {processor.py:927} WARNING - No viable dags retrieved from /home/nico/.local/lib/python3.10/site-packages/airflow/example_dags/subdags/subdag.py
[2024-11-02T00:43:57.523-0300] {processor.py:208} INFO - Processing /home/nico/.local/lib/python3.10/site-packages/airflow/example_dags/subdags/subdag.py took 0.109 seconds
[2024-11-02T00:45:19.372-0300] {processor.py:186} INFO - Started process (PID=217720) to work on /home/nico/.local/lib/python3.10/site-packages/airflow/example_dags/subdags/subdag.py
[2024-11-02T00:45:19.376-0300] {processor.py:914} INFO - Processing file /home/nico/.local/lib/python3.10/site-packages/airflow/example_dags/subdags/subdag.py for tasks to queue
[2024-11-02T00:45:19.379-0300] {logging_mixin.py:190} INFO - [2024-11-02T00:45:19.378-0300] {dagbag.py:588} INFO - Filling up the DagBag from /home/nico/.local/lib/python3.10/site-packages/airflow/example_dags/subdags/subdag.py
[2024-11-02T00:45:19.386-0300] {processor.py:927} WARNING - No viable dags retrieved from /home/nico/.local/lib/python3.10/site-packages/airflow/example_dags/subdags/subdag.py
[2024-11-02T00:45:19.441-0300] {processor.py:208} INFO - Processing /home/nico/.local/lib/python3.10/site-packages/airflow/example_dags/subdags/subdag.py took 0.087 seconds
[2024-11-02T00:46:45.084-0300] {processor.py:186} INFO - Started process (PID=217766) to work on /home/nico/.local/lib/python3.10/site-packages/airflow/example_dags/subdags/subdag.py
[2024-11-02T00:46:45.086-0300] {processor.py:914} INFO - Processing file /home/nico/.local/lib/python3.10/site-packages/airflow/example_dags/subdags/subdag.py for tasks to queue
[2024-11-02T00:46:45.090-0300] {logging_mixin.py:190} INFO - [2024-11-02T00:46:45.089-0300] {dagbag.py:588} INFO - Filling up the DagBag from /home/nico/.local/lib/python3.10/site-packages/airflow/example_dags/subdags/subdag.py
[2024-11-02T00:46:45.095-0300] {processor.py:927} WARNING - No viable dags retrieved from /home/nico/.local/lib/python3.10/site-packages/airflow/example_dags/subdags/subdag.py
[2024-11-02T00:46:45.138-0300] {processor.py:208} INFO - Processing /home/nico/.local/lib/python3.10/site-packages/airflow/example_dags/subdags/subdag.py took 0.068 seconds
[2024-11-02T00:48:44.402-0300] {processor.py:186} INFO - Started process (PID=217816) to work on /home/nico/.local/lib/python3.10/site-packages/airflow/example_dags/subdags/subdag.py
[2024-11-02T00:48:44.406-0300] {processor.py:914} INFO - Processing file /home/nico/.local/lib/python3.10/site-packages/airflow/example_dags/subdags/subdag.py for tasks to queue
[2024-11-02T00:48:44.411-0300] {logging_mixin.py:190} INFO - [2024-11-02T00:48:44.409-0300] {dagbag.py:588} INFO - Filling up the DagBag from /home/nico/.local/lib/python3.10/site-packages/airflow/example_dags/subdags/subdag.py
[2024-11-02T00:48:44.422-0300] {processor.py:927} WARNING - No viable dags retrieved from /home/nico/.local/lib/python3.10/site-packages/airflow/example_dags/subdags/subdag.py
[2024-11-02T00:48:44.504-0300] {processor.py:208} INFO - Processing /home/nico/.local/lib/python3.10/site-packages/airflow/example_dags/subdags/subdag.py took 0.118 seconds
[2024-11-02T00:54:51.318-0300] {processor.py:186} INFO - Started process (PID=217990) to work on /home/nico/.local/lib/python3.10/site-packages/airflow/example_dags/subdags/subdag.py
[2024-11-02T00:54:51.322-0300] {processor.py:914} INFO - Processing file /home/nico/.local/lib/python3.10/site-packages/airflow/example_dags/subdags/subdag.py for tasks to queue
[2024-11-02T00:54:51.328-0300] {logging_mixin.py:190} INFO - [2024-11-02T00:54:51.327-0300] {dagbag.py:588} INFO - Filling up the DagBag from /home/nico/.local/lib/python3.10/site-packages/airflow/example_dags/subdags/subdag.py
[2024-11-02T00:54:51.336-0300] {processor.py:927} WARNING - No viable dags retrieved from /home/nico/.local/lib/python3.10/site-packages/airflow/example_dags/subdags/subdag.py
[2024-11-02T00:54:51.379-0300] {processor.py:208} INFO - Processing /home/nico/.local/lib/python3.10/site-packages/airflow/example_dags/subdags/subdag.py took 0.096 seconds
[2024-11-02T00:57:20.825-0300] {processor.py:186} INFO - Started process (PID=218054) to work on /home/nico/.local/lib/python3.10/site-packages/airflow/example_dags/subdags/subdag.py
[2024-11-02T00:57:20.829-0300] {processor.py:914} INFO - Processing file /home/nico/.local/lib/python3.10/site-packages/airflow/example_dags/subdags/subdag.py for tasks to queue
[2024-11-02T00:57:20.844-0300] {logging_mixin.py:190} INFO - [2024-11-02T00:57:20.842-0300] {dagbag.py:588} INFO - Filling up the DagBag from /home/nico/.local/lib/python3.10/site-packages/airflow/example_dags/subdags/subdag.py
[2024-11-02T00:57:20.862-0300] {processor.py:927} WARNING - No viable dags retrieved from /home/nico/.local/lib/python3.10/site-packages/airflow/example_dags/subdags/subdag.py
[2024-11-02T00:57:21.037-0300] {processor.py:208} INFO - Processing /home/nico/.local/lib/python3.10/site-packages/airflow/example_dags/subdags/subdag.py took 0.261 seconds
[2024-11-02T00:58:53.616-0300] {processor.py:186} INFO - Started process (PID=218102) to work on /home/nico/.local/lib/python3.10/site-packages/airflow/example_dags/subdags/subdag.py
[2024-11-02T00:58:53.619-0300] {processor.py:914} INFO - Processing file /home/nico/.local/lib/python3.10/site-packages/airflow/example_dags/subdags/subdag.py for tasks to queue
[2024-11-02T00:58:53.622-0300] {logging_mixin.py:190} INFO - [2024-11-02T00:58:53.621-0300] {dagbag.py:588} INFO - Filling up the DagBag from /home/nico/.local/lib/python3.10/site-packages/airflow/example_dags/subdags/subdag.py
[2024-11-02T00:58:53.628-0300] {processor.py:927} WARNING - No viable dags retrieved from /home/nico/.local/lib/python3.10/site-packages/airflow/example_dags/subdags/subdag.py
[2024-11-02T00:58:53.674-0300] {processor.py:208} INFO - Processing /home/nico/.local/lib/python3.10/site-packages/airflow/example_dags/subdags/subdag.py took 0.079 seconds
[2024-11-02T01:00:25.344-0300] {processor.py:186} INFO - Started process (PID=218147) to work on /home/nico/.local/lib/python3.10/site-packages/airflow/example_dags/subdags/subdag.py
[2024-11-02T01:00:25.347-0300] {processor.py:914} INFO - Processing file /home/nico/.local/lib/python3.10/site-packages/airflow/example_dags/subdags/subdag.py for tasks to queue
[2024-11-02T01:00:25.350-0300] {logging_mixin.py:190} INFO - [2024-11-02T01:00:25.349-0300] {dagbag.py:588} INFO - Filling up the DagBag from /home/nico/.local/lib/python3.10/site-packages/airflow/example_dags/subdags/subdag.py
[2024-11-02T01:00:25.355-0300] {processor.py:927} WARNING - No viable dags retrieved from /home/nico/.local/lib/python3.10/site-packages/airflow/example_dags/subdags/subdag.py
[2024-11-02T01:00:25.403-0300] {processor.py:208} INFO - Processing /home/nico/.local/lib/python3.10/site-packages/airflow/example_dags/subdags/subdag.py took 0.072 seconds
