[2024-10-31T01:42:38.461-0300] {local_task_job_runner.py:123} INFO - ::group::Pre task execution logs
[2024-10-31T01:42:38.512-0300] {taskinstance.py:2612} INFO - Dependencies all met for dep_context=non-requeueable deps ti=<TaskInstance: etl_redshift_dag_variables_bcra.extract_data manual__2024-10-30T23:12:51.658003+00:00 [queued]>
[2024-10-31T01:42:38.591-0300] {taskinstance.py:2612} INFO - Dependencies all met for dep_context=requeueable deps ti=<TaskInstance: etl_redshift_dag_variables_bcra.extract_data manual__2024-10-30T23:12:51.658003+00:00 [queued]>
[2024-10-31T01:42:38.598-0300] {taskinstance.py:2865} INFO - Starting attempt 4 of 5
[2024-10-31T01:42:39.216-0300] {taskinstance.py:2888} INFO - Executing <Task(PythonOperator): extract_data> on 2024-10-30 23:12:51.658003+00:00
[2024-10-31T01:42:39.237-0300] {standard_task_runner.py:72} INFO - Started process 127259 to run task
[2024-10-31T01:42:39.263-0300] {standard_task_runner.py:104} INFO - Running: ['airflow', 'tasks', 'run', 'etl_redshift_dag_variables_bcra', 'extract_data', 'manual__2024-10-30T23:12:51.658003+00:00', '--job-id', '304', '--raw', '--subdir', 'DAGS_FOLDER/dag_variables_bcra.py', '--cfg-path', '/tmp/tmplg24l6q3']
[2024-10-31T01:42:39.277-0300] {standard_task_runner.py:105} INFO - Job 304: Subtask extract_data
[2024-10-31T01:42:40.823-0300] {task_command.py:467} INFO - Running <TaskInstance: etl_redshift_dag_variables_bcra.extract_data manual__2024-10-30T23:12:51.658003+00:00 [running]> on host DESKTOP-MVFODGC.
[2024-10-31T01:42:42.075-0300] {taskinstance.py:3131} INFO - Exporting env vars: AIRFLOW_CTX_DAG_OWNER='airflow' AIRFLOW_CTX_DAG_ID='etl_redshift_dag_variables_bcra' AIRFLOW_CTX_TASK_ID='extract_data' AIRFLOW_CTX_EXECUTION_DATE='2024-10-30T23:12:51.658003+00:00' AIRFLOW_CTX_TRY_NUMBER='4' AIRFLOW_CTX_DAG_RUN_ID='manual__2024-10-30T23:12:51.658003+00:00'
[2024-10-31T01:42:42.080-0300] {logging_mixin.py:190} INFO - Task instance is in running state
[2024-10-31T01:42:42.087-0300] {logging_mixin.py:190} INFO -  Previous state of the Task instance: queued
[2024-10-31T01:42:42.090-0300] {logging_mixin.py:190} INFO - Current task name:extract_data state:running start_date:2024-10-31 04:42:38.515402+00:00
[2024-10-31T01:42:42.093-0300] {logging_mixin.py:190} INFO - Dag name:etl_redshift_dag_variables_bcra and current dag run status:running
[2024-10-31T01:42:42.096-0300] {taskinstance.py:731} INFO - ::endgroup::
[2024-10-31T01:42:42.212-0300] {logging_mixin.py:190} WARNING - /home/nico/.local/lib/python3.10/site-packages/urllib3/connectionpool.py:1099 InsecureRequestWarning: Unverified HTTPS request is being made to host 'api.bcra.gob.ar'. Adding certificate verification is strongly advised. See: https://urllib3.readthedocs.io/en/latest/advanced-usage.html#tls-warnings
[2024-10-31T01:42:42.247-0300] {logging_mixin.py:190} INFO - URL de solicitud: https://api.bcra.gob.ar/estadisticas/v2.0/datosvariable/1/2024-10-30/2024-10-30
[2024-10-31T01:42:42.324-0300] {logging_mixin.py:190} WARNING - /home/nico/.local/lib/python3.10/site-packages/urllib3/connectionpool.py:1099 InsecureRequestWarning: Unverified HTTPS request is being made to host 'api.bcra.gob.ar'. Adding certificate verification is strongly advised. See: https://urllib3.readthedocs.io/en/latest/advanced-usage.html#tls-warnings
[2024-10-31T01:42:42.398-0300] {logging_mixin.py:190} INFO - No se encontraron datos para idVariable 1 en la fecha 2024-10-30.
[2024-10-31T01:42:42.615-0300] {logging_mixin.py:190} WARNING - /home/nico/.local/lib/python3.10/site-packages/urllib3/connectionpool.py:1099 InsecureRequestWarning: Unverified HTTPS request is being made to host 'api.bcra.gob.ar'. Adding certificate verification is strongly advised. See: https://urllib3.readthedocs.io/en/latest/advanced-usage.html#tls-warnings
[2024-10-31T01:42:42.690-0300] {logging_mixin.py:190} INFO - URL de solicitud: https://api.bcra.gob.ar/estadisticas/v2.0/datosvariable/5/2024-10-30/2024-10-30
[2024-10-31T01:42:42.801-0300] {logging_mixin.py:190} WARNING - /home/nico/.local/lib/python3.10/site-packages/urllib3/connectionpool.py:1099 InsecureRequestWarning: Unverified HTTPS request is being made to host 'api.bcra.gob.ar'. Adding certificate verification is strongly advised. See: https://urllib3.readthedocs.io/en/latest/advanced-usage.html#tls-warnings
[2024-10-31T01:42:42.927-0300] {logging_mixin.py:190} WARNING - /home/nico/.local/lib/python3.10/site-packages/urllib3/connectionpool.py:1099 InsecureRequestWarning: Unverified HTTPS request is being made to host 'api.bcra.gob.ar'. Adding certificate verification is strongly advised. See: https://urllib3.readthedocs.io/en/latest/advanced-usage.html#tls-warnings
[2024-10-31T01:42:42.970-0300] {logging_mixin.py:190} INFO - URL de solicitud: https://api.bcra.gob.ar/estadisticas/v2.0/datosvariable/6/2024-10-30/2024-10-30
[2024-10-31T01:42:43.049-0300] {logging_mixin.py:190} WARNING - /home/nico/.local/lib/python3.10/site-packages/urllib3/connectionpool.py:1099 InsecureRequestWarning: Unverified HTTPS request is being made to host 'api.bcra.gob.ar'. Adding certificate verification is strongly advised. See: https://urllib3.readthedocs.io/en/latest/advanced-usage.html#tls-warnings
[2024-10-31T01:42:43.162-0300] {logging_mixin.py:190} WARNING - /home/nico/.local/lib/python3.10/site-packages/urllib3/connectionpool.py:1099 InsecureRequestWarning: Unverified HTTPS request is being made to host 'api.bcra.gob.ar'. Adding certificate verification is strongly advised. See: https://urllib3.readthedocs.io/en/latest/advanced-usage.html#tls-warnings
[2024-10-31T01:42:43.196-0300] {logging_mixin.py:190} INFO - URL de solicitud: https://api.bcra.gob.ar/estadisticas/v2.0/datosvariable/7/2024-10-30/2024-10-30
[2024-10-31T01:42:43.262-0300] {logging_mixin.py:190} WARNING - /home/nico/.local/lib/python3.10/site-packages/urllib3/connectionpool.py:1099 InsecureRequestWarning: Unverified HTTPS request is being made to host 'api.bcra.gob.ar'. Adding certificate verification is strongly advised. See: https://urllib3.readthedocs.io/en/latest/advanced-usage.html#tls-warnings
[2024-10-31T01:42:43.294-0300] {logging_mixin.py:190} INFO - No se encontraron datos para idVariable 7 en la fecha 2024-10-30.
[2024-10-31T01:42:43.367-0300] {logging_mixin.py:190} WARNING - /home/nico/.local/lib/python3.10/site-packages/urllib3/connectionpool.py:1099 InsecureRequestWarning: Unverified HTTPS request is being made to host 'api.bcra.gob.ar'. Adding certificate verification is strongly advised. See: https://urllib3.readthedocs.io/en/latest/advanced-usage.html#tls-warnings
[2024-10-31T01:42:43.399-0300] {logging_mixin.py:190} INFO - URL de solicitud: https://api.bcra.gob.ar/estadisticas/v2.0/datosvariable/8/2024-10-30/2024-10-30
[2024-10-31T01:42:43.472-0300] {logging_mixin.py:190} WARNING - /home/nico/.local/lib/python3.10/site-packages/urllib3/connectionpool.py:1099 InsecureRequestWarning: Unverified HTTPS request is being made to host 'api.bcra.gob.ar'. Adding certificate verification is strongly advised. See: https://urllib3.readthedocs.io/en/latest/advanced-usage.html#tls-warnings
[2024-10-31T01:42:43.503-0300] {logging_mixin.py:190} INFO - No se encontraron datos para idVariable 8 en la fecha 2024-10-30.
[2024-10-31T01:42:43.573-0300] {logging_mixin.py:190} WARNING - /home/nico/.local/lib/python3.10/site-packages/urllib3/connectionpool.py:1099 InsecureRequestWarning: Unverified HTTPS request is being made to host 'api.bcra.gob.ar'. Adding certificate verification is strongly advised. See: https://urllib3.readthedocs.io/en/latest/advanced-usage.html#tls-warnings
[2024-10-31T01:42:43.599-0300] {logging_mixin.py:190} INFO - URL de solicitud: https://api.bcra.gob.ar/estadisticas/v2.0/datosvariable/9/2024-10-30/2024-10-30
[2024-10-31T01:42:43.673-0300] {logging_mixin.py:190} WARNING - /home/nico/.local/lib/python3.10/site-packages/urllib3/connectionpool.py:1099 InsecureRequestWarning: Unverified HTTPS request is being made to host 'api.bcra.gob.ar'. Adding certificate verification is strongly advised. See: https://urllib3.readthedocs.io/en/latest/advanced-usage.html#tls-warnings
[2024-10-31T01:42:43.771-0300] {logging_mixin.py:190} WARNING - /home/nico/.local/lib/python3.10/site-packages/urllib3/connectionpool.py:1099 InsecureRequestWarning: Unverified HTTPS request is being made to host 'api.bcra.gob.ar'. Adding certificate verification is strongly advised. See: https://urllib3.readthedocs.io/en/latest/advanced-usage.html#tls-warnings
[2024-10-31T01:42:43.803-0300] {logging_mixin.py:190} INFO - URL de solicitud: https://api.bcra.gob.ar/estadisticas/v2.0/datosvariable/10/2024-10-30/2024-10-30
[2024-10-31T01:42:43.889-0300] {logging_mixin.py:190} WARNING - /home/nico/.local/lib/python3.10/site-packages/urllib3/connectionpool.py:1099 InsecureRequestWarning: Unverified HTTPS request is being made to host 'api.bcra.gob.ar'. Adding certificate verification is strongly advised. See: https://urllib3.readthedocs.io/en/latest/advanced-usage.html#tls-warnings
[2024-10-31T01:42:43.929-0300] {logging_mixin.py:190} INFO - No se encontraron datos para idVariable 10 en la fecha 2024-10-30.
[2024-10-31T01:42:44.001-0300] {logging_mixin.py:190} WARNING - /home/nico/.local/lib/python3.10/site-packages/urllib3/connectionpool.py:1099 InsecureRequestWarning: Unverified HTTPS request is being made to host 'api.bcra.gob.ar'. Adding certificate verification is strongly advised. See: https://urllib3.readthedocs.io/en/latest/advanced-usage.html#tls-warnings
[2024-10-31T01:42:44.033-0300] {logging_mixin.py:190} INFO - URL de solicitud: https://api.bcra.gob.ar/estadisticas/v2.0/datosvariable/11/2024-10-30/2024-10-30
[2024-10-31T01:42:44.109-0300] {logging_mixin.py:190} WARNING - /home/nico/.local/lib/python3.10/site-packages/urllib3/connectionpool.py:1099 InsecureRequestWarning: Unverified HTTPS request is being made to host 'api.bcra.gob.ar'. Adding certificate verification is strongly advised. See: https://urllib3.readthedocs.io/en/latest/advanced-usage.html#tls-warnings
[2024-10-31T01:42:44.145-0300] {logging_mixin.py:190} INFO - No se encontraron datos para idVariable 11 en la fecha 2024-10-30.
[2024-10-31T01:42:44.238-0300] {logging_mixin.py:190} WARNING - /home/nico/.local/lib/python3.10/site-packages/urllib3/connectionpool.py:1099 InsecureRequestWarning: Unverified HTTPS request is being made to host 'api.bcra.gob.ar'. Adding certificate verification is strongly advised. See: https://urllib3.readthedocs.io/en/latest/advanced-usage.html#tls-warnings
[2024-10-31T01:42:44.280-0300] {logging_mixin.py:190} INFO - URL de solicitud: https://api.bcra.gob.ar/estadisticas/v2.0/datosvariable/12/2024-10-30/2024-10-30
[2024-10-31T01:42:44.463-0300] {logging_mixin.py:190} WARNING - /home/nico/.local/lib/python3.10/site-packages/urllib3/connectionpool.py:1099 InsecureRequestWarning: Unverified HTTPS request is being made to host 'api.bcra.gob.ar'. Adding certificate verification is strongly advised. See: https://urllib3.readthedocs.io/en/latest/advanced-usage.html#tls-warnings
[2024-10-31T01:42:44.513-0300] {logging_mixin.py:190} INFO - No se encontraron datos para idVariable 12 en la fecha 2024-10-30.
[2024-10-31T01:42:44.620-0300] {logging_mixin.py:190} WARNING - /home/nico/.local/lib/python3.10/site-packages/urllib3/connectionpool.py:1099 InsecureRequestWarning: Unverified HTTPS request is being made to host 'api.bcra.gob.ar'. Adding certificate verification is strongly advised. See: https://urllib3.readthedocs.io/en/latest/advanced-usage.html#tls-warnings
[2024-10-31T01:42:44.667-0300] {logging_mixin.py:190} INFO - URL de solicitud: https://api.bcra.gob.ar/estadisticas/v2.0/datosvariable/13/2024-10-30/2024-10-30
[2024-10-31T01:42:44.847-0300] {logging_mixin.py:190} WARNING - /home/nico/.local/lib/python3.10/site-packages/urllib3/connectionpool.py:1099 InsecureRequestWarning: Unverified HTTPS request is being made to host 'api.bcra.gob.ar'. Adding certificate verification is strongly advised. See: https://urllib3.readthedocs.io/en/latest/advanced-usage.html#tls-warnings
[2024-10-31T01:42:44.954-0300] {logging_mixin.py:190} INFO - No se encontraron datos para idVariable 13 en la fecha 2024-10-30.
[2024-10-31T01:42:45.098-0300] {logging_mixin.py:190} WARNING - /home/nico/.local/lib/python3.10/site-packages/urllib3/connectionpool.py:1099 InsecureRequestWarning: Unverified HTTPS request is being made to host 'api.bcra.gob.ar'. Adding certificate verification is strongly advised. See: https://urllib3.readthedocs.io/en/latest/advanced-usage.html#tls-warnings
[2024-10-31T01:42:45.216-0300] {logging_mixin.py:190} INFO - URL de solicitud: https://api.bcra.gob.ar/estadisticas/v2.0/datosvariable/14/2024-10-30/2024-10-30
[2024-10-31T01:42:45.349-0300] {logging_mixin.py:190} WARNING - /home/nico/.local/lib/python3.10/site-packages/urllib3/connectionpool.py:1099 InsecureRequestWarning: Unverified HTTPS request is being made to host 'api.bcra.gob.ar'. Adding certificate verification is strongly advised. See: https://urllib3.readthedocs.io/en/latest/advanced-usage.html#tls-warnings
[2024-10-31T01:42:45.409-0300] {logging_mixin.py:190} INFO - No se encontraron datos para idVariable 14 en la fecha 2024-10-30.
[2024-10-31T01:42:45.562-0300] {logging_mixin.py:190} WARNING - /home/nico/.local/lib/python3.10/site-packages/urllib3/connectionpool.py:1099 InsecureRequestWarning: Unverified HTTPS request is being made to host 'api.bcra.gob.ar'. Adding certificate verification is strongly advised. See: https://urllib3.readthedocs.io/en/latest/advanced-usage.html#tls-warnings
[2024-10-31T01:42:45.614-0300] {logging_mixin.py:190} INFO - URL de solicitud: https://api.bcra.gob.ar/estadisticas/v2.0/datosvariable/15/2024-10-30/2024-10-30
[2024-10-31T01:42:45.771-0300] {logging_mixin.py:190} WARNING - /home/nico/.local/lib/python3.10/site-packages/urllib3/connectionpool.py:1099 InsecureRequestWarning: Unverified HTTPS request is being made to host 'api.bcra.gob.ar'. Adding certificate verification is strongly advised. See: https://urllib3.readthedocs.io/en/latest/advanced-usage.html#tls-warnings
[2024-10-31T01:42:45.825-0300] {logging_mixin.py:190} INFO - No se encontraron datos para idVariable 15 en la fecha 2024-10-30.
[2024-10-31T01:42:45.933-0300] {logging_mixin.py:190} WARNING - /home/nico/.local/lib/python3.10/site-packages/urllib3/connectionpool.py:1099 InsecureRequestWarning: Unverified HTTPS request is being made to host 'api.bcra.gob.ar'. Adding certificate verification is strongly advised. See: https://urllib3.readthedocs.io/en/latest/advanced-usage.html#tls-warnings
[2024-10-31T01:42:45.986-0300] {logging_mixin.py:190} INFO - URL de solicitud: https://api.bcra.gob.ar/estadisticas/v2.0/datosvariable/16/2024-10-30/2024-10-30
[2024-10-31T01:42:46.065-0300] {logging_mixin.py:190} WARNING - /home/nico/.local/lib/python3.10/site-packages/urllib3/connectionpool.py:1099 InsecureRequestWarning: Unverified HTTPS request is being made to host 'api.bcra.gob.ar'. Adding certificate verification is strongly advised. See: https://urllib3.readthedocs.io/en/latest/advanced-usage.html#tls-warnings
[2024-10-31T01:42:46.105-0300] {logging_mixin.py:190} INFO - No se encontraron datos para idVariable 16 en la fecha 2024-10-30.
[2024-10-31T01:42:46.186-0300] {logging_mixin.py:190} WARNING - /home/nico/.local/lib/python3.10/site-packages/urllib3/connectionpool.py:1099 InsecureRequestWarning: Unverified HTTPS request is being made to host 'api.bcra.gob.ar'. Adding certificate verification is strongly advised. See: https://urllib3.readthedocs.io/en/latest/advanced-usage.html#tls-warnings
[2024-10-31T01:42:46.228-0300] {logging_mixin.py:190} INFO - URL de solicitud: https://api.bcra.gob.ar/estadisticas/v2.0/datosvariable/17/2024-10-30/2024-10-30
[2024-10-31T01:42:46.327-0300] {logging_mixin.py:190} WARNING - /home/nico/.local/lib/python3.10/site-packages/urllib3/connectionpool.py:1099 InsecureRequestWarning: Unverified HTTPS request is being made to host 'api.bcra.gob.ar'. Adding certificate verification is strongly advised. See: https://urllib3.readthedocs.io/en/latest/advanced-usage.html#tls-warnings
[2024-10-31T01:42:46.373-0300] {logging_mixin.py:190} INFO - No se encontraron datos para idVariable 17 en la fecha 2024-10-30.
[2024-10-31T01:42:46.457-0300] {logging_mixin.py:190} WARNING - /home/nico/.local/lib/python3.10/site-packages/urllib3/connectionpool.py:1099 InsecureRequestWarning: Unverified HTTPS request is being made to host 'api.bcra.gob.ar'. Adding certificate verification is strongly advised. See: https://urllib3.readthedocs.io/en/latest/advanced-usage.html#tls-warnings
[2024-10-31T01:42:46.489-0300] {logging_mixin.py:190} INFO - URL de solicitud: https://api.bcra.gob.ar/estadisticas/v2.0/datosvariable/18/2024-10-30/2024-10-30
[2024-10-31T01:42:46.555-0300] {logging_mixin.py:190} WARNING - /home/nico/.local/lib/python3.10/site-packages/urllib3/connectionpool.py:1099 InsecureRequestWarning: Unverified HTTPS request is being made to host 'api.bcra.gob.ar'. Adding certificate verification is strongly advised. See: https://urllib3.readthedocs.io/en/latest/advanced-usage.html#tls-warnings
[2024-10-31T01:42:46.583-0300] {logging_mixin.py:190} INFO - No se encontraron datos para idVariable 18 en la fecha 2024-10-30.
[2024-10-31T01:42:46.651-0300] {logging_mixin.py:190} WARNING - /home/nico/.local/lib/python3.10/site-packages/urllib3/connectionpool.py:1099 InsecureRequestWarning: Unverified HTTPS request is being made to host 'api.bcra.gob.ar'. Adding certificate verification is strongly advised. See: https://urllib3.readthedocs.io/en/latest/advanced-usage.html#tls-warnings
[2024-10-31T01:42:46.691-0300] {logging_mixin.py:190} INFO - URL de solicitud: https://api.bcra.gob.ar/estadisticas/v2.0/datosvariable/19/2024-10-30/2024-10-30
[2024-10-31T01:42:46.760-0300] {logging_mixin.py:190} WARNING - /home/nico/.local/lib/python3.10/site-packages/urllib3/connectionpool.py:1099 InsecureRequestWarning: Unverified HTTPS request is being made to host 'api.bcra.gob.ar'. Adding certificate verification is strongly advised. See: https://urllib3.readthedocs.io/en/latest/advanced-usage.html#tls-warnings
[2024-10-31T01:42:46.792-0300] {logging_mixin.py:190} INFO - No se encontraron datos para idVariable 19 en la fecha 2024-10-30.
[2024-10-31T01:42:46.876-0300] {logging_mixin.py:190} WARNING - /home/nico/.local/lib/python3.10/site-packages/urllib3/connectionpool.py:1099 InsecureRequestWarning: Unverified HTTPS request is being made to host 'api.bcra.gob.ar'. Adding certificate verification is strongly advised. See: https://urllib3.readthedocs.io/en/latest/advanced-usage.html#tls-warnings
[2024-10-31T01:42:46.917-0300] {logging_mixin.py:190} INFO - URL de solicitud: https://api.bcra.gob.ar/estadisticas/v2.0/datosvariable/21/2024-10-30/2024-10-30
[2024-10-31T01:42:46.991-0300] {logging_mixin.py:190} WARNING - /home/nico/.local/lib/python3.10/site-packages/urllib3/connectionpool.py:1099 InsecureRequestWarning: Unverified HTTPS request is being made to host 'api.bcra.gob.ar'. Adding certificate verification is strongly advised. See: https://urllib3.readthedocs.io/en/latest/advanced-usage.html#tls-warnings
[2024-10-31T01:42:47.022-0300] {logging_mixin.py:190} INFO - No se encontraron datos para idVariable 21 en la fecha 2024-10-30.
[2024-10-31T01:42:47.101-0300] {logging_mixin.py:190} WARNING - /home/nico/.local/lib/python3.10/site-packages/urllib3/connectionpool.py:1099 InsecureRequestWarning: Unverified HTTPS request is being made to host 'api.bcra.gob.ar'. Adding certificate verification is strongly advised. See: https://urllib3.readthedocs.io/en/latest/advanced-usage.html#tls-warnings
[2024-10-31T01:42:47.141-0300] {logging_mixin.py:190} INFO - URL de solicitud: https://api.bcra.gob.ar/estadisticas/v2.0/datosvariable/22/2024-10-30/2024-10-30
[2024-10-31T01:42:47.234-0300] {logging_mixin.py:190} WARNING - /home/nico/.local/lib/python3.10/site-packages/urllib3/connectionpool.py:1099 InsecureRequestWarning: Unverified HTTPS request is being made to host 'api.bcra.gob.ar'. Adding certificate verification is strongly advised. See: https://urllib3.readthedocs.io/en/latest/advanced-usage.html#tls-warnings
[2024-10-31T01:42:47.267-0300] {logging_mixin.py:190} INFO - No se encontraron datos para idVariable 22 en la fecha 2024-10-30.
[2024-10-31T01:42:47.387-0300] {logging_mixin.py:190} WARNING - /home/nico/.local/lib/python3.10/site-packages/urllib3/connectionpool.py:1099 InsecureRequestWarning: Unverified HTTPS request is being made to host 'api.bcra.gob.ar'. Adding certificate verification is strongly advised. See: https://urllib3.readthedocs.io/en/latest/advanced-usage.html#tls-warnings
[2024-10-31T01:42:47.502-0300] {logging_mixin.py:190} INFO - URL de solicitud: https://api.bcra.gob.ar/estadisticas/v2.0/datosvariable/23/2024-10-30/2024-10-30
[2024-10-31T01:42:47.640-0300] {logging_mixin.py:190} WARNING - /home/nico/.local/lib/python3.10/site-packages/urllib3/connectionpool.py:1099 InsecureRequestWarning: Unverified HTTPS request is being made to host 'api.bcra.gob.ar'. Adding certificate verification is strongly advised. See: https://urllib3.readthedocs.io/en/latest/advanced-usage.html#tls-warnings
[2024-10-31T01:42:47.683-0300] {logging_mixin.py:190} INFO - No se encontraron datos para idVariable 23 en la fecha 2024-10-30.
[2024-10-31T01:42:47.831-0300] {logging_mixin.py:190} WARNING - /home/nico/.local/lib/python3.10/site-packages/urllib3/connectionpool.py:1099 InsecureRequestWarning: Unverified HTTPS request is being made to host 'api.bcra.gob.ar'. Adding certificate verification is strongly advised. See: https://urllib3.readthedocs.io/en/latest/advanced-usage.html#tls-warnings
[2024-10-31T01:42:47.969-0300] {logging_mixin.py:190} INFO - URL de solicitud: https://api.bcra.gob.ar/estadisticas/v2.0/datosvariable/24/2024-10-30/2024-10-30
[2024-10-31T01:42:48.121-0300] {logging_mixin.py:190} WARNING - /home/nico/.local/lib/python3.10/site-packages/urllib3/connectionpool.py:1099 InsecureRequestWarning: Unverified HTTPS request is being made to host 'api.bcra.gob.ar'. Adding certificate verification is strongly advised. See: https://urllib3.readthedocs.io/en/latest/advanced-usage.html#tls-warnings
[2024-10-31T01:42:48.161-0300] {logging_mixin.py:190} INFO - No se encontraron datos para idVariable 24 en la fecha 2024-10-30.
[2024-10-31T01:42:48.271-0300] {logging_mixin.py:190} WARNING - /home/nico/.local/lib/python3.10/site-packages/urllib3/connectionpool.py:1099 InsecureRequestWarning: Unverified HTTPS request is being made to host 'api.bcra.gob.ar'. Adding certificate verification is strongly advised. See: https://urllib3.readthedocs.io/en/latest/advanced-usage.html#tls-warnings
[2024-10-31T01:42:48.301-0300] {logging_mixin.py:190} INFO - URL de solicitud: https://api.bcra.gob.ar/estadisticas/v2.0/datosvariable/25/2024-10-30/2024-10-30
[2024-10-31T01:42:48.373-0300] {logging_mixin.py:190} WARNING - /home/nico/.local/lib/python3.10/site-packages/urllib3/connectionpool.py:1099 InsecureRequestWarning: Unverified HTTPS request is being made to host 'api.bcra.gob.ar'. Adding certificate verification is strongly advised. See: https://urllib3.readthedocs.io/en/latest/advanced-usage.html#tls-warnings
[2024-10-31T01:42:48.405-0300] {logging_mixin.py:190} INFO - No se encontraron datos para idVariable 25 en la fecha 2024-10-30.
[2024-10-31T01:42:48.471-0300] {logging_mixin.py:190} WARNING - /home/nico/.local/lib/python3.10/site-packages/urllib3/connectionpool.py:1099 InsecureRequestWarning: Unverified HTTPS request is being made to host 'api.bcra.gob.ar'. Adding certificate verification is strongly advised. See: https://urllib3.readthedocs.io/en/latest/advanced-usage.html#tls-warnings
[2024-10-31T01:42:48.502-0300] {logging_mixin.py:190} INFO - URL de solicitud: https://api.bcra.gob.ar/estadisticas/v2.0/datosvariable/26/2024-10-30/2024-10-30
[2024-10-31T01:42:48.572-0300] {logging_mixin.py:190} WARNING - /home/nico/.local/lib/python3.10/site-packages/urllib3/connectionpool.py:1099 InsecureRequestWarning: Unverified HTTPS request is being made to host 'api.bcra.gob.ar'. Adding certificate verification is strongly advised. See: https://urllib3.readthedocs.io/en/latest/advanced-usage.html#tls-warnings
[2024-10-31T01:42:48.602-0300] {logging_mixin.py:190} INFO - No se encontraron datos para idVariable 26 en la fecha 2024-10-30.
[2024-10-31T01:42:48.673-0300] {logging_mixin.py:190} WARNING - /home/nico/.local/lib/python3.10/site-packages/urllib3/connectionpool.py:1099 InsecureRequestWarning: Unverified HTTPS request is being made to host 'api.bcra.gob.ar'. Adding certificate verification is strongly advised. See: https://urllib3.readthedocs.io/en/latest/advanced-usage.html#tls-warnings
[2024-10-31T01:42:48.702-0300] {logging_mixin.py:190} INFO - URL de solicitud: https://api.bcra.gob.ar/estadisticas/v2.0/datosvariable/27/2024-10-30/2024-10-30
[2024-10-31T01:42:48.770-0300] {logging_mixin.py:190} WARNING - /home/nico/.local/lib/python3.10/site-packages/urllib3/connectionpool.py:1099 InsecureRequestWarning: Unverified HTTPS request is being made to host 'api.bcra.gob.ar'. Adding certificate verification is strongly advised. See: https://urllib3.readthedocs.io/en/latest/advanced-usage.html#tls-warnings
[2024-10-31T01:42:48.799-0300] {logging_mixin.py:190} INFO - No se encontraron datos para idVariable 27 en la fecha 2024-10-30.
[2024-10-31T01:42:48.870-0300] {logging_mixin.py:190} WARNING - /home/nico/.local/lib/python3.10/site-packages/urllib3/connectionpool.py:1099 InsecureRequestWarning: Unverified HTTPS request is being made to host 'api.bcra.gob.ar'. Adding certificate verification is strongly advised. See: https://urllib3.readthedocs.io/en/latest/advanced-usage.html#tls-warnings
[2024-10-31T01:42:48.904-0300] {logging_mixin.py:190} INFO - URL de solicitud: https://api.bcra.gob.ar/estadisticas/v2.0/datosvariable/28/2024-10-30/2024-10-30
[2024-10-31T01:42:48.991-0300] {logging_mixin.py:190} WARNING - /home/nico/.local/lib/python3.10/site-packages/urllib3/connectionpool.py:1099 InsecureRequestWarning: Unverified HTTPS request is being made to host 'api.bcra.gob.ar'. Adding certificate verification is strongly advised. See: https://urllib3.readthedocs.io/en/latest/advanced-usage.html#tls-warnings
[2024-10-31T01:42:49.029-0300] {logging_mixin.py:190} INFO - No se encontraron datos para idVariable 28 en la fecha 2024-10-30.
[2024-10-31T01:42:49.093-0300] {logging_mixin.py:190} WARNING - /home/nico/.local/lib/python3.10/site-packages/urllib3/connectionpool.py:1099 InsecureRequestWarning: Unverified HTTPS request is being made to host 'api.bcra.gob.ar'. Adding certificate verification is strongly advised. See: https://urllib3.readthedocs.io/en/latest/advanced-usage.html#tls-warnings
[2024-10-31T01:42:49.123-0300] {logging_mixin.py:190} INFO - URL de solicitud: https://api.bcra.gob.ar/estadisticas/v2.0/datosvariable/29/2024-10-30/2024-10-30
[2024-10-31T01:42:49.192-0300] {logging_mixin.py:190} WARNING - /home/nico/.local/lib/python3.10/site-packages/urllib3/connectionpool.py:1099 InsecureRequestWarning: Unverified HTTPS request is being made to host 'api.bcra.gob.ar'. Adding certificate verification is strongly advised. See: https://urllib3.readthedocs.io/en/latest/advanced-usage.html#tls-warnings
[2024-10-31T01:42:49.226-0300] {logging_mixin.py:190} INFO - No se encontraron datos para idVariable 29 en la fecha 2024-10-30.
[2024-10-31T01:42:49.312-0300] {logging_mixin.py:190} WARNING - /home/nico/.local/lib/python3.10/site-packages/urllib3/connectionpool.py:1099 InsecureRequestWarning: Unverified HTTPS request is being made to host 'api.bcra.gob.ar'. Adding certificate verification is strongly advised. See: https://urllib3.readthedocs.io/en/latest/advanced-usage.html#tls-warnings
[2024-10-31T01:42:49.349-0300] {logging_mixin.py:190} INFO - URL de solicitud: https://api.bcra.gob.ar/estadisticas/v2.0/datosvariable/34/2024-10-30/2024-10-30
[2024-10-31T01:42:49.459-0300] {logging_mixin.py:190} WARNING - /home/nico/.local/lib/python3.10/site-packages/urllib3/connectionpool.py:1099 InsecureRequestWarning: Unverified HTTPS request is being made to host 'api.bcra.gob.ar'. Adding certificate verification is strongly advised. See: https://urllib3.readthedocs.io/en/latest/advanced-usage.html#tls-warnings
[2024-10-31T01:42:49.555-0300] {logging_mixin.py:190} WARNING - /home/nico/.local/lib/python3.10/site-packages/urllib3/connectionpool.py:1099 InsecureRequestWarning: Unverified HTTPS request is being made to host 'api.bcra.gob.ar'. Adding certificate verification is strongly advised. See: https://urllib3.readthedocs.io/en/latest/advanced-usage.html#tls-warnings
[2024-10-31T01:42:49.588-0300] {logging_mixin.py:190} INFO - URL de solicitud: https://api.bcra.gob.ar/estadisticas/v2.0/datosvariable/35/2024-10-30/2024-10-30
[2024-10-31T01:42:49.672-0300] {logging_mixin.py:190} WARNING - /home/nico/.local/lib/python3.10/site-packages/urllib3/connectionpool.py:1099 InsecureRequestWarning: Unverified HTTPS request is being made to host 'api.bcra.gob.ar'. Adding certificate verification is strongly advised. See: https://urllib3.readthedocs.io/en/latest/advanced-usage.html#tls-warnings
[2024-10-31T01:42:49.703-0300] {logging_mixin.py:190} INFO - No se encontraron datos para idVariable 35 en la fecha 2024-10-30.
[2024-10-31T01:42:49.790-0300] {logging_mixin.py:190} WARNING - /home/nico/.local/lib/python3.10/site-packages/urllib3/connectionpool.py:1099 InsecureRequestWarning: Unverified HTTPS request is being made to host 'api.bcra.gob.ar'. Adding certificate verification is strongly advised. See: https://urllib3.readthedocs.io/en/latest/advanced-usage.html#tls-warnings
[2024-10-31T01:42:49.822-0300] {logging_mixin.py:190} INFO - URL de solicitud: https://api.bcra.gob.ar/estadisticas/v2.0/datosvariable/41/2024-10-30/2024-10-30
[2024-10-31T01:42:49.902-0300] {logging_mixin.py:190} WARNING - /home/nico/.local/lib/python3.10/site-packages/urllib3/connectionpool.py:1099 InsecureRequestWarning: Unverified HTTPS request is being made to host 'api.bcra.gob.ar'. Adding certificate verification is strongly advised. See: https://urllib3.readthedocs.io/en/latest/advanced-usage.html#tls-warnings
[2024-10-31T01:42:49.935-0300] {logging_mixin.py:190} INFO - No se encontraron datos para idVariable 41 en la fecha 2024-10-30.
[2024-10-31T01:42:50.006-0300] {logging_mixin.py:190} WARNING - /home/nico/.local/lib/python3.10/site-packages/urllib3/connectionpool.py:1099 InsecureRequestWarning: Unverified HTTPS request is being made to host 'api.bcra.gob.ar'. Adding certificate verification is strongly advised. See: https://urllib3.readthedocs.io/en/latest/advanced-usage.html#tls-warnings
[2024-10-31T01:42:50.037-0300] {logging_mixin.py:190} INFO - URL de solicitud: https://api.bcra.gob.ar/estadisticas/v2.0/datosvariable/42/2024-10-30/2024-10-30
[2024-10-31T01:42:50.117-0300] {logging_mixin.py:190} WARNING - /home/nico/.local/lib/python3.10/site-packages/urllib3/connectionpool.py:1099 InsecureRequestWarning: Unverified HTTPS request is being made to host 'api.bcra.gob.ar'. Adding certificate verification is strongly advised. See: https://urllib3.readthedocs.io/en/latest/advanced-usage.html#tls-warnings
[2024-10-31T01:42:50.155-0300] {logging_mixin.py:190} INFO - No se encontraron datos para idVariable 42 en la fecha 2024-10-30.
[2024-10-31T01:42:50.161-0300] {python.py:240} INFO - Done. Returned value was:    idVariable       fecha   valor
0           5  2024-10-30  990.25
1           6  2024-10-30   40.00
2           9  2024-10-30   45.00
3          34  2024-10-30   49.15
[2024-10-31T01:42:50.339-0300] {taskinstance.py:340} INFO - ::group::Post task execution logs
[2024-10-31T01:42:50.342-0300] {taskinstance.py:352} INFO - Marking task as SUCCESS. dag_id=etl_redshift_dag_variables_bcra, task_id=extract_data, run_id=manual__2024-10-30T23:12:51.658003+00:00, execution_date=20241030T231251, start_date=20241031T044238, end_date=20241031T044250
[2024-10-31T01:42:50.908-0300] {logging_mixin.py:190} INFO - Task instance in success state
[2024-10-31T01:42:50.911-0300] {logging_mixin.py:190} INFO -  Previous state of the Task instance: running
[2024-10-31T01:42:50.913-0300] {logging_mixin.py:190} INFO - Dag name:etl_redshift_dag_variables_bcra queued_at:2024-10-31 04:08:48.948187+00:00
[2024-10-31T01:42:50.916-0300] {logging_mixin.py:190} INFO - Task hostname:DESKTOP-MVFODGC. operator:PythonOperator
[2024-10-31T01:42:50.984-0300] {local_task_job_runner.py:266} INFO - Task exited with return code 0
[2024-10-31T01:42:51.559-0300] {taskinstance.py:3900} INFO - 1 downstream tasks scheduled from follow-on schedule check
[2024-10-31T01:42:51.672-0300] {local_task_job_runner.py:245} INFO - ::endgroup::
