[2024-11-01T00:56:28.514-0300] {local_task_job_runner.py:123} INFO - ::group::Pre task execution logs
[2024-11-01T00:56:29.044-0300] {taskinstance.py:2612} INFO - Dependencies all met for dep_context=non-requeueable deps ti=<TaskInstance: etl_redshift_dag_variables_bcra.extract_data scheduled__2024-10-30T19:00:00+00:00 [queued]>
[2024-11-01T00:56:29.434-0300] {taskinstance.py:2612} INFO - Dependencies all met for dep_context=requeueable deps ti=<TaskInstance: etl_redshift_dag_variables_bcra.extract_data scheduled__2024-10-30T19:00:00+00:00 [queued]>
[2024-11-01T00:56:29.468-0300] {taskinstance.py:2865} INFO - Starting attempt 2 of 3
[2024-11-01T00:56:29.825-0300] {taskinstance.py:2888} INFO - Executing <Task(PythonOperator): extract_data> on 2024-10-30 19:00:00+00:00
[2024-11-01T00:56:29.851-0300] {standard_task_runner.py:72} INFO - Started process 167902 to run task
[2024-11-01T00:56:29.868-0300] {standard_task_runner.py:104} INFO - Running: ['airflow', 'tasks', 'run', 'etl_redshift_dag_variables_bcra', 'extract_data', 'scheduled__2024-10-30T19:00:00+00:00', '--job-id', '417', '--raw', '--subdir', 'DAGS_FOLDER/dag_variables_bcra.py', '--cfg-path', '/tmp/tmpl0xaxxe_']
[2024-11-01T00:56:29.875-0300] {standard_task_runner.py:105} INFO - Job 417: Subtask extract_data
[2024-11-01T00:56:30.169-0300] {task_command.py:467} INFO - Running <TaskInstance: etl_redshift_dag_variables_bcra.extract_data scheduled__2024-10-30T19:00:00+00:00 [running]> on host DESKTOP-MVFODGC.
[2024-11-01T00:56:30.692-0300] {taskinstance.py:3131} INFO - Exporting env vars: AIRFLOW_CTX_DAG_OWNER='airflow' AIRFLOW_CTX_DAG_ID='etl_redshift_dag_variables_bcra' AIRFLOW_CTX_TASK_ID='extract_data' AIRFLOW_CTX_EXECUTION_DATE='2024-10-30T19:00:00+00:00' AIRFLOW_CTX_TRY_NUMBER='2' AIRFLOW_CTX_DAG_RUN_ID='scheduled__2024-10-30T19:00:00+00:00'
[2024-11-01T00:56:30.696-0300] {logging_mixin.py:190} INFO - Task instance is in running state
[2024-11-01T00:56:30.702-0300] {logging_mixin.py:190} INFO -  Previous state of the Task instance: queued
[2024-11-01T00:56:30.708-0300] {logging_mixin.py:190} INFO - Current task name:extract_data state:running start_date:2024-11-01 03:56:29.054448+00:00
[2024-11-01T00:56:30.711-0300] {logging_mixin.py:190} INFO - Dag name:etl_redshift_dag_variables_bcra and current dag run status:running
[2024-11-01T00:56:30.718-0300] {taskinstance.py:731} INFO - ::endgroup::
[2024-11-01T00:56:30.959-0300] {logging_mixin.py:190} WARNING - /home/nico/.local/lib/python3.10/site-packages/urllib3/connectionpool.py:1099 InsecureRequestWarning: Unverified HTTPS request is being made to host 'api.bcra.gob.ar'. Adding certificate verification is strongly advised. See: https://urllib3.readthedocs.io/en/latest/advanced-usage.html#tls-warnings
[2024-11-01T00:56:31.043-0300] {python.py:240} INFO - Done. Returned value was:     idVariable  cdSerie  ...       fecha         valor
0            1      246  ...  2024-10-29  2.966900e+04
1            4     7927  ...  2024-10-31  1.020750e+03
2            5      272  ...  2024-10-31  9.907500e+02
3            6     7935  ...  2024-10-31  4.000000e+01
4            7     1222  ...  2024-10-30  4.143750e+01
5            8     7922  ...  2024-10-30  4.262500e+01
6            9     7920  ...  2024-11-01  4.500000e+01
7           10     7921  ...  2024-07-19  4.000000e+01
8           11     3139  ...  2024-10-30  4.696000e+01
9           12     1212  ...  2024-10-30  3.947000e+01
10          13     7924  ...  2024-10-30  5.070000e+01
11          14     7925  ...  2024-10-30  6.939000e+01
12          15      250  ...  2024-10-29  2.215094e+07
13          16      251  ...  2024-10-29  1.546932e+07
14          17      251  ...  2024-10-29  1.375537e+07
15          18      296  ...  2024-10-29  1.713944e+06
16          19      252  ...  2024-10-29  6.681619e+06
17          21      444  ...  2024-10-29  1.300109e+08
18          22      446  ...  2024-10-29  2.427856e+07
19          23      450  ...  2024-10-29  4.894976e+07
20          24      452  ...  2024-10-29  4.960479e+07
21          25     7919  ...  2024-10-29  1.111000e+02
22          26      392  ...  2024-10-29  5.417708e+07
23          27     7931  ...  2024-09-30  3.500000e+00
24          28     7932  ...  2024-09-30  2.090000e+02
25          29     7933  ...  2024-09-30  4.090000e+01
26          30     3540  ...  2024-11-01  4.882120e+02
27          31     7913  ...  2024-11-01  1.231530e+03
28          32     7914  ...  2024-11-01  9.273100e+02
29          34     7936  ...  2024-10-31  4.915000e+01
30          35     7937  ...  2024-10-30  5.023000e+01
31          40     7988  ...  2024-11-01  1.989000e+01
32          41     7990  ...  2024-07-19  4.915000e+01
33          42      266  ...  2024-10-29  0.000000e+00
34          43     3539  ...  2024-11-01  1.713499e+04

[35 rows x 5 columns]
[2024-11-01T00:56:31.530-0300] {taskinstance.py:340} INFO - ::group::Post task execution logs
[2024-11-01T00:56:31.533-0300] {taskinstance.py:352} INFO - Marking task as SUCCESS. dag_id=etl_redshift_dag_variables_bcra, task_id=extract_data, run_id=scheduled__2024-10-30T19:00:00+00:00, execution_date=20241030T190000, start_date=20241101T035629, end_date=20241101T035631
[2024-11-01T00:56:31.669-0300] {logging_mixin.py:190} INFO - Task instance in success state
[2024-11-01T00:56:31.677-0300] {logging_mixin.py:190} INFO -  Previous state of the Task instance: running
[2024-11-01T00:56:31.691-0300] {logging_mixin.py:190} INFO - Dag name:etl_redshift_dag_variables_bcra queued_at:2024-11-01 03:55:47.426257+00:00
[2024-11-01T00:56:31.708-0300] {logging_mixin.py:190} INFO - Task hostname:DESKTOP-MVFODGC. operator:PythonOperator
[2024-11-01T00:56:31.777-0300] {local_task_job_runner.py:266} INFO - Task exited with return code 0
[2024-11-01T00:56:31.951-0300] {taskinstance.py:3900} INFO - 1 downstream tasks scheduled from follow-on schedule check
[2024-11-01T00:56:31.987-0300] {local_task_job_runner.py:245} INFO - ::endgroup::
