[2024-10-31T20:44:30.015-0300] {local_task_job_runner.py:123} INFO - ::group::Pre task execution logs
[2024-10-31T20:44:30.088-0300] {taskinstance.py:2612} INFO - Dependencies all met for dep_context=non-requeueable deps ti=<TaskInstance: etl_redshift_dag_variables_bcra.load_data scheduled__2024-10-30T07:00:00+00:00 [queued]>
[2024-10-31T20:44:30.148-0300] {taskinstance.py:2612} INFO - Dependencies all met for dep_context=requeueable deps ti=<TaskInstance: etl_redshift_dag_variables_bcra.load_data scheduled__2024-10-30T07:00:00+00:00 [queued]>
[2024-10-31T20:44:30.150-0300] {taskinstance.py:2865} INFO - Starting attempt 1 of 2
[2024-10-31T20:44:30.415-0300] {taskinstance.py:2888} INFO - Executing <Task(PythonOperator): load_data> on 2024-10-30 07:00:00+00:00
[2024-10-31T20:44:30.439-0300] {standard_task_runner.py:72} INFO - Started process 145525 to run task
[2024-10-31T20:44:30.453-0300] {standard_task_runner.py:104} INFO - Running: ['airflow', 'tasks', 'run', 'etl_redshift_dag_variables_bcra', 'load_data', 'scheduled__2024-10-30T07:00:00+00:00', '--job-id', '336', '--raw', '--subdir', 'DAGS_FOLDER/dag_variables_bcra.py', '--cfg-path', '/tmp/tmp16a3jqs1']
[2024-10-31T20:44:30.467-0300] {standard_task_runner.py:105} INFO - Job 336: Subtask load_data
[2024-10-31T20:44:31.387-0300] {task_command.py:467} INFO - Running <TaskInstance: etl_redshift_dag_variables_bcra.load_data scheduled__2024-10-30T07:00:00+00:00 [running]> on host DESKTOP-MVFODGC.
[2024-10-31T20:44:32.772-0300] {taskinstance.py:3131} INFO - Exporting env vars: AIRFLOW_CTX_DAG_OWNER='airflow' AIRFLOW_CTX_DAG_ID='etl_redshift_dag_variables_bcra' AIRFLOW_CTX_TASK_ID='load_data' AIRFLOW_CTX_EXECUTION_DATE='2024-10-30T07:00:00+00:00' AIRFLOW_CTX_TRY_NUMBER='1' AIRFLOW_CTX_DAG_RUN_ID='scheduled__2024-10-30T07:00:00+00:00'
[2024-10-31T20:44:32.780-0300] {logging_mixin.py:190} INFO - Task instance is in running state
[2024-10-31T20:44:32.787-0300] {logging_mixin.py:190} INFO -  Previous state of the Task instance: queued
[2024-10-31T20:44:32.791-0300] {logging_mixin.py:190} INFO - Current task name:load_data state:running start_date:2024-10-31 23:44:30.090858+00:00
[2024-10-31T20:44:32.796-0300] {logging_mixin.py:190} INFO - Dag name:etl_redshift_dag_variables_bcra and current dag run status:running
[2024-10-31T20:44:32.801-0300] {taskinstance.py:731} INFO - ::endgroup::
[2024-10-31T20:44:38.775-0300] {logging_mixin.py:190} INFO - Datos cargados exitosamente en la tabla 2024_nicolas_alvarez_julia_schema.fact_table en Redshift.
[2024-10-31T20:44:38.780-0300] {python.py:240} INFO - Done. Returned value was: None
[2024-10-31T20:44:38.828-0300] {taskinstance.py:340} INFO - ::group::Post task execution logs
[2024-10-31T20:44:38.833-0300] {taskinstance.py:352} INFO - Marking task as SUCCESS. dag_id=etl_redshift_dag_variables_bcra, task_id=load_data, run_id=scheduled__2024-10-30T07:00:00+00:00, execution_date=20241030T070000, start_date=20241031T234430, end_date=20241031T234438
[2024-10-31T20:44:38.932-0300] {logging_mixin.py:190} INFO - Task instance in success state
[2024-10-31T20:44:38.939-0300] {logging_mixin.py:190} INFO -  Previous state of the Task instance: running
[2024-10-31T20:44:38.949-0300] {logging_mixin.py:190} INFO - Dag name:etl_redshift_dag_variables_bcra queued_at:2024-10-31 23:35:43.369254+00:00
[2024-10-31T20:44:38.953-0300] {logging_mixin.py:190} INFO - Task hostname:DESKTOP-MVFODGC. operator:PythonOperator
[2024-10-31T20:44:39.016-0300] {local_task_job_runner.py:266} INFO - Task exited with return code 0
[2024-10-31T20:44:39.069-0300] {taskinstance.py:3900} INFO - 0 downstream tasks scheduled from follow-on schedule check
[2024-10-31T20:44:39.077-0300] {local_task_job_runner.py:245} INFO - ::endgroup::
