[2024-10-31T21:01:14.999-0300] {processor.py:186} INFO - Started process (PID=149802) to work on /home/nico/.local/lib/python3.10/site-packages/airflow/example_dags/subdags/subdag.py
[2024-10-31T21:01:15.002-0300] {processor.py:914} INFO - Processing file /home/nico/.local/lib/python3.10/site-packages/airflow/example_dags/subdags/subdag.py for tasks to queue
[2024-10-31T21:01:15.005-0300] {logging_mixin.py:190} INFO - [2024-10-31T21:01:15.004-0300] {dagbag.py:588} INFO - Filling up the DagBag from /home/nico/.local/lib/python3.10/site-packages/airflow/example_dags/subdags/subdag.py
[2024-10-31T21:01:15.012-0300] {processor.py:927} WARNING - No viable dags retrieved from /home/nico/.local/lib/python3.10/site-packages/airflow/example_dags/subdags/subdag.py
[2024-10-31T21:01:15.073-0300] {processor.py:208} INFO - Processing /home/nico/.local/lib/python3.10/site-packages/airflow/example_dags/subdags/subdag.py took 0.089 seconds
[2024-10-31T21:03:38.592-0300] {processor.py:186} INFO - Started process (PID=150435) to work on /home/nico/.local/lib/python3.10/site-packages/airflow/example_dags/subdags/subdag.py
[2024-10-31T21:03:38.595-0300] {processor.py:914} INFO - Processing file /home/nico/.local/lib/python3.10/site-packages/airflow/example_dags/subdags/subdag.py for tasks to queue
[2024-10-31T21:03:38.599-0300] {logging_mixin.py:190} INFO - [2024-10-31T21:03:38.598-0300] {dagbag.py:588} INFO - Filling up the DagBag from /home/nico/.local/lib/python3.10/site-packages/airflow/example_dags/subdags/subdag.py
[2024-10-31T21:03:38.610-0300] {processor.py:927} WARNING - No viable dags retrieved from /home/nico/.local/lib/python3.10/site-packages/airflow/example_dags/subdags/subdag.py
[2024-10-31T21:03:38.659-0300] {processor.py:208} INFO - Processing /home/nico/.local/lib/python3.10/site-packages/airflow/example_dags/subdags/subdag.py took 0.082 seconds
[2024-10-31T23:52:32.990-0300] {processor.py:186} INFO - Started process (PID=151705) to work on /home/nico/.local/lib/python3.10/site-packages/airflow/example_dags/subdags/subdag.py
[2024-10-31T23:52:33.016-0300] {processor.py:914} INFO - Processing file /home/nico/.local/lib/python3.10/site-packages/airflow/example_dags/subdags/subdag.py for tasks to queue
[2024-10-31T23:52:33.025-0300] {logging_mixin.py:190} INFO - [2024-10-31T23:52:33.023-0300] {dagbag.py:588} INFO - Filling up the DagBag from /home/nico/.local/lib/python3.10/site-packages/airflow/example_dags/subdags/subdag.py
[2024-10-31T23:52:33.061-0300] {processor.py:927} WARNING - No viable dags retrieved from /home/nico/.local/lib/python3.10/site-packages/airflow/example_dags/subdags/subdag.py
[2024-10-31T23:52:33.200-0300] {processor.py:208} INFO - Processing /home/nico/.local/lib/python3.10/site-packages/airflow/example_dags/subdags/subdag.py took 0.261 seconds
[2024-11-01T00:00:00.855-0300] {processor.py:186} INFO - Started process (PID=153604) to work on /home/nico/.local/lib/python3.10/site-packages/airflow/example_dags/subdags/subdag.py
[2024-11-01T00:00:00.979-0300] {processor.py:914} INFO - Processing file /home/nico/.local/lib/python3.10/site-packages/airflow/example_dags/subdags/subdag.py for tasks to queue
[2024-11-01T00:00:01.093-0300] {logging_mixin.py:190} INFO - [2024-11-01T00:00:01.092-0300] {dagbag.py:588} INFO - Filling up the DagBag from /home/nico/.local/lib/python3.10/site-packages/airflow/example_dags/subdags/subdag.py
[2024-11-01T00:00:01.151-0300] {processor.py:927} WARNING - No viable dags retrieved from /home/nico/.local/lib/python3.10/site-packages/airflow/example_dags/subdags/subdag.py
[2024-11-01T00:00:01.611-0300] {processor.py:208} INFO - Processing /home/nico/.local/lib/python3.10/site-packages/airflow/example_dags/subdags/subdag.py took 0.808 seconds
[2024-11-01T00:03:41.941-0300] {processor.py:186} INFO - Started process (PID=154537) to work on /home/nico/.local/lib/python3.10/site-packages/airflow/example_dags/subdags/subdag.py
[2024-11-01T00:03:41.944-0300] {processor.py:914} INFO - Processing file /home/nico/.local/lib/python3.10/site-packages/airflow/example_dags/subdags/subdag.py for tasks to queue
[2024-11-01T00:03:41.948-0300] {logging_mixin.py:190} INFO - [2024-11-01T00:03:41.947-0300] {dagbag.py:588} INFO - Filling up the DagBag from /home/nico/.local/lib/python3.10/site-packages/airflow/example_dags/subdags/subdag.py
[2024-11-01T00:03:41.955-0300] {processor.py:927} WARNING - No viable dags retrieved from /home/nico/.local/lib/python3.10/site-packages/airflow/example_dags/subdags/subdag.py
[2024-11-01T00:03:42.001-0300] {processor.py:208} INFO - Processing /home/nico/.local/lib/python3.10/site-packages/airflow/example_dags/subdags/subdag.py took 0.080 seconds
[2024-11-01T00:06:06.439-0300] {processor.py:186} INFO - Started process (PID=155157) to work on /home/nico/.local/lib/python3.10/site-packages/airflow/example_dags/subdags/subdag.py
[2024-11-01T00:06:06.443-0300] {processor.py:914} INFO - Processing file /home/nico/.local/lib/python3.10/site-packages/airflow/example_dags/subdags/subdag.py for tasks to queue
[2024-11-01T00:06:06.458-0300] {logging_mixin.py:190} INFO - [2024-11-01T00:06:06.456-0300] {dagbag.py:588} INFO - Filling up the DagBag from /home/nico/.local/lib/python3.10/site-packages/airflow/example_dags/subdags/subdag.py
[2024-11-01T00:06:06.475-0300] {processor.py:927} WARNING - No viable dags retrieved from /home/nico/.local/lib/python3.10/site-packages/airflow/example_dags/subdags/subdag.py
[2024-11-01T00:06:06.612-0300] {processor.py:208} INFO - Processing /home/nico/.local/lib/python3.10/site-packages/airflow/example_dags/subdags/subdag.py took 0.224 seconds
[2024-11-01T00:09:08.345-0300] {processor.py:186} INFO - Started process (PID=155980) to work on /home/nico/.local/lib/python3.10/site-packages/airflow/example_dags/subdags/subdag.py
[2024-11-01T00:09:08.350-0300] {processor.py:914} INFO - Processing file /home/nico/.local/lib/python3.10/site-packages/airflow/example_dags/subdags/subdag.py for tasks to queue
[2024-11-01T00:09:08.363-0300] {logging_mixin.py:190} INFO - [2024-11-01T00:09:08.362-0300] {dagbag.py:588} INFO - Filling up the DagBag from /home/nico/.local/lib/python3.10/site-packages/airflow/example_dags/subdags/subdag.py
[2024-11-01T00:09:08.389-0300] {processor.py:927} WARNING - No viable dags retrieved from /home/nico/.local/lib/python3.10/site-packages/airflow/example_dags/subdags/subdag.py
[2024-11-01T00:09:08.442-0300] {processor.py:208} INFO - Processing /home/nico/.local/lib/python3.10/site-packages/airflow/example_dags/subdags/subdag.py took 0.133 seconds
[2024-11-01T00:18:47.084-0300] {processor.py:186} INFO - Started process (PID=158397) to work on /home/nico/.local/lib/python3.10/site-packages/airflow/example_dags/subdags/subdag.py
[2024-11-01T00:18:47.091-0300] {processor.py:914} INFO - Processing file /home/nico/.local/lib/python3.10/site-packages/airflow/example_dags/subdags/subdag.py for tasks to queue
[2024-11-01T00:18:47.097-0300] {logging_mixin.py:190} INFO - [2024-11-01T00:18:47.095-0300] {dagbag.py:588} INFO - Filling up the DagBag from /home/nico/.local/lib/python3.10/site-packages/airflow/example_dags/subdags/subdag.py
[2024-11-01T00:18:47.107-0300] {processor.py:927} WARNING - No viable dags retrieved from /home/nico/.local/lib/python3.10/site-packages/airflow/example_dags/subdags/subdag.py
[2024-11-01T00:18:47.182-0300] {processor.py:208} INFO - Processing /home/nico/.local/lib/python3.10/site-packages/airflow/example_dags/subdags/subdag.py took 0.165 seconds
[2024-11-01T00:22:00.718-0300] {processor.py:186} INFO - Started process (PID=159203) to work on /home/nico/.local/lib/python3.10/site-packages/airflow/example_dags/subdags/subdag.py
[2024-11-01T00:22:00.720-0300] {processor.py:914} INFO - Processing file /home/nico/.local/lib/python3.10/site-packages/airflow/example_dags/subdags/subdag.py for tasks to queue
[2024-11-01T00:22:00.726-0300] {logging_mixin.py:190} INFO - [2024-11-01T00:22:00.724-0300] {dagbag.py:588} INFO - Filling up the DagBag from /home/nico/.local/lib/python3.10/site-packages/airflow/example_dags/subdags/subdag.py
[2024-11-01T00:22:00.733-0300] {processor.py:927} WARNING - No viable dags retrieved from /home/nico/.local/lib/python3.10/site-packages/airflow/example_dags/subdags/subdag.py
[2024-11-01T00:22:00.779-0300] {processor.py:208} INFO - Processing /home/nico/.local/lib/python3.10/site-packages/airflow/example_dags/subdags/subdag.py took 0.082 seconds
[2024-11-01T00:32:16.002-0300] {processor.py:186} INFO - Started process (PID=161839) to work on /home/nico/.local/lib/python3.10/site-packages/airflow/example_dags/subdags/subdag.py
[2024-11-01T00:32:16.004-0300] {processor.py:914} INFO - Processing file /home/nico/.local/lib/python3.10/site-packages/airflow/example_dags/subdags/subdag.py for tasks to queue
[2024-11-01T00:32:16.008-0300] {logging_mixin.py:190} INFO - [2024-11-01T00:32:16.007-0300] {dagbag.py:588} INFO - Filling up the DagBag from /home/nico/.local/lib/python3.10/site-packages/airflow/example_dags/subdags/subdag.py
[2024-11-01T00:32:16.014-0300] {processor.py:927} WARNING - No viable dags retrieved from /home/nico/.local/lib/python3.10/site-packages/airflow/example_dags/subdags/subdag.py
[2024-11-01T00:32:16.066-0300] {processor.py:208} INFO - Processing /home/nico/.local/lib/python3.10/site-packages/airflow/example_dags/subdags/subdag.py took 0.081 seconds
[2024-11-01T00:34:30.027-0300] {processor.py:186} INFO - Started process (PID=162414) to work on /home/nico/.local/lib/python3.10/site-packages/airflow/example_dags/subdags/subdag.py
[2024-11-01T00:34:30.030-0300] {processor.py:914} INFO - Processing file /home/nico/.local/lib/python3.10/site-packages/airflow/example_dags/subdags/subdag.py for tasks to queue
[2024-11-01T00:34:30.033-0300] {logging_mixin.py:190} INFO - [2024-11-01T00:34:30.032-0300] {dagbag.py:588} INFO - Filling up the DagBag from /home/nico/.local/lib/python3.10/site-packages/airflow/example_dags/subdags/subdag.py
[2024-11-01T00:34:30.042-0300] {processor.py:927} WARNING - No viable dags retrieved from /home/nico/.local/lib/python3.10/site-packages/airflow/example_dags/subdags/subdag.py
[2024-11-01T00:34:30.093-0300] {processor.py:208} INFO - Processing /home/nico/.local/lib/python3.10/site-packages/airflow/example_dags/subdags/subdag.py took 0.082 seconds
[2024-11-01T00:36:04.257-0300] {processor.py:186} INFO - Started process (PID=162816) to work on /home/nico/.local/lib/python3.10/site-packages/airflow/example_dags/subdags/subdag.py
[2024-11-01T00:36:04.260-0300] {processor.py:914} INFO - Processing file /home/nico/.local/lib/python3.10/site-packages/airflow/example_dags/subdags/subdag.py for tasks to queue
[2024-11-01T00:36:04.264-0300] {logging_mixin.py:190} INFO - [2024-11-01T00:36:04.263-0300] {dagbag.py:588} INFO - Filling up the DagBag from /home/nico/.local/lib/python3.10/site-packages/airflow/example_dags/subdags/subdag.py
[2024-11-01T00:36:04.270-0300] {processor.py:927} WARNING - No viable dags retrieved from /home/nico/.local/lib/python3.10/site-packages/airflow/example_dags/subdags/subdag.py
[2024-11-01T00:36:04.316-0300] {processor.py:208} INFO - Processing /home/nico/.local/lib/python3.10/site-packages/airflow/example_dags/subdags/subdag.py took 0.079 seconds
[2024-11-01T00:37:52.587-0300] {processor.py:186} INFO - Started process (PID=163277) to work on /home/nico/.local/lib/python3.10/site-packages/airflow/example_dags/subdags/subdag.py
[2024-11-01T00:37:52.592-0300] {processor.py:914} INFO - Processing file /home/nico/.local/lib/python3.10/site-packages/airflow/example_dags/subdags/subdag.py for tasks to queue
[2024-11-01T00:37:52.600-0300] {logging_mixin.py:190} INFO - [2024-11-01T00:37:52.598-0300] {dagbag.py:588} INFO - Filling up the DagBag from /home/nico/.local/lib/python3.10/site-packages/airflow/example_dags/subdags/subdag.py
[2024-11-01T00:37:52.610-0300] {processor.py:927} WARNING - No viable dags retrieved from /home/nico/.local/lib/python3.10/site-packages/airflow/example_dags/subdags/subdag.py
[2024-11-01T00:37:52.676-0300] {processor.py:208} INFO - Processing /home/nico/.local/lib/python3.10/site-packages/airflow/example_dags/subdags/subdag.py took 0.136 seconds
[2024-11-01T00:47:09.367-0300] {processor.py:186} INFO - Started process (PID=165536) to work on /home/nico/.local/lib/python3.10/site-packages/airflow/example_dags/subdags/subdag.py
[2024-11-01T00:47:09.374-0300] {processor.py:914} INFO - Processing file /home/nico/.local/lib/python3.10/site-packages/airflow/example_dags/subdags/subdag.py for tasks to queue
[2024-11-01T00:47:09.387-0300] {logging_mixin.py:190} INFO - [2024-11-01T00:47:09.384-0300] {dagbag.py:588} INFO - Filling up the DagBag from /home/nico/.local/lib/python3.10/site-packages/airflow/example_dags/subdags/subdag.py
[2024-11-01T00:47:09.421-0300] {processor.py:927} WARNING - No viable dags retrieved from /home/nico/.local/lib/python3.10/site-packages/airflow/example_dags/subdags/subdag.py
[2024-11-01T00:47:09.478-0300] {processor.py:208} INFO - Processing /home/nico/.local/lib/python3.10/site-packages/airflow/example_dags/subdags/subdag.py took 0.146 seconds
[2024-11-01T00:52:30.926-0300] {processor.py:186} INFO - Started process (PID=166871) to work on /home/nico/.local/lib/python3.10/site-packages/airflow/example_dags/subdags/subdag.py
[2024-11-01T00:52:30.930-0300] {processor.py:914} INFO - Processing file /home/nico/.local/lib/python3.10/site-packages/airflow/example_dags/subdags/subdag.py for tasks to queue
[2024-11-01T00:52:30.937-0300] {logging_mixin.py:190} INFO - [2024-11-01T00:52:30.936-0300] {dagbag.py:588} INFO - Filling up the DagBag from /home/nico/.local/lib/python3.10/site-packages/airflow/example_dags/subdags/subdag.py
[2024-11-01T00:52:30.953-0300] {processor.py:927} WARNING - No viable dags retrieved from /home/nico/.local/lib/python3.10/site-packages/airflow/example_dags/subdags/subdag.py
[2024-11-01T00:52:31.047-0300] {processor.py:208} INFO - Processing /home/nico/.local/lib/python3.10/site-packages/airflow/example_dags/subdags/subdag.py took 0.155 seconds
[2024-11-01T00:54:40.486-0300] {processor.py:186} INFO - Started process (PID=167420) to work on /home/nico/.local/lib/python3.10/site-packages/airflow/example_dags/subdags/subdag.py
[2024-11-01T00:54:40.490-0300] {processor.py:914} INFO - Processing file /home/nico/.local/lib/python3.10/site-packages/airflow/example_dags/subdags/subdag.py for tasks to queue
[2024-11-01T00:54:40.506-0300] {logging_mixin.py:190} INFO - [2024-11-01T00:54:40.505-0300] {dagbag.py:588} INFO - Filling up the DagBag from /home/nico/.local/lib/python3.10/site-packages/airflow/example_dags/subdags/subdag.py
[2024-11-01T00:54:40.525-0300] {processor.py:927} WARNING - No viable dags retrieved from /home/nico/.local/lib/python3.10/site-packages/airflow/example_dags/subdags/subdag.py
[2024-11-01T00:54:41.046-0300] {processor.py:208} INFO - Processing /home/nico/.local/lib/python3.10/site-packages/airflow/example_dags/subdags/subdag.py took 0.600 seconds
[2024-11-01T00:57:23.746-0300] {processor.py:186} INFO - Started process (PID=168143) to work on /home/nico/.local/lib/python3.10/site-packages/airflow/example_dags/subdags/subdag.py
[2024-11-01T00:57:23.750-0300] {processor.py:914} INFO - Processing file /home/nico/.local/lib/python3.10/site-packages/airflow/example_dags/subdags/subdag.py for tasks to queue
[2024-11-01T00:57:23.755-0300] {logging_mixin.py:190} INFO - [2024-11-01T00:57:23.754-0300] {dagbag.py:588} INFO - Filling up the DagBag from /home/nico/.local/lib/python3.10/site-packages/airflow/example_dags/subdags/subdag.py
[2024-11-01T00:57:23.765-0300] {processor.py:927} WARNING - No viable dags retrieved from /home/nico/.local/lib/python3.10/site-packages/airflow/example_dags/subdags/subdag.py
[2024-11-01T00:57:23.820-0300] {processor.py:208} INFO - Processing /home/nico/.local/lib/python3.10/site-packages/airflow/example_dags/subdags/subdag.py took 0.100 seconds
[2024-11-01T00:59:31.640-0300] {processor.py:186} INFO - Started process (PID=168695) to work on /home/nico/.local/lib/python3.10/site-packages/airflow/example_dags/subdags/subdag.py
[2024-11-01T00:59:31.644-0300] {processor.py:914} INFO - Processing file /home/nico/.local/lib/python3.10/site-packages/airflow/example_dags/subdags/subdag.py for tasks to queue
[2024-11-01T00:59:31.657-0300] {logging_mixin.py:190} INFO - [2024-11-01T00:59:31.655-0300] {dagbag.py:588} INFO - Filling up the DagBag from /home/nico/.local/lib/python3.10/site-packages/airflow/example_dags/subdags/subdag.py
[2024-11-01T00:59:31.663-0300] {processor.py:927} WARNING - No viable dags retrieved from /home/nico/.local/lib/python3.10/site-packages/airflow/example_dags/subdags/subdag.py
[2024-11-01T00:59:31.725-0300] {processor.py:208} INFO - Processing /home/nico/.local/lib/python3.10/site-packages/airflow/example_dags/subdags/subdag.py took 0.124 seconds
[2024-11-01T01:01:30.296-0300] {processor.py:186} INFO - Started process (PID=169198) to work on /home/nico/.local/lib/python3.10/site-packages/airflow/example_dags/subdags/subdag.py
[2024-11-01T01:01:30.310-0300] {processor.py:914} INFO - Processing file /home/nico/.local/lib/python3.10/site-packages/airflow/example_dags/subdags/subdag.py for tasks to queue
[2024-11-01T01:01:30.329-0300] {logging_mixin.py:190} INFO - [2024-11-01T01:01:30.326-0300] {dagbag.py:588} INFO - Filling up the DagBag from /home/nico/.local/lib/python3.10/site-packages/airflow/example_dags/subdags/subdag.py
[2024-11-01T01:01:30.351-0300] {processor.py:927} WARNING - No viable dags retrieved from /home/nico/.local/lib/python3.10/site-packages/airflow/example_dags/subdags/subdag.py
[2024-11-01T01:01:30.689-0300] {processor.py:208} INFO - Processing /home/nico/.local/lib/python3.10/site-packages/airflow/example_dags/subdags/subdag.py took 0.435 seconds
[2024-11-01T01:04:34.255-0300] {processor.py:186} INFO - Started process (PID=169971) to work on /home/nico/.local/lib/python3.10/site-packages/airflow/example_dags/subdags/subdag.py
[2024-11-01T01:04:34.259-0300] {processor.py:914} INFO - Processing file /home/nico/.local/lib/python3.10/site-packages/airflow/example_dags/subdags/subdag.py for tasks to queue
[2024-11-01T01:04:34.271-0300] {logging_mixin.py:190} INFO - [2024-11-01T01:04:34.262-0300] {dagbag.py:588} INFO - Filling up the DagBag from /home/nico/.local/lib/python3.10/site-packages/airflow/example_dags/subdags/subdag.py
[2024-11-01T01:04:34.280-0300] {processor.py:927} WARNING - No viable dags retrieved from /home/nico/.local/lib/python3.10/site-packages/airflow/example_dags/subdags/subdag.py
[2024-11-01T01:04:34.339-0300] {processor.py:208} INFO - Processing /home/nico/.local/lib/python3.10/site-packages/airflow/example_dags/subdags/subdag.py took 0.110 seconds
[2024-11-01T01:06:44.908-0300] {processor.py:186} INFO - Started process (PID=170531) to work on /home/nico/.local/lib/python3.10/site-packages/airflow/example_dags/subdags/subdag.py
[2024-11-01T01:06:44.910-0300] {processor.py:914} INFO - Processing file /home/nico/.local/lib/python3.10/site-packages/airflow/example_dags/subdags/subdag.py for tasks to queue
[2024-11-01T01:06:44.913-0300] {logging_mixin.py:190} INFO - [2024-11-01T01:06:44.912-0300] {dagbag.py:588} INFO - Filling up the DagBag from /home/nico/.local/lib/python3.10/site-packages/airflow/example_dags/subdags/subdag.py
[2024-11-01T01:06:44.918-0300] {processor.py:927} WARNING - No viable dags retrieved from /home/nico/.local/lib/python3.10/site-packages/airflow/example_dags/subdags/subdag.py
[2024-11-01T01:06:44.958-0300] {processor.py:208} INFO - Processing /home/nico/.local/lib/python3.10/site-packages/airflow/example_dags/subdags/subdag.py took 0.069 seconds
[2024-11-01T01:10:02.461-0300] {processor.py:186} INFO - Started process (PID=171398) to work on /home/nico/.local/lib/python3.10/site-packages/airflow/example_dags/subdags/subdag.py
[2024-11-01T01:10:02.466-0300] {processor.py:914} INFO - Processing file /home/nico/.local/lib/python3.10/site-packages/airflow/example_dags/subdags/subdag.py for tasks to queue
[2024-11-01T01:10:02.472-0300] {logging_mixin.py:190} INFO - [2024-11-01T01:10:02.470-0300] {dagbag.py:588} INFO - Filling up the DagBag from /home/nico/.local/lib/python3.10/site-packages/airflow/example_dags/subdags/subdag.py
[2024-11-01T01:10:02.480-0300] {processor.py:927} WARNING - No viable dags retrieved from /home/nico/.local/lib/python3.10/site-packages/airflow/example_dags/subdags/subdag.py
[2024-11-01T01:10:02.566-0300] {processor.py:208} INFO - Processing /home/nico/.local/lib/python3.10/site-packages/airflow/example_dags/subdags/subdag.py took 0.129 seconds
[2024-11-01T01:33:54.712-0300] {processor.py:186} INFO - Started process (PID=177234) to work on /home/nico/.local/lib/python3.10/site-packages/airflow/example_dags/subdags/subdag.py
[2024-11-01T01:33:54.717-0300] {processor.py:914} INFO - Processing file /home/nico/.local/lib/python3.10/site-packages/airflow/example_dags/subdags/subdag.py for tasks to queue
[2024-11-01T01:33:54.721-0300] {logging_mixin.py:190} INFO - [2024-11-01T01:33:54.720-0300] {dagbag.py:588} INFO - Filling up the DagBag from /home/nico/.local/lib/python3.10/site-packages/airflow/example_dags/subdags/subdag.py
[2024-11-01T01:33:54.727-0300] {processor.py:927} WARNING - No viable dags retrieved from /home/nico/.local/lib/python3.10/site-packages/airflow/example_dags/subdags/subdag.py
[2024-11-01T01:33:54.782-0300] {processor.py:208} INFO - Processing /home/nico/.local/lib/python3.10/site-packages/airflow/example_dags/subdags/subdag.py took 0.095 seconds
[2024-11-01T01:36:18.964-0300] {processor.py:186} INFO - Started process (PID=177841) to work on /home/nico/.local/lib/python3.10/site-packages/airflow/example_dags/subdags/subdag.py
[2024-11-01T01:36:18.968-0300] {processor.py:914} INFO - Processing file /home/nico/.local/lib/python3.10/site-packages/airflow/example_dags/subdags/subdag.py for tasks to queue
[2024-11-01T01:36:18.981-0300] {logging_mixin.py:190} INFO - [2024-11-01T01:36:18.971-0300] {dagbag.py:588} INFO - Filling up the DagBag from /home/nico/.local/lib/python3.10/site-packages/airflow/example_dags/subdags/subdag.py
[2024-11-01T01:36:18.989-0300] {processor.py:927} WARNING - No viable dags retrieved from /home/nico/.local/lib/python3.10/site-packages/airflow/example_dags/subdags/subdag.py
[2024-11-01T01:36:19.386-0300] {processor.py:208} INFO - Processing /home/nico/.local/lib/python3.10/site-packages/airflow/example_dags/subdags/subdag.py took 0.459 seconds
[2024-11-01T01:37:49.697-0300] {processor.py:186} INFO - Started process (PID=178230) to work on /home/nico/.local/lib/python3.10/site-packages/airflow/example_dags/subdags/subdag.py
[2024-11-01T01:37:49.701-0300] {processor.py:914} INFO - Processing file /home/nico/.local/lib/python3.10/site-packages/airflow/example_dags/subdags/subdag.py for tasks to queue
[2024-11-01T01:37:49.706-0300] {logging_mixin.py:190} INFO - [2024-11-01T01:37:49.705-0300] {dagbag.py:588} INFO - Filling up the DagBag from /home/nico/.local/lib/python3.10/site-packages/airflow/example_dags/subdags/subdag.py
[2024-11-01T01:37:49.721-0300] {processor.py:927} WARNING - No viable dags retrieved from /home/nico/.local/lib/python3.10/site-packages/airflow/example_dags/subdags/subdag.py
[2024-11-01T01:37:49.791-0300] {processor.py:208} INFO - Processing /home/nico/.local/lib/python3.10/site-packages/airflow/example_dags/subdags/subdag.py took 0.116 seconds
[2024-11-01T01:39:24.559-0300] {processor.py:186} INFO - Started process (PID=178633) to work on /home/nico/.local/lib/python3.10/site-packages/airflow/example_dags/subdags/subdag.py
[2024-11-01T01:39:24.562-0300] {processor.py:914} INFO - Processing file /home/nico/.local/lib/python3.10/site-packages/airflow/example_dags/subdags/subdag.py for tasks to queue
[2024-11-01T01:39:24.569-0300] {logging_mixin.py:190} INFO - [2024-11-01T01:39:24.566-0300] {dagbag.py:588} INFO - Filling up the DagBag from /home/nico/.local/lib/python3.10/site-packages/airflow/example_dags/subdags/subdag.py
[2024-11-01T01:39:24.577-0300] {processor.py:927} WARNING - No viable dags retrieved from /home/nico/.local/lib/python3.10/site-packages/airflow/example_dags/subdags/subdag.py
[2024-11-01T01:39:24.646-0300] {processor.py:208} INFO - Processing /home/nico/.local/lib/python3.10/site-packages/airflow/example_dags/subdags/subdag.py took 0.130 seconds
[2024-11-01T01:40:49.720-0300] {processor.py:186} INFO - Started process (PID=179001) to work on /home/nico/.local/lib/python3.10/site-packages/airflow/example_dags/subdags/subdag.py
[2024-11-01T01:40:49.723-0300] {processor.py:914} INFO - Processing file /home/nico/.local/lib/python3.10/site-packages/airflow/example_dags/subdags/subdag.py for tasks to queue
[2024-11-01T01:40:49.726-0300] {logging_mixin.py:190} INFO - [2024-11-01T01:40:49.725-0300] {dagbag.py:588} INFO - Filling up the DagBag from /home/nico/.local/lib/python3.10/site-packages/airflow/example_dags/subdags/subdag.py
[2024-11-01T01:40:49.732-0300] {processor.py:927} WARNING - No viable dags retrieved from /home/nico/.local/lib/python3.10/site-packages/airflow/example_dags/subdags/subdag.py
[2024-11-01T01:40:49.779-0300] {processor.py:208} INFO - Processing /home/nico/.local/lib/python3.10/site-packages/airflow/example_dags/subdags/subdag.py took 0.076 seconds
[2024-11-01T01:42:15.037-0300] {processor.py:186} INFO - Started process (PID=179367) to work on /home/nico/.local/lib/python3.10/site-packages/airflow/example_dags/subdags/subdag.py
[2024-11-01T01:42:15.040-0300] {processor.py:914} INFO - Processing file /home/nico/.local/lib/python3.10/site-packages/airflow/example_dags/subdags/subdag.py for tasks to queue
[2024-11-01T01:42:15.045-0300] {logging_mixin.py:190} INFO - [2024-11-01T01:42:15.044-0300] {dagbag.py:588} INFO - Filling up the DagBag from /home/nico/.local/lib/python3.10/site-packages/airflow/example_dags/subdags/subdag.py
[2024-11-01T01:42:15.052-0300] {processor.py:927} WARNING - No viable dags retrieved from /home/nico/.local/lib/python3.10/site-packages/airflow/example_dags/subdags/subdag.py
[2024-11-01T01:42:15.110-0300] {processor.py:208} INFO - Processing /home/nico/.local/lib/python3.10/site-packages/airflow/example_dags/subdags/subdag.py took 0.114 seconds
[2024-11-01T01:44:00.468-0300] {processor.py:186} INFO - Started process (PID=179811) to work on /home/nico/.local/lib/python3.10/site-packages/airflow/example_dags/subdags/subdag.py
[2024-11-01T01:44:00.473-0300] {processor.py:914} INFO - Processing file /home/nico/.local/lib/python3.10/site-packages/airflow/example_dags/subdags/subdag.py for tasks to queue
[2024-11-01T01:44:00.478-0300] {logging_mixin.py:190} INFO - [2024-11-01T01:44:00.477-0300] {dagbag.py:588} INFO - Filling up the DagBag from /home/nico/.local/lib/python3.10/site-packages/airflow/example_dags/subdags/subdag.py
[2024-11-01T01:44:00.487-0300] {processor.py:927} WARNING - No viable dags retrieved from /home/nico/.local/lib/python3.10/site-packages/airflow/example_dags/subdags/subdag.py
[2024-11-01T01:44:00.545-0300] {processor.py:208} INFO - Processing /home/nico/.local/lib/python3.10/site-packages/airflow/example_dags/subdags/subdag.py took 0.112 seconds
[2024-11-01T01:45:40.984-0300] {processor.py:186} INFO - Started process (PID=180240) to work on /home/nico/.local/lib/python3.10/site-packages/airflow/example_dags/subdags/subdag.py
[2024-11-01T01:45:40.987-0300] {processor.py:914} INFO - Processing file /home/nico/.local/lib/python3.10/site-packages/airflow/example_dags/subdags/subdag.py for tasks to queue
[2024-11-01T01:45:40.990-0300] {logging_mixin.py:190} INFO - [2024-11-01T01:45:40.989-0300] {dagbag.py:588} INFO - Filling up the DagBag from /home/nico/.local/lib/python3.10/site-packages/airflow/example_dags/subdags/subdag.py
[2024-11-01T01:45:40.995-0300] {processor.py:927} WARNING - No viable dags retrieved from /home/nico/.local/lib/python3.10/site-packages/airflow/example_dags/subdags/subdag.py
[2024-11-01T01:45:41.045-0300] {processor.py:208} INFO - Processing /home/nico/.local/lib/python3.10/site-packages/airflow/example_dags/subdags/subdag.py took 0.074 seconds
[2024-11-01T01:47:36.317-0300] {processor.py:186} INFO - Started process (PID=180726) to work on /home/nico/.local/lib/python3.10/site-packages/airflow/example_dags/subdags/subdag.py
[2024-11-01T01:47:36.320-0300] {processor.py:914} INFO - Processing file /home/nico/.local/lib/python3.10/site-packages/airflow/example_dags/subdags/subdag.py for tasks to queue
[2024-11-01T01:47:36.326-0300] {logging_mixin.py:190} INFO - [2024-11-01T01:47:36.324-0300] {dagbag.py:588} INFO - Filling up the DagBag from /home/nico/.local/lib/python3.10/site-packages/airflow/example_dags/subdags/subdag.py
[2024-11-01T01:47:36.334-0300] {processor.py:927} WARNING - No viable dags retrieved from /home/nico/.local/lib/python3.10/site-packages/airflow/example_dags/subdags/subdag.py
[2024-11-01T01:47:36.399-0300] {processor.py:208} INFO - Processing /home/nico/.local/lib/python3.10/site-packages/airflow/example_dags/subdags/subdag.py took 0.102 seconds
[2024-11-01T01:49:28.514-0300] {processor.py:186} INFO - Started process (PID=181194) to work on /home/nico/.local/lib/python3.10/site-packages/airflow/example_dags/subdags/subdag.py
[2024-11-01T01:49:28.517-0300] {processor.py:914} INFO - Processing file /home/nico/.local/lib/python3.10/site-packages/airflow/example_dags/subdags/subdag.py for tasks to queue
[2024-11-01T01:49:28.521-0300] {logging_mixin.py:190} INFO - [2024-11-01T01:49:28.520-0300] {dagbag.py:588} INFO - Filling up the DagBag from /home/nico/.local/lib/python3.10/site-packages/airflow/example_dags/subdags/subdag.py
[2024-11-01T01:49:28.526-0300] {processor.py:927} WARNING - No viable dags retrieved from /home/nico/.local/lib/python3.10/site-packages/airflow/example_dags/subdags/subdag.py
[2024-11-01T01:49:28.574-0300] {processor.py:208} INFO - Processing /home/nico/.local/lib/python3.10/site-packages/airflow/example_dags/subdags/subdag.py took 0.081 seconds
[2024-11-01T01:51:23.731-0300] {processor.py:186} INFO - Started process (PID=181680) to work on /home/nico/.local/lib/python3.10/site-packages/airflow/example_dags/subdags/subdag.py
[2024-11-01T01:51:23.733-0300] {processor.py:914} INFO - Processing file /home/nico/.local/lib/python3.10/site-packages/airflow/example_dags/subdags/subdag.py for tasks to queue
[2024-11-01T01:51:23.737-0300] {logging_mixin.py:190} INFO - [2024-11-01T01:51:23.736-0300] {dagbag.py:588} INFO - Filling up the DagBag from /home/nico/.local/lib/python3.10/site-packages/airflow/example_dags/subdags/subdag.py
[2024-11-01T01:51:23.742-0300] {processor.py:927} WARNING - No viable dags retrieved from /home/nico/.local/lib/python3.10/site-packages/airflow/example_dags/subdags/subdag.py
[2024-11-01T01:51:23.789-0300] {processor.py:208} INFO - Processing /home/nico/.local/lib/python3.10/site-packages/airflow/example_dags/subdags/subdag.py took 0.073 seconds
[2024-11-01T01:53:05.328-0300] {processor.py:186} INFO - Started process (PID=182112) to work on /home/nico/.local/lib/python3.10/site-packages/airflow/example_dags/subdags/subdag.py
[2024-11-01T01:53:05.331-0300] {processor.py:914} INFO - Processing file /home/nico/.local/lib/python3.10/site-packages/airflow/example_dags/subdags/subdag.py for tasks to queue
[2024-11-01T01:53:05.335-0300] {logging_mixin.py:190} INFO - [2024-11-01T01:53:05.334-0300] {dagbag.py:588} INFO - Filling up the DagBag from /home/nico/.local/lib/python3.10/site-packages/airflow/example_dags/subdags/subdag.py
[2024-11-01T01:53:05.343-0300] {processor.py:927} WARNING - No viable dags retrieved from /home/nico/.local/lib/python3.10/site-packages/airflow/example_dags/subdags/subdag.py
[2024-11-01T01:53:05.401-0300] {processor.py:208} INFO - Processing /home/nico/.local/lib/python3.10/site-packages/airflow/example_dags/subdags/subdag.py took 0.093 seconds
[2024-11-01T01:55:11.621-0300] {processor.py:186} INFO - Started process (PID=182634) to work on /home/nico/.local/lib/python3.10/site-packages/airflow/example_dags/subdags/subdag.py
[2024-11-01T01:55:11.627-0300] {processor.py:914} INFO - Processing file /home/nico/.local/lib/python3.10/site-packages/airflow/example_dags/subdags/subdag.py for tasks to queue
[2024-11-01T01:55:11.639-0300] {logging_mixin.py:190} INFO - [2024-11-01T01:55:11.638-0300] {dagbag.py:588} INFO - Filling up the DagBag from /home/nico/.local/lib/python3.10/site-packages/airflow/example_dags/subdags/subdag.py
[2024-11-01T01:55:11.667-0300] {processor.py:927} WARNING - No viable dags retrieved from /home/nico/.local/lib/python3.10/site-packages/airflow/example_dags/subdags/subdag.py
[2024-11-01T01:55:11.877-0300] {processor.py:208} INFO - Processing /home/nico/.local/lib/python3.10/site-packages/airflow/example_dags/subdags/subdag.py took 0.307 seconds
[2024-11-01T01:58:28.517-0300] {processor.py:186} INFO - Started process (PID=183430) to work on /home/nico/.local/lib/python3.10/site-packages/airflow/example_dags/subdags/subdag.py
[2024-11-01T01:58:28.529-0300] {processor.py:914} INFO - Processing file /home/nico/.local/lib/python3.10/site-packages/airflow/example_dags/subdags/subdag.py for tasks to queue
[2024-11-01T01:58:28.535-0300] {logging_mixin.py:190} INFO - [2024-11-01T01:58:28.534-0300] {dagbag.py:588} INFO - Filling up the DagBag from /home/nico/.local/lib/python3.10/site-packages/airflow/example_dags/subdags/subdag.py
[2024-11-01T01:58:28.561-0300] {processor.py:927} WARNING - No viable dags retrieved from /home/nico/.local/lib/python3.10/site-packages/airflow/example_dags/subdags/subdag.py
[2024-11-01T01:58:28.678-0300] {processor.py:208} INFO - Processing /home/nico/.local/lib/python3.10/site-packages/airflow/example_dags/subdags/subdag.py took 0.213 seconds
[2024-11-01T02:00:25.030-0300] {processor.py:186} INFO - Started process (PID=183925) to work on /home/nico/.local/lib/python3.10/site-packages/airflow/example_dags/subdags/subdag.py
[2024-11-01T02:00:25.033-0300] {processor.py:914} INFO - Processing file /home/nico/.local/lib/python3.10/site-packages/airflow/example_dags/subdags/subdag.py for tasks to queue
[2024-11-01T02:00:25.039-0300] {logging_mixin.py:190} INFO - [2024-11-01T02:00:25.038-0300] {dagbag.py:588} INFO - Filling up the DagBag from /home/nico/.local/lib/python3.10/site-packages/airflow/example_dags/subdags/subdag.py
[2024-11-01T02:00:25.049-0300] {processor.py:927} WARNING - No viable dags retrieved from /home/nico/.local/lib/python3.10/site-packages/airflow/example_dags/subdags/subdag.py
[2024-11-01T02:00:25.101-0300] {processor.py:208} INFO - Processing /home/nico/.local/lib/python3.10/site-packages/airflow/example_dags/subdags/subdag.py took 0.095 seconds
[2024-11-01T02:09:04.348-0300] {processor.py:186} INFO - Started process (PID=186070) to work on /home/nico/.local/lib/python3.10/site-packages/airflow/example_dags/subdags/subdag.py
[2024-11-01T02:09:04.351-0300] {processor.py:914} INFO - Processing file /home/nico/.local/lib/python3.10/site-packages/airflow/example_dags/subdags/subdag.py for tasks to queue
[2024-11-01T02:09:04.361-0300] {logging_mixin.py:190} INFO - [2024-11-01T02:09:04.359-0300] {dagbag.py:588} INFO - Filling up the DagBag from /home/nico/.local/lib/python3.10/site-packages/airflow/example_dags/subdags/subdag.py
[2024-11-01T02:09:04.370-0300] {processor.py:927} WARNING - No viable dags retrieved from /home/nico/.local/lib/python3.10/site-packages/airflow/example_dags/subdags/subdag.py
[2024-11-01T02:09:04.433-0300] {processor.py:208} INFO - Processing /home/nico/.local/lib/python3.10/site-packages/airflow/example_dags/subdags/subdag.py took 0.123 seconds
[2024-11-01T02:10:53.914-0300] {processor.py:186} INFO - Started process (PID=186546) to work on /home/nico/.local/lib/python3.10/site-packages/airflow/example_dags/subdags/subdag.py
[2024-11-01T02:10:53.920-0300] {processor.py:914} INFO - Processing file /home/nico/.local/lib/python3.10/site-packages/airflow/example_dags/subdags/subdag.py for tasks to queue
[2024-11-01T02:10:53.928-0300] {logging_mixin.py:190} INFO - [2024-11-01T02:10:53.927-0300] {dagbag.py:588} INFO - Filling up the DagBag from /home/nico/.local/lib/python3.10/site-packages/airflow/example_dags/subdags/subdag.py
[2024-11-01T02:10:53.940-0300] {processor.py:927} WARNING - No viable dags retrieved from /home/nico/.local/lib/python3.10/site-packages/airflow/example_dags/subdags/subdag.py
[2024-11-01T02:10:54.035-0300] {processor.py:208} INFO - Processing /home/nico/.local/lib/python3.10/site-packages/airflow/example_dags/subdags/subdag.py took 0.158 seconds
[2024-11-01T02:12:48.999-0300] {processor.py:186} INFO - Started process (PID=187025) to work on /home/nico/.local/lib/python3.10/site-packages/airflow/example_dags/subdags/subdag.py
[2024-11-01T02:12:49.003-0300] {processor.py:914} INFO - Processing file /home/nico/.local/lib/python3.10/site-packages/airflow/example_dags/subdags/subdag.py for tasks to queue
[2024-11-01T02:12:49.009-0300] {logging_mixin.py:190} INFO - [2024-11-01T02:12:49.008-0300] {dagbag.py:588} INFO - Filling up the DagBag from /home/nico/.local/lib/python3.10/site-packages/airflow/example_dags/subdags/subdag.py
[2024-11-01T02:12:49.018-0300] {processor.py:927} WARNING - No viable dags retrieved from /home/nico/.local/lib/python3.10/site-packages/airflow/example_dags/subdags/subdag.py
[2024-11-01T02:12:49.095-0300] {processor.py:208} INFO - Processing /home/nico/.local/lib/python3.10/site-packages/airflow/example_dags/subdags/subdag.py took 0.119 seconds
[2024-11-01T02:17:44.730-0300] {processor.py:186} INFO - Started process (PID=188265) to work on /home/nico/.local/lib/python3.10/site-packages/airflow/example_dags/subdags/subdag.py
[2024-11-01T02:17:44.743-0300] {processor.py:914} INFO - Processing file /home/nico/.local/lib/python3.10/site-packages/airflow/example_dags/subdags/subdag.py for tasks to queue
[2024-11-01T02:17:44.757-0300] {logging_mixin.py:190} INFO - [2024-11-01T02:17:44.747-0300] {dagbag.py:588} INFO - Filling up the DagBag from /home/nico/.local/lib/python3.10/site-packages/airflow/example_dags/subdags/subdag.py
[2024-11-01T02:17:44.766-0300] {processor.py:927} WARNING - No viable dags retrieved from /home/nico/.local/lib/python3.10/site-packages/airflow/example_dags/subdags/subdag.py
[2024-11-01T02:17:44.856-0300] {processor.py:208} INFO - Processing /home/nico/.local/lib/python3.10/site-packages/airflow/example_dags/subdags/subdag.py took 0.172 seconds
[2024-11-01T02:19:20.681-0300] {processor.py:186} INFO - Started process (PID=188673) to work on /home/nico/.local/lib/python3.10/site-packages/airflow/example_dags/subdags/subdag.py
[2024-11-01T02:19:20.686-0300] {processor.py:914} INFO - Processing file /home/nico/.local/lib/python3.10/site-packages/airflow/example_dags/subdags/subdag.py for tasks to queue
[2024-11-01T02:19:20.692-0300] {logging_mixin.py:190} INFO - [2024-11-01T02:19:20.690-0300] {dagbag.py:588} INFO - Filling up the DagBag from /home/nico/.local/lib/python3.10/site-packages/airflow/example_dags/subdags/subdag.py
[2024-11-01T02:19:20.703-0300] {processor.py:927} WARNING - No viable dags retrieved from /home/nico/.local/lib/python3.10/site-packages/airflow/example_dags/subdags/subdag.py
[2024-11-01T02:19:20.792-0300] {processor.py:208} INFO - Processing /home/nico/.local/lib/python3.10/site-packages/airflow/example_dags/subdags/subdag.py took 0.135 seconds
[2024-11-01T02:21:47.742-0300] {processor.py:186} INFO - Started process (PID=189276) to work on /home/nico/.local/lib/python3.10/site-packages/airflow/example_dags/subdags/subdag.py
[2024-11-01T02:21:47.749-0300] {processor.py:914} INFO - Processing file /home/nico/.local/lib/python3.10/site-packages/airflow/example_dags/subdags/subdag.py for tasks to queue
[2024-11-01T02:21:47.754-0300] {logging_mixin.py:190} INFO - [2024-11-01T02:21:47.753-0300] {dagbag.py:588} INFO - Filling up the DagBag from /home/nico/.local/lib/python3.10/site-packages/airflow/example_dags/subdags/subdag.py
[2024-11-01T02:21:47.764-0300] {processor.py:927} WARNING - No viable dags retrieved from /home/nico/.local/lib/python3.10/site-packages/airflow/example_dags/subdags/subdag.py
[2024-11-01T02:21:47.883-0300] {processor.py:208} INFO - Processing /home/nico/.local/lib/python3.10/site-packages/airflow/example_dags/subdags/subdag.py took 0.173 seconds
[2024-11-01T02:24:33.713-0300] {processor.py:186} INFO - Started process (PID=189955) to work on /home/nico/.local/lib/python3.10/site-packages/airflow/example_dags/subdags/subdag.py
[2024-11-01T02:24:33.722-0300] {processor.py:914} INFO - Processing file /home/nico/.local/lib/python3.10/site-packages/airflow/example_dags/subdags/subdag.py for tasks to queue
[2024-11-01T02:24:33.728-0300] {logging_mixin.py:190} INFO - [2024-11-01T02:24:33.726-0300] {dagbag.py:588} INFO - Filling up the DagBag from /home/nico/.local/lib/python3.10/site-packages/airflow/example_dags/subdags/subdag.py
[2024-11-01T02:24:33.735-0300] {processor.py:927} WARNING - No viable dags retrieved from /home/nico/.local/lib/python3.10/site-packages/airflow/example_dags/subdags/subdag.py
[2024-11-01T02:24:33.800-0300] {processor.py:208} INFO - Processing /home/nico/.local/lib/python3.10/site-packages/airflow/example_dags/subdags/subdag.py took 0.118 seconds
[2024-11-01T02:27:56.362-0300] {processor.py:186} INFO - Started process (PID=190785) to work on /home/nico/.local/lib/python3.10/site-packages/airflow/example_dags/subdags/subdag.py
[2024-11-01T02:27:56.379-0300] {processor.py:914} INFO - Processing file /home/nico/.local/lib/python3.10/site-packages/airflow/example_dags/subdags/subdag.py for tasks to queue
[2024-11-01T02:27:56.392-0300] {logging_mixin.py:190} INFO - [2024-11-01T02:27:56.391-0300] {dagbag.py:588} INFO - Filling up the DagBag from /home/nico/.local/lib/python3.10/site-packages/airflow/example_dags/subdags/subdag.py
[2024-11-01T02:27:56.409-0300] {processor.py:927} WARNING - No viable dags retrieved from /home/nico/.local/lib/python3.10/site-packages/airflow/example_dags/subdags/subdag.py
[2024-11-01T02:27:56.992-0300] {processor.py:208} INFO - Processing /home/nico/.local/lib/python3.10/site-packages/airflow/example_dags/subdags/subdag.py took 0.680 seconds
[2024-11-01T02:32:28.289-0300] {processor.py:186} INFO - Started process (PID=191916) to work on /home/nico/.local/lib/python3.10/site-packages/airflow/example_dags/subdags/subdag.py
[2024-11-01T02:32:28.294-0300] {processor.py:914} INFO - Processing file /home/nico/.local/lib/python3.10/site-packages/airflow/example_dags/subdags/subdag.py for tasks to queue
[2024-11-01T02:32:28.308-0300] {logging_mixin.py:190} INFO - [2024-11-01T02:32:28.307-0300] {dagbag.py:588} INFO - Filling up the DagBag from /home/nico/.local/lib/python3.10/site-packages/airflow/example_dags/subdags/subdag.py
[2024-11-01T02:32:28.332-0300] {processor.py:927} WARNING - No viable dags retrieved from /home/nico/.local/lib/python3.10/site-packages/airflow/example_dags/subdags/subdag.py
[2024-11-01T02:32:28.436-0300] {processor.py:208} INFO - Processing /home/nico/.local/lib/python3.10/site-packages/airflow/example_dags/subdags/subdag.py took 0.188 seconds
[2024-11-01T02:34:51.453-0300] {processor.py:186} INFO - Started process (PID=192521) to work on /home/nico/.local/lib/python3.10/site-packages/airflow/example_dags/subdags/subdag.py
[2024-11-01T02:34:51.456-0300] {processor.py:914} INFO - Processing file /home/nico/.local/lib/python3.10/site-packages/airflow/example_dags/subdags/subdag.py for tasks to queue
[2024-11-01T02:34:51.471-0300] {logging_mixin.py:190} INFO - [2024-11-01T02:34:51.469-0300] {dagbag.py:588} INFO - Filling up the DagBag from /home/nico/.local/lib/python3.10/site-packages/airflow/example_dags/subdags/subdag.py
[2024-11-01T02:34:51.488-0300] {processor.py:927} WARNING - No viable dags retrieved from /home/nico/.local/lib/python3.10/site-packages/airflow/example_dags/subdags/subdag.py
[2024-11-01T02:34:51.934-0300] {processor.py:208} INFO - Processing /home/nico/.local/lib/python3.10/site-packages/airflow/example_dags/subdags/subdag.py took 0.535 seconds
[2024-11-01T02:37:25.993-0300] {processor.py:186} INFO - Started process (PID=193156) to work on /home/nico/.local/lib/python3.10/site-packages/airflow/example_dags/subdags/subdag.py
[2024-11-01T02:37:25.998-0300] {processor.py:914} INFO - Processing file /home/nico/.local/lib/python3.10/site-packages/airflow/example_dags/subdags/subdag.py for tasks to queue
[2024-11-01T02:37:26.003-0300] {logging_mixin.py:190} INFO - [2024-11-01T02:37:26.002-0300] {dagbag.py:588} INFO - Filling up the DagBag from /home/nico/.local/lib/python3.10/site-packages/airflow/example_dags/subdags/subdag.py
[2024-11-01T02:37:26.009-0300] {processor.py:927} WARNING - No viable dags retrieved from /home/nico/.local/lib/python3.10/site-packages/airflow/example_dags/subdags/subdag.py
[2024-11-01T02:37:26.061-0300] {processor.py:208} INFO - Processing /home/nico/.local/lib/python3.10/site-packages/airflow/example_dags/subdags/subdag.py took 0.107 seconds
[2024-11-01T02:46:34.785-0300] {processor.py:186} INFO - Started process (PID=195491) to work on /home/nico/.local/lib/python3.10/site-packages/airflow/example_dags/subdags/subdag.py
[2024-11-01T02:46:34.832-0300] {processor.py:914} INFO - Processing file /home/nico/.local/lib/python3.10/site-packages/airflow/example_dags/subdags/subdag.py for tasks to queue
[2024-11-01T02:46:34.843-0300] {logging_mixin.py:190} INFO - [2024-11-01T02:46:34.842-0300] {dagbag.py:588} INFO - Filling up the DagBag from /home/nico/.local/lib/python3.10/site-packages/airflow/example_dags/subdags/subdag.py
[2024-11-01T02:46:34.861-0300] {processor.py:927} WARNING - No viable dags retrieved from /home/nico/.local/lib/python3.10/site-packages/airflow/example_dags/subdags/subdag.py
[2024-11-01T02:46:35.020-0300] {processor.py:208} INFO - Processing /home/nico/.local/lib/python3.10/site-packages/airflow/example_dags/subdags/subdag.py took 0.276 seconds
