[2024-11-04T00:27:02.160+0000] {processor.py:186} INFO - Started process (PID=227) to work on /home/airflow/.local/lib/python3.12/site-packages/airflow/example_dags/example_task_group.py
[2024-11-04T00:27:02.175+0000] {processor.py:914} INFO - Processing file /home/airflow/.local/lib/python3.12/site-packages/airflow/example_dags/example_task_group.py for tasks to queue
[2024-11-04T00:27:02.210+0000] {logging_mixin.py:190} INFO - [2024-11-04T00:27:02.209+0000] {dagbag.py:588} INFO - Filling up the DagBag from /home/airflow/.local/lib/python3.12/site-packages/airflow/example_dags/example_task_group.py
[2024-11-04T00:27:02.541+0000] {processor.py:925} INFO - DAG(s) 'example_task_group' retrieved from /home/airflow/.local/lib/python3.12/site-packages/airflow/example_dags/example_task_group.py
[2024-11-04T00:27:10.505+0000] {logging_mixin.py:190} INFO - [2024-11-04T00:27:10.502+0000] {override.py:1900} INFO - Created Permission View: can read on DAG:example_task_group
[2024-11-04T00:27:10.701+0000] {logging_mixin.py:190} INFO - [2024-11-04T00:27:10.700+0000] {override.py:1900} INFO - Created Permission View: can delete on DAG:example_task_group
[2024-11-04T00:27:10.827+0000] {logging_mixin.py:190} INFO - [2024-11-04T00:27:10.826+0000] {override.py:1900} INFO - Created Permission View: can edit on DAG:example_task_group
[2024-11-04T00:27:11.161+0000] {logging_mixin.py:190} INFO - [2024-11-04T00:27:11.160+0000] {override.py:1900} INFO - Created Permission View: menu access on DAG Run:example_task_group
[2024-11-04T00:27:11.239+0000] {logging_mixin.py:190} INFO - [2024-11-04T00:27:11.238+0000] {override.py:1900} INFO - Created Permission View: can read on DAG Run:example_task_group
[2024-11-04T00:27:11.446+0000] {logging_mixin.py:190} INFO - [2024-11-04T00:27:11.445+0000] {override.py:1900} INFO - Created Permission View: can delete on DAG Run:example_task_group
[2024-11-04T00:27:11.645+0000] {logging_mixin.py:190} INFO - [2024-11-04T00:27:11.644+0000] {override.py:1900} INFO - Created Permission View: can create on DAG Run:example_task_group
[2024-11-04T00:27:11.678+0000] {logging_mixin.py:190} INFO - [2024-11-04T00:27:11.677+0000] {dag.py:3239} INFO - Sync 1 DAGs
[2024-11-04T00:27:12.104+0000] {logging_mixin.py:190} INFO - [2024-11-04T00:27:12.104+0000] {dag.py:3262} INFO - Creating ORM DAG for example_task_group
[2024-11-04T00:27:12.124+0000] {logging_mixin.py:190} INFO - [2024-11-04T00:27:12.123+0000] {dag.py:4180} INFO - Setting next_dagrun for example_task_group to None, run_after=None
[2024-11-04T00:27:13.214+0000] {processor.py:208} INFO - Processing /home/airflow/.local/lib/python3.12/site-packages/airflow/example_dags/example_task_group.py took 11.243 seconds
[2024-11-04T00:29:10.661+0000] {processor.py:186} INFO - Started process (PID=330) to work on /home/airflow/.local/lib/python3.12/site-packages/airflow/example_dags/example_task_group.py
[2024-11-04T00:29:10.695+0000] {processor.py:914} INFO - Processing file /home/airflow/.local/lib/python3.12/site-packages/airflow/example_dags/example_task_group.py for tasks to queue
[2024-11-04T00:29:10.746+0000] {logging_mixin.py:190} INFO - [2024-11-04T00:29:10.745+0000] {dagbag.py:588} INFO - Filling up the DagBag from /home/airflow/.local/lib/python3.12/site-packages/airflow/example_dags/example_task_group.py
[2024-11-04T00:29:10.965+0000] {processor.py:925} INFO - DAG(s) 'example_task_group' retrieved from /home/airflow/.local/lib/python3.12/site-packages/airflow/example_dags/example_task_group.py
[2024-11-04T00:29:11.583+0000] {logging_mixin.py:190} INFO - [2024-11-04T00:29:11.582+0000] {dag.py:3239} INFO - Sync 1 DAGs
[2024-11-04T00:29:11.795+0000] {logging_mixin.py:190} INFO - [2024-11-04T00:29:11.795+0000] {dag.py:4180} INFO - Setting next_dagrun for example_task_group to None, run_after=None
[2024-11-04T00:29:12.204+0000] {processor.py:208} INFO - Processing /home/airflow/.local/lib/python3.12/site-packages/airflow/example_dags/example_task_group.py took 1.711 seconds
