[2024-11-04T00:27:27.787+0000] {processor.py:186} INFO - Started process (PID=237) to work on /home/airflow/.local/lib/python3.12/site-packages/airflow/example_dags/example_short_circuit_operator.py
[2024-11-04T00:27:27.807+0000] {processor.py:914} INFO - Processing file /home/airflow/.local/lib/python3.12/site-packages/airflow/example_dags/example_short_circuit_operator.py for tasks to queue
[2024-11-04T00:27:27.845+0000] {logging_mixin.py:190} INFO - [2024-11-04T00:27:27.838+0000] {dagbag.py:588} INFO - Filling up the DagBag from /home/airflow/.local/lib/python3.12/site-packages/airflow/example_dags/example_short_circuit_operator.py
[2024-11-04T00:27:28.150+0000] {processor.py:925} INFO - DAG(s) 'example_short_circuit_operator' retrieved from /home/airflow/.local/lib/python3.12/site-packages/airflow/example_dags/example_short_circuit_operator.py
[2024-11-04T00:27:30.193+0000] {logging_mixin.py:190} INFO - [2024-11-04T00:27:30.190+0000] {override.py:1900} INFO - Created Permission View: can read on DAG:example_short_circuit_operator
[2024-11-04T00:27:30.347+0000] {logging_mixin.py:190} INFO - [2024-11-04T00:27:30.346+0000] {override.py:1900} INFO - Created Permission View: can delete on DAG:example_short_circuit_operator
[2024-11-04T00:27:30.426+0000] {logging_mixin.py:190} INFO - [2024-11-04T00:27:30.425+0000] {override.py:1900} INFO - Created Permission View: can edit on DAG:example_short_circuit_operator
[2024-11-04T00:27:30.494+0000] {logging_mixin.py:190} INFO - [2024-11-04T00:27:30.493+0000] {override.py:1900} INFO - Created Permission View: menu access on DAG Run:example_short_circuit_operator
[2024-11-04T00:27:30.566+0000] {logging_mixin.py:190} INFO - [2024-11-04T00:27:30.552+0000] {override.py:1900} INFO - Created Permission View: can read on DAG Run:example_short_circuit_operator
[2024-11-04T00:27:30.682+0000] {logging_mixin.py:190} INFO - [2024-11-04T00:27:30.681+0000] {override.py:1900} INFO - Created Permission View: can delete on DAG Run:example_short_circuit_operator
[2024-11-04T00:27:30.802+0000] {logging_mixin.py:190} INFO - [2024-11-04T00:27:30.801+0000] {override.py:1900} INFO - Created Permission View: can create on DAG Run:example_short_circuit_operator
[2024-11-04T00:27:30.804+0000] {logging_mixin.py:190} INFO - [2024-11-04T00:27:30.803+0000] {dag.py:3239} INFO - Sync 1 DAGs
[2024-11-04T00:27:30.983+0000] {logging_mixin.py:190} INFO - [2024-11-04T00:27:30.982+0000] {dag.py:3262} INFO - Creating ORM DAG for example_short_circuit_operator
[2024-11-04T00:27:30.992+0000] {logging_mixin.py:190} INFO - [2024-11-04T00:27:30.992+0000] {dag.py:4180} INFO - Setting next_dagrun for example_short_circuit_operator to None, run_after=None
[2024-11-04T00:27:31.237+0000] {processor.py:208} INFO - Processing /home/airflow/.local/lib/python3.12/site-packages/airflow/example_dags/example_short_circuit_operator.py took 3.526 seconds
[2024-11-04T00:29:16.914+0000] {processor.py:186} INFO - Started process (PID=334) to work on /home/airflow/.local/lib/python3.12/site-packages/airflow/example_dags/example_short_circuit_operator.py
[2024-11-04T00:29:16.945+0000] {processor.py:914} INFO - Processing file /home/airflow/.local/lib/python3.12/site-packages/airflow/example_dags/example_short_circuit_operator.py for tasks to queue
[2024-11-04T00:29:16.986+0000] {logging_mixin.py:190} INFO - [2024-11-04T00:29:16.963+0000] {dagbag.py:588} INFO - Filling up the DagBag from /home/airflow/.local/lib/python3.12/site-packages/airflow/example_dags/example_short_circuit_operator.py
[2024-11-04T00:29:17.094+0000] {processor.py:925} INFO - DAG(s) 'example_short_circuit_operator' retrieved from /home/airflow/.local/lib/python3.12/site-packages/airflow/example_dags/example_short_circuit_operator.py
[2024-11-04T00:29:17.596+0000] {logging_mixin.py:190} INFO - [2024-11-04T00:29:17.595+0000] {dag.py:3239} INFO - Sync 1 DAGs
[2024-11-04T00:29:18.038+0000] {logging_mixin.py:190} INFO - [2024-11-04T00:29:18.037+0000] {dag.py:4180} INFO - Setting next_dagrun for example_short_circuit_operator to None, run_after=None
[2024-11-04T00:29:18.283+0000] {processor.py:208} INFO - Processing /home/airflow/.local/lib/python3.12/site-packages/airflow/example_dags/example_short_circuit_operator.py took 1.461 seconds
