[2024-11-04T00:22:17.052+0000] {processor.py:186} INFO - Started process (PID=142) to work on /home/airflow/.local/lib/python3.12/site-packages/airflow/example_dags/example_branch_datetime_operator.py
[2024-11-04T00:22:17.069+0000] {processor.py:914} INFO - Processing file /home/airflow/.local/lib/python3.12/site-packages/airflow/example_dags/example_branch_datetime_operator.py for tasks to queue
[2024-11-04T00:22:17.084+0000] {logging_mixin.py:190} INFO - [2024-11-04T00:22:17.083+0000] {dagbag.py:588} INFO - Filling up the DagBag from /home/airflow/.local/lib/python3.12/site-packages/airflow/example_dags/example_branch_datetime_operator.py
[2024-11-04T00:22:17.398+0000] {processor.py:925} INFO - DAG(s) 'example_branch_datetime_operator_2', 'example_branch_datetime_operator_3', 'example_branch_datetime_operator' retrieved from /home/airflow/.local/lib/python3.12/site-packages/airflow/example_dags/example_branch_datetime_operator.py
[2024-11-04T00:22:19.426+0000] {logging_mixin.py:190} INFO - [2024-11-04T00:22:19.421+0000] {override.py:1900} INFO - Created Permission View: can read on DAG:example_branch_datetime_operator_2
[2024-11-04T00:22:19.535+0000] {logging_mixin.py:190} INFO - [2024-11-04T00:22:19.534+0000] {override.py:1900} INFO - Created Permission View: can delete on DAG:example_branch_datetime_operator_2
[2024-11-04T00:22:19.607+0000] {logging_mixin.py:190} INFO - [2024-11-04T00:22:19.606+0000] {override.py:1900} INFO - Created Permission View: can edit on DAG:example_branch_datetime_operator_2
[2024-11-04T00:22:19.684+0000] {logging_mixin.py:190} INFO - [2024-11-04T00:22:19.682+0000] {override.py:1900} INFO - Created Permission View: menu access on DAG Run:example_branch_datetime_operator_2
[2024-11-04T00:22:19.784+0000] {logging_mixin.py:190} INFO - [2024-11-04T00:22:19.782+0000] {override.py:1900} INFO - Created Permission View: can read on DAG Run:example_branch_datetime_operator_2
[2024-11-04T00:22:19.876+0000] {logging_mixin.py:190} INFO - [2024-11-04T00:22:19.874+0000] {override.py:1900} INFO - Created Permission View: can delete on DAG Run:example_branch_datetime_operator_2
[2024-11-04T00:22:20.005+0000] {logging_mixin.py:190} INFO - [2024-11-04T00:22:20.004+0000] {override.py:1900} INFO - Created Permission View: can create on DAG Run:example_branch_datetime_operator_2
[2024-11-04T00:22:20.322+0000] {logging_mixin.py:190} INFO - [2024-11-04T00:22:20.296+0000] {override.py:1900} INFO - Created Permission View: can read on DAG:example_branch_datetime_operator_3
[2024-11-04T00:22:20.466+0000] {logging_mixin.py:190} INFO - [2024-11-04T00:22:20.429+0000] {override.py:1900} INFO - Created Permission View: can delete on DAG:example_branch_datetime_operator_3
[2024-11-04T00:22:20.643+0000] {logging_mixin.py:190} INFO - [2024-11-04T00:22:20.642+0000] {override.py:1900} INFO - Created Permission View: can edit on DAG:example_branch_datetime_operator_3
[2024-11-04T00:22:20.786+0000] {logging_mixin.py:190} INFO - [2024-11-04T00:22:20.785+0000] {override.py:1900} INFO - Created Permission View: menu access on DAG Run:example_branch_datetime_operator_3
[2024-11-04T00:22:20.865+0000] {logging_mixin.py:190} INFO - [2024-11-04T00:22:20.864+0000] {override.py:1900} INFO - Created Permission View: can read on DAG Run:example_branch_datetime_operator_3
[2024-11-04T00:22:20.964+0000] {logging_mixin.py:190} INFO - [2024-11-04T00:22:20.963+0000] {override.py:1900} INFO - Created Permission View: can delete on DAG Run:example_branch_datetime_operator_3
[2024-11-04T00:22:21.052+0000] {logging_mixin.py:190} INFO - [2024-11-04T00:22:21.051+0000] {override.py:1900} INFO - Created Permission View: can create on DAG Run:example_branch_datetime_operator_3
[2024-11-04T00:22:21.197+0000] {logging_mixin.py:190} INFO - [2024-11-04T00:22:21.195+0000] {override.py:1900} INFO - Created Permission View: can read on DAG:example_branch_datetime_operator
[2024-11-04T00:22:21.296+0000] {logging_mixin.py:190} INFO - [2024-11-04T00:22:21.294+0000] {override.py:1900} INFO - Created Permission View: can delete on DAG:example_branch_datetime_operator
[2024-11-04T00:22:21.372+0000] {logging_mixin.py:190} INFO - [2024-11-04T00:22:21.366+0000] {override.py:1900} INFO - Created Permission View: can edit on DAG:example_branch_datetime_operator
[2024-11-04T00:22:21.423+0000] {logging_mixin.py:190} INFO - [2024-11-04T00:22:21.422+0000] {override.py:1900} INFO - Created Permission View: menu access on DAG Run:example_branch_datetime_operator
[2024-11-04T00:22:21.538+0000] {logging_mixin.py:190} INFO - [2024-11-04T00:22:21.536+0000] {override.py:1900} INFO - Created Permission View: can read on DAG Run:example_branch_datetime_operator
[2024-11-04T00:22:21.673+0000] {logging_mixin.py:190} INFO - [2024-11-04T00:22:21.666+0000] {override.py:1900} INFO - Created Permission View: can delete on DAG Run:example_branch_datetime_operator
[2024-11-04T00:22:21.827+0000] {logging_mixin.py:190} INFO - [2024-11-04T00:22:21.824+0000] {override.py:1900} INFO - Created Permission View: can create on DAG Run:example_branch_datetime_operator
[2024-11-04T00:22:21.839+0000] {logging_mixin.py:190} INFO - [2024-11-04T00:22:21.839+0000] {dag.py:3239} INFO - Sync 3 DAGs
[2024-11-04T00:22:22.068+0000] {logging_mixin.py:190} INFO - [2024-11-04T00:22:22.067+0000] {dag.py:3262} INFO - Creating ORM DAG for example_branch_datetime_operator_2
[2024-11-04T00:22:22.093+0000] {logging_mixin.py:190} INFO - [2024-11-04T00:22:22.092+0000] {dag.py:3262} INFO - Creating ORM DAG for example_branch_datetime_operator
[2024-11-04T00:22:22.107+0000] {logging_mixin.py:190} INFO - [2024-11-04T00:22:22.107+0000] {dag.py:3262} INFO - Creating ORM DAG for example_branch_datetime_operator_3
[2024-11-04T00:22:22.399+0000] {logging_mixin.py:190} INFO - [2024-11-04T00:22:22.398+0000] {dag.py:4180} INFO - Setting next_dagrun for example_branch_datetime_operator to 2024-11-03 00:00:00+00:00, run_after=2024-11-04 00:00:00+00:00
[2024-11-04T00:22:22.444+0000] {logging_mixin.py:190} INFO - [2024-11-04T00:22:22.442+0000] {dag.py:4180} INFO - Setting next_dagrun for example_branch_datetime_operator_2 to 2024-11-03 00:00:00+00:00, run_after=2024-11-04 00:00:00+00:00
[2024-11-04T00:22:22.490+0000] {logging_mixin.py:190} INFO - [2024-11-04T00:22:22.489+0000] {dag.py:4180} INFO - Setting next_dagrun for example_branch_datetime_operator_3 to 2024-11-03 00:00:00+00:00, run_after=2024-11-04 00:00:00+00:00
[2024-11-04T00:22:23.038+0000] {processor.py:208} INFO - Processing /home/airflow/.local/lib/python3.12/site-packages/airflow/example_dags/example_branch_datetime_operator.py took 6.068 seconds
[2024-11-04T00:27:40.140+0000] {processor.py:186} INFO - Started process (PID=248) to work on /home/airflow/.local/lib/python3.12/site-packages/airflow/example_dags/example_branch_datetime_operator.py
[2024-11-04T00:27:40.170+0000] {processor.py:914} INFO - Processing file /home/airflow/.local/lib/python3.12/site-packages/airflow/example_dags/example_branch_datetime_operator.py for tasks to queue
[2024-11-04T00:27:40.211+0000] {logging_mixin.py:190} INFO - [2024-11-04T00:27:40.210+0000] {dagbag.py:588} INFO - Filling up the DagBag from /home/airflow/.local/lib/python3.12/site-packages/airflow/example_dags/example_branch_datetime_operator.py
[2024-11-04T00:27:40.374+0000] {processor.py:925} INFO - DAG(s) 'example_branch_datetime_operator', 'example_branch_datetime_operator_3', 'example_branch_datetime_operator_2' retrieved from /home/airflow/.local/lib/python3.12/site-packages/airflow/example_dags/example_branch_datetime_operator.py
[2024-11-04T00:27:40.767+0000] {logging_mixin.py:190} INFO - [2024-11-04T00:27:40.766+0000] {dag.py:3239} INFO - Sync 3 DAGs
[2024-11-04T00:27:41.468+0000] {logging_mixin.py:190} INFO - [2024-11-04T00:27:41.463+0000] {dag.py:4180} INFO - Setting next_dagrun for example_branch_datetime_operator to 2024-11-03 00:00:00+00:00, run_after=2024-11-04 00:00:00+00:00
[2024-11-04T00:27:41.601+0000] {logging_mixin.py:190} INFO - [2024-11-04T00:27:41.600+0000] {dag.py:4180} INFO - Setting next_dagrun for example_branch_datetime_operator_2 to 2024-11-03 00:00:00+00:00, run_after=2024-11-04 00:00:00+00:00
[2024-11-04T00:27:41.675+0000] {logging_mixin.py:190} INFO - [2024-11-04T00:27:41.674+0000] {dag.py:4180} INFO - Setting next_dagrun for example_branch_datetime_operator_3 to 2024-11-03 00:00:00+00:00, run_after=2024-11-04 00:00:00+00:00
[2024-11-04T00:27:42.022+0000] {processor.py:208} INFO - Processing /home/airflow/.local/lib/python3.12/site-packages/airflow/example_dags/example_branch_datetime_operator.py took 1.979 seconds
[2024-11-04T00:28:46.348+0000] {processor.py:186} INFO - Started process (PID=306) to work on /home/airflow/.local/lib/python3.12/site-packages/airflow/example_dags/example_branch_datetime_operator.py
[2024-11-04T00:28:46.390+0000] {processor.py:914} INFO - Processing file /home/airflow/.local/lib/python3.12/site-packages/airflow/example_dags/example_branch_datetime_operator.py for tasks to queue
[2024-11-04T00:28:46.428+0000] {logging_mixin.py:190} INFO - [2024-11-04T00:28:46.426+0000] {dagbag.py:588} INFO - Filling up the DagBag from /home/airflow/.local/lib/python3.12/site-packages/airflow/example_dags/example_branch_datetime_operator.py
[2024-11-04T00:28:46.556+0000] {processor.py:925} INFO - DAG(s) 'example_branch_datetime_operator', 'example_branch_datetime_operator_2', 'example_branch_datetime_operator_3' retrieved from /home/airflow/.local/lib/python3.12/site-packages/airflow/example_dags/example_branch_datetime_operator.py
[2024-11-04T00:28:46.865+0000] {logging_mixin.py:190} INFO - [2024-11-04T00:28:46.864+0000] {dag.py:3239} INFO - Sync 3 DAGs
[2024-11-04T00:28:47.369+0000] {logging_mixin.py:190} INFO - [2024-11-04T00:28:47.368+0000] {dag.py:4180} INFO - Setting next_dagrun for example_branch_datetime_operator to 2024-11-03 00:00:00+00:00, run_after=2024-11-04 00:00:00+00:00
[2024-11-04T00:28:47.502+0000] {logging_mixin.py:190} INFO - [2024-11-04T00:28:47.501+0000] {dag.py:4180} INFO - Setting next_dagrun for example_branch_datetime_operator_2 to 2024-11-03 00:00:00+00:00, run_after=2024-11-04 00:00:00+00:00
[2024-11-04T00:28:47.531+0000] {logging_mixin.py:190} INFO - [2024-11-04T00:28:47.530+0000] {dag.py:4180} INFO - Setting next_dagrun for example_branch_datetime_operator_3 to 2024-11-03 00:00:00+00:00, run_after=2024-11-04 00:00:00+00:00
[2024-11-04T00:28:47.782+0000] {processor.py:208} INFO - Processing /home/airflow/.local/lib/python3.12/site-packages/airflow/example_dags/example_branch_datetime_operator.py took 1.508 seconds
[2024-11-04T00:29:34.129+0000] {processor.py:186} INFO - Started process (PID=351) to work on /home/airflow/.local/lib/python3.12/site-packages/airflow/example_dags/example_branch_datetime_operator.py
[2024-11-04T00:29:34.165+0000] {processor.py:914} INFO - Processing file /home/airflow/.local/lib/python3.12/site-packages/airflow/example_dags/example_branch_datetime_operator.py for tasks to queue
[2024-11-04T00:29:34.184+0000] {logging_mixin.py:190} INFO - [2024-11-04T00:29:34.183+0000] {dagbag.py:588} INFO - Filling up the DagBag from /home/airflow/.local/lib/python3.12/site-packages/airflow/example_dags/example_branch_datetime_operator.py
[2024-11-04T00:29:34.462+0000] {processor.py:925} INFO - DAG(s) 'example_branch_datetime_operator', 'example_branch_datetime_operator_3', 'example_branch_datetime_operator_2' retrieved from /home/airflow/.local/lib/python3.12/site-packages/airflow/example_dags/example_branch_datetime_operator.py
[2024-11-04T00:29:35.001+0000] {logging_mixin.py:190} INFO - [2024-11-04T00:29:35.000+0000] {dag.py:3239} INFO - Sync 3 DAGs
[2024-11-04T00:29:35.356+0000] {logging_mixin.py:190} INFO - [2024-11-04T00:29:35.356+0000] {dag.py:4180} INFO - Setting next_dagrun for example_branch_datetime_operator to 2024-11-03 00:00:00+00:00, run_after=2024-11-04 00:00:00+00:00
[2024-11-04T00:29:35.426+0000] {logging_mixin.py:190} INFO - [2024-11-04T00:29:35.426+0000] {dag.py:4180} INFO - Setting next_dagrun for example_branch_datetime_operator_2 to 2024-11-03 00:00:00+00:00, run_after=2024-11-04 00:00:00+00:00
[2024-11-04T00:29:35.463+0000] {logging_mixin.py:190} INFO - [2024-11-04T00:29:35.463+0000] {dag.py:4180} INFO - Setting next_dagrun for example_branch_datetime_operator_3 to 2024-11-03 00:00:00+00:00, run_after=2024-11-04 00:00:00+00:00
[2024-11-04T00:29:36.057+0000] {processor.py:208} INFO - Processing /home/airflow/.local/lib/python3.12/site-packages/airflow/example_dags/example_branch_datetime_operator.py took 2.056 seconds
[2024-11-04T00:33:00.406+0000] {processor.py:186} INFO - Started process (PID=407) to work on /home/airflow/.local/lib/python3.12/site-packages/airflow/example_dags/example_branch_datetime_operator.py
[2024-11-04T00:33:00.495+0000] {processor.py:914} INFO - Processing file /home/airflow/.local/lib/python3.12/site-packages/airflow/example_dags/example_branch_datetime_operator.py for tasks to queue
[2024-11-04T00:33:00.544+0000] {logging_mixin.py:190} INFO - [2024-11-04T00:33:00.514+0000] {dagbag.py:588} INFO - Filling up the DagBag from /home/airflow/.local/lib/python3.12/site-packages/airflow/example_dags/example_branch_datetime_operator.py
[2024-11-04T00:33:01.081+0000] {processor.py:925} INFO - DAG(s) 'example_branch_datetime_operator_2', 'example_branch_datetime_operator_3', 'example_branch_datetime_operator' retrieved from /home/airflow/.local/lib/python3.12/site-packages/airflow/example_dags/example_branch_datetime_operator.py
[2024-11-04T00:33:02.471+0000] {logging_mixin.py:190} INFO - [2024-11-04T00:33:02.470+0000] {dag.py:3239} INFO - Sync 3 DAGs
[2024-11-04T00:33:03.245+0000] {logging_mixin.py:190} INFO - [2024-11-04T00:33:03.245+0000] {dag.py:4180} INFO - Setting next_dagrun for example_branch_datetime_operator to 2024-11-03 00:00:00+00:00, run_after=2024-11-04 00:00:00+00:00
[2024-11-04T00:33:03.353+0000] {logging_mixin.py:190} INFO - [2024-11-04T00:33:03.351+0000] {dag.py:4180} INFO - Setting next_dagrun for example_branch_datetime_operator_2 to 2024-11-03 00:00:00+00:00, run_after=2024-11-04 00:00:00+00:00
[2024-11-04T00:33:03.398+0000] {logging_mixin.py:190} INFO - [2024-11-04T00:33:03.398+0000] {dag.py:4180} INFO - Setting next_dagrun for example_branch_datetime_operator_3 to 2024-11-03 00:00:00+00:00, run_after=2024-11-04 00:00:00+00:00
[2024-11-04T00:33:03.765+0000] {processor.py:208} INFO - Processing /home/airflow/.local/lib/python3.12/site-packages/airflow/example_dags/example_branch_datetime_operator.py took 3.669 seconds
