[2024-11-04T00:25:36.976+0000] {processor.py:186} INFO - Started process (PID=189) to work on /home/airflow/.local/lib/python3.12/site-packages/airflow/example_dags/example_workday_timetable.py
[2024-11-04T00:25:36.991+0000] {processor.py:914} INFO - Processing file /home/airflow/.local/lib/python3.12/site-packages/airflow/example_dags/example_workday_timetable.py for tasks to queue
[2024-11-04T00:25:37.032+0000] {logging_mixin.py:190} INFO - [2024-11-04T00:25:37.031+0000] {dagbag.py:588} INFO - Filling up the DagBag from /home/airflow/.local/lib/python3.12/site-packages/airflow/example_dags/example_workday_timetable.py
[2024-11-04T00:25:37.137+0000] {processor.py:925} INFO - DAG(s) 'example_workday_timetable' retrieved from /home/airflow/.local/lib/python3.12/site-packages/airflow/example_dags/example_workday_timetable.py
[2024-11-04T00:25:39.341+0000] {logging_mixin.py:190} INFO - [2024-11-04T00:25:39.339+0000] {override.py:1900} INFO - Created Permission View: can read on DAG:example_workday_timetable
[2024-11-04T00:25:39.861+0000] {logging_mixin.py:190} INFO - [2024-11-04T00:25:39.860+0000] {override.py:1900} INFO - Created Permission View: can delete on DAG:example_workday_timetable
[2024-11-04T00:25:40.240+0000] {logging_mixin.py:190} INFO - [2024-11-04T00:25:40.236+0000] {override.py:1900} INFO - Created Permission View: can edit on DAG:example_workday_timetable
[2024-11-04T00:25:40.344+0000] {logging_mixin.py:190} INFO - [2024-11-04T00:25:40.343+0000] {override.py:1900} INFO - Created Permission View: menu access on DAG Run:example_workday_timetable
[2024-11-04T00:25:40.481+0000] {logging_mixin.py:190} INFO - [2024-11-04T00:25:40.480+0000] {override.py:1900} INFO - Created Permission View: can read on DAG Run:example_workday_timetable
[2024-11-04T00:25:40.548+0000] {logging_mixin.py:190} INFO - [2024-11-04T00:25:40.547+0000] {override.py:1900} INFO - Created Permission View: can delete on DAG Run:example_workday_timetable
[2024-11-04T00:25:40.708+0000] {logging_mixin.py:190} INFO - [2024-11-04T00:25:40.707+0000] {override.py:1900} INFO - Created Permission View: can create on DAG Run:example_workday_timetable
[2024-11-04T00:25:40.723+0000] {logging_mixin.py:190} INFO - [2024-11-04T00:25:40.722+0000] {dag.py:3239} INFO - Sync 1 DAGs
[2024-11-04T00:25:40.911+0000] {logging_mixin.py:190} INFO - [2024-11-04T00:25:40.910+0000] {dag.py:3262} INFO - Creating ORM DAG for example_workday_timetable
[2024-11-04T00:25:43.872+0000] {logging_mixin.py:190} INFO - [2024-11-04T00:25:43.872+0000] {dag.py:4180} INFO - Setting next_dagrun for example_workday_timetable to 2021-01-04 00:00:00+00:00, run_after=2021-01-05 00:00:00+00:00
[2024-11-04T00:25:44.115+0000] {processor.py:208} INFO - Processing /home/airflow/.local/lib/python3.12/site-packages/airflow/example_dags/example_workday_timetable.py took 7.397 seconds
[2024-11-04T00:28:14.862+0000] {processor.py:186} INFO - Started process (PID=277) to work on /home/airflow/.local/lib/python3.12/site-packages/airflow/example_dags/example_workday_timetable.py
[2024-11-04T00:28:14.888+0000] {processor.py:914} INFO - Processing file /home/airflow/.local/lib/python3.12/site-packages/airflow/example_dags/example_workday_timetable.py for tasks to queue
[2024-11-04T00:28:14.901+0000] {logging_mixin.py:190} INFO - [2024-11-04T00:28:14.899+0000] {dagbag.py:588} INFO - Filling up the DagBag from /home/airflow/.local/lib/python3.12/site-packages/airflow/example_dags/example_workday_timetable.py
[2024-11-04T00:28:15.022+0000] {processor.py:925} INFO - DAG(s) 'example_workday_timetable' retrieved from /home/airflow/.local/lib/python3.12/site-packages/airflow/example_dags/example_workday_timetable.py
[2024-11-04T00:28:15.384+0000] {logging_mixin.py:190} INFO - [2024-11-04T00:28:15.378+0000] {dag.py:3239} INFO - Sync 1 DAGs
[2024-11-04T00:28:18.108+0000] {logging_mixin.py:190} INFO - [2024-11-04T00:28:18.107+0000] {dag.py:4180} INFO - Setting next_dagrun for example_workday_timetable to 2021-01-04 00:00:00+00:00, run_after=2021-01-05 00:00:00+00:00
[2024-11-04T00:28:18.368+0000] {processor.py:208} INFO - Processing /home/airflow/.local/lib/python3.12/site-packages/airflow/example_dags/example_workday_timetable.py took 3.579 seconds
[2024-11-04T00:31:04.373+0000] {processor.py:186} INFO - Started process (PID=372) to work on /home/airflow/.local/lib/python3.12/site-packages/airflow/example_dags/example_workday_timetable.py
[2024-11-04T00:31:04.489+0000] {processor.py:914} INFO - Processing file /home/airflow/.local/lib/python3.12/site-packages/airflow/example_dags/example_workday_timetable.py for tasks to queue
[2024-11-04T00:31:04.746+0000] {logging_mixin.py:190} INFO - [2024-11-04T00:31:04.716+0000] {dagbag.py:588} INFO - Filling up the DagBag from /home/airflow/.local/lib/python3.12/site-packages/airflow/example_dags/example_workday_timetable.py
[2024-11-04T00:31:07.053+0000] {processor.py:925} INFO - DAG(s) 'example_workday_timetable' retrieved from /home/airflow/.local/lib/python3.12/site-packages/airflow/example_dags/example_workday_timetable.py
[2024-11-04T00:31:12.992+0000] {logging_mixin.py:190} INFO - [2024-11-04T00:31:12.991+0000] {dag.py:3239} INFO - Sync 1 DAGs
[2024-11-04T00:31:19.075+0000] {logging_mixin.py:190} INFO - [2024-11-04T00:31:19.075+0000] {dag.py:4180} INFO - Setting next_dagrun for example_workday_timetable to 2021-01-04 00:00:00+00:00, run_after=2021-01-05 00:00:00+00:00
[2024-11-04T00:31:19.942+0000] {processor.py:208} INFO - Processing /home/airflow/.local/lib/python3.12/site-packages/airflow/example_dags/example_workday_timetable.py took 15.882 seconds
[2024-11-04T00:34:24.652+0000] {processor.py:186} INFO - Started process (PID=448) to work on /home/airflow/.local/lib/python3.12/site-packages/airflow/example_dags/example_workday_timetable.py
[2024-11-04T00:34:24.664+0000] {processor.py:914} INFO - Processing file /home/airflow/.local/lib/python3.12/site-packages/airflow/example_dags/example_workday_timetable.py for tasks to queue
[2024-11-04T00:34:24.685+0000] {logging_mixin.py:190} INFO - [2024-11-04T00:34:24.683+0000] {dagbag.py:588} INFO - Filling up the DagBag from /home/airflow/.local/lib/python3.12/site-packages/airflow/example_dags/example_workday_timetable.py
[2024-11-04T00:34:24.842+0000] {processor.py:925} INFO - DAG(s) 'example_workday_timetable' retrieved from /home/airflow/.local/lib/python3.12/site-packages/airflow/example_dags/example_workday_timetable.py
[2024-11-04T00:34:25.276+0000] {logging_mixin.py:190} INFO - [2024-11-04T00:34:25.275+0000] {dag.py:3239} INFO - Sync 1 DAGs
[2024-11-04T00:34:28.566+0000] {logging_mixin.py:190} INFO - [2024-11-04T00:34:28.565+0000] {dag.py:4180} INFO - Setting next_dagrun for example_workday_timetable to 2021-01-04 00:00:00+00:00, run_after=2021-01-05 00:00:00+00:00
[2024-11-04T00:34:28.895+0000] {processor.py:208} INFO - Processing /home/airflow/.local/lib/python3.12/site-packages/airflow/example_dags/example_workday_timetable.py took 4.294 seconds
