[2024-11-04T00:23:29.715+0000] {processor.py:186} INFO - Started process (PID=164) to work on /home/airflow/.local/lib/python3.12/site-packages/airflow/example_dags/example_latest_only_with_trigger.py
[2024-11-04T00:23:29.721+0000] {processor.py:914} INFO - Processing file /home/airflow/.local/lib/python3.12/site-packages/airflow/example_dags/example_latest_only_with_trigger.py for tasks to queue
[2024-11-04T00:23:29.772+0000] {logging_mixin.py:190} INFO - [2024-11-04T00:23:29.769+0000] {dagbag.py:588} INFO - Filling up the DagBag from /home/airflow/.local/lib/python3.12/site-packages/airflow/example_dags/example_latest_only_with_trigger.py
[2024-11-04T00:23:30.050+0000] {processor.py:925} INFO - DAG(s) 'latest_only_with_trigger' retrieved from /home/airflow/.local/lib/python3.12/site-packages/airflow/example_dags/example_latest_only_with_trigger.py
[2024-11-04T00:23:32.202+0000] {logging_mixin.py:190} INFO - [2024-11-04T00:23:32.199+0000] {override.py:1900} INFO - Created Permission View: can read on DAG:latest_only_with_trigger
[2024-11-04T00:23:32.345+0000] {logging_mixin.py:190} INFO - [2024-11-04T00:23:32.341+0000] {override.py:1900} INFO - Created Permission View: can delete on DAG:latest_only_with_trigger
[2024-11-04T00:23:32.737+0000] {logging_mixin.py:190} INFO - [2024-11-04T00:23:32.735+0000] {override.py:1900} INFO - Created Permission View: can edit on DAG:latest_only_with_trigger
[2024-11-04T00:23:34.109+0000] {logging_mixin.py:190} INFO - [2024-11-04T00:23:34.108+0000] {override.py:1900} INFO - Created Permission View: menu access on DAG Run:latest_only_with_trigger
[2024-11-04T00:23:34.875+0000] {logging_mixin.py:190} INFO - [2024-11-04T00:23:34.874+0000] {override.py:1900} INFO - Created Permission View: can read on DAG Run:latest_only_with_trigger
[2024-11-04T00:23:34.954+0000] {logging_mixin.py:190} INFO - [2024-11-04T00:23:34.952+0000] {override.py:1900} INFO - Created Permission View: can delete on DAG Run:latest_only_with_trigger
[2024-11-04T00:23:36.532+0000] {logging_mixin.py:190} INFO - [2024-11-04T00:23:36.532+0000] {override.py:1900} INFO - Created Permission View: can create on DAG Run:latest_only_with_trigger
[2024-11-04T00:23:36.978+0000] {logging_mixin.py:190} INFO - [2024-11-04T00:23:36.977+0000] {dag.py:3239} INFO - Sync 1 DAGs
[2024-11-04T00:23:38.567+0000] {logging_mixin.py:190} INFO - [2024-11-04T00:23:38.566+0000] {dag.py:3262} INFO - Creating ORM DAG for latest_only_with_trigger
[2024-11-04T00:23:41.899+0000] {logging_mixin.py:190} INFO - [2024-11-04T00:23:41.898+0000] {dag.py:4180} INFO - Setting next_dagrun for latest_only_with_trigger to 2024-11-03 20:00:00+00:00, run_after=2024-11-04 00:00:00+00:00
[2024-11-04T00:23:54.301+0000] {processor.py:208} INFO - Processing /home/airflow/.local/lib/python3.12/site-packages/airflow/example_dags/example_latest_only_with_trigger.py took 25.184 seconds
[2024-11-04T00:27:59.760+0000] {processor.py:186} INFO - Started process (PID=264) to work on /home/airflow/.local/lib/python3.12/site-packages/airflow/example_dags/example_latest_only_with_trigger.py
[2024-11-04T00:27:59.777+0000] {processor.py:914} INFO - Processing file /home/airflow/.local/lib/python3.12/site-packages/airflow/example_dags/example_latest_only_with_trigger.py for tasks to queue
[2024-11-04T00:27:59.833+0000] {logging_mixin.py:190} INFO - [2024-11-04T00:27:59.831+0000] {dagbag.py:588} INFO - Filling up the DagBag from /home/airflow/.local/lib/python3.12/site-packages/airflow/example_dags/example_latest_only_with_trigger.py
[2024-11-04T00:28:00.003+0000] {processor.py:925} INFO - DAG(s) 'latest_only_with_trigger' retrieved from /home/airflow/.local/lib/python3.12/site-packages/airflow/example_dags/example_latest_only_with_trigger.py
[2024-11-04T00:28:00.558+0000] {logging_mixin.py:190} INFO - [2024-11-04T00:28:00.557+0000] {dag.py:3239} INFO - Sync 1 DAGs
[2024-11-04T00:28:01.145+0000] {logging_mixin.py:190} INFO - [2024-11-04T00:28:01.144+0000] {dag.py:4180} INFO - Setting next_dagrun for latest_only_with_trigger to 2024-11-03 20:00:00+00:00, run_after=2024-11-04 00:00:00+00:00
[2024-11-04T00:28:01.573+0000] {processor.py:208} INFO - Processing /home/airflow/.local/lib/python3.12/site-packages/airflow/example_dags/example_latest_only_with_trigger.py took 2.009 seconds
[2024-11-04T00:28:58.999+0000] {processor.py:186} INFO - Started process (PID=322) to work on /home/airflow/.local/lib/python3.12/site-packages/airflow/example_dags/example_latest_only_with_trigger.py
[2024-11-04T00:28:59.061+0000] {processor.py:914} INFO - Processing file /home/airflow/.local/lib/python3.12/site-packages/airflow/example_dags/example_latest_only_with_trigger.py for tasks to queue
[2024-11-04T00:28:59.130+0000] {logging_mixin.py:190} INFO - [2024-11-04T00:28:59.129+0000] {dagbag.py:588} INFO - Filling up the DagBag from /home/airflow/.local/lib/python3.12/site-packages/airflow/example_dags/example_latest_only_with_trigger.py
[2024-11-04T00:28:59.456+0000] {processor.py:925} INFO - DAG(s) 'latest_only_with_trigger' retrieved from /home/airflow/.local/lib/python3.12/site-packages/airflow/example_dags/example_latest_only_with_trigger.py
[2024-11-04T00:29:00.038+0000] {logging_mixin.py:190} INFO - [2024-11-04T00:29:00.026+0000] {dag.py:3239} INFO - Sync 1 DAGs
[2024-11-04T00:29:00.461+0000] {logging_mixin.py:190} INFO - [2024-11-04T00:29:00.460+0000] {dag.py:4180} INFO - Setting next_dagrun for latest_only_with_trigger to 2024-11-03 20:00:00+00:00, run_after=2024-11-04 00:00:00+00:00
[2024-11-04T00:29:00.793+0000] {processor.py:208} INFO - Processing /home/airflow/.local/lib/python3.12/site-packages/airflow/example_dags/example_latest_only_with_trigger.py took 1.982 seconds
[2024-11-04T00:33:19.266+0000] {processor.py:186} INFO - Started process (PID=423) to work on /home/airflow/.local/lib/python3.12/site-packages/airflow/example_dags/example_latest_only_with_trigger.py
[2024-11-04T00:33:19.290+0000] {processor.py:914} INFO - Processing file /home/airflow/.local/lib/python3.12/site-packages/airflow/example_dags/example_latest_only_with_trigger.py for tasks to queue
[2024-11-04T00:33:19.295+0000] {logging_mixin.py:190} INFO - [2024-11-04T00:33:19.294+0000] {dagbag.py:588} INFO - Filling up the DagBag from /home/airflow/.local/lib/python3.12/site-packages/airflow/example_dags/example_latest_only_with_trigger.py
[2024-11-04T00:33:19.439+0000] {processor.py:925} INFO - DAG(s) 'latest_only_with_trigger' retrieved from /home/airflow/.local/lib/python3.12/site-packages/airflow/example_dags/example_latest_only_with_trigger.py
[2024-11-04T00:33:20.004+0000] {logging_mixin.py:190} INFO - [2024-11-04T00:33:20.003+0000] {dag.py:3239} INFO - Sync 1 DAGs
[2024-11-04T00:33:20.458+0000] {logging_mixin.py:190} INFO - [2024-11-04T00:33:20.457+0000] {dag.py:4180} INFO - Setting next_dagrun for latest_only_with_trigger to 2024-11-03 20:00:00+00:00, run_after=2024-11-04 00:00:00+00:00
[2024-11-04T00:33:20.906+0000] {processor.py:208} INFO - Processing /home/airflow/.local/lib/python3.12/site-packages/airflow/example_dags/example_latest_only_with_trigger.py took 1.706 seconds
