[2024-11-04T00:25:50.961+0000] {processor.py:186} INFO - Started process (PID=200) to work on /home/airflow/.local/lib/python3.12/site-packages/airflow/example_dags/example_latest_only.py
[2024-11-04T00:25:50.971+0000] {processor.py:914} INFO - Processing file /home/airflow/.local/lib/python3.12/site-packages/airflow/example_dags/example_latest_only.py for tasks to queue
[2024-11-04T00:25:51.054+0000] {logging_mixin.py:190} INFO - [2024-11-04T00:25:51.025+0000] {dagbag.py:588} INFO - Filling up the DagBag from /home/airflow/.local/lib/python3.12/site-packages/airflow/example_dags/example_latest_only.py
[2024-11-04T00:25:51.169+0000] {processor.py:925} INFO - DAG(s) 'latest_only' retrieved from /home/airflow/.local/lib/python3.12/site-packages/airflow/example_dags/example_latest_only.py
[2024-11-04T00:25:53.381+0000] {logging_mixin.py:190} INFO - [2024-11-04T00:25:53.377+0000] {override.py:1900} INFO - Created Permission View: can read on DAG:latest_only
[2024-11-04T00:25:53.644+0000] {logging_mixin.py:190} INFO - [2024-11-04T00:25:53.643+0000] {override.py:1900} INFO - Created Permission View: can delete on DAG:latest_only
[2024-11-04T00:25:53.732+0000] {logging_mixin.py:190} INFO - [2024-11-04T00:25:53.730+0000] {override.py:1900} INFO - Created Permission View: can edit on DAG:latest_only
[2024-11-04T00:25:53.810+0000] {logging_mixin.py:190} INFO - [2024-11-04T00:25:53.809+0000] {override.py:1900} INFO - Created Permission View: menu access on DAG Run:latest_only
[2024-11-04T00:25:53.869+0000] {logging_mixin.py:190} INFO - [2024-11-04T00:25:53.868+0000] {override.py:1900} INFO - Created Permission View: can read on DAG Run:latest_only
[2024-11-04T00:25:54.025+0000] {logging_mixin.py:190} INFO - [2024-11-04T00:25:54.024+0000] {override.py:1900} INFO - Created Permission View: can delete on DAG Run:latest_only
[2024-11-04T00:25:54.122+0000] {logging_mixin.py:190} INFO - [2024-11-04T00:25:54.121+0000] {override.py:1900} INFO - Created Permission View: can create on DAG Run:latest_only
[2024-11-04T00:25:54.137+0000] {logging_mixin.py:190} INFO - [2024-11-04T00:25:54.136+0000] {dag.py:3239} INFO - Sync 1 DAGs
[2024-11-04T00:25:54.603+0000] {logging_mixin.py:190} INFO - [2024-11-04T00:25:54.601+0000] {dag.py:3262} INFO - Creating ORM DAG for latest_only
[2024-11-04T00:25:54.796+0000] {logging_mixin.py:190} INFO - [2024-11-04T00:25:54.795+0000] {dag.py:4180} INFO - Setting next_dagrun for latest_only to 2024-11-03 20:00:00+00:00, run_after=2024-11-04 00:00:00+00:00
[2024-11-04T00:25:55.127+0000] {processor.py:208} INFO - Processing /home/airflow/.local/lib/python3.12/site-packages/airflow/example_dags/example_latest_only.py took 4.271 seconds
[2024-11-04T00:28:22.039+0000] {processor.py:186} INFO - Started process (PID=288) to work on /home/airflow/.local/lib/python3.12/site-packages/airflow/example_dags/example_latest_only.py
[2024-11-04T00:28:22.069+0000] {processor.py:914} INFO - Processing file /home/airflow/.local/lib/python3.12/site-packages/airflow/example_dags/example_latest_only.py for tasks to queue
[2024-11-04T00:28:22.091+0000] {logging_mixin.py:190} INFO - [2024-11-04T00:28:22.090+0000] {dagbag.py:588} INFO - Filling up the DagBag from /home/airflow/.local/lib/python3.12/site-packages/airflow/example_dags/example_latest_only.py
[2024-11-04T00:28:22.181+0000] {processor.py:925} INFO - DAG(s) 'latest_only' retrieved from /home/airflow/.local/lib/python3.12/site-packages/airflow/example_dags/example_latest_only.py
[2024-11-04T00:28:22.440+0000] {logging_mixin.py:190} INFO - [2024-11-04T00:28:22.439+0000] {dag.py:3239} INFO - Sync 1 DAGs
[2024-11-04T00:28:22.890+0000] {logging_mixin.py:190} INFO - [2024-11-04T00:28:22.889+0000] {dag.py:4180} INFO - Setting next_dagrun for latest_only to 2024-11-03 20:00:00+00:00, run_after=2024-11-04 00:00:00+00:00
[2024-11-04T00:28:23.101+0000] {processor.py:208} INFO - Processing /home/airflow/.local/lib/python3.12/site-packages/airflow/example_dags/example_latest_only.py took 1.153 seconds
[2024-11-04T00:32:01.392+0000] {processor.py:186} INFO - Started process (PID=383) to work on /home/airflow/.local/lib/python3.12/site-packages/airflow/example_dags/example_latest_only.py
[2024-11-04T00:32:01.422+0000] {processor.py:914} INFO - Processing file /home/airflow/.local/lib/python3.12/site-packages/airflow/example_dags/example_latest_only.py for tasks to queue
[2024-11-04T00:32:01.428+0000] {logging_mixin.py:190} INFO - [2024-11-04T00:32:01.427+0000] {dagbag.py:588} INFO - Filling up the DagBag from /home/airflow/.local/lib/python3.12/site-packages/airflow/example_dags/example_latest_only.py
[2024-11-04T00:32:01.650+0000] {processor.py:925} INFO - DAG(s) 'latest_only' retrieved from /home/airflow/.local/lib/python3.12/site-packages/airflow/example_dags/example_latest_only.py
[2024-11-04T00:32:02.044+0000] {logging_mixin.py:190} INFO - [2024-11-04T00:32:02.043+0000] {dag.py:3239} INFO - Sync 1 DAGs
[2024-11-04T00:32:02.732+0000] {logging_mixin.py:190} INFO - [2024-11-04T00:32:02.731+0000] {dag.py:4180} INFO - Setting next_dagrun for latest_only to 2024-11-03 20:00:00+00:00, run_after=2024-11-04 00:00:00+00:00
[2024-11-04T00:32:03.044+0000] {processor.py:208} INFO - Processing /home/airflow/.local/lib/python3.12/site-packages/airflow/example_dags/example_latest_only.py took 1.774 seconds
