[2024-11-04T00:22:17.599+0000] {processor.py:186} INFO - Started process (PID=143) to work on /home/airflow/.local/lib/python3.12/site-packages/airflow/example_dags/tutorial_taskflow_api_virtualenv.py
[2024-11-04T00:22:17.611+0000] {processor.py:914} INFO - Processing file /home/airflow/.local/lib/python3.12/site-packages/airflow/example_dags/tutorial_taskflow_api_virtualenv.py for tasks to queue
[2024-11-04T00:22:17.661+0000] {logging_mixin.py:190} INFO - [2024-11-04T00:22:17.659+0000] {dagbag.py:588} INFO - Filling up the DagBag from /home/airflow/.local/lib/python3.12/site-packages/airflow/example_dags/tutorial_taskflow_api_virtualenv.py
[2024-11-04T00:22:18.247+0000] {processor.py:925} INFO - DAG(s) 'tutorial_taskflow_api_virtualenv' retrieved from /home/airflow/.local/lib/python3.12/site-packages/airflow/example_dags/tutorial_taskflow_api_virtualenv.py
[2024-11-04T00:22:20.724+0000] {logging_mixin.py:190} INFO - [2024-11-04T00:22:20.717+0000] {override.py:1900} INFO - Created Permission View: can read on DAG:tutorial_taskflow_api_virtualenv
[2024-11-04T00:22:20.945+0000] {logging_mixin.py:190} INFO - [2024-11-04T00:22:20.944+0000] {override.py:1900} INFO - Created Permission View: can delete on DAG:tutorial_taskflow_api_virtualenv
[2024-11-04T00:22:21.043+0000] {logging_mixin.py:190} INFO - [2024-11-04T00:22:21.042+0000] {override.py:1900} INFO - Created Permission View: can edit on DAG:tutorial_taskflow_api_virtualenv
[2024-11-04T00:22:21.110+0000] {logging_mixin.py:190} INFO - [2024-11-04T00:22:21.109+0000] {override.py:1900} INFO - Created Permission View: menu access on DAG Run:tutorial_taskflow_api_virtualenv
[2024-11-04T00:22:21.171+0000] {logging_mixin.py:190} INFO - [2024-11-04T00:22:21.170+0000] {override.py:1900} INFO - Created Permission View: can read on DAG Run:tutorial_taskflow_api_virtualenv
[2024-11-04T00:22:21.224+0000] {logging_mixin.py:190} INFO - [2024-11-04T00:22:21.223+0000] {override.py:1900} INFO - Created Permission View: can delete on DAG Run:tutorial_taskflow_api_virtualenv
[2024-11-04T00:22:21.291+0000] {logging_mixin.py:190} INFO - [2024-11-04T00:22:21.288+0000] {override.py:1900} INFO - Created Permission View: can create on DAG Run:tutorial_taskflow_api_virtualenv
[2024-11-04T00:22:21.299+0000] {logging_mixin.py:190} INFO - [2024-11-04T00:22:21.299+0000] {dag.py:3239} INFO - Sync 1 DAGs
[2024-11-04T00:22:21.484+0000] {logging_mixin.py:190} INFO - [2024-11-04T00:22:21.483+0000] {dag.py:3262} INFO - Creating ORM DAG for tutorial_taskflow_api_virtualenv
[2024-11-04T00:22:21.501+0000] {logging_mixin.py:190} INFO - [2024-11-04T00:22:21.500+0000] {dag.py:4180} INFO - Setting next_dagrun for tutorial_taskflow_api_virtualenv to None, run_after=None
[2024-11-04T00:22:21.654+0000] {processor.py:208} INFO - Processing /home/airflow/.local/lib/python3.12/site-packages/airflow/example_dags/tutorial_taskflow_api_virtualenv.py took 4.163 seconds
[2024-11-04T00:27:40.817+0000] {processor.py:186} INFO - Started process (PID=249) to work on /home/airflow/.local/lib/python3.12/site-packages/airflow/example_dags/tutorial_taskflow_api_virtualenv.py
[2024-11-04T00:27:40.925+0000] {processor.py:914} INFO - Processing file /home/airflow/.local/lib/python3.12/site-packages/airflow/example_dags/tutorial_taskflow_api_virtualenv.py for tasks to queue
[2024-11-04T00:27:41.014+0000] {logging_mixin.py:190} INFO - [2024-11-04T00:27:41.013+0000] {dagbag.py:588} INFO - Filling up the DagBag from /home/airflow/.local/lib/python3.12/site-packages/airflow/example_dags/tutorial_taskflow_api_virtualenv.py
[2024-11-04T00:27:41.534+0000] {processor.py:925} INFO - DAG(s) 'tutorial_taskflow_api_virtualenv' retrieved from /home/airflow/.local/lib/python3.12/site-packages/airflow/example_dags/tutorial_taskflow_api_virtualenv.py
[2024-11-04T00:27:41.945+0000] {logging_mixin.py:190} INFO - [2024-11-04T00:27:41.943+0000] {dag.py:3239} INFO - Sync 1 DAGs
[2024-11-04T00:27:42.225+0000] {logging_mixin.py:190} INFO - [2024-11-04T00:27:42.212+0000] {dag.py:4180} INFO - Setting next_dagrun for tutorial_taskflow_api_virtualenv to None, run_after=None
[2024-11-04T00:27:42.409+0000] {processor.py:208} INFO - Processing /home/airflow/.local/lib/python3.12/site-packages/airflow/example_dags/tutorial_taskflow_api_virtualenv.py took 1.720 seconds
[2024-11-04T00:28:46.484+0000] {processor.py:186} INFO - Started process (PID=307) to work on /home/airflow/.local/lib/python3.12/site-packages/airflow/example_dags/tutorial_taskflow_api_virtualenv.py
[2024-11-04T00:28:46.495+0000] {processor.py:914} INFO - Processing file /home/airflow/.local/lib/python3.12/site-packages/airflow/example_dags/tutorial_taskflow_api_virtualenv.py for tasks to queue
[2024-11-04T00:28:46.531+0000] {logging_mixin.py:190} INFO - [2024-11-04T00:28:46.530+0000] {dagbag.py:588} INFO - Filling up the DagBag from /home/airflow/.local/lib/python3.12/site-packages/airflow/example_dags/tutorial_taskflow_api_virtualenv.py
[2024-11-04T00:28:46.671+0000] {processor.py:925} INFO - DAG(s) 'tutorial_taskflow_api_virtualenv' retrieved from /home/airflow/.local/lib/python3.12/site-packages/airflow/example_dags/tutorial_taskflow_api_virtualenv.py
[2024-11-04T00:28:46.906+0000] {logging_mixin.py:190} INFO - [2024-11-04T00:28:46.905+0000] {dag.py:3239} INFO - Sync 1 DAGs
[2024-11-04T00:28:47.083+0000] {logging_mixin.py:190} INFO - [2024-11-04T00:28:47.082+0000] {dag.py:4180} INFO - Setting next_dagrun for tutorial_taskflow_api_virtualenv to None, run_after=None
[2024-11-04T00:28:47.527+0000] {processor.py:208} INFO - Processing /home/airflow/.local/lib/python3.12/site-packages/airflow/example_dags/tutorial_taskflow_api_virtualenv.py took 1.112 seconds
[2024-11-04T00:29:35.067+0000] {processor.py:186} INFO - Started process (PID=352) to work on /home/airflow/.local/lib/python3.12/site-packages/airflow/example_dags/tutorial_taskflow_api_virtualenv.py
[2024-11-04T00:29:35.078+0000] {processor.py:914} INFO - Processing file /home/airflow/.local/lib/python3.12/site-packages/airflow/example_dags/tutorial_taskflow_api_virtualenv.py for tasks to queue
[2024-11-04T00:29:35.096+0000] {logging_mixin.py:190} INFO - [2024-11-04T00:29:35.094+0000] {dagbag.py:588} INFO - Filling up the DagBag from /home/airflow/.local/lib/python3.12/site-packages/airflow/example_dags/tutorial_taskflow_api_virtualenv.py
[2024-11-04T00:29:35.261+0000] {processor.py:925} INFO - DAG(s) 'tutorial_taskflow_api_virtualenv' retrieved from /home/airflow/.local/lib/python3.12/site-packages/airflow/example_dags/tutorial_taskflow_api_virtualenv.py
[2024-11-04T00:29:35.673+0000] {logging_mixin.py:190} INFO - [2024-11-04T00:29:35.672+0000] {dag.py:3239} INFO - Sync 1 DAGs
[2024-11-04T00:29:36.059+0000] {logging_mixin.py:190} INFO - [2024-11-04T00:29:36.058+0000] {dag.py:4180} INFO - Setting next_dagrun for tutorial_taskflow_api_virtualenv to None, run_after=None
[2024-11-04T00:29:36.464+0000] {processor.py:208} INFO - Processing /home/airflow/.local/lib/python3.12/site-packages/airflow/example_dags/tutorial_taskflow_api_virtualenv.py took 1.474 seconds
[2024-11-04T00:33:01.582+0000] {processor.py:186} INFO - Started process (PID=408) to work on /home/airflow/.local/lib/python3.12/site-packages/airflow/example_dags/tutorial_taskflow_api_virtualenv.py
[2024-11-04T00:33:01.600+0000] {processor.py:914} INFO - Processing file /home/airflow/.local/lib/python3.12/site-packages/airflow/example_dags/tutorial_taskflow_api_virtualenv.py for tasks to queue
[2024-11-04T00:33:01.620+0000] {logging_mixin.py:190} INFO - [2024-11-04T00:33:01.619+0000] {dagbag.py:588} INFO - Filling up the DagBag from /home/airflow/.local/lib/python3.12/site-packages/airflow/example_dags/tutorial_taskflow_api_virtualenv.py
[2024-11-04T00:33:02.136+0000] {processor.py:925} INFO - DAG(s) 'tutorial_taskflow_api_virtualenv' retrieved from /home/airflow/.local/lib/python3.12/site-packages/airflow/example_dags/tutorial_taskflow_api_virtualenv.py
[2024-11-04T00:33:02.730+0000] {logging_mixin.py:190} INFO - [2024-11-04T00:33:02.729+0000] {dag.py:3239} INFO - Sync 1 DAGs
[2024-11-04T00:33:03.159+0000] {logging_mixin.py:190} INFO - [2024-11-04T00:33:03.158+0000] {dag.py:4180} INFO - Setting next_dagrun for tutorial_taskflow_api_virtualenv to None, run_after=None
[2024-11-04T00:33:03.580+0000] {processor.py:208} INFO - Processing /home/airflow/.local/lib/python3.12/site-packages/airflow/example_dags/tutorial_taskflow_api_virtualenv.py took 2.337 seconds
