[2024-10-20T02:02:22.766-0300] {processor.py:186} INFO - Started process (PID=78838) to work on /home/nico/.local/lib/python3.10/site-packages/airflow/example_dags/example_display_name.py
[2024-10-20T02:02:22.769-0300] {processor.py:914} INFO - Processing file /home/nico/.local/lib/python3.10/site-packages/airflow/example_dags/example_display_name.py for tasks to queue
[2024-10-20T02:02:22.777-0300] {logging_mixin.py:190} INFO - [2024-10-20T02:02:22.776-0300] {dagbag.py:588} INFO - Filling up the DagBag from /home/nico/.local/lib/python3.10/site-packages/airflow/example_dags/example_display_name.py
[2024-10-20T02:02:22.803-0300] {processor.py:925} INFO - DAG(s) 'example_display_name' retrieved from /home/nico/.local/lib/python3.10/site-packages/airflow/example_dags/example_display_name.py
[2024-10-20T02:02:22.875-0300] {logging_mixin.py:190} INFO - [2024-10-20T02:02:22.866-0300] {dag.py:3239} INFO - Sync 1 DAGs
[2024-10-20T02:02:22.925-0300] {logging_mixin.py:190} INFO - [2024-10-20T02:02:22.924-0300] {dag.py:4180} INFO - Setting next_dagrun for example_display_name to None, run_after=None
[2024-10-20T02:02:23.049-0300] {processor.py:208} INFO - Processing /home/nico/.local/lib/python3.10/site-packages/airflow/example_dags/example_display_name.py took 0.315 seconds
[2024-10-20T02:13:52.678-0300] {processor.py:186} INFO - Started process (PID=82016) to work on /home/nico/.local/lib/python3.10/site-packages/airflow/example_dags/example_display_name.py
[2024-10-20T02:13:52.695-0300] {processor.py:914} INFO - Processing file /home/nico/.local/lib/python3.10/site-packages/airflow/example_dags/example_display_name.py for tasks to queue
[2024-10-20T02:13:52.712-0300] {logging_mixin.py:190} INFO - [2024-10-20T02:13:52.710-0300] {dagbag.py:588} INFO - Filling up the DagBag from /home/nico/.local/lib/python3.10/site-packages/airflow/example_dags/example_display_name.py
[2024-10-20T02:13:52.777-0300] {processor.py:925} INFO - DAG(s) 'example_display_name' retrieved from /home/nico/.local/lib/python3.10/site-packages/airflow/example_dags/example_display_name.py
[2024-10-20T02:13:53.266-0300] {logging_mixin.py:190} INFO - [2024-10-20T02:13:53.266-0300] {dag.py:3239} INFO - Sync 1 DAGs
[2024-10-20T02:13:53.516-0300] {logging_mixin.py:190} INFO - [2024-10-20T02:13:53.515-0300] {dag.py:4180} INFO - Setting next_dagrun for example_display_name to None, run_after=None
[2024-10-20T02:13:53.830-0300] {processor.py:208} INFO - Processing /home/nico/.local/lib/python3.10/site-packages/airflow/example_dags/example_display_name.py took 1.200 seconds
[2024-10-20T02:17:08.331-0300] {processor.py:186} INFO - Started process (PID=82857) to work on /home/nico/.local/lib/python3.10/site-packages/airflow/example_dags/example_display_name.py
[2024-10-20T02:17:08.335-0300] {processor.py:914} INFO - Processing file /home/nico/.local/lib/python3.10/site-packages/airflow/example_dags/example_display_name.py for tasks to queue
[2024-10-20T02:17:08.342-0300] {logging_mixin.py:190} INFO - [2024-10-20T02:17:08.341-0300] {dagbag.py:588} INFO - Filling up the DagBag from /home/nico/.local/lib/python3.10/site-packages/airflow/example_dags/example_display_name.py
[2024-10-20T02:17:08.369-0300] {processor.py:925} INFO - DAG(s) 'example_display_name' retrieved from /home/nico/.local/lib/python3.10/site-packages/airflow/example_dags/example_display_name.py
[2024-10-20T02:17:08.468-0300] {logging_mixin.py:190} INFO - [2024-10-20T02:17:08.468-0300] {dag.py:3239} INFO - Sync 1 DAGs
[2024-10-20T02:17:08.507-0300] {logging_mixin.py:190} INFO - [2024-10-20T02:17:08.507-0300] {dag.py:4180} INFO - Setting next_dagrun for example_display_name to None, run_after=None
[2024-10-20T02:17:08.648-0300] {processor.py:208} INFO - Processing /home/nico/.local/lib/python3.10/site-packages/airflow/example_dags/example_display_name.py took 0.347 seconds
[2024-10-20T02:19:47.811-0300] {processor.py:186} INFO - Started process (PID=83553) to work on /home/nico/.local/lib/python3.10/site-packages/airflow/example_dags/example_display_name.py
[2024-10-20T02:19:47.814-0300] {processor.py:914} INFO - Processing file /home/nico/.local/lib/python3.10/site-packages/airflow/example_dags/example_display_name.py for tasks to queue
[2024-10-20T02:19:47.822-0300] {logging_mixin.py:190} INFO - [2024-10-20T02:19:47.821-0300] {dagbag.py:588} INFO - Filling up the DagBag from /home/nico/.local/lib/python3.10/site-packages/airflow/example_dags/example_display_name.py
[2024-10-20T02:19:47.849-0300] {processor.py:925} INFO - DAG(s) 'example_display_name' retrieved from /home/nico/.local/lib/python3.10/site-packages/airflow/example_dags/example_display_name.py
[2024-10-20T02:19:47.924-0300] {logging_mixin.py:190} INFO - [2024-10-20T02:19:47.923-0300] {dag.py:3239} INFO - Sync 1 DAGs
[2024-10-20T02:19:47.974-0300] {logging_mixin.py:190} INFO - [2024-10-20T02:19:47.974-0300] {dag.py:4180} INFO - Setting next_dagrun for example_display_name to None, run_after=None
[2024-10-20T02:19:48.113-0300] {processor.py:208} INFO - Processing /home/nico/.local/lib/python3.10/site-packages/airflow/example_dags/example_display_name.py took 0.324 seconds
[2024-10-20T02:23:12.044-0300] {processor.py:186} INFO - Started process (PID=84420) to work on /home/nico/.local/lib/python3.10/site-packages/airflow/example_dags/example_display_name.py
[2024-10-20T02:23:12.047-0300] {processor.py:914} INFO - Processing file /home/nico/.local/lib/python3.10/site-packages/airflow/example_dags/example_display_name.py for tasks to queue
[2024-10-20T02:23:12.057-0300] {logging_mixin.py:190} INFO - [2024-10-20T02:23:12.056-0300] {dagbag.py:588} INFO - Filling up the DagBag from /home/nico/.local/lib/python3.10/site-packages/airflow/example_dags/example_display_name.py
[2024-10-20T02:23:12.085-0300] {processor.py:925} INFO - DAG(s) 'example_display_name' retrieved from /home/nico/.local/lib/python3.10/site-packages/airflow/example_dags/example_display_name.py
[2024-10-20T02:23:12.155-0300] {logging_mixin.py:190} INFO - [2024-10-20T02:23:12.155-0300] {dag.py:3239} INFO - Sync 1 DAGs
[2024-10-20T02:23:12.213-0300] {logging_mixin.py:190} INFO - [2024-10-20T02:23:12.212-0300] {dag.py:4180} INFO - Setting next_dagrun for example_display_name to None, run_after=None
[2024-10-20T02:23:12.324-0300] {processor.py:208} INFO - Processing /home/nico/.local/lib/python3.10/site-packages/airflow/example_dags/example_display_name.py took 0.298 seconds
[2024-10-20T02:30:11.033-0300] {processor.py:186} INFO - Started process (PID=86307) to work on /home/nico/.local/lib/python3.10/site-packages/airflow/example_dags/example_display_name.py
[2024-10-20T02:30:11.038-0300] {processor.py:914} INFO - Processing file /home/nico/.local/lib/python3.10/site-packages/airflow/example_dags/example_display_name.py for tasks to queue
[2024-10-20T02:30:11.063-0300] {logging_mixin.py:190} INFO - [2024-10-20T02:30:11.062-0300] {dagbag.py:588} INFO - Filling up the DagBag from /home/nico/.local/lib/python3.10/site-packages/airflow/example_dags/example_display_name.py
[2024-10-20T02:30:11.128-0300] {processor.py:925} INFO - DAG(s) 'example_display_name' retrieved from /home/nico/.local/lib/python3.10/site-packages/airflow/example_dags/example_display_name.py
[2024-10-20T02:30:11.271-0300] {logging_mixin.py:190} INFO - [2024-10-20T02:30:11.270-0300] {dag.py:3239} INFO - Sync 1 DAGs
[2024-10-20T02:30:11.342-0300] {logging_mixin.py:190} INFO - [2024-10-20T02:30:11.341-0300] {dag.py:4180} INFO - Setting next_dagrun for example_display_name to None, run_after=None
[2024-10-20T02:30:11.936-0300] {processor.py:208} INFO - Processing /home/nico/.local/lib/python3.10/site-packages/airflow/example_dags/example_display_name.py took 0.955 seconds
[2024-10-20T02:33:22.593-0300] {processor.py:186} INFO - Started process (PID=87128) to work on /home/nico/.local/lib/python3.10/site-packages/airflow/example_dags/example_display_name.py
[2024-10-20T02:33:22.596-0300] {processor.py:914} INFO - Processing file /home/nico/.local/lib/python3.10/site-packages/airflow/example_dags/example_display_name.py for tasks to queue
[2024-10-20T02:33:22.603-0300] {logging_mixin.py:190} INFO - [2024-10-20T02:33:22.602-0300] {dagbag.py:588} INFO - Filling up the DagBag from /home/nico/.local/lib/python3.10/site-packages/airflow/example_dags/example_display_name.py
[2024-10-20T02:33:22.625-0300] {processor.py:925} INFO - DAG(s) 'example_display_name' retrieved from /home/nico/.local/lib/python3.10/site-packages/airflow/example_dags/example_display_name.py
[2024-10-20T02:33:22.681-0300] {logging_mixin.py:190} INFO - [2024-10-20T02:33:22.681-0300] {dag.py:3239} INFO - Sync 1 DAGs
[2024-10-20T02:33:22.718-0300] {logging_mixin.py:190} INFO - [2024-10-20T02:33:22.718-0300] {dag.py:4180} INFO - Setting next_dagrun for example_display_name to None, run_after=None
[2024-10-20T02:33:22.857-0300] {processor.py:208} INFO - Processing /home/nico/.local/lib/python3.10/site-packages/airflow/example_dags/example_display_name.py took 0.288 seconds
[2024-10-20T02:52:21.970-0300] {processor.py:186} INFO - Started process (PID=91641) to work on /home/nico/.local/lib/python3.10/site-packages/airflow/example_dags/example_display_name.py
[2024-10-20T02:52:21.973-0300] {processor.py:914} INFO - Processing file /home/nico/.local/lib/python3.10/site-packages/airflow/example_dags/example_display_name.py for tasks to queue
[2024-10-20T02:52:21.985-0300] {logging_mixin.py:190} INFO - [2024-10-20T02:52:21.983-0300] {dagbag.py:588} INFO - Filling up the DagBag from /home/nico/.local/lib/python3.10/site-packages/airflow/example_dags/example_display_name.py
[2024-10-20T02:52:22.019-0300] {processor.py:925} INFO - DAG(s) 'example_display_name' retrieved from /home/nico/.local/lib/python3.10/site-packages/airflow/example_dags/example_display_name.py
[2024-10-20T02:52:22.114-0300] {logging_mixin.py:190} INFO - [2024-10-20T02:52:22.113-0300] {dag.py:3239} INFO - Sync 1 DAGs
[2024-10-20T02:52:22.185-0300] {logging_mixin.py:190} INFO - [2024-10-20T02:52:22.184-0300] {dag.py:4180} INFO - Setting next_dagrun for example_display_name to None, run_after=None
[2024-10-20T02:52:22.495-0300] {processor.py:208} INFO - Processing /home/nico/.local/lib/python3.10/site-packages/airflow/example_dags/example_display_name.py took 0.547 seconds
[2024-10-20T02:56:21.414-0300] {processor.py:186} INFO - Started process (PID=92707) to work on /home/nico/.local/lib/python3.10/site-packages/airflow/example_dags/example_display_name.py
[2024-10-20T02:56:21.419-0300] {processor.py:914} INFO - Processing file /home/nico/.local/lib/python3.10/site-packages/airflow/example_dags/example_display_name.py for tasks to queue
[2024-10-20T02:56:21.430-0300] {logging_mixin.py:190} INFO - [2024-10-20T02:56:21.429-0300] {dagbag.py:588} INFO - Filling up the DagBag from /home/nico/.local/lib/python3.10/site-packages/airflow/example_dags/example_display_name.py
[2024-10-20T02:56:21.456-0300] {processor.py:925} INFO - DAG(s) 'example_display_name' retrieved from /home/nico/.local/lib/python3.10/site-packages/airflow/example_dags/example_display_name.py
[2024-10-20T02:56:21.514-0300] {logging_mixin.py:190} INFO - [2024-10-20T02:56:21.513-0300] {dag.py:3239} INFO - Sync 1 DAGs
[2024-10-20T02:56:21.563-0300] {logging_mixin.py:190} INFO - [2024-10-20T02:56:21.562-0300] {dag.py:4180} INFO - Setting next_dagrun for example_display_name to None, run_after=None
[2024-10-20T02:56:21.684-0300] {processor.py:208} INFO - Processing /home/nico/.local/lib/python3.10/site-packages/airflow/example_dags/example_display_name.py took 0.296 seconds
[2024-10-20T03:00:24.137-0300] {processor.py:186} INFO - Started process (PID=93739) to work on /home/nico/.local/lib/python3.10/site-packages/airflow/example_dags/example_display_name.py
[2024-10-20T03:00:24.142-0300] {processor.py:914} INFO - Processing file /home/nico/.local/lib/python3.10/site-packages/airflow/example_dags/example_display_name.py for tasks to queue
[2024-10-20T03:00:24.152-0300] {logging_mixin.py:190} INFO - [2024-10-20T03:00:24.151-0300] {dagbag.py:588} INFO - Filling up the DagBag from /home/nico/.local/lib/python3.10/site-packages/airflow/example_dags/example_display_name.py
[2024-10-20T03:00:24.180-0300] {processor.py:925} INFO - DAG(s) 'example_display_name' retrieved from /home/nico/.local/lib/python3.10/site-packages/airflow/example_dags/example_display_name.py
[2024-10-20T03:00:24.245-0300] {logging_mixin.py:190} INFO - [2024-10-20T03:00:24.244-0300] {dag.py:3239} INFO - Sync 1 DAGs
[2024-10-20T03:00:24.301-0300] {logging_mixin.py:190} INFO - [2024-10-20T03:00:24.300-0300] {dag.py:4180} INFO - Setting next_dagrun for example_display_name to None, run_after=None
[2024-10-20T03:00:24.489-0300] {processor.py:208} INFO - Processing /home/nico/.local/lib/python3.10/site-packages/airflow/example_dags/example_display_name.py took 0.376 seconds
[2024-10-20T11:12:17.636-0300] {processor.py:186} INFO - Started process (PID=99058) to work on /home/nico/.local/lib/python3.10/site-packages/airflow/example_dags/example_display_name.py
[2024-10-20T11:12:17.650-0300] {processor.py:914} INFO - Processing file /home/nico/.local/lib/python3.10/site-packages/airflow/example_dags/example_display_name.py for tasks to queue
[2024-10-20T11:12:17.665-0300] {logging_mixin.py:190} INFO - [2024-10-20T11:12:17.664-0300] {dagbag.py:588} INFO - Filling up the DagBag from /home/nico/.local/lib/python3.10/site-packages/airflow/example_dags/example_display_name.py
[2024-10-20T11:12:17.728-0300] {processor.py:925} INFO - DAG(s) 'example_display_name' retrieved from /home/nico/.local/lib/python3.10/site-packages/airflow/example_dags/example_display_name.py
[2024-10-20T11:12:17.871-0300] {logging_mixin.py:190} INFO - [2024-10-20T11:12:17.862-0300] {dag.py:3239} INFO - Sync 1 DAGs
[2024-10-20T11:12:18.001-0300] {logging_mixin.py:190} INFO - [2024-10-20T11:12:18.000-0300] {dag.py:4180} INFO - Setting next_dagrun for example_display_name to None, run_after=None
[2024-10-20T11:12:18.226-0300] {processor.py:208} INFO - Processing /home/nico/.local/lib/python3.10/site-packages/airflow/example_dags/example_display_name.py took 0.644 seconds
[2024-10-20T11:16:30.590-0300] {processor.py:186} INFO - Started process (PID=100115) to work on /home/nico/.local/lib/python3.10/site-packages/airflow/example_dags/example_display_name.py
[2024-10-20T11:16:30.598-0300] {processor.py:914} INFO - Processing file /home/nico/.local/lib/python3.10/site-packages/airflow/example_dags/example_display_name.py for tasks to queue
[2024-10-20T11:16:30.607-0300] {logging_mixin.py:190} INFO - [2024-10-20T11:16:30.606-0300] {dagbag.py:588} INFO - Filling up the DagBag from /home/nico/.local/lib/python3.10/site-packages/airflow/example_dags/example_display_name.py
[2024-10-20T11:16:30.627-0300] {processor.py:925} INFO - DAG(s) 'example_display_name' retrieved from /home/nico/.local/lib/python3.10/site-packages/airflow/example_dags/example_display_name.py
[2024-10-20T11:16:30.704-0300] {logging_mixin.py:190} INFO - [2024-10-20T11:16:30.703-0300] {dag.py:3239} INFO - Sync 1 DAGs
[2024-10-20T11:16:30.747-0300] {logging_mixin.py:190} INFO - [2024-10-20T11:16:30.746-0300] {dag.py:4180} INFO - Setting next_dagrun for example_display_name to None, run_after=None
[2024-10-20T11:16:30.895-0300] {processor.py:208} INFO - Processing /home/nico/.local/lib/python3.10/site-packages/airflow/example_dags/example_display_name.py took 0.341 seconds
[2024-10-20T11:20:17.250-0300] {processor.py:186} INFO - Started process (PID=101117) to work on /home/nico/.local/lib/python3.10/site-packages/airflow/example_dags/example_display_name.py
[2024-10-20T11:20:17.253-0300] {processor.py:914} INFO - Processing file /home/nico/.local/lib/python3.10/site-packages/airflow/example_dags/example_display_name.py for tasks to queue
[2024-10-20T11:20:17.266-0300] {logging_mixin.py:190} INFO - [2024-10-20T11:20:17.265-0300] {dagbag.py:588} INFO - Filling up the DagBag from /home/nico/.local/lib/python3.10/site-packages/airflow/example_dags/example_display_name.py
[2024-10-20T11:20:17.304-0300] {processor.py:925} INFO - DAG(s) 'example_display_name' retrieved from /home/nico/.local/lib/python3.10/site-packages/airflow/example_dags/example_display_name.py
[2024-10-20T11:20:17.529-0300] {logging_mixin.py:190} INFO - [2024-10-20T11:20:17.529-0300] {dag.py:3239} INFO - Sync 1 DAGs
[2024-10-20T11:20:17.713-0300] {logging_mixin.py:190} INFO - [2024-10-20T11:20:17.712-0300] {dag.py:4180} INFO - Setting next_dagrun for example_display_name to None, run_after=None
[2024-10-20T11:20:17.941-0300] {processor.py:208} INFO - Processing /home/nico/.local/lib/python3.10/site-packages/airflow/example_dags/example_display_name.py took 0.733 seconds
[2024-10-20T11:24:20.818-0300] {processor.py:186} INFO - Started process (PID=102151) to work on /home/nico/.local/lib/python3.10/site-packages/airflow/example_dags/example_display_name.py
[2024-10-20T11:24:20.821-0300] {processor.py:914} INFO - Processing file /home/nico/.local/lib/python3.10/site-packages/airflow/example_dags/example_display_name.py for tasks to queue
[2024-10-20T11:24:20.827-0300] {logging_mixin.py:190} INFO - [2024-10-20T11:24:20.826-0300] {dagbag.py:588} INFO - Filling up the DagBag from /home/nico/.local/lib/python3.10/site-packages/airflow/example_dags/example_display_name.py
[2024-10-20T11:24:20.845-0300] {processor.py:925} INFO - DAG(s) 'example_display_name' retrieved from /home/nico/.local/lib/python3.10/site-packages/airflow/example_dags/example_display_name.py
[2024-10-20T11:24:20.955-0300] {logging_mixin.py:190} INFO - [2024-10-20T11:24:20.954-0300] {dag.py:3239} INFO - Sync 1 DAGs
[2024-10-20T11:24:21.030-0300] {logging_mixin.py:190} INFO - [2024-10-20T11:24:21.028-0300] {dag.py:4180} INFO - Setting next_dagrun for example_display_name to None, run_after=None
[2024-10-20T11:24:21.169-0300] {processor.py:208} INFO - Processing /home/nico/.local/lib/python3.10/site-packages/airflow/example_dags/example_display_name.py took 0.369 seconds
[2024-10-20T11:42:10.921-0300] {processor.py:186} INFO - Started process (PID=106715) to work on /home/nico/.local/lib/python3.10/site-packages/airflow/example_dags/example_display_name.py
[2024-10-20T11:42:10.925-0300] {processor.py:914} INFO - Processing file /home/nico/.local/lib/python3.10/site-packages/airflow/example_dags/example_display_name.py for tasks to queue
[2024-10-20T11:42:10.930-0300] {logging_mixin.py:190} INFO - [2024-10-20T11:42:10.929-0300] {dagbag.py:588} INFO - Filling up the DagBag from /home/nico/.local/lib/python3.10/site-packages/airflow/example_dags/example_display_name.py
[2024-10-20T11:42:10.948-0300] {processor.py:925} INFO - DAG(s) 'example_display_name' retrieved from /home/nico/.local/lib/python3.10/site-packages/airflow/example_dags/example_display_name.py
[2024-10-20T11:42:11.014-0300] {logging_mixin.py:190} INFO - [2024-10-20T11:42:11.014-0300] {dag.py:3239} INFO - Sync 1 DAGs
[2024-10-20T11:42:11.056-0300] {logging_mixin.py:190} INFO - [2024-10-20T11:42:11.055-0300] {dag.py:4180} INFO - Setting next_dagrun for example_display_name to None, run_after=None
[2024-10-20T11:42:11.230-0300] {processor.py:208} INFO - Processing /home/nico/.local/lib/python3.10/site-packages/airflow/example_dags/example_display_name.py took 0.327 seconds
[2024-10-20T11:44:57.654-0300] {processor.py:186} INFO - Started process (PID=107437) to work on /home/nico/.local/lib/python3.10/site-packages/airflow/example_dags/example_display_name.py
[2024-10-20T11:44:57.658-0300] {processor.py:914} INFO - Processing file /home/nico/.local/lib/python3.10/site-packages/airflow/example_dags/example_display_name.py for tasks to queue
[2024-10-20T11:44:57.662-0300] {logging_mixin.py:190} INFO - [2024-10-20T11:44:57.661-0300] {dagbag.py:588} INFO - Filling up the DagBag from /home/nico/.local/lib/python3.10/site-packages/airflow/example_dags/example_display_name.py
[2024-10-20T11:44:57.680-0300] {processor.py:925} INFO - DAG(s) 'example_display_name' retrieved from /home/nico/.local/lib/python3.10/site-packages/airflow/example_dags/example_display_name.py
[2024-10-20T11:44:57.739-0300] {logging_mixin.py:190} INFO - [2024-10-20T11:44:57.738-0300] {dag.py:3239} INFO - Sync 1 DAGs
[2024-10-20T11:44:57.784-0300] {logging_mixin.py:190} INFO - [2024-10-20T11:44:57.784-0300] {dag.py:4180} INFO - Setting next_dagrun for example_display_name to None, run_after=None
[2024-10-20T11:44:57.908-0300] {processor.py:208} INFO - Processing /home/nico/.local/lib/python3.10/site-packages/airflow/example_dags/example_display_name.py took 0.272 seconds
[2024-10-20T11:47:21.274-0300] {processor.py:186} INFO - Started process (PID=108068) to work on /home/nico/.local/lib/python3.10/site-packages/airflow/example_dags/example_display_name.py
[2024-10-20T11:47:21.277-0300] {processor.py:914} INFO - Processing file /home/nico/.local/lib/python3.10/site-packages/airflow/example_dags/example_display_name.py for tasks to queue
[2024-10-20T11:47:21.280-0300] {logging_mixin.py:190} INFO - [2024-10-20T11:47:21.279-0300] {dagbag.py:588} INFO - Filling up the DagBag from /home/nico/.local/lib/python3.10/site-packages/airflow/example_dags/example_display_name.py
[2024-10-20T11:47:21.294-0300] {processor.py:925} INFO - DAG(s) 'example_display_name' retrieved from /home/nico/.local/lib/python3.10/site-packages/airflow/example_dags/example_display_name.py
[2024-10-20T11:47:21.355-0300] {logging_mixin.py:190} INFO - [2024-10-20T11:47:21.354-0300] {dag.py:3239} INFO - Sync 1 DAGs
[2024-10-20T11:47:21.400-0300] {logging_mixin.py:190} INFO - [2024-10-20T11:47:21.399-0300] {dag.py:4180} INFO - Setting next_dagrun for example_display_name to None, run_after=None
[2024-10-20T11:47:21.525-0300] {processor.py:208} INFO - Processing /home/nico/.local/lib/python3.10/site-packages/airflow/example_dags/example_display_name.py took 0.267 seconds
[2024-10-20T11:50:01.696-0300] {processor.py:186} INFO - Started process (PID=108769) to work on /home/nico/.local/lib/python3.10/site-packages/airflow/example_dags/example_display_name.py
[2024-10-20T11:50:01.702-0300] {processor.py:914} INFO - Processing file /home/nico/.local/lib/python3.10/site-packages/airflow/example_dags/example_display_name.py for tasks to queue
[2024-10-20T11:50:01.714-0300] {logging_mixin.py:190} INFO - [2024-10-20T11:50:01.713-0300] {dagbag.py:588} INFO - Filling up the DagBag from /home/nico/.local/lib/python3.10/site-packages/airflow/example_dags/example_display_name.py
[2024-10-20T11:50:01.762-0300] {processor.py:925} INFO - DAG(s) 'example_display_name' retrieved from /home/nico/.local/lib/python3.10/site-packages/airflow/example_dags/example_display_name.py
[2024-10-20T11:50:01.983-0300] {logging_mixin.py:190} INFO - [2024-10-20T11:50:01.982-0300] {dag.py:3239} INFO - Sync 1 DAGs
[2024-10-20T11:50:02.091-0300] {logging_mixin.py:190} INFO - [2024-10-20T11:50:02.078-0300] {dag.py:4180} INFO - Setting next_dagrun for example_display_name to None, run_after=None
[2024-10-20T11:50:02.582-0300] {processor.py:208} INFO - Processing /home/nico/.local/lib/python3.10/site-packages/airflow/example_dags/example_display_name.py took 0.941 seconds
[2024-10-20T11:53:19.403-0300] {processor.py:186} INFO - Started process (PID=109611) to work on /home/nico/.local/lib/python3.10/site-packages/airflow/example_dags/example_display_name.py
[2024-10-20T11:53:19.418-0300] {processor.py:914} INFO - Processing file /home/nico/.local/lib/python3.10/site-packages/airflow/example_dags/example_display_name.py for tasks to queue
[2024-10-20T11:53:19.432-0300] {logging_mixin.py:190} INFO - [2024-10-20T11:53:19.421-0300] {dagbag.py:588} INFO - Filling up the DagBag from /home/nico/.local/lib/python3.10/site-packages/airflow/example_dags/example_display_name.py
[2024-10-20T11:53:19.457-0300] {processor.py:925} INFO - DAG(s) 'example_display_name' retrieved from /home/nico/.local/lib/python3.10/site-packages/airflow/example_dags/example_display_name.py
[2024-10-20T11:53:19.528-0300] {logging_mixin.py:190} INFO - [2024-10-20T11:53:19.527-0300] {dag.py:3239} INFO - Sync 1 DAGs
[2024-10-20T11:53:19.571-0300] {logging_mixin.py:190} INFO - [2024-10-20T11:53:19.570-0300] {dag.py:4180} INFO - Setting next_dagrun for example_display_name to None, run_after=None
[2024-10-20T11:53:19.726-0300] {processor.py:208} INFO - Processing /home/nico/.local/lib/python3.10/site-packages/airflow/example_dags/example_display_name.py took 0.377 seconds
[2024-10-20T11:55:59.019-0300] {processor.py:186} INFO - Started process (PID=110309) to work on /home/nico/.local/lib/python3.10/site-packages/airflow/example_dags/example_display_name.py
[2024-10-20T11:55:59.024-0300] {processor.py:914} INFO - Processing file /home/nico/.local/lib/python3.10/site-packages/airflow/example_dags/example_display_name.py for tasks to queue
[2024-10-20T11:55:59.035-0300] {logging_mixin.py:190} INFO - [2024-10-20T11:55:59.032-0300] {dagbag.py:588} INFO - Filling up the DagBag from /home/nico/.local/lib/python3.10/site-packages/airflow/example_dags/example_display_name.py
[2024-10-20T11:55:59.053-0300] {processor.py:925} INFO - DAG(s) 'example_display_name' retrieved from /home/nico/.local/lib/python3.10/site-packages/airflow/example_dags/example_display_name.py
[2024-10-20T11:55:59.107-0300] {logging_mixin.py:190} INFO - [2024-10-20T11:55:59.106-0300] {dag.py:3239} INFO - Sync 1 DAGs
[2024-10-20T11:55:59.150-0300] {logging_mixin.py:190} INFO - [2024-10-20T11:55:59.149-0300] {dag.py:4180} INFO - Setting next_dagrun for example_display_name to None, run_after=None
[2024-10-20T11:55:59.274-0300] {processor.py:208} INFO - Processing /home/nico/.local/lib/python3.10/site-packages/airflow/example_dags/example_display_name.py took 0.284 seconds
[2024-10-20T11:58:28.182-0300] {processor.py:186} INFO - Started process (PID=110962) to work on /home/nico/.local/lib/python3.10/site-packages/airflow/example_dags/example_display_name.py
[2024-10-20T11:58:28.186-0300] {processor.py:914} INFO - Processing file /home/nico/.local/lib/python3.10/site-packages/airflow/example_dags/example_display_name.py for tasks to queue
[2024-10-20T11:58:28.191-0300] {logging_mixin.py:190} INFO - [2024-10-20T11:58:28.190-0300] {dagbag.py:588} INFO - Filling up the DagBag from /home/nico/.local/lib/python3.10/site-packages/airflow/example_dags/example_display_name.py
[2024-10-20T11:58:28.208-0300] {processor.py:925} INFO - DAG(s) 'example_display_name' retrieved from /home/nico/.local/lib/python3.10/site-packages/airflow/example_dags/example_display_name.py
[2024-10-20T11:58:28.259-0300] {logging_mixin.py:190} INFO - [2024-10-20T11:58:28.258-0300] {dag.py:3239} INFO - Sync 1 DAGs
[2024-10-20T11:58:28.293-0300] {logging_mixin.py:190} INFO - [2024-10-20T11:58:28.292-0300] {dag.py:4180} INFO - Setting next_dagrun for example_display_name to None, run_after=None
[2024-10-20T11:58:28.416-0300] {processor.py:208} INFO - Processing /home/nico/.local/lib/python3.10/site-packages/airflow/example_dags/example_display_name.py took 0.256 seconds
[2024-10-20T12:00:50.049-0300] {processor.py:186} INFO - Started process (PID=111586) to work on /home/nico/.local/lib/python3.10/site-packages/airflow/example_dags/example_display_name.py
[2024-10-20T12:00:50.053-0300] {processor.py:914} INFO - Processing file /home/nico/.local/lib/python3.10/site-packages/airflow/example_dags/example_display_name.py for tasks to queue
[2024-10-20T12:00:50.057-0300] {logging_mixin.py:190} INFO - [2024-10-20T12:00:50.056-0300] {dagbag.py:588} INFO - Filling up the DagBag from /home/nico/.local/lib/python3.10/site-packages/airflow/example_dags/example_display_name.py
[2024-10-20T12:00:50.075-0300] {processor.py:925} INFO - DAG(s) 'example_display_name' retrieved from /home/nico/.local/lib/python3.10/site-packages/airflow/example_dags/example_display_name.py
[2024-10-20T12:00:50.130-0300] {logging_mixin.py:190} INFO - [2024-10-20T12:00:50.129-0300] {dag.py:3239} INFO - Sync 1 DAGs
[2024-10-20T12:00:50.261-0300] {logging_mixin.py:190} INFO - [2024-10-20T12:00:50.260-0300] {dag.py:4180} INFO - Setting next_dagrun for example_display_name to None, run_after=None
[2024-10-20T12:00:50.578-0300] {processor.py:208} INFO - Processing /home/nico/.local/lib/python3.10/site-packages/airflow/example_dags/example_display_name.py took 0.551 seconds
[2024-10-20T12:03:36.887-0300] {processor.py:186} INFO - Started process (PID=112308) to work on /home/nico/.local/lib/python3.10/site-packages/airflow/example_dags/example_display_name.py
[2024-10-20T12:03:36.891-0300] {processor.py:914} INFO - Processing file /home/nico/.local/lib/python3.10/site-packages/airflow/example_dags/example_display_name.py for tasks to queue
[2024-10-20T12:03:36.895-0300] {logging_mixin.py:190} INFO - [2024-10-20T12:03:36.894-0300] {dagbag.py:588} INFO - Filling up the DagBag from /home/nico/.local/lib/python3.10/site-packages/airflow/example_dags/example_display_name.py
[2024-10-20T12:03:36.910-0300] {processor.py:925} INFO - DAG(s) 'example_display_name' retrieved from /home/nico/.local/lib/python3.10/site-packages/airflow/example_dags/example_display_name.py
[2024-10-20T12:03:36.969-0300] {logging_mixin.py:190} INFO - [2024-10-20T12:03:36.969-0300] {dag.py:3239} INFO - Sync 1 DAGs
[2024-10-20T12:03:37.009-0300] {logging_mixin.py:190} INFO - [2024-10-20T12:03:37.008-0300] {dag.py:4180} INFO - Setting next_dagrun for example_display_name to None, run_after=None
[2024-10-20T12:03:37.152-0300] {processor.py:208} INFO - Processing /home/nico/.local/lib/python3.10/site-packages/airflow/example_dags/example_display_name.py took 0.285 seconds
[2024-10-20T12:08:55.287-0300] {processor.py:186} INFO - Started process (PID=113626) to work on /home/nico/.local/lib/python3.10/site-packages/airflow/example_dags/example_display_name.py
[2024-10-20T12:08:55.290-0300] {processor.py:914} INFO - Processing file /home/nico/.local/lib/python3.10/site-packages/airflow/example_dags/example_display_name.py for tasks to queue
[2024-10-20T12:08:55.293-0300] {logging_mixin.py:190} INFO - [2024-10-20T12:08:55.292-0300] {dagbag.py:588} INFO - Filling up the DagBag from /home/nico/.local/lib/python3.10/site-packages/airflow/example_dags/example_display_name.py
[2024-10-20T12:08:55.318-0300] {processor.py:925} INFO - DAG(s) 'example_display_name' retrieved from /home/nico/.local/lib/python3.10/site-packages/airflow/example_dags/example_display_name.py
[2024-10-20T12:08:55.385-0300] {logging_mixin.py:190} INFO - [2024-10-20T12:08:55.384-0300] {dag.py:3239} INFO - Sync 1 DAGs
[2024-10-20T12:08:55.431-0300] {logging_mixin.py:190} INFO - [2024-10-20T12:08:55.430-0300] {dag.py:4180} INFO - Setting next_dagrun for example_display_name to None, run_after=None
[2024-10-20T12:08:55.570-0300] {processor.py:208} INFO - Processing /home/nico/.local/lib/python3.10/site-packages/airflow/example_dags/example_display_name.py took 0.299 seconds
[2024-10-20T12:12:33.724-0300] {processor.py:186} INFO - Started process (PID=114554) to work on /home/nico/.local/lib/python3.10/site-packages/airflow/example_dags/example_display_name.py
[2024-10-20T12:12:33.727-0300] {processor.py:914} INFO - Processing file /home/nico/.local/lib/python3.10/site-packages/airflow/example_dags/example_display_name.py for tasks to queue
[2024-10-20T12:12:33.731-0300] {logging_mixin.py:190} INFO - [2024-10-20T12:12:33.730-0300] {dagbag.py:588} INFO - Filling up the DagBag from /home/nico/.local/lib/python3.10/site-packages/airflow/example_dags/example_display_name.py
[2024-10-20T12:12:33.744-0300] {processor.py:925} INFO - DAG(s) 'example_display_name' retrieved from /home/nico/.local/lib/python3.10/site-packages/airflow/example_dags/example_display_name.py
[2024-10-20T12:12:33.805-0300] {logging_mixin.py:190} INFO - [2024-10-20T12:12:33.804-0300] {dag.py:3239} INFO - Sync 1 DAGs
[2024-10-20T12:12:33.840-0300] {logging_mixin.py:190} INFO - [2024-10-20T12:12:33.839-0300] {dag.py:4180} INFO - Setting next_dagrun for example_display_name to None, run_after=None
[2024-10-20T12:12:33.961-0300] {processor.py:208} INFO - Processing /home/nico/.local/lib/python3.10/site-packages/airflow/example_dags/example_display_name.py took 0.255 seconds
[2024-10-20T12:15:17.597-0300] {processor.py:186} INFO - Started process (PID=115263) to work on /home/nico/.local/lib/python3.10/site-packages/airflow/example_dags/example_display_name.py
[2024-10-20T12:15:17.602-0300] {processor.py:914} INFO - Processing file /home/nico/.local/lib/python3.10/site-packages/airflow/example_dags/example_display_name.py for tasks to queue
[2024-10-20T12:15:17.609-0300] {logging_mixin.py:190} INFO - [2024-10-20T12:15:17.607-0300] {dagbag.py:588} INFO - Filling up the DagBag from /home/nico/.local/lib/python3.10/site-packages/airflow/example_dags/example_display_name.py
[2024-10-20T12:15:17.628-0300] {processor.py:925} INFO - DAG(s) 'example_display_name' retrieved from /home/nico/.local/lib/python3.10/site-packages/airflow/example_dags/example_display_name.py
[2024-10-20T12:15:17.700-0300] {logging_mixin.py:190} INFO - [2024-10-20T12:15:17.700-0300] {dag.py:3239} INFO - Sync 1 DAGs
[2024-10-20T12:15:17.739-0300] {logging_mixin.py:190} INFO - [2024-10-20T12:15:17.738-0300] {dag.py:4180} INFO - Setting next_dagrun for example_display_name to None, run_after=None
[2024-10-20T12:15:17.885-0300] {processor.py:208} INFO - Processing /home/nico/.local/lib/python3.10/site-packages/airflow/example_dags/example_display_name.py took 0.322 seconds
[2024-10-20T12:18:07.593-0300] {processor.py:186} INFO - Started process (PID=116008) to work on /home/nico/.local/lib/python3.10/site-packages/airflow/example_dags/example_display_name.py
[2024-10-20T12:18:07.596-0300] {processor.py:914} INFO - Processing file /home/nico/.local/lib/python3.10/site-packages/airflow/example_dags/example_display_name.py for tasks to queue
[2024-10-20T12:18:07.599-0300] {logging_mixin.py:190} INFO - [2024-10-20T12:18:07.598-0300] {dagbag.py:588} INFO - Filling up the DagBag from /home/nico/.local/lib/python3.10/site-packages/airflow/example_dags/example_display_name.py
[2024-10-20T12:18:07.618-0300] {processor.py:925} INFO - DAG(s) 'example_display_name' retrieved from /home/nico/.local/lib/python3.10/site-packages/airflow/example_dags/example_display_name.py
[2024-10-20T12:18:07.682-0300] {logging_mixin.py:190} INFO - [2024-10-20T12:18:07.681-0300] {dag.py:3239} INFO - Sync 1 DAGs
[2024-10-20T12:18:07.725-0300] {logging_mixin.py:190} INFO - [2024-10-20T12:18:07.724-0300] {dag.py:4180} INFO - Setting next_dagrun for example_display_name to None, run_after=None
[2024-10-20T12:18:07.852-0300] {processor.py:208} INFO - Processing /home/nico/.local/lib/python3.10/site-packages/airflow/example_dags/example_display_name.py took 0.281 seconds
[2024-10-20T12:20:38.242-0300] {processor.py:186} INFO - Started process (PID=116667) to work on /home/nico/.local/lib/python3.10/site-packages/airflow/example_dags/example_display_name.py
[2024-10-20T12:20:38.246-0300] {processor.py:914} INFO - Processing file /home/nico/.local/lib/python3.10/site-packages/airflow/example_dags/example_display_name.py for tasks to queue
[2024-10-20T12:20:38.251-0300] {logging_mixin.py:190} INFO - [2024-10-20T12:20:38.250-0300] {dagbag.py:588} INFO - Filling up the DagBag from /home/nico/.local/lib/python3.10/site-packages/airflow/example_dags/example_display_name.py
[2024-10-20T12:20:38.268-0300] {processor.py:925} INFO - DAG(s) 'example_display_name' retrieved from /home/nico/.local/lib/python3.10/site-packages/airflow/example_dags/example_display_name.py
[2024-10-20T12:20:38.327-0300] {logging_mixin.py:190} INFO - [2024-10-20T12:20:38.327-0300] {dag.py:3239} INFO - Sync 1 DAGs
[2024-10-20T12:20:38.361-0300] {logging_mixin.py:190} INFO - [2024-10-20T12:20:38.360-0300] {dag.py:4180} INFO - Setting next_dagrun for example_display_name to None, run_after=None
[2024-10-20T12:20:38.486-0300] {processor.py:208} INFO - Processing /home/nico/.local/lib/python3.10/site-packages/airflow/example_dags/example_display_name.py took 0.289 seconds
[2024-10-20T12:22:56.742-0300] {processor.py:186} INFO - Started process (PID=117280) to work on /home/nico/.local/lib/python3.10/site-packages/airflow/example_dags/example_display_name.py
[2024-10-20T12:22:56.745-0300] {processor.py:914} INFO - Processing file /home/nico/.local/lib/python3.10/site-packages/airflow/example_dags/example_display_name.py for tasks to queue
[2024-10-20T12:22:56.750-0300] {logging_mixin.py:190} INFO - [2024-10-20T12:22:56.749-0300] {dagbag.py:588} INFO - Filling up the DagBag from /home/nico/.local/lib/python3.10/site-packages/airflow/example_dags/example_display_name.py
[2024-10-20T12:22:56.766-0300] {processor.py:925} INFO - DAG(s) 'example_display_name' retrieved from /home/nico/.local/lib/python3.10/site-packages/airflow/example_dags/example_display_name.py
[2024-10-20T12:22:56.833-0300] {logging_mixin.py:190} INFO - [2024-10-20T12:22:56.831-0300] {dag.py:3239} INFO - Sync 1 DAGs
[2024-10-20T12:22:57.005-0300] {logging_mixin.py:190} INFO - [2024-10-20T12:22:57.005-0300] {dag.py:4180} INFO - Setting next_dagrun for example_display_name to None, run_after=None
[2024-10-20T12:22:57.424-0300] {processor.py:208} INFO - Processing /home/nico/.local/lib/python3.10/site-packages/airflow/example_dags/example_display_name.py took 0.701 seconds
[2024-10-20T12:25:22.493-0300] {processor.py:186} INFO - Started process (PID=117921) to work on /home/nico/.local/lib/python3.10/site-packages/airflow/example_dags/example_display_name.py
[2024-10-20T12:25:22.502-0300] {processor.py:914} INFO - Processing file /home/nico/.local/lib/python3.10/site-packages/airflow/example_dags/example_display_name.py for tasks to queue
[2024-10-20T12:25:22.512-0300] {logging_mixin.py:190} INFO - [2024-10-20T12:25:22.509-0300] {dagbag.py:588} INFO - Filling up the DagBag from /home/nico/.local/lib/python3.10/site-packages/airflow/example_dags/example_display_name.py
[2024-10-20T12:25:22.539-0300] {processor.py:925} INFO - DAG(s) 'example_display_name' retrieved from /home/nico/.local/lib/python3.10/site-packages/airflow/example_dags/example_display_name.py
[2024-10-20T12:25:22.593-0300] {logging_mixin.py:190} INFO - [2024-10-20T12:25:22.592-0300] {dag.py:3239} INFO - Sync 1 DAGs
[2024-10-20T12:25:22.632-0300] {logging_mixin.py:190} INFO - [2024-10-20T12:25:22.631-0300] {dag.py:4180} INFO - Setting next_dagrun for example_display_name to None, run_after=None
[2024-10-20T12:25:22.763-0300] {processor.py:208} INFO - Processing /home/nico/.local/lib/python3.10/site-packages/airflow/example_dags/example_display_name.py took 0.338 seconds
[2024-10-20T12:27:45.799-0300] {processor.py:186} INFO - Started process (PID=118549) to work on /home/nico/.local/lib/python3.10/site-packages/airflow/example_dags/example_display_name.py
[2024-10-20T12:27:45.807-0300] {processor.py:914} INFO - Processing file /home/nico/.local/lib/python3.10/site-packages/airflow/example_dags/example_display_name.py for tasks to queue
[2024-10-20T12:27:45.812-0300] {logging_mixin.py:190} INFO - [2024-10-20T12:27:45.811-0300] {dagbag.py:588} INFO - Filling up the DagBag from /home/nico/.local/lib/python3.10/site-packages/airflow/example_dags/example_display_name.py
[2024-10-20T12:27:45.826-0300] {processor.py:925} INFO - DAG(s) 'example_display_name' retrieved from /home/nico/.local/lib/python3.10/site-packages/airflow/example_dags/example_display_name.py
[2024-10-20T12:27:45.905-0300] {logging_mixin.py:190} INFO - [2024-10-20T12:27:45.903-0300] {dag.py:3239} INFO - Sync 1 DAGs
[2024-10-20T12:27:45.952-0300] {logging_mixin.py:190} INFO - [2024-10-20T12:27:45.951-0300] {dag.py:4180} INFO - Setting next_dagrun for example_display_name to None, run_after=None
[2024-10-20T12:27:46.085-0300] {processor.py:208} INFO - Processing /home/nico/.local/lib/python3.10/site-packages/airflow/example_dags/example_display_name.py took 0.312 seconds
[2024-10-20T12:30:23.396-0300] {processor.py:186} INFO - Started process (PID=119234) to work on /home/nico/.local/lib/python3.10/site-packages/airflow/example_dags/example_display_name.py
[2024-10-20T12:30:23.403-0300] {processor.py:914} INFO - Processing file /home/nico/.local/lib/python3.10/site-packages/airflow/example_dags/example_display_name.py for tasks to queue
[2024-10-20T12:30:23.409-0300] {logging_mixin.py:190} INFO - [2024-10-20T12:30:23.408-0300] {dagbag.py:588} INFO - Filling up the DagBag from /home/nico/.local/lib/python3.10/site-packages/airflow/example_dags/example_display_name.py
[2024-10-20T12:30:23.432-0300] {processor.py:925} INFO - DAG(s) 'example_display_name' retrieved from /home/nico/.local/lib/python3.10/site-packages/airflow/example_dags/example_display_name.py
[2024-10-20T12:30:23.516-0300] {logging_mixin.py:190} INFO - [2024-10-20T12:30:23.516-0300] {dag.py:3239} INFO - Sync 1 DAGs
[2024-10-20T12:30:23.554-0300] {logging_mixin.py:190} INFO - [2024-10-20T12:30:23.554-0300] {dag.py:4180} INFO - Setting next_dagrun for example_display_name to None, run_after=None
[2024-10-20T12:30:23.681-0300] {processor.py:208} INFO - Processing /home/nico/.local/lib/python3.10/site-packages/airflow/example_dags/example_display_name.py took 0.309 seconds
[2024-10-20T12:36:20.612-0300] {processor.py:186} INFO - Started process (PID=120014) to work on /home/nico/.local/lib/python3.10/site-packages/airflow/example_dags/example_display_name.py
[2024-10-20T12:36:20.629-0300] {processor.py:914} INFO - Processing file /home/nico/.local/lib/python3.10/site-packages/airflow/example_dags/example_display_name.py for tasks to queue
[2024-10-20T12:36:20.641-0300] {logging_mixin.py:190} INFO - [2024-10-20T12:36:20.640-0300] {dagbag.py:588} INFO - Filling up the DagBag from /home/nico/.local/lib/python3.10/site-packages/airflow/example_dags/example_display_name.py
[2024-10-20T12:36:20.696-0300] {processor.py:925} INFO - DAG(s) 'example_display_name' retrieved from /home/nico/.local/lib/python3.10/site-packages/airflow/example_dags/example_display_name.py
[2024-10-20T12:36:20.803-0300] {logging_mixin.py:190} INFO - [2024-10-20T12:36:20.802-0300] {dag.py:3239} INFO - Sync 1 DAGs
[2024-10-20T12:36:20.832-0300] {logging_mixin.py:190} INFO - [2024-10-20T12:36:20.831-0300] {dag.py:4180} INFO - Setting next_dagrun for example_display_name to None, run_after=None
[2024-10-20T12:36:20.998-0300] {processor.py:208} INFO - Processing /home/nico/.local/lib/python3.10/site-packages/airflow/example_dags/example_display_name.py took 0.445 seconds
[2024-10-20T17:14:15.538-0300] {processor.py:186} INFO - Started process (PID=121407) to work on /home/nico/.local/lib/python3.10/site-packages/airflow/example_dags/example_display_name.py
[2024-10-20T17:14:15.541-0300] {processor.py:914} INFO - Processing file /home/nico/.local/lib/python3.10/site-packages/airflow/example_dags/example_display_name.py for tasks to queue
[2024-10-20T17:14:15.546-0300] {logging_mixin.py:190} INFO - [2024-10-20T17:14:15.545-0300] {dagbag.py:588} INFO - Filling up the DagBag from /home/nico/.local/lib/python3.10/site-packages/airflow/example_dags/example_display_name.py
[2024-10-20T17:14:15.559-0300] {processor.py:925} INFO - DAG(s) 'example_display_name' retrieved from /home/nico/.local/lib/python3.10/site-packages/airflow/example_dags/example_display_name.py
[2024-10-20T17:14:15.618-0300] {logging_mixin.py:190} INFO - [2024-10-20T17:14:15.617-0300] {dag.py:3239} INFO - Sync 1 DAGs
[2024-10-20T17:14:15.667-0300] {logging_mixin.py:190} INFO - [2024-10-20T17:14:15.666-0300] {dag.py:4180} INFO - Setting next_dagrun for example_display_name to None, run_after=None
[2024-10-20T17:14:16.212-0300] {processor.py:208} INFO - Processing /home/nico/.local/lib/python3.10/site-packages/airflow/example_dags/example_display_name.py took 0.692 seconds
[2024-10-20T17:19:37.230-0300] {processor.py:186} INFO - Started process (PID=122735) to work on /home/nico/.local/lib/python3.10/site-packages/airflow/example_dags/example_display_name.py
[2024-10-20T17:19:37.237-0300] {processor.py:914} INFO - Processing file /home/nico/.local/lib/python3.10/site-packages/airflow/example_dags/example_display_name.py for tasks to queue
[2024-10-20T17:19:37.249-0300] {logging_mixin.py:190} INFO - [2024-10-20T17:19:37.247-0300] {dagbag.py:588} INFO - Filling up the DagBag from /home/nico/.local/lib/python3.10/site-packages/airflow/example_dags/example_display_name.py
[2024-10-20T17:19:37.269-0300] {processor.py:925} INFO - DAG(s) 'example_display_name' retrieved from /home/nico/.local/lib/python3.10/site-packages/airflow/example_dags/example_display_name.py
[2024-10-20T17:19:37.361-0300] {logging_mixin.py:190} INFO - [2024-10-20T17:19:37.361-0300] {dag.py:3239} INFO - Sync 1 DAGs
[2024-10-20T17:19:37.422-0300] {logging_mixin.py:190} INFO - [2024-10-20T17:19:37.421-0300] {dag.py:4180} INFO - Setting next_dagrun for example_display_name to None, run_after=None
[2024-10-20T17:19:37.583-0300] {processor.py:208} INFO - Processing /home/nico/.local/lib/python3.10/site-packages/airflow/example_dags/example_display_name.py took 0.384 seconds
[2024-10-20T17:22:19.436-0300] {processor.py:186} INFO - Started process (PID=123446) to work on /home/nico/.local/lib/python3.10/site-packages/airflow/example_dags/example_display_name.py
[2024-10-20T17:22:19.439-0300] {processor.py:914} INFO - Processing file /home/nico/.local/lib/python3.10/site-packages/airflow/example_dags/example_display_name.py for tasks to queue
[2024-10-20T17:22:19.444-0300] {logging_mixin.py:190} INFO - [2024-10-20T17:22:19.443-0300] {dagbag.py:588} INFO - Filling up the DagBag from /home/nico/.local/lib/python3.10/site-packages/airflow/example_dags/example_display_name.py
[2024-10-20T17:22:19.467-0300] {processor.py:925} INFO - DAG(s) 'example_display_name' retrieved from /home/nico/.local/lib/python3.10/site-packages/airflow/example_dags/example_display_name.py
[2024-10-20T17:22:19.528-0300] {logging_mixin.py:190} INFO - [2024-10-20T17:22:19.527-0300] {dag.py:3239} INFO - Sync 1 DAGs
[2024-10-20T17:22:19.560-0300] {logging_mixin.py:190} INFO - [2024-10-20T17:22:19.559-0300] {dag.py:4180} INFO - Setting next_dagrun for example_display_name to None, run_after=None
[2024-10-20T17:22:19.679-0300] {processor.py:208} INFO - Processing /home/nico/.local/lib/python3.10/site-packages/airflow/example_dags/example_display_name.py took 0.267 seconds
[2024-10-20T17:24:38.996-0300] {processor.py:186} INFO - Started process (PID=124062) to work on /home/nico/.local/lib/python3.10/site-packages/airflow/example_dags/example_display_name.py
[2024-10-20T17:24:38.998-0300] {processor.py:914} INFO - Processing file /home/nico/.local/lib/python3.10/site-packages/airflow/example_dags/example_display_name.py for tasks to queue
[2024-10-20T17:24:39.001-0300] {logging_mixin.py:190} INFO - [2024-10-20T17:24:39.000-0300] {dagbag.py:588} INFO - Filling up the DagBag from /home/nico/.local/lib/python3.10/site-packages/airflow/example_dags/example_display_name.py
[2024-10-20T17:24:39.015-0300] {processor.py:925} INFO - DAG(s) 'example_display_name' retrieved from /home/nico/.local/lib/python3.10/site-packages/airflow/example_dags/example_display_name.py
[2024-10-20T17:24:39.063-0300] {logging_mixin.py:190} INFO - [2024-10-20T17:24:39.062-0300] {dag.py:3239} INFO - Sync 1 DAGs
[2024-10-20T17:24:39.093-0300] {logging_mixin.py:190} INFO - [2024-10-20T17:24:39.093-0300] {dag.py:4180} INFO - Setting next_dagrun for example_display_name to None, run_after=None
[2024-10-20T17:24:39.258-0300] {processor.py:208} INFO - Processing /home/nico/.local/lib/python3.10/site-packages/airflow/example_dags/example_display_name.py took 0.281 seconds
[2024-10-20T17:27:44.575-0300] {processor.py:186} INFO - Started process (PID=124857) to work on /home/nico/.local/lib/python3.10/site-packages/airflow/example_dags/example_display_name.py
[2024-10-20T17:27:44.578-0300] {processor.py:914} INFO - Processing file /home/nico/.local/lib/python3.10/site-packages/airflow/example_dags/example_display_name.py for tasks to queue
[2024-10-20T17:27:44.582-0300] {logging_mixin.py:190} INFO - [2024-10-20T17:27:44.581-0300] {dagbag.py:588} INFO - Filling up the DagBag from /home/nico/.local/lib/python3.10/site-packages/airflow/example_dags/example_display_name.py
[2024-10-20T17:27:44.601-0300] {processor.py:925} INFO - DAG(s) 'example_display_name' retrieved from /home/nico/.local/lib/python3.10/site-packages/airflow/example_dags/example_display_name.py
[2024-10-20T17:27:44.659-0300] {logging_mixin.py:190} INFO - [2024-10-20T17:27:44.658-0300] {dag.py:3239} INFO - Sync 1 DAGs
[2024-10-20T17:27:44.719-0300] {logging_mixin.py:190} INFO - [2024-10-20T17:27:44.718-0300] {dag.py:4180} INFO - Setting next_dagrun for example_display_name to None, run_after=None
[2024-10-20T17:27:44.866-0300] {processor.py:208} INFO - Processing /home/nico/.local/lib/python3.10/site-packages/airflow/example_dags/example_display_name.py took 0.312 seconds
[2024-10-20T17:30:05.010-0300] {processor.py:186} INFO - Started process (PID=125477) to work on /home/nico/.local/lib/python3.10/site-packages/airflow/example_dags/example_display_name.py
[2024-10-20T17:30:05.014-0300] {processor.py:914} INFO - Processing file /home/nico/.local/lib/python3.10/site-packages/airflow/example_dags/example_display_name.py for tasks to queue
[2024-10-20T17:30:05.017-0300] {logging_mixin.py:190} INFO - [2024-10-20T17:30:05.016-0300] {dagbag.py:588} INFO - Filling up the DagBag from /home/nico/.local/lib/python3.10/site-packages/airflow/example_dags/example_display_name.py
[2024-10-20T17:30:05.036-0300] {processor.py:925} INFO - DAG(s) 'example_display_name' retrieved from /home/nico/.local/lib/python3.10/site-packages/airflow/example_dags/example_display_name.py
[2024-10-20T17:30:05.098-0300] {logging_mixin.py:190} INFO - [2024-10-20T17:30:05.097-0300] {dag.py:3239} INFO - Sync 1 DAGs
[2024-10-20T17:30:05.134-0300] {logging_mixin.py:190} INFO - [2024-10-20T17:30:05.133-0300] {dag.py:4180} INFO - Setting next_dagrun for example_display_name to None, run_after=None
[2024-10-20T17:30:05.267-0300] {processor.py:208} INFO - Processing /home/nico/.local/lib/python3.10/site-packages/airflow/example_dags/example_display_name.py took 0.284 seconds
[2024-10-20T17:32:36.314-0300] {processor.py:186} INFO - Started process (PID=126138) to work on /home/nico/.local/lib/python3.10/site-packages/airflow/example_dags/example_display_name.py
[2024-10-20T17:32:36.319-0300] {processor.py:914} INFO - Processing file /home/nico/.local/lib/python3.10/site-packages/airflow/example_dags/example_display_name.py for tasks to queue
[2024-10-20T17:32:36.325-0300] {logging_mixin.py:190} INFO - [2024-10-20T17:32:36.324-0300] {dagbag.py:588} INFO - Filling up the DagBag from /home/nico/.local/lib/python3.10/site-packages/airflow/example_dags/example_display_name.py
[2024-10-20T17:32:36.350-0300] {processor.py:925} INFO - DAG(s) 'example_display_name' retrieved from /home/nico/.local/lib/python3.10/site-packages/airflow/example_dags/example_display_name.py
[2024-10-20T17:32:36.418-0300] {logging_mixin.py:190} INFO - [2024-10-20T17:32:36.417-0300] {dag.py:3239} INFO - Sync 1 DAGs
[2024-10-20T17:32:36.457-0300] {logging_mixin.py:190} INFO - [2024-10-20T17:32:36.457-0300] {dag.py:4180} INFO - Setting next_dagrun for example_display_name to None, run_after=None
[2024-10-20T17:32:36.578-0300] {processor.py:208} INFO - Processing /home/nico/.local/lib/python3.10/site-packages/airflow/example_dags/example_display_name.py took 0.294 seconds
[2024-10-20T17:36:29.720-0300] {processor.py:186} INFO - Started process (PID=127117) to work on /home/nico/.local/lib/python3.10/site-packages/airflow/example_dags/example_display_name.py
[2024-10-20T17:36:29.754-0300] {processor.py:914} INFO - Processing file /home/nico/.local/lib/python3.10/site-packages/airflow/example_dags/example_display_name.py for tasks to queue
[2024-10-20T17:36:29.766-0300] {logging_mixin.py:190} INFO - [2024-10-20T17:36:29.765-0300] {dagbag.py:588} INFO - Filling up the DagBag from /home/nico/.local/lib/python3.10/site-packages/airflow/example_dags/example_display_name.py
[2024-10-20T17:36:29.815-0300] {processor.py:925} INFO - DAG(s) 'example_display_name' retrieved from /home/nico/.local/lib/python3.10/site-packages/airflow/example_dags/example_display_name.py
[2024-10-20T17:36:29.999-0300] {logging_mixin.py:190} INFO - [2024-10-20T17:36:29.998-0300] {dag.py:3239} INFO - Sync 1 DAGs
[2024-10-20T17:36:30.091-0300] {logging_mixin.py:190} INFO - [2024-10-20T17:36:30.089-0300] {dag.py:4180} INFO - Setting next_dagrun for example_display_name to None, run_after=None
[2024-10-20T17:36:30.309-0300] {processor.py:208} INFO - Processing /home/nico/.local/lib/python3.10/site-packages/airflow/example_dags/example_display_name.py took 0.634 seconds
[2024-10-20T17:39:43.596-0300] {processor.py:186} INFO - Started process (PID=127952) to work on /home/nico/.local/lib/python3.10/site-packages/airflow/example_dags/example_display_name.py
[2024-10-20T17:39:43.599-0300] {processor.py:914} INFO - Processing file /home/nico/.local/lib/python3.10/site-packages/airflow/example_dags/example_display_name.py for tasks to queue
[2024-10-20T17:39:43.604-0300] {logging_mixin.py:190} INFO - [2024-10-20T17:39:43.603-0300] {dagbag.py:588} INFO - Filling up the DagBag from /home/nico/.local/lib/python3.10/site-packages/airflow/example_dags/example_display_name.py
[2024-10-20T17:39:43.624-0300] {processor.py:925} INFO - DAG(s) 'example_display_name' retrieved from /home/nico/.local/lib/python3.10/site-packages/airflow/example_dags/example_display_name.py
[2024-10-20T17:39:43.694-0300] {logging_mixin.py:190} INFO - [2024-10-20T17:39:43.693-0300] {dag.py:3239} INFO - Sync 1 DAGs
[2024-10-20T17:39:43.733-0300] {logging_mixin.py:190} INFO - [2024-10-20T17:39:43.733-0300] {dag.py:4180} INFO - Setting next_dagrun for example_display_name to None, run_after=None
[2024-10-20T17:39:43.862-0300] {processor.py:208} INFO - Processing /home/nico/.local/lib/python3.10/site-packages/airflow/example_dags/example_display_name.py took 0.281 seconds
[2024-10-20T17:42:35.262-0300] {processor.py:186} INFO - Started process (PID=128692) to work on /home/nico/.local/lib/python3.10/site-packages/airflow/example_dags/example_display_name.py
[2024-10-20T17:42:35.264-0300] {processor.py:914} INFO - Processing file /home/nico/.local/lib/python3.10/site-packages/airflow/example_dags/example_display_name.py for tasks to queue
[2024-10-20T17:42:35.268-0300] {logging_mixin.py:190} INFO - [2024-10-20T17:42:35.267-0300] {dagbag.py:588} INFO - Filling up the DagBag from /home/nico/.local/lib/python3.10/site-packages/airflow/example_dags/example_display_name.py
[2024-10-20T17:42:35.289-0300] {processor.py:925} INFO - DAG(s) 'example_display_name' retrieved from /home/nico/.local/lib/python3.10/site-packages/airflow/example_dags/example_display_name.py
[2024-10-20T17:42:35.360-0300] {logging_mixin.py:190} INFO - [2024-10-20T17:42:35.359-0300] {dag.py:3239} INFO - Sync 1 DAGs
[2024-10-20T17:42:35.406-0300] {logging_mixin.py:190} INFO - [2024-10-20T17:42:35.405-0300] {dag.py:4180} INFO - Setting next_dagrun for example_display_name to None, run_after=None
[2024-10-20T17:42:35.664-0300] {processor.py:208} INFO - Processing /home/nico/.local/lib/python3.10/site-packages/airflow/example_dags/example_display_name.py took 0.420 seconds
[2024-10-20T17:48:16.764-0300] {processor.py:186} INFO - Started process (PID=130322) to work on /home/nico/.local/lib/python3.10/site-packages/airflow/example_dags/example_display_name.py
[2024-10-20T17:48:16.777-0300] {processor.py:914} INFO - Processing file /home/nico/.local/lib/python3.10/site-packages/airflow/example_dags/example_display_name.py for tasks to queue
[2024-10-20T17:48:16.783-0300] {logging_mixin.py:190} INFO - [2024-10-20T17:48:16.781-0300] {dagbag.py:588} INFO - Filling up the DagBag from /home/nico/.local/lib/python3.10/site-packages/airflow/example_dags/example_display_name.py
[2024-10-20T17:48:16.844-0300] {processor.py:925} INFO - DAG(s) 'example_display_name' retrieved from /home/nico/.local/lib/python3.10/site-packages/airflow/example_dags/example_display_name.py
[2024-10-20T17:48:17.191-0300] {logging_mixin.py:190} INFO - [2024-10-20T17:48:17.190-0300] {dag.py:3239} INFO - Sync 1 DAGs
[2024-10-20T17:48:17.527-0300] {logging_mixin.py:190} INFO - [2024-10-20T17:48:17.527-0300] {dag.py:4180} INFO - Setting next_dagrun for example_display_name to None, run_after=None
[2024-10-20T17:48:17.721-0300] {processor.py:208} INFO - Processing /home/nico/.local/lib/python3.10/site-packages/airflow/example_dags/example_display_name.py took 1.015 seconds
[2024-10-20T17:52:53.689-0300] {processor.py:186} INFO - Started process (PID=131464) to work on /home/nico/.local/lib/python3.10/site-packages/airflow/example_dags/example_display_name.py
[2024-10-20T17:52:53.693-0300] {processor.py:914} INFO - Processing file /home/nico/.local/lib/python3.10/site-packages/airflow/example_dags/example_display_name.py for tasks to queue
[2024-10-20T17:52:53.699-0300] {logging_mixin.py:190} INFO - [2024-10-20T17:52:53.697-0300] {dagbag.py:588} INFO - Filling up the DagBag from /home/nico/.local/lib/python3.10/site-packages/airflow/example_dags/example_display_name.py
[2024-10-20T17:52:53.731-0300] {processor.py:925} INFO - DAG(s) 'example_display_name' retrieved from /home/nico/.local/lib/python3.10/site-packages/airflow/example_dags/example_display_name.py
[2024-10-20T17:52:53.987-0300] {logging_mixin.py:190} INFO - [2024-10-20T17:52:53.986-0300] {dag.py:3239} INFO - Sync 1 DAGs
[2024-10-20T17:52:54.072-0300] {logging_mixin.py:190} INFO - [2024-10-20T17:52:54.071-0300] {dag.py:4180} INFO - Setting next_dagrun for example_display_name to None, run_after=None
[2024-10-20T17:52:54.232-0300] {processor.py:208} INFO - Processing /home/nico/.local/lib/python3.10/site-packages/airflow/example_dags/example_display_name.py took 0.592 seconds
[2024-10-20T17:56:24.693-0300] {processor.py:186} INFO - Started process (PID=132361) to work on /home/nico/.local/lib/python3.10/site-packages/airflow/example_dags/example_display_name.py
[2024-10-20T17:56:24.697-0300] {processor.py:914} INFO - Processing file /home/nico/.local/lib/python3.10/site-packages/airflow/example_dags/example_display_name.py for tasks to queue
[2024-10-20T17:56:24.703-0300] {logging_mixin.py:190} INFO - [2024-10-20T17:56:24.701-0300] {dagbag.py:588} INFO - Filling up the DagBag from /home/nico/.local/lib/python3.10/site-packages/airflow/example_dags/example_display_name.py
[2024-10-20T17:56:24.725-0300] {processor.py:925} INFO - DAG(s) 'example_display_name' retrieved from /home/nico/.local/lib/python3.10/site-packages/airflow/example_dags/example_display_name.py
[2024-10-20T17:56:24.792-0300] {logging_mixin.py:190} INFO - [2024-10-20T17:56:24.791-0300] {dag.py:3239} INFO - Sync 1 DAGs
[2024-10-20T17:56:24.834-0300] {logging_mixin.py:190} INFO - [2024-10-20T17:56:24.833-0300] {dag.py:4180} INFO - Setting next_dagrun for example_display_name to None, run_after=None
[2024-10-20T17:56:24.965-0300] {processor.py:208} INFO - Processing /home/nico/.local/lib/python3.10/site-packages/airflow/example_dags/example_display_name.py took 0.323 seconds
[2024-10-20T17:59:47.798-0300] {processor.py:186} INFO - Started process (PID=133228) to work on /home/nico/.local/lib/python3.10/site-packages/airflow/example_dags/example_display_name.py
[2024-10-20T17:59:47.805-0300] {processor.py:914} INFO - Processing file /home/nico/.local/lib/python3.10/site-packages/airflow/example_dags/example_display_name.py for tasks to queue
[2024-10-20T17:59:47.809-0300] {logging_mixin.py:190} INFO - [2024-10-20T17:59:47.808-0300] {dagbag.py:588} INFO - Filling up the DagBag from /home/nico/.local/lib/python3.10/site-packages/airflow/example_dags/example_display_name.py
[2024-10-20T17:59:47.830-0300] {processor.py:925} INFO - DAG(s) 'example_display_name' retrieved from /home/nico/.local/lib/python3.10/site-packages/airflow/example_dags/example_display_name.py
[2024-10-20T17:59:47.903-0300] {logging_mixin.py:190} INFO - [2024-10-20T17:59:47.902-0300] {dag.py:3239} INFO - Sync 1 DAGs
[2024-10-20T17:59:47.953-0300] {logging_mixin.py:190} INFO - [2024-10-20T17:59:47.952-0300] {dag.py:4180} INFO - Setting next_dagrun for example_display_name to None, run_after=None
[2024-10-20T17:59:48.138-0300] {processor.py:208} INFO - Processing /home/nico/.local/lib/python3.10/site-packages/airflow/example_dags/example_display_name.py took 0.361 seconds
[2024-10-20T18:04:20.344-0300] {processor.py:186} INFO - Started process (PID=134366) to work on /home/nico/.local/lib/python3.10/site-packages/airflow/example_dags/example_display_name.py
[2024-10-20T18:04:20.356-0300] {processor.py:914} INFO - Processing file /home/nico/.local/lib/python3.10/site-packages/airflow/example_dags/example_display_name.py for tasks to queue
[2024-10-20T18:04:20.362-0300] {logging_mixin.py:190} INFO - [2024-10-20T18:04:20.360-0300] {dagbag.py:588} INFO - Filling up the DagBag from /home/nico/.local/lib/python3.10/site-packages/airflow/example_dags/example_display_name.py
[2024-10-20T18:04:20.422-0300] {processor.py:925} INFO - DAG(s) 'example_display_name' retrieved from /home/nico/.local/lib/python3.10/site-packages/airflow/example_dags/example_display_name.py
[2024-10-20T18:04:20.578-0300] {logging_mixin.py:190} INFO - [2024-10-20T18:04:20.577-0300] {dag.py:3239} INFO - Sync 1 DAGs
[2024-10-20T18:04:20.660-0300] {logging_mixin.py:190} INFO - [2024-10-20T18:04:20.658-0300] {dag.py:4180} INFO - Setting next_dagrun for example_display_name to None, run_after=None
[2024-10-20T18:04:20.855-0300] {processor.py:208} INFO - Processing /home/nico/.local/lib/python3.10/site-packages/airflow/example_dags/example_display_name.py took 0.565 seconds
[2024-10-20T18:08:10.972-0300] {processor.py:186} INFO - Started process (PID=135339) to work on /home/nico/.local/lib/python3.10/site-packages/airflow/example_dags/example_display_name.py
[2024-10-20T18:08:10.976-0300] {processor.py:914} INFO - Processing file /home/nico/.local/lib/python3.10/site-packages/airflow/example_dags/example_display_name.py for tasks to queue
[2024-10-20T18:08:10.981-0300] {logging_mixin.py:190} INFO - [2024-10-20T18:08:10.980-0300] {dagbag.py:588} INFO - Filling up the DagBag from /home/nico/.local/lib/python3.10/site-packages/airflow/example_dags/example_display_name.py
[2024-10-20T18:08:11.007-0300] {processor.py:925} INFO - DAG(s) 'example_display_name' retrieved from /home/nico/.local/lib/python3.10/site-packages/airflow/example_dags/example_display_name.py
[2024-10-20T18:08:11.102-0300] {logging_mixin.py:190} INFO - [2024-10-20T18:08:11.101-0300] {dag.py:3239} INFO - Sync 1 DAGs
[2024-10-20T18:08:11.141-0300] {logging_mixin.py:190} INFO - [2024-10-20T18:08:11.140-0300] {dag.py:4180} INFO - Setting next_dagrun for example_display_name to None, run_after=None
[2024-10-20T18:08:11.283-0300] {processor.py:208} INFO - Processing /home/nico/.local/lib/python3.10/site-packages/airflow/example_dags/example_display_name.py took 0.331 seconds
[2024-10-20T18:12:00.968-0300] {processor.py:186} INFO - Started process (PID=136308) to work on /home/nico/.local/lib/python3.10/site-packages/airflow/example_dags/example_display_name.py
[2024-10-20T18:12:00.989-0300] {processor.py:914} INFO - Processing file /home/nico/.local/lib/python3.10/site-packages/airflow/example_dags/example_display_name.py for tasks to queue
[2024-10-20T18:12:01.003-0300] {logging_mixin.py:190} INFO - [2024-10-20T18:12:01.001-0300] {dagbag.py:588} INFO - Filling up the DagBag from /home/nico/.local/lib/python3.10/site-packages/airflow/example_dags/example_display_name.py
[2024-10-20T18:12:01.059-0300] {processor.py:925} INFO - DAG(s) 'example_display_name' retrieved from /home/nico/.local/lib/python3.10/site-packages/airflow/example_dags/example_display_name.py
[2024-10-20T18:12:01.198-0300] {logging_mixin.py:190} INFO - [2024-10-20T18:12:01.197-0300] {dag.py:3239} INFO - Sync 1 DAGs
[2024-10-20T18:12:01.243-0300] {logging_mixin.py:190} INFO - [2024-10-20T18:12:01.242-0300] {dag.py:4180} INFO - Setting next_dagrun for example_display_name to None, run_after=None
[2024-10-20T18:12:01.439-0300] {processor.py:208} INFO - Processing /home/nico/.local/lib/python3.10/site-packages/airflow/example_dags/example_display_name.py took 0.523 seconds
[2024-10-20T18:18:45.912-0300] {processor.py:186} INFO - Started process (PID=138180) to work on /home/nico/.local/lib/python3.10/site-packages/airflow/example_dags/example_display_name.py
[2024-10-20T18:18:45.917-0300] {processor.py:914} INFO - Processing file /home/nico/.local/lib/python3.10/site-packages/airflow/example_dags/example_display_name.py for tasks to queue
[2024-10-20T18:18:45.927-0300] {logging_mixin.py:190} INFO - [2024-10-20T18:18:45.926-0300] {dagbag.py:588} INFO - Filling up the DagBag from /home/nico/.local/lib/python3.10/site-packages/airflow/example_dags/example_display_name.py
[2024-10-20T18:18:45.950-0300] {processor.py:925} INFO - DAG(s) 'example_display_name' retrieved from /home/nico/.local/lib/python3.10/site-packages/airflow/example_dags/example_display_name.py
[2024-10-20T18:18:46.025-0300] {logging_mixin.py:190} INFO - [2024-10-20T18:18:46.024-0300] {dag.py:3239} INFO - Sync 1 DAGs
[2024-10-20T18:18:46.301-0300] {logging_mixin.py:190} INFO - [2024-10-20T18:18:46.301-0300] {dag.py:4180} INFO - Setting next_dagrun for example_display_name to None, run_after=None
[2024-10-20T18:18:46.644-0300] {processor.py:208} INFO - Processing /home/nico/.local/lib/python3.10/site-packages/airflow/example_dags/example_display_name.py took 0.754 seconds
[2024-10-20T18:22:22.959-0300] {processor.py:186} INFO - Started process (PID=139094) to work on /home/nico/.local/lib/python3.10/site-packages/airflow/example_dags/example_display_name.py
[2024-10-20T18:22:22.963-0300] {processor.py:914} INFO - Processing file /home/nico/.local/lib/python3.10/site-packages/airflow/example_dags/example_display_name.py for tasks to queue
[2024-10-20T18:22:22.970-0300] {logging_mixin.py:190} INFO - [2024-10-20T18:22:22.969-0300] {dagbag.py:588} INFO - Filling up the DagBag from /home/nico/.local/lib/python3.10/site-packages/airflow/example_dags/example_display_name.py
[2024-10-20T18:22:23.001-0300] {processor.py:925} INFO - DAG(s) 'example_display_name' retrieved from /home/nico/.local/lib/python3.10/site-packages/airflow/example_dags/example_display_name.py
[2024-10-20T18:22:23.073-0300] {logging_mixin.py:190} INFO - [2024-10-20T18:22:23.072-0300] {dag.py:3239} INFO - Sync 1 DAGs
[2024-10-20T18:22:23.127-0300] {logging_mixin.py:190} INFO - [2024-10-20T18:22:23.126-0300] {dag.py:4180} INFO - Setting next_dagrun for example_display_name to None, run_after=None
[2024-10-20T18:22:23.276-0300] {processor.py:208} INFO - Processing /home/nico/.local/lib/python3.10/site-packages/airflow/example_dags/example_display_name.py took 0.337 seconds
