[2024-10-20T02:02:06.555-0300] {processor.py:186} INFO - Started process (PID=78771) to work on /home/nico/.local/lib/python3.10/site-packages/airflow/example_dags/example_bash_operator.py
[2024-10-20T02:02:06.558-0300] {processor.py:914} INFO - Processing file /home/nico/.local/lib/python3.10/site-packages/airflow/example_dags/example_bash_operator.py for tasks to queue
[2024-10-20T02:02:06.568-0300] {logging_mixin.py:190} INFO - [2024-10-20T02:02:06.567-0300] {dagbag.py:588} INFO - Filling up the DagBag from /home/nico/.local/lib/python3.10/site-packages/airflow/example_dags/example_bash_operator.py
[2024-10-20T02:02:06.620-0300] {processor.py:925} INFO - DAG(s) 'example_bash_operator' retrieved from /home/nico/.local/lib/python3.10/site-packages/airflow/example_dags/example_bash_operator.py
[2024-10-20T02:02:06.752-0300] {logging_mixin.py:190} INFO - [2024-10-20T02:02:06.751-0300] {dag.py:3239} INFO - Sync 1 DAGs
[2024-10-20T02:02:06.880-0300] {logging_mixin.py:190} INFO - [2024-10-20T02:02:06.879-0300] {dag.py:4180} INFO - Setting next_dagrun for example_bash_operator to 2024-10-19 00:00:00+00:00, run_after=2024-10-20 00:00:00+00:00
[2024-10-20T02:02:07.043-0300] {processor.py:208} INFO - Processing /home/nico/.local/lib/python3.10/site-packages/airflow/example_dags/example_bash_operator.py took 0.511 seconds
[2024-10-20T02:13:42.998-0300] {processor.py:186} INFO - Started process (PID=81975) to work on /home/nico/.local/lib/python3.10/site-packages/airflow/example_dags/example_bash_operator.py
[2024-10-20T02:13:43.003-0300] {processor.py:914} INFO - Processing file /home/nico/.local/lib/python3.10/site-packages/airflow/example_dags/example_bash_operator.py for tasks to queue
[2024-10-20T02:13:43.012-0300] {logging_mixin.py:190} INFO - [2024-10-20T02:13:43.010-0300] {dagbag.py:588} INFO - Filling up the DagBag from /home/nico/.local/lib/python3.10/site-packages/airflow/example_dags/example_bash_operator.py
[2024-10-20T02:13:43.061-0300] {processor.py:925} INFO - DAG(s) 'example_bash_operator' retrieved from /home/nico/.local/lib/python3.10/site-packages/airflow/example_dags/example_bash_operator.py
[2024-10-20T02:13:43.144-0300] {logging_mixin.py:190} INFO - [2024-10-20T02:13:43.144-0300] {dag.py:3239} INFO - Sync 1 DAGs
[2024-10-20T02:13:43.215-0300] {logging_mixin.py:190} INFO - [2024-10-20T02:13:43.214-0300] {dag.py:4180} INFO - Setting next_dagrun for example_bash_operator to 2024-10-19 00:00:00+00:00, run_after=2024-10-20 00:00:00+00:00
[2024-10-20T02:13:43.345-0300] {processor.py:208} INFO - Processing /home/nico/.local/lib/python3.10/site-packages/airflow/example_dags/example_bash_operator.py took 0.382 seconds
[2024-10-20T02:16:58.717-0300] {processor.py:186} INFO - Started process (PID=82813) to work on /home/nico/.local/lib/python3.10/site-packages/airflow/example_dags/example_bash_operator.py
[2024-10-20T02:16:58.719-0300] {processor.py:914} INFO - Processing file /home/nico/.local/lib/python3.10/site-packages/airflow/example_dags/example_bash_operator.py for tasks to queue
[2024-10-20T02:16:58.725-0300] {logging_mixin.py:190} INFO - [2024-10-20T02:16:58.724-0300] {dagbag.py:588} INFO - Filling up the DagBag from /home/nico/.local/lib/python3.10/site-packages/airflow/example_dags/example_bash_operator.py
[2024-10-20T02:16:58.763-0300] {processor.py:925} INFO - DAG(s) 'example_bash_operator' retrieved from /home/nico/.local/lib/python3.10/site-packages/airflow/example_dags/example_bash_operator.py
[2024-10-20T02:16:58.867-0300] {logging_mixin.py:190} INFO - [2024-10-20T02:16:58.866-0300] {dag.py:3239} INFO - Sync 1 DAGs
[2024-10-20T02:16:58.934-0300] {logging_mixin.py:190} INFO - [2024-10-20T02:16:58.933-0300] {dag.py:4180} INFO - Setting next_dagrun for example_bash_operator to 2024-10-19 00:00:00+00:00, run_after=2024-10-20 00:00:00+00:00
[2024-10-20T02:16:59.067-0300] {processor.py:208} INFO - Processing /home/nico/.local/lib/python3.10/site-packages/airflow/example_dags/example_bash_operator.py took 0.367 seconds
[2024-10-20T02:19:39.792-0300] {processor.py:186} INFO - Started process (PID=83519) to work on /home/nico/.local/lib/python3.10/site-packages/airflow/example_dags/example_bash_operator.py
[2024-10-20T02:19:39.808-0300] {processor.py:914} INFO - Processing file /home/nico/.local/lib/python3.10/site-packages/airflow/example_dags/example_bash_operator.py for tasks to queue
[2024-10-20T02:19:39.827-0300] {logging_mixin.py:190} INFO - [2024-10-20T02:19:39.814-0300] {dagbag.py:588} INFO - Filling up the DagBag from /home/nico/.local/lib/python3.10/site-packages/airflow/example_dags/example_bash_operator.py
[2024-10-20T02:19:39.877-0300] {processor.py:925} INFO - DAG(s) 'example_bash_operator' retrieved from /home/nico/.local/lib/python3.10/site-packages/airflow/example_dags/example_bash_operator.py
[2024-10-20T02:19:39.954-0300] {logging_mixin.py:190} INFO - [2024-10-20T02:19:39.954-0300] {dag.py:3239} INFO - Sync 1 DAGs
[2024-10-20T02:19:40.042-0300] {logging_mixin.py:190} INFO - [2024-10-20T02:19:40.042-0300] {dag.py:4180} INFO - Setting next_dagrun for example_bash_operator to 2024-10-19 00:00:00+00:00, run_after=2024-10-20 00:00:00+00:00
[2024-10-20T02:19:40.229-0300] {processor.py:208} INFO - Processing /home/nico/.local/lib/python3.10/site-packages/airflow/example_dags/example_bash_operator.py took 0.465 seconds
[2024-10-20T02:23:04.761-0300] {processor.py:186} INFO - Started process (PID=84388) to work on /home/nico/.local/lib/python3.10/site-packages/airflow/example_dags/example_bash_operator.py
[2024-10-20T02:23:04.787-0300] {processor.py:914} INFO - Processing file /home/nico/.local/lib/python3.10/site-packages/airflow/example_dags/example_bash_operator.py for tasks to queue
[2024-10-20T02:23:04.809-0300] {logging_mixin.py:190} INFO - [2024-10-20T02:23:04.807-0300] {dagbag.py:588} INFO - Filling up the DagBag from /home/nico/.local/lib/python3.10/site-packages/airflow/example_dags/example_bash_operator.py
[2024-10-20T02:23:04.937-0300] {processor.py:925} INFO - DAG(s) 'example_bash_operator' retrieved from /home/nico/.local/lib/python3.10/site-packages/airflow/example_dags/example_bash_operator.py
[2024-10-20T02:23:05.218-0300] {logging_mixin.py:190} INFO - [2024-10-20T02:23:05.217-0300] {dag.py:3239} INFO - Sync 1 DAGs
[2024-10-20T02:23:05.359-0300] {logging_mixin.py:190} INFO - [2024-10-20T02:23:05.358-0300] {dag.py:4180} INFO - Setting next_dagrun for example_bash_operator to 2024-10-19 00:00:00+00:00, run_after=2024-10-20 00:00:00+00:00
[2024-10-20T02:23:05.492-0300] {processor.py:208} INFO - Processing /home/nico/.local/lib/python3.10/site-packages/airflow/example_dags/example_bash_operator.py took 0.781 seconds
[2024-10-20T02:30:02.279-0300] {processor.py:186} INFO - Started process (PID=86270) to work on /home/nico/.local/lib/python3.10/site-packages/airflow/example_dags/example_bash_operator.py
[2024-10-20T02:30:02.283-0300] {processor.py:914} INFO - Processing file /home/nico/.local/lib/python3.10/site-packages/airflow/example_dags/example_bash_operator.py for tasks to queue
[2024-10-20T02:30:02.291-0300] {logging_mixin.py:190} INFO - [2024-10-20T02:30:02.289-0300] {dagbag.py:588} INFO - Filling up the DagBag from /home/nico/.local/lib/python3.10/site-packages/airflow/example_dags/example_bash_operator.py
[2024-10-20T02:30:02.347-0300] {processor.py:925} INFO - DAG(s) 'example_bash_operator' retrieved from /home/nico/.local/lib/python3.10/site-packages/airflow/example_dags/example_bash_operator.py
[2024-10-20T02:30:02.437-0300] {logging_mixin.py:190} INFO - [2024-10-20T02:30:02.436-0300] {dag.py:3239} INFO - Sync 1 DAGs
[2024-10-20T02:30:02.506-0300] {logging_mixin.py:190} INFO - [2024-10-20T02:30:02.505-0300] {dag.py:4180} INFO - Setting next_dagrun for example_bash_operator to 2024-10-19 00:00:00+00:00, run_after=2024-10-20 00:00:00+00:00
[2024-10-20T02:30:02.660-0300] {processor.py:208} INFO - Processing /home/nico/.local/lib/python3.10/site-packages/airflow/example_dags/example_bash_operator.py took 0.399 seconds
[2024-10-20T02:33:15.578-0300] {processor.py:186} INFO - Started process (PID=87097) to work on /home/nico/.local/lib/python3.10/site-packages/airflow/example_dags/example_bash_operator.py
[2024-10-20T02:33:15.580-0300] {processor.py:914} INFO - Processing file /home/nico/.local/lib/python3.10/site-packages/airflow/example_dags/example_bash_operator.py for tasks to queue
[2024-10-20T02:33:15.587-0300] {logging_mixin.py:190} INFO - [2024-10-20T02:33:15.586-0300] {dagbag.py:588} INFO - Filling up the DagBag from /home/nico/.local/lib/python3.10/site-packages/airflow/example_dags/example_bash_operator.py
[2024-10-20T02:33:15.630-0300] {processor.py:925} INFO - DAG(s) 'example_bash_operator' retrieved from /home/nico/.local/lib/python3.10/site-packages/airflow/example_dags/example_bash_operator.py
[2024-10-20T02:33:15.704-0300] {logging_mixin.py:190} INFO - [2024-10-20T02:33:15.703-0300] {dag.py:3239} INFO - Sync 1 DAGs
[2024-10-20T02:33:15.763-0300] {logging_mixin.py:190} INFO - [2024-10-20T02:33:15.762-0300] {dag.py:4180} INFO - Setting next_dagrun for example_bash_operator to 2024-10-19 00:00:00+00:00, run_after=2024-10-20 00:00:00+00:00
[2024-10-20T02:33:15.904-0300] {processor.py:208} INFO - Processing /home/nico/.local/lib/python3.10/site-packages/airflow/example_dags/example_bash_operator.py took 0.345 seconds
[2024-10-20T02:52:04.600-0300] {processor.py:186} INFO - Started process (PID=91569) to work on /home/nico/.local/lib/python3.10/site-packages/airflow/example_dags/example_bash_operator.py
[2024-10-20T02:52:04.603-0300] {processor.py:914} INFO - Processing file /home/nico/.local/lib/python3.10/site-packages/airflow/example_dags/example_bash_operator.py for tasks to queue
[2024-10-20T02:52:04.608-0300] {logging_mixin.py:190} INFO - [2024-10-20T02:52:04.607-0300] {dagbag.py:588} INFO - Filling up the DagBag from /home/nico/.local/lib/python3.10/site-packages/airflow/example_dags/example_bash_operator.py
[2024-10-20T02:52:04.668-0300] {processor.py:925} INFO - DAG(s) 'example_bash_operator' retrieved from /home/nico/.local/lib/python3.10/site-packages/airflow/example_dags/example_bash_operator.py
[2024-10-20T02:52:04.857-0300] {logging_mixin.py:190} INFO - [2024-10-20T02:52:04.845-0300] {dag.py:3239} INFO - Sync 1 DAGs
[2024-10-20T02:52:05.287-0300] {logging_mixin.py:190} INFO - [2024-10-20T02:52:05.286-0300] {dag.py:4180} INFO - Setting next_dagrun for example_bash_operator to 2024-10-19 00:00:00+00:00, run_after=2024-10-20 00:00:00+00:00
[2024-10-20T02:52:05.875-0300] {processor.py:208} INFO - Processing /home/nico/.local/lib/python3.10/site-packages/airflow/example_dags/example_bash_operator.py took 1.300 seconds
[2024-10-20T02:56:12.117-0300] {processor.py:186} INFO - Started process (PID=92648) to work on /home/nico/.local/lib/python3.10/site-packages/airflow/example_dags/example_bash_operator.py
[2024-10-20T02:56:12.131-0300] {processor.py:914} INFO - Processing file /home/nico/.local/lib/python3.10/site-packages/airflow/example_dags/example_bash_operator.py for tasks to queue
[2024-10-20T02:56:12.142-0300] {logging_mixin.py:190} INFO - [2024-10-20T02:56:12.138-0300] {dagbag.py:588} INFO - Filling up the DagBag from /home/nico/.local/lib/python3.10/site-packages/airflow/example_dags/example_bash_operator.py
[2024-10-20T02:56:12.228-0300] {processor.py:925} INFO - DAG(s) 'example_bash_operator' retrieved from /home/nico/.local/lib/python3.10/site-packages/airflow/example_dags/example_bash_operator.py
[2024-10-20T02:56:12.414-0300] {logging_mixin.py:190} INFO - [2024-10-20T02:56:12.414-0300] {dag.py:3239} INFO - Sync 1 DAGs
[2024-10-20T02:56:12.532-0300] {logging_mixin.py:190} INFO - [2024-10-20T02:56:12.531-0300] {dag.py:4180} INFO - Setting next_dagrun for example_bash_operator to 2024-10-19 00:00:00+00:00, run_after=2024-10-20 00:00:00+00:00
[2024-10-20T02:56:12.685-0300] {processor.py:208} INFO - Processing /home/nico/.local/lib/python3.10/site-packages/airflow/example_dags/example_bash_operator.py took 0.599 seconds
[2024-10-20T03:00:09.782-0300] {processor.py:186} INFO - Started process (PID=93678) to work on /home/nico/.local/lib/python3.10/site-packages/airflow/example_dags/example_bash_operator.py
[2024-10-20T03:00:09.798-0300] {processor.py:914} INFO - Processing file /home/nico/.local/lib/python3.10/site-packages/airflow/example_dags/example_bash_operator.py for tasks to queue
[2024-10-20T03:00:09.819-0300] {logging_mixin.py:190} INFO - [2024-10-20T03:00:09.818-0300] {dagbag.py:588} INFO - Filling up the DagBag from /home/nico/.local/lib/python3.10/site-packages/airflow/example_dags/example_bash_operator.py
[2024-10-20T03:00:09.966-0300] {processor.py:925} INFO - DAG(s) 'example_bash_operator' retrieved from /home/nico/.local/lib/python3.10/site-packages/airflow/example_dags/example_bash_operator.py
[2024-10-20T03:00:10.277-0300] {logging_mixin.py:190} INFO - [2024-10-20T03:00:10.276-0300] {dag.py:3239} INFO - Sync 1 DAGs
[2024-10-20T03:00:10.472-0300] {logging_mixin.py:190} INFO - [2024-10-20T03:00:10.471-0300] {dag.py:4180} INFO - Setting next_dagrun for example_bash_operator to 2024-10-19 00:00:00+00:00, run_after=2024-10-20 00:00:00+00:00
[2024-10-20T03:00:10.840-0300] {processor.py:208} INFO - Processing /home/nico/.local/lib/python3.10/site-packages/airflow/example_dags/example_bash_operator.py took 1.097 seconds
[2024-10-20T11:12:07.554-0300] {processor.py:186} INFO - Started process (PID=99016) to work on /home/nico/.local/lib/python3.10/site-packages/airflow/example_dags/example_bash_operator.py
[2024-10-20T11:12:07.560-0300] {processor.py:914} INFO - Processing file /home/nico/.local/lib/python3.10/site-packages/airflow/example_dags/example_bash_operator.py for tasks to queue
[2024-10-20T11:12:07.573-0300] {logging_mixin.py:190} INFO - [2024-10-20T11:12:07.571-0300] {dagbag.py:588} INFO - Filling up the DagBag from /home/nico/.local/lib/python3.10/site-packages/airflow/example_dags/example_bash_operator.py
[2024-10-20T11:12:07.683-0300] {processor.py:925} INFO - DAG(s) 'example_bash_operator' retrieved from /home/nico/.local/lib/python3.10/site-packages/airflow/example_dags/example_bash_operator.py
[2024-10-20T11:12:07.993-0300] {logging_mixin.py:190} INFO - [2024-10-20T11:12:07.992-0300] {dag.py:3239} INFO - Sync 1 DAGs
[2024-10-20T11:12:08.223-0300] {logging_mixin.py:190} INFO - [2024-10-20T11:12:08.213-0300] {dag.py:4180} INFO - Setting next_dagrun for example_bash_operator to 2024-10-19 00:00:00+00:00, run_after=2024-10-20 00:00:00+00:00
[2024-10-20T11:12:08.437-0300] {processor.py:208} INFO - Processing /home/nico/.local/lib/python3.10/site-packages/airflow/example_dags/example_bash_operator.py took 0.934 seconds
[2024-10-20T11:16:18.680-0300] {processor.py:186} INFO - Started process (PID=100065) to work on /home/nico/.local/lib/python3.10/site-packages/airflow/example_dags/example_bash_operator.py
[2024-10-20T11:16:18.685-0300] {processor.py:914} INFO - Processing file /home/nico/.local/lib/python3.10/site-packages/airflow/example_dags/example_bash_operator.py for tasks to queue
[2024-10-20T11:16:18.697-0300] {logging_mixin.py:190} INFO - [2024-10-20T11:16:18.696-0300] {dagbag.py:588} INFO - Filling up the DagBag from /home/nico/.local/lib/python3.10/site-packages/airflow/example_dags/example_bash_operator.py
[2024-10-20T11:16:18.800-0300] {processor.py:925} INFO - DAG(s) 'example_bash_operator' retrieved from /home/nico/.local/lib/python3.10/site-packages/airflow/example_dags/example_bash_operator.py
[2024-10-20T11:16:18.994-0300] {logging_mixin.py:190} INFO - [2024-10-20T11:16:18.994-0300] {dag.py:3239} INFO - Sync 1 DAGs
[2024-10-20T11:16:19.049-0300] {logging_mixin.py:190} INFO - [2024-10-20T11:16:19.048-0300] {dag.py:4180} INFO - Setting next_dagrun for example_bash_operator to 2024-10-19 00:00:00+00:00, run_after=2024-10-20 00:00:00+00:00
[2024-10-20T11:16:19.181-0300] {processor.py:208} INFO - Processing /home/nico/.local/lib/python3.10/site-packages/airflow/example_dags/example_bash_operator.py took 0.551 seconds
[2024-10-20T11:20:07.229-0300] {processor.py:186} INFO - Started process (PID=101069) to work on /home/nico/.local/lib/python3.10/site-packages/airflow/example_dags/example_bash_operator.py
[2024-10-20T11:20:07.232-0300] {processor.py:914} INFO - Processing file /home/nico/.local/lib/python3.10/site-packages/airflow/example_dags/example_bash_operator.py for tasks to queue
[2024-10-20T11:20:07.237-0300] {logging_mixin.py:190} INFO - [2024-10-20T11:20:07.236-0300] {dagbag.py:588} INFO - Filling up the DagBag from /home/nico/.local/lib/python3.10/site-packages/airflow/example_dags/example_bash_operator.py
[2024-10-20T11:20:07.276-0300] {processor.py:925} INFO - DAG(s) 'example_bash_operator' retrieved from /home/nico/.local/lib/python3.10/site-packages/airflow/example_dags/example_bash_operator.py
[2024-10-20T11:20:07.393-0300] {logging_mixin.py:190} INFO - [2024-10-20T11:20:07.393-0300] {dag.py:3239} INFO - Sync 1 DAGs
[2024-10-20T11:20:07.459-0300] {logging_mixin.py:190} INFO - [2024-10-20T11:20:07.457-0300] {dag.py:4180} INFO - Setting next_dagrun for example_bash_operator to 2024-10-19 00:00:00+00:00, run_after=2024-10-20 00:00:00+00:00
[2024-10-20T11:20:07.607-0300] {processor.py:208} INFO - Processing /home/nico/.local/lib/python3.10/site-packages/airflow/example_dags/example_bash_operator.py took 0.406 seconds
[2024-10-20T11:24:08.847-0300] {processor.py:186} INFO - Started process (PID=102101) to work on /home/nico/.local/lib/python3.10/site-packages/airflow/example_dags/example_bash_operator.py
[2024-10-20T11:24:08.873-0300] {processor.py:914} INFO - Processing file /home/nico/.local/lib/python3.10/site-packages/airflow/example_dags/example_bash_operator.py for tasks to queue
[2024-10-20T11:24:08.890-0300] {logging_mixin.py:190} INFO - [2024-10-20T11:24:08.889-0300] {dagbag.py:588} INFO - Filling up the DagBag from /home/nico/.local/lib/python3.10/site-packages/airflow/example_dags/example_bash_operator.py
[2024-10-20T11:24:09.010-0300] {processor.py:925} INFO - DAG(s) 'example_bash_operator' retrieved from /home/nico/.local/lib/python3.10/site-packages/airflow/example_dags/example_bash_operator.py
[2024-10-20T11:24:10.192-0300] {logging_mixin.py:190} INFO - [2024-10-20T11:24:10.192-0300] {dag.py:3239} INFO - Sync 1 DAGs
[2024-10-20T11:24:10.421-0300] {logging_mixin.py:190} INFO - [2024-10-20T11:24:10.420-0300] {dag.py:4180} INFO - Setting next_dagrun for example_bash_operator to 2024-10-19 00:00:00+00:00, run_after=2024-10-20 00:00:00+00:00
[2024-10-20T11:24:10.642-0300] {processor.py:208} INFO - Processing /home/nico/.local/lib/python3.10/site-packages/airflow/example_dags/example_bash_operator.py took 1.828 seconds
[2024-10-20T11:28:10.562-0300] {processor.py:186} INFO - Started process (PID=103140) to work on /home/nico/.local/lib/python3.10/site-packages/airflow/example_dags/example_bash_operator.py
[2024-10-20T11:28:10.565-0300] {processor.py:914} INFO - Processing file /home/nico/.local/lib/python3.10/site-packages/airflow/example_dags/example_bash_operator.py for tasks to queue
[2024-10-20T11:28:10.569-0300] {logging_mixin.py:190} INFO - [2024-10-20T11:28:10.567-0300] {dagbag.py:588} INFO - Filling up the DagBag from /home/nico/.local/lib/python3.10/site-packages/airflow/example_dags/example_bash_operator.py
[2024-10-20T11:28:10.596-0300] {processor.py:925} INFO - DAG(s) 'example_bash_operator' retrieved from /home/nico/.local/lib/python3.10/site-packages/airflow/example_dags/example_bash_operator.py
[2024-10-20T11:28:10.689-0300] {logging_mixin.py:190} INFO - [2024-10-20T11:28:10.688-0300] {dag.py:3239} INFO - Sync 1 DAGs
[2024-10-20T11:28:10.803-0300] {logging_mixin.py:190} INFO - [2024-10-20T11:28:10.802-0300] {dag.py:4180} INFO - Setting next_dagrun for example_bash_operator to 2024-10-19 00:00:00+00:00, run_after=2024-10-20 00:00:00+00:00
[2024-10-20T11:28:10.934-0300] {processor.py:208} INFO - Processing /home/nico/.local/lib/python3.10/site-packages/airflow/example_dags/example_bash_operator.py took 0.386 seconds
[2024-10-20T11:42:04.056-0300] {processor.py:186} INFO - Started process (PID=106685) to work on /home/nico/.local/lib/python3.10/site-packages/airflow/example_dags/example_bash_operator.py
[2024-10-20T11:42:04.060-0300] {processor.py:914} INFO - Processing file /home/nico/.local/lib/python3.10/site-packages/airflow/example_dags/example_bash_operator.py for tasks to queue
[2024-10-20T11:42:04.068-0300] {logging_mixin.py:190} INFO - [2024-10-20T11:42:04.066-0300] {dagbag.py:588} INFO - Filling up the DagBag from /home/nico/.local/lib/python3.10/site-packages/airflow/example_dags/example_bash_operator.py
[2024-10-20T11:42:04.100-0300] {processor.py:925} INFO - DAG(s) 'example_bash_operator' retrieved from /home/nico/.local/lib/python3.10/site-packages/airflow/example_dags/example_bash_operator.py
[2024-10-20T11:42:04.203-0300] {logging_mixin.py:190} INFO - [2024-10-20T11:42:04.202-0300] {dag.py:3239} INFO - Sync 1 DAGs
[2024-10-20T11:42:04.262-0300] {logging_mixin.py:190} INFO - [2024-10-20T11:42:04.262-0300] {dag.py:4180} INFO - Setting next_dagrun for example_bash_operator to 2024-10-19 00:00:00+00:00, run_after=2024-10-20 00:00:00+00:00
[2024-10-20T11:42:04.388-0300] {processor.py:208} INFO - Processing /home/nico/.local/lib/python3.10/site-packages/airflow/example_dags/example_bash_operator.py took 0.359 seconds
[2024-10-20T11:44:50.615-0300] {processor.py:186} INFO - Started process (PID=107406) to work on /home/nico/.local/lib/python3.10/site-packages/airflow/example_dags/example_bash_operator.py
[2024-10-20T11:44:50.619-0300] {processor.py:914} INFO - Processing file /home/nico/.local/lib/python3.10/site-packages/airflow/example_dags/example_bash_operator.py for tasks to queue
[2024-10-20T11:44:50.624-0300] {logging_mixin.py:190} INFO - [2024-10-20T11:44:50.622-0300] {dagbag.py:588} INFO - Filling up the DagBag from /home/nico/.local/lib/python3.10/site-packages/airflow/example_dags/example_bash_operator.py
[2024-10-20T11:44:50.656-0300] {processor.py:925} INFO - DAG(s) 'example_bash_operator' retrieved from /home/nico/.local/lib/python3.10/site-packages/airflow/example_dags/example_bash_operator.py
[2024-10-20T11:44:50.734-0300] {logging_mixin.py:190} INFO - [2024-10-20T11:44:50.733-0300] {dag.py:3239} INFO - Sync 1 DAGs
[2024-10-20T11:44:50.805-0300] {logging_mixin.py:190} INFO - [2024-10-20T11:44:50.804-0300] {dag.py:4180} INFO - Setting next_dagrun for example_bash_operator to 2024-10-19 00:00:00+00:00, run_after=2024-10-20 00:00:00+00:00
[2024-10-20T11:44:50.936-0300] {processor.py:208} INFO - Processing /home/nico/.local/lib/python3.10/site-packages/airflow/example_dags/example_bash_operator.py took 0.339 seconds
[2024-10-20T11:47:14.647-0300] {processor.py:186} INFO - Started process (PID=108039) to work on /home/nico/.local/lib/python3.10/site-packages/airflow/example_dags/example_bash_operator.py
[2024-10-20T11:47:14.650-0300] {processor.py:914} INFO - Processing file /home/nico/.local/lib/python3.10/site-packages/airflow/example_dags/example_bash_operator.py for tasks to queue
[2024-10-20T11:47:14.655-0300] {logging_mixin.py:190} INFO - [2024-10-20T11:47:14.654-0300] {dagbag.py:588} INFO - Filling up the DagBag from /home/nico/.local/lib/python3.10/site-packages/airflow/example_dags/example_bash_operator.py
[2024-10-20T11:47:14.682-0300] {processor.py:925} INFO - DAG(s) 'example_bash_operator' retrieved from /home/nico/.local/lib/python3.10/site-packages/airflow/example_dags/example_bash_operator.py
[2024-10-20T11:47:14.806-0300] {logging_mixin.py:190} INFO - [2024-10-20T11:47:14.805-0300] {dag.py:3239} INFO - Sync 1 DAGs
[2024-10-20T11:47:14.889-0300] {logging_mixin.py:190} INFO - [2024-10-20T11:47:14.888-0300] {dag.py:4180} INFO - Setting next_dagrun for example_bash_operator to 2024-10-19 00:00:00+00:00, run_after=2024-10-20 00:00:00+00:00
[2024-10-20T11:47:15.035-0300] {processor.py:208} INFO - Processing /home/nico/.local/lib/python3.10/site-packages/airflow/example_dags/example_bash_operator.py took 0.408 seconds
[2024-10-20T11:49:54.033-0300] {processor.py:186} INFO - Started process (PID=108734) to work on /home/nico/.local/lib/python3.10/site-packages/airflow/example_dags/example_bash_operator.py
[2024-10-20T11:49:54.038-0300] {processor.py:914} INFO - Processing file /home/nico/.local/lib/python3.10/site-packages/airflow/example_dags/example_bash_operator.py for tasks to queue
[2024-10-20T11:49:54.045-0300] {logging_mixin.py:190} INFO - [2024-10-20T11:49:54.042-0300] {dagbag.py:588} INFO - Filling up the DagBag from /home/nico/.local/lib/python3.10/site-packages/airflow/example_dags/example_bash_operator.py
[2024-10-20T11:49:54.090-0300] {processor.py:925} INFO - DAG(s) 'example_bash_operator' retrieved from /home/nico/.local/lib/python3.10/site-packages/airflow/example_dags/example_bash_operator.py
[2024-10-20T11:49:54.177-0300] {logging_mixin.py:190} INFO - [2024-10-20T11:49:54.176-0300] {dag.py:3239} INFO - Sync 1 DAGs
[2024-10-20T11:49:54.252-0300] {logging_mixin.py:190} INFO - [2024-10-20T11:49:54.252-0300] {dag.py:4180} INFO - Setting next_dagrun for example_bash_operator to 2024-10-19 00:00:00+00:00, run_after=2024-10-20 00:00:00+00:00
[2024-10-20T11:49:54.391-0300] {processor.py:208} INFO - Processing /home/nico/.local/lib/python3.10/site-packages/airflow/example_dags/example_bash_operator.py took 0.381 seconds
[2024-10-20T11:53:11.622-0300] {processor.py:186} INFO - Started process (PID=109578) to work on /home/nico/.local/lib/python3.10/site-packages/airflow/example_dags/example_bash_operator.py
[2024-10-20T11:53:11.625-0300] {processor.py:914} INFO - Processing file /home/nico/.local/lib/python3.10/site-packages/airflow/example_dags/example_bash_operator.py for tasks to queue
[2024-10-20T11:53:11.628-0300] {logging_mixin.py:190} INFO - [2024-10-20T11:53:11.627-0300] {dagbag.py:588} INFO - Filling up the DagBag from /home/nico/.local/lib/python3.10/site-packages/airflow/example_dags/example_bash_operator.py
[2024-10-20T11:53:11.656-0300] {processor.py:925} INFO - DAG(s) 'example_bash_operator' retrieved from /home/nico/.local/lib/python3.10/site-packages/airflow/example_dags/example_bash_operator.py
[2024-10-20T11:53:11.769-0300] {logging_mixin.py:190} INFO - [2024-10-20T11:53:11.769-0300] {dag.py:3239} INFO - Sync 1 DAGs
[2024-10-20T11:53:11.837-0300] {logging_mixin.py:190} INFO - [2024-10-20T11:53:11.836-0300] {dag.py:4180} INFO - Setting next_dagrun for example_bash_operator to 2024-10-19 00:00:00+00:00, run_after=2024-10-20 00:00:00+00:00
[2024-10-20T11:53:12.007-0300] {processor.py:208} INFO - Processing /home/nico/.local/lib/python3.10/site-packages/airflow/example_dags/example_bash_operator.py took 0.404 seconds
[2024-10-20T11:55:51.219-0300] {processor.py:186} INFO - Started process (PID=110275) to work on /home/nico/.local/lib/python3.10/site-packages/airflow/example_dags/example_bash_operator.py
[2024-10-20T11:55:51.222-0300] {processor.py:914} INFO - Processing file /home/nico/.local/lib/python3.10/site-packages/airflow/example_dags/example_bash_operator.py for tasks to queue
[2024-10-20T11:55:51.225-0300] {logging_mixin.py:190} INFO - [2024-10-20T11:55:51.224-0300] {dagbag.py:588} INFO - Filling up the DagBag from /home/nico/.local/lib/python3.10/site-packages/airflow/example_dags/example_bash_operator.py
[2024-10-20T11:55:51.253-0300] {processor.py:925} INFO - DAG(s) 'example_bash_operator' retrieved from /home/nico/.local/lib/python3.10/site-packages/airflow/example_dags/example_bash_operator.py
[2024-10-20T11:55:51.328-0300] {logging_mixin.py:190} INFO - [2024-10-20T11:55:51.327-0300] {dag.py:3239} INFO - Sync 1 DAGs
[2024-10-20T11:55:51.387-0300] {logging_mixin.py:190} INFO - [2024-10-20T11:55:51.387-0300] {dag.py:4180} INFO - Setting next_dagrun for example_bash_operator to 2024-10-19 00:00:00+00:00, run_after=2024-10-20 00:00:00+00:00
[2024-10-20T11:55:51.736-0300] {processor.py:208} INFO - Processing /home/nico/.local/lib/python3.10/site-packages/airflow/example_dags/example_bash_operator.py took 0.536 seconds
[2024-10-20T11:58:20.274-0300] {processor.py:186} INFO - Started process (PID=110928) to work on /home/nico/.local/lib/python3.10/site-packages/airflow/example_dags/example_bash_operator.py
[2024-10-20T11:58:20.280-0300] {processor.py:914} INFO - Processing file /home/nico/.local/lib/python3.10/site-packages/airflow/example_dags/example_bash_operator.py for tasks to queue
[2024-10-20T11:58:20.287-0300] {logging_mixin.py:190} INFO - [2024-10-20T11:58:20.285-0300] {dagbag.py:588} INFO - Filling up the DagBag from /home/nico/.local/lib/python3.10/site-packages/airflow/example_dags/example_bash_operator.py
[2024-10-20T11:58:20.350-0300] {processor.py:925} INFO - DAG(s) 'example_bash_operator' retrieved from /home/nico/.local/lib/python3.10/site-packages/airflow/example_dags/example_bash_operator.py
[2024-10-20T11:58:20.467-0300] {logging_mixin.py:190} INFO - [2024-10-20T11:58:20.466-0300] {dag.py:3239} INFO - Sync 1 DAGs
[2024-10-20T11:58:20.530-0300] {logging_mixin.py:190} INFO - [2024-10-20T11:58:20.529-0300] {dag.py:4180} INFO - Setting next_dagrun for example_bash_operator to 2024-10-19 00:00:00+00:00, run_after=2024-10-20 00:00:00+00:00
[2024-10-20T11:58:20.655-0300] {processor.py:208} INFO - Processing /home/nico/.local/lib/python3.10/site-packages/airflow/example_dags/example_bash_operator.py took 0.410 seconds
[2024-10-20T12:00:42.898-0300] {processor.py:186} INFO - Started process (PID=111554) to work on /home/nico/.local/lib/python3.10/site-packages/airflow/example_dags/example_bash_operator.py
[2024-10-20T12:00:42.905-0300] {processor.py:914} INFO - Processing file /home/nico/.local/lib/python3.10/site-packages/airflow/example_dags/example_bash_operator.py for tasks to queue
[2024-10-20T12:00:42.910-0300] {logging_mixin.py:190} INFO - [2024-10-20T12:00:42.909-0300] {dagbag.py:588} INFO - Filling up the DagBag from /home/nico/.local/lib/python3.10/site-packages/airflow/example_dags/example_bash_operator.py
[2024-10-20T12:00:42.946-0300] {processor.py:925} INFO - DAG(s) 'example_bash_operator' retrieved from /home/nico/.local/lib/python3.10/site-packages/airflow/example_dags/example_bash_operator.py
[2024-10-20T12:00:43.047-0300] {logging_mixin.py:190} INFO - [2024-10-20T12:00:43.047-0300] {dag.py:3239} INFO - Sync 1 DAGs
[2024-10-20T12:00:43.122-0300] {logging_mixin.py:190} INFO - [2024-10-20T12:00:43.121-0300] {dag.py:4180} INFO - Setting next_dagrun for example_bash_operator to 2024-10-19 00:00:00+00:00, run_after=2024-10-20 00:00:00+00:00
[2024-10-20T12:00:43.239-0300] {processor.py:208} INFO - Processing /home/nico/.local/lib/python3.10/site-packages/airflow/example_dags/example_bash_operator.py took 0.377 seconds
[2024-10-20T12:03:30.819-0300] {processor.py:186} INFO - Started process (PID=112281) to work on /home/nico/.local/lib/python3.10/site-packages/airflow/example_dags/example_bash_operator.py
[2024-10-20T12:03:30.832-0300] {processor.py:914} INFO - Processing file /home/nico/.local/lib/python3.10/site-packages/airflow/example_dags/example_bash_operator.py for tasks to queue
[2024-10-20T12:03:30.841-0300] {logging_mixin.py:190} INFO - [2024-10-20T12:03:30.836-0300] {dagbag.py:588} INFO - Filling up the DagBag from /home/nico/.local/lib/python3.10/site-packages/airflow/example_dags/example_bash_operator.py
[2024-10-20T12:03:30.887-0300] {processor.py:925} INFO - DAG(s) 'example_bash_operator' retrieved from /home/nico/.local/lib/python3.10/site-packages/airflow/example_dags/example_bash_operator.py
[2024-10-20T12:03:31.144-0300] {logging_mixin.py:190} INFO - [2024-10-20T12:03:31.143-0300] {dag.py:3239} INFO - Sync 1 DAGs
[2024-10-20T12:03:31.241-0300] {logging_mixin.py:190} INFO - [2024-10-20T12:03:31.239-0300] {dag.py:4180} INFO - Setting next_dagrun for example_bash_operator to 2024-10-19 00:00:00+00:00, run_after=2024-10-20 00:00:00+00:00
[2024-10-20T12:03:31.378-0300] {processor.py:208} INFO - Processing /home/nico/.local/lib/python3.10/site-packages/airflow/example_dags/example_bash_operator.py took 0.603 seconds
[2024-10-20T12:08:42.606-0300] {processor.py:186} INFO - Started process (PID=113566) to work on /home/nico/.local/lib/python3.10/site-packages/airflow/example_dags/example_bash_operator.py
[2024-10-20T12:08:42.643-0300] {processor.py:914} INFO - Processing file /home/nico/.local/lib/python3.10/site-packages/airflow/example_dags/example_bash_operator.py for tasks to queue
[2024-10-20T12:08:42.649-0300] {logging_mixin.py:190} INFO - [2024-10-20T12:08:42.647-0300] {dagbag.py:588} INFO - Filling up the DagBag from /home/nico/.local/lib/python3.10/site-packages/airflow/example_dags/example_bash_operator.py
[2024-10-20T12:08:42.697-0300] {processor.py:925} INFO - DAG(s) 'example_bash_operator' retrieved from /home/nico/.local/lib/python3.10/site-packages/airflow/example_dags/example_bash_operator.py
[2024-10-20T12:08:42.870-0300] {logging_mixin.py:190} INFO - [2024-10-20T12:08:42.870-0300] {dag.py:3239} INFO - Sync 1 DAGs
[2024-10-20T12:08:42.978-0300] {logging_mixin.py:190} INFO - [2024-10-20T12:08:42.977-0300] {dag.py:4180} INFO - Setting next_dagrun for example_bash_operator to 2024-10-19 00:00:00+00:00, run_after=2024-10-20 00:00:00+00:00
[2024-10-20T12:08:43.159-0300] {processor.py:208} INFO - Processing /home/nico/.local/lib/python3.10/site-packages/airflow/example_dags/example_bash_operator.py took 0.608 seconds
[2024-10-20T12:12:27.215-0300] {processor.py:186} INFO - Started process (PID=114525) to work on /home/nico/.local/lib/python3.10/site-packages/airflow/example_dags/example_bash_operator.py
[2024-10-20T12:12:27.218-0300] {processor.py:914} INFO - Processing file /home/nico/.local/lib/python3.10/site-packages/airflow/example_dags/example_bash_operator.py for tasks to queue
[2024-10-20T12:12:27.222-0300] {logging_mixin.py:190} INFO - [2024-10-20T12:12:27.221-0300] {dagbag.py:588} INFO - Filling up the DagBag from /home/nico/.local/lib/python3.10/site-packages/airflow/example_dags/example_bash_operator.py
[2024-10-20T12:12:27.252-0300] {processor.py:925} INFO - DAG(s) 'example_bash_operator' retrieved from /home/nico/.local/lib/python3.10/site-packages/airflow/example_dags/example_bash_operator.py
[2024-10-20T12:12:27.351-0300] {logging_mixin.py:190} INFO - [2024-10-20T12:12:27.350-0300] {dag.py:3239} INFO - Sync 1 DAGs
[2024-10-20T12:12:27.420-0300] {logging_mixin.py:190} INFO - [2024-10-20T12:12:27.419-0300] {dag.py:4180} INFO - Setting next_dagrun for example_bash_operator to 2024-10-19 00:00:00+00:00, run_after=2024-10-20 00:00:00+00:00
[2024-10-20T12:12:27.542-0300] {processor.py:208} INFO - Processing /home/nico/.local/lib/python3.10/site-packages/airflow/example_dags/example_bash_operator.py took 0.364 seconds
[2024-10-20T12:15:07.680-0300] {processor.py:186} INFO - Started process (PID=115221) to work on /home/nico/.local/lib/python3.10/site-packages/airflow/example_dags/example_bash_operator.py
[2024-10-20T12:15:07.684-0300] {processor.py:914} INFO - Processing file /home/nico/.local/lib/python3.10/site-packages/airflow/example_dags/example_bash_operator.py for tasks to queue
[2024-10-20T12:15:07.696-0300] {logging_mixin.py:190} INFO - [2024-10-20T12:15:07.695-0300] {dagbag.py:588} INFO - Filling up the DagBag from /home/nico/.local/lib/python3.10/site-packages/airflow/example_dags/example_bash_operator.py
[2024-10-20T12:15:07.742-0300] {processor.py:925} INFO - DAG(s) 'example_bash_operator' retrieved from /home/nico/.local/lib/python3.10/site-packages/airflow/example_dags/example_bash_operator.py
[2024-10-20T12:15:07.897-0300] {logging_mixin.py:190} INFO - [2024-10-20T12:15:07.892-0300] {dag.py:3239} INFO - Sync 1 DAGs
[2024-10-20T12:15:07.997-0300] {logging_mixin.py:190} INFO - [2024-10-20T12:15:07.997-0300] {dag.py:4180} INFO - Setting next_dagrun for example_bash_operator to 2024-10-19 00:00:00+00:00, run_after=2024-10-20 00:00:00+00:00
[2024-10-20T12:15:08.589-0300] {processor.py:208} INFO - Processing /home/nico/.local/lib/python3.10/site-packages/airflow/example_dags/example_bash_operator.py took 0.947 seconds
[2024-10-20T12:17:58.964-0300] {processor.py:186} INFO - Started process (PID=115971) to work on /home/nico/.local/lib/python3.10/site-packages/airflow/example_dags/example_bash_operator.py
[2024-10-20T12:17:58.968-0300] {processor.py:914} INFO - Processing file /home/nico/.local/lib/python3.10/site-packages/airflow/example_dags/example_bash_operator.py for tasks to queue
[2024-10-20T12:17:58.972-0300] {logging_mixin.py:190} INFO - [2024-10-20T12:17:58.971-0300] {dagbag.py:588} INFO - Filling up the DagBag from /home/nico/.local/lib/python3.10/site-packages/airflow/example_dags/example_bash_operator.py
[2024-10-20T12:17:59.009-0300] {processor.py:925} INFO - DAG(s) 'example_bash_operator' retrieved from /home/nico/.local/lib/python3.10/site-packages/airflow/example_dags/example_bash_operator.py
[2024-10-20T12:17:59.106-0300] {logging_mixin.py:190} INFO - [2024-10-20T12:17:59.105-0300] {dag.py:3239} INFO - Sync 1 DAGs
[2024-10-20T12:17:59.376-0300] {logging_mixin.py:190} INFO - [2024-10-20T12:17:59.375-0300] {dag.py:4180} INFO - Setting next_dagrun for example_bash_operator to 2024-10-19 00:00:00+00:00, run_after=2024-10-20 00:00:00+00:00
[2024-10-20T12:18:00.088-0300] {processor.py:208} INFO - Processing /home/nico/.local/lib/python3.10/site-packages/airflow/example_dags/example_bash_operator.py took 1.139 seconds
[2024-10-20T12:20:30.704-0300] {processor.py:186} INFO - Started process (PID=116635) to work on /home/nico/.local/lib/python3.10/site-packages/airflow/example_dags/example_bash_operator.py
[2024-10-20T12:20:30.708-0300] {processor.py:914} INFO - Processing file /home/nico/.local/lib/python3.10/site-packages/airflow/example_dags/example_bash_operator.py for tasks to queue
[2024-10-20T12:20:30.716-0300] {logging_mixin.py:190} INFO - [2024-10-20T12:20:30.714-0300] {dagbag.py:588} INFO - Filling up the DagBag from /home/nico/.local/lib/python3.10/site-packages/airflow/example_dags/example_bash_operator.py
[2024-10-20T12:20:30.765-0300] {processor.py:925} INFO - DAG(s) 'example_bash_operator' retrieved from /home/nico/.local/lib/python3.10/site-packages/airflow/example_dags/example_bash_operator.py
[2024-10-20T12:20:30.858-0300] {logging_mixin.py:190} INFO - [2024-10-20T12:20:30.857-0300] {dag.py:3239} INFO - Sync 1 DAGs
[2024-10-20T12:20:30.930-0300] {logging_mixin.py:190} INFO - [2024-10-20T12:20:30.930-0300] {dag.py:4180} INFO - Setting next_dagrun for example_bash_operator to 2024-10-19 00:00:00+00:00, run_after=2024-10-20 00:00:00+00:00
[2024-10-20T12:20:31.045-0300] {processor.py:208} INFO - Processing /home/nico/.local/lib/python3.10/site-packages/airflow/example_dags/example_bash_operator.py took 0.369 seconds
[2024-10-20T12:22:50.701-0300] {processor.py:186} INFO - Started process (PID=117253) to work on /home/nico/.local/lib/python3.10/site-packages/airflow/example_dags/example_bash_operator.py
[2024-10-20T12:22:50.704-0300] {processor.py:914} INFO - Processing file /home/nico/.local/lib/python3.10/site-packages/airflow/example_dags/example_bash_operator.py for tasks to queue
[2024-10-20T12:22:50.707-0300] {logging_mixin.py:190} INFO - [2024-10-20T12:22:50.706-0300] {dagbag.py:588} INFO - Filling up the DagBag from /home/nico/.local/lib/python3.10/site-packages/airflow/example_dags/example_bash_operator.py
[2024-10-20T12:22:50.743-0300] {processor.py:925} INFO - DAG(s) 'example_bash_operator' retrieved from /home/nico/.local/lib/python3.10/site-packages/airflow/example_dags/example_bash_operator.py
[2024-10-20T12:22:50.832-0300] {logging_mixin.py:190} INFO - [2024-10-20T12:22:50.832-0300] {dag.py:3239} INFO - Sync 1 DAGs
[2024-10-20T12:22:50.895-0300] {logging_mixin.py:190} INFO - [2024-10-20T12:22:50.894-0300] {dag.py:4180} INFO - Setting next_dagrun for example_bash_operator to 2024-10-19 00:00:00+00:00, run_after=2024-10-20 00:00:00+00:00
[2024-10-20T12:22:51.008-0300] {processor.py:208} INFO - Processing /home/nico/.local/lib/python3.10/site-packages/airflow/example_dags/example_bash_operator.py took 0.326 seconds
[2024-10-20T12:25:15.225-0300] {processor.py:186} INFO - Started process (PID=117889) to work on /home/nico/.local/lib/python3.10/site-packages/airflow/example_dags/example_bash_operator.py
[2024-10-20T12:25:15.228-0300] {processor.py:914} INFO - Processing file /home/nico/.local/lib/python3.10/site-packages/airflow/example_dags/example_bash_operator.py for tasks to queue
[2024-10-20T12:25:15.235-0300] {logging_mixin.py:190} INFO - [2024-10-20T12:25:15.234-0300] {dagbag.py:588} INFO - Filling up the DagBag from /home/nico/.local/lib/python3.10/site-packages/airflow/example_dags/example_bash_operator.py
[2024-10-20T12:25:15.264-0300] {processor.py:925} INFO - DAG(s) 'example_bash_operator' retrieved from /home/nico/.local/lib/python3.10/site-packages/airflow/example_dags/example_bash_operator.py
[2024-10-20T12:25:15.361-0300] {logging_mixin.py:190} INFO - [2024-10-20T12:25:15.360-0300] {dag.py:3239} INFO - Sync 1 DAGs
[2024-10-20T12:25:15.441-0300] {logging_mixin.py:190} INFO - [2024-10-20T12:25:15.440-0300] {dag.py:4180} INFO - Setting next_dagrun for example_bash_operator to 2024-10-19 00:00:00+00:00, run_after=2024-10-20 00:00:00+00:00
[2024-10-20T12:25:15.587-0300] {processor.py:208} INFO - Processing /home/nico/.local/lib/python3.10/site-packages/airflow/example_dags/example_bash_operator.py took 0.387 seconds
[2024-10-20T12:27:37.905-0300] {processor.py:186} INFO - Started process (PID=118515) to work on /home/nico/.local/lib/python3.10/site-packages/airflow/example_dags/example_bash_operator.py
[2024-10-20T12:27:37.908-0300] {processor.py:914} INFO - Processing file /home/nico/.local/lib/python3.10/site-packages/airflow/example_dags/example_bash_operator.py for tasks to queue
[2024-10-20T12:27:37.911-0300] {logging_mixin.py:190} INFO - [2024-10-20T12:27:37.910-0300] {dagbag.py:588} INFO - Filling up the DagBag from /home/nico/.local/lib/python3.10/site-packages/airflow/example_dags/example_bash_operator.py
[2024-10-20T12:27:37.942-0300] {processor.py:925} INFO - DAG(s) 'example_bash_operator' retrieved from /home/nico/.local/lib/python3.10/site-packages/airflow/example_dags/example_bash_operator.py
[2024-10-20T12:27:38.028-0300] {logging_mixin.py:190} INFO - [2024-10-20T12:27:38.028-0300] {dag.py:3239} INFO - Sync 1 DAGs
[2024-10-20T12:27:38.096-0300] {logging_mixin.py:190} INFO - [2024-10-20T12:27:38.095-0300] {dag.py:4180} INFO - Setting next_dagrun for example_bash_operator to 2024-10-19 00:00:00+00:00, run_after=2024-10-20 00:00:00+00:00
[2024-10-20T12:27:38.529-0300] {processor.py:208} INFO - Processing /home/nico/.local/lib/python3.10/site-packages/airflow/example_dags/example_bash_operator.py took 0.637 seconds
[2024-10-20T12:30:15.559-0300] {processor.py:186} INFO - Started process (PID=119200) to work on /home/nico/.local/lib/python3.10/site-packages/airflow/example_dags/example_bash_operator.py
[2024-10-20T12:30:15.578-0300] {processor.py:914} INFO - Processing file /home/nico/.local/lib/python3.10/site-packages/airflow/example_dags/example_bash_operator.py for tasks to queue
[2024-10-20T12:30:15.588-0300] {logging_mixin.py:190} INFO - [2024-10-20T12:30:15.587-0300] {dagbag.py:588} INFO - Filling up the DagBag from /home/nico/.local/lib/python3.10/site-packages/airflow/example_dags/example_bash_operator.py
[2024-10-20T12:30:15.653-0300] {processor.py:925} INFO - DAG(s) 'example_bash_operator' retrieved from /home/nico/.local/lib/python3.10/site-packages/airflow/example_dags/example_bash_operator.py
[2024-10-20T12:30:15.938-0300] {logging_mixin.py:190} INFO - [2024-10-20T12:30:15.937-0300] {dag.py:3239} INFO - Sync 1 DAGs
[2024-10-20T12:30:16.027-0300] {logging_mixin.py:190} INFO - [2024-10-20T12:30:16.027-0300] {dag.py:4180} INFO - Setting next_dagrun for example_bash_operator to 2024-10-19 00:00:00+00:00, run_after=2024-10-20 00:00:00+00:00
[2024-10-20T12:30:16.310-0300] {processor.py:208} INFO - Processing /home/nico/.local/lib/python3.10/site-packages/airflow/example_dags/example_bash_operator.py took 0.782 seconds
[2024-10-20T12:36:12.628-0300] {processor.py:186} INFO - Started process (PID=119979) to work on /home/nico/.local/lib/python3.10/site-packages/airflow/example_dags/example_bash_operator.py
[2024-10-20T12:36:12.632-0300] {processor.py:914} INFO - Processing file /home/nico/.local/lib/python3.10/site-packages/airflow/example_dags/example_bash_operator.py for tasks to queue
[2024-10-20T12:36:12.636-0300] {logging_mixin.py:190} INFO - [2024-10-20T12:36:12.635-0300] {dagbag.py:588} INFO - Filling up the DagBag from /home/nico/.local/lib/python3.10/site-packages/airflow/example_dags/example_bash_operator.py
[2024-10-20T12:36:12.669-0300] {processor.py:925} INFO - DAG(s) 'example_bash_operator' retrieved from /home/nico/.local/lib/python3.10/site-packages/airflow/example_dags/example_bash_operator.py
[2024-10-20T12:36:12.751-0300] {logging_mixin.py:190} INFO - [2024-10-20T12:36:12.750-0300] {dag.py:3239} INFO - Sync 1 DAGs
[2024-10-20T12:36:12.814-0300] {logging_mixin.py:190} INFO - [2024-10-20T12:36:12.813-0300] {dag.py:4180} INFO - Setting next_dagrun for example_bash_operator to 2024-10-19 00:00:00+00:00, run_after=2024-10-20 00:00:00+00:00
[2024-10-20T12:36:12.932-0300] {processor.py:208} INFO - Processing /home/nico/.local/lib/python3.10/site-packages/airflow/example_dags/example_bash_operator.py took 0.327 seconds
[2024-10-20T17:14:05.632-0300] {processor.py:186} INFO - Started process (PID=121366) to work on /home/nico/.local/lib/python3.10/site-packages/airflow/example_dags/example_bash_operator.py
[2024-10-20T17:14:05.649-0300] {processor.py:914} INFO - Processing file /home/nico/.local/lib/python3.10/site-packages/airflow/example_dags/example_bash_operator.py for tasks to queue
[2024-10-20T17:14:05.662-0300] {logging_mixin.py:190} INFO - [2024-10-20T17:14:05.661-0300] {dagbag.py:588} INFO - Filling up the DagBag from /home/nico/.local/lib/python3.10/site-packages/airflow/example_dags/example_bash_operator.py
[2024-10-20T17:14:05.795-0300] {processor.py:925} INFO - DAG(s) 'example_bash_operator' retrieved from /home/nico/.local/lib/python3.10/site-packages/airflow/example_dags/example_bash_operator.py
[2024-10-20T17:14:06.120-0300] {logging_mixin.py:190} INFO - [2024-10-20T17:14:06.119-0300] {dag.py:3239} INFO - Sync 1 DAGs
[2024-10-20T17:14:06.290-0300] {logging_mixin.py:190} INFO - [2024-10-20T17:14:06.289-0300] {dag.py:4180} INFO - Setting next_dagrun for example_bash_operator to 2024-10-19 00:00:00+00:00, run_after=2024-10-20 00:00:00+00:00
[2024-10-20T17:14:06.499-0300] {processor.py:208} INFO - Processing /home/nico/.local/lib/python3.10/site-packages/airflow/example_dags/example_bash_operator.py took 0.926 seconds
[2024-10-20T17:19:28.273-0300] {processor.py:186} INFO - Started process (PID=122697) to work on /home/nico/.local/lib/python3.10/site-packages/airflow/example_dags/example_bash_operator.py
[2024-10-20T17:19:28.278-0300] {processor.py:914} INFO - Processing file /home/nico/.local/lib/python3.10/site-packages/airflow/example_dags/example_bash_operator.py for tasks to queue
[2024-10-20T17:19:28.289-0300] {logging_mixin.py:190} INFO - [2024-10-20T17:19:28.288-0300] {dagbag.py:588} INFO - Filling up the DagBag from /home/nico/.local/lib/python3.10/site-packages/airflow/example_dags/example_bash_operator.py
[2024-10-20T17:19:28.344-0300] {processor.py:925} INFO - DAG(s) 'example_bash_operator' retrieved from /home/nico/.local/lib/python3.10/site-packages/airflow/example_dags/example_bash_operator.py
[2024-10-20T17:19:28.542-0300] {logging_mixin.py:190} INFO - [2024-10-20T17:19:28.542-0300] {dag.py:3239} INFO - Sync 1 DAGs
[2024-10-20T17:19:28.609-0300] {logging_mixin.py:190} INFO - [2024-10-20T17:19:28.609-0300] {dag.py:4180} INFO - Setting next_dagrun for example_bash_operator to 2024-10-19 00:00:00+00:00, run_after=2024-10-20 00:00:00+00:00
[2024-10-20T17:19:29.007-0300] {processor.py:208} INFO - Processing /home/nico/.local/lib/python3.10/site-packages/airflow/example_dags/example_bash_operator.py took 0.768 seconds
[2024-10-20T17:22:13.026-0300] {processor.py:186} INFO - Started process (PID=123416) to work on /home/nico/.local/lib/python3.10/site-packages/airflow/example_dags/example_bash_operator.py
[2024-10-20T17:22:13.030-0300] {processor.py:914} INFO - Processing file /home/nico/.local/lib/python3.10/site-packages/airflow/example_dags/example_bash_operator.py for tasks to queue
[2024-10-20T17:22:13.034-0300] {logging_mixin.py:190} INFO - [2024-10-20T17:22:13.033-0300] {dagbag.py:588} INFO - Filling up the DagBag from /home/nico/.local/lib/python3.10/site-packages/airflow/example_dags/example_bash_operator.py
[2024-10-20T17:22:13.071-0300] {processor.py:925} INFO - DAG(s) 'example_bash_operator' retrieved from /home/nico/.local/lib/python3.10/site-packages/airflow/example_dags/example_bash_operator.py
[2024-10-20T17:22:13.169-0300] {logging_mixin.py:190} INFO - [2024-10-20T17:22:13.168-0300] {dag.py:3239} INFO - Sync 1 DAGs
[2024-10-20T17:22:13.231-0300] {logging_mixin.py:190} INFO - [2024-10-20T17:22:13.230-0300] {dag.py:4180} INFO - Setting next_dagrun for example_bash_operator to 2024-10-19 00:00:00+00:00, run_after=2024-10-20 00:00:00+00:00
[2024-10-20T17:22:13.341-0300] {processor.py:208} INFO - Processing /home/nico/.local/lib/python3.10/site-packages/airflow/example_dags/example_bash_operator.py took 0.338 seconds
[2024-10-20T17:24:31.549-0300] {processor.py:186} INFO - Started process (PID=124030) to work on /home/nico/.local/lib/python3.10/site-packages/airflow/example_dags/example_bash_operator.py
[2024-10-20T17:24:31.552-0300] {processor.py:914} INFO - Processing file /home/nico/.local/lib/python3.10/site-packages/airflow/example_dags/example_bash_operator.py for tasks to queue
[2024-10-20T17:24:31.556-0300] {logging_mixin.py:190} INFO - [2024-10-20T17:24:31.555-0300] {dagbag.py:588} INFO - Filling up the DagBag from /home/nico/.local/lib/python3.10/site-packages/airflow/example_dags/example_bash_operator.py
[2024-10-20T17:24:31.580-0300] {processor.py:925} INFO - DAG(s) 'example_bash_operator' retrieved from /home/nico/.local/lib/python3.10/site-packages/airflow/example_dags/example_bash_operator.py
[2024-10-20T17:24:31.658-0300] {logging_mixin.py:190} INFO - [2024-10-20T17:24:31.657-0300] {dag.py:3239} INFO - Sync 1 DAGs
[2024-10-20T17:24:31.717-0300] {logging_mixin.py:190} INFO - [2024-10-20T17:24:31.717-0300] {dag.py:4180} INFO - Setting next_dagrun for example_bash_operator to 2024-10-19 00:00:00+00:00, run_after=2024-10-20 00:00:00+00:00
[2024-10-20T17:24:31.827-0300] {processor.py:208} INFO - Processing /home/nico/.local/lib/python3.10/site-packages/airflow/example_dags/example_bash_operator.py took 0.293 seconds
[2024-10-20T17:27:37.591-0300] {processor.py:186} INFO - Started process (PID=124826) to work on /home/nico/.local/lib/python3.10/site-packages/airflow/example_dags/example_bash_operator.py
[2024-10-20T17:27:37.594-0300] {processor.py:914} INFO - Processing file /home/nico/.local/lib/python3.10/site-packages/airflow/example_dags/example_bash_operator.py for tasks to queue
[2024-10-20T17:27:37.599-0300] {logging_mixin.py:190} INFO - [2024-10-20T17:27:37.597-0300] {dagbag.py:588} INFO - Filling up the DagBag from /home/nico/.local/lib/python3.10/site-packages/airflow/example_dags/example_bash_operator.py
[2024-10-20T17:27:37.633-0300] {processor.py:925} INFO - DAG(s) 'example_bash_operator' retrieved from /home/nico/.local/lib/python3.10/site-packages/airflow/example_dags/example_bash_operator.py
[2024-10-20T17:27:37.714-0300] {logging_mixin.py:190} INFO - [2024-10-20T17:27:37.713-0300] {dag.py:3239} INFO - Sync 1 DAGs
[2024-10-20T17:27:37.778-0300] {logging_mixin.py:190} INFO - [2024-10-20T17:27:37.777-0300] {dag.py:4180} INFO - Setting next_dagrun for example_bash_operator to 2024-10-19 00:00:00+00:00, run_after=2024-10-20 00:00:00+00:00
[2024-10-20T17:27:37.901-0300] {processor.py:208} INFO - Processing /home/nico/.local/lib/python3.10/site-packages/airflow/example_dags/example_bash_operator.py took 0.335 seconds
[2024-10-20T17:29:58.272-0300] {processor.py:186} INFO - Started process (PID=125446) to work on /home/nico/.local/lib/python3.10/site-packages/airflow/example_dags/example_bash_operator.py
[2024-10-20T17:29:58.276-0300] {processor.py:914} INFO - Processing file /home/nico/.local/lib/python3.10/site-packages/airflow/example_dags/example_bash_operator.py for tasks to queue
[2024-10-20T17:29:58.281-0300] {logging_mixin.py:190} INFO - [2024-10-20T17:29:58.279-0300] {dagbag.py:588} INFO - Filling up the DagBag from /home/nico/.local/lib/python3.10/site-packages/airflow/example_dags/example_bash_operator.py
[2024-10-20T17:29:58.338-0300] {processor.py:925} INFO - DAG(s) 'example_bash_operator' retrieved from /home/nico/.local/lib/python3.10/site-packages/airflow/example_dags/example_bash_operator.py
[2024-10-20T17:29:58.426-0300] {logging_mixin.py:190} INFO - [2024-10-20T17:29:58.425-0300] {dag.py:3239} INFO - Sync 1 DAGs
[2024-10-20T17:29:58.489-0300] {logging_mixin.py:190} INFO - [2024-10-20T17:29:58.488-0300] {dag.py:4180} INFO - Setting next_dagrun for example_bash_operator to 2024-10-19 00:00:00+00:00, run_after=2024-10-20 00:00:00+00:00
[2024-10-20T17:29:58.611-0300] {processor.py:208} INFO - Processing /home/nico/.local/lib/python3.10/site-packages/airflow/example_dags/example_bash_operator.py took 0.362 seconds
[2024-10-20T17:32:29.203-0300] {processor.py:186} INFO - Started process (PID=126108) to work on /home/nico/.local/lib/python3.10/site-packages/airflow/example_dags/example_bash_operator.py
[2024-10-20T17:32:29.205-0300] {processor.py:914} INFO - Processing file /home/nico/.local/lib/python3.10/site-packages/airflow/example_dags/example_bash_operator.py for tasks to queue
[2024-10-20T17:32:29.210-0300] {logging_mixin.py:190} INFO - [2024-10-20T17:32:29.209-0300] {dagbag.py:588} INFO - Filling up the DagBag from /home/nico/.local/lib/python3.10/site-packages/airflow/example_dags/example_bash_operator.py
[2024-10-20T17:32:29.241-0300] {processor.py:925} INFO - DAG(s) 'example_bash_operator' retrieved from /home/nico/.local/lib/python3.10/site-packages/airflow/example_dags/example_bash_operator.py
[2024-10-20T17:32:29.330-0300] {logging_mixin.py:190} INFO - [2024-10-20T17:32:29.329-0300] {dag.py:3239} INFO - Sync 1 DAGs
[2024-10-20T17:32:29.390-0300] {logging_mixin.py:190} INFO - [2024-10-20T17:32:29.390-0300] {dag.py:4180} INFO - Setting next_dagrun for example_bash_operator to 2024-10-19 00:00:00+00:00, run_after=2024-10-20 00:00:00+00:00
[2024-10-20T17:32:29.515-0300] {processor.py:208} INFO - Processing /home/nico/.local/lib/python3.10/site-packages/airflow/example_dags/example_bash_operator.py took 0.335 seconds
[2024-10-20T17:36:16.218-0300] {processor.py:186} INFO - Started process (PID=127064) to work on /home/nico/.local/lib/python3.10/site-packages/airflow/example_dags/example_bash_operator.py
[2024-10-20T17:36:16.224-0300] {processor.py:914} INFO - Processing file /home/nico/.local/lib/python3.10/site-packages/airflow/example_dags/example_bash_operator.py for tasks to queue
[2024-10-20T17:36:16.236-0300] {logging_mixin.py:190} INFO - [2024-10-20T17:36:16.234-0300] {dagbag.py:588} INFO - Filling up the DagBag from /home/nico/.local/lib/python3.10/site-packages/airflow/example_dags/example_bash_operator.py
[2024-10-20T17:36:16.325-0300] {processor.py:925} INFO - DAG(s) 'example_bash_operator' retrieved from /home/nico/.local/lib/python3.10/site-packages/airflow/example_dags/example_bash_operator.py
[2024-10-20T17:36:16.626-0300] {logging_mixin.py:190} INFO - [2024-10-20T17:36:16.626-0300] {dag.py:3239} INFO - Sync 1 DAGs
[2024-10-20T17:36:17.065-0300] {logging_mixin.py:190} INFO - [2024-10-20T17:36:17.064-0300] {dag.py:4180} INFO - Setting next_dagrun for example_bash_operator to 2024-10-19 00:00:00+00:00, run_after=2024-10-20 00:00:00+00:00
[2024-10-20T17:36:17.927-0300] {processor.py:208} INFO - Processing /home/nico/.local/lib/python3.10/site-packages/airflow/example_dags/example_bash_operator.py took 1.751 seconds
[2024-10-20T17:39:36.515-0300] {processor.py:186} INFO - Started process (PID=127921) to work on /home/nico/.local/lib/python3.10/site-packages/airflow/example_dags/example_bash_operator.py
[2024-10-20T17:39:36.520-0300] {processor.py:914} INFO - Processing file /home/nico/.local/lib/python3.10/site-packages/airflow/example_dags/example_bash_operator.py for tasks to queue
[2024-10-20T17:39:36.525-0300] {logging_mixin.py:190} INFO - [2024-10-20T17:39:36.524-0300] {dagbag.py:588} INFO - Filling up the DagBag from /home/nico/.local/lib/python3.10/site-packages/airflow/example_dags/example_bash_operator.py
[2024-10-20T17:39:36.574-0300] {processor.py:925} INFO - DAG(s) 'example_bash_operator' retrieved from /home/nico/.local/lib/python3.10/site-packages/airflow/example_dags/example_bash_operator.py
[2024-10-20T17:39:36.680-0300] {logging_mixin.py:190} INFO - [2024-10-20T17:39:36.680-0300] {dag.py:3239} INFO - Sync 1 DAGs
[2024-10-20T17:39:36.749-0300] {logging_mixin.py:190} INFO - [2024-10-20T17:39:36.748-0300] {dag.py:4180} INFO - Setting next_dagrun for example_bash_operator to 2024-10-19 00:00:00+00:00, run_after=2024-10-20 00:00:00+00:00
[2024-10-20T17:39:36.887-0300] {processor.py:208} INFO - Processing /home/nico/.local/lib/python3.10/site-packages/airflow/example_dags/example_bash_operator.py took 0.393 seconds
[2024-10-20T17:42:27.757-0300] {processor.py:186} INFO - Started process (PID=128659) to work on /home/nico/.local/lib/python3.10/site-packages/airflow/example_dags/example_bash_operator.py
[2024-10-20T17:42:27.760-0300] {processor.py:914} INFO - Processing file /home/nico/.local/lib/python3.10/site-packages/airflow/example_dags/example_bash_operator.py for tasks to queue
[2024-10-20T17:42:27.764-0300] {logging_mixin.py:190} INFO - [2024-10-20T17:42:27.763-0300] {dagbag.py:588} INFO - Filling up the DagBag from /home/nico/.local/lib/python3.10/site-packages/airflow/example_dags/example_bash_operator.py
[2024-10-20T17:42:27.791-0300] {processor.py:925} INFO - DAG(s) 'example_bash_operator' retrieved from /home/nico/.local/lib/python3.10/site-packages/airflow/example_dags/example_bash_operator.py
[2024-10-20T17:42:27.864-0300] {logging_mixin.py:190} INFO - [2024-10-20T17:42:27.864-0300] {dag.py:3239} INFO - Sync 1 DAGs
[2024-10-20T17:42:27.927-0300] {logging_mixin.py:190} INFO - [2024-10-20T17:42:27.926-0300] {dag.py:4180} INFO - Setting next_dagrun for example_bash_operator to 2024-10-19 00:00:00+00:00, run_after=2024-10-20 00:00:00+00:00
[2024-10-20T17:42:28.047-0300] {processor.py:208} INFO - Processing /home/nico/.local/lib/python3.10/site-packages/airflow/example_dags/example_bash_operator.py took 0.303 seconds
[2024-10-20T17:48:08.337-0300] {processor.py:186} INFO - Started process (PID=130287) to work on /home/nico/.local/lib/python3.10/site-packages/airflow/example_dags/example_bash_operator.py
[2024-10-20T17:48:08.341-0300] {processor.py:914} INFO - Processing file /home/nico/.local/lib/python3.10/site-packages/airflow/example_dags/example_bash_operator.py for tasks to queue
[2024-10-20T17:48:08.346-0300] {logging_mixin.py:190} INFO - [2024-10-20T17:48:08.344-0300] {dagbag.py:588} INFO - Filling up the DagBag from /home/nico/.local/lib/python3.10/site-packages/airflow/example_dags/example_bash_operator.py
[2024-10-20T17:48:08.397-0300] {processor.py:925} INFO - DAG(s) 'example_bash_operator' retrieved from /home/nico/.local/lib/python3.10/site-packages/airflow/example_dags/example_bash_operator.py
[2024-10-20T17:48:08.560-0300] {logging_mixin.py:190} INFO - [2024-10-20T17:48:08.560-0300] {dag.py:3239} INFO - Sync 1 DAGs
[2024-10-20T17:48:08.660-0300] {logging_mixin.py:190} INFO - [2024-10-20T17:48:08.659-0300] {dag.py:4180} INFO - Setting next_dagrun for example_bash_operator to 2024-10-19 00:00:00+00:00, run_after=2024-10-20 00:00:00+00:00
[2024-10-20T17:48:08.868-0300] {processor.py:208} INFO - Processing /home/nico/.local/lib/python3.10/site-packages/airflow/example_dags/example_bash_operator.py took 0.554 seconds
[2024-10-20T17:52:43.144-0300] {processor.py:186} INFO - Started process (PID=131418) to work on /home/nico/.local/lib/python3.10/site-packages/airflow/example_dags/example_bash_operator.py
[2024-10-20T17:52:43.156-0300] {processor.py:914} INFO - Processing file /home/nico/.local/lib/python3.10/site-packages/airflow/example_dags/example_bash_operator.py for tasks to queue
[2024-10-20T17:52:43.161-0300] {logging_mixin.py:190} INFO - [2024-10-20T17:52:43.160-0300] {dagbag.py:588} INFO - Filling up the DagBag from /home/nico/.local/lib/python3.10/site-packages/airflow/example_dags/example_bash_operator.py
[2024-10-20T17:52:43.220-0300] {processor.py:925} INFO - DAG(s) 'example_bash_operator' retrieved from /home/nico/.local/lib/python3.10/site-packages/airflow/example_dags/example_bash_operator.py
[2024-10-20T17:52:43.353-0300] {logging_mixin.py:190} INFO - [2024-10-20T17:52:43.352-0300] {dag.py:3239} INFO - Sync 1 DAGs
[2024-10-20T17:52:43.450-0300] {logging_mixin.py:190} INFO - [2024-10-20T17:52:43.449-0300] {dag.py:4180} INFO - Setting next_dagrun for example_bash_operator to 2024-10-19 00:00:00+00:00, run_after=2024-10-20 00:00:00+00:00
[2024-10-20T17:52:43.595-0300] {processor.py:208} INFO - Processing /home/nico/.local/lib/python3.10/site-packages/airflow/example_dags/example_bash_operator.py took 0.502 seconds
[2024-10-20T17:56:14.400-0300] {processor.py:186} INFO - Started process (PID=132319) to work on /home/nico/.local/lib/python3.10/site-packages/airflow/example_dags/example_bash_operator.py
[2024-10-20T17:56:14.403-0300] {processor.py:914} INFO - Processing file /home/nico/.local/lib/python3.10/site-packages/airflow/example_dags/example_bash_operator.py for tasks to queue
[2024-10-20T17:56:14.410-0300] {logging_mixin.py:190} INFO - [2024-10-20T17:56:14.407-0300] {dagbag.py:588} INFO - Filling up the DagBag from /home/nico/.local/lib/python3.10/site-packages/airflow/example_dags/example_bash_operator.py
[2024-10-20T17:56:14.476-0300] {processor.py:925} INFO - DAG(s) 'example_bash_operator' retrieved from /home/nico/.local/lib/python3.10/site-packages/airflow/example_dags/example_bash_operator.py
[2024-10-20T17:56:14.588-0300] {logging_mixin.py:190} INFO - [2024-10-20T17:56:14.587-0300] {dag.py:3239} INFO - Sync 1 DAGs
[2024-10-20T17:56:14.653-0300] {logging_mixin.py:190} INFO - [2024-10-20T17:56:14.652-0300] {dag.py:4180} INFO - Setting next_dagrun for example_bash_operator to 2024-10-19 00:00:00+00:00, run_after=2024-10-20 00:00:00+00:00
[2024-10-20T17:56:14.802-0300] {processor.py:208} INFO - Processing /home/nico/.local/lib/python3.10/site-packages/airflow/example_dags/example_bash_operator.py took 0.437 seconds
[2024-10-20T17:59:40.240-0300] {processor.py:186} INFO - Started process (PID=133195) to work on /home/nico/.local/lib/python3.10/site-packages/airflow/example_dags/example_bash_operator.py
[2024-10-20T17:59:40.244-0300] {processor.py:914} INFO - Processing file /home/nico/.local/lib/python3.10/site-packages/airflow/example_dags/example_bash_operator.py for tasks to queue
[2024-10-20T17:59:40.249-0300] {logging_mixin.py:190} INFO - [2024-10-20T17:59:40.248-0300] {dagbag.py:588} INFO - Filling up the DagBag from /home/nico/.local/lib/python3.10/site-packages/airflow/example_dags/example_bash_operator.py
[2024-10-20T17:59:40.300-0300] {processor.py:925} INFO - DAG(s) 'example_bash_operator' retrieved from /home/nico/.local/lib/python3.10/site-packages/airflow/example_dags/example_bash_operator.py
[2024-10-20T17:59:40.417-0300] {logging_mixin.py:190} INFO - [2024-10-20T17:59:40.416-0300] {dag.py:3239} INFO - Sync 1 DAGs
[2024-10-20T17:59:40.497-0300] {logging_mixin.py:190} INFO - [2024-10-20T17:59:40.496-0300] {dag.py:4180} INFO - Setting next_dagrun for example_bash_operator to 2024-10-19 00:00:00+00:00, run_after=2024-10-20 00:00:00+00:00
[2024-10-20T17:59:40.654-0300] {processor.py:208} INFO - Processing /home/nico/.local/lib/python3.10/site-packages/airflow/example_dags/example_bash_operator.py took 0.452 seconds
[2024-10-20T18:04:07.032-0300] {processor.py:186} INFO - Started process (PID=134311) to work on /home/nico/.local/lib/python3.10/site-packages/airflow/example_dags/example_bash_operator.py
[2024-10-20T18:04:07.044-0300] {processor.py:914} INFO - Processing file /home/nico/.local/lib/python3.10/site-packages/airflow/example_dags/example_bash_operator.py for tasks to queue
[2024-10-20T18:04:07.049-0300] {logging_mixin.py:190} INFO - [2024-10-20T18:04:07.048-0300] {dagbag.py:588} INFO - Filling up the DagBag from /home/nico/.local/lib/python3.10/site-packages/airflow/example_dags/example_bash_operator.py
[2024-10-20T18:04:07.136-0300] {processor.py:925} INFO - DAG(s) 'example_bash_operator' retrieved from /home/nico/.local/lib/python3.10/site-packages/airflow/example_dags/example_bash_operator.py
[2024-10-20T18:04:07.374-0300] {logging_mixin.py:190} INFO - [2024-10-20T18:04:07.373-0300] {dag.py:3239} INFO - Sync 1 DAGs
[2024-10-20T18:04:07.568-0300] {logging_mixin.py:190} INFO - [2024-10-20T18:04:07.563-0300] {dag.py:4180} INFO - Setting next_dagrun for example_bash_operator to 2024-10-19 00:00:00+00:00, run_after=2024-10-20 00:00:00+00:00
[2024-10-20T18:04:07.778-0300] {processor.py:208} INFO - Processing /home/nico/.local/lib/python3.10/site-packages/airflow/example_dags/example_bash_operator.py took 0.786 seconds
[2024-10-20T18:07:59.392-0300] {processor.py:186} INFO - Started process (PID=135291) to work on /home/nico/.local/lib/python3.10/site-packages/airflow/example_dags/example_bash_operator.py
[2024-10-20T18:07:59.396-0300] {processor.py:914} INFO - Processing file /home/nico/.local/lib/python3.10/site-packages/airflow/example_dags/example_bash_operator.py for tasks to queue
[2024-10-20T18:07:59.406-0300] {logging_mixin.py:190} INFO - [2024-10-20T18:07:59.404-0300] {dagbag.py:588} INFO - Filling up the DagBag from /home/nico/.local/lib/python3.10/site-packages/airflow/example_dags/example_bash_operator.py
[2024-10-20T18:07:59.433-0300] {processor.py:925} INFO - DAG(s) 'example_bash_operator' retrieved from /home/nico/.local/lib/python3.10/site-packages/airflow/example_dags/example_bash_operator.py
[2024-10-20T18:07:59.505-0300] {logging_mixin.py:190} INFO - [2024-10-20T18:07:59.505-0300] {dag.py:3239} INFO - Sync 1 DAGs
[2024-10-20T18:07:59.587-0300] {logging_mixin.py:190} INFO - [2024-10-20T18:07:59.587-0300] {dag.py:4180} INFO - Setting next_dagrun for example_bash_operator to 2024-10-19 00:00:00+00:00, run_after=2024-10-20 00:00:00+00:00
[2024-10-20T18:07:59.754-0300] {processor.py:208} INFO - Processing /home/nico/.local/lib/python3.10/site-packages/airflow/example_dags/example_bash_operator.py took 0.385 seconds
[2024-10-20T18:11:49.682-0300] {processor.py:186} INFO - Started process (PID=136260) to work on /home/nico/.local/lib/python3.10/site-packages/airflow/example_dags/example_bash_operator.py
[2024-10-20T18:11:49.694-0300] {processor.py:914} INFO - Processing file /home/nico/.local/lib/python3.10/site-packages/airflow/example_dags/example_bash_operator.py for tasks to queue
[2024-10-20T18:11:49.700-0300] {logging_mixin.py:190} INFO - [2024-10-20T18:11:49.699-0300] {dagbag.py:588} INFO - Filling up the DagBag from /home/nico/.local/lib/python3.10/site-packages/airflow/example_dags/example_bash_operator.py
[2024-10-20T18:11:49.815-0300] {processor.py:925} INFO - DAG(s) 'example_bash_operator' retrieved from /home/nico/.local/lib/python3.10/site-packages/airflow/example_dags/example_bash_operator.py
[2024-10-20T18:11:50.188-0300] {logging_mixin.py:190} INFO - [2024-10-20T18:11:50.187-0300] {dag.py:3239} INFO - Sync 1 DAGs
[2024-10-20T18:11:50.442-0300] {logging_mixin.py:190} INFO - [2024-10-20T18:11:50.442-0300] {dag.py:4180} INFO - Setting next_dagrun for example_bash_operator to 2024-10-19 00:00:00+00:00, run_after=2024-10-20 00:00:00+00:00
[2024-10-20T18:11:50.645-0300] {processor.py:208} INFO - Processing /home/nico/.local/lib/python3.10/site-packages/airflow/example_dags/example_bash_operator.py took 0.992 seconds
[2024-10-20T18:18:38.334-0300] {processor.py:186} INFO - Started process (PID=138148) to work on /home/nico/.local/lib/python3.10/site-packages/airflow/example_dags/example_bash_operator.py
[2024-10-20T18:18:38.338-0300] {processor.py:914} INFO - Processing file /home/nico/.local/lib/python3.10/site-packages/airflow/example_dags/example_bash_operator.py for tasks to queue
[2024-10-20T18:18:38.346-0300] {logging_mixin.py:190} INFO - [2024-10-20T18:18:38.345-0300] {dagbag.py:588} INFO - Filling up the DagBag from /home/nico/.local/lib/python3.10/site-packages/airflow/example_dags/example_bash_operator.py
[2024-10-20T18:18:38.391-0300] {processor.py:925} INFO - DAG(s) 'example_bash_operator' retrieved from /home/nico/.local/lib/python3.10/site-packages/airflow/example_dags/example_bash_operator.py
[2024-10-20T18:18:38.465-0300] {logging_mixin.py:190} INFO - [2024-10-20T18:18:38.464-0300] {dag.py:3239} INFO - Sync 1 DAGs
[2024-10-20T18:18:38.532-0300] {logging_mixin.py:190} INFO - [2024-10-20T18:18:38.531-0300] {dag.py:4180} INFO - Setting next_dagrun for example_bash_operator to 2024-10-19 00:00:00+00:00, run_after=2024-10-20 00:00:00+00:00
[2024-10-20T18:18:38.656-0300] {processor.py:208} INFO - Processing /home/nico/.local/lib/python3.10/site-packages/airflow/example_dags/example_bash_operator.py took 0.342 seconds
[2024-10-20T18:22:15.428-0300] {processor.py:186} INFO - Started process (PID=139061) to work on /home/nico/.local/lib/python3.10/site-packages/airflow/example_dags/example_bash_operator.py
[2024-10-20T18:22:15.430-0300] {processor.py:914} INFO - Processing file /home/nico/.local/lib/python3.10/site-packages/airflow/example_dags/example_bash_operator.py for tasks to queue
[2024-10-20T18:22:15.436-0300] {logging_mixin.py:190} INFO - [2024-10-20T18:22:15.435-0300] {dagbag.py:588} INFO - Filling up the DagBag from /home/nico/.local/lib/python3.10/site-packages/airflow/example_dags/example_bash_operator.py
[2024-10-20T18:22:15.467-0300] {processor.py:925} INFO - DAG(s) 'example_bash_operator' retrieved from /home/nico/.local/lib/python3.10/site-packages/airflow/example_dags/example_bash_operator.py
[2024-10-20T18:22:15.550-0300] {logging_mixin.py:190} INFO - [2024-10-20T18:22:15.550-0300] {dag.py:3239} INFO - Sync 1 DAGs
[2024-10-20T18:22:15.621-0300] {logging_mixin.py:190} INFO - [2024-10-20T18:22:15.621-0300] {dag.py:4180} INFO - Setting next_dagrun for example_bash_operator to 2024-10-19 00:00:00+00:00, run_after=2024-10-20 00:00:00+00:00
[2024-10-20T18:22:16.095-0300] {processor.py:208} INFO - Processing /home/nico/.local/lib/python3.10/site-packages/airflow/example_dags/example_bash_operator.py took 0.680 seconds
