[2024-10-20T02:01:51.421-0300] {processor.py:186} INFO - Started process (PID=78706) to work on /home/nico/.local/lib/python3.10/site-packages/airflow/example_dags/example_inlet_event_extra.py
[2024-10-20T02:01:51.424-0300] {processor.py:914} INFO - Processing file /home/nico/.local/lib/python3.10/site-packages/airflow/example_dags/example_inlet_event_extra.py for tasks to queue
[2024-10-20T02:01:51.433-0300] {logging_mixin.py:190} INFO - [2024-10-20T02:01:51.432-0300] {dagbag.py:588} INFO - Filling up the DagBag from /home/nico/.local/lib/python3.10/site-packages/airflow/example_dags/example_inlet_event_extra.py
[2024-10-20T02:01:51.467-0300] {processor.py:925} INFO - DAG(s) 'read_dataset_event', 'read_dataset_event_from_classic' retrieved from /home/nico/.local/lib/python3.10/site-packages/airflow/example_dags/example_inlet_event_extra.py
[2024-10-20T02:01:51.542-0300] {logging_mixin.py:190} INFO - [2024-10-20T02:01:51.542-0300] {dag.py:3239} INFO - Sync 2 DAGs
[2024-10-20T02:01:51.623-0300] {logging_mixin.py:190} INFO - [2024-10-20T02:01:51.622-0300] {dag.py:4180} INFO - Setting next_dagrun for read_dataset_event to 2024-10-19 00:00:00+00:00, run_after=2024-10-20 00:00:00+00:00
[2024-10-20T02:01:51.636-0300] {logging_mixin.py:190} INFO - [2024-10-20T02:01:51.635-0300] {dag.py:4180} INFO - Setting next_dagrun for read_dataset_event_from_classic to 2024-10-19 00:00:00+00:00, run_after=2024-10-20 00:00:00+00:00
[2024-10-20T02:01:51.978-0300] {processor.py:208} INFO - Processing /home/nico/.local/lib/python3.10/site-packages/airflow/example_dags/example_inlet_event_extra.py took 0.580 seconds
[2024-10-20T02:04:02.240-0300] {processor.py:186} INFO - Started process (PID=79265) to work on /home/nico/.local/lib/python3.10/site-packages/airflow/example_dags/example_inlet_event_extra.py
[2024-10-20T02:04:02.244-0300] {processor.py:914} INFO - Processing file /home/nico/.local/lib/python3.10/site-packages/airflow/example_dags/example_inlet_event_extra.py for tasks to queue
[2024-10-20T02:04:02.252-0300] {logging_mixin.py:190} INFO - [2024-10-20T02:04:02.251-0300] {dagbag.py:588} INFO - Filling up the DagBag from /home/nico/.local/lib/python3.10/site-packages/airflow/example_dags/example_inlet_event_extra.py
[2024-10-20T02:04:02.293-0300] {processor.py:925} INFO - DAG(s) 'read_dataset_event_from_classic', 'read_dataset_event' retrieved from /home/nico/.local/lib/python3.10/site-packages/airflow/example_dags/example_inlet_event_extra.py
[2024-10-20T02:04:02.359-0300] {logging_mixin.py:190} INFO - [2024-10-20T02:04:02.358-0300] {dag.py:3239} INFO - Sync 2 DAGs
[2024-10-20T02:04:02.443-0300] {logging_mixin.py:190} INFO - [2024-10-20T02:04:02.443-0300] {dag.py:4180} INFO - Setting next_dagrun for read_dataset_event to 2024-10-19 00:00:00+00:00, run_after=2024-10-20 00:00:00+00:00
[2024-10-20T02:04:02.466-0300] {logging_mixin.py:190} INFO - [2024-10-20T02:04:02.465-0300] {dag.py:4180} INFO - Setting next_dagrun for read_dataset_event_from_classic to 2024-10-19 00:00:00+00:00, run_after=2024-10-20 00:00:00+00:00
[2024-10-20T02:04:02.590-0300] {processor.py:208} INFO - Processing /home/nico/.local/lib/python3.10/site-packages/airflow/example_dags/example_inlet_event_extra.py took 0.378 seconds
[2024-10-20T02:13:23.487-0300] {processor.py:186} INFO - Started process (PID=81894) to work on /home/nico/.local/lib/python3.10/site-packages/airflow/example_dags/example_inlet_event_extra.py
[2024-10-20T02:13:23.494-0300] {processor.py:914} INFO - Processing file /home/nico/.local/lib/python3.10/site-packages/airflow/example_dags/example_inlet_event_extra.py for tasks to queue
[2024-10-20T02:13:23.502-0300] {logging_mixin.py:190} INFO - [2024-10-20T02:13:23.500-0300] {dagbag.py:588} INFO - Filling up the DagBag from /home/nico/.local/lib/python3.10/site-packages/airflow/example_dags/example_inlet_event_extra.py
[2024-10-20T02:13:23.559-0300] {processor.py:925} INFO - DAG(s) 'read_dataset_event_from_classic', 'read_dataset_event' retrieved from /home/nico/.local/lib/python3.10/site-packages/airflow/example_dags/example_inlet_event_extra.py
[2024-10-20T02:13:23.666-0300] {logging_mixin.py:190} INFO - [2024-10-20T02:13:23.666-0300] {dag.py:3239} INFO - Sync 2 DAGs
[2024-10-20T02:13:23.788-0300] {logging_mixin.py:190} INFO - [2024-10-20T02:13:23.787-0300] {dag.py:4180} INFO - Setting next_dagrun for read_dataset_event to 2024-10-19 00:00:00+00:00, run_after=2024-10-20 00:00:00+00:00
[2024-10-20T02:13:23.805-0300] {logging_mixin.py:190} INFO - [2024-10-20T02:13:23.804-0300] {dag.py:4180} INFO - Setting next_dagrun for read_dataset_event_from_classic to 2024-10-19 00:00:00+00:00, run_after=2024-10-20 00:00:00+00:00
[2024-10-20T02:13:23.959-0300] {processor.py:208} INFO - Processing /home/nico/.local/lib/python3.10/site-packages/airflow/example_dags/example_inlet_event_extra.py took 0.498 seconds
[2024-10-20T02:15:28.403-0300] {processor.py:186} INFO - Started process (PID=82429) to work on /home/nico/.local/lib/python3.10/site-packages/airflow/example_dags/example_inlet_event_extra.py
[2024-10-20T02:15:28.406-0300] {processor.py:914} INFO - Processing file /home/nico/.local/lib/python3.10/site-packages/airflow/example_dags/example_inlet_event_extra.py for tasks to queue
[2024-10-20T02:15:28.412-0300] {logging_mixin.py:190} INFO - [2024-10-20T02:15:28.411-0300] {dagbag.py:588} INFO - Filling up the DagBag from /home/nico/.local/lib/python3.10/site-packages/airflow/example_dags/example_inlet_event_extra.py
[2024-10-20T02:15:28.461-0300] {processor.py:925} INFO - DAG(s) 'read_dataset_event', 'read_dataset_event_from_classic' retrieved from /home/nico/.local/lib/python3.10/site-packages/airflow/example_dags/example_inlet_event_extra.py
[2024-10-20T02:15:28.570-0300] {logging_mixin.py:190} INFO - [2024-10-20T02:15:28.569-0300] {dag.py:3239} INFO - Sync 2 DAGs
[2024-10-20T02:15:28.669-0300] {logging_mixin.py:190} INFO - [2024-10-20T02:15:28.668-0300] {dag.py:4180} INFO - Setting next_dagrun for read_dataset_event to 2024-10-19 00:00:00+00:00, run_after=2024-10-20 00:00:00+00:00
[2024-10-20T02:15:28.695-0300] {logging_mixin.py:190} INFO - [2024-10-20T02:15:28.695-0300] {dag.py:4180} INFO - Setting next_dagrun for read_dataset_event_from_classic to 2024-10-19 00:00:00+00:00, run_after=2024-10-20 00:00:00+00:00
[2024-10-20T02:15:28.830-0300] {processor.py:208} INFO - Processing /home/nico/.local/lib/python3.10/site-packages/airflow/example_dags/example_inlet_event_extra.py took 0.450 seconds
[2024-10-20T02:18:39.657-0300] {processor.py:186} INFO - Started process (PID=83252) to work on /home/nico/.local/lib/python3.10/site-packages/airflow/example_dags/example_inlet_event_extra.py
[2024-10-20T02:18:39.660-0300] {processor.py:914} INFO - Processing file /home/nico/.local/lib/python3.10/site-packages/airflow/example_dags/example_inlet_event_extra.py for tasks to queue
[2024-10-20T02:18:39.668-0300] {logging_mixin.py:190} INFO - [2024-10-20T02:18:39.667-0300] {dagbag.py:588} INFO - Filling up the DagBag from /home/nico/.local/lib/python3.10/site-packages/airflow/example_dags/example_inlet_event_extra.py
[2024-10-20T02:18:39.704-0300] {processor.py:925} INFO - DAG(s) 'read_dataset_event_from_classic', 'read_dataset_event' retrieved from /home/nico/.local/lib/python3.10/site-packages/airflow/example_dags/example_inlet_event_extra.py
[2024-10-20T02:18:39.791-0300] {logging_mixin.py:190} INFO - [2024-10-20T02:18:39.791-0300] {dag.py:3239} INFO - Sync 2 DAGs
[2024-10-20T02:18:39.863-0300] {logging_mixin.py:190} INFO - [2024-10-20T02:18:39.863-0300] {dag.py:4180} INFO - Setting next_dagrun for read_dataset_event to 2024-10-19 00:00:00+00:00, run_after=2024-10-20 00:00:00+00:00
[2024-10-20T02:18:39.876-0300] {logging_mixin.py:190} INFO - [2024-10-20T02:18:39.876-0300] {dag.py:4180} INFO - Setting next_dagrun for read_dataset_event_from_classic to 2024-10-19 00:00:00+00:00, run_after=2024-10-20 00:00:00+00:00
[2024-10-20T02:18:40.015-0300] {processor.py:208} INFO - Processing /home/nico/.local/lib/python3.10/site-packages/airflow/example_dags/example_inlet_event_extra.py took 0.379 seconds
[2024-10-20T02:21:10.529-0300] {processor.py:186} INFO - Started process (PID=83912) to work on /home/nico/.local/lib/python3.10/site-packages/airflow/example_dags/example_inlet_event_extra.py
[2024-10-20T02:21:10.539-0300] {processor.py:914} INFO - Processing file /home/nico/.local/lib/python3.10/site-packages/airflow/example_dags/example_inlet_event_extra.py for tasks to queue
[2024-10-20T02:21:10.548-0300] {logging_mixin.py:190} INFO - [2024-10-20T02:21:10.546-0300] {dagbag.py:588} INFO - Filling up the DagBag from /home/nico/.local/lib/python3.10/site-packages/airflow/example_dags/example_inlet_event_extra.py
[2024-10-20T02:21:10.588-0300] {processor.py:925} INFO - DAG(s) 'read_dataset_event', 'read_dataset_event_from_classic' retrieved from /home/nico/.local/lib/python3.10/site-packages/airflow/example_dags/example_inlet_event_extra.py
[2024-10-20T02:21:10.692-0300] {logging_mixin.py:190} INFO - [2024-10-20T02:21:10.692-0300] {dag.py:3239} INFO - Sync 2 DAGs
[2024-10-20T02:21:10.779-0300] {logging_mixin.py:190} INFO - [2024-10-20T02:21:10.779-0300] {dag.py:4180} INFO - Setting next_dagrun for read_dataset_event to 2024-10-19 00:00:00+00:00, run_after=2024-10-20 00:00:00+00:00
[2024-10-20T02:21:10.803-0300] {logging_mixin.py:190} INFO - [2024-10-20T02:21:10.799-0300] {dag.py:4180} INFO - Setting next_dagrun for read_dataset_event_from_classic to 2024-10-19 00:00:00+00:00, run_after=2024-10-20 00:00:00+00:00
[2024-10-20T02:21:10.960-0300] {processor.py:208} INFO - Processing /home/nico/.local/lib/python3.10/site-packages/airflow/example_dags/example_inlet_event_extra.py took 0.447 seconds
[2024-10-20T02:25:02.718-0300] {processor.py:186} INFO - Started process (PID=84887) to work on /home/nico/.local/lib/python3.10/site-packages/airflow/example_dags/example_inlet_event_extra.py
[2024-10-20T02:25:02.740-0300] {processor.py:914} INFO - Processing file /home/nico/.local/lib/python3.10/site-packages/airflow/example_dags/example_inlet_event_extra.py for tasks to queue
[2024-10-20T02:25:02.753-0300] {logging_mixin.py:190} INFO - [2024-10-20T02:25:02.752-0300] {dagbag.py:588} INFO - Filling up the DagBag from /home/nico/.local/lib/python3.10/site-packages/airflow/example_dags/example_inlet_event_extra.py
[2024-10-20T02:25:02.866-0300] {processor.py:925} INFO - DAG(s) 'read_dataset_event', 'read_dataset_event_from_classic' retrieved from /home/nico/.local/lib/python3.10/site-packages/airflow/example_dags/example_inlet_event_extra.py
[2024-10-20T02:25:03.093-0300] {logging_mixin.py:190} INFO - [2024-10-20T02:25:03.092-0300] {dag.py:3239} INFO - Sync 2 DAGs
[2024-10-20T02:25:03.434-0300] {logging_mixin.py:190} INFO - [2024-10-20T02:25:03.433-0300] {dag.py:4180} INFO - Setting next_dagrun for read_dataset_event to 2024-10-19 00:00:00+00:00, run_after=2024-10-20 00:00:00+00:00
[2024-10-20T02:25:03.500-0300] {logging_mixin.py:190} INFO - [2024-10-20T02:25:03.500-0300] {dag.py:4180} INFO - Setting next_dagrun for read_dataset_event_from_classic to 2024-10-19 00:00:00+00:00, run_after=2024-10-20 00:00:00+00:00
[2024-10-20T02:25:03.642-0300] {processor.py:208} INFO - Processing /home/nico/.local/lib/python3.10/site-packages/airflow/example_dags/example_inlet_event_extra.py took 0.955 seconds
[2024-10-20T02:29:43.739-0300] {processor.py:186} INFO - Started process (PID=86192) to work on /home/nico/.local/lib/python3.10/site-packages/airflow/example_dags/example_inlet_event_extra.py
[2024-10-20T02:29:43.746-0300] {processor.py:914} INFO - Processing file /home/nico/.local/lib/python3.10/site-packages/airflow/example_dags/example_inlet_event_extra.py for tasks to queue
[2024-10-20T02:29:43.770-0300] {logging_mixin.py:190} INFO - [2024-10-20T02:29:43.769-0300] {dagbag.py:588} INFO - Filling up the DagBag from /home/nico/.local/lib/python3.10/site-packages/airflow/example_dags/example_inlet_event_extra.py
[2024-10-20T02:29:43.837-0300] {processor.py:925} INFO - DAG(s) 'read_dataset_event', 'read_dataset_event_from_classic' retrieved from /home/nico/.local/lib/python3.10/site-packages/airflow/example_dags/example_inlet_event_extra.py
[2024-10-20T02:29:43.947-0300] {logging_mixin.py:190} INFO - [2024-10-20T02:29:43.947-0300] {dag.py:3239} INFO - Sync 2 DAGs
[2024-10-20T02:29:44.034-0300] {logging_mixin.py:190} INFO - [2024-10-20T02:29:44.033-0300] {dag.py:4180} INFO - Setting next_dagrun for read_dataset_event to 2024-10-19 00:00:00+00:00, run_after=2024-10-20 00:00:00+00:00
[2024-10-20T02:29:44.053-0300] {logging_mixin.py:190} INFO - [2024-10-20T02:29:44.052-0300] {dag.py:4180} INFO - Setting next_dagrun for read_dataset_event_from_classic to 2024-10-19 00:00:00+00:00, run_after=2024-10-20 00:00:00+00:00
[2024-10-20T02:29:44.180-0300] {processor.py:208} INFO - Processing /home/nico/.local/lib/python3.10/site-packages/airflow/example_dags/example_inlet_event_extra.py took 0.491 seconds
[2024-10-20T02:31:51.156-0300] {processor.py:186} INFO - Started process (PID=86734) to work on /home/nico/.local/lib/python3.10/site-packages/airflow/example_dags/example_inlet_event_extra.py
[2024-10-20T02:31:51.159-0300] {processor.py:914} INFO - Processing file /home/nico/.local/lib/python3.10/site-packages/airflow/example_dags/example_inlet_event_extra.py for tasks to queue
[2024-10-20T02:31:51.166-0300] {logging_mixin.py:190} INFO - [2024-10-20T02:31:51.165-0300] {dagbag.py:588} INFO - Filling up the DagBag from /home/nico/.local/lib/python3.10/site-packages/airflow/example_dags/example_inlet_event_extra.py
[2024-10-20T02:31:51.203-0300] {processor.py:925} INFO - DAG(s) 'read_dataset_event_from_classic', 'read_dataset_event' retrieved from /home/nico/.local/lib/python3.10/site-packages/airflow/example_dags/example_inlet_event_extra.py
[2024-10-20T02:31:51.326-0300] {logging_mixin.py:190} INFO - [2024-10-20T02:31:51.325-0300] {dag.py:3239} INFO - Sync 2 DAGs
[2024-10-20T02:31:51.438-0300] {logging_mixin.py:190} INFO - [2024-10-20T02:31:51.437-0300] {dag.py:4180} INFO - Setting next_dagrun for read_dataset_event to 2024-10-19 00:00:00+00:00, run_after=2024-10-20 00:00:00+00:00
[2024-10-20T02:31:51.456-0300] {logging_mixin.py:190} INFO - [2024-10-20T02:31:51.456-0300] {dag.py:4180} INFO - Setting next_dagrun for read_dataset_event_from_classic to 2024-10-19 00:00:00+00:00, run_after=2024-10-20 00:00:00+00:00
[2024-10-20T02:31:51.626-0300] {processor.py:208} INFO - Processing /home/nico/.local/lib/python3.10/site-packages/airflow/example_dags/example_inlet_event_extra.py took 0.490 seconds
[2024-10-20T02:51:49.560-0300] {processor.py:186} INFO - Started process (PID=91504) to work on /home/nico/.local/lib/python3.10/site-packages/airflow/example_dags/example_inlet_event_extra.py
[2024-10-20T02:51:49.564-0300] {processor.py:914} INFO - Processing file /home/nico/.local/lib/python3.10/site-packages/airflow/example_dags/example_inlet_event_extra.py for tasks to queue
[2024-10-20T02:51:49.573-0300] {logging_mixin.py:190} INFO - [2024-10-20T02:51:49.572-0300] {dagbag.py:588} INFO - Filling up the DagBag from /home/nico/.local/lib/python3.10/site-packages/airflow/example_dags/example_inlet_event_extra.py
[2024-10-20T02:51:49.613-0300] {processor.py:925} INFO - DAG(s) 'read_dataset_event', 'read_dataset_event_from_classic' retrieved from /home/nico/.local/lib/python3.10/site-packages/airflow/example_dags/example_inlet_event_extra.py
[2024-10-20T02:51:49.697-0300] {logging_mixin.py:190} INFO - [2024-10-20T02:51:49.696-0300] {dag.py:3239} INFO - Sync 2 DAGs
[2024-10-20T02:51:49.771-0300] {logging_mixin.py:190} INFO - [2024-10-20T02:51:49.770-0300] {dag.py:4180} INFO - Setting next_dagrun for read_dataset_event to 2024-10-19 00:00:00+00:00, run_after=2024-10-20 00:00:00+00:00
[2024-10-20T02:51:49.790-0300] {logging_mixin.py:190} INFO - [2024-10-20T02:51:49.789-0300] {dag.py:4180} INFO - Setting next_dagrun for read_dataset_event_from_classic to 2024-10-19 00:00:00+00:00, run_after=2024-10-20 00:00:00+00:00
[2024-10-20T02:51:49.893-0300] {processor.py:208} INFO - Processing /home/nico/.local/lib/python3.10/site-packages/airflow/example_dags/example_inlet_event_extra.py took 0.350 seconds
[2024-10-20T02:55:49.832-0300] {processor.py:186} INFO - Started process (PID=92558) to work on /home/nico/.local/lib/python3.10/site-packages/airflow/example_dags/example_inlet_event_extra.py
[2024-10-20T02:55:49.837-0300] {processor.py:914} INFO - Processing file /home/nico/.local/lib/python3.10/site-packages/airflow/example_dags/example_inlet_event_extra.py for tasks to queue
[2024-10-20T02:55:49.848-0300] {logging_mixin.py:190} INFO - [2024-10-20T02:55:49.847-0300] {dagbag.py:588} INFO - Filling up the DagBag from /home/nico/.local/lib/python3.10/site-packages/airflow/example_dags/example_inlet_event_extra.py
[2024-10-20T02:55:49.882-0300] {processor.py:925} INFO - DAG(s) 'read_dataset_event', 'read_dataset_event_from_classic' retrieved from /home/nico/.local/lib/python3.10/site-packages/airflow/example_dags/example_inlet_event_extra.py
[2024-10-20T02:55:49.973-0300] {logging_mixin.py:190} INFO - [2024-10-20T02:55:49.972-0300] {dag.py:3239} INFO - Sync 2 DAGs
[2024-10-20T02:55:50.077-0300] {logging_mixin.py:190} INFO - [2024-10-20T02:55:50.077-0300] {dag.py:4180} INFO - Setting next_dagrun for read_dataset_event to 2024-10-19 00:00:00+00:00, run_after=2024-10-20 00:00:00+00:00
[2024-10-20T02:55:50.095-0300] {logging_mixin.py:190} INFO - [2024-10-20T02:55:50.094-0300] {dag.py:4180} INFO - Setting next_dagrun for read_dataset_event_from_classic to 2024-10-19 00:00:00+00:00, run_after=2024-10-20 00:00:00+00:00
[2024-10-20T02:55:50.221-0300] {processor.py:208} INFO - Processing /home/nico/.local/lib/python3.10/site-packages/airflow/example_dags/example_inlet_event_extra.py took 0.428 seconds
[2024-10-20T02:59:50.853-0300] {processor.py:186} INFO - Started process (PID=93602) to work on /home/nico/.local/lib/python3.10/site-packages/airflow/example_dags/example_inlet_event_extra.py
[2024-10-20T02:59:50.860-0300] {processor.py:914} INFO - Processing file /home/nico/.local/lib/python3.10/site-packages/airflow/example_dags/example_inlet_event_extra.py for tasks to queue
[2024-10-20T02:59:50.880-0300] {logging_mixin.py:190} INFO - [2024-10-20T02:59:50.879-0300] {dagbag.py:588} INFO - Filling up the DagBag from /home/nico/.local/lib/python3.10/site-packages/airflow/example_dags/example_inlet_event_extra.py
[2024-10-20T02:59:50.975-0300] {processor.py:925} INFO - DAG(s) 'read_dataset_event_from_classic', 'read_dataset_event' retrieved from /home/nico/.local/lib/python3.10/site-packages/airflow/example_dags/example_inlet_event_extra.py
[2024-10-20T02:59:51.277-0300] {logging_mixin.py:190} INFO - [2024-10-20T02:59:51.276-0300] {dag.py:3239} INFO - Sync 2 DAGs
[2024-10-20T02:59:51.429-0300] {logging_mixin.py:190} INFO - [2024-10-20T02:59:51.428-0300] {dag.py:4180} INFO - Setting next_dagrun for read_dataset_event to 2024-10-19 00:00:00+00:00, run_after=2024-10-20 00:00:00+00:00
[2024-10-20T02:59:51.463-0300] {logging_mixin.py:190} INFO - [2024-10-20T02:59:51.460-0300] {dag.py:4180} INFO - Setting next_dagrun for read_dataset_event_from_classic to 2024-10-19 00:00:00+00:00, run_after=2024-10-20 00:00:00+00:00
[2024-10-20T02:59:51.615-0300] {processor.py:208} INFO - Processing /home/nico/.local/lib/python3.10/site-packages/airflow/example_dags/example_inlet_event_extra.py took 0.799 seconds
[2024-10-20T03:02:10.474-0300] {processor.py:186} INFO - Started process (PID=94190) to work on /home/nico/.local/lib/python3.10/site-packages/airflow/example_dags/example_inlet_event_extra.py
[2024-10-20T03:02:10.477-0300] {processor.py:914} INFO - Processing file /home/nico/.local/lib/python3.10/site-packages/airflow/example_dags/example_inlet_event_extra.py for tasks to queue
[2024-10-20T03:02:10.483-0300] {logging_mixin.py:190} INFO - [2024-10-20T03:02:10.483-0300] {dagbag.py:588} INFO - Filling up the DagBag from /home/nico/.local/lib/python3.10/site-packages/airflow/example_dags/example_inlet_event_extra.py
[2024-10-20T03:02:10.517-0300] {processor.py:925} INFO - DAG(s) 'read_dataset_event', 'read_dataset_event_from_classic' retrieved from /home/nico/.local/lib/python3.10/site-packages/airflow/example_dags/example_inlet_event_extra.py
[2024-10-20T03:02:10.591-0300] {logging_mixin.py:190} INFO - [2024-10-20T03:02:10.590-0300] {dag.py:3239} INFO - Sync 2 DAGs
[2024-10-20T03:02:10.687-0300] {logging_mixin.py:190} INFO - [2024-10-20T03:02:10.686-0300] {dag.py:4180} INFO - Setting next_dagrun for read_dataset_event to 2024-10-19 00:00:00+00:00, run_after=2024-10-20 00:00:00+00:00
[2024-10-20T03:02:10.706-0300] {logging_mixin.py:190} INFO - [2024-10-20T03:02:10.706-0300] {dag.py:4180} INFO - Setting next_dagrun for read_dataset_event_from_classic to 2024-10-19 00:00:00+00:00, run_after=2024-10-20 00:00:00+00:00
[2024-10-20T03:02:10.849-0300] {processor.py:208} INFO - Processing /home/nico/.local/lib/python3.10/site-packages/airflow/example_dags/example_inlet_event_extra.py took 0.401 seconds
[2024-10-20T11:11:42.794-0300] {processor.py:186} INFO - Started process (PID=98914) to work on /home/nico/.local/lib/python3.10/site-packages/airflow/example_dags/example_inlet_event_extra.py
[2024-10-20T11:11:42.799-0300] {processor.py:914} INFO - Processing file /home/nico/.local/lib/python3.10/site-packages/airflow/example_dags/example_inlet_event_extra.py for tasks to queue
[2024-10-20T11:11:42.812-0300] {logging_mixin.py:190} INFO - [2024-10-20T11:11:42.810-0300] {dagbag.py:588} INFO - Filling up the DagBag from /home/nico/.local/lib/python3.10/site-packages/airflow/example_dags/example_inlet_event_extra.py
[2024-10-20T11:11:42.908-0300] {processor.py:925} INFO - DAG(s) 'read_dataset_event', 'read_dataset_event_from_classic' retrieved from /home/nico/.local/lib/python3.10/site-packages/airflow/example_dags/example_inlet_event_extra.py
[2024-10-20T11:11:43.325-0300] {logging_mixin.py:190} INFO - [2024-10-20T11:11:43.323-0300] {dag.py:3239} INFO - Sync 2 DAGs
[2024-10-20T11:11:43.574-0300] {logging_mixin.py:190} INFO - [2024-10-20T11:11:43.573-0300] {dag.py:4180} INFO - Setting next_dagrun for read_dataset_event to 2024-10-19 00:00:00+00:00, run_after=2024-10-20 00:00:00+00:00
[2024-10-20T11:11:43.618-0300] {logging_mixin.py:190} INFO - [2024-10-20T11:11:43.608-0300] {dag.py:4180} INFO - Setting next_dagrun for read_dataset_event_from_classic to 2024-10-19 00:00:00+00:00, run_after=2024-10-20 00:00:00+00:00
[2024-10-20T11:11:44.060-0300] {processor.py:208} INFO - Processing /home/nico/.local/lib/python3.10/site-packages/airflow/example_dags/example_inlet_event_extra.py took 1.317 seconds
[2024-10-20T11:14:41.487-0300] {processor.py:186} INFO - Started process (PID=99654) to work on /home/nico/.local/lib/python3.10/site-packages/airflow/example_dags/example_inlet_event_extra.py
[2024-10-20T11:14:41.491-0300] {processor.py:914} INFO - Processing file /home/nico/.local/lib/python3.10/site-packages/airflow/example_dags/example_inlet_event_extra.py for tasks to queue
[2024-10-20T11:14:41.496-0300] {logging_mixin.py:190} INFO - [2024-10-20T11:14:41.495-0300] {dagbag.py:588} INFO - Filling up the DagBag from /home/nico/.local/lib/python3.10/site-packages/airflow/example_dags/example_inlet_event_extra.py
[2024-10-20T11:14:41.591-0300] {processor.py:925} INFO - DAG(s) 'read_dataset_event_from_classic', 'read_dataset_event' retrieved from /home/nico/.local/lib/python3.10/site-packages/airflow/example_dags/example_inlet_event_extra.py
[2024-10-20T11:14:41.991-0300] {logging_mixin.py:190} INFO - [2024-10-20T11:14:41.990-0300] {dag.py:3239} INFO - Sync 2 DAGs
[2024-10-20T11:14:42.248-0300] {logging_mixin.py:190} INFO - [2024-10-20T11:14:42.247-0300] {dag.py:4180} INFO - Setting next_dagrun for read_dataset_event to 2024-10-19 00:00:00+00:00, run_after=2024-10-20 00:00:00+00:00
[2024-10-20T11:14:42.269-0300] {logging_mixin.py:190} INFO - [2024-10-20T11:14:42.268-0300] {dag.py:4180} INFO - Setting next_dagrun for read_dataset_event_from_classic to 2024-10-19 00:00:00+00:00, run_after=2024-10-20 00:00:00+00:00
[2024-10-20T11:14:42.437-0300] {processor.py:208} INFO - Processing /home/nico/.local/lib/python3.10/site-packages/airflow/example_dags/example_inlet_event_extra.py took 0.967 seconds
[2024-10-20T11:18:32.431-0300] {processor.py:186} INFO - Started process (PID=100635) to work on /home/nico/.local/lib/python3.10/site-packages/airflow/example_dags/example_inlet_event_extra.py
[2024-10-20T11:18:32.433-0300] {processor.py:914} INFO - Processing file /home/nico/.local/lib/python3.10/site-packages/airflow/example_dags/example_inlet_event_extra.py for tasks to queue
[2024-10-20T11:18:32.437-0300] {logging_mixin.py:190} INFO - [2024-10-20T11:18:32.436-0300] {dagbag.py:588} INFO - Filling up the DagBag from /home/nico/.local/lib/python3.10/site-packages/airflow/example_dags/example_inlet_event_extra.py
[2024-10-20T11:18:32.470-0300] {processor.py:925} INFO - DAG(s) 'read_dataset_event', 'read_dataset_event_from_classic' retrieved from /home/nico/.local/lib/python3.10/site-packages/airflow/example_dags/example_inlet_event_extra.py
[2024-10-20T11:18:32.553-0300] {logging_mixin.py:190} INFO - [2024-10-20T11:18:32.552-0300] {dag.py:3239} INFO - Sync 2 DAGs
[2024-10-20T11:18:32.611-0300] {logging_mixin.py:190} INFO - [2024-10-20T11:18:32.610-0300] {dag.py:4180} INFO - Setting next_dagrun for read_dataset_event to 2024-10-19 00:00:00+00:00, run_after=2024-10-20 00:00:00+00:00
[2024-10-20T11:18:32.627-0300] {logging_mixin.py:190} INFO - [2024-10-20T11:18:32.626-0300] {dag.py:4180} INFO - Setting next_dagrun for read_dataset_event_from_classic to 2024-10-19 00:00:00+00:00, run_after=2024-10-20 00:00:00+00:00
[2024-10-20T11:18:32.750-0300] {processor.py:208} INFO - Processing /home/nico/.local/lib/python3.10/site-packages/airflow/example_dags/example_inlet_event_extra.py took 0.340 seconds
[2024-10-20T11:22:09.899-0300] {processor.py:186} INFO - Started process (PID=101599) to work on /home/nico/.local/lib/python3.10/site-packages/airflow/example_dags/example_inlet_event_extra.py
[2024-10-20T11:22:09.912-0300] {processor.py:914} INFO - Processing file /home/nico/.local/lib/python3.10/site-packages/airflow/example_dags/example_inlet_event_extra.py for tasks to queue
[2024-10-20T11:22:09.925-0300] {logging_mixin.py:190} INFO - [2024-10-20T11:22:09.920-0300] {dagbag.py:588} INFO - Filling up the DagBag from /home/nico/.local/lib/python3.10/site-packages/airflow/example_dags/example_inlet_event_extra.py
[2024-10-20T11:22:09.995-0300] {processor.py:925} INFO - DAG(s) 'read_dataset_event_from_classic', 'read_dataset_event' retrieved from /home/nico/.local/lib/python3.10/site-packages/airflow/example_dags/example_inlet_event_extra.py
[2024-10-20T11:22:10.124-0300] {logging_mixin.py:190} INFO - [2024-10-20T11:22:10.123-0300] {dag.py:3239} INFO - Sync 2 DAGs
[2024-10-20T11:22:10.192-0300] {logging_mixin.py:190} INFO - [2024-10-20T11:22:10.192-0300] {dag.py:4180} INFO - Setting next_dagrun for read_dataset_event to 2024-10-19 00:00:00+00:00, run_after=2024-10-20 00:00:00+00:00
[2024-10-20T11:22:10.207-0300] {logging_mixin.py:190} INFO - [2024-10-20T11:22:10.206-0300] {dag.py:4180} INFO - Setting next_dagrun for read_dataset_event_from_classic to 2024-10-19 00:00:00+00:00, run_after=2024-10-20 00:00:00+00:00
[2024-10-20T11:22:10.349-0300] {processor.py:208} INFO - Processing /home/nico/.local/lib/python3.10/site-packages/airflow/example_dags/example_inlet_event_extra.py took 0.506 seconds
[2024-10-20T11:26:02.488-0300] {processor.py:186} INFO - Started process (PID=102580) to work on /home/nico/.local/lib/python3.10/site-packages/airflow/example_dags/example_inlet_event_extra.py
[2024-10-20T11:26:02.491-0300] {processor.py:914} INFO - Processing file /home/nico/.local/lib/python3.10/site-packages/airflow/example_dags/example_inlet_event_extra.py for tasks to queue
[2024-10-20T11:26:02.495-0300] {logging_mixin.py:190} INFO - [2024-10-20T11:26:02.494-0300] {dagbag.py:588} INFO - Filling up the DagBag from /home/nico/.local/lib/python3.10/site-packages/airflow/example_dags/example_inlet_event_extra.py
[2024-10-20T11:26:02.529-0300] {processor.py:925} INFO - DAG(s) 'read_dataset_event', 'read_dataset_event_from_classic' retrieved from /home/nico/.local/lib/python3.10/site-packages/airflow/example_dags/example_inlet_event_extra.py
[2024-10-20T11:26:02.611-0300] {logging_mixin.py:190} INFO - [2024-10-20T11:26:02.610-0300] {dag.py:3239} INFO - Sync 2 DAGs
[2024-10-20T11:26:02.673-0300] {logging_mixin.py:190} INFO - [2024-10-20T11:26:02.672-0300] {dag.py:4180} INFO - Setting next_dagrun for read_dataset_event to 2024-10-19 00:00:00+00:00, run_after=2024-10-20 00:00:00+00:00
[2024-10-20T11:26:02.688-0300] {logging_mixin.py:190} INFO - [2024-10-20T11:26:02.688-0300] {dag.py:4180} INFO - Setting next_dagrun for read_dataset_event_from_classic to 2024-10-19 00:00:00+00:00, run_after=2024-10-20 00:00:00+00:00
[2024-10-20T11:26:02.834-0300] {processor.py:208} INFO - Processing /home/nico/.local/lib/python3.10/site-packages/airflow/example_dags/example_inlet_event_extra.py took 0.363 seconds
[2024-10-20T11:41:45.128-0300] {processor.py:186} INFO - Started process (PID=106604) to work on /home/nico/.local/lib/python3.10/site-packages/airflow/example_dags/example_inlet_event_extra.py
[2024-10-20T11:41:45.131-0300] {processor.py:914} INFO - Processing file /home/nico/.local/lib/python3.10/site-packages/airflow/example_dags/example_inlet_event_extra.py for tasks to queue
[2024-10-20T11:41:45.136-0300] {logging_mixin.py:190} INFO - [2024-10-20T11:41:45.135-0300] {dagbag.py:588} INFO - Filling up the DagBag from /home/nico/.local/lib/python3.10/site-packages/airflow/example_dags/example_inlet_event_extra.py
[2024-10-20T11:41:45.160-0300] {processor.py:925} INFO - DAG(s) 'read_dataset_event_from_classic', 'read_dataset_event' retrieved from /home/nico/.local/lib/python3.10/site-packages/airflow/example_dags/example_inlet_event_extra.py
[2024-10-20T11:41:45.345-0300] {logging_mixin.py:190} INFO - [2024-10-20T11:41:45.344-0300] {dag.py:3239} INFO - Sync 2 DAGs
[2024-10-20T11:41:45.522-0300] {logging_mixin.py:190} INFO - [2024-10-20T11:41:45.521-0300] {dag.py:4180} INFO - Setting next_dagrun for read_dataset_event to 2024-10-19 00:00:00+00:00, run_after=2024-10-20 00:00:00+00:00
[2024-10-20T11:41:45.547-0300] {logging_mixin.py:190} INFO - [2024-10-20T11:41:45.546-0300] {dag.py:4180} INFO - Setting next_dagrun for read_dataset_event_from_classic to 2024-10-19 00:00:00+00:00, run_after=2024-10-20 00:00:00+00:00
[2024-10-20T11:41:45.741-0300] {processor.py:208} INFO - Processing /home/nico/.local/lib/python3.10/site-packages/airflow/example_dags/example_inlet_event_extra.py took 0.636 seconds
[2024-10-20T11:44:37.501-0300] {processor.py:186} INFO - Started process (PID=107349) to work on /home/nico/.local/lib/python3.10/site-packages/airflow/example_dags/example_inlet_event_extra.py
[2024-10-20T11:44:37.504-0300] {processor.py:914} INFO - Processing file /home/nico/.local/lib/python3.10/site-packages/airflow/example_dags/example_inlet_event_extra.py for tasks to queue
[2024-10-20T11:44:37.508-0300] {logging_mixin.py:190} INFO - [2024-10-20T11:44:37.507-0300] {dagbag.py:588} INFO - Filling up the DagBag from /home/nico/.local/lib/python3.10/site-packages/airflow/example_dags/example_inlet_event_extra.py
[2024-10-20T11:44:37.535-0300] {processor.py:925} INFO - DAG(s) 'read_dataset_event_from_classic', 'read_dataset_event' retrieved from /home/nico/.local/lib/python3.10/site-packages/airflow/example_dags/example_inlet_event_extra.py
[2024-10-20T11:44:37.600-0300] {logging_mixin.py:190} INFO - [2024-10-20T11:44:37.599-0300] {dag.py:3239} INFO - Sync 2 DAGs
[2024-10-20T11:44:37.665-0300] {logging_mixin.py:190} INFO - [2024-10-20T11:44:37.665-0300] {dag.py:4180} INFO - Setting next_dagrun for read_dataset_event to 2024-10-19 00:00:00+00:00, run_after=2024-10-20 00:00:00+00:00
[2024-10-20T11:44:37.681-0300] {logging_mixin.py:190} INFO - [2024-10-20T11:44:37.680-0300] {dag.py:4180} INFO - Setting next_dagrun for read_dataset_event_from_classic to 2024-10-19 00:00:00+00:00, run_after=2024-10-20 00:00:00+00:00
[2024-10-20T11:44:37.814-0300] {processor.py:208} INFO - Processing /home/nico/.local/lib/python3.10/site-packages/airflow/example_dags/example_inlet_event_extra.py took 0.331 seconds
[2024-10-20T11:47:03.241-0300] {processor.py:186} INFO - Started process (PID=107988) to work on /home/nico/.local/lib/python3.10/site-packages/airflow/example_dags/example_inlet_event_extra.py
[2024-10-20T11:47:03.247-0300] {processor.py:914} INFO - Processing file /home/nico/.local/lib/python3.10/site-packages/airflow/example_dags/example_inlet_event_extra.py for tasks to queue
[2024-10-20T11:47:03.255-0300] {logging_mixin.py:190} INFO - [2024-10-20T11:47:03.253-0300] {dagbag.py:588} INFO - Filling up the DagBag from /home/nico/.local/lib/python3.10/site-packages/airflow/example_dags/example_inlet_event_extra.py
[2024-10-20T11:47:03.308-0300] {processor.py:925} INFO - DAG(s) 'read_dataset_event_from_classic', 'read_dataset_event' retrieved from /home/nico/.local/lib/python3.10/site-packages/airflow/example_dags/example_inlet_event_extra.py
[2024-10-20T11:47:03.395-0300] {logging_mixin.py:190} INFO - [2024-10-20T11:47:03.393-0300] {dag.py:3239} INFO - Sync 2 DAGs
[2024-10-20T11:47:03.453-0300] {logging_mixin.py:190} INFO - [2024-10-20T11:47:03.452-0300] {dag.py:4180} INFO - Setting next_dagrun for read_dataset_event to 2024-10-19 00:00:00+00:00, run_after=2024-10-20 00:00:00+00:00
[2024-10-20T11:47:03.470-0300] {logging_mixin.py:190} INFO - [2024-10-20T11:47:03.470-0300] {dag.py:4180} INFO - Setting next_dagrun for read_dataset_event_from_classic to 2024-10-19 00:00:00+00:00, run_after=2024-10-20 00:00:00+00:00
[2024-10-20T11:47:03.570-0300] {processor.py:208} INFO - Processing /home/nico/.local/lib/python3.10/site-packages/airflow/example_dags/example_inlet_event_extra.py took 0.362 seconds
[2024-10-20T11:49:42.064-0300] {processor.py:186} INFO - Started process (PID=108682) to work on /home/nico/.local/lib/python3.10/site-packages/airflow/example_dags/example_inlet_event_extra.py
[2024-10-20T11:49:42.068-0300] {processor.py:914} INFO - Processing file /home/nico/.local/lib/python3.10/site-packages/airflow/example_dags/example_inlet_event_extra.py for tasks to queue
[2024-10-20T11:49:42.074-0300] {logging_mixin.py:190} INFO - [2024-10-20T11:49:42.072-0300] {dagbag.py:588} INFO - Filling up the DagBag from /home/nico/.local/lib/python3.10/site-packages/airflow/example_dags/example_inlet_event_extra.py
[2024-10-20T11:49:42.103-0300] {processor.py:925} INFO - DAG(s) 'read_dataset_event_from_classic', 'read_dataset_event' retrieved from /home/nico/.local/lib/python3.10/site-packages/airflow/example_dags/example_inlet_event_extra.py
[2024-10-20T11:49:42.171-0300] {logging_mixin.py:190} INFO - [2024-10-20T11:49:42.170-0300] {dag.py:3239} INFO - Sync 2 DAGs
[2024-10-20T11:49:42.245-0300] {logging_mixin.py:190} INFO - [2024-10-20T11:49:42.244-0300] {dag.py:4180} INFO - Setting next_dagrun for read_dataset_event to 2024-10-19 00:00:00+00:00, run_after=2024-10-20 00:00:00+00:00
[2024-10-20T11:49:42.263-0300] {logging_mixin.py:190} INFO - [2024-10-20T11:49:42.262-0300] {dag.py:4180} INFO - Setting next_dagrun for read_dataset_event_from_classic to 2024-10-19 00:00:00+00:00, run_after=2024-10-20 00:00:00+00:00
[2024-10-20T11:49:42.386-0300] {processor.py:208} INFO - Processing /home/nico/.local/lib/python3.10/site-packages/airflow/example_dags/example_inlet_event_extra.py took 0.348 seconds
[2024-10-20T11:52:56.629-0300] {processor.py:186} INFO - Started process (PID=109512) to work on /home/nico/.local/lib/python3.10/site-packages/airflow/example_dags/example_inlet_event_extra.py
[2024-10-20T11:52:56.632-0300] {processor.py:914} INFO - Processing file /home/nico/.local/lib/python3.10/site-packages/airflow/example_dags/example_inlet_event_extra.py for tasks to queue
[2024-10-20T11:52:56.638-0300] {logging_mixin.py:190} INFO - [2024-10-20T11:52:56.636-0300] {dagbag.py:588} INFO - Filling up the DagBag from /home/nico/.local/lib/python3.10/site-packages/airflow/example_dags/example_inlet_event_extra.py
[2024-10-20T11:52:56.667-0300] {processor.py:925} INFO - DAG(s) 'read_dataset_event_from_classic', 'read_dataset_event' retrieved from /home/nico/.local/lib/python3.10/site-packages/airflow/example_dags/example_inlet_event_extra.py
[2024-10-20T11:52:56.737-0300] {logging_mixin.py:190} INFO - [2024-10-20T11:52:56.736-0300] {dag.py:3239} INFO - Sync 2 DAGs
[2024-10-20T11:52:56.834-0300] {logging_mixin.py:190} INFO - [2024-10-20T11:52:56.833-0300] {dag.py:4180} INFO - Setting next_dagrun for read_dataset_event to 2024-10-19 00:00:00+00:00, run_after=2024-10-20 00:00:00+00:00
[2024-10-20T11:52:56.850-0300] {logging_mixin.py:190} INFO - [2024-10-20T11:52:56.850-0300] {dag.py:4180} INFO - Setting next_dagrun for read_dataset_event_from_classic to 2024-10-19 00:00:00+00:00, run_after=2024-10-20 00:00:00+00:00
[2024-10-20T11:52:56.965-0300] {processor.py:208} INFO - Processing /home/nico/.local/lib/python3.10/site-packages/airflow/example_dags/example_inlet_event_extra.py took 0.361 seconds
[2024-10-20T11:55:38.699-0300] {processor.py:186} INFO - Started process (PID=110221) to work on /home/nico/.local/lib/python3.10/site-packages/airflow/example_dags/example_inlet_event_extra.py
[2024-10-20T11:55:38.701-0300] {processor.py:914} INFO - Processing file /home/nico/.local/lib/python3.10/site-packages/airflow/example_dags/example_inlet_event_extra.py for tasks to queue
[2024-10-20T11:55:38.705-0300] {logging_mixin.py:190} INFO - [2024-10-20T11:55:38.704-0300] {dagbag.py:588} INFO - Filling up the DagBag from /home/nico/.local/lib/python3.10/site-packages/airflow/example_dags/example_inlet_event_extra.py
[2024-10-20T11:55:38.736-0300] {processor.py:925} INFO - DAG(s) 'read_dataset_event_from_classic', 'read_dataset_event' retrieved from /home/nico/.local/lib/python3.10/site-packages/airflow/example_dags/example_inlet_event_extra.py
[2024-10-20T11:55:38.804-0300] {logging_mixin.py:190} INFO - [2024-10-20T11:55:38.804-0300] {dag.py:3239} INFO - Sync 2 DAGs
[2024-10-20T11:55:38.870-0300] {logging_mixin.py:190} INFO - [2024-10-20T11:55:38.870-0300] {dag.py:4180} INFO - Setting next_dagrun for read_dataset_event to 2024-10-19 00:00:00+00:00, run_after=2024-10-20 00:00:00+00:00
[2024-10-20T11:55:38.889-0300] {logging_mixin.py:190} INFO - [2024-10-20T11:55:38.889-0300] {dag.py:4180} INFO - Setting next_dagrun for read_dataset_event_from_classic to 2024-10-19 00:00:00+00:00, run_after=2024-10-20 00:00:00+00:00
[2024-10-20T11:55:38.998-0300] {processor.py:208} INFO - Processing /home/nico/.local/lib/python3.10/site-packages/airflow/example_dags/example_inlet_event_extra.py took 0.313 seconds
[2024-10-20T11:58:07.028-0300] {processor.py:186} INFO - Started process (PID=110870) to work on /home/nico/.local/lib/python3.10/site-packages/airflow/example_dags/example_inlet_event_extra.py
[2024-10-20T11:58:07.031-0300] {processor.py:914} INFO - Processing file /home/nico/.local/lib/python3.10/site-packages/airflow/example_dags/example_inlet_event_extra.py for tasks to queue
[2024-10-20T11:58:07.037-0300] {logging_mixin.py:190} INFO - [2024-10-20T11:58:07.036-0300] {dagbag.py:588} INFO - Filling up the DagBag from /home/nico/.local/lib/python3.10/site-packages/airflow/example_dags/example_inlet_event_extra.py
[2024-10-20T11:58:07.071-0300] {processor.py:925} INFO - DAG(s) 'read_dataset_event', 'read_dataset_event_from_classic' retrieved from /home/nico/.local/lib/python3.10/site-packages/airflow/example_dags/example_inlet_event_extra.py
[2024-10-20T11:58:07.142-0300] {logging_mixin.py:190} INFO - [2024-10-20T11:58:07.141-0300] {dag.py:3239} INFO - Sync 2 DAGs
[2024-10-20T11:58:07.201-0300] {logging_mixin.py:190} INFO - [2024-10-20T11:58:07.201-0300] {dag.py:4180} INFO - Setting next_dagrun for read_dataset_event to 2024-10-19 00:00:00+00:00, run_after=2024-10-20 00:00:00+00:00
[2024-10-20T11:58:07.214-0300] {logging_mixin.py:190} INFO - [2024-10-20T11:58:07.213-0300] {dag.py:4180} INFO - Setting next_dagrun for read_dataset_event_from_classic to 2024-10-19 00:00:00+00:00, run_after=2024-10-20 00:00:00+00:00
[2024-10-20T11:58:07.330-0300] {processor.py:208} INFO - Processing /home/nico/.local/lib/python3.10/site-packages/airflow/example_dags/example_inlet_event_extra.py took 0.336 seconds
[2024-10-20T12:00:28.864-0300] {processor.py:186} INFO - Started process (PID=111494) to work on /home/nico/.local/lib/python3.10/site-packages/airflow/example_dags/example_inlet_event_extra.py
[2024-10-20T12:00:28.867-0300] {processor.py:914} INFO - Processing file /home/nico/.local/lib/python3.10/site-packages/airflow/example_dags/example_inlet_event_extra.py for tasks to queue
[2024-10-20T12:00:28.872-0300] {logging_mixin.py:190} INFO - [2024-10-20T12:00:28.870-0300] {dagbag.py:588} INFO - Filling up the DagBag from /home/nico/.local/lib/python3.10/site-packages/airflow/example_dags/example_inlet_event_extra.py
[2024-10-20T12:00:28.897-0300] {processor.py:925} INFO - DAG(s) 'read_dataset_event', 'read_dataset_event_from_classic' retrieved from /home/nico/.local/lib/python3.10/site-packages/airflow/example_dags/example_inlet_event_extra.py
[2024-10-20T12:00:28.960-0300] {logging_mixin.py:190} INFO - [2024-10-20T12:00:28.960-0300] {dag.py:3239} INFO - Sync 2 DAGs
[2024-10-20T12:00:29.019-0300] {logging_mixin.py:190} INFO - [2024-10-20T12:00:29.018-0300] {dag.py:4180} INFO - Setting next_dagrun for read_dataset_event to 2024-10-19 00:00:00+00:00, run_after=2024-10-20 00:00:00+00:00
[2024-10-20T12:00:29.031-0300] {logging_mixin.py:190} INFO - [2024-10-20T12:00:29.030-0300] {dag.py:4180} INFO - Setting next_dagrun for read_dataset_event_from_classic to 2024-10-19 00:00:00+00:00, run_after=2024-10-20 00:00:00+00:00
[2024-10-20T12:00:29.140-0300] {processor.py:208} INFO - Processing /home/nico/.local/lib/python3.10/site-packages/airflow/example_dags/example_inlet_event_extra.py took 0.293 seconds
[2024-10-20T12:03:14.414-0300] {processor.py:186} INFO - Started process (PID=112212) to work on /home/nico/.local/lib/python3.10/site-packages/airflow/example_dags/example_inlet_event_extra.py
[2024-10-20T12:03:14.433-0300] {processor.py:914} INFO - Processing file /home/nico/.local/lib/python3.10/site-packages/airflow/example_dags/example_inlet_event_extra.py for tasks to queue
[2024-10-20T12:03:14.442-0300] {logging_mixin.py:190} INFO - [2024-10-20T12:03:14.437-0300] {dagbag.py:588} INFO - Filling up the DagBag from /home/nico/.local/lib/python3.10/site-packages/airflow/example_dags/example_inlet_event_extra.py
[2024-10-20T12:03:14.496-0300] {processor.py:925} INFO - DAG(s) 'read_dataset_event', 'read_dataset_event_from_classic' retrieved from /home/nico/.local/lib/python3.10/site-packages/airflow/example_dags/example_inlet_event_extra.py
[2024-10-20T12:03:14.591-0300] {logging_mixin.py:190} INFO - [2024-10-20T12:03:14.591-0300] {dag.py:3239} INFO - Sync 2 DAGs
[2024-10-20T12:03:14.685-0300] {logging_mixin.py:190} INFO - [2024-10-20T12:03:14.684-0300] {dag.py:4180} INFO - Setting next_dagrun for read_dataset_event to 2024-10-19 00:00:00+00:00, run_after=2024-10-20 00:00:00+00:00
[2024-10-20T12:03:14.723-0300] {logging_mixin.py:190} INFO - [2024-10-20T12:03:14.722-0300] {dag.py:4180} INFO - Setting next_dagrun for read_dataset_event_from_classic to 2024-10-19 00:00:00+00:00, run_after=2024-10-20 00:00:00+00:00
[2024-10-20T12:03:14.860-0300] {processor.py:208} INFO - Processing /home/nico/.local/lib/python3.10/site-packages/airflow/example_dags/example_inlet_event_extra.py took 0.503 seconds
[2024-10-20T12:07:57.974-0300] {processor.py:186} INFO - Started process (PID=113392) to work on /home/nico/.local/lib/python3.10/site-packages/airflow/example_dags/example_inlet_event_extra.py
[2024-10-20T12:07:57.977-0300] {processor.py:914} INFO - Processing file /home/nico/.local/lib/python3.10/site-packages/airflow/example_dags/example_inlet_event_extra.py for tasks to queue
[2024-10-20T12:07:57.991-0300] {logging_mixin.py:190} INFO - [2024-10-20T12:07:57.981-0300] {dagbag.py:588} INFO - Filling up the DagBag from /home/nico/.local/lib/python3.10/site-packages/airflow/example_dags/example_inlet_event_extra.py
[2024-10-20T12:07:58.069-0300] {processor.py:925} INFO - DAG(s) 'read_dataset_event_from_classic', 'read_dataset_event' retrieved from /home/nico/.local/lib/python3.10/site-packages/airflow/example_dags/example_inlet_event_extra.py
[2024-10-20T12:07:58.272-0300] {logging_mixin.py:190} INFO - [2024-10-20T12:07:58.271-0300] {dag.py:3239} INFO - Sync 2 DAGs
[2024-10-20T12:07:58.476-0300] {logging_mixin.py:190} INFO - [2024-10-20T12:07:58.475-0300] {dag.py:4180} INFO - Setting next_dagrun for read_dataset_event to 2024-10-19 00:00:00+00:00, run_after=2024-10-20 00:00:00+00:00
[2024-10-20T12:07:58.499-0300] {logging_mixin.py:190} INFO - [2024-10-20T12:07:58.498-0300] {dag.py:4180} INFO - Setting next_dagrun for read_dataset_event_from_classic to 2024-10-19 00:00:00+00:00, run_after=2024-10-20 00:00:00+00:00
[2024-10-20T12:07:58.762-0300] {processor.py:208} INFO - Processing /home/nico/.local/lib/python3.10/site-packages/airflow/example_dags/example_inlet_event_extra.py took 0.814 seconds
[2024-10-20T12:10:34.444-0300] {processor.py:186} INFO - Started process (PID=114050) to work on /home/nico/.local/lib/python3.10/site-packages/airflow/example_dags/example_inlet_event_extra.py
[2024-10-20T12:10:34.447-0300] {processor.py:914} INFO - Processing file /home/nico/.local/lib/python3.10/site-packages/airflow/example_dags/example_inlet_event_extra.py for tasks to queue
[2024-10-20T12:10:34.452-0300] {logging_mixin.py:190} INFO - [2024-10-20T12:10:34.451-0300] {dagbag.py:588} INFO - Filling up the DagBag from /home/nico/.local/lib/python3.10/site-packages/airflow/example_dags/example_inlet_event_extra.py
[2024-10-20T12:10:34.493-0300] {processor.py:925} INFO - DAG(s) 'read_dataset_event', 'read_dataset_event_from_classic' retrieved from /home/nico/.local/lib/python3.10/site-packages/airflow/example_dags/example_inlet_event_extra.py
[2024-10-20T12:10:34.593-0300] {logging_mixin.py:190} INFO - [2024-10-20T12:10:34.592-0300] {dag.py:3239} INFO - Sync 2 DAGs
[2024-10-20T12:10:34.702-0300] {logging_mixin.py:190} INFO - [2024-10-20T12:10:34.701-0300] {dag.py:4180} INFO - Setting next_dagrun for read_dataset_event to 2024-10-19 00:00:00+00:00, run_after=2024-10-20 00:00:00+00:00
[2024-10-20T12:10:34.738-0300] {logging_mixin.py:190} INFO - [2024-10-20T12:10:34.737-0300] {dag.py:4180} INFO - Setting next_dagrun for read_dataset_event_from_classic to 2024-10-19 00:00:00+00:00, run_after=2024-10-20 00:00:00+00:00
[2024-10-20T12:10:34.901-0300] {processor.py:208} INFO - Processing /home/nico/.local/lib/python3.10/site-packages/airflow/example_dags/example_inlet_event_extra.py took 0.490 seconds
[2024-10-20T12:13:45.184-0300] {processor.py:186} INFO - Started process (PID=114868) to work on /home/nico/.local/lib/python3.10/site-packages/airflow/example_dags/example_inlet_event_extra.py
[2024-10-20T12:13:45.188-0300] {processor.py:914} INFO - Processing file /home/nico/.local/lib/python3.10/site-packages/airflow/example_dags/example_inlet_event_extra.py for tasks to queue
[2024-10-20T12:13:45.192-0300] {logging_mixin.py:190} INFO - [2024-10-20T12:13:45.191-0300] {dagbag.py:588} INFO - Filling up the DagBag from /home/nico/.local/lib/python3.10/site-packages/airflow/example_dags/example_inlet_event_extra.py
[2024-10-20T12:13:45.229-0300] {processor.py:925} INFO - DAG(s) 'read_dataset_event_from_classic', 'read_dataset_event' retrieved from /home/nico/.local/lib/python3.10/site-packages/airflow/example_dags/example_inlet_event_extra.py
[2024-10-20T12:13:45.299-0300] {logging_mixin.py:190} INFO - [2024-10-20T12:13:45.299-0300] {dag.py:3239} INFO - Sync 2 DAGs
[2024-10-20T12:13:45.365-0300] {logging_mixin.py:190} INFO - [2024-10-20T12:13:45.365-0300] {dag.py:4180} INFO - Setting next_dagrun for read_dataset_event to 2024-10-19 00:00:00+00:00, run_after=2024-10-20 00:00:00+00:00
[2024-10-20T12:13:45.384-0300] {logging_mixin.py:190} INFO - [2024-10-20T12:13:45.383-0300] {dag.py:4180} INFO - Setting next_dagrun for read_dataset_event_from_classic to 2024-10-19 00:00:00+00:00, run_after=2024-10-20 00:00:00+00:00
[2024-10-20T12:13:45.524-0300] {processor.py:208} INFO - Processing /home/nico/.local/lib/python3.10/site-packages/airflow/example_dags/example_inlet_event_extra.py took 0.359 seconds
[2024-10-20T12:16:35.415-0300] {processor.py:186} INFO - Started process (PID=115608) to work on /home/nico/.local/lib/python3.10/site-packages/airflow/example_dags/example_inlet_event_extra.py
[2024-10-20T12:16:35.418-0300] {processor.py:914} INFO - Processing file /home/nico/.local/lib/python3.10/site-packages/airflow/example_dags/example_inlet_event_extra.py for tasks to queue
[2024-10-20T12:16:35.424-0300] {logging_mixin.py:190} INFO - [2024-10-20T12:16:35.423-0300] {dagbag.py:588} INFO - Filling up the DagBag from /home/nico/.local/lib/python3.10/site-packages/airflow/example_dags/example_inlet_event_extra.py
[2024-10-20T12:16:35.459-0300] {processor.py:925} INFO - DAG(s) 'read_dataset_event', 'read_dataset_event_from_classic' retrieved from /home/nico/.local/lib/python3.10/site-packages/airflow/example_dags/example_inlet_event_extra.py
[2024-10-20T12:16:35.550-0300] {logging_mixin.py:190} INFO - [2024-10-20T12:16:35.550-0300] {dag.py:3239} INFO - Sync 2 DAGs
[2024-10-20T12:16:35.611-0300] {logging_mixin.py:190} INFO - [2024-10-20T12:16:35.611-0300] {dag.py:4180} INFO - Setting next_dagrun for read_dataset_event to 2024-10-19 00:00:00+00:00, run_after=2024-10-20 00:00:00+00:00
[2024-10-20T12:16:35.626-0300] {logging_mixin.py:190} INFO - [2024-10-20T12:16:35.625-0300] {dag.py:4180} INFO - Setting next_dagrun for read_dataset_event_from_classic to 2024-10-19 00:00:00+00:00, run_after=2024-10-20 00:00:00+00:00
[2024-10-20T12:16:35.794-0300] {processor.py:208} INFO - Processing /home/nico/.local/lib/python3.10/site-packages/airflow/example_dags/example_inlet_event_extra.py took 0.399 seconds
[2024-10-20T12:19:18.336-0300] {processor.py:186} INFO - Started process (PID=116317) to work on /home/nico/.local/lib/python3.10/site-packages/airflow/example_dags/example_inlet_event_extra.py
[2024-10-20T12:19:18.339-0300] {processor.py:914} INFO - Processing file /home/nico/.local/lib/python3.10/site-packages/airflow/example_dags/example_inlet_event_extra.py for tasks to queue
[2024-10-20T12:19:18.342-0300] {logging_mixin.py:190} INFO - [2024-10-20T12:19:18.341-0300] {dagbag.py:588} INFO - Filling up the DagBag from /home/nico/.local/lib/python3.10/site-packages/airflow/example_dags/example_inlet_event_extra.py
[2024-10-20T12:19:18.370-0300] {processor.py:925} INFO - DAG(s) 'read_dataset_event', 'read_dataset_event_from_classic' retrieved from /home/nico/.local/lib/python3.10/site-packages/airflow/example_dags/example_inlet_event_extra.py
[2024-10-20T12:19:18.432-0300] {logging_mixin.py:190} INFO - [2024-10-20T12:19:18.431-0300] {dag.py:3239} INFO - Sync 2 DAGs
[2024-10-20T12:19:18.504-0300] {logging_mixin.py:190} INFO - [2024-10-20T12:19:18.503-0300] {dag.py:4180} INFO - Setting next_dagrun for read_dataset_event to 2024-10-19 00:00:00+00:00, run_after=2024-10-20 00:00:00+00:00
[2024-10-20T12:19:18.516-0300] {logging_mixin.py:190} INFO - [2024-10-20T12:19:18.516-0300] {dag.py:4180} INFO - Setting next_dagrun for read_dataset_event_from_classic to 2024-10-19 00:00:00+00:00, run_after=2024-10-20 00:00:00+00:00
[2024-10-20T12:19:18.626-0300] {processor.py:208} INFO - Processing /home/nico/.local/lib/python3.10/site-packages/airflow/example_dags/example_inlet_event_extra.py took 0.315 seconds
[2024-10-20T12:21:43.438-0300] {processor.py:186} INFO - Started process (PID=116955) to work on /home/nico/.local/lib/python3.10/site-packages/airflow/example_dags/example_inlet_event_extra.py
[2024-10-20T12:21:43.441-0300] {processor.py:914} INFO - Processing file /home/nico/.local/lib/python3.10/site-packages/airflow/example_dags/example_inlet_event_extra.py for tasks to queue
[2024-10-20T12:21:43.448-0300] {logging_mixin.py:190} INFO - [2024-10-20T12:21:43.446-0300] {dagbag.py:588} INFO - Filling up the DagBag from /home/nico/.local/lib/python3.10/site-packages/airflow/example_dags/example_inlet_event_extra.py
[2024-10-20T12:21:43.478-0300] {processor.py:925} INFO - DAG(s) 'read_dataset_event', 'read_dataset_event_from_classic' retrieved from /home/nico/.local/lib/python3.10/site-packages/airflow/example_dags/example_inlet_event_extra.py
[2024-10-20T12:21:43.555-0300] {logging_mixin.py:190} INFO - [2024-10-20T12:21:43.554-0300] {dag.py:3239} INFO - Sync 2 DAGs
[2024-10-20T12:21:43.637-0300] {logging_mixin.py:190} INFO - [2024-10-20T12:21:43.636-0300] {dag.py:4180} INFO - Setting next_dagrun for read_dataset_event to 2024-10-19 00:00:00+00:00, run_after=2024-10-20 00:00:00+00:00
[2024-10-20T12:21:43.656-0300] {logging_mixin.py:190} INFO - [2024-10-20T12:21:43.656-0300] {dag.py:4180} INFO - Setting next_dagrun for read_dataset_event_from_classic to 2024-10-19 00:00:00+00:00, run_after=2024-10-20 00:00:00+00:00
[2024-10-20T12:21:43.850-0300] {processor.py:208} INFO - Processing /home/nico/.local/lib/python3.10/site-packages/airflow/example_dags/example_inlet_event_extra.py took 0.434 seconds
[2024-10-20T12:24:03.701-0300] {processor.py:186} INFO - Started process (PID=117575) to work on /home/nico/.local/lib/python3.10/site-packages/airflow/example_dags/example_inlet_event_extra.py
[2024-10-20T12:24:03.705-0300] {processor.py:914} INFO - Processing file /home/nico/.local/lib/python3.10/site-packages/airflow/example_dags/example_inlet_event_extra.py for tasks to queue
[2024-10-20T12:24:03.710-0300] {logging_mixin.py:190} INFO - [2024-10-20T12:24:03.708-0300] {dagbag.py:588} INFO - Filling up the DagBag from /home/nico/.local/lib/python3.10/site-packages/airflow/example_dags/example_inlet_event_extra.py
[2024-10-20T12:24:03.792-0300] {processor.py:925} INFO - DAG(s) 'read_dataset_event_from_classic', 'read_dataset_event' retrieved from /home/nico/.local/lib/python3.10/site-packages/airflow/example_dags/example_inlet_event_extra.py
[2024-10-20T12:24:04.160-0300] {logging_mixin.py:190} INFO - [2024-10-20T12:24:04.160-0300] {dag.py:3239} INFO - Sync 2 DAGs
[2024-10-20T12:24:04.264-0300] {logging_mixin.py:190} INFO - [2024-10-20T12:24:04.263-0300] {dag.py:4180} INFO - Setting next_dagrun for read_dataset_event to 2024-10-19 00:00:00+00:00, run_after=2024-10-20 00:00:00+00:00
[2024-10-20T12:24:04.283-0300] {logging_mixin.py:190} INFO - [2024-10-20T12:24:04.282-0300] {dag.py:4180} INFO - Setting next_dagrun for read_dataset_event_from_classic to 2024-10-19 00:00:00+00:00, run_after=2024-10-20 00:00:00+00:00
[2024-10-20T12:24:04.418-0300] {processor.py:208} INFO - Processing /home/nico/.local/lib/python3.10/site-packages/airflow/example_dags/example_inlet_event_extra.py took 0.750 seconds
[2024-10-20T12:26:27.256-0300] {processor.py:186} INFO - Started process (PID=118206) to work on /home/nico/.local/lib/python3.10/site-packages/airflow/example_dags/example_inlet_event_extra.py
[2024-10-20T12:26:27.260-0300] {processor.py:914} INFO - Processing file /home/nico/.local/lib/python3.10/site-packages/airflow/example_dags/example_inlet_event_extra.py for tasks to queue
[2024-10-20T12:26:27.265-0300] {logging_mixin.py:190} INFO - [2024-10-20T12:26:27.264-0300] {dagbag.py:588} INFO - Filling up the DagBag from /home/nico/.local/lib/python3.10/site-packages/airflow/example_dags/example_inlet_event_extra.py
[2024-10-20T12:26:27.292-0300] {processor.py:925} INFO - DAG(s) 'read_dataset_event_from_classic', 'read_dataset_event' retrieved from /home/nico/.local/lib/python3.10/site-packages/airflow/example_dags/example_inlet_event_extra.py
[2024-10-20T12:26:27.368-0300] {logging_mixin.py:190} INFO - [2024-10-20T12:26:27.368-0300] {dag.py:3239} INFO - Sync 2 DAGs
[2024-10-20T12:26:27.440-0300] {logging_mixin.py:190} INFO - [2024-10-20T12:26:27.439-0300] {dag.py:4180} INFO - Setting next_dagrun for read_dataset_event to 2024-10-19 00:00:00+00:00, run_after=2024-10-20 00:00:00+00:00
[2024-10-20T12:26:27.454-0300] {logging_mixin.py:190} INFO - [2024-10-20T12:26:27.454-0300] {dag.py:4180} INFO - Setting next_dagrun for read_dataset_event_from_classic to 2024-10-19 00:00:00+00:00, run_after=2024-10-20 00:00:00+00:00
[2024-10-20T12:26:27.573-0300] {processor.py:208} INFO - Processing /home/nico/.local/lib/python3.10/site-packages/airflow/example_dags/example_inlet_event_extra.py took 0.337 seconds
[2024-10-20T12:28:57.367-0300] {processor.py:186} INFO - Started process (PID=118860) to work on /home/nico/.local/lib/python3.10/site-packages/airflow/example_dags/example_inlet_event_extra.py
[2024-10-20T12:28:57.369-0300] {processor.py:914} INFO - Processing file /home/nico/.local/lib/python3.10/site-packages/airflow/example_dags/example_inlet_event_extra.py for tasks to queue
[2024-10-20T12:28:57.375-0300] {logging_mixin.py:190} INFO - [2024-10-20T12:28:57.374-0300] {dagbag.py:588} INFO - Filling up the DagBag from /home/nico/.local/lib/python3.10/site-packages/airflow/example_dags/example_inlet_event_extra.py
[2024-10-20T12:28:57.415-0300] {processor.py:925} INFO - DAG(s) 'read_dataset_event', 'read_dataset_event_from_classic' retrieved from /home/nico/.local/lib/python3.10/site-packages/airflow/example_dags/example_inlet_event_extra.py
[2024-10-20T12:28:57.500-0300] {logging_mixin.py:190} INFO - [2024-10-20T12:28:57.499-0300] {dag.py:3239} INFO - Sync 2 DAGs
[2024-10-20T12:28:57.568-0300] {logging_mixin.py:190} INFO - [2024-10-20T12:28:57.567-0300] {dag.py:4180} INFO - Setting next_dagrun for read_dataset_event to 2024-10-19 00:00:00+00:00, run_after=2024-10-20 00:00:00+00:00
[2024-10-20T12:28:57.582-0300] {logging_mixin.py:190} INFO - [2024-10-20T12:28:57.581-0300] {dag.py:4180} INFO - Setting next_dagrun for read_dataset_event_from_classic to 2024-10-19 00:00:00+00:00, run_after=2024-10-20 00:00:00+00:00
[2024-10-20T12:28:57.722-0300] {processor.py:208} INFO - Processing /home/nico/.local/lib/python3.10/site-packages/airflow/example_dags/example_inlet_event_extra.py took 0.376 seconds
[2024-10-20T12:31:36.479-0300] {processor.py:186} INFO - Started process (PID=119553) to work on /home/nico/.local/lib/python3.10/site-packages/airflow/example_dags/example_inlet_event_extra.py
[2024-10-20T12:31:36.482-0300] {processor.py:914} INFO - Processing file /home/nico/.local/lib/python3.10/site-packages/airflow/example_dags/example_inlet_event_extra.py for tasks to queue
[2024-10-20T12:31:36.486-0300] {logging_mixin.py:190} INFO - [2024-10-20T12:31:36.485-0300] {dagbag.py:588} INFO - Filling up the DagBag from /home/nico/.local/lib/python3.10/site-packages/airflow/example_dags/example_inlet_event_extra.py
[2024-10-20T12:31:36.519-0300] {processor.py:925} INFO - DAG(s) 'read_dataset_event_from_classic', 'read_dataset_event' retrieved from /home/nico/.local/lib/python3.10/site-packages/airflow/example_dags/example_inlet_event_extra.py
[2024-10-20T12:31:36.588-0300] {logging_mixin.py:190} INFO - [2024-10-20T12:31:36.587-0300] {dag.py:3239} INFO - Sync 2 DAGs
[2024-10-20T12:31:36.650-0300] {logging_mixin.py:190} INFO - [2024-10-20T12:31:36.649-0300] {dag.py:4180} INFO - Setting next_dagrun for read_dataset_event to 2024-10-19 00:00:00+00:00, run_after=2024-10-20 00:00:00+00:00
[2024-10-20T12:31:36.667-0300] {logging_mixin.py:190} INFO - [2024-10-20T12:31:36.666-0300] {dag.py:4180} INFO - Setting next_dagrun for read_dataset_event_from_classic to 2024-10-19 00:00:00+00:00, run_after=2024-10-20 00:00:00+00:00
[2024-10-20T12:31:36.805-0300] {processor.py:208} INFO - Processing /home/nico/.local/lib/python3.10/site-packages/airflow/example_dags/example_inlet_event_extra.py took 0.347 seconds
[2024-10-20T12:37:57.384-0300] {processor.py:186} INFO - Started process (PID=120425) to work on /home/nico/.local/lib/python3.10/site-packages/airflow/example_dags/example_inlet_event_extra.py
[2024-10-20T12:37:57.388-0300] {processor.py:914} INFO - Processing file /home/nico/.local/lib/python3.10/site-packages/airflow/example_dags/example_inlet_event_extra.py for tasks to queue
[2024-10-20T12:37:57.395-0300] {logging_mixin.py:190} INFO - [2024-10-20T12:37:57.392-0300] {dagbag.py:588} INFO - Filling up the DagBag from /home/nico/.local/lib/python3.10/site-packages/airflow/example_dags/example_inlet_event_extra.py
[2024-10-20T12:37:57.471-0300] {processor.py:925} INFO - DAG(s) 'read_dataset_event_from_classic', 'read_dataset_event' retrieved from /home/nico/.local/lib/python3.10/site-packages/airflow/example_dags/example_inlet_event_extra.py
[2024-10-20T12:37:57.570-0300] {logging_mixin.py:190} INFO - [2024-10-20T12:37:57.569-0300] {dag.py:3239} INFO - Sync 2 DAGs
[2024-10-20T12:37:57.700-0300] {logging_mixin.py:190} INFO - [2024-10-20T12:37:57.699-0300] {dag.py:4180} INFO - Setting next_dagrun for read_dataset_event to 2024-10-19 00:00:00+00:00, run_after=2024-10-20 00:00:00+00:00
[2024-10-20T12:37:57.740-0300] {logging_mixin.py:190} INFO - [2024-10-20T12:37:57.739-0300] {dag.py:4180} INFO - Setting next_dagrun for read_dataset_event_from_classic to 2024-10-19 00:00:00+00:00, run_after=2024-10-20 00:00:00+00:00
[2024-10-20T12:37:58.005-0300] {processor.py:208} INFO - Processing /home/nico/.local/lib/python3.10/site-packages/airflow/example_dags/example_inlet_event_extra.py took 0.668 seconds
[2024-10-20T17:13:50.652-0300] {processor.py:186} INFO - Started process (PID=121304) to work on /home/nico/.local/lib/python3.10/site-packages/airflow/example_dags/example_inlet_event_extra.py
[2024-10-20T17:13:50.666-0300] {processor.py:914} INFO - Processing file /home/nico/.local/lib/python3.10/site-packages/airflow/example_dags/example_inlet_event_extra.py for tasks to queue
[2024-10-20T17:13:50.678-0300] {logging_mixin.py:190} INFO - [2024-10-20T17:13:50.672-0300] {dagbag.py:588} INFO - Filling up the DagBag from /home/nico/.local/lib/python3.10/site-packages/airflow/example_dags/example_inlet_event_extra.py
[2024-10-20T17:13:50.785-0300] {processor.py:925} INFO - DAG(s) 'read_dataset_event', 'read_dataset_event_from_classic' retrieved from /home/nico/.local/lib/python3.10/site-packages/airflow/example_dags/example_inlet_event_extra.py
[2024-10-20T17:13:51.121-0300] {logging_mixin.py:190} INFO - [2024-10-20T17:13:51.117-0300] {dag.py:3239} INFO - Sync 2 DAGs
[2024-10-20T17:13:51.331-0300] {logging_mixin.py:190} INFO - [2024-10-20T17:13:51.330-0300] {dag.py:4180} INFO - Setting next_dagrun for read_dataset_event to 2024-10-19 00:00:00+00:00, run_after=2024-10-20 00:00:00+00:00
[2024-10-20T17:13:51.376-0300] {logging_mixin.py:190} INFO - [2024-10-20T17:13:51.375-0300] {dag.py:4180} INFO - Setting next_dagrun for read_dataset_event_from_classic to 2024-10-19 00:00:00+00:00, run_after=2024-10-20 00:00:00+00:00
[2024-10-20T17:13:51.599-0300] {processor.py:208} INFO - Processing /home/nico/.local/lib/python3.10/site-packages/airflow/example_dags/example_inlet_event_extra.py took 0.990 seconds
[2024-10-20T17:19:18.039-0300] {processor.py:186} INFO - Started process (PID=122653) to work on /home/nico/.local/lib/python3.10/site-packages/airflow/example_dags/example_inlet_event_extra.py
[2024-10-20T17:19:18.047-0300] {processor.py:914} INFO - Processing file /home/nico/.local/lib/python3.10/site-packages/airflow/example_dags/example_inlet_event_extra.py for tasks to queue
[2024-10-20T17:19:18.055-0300] {logging_mixin.py:190} INFO - [2024-10-20T17:19:18.054-0300] {dagbag.py:588} INFO - Filling up the DagBag from /home/nico/.local/lib/python3.10/site-packages/airflow/example_dags/example_inlet_event_extra.py
[2024-10-20T17:19:18.109-0300] {processor.py:925} INFO - DAG(s) 'read_dataset_event_from_classic', 'read_dataset_event' retrieved from /home/nico/.local/lib/python3.10/site-packages/airflow/example_dags/example_inlet_event_extra.py
[2024-10-20T17:19:18.225-0300] {logging_mixin.py:190} INFO - [2024-10-20T17:19:18.224-0300] {dag.py:3239} INFO - Sync 2 DAGs
[2024-10-20T17:19:18.373-0300] {logging_mixin.py:190} INFO - [2024-10-20T17:19:18.372-0300] {dag.py:4180} INFO - Setting next_dagrun for read_dataset_event to 2024-10-19 00:00:00+00:00, run_after=2024-10-20 00:00:00+00:00
[2024-10-20T17:19:18.387-0300] {logging_mixin.py:190} INFO - [2024-10-20T17:19:18.387-0300] {dag.py:4180} INFO - Setting next_dagrun for read_dataset_event_from_classic to 2024-10-19 00:00:00+00:00, run_after=2024-10-20 00:00:00+00:00
[2024-10-20T17:19:18.659-0300] {processor.py:208} INFO - Processing /home/nico/.local/lib/python3.10/site-packages/airflow/example_dags/example_inlet_event_extra.py took 0.660 seconds
[2024-10-20T17:22:04.799-0300] {processor.py:186} INFO - Started process (PID=123379) to work on /home/nico/.local/lib/python3.10/site-packages/airflow/example_dags/example_inlet_event_extra.py
[2024-10-20T17:22:04.803-0300] {processor.py:914} INFO - Processing file /home/nico/.local/lib/python3.10/site-packages/airflow/example_dags/example_inlet_event_extra.py for tasks to queue
[2024-10-20T17:22:04.809-0300] {logging_mixin.py:190} INFO - [2024-10-20T17:22:04.807-0300] {dagbag.py:588} INFO - Filling up the DagBag from /home/nico/.local/lib/python3.10/site-packages/airflow/example_dags/example_inlet_event_extra.py
[2024-10-20T17:22:04.845-0300] {processor.py:925} INFO - DAG(s) 'read_dataset_event_from_classic', 'read_dataset_event' retrieved from /home/nico/.local/lib/python3.10/site-packages/airflow/example_dags/example_inlet_event_extra.py
[2024-10-20T17:22:04.911-0300] {logging_mixin.py:190} INFO - [2024-10-20T17:22:04.911-0300] {dag.py:3239} INFO - Sync 2 DAGs
[2024-10-20T17:22:04.972-0300] {logging_mixin.py:190} INFO - [2024-10-20T17:22:04.971-0300] {dag.py:4180} INFO - Setting next_dagrun for read_dataset_event to 2024-10-19 00:00:00+00:00, run_after=2024-10-20 00:00:00+00:00
[2024-10-20T17:22:04.986-0300] {logging_mixin.py:190} INFO - [2024-10-20T17:22:04.986-0300] {dag.py:4180} INFO - Setting next_dagrun for read_dataset_event_from_classic to 2024-10-19 00:00:00+00:00, run_after=2024-10-20 00:00:00+00:00
[2024-10-20T17:22:05.103-0300] {processor.py:208} INFO - Processing /home/nico/.local/lib/python3.10/site-packages/airflow/example_dags/example_inlet_event_extra.py took 0.334 seconds
[2024-10-20T17:24:22.349-0300] {processor.py:186} INFO - Started process (PID=123988) to work on /home/nico/.local/lib/python3.10/site-packages/airflow/example_dags/example_inlet_event_extra.py
[2024-10-20T17:24:22.352-0300] {processor.py:914} INFO - Processing file /home/nico/.local/lib/python3.10/site-packages/airflow/example_dags/example_inlet_event_extra.py for tasks to queue
[2024-10-20T17:24:22.357-0300] {logging_mixin.py:190} INFO - [2024-10-20T17:24:22.356-0300] {dagbag.py:588} INFO - Filling up the DagBag from /home/nico/.local/lib/python3.10/site-packages/airflow/example_dags/example_inlet_event_extra.py
[2024-10-20T17:24:22.384-0300] {processor.py:925} INFO - DAG(s) 'read_dataset_event', 'read_dataset_event_from_classic' retrieved from /home/nico/.local/lib/python3.10/site-packages/airflow/example_dags/example_inlet_event_extra.py
[2024-10-20T17:24:22.448-0300] {logging_mixin.py:190} INFO - [2024-10-20T17:24:22.447-0300] {dag.py:3239} INFO - Sync 2 DAGs
[2024-10-20T17:24:22.500-0300] {logging_mixin.py:190} INFO - [2024-10-20T17:24:22.499-0300] {dag.py:4180} INFO - Setting next_dagrun for read_dataset_event to 2024-10-19 00:00:00+00:00, run_after=2024-10-20 00:00:00+00:00
[2024-10-20T17:24:22.512-0300] {logging_mixin.py:190} INFO - [2024-10-20T17:24:22.511-0300] {dag.py:4180} INFO - Setting next_dagrun for read_dataset_event_from_classic to 2024-10-19 00:00:00+00:00, run_after=2024-10-20 00:00:00+00:00
[2024-10-20T17:24:22.630-0300] {processor.py:208} INFO - Processing /home/nico/.local/lib/python3.10/site-packages/airflow/example_dags/example_inlet_event_extra.py took 0.295 seconds
[2024-10-20T17:27:29.635-0300] {processor.py:186} INFO - Started process (PID=124791) to work on /home/nico/.local/lib/python3.10/site-packages/airflow/example_dags/example_inlet_event_extra.py
[2024-10-20T17:27:29.638-0300] {processor.py:914} INFO - Processing file /home/nico/.local/lib/python3.10/site-packages/airflow/example_dags/example_inlet_event_extra.py for tasks to queue
[2024-10-20T17:27:29.644-0300] {logging_mixin.py:190} INFO - [2024-10-20T17:27:29.642-0300] {dagbag.py:588} INFO - Filling up the DagBag from /home/nico/.local/lib/python3.10/site-packages/airflow/example_dags/example_inlet_event_extra.py
[2024-10-20T17:27:29.693-0300] {processor.py:925} INFO - DAG(s) 'read_dataset_event', 'read_dataset_event_from_classic' retrieved from /home/nico/.local/lib/python3.10/site-packages/airflow/example_dags/example_inlet_event_extra.py
[2024-10-20T17:27:30.079-0300] {logging_mixin.py:190} INFO - [2024-10-20T17:27:30.078-0300] {dag.py:3239} INFO - Sync 2 DAGs
[2024-10-20T17:27:30.257-0300] {logging_mixin.py:190} INFO - [2024-10-20T17:27:30.256-0300] {dag.py:4180} INFO - Setting next_dagrun for read_dataset_event to 2024-10-19 00:00:00+00:00, run_after=2024-10-20 00:00:00+00:00
[2024-10-20T17:27:30.281-0300] {logging_mixin.py:190} INFO - [2024-10-20T17:27:30.280-0300] {dag.py:4180} INFO - Setting next_dagrun for read_dataset_event_from_classic to 2024-10-19 00:00:00+00:00, run_after=2024-10-20 00:00:00+00:00
[2024-10-20T17:27:30.414-0300] {processor.py:208} INFO - Processing /home/nico/.local/lib/python3.10/site-packages/airflow/example_dags/example_inlet_event_extra.py took 0.801 seconds
[2024-10-20T17:29:49.937-0300] {processor.py:186} INFO - Started process (PID=125409) to work on /home/nico/.local/lib/python3.10/site-packages/airflow/example_dags/example_inlet_event_extra.py
[2024-10-20T17:29:49.940-0300] {processor.py:914} INFO - Processing file /home/nico/.local/lib/python3.10/site-packages/airflow/example_dags/example_inlet_event_extra.py for tasks to queue
[2024-10-20T17:29:49.943-0300] {logging_mixin.py:190} INFO - [2024-10-20T17:29:49.942-0300] {dagbag.py:588} INFO - Filling up the DagBag from /home/nico/.local/lib/python3.10/site-packages/airflow/example_dags/example_inlet_event_extra.py
[2024-10-20T17:29:49.965-0300] {processor.py:925} INFO - DAG(s) 'read_dataset_event', 'read_dataset_event_from_classic' retrieved from /home/nico/.local/lib/python3.10/site-packages/airflow/example_dags/example_inlet_event_extra.py
[2024-10-20T17:29:50.023-0300] {logging_mixin.py:190} INFO - [2024-10-20T17:29:50.022-0300] {dag.py:3239} INFO - Sync 2 DAGs
[2024-10-20T17:29:50.089-0300] {logging_mixin.py:190} INFO - [2024-10-20T17:29:50.089-0300] {dag.py:4180} INFO - Setting next_dagrun for read_dataset_event to 2024-10-19 00:00:00+00:00, run_after=2024-10-20 00:00:00+00:00
[2024-10-20T17:29:50.105-0300] {logging_mixin.py:190} INFO - [2024-10-20T17:29:50.105-0300] {dag.py:4180} INFO - Setting next_dagrun for read_dataset_event_from_classic to 2024-10-19 00:00:00+00:00, run_after=2024-10-20 00:00:00+00:00
[2024-10-20T17:29:50.289-0300] {processor.py:208} INFO - Processing /home/nico/.local/lib/python3.10/site-packages/airflow/example_dags/example_inlet_event_extra.py took 0.366 seconds
[2024-10-20T17:32:19.548-0300] {processor.py:186} INFO - Started process (PID=126064) to work on /home/nico/.local/lib/python3.10/site-packages/airflow/example_dags/example_inlet_event_extra.py
[2024-10-20T17:32:19.551-0300] {processor.py:914} INFO - Processing file /home/nico/.local/lib/python3.10/site-packages/airflow/example_dags/example_inlet_event_extra.py for tasks to queue
[2024-10-20T17:32:19.555-0300] {logging_mixin.py:190} INFO - [2024-10-20T17:32:19.554-0300] {dagbag.py:588} INFO - Filling up the DagBag from /home/nico/.local/lib/python3.10/site-packages/airflow/example_dags/example_inlet_event_extra.py
[2024-10-20T17:32:19.579-0300] {processor.py:925} INFO - DAG(s) 'read_dataset_event', 'read_dataset_event_from_classic' retrieved from /home/nico/.local/lib/python3.10/site-packages/airflow/example_dags/example_inlet_event_extra.py
[2024-10-20T17:32:19.662-0300] {logging_mixin.py:190} INFO - [2024-10-20T17:32:19.661-0300] {dag.py:3239} INFO - Sync 2 DAGs
[2024-10-20T17:32:19.731-0300] {logging_mixin.py:190} INFO - [2024-10-20T17:32:19.730-0300] {dag.py:4180} INFO - Setting next_dagrun for read_dataset_event to 2024-10-19 00:00:00+00:00, run_after=2024-10-20 00:00:00+00:00
[2024-10-20T17:32:19.747-0300] {logging_mixin.py:190} INFO - [2024-10-20T17:32:19.746-0300] {dag.py:4180} INFO - Setting next_dagrun for read_dataset_event_from_classic to 2024-10-19 00:00:00+00:00, run_after=2024-10-20 00:00:00+00:00
[2024-10-20T17:32:19.860-0300] {processor.py:208} INFO - Processing /home/nico/.local/lib/python3.10/site-packages/airflow/example_dags/example_inlet_event_extra.py took 0.331 seconds
[2024-10-20T17:36:00.416-0300] {processor.py:186} INFO - Started process (PID=126996) to work on /home/nico/.local/lib/python3.10/site-packages/airflow/example_dags/example_inlet_event_extra.py
[2024-10-20T17:36:00.440-0300] {processor.py:914} INFO - Processing file /home/nico/.local/lib/python3.10/site-packages/airflow/example_dags/example_inlet_event_extra.py for tasks to queue
[2024-10-20T17:36:00.474-0300] {logging_mixin.py:190} INFO - [2024-10-20T17:36:00.472-0300] {dagbag.py:588} INFO - Filling up the DagBag from /home/nico/.local/lib/python3.10/site-packages/airflow/example_dags/example_inlet_event_extra.py
[2024-10-20T17:36:00.559-0300] {processor.py:925} INFO - DAG(s) 'read_dataset_event_from_classic', 'read_dataset_event' retrieved from /home/nico/.local/lib/python3.10/site-packages/airflow/example_dags/example_inlet_event_extra.py
[2024-10-20T17:36:01.108-0300] {logging_mixin.py:190} INFO - [2024-10-20T17:36:01.107-0300] {dag.py:3239} INFO - Sync 2 DAGs
[2024-10-20T17:36:01.449-0300] {logging_mixin.py:190} INFO - [2024-10-20T17:36:01.448-0300] {dag.py:4180} INFO - Setting next_dagrun for read_dataset_event to 2024-10-19 00:00:00+00:00, run_after=2024-10-20 00:00:00+00:00
[2024-10-20T17:36:01.527-0300] {logging_mixin.py:190} INFO - [2024-10-20T17:36:01.526-0300] {dag.py:4180} INFO - Setting next_dagrun for read_dataset_event_from_classic to 2024-10-19 00:00:00+00:00, run_after=2024-10-20 00:00:00+00:00
[2024-10-20T17:36:01.789-0300] {processor.py:208} INFO - Processing /home/nico/.local/lib/python3.10/site-packages/airflow/example_dags/example_inlet_event_extra.py took 1.422 seconds
[2024-10-20T17:38:08.242-0300] {processor.py:186} INFO - Started process (PID=127543) to work on /home/nico/.local/lib/python3.10/site-packages/airflow/example_dags/example_inlet_event_extra.py
[2024-10-20T17:38:08.260-0300] {processor.py:914} INFO - Processing file /home/nico/.local/lib/python3.10/site-packages/airflow/example_dags/example_inlet_event_extra.py for tasks to queue
[2024-10-20T17:38:08.271-0300] {logging_mixin.py:190} INFO - [2024-10-20T17:38:08.269-0300] {dagbag.py:588} INFO - Filling up the DagBag from /home/nico/.local/lib/python3.10/site-packages/airflow/example_dags/example_inlet_event_extra.py
[2024-10-20T17:38:08.353-0300] {processor.py:925} INFO - DAG(s) 'read_dataset_event_from_classic', 'read_dataset_event' retrieved from /home/nico/.local/lib/python3.10/site-packages/airflow/example_dags/example_inlet_event_extra.py
[2024-10-20T17:38:08.447-0300] {logging_mixin.py:190} INFO - [2024-10-20T17:38:08.446-0300] {dag.py:3239} INFO - Sync 2 DAGs
[2024-10-20T17:38:08.530-0300] {logging_mixin.py:190} INFO - [2024-10-20T17:38:08.529-0300] {dag.py:4180} INFO - Setting next_dagrun for read_dataset_event to 2024-10-19 00:00:00+00:00, run_after=2024-10-20 00:00:00+00:00
[2024-10-20T17:38:08.555-0300] {logging_mixin.py:190} INFO - [2024-10-20T17:38:08.555-0300] {dag.py:4180} INFO - Setting next_dagrun for read_dataset_event_from_classic to 2024-10-19 00:00:00+00:00, run_after=2024-10-20 00:00:00+00:00
[2024-10-20T17:38:08.697-0300] {processor.py:208} INFO - Processing /home/nico/.local/lib/python3.10/site-packages/airflow/example_dags/example_inlet_event_extra.py took 0.494 seconds
[2024-10-20T17:40:55.786-0300] {processor.py:186} INFO - Started process (PID=128269) to work on /home/nico/.local/lib/python3.10/site-packages/airflow/example_dags/example_inlet_event_extra.py
[2024-10-20T17:40:55.788-0300] {processor.py:914} INFO - Processing file /home/nico/.local/lib/python3.10/site-packages/airflow/example_dags/example_inlet_event_extra.py for tasks to queue
[2024-10-20T17:40:55.792-0300] {logging_mixin.py:190} INFO - [2024-10-20T17:40:55.791-0300] {dagbag.py:588} INFO - Filling up the DagBag from /home/nico/.local/lib/python3.10/site-packages/airflow/example_dags/example_inlet_event_extra.py
[2024-10-20T17:40:55.816-0300] {processor.py:925} INFO - DAG(s) 'read_dataset_event_from_classic', 'read_dataset_event' retrieved from /home/nico/.local/lib/python3.10/site-packages/airflow/example_dags/example_inlet_event_extra.py
[2024-10-20T17:40:55.883-0300] {logging_mixin.py:190} INFO - [2024-10-20T17:40:55.882-0300] {dag.py:3239} INFO - Sync 2 DAGs
[2024-10-20T17:40:55.950-0300] {logging_mixin.py:190} INFO - [2024-10-20T17:40:55.949-0300] {dag.py:4180} INFO - Setting next_dagrun for read_dataset_event to 2024-10-19 00:00:00+00:00, run_after=2024-10-20 00:00:00+00:00
[2024-10-20T17:40:55.965-0300] {logging_mixin.py:190} INFO - [2024-10-20T17:40:55.965-0300] {dag.py:4180} INFO - Setting next_dagrun for read_dataset_event_from_classic to 2024-10-19 00:00:00+00:00, run_after=2024-10-20 00:00:00+00:00
[2024-10-20T17:40:56.074-0300] {processor.py:208} INFO - Processing /home/nico/.local/lib/python3.10/site-packages/airflow/example_dags/example_inlet_event_extra.py took 0.307 seconds
[2024-10-20T17:44:18.114-0300] {processor.py:186} INFO - Started process (PID=129213) to work on /home/nico/.local/lib/python3.10/site-packages/airflow/example_dags/example_inlet_event_extra.py
[2024-10-20T17:44:18.120-0300] {processor.py:914} INFO - Processing file /home/nico/.local/lib/python3.10/site-packages/airflow/example_dags/example_inlet_event_extra.py for tasks to queue
[2024-10-20T17:44:18.125-0300] {logging_mixin.py:190} INFO - [2024-10-20T17:44:18.124-0300] {dagbag.py:588} INFO - Filling up the DagBag from /home/nico/.local/lib/python3.10/site-packages/airflow/example_dags/example_inlet_event_extra.py
[2024-10-20T17:44:18.178-0300] {processor.py:925} INFO - DAG(s) 'read_dataset_event_from_classic', 'read_dataset_event' retrieved from /home/nico/.local/lib/python3.10/site-packages/airflow/example_dags/example_inlet_event_extra.py
[2024-10-20T17:44:18.342-0300] {logging_mixin.py:190} INFO - [2024-10-20T17:44:18.341-0300] {dag.py:3239} INFO - Sync 2 DAGs
[2024-10-20T17:44:18.539-0300] {logging_mixin.py:190} INFO - [2024-10-20T17:44:18.538-0300] {dag.py:4180} INFO - Setting next_dagrun for read_dataset_event to 2024-10-19 00:00:00+00:00, run_after=2024-10-20 00:00:00+00:00
[2024-10-20T17:44:18.576-0300] {logging_mixin.py:190} INFO - [2024-10-20T17:44:18.575-0300] {dag.py:4180} INFO - Setting next_dagrun for read_dataset_event_from_classic to 2024-10-19 00:00:00+00:00, run_after=2024-10-20 00:00:00+00:00
[2024-10-20T17:44:19.312-0300] {processor.py:208} INFO - Processing /home/nico/.local/lib/python3.10/site-packages/airflow/example_dags/example_inlet_event_extra.py took 1.226 seconds
[2024-10-20T17:47:56.658-0300] {processor.py:186} INFO - Started process (PID=130237) to work on /home/nico/.local/lib/python3.10/site-packages/airflow/example_dags/example_inlet_event_extra.py
[2024-10-20T17:47:56.664-0300] {processor.py:914} INFO - Processing file /home/nico/.local/lib/python3.10/site-packages/airflow/example_dags/example_inlet_event_extra.py for tasks to queue
[2024-10-20T17:47:56.669-0300] {logging_mixin.py:190} INFO - [2024-10-20T17:47:56.668-0300] {dagbag.py:588} INFO - Filling up the DagBag from /home/nico/.local/lib/python3.10/site-packages/airflow/example_dags/example_inlet_event_extra.py
[2024-10-20T17:47:56.708-0300] {processor.py:925} INFO - DAG(s) 'read_dataset_event', 'read_dataset_event_from_classic' retrieved from /home/nico/.local/lib/python3.10/site-packages/airflow/example_dags/example_inlet_event_extra.py
[2024-10-20T17:47:56.868-0300] {logging_mixin.py:190} INFO - [2024-10-20T17:47:56.868-0300] {dag.py:3239} INFO - Sync 2 DAGs
[2024-10-20T17:47:57.003-0300] {logging_mixin.py:190} INFO - [2024-10-20T17:47:57.002-0300] {dag.py:4180} INFO - Setting next_dagrun for read_dataset_event to 2024-10-19 00:00:00+00:00, run_after=2024-10-20 00:00:00+00:00
[2024-10-20T17:47:57.041-0300] {logging_mixin.py:190} INFO - [2024-10-20T17:47:57.040-0300] {dag.py:4180} INFO - Setting next_dagrun for read_dataset_event_from_classic to 2024-10-19 00:00:00+00:00, run_after=2024-10-20 00:00:00+00:00
[2024-10-20T17:47:57.236-0300] {processor.py:208} INFO - Processing /home/nico/.local/lib/python3.10/site-packages/airflow/example_dags/example_inlet_event_extra.py took 0.622 seconds
[2024-10-20T17:52:28.820-0300] {processor.py:186} INFO - Started process (PID=131359) to work on /home/nico/.local/lib/python3.10/site-packages/airflow/example_dags/example_inlet_event_extra.py
[2024-10-20T17:52:28.825-0300] {processor.py:914} INFO - Processing file /home/nico/.local/lib/python3.10/site-packages/airflow/example_dags/example_inlet_event_extra.py for tasks to queue
[2024-10-20T17:52:28.829-0300] {logging_mixin.py:190} INFO - [2024-10-20T17:52:28.828-0300] {dagbag.py:588} INFO - Filling up the DagBag from /home/nico/.local/lib/python3.10/site-packages/airflow/example_dags/example_inlet_event_extra.py
[2024-10-20T17:52:28.871-0300] {processor.py:925} INFO - DAG(s) 'read_dataset_event', 'read_dataset_event_from_classic' retrieved from /home/nico/.local/lib/python3.10/site-packages/airflow/example_dags/example_inlet_event_extra.py
[2024-10-20T17:52:28.946-0300] {logging_mixin.py:190} INFO - [2024-10-20T17:52:28.945-0300] {dag.py:3239} INFO - Sync 2 DAGs
[2024-10-20T17:52:29.011-0300] {logging_mixin.py:190} INFO - [2024-10-20T17:52:29.010-0300] {dag.py:4180} INFO - Setting next_dagrun for read_dataset_event to 2024-10-19 00:00:00+00:00, run_after=2024-10-20 00:00:00+00:00
[2024-10-20T17:52:29.032-0300] {logging_mixin.py:190} INFO - [2024-10-20T17:52:29.031-0300] {dag.py:4180} INFO - Setting next_dagrun for read_dataset_event_from_classic to 2024-10-19 00:00:00+00:00, run_after=2024-10-20 00:00:00+00:00
[2024-10-20T17:52:29.238-0300] {processor.py:208} INFO - Processing /home/nico/.local/lib/python3.10/site-packages/airflow/example_dags/example_inlet_event_extra.py took 0.439 seconds
[2024-10-20T17:56:04.621-0300] {processor.py:186} INFO - Started process (PID=132276) to work on /home/nico/.local/lib/python3.10/site-packages/airflow/example_dags/example_inlet_event_extra.py
[2024-10-20T17:56:04.735-0300] {processor.py:914} INFO - Processing file /home/nico/.local/lib/python3.10/site-packages/airflow/example_dags/example_inlet_event_extra.py for tasks to queue
[2024-10-20T17:56:04.840-0300] {logging_mixin.py:190} INFO - [2024-10-20T17:56:04.839-0300] {dagbag.py:588} INFO - Filling up the DagBag from /home/nico/.local/lib/python3.10/site-packages/airflow/example_dags/example_inlet_event_extra.py
[2024-10-20T17:56:04.966-0300] {processor.py:925} INFO - DAG(s) 'read_dataset_event', 'read_dataset_event_from_classic' retrieved from /home/nico/.local/lib/python3.10/site-packages/airflow/example_dags/example_inlet_event_extra.py
[2024-10-20T17:56:05.139-0300] {logging_mixin.py:190} INFO - [2024-10-20T17:56:05.138-0300] {dag.py:3239} INFO - Sync 2 DAGs
[2024-10-20T17:56:05.217-0300] {logging_mixin.py:190} INFO - [2024-10-20T17:56:05.217-0300] {dag.py:4180} INFO - Setting next_dagrun for read_dataset_event to 2024-10-19 00:00:00+00:00, run_after=2024-10-20 00:00:00+00:00
[2024-10-20T17:56:05.236-0300] {logging_mixin.py:190} INFO - [2024-10-20T17:56:05.235-0300] {dag.py:4180} INFO - Setting next_dagrun for read_dataset_event_from_classic to 2024-10-19 00:00:00+00:00, run_after=2024-10-20 00:00:00+00:00
[2024-10-20T17:56:05.374-0300] {processor.py:208} INFO - Processing /home/nico/.local/lib/python3.10/site-packages/airflow/example_dags/example_inlet_event_extra.py took 0.803 seconds
[2024-10-20T17:59:29.467-0300] {processor.py:186} INFO - Started process (PID=133149) to work on /home/nico/.local/lib/python3.10/site-packages/airflow/example_dags/example_inlet_event_extra.py
[2024-10-20T17:59:29.469-0300] {processor.py:914} INFO - Processing file /home/nico/.local/lib/python3.10/site-packages/airflow/example_dags/example_inlet_event_extra.py for tasks to queue
[2024-10-20T17:59:29.472-0300] {logging_mixin.py:190} INFO - [2024-10-20T17:59:29.471-0300] {dagbag.py:588} INFO - Filling up the DagBag from /home/nico/.local/lib/python3.10/site-packages/airflow/example_dags/example_inlet_event_extra.py
[2024-10-20T17:59:29.503-0300] {processor.py:925} INFO - DAG(s) 'read_dataset_event_from_classic', 'read_dataset_event' retrieved from /home/nico/.local/lib/python3.10/site-packages/airflow/example_dags/example_inlet_event_extra.py
[2024-10-20T17:59:29.584-0300] {logging_mixin.py:190} INFO - [2024-10-20T17:59:29.583-0300] {dag.py:3239} INFO - Sync 2 DAGs
[2024-10-20T17:59:29.659-0300] {logging_mixin.py:190} INFO - [2024-10-20T17:59:29.659-0300] {dag.py:4180} INFO - Setting next_dagrun for read_dataset_event to 2024-10-19 00:00:00+00:00, run_after=2024-10-20 00:00:00+00:00
[2024-10-20T17:59:29.681-0300] {logging_mixin.py:190} INFO - [2024-10-20T17:59:29.680-0300] {dag.py:4180} INFO - Setting next_dagrun for read_dataset_event_from_classic to 2024-10-19 00:00:00+00:00, run_after=2024-10-20 00:00:00+00:00
[2024-10-20T17:59:29.875-0300] {processor.py:208} INFO - Processing /home/nico/.local/lib/python3.10/site-packages/airflow/example_dags/example_inlet_event_extra.py took 0.428 seconds
[2024-10-20T18:03:55.848-0300] {processor.py:186} INFO - Started process (PID=134265) to work on /home/nico/.local/lib/python3.10/site-packages/airflow/example_dags/example_inlet_event_extra.py
[2024-10-20T18:03:55.851-0300] {processor.py:914} INFO - Processing file /home/nico/.local/lib/python3.10/site-packages/airflow/example_dags/example_inlet_event_extra.py for tasks to queue
[2024-10-20T18:03:55.857-0300] {logging_mixin.py:190} INFO - [2024-10-20T18:03:55.855-0300] {dagbag.py:588} INFO - Filling up the DagBag from /home/nico/.local/lib/python3.10/site-packages/airflow/example_dags/example_inlet_event_extra.py
[2024-10-20T18:03:55.890-0300] {processor.py:925} INFO - DAG(s) 'read_dataset_event', 'read_dataset_event_from_classic' retrieved from /home/nico/.local/lib/python3.10/site-packages/airflow/example_dags/example_inlet_event_extra.py
[2024-10-20T18:03:55.975-0300] {logging_mixin.py:190} INFO - [2024-10-20T18:03:55.974-0300] {dag.py:3239} INFO - Sync 2 DAGs
[2024-10-20T18:03:56.072-0300] {logging_mixin.py:190} INFO - [2024-10-20T18:03:56.071-0300] {dag.py:4180} INFO - Setting next_dagrun for read_dataset_event to 2024-10-19 00:00:00+00:00, run_after=2024-10-20 00:00:00+00:00
[2024-10-20T18:03:56.093-0300] {logging_mixin.py:190} INFO - [2024-10-20T18:03:56.091-0300] {dag.py:4180} INFO - Setting next_dagrun for read_dataset_event_from_classic to 2024-10-19 00:00:00+00:00, run_after=2024-10-20 00:00:00+00:00
[2024-10-20T18:03:56.282-0300] {processor.py:208} INFO - Processing /home/nico/.local/lib/python3.10/site-packages/airflow/example_dags/example_inlet_event_extra.py took 0.456 seconds
[2024-10-20T18:07:43.823-0300] {processor.py:186} INFO - Started process (PID=135225) to work on /home/nico/.local/lib/python3.10/site-packages/airflow/example_dags/example_inlet_event_extra.py
[2024-10-20T18:07:43.827-0300] {processor.py:914} INFO - Processing file /home/nico/.local/lib/python3.10/site-packages/airflow/example_dags/example_inlet_event_extra.py for tasks to queue
[2024-10-20T18:07:43.844-0300] {logging_mixin.py:190} INFO - [2024-10-20T18:07:43.843-0300] {dagbag.py:588} INFO - Filling up the DagBag from /home/nico/.local/lib/python3.10/site-packages/airflow/example_dags/example_inlet_event_extra.py
[2024-10-20T18:07:43.888-0300] {processor.py:925} INFO - DAG(s) 'read_dataset_event_from_classic', 'read_dataset_event' retrieved from /home/nico/.local/lib/python3.10/site-packages/airflow/example_dags/example_inlet_event_extra.py
[2024-10-20T18:07:43.965-0300] {logging_mixin.py:190} INFO - [2024-10-20T18:07:43.964-0300] {dag.py:3239} INFO - Sync 2 DAGs
[2024-10-20T18:07:44.036-0300] {logging_mixin.py:190} INFO - [2024-10-20T18:07:44.035-0300] {dag.py:4180} INFO - Setting next_dagrun for read_dataset_event to 2024-10-19 00:00:00+00:00, run_after=2024-10-20 00:00:00+00:00
[2024-10-20T18:07:44.053-0300] {logging_mixin.py:190} INFO - [2024-10-20T18:07:44.052-0300] {dag.py:4180} INFO - Setting next_dagrun for read_dataset_event_from_classic to 2024-10-19 00:00:00+00:00, run_after=2024-10-20 00:00:00+00:00
[2024-10-20T18:07:44.198-0300] {processor.py:208} INFO - Processing /home/nico/.local/lib/python3.10/site-packages/airflow/example_dags/example_inlet_event_extra.py took 0.415 seconds
[2024-10-20T18:10:08.929-0300] {processor.py:186} INFO - Started process (PID=135835) to work on /home/nico/.local/lib/python3.10/site-packages/airflow/example_dags/example_inlet_event_extra.py
[2024-10-20T18:10:08.932-0300] {processor.py:914} INFO - Processing file /home/nico/.local/lib/python3.10/site-packages/airflow/example_dags/example_inlet_event_extra.py for tasks to queue
[2024-10-20T18:10:08.935-0300] {logging_mixin.py:190} INFO - [2024-10-20T18:10:08.934-0300] {dagbag.py:588} INFO - Filling up the DagBag from /home/nico/.local/lib/python3.10/site-packages/airflow/example_dags/example_inlet_event_extra.py
[2024-10-20T18:10:08.990-0300] {processor.py:925} INFO - DAG(s) 'read_dataset_event', 'read_dataset_event_from_classic' retrieved from /home/nico/.local/lib/python3.10/site-packages/airflow/example_dags/example_inlet_event_extra.py
[2024-10-20T18:10:09.088-0300] {logging_mixin.py:190} INFO - [2024-10-20T18:10:09.086-0300] {dag.py:3239} INFO - Sync 2 DAGs
[2024-10-20T18:10:09.235-0300] {logging_mixin.py:190} INFO - [2024-10-20T18:10:09.234-0300] {dag.py:4180} INFO - Setting next_dagrun for read_dataset_event to 2024-10-19 00:00:00+00:00, run_after=2024-10-20 00:00:00+00:00
[2024-10-20T18:10:09.259-0300] {logging_mixin.py:190} INFO - [2024-10-20T18:10:09.257-0300] {dag.py:4180} INFO - Setting next_dagrun for read_dataset_event_from_classic to 2024-10-19 00:00:00+00:00, run_after=2024-10-20 00:00:00+00:00
[2024-10-20T18:10:09.524-0300] {processor.py:208} INFO - Processing /home/nico/.local/lib/python3.10/site-packages/airflow/example_dags/example_inlet_event_extra.py took 0.610 seconds
[2024-10-20T18:18:24.460-0300] {processor.py:186} INFO - Started process (PID=138088) to work on /home/nico/.local/lib/python3.10/site-packages/airflow/example_dags/example_inlet_event_extra.py
[2024-10-20T18:18:24.463-0300] {processor.py:914} INFO - Processing file /home/nico/.local/lib/python3.10/site-packages/airflow/example_dags/example_inlet_event_extra.py for tasks to queue
[2024-10-20T18:18:24.471-0300] {logging_mixin.py:190} INFO - [2024-10-20T18:18:24.470-0300] {dagbag.py:588} INFO - Filling up the DagBag from /home/nico/.local/lib/python3.10/site-packages/airflow/example_dags/example_inlet_event_extra.py
[2024-10-20T18:18:24.509-0300] {processor.py:925} INFO - DAG(s) 'read_dataset_event', 'read_dataset_event_from_classic' retrieved from /home/nico/.local/lib/python3.10/site-packages/airflow/example_dags/example_inlet_event_extra.py
[2024-10-20T18:18:24.593-0300] {logging_mixin.py:190} INFO - [2024-10-20T18:18:24.593-0300] {dag.py:3239} INFO - Sync 2 DAGs
[2024-10-20T18:18:24.663-0300] {logging_mixin.py:190} INFO - [2024-10-20T18:18:24.662-0300] {dag.py:4180} INFO - Setting next_dagrun for read_dataset_event to 2024-10-19 00:00:00+00:00, run_after=2024-10-20 00:00:00+00:00
[2024-10-20T18:18:24.689-0300] {logging_mixin.py:190} INFO - [2024-10-20T18:18:24.688-0300] {dag.py:4180} INFO - Setting next_dagrun for read_dataset_event_from_classic to 2024-10-19 00:00:00+00:00, run_after=2024-10-20 00:00:00+00:00
[2024-10-20T18:18:24.864-0300] {processor.py:208} INFO - Processing /home/nico/.local/lib/python3.10/site-packages/airflow/example_dags/example_inlet_event_extra.py took 0.423 seconds
[2024-10-20T18:21:56.066-0300] {processor.py:186} INFO - Started process (PID=138979) to work on /home/nico/.local/lib/python3.10/site-packages/airflow/example_dags/example_inlet_event_extra.py
[2024-10-20T18:21:56.068-0300] {processor.py:914} INFO - Processing file /home/nico/.local/lib/python3.10/site-packages/airflow/example_dags/example_inlet_event_extra.py for tasks to queue
[2024-10-20T18:21:56.074-0300] {logging_mixin.py:190} INFO - [2024-10-20T18:21:56.073-0300] {dagbag.py:588} INFO - Filling up the DagBag from /home/nico/.local/lib/python3.10/site-packages/airflow/example_dags/example_inlet_event_extra.py
[2024-10-20T18:21:56.103-0300] {processor.py:925} INFO - DAG(s) 'read_dataset_event', 'read_dataset_event_from_classic' retrieved from /home/nico/.local/lib/python3.10/site-packages/airflow/example_dags/example_inlet_event_extra.py
[2024-10-20T18:21:56.181-0300] {logging_mixin.py:190} INFO - [2024-10-20T18:21:56.180-0300] {dag.py:3239} INFO - Sync 2 DAGs
[2024-10-20T18:21:56.276-0300] {logging_mixin.py:190} INFO - [2024-10-20T18:21:56.276-0300] {dag.py:4180} INFO - Setting next_dagrun for read_dataset_event to 2024-10-19 00:00:00+00:00, run_after=2024-10-20 00:00:00+00:00
[2024-10-20T18:21:56.292-0300] {logging_mixin.py:190} INFO - [2024-10-20T18:21:56.292-0300] {dag.py:4180} INFO - Setting next_dagrun for read_dataset_event_from_classic to 2024-10-19 00:00:00+00:00, run_after=2024-10-20 00:00:00+00:00
[2024-10-20T18:21:56.434-0300] {processor.py:208} INFO - Processing /home/nico/.local/lib/python3.10/site-packages/airflow/example_dags/example_inlet_event_extra.py took 0.381 seconds
