[2024-10-30T20:49:43.211-0300] {local_task_job_runner.py:123} INFO - ::group::Pre task execution logs
[2024-10-30T20:49:43.387-0300] {taskinstance.py:2612} INFO - Dependencies all met for dep_context=non-requeueable deps ti=<TaskInstance: etl_redshift_dag_variables_bcra.load_data scheduled__2024-10-26T00:01:00+00:00 [queued]>
[2024-10-30T20:49:43.497-0300] {taskinstance.py:2612} INFO - Dependencies all met for dep_context=requeueable deps ti=<TaskInstance: etl_redshift_dag_variables_bcra.load_data scheduled__2024-10-26T00:01:00+00:00 [queued]>
[2024-10-30T20:49:43.505-0300] {taskinstance.py:2865} INFO - Starting attempt 4 of 5
[2024-10-30T20:49:43.659-0300] {taskinstance.py:2888} INFO - Executing <Task(PythonOperator): load_data> on 2024-10-26 00:01:00+00:00
[2024-10-30T20:49:43.679-0300] {standard_task_runner.py:72} INFO - Started process 96794 to run task
[2024-10-30T20:49:43.699-0300] {standard_task_runner.py:104} INFO - Running: ['airflow', 'tasks', 'run', 'etl_redshift_dag_variables_bcra', 'load_data', 'scheduled__2024-10-26T00:01:00+00:00', '--job-id', '243', '--raw', '--subdir', 'DAGS_FOLDER/dag_variables_bcra.py', '--cfg-path', '/tmp/tmp0yujq3cu']
[2024-10-30T20:49:43.708-0300] {standard_task_runner.py:105} INFO - Job 243: Subtask load_data
[2024-10-30T20:49:43.970-0300] {task_command.py:467} INFO - Running <TaskInstance: etl_redshift_dag_variables_bcra.load_data scheduled__2024-10-26T00:01:00+00:00 [running]> on host DESKTOP-MVFODGC.
[2024-10-30T20:49:44.393-0300] {taskinstance.py:3131} INFO - Exporting env vars: AIRFLOW_CTX_DAG_OWNER='airflow' AIRFLOW_CTX_DAG_ID='etl_redshift_dag_variables_bcra' AIRFLOW_CTX_TASK_ID='load_data' AIRFLOW_CTX_EXECUTION_DATE='2024-10-26T00:01:00+00:00' AIRFLOW_CTX_TRY_NUMBER='4' AIRFLOW_CTX_DAG_RUN_ID='scheduled__2024-10-26T00:01:00+00:00'
[2024-10-30T20:49:44.401-0300] {logging_mixin.py:190} INFO - Task instance is in running state
[2024-10-30T20:49:44.407-0300] {logging_mixin.py:190} INFO -  Previous state of the Task instance: queued
[2024-10-30T20:49:44.419-0300] {logging_mixin.py:190} INFO - Current task name:load_data state:running start_date:2024-10-30 23:49:43.397132+00:00
[2024-10-30T20:49:44.430-0300] {logging_mixin.py:190} INFO - Dag name:etl_redshift_dag_variables_bcra and current dag run status:running
[2024-10-30T20:49:44.453-0300] {taskinstance.py:731} INFO - ::endgroup::
[2024-10-30T20:49:50.121-0300] {logging_mixin.py:190} INFO - Datos cargados exitosamente en la tabla 2024_nicolas_alvarez_julia_schema.fact_table en Redshift.
[2024-10-30T20:49:50.124-0300] {python.py:240} INFO - Done. Returned value was: None
[2024-10-30T20:49:50.192-0300] {taskinstance.py:340} INFO - ::group::Post task execution logs
[2024-10-30T20:49:50.229-0300] {taskinstance.py:352} INFO - Marking task as SUCCESS. dag_id=etl_redshift_dag_variables_bcra, task_id=load_data, run_id=scheduled__2024-10-26T00:01:00+00:00, execution_date=20241026T000100, start_date=20241030T234943, end_date=20241030T234950
[2024-10-30T20:49:50.450-0300] {logging_mixin.py:190} INFO - Task instance in success state
[2024-10-30T20:49:50.452-0300] {logging_mixin.py:190} INFO -  Previous state of the Task instance: running
[2024-10-30T20:49:50.456-0300] {logging_mixin.py:190} INFO - Dag name:etl_redshift_dag_variables_bcra queued_at:2024-10-30 23:09:29.336325+00:00
[2024-10-30T20:49:50.464-0300] {logging_mixin.py:190} INFO - Task hostname:DESKTOP-MVFODGC. operator:PythonOperator
[2024-10-30T20:49:50.536-0300] {local_task_job_runner.py:266} INFO - Task exited with return code 0
[2024-10-30T20:49:50.715-0300] {taskinstance.py:3900} INFO - 0 downstream tasks scheduled from follow-on schedule check
[2024-10-30T20:49:50.754-0300] {local_task_job_runner.py:245} INFO - ::endgroup::
