[2024-10-30T20:14:37.763-0300] {local_task_job_runner.py:123} INFO - ::group::Pre task execution logs
[2024-10-30T20:14:37.864-0300] {taskinstance.py:2612} INFO - Dependencies all met for dep_context=non-requeueable deps ti=<TaskInstance: etl_redshift_dag_variables_bcra.actualizar_dim_fecha manual__2024-10-28T01:18:28.390525+00:00 [queued]>
[2024-10-30T20:14:38.070-0300] {taskinstance.py:2612} INFO - Dependencies all met for dep_context=requeueable deps ti=<TaskInstance: etl_redshift_dag_variables_bcra.actualizar_dim_fecha manual__2024-10-28T01:18:28.390525+00:00 [queued]>
[2024-10-30T20:14:38.090-0300] {taskinstance.py:2865} INFO - Starting attempt 4 of 5
[2024-10-30T20:14:38.250-0300] {taskinstance.py:2888} INFO - Executing <Task(PythonOperator): actualizar_dim_fecha> on 2024-10-28 01:18:28.390525+00:00
[2024-10-30T20:14:38.267-0300] {standard_task_runner.py:72} INFO - Started process 86992 to run task
[2024-10-30T20:14:38.311-0300] {standard_task_runner.py:104} INFO - Running: ['airflow', 'tasks', 'run', 'etl_redshift_dag_variables_bcra', 'actualizar_dim_fecha', 'manual__2024-10-28T01:18:28.390525+00:00', '--job-id', '170', '--raw', '--subdir', 'DAGS_FOLDER/dag_variables_bcra.py', '--cfg-path', '/tmp/tmp_2gqbmmx']
[2024-10-30T20:14:38.314-0300] {standard_task_runner.py:105} INFO - Job 170: Subtask actualizar_dim_fecha
[2024-10-30T20:14:38.924-0300] {task_command.py:467} INFO - Running <TaskInstance: etl_redshift_dag_variables_bcra.actualizar_dim_fecha manual__2024-10-28T01:18:28.390525+00:00 [running]> on host DESKTOP-MVFODGC.
[2024-10-30T20:14:39.551-0300] {taskinstance.py:3131} INFO - Exporting env vars: AIRFLOW_CTX_DAG_OWNER='airflow' AIRFLOW_CTX_DAG_ID='etl_redshift_dag_variables_bcra' AIRFLOW_CTX_TASK_ID='actualizar_dim_fecha' AIRFLOW_CTX_EXECUTION_DATE='2024-10-28T01:18:28.390525+00:00' AIRFLOW_CTX_TRY_NUMBER='4' AIRFLOW_CTX_DAG_RUN_ID='manual__2024-10-28T01:18:28.390525+00:00'
[2024-10-30T20:14:39.561-0300] {logging_mixin.py:190} INFO - Task instance is in running state
[2024-10-30T20:14:39.569-0300] {logging_mixin.py:190} INFO -  Previous state of the Task instance: queued
[2024-10-30T20:14:39.577-0300] {logging_mixin.py:190} INFO - Current task name:actualizar_dim_fecha state:running start_date:2024-10-30 23:14:37.870316+00:00
[2024-10-30T20:14:39.583-0300] {logging_mixin.py:190} INFO - Dag name:etl_redshift_dag_variables_bcra and current dag run status:running
[2024-10-30T20:14:39.590-0300] {taskinstance.py:731} INFO - ::endgroup::
[2024-10-30T20:14:43.082-0300] {_write.py:249} ERROR - identifier must contain only alphanumeric characters, spaces, underscores, or hyphens
[2024-10-30T20:14:43.085-0300] {logging_mixin.py:190} INFO - Error en la conexión o actualización de la tabla: identifier must contain only alphanumeric characters, spaces, underscores, or hyphens
[2024-10-30T20:14:43.095-0300] {python.py:240} INFO - Done. Returned value was: None
[2024-10-30T20:14:43.135-0300] {taskinstance.py:340} INFO - ::group::Post task execution logs
[2024-10-30T20:14:43.142-0300] {taskinstance.py:352} INFO - Marking task as SUCCESS. dag_id=etl_redshift_dag_variables_bcra, task_id=actualizar_dim_fecha, run_id=manual__2024-10-28T01:18:28.390525+00:00, execution_date=20241028T011828, start_date=20241030T231437, end_date=20241030T231443
[2024-10-30T20:14:43.251-0300] {logging_mixin.py:190} INFO - Task instance in success state
[2024-10-30T20:14:43.257-0300] {logging_mixin.py:190} INFO -  Previous state of the Task instance: running
[2024-10-30T20:14:43.259-0300] {logging_mixin.py:190} INFO - Dag name:etl_redshift_dag_variables_bcra queued_at:2024-10-30 23:09:33.962545+00:00
[2024-10-30T20:14:43.262-0300] {logging_mixin.py:190} INFO - Task hostname:DESKTOP-MVFODGC. operator:PythonOperator
[2024-10-30T20:14:43.611-0300] {local_task_job_runner.py:266} INFO - Task exited with return code 0
[2024-10-30T20:14:43.912-0300] {taskinstance.py:3900} INFO - 1 downstream tasks scheduled from follow-on schedule check
[2024-10-30T20:14:43.963-0300] {local_task_job_runner.py:245} INFO - ::endgroup::
