[2024-10-29T14:30:31.202-0300] {local_task_job_runner.py:123} INFO - ::group::Pre task execution logs
[2024-10-29T14:30:31.249-0300] {taskinstance.py:2612} INFO - Dependencies all met for dep_context=non-requeueable deps ti=<TaskInstance: etl_redshift_dag_variables_bcra.actualizar_dim_fecha manual__2024-10-28T01:18:28.390525+00:00 [queued]>
[2024-10-29T14:30:31.281-0300] {taskinstance.py:2612} INFO - Dependencies all met for dep_context=requeueable deps ti=<TaskInstance: etl_redshift_dag_variables_bcra.actualizar_dim_fecha manual__2024-10-28T01:18:28.390525+00:00 [queued]>
[2024-10-29T14:30:31.283-0300] {taskinstance.py:2865} INFO - Starting attempt 3 of 4
[2024-10-29T14:30:31.371-0300] {taskinstance.py:2888} INFO - Executing <Task(PythonOperator): actualizar_dim_fecha> on 2024-10-28 01:18:28.390525+00:00
[2024-10-29T14:30:31.384-0300] {standard_task_runner.py:72} INFO - Started process 76980 to run task
[2024-10-29T14:30:31.397-0300] {standard_task_runner.py:104} INFO - Running: ['airflow', 'tasks', 'run', 'etl_redshift_dag_variables_bcra', 'actualizar_dim_fecha', 'manual__2024-10-28T01:18:28.390525+00:00', '--job-id', '142', '--raw', '--subdir', 'DAGS_FOLDER/dag_variables_bcra.py', '--cfg-path', '/tmp/tmpck3qu4vd']
[2024-10-29T14:30:31.401-0300] {standard_task_runner.py:105} INFO - Job 142: Subtask actualizar_dim_fecha
[2024-10-29T14:30:31.579-0300] {task_command.py:467} INFO - Running <TaskInstance: etl_redshift_dag_variables_bcra.actualizar_dim_fecha manual__2024-10-28T01:18:28.390525+00:00 [running]> on host DESKTOP-MVFODGC.
[2024-10-29T14:30:31.842-0300] {taskinstance.py:3131} INFO - Exporting env vars: AIRFLOW_CTX_DAG_OWNER='airflow' AIRFLOW_CTX_DAG_ID='etl_redshift_dag_variables_bcra' AIRFLOW_CTX_TASK_ID='actualizar_dim_fecha' AIRFLOW_CTX_EXECUTION_DATE='2024-10-28T01:18:28.390525+00:00' AIRFLOW_CTX_TRY_NUMBER='3' AIRFLOW_CTX_DAG_RUN_ID='manual__2024-10-28T01:18:28.390525+00:00'
[2024-10-29T14:30:31.849-0300] {logging_mixin.py:190} INFO - Task instance is in running state
[2024-10-29T14:30:31.852-0300] {logging_mixin.py:190} INFO -  Previous state of the Task instance: queued
[2024-10-29T14:30:31.855-0300] {logging_mixin.py:190} INFO - Current task name:actualizar_dim_fecha state:running start_date:2024-10-29 17:30:31.252695+00:00
[2024-10-29T14:30:31.862-0300] {logging_mixin.py:190} INFO - Dag name:etl_redshift_dag_variables_bcra and current dag run status:running
[2024-10-29T14:30:31.870-0300] {taskinstance.py:731} INFO - ::endgroup::
[2024-10-29T14:30:34.545-0300] {python.py:240} INFO - Done. Returned value was: None
[2024-10-29T14:30:34.578-0300] {taskinstance.py:340} INFO - ::group::Post task execution logs
[2024-10-29T14:30:34.581-0300] {taskinstance.py:352} INFO - Marking task as SUCCESS. dag_id=etl_redshift_dag_variables_bcra, task_id=actualizar_dim_fecha, run_id=manual__2024-10-28T01:18:28.390525+00:00, execution_date=20241028T011828, start_date=20241029T173031, end_date=20241029T173034
[2024-10-29T14:30:34.658-0300] {logging_mixin.py:190} INFO - Task instance in success state
[2024-10-29T14:30:34.661-0300] {logging_mixin.py:190} INFO -  Previous state of the Task instance: running
[2024-10-29T14:30:34.664-0300] {logging_mixin.py:190} INFO - Dag name:etl_redshift_dag_variables_bcra queued_at:2024-10-29 17:29:33.377556+00:00
[2024-10-29T14:30:34.668-0300] {logging_mixin.py:190} INFO - Task hostname:DESKTOP-MVFODGC. operator:PythonOperator
[2024-10-29T14:30:34.719-0300] {local_task_job_runner.py:266} INFO - Task exited with return code 0
[2024-10-29T14:30:34.817-0300] {taskinstance.py:3900} INFO - 1 downstream tasks scheduled from follow-on schedule check
[2024-10-29T14:30:34.858-0300] {local_task_job_runner.py:245} INFO - ::endgroup::
