[2024-10-28T12:13:57.283-0300] {local_task_job_runner.py:123} INFO - ::group::Pre task execution logs
[2024-10-28T12:13:57.329-0300] {taskinstance.py:2612} INFO - Dependencies all met for dep_context=non-requeueable deps ti=<TaskInstance: etl_redshift_dag_variables_bcra.actualizar_dim_fecha manual__2024-10-28T01:18:28.390525+00:00 [queued]>
[2024-10-28T12:13:57.363-0300] {taskinstance.py:2612} INFO - Dependencies all met for dep_context=requeueable deps ti=<TaskInstance: etl_redshift_dag_variables_bcra.actualizar_dim_fecha manual__2024-10-28T01:18:28.390525+00:00 [queued]>
[2024-10-28T12:13:57.365-0300] {taskinstance.py:2865} INFO - Starting attempt 2 of 2
[2024-10-28T12:13:57.460-0300] {taskinstance.py:2888} INFO - Executing <Task(PythonOperator): actualizar_dim_fecha> on 2024-10-28 01:18:28.390525+00:00
[2024-10-28T12:13:57.472-0300] {standard_task_runner.py:72} INFO - Started process 876 to run task
[2024-10-28T12:13:57.483-0300] {standard_task_runner.py:104} INFO - Running: ['airflow', 'tasks', 'run', 'etl_redshift_dag_variables_bcra', 'actualizar_dim_fecha', 'manual__2024-10-28T01:18:28.390525+00:00', '--job-id', '80', '--raw', '--subdir', 'DAGS_FOLDER/dag_variables_bcra.py', '--cfg-path', '/tmp/tmpa9nsox_1']
[2024-10-28T12:13:57.490-0300] {standard_task_runner.py:105} INFO - Job 80: Subtask actualizar_dim_fecha
[2024-10-28T12:13:57.677-0300] {task_command.py:467} INFO - Running <TaskInstance: etl_redshift_dag_variables_bcra.actualizar_dim_fecha manual__2024-10-28T01:18:28.390525+00:00 [running]> on host DESKTOP-MVFODGC.
[2024-10-28T12:13:57.974-0300] {taskinstance.py:3131} INFO - Exporting env vars: AIRFLOW_CTX_DAG_OWNER='airflow' AIRFLOW_CTX_DAG_ID='etl_redshift_dag_variables_bcra' AIRFLOW_CTX_TASK_ID='actualizar_dim_fecha' AIRFLOW_CTX_EXECUTION_DATE='2024-10-28T01:18:28.390525+00:00' AIRFLOW_CTX_TRY_NUMBER='2' AIRFLOW_CTX_DAG_RUN_ID='manual__2024-10-28T01:18:28.390525+00:00'
[2024-10-28T12:13:57.979-0300] {logging_mixin.py:190} INFO - Task instance is in running state
[2024-10-28T12:13:57.981-0300] {logging_mixin.py:190} INFO -  Previous state of the Task instance: queued
[2024-10-28T12:13:57.986-0300] {logging_mixin.py:190} INFO - Current task name:actualizar_dim_fecha state:running start_date:2024-10-28 15:13:57.331753+00:00
[2024-10-28T12:13:57.990-0300] {logging_mixin.py:190} INFO - Dag name:etl_redshift_dag_variables_bcra and current dag run status:running
[2024-10-28T12:13:57.992-0300] {taskinstance.py:731} INFO - ::endgroup::
[2024-10-28T12:14:00.584-0300] {_databases.py:352} ERROR - {'S': 'ERROR', 'C': '42601', 'M': 'syntax error at or near "2024" in context "AS max_fecha FROM 2024", at line 1', 'P': '40', 'F': '/home/ec2-user/padb/src/pg/src/backend/parser/parser_scan.l', 'L': '856', 'R': 'extended_yyerror'}
[2024-10-28T12:14:00.589-0300] {logging_mixin.py:190} INFO - Error en la conexión o actualización de la tabla: {'S': 'ERROR', 'C': '42601', 'M': 'syntax error at or near "2024" in context "AS max_fecha FROM 2024", at line 1', 'P': '40', 'F': '/home/ec2-user/padb/src/pg/src/backend/parser/parser_scan.l', 'L': '856', 'R': 'extended_yyerror'}
[2024-10-28T12:14:00.597-0300] {python.py:240} INFO - Done. Returned value was: None
[2024-10-28T12:14:00.668-0300] {taskinstance.py:340} INFO - ::group::Post task execution logs
[2024-10-28T12:14:00.671-0300] {taskinstance.py:352} INFO - Marking task as SUCCESS. dag_id=etl_redshift_dag_variables_bcra, task_id=actualizar_dim_fecha, run_id=manual__2024-10-28T01:18:28.390525+00:00, execution_date=20241028T011828, start_date=20241028T151357, end_date=20241028T151400
[2024-10-28T12:14:00.771-0300] {logging_mixin.py:190} INFO - Task instance in success state
[2024-10-28T12:14:00.783-0300] {logging_mixin.py:190} INFO -  Previous state of the Task instance: running
[2024-10-28T12:14:00.788-0300] {logging_mixin.py:190} INFO - Dag name:etl_redshift_dag_variables_bcra queued_at:2024-10-28 01:18:29.934142+00:00
[2024-10-28T12:14:00.790-0300] {logging_mixin.py:190} INFO - Task hostname:DESKTOP-MVFODGC. operator:PythonOperator
[2024-10-28T12:14:00.843-0300] {local_task_job_runner.py:266} INFO - Task exited with return code 0
[2024-10-28T12:14:00.924-0300] {taskinstance.py:3900} INFO - 1 downstream tasks scheduled from follow-on schedule check
[2024-10-28T12:14:00.959-0300] {local_task_job_runner.py:245} INFO - ::endgroup::
