[2024-11-01T02:07:08.261-0300] {local_task_job_runner.py:123} INFO - ::group::Pre task execution logs
[2024-11-01T02:07:08.638-0300] {taskinstance.py:2612} INFO - Dependencies all met for dep_context=non-requeueable deps ti=<TaskInstance: etl_redshift_dag_variables_fed.load_to_redshift_task manual__2024-11-01T02:55:54.147174+00:00 [queued]>
[2024-11-01T02:07:08.942-0300] {taskinstance.py:2612} INFO - Dependencies all met for dep_context=requeueable deps ti=<TaskInstance: etl_redshift_dag_variables_fed.load_to_redshift_task manual__2024-11-01T02:55:54.147174+00:00 [queued]>
[2024-11-01T02:07:08.948-0300] {taskinstance.py:2865} INFO - Starting attempt 5 of 6
[2024-11-01T02:07:09.212-0300] {taskinstance.py:2888} INFO - Executing <Task(PythonOperator): load_to_redshift_task> on 2024-11-01 02:55:54.147174+00:00
[2024-11-01T02:07:09.238-0300] {standard_task_runner.py:72} INFO - Started process 185609 to run task
[2024-11-01T02:07:09.260-0300] {standard_task_runner.py:104} INFO - Running: ['airflow', 'tasks', 'run', 'etl_redshift_dag_variables_fed', 'load_to_redshift_task', 'manual__2024-11-01T02:55:54.147174+00:00', '--job-id', '473', '--raw', '--subdir', 'DAGS_FOLDER/dag_variables_fed.py', '--cfg-path', '/tmp/tmp7az7kd4k']
[2024-11-01T02:07:09.273-0300] {standard_task_runner.py:105} INFO - Job 473: Subtask load_to_redshift_task
[2024-11-01T02:07:09.794-0300] {task_command.py:467} INFO - Running <TaskInstance: etl_redshift_dag_variables_fed.load_to_redshift_task manual__2024-11-01T02:55:54.147174+00:00 [running]> on host DESKTOP-MVFODGC.
[2024-11-01T02:07:10.911-0300] {taskinstance.py:3131} INFO - Exporting env vars: AIRFLOW_CTX_DAG_OWNER='airflow' AIRFLOW_CTX_DAG_ID='etl_redshift_dag_variables_fed' AIRFLOW_CTX_TASK_ID='load_to_redshift_task' AIRFLOW_CTX_EXECUTION_DATE='2024-11-01T02:55:54.147174+00:00' AIRFLOW_CTX_TRY_NUMBER='5' AIRFLOW_CTX_DAG_RUN_ID='manual__2024-11-01T02:55:54.147174+00:00'
[2024-11-01T02:07:10.919-0300] {logging_mixin.py:190} INFO - Task instance is in running state
[2024-11-01T02:07:10.928-0300] {logging_mixin.py:190} INFO -  Previous state of the Task instance: queued
[2024-11-01T02:07:10.940-0300] {logging_mixin.py:190} INFO - Current task name:load_to_redshift_task state:running start_date:2024-11-01 05:07:08.657223+00:00
[2024-11-01T02:07:10.964-0300] {logging_mixin.py:190} INFO - Dag name:etl_redshift_dag_variables_fed and current dag run status:running
[2024-11-01T02:07:10.998-0300] {taskinstance.py:731} INFO - ::endgroup::
[2024-11-01T02:07:23.097-0300] {logging_mixin.py:190} INFO - Datos cargados exitosamente en la tabla 2024_nicolas_alvarez_julia_schema.fact_table en Redshift.
[2024-11-01T02:07:23.128-0300] {python.py:240} INFO - Done. Returned value was: None
[2024-11-01T02:07:23.455-0300] {taskinstance.py:340} INFO - ::group::Post task execution logs
[2024-11-01T02:07:23.473-0300] {taskinstance.py:352} INFO - Marking task as SUCCESS. dag_id=etl_redshift_dag_variables_fed, task_id=load_to_redshift_task, run_id=manual__2024-11-01T02:55:54.147174+00:00, execution_date=20241101T025554, start_date=20241101T050708, end_date=20241101T050723
[2024-11-01T02:07:23.915-0300] {logging_mixin.py:190} INFO - Task instance in success state
[2024-11-01T02:07:23.924-0300] {logging_mixin.py:190} INFO -  Previous state of the Task instance: running
[2024-11-01T02:07:23.932-0300] {logging_mixin.py:190} INFO - Dag name:etl_redshift_dag_variables_fed queued_at:2024-11-01 05:02:07.102295+00:00
[2024-11-01T02:07:23.955-0300] {logging_mixin.py:190} INFO - Task hostname:DESKTOP-MVFODGC. operator:PythonOperator
[2024-11-01T02:07:24.030-0300] {local_task_job_runner.py:266} INFO - Task exited with return code 0
[2024-11-01T02:07:24.156-0300] {taskinstance.py:3900} INFO - 0 downstream tasks scheduled from follow-on schedule check
[2024-11-01T02:07:24.165-0300] {local_task_job_runner.py:245} INFO - ::endgroup::
[2024-11-01T02:07:24.303-0300] {standard_task_runner.py:217} INFO - Process not found (most likely exited), stop collecting metrics
