[2024-10-28T20:20:19.692-0300] {local_task_job_runner.py:123} INFO - ::group::Pre task execution logs
[2024-10-28T20:20:19.780-0300] {taskinstance.py:2612} INFO - Dependencies all met for dep_context=non-requeueable deps ti=<TaskInstance: etl_redshift_dag_variables_fed.transform_data scheduled__2024-10-24T19:00:00+00:00 [queued]>
[2024-10-28T20:20:19.822-0300] {taskinstance.py:2612} INFO - Dependencies all met for dep_context=requeueable deps ti=<TaskInstance: etl_redshift_dag_variables_fed.transform_data scheduled__2024-10-24T19:00:00+00:00 [queued]>
[2024-10-28T20:20:19.825-0300] {taskinstance.py:2865} INFO - Starting attempt 1 of 2
[2024-10-28T20:20:19.911-0300] {taskinstance.py:2888} INFO - Executing <Task(PythonOperator): transform_data> on 2024-10-24 19:00:00+00:00
[2024-10-28T20:20:19.923-0300] {standard_task_runner.py:72} INFO - Started process 45092 to run task
[2024-10-28T20:20:19.935-0300] {standard_task_runner.py:104} INFO - Running: ['airflow', 'tasks', 'run', 'etl_redshift_dag_variables_fed', 'transform_data', 'scheduled__2024-10-24T19:00:00+00:00', '--job-id', '114', '--raw', '--subdir', 'DAGS_FOLDER/dag_variables_fed.py', '--cfg-path', '/tmp/tmp1u124sy4']
[2024-10-28T20:20:19.939-0300] {standard_task_runner.py:105} INFO - Job 114: Subtask transform_data
[2024-10-28T20:20:20.212-0300] {task_command.py:467} INFO - Running <TaskInstance: etl_redshift_dag_variables_fed.transform_data scheduled__2024-10-24T19:00:00+00:00 [running]> on host DESKTOP-MVFODGC.
[2024-10-28T20:20:20.598-0300] {taskinstance.py:3131} INFO - Exporting env vars: AIRFLOW_CTX_DAG_OWNER='airflow' AIRFLOW_CTX_DAG_ID='etl_redshift_dag_variables_fed' AIRFLOW_CTX_TASK_ID='transform_data' AIRFLOW_CTX_EXECUTION_DATE='2024-10-24T19:00:00+00:00' AIRFLOW_CTX_TRY_NUMBER='1' AIRFLOW_CTX_DAG_RUN_ID='scheduled__2024-10-24T19:00:00+00:00'
[2024-10-28T20:20:20.605-0300] {logging_mixin.py:190} INFO - Task instance is in running state
[2024-10-28T20:20:20.609-0300] {logging_mixin.py:190} INFO -  Previous state of the Task instance: queued
[2024-10-28T20:20:20.612-0300] {logging_mixin.py:190} INFO - Current task name:transform_data state:running start_date:2024-10-28 23:20:19.786559+00:00
[2024-10-28T20:20:20.615-0300] {logging_mixin.py:190} INFO - Dag name:etl_redshift_dag_variables_fed and current dag run status:running
[2024-10-28T20:20:20.621-0300] {taskinstance.py:731} INFO - ::endgroup::
[2024-10-28T20:20:20.742-0300] {logging_mixin.py:190} INFO - Data transformada y guardada en /mnt/c/Users/Nicolas/OneDrive - BCRA/Cursos/Python Data Application (ITBA)/variables-economicas/dags/transfomed_data.csv
[2024-10-28T20:20:20.744-0300] {python.py:240} INFO - Done. Returned value was: /mnt/c/Users/Nicolas/OneDrive - BCRA/Cursos/Python Data Application (ITBA)/variables-economicas/dags/transfomed_data.csv
[2024-10-28T20:20:20.875-0300] {taskinstance.py:340} INFO - ::group::Post task execution logs
[2024-10-28T20:20:20.887-0300] {taskinstance.py:352} INFO - Marking task as SUCCESS. dag_id=etl_redshift_dag_variables_fed, task_id=transform_data, run_id=scheduled__2024-10-24T19:00:00+00:00, execution_date=20241024T190000, start_date=20241028T232019, end_date=20241028T232020
[2024-10-28T20:20:21.095-0300] {logging_mixin.py:190} INFO - Task instance in success state
[2024-10-28T20:20:21.098-0300] {logging_mixin.py:190} INFO -  Previous state of the Task instance: running
[2024-10-28T20:20:21.105-0300] {logging_mixin.py:190} INFO - Dag name:etl_redshift_dag_variables_fed queued_at:2024-10-28 23:17:40.454501+00:00
[2024-10-28T20:20:21.113-0300] {logging_mixin.py:190} INFO - Task hostname:DESKTOP-MVFODGC. operator:PythonOperator
[2024-10-28T20:20:21.163-0300] {local_task_job_runner.py:266} INFO - Task exited with return code 0
[2024-10-28T20:20:21.310-0300] {taskinstance.py:3900} INFO - 1 downstream tasks scheduled from follow-on schedule check
[2024-10-28T20:20:21.346-0300] {local_task_job_runner.py:245} INFO - ::endgroup::
