[2024-11-02T00:16:55.714-0300] {processor.py:186} INFO - Started process (PID=216823) to work on /home/nico/.local/lib/python3.10/site-packages/airflow/example_dags/plugins/workday.py
[2024-11-02T00:16:55.717-0300] {processor.py:914} INFO - Processing file /home/nico/.local/lib/python3.10/site-packages/airflow/example_dags/plugins/workday.py for tasks to queue
[2024-11-02T00:16:55.720-0300] {logging_mixin.py:190} INFO - [2024-11-02T00:16:55.719-0300] {dagbag.py:588} INFO - Filling up the DagBag from /home/nico/.local/lib/python3.10/site-packages/airflow/example_dags/plugins/workday.py
[2024-11-02T00:16:55.726-0300] {processor.py:927} WARNING - No viable dags retrieved from /home/nico/.local/lib/python3.10/site-packages/airflow/example_dags/plugins/workday.py
[2024-11-02T00:16:55.769-0300] {processor.py:208} INFO - Processing /home/nico/.local/lib/python3.10/site-packages/airflow/example_dags/plugins/workday.py took 0.070 seconds
[2024-11-02T00:18:48.874-0300] {processor.py:186} INFO - Started process (PID=216888) to work on /home/nico/.local/lib/python3.10/site-packages/airflow/example_dags/plugins/workday.py
[2024-11-02T00:18:48.876-0300] {processor.py:914} INFO - Processing file /home/nico/.local/lib/python3.10/site-packages/airflow/example_dags/plugins/workday.py for tasks to queue
[2024-11-02T00:18:48.880-0300] {logging_mixin.py:190} INFO - [2024-11-02T00:18:48.879-0300] {dagbag.py:588} INFO - Filling up the DagBag from /home/nico/.local/lib/python3.10/site-packages/airflow/example_dags/plugins/workday.py
[2024-11-02T00:18:48.887-0300] {processor.py:927} WARNING - No viable dags retrieved from /home/nico/.local/lib/python3.10/site-packages/airflow/example_dags/plugins/workday.py
[2024-11-02T00:18:48.938-0300] {processor.py:208} INFO - Processing /home/nico/.local/lib/python3.10/site-packages/airflow/example_dags/plugins/workday.py took 0.080 seconds
[2024-11-02T00:20:12.048-0300] {processor.py:186} INFO - Started process (PID=216933) to work on /home/nico/.local/lib/python3.10/site-packages/airflow/example_dags/plugins/workday.py
[2024-11-02T00:20:12.051-0300] {processor.py:914} INFO - Processing file /home/nico/.local/lib/python3.10/site-packages/airflow/example_dags/plugins/workday.py for tasks to queue
[2024-11-02T00:20:12.056-0300] {logging_mixin.py:190} INFO - [2024-11-02T00:20:12.055-0300] {dagbag.py:588} INFO - Filling up the DagBag from /home/nico/.local/lib/python3.10/site-packages/airflow/example_dags/plugins/workday.py
[2024-11-02T00:20:12.063-0300] {processor.py:927} WARNING - No viable dags retrieved from /home/nico/.local/lib/python3.10/site-packages/airflow/example_dags/plugins/workday.py
[2024-11-02T00:20:12.110-0300] {processor.py:208} INFO - Processing /home/nico/.local/lib/python3.10/site-packages/airflow/example_dags/plugins/workday.py took 0.080 seconds
[2024-11-02T00:21:51.405-0300] {processor.py:186} INFO - Started process (PID=216984) to work on /home/nico/.local/lib/python3.10/site-packages/airflow/example_dags/plugins/workday.py
[2024-11-02T00:21:51.408-0300] {processor.py:914} INFO - Processing file /home/nico/.local/lib/python3.10/site-packages/airflow/example_dags/plugins/workday.py for tasks to queue
[2024-11-02T00:21:51.411-0300] {logging_mixin.py:190} INFO - [2024-11-02T00:21:51.411-0300] {dagbag.py:588} INFO - Filling up the DagBag from /home/nico/.local/lib/python3.10/site-packages/airflow/example_dags/plugins/workday.py
[2024-11-02T00:21:51.418-0300] {processor.py:927} WARNING - No viable dags retrieved from /home/nico/.local/lib/python3.10/site-packages/airflow/example_dags/plugins/workday.py
[2024-11-02T00:21:51.473-0300] {processor.py:208} INFO - Processing /home/nico/.local/lib/python3.10/site-packages/airflow/example_dags/plugins/workday.py took 0.082 seconds
[2024-11-02T00:23:20.661-0300] {processor.py:186} INFO - Started process (PID=217036) to work on /home/nico/.local/lib/python3.10/site-packages/airflow/example_dags/plugins/workday.py
[2024-11-02T00:23:20.665-0300] {processor.py:914} INFO - Processing file /home/nico/.local/lib/python3.10/site-packages/airflow/example_dags/plugins/workday.py for tasks to queue
[2024-11-02T00:23:20.669-0300] {logging_mixin.py:190} INFO - [2024-11-02T00:23:20.668-0300] {dagbag.py:588} INFO - Filling up the DagBag from /home/nico/.local/lib/python3.10/site-packages/airflow/example_dags/plugins/workday.py
[2024-11-02T00:23:20.679-0300] {processor.py:927} WARNING - No viable dags retrieved from /home/nico/.local/lib/python3.10/site-packages/airflow/example_dags/plugins/workday.py
[2024-11-02T00:23:20.736-0300] {processor.py:208} INFO - Processing /home/nico/.local/lib/python3.10/site-packages/airflow/example_dags/plugins/workday.py took 0.095 seconds
[2024-11-02T00:24:43.582-0300] {processor.py:186} INFO - Started process (PID=217082) to work on /home/nico/.local/lib/python3.10/site-packages/airflow/example_dags/plugins/workday.py
[2024-11-02T00:24:43.584-0300] {processor.py:914} INFO - Processing file /home/nico/.local/lib/python3.10/site-packages/airflow/example_dags/plugins/workday.py for tasks to queue
[2024-11-02T00:24:43.588-0300] {logging_mixin.py:190} INFO - [2024-11-02T00:24:43.587-0300] {dagbag.py:588} INFO - Filling up the DagBag from /home/nico/.local/lib/python3.10/site-packages/airflow/example_dags/plugins/workday.py
[2024-11-02T00:24:43.596-0300] {processor.py:927} WARNING - No viable dags retrieved from /home/nico/.local/lib/python3.10/site-packages/airflow/example_dags/plugins/workday.py
[2024-11-02T00:24:43.638-0300] {processor.py:208} INFO - Processing /home/nico/.local/lib/python3.10/site-packages/airflow/example_dags/plugins/workday.py took 0.071 seconds
[2024-11-02T00:26:10.315-0300] {processor.py:186} INFO - Started process (PID=217127) to work on /home/nico/.local/lib/python3.10/site-packages/airflow/example_dags/plugins/workday.py
[2024-11-02T00:26:10.318-0300] {processor.py:914} INFO - Processing file /home/nico/.local/lib/python3.10/site-packages/airflow/example_dags/plugins/workday.py for tasks to queue
[2024-11-02T00:26:10.323-0300] {logging_mixin.py:190} INFO - [2024-11-02T00:26:10.321-0300] {dagbag.py:588} INFO - Filling up the DagBag from /home/nico/.local/lib/python3.10/site-packages/airflow/example_dags/plugins/workday.py
[2024-11-02T00:26:10.335-0300] {processor.py:927} WARNING - No viable dags retrieved from /home/nico/.local/lib/python3.10/site-packages/airflow/example_dags/plugins/workday.py
[2024-11-02T00:26:10.412-0300] {processor.py:208} INFO - Processing /home/nico/.local/lib/python3.10/site-packages/airflow/example_dags/plugins/workday.py took 0.119 seconds
[2024-11-02T00:27:30.994-0300] {processor.py:186} INFO - Started process (PID=217172) to work on /home/nico/.local/lib/python3.10/site-packages/airflow/example_dags/plugins/workday.py
[2024-11-02T00:27:31.001-0300] {processor.py:914} INFO - Processing file /home/nico/.local/lib/python3.10/site-packages/airflow/example_dags/plugins/workday.py for tasks to queue
[2024-11-02T00:27:31.008-0300] {logging_mixin.py:190} INFO - [2024-11-02T00:27:31.007-0300] {dagbag.py:588} INFO - Filling up the DagBag from /home/nico/.local/lib/python3.10/site-packages/airflow/example_dags/plugins/workday.py
[2024-11-02T00:27:31.016-0300] {processor.py:927} WARNING - No viable dags retrieved from /home/nico/.local/lib/python3.10/site-packages/airflow/example_dags/plugins/workday.py
[2024-11-02T00:27:31.074-0300] {processor.py:208} INFO - Processing /home/nico/.local/lib/python3.10/site-packages/airflow/example_dags/plugins/workday.py took 0.101 seconds
[2024-11-02T00:29:28.165-0300] {processor.py:186} INFO - Started process (PID=217224) to work on /home/nico/.local/lib/python3.10/site-packages/airflow/example_dags/plugins/workday.py
[2024-11-02T00:29:28.180-0300] {processor.py:914} INFO - Processing file /home/nico/.local/lib/python3.10/site-packages/airflow/example_dags/plugins/workday.py for tasks to queue
[2024-11-02T00:29:28.193-0300] {logging_mixin.py:190} INFO - [2024-11-02T00:29:28.192-0300] {dagbag.py:588} INFO - Filling up the DagBag from /home/nico/.local/lib/python3.10/site-packages/airflow/example_dags/plugins/workday.py
[2024-11-02T00:29:28.221-0300] {processor.py:927} WARNING - No viable dags retrieved from /home/nico/.local/lib/python3.10/site-packages/airflow/example_dags/plugins/workday.py
[2024-11-02T00:29:28.500-0300] {processor.py:208} INFO - Processing /home/nico/.local/lib/python3.10/site-packages/airflow/example_dags/plugins/workday.py took 0.379 seconds
[2024-11-02T00:36:26.944-0300] {processor.py:186} INFO - Started process (PID=217431) to work on /home/nico/.local/lib/python3.10/site-packages/airflow/example_dags/plugins/workday.py
[2024-11-02T00:36:26.947-0300] {processor.py:914} INFO - Processing file /home/nico/.local/lib/python3.10/site-packages/airflow/example_dags/plugins/workday.py for tasks to queue
[2024-11-02T00:36:26.952-0300] {logging_mixin.py:190} INFO - [2024-11-02T00:36:26.950-0300] {dagbag.py:588} INFO - Filling up the DagBag from /home/nico/.local/lib/python3.10/site-packages/airflow/example_dags/plugins/workday.py
[2024-11-02T00:36:26.960-0300] {processor.py:927} WARNING - No viable dags retrieved from /home/nico/.local/lib/python3.10/site-packages/airflow/example_dags/plugins/workday.py
[2024-11-02T00:36:27.007-0300] {processor.py:208} INFO - Processing /home/nico/.local/lib/python3.10/site-packages/airflow/example_dags/plugins/workday.py took 0.083 seconds
[2024-11-02T00:38:21.986-0300] {processor.py:186} INFO - Started process (PID=217495) to work on /home/nico/.local/lib/python3.10/site-packages/airflow/example_dags/plugins/workday.py
[2024-11-02T00:38:21.996-0300] {processor.py:914} INFO - Processing file /home/nico/.local/lib/python3.10/site-packages/airflow/example_dags/plugins/workday.py for tasks to queue
[2024-11-02T00:38:22.003-0300] {logging_mixin.py:190} INFO - [2024-11-02T00:38:22.001-0300] {dagbag.py:588} INFO - Filling up the DagBag from /home/nico/.local/lib/python3.10/site-packages/airflow/example_dags/plugins/workday.py
[2024-11-02T00:38:22.012-0300] {processor.py:927} WARNING - No viable dags retrieved from /home/nico/.local/lib/python3.10/site-packages/airflow/example_dags/plugins/workday.py
[2024-11-02T00:38:22.098-0300] {processor.py:208} INFO - Processing /home/nico/.local/lib/python3.10/site-packages/airflow/example_dags/plugins/workday.py took 0.133 seconds
[2024-11-02T00:39:45.000-0300] {processor.py:186} INFO - Started process (PID=217540) to work on /home/nico/.local/lib/python3.10/site-packages/airflow/example_dags/plugins/workday.py
[2024-11-02T00:39:45.003-0300] {processor.py:914} INFO - Processing file /home/nico/.local/lib/python3.10/site-packages/airflow/example_dags/plugins/workday.py for tasks to queue
[2024-11-02T00:39:45.009-0300] {logging_mixin.py:190} INFO - [2024-11-02T00:39:45.008-0300] {dagbag.py:588} INFO - Filling up the DagBag from /home/nico/.local/lib/python3.10/site-packages/airflow/example_dags/plugins/workday.py
[2024-11-02T00:39:45.016-0300] {processor.py:927} WARNING - No viable dags retrieved from /home/nico/.local/lib/python3.10/site-packages/airflow/example_dags/plugins/workday.py
[2024-11-02T00:39:45.066-0300] {processor.py:208} INFO - Processing /home/nico/.local/lib/python3.10/site-packages/airflow/example_dags/plugins/workday.py took 0.086 seconds
[2024-11-02T00:41:13.832-0300] {processor.py:186} INFO - Started process (PID=217583) to work on /home/nico/.local/lib/python3.10/site-packages/airflow/example_dags/plugins/workday.py
[2024-11-02T00:41:13.834-0300] {processor.py:914} INFO - Processing file /home/nico/.local/lib/python3.10/site-packages/airflow/example_dags/plugins/workday.py for tasks to queue
[2024-11-02T00:41:13.839-0300] {logging_mixin.py:190} INFO - [2024-11-02T00:41:13.838-0300] {dagbag.py:588} INFO - Filling up the DagBag from /home/nico/.local/lib/python3.10/site-packages/airflow/example_dags/plugins/workday.py
[2024-11-02T00:41:13.844-0300] {processor.py:927} WARNING - No viable dags retrieved from /home/nico/.local/lib/python3.10/site-packages/airflow/example_dags/plugins/workday.py
[2024-11-02T00:41:13.900-0300] {processor.py:208} INFO - Processing /home/nico/.local/lib/python3.10/site-packages/airflow/example_dags/plugins/workday.py took 0.086 seconds
[2024-11-02T00:42:39.369-0300] {processor.py:186} INFO - Started process (PID=217632) to work on /home/nico/.local/lib/python3.10/site-packages/airflow/example_dags/plugins/workday.py
[2024-11-02T00:42:39.377-0300] {processor.py:914} INFO - Processing file /home/nico/.local/lib/python3.10/site-packages/airflow/example_dags/plugins/workday.py for tasks to queue
[2024-11-02T00:42:39.382-0300] {logging_mixin.py:190} INFO - [2024-11-02T00:42:39.381-0300] {dagbag.py:588} INFO - Filling up the DagBag from /home/nico/.local/lib/python3.10/site-packages/airflow/example_dags/plugins/workday.py
[2024-11-02T00:42:39.400-0300] {processor.py:927} WARNING - No viable dags retrieved from /home/nico/.local/lib/python3.10/site-packages/airflow/example_dags/plugins/workday.py
[2024-11-02T00:42:39.677-0300] {processor.py:208} INFO - Processing /home/nico/.local/lib/python3.10/site-packages/airflow/example_dags/plugins/workday.py took 0.330 seconds
[2024-11-02T00:44:03.077-0300] {processor.py:186} INFO - Started process (PID=217677) to work on /home/nico/.local/lib/python3.10/site-packages/airflow/example_dags/plugins/workday.py
[2024-11-02T00:44:03.080-0300] {processor.py:914} INFO - Processing file /home/nico/.local/lib/python3.10/site-packages/airflow/example_dags/plugins/workday.py for tasks to queue
[2024-11-02T00:44:03.085-0300] {logging_mixin.py:190} INFO - [2024-11-02T00:44:03.084-0300] {dagbag.py:588} INFO - Filling up the DagBag from /home/nico/.local/lib/python3.10/site-packages/airflow/example_dags/plugins/workday.py
[2024-11-02T00:44:03.094-0300] {processor.py:927} WARNING - No viable dags retrieved from /home/nico/.local/lib/python3.10/site-packages/airflow/example_dags/plugins/workday.py
[2024-11-02T00:44:03.161-0300] {processor.py:208} INFO - Processing /home/nico/.local/lib/python3.10/site-packages/airflow/example_dags/plugins/workday.py took 0.106 seconds
[2024-11-02T00:45:25.085-0300] {processor.py:186} INFO - Started process (PID=217724) to work on /home/nico/.local/lib/python3.10/site-packages/airflow/example_dags/plugins/workday.py
[2024-11-02T00:45:25.087-0300] {processor.py:914} INFO - Processing file /home/nico/.local/lib/python3.10/site-packages/airflow/example_dags/plugins/workday.py for tasks to queue
[2024-11-02T00:45:25.092-0300] {logging_mixin.py:190} INFO - [2024-11-02T00:45:25.091-0300] {dagbag.py:588} INFO - Filling up the DagBag from /home/nico/.local/lib/python3.10/site-packages/airflow/example_dags/plugins/workday.py
[2024-11-02T00:45:25.106-0300] {processor.py:927} WARNING - No viable dags retrieved from /home/nico/.local/lib/python3.10/site-packages/airflow/example_dags/plugins/workday.py
[2024-11-02T00:45:25.158-0300] {processor.py:208} INFO - Processing /home/nico/.local/lib/python3.10/site-packages/airflow/example_dags/plugins/workday.py took 0.090 seconds
[2024-11-02T00:46:50.725-0300] {processor.py:186} INFO - Started process (PID=217772) to work on /home/nico/.local/lib/python3.10/site-packages/airflow/example_dags/plugins/workday.py
[2024-11-02T00:46:50.762-0300] {processor.py:914} INFO - Processing file /home/nico/.local/lib/python3.10/site-packages/airflow/example_dags/plugins/workday.py for tasks to queue
[2024-11-02T00:46:50.793-0300] {logging_mixin.py:190} INFO - [2024-11-02T00:46:50.791-0300] {dagbag.py:588} INFO - Filling up the DagBag from /home/nico/.local/lib/python3.10/site-packages/airflow/example_dags/plugins/workday.py
[2024-11-02T00:46:50.811-0300] {processor.py:927} WARNING - No viable dags retrieved from /home/nico/.local/lib/python3.10/site-packages/airflow/example_dags/plugins/workday.py
[2024-11-02T00:46:50.971-0300] {processor.py:208} INFO - Processing /home/nico/.local/lib/python3.10/site-packages/airflow/example_dags/plugins/workday.py took 0.297 seconds
[2024-11-02T00:48:52.567-0300] {processor.py:186} INFO - Started process (PID=217822) to work on /home/nico/.local/lib/python3.10/site-packages/airflow/example_dags/plugins/workday.py
[2024-11-02T00:48:52.570-0300] {processor.py:914} INFO - Processing file /home/nico/.local/lib/python3.10/site-packages/airflow/example_dags/plugins/workday.py for tasks to queue
[2024-11-02T00:48:52.573-0300] {logging_mixin.py:190} INFO - [2024-11-02T00:48:52.572-0300] {dagbag.py:588} INFO - Filling up the DagBag from /home/nico/.local/lib/python3.10/site-packages/airflow/example_dags/plugins/workday.py
[2024-11-02T00:48:52.579-0300] {processor.py:927} WARNING - No viable dags retrieved from /home/nico/.local/lib/python3.10/site-packages/airflow/example_dags/plugins/workday.py
[2024-11-02T00:48:52.639-0300] {processor.py:208} INFO - Processing /home/nico/.local/lib/python3.10/site-packages/airflow/example_dags/plugins/workday.py took 0.087 seconds
[2024-11-02T00:55:05.054-0300] {processor.py:186} INFO - Started process (PID=217994) to work on /home/nico/.local/lib/python3.10/site-packages/airflow/example_dags/plugins/workday.py
[2024-11-02T00:55:05.064-0300] {processor.py:914} INFO - Processing file /home/nico/.local/lib/python3.10/site-packages/airflow/example_dags/plugins/workday.py for tasks to queue
[2024-11-02T00:55:05.076-0300] {logging_mixin.py:190} INFO - [2024-11-02T00:55:05.073-0300] {dagbag.py:588} INFO - Filling up the DagBag from /home/nico/.local/lib/python3.10/site-packages/airflow/example_dags/plugins/workday.py
[2024-11-02T00:55:05.121-0300] {processor.py:927} WARNING - No viable dags retrieved from /home/nico/.local/lib/python3.10/site-packages/airflow/example_dags/plugins/workday.py
[2024-11-02T00:55:05.197-0300] {processor.py:208} INFO - Processing /home/nico/.local/lib/python3.10/site-packages/airflow/example_dags/plugins/workday.py took 0.202 seconds
[2024-11-02T00:57:28.059-0300] {processor.py:186} INFO - Started process (PID=218058) to work on /home/nico/.local/lib/python3.10/site-packages/airflow/example_dags/plugins/workday.py
[2024-11-02T00:57:28.063-0300] {processor.py:914} INFO - Processing file /home/nico/.local/lib/python3.10/site-packages/airflow/example_dags/plugins/workday.py for tasks to queue
[2024-11-02T00:57:28.068-0300] {logging_mixin.py:190} INFO - [2024-11-02T00:57:28.067-0300] {dagbag.py:588} INFO - Filling up the DagBag from /home/nico/.local/lib/python3.10/site-packages/airflow/example_dags/plugins/workday.py
[2024-11-02T00:57:28.080-0300] {processor.py:927} WARNING - No viable dags retrieved from /home/nico/.local/lib/python3.10/site-packages/airflow/example_dags/plugins/workday.py
[2024-11-02T00:57:28.128-0300] {processor.py:208} INFO - Processing /home/nico/.local/lib/python3.10/site-packages/airflow/example_dags/plugins/workday.py took 0.095 seconds
[2024-11-02T00:58:59.173-0300] {processor.py:186} INFO - Started process (PID=218106) to work on /home/nico/.local/lib/python3.10/site-packages/airflow/example_dags/plugins/workday.py
[2024-11-02T00:58:59.177-0300] {processor.py:914} INFO - Processing file /home/nico/.local/lib/python3.10/site-packages/airflow/example_dags/plugins/workday.py for tasks to queue
[2024-11-02T00:58:59.182-0300] {logging_mixin.py:190} INFO - [2024-11-02T00:58:59.181-0300] {dagbag.py:588} INFO - Filling up the DagBag from /home/nico/.local/lib/python3.10/site-packages/airflow/example_dags/plugins/workday.py
[2024-11-02T00:58:59.193-0300] {processor.py:927} WARNING - No viable dags retrieved from /home/nico/.local/lib/python3.10/site-packages/airflow/example_dags/plugins/workday.py
[2024-11-02T00:58:59.253-0300] {processor.py:208} INFO - Processing /home/nico/.local/lib/python3.10/site-packages/airflow/example_dags/plugins/workday.py took 0.095 seconds
[2024-11-02T01:00:34.636-0300] {processor.py:186} INFO - Started process (PID=218151) to work on /home/nico/.local/lib/python3.10/site-packages/airflow/example_dags/plugins/workday.py
[2024-11-02T01:00:34.649-0300] {processor.py:914} INFO - Processing file /home/nico/.local/lib/python3.10/site-packages/airflow/example_dags/plugins/workday.py for tasks to queue
[2024-11-02T01:00:34.661-0300] {logging_mixin.py:190} INFO - [2024-11-02T01:00:34.660-0300] {dagbag.py:588} INFO - Filling up the DagBag from /home/nico/.local/lib/python3.10/site-packages/airflow/example_dags/plugins/workday.py
[2024-11-02T01:00:34.671-0300] {processor.py:927} WARNING - No viable dags retrieved from /home/nico/.local/lib/python3.10/site-packages/airflow/example_dags/plugins/workday.py
[2024-11-02T01:00:34.725-0300] {processor.py:208} INFO - Processing /home/nico/.local/lib/python3.10/site-packages/airflow/example_dags/plugins/workday.py took 0.141 seconds
