[2024-11-02T12:30:57.640-0300] {local_task_job_runner.py:123} INFO - ::group::Pre task execution logs
[2024-11-02T12:30:57.702-0300] {taskinstance.py:2612} INFO - Dependencies all met for dep_context=non-requeueable deps ti=<TaskInstance: etl_redshift_dag_variables_fed.actualizar_dim_fecha scheduled__2024-10-31T19:00:00+00:00 [queued]>
[2024-11-02T12:30:57.742-0300] {taskinstance.py:2612} INFO - Dependencies all met for dep_context=requeueable deps ti=<TaskInstance: etl_redshift_dag_variables_fed.actualizar_dim_fecha scheduled__2024-10-31T19:00:00+00:00 [queued]>
[2024-11-02T12:30:57.749-0300] {taskinstance.py:2865} INFO - Starting attempt 4 of 5
[2024-11-02T12:30:57.868-0300] {taskinstance.py:2888} INFO - Executing <Task(PythonOperator): actualizar_dim_fecha> on 2024-10-31 19:00:00+00:00
[2024-11-02T12:30:57.894-0300] {standard_task_runner.py:72} INFO - Started process 218991 to run task
[2024-11-02T12:30:57.961-0300] {standard_task_runner.py:104} INFO - Running: ['airflow', 'tasks', 'run', 'etl_redshift_dag_variables_fed', 'actualizar_dim_fecha', 'scheduled__2024-10-31T19:00:00+00:00', '--job-id', '541', '--raw', '--subdir', 'DAGS_FOLDER/dag_variables_fed.py', '--cfg-path', '/tmp/tmpufe4vx8g']
[2024-11-02T12:30:57.977-0300] {standard_task_runner.py:105} INFO - Job 541: Subtask actualizar_dim_fecha
[2024-11-02T12:30:59.539-0300] {task_command.py:467} INFO - Running <TaskInstance: etl_redshift_dag_variables_fed.actualizar_dim_fecha scheduled__2024-10-31T19:00:00+00:00 [running]> on host DESKTOP-MVFODGC.
[2024-11-02T12:31:02.493-0300] {taskinstance.py:3131} INFO - Exporting env vars: AIRFLOW_CTX_DAG_OWNER='airflow' AIRFLOW_CTX_DAG_ID='etl_redshift_dag_variables_fed' AIRFLOW_CTX_TASK_ID='actualizar_dim_fecha' AIRFLOW_CTX_EXECUTION_DATE='2024-10-31T19:00:00+00:00' AIRFLOW_CTX_TRY_NUMBER='4' AIRFLOW_CTX_DAG_RUN_ID='scheduled__2024-10-31T19:00:00+00:00'
[2024-11-02T12:31:02.504-0300] {logging_mixin.py:190} INFO - Task instance is in running state
[2024-11-02T12:31:02.511-0300] {logging_mixin.py:190} INFO -  Previous state of the Task instance: queued
[2024-11-02T12:31:02.521-0300] {logging_mixin.py:190} INFO - Current task name:actualizar_dim_fecha state:running start_date:2024-11-02 15:30:57.706474+00:00
[2024-11-02T12:31:02.527-0300] {logging_mixin.py:190} INFO - Dag name:etl_redshift_dag_variables_fed and current dag run status:running
[2024-11-02T12:31:02.539-0300] {taskinstance.py:731} INFO - ::endgroup::
[2024-11-02T12:31:11.304-0300] {python.py:240} INFO - Done. Returned value was: None
[2024-11-02T12:31:11.339-0300] {taskinstance.py:340} INFO - ::group::Post task execution logs
[2024-11-02T12:31:11.342-0300] {taskinstance.py:352} INFO - Marking task as SUCCESS. dag_id=etl_redshift_dag_variables_fed, task_id=actualizar_dim_fecha, run_id=scheduled__2024-10-31T19:00:00+00:00, execution_date=20241031T190000, start_date=20241102T153057, end_date=20241102T153111
[2024-11-02T12:31:11.432-0300] {logging_mixin.py:190} INFO - Task instance in success state
[2024-11-02T12:31:11.437-0300] {logging_mixin.py:190} INFO -  Previous state of the Task instance: running
[2024-11-02T12:31:11.444-0300] {logging_mixin.py:190} INFO - Dag name:etl_redshift_dag_variables_fed queued_at:2024-11-02 15:30:30.173057+00:00
[2024-11-02T12:31:11.450-0300] {logging_mixin.py:190} INFO - Task hostname:DESKTOP-MVFODGC. operator:PythonOperator
[2024-11-02T12:31:11.511-0300] {local_task_job_runner.py:266} INFO - Task exited with return code 0
[2024-11-02T12:31:11.590-0300] {taskinstance.py:3900} INFO - 1 downstream tasks scheduled from follow-on schedule check
[2024-11-02T12:31:11.620-0300] {local_task_job_runner.py:245} INFO - ::endgroup::
