[2024-11-02T00:11:32.464-0300] {local_task_job_runner.py:123} INFO - ::group::Pre task execution logs
[2024-11-02T00:11:32.508-0300] {taskinstance.py:2612} INFO - Dependencies all met for dep_context=non-requeueable deps ti=<TaskInstance: etl_redshift_dag_variables_fed.actualizar_dim_fecha scheduled__2024-10-31T19:00:00+00:00 [queued]>
[2024-11-02T00:11:32.560-0300] {taskinstance.py:2612} INFO - Dependencies all met for dep_context=requeueable deps ti=<TaskInstance: etl_redshift_dag_variables_fed.actualizar_dim_fecha scheduled__2024-10-31T19:00:00+00:00 [queued]>
[2024-11-02T00:11:32.567-0300] {taskinstance.py:2865} INFO - Starting attempt 1 of 2
[2024-11-02T00:11:32.664-0300] {taskinstance.py:2888} INFO - Executing <Task(PythonOperator): actualizar_dim_fecha> on 2024-10-31 19:00:00+00:00
[2024-11-02T00:11:32.674-0300] {standard_task_runner.py:72} INFO - Started process 216687 to run task
[2024-11-02T00:11:32.693-0300] {standard_task_runner.py:104} INFO - Running: ['airflow', 'tasks', 'run', 'etl_redshift_dag_variables_fed', 'actualizar_dim_fecha', 'scheduled__2024-10-31T19:00:00+00:00', '--job-id', '507', '--raw', '--subdir', 'DAGS_FOLDER/dag_variables_fed.py', '--cfg-path', '/tmp/tmp0xf37xt6']
[2024-11-02T00:11:32.702-0300] {standard_task_runner.py:105} INFO - Job 507: Subtask actualizar_dim_fecha
[2024-11-02T00:11:33.023-0300] {task_command.py:467} INFO - Running <TaskInstance: etl_redshift_dag_variables_fed.actualizar_dim_fecha scheduled__2024-10-31T19:00:00+00:00 [running]> on host DESKTOP-MVFODGC.
[2024-11-02T00:11:35.005-0300] {taskinstance.py:3131} INFO - Exporting env vars: AIRFLOW_CTX_DAG_OWNER='airflow' AIRFLOW_CTX_DAG_ID='etl_redshift_dag_variables_fed' AIRFLOW_CTX_TASK_ID='actualizar_dim_fecha' AIRFLOW_CTX_EXECUTION_DATE='2024-10-31T19:00:00+00:00' AIRFLOW_CTX_TRY_NUMBER='1' AIRFLOW_CTX_DAG_RUN_ID='scheduled__2024-10-31T19:00:00+00:00'
[2024-11-02T00:11:35.018-0300] {logging_mixin.py:190} INFO - Task instance is in running state
[2024-11-02T00:11:35.034-0300] {logging_mixin.py:190} INFO -  Previous state of the Task instance: queued
[2024-11-02T00:11:35.042-0300] {logging_mixin.py:190} INFO - Current task name:actualizar_dim_fecha state:running start_date:2024-11-02 03:11:32.514398+00:00
[2024-11-02T00:11:35.054-0300] {logging_mixin.py:190} INFO - Dag name:etl_redshift_dag_variables_fed and current dag run status:running
[2024-11-02T00:11:35.068-0300] {taskinstance.py:731} INFO - ::endgroup::
[2024-11-02T00:11:41.418-0300] {logging_mixin.py:190} INFO - Fechas agregadas exitosamente a la tabla 2024_nicolas_alvarez_julia_schema.dim_fecha en Redshift.
[2024-11-02T00:11:41.422-0300] {python.py:240} INFO - Done. Returned value was: None
[2024-11-02T00:11:41.484-0300] {taskinstance.py:340} INFO - ::group::Post task execution logs
[2024-11-02T00:11:41.489-0300] {taskinstance.py:352} INFO - Marking task as SUCCESS. dag_id=etl_redshift_dag_variables_fed, task_id=actualizar_dim_fecha, run_id=scheduled__2024-10-31T19:00:00+00:00, execution_date=20241031T190000, start_date=20241102T031132, end_date=20241102T031141
[2024-11-02T00:11:41.981-0300] {logging_mixin.py:190} INFO - Task instance in success state
[2024-11-02T00:11:41.986-0300] {logging_mixin.py:190} INFO -  Previous state of the Task instance: running
[2024-11-02T00:11:42.057-0300] {logging_mixin.py:190} INFO - Dag name:etl_redshift_dag_variables_fed queued_at:2024-11-02 03:11:07.075978+00:00
[2024-11-02T00:11:42.137-0300] {logging_mixin.py:190} INFO - Task hostname:DESKTOP-MVFODGC. operator:PythonOperator
[2024-11-02T00:11:42.230-0300] {local_task_job_runner.py:266} INFO - Task exited with return code 0
[2024-11-02T00:11:42.710-0300] {standard_task_runner.py:217} INFO - Process not found (most likely exited), stop collecting metrics
[2024-11-02T00:11:43.555-0300] {taskinstance.py:3900} INFO - 1 downstream tasks scheduled from follow-on schedule check
[2024-11-02T00:11:43.601-0300] {local_task_job_runner.py:245} INFO - ::endgroup::
