[2024-11-02T12:34:32.724-0300] {local_task_job_runner.py:123} INFO - ::group::Pre task execution logs
[2024-11-02T12:34:32.802-0300] {taskinstance.py:2612} INFO - Dependencies all met for dep_context=non-requeueable deps ti=<TaskInstance: etl_redshift_dag_variables_fed.load_to_redshift_task scheduled__2024-11-01T07:00:00+00:00 [queued]>
[2024-11-02T12:34:32.876-0300] {taskinstance.py:2612} INFO - Dependencies all met for dep_context=requeueable deps ti=<TaskInstance: etl_redshift_dag_variables_fed.load_to_redshift_task scheduled__2024-11-01T07:00:00+00:00 [queued]>
[2024-11-02T12:34:32.883-0300] {taskinstance.py:2865} INFO - Starting attempt 2 of 3
[2024-11-02T12:34:33.067-0300] {taskinstance.py:2888} INFO - Executing <Task(PythonOperator): load_to_redshift_task> on 2024-11-01 07:00:00+00:00
[2024-11-02T12:34:33.109-0300] {standard_task_runner.py:104} INFO - Running: ['airflow', 'tasks', 'run', 'etl_redshift_dag_variables_fed', 'load_to_redshift_task', 'scheduled__2024-11-01T07:00:00+00:00', '--job-id', '548', '--raw', '--subdir', 'DAGS_FOLDER/dag_variables_fed.py', '--cfg-path', '/tmp/tmp5o1lbux9']
[2024-11-02T12:34:33.083-0300] {standard_task_runner.py:72} INFO - Started process 219097 to run task
[2024-11-02T12:34:33.114-0300] {standard_task_runner.py:105} INFO - Job 548: Subtask load_to_redshift_task
[2024-11-02T12:34:33.432-0300] {task_command.py:467} INFO - Running <TaskInstance: etl_redshift_dag_variables_fed.load_to_redshift_task scheduled__2024-11-01T07:00:00+00:00 [running]> on host DESKTOP-MVFODGC.
[2024-11-02T12:34:34.520-0300] {taskinstance.py:3131} INFO - Exporting env vars: AIRFLOW_CTX_DAG_OWNER='airflow' AIRFLOW_CTX_DAG_ID='etl_redshift_dag_variables_fed' AIRFLOW_CTX_TASK_ID='load_to_redshift_task' AIRFLOW_CTX_EXECUTION_DATE='2024-11-01T07:00:00+00:00' AIRFLOW_CTX_TRY_NUMBER='2' AIRFLOW_CTX_DAG_RUN_ID='scheduled__2024-11-01T07:00:00+00:00'
[2024-11-02T12:34:34.539-0300] {logging_mixin.py:190} INFO - Task instance is in running state
[2024-11-02T12:34:34.589-0300] {logging_mixin.py:190} INFO -  Previous state of the Task instance: queued
[2024-11-02T12:34:34.634-0300] {logging_mixin.py:190} INFO - Current task name:load_to_redshift_task state:running start_date:2024-11-02 15:34:32.807348+00:00
[2024-11-02T12:34:34.676-0300] {logging_mixin.py:190} INFO - Dag name:etl_redshift_dag_variables_fed and current dag run status:running
[2024-11-02T12:34:34.706-0300] {taskinstance.py:731} INFO - ::endgroup::
[2024-11-02T12:34:38.753-0300] {logging_mixin.py:190} INFO - Datos cargados exitosamente en la tabla 2024_nicolas_alvarez_julia_schema.fact_table en Redshift.
[2024-11-02T12:34:38.769-0300] {python.py:240} INFO - Done. Returned value was: None
[2024-11-02T12:34:38.954-0300] {taskinstance.py:340} INFO - ::group::Post task execution logs
[2024-11-02T12:34:38.975-0300] {taskinstance.py:352} INFO - Marking task as SUCCESS. dag_id=etl_redshift_dag_variables_fed, task_id=load_to_redshift_task, run_id=scheduled__2024-11-01T07:00:00+00:00, execution_date=20241101T070000, start_date=20241102T153432, end_date=20241102T153438
[2024-11-02T12:34:39.409-0300] {logging_mixin.py:190} INFO - Task instance in success state
[2024-11-02T12:34:39.413-0300] {logging_mixin.py:190} INFO -  Previous state of the Task instance: running
[2024-11-02T12:34:39.416-0300] {logging_mixin.py:190} INFO - Dag name:etl_redshift_dag_variables_fed queued_at:2024-11-02 15:30:40.677257+00:00
[2024-11-02T12:34:39.418-0300] {logging_mixin.py:190} INFO - Task hostname:DESKTOP-MVFODGC. operator:PythonOperator
[2024-11-02T12:34:39.508-0300] {local_task_job_runner.py:266} INFO - Task exited with return code 0
[2024-11-02T12:34:39.634-0300] {taskinstance.py:3900} INFO - 0 downstream tasks scheduled from follow-on schedule check
[2024-11-02T12:34:39.662-0300] {local_task_job_runner.py:245} INFO - ::endgroup::
