[2024-10-31T23:58:04.791-0300] {local_task_job_runner.py:123} INFO - ::group::Pre task execution logs
[2024-10-31T23:58:04.844-0300] {taskinstance.py:2612} INFO - Dependencies all met for dep_context=non-requeueable deps ti=<TaskInstance: etl_redshift_dag_variables_fed.extract_data_fed_task manual__2024-11-01T02:55:54.147174+00:00 [queued]>
[2024-10-31T23:58:04.880-0300] {taskinstance.py:2612} INFO - Dependencies all met for dep_context=requeueable deps ti=<TaskInstance: etl_redshift_dag_variables_fed.extract_data_fed_task manual__2024-11-01T02:55:54.147174+00:00 [queued]>
[2024-10-31T23:58:04.882-0300] {taskinstance.py:2865} INFO - Starting attempt 1 of 2
[2024-10-31T23:58:04.986-0300] {taskinstance.py:2888} INFO - Executing <Task(PythonOperator): extract_data_fed_task> on 2024-11-01 02:55:54.147174+00:00
[2024-10-31T23:58:05.026-0300] {standard_task_runner.py:104} INFO - Running: ['airflow', 'tasks', 'run', 'etl_redshift_dag_variables_fed', 'extract_data_fed_task', 'manual__2024-11-01T02:55:54.147174+00:00', '--job-id', '362', '--raw', '--subdir', 'DAGS_FOLDER/dag_variables_fed.py', '--cfg-path', '/tmp/tmpkw7amgwd']
[2024-10-31T23:58:05.016-0300] {standard_task_runner.py:72} INFO - Started process 153099 to run task
[2024-10-31T23:58:05.029-0300] {standard_task_runner.py:105} INFO - Job 362: Subtask extract_data_fed_task
[2024-10-31T23:58:05.436-0300] {task_command.py:467} INFO - Running <TaskInstance: etl_redshift_dag_variables_fed.extract_data_fed_task manual__2024-11-01T02:55:54.147174+00:00 [running]> on host DESKTOP-MVFODGC.
[2024-10-31T23:58:07.016-0300] {taskinstance.py:3131} INFO - Exporting env vars: AIRFLOW_CTX_DAG_OWNER='airflow' AIRFLOW_CTX_DAG_ID='etl_redshift_dag_variables_fed' AIRFLOW_CTX_TASK_ID='extract_data_fed_task' AIRFLOW_CTX_EXECUTION_DATE='2024-11-01T02:55:54.147174+00:00' AIRFLOW_CTX_TRY_NUMBER='1' AIRFLOW_CTX_DAG_RUN_ID='manual__2024-11-01T02:55:54.147174+00:00'
[2024-10-31T23:58:07.022-0300] {logging_mixin.py:190} INFO - Task instance is in running state
[2024-10-31T23:58:07.030-0300] {logging_mixin.py:190} INFO -  Previous state of the Task instance: queued
[2024-10-31T23:58:07.033-0300] {logging_mixin.py:190} INFO - Current task name:extract_data_fed_task state:running start_date:2024-11-01 02:58:04.847060+00:00
[2024-10-31T23:58:07.035-0300] {logging_mixin.py:190} INFO - Dag name:etl_redshift_dag_variables_fed and current dag run status:running
[2024-10-31T23:58:07.038-0300] {taskinstance.py:731} INFO - ::endgroup::
[2024-10-31T23:58:14.468-0300] {python.py:240} INFO - Done. Returned value was: None
[2024-10-31T23:58:14.503-0300] {taskinstance.py:340} INFO - ::group::Post task execution logs
[2024-10-31T23:58:14.509-0300] {taskinstance.py:352} INFO - Marking task as SUCCESS. dag_id=etl_redshift_dag_variables_fed, task_id=extract_data_fed_task, run_id=manual__2024-11-01T02:55:54.147174+00:00, execution_date=20241101T025554, start_date=20241101T025804, end_date=20241101T025814
[2024-10-31T23:58:14.592-0300] {logging_mixin.py:190} INFO - Task instance in success state
[2024-10-31T23:58:14.595-0300] {logging_mixin.py:190} INFO -  Previous state of the Task instance: running
[2024-10-31T23:58:14.597-0300] {logging_mixin.py:190} INFO - Dag name:etl_redshift_dag_variables_fed queued_at:2024-11-01 02:55:55.288721+00:00
[2024-10-31T23:58:14.600-0300] {logging_mixin.py:190} INFO - Task hostname:DESKTOP-MVFODGC. operator:PythonOperator
[2024-10-31T23:58:14.641-0300] {local_task_job_runner.py:266} INFO - Task exited with return code 0
[2024-10-31T23:58:14.755-0300] {taskinstance.py:3900} INFO - 1 downstream tasks scheduled from follow-on schedule check
[2024-10-31T23:58:14.781-0300] {local_task_job_runner.py:245} INFO - ::endgroup::
