[2024-10-30T19:48:24.886-0300] {processor.py:186} INFO - Started process (PID=80943) to work on /home/nico/.local/lib/python3.10/site-packages/airflow/example_dags/plugins/workday.py
[2024-10-30T19:48:24.889-0300] {processor.py:914} INFO - Processing file /home/nico/.local/lib/python3.10/site-packages/airflow/example_dags/plugins/workday.py for tasks to queue
[2024-10-30T19:48:24.893-0300] {logging_mixin.py:190} INFO - [2024-10-30T19:48:24.892-0300] {dagbag.py:588} INFO - Filling up the DagBag from /home/nico/.local/lib/python3.10/site-packages/airflow/example_dags/plugins/workday.py
[2024-10-30T19:48:24.899-0300] {processor.py:927} WARNING - No viable dags retrieved from /home/nico/.local/lib/python3.10/site-packages/airflow/example_dags/plugins/workday.py
[2024-10-30T19:48:24.994-0300] {processor.py:208} INFO - Processing /home/nico/.local/lib/python3.10/site-packages/airflow/example_dags/plugins/workday.py took 0.126 seconds
[2024-10-30T20:07:24.393-0300] {processor.py:186} INFO - Started process (PID=85125) to work on /home/nico/.local/lib/python3.10/site-packages/airflow/example_dags/plugins/workday.py
[2024-10-30T20:07:24.396-0300] {processor.py:914} INFO - Processing file /home/nico/.local/lib/python3.10/site-packages/airflow/example_dags/plugins/workday.py for tasks to queue
[2024-10-30T20:07:24.406-0300] {logging_mixin.py:190} INFO - [2024-10-30T20:07:24.403-0300] {dagbag.py:588} INFO - Filling up the DagBag from /home/nico/.local/lib/python3.10/site-packages/airflow/example_dags/plugins/workday.py
[2024-10-30T20:07:24.425-0300] {processor.py:927} WARNING - No viable dags retrieved from /home/nico/.local/lib/python3.10/site-packages/airflow/example_dags/plugins/workday.py
[2024-10-30T20:07:24.508-0300] {processor.py:208} INFO - Processing /home/nico/.local/lib/python3.10/site-packages/airflow/example_dags/plugins/workday.py took 0.141 seconds
[2024-10-30T20:10:18.811-0300] {processor.py:186} INFO - Started process (PID=85865) to work on /home/nico/.local/lib/python3.10/site-packages/airflow/example_dags/plugins/workday.py
[2024-10-30T20:10:18.827-0300] {processor.py:914} INFO - Processing file /home/nico/.local/lib/python3.10/site-packages/airflow/example_dags/plugins/workday.py for tasks to queue
[2024-10-30T20:10:18.838-0300] {logging_mixin.py:190} INFO - [2024-10-30T20:10:18.837-0300] {dagbag.py:588} INFO - Filling up the DagBag from /home/nico/.local/lib/python3.10/site-packages/airflow/example_dags/plugins/workday.py
[2024-10-30T20:10:18.856-0300] {processor.py:927} WARNING - No viable dags retrieved from /home/nico/.local/lib/python3.10/site-packages/airflow/example_dags/plugins/workday.py
[2024-10-30T20:10:19.104-0300] {processor.py:208} INFO - Processing /home/nico/.local/lib/python3.10/site-packages/airflow/example_dags/plugins/workday.py took 0.347 seconds
[2024-10-30T20:12:07.876-0300] {processor.py:186} INFO - Started process (PID=86331) to work on /home/nico/.local/lib/python3.10/site-packages/airflow/example_dags/plugins/workday.py
[2024-10-30T20:12:07.878-0300] {processor.py:914} INFO - Processing file /home/nico/.local/lib/python3.10/site-packages/airflow/example_dags/plugins/workday.py for tasks to queue
[2024-10-30T20:12:07.885-0300] {logging_mixin.py:190} INFO - [2024-10-30T20:12:07.884-0300] {dagbag.py:588} INFO - Filling up the DagBag from /home/nico/.local/lib/python3.10/site-packages/airflow/example_dags/plugins/workday.py
[2024-10-30T20:12:07.893-0300] {processor.py:927} WARNING - No viable dags retrieved from /home/nico/.local/lib/python3.10/site-packages/airflow/example_dags/plugins/workday.py
[2024-10-30T20:12:07.943-0300] {processor.py:208} INFO - Processing /home/nico/.local/lib/python3.10/site-packages/airflow/example_dags/plugins/workday.py took 0.081 seconds
[2024-10-30T20:31:06.321-0300] {processor.py:186} INFO - Started process (PID=91300) to work on /home/nico/.local/lib/python3.10/site-packages/airflow/example_dags/plugins/workday.py
[2024-10-30T20:31:06.328-0300] {processor.py:914} INFO - Processing file /home/nico/.local/lib/python3.10/site-packages/airflow/example_dags/plugins/workday.py for tasks to queue
[2024-10-30T20:31:06.339-0300] {logging_mixin.py:190} INFO - [2024-10-30T20:31:06.338-0300] {dagbag.py:588} INFO - Filling up the DagBag from /home/nico/.local/lib/python3.10/site-packages/airflow/example_dags/plugins/workday.py
[2024-10-30T20:31:06.357-0300] {processor.py:927} WARNING - No viable dags retrieved from /home/nico/.local/lib/python3.10/site-packages/airflow/example_dags/plugins/workday.py
[2024-10-30T20:31:06.475-0300] {processor.py:208} INFO - Processing /home/nico/.local/lib/python3.10/site-packages/airflow/example_dags/plugins/workday.py took 0.206 seconds
[2024-10-30T20:36:08.820-0300] {processor.py:186} INFO - Started process (PID=93320) to work on /home/nico/.local/lib/python3.10/site-packages/airflow/example_dags/plugins/workday.py
[2024-10-30T20:36:08.823-0300] {processor.py:914} INFO - Processing file /home/nico/.local/lib/python3.10/site-packages/airflow/example_dags/plugins/workday.py for tasks to queue
[2024-10-30T20:36:08.828-0300] {logging_mixin.py:190} INFO - [2024-10-30T20:36:08.827-0300] {dagbag.py:588} INFO - Filling up the DagBag from /home/nico/.local/lib/python3.10/site-packages/airflow/example_dags/plugins/workday.py
[2024-10-30T20:36:08.835-0300] {processor.py:927} WARNING - No viable dags retrieved from /home/nico/.local/lib/python3.10/site-packages/airflow/example_dags/plugins/workday.py
[2024-10-30T20:36:08.881-0300] {processor.py:208} INFO - Processing /home/nico/.local/lib/python3.10/site-packages/airflow/example_dags/plugins/workday.py took 0.077 seconds
[2024-10-30T20:52:39.175-0300] {processor.py:186} INFO - Started process (PID=97553) to work on /home/nico/.local/lib/python3.10/site-packages/airflow/example_dags/plugins/workday.py
[2024-10-30T20:52:39.178-0300] {processor.py:914} INFO - Processing file /home/nico/.local/lib/python3.10/site-packages/airflow/example_dags/plugins/workday.py for tasks to queue
[2024-10-30T20:52:39.185-0300] {logging_mixin.py:190} INFO - [2024-10-30T20:52:39.184-0300] {dagbag.py:588} INFO - Filling up the DagBag from /home/nico/.local/lib/python3.10/site-packages/airflow/example_dags/plugins/workday.py
[2024-10-30T20:52:39.195-0300] {processor.py:927} WARNING - No viable dags retrieved from /home/nico/.local/lib/python3.10/site-packages/airflow/example_dags/plugins/workday.py
[2024-10-30T20:52:39.254-0300] {processor.py:208} INFO - Processing /home/nico/.local/lib/python3.10/site-packages/airflow/example_dags/plugins/workday.py took 0.101 seconds
[2024-10-30T20:54:43.920-0300] {processor.py:186} INFO - Started process (PID=98088) to work on /home/nico/.local/lib/python3.10/site-packages/airflow/example_dags/plugins/workday.py
[2024-10-30T20:54:43.927-0300] {processor.py:914} INFO - Processing file /home/nico/.local/lib/python3.10/site-packages/airflow/example_dags/plugins/workday.py for tasks to queue
[2024-10-30T20:54:43.937-0300] {logging_mixin.py:190} INFO - [2024-10-30T20:54:43.934-0300] {dagbag.py:588} INFO - Filling up the DagBag from /home/nico/.local/lib/python3.10/site-packages/airflow/example_dags/plugins/workday.py
[2024-10-30T20:54:43.946-0300] {processor.py:927} WARNING - No viable dags retrieved from /home/nico/.local/lib/python3.10/site-packages/airflow/example_dags/plugins/workday.py
[2024-10-30T20:54:44.038-0300] {processor.py:208} INFO - Processing /home/nico/.local/lib/python3.10/site-packages/airflow/example_dags/plugins/workday.py took 0.172 seconds
[2024-10-30T20:56:00.307-0300] {processor.py:186} INFO - Started process (PID=98424) to work on /home/nico/.local/lib/python3.10/site-packages/airflow/example_dags/plugins/workday.py
[2024-10-30T20:56:00.319-0300] {processor.py:914} INFO - Processing file /home/nico/.local/lib/python3.10/site-packages/airflow/example_dags/plugins/workday.py for tasks to queue
[2024-10-30T20:56:00.324-0300] {logging_mixin.py:190} INFO - [2024-10-30T20:56:00.322-0300] {dagbag.py:588} INFO - Filling up the DagBag from /home/nico/.local/lib/python3.10/site-packages/airflow/example_dags/plugins/workday.py
[2024-10-30T20:56:00.351-0300] {processor.py:927} WARNING - No viable dags retrieved from /home/nico/.local/lib/python3.10/site-packages/airflow/example_dags/plugins/workday.py
[2024-10-30T20:56:00.442-0300] {processor.py:208} INFO - Processing /home/nico/.local/lib/python3.10/site-packages/airflow/example_dags/plugins/workday.py took 0.179 seconds
[2024-10-30T20:57:07.597-0300] {processor.py:186} INFO - Started process (PID=98723) to work on /home/nico/.local/lib/python3.10/site-packages/airflow/example_dags/plugins/workday.py
[2024-10-30T20:57:07.599-0300] {processor.py:914} INFO - Processing file /home/nico/.local/lib/python3.10/site-packages/airflow/example_dags/plugins/workday.py for tasks to queue
[2024-10-30T20:57:07.602-0300] {logging_mixin.py:190} INFO - [2024-10-30T20:57:07.602-0300] {dagbag.py:588} INFO - Filling up the DagBag from /home/nico/.local/lib/python3.10/site-packages/airflow/example_dags/plugins/workday.py
[2024-10-30T20:57:07.608-0300] {processor.py:927} WARNING - No viable dags retrieved from /home/nico/.local/lib/python3.10/site-packages/airflow/example_dags/plugins/workday.py
[2024-10-30T20:57:07.660-0300] {processor.py:208} INFO - Processing /home/nico/.local/lib/python3.10/site-packages/airflow/example_dags/plugins/workday.py took 0.078 seconds
[2024-10-30T20:58:16.009-0300] {processor.py:186} INFO - Started process (PID=99027) to work on /home/nico/.local/lib/python3.10/site-packages/airflow/example_dags/plugins/workday.py
[2024-10-30T20:58:16.022-0300] {processor.py:914} INFO - Processing file /home/nico/.local/lib/python3.10/site-packages/airflow/example_dags/plugins/workday.py for tasks to queue
[2024-10-30T20:58:16.030-0300] {logging_mixin.py:190} INFO - [2024-10-30T20:58:16.028-0300] {dagbag.py:588} INFO - Filling up the DagBag from /home/nico/.local/lib/python3.10/site-packages/airflow/example_dags/plugins/workday.py
[2024-10-30T20:58:16.044-0300] {processor.py:927} WARNING - No viable dags retrieved from /home/nico/.local/lib/python3.10/site-packages/airflow/example_dags/plugins/workday.py
[2024-10-30T20:58:16.097-0300] {processor.py:208} INFO - Processing /home/nico/.local/lib/python3.10/site-packages/airflow/example_dags/plugins/workday.py took 0.121 seconds
[2024-10-30T20:59:23.251-0300] {processor.py:186} INFO - Started process (PID=99324) to work on /home/nico/.local/lib/python3.10/site-packages/airflow/example_dags/plugins/workday.py
[2024-10-30T20:59:23.255-0300] {processor.py:914} INFO - Processing file /home/nico/.local/lib/python3.10/site-packages/airflow/example_dags/plugins/workday.py for tasks to queue
[2024-10-30T20:59:23.259-0300] {logging_mixin.py:190} INFO - [2024-10-30T20:59:23.258-0300] {dagbag.py:588} INFO - Filling up the DagBag from /home/nico/.local/lib/python3.10/site-packages/airflow/example_dags/plugins/workday.py
[2024-10-30T20:59:23.268-0300] {processor.py:927} WARNING - No viable dags retrieved from /home/nico/.local/lib/python3.10/site-packages/airflow/example_dags/plugins/workday.py
[2024-10-30T20:59:23.326-0300] {processor.py:208} INFO - Processing /home/nico/.local/lib/python3.10/site-packages/airflow/example_dags/plugins/workday.py took 0.103 seconds
