[2024-10-28T12:19:38.660-0300] {processor.py:186} INFO - Started process (PID=2496) to work on /home/nico/.local/lib/python3.10/site-packages/airflow/example_dags/example_branch_labels.py
[2024-10-28T12:19:38.665-0300] {processor.py:914} INFO - Processing file /home/nico/.local/lib/python3.10/site-packages/airflow/example_dags/example_branch_labels.py for tasks to queue
[2024-10-28T12:19:38.674-0300] {logging_mixin.py:190} INFO - [2024-10-28T12:19:38.672-0300] {dagbag.py:588} INFO - Filling up the DagBag from /home/nico/.local/lib/python3.10/site-packages/airflow/example_dags/example_branch_labels.py
[2024-10-28T12:19:38.699-0300] {processor.py:925} INFO - DAG(s) 'example_branch_labels' retrieved from /home/nico/.local/lib/python3.10/site-packages/airflow/example_dags/example_branch_labels.py
[2024-10-28T12:19:38.764-0300] {logging_mixin.py:190} INFO - [2024-10-28T12:19:38.764-0300] {dag.py:3239} INFO - Sync 1 DAGs
[2024-10-28T12:19:38.829-0300] {logging_mixin.py:190} INFO - [2024-10-28T12:19:38.828-0300] {dag.py:4180} INFO - Setting next_dagrun for example_branch_labels to 2024-10-27 00:00:00+00:00, run_after=2024-10-28 00:00:00+00:00
[2024-10-28T12:19:38.973-0300] {processor.py:208} INFO - Processing /home/nico/.local/lib/python3.10/site-packages/airflow/example_dags/example_branch_labels.py took 0.339 seconds
[2024-10-28T12:21:44.902-0300] {processor.py:186} INFO - Started process (PID=3062) to work on /home/nico/.local/lib/python3.10/site-packages/airflow/example_dags/example_branch_labels.py
[2024-10-28T12:21:44.904-0300] {processor.py:914} INFO - Processing file /home/nico/.local/lib/python3.10/site-packages/airflow/example_dags/example_branch_labels.py for tasks to queue
[2024-10-28T12:21:44.908-0300] {logging_mixin.py:190} INFO - [2024-10-28T12:21:44.907-0300] {dagbag.py:588} INFO - Filling up the DagBag from /home/nico/.local/lib/python3.10/site-packages/airflow/example_dags/example_branch_labels.py
[2024-10-28T12:21:44.925-0300] {processor.py:925} INFO - DAG(s) 'example_branch_labels' retrieved from /home/nico/.local/lib/python3.10/site-packages/airflow/example_dags/example_branch_labels.py
[2024-10-28T12:21:44.985-0300] {logging_mixin.py:190} INFO - [2024-10-28T12:21:44.985-0300] {dag.py:3239} INFO - Sync 1 DAGs
[2024-10-28T12:21:45.048-0300] {logging_mixin.py:190} INFO - [2024-10-28T12:21:45.047-0300] {dag.py:4180} INFO - Setting next_dagrun for example_branch_labels to 2024-10-27 00:00:00+00:00, run_after=2024-10-28 00:00:00+00:00
[2024-10-28T12:21:45.167-0300] {processor.py:208} INFO - Processing /home/nico/.local/lib/python3.10/site-packages/airflow/example_dags/example_branch_labels.py took 0.280 seconds
[2024-10-28T12:23:44.532-0300] {processor.py:186} INFO - Started process (PID=3679) to work on /home/nico/.local/lib/python3.10/site-packages/airflow/example_dags/example_branch_labels.py
[2024-10-28T12:23:44.534-0300] {processor.py:914} INFO - Processing file /home/nico/.local/lib/python3.10/site-packages/airflow/example_dags/example_branch_labels.py for tasks to queue
[2024-10-28T12:23:44.537-0300] {logging_mixin.py:190} INFO - [2024-10-28T12:23:44.536-0300] {dagbag.py:588} INFO - Filling up the DagBag from /home/nico/.local/lib/python3.10/site-packages/airflow/example_dags/example_branch_labels.py
[2024-10-28T12:23:44.553-0300] {processor.py:925} INFO - DAG(s) 'example_branch_labels' retrieved from /home/nico/.local/lib/python3.10/site-packages/airflow/example_dags/example_branch_labels.py
[2024-10-28T12:23:44.614-0300] {logging_mixin.py:190} INFO - [2024-10-28T12:23:44.614-0300] {dag.py:3239} INFO - Sync 1 DAGs
[2024-10-28T12:23:44.696-0300] {logging_mixin.py:190} INFO - [2024-10-28T12:23:44.695-0300] {dag.py:4180} INFO - Setting next_dagrun for example_branch_labels to 2024-10-27 00:00:00+00:00, run_after=2024-10-28 00:00:00+00:00
[2024-10-28T12:23:44.866-0300] {processor.py:208} INFO - Processing /home/nico/.local/lib/python3.10/site-packages/airflow/example_dags/example_branch_labels.py took 0.347 seconds
[2024-10-28T12:26:03.535-0300] {processor.py:186} INFO - Started process (PID=4288) to work on /home/nico/.local/lib/python3.10/site-packages/airflow/example_dags/example_branch_labels.py
[2024-10-28T12:26:03.538-0300] {processor.py:914} INFO - Processing file /home/nico/.local/lib/python3.10/site-packages/airflow/example_dags/example_branch_labels.py for tasks to queue
[2024-10-28T12:26:03.542-0300] {logging_mixin.py:190} INFO - [2024-10-28T12:26:03.541-0300] {dagbag.py:588} INFO - Filling up the DagBag from /home/nico/.local/lib/python3.10/site-packages/airflow/example_dags/example_branch_labels.py
[2024-10-28T12:26:03.560-0300] {processor.py:925} INFO - DAG(s) 'example_branch_labels' retrieved from /home/nico/.local/lib/python3.10/site-packages/airflow/example_dags/example_branch_labels.py
[2024-10-28T12:26:03.618-0300] {logging_mixin.py:190} INFO - [2024-10-28T12:26:03.617-0300] {dag.py:3239} INFO - Sync 1 DAGs
[2024-10-28T12:26:03.689-0300] {logging_mixin.py:190} INFO - [2024-10-28T12:26:03.688-0300] {dag.py:4180} INFO - Setting next_dagrun for example_branch_labels to 2024-10-27 00:00:00+00:00, run_after=2024-10-28 00:00:00+00:00
[2024-10-28T12:26:03.855-0300] {processor.py:208} INFO - Processing /home/nico/.local/lib/python3.10/site-packages/airflow/example_dags/example_branch_labels.py took 0.333 seconds
[2024-10-28T12:28:19.488-0300] {processor.py:186} INFO - Started process (PID=4893) to work on /home/nico/.local/lib/python3.10/site-packages/airflow/example_dags/example_branch_labels.py
[2024-10-28T12:28:19.491-0300] {processor.py:914} INFO - Processing file /home/nico/.local/lib/python3.10/site-packages/airflow/example_dags/example_branch_labels.py for tasks to queue
[2024-10-28T12:28:19.495-0300] {logging_mixin.py:190} INFO - [2024-10-28T12:28:19.494-0300] {dagbag.py:588} INFO - Filling up the DagBag from /home/nico/.local/lib/python3.10/site-packages/airflow/example_dags/example_branch_labels.py
[2024-10-28T12:28:19.522-0300] {processor.py:925} INFO - DAG(s) 'example_branch_labels' retrieved from /home/nico/.local/lib/python3.10/site-packages/airflow/example_dags/example_branch_labels.py
[2024-10-28T12:28:19.585-0300] {logging_mixin.py:190} INFO - [2024-10-28T12:28:19.584-0300] {dag.py:3239} INFO - Sync 1 DAGs
[2024-10-28T12:28:19.642-0300] {logging_mixin.py:190} INFO - [2024-10-28T12:28:19.642-0300] {dag.py:4180} INFO - Setting next_dagrun for example_branch_labels to 2024-10-27 00:00:00+00:00, run_after=2024-10-28 00:00:00+00:00
[2024-10-28T12:28:19.750-0300] {processor.py:208} INFO - Processing /home/nico/.local/lib/python3.10/site-packages/airflow/example_dags/example_branch_labels.py took 0.281 seconds
[2024-10-28T12:30:29.161-0300] {processor.py:186} INFO - Started process (PID=5470) to work on /home/nico/.local/lib/python3.10/site-packages/airflow/example_dags/example_branch_labels.py
[2024-10-28T12:30:29.163-0300] {processor.py:914} INFO - Processing file /home/nico/.local/lib/python3.10/site-packages/airflow/example_dags/example_branch_labels.py for tasks to queue
[2024-10-28T12:30:29.167-0300] {logging_mixin.py:190} INFO - [2024-10-28T12:30:29.166-0300] {dagbag.py:588} INFO - Filling up the DagBag from /home/nico/.local/lib/python3.10/site-packages/airflow/example_dags/example_branch_labels.py
[2024-10-28T12:30:29.212-0300] {processor.py:925} INFO - DAG(s) 'example_branch_labels' retrieved from /home/nico/.local/lib/python3.10/site-packages/airflow/example_dags/example_branch_labels.py
[2024-10-28T12:30:29.291-0300] {logging_mixin.py:190} INFO - [2024-10-28T12:30:29.291-0300] {dag.py:3239} INFO - Sync 1 DAGs
[2024-10-28T12:30:29.358-0300] {logging_mixin.py:190} INFO - [2024-10-28T12:30:29.358-0300] {dag.py:4180} INFO - Setting next_dagrun for example_branch_labels to 2024-10-27 00:00:00+00:00, run_after=2024-10-28 00:00:00+00:00
[2024-10-28T12:30:29.519-0300] {processor.py:208} INFO - Processing /home/nico/.local/lib/python3.10/site-packages/airflow/example_dags/example_branch_labels.py took 0.381 seconds
[2024-10-28T12:33:10.576-0300] {processor.py:186} INFO - Started process (PID=6184) to work on /home/nico/.local/lib/python3.10/site-packages/airflow/example_dags/example_branch_labels.py
[2024-10-28T12:33:10.581-0300] {processor.py:914} INFO - Processing file /home/nico/.local/lib/python3.10/site-packages/airflow/example_dags/example_branch_labels.py for tasks to queue
[2024-10-28T12:33:10.586-0300] {logging_mixin.py:190} INFO - [2024-10-28T12:33:10.584-0300] {dagbag.py:588} INFO - Filling up the DagBag from /home/nico/.local/lib/python3.10/site-packages/airflow/example_dags/example_branch_labels.py
[2024-10-28T12:33:10.613-0300] {processor.py:925} INFO - DAG(s) 'example_branch_labels' retrieved from /home/nico/.local/lib/python3.10/site-packages/airflow/example_dags/example_branch_labels.py
[2024-10-28T12:33:10.705-0300] {logging_mixin.py:190} INFO - [2024-10-28T12:33:10.704-0300] {dag.py:3239} INFO - Sync 1 DAGs
[2024-10-28T12:33:10.787-0300] {logging_mixin.py:190} INFO - [2024-10-28T12:33:10.785-0300] {dag.py:4180} INFO - Setting next_dagrun for example_branch_labels to 2024-10-27 00:00:00+00:00, run_after=2024-10-28 00:00:00+00:00
[2024-10-28T12:33:10.980-0300] {processor.py:208} INFO - Processing /home/nico/.local/lib/python3.10/site-packages/airflow/example_dags/example_branch_labels.py took 0.439 seconds
[2024-10-28T12:35:52.927-0300] {processor.py:186} INFO - Started process (PID=6894) to work on /home/nico/.local/lib/python3.10/site-packages/airflow/example_dags/example_branch_labels.py
[2024-10-28T12:35:52.930-0300] {processor.py:914} INFO - Processing file /home/nico/.local/lib/python3.10/site-packages/airflow/example_dags/example_branch_labels.py for tasks to queue
[2024-10-28T12:35:52.935-0300] {logging_mixin.py:190} INFO - [2024-10-28T12:35:52.934-0300] {dagbag.py:588} INFO - Filling up the DagBag from /home/nico/.local/lib/python3.10/site-packages/airflow/example_dags/example_branch_labels.py
[2024-10-28T12:35:52.958-0300] {processor.py:925} INFO - DAG(s) 'example_branch_labels' retrieved from /home/nico/.local/lib/python3.10/site-packages/airflow/example_dags/example_branch_labels.py
[2024-10-28T12:35:53.034-0300] {logging_mixin.py:190} INFO - [2024-10-28T12:35:53.034-0300] {dag.py:3239} INFO - Sync 1 DAGs
[2024-10-28T12:35:53.114-0300] {logging_mixin.py:190} INFO - [2024-10-28T12:35:53.114-0300] {dag.py:4180} INFO - Setting next_dagrun for example_branch_labels to 2024-10-27 00:00:00+00:00, run_after=2024-10-28 00:00:00+00:00
[2024-10-28T12:35:53.367-0300] {processor.py:208} INFO - Processing /home/nico/.local/lib/python3.10/site-packages/airflow/example_dags/example_branch_labels.py took 0.456 seconds
[2024-10-28T12:38:56.875-0300] {processor.py:186} INFO - Started process (PID=7684) to work on /home/nico/.local/lib/python3.10/site-packages/airflow/example_dags/example_branch_labels.py
[2024-10-28T12:38:56.878-0300] {processor.py:914} INFO - Processing file /home/nico/.local/lib/python3.10/site-packages/airflow/example_dags/example_branch_labels.py for tasks to queue
[2024-10-28T12:38:56.881-0300] {logging_mixin.py:190} INFO - [2024-10-28T12:38:56.880-0300] {dagbag.py:588} INFO - Filling up the DagBag from /home/nico/.local/lib/python3.10/site-packages/airflow/example_dags/example_branch_labels.py
[2024-10-28T12:38:56.900-0300] {processor.py:925} INFO - DAG(s) 'example_branch_labels' retrieved from /home/nico/.local/lib/python3.10/site-packages/airflow/example_dags/example_branch_labels.py
[2024-10-28T12:38:56.958-0300] {logging_mixin.py:190} INFO - [2024-10-28T12:38:56.958-0300] {dag.py:3239} INFO - Sync 1 DAGs
[2024-10-28T12:38:57.017-0300] {logging_mixin.py:190} INFO - [2024-10-28T12:38:57.016-0300] {dag.py:4180} INFO - Setting next_dagrun for example_branch_labels to 2024-10-27 00:00:00+00:00, run_after=2024-10-28 00:00:00+00:00
[2024-10-28T12:38:57.129-0300] {processor.py:208} INFO - Processing /home/nico/.local/lib/python3.10/site-packages/airflow/example_dags/example_branch_labels.py took 0.272 seconds
[2024-10-28T12:41:55.938-0300] {processor.py:186} INFO - Started process (PID=8463) to work on /home/nico/.local/lib/python3.10/site-packages/airflow/example_dags/example_branch_labels.py
[2024-10-28T12:41:55.941-0300] {processor.py:914} INFO - Processing file /home/nico/.local/lib/python3.10/site-packages/airflow/example_dags/example_branch_labels.py for tasks to queue
[2024-10-28T12:41:55.945-0300] {logging_mixin.py:190} INFO - [2024-10-28T12:41:55.944-0300] {dagbag.py:588} INFO - Filling up the DagBag from /home/nico/.local/lib/python3.10/site-packages/airflow/example_dags/example_branch_labels.py
[2024-10-28T12:41:55.961-0300] {processor.py:925} INFO - DAG(s) 'example_branch_labels' retrieved from /home/nico/.local/lib/python3.10/site-packages/airflow/example_dags/example_branch_labels.py
[2024-10-28T12:41:56.027-0300] {logging_mixin.py:190} INFO - [2024-10-28T12:41:56.027-0300] {dag.py:3239} INFO - Sync 1 DAGs
[2024-10-28T12:41:56.099-0300] {logging_mixin.py:190} INFO - [2024-10-28T12:41:56.098-0300] {dag.py:4180} INFO - Setting next_dagrun for example_branch_labels to 2024-10-27 00:00:00+00:00, run_after=2024-10-28 00:00:00+00:00
[2024-10-28T12:41:56.228-0300] {processor.py:208} INFO - Processing /home/nico/.local/lib/python3.10/site-packages/airflow/example_dags/example_branch_labels.py took 0.310 seconds
