[2024-10-28T12:19:27.166-0300] {processor.py:186} INFO - Started process (PID=2445) to work on /home/nico/.local/lib/python3.10/site-packages/airflow/example_dags/example_external_task_marker_dag.py
[2024-10-28T12:19:27.169-0300] {processor.py:914} INFO - Processing file /home/nico/.local/lib/python3.10/site-packages/airflow/example_dags/example_external_task_marker_dag.py for tasks to queue
[2024-10-28T12:19:27.172-0300] {logging_mixin.py:190} INFO - [2024-10-28T12:19:27.171-0300] {dagbag.py:588} INFO - Filling up the DagBag from /home/nico/.local/lib/python3.10/site-packages/airflow/example_dags/example_external_task_marker_dag.py
[2024-10-28T12:19:27.190-0300] {processor.py:925} INFO - DAG(s) 'example_external_task_marker_parent', 'example_external_task_marker_child' retrieved from /home/nico/.local/lib/python3.10/site-packages/airflow/example_dags/example_external_task_marker_dag.py
[2024-10-28T12:19:27.263-0300] {logging_mixin.py:190} INFO - [2024-10-28T12:19:27.262-0300] {dag.py:3239} INFO - Sync 2 DAGs
[2024-10-28T12:19:27.297-0300] {logging_mixin.py:190} INFO - [2024-10-28T12:19:27.296-0300] {dag.py:4180} INFO - Setting next_dagrun for example_external_task_marker_child to None, run_after=None
[2024-10-28T12:19:27.306-0300] {logging_mixin.py:190} INFO - [2024-10-28T12:19:27.306-0300] {dag.py:4180} INFO - Setting next_dagrun for example_external_task_marker_parent to None, run_after=None
[2024-10-28T12:19:27.429-0300] {processor.py:208} INFO - Processing /home/nico/.local/lib/python3.10/site-packages/airflow/example_dags/example_external_task_marker_dag.py took 0.279 seconds
[2024-10-28T12:21:34.875-0300] {processor.py:186} INFO - Started process (PID=3017) to work on /home/nico/.local/lib/python3.10/site-packages/airflow/example_dags/example_external_task_marker_dag.py
[2024-10-28T12:21:34.877-0300] {processor.py:914} INFO - Processing file /home/nico/.local/lib/python3.10/site-packages/airflow/example_dags/example_external_task_marker_dag.py for tasks to queue
[2024-10-28T12:21:34.880-0300] {logging_mixin.py:190} INFO - [2024-10-28T12:21:34.879-0300] {dagbag.py:588} INFO - Filling up the DagBag from /home/nico/.local/lib/python3.10/site-packages/airflow/example_dags/example_external_task_marker_dag.py
[2024-10-28T12:21:34.892-0300] {processor.py:925} INFO - DAG(s) 'example_external_task_marker_parent', 'example_external_task_marker_child' retrieved from /home/nico/.local/lib/python3.10/site-packages/airflow/example_dags/example_external_task_marker_dag.py
[2024-10-28T12:21:34.952-0300] {logging_mixin.py:190} INFO - [2024-10-28T12:21:34.952-0300] {dag.py:3239} INFO - Sync 2 DAGs
[2024-10-28T12:21:34.989-0300] {logging_mixin.py:190} INFO - [2024-10-28T12:21:34.988-0300] {dag.py:4180} INFO - Setting next_dagrun for example_external_task_marker_child to None, run_after=None
[2024-10-28T12:21:35.001-0300] {logging_mixin.py:190} INFO - [2024-10-28T12:21:35.001-0300] {dag.py:4180} INFO - Setting next_dagrun for example_external_task_marker_parent to None, run_after=None
[2024-10-28T12:21:35.108-0300] {processor.py:208} INFO - Processing /home/nico/.local/lib/python3.10/site-packages/airflow/example_dags/example_external_task_marker_dag.py took 0.246 seconds
[2024-10-28T12:23:34.005-0300] {processor.py:186} INFO - Started process (PID=3630) to work on /home/nico/.local/lib/python3.10/site-packages/airflow/example_dags/example_external_task_marker_dag.py
[2024-10-28T12:23:34.008-0300] {processor.py:914} INFO - Processing file /home/nico/.local/lib/python3.10/site-packages/airflow/example_dags/example_external_task_marker_dag.py for tasks to queue
[2024-10-28T12:23:34.012-0300] {logging_mixin.py:190} INFO - [2024-10-28T12:23:34.011-0300] {dagbag.py:588} INFO - Filling up the DagBag from /home/nico/.local/lib/python3.10/site-packages/airflow/example_dags/example_external_task_marker_dag.py
[2024-10-28T12:23:34.029-0300] {processor.py:925} INFO - DAG(s) 'example_external_task_marker_child', 'example_external_task_marker_parent' retrieved from /home/nico/.local/lib/python3.10/site-packages/airflow/example_dags/example_external_task_marker_dag.py
[2024-10-28T12:23:34.109-0300] {logging_mixin.py:190} INFO - [2024-10-28T12:23:34.109-0300] {dag.py:3239} INFO - Sync 2 DAGs
[2024-10-28T12:23:34.148-0300] {logging_mixin.py:190} INFO - [2024-10-28T12:23:34.147-0300] {dag.py:4180} INFO - Setting next_dagrun for example_external_task_marker_child to None, run_after=None
[2024-10-28T12:23:34.158-0300] {logging_mixin.py:190} INFO - [2024-10-28T12:23:34.157-0300] {dag.py:4180} INFO - Setting next_dagrun for example_external_task_marker_parent to None, run_after=None
[2024-10-28T12:23:34.287-0300] {processor.py:208} INFO - Processing /home/nico/.local/lib/python3.10/site-packages/airflow/example_dags/example_external_task_marker_dag.py took 0.298 seconds
[2024-10-28T12:25:52.816-0300] {processor.py:186} INFO - Started process (PID=4240) to work on /home/nico/.local/lib/python3.10/site-packages/airflow/example_dags/example_external_task_marker_dag.py
[2024-10-28T12:25:52.818-0300] {processor.py:914} INFO - Processing file /home/nico/.local/lib/python3.10/site-packages/airflow/example_dags/example_external_task_marker_dag.py for tasks to queue
[2024-10-28T12:25:52.822-0300] {logging_mixin.py:190} INFO - [2024-10-28T12:25:52.821-0300] {dagbag.py:588} INFO - Filling up the DagBag from /home/nico/.local/lib/python3.10/site-packages/airflow/example_dags/example_external_task_marker_dag.py
[2024-10-28T12:25:52.842-0300] {processor.py:925} INFO - DAG(s) 'example_external_task_marker_parent', 'example_external_task_marker_child' retrieved from /home/nico/.local/lib/python3.10/site-packages/airflow/example_dags/example_external_task_marker_dag.py
[2024-10-28T12:25:52.919-0300] {logging_mixin.py:190} INFO - [2024-10-28T12:25:52.919-0300] {dag.py:3239} INFO - Sync 2 DAGs
[2024-10-28T12:25:52.957-0300] {logging_mixin.py:190} INFO - [2024-10-28T12:25:52.957-0300] {dag.py:4180} INFO - Setting next_dagrun for example_external_task_marker_child to None, run_after=None
[2024-10-28T12:25:52.973-0300] {logging_mixin.py:190} INFO - [2024-10-28T12:25:52.972-0300] {dag.py:4180} INFO - Setting next_dagrun for example_external_task_marker_parent to None, run_after=None
[2024-10-28T12:25:53.089-0300] {processor.py:208} INFO - Processing /home/nico/.local/lib/python3.10/site-packages/airflow/example_dags/example_external_task_marker_dag.py took 0.290 seconds
[2024-10-28T12:28:08.169-0300] {processor.py:186} INFO - Started process (PID=4841) to work on /home/nico/.local/lib/python3.10/site-packages/airflow/example_dags/example_external_task_marker_dag.py
[2024-10-28T12:28:08.171-0300] {processor.py:914} INFO - Processing file /home/nico/.local/lib/python3.10/site-packages/airflow/example_dags/example_external_task_marker_dag.py for tasks to queue
[2024-10-28T12:28:08.174-0300] {logging_mixin.py:190} INFO - [2024-10-28T12:28:08.173-0300] {dagbag.py:588} INFO - Filling up the DagBag from /home/nico/.local/lib/python3.10/site-packages/airflow/example_dags/example_external_task_marker_dag.py
[2024-10-28T12:28:08.187-0300] {processor.py:925} INFO - DAG(s) 'example_external_task_marker_child', 'example_external_task_marker_parent' retrieved from /home/nico/.local/lib/python3.10/site-packages/airflow/example_dags/example_external_task_marker_dag.py
[2024-10-28T12:28:08.251-0300] {logging_mixin.py:190} INFO - [2024-10-28T12:28:08.251-0300] {dag.py:3239} INFO - Sync 2 DAGs
[2024-10-28T12:28:08.294-0300] {logging_mixin.py:190} INFO - [2024-10-28T12:28:08.293-0300] {dag.py:4180} INFO - Setting next_dagrun for example_external_task_marker_child to None, run_after=None
[2024-10-28T12:28:08.304-0300] {logging_mixin.py:190} INFO - [2024-10-28T12:28:08.304-0300] {dag.py:4180} INFO - Setting next_dagrun for example_external_task_marker_parent to None, run_after=None
[2024-10-28T12:28:08.430-0300] {processor.py:208} INFO - Processing /home/nico/.local/lib/python3.10/site-packages/airflow/example_dags/example_external_task_marker_dag.py took 0.276 seconds
[2024-10-28T12:30:17.959-0300] {processor.py:186} INFO - Started process (PID=5420) to work on /home/nico/.local/lib/python3.10/site-packages/airflow/example_dags/example_external_task_marker_dag.py
[2024-10-28T12:30:17.962-0300] {processor.py:914} INFO - Processing file /home/nico/.local/lib/python3.10/site-packages/airflow/example_dags/example_external_task_marker_dag.py for tasks to queue
[2024-10-28T12:30:17.966-0300] {logging_mixin.py:190} INFO - [2024-10-28T12:30:17.965-0300] {dagbag.py:588} INFO - Filling up the DagBag from /home/nico/.local/lib/python3.10/site-packages/airflow/example_dags/example_external_task_marker_dag.py
[2024-10-28T12:30:17.981-0300] {processor.py:925} INFO - DAG(s) 'example_external_task_marker_parent', 'example_external_task_marker_child' retrieved from /home/nico/.local/lib/python3.10/site-packages/airflow/example_dags/example_external_task_marker_dag.py
[2024-10-28T12:30:18.044-0300] {logging_mixin.py:190} INFO - [2024-10-28T12:30:18.043-0300] {dag.py:3239} INFO - Sync 2 DAGs
[2024-10-28T12:30:18.080-0300] {logging_mixin.py:190} INFO - [2024-10-28T12:30:18.079-0300] {dag.py:4180} INFO - Setting next_dagrun for example_external_task_marker_child to None, run_after=None
[2024-10-28T12:30:18.089-0300] {logging_mixin.py:190} INFO - [2024-10-28T12:30:18.088-0300] {dag.py:4180} INFO - Setting next_dagrun for example_external_task_marker_parent to None, run_after=None
[2024-10-28T12:30:18.199-0300] {processor.py:208} INFO - Processing /home/nico/.local/lib/python3.10/site-packages/airflow/example_dags/example_external_task_marker_dag.py took 0.254 seconds
[2024-10-28T12:32:58.667-0300] {processor.py:186} INFO - Started process (PID=6130) to work on /home/nico/.local/lib/python3.10/site-packages/airflow/example_dags/example_external_task_marker_dag.py
[2024-10-28T12:32:58.671-0300] {processor.py:914} INFO - Processing file /home/nico/.local/lib/python3.10/site-packages/airflow/example_dags/example_external_task_marker_dag.py for tasks to queue
[2024-10-28T12:32:58.673-0300] {logging_mixin.py:190} INFO - [2024-10-28T12:32:58.673-0300] {dagbag.py:588} INFO - Filling up the DagBag from /home/nico/.local/lib/python3.10/site-packages/airflow/example_dags/example_external_task_marker_dag.py
[2024-10-28T12:32:58.690-0300] {processor.py:925} INFO - DAG(s) 'example_external_task_marker_child', 'example_external_task_marker_parent' retrieved from /home/nico/.local/lib/python3.10/site-packages/airflow/example_dags/example_external_task_marker_dag.py
[2024-10-28T12:32:58.861-0300] {logging_mixin.py:190} INFO - [2024-10-28T12:32:58.859-0300] {dag.py:3239} INFO - Sync 2 DAGs
[2024-10-28T12:32:58.979-0300] {logging_mixin.py:190} INFO - [2024-10-28T12:32:58.970-0300] {dag.py:4180} INFO - Setting next_dagrun for example_external_task_marker_child to None, run_after=None
[2024-10-28T12:32:59.003-0300] {logging_mixin.py:190} INFO - [2024-10-28T12:32:59.002-0300] {dag.py:4180} INFO - Setting next_dagrun for example_external_task_marker_parent to None, run_after=None
[2024-10-28T12:32:59.229-0300] {processor.py:208} INFO - Processing /home/nico/.local/lib/python3.10/site-packages/airflow/example_dags/example_external_task_marker_dag.py took 0.579 seconds
[2024-10-28T12:35:31.052-0300] {processor.py:186} INFO - Started process (PID=6800) to work on /home/nico/.local/lib/python3.10/site-packages/airflow/example_dags/example_external_task_marker_dag.py
[2024-10-28T12:35:31.077-0300] {processor.py:914} INFO - Processing file /home/nico/.local/lib/python3.10/site-packages/airflow/example_dags/example_external_task_marker_dag.py for tasks to queue
[2024-10-28T12:35:31.098-0300] {logging_mixin.py:190} INFO - [2024-10-28T12:35:31.097-0300] {dagbag.py:588} INFO - Filling up the DagBag from /home/nico/.local/lib/python3.10/site-packages/airflow/example_dags/example_external_task_marker_dag.py
[2024-10-28T12:35:31.159-0300] {processor.py:925} INFO - DAG(s) 'example_external_task_marker_child', 'example_external_task_marker_parent' retrieved from /home/nico/.local/lib/python3.10/site-packages/airflow/example_dags/example_external_task_marker_dag.py
[2024-10-28T12:35:31.974-0300] {logging_mixin.py:190} INFO - [2024-10-28T12:35:31.973-0300] {dag.py:3239} INFO - Sync 2 DAGs
[2024-10-28T12:35:32.126-0300] {logging_mixin.py:190} INFO - [2024-10-28T12:35:32.116-0300] {dag.py:4180} INFO - Setting next_dagrun for example_external_task_marker_child to None, run_after=None
[2024-10-28T12:35:32.153-0300] {logging_mixin.py:190} INFO - [2024-10-28T12:35:32.152-0300] {dag.py:4180} INFO - Setting next_dagrun for example_external_task_marker_parent to None, run_after=None
[2024-10-28T12:35:32.414-0300] {processor.py:208} INFO - Processing /home/nico/.local/lib/python3.10/site-packages/airflow/example_dags/example_external_task_marker_dag.py took 1.402 seconds
[2024-10-28T12:38:44.162-0300] {processor.py:186} INFO - Started process (PID=7628) to work on /home/nico/.local/lib/python3.10/site-packages/airflow/example_dags/example_external_task_marker_dag.py
[2024-10-28T12:38:44.165-0300] {processor.py:914} INFO - Processing file /home/nico/.local/lib/python3.10/site-packages/airflow/example_dags/example_external_task_marker_dag.py for tasks to queue
[2024-10-28T12:38:44.172-0300] {logging_mixin.py:190} INFO - [2024-10-28T12:38:44.170-0300] {dagbag.py:588} INFO - Filling up the DagBag from /home/nico/.local/lib/python3.10/site-packages/airflow/example_dags/example_external_task_marker_dag.py
[2024-10-28T12:38:44.191-0300] {processor.py:925} INFO - DAG(s) 'example_external_task_marker_child', 'example_external_task_marker_parent' retrieved from /home/nico/.local/lib/python3.10/site-packages/airflow/example_dags/example_external_task_marker_dag.py
[2024-10-28T12:38:44.258-0300] {logging_mixin.py:190} INFO - [2024-10-28T12:38:44.257-0300] {dag.py:3239} INFO - Sync 2 DAGs
[2024-10-28T12:38:44.292-0300] {logging_mixin.py:190} INFO - [2024-10-28T12:38:44.292-0300] {dag.py:4180} INFO - Setting next_dagrun for example_external_task_marker_child to None, run_after=None
[2024-10-28T12:38:44.304-0300] {logging_mixin.py:190} INFO - [2024-10-28T12:38:44.303-0300] {dag.py:4180} INFO - Setting next_dagrun for example_external_task_marker_parent to None, run_after=None
[2024-10-28T12:38:44.448-0300] {processor.py:208} INFO - Processing /home/nico/.local/lib/python3.10/site-packages/airflow/example_dags/example_external_task_marker_dag.py took 0.308 seconds
[2024-10-28T12:41:44.466-0300] {processor.py:186} INFO - Started process (PID=8412) to work on /home/nico/.local/lib/python3.10/site-packages/airflow/example_dags/example_external_task_marker_dag.py
[2024-10-28T12:41:44.468-0300] {processor.py:914} INFO - Processing file /home/nico/.local/lib/python3.10/site-packages/airflow/example_dags/example_external_task_marker_dag.py for tasks to queue
[2024-10-28T12:41:44.473-0300] {logging_mixin.py:190} INFO - [2024-10-28T12:41:44.472-0300] {dagbag.py:588} INFO - Filling up the DagBag from /home/nico/.local/lib/python3.10/site-packages/airflow/example_dags/example_external_task_marker_dag.py
[2024-10-28T12:41:44.492-0300] {processor.py:925} INFO - DAG(s) 'example_external_task_marker_child', 'example_external_task_marker_parent' retrieved from /home/nico/.local/lib/python3.10/site-packages/airflow/example_dags/example_external_task_marker_dag.py
[2024-10-28T12:41:44.560-0300] {logging_mixin.py:190} INFO - [2024-10-28T12:41:44.559-0300] {dag.py:3239} INFO - Sync 2 DAGs
[2024-10-28T12:41:44.597-0300] {logging_mixin.py:190} INFO - [2024-10-28T12:41:44.596-0300] {dag.py:4180} INFO - Setting next_dagrun for example_external_task_marker_child to None, run_after=None
[2024-10-28T12:41:44.606-0300] {logging_mixin.py:190} INFO - [2024-10-28T12:41:44.606-0300] {dag.py:4180} INFO - Setting next_dagrun for example_external_task_marker_parent to None, run_after=None
[2024-10-28T12:41:44.721-0300] {processor.py:208} INFO - Processing /home/nico/.local/lib/python3.10/site-packages/airflow/example_dags/example_external_task_marker_dag.py took 0.269 seconds
[2024-10-28T19:50:27.206-0300] {processor.py:186} INFO - Started process (PID=37300) to work on /home/nico/.local/lib/python3.10/site-packages/airflow/example_dags/example_external_task_marker_dag.py
[2024-10-28T19:50:27.209-0300] {processor.py:914} INFO - Processing file /home/nico/.local/lib/python3.10/site-packages/airflow/example_dags/example_external_task_marker_dag.py for tasks to queue
[2024-10-28T19:50:27.217-0300] {logging_mixin.py:190} INFO - [2024-10-28T19:50:27.216-0300] {dagbag.py:588} INFO - Filling up the DagBag from /home/nico/.local/lib/python3.10/site-packages/airflow/example_dags/example_external_task_marker_dag.py
[2024-10-28T19:50:27.239-0300] {processor.py:925} INFO - DAG(s) 'example_external_task_marker_child', 'example_external_task_marker_parent' retrieved from /home/nico/.local/lib/python3.10/site-packages/airflow/example_dags/example_external_task_marker_dag.py
[2024-10-28T19:50:27.325-0300] {logging_mixin.py:190} INFO - [2024-10-28T19:50:27.324-0300] {dag.py:3239} INFO - Sync 2 DAGs
[2024-10-28T19:50:27.376-0300] {logging_mixin.py:190} INFO - [2024-10-28T19:50:27.376-0300] {dag.py:4180} INFO - Setting next_dagrun for example_external_task_marker_child to None, run_after=None
[2024-10-28T19:50:27.392-0300] {logging_mixin.py:190} INFO - [2024-10-28T19:50:27.391-0300] {dag.py:4180} INFO - Setting next_dagrun for example_external_task_marker_parent to None, run_after=None
[2024-10-28T19:50:27.594-0300] {processor.py:208} INFO - Processing /home/nico/.local/lib/python3.10/site-packages/airflow/example_dags/example_external_task_marker_dag.py took 0.408 seconds
[2024-10-28T19:53:22.518-0300] {processor.py:186} INFO - Started process (PID=38075) to work on /home/nico/.local/lib/python3.10/site-packages/airflow/example_dags/example_external_task_marker_dag.py
[2024-10-28T19:53:22.521-0300] {processor.py:914} INFO - Processing file /home/nico/.local/lib/python3.10/site-packages/airflow/example_dags/example_external_task_marker_dag.py for tasks to queue
[2024-10-28T19:53:22.525-0300] {logging_mixin.py:190} INFO - [2024-10-28T19:53:22.525-0300] {dagbag.py:588} INFO - Filling up the DagBag from /home/nico/.local/lib/python3.10/site-packages/airflow/example_dags/example_external_task_marker_dag.py
[2024-10-28T19:53:22.550-0300] {processor.py:925} INFO - DAG(s) 'example_external_task_marker_child', 'example_external_task_marker_parent' retrieved from /home/nico/.local/lib/python3.10/site-packages/airflow/example_dags/example_external_task_marker_dag.py
[2024-10-28T19:53:22.611-0300] {logging_mixin.py:190} INFO - [2024-10-28T19:53:22.611-0300] {dag.py:3239} INFO - Sync 2 DAGs
[2024-10-28T19:53:22.671-0300] {logging_mixin.py:190} INFO - [2024-10-28T19:53:22.670-0300] {dag.py:4180} INFO - Setting next_dagrun for example_external_task_marker_child to None, run_after=None
[2024-10-28T19:53:22.685-0300] {logging_mixin.py:190} INFO - [2024-10-28T19:53:22.684-0300] {dag.py:4180} INFO - Setting next_dagrun for example_external_task_marker_parent to None, run_after=None
[2024-10-28T19:53:22.835-0300] {processor.py:208} INFO - Processing /home/nico/.local/lib/python3.10/site-packages/airflow/example_dags/example_external_task_marker_dag.py took 0.330 seconds
[2024-10-28T19:56:11.122-0300] {processor.py:186} INFO - Started process (PID=38806) to work on /home/nico/.local/lib/python3.10/site-packages/airflow/example_dags/example_external_task_marker_dag.py
[2024-10-28T19:56:11.125-0300] {processor.py:914} INFO - Processing file /home/nico/.local/lib/python3.10/site-packages/airflow/example_dags/example_external_task_marker_dag.py for tasks to queue
[2024-10-28T19:56:11.132-0300] {logging_mixin.py:190} INFO - [2024-10-28T19:56:11.131-0300] {dagbag.py:588} INFO - Filling up the DagBag from /home/nico/.local/lib/python3.10/site-packages/airflow/example_dags/example_external_task_marker_dag.py
[2024-10-28T19:56:11.153-0300] {processor.py:925} INFO - DAG(s) 'example_external_task_marker_parent', 'example_external_task_marker_child' retrieved from /home/nico/.local/lib/python3.10/site-packages/airflow/example_dags/example_external_task_marker_dag.py
[2024-10-28T19:56:11.227-0300] {logging_mixin.py:190} INFO - [2024-10-28T19:56:11.227-0300] {dag.py:3239} INFO - Sync 2 DAGs
[2024-10-28T19:56:11.272-0300] {logging_mixin.py:190} INFO - [2024-10-28T19:56:11.271-0300] {dag.py:4180} INFO - Setting next_dagrun for example_external_task_marker_child to None, run_after=None
[2024-10-28T19:56:11.283-0300] {logging_mixin.py:190} INFO - [2024-10-28T19:56:11.282-0300] {dag.py:4180} INFO - Setting next_dagrun for example_external_task_marker_parent to None, run_after=None
[2024-10-28T19:56:11.411-0300] {processor.py:208} INFO - Processing /home/nico/.local/lib/python3.10/site-packages/airflow/example_dags/example_external_task_marker_dag.py took 0.306 seconds
[2024-10-28T19:59:16.693-0300] {processor.py:186} INFO - Started process (PID=39605) to work on /home/nico/.local/lib/python3.10/site-packages/airflow/example_dags/example_external_task_marker_dag.py
[2024-10-28T19:59:16.695-0300] {processor.py:914} INFO - Processing file /home/nico/.local/lib/python3.10/site-packages/airflow/example_dags/example_external_task_marker_dag.py for tasks to queue
[2024-10-28T19:59:16.701-0300] {logging_mixin.py:190} INFO - [2024-10-28T19:59:16.700-0300] {dagbag.py:588} INFO - Filling up the DagBag from /home/nico/.local/lib/python3.10/site-packages/airflow/example_dags/example_external_task_marker_dag.py
[2024-10-28T19:59:16.725-0300] {processor.py:925} INFO - DAG(s) 'example_external_task_marker_child', 'example_external_task_marker_parent' retrieved from /home/nico/.local/lib/python3.10/site-packages/airflow/example_dags/example_external_task_marker_dag.py
[2024-10-28T19:59:16.792-0300] {logging_mixin.py:190} INFO - [2024-10-28T19:59:16.791-0300] {dag.py:3239} INFO - Sync 2 DAGs
[2024-10-28T19:59:16.832-0300] {logging_mixin.py:190} INFO - [2024-10-28T19:59:16.832-0300] {dag.py:4180} INFO - Setting next_dagrun for example_external_task_marker_child to None, run_after=None
[2024-10-28T19:59:16.847-0300] {logging_mixin.py:190} INFO - [2024-10-28T19:59:16.846-0300] {dag.py:4180} INFO - Setting next_dagrun for example_external_task_marker_parent to None, run_after=None
[2024-10-28T19:59:16.971-0300] {processor.py:208} INFO - Processing /home/nico/.local/lib/python3.10/site-packages/airflow/example_dags/example_external_task_marker_dag.py took 0.293 seconds
[2024-10-28T20:02:24.161-0300] {processor.py:186} INFO - Started process (PID=40414) to work on /home/nico/.local/lib/python3.10/site-packages/airflow/example_dags/example_external_task_marker_dag.py
[2024-10-28T20:02:24.164-0300] {processor.py:914} INFO - Processing file /home/nico/.local/lib/python3.10/site-packages/airflow/example_dags/example_external_task_marker_dag.py for tasks to queue
[2024-10-28T20:02:24.170-0300] {logging_mixin.py:190} INFO - [2024-10-28T20:02:24.169-0300] {dagbag.py:588} INFO - Filling up the DagBag from /home/nico/.local/lib/python3.10/site-packages/airflow/example_dags/example_external_task_marker_dag.py
[2024-10-28T20:02:24.200-0300] {processor.py:925} INFO - DAG(s) 'example_external_task_marker_child', 'example_external_task_marker_parent' retrieved from /home/nico/.local/lib/python3.10/site-packages/airflow/example_dags/example_external_task_marker_dag.py
[2024-10-28T20:02:24.265-0300] {logging_mixin.py:190} INFO - [2024-10-28T20:02:24.264-0300] {dag.py:3239} INFO - Sync 2 DAGs
[2024-10-28T20:02:24.295-0300] {logging_mixin.py:190} INFO - [2024-10-28T20:02:24.295-0300] {dag.py:4180} INFO - Setting next_dagrun for example_external_task_marker_child to None, run_after=None
[2024-10-28T20:02:24.308-0300] {logging_mixin.py:190} INFO - [2024-10-28T20:02:24.307-0300] {dag.py:4180} INFO - Setting next_dagrun for example_external_task_marker_parent to None, run_after=None
[2024-10-28T20:02:24.427-0300] {processor.py:208} INFO - Processing /home/nico/.local/lib/python3.10/site-packages/airflow/example_dags/example_external_task_marker_dag.py took 0.286 seconds
[2024-10-28T20:05:14.462-0300] {processor.py:186} INFO - Started process (PID=41153) to work on /home/nico/.local/lib/python3.10/site-packages/airflow/example_dags/example_external_task_marker_dag.py
[2024-10-28T20:05:14.465-0300] {processor.py:914} INFO - Processing file /home/nico/.local/lib/python3.10/site-packages/airflow/example_dags/example_external_task_marker_dag.py for tasks to queue
[2024-10-28T20:05:14.473-0300] {logging_mixin.py:190} INFO - [2024-10-28T20:05:14.471-0300] {dagbag.py:588} INFO - Filling up the DagBag from /home/nico/.local/lib/python3.10/site-packages/airflow/example_dags/example_external_task_marker_dag.py
[2024-10-28T20:05:14.522-0300] {processor.py:925} INFO - DAG(s) 'example_external_task_marker_child', 'example_external_task_marker_parent' retrieved from /home/nico/.local/lib/python3.10/site-packages/airflow/example_dags/example_external_task_marker_dag.py
[2024-10-28T20:05:14.608-0300] {logging_mixin.py:190} INFO - [2024-10-28T20:05:14.607-0300] {dag.py:3239} INFO - Sync 2 DAGs
[2024-10-28T20:05:14.694-0300] {logging_mixin.py:190} INFO - [2024-10-28T20:05:14.693-0300] {dag.py:4180} INFO - Setting next_dagrun for example_external_task_marker_child to None, run_after=None
[2024-10-28T20:05:14.710-0300] {logging_mixin.py:190} INFO - [2024-10-28T20:05:14.709-0300] {dag.py:4180} INFO - Setting next_dagrun for example_external_task_marker_parent to None, run_after=None
[2024-10-28T20:05:14.852-0300] {processor.py:208} INFO - Processing /home/nico/.local/lib/python3.10/site-packages/airflow/example_dags/example_external_task_marker_dag.py took 0.414 seconds
[2024-10-28T20:08:09.700-0300] {processor.py:186} INFO - Started process (PID=41913) to work on /home/nico/.local/lib/python3.10/site-packages/airflow/example_dags/example_external_task_marker_dag.py
[2024-10-28T20:08:09.714-0300] {processor.py:914} INFO - Processing file /home/nico/.local/lib/python3.10/site-packages/airflow/example_dags/example_external_task_marker_dag.py for tasks to queue
[2024-10-28T20:08:09.731-0300] {logging_mixin.py:190} INFO - [2024-10-28T20:08:09.730-0300] {dagbag.py:588} INFO - Filling up the DagBag from /home/nico/.local/lib/python3.10/site-packages/airflow/example_dags/example_external_task_marker_dag.py
[2024-10-28T20:08:09.789-0300] {processor.py:925} INFO - DAG(s) 'example_external_task_marker_parent', 'example_external_task_marker_child' retrieved from /home/nico/.local/lib/python3.10/site-packages/airflow/example_dags/example_external_task_marker_dag.py
[2024-10-28T20:08:09.992-0300] {logging_mixin.py:190} INFO - [2024-10-28T20:08:09.991-0300] {dag.py:3239} INFO - Sync 2 DAGs
[2024-10-28T20:08:10.095-0300] {logging_mixin.py:190} INFO - [2024-10-28T20:08:10.095-0300] {dag.py:4180} INFO - Setting next_dagrun for example_external_task_marker_child to None, run_after=None
[2024-10-28T20:08:10.120-0300] {logging_mixin.py:190} INFO - [2024-10-28T20:08:10.119-0300] {dag.py:4180} INFO - Setting next_dagrun for example_external_task_marker_parent to None, run_after=None
[2024-10-28T20:08:10.315-0300] {processor.py:208} INFO - Processing /home/nico/.local/lib/python3.10/site-packages/airflow/example_dags/example_external_task_marker_dag.py took 0.640 seconds
[2024-10-28T20:10:12.980-0300] {processor.py:186} INFO - Started process (PID=42444) to work on /home/nico/.local/lib/python3.10/site-packages/airflow/example_dags/example_external_task_marker_dag.py
[2024-10-28T20:10:13.107-0300] {processor.py:914} INFO - Processing file /home/nico/.local/lib/python3.10/site-packages/airflow/example_dags/example_external_task_marker_dag.py for tasks to queue
[2024-10-28T20:10:13.115-0300] {logging_mixin.py:190} INFO - [2024-10-28T20:10:13.114-0300] {dagbag.py:588} INFO - Filling up the DagBag from /home/nico/.local/lib/python3.10/site-packages/airflow/example_dags/example_external_task_marker_dag.py
[2024-10-28T20:10:13.182-0300] {processor.py:925} INFO - DAG(s) 'example_external_task_marker_parent', 'example_external_task_marker_child' retrieved from /home/nico/.local/lib/python3.10/site-packages/airflow/example_dags/example_external_task_marker_dag.py
[2024-10-28T20:10:13.338-0300] {logging_mixin.py:190} INFO - [2024-10-28T20:10:13.337-0300] {dag.py:3239} INFO - Sync 2 DAGs
[2024-10-28T20:10:13.391-0300] {logging_mixin.py:190} INFO - [2024-10-28T20:10:13.390-0300] {dag.py:4180} INFO - Setting next_dagrun for example_external_task_marker_child to None, run_after=None
[2024-10-28T20:10:13.403-0300] {logging_mixin.py:190} INFO - [2024-10-28T20:10:13.402-0300] {dag.py:4180} INFO - Setting next_dagrun for example_external_task_marker_parent to None, run_after=None
[2024-10-28T20:10:13.557-0300] {processor.py:208} INFO - Processing /home/nico/.local/lib/python3.10/site-packages/airflow/example_dags/example_external_task_marker_dag.py took 0.605 seconds
[2024-10-28T20:13:48.400-0300] {processor.py:186} INFO - Started process (PID=43359) to work on /home/nico/.local/lib/python3.10/site-packages/airflow/example_dags/example_external_task_marker_dag.py
[2024-10-28T20:13:48.404-0300] {processor.py:914} INFO - Processing file /home/nico/.local/lib/python3.10/site-packages/airflow/example_dags/example_external_task_marker_dag.py for tasks to queue
[2024-10-28T20:13:48.410-0300] {logging_mixin.py:190} INFO - [2024-10-28T20:13:48.410-0300] {dagbag.py:588} INFO - Filling up the DagBag from /home/nico/.local/lib/python3.10/site-packages/airflow/example_dags/example_external_task_marker_dag.py
[2024-10-28T20:13:48.433-0300] {processor.py:925} INFO - DAG(s) 'example_external_task_marker_child', 'example_external_task_marker_parent' retrieved from /home/nico/.local/lib/python3.10/site-packages/airflow/example_dags/example_external_task_marker_dag.py
[2024-10-28T20:13:48.558-0300] {logging_mixin.py:190} INFO - [2024-10-28T20:13:48.558-0300] {dag.py:3239} INFO - Sync 2 DAGs
[2024-10-28T20:13:48.703-0300] {logging_mixin.py:190} INFO - [2024-10-28T20:13:48.701-0300] {dag.py:4180} INFO - Setting next_dagrun for example_external_task_marker_child to None, run_after=None
[2024-10-28T20:13:48.746-0300] {logging_mixin.py:190} INFO - [2024-10-28T20:13:48.743-0300] {dag.py:4180} INFO - Setting next_dagrun for example_external_task_marker_parent to None, run_after=None
[2024-10-28T20:13:48.906-0300] {processor.py:208} INFO - Processing /home/nico/.local/lib/python3.10/site-packages/airflow/example_dags/example_external_task_marker_dag.py took 0.524 seconds
[2024-10-28T20:16:39.150-0300] {processor.py:186} INFO - Started process (PID=44109) to work on /home/nico/.local/lib/python3.10/site-packages/airflow/example_dags/example_external_task_marker_dag.py
[2024-10-28T20:16:39.153-0300] {processor.py:914} INFO - Processing file /home/nico/.local/lib/python3.10/site-packages/airflow/example_dags/example_external_task_marker_dag.py for tasks to queue
[2024-10-28T20:16:39.160-0300] {logging_mixin.py:190} INFO - [2024-10-28T20:16:39.158-0300] {dagbag.py:588} INFO - Filling up the DagBag from /home/nico/.local/lib/python3.10/site-packages/airflow/example_dags/example_external_task_marker_dag.py
[2024-10-28T20:16:39.179-0300] {processor.py:925} INFO - DAG(s) 'example_external_task_marker_parent', 'example_external_task_marker_child' retrieved from /home/nico/.local/lib/python3.10/site-packages/airflow/example_dags/example_external_task_marker_dag.py
[2024-10-28T20:16:39.257-0300] {logging_mixin.py:190} INFO - [2024-10-28T20:16:39.256-0300] {dag.py:3239} INFO - Sync 2 DAGs
[2024-10-28T20:16:39.306-0300] {logging_mixin.py:190} INFO - [2024-10-28T20:16:39.306-0300] {dag.py:4180} INFO - Setting next_dagrun for example_external_task_marker_child to None, run_after=None
[2024-10-28T20:16:39.317-0300] {logging_mixin.py:190} INFO - [2024-10-28T20:16:39.317-0300] {dag.py:4180} INFO - Setting next_dagrun for example_external_task_marker_parent to None, run_after=None
[2024-10-28T20:16:39.440-0300] {processor.py:208} INFO - Processing /home/nico/.local/lib/python3.10/site-packages/airflow/example_dags/example_external_task_marker_dag.py took 0.307 seconds
[2024-10-28T20:24:40.914-0300] {processor.py:186} INFO - Started process (PID=46266) to work on /home/nico/.local/lib/python3.10/site-packages/airflow/example_dags/example_external_task_marker_dag.py
[2024-10-28T20:24:40.917-0300] {processor.py:914} INFO - Processing file /home/nico/.local/lib/python3.10/site-packages/airflow/example_dags/example_external_task_marker_dag.py for tasks to queue
[2024-10-28T20:24:40.921-0300] {logging_mixin.py:190} INFO - [2024-10-28T20:24:40.920-0300] {dagbag.py:588} INFO - Filling up the DagBag from /home/nico/.local/lib/python3.10/site-packages/airflow/example_dags/example_external_task_marker_dag.py
[2024-10-28T20:24:40.943-0300] {processor.py:925} INFO - DAG(s) 'example_external_task_marker_child', 'example_external_task_marker_parent' retrieved from /home/nico/.local/lib/python3.10/site-packages/airflow/example_dags/example_external_task_marker_dag.py
[2024-10-28T20:24:41.020-0300] {logging_mixin.py:190} INFO - [2024-10-28T20:24:41.020-0300] {dag.py:3239} INFO - Sync 2 DAGs
[2024-10-28T20:24:41.063-0300] {logging_mixin.py:190} INFO - [2024-10-28T20:24:41.062-0300] {dag.py:4180} INFO - Setting next_dagrun for example_external_task_marker_child to None, run_after=None
[2024-10-28T20:24:41.076-0300] {logging_mixin.py:190} INFO - [2024-10-28T20:24:41.075-0300] {dag.py:4180} INFO - Setting next_dagrun for example_external_task_marker_parent to None, run_after=None
[2024-10-28T20:24:41.198-0300] {processor.py:208} INFO - Processing /home/nico/.local/lib/python3.10/site-packages/airflow/example_dags/example_external_task_marker_dag.py took 0.309 seconds
[2024-10-28T20:26:44.076-0300] {processor.py:186} INFO - Started process (PID=46816) to work on /home/nico/.local/lib/python3.10/site-packages/airflow/example_dags/example_external_task_marker_dag.py
[2024-10-28T20:26:44.079-0300] {processor.py:914} INFO - Processing file /home/nico/.local/lib/python3.10/site-packages/airflow/example_dags/example_external_task_marker_dag.py for tasks to queue
[2024-10-28T20:26:44.084-0300] {logging_mixin.py:190} INFO - [2024-10-28T20:26:44.083-0300] {dagbag.py:588} INFO - Filling up the DagBag from /home/nico/.local/lib/python3.10/site-packages/airflow/example_dags/example_external_task_marker_dag.py
[2024-10-28T20:26:44.101-0300] {processor.py:925} INFO - DAG(s) 'example_external_task_marker_child', 'example_external_task_marker_parent' retrieved from /home/nico/.local/lib/python3.10/site-packages/airflow/example_dags/example_external_task_marker_dag.py
[2024-10-28T20:26:44.167-0300] {logging_mixin.py:190} INFO - [2024-10-28T20:26:44.166-0300] {dag.py:3239} INFO - Sync 2 DAGs
[2024-10-28T20:26:44.261-0300] {logging_mixin.py:190} INFO - [2024-10-28T20:26:44.261-0300] {dag.py:4180} INFO - Setting next_dagrun for example_external_task_marker_child to None, run_after=None
[2024-10-28T20:26:44.273-0300] {logging_mixin.py:190} INFO - [2024-10-28T20:26:44.272-0300] {dag.py:4180} INFO - Setting next_dagrun for example_external_task_marker_parent to None, run_after=None
[2024-10-28T20:26:44.393-0300] {processor.py:208} INFO - Processing /home/nico/.local/lib/python3.10/site-packages/airflow/example_dags/example_external_task_marker_dag.py took 0.339 seconds
[2024-10-28T20:29:02.323-0300] {processor.py:186} INFO - Started process (PID=47435) to work on /home/nico/.local/lib/python3.10/site-packages/airflow/example_dags/example_external_task_marker_dag.py
[2024-10-28T20:29:02.325-0300] {processor.py:914} INFO - Processing file /home/nico/.local/lib/python3.10/site-packages/airflow/example_dags/example_external_task_marker_dag.py for tasks to queue
[2024-10-28T20:29:02.329-0300] {logging_mixin.py:190} INFO - [2024-10-28T20:29:02.328-0300] {dagbag.py:588} INFO - Filling up the DagBag from /home/nico/.local/lib/python3.10/site-packages/airflow/example_dags/example_external_task_marker_dag.py
[2024-10-28T20:29:02.342-0300] {processor.py:925} INFO - DAG(s) 'example_external_task_marker_parent', 'example_external_task_marker_child' retrieved from /home/nico/.local/lib/python3.10/site-packages/airflow/example_dags/example_external_task_marker_dag.py
[2024-10-28T20:29:02.417-0300] {logging_mixin.py:190} INFO - [2024-10-28T20:29:02.416-0300] {dag.py:3239} INFO - Sync 2 DAGs
[2024-10-28T20:29:02.458-0300] {logging_mixin.py:190} INFO - [2024-10-28T20:29:02.457-0300] {dag.py:4180} INFO - Setting next_dagrun for example_external_task_marker_child to None, run_after=None
[2024-10-28T20:29:02.467-0300] {logging_mixin.py:190} INFO - [2024-10-28T20:29:02.466-0300] {dag.py:4180} INFO - Setting next_dagrun for example_external_task_marker_parent to None, run_after=None
[2024-10-28T20:29:02.582-0300] {processor.py:208} INFO - Processing /home/nico/.local/lib/python3.10/site-packages/airflow/example_dags/example_external_task_marker_dag.py took 0.273 seconds
[2024-10-28T20:31:32.588-0300] {processor.py:186} INFO - Started process (PID=48097) to work on /home/nico/.local/lib/python3.10/site-packages/airflow/example_dags/example_external_task_marker_dag.py
[2024-10-28T20:31:32.591-0300] {processor.py:914} INFO - Processing file /home/nico/.local/lib/python3.10/site-packages/airflow/example_dags/example_external_task_marker_dag.py for tasks to queue
[2024-10-28T20:31:32.596-0300] {logging_mixin.py:190} INFO - [2024-10-28T20:31:32.595-0300] {dagbag.py:588} INFO - Filling up the DagBag from /home/nico/.local/lib/python3.10/site-packages/airflow/example_dags/example_external_task_marker_dag.py
[2024-10-28T20:31:32.619-0300] {processor.py:925} INFO - DAG(s) 'example_external_task_marker_parent', 'example_external_task_marker_child' retrieved from /home/nico/.local/lib/python3.10/site-packages/airflow/example_dags/example_external_task_marker_dag.py
[2024-10-28T20:31:32.723-0300] {logging_mixin.py:190} INFO - [2024-10-28T20:31:32.723-0300] {dag.py:3239} INFO - Sync 2 DAGs
[2024-10-28T20:31:32.787-0300] {logging_mixin.py:190} INFO - [2024-10-28T20:31:32.786-0300] {dag.py:4180} INFO - Setting next_dagrun for example_external_task_marker_child to None, run_after=None
[2024-10-28T20:31:32.802-0300] {logging_mixin.py:190} INFO - [2024-10-28T20:31:32.801-0300] {dag.py:4180} INFO - Setting next_dagrun for example_external_task_marker_parent to None, run_after=None
[2024-10-28T20:31:33.193-0300] {processor.py:208} INFO - Processing /home/nico/.local/lib/python3.10/site-packages/airflow/example_dags/example_external_task_marker_dag.py took 0.621 seconds
