[2024-10-28T12:19:27.820-0300] {processor.py:186} INFO - Started process (PID=2449) to work on /home/nico/.local/lib/python3.10/site-packages/airflow/example_dags/example_dataset_alias.py
[2024-10-28T12:19:27.823-0300] {processor.py:914} INFO - Processing file /home/nico/.local/lib/python3.10/site-packages/airflow/example_dags/example_dataset_alias.py for tasks to queue
[2024-10-28T12:19:27.828-0300] {logging_mixin.py:190} INFO - [2024-10-28T12:19:27.826-0300] {dagbag.py:588} INFO - Filling up the DagBag from /home/nico/.local/lib/python3.10/site-packages/airflow/example_dags/example_dataset_alias.py
[2024-10-28T12:19:27.895-0300] {processor.py:925} INFO - DAG(s) 'dataset_alias_example_alias_producer', 'dataset_alias_example_alias_consumer', 'dataset_s3_bucket_producer', 'dataset_s3_bucket_consumer' retrieved from /home/nico/.local/lib/python3.10/site-packages/airflow/example_dags/example_dataset_alias.py
[2024-10-28T12:19:28.012-0300] {logging_mixin.py:190} INFO - [2024-10-28T12:19:28.011-0300] {dag.py:3239} INFO - Sync 4 DAGs
[2024-10-28T12:19:28.062-0300] {logging_mixin.py:190} INFO - [2024-10-28T12:19:28.062-0300] {dag.py:4180} INFO - Setting next_dagrun for dataset_alias_example_alias_consumer to None, run_after=None
[2024-10-28T12:19:28.071-0300] {logging_mixin.py:190} INFO - [2024-10-28T12:19:28.070-0300] {dag.py:4180} INFO - Setting next_dagrun for dataset_alias_example_alias_producer to None, run_after=None
[2024-10-28T12:19:28.077-0300] {logging_mixin.py:190} INFO - [2024-10-28T12:19:28.076-0300] {dag.py:4180} INFO - Setting next_dagrun for dataset_s3_bucket_consumer to None, run_after=None
[2024-10-28T12:19:28.083-0300] {logging_mixin.py:190} INFO - [2024-10-28T12:19:28.083-0300] {dag.py:4180} INFO - Setting next_dagrun for dataset_s3_bucket_producer to None, run_after=None
[2024-10-28T12:19:28.225-0300] {processor.py:208} INFO - Processing /home/nico/.local/lib/python3.10/site-packages/airflow/example_dags/example_dataset_alias.py took 0.418 seconds
[2024-10-28T12:21:36.391-0300] {processor.py:186} INFO - Started process (PID=3024) to work on /home/nico/.local/lib/python3.10/site-packages/airflow/example_dags/example_dataset_alias.py
[2024-10-28T12:21:36.393-0300] {processor.py:914} INFO - Processing file /home/nico/.local/lib/python3.10/site-packages/airflow/example_dags/example_dataset_alias.py for tasks to queue
[2024-10-28T12:21:36.398-0300] {logging_mixin.py:190} INFO - [2024-10-28T12:21:36.397-0300] {dagbag.py:588} INFO - Filling up the DagBag from /home/nico/.local/lib/python3.10/site-packages/airflow/example_dags/example_dataset_alias.py
[2024-10-28T12:21:36.467-0300] {processor.py:925} INFO - DAG(s) 'dataset_s3_bucket_consumer', 'dataset_alias_example_alias_producer', 'dataset_s3_bucket_producer', 'dataset_alias_example_alias_consumer' retrieved from /home/nico/.local/lib/python3.10/site-packages/airflow/example_dags/example_dataset_alias.py
[2024-10-28T12:21:36.613-0300] {logging_mixin.py:190} INFO - [2024-10-28T12:21:36.613-0300] {dag.py:3239} INFO - Sync 4 DAGs
[2024-10-28T12:21:36.669-0300] {logging_mixin.py:190} INFO - [2024-10-28T12:21:36.668-0300] {dag.py:4180} INFO - Setting next_dagrun for dataset_alias_example_alias_consumer to None, run_after=None
[2024-10-28T12:21:36.678-0300] {logging_mixin.py:190} INFO - [2024-10-28T12:21:36.677-0300] {dag.py:4180} INFO - Setting next_dagrun for dataset_alias_example_alias_producer to None, run_after=None
[2024-10-28T12:21:36.686-0300] {logging_mixin.py:190} INFO - [2024-10-28T12:21:36.685-0300] {dag.py:4180} INFO - Setting next_dagrun for dataset_s3_bucket_consumer to None, run_after=None
[2024-10-28T12:21:36.695-0300] {logging_mixin.py:190} INFO - [2024-10-28T12:21:36.694-0300] {dag.py:4180} INFO - Setting next_dagrun for dataset_s3_bucket_producer to None, run_after=None
[2024-10-28T12:21:36.824-0300] {processor.py:208} INFO - Processing /home/nico/.local/lib/python3.10/site-packages/airflow/example_dags/example_dataset_alias.py took 0.447 seconds
[2024-10-28T12:23:35.798-0300] {processor.py:186} INFO - Started process (PID=3638) to work on /home/nico/.local/lib/python3.10/site-packages/airflow/example_dags/example_dataset_alias.py
[2024-10-28T12:23:35.801-0300] {processor.py:914} INFO - Processing file /home/nico/.local/lib/python3.10/site-packages/airflow/example_dags/example_dataset_alias.py for tasks to queue
[2024-10-28T12:23:35.803-0300] {logging_mixin.py:190} INFO - [2024-10-28T12:23:35.803-0300] {dagbag.py:588} INFO - Filling up the DagBag from /home/nico/.local/lib/python3.10/site-packages/airflow/example_dags/example_dataset_alias.py
[2024-10-28T12:23:35.869-0300] {processor.py:925} INFO - DAG(s) 'dataset_alias_example_alias_consumer', 'dataset_s3_bucket_consumer', 'dataset_s3_bucket_producer', 'dataset_alias_example_alias_producer' retrieved from /home/nico/.local/lib/python3.10/site-packages/airflow/example_dags/example_dataset_alias.py
[2024-10-28T12:23:35.979-0300] {logging_mixin.py:190} INFO - [2024-10-28T12:23:35.979-0300] {dag.py:3239} INFO - Sync 4 DAGs
[2024-10-28T12:23:36.030-0300] {logging_mixin.py:190} INFO - [2024-10-28T12:23:36.030-0300] {dag.py:4180} INFO - Setting next_dagrun for dataset_alias_example_alias_consumer to None, run_after=None
[2024-10-28T12:23:36.039-0300] {logging_mixin.py:190} INFO - [2024-10-28T12:23:36.038-0300] {dag.py:4180} INFO - Setting next_dagrun for dataset_alias_example_alias_producer to None, run_after=None
[2024-10-28T12:23:36.044-0300] {logging_mixin.py:190} INFO - [2024-10-28T12:23:36.044-0300] {dag.py:4180} INFO - Setting next_dagrun for dataset_s3_bucket_consumer to None, run_after=None
[2024-10-28T12:23:36.051-0300] {logging_mixin.py:190} INFO - [2024-10-28T12:23:36.049-0300] {dag.py:4180} INFO - Setting next_dagrun for dataset_s3_bucket_producer to None, run_after=None
[2024-10-28T12:23:36.176-0300] {processor.py:208} INFO - Processing /home/nico/.local/lib/python3.10/site-packages/airflow/example_dags/example_dataset_alias.py took 0.390 seconds
[2024-10-28T12:25:54.520-0300] {processor.py:186} INFO - Started process (PID=4248) to work on /home/nico/.local/lib/python3.10/site-packages/airflow/example_dags/example_dataset_alias.py
[2024-10-28T12:25:54.523-0300] {processor.py:914} INFO - Processing file /home/nico/.local/lib/python3.10/site-packages/airflow/example_dags/example_dataset_alias.py for tasks to queue
[2024-10-28T12:25:54.527-0300] {logging_mixin.py:190} INFO - [2024-10-28T12:25:54.526-0300] {dagbag.py:588} INFO - Filling up the DagBag from /home/nico/.local/lib/python3.10/site-packages/airflow/example_dags/example_dataset_alias.py
[2024-10-28T12:25:54.612-0300] {processor.py:925} INFO - DAG(s) 'dataset_s3_bucket_consumer', 'dataset_alias_example_alias_consumer', 'dataset_s3_bucket_producer', 'dataset_alias_example_alias_producer' retrieved from /home/nico/.local/lib/python3.10/site-packages/airflow/example_dags/example_dataset_alias.py
[2024-10-28T12:25:54.747-0300] {logging_mixin.py:190} INFO - [2024-10-28T12:25:54.747-0300] {dag.py:3239} INFO - Sync 4 DAGs
[2024-10-28T12:25:54.802-0300] {logging_mixin.py:190} INFO - [2024-10-28T12:25:54.801-0300] {dag.py:4180} INFO - Setting next_dagrun for dataset_alias_example_alias_consumer to None, run_after=None
[2024-10-28T12:25:54.810-0300] {logging_mixin.py:190} INFO - [2024-10-28T12:25:54.810-0300] {dag.py:4180} INFO - Setting next_dagrun for dataset_alias_example_alias_producer to None, run_after=None
[2024-10-28T12:25:54.816-0300] {logging_mixin.py:190} INFO - [2024-10-28T12:25:54.816-0300] {dag.py:4180} INFO - Setting next_dagrun for dataset_s3_bucket_consumer to None, run_after=None
[2024-10-28T12:25:54.823-0300] {logging_mixin.py:190} INFO - [2024-10-28T12:25:54.822-0300] {dag.py:4180} INFO - Setting next_dagrun for dataset_s3_bucket_producer to None, run_after=None
[2024-10-28T12:25:54.959-0300] {processor.py:208} INFO - Processing /home/nico/.local/lib/python3.10/site-packages/airflow/example_dags/example_dataset_alias.py took 0.456 seconds
[2024-10-28T12:28:09.806-0300] {processor.py:186} INFO - Started process (PID=4848) to work on /home/nico/.local/lib/python3.10/site-packages/airflow/example_dags/example_dataset_alias.py
[2024-10-28T12:28:09.809-0300] {processor.py:914} INFO - Processing file /home/nico/.local/lib/python3.10/site-packages/airflow/example_dags/example_dataset_alias.py for tasks to queue
[2024-10-28T12:28:09.813-0300] {logging_mixin.py:190} INFO - [2024-10-28T12:28:09.812-0300] {dagbag.py:588} INFO - Filling up the DagBag from /home/nico/.local/lib/python3.10/site-packages/airflow/example_dags/example_dataset_alias.py
[2024-10-28T12:28:09.884-0300] {processor.py:925} INFO - DAG(s) 'dataset_s3_bucket_producer', 'dataset_s3_bucket_consumer', 'dataset_alias_example_alias_consumer', 'dataset_alias_example_alias_producer' retrieved from /home/nico/.local/lib/python3.10/site-packages/airflow/example_dags/example_dataset_alias.py
[2024-10-28T12:28:09.997-0300] {logging_mixin.py:190} INFO - [2024-10-28T12:28:09.997-0300] {dag.py:3239} INFO - Sync 4 DAGs
[2024-10-28T12:28:10.061-0300] {logging_mixin.py:190} INFO - [2024-10-28T12:28:10.060-0300] {dag.py:4180} INFO - Setting next_dagrun for dataset_alias_example_alias_consumer to None, run_after=None
[2024-10-28T12:28:10.069-0300] {logging_mixin.py:190} INFO - [2024-10-28T12:28:10.069-0300] {dag.py:4180} INFO - Setting next_dagrun for dataset_alias_example_alias_producer to None, run_after=None
[2024-10-28T12:28:10.077-0300] {logging_mixin.py:190} INFO - [2024-10-28T12:28:10.076-0300] {dag.py:4180} INFO - Setting next_dagrun for dataset_s3_bucket_consumer to None, run_after=None
[2024-10-28T12:28:10.085-0300] {logging_mixin.py:190} INFO - [2024-10-28T12:28:10.084-0300] {dag.py:4180} INFO - Setting next_dagrun for dataset_s3_bucket_producer to None, run_after=None
[2024-10-28T12:28:10.268-0300] {processor.py:208} INFO - Processing /home/nico/.local/lib/python3.10/site-packages/airflow/example_dags/example_dataset_alias.py took 0.480 seconds
[2024-10-28T12:30:19.597-0300] {processor.py:186} INFO - Started process (PID=5428) to work on /home/nico/.local/lib/python3.10/site-packages/airflow/example_dags/example_dataset_alias.py
[2024-10-28T12:30:19.600-0300] {processor.py:914} INFO - Processing file /home/nico/.local/lib/python3.10/site-packages/airflow/example_dags/example_dataset_alias.py for tasks to queue
[2024-10-28T12:30:19.603-0300] {logging_mixin.py:190} INFO - [2024-10-28T12:30:19.602-0300] {dagbag.py:588} INFO - Filling up the DagBag from /home/nico/.local/lib/python3.10/site-packages/airflow/example_dags/example_dataset_alias.py
[2024-10-28T12:30:19.664-0300] {processor.py:925} INFO - DAG(s) 'dataset_s3_bucket_consumer', 'dataset_alias_example_alias_consumer', 'dataset_alias_example_alias_producer', 'dataset_s3_bucket_producer' retrieved from /home/nico/.local/lib/python3.10/site-packages/airflow/example_dags/example_dataset_alias.py
[2024-10-28T12:30:19.776-0300] {logging_mixin.py:190} INFO - [2024-10-28T12:30:19.776-0300] {dag.py:3239} INFO - Sync 4 DAGs
[2024-10-28T12:30:19.828-0300] {logging_mixin.py:190} INFO - [2024-10-28T12:30:19.828-0300] {dag.py:4180} INFO - Setting next_dagrun for dataset_alias_example_alias_consumer to None, run_after=None
[2024-10-28T12:30:19.841-0300] {logging_mixin.py:190} INFO - [2024-10-28T12:30:19.841-0300] {dag.py:4180} INFO - Setting next_dagrun for dataset_alias_example_alias_producer to None, run_after=None
[2024-10-28T12:30:19.847-0300] {logging_mixin.py:190} INFO - [2024-10-28T12:30:19.846-0300] {dag.py:4180} INFO - Setting next_dagrun for dataset_s3_bucket_consumer to None, run_after=None
[2024-10-28T12:30:19.853-0300] {logging_mixin.py:190} INFO - [2024-10-28T12:30:19.852-0300] {dag.py:4180} INFO - Setting next_dagrun for dataset_s3_bucket_producer to None, run_after=None
[2024-10-28T12:30:20.017-0300] {processor.py:208} INFO - Processing /home/nico/.local/lib/python3.10/site-packages/airflow/example_dags/example_dataset_alias.py took 0.434 seconds
[2024-10-28T12:33:00.612-0300] {processor.py:186} INFO - Started process (PID=6138) to work on /home/nico/.local/lib/python3.10/site-packages/airflow/example_dags/example_dataset_alias.py
[2024-10-28T12:33:00.615-0300] {processor.py:914} INFO - Processing file /home/nico/.local/lib/python3.10/site-packages/airflow/example_dags/example_dataset_alias.py for tasks to queue
[2024-10-28T12:33:00.620-0300] {logging_mixin.py:190} INFO - [2024-10-28T12:33:00.618-0300] {dagbag.py:588} INFO - Filling up the DagBag from /home/nico/.local/lib/python3.10/site-packages/airflow/example_dags/example_dataset_alias.py
[2024-10-28T12:33:00.689-0300] {processor.py:925} INFO - DAG(s) 'dataset_alias_example_alias_consumer', 'dataset_s3_bucket_producer', 'dataset_alias_example_alias_producer', 'dataset_s3_bucket_consumer' retrieved from /home/nico/.local/lib/python3.10/site-packages/airflow/example_dags/example_dataset_alias.py
[2024-10-28T12:33:00.805-0300] {logging_mixin.py:190} INFO - [2024-10-28T12:33:00.805-0300] {dag.py:3239} INFO - Sync 4 DAGs
[2024-10-28T12:33:00.859-0300] {logging_mixin.py:190} INFO - [2024-10-28T12:33:00.859-0300] {dag.py:4180} INFO - Setting next_dagrun for dataset_alias_example_alias_consumer to None, run_after=None
[2024-10-28T12:33:00.870-0300] {logging_mixin.py:190} INFO - [2024-10-28T12:33:00.869-0300] {dag.py:4180} INFO - Setting next_dagrun for dataset_alias_example_alias_producer to None, run_after=None
[2024-10-28T12:33:00.877-0300] {logging_mixin.py:190} INFO - [2024-10-28T12:33:00.876-0300] {dag.py:4180} INFO - Setting next_dagrun for dataset_s3_bucket_consumer to None, run_after=None
[2024-10-28T12:33:00.884-0300] {logging_mixin.py:190} INFO - [2024-10-28T12:33:00.883-0300] {dag.py:4180} INFO - Setting next_dagrun for dataset_s3_bucket_producer to None, run_after=None
[2024-10-28T12:33:01.055-0300] {processor.py:208} INFO - Processing /home/nico/.local/lib/python3.10/site-packages/airflow/example_dags/example_dataset_alias.py took 0.456 seconds
[2024-10-28T12:35:36.576-0300] {processor.py:186} INFO - Started process (PID=6825) to work on /home/nico/.local/lib/python3.10/site-packages/airflow/example_dags/example_dataset_alias.py
[2024-10-28T12:35:36.589-0300] {processor.py:914} INFO - Processing file /home/nico/.local/lib/python3.10/site-packages/airflow/example_dags/example_dataset_alias.py for tasks to queue
[2024-10-28T12:35:36.595-0300] {logging_mixin.py:190} INFO - [2024-10-28T12:35:36.594-0300] {dagbag.py:588} INFO - Filling up the DagBag from /home/nico/.local/lib/python3.10/site-packages/airflow/example_dags/example_dataset_alias.py
[2024-10-28T12:35:36.794-0300] {processor.py:925} INFO - DAG(s) 'dataset_s3_bucket_consumer', 'dataset_alias_example_alias_producer', 'dataset_alias_example_alias_consumer', 'dataset_s3_bucket_producer' retrieved from /home/nico/.local/lib/python3.10/site-packages/airflow/example_dags/example_dataset_alias.py
[2024-10-28T12:35:37.428-0300] {logging_mixin.py:190} INFO - [2024-10-28T12:35:37.427-0300] {dag.py:3239} INFO - Sync 4 DAGs
[2024-10-28T12:35:37.698-0300] {logging_mixin.py:190} INFO - [2024-10-28T12:35:37.697-0300] {dag.py:4180} INFO - Setting next_dagrun for dataset_alias_example_alias_consumer to None, run_after=None
[2024-10-28T12:35:37.724-0300] {logging_mixin.py:190} INFO - [2024-10-28T12:35:37.716-0300] {dag.py:4180} INFO - Setting next_dagrun for dataset_alias_example_alias_producer to None, run_after=None
[2024-10-28T12:35:37.739-0300] {logging_mixin.py:190} INFO - [2024-10-28T12:35:37.738-0300] {dag.py:4180} INFO - Setting next_dagrun for dataset_s3_bucket_consumer to None, run_after=None
[2024-10-28T12:35:37.758-0300] {logging_mixin.py:190} INFO - [2024-10-28T12:35:37.758-0300] {dag.py:4180} INFO - Setting next_dagrun for dataset_s3_bucket_producer to None, run_after=None
[2024-10-28T12:35:38.055-0300] {processor.py:208} INFO - Processing /home/nico/.local/lib/python3.10/site-packages/airflow/example_dags/example_dataset_alias.py took 1.518 seconds
[2024-10-28T12:38:45.864-0300] {processor.py:186} INFO - Started process (PID=7636) to work on /home/nico/.local/lib/python3.10/site-packages/airflow/example_dags/example_dataset_alias.py
[2024-10-28T12:38:45.866-0300] {processor.py:914} INFO - Processing file /home/nico/.local/lib/python3.10/site-packages/airflow/example_dags/example_dataset_alias.py for tasks to queue
[2024-10-28T12:38:45.871-0300] {logging_mixin.py:190} INFO - [2024-10-28T12:38:45.870-0300] {dagbag.py:588} INFO - Filling up the DagBag from /home/nico/.local/lib/python3.10/site-packages/airflow/example_dags/example_dataset_alias.py
[2024-10-28T12:38:45.945-0300] {processor.py:925} INFO - DAG(s) 'dataset_alias_example_alias_consumer', 'dataset_alias_example_alias_producer', 'dataset_s3_bucket_consumer', 'dataset_s3_bucket_producer' retrieved from /home/nico/.local/lib/python3.10/site-packages/airflow/example_dags/example_dataset_alias.py
[2024-10-28T12:38:46.059-0300] {logging_mixin.py:190} INFO - [2024-10-28T12:38:46.059-0300] {dag.py:3239} INFO - Sync 4 DAGs
[2024-10-28T12:38:46.122-0300] {logging_mixin.py:190} INFO - [2024-10-28T12:38:46.121-0300] {dag.py:4180} INFO - Setting next_dagrun for dataset_alias_example_alias_consumer to None, run_after=None
[2024-10-28T12:38:46.130-0300] {logging_mixin.py:190} INFO - [2024-10-28T12:38:46.130-0300] {dag.py:4180} INFO - Setting next_dagrun for dataset_alias_example_alias_producer to None, run_after=None
[2024-10-28T12:38:46.138-0300] {logging_mixin.py:190} INFO - [2024-10-28T12:38:46.138-0300] {dag.py:4180} INFO - Setting next_dagrun for dataset_s3_bucket_consumer to None, run_after=None
[2024-10-28T12:38:46.146-0300] {logging_mixin.py:190} INFO - [2024-10-28T12:38:46.145-0300] {dag.py:4180} INFO - Setting next_dagrun for dataset_s3_bucket_producer to None, run_after=None
[2024-10-28T12:38:46.290-0300] {processor.py:208} INFO - Processing /home/nico/.local/lib/python3.10/site-packages/airflow/example_dags/example_dataset_alias.py took 0.438 seconds
[2024-10-28T12:41:46.085-0300] {processor.py:186} INFO - Started process (PID=8419) to work on /home/nico/.local/lib/python3.10/site-packages/airflow/example_dags/example_dataset_alias.py
[2024-10-28T12:41:46.088-0300] {processor.py:914} INFO - Processing file /home/nico/.local/lib/python3.10/site-packages/airflow/example_dags/example_dataset_alias.py for tasks to queue
[2024-10-28T12:41:46.091-0300] {logging_mixin.py:190} INFO - [2024-10-28T12:41:46.091-0300] {dagbag.py:588} INFO - Filling up the DagBag from /home/nico/.local/lib/python3.10/site-packages/airflow/example_dags/example_dataset_alias.py
[2024-10-28T12:41:46.197-0300] {processor.py:925} INFO - DAG(s) 'dataset_alias_example_alias_consumer', 'dataset_s3_bucket_producer', 'dataset_alias_example_alias_producer', 'dataset_s3_bucket_consumer' retrieved from /home/nico/.local/lib/python3.10/site-packages/airflow/example_dags/example_dataset_alias.py
[2024-10-28T12:41:46.327-0300] {logging_mixin.py:190} INFO - [2024-10-28T12:41:46.326-0300] {dag.py:3239} INFO - Sync 4 DAGs
[2024-10-28T12:41:46.399-0300] {logging_mixin.py:190} INFO - [2024-10-28T12:41:46.399-0300] {dag.py:4180} INFO - Setting next_dagrun for dataset_alias_example_alias_consumer to None, run_after=None
[2024-10-28T12:41:46.425-0300] {logging_mixin.py:190} INFO - [2024-10-28T12:41:46.424-0300] {dag.py:4180} INFO - Setting next_dagrun for dataset_alias_example_alias_producer to None, run_after=None
[2024-10-28T12:41:46.438-0300] {logging_mixin.py:190} INFO - [2024-10-28T12:41:46.438-0300] {dag.py:4180} INFO - Setting next_dagrun for dataset_s3_bucket_consumer to None, run_after=None
[2024-10-28T12:41:46.452-0300] {logging_mixin.py:190} INFO - [2024-10-28T12:41:46.451-0300] {dag.py:4180} INFO - Setting next_dagrun for dataset_s3_bucket_producer to None, run_after=None
[2024-10-28T12:41:46.934-0300] {processor.py:208} INFO - Processing /home/nico/.local/lib/python3.10/site-packages/airflow/example_dags/example_dataset_alias.py took 0.865 seconds
