[2024-10-27T22:17:22.347-0300] {processor.py:186} INFO - Started process (PID=1079) to work on /home/nico/.local/lib/python3.10/site-packages/airflow/example_dags/example_short_circuit_decorator.py
[2024-10-27T22:17:22.376-0300] {processor.py:914} INFO - Processing file /home/nico/.local/lib/python3.10/site-packages/airflow/example_dags/example_short_circuit_decorator.py for tasks to queue
[2024-10-27T22:17:22.400-0300] {logging_mixin.py:190} INFO - [2024-10-27T22:17:22.399-0300] {dagbag.py:588} INFO - Filling up the DagBag from /home/nico/.local/lib/python3.10/site-packages/airflow/example_dags/example_short_circuit_decorator.py
[2024-10-27T22:17:22.495-0300] {processor.py:925} INFO - DAG(s) 'example_short_circuit_decorator' retrieved from /home/nico/.local/lib/python3.10/site-packages/airflow/example_dags/example_short_circuit_decorator.py
[2024-10-27T22:17:22.657-0300] {logging_mixin.py:190} INFO - [2024-10-27T22:17:22.656-0300] {dag.py:3239} INFO - Sync 1 DAGs
[2024-10-27T22:17:22.692-0300] {logging_mixin.py:190} INFO - [2024-10-27T22:17:22.692-0300] {dag.py:4180} INFO - Setting next_dagrun for example_short_circuit_decorator to None, run_after=None
[2024-10-27T22:17:23.032-0300] {processor.py:208} INFO - Processing /home/nico/.local/lib/python3.10/site-packages/airflow/example_dags/example_short_circuit_decorator.py took 0.731 seconds
[2024-10-28T12:18:30.743-0300] {processor.py:186} INFO - Started process (PID=2194) to work on /home/nico/.local/lib/python3.10/site-packages/airflow/example_dags/example_short_circuit_decorator.py
[2024-10-28T12:18:30.746-0300] {processor.py:914} INFO - Processing file /home/nico/.local/lib/python3.10/site-packages/airflow/example_dags/example_short_circuit_decorator.py for tasks to queue
[2024-10-28T12:18:30.750-0300] {logging_mixin.py:190} INFO - [2024-10-28T12:18:30.749-0300] {dagbag.py:588} INFO - Filling up the DagBag from /home/nico/.local/lib/python3.10/site-packages/airflow/example_dags/example_short_circuit_decorator.py
[2024-10-28T12:18:30.780-0300] {processor.py:925} INFO - DAG(s) 'example_short_circuit_decorator' retrieved from /home/nico/.local/lib/python3.10/site-packages/airflow/example_dags/example_short_circuit_decorator.py
[2024-10-28T12:18:30.861-0300] {logging_mixin.py:190} INFO - [2024-10-28T12:18:30.860-0300] {dag.py:3239} INFO - Sync 1 DAGs
[2024-10-28T12:18:30.906-0300] {logging_mixin.py:190} INFO - [2024-10-28T12:18:30.905-0300] {dag.py:4180} INFO - Setting next_dagrun for example_short_circuit_decorator to None, run_after=None
[2024-10-28T12:18:31.058-0300] {processor.py:208} INFO - Processing /home/nico/.local/lib/python3.10/site-packages/airflow/example_dags/example_short_circuit_decorator.py took 0.341 seconds
[2024-10-28T12:20:06.477-0300] {processor.py:186} INFO - Started process (PID=2620) to work on /home/nico/.local/lib/python3.10/site-packages/airflow/example_dags/example_short_circuit_decorator.py
[2024-10-28T12:20:06.480-0300] {processor.py:914} INFO - Processing file /home/nico/.local/lib/python3.10/site-packages/airflow/example_dags/example_short_circuit_decorator.py for tasks to queue
[2024-10-28T12:20:06.485-0300] {logging_mixin.py:190} INFO - [2024-10-28T12:20:06.484-0300] {dagbag.py:588} INFO - Filling up the DagBag from /home/nico/.local/lib/python3.10/site-packages/airflow/example_dags/example_short_circuit_decorator.py
[2024-10-28T12:20:06.508-0300] {processor.py:925} INFO - DAG(s) 'example_short_circuit_decorator' retrieved from /home/nico/.local/lib/python3.10/site-packages/airflow/example_dags/example_short_circuit_decorator.py
[2024-10-28T12:20:06.577-0300] {logging_mixin.py:190} INFO - [2024-10-28T12:20:06.576-0300] {dag.py:3239} INFO - Sync 1 DAGs
[2024-10-28T12:20:06.618-0300] {logging_mixin.py:190} INFO - [2024-10-28T12:20:06.617-0300] {dag.py:4180} INFO - Setting next_dagrun for example_short_circuit_decorator to None, run_after=None
[2024-10-28T12:20:06.754-0300] {processor.py:208} INFO - Processing /home/nico/.local/lib/python3.10/site-packages/airflow/example_dags/example_short_circuit_decorator.py took 0.295 seconds
[2024-10-28T12:21:10.731-0300] {processor.py:186} INFO - Started process (PID=2909) to work on /home/nico/.local/lib/python3.10/site-packages/airflow/example_dags/example_short_circuit_decorator.py
[2024-10-28T12:21:10.735-0300] {processor.py:914} INFO - Processing file /home/nico/.local/lib/python3.10/site-packages/airflow/example_dags/example_short_circuit_decorator.py for tasks to queue
[2024-10-28T12:21:10.745-0300] {logging_mixin.py:190} INFO - [2024-10-28T12:21:10.744-0300] {dagbag.py:588} INFO - Filling up the DagBag from /home/nico/.local/lib/python3.10/site-packages/airflow/example_dags/example_short_circuit_decorator.py
[2024-10-28T12:21:10.779-0300] {processor.py:925} INFO - DAG(s) 'example_short_circuit_decorator' retrieved from /home/nico/.local/lib/python3.10/site-packages/airflow/example_dags/example_short_circuit_decorator.py
[2024-10-28T12:21:10.836-0300] {logging_mixin.py:190} INFO - [2024-10-28T12:21:10.836-0300] {dag.py:3239} INFO - Sync 1 DAGs
[2024-10-28T12:21:10.866-0300] {logging_mixin.py:190} INFO - [2024-10-28T12:21:10.866-0300] {dag.py:4180} INFO - Setting next_dagrun for example_short_circuit_decorator to None, run_after=None
[2024-10-28T12:21:10.993-0300] {processor.py:208} INFO - Processing /home/nico/.local/lib/python3.10/site-packages/airflow/example_dags/example_short_circuit_decorator.py took 0.288 seconds
[2024-10-28T12:22:11.150-0300] {processor.py:186} INFO - Started process (PID=3180) to work on /home/nico/.local/lib/python3.10/site-packages/airflow/example_dags/example_short_circuit_decorator.py
[2024-10-28T12:22:11.153-0300] {processor.py:914} INFO - Processing file /home/nico/.local/lib/python3.10/site-packages/airflow/example_dags/example_short_circuit_decorator.py for tasks to queue
[2024-10-28T12:22:11.156-0300] {logging_mixin.py:190} INFO - [2024-10-28T12:22:11.156-0300] {dagbag.py:588} INFO - Filling up the DagBag from /home/nico/.local/lib/python3.10/site-packages/airflow/example_dags/example_short_circuit_decorator.py
[2024-10-28T12:22:11.174-0300] {processor.py:925} INFO - DAG(s) 'example_short_circuit_decorator' retrieved from /home/nico/.local/lib/python3.10/site-packages/airflow/example_dags/example_short_circuit_decorator.py
[2024-10-28T12:22:11.243-0300] {logging_mixin.py:190} INFO - [2024-10-28T12:22:11.242-0300] {dag.py:3239} INFO - Sync 1 DAGs
[2024-10-28T12:22:11.281-0300] {logging_mixin.py:190} INFO - [2024-10-28T12:22:11.280-0300] {dag.py:4180} INFO - Setting next_dagrun for example_short_circuit_decorator to None, run_after=None
[2024-10-28T12:22:11.414-0300] {processor.py:208} INFO - Processing /home/nico/.local/lib/python3.10/site-packages/airflow/example_dags/example_short_circuit_decorator.py took 0.280 seconds
[2024-10-28T12:23:13.576-0300] {processor.py:186} INFO - Started process (PID=3538) to work on /home/nico/.local/lib/python3.10/site-packages/airflow/example_dags/example_short_circuit_decorator.py
[2024-10-28T12:23:13.578-0300] {processor.py:914} INFO - Processing file /home/nico/.local/lib/python3.10/site-packages/airflow/example_dags/example_short_circuit_decorator.py for tasks to queue
[2024-10-28T12:23:13.581-0300] {logging_mixin.py:190} INFO - [2024-10-28T12:23:13.580-0300] {dagbag.py:588} INFO - Filling up the DagBag from /home/nico/.local/lib/python3.10/site-packages/airflow/example_dags/example_short_circuit_decorator.py
[2024-10-28T12:23:13.600-0300] {processor.py:925} INFO - DAG(s) 'example_short_circuit_decorator' retrieved from /home/nico/.local/lib/python3.10/site-packages/airflow/example_dags/example_short_circuit_decorator.py
[2024-10-28T12:23:13.672-0300] {logging_mixin.py:190} INFO - [2024-10-28T12:23:13.672-0300] {dag.py:3239} INFO - Sync 1 DAGs
[2024-10-28T12:23:13.706-0300] {logging_mixin.py:190} INFO - [2024-10-28T12:23:13.706-0300] {dag.py:4180} INFO - Setting next_dagrun for example_short_circuit_decorator to None, run_after=None
[2024-10-28T12:23:13.826-0300] {processor.py:208} INFO - Processing /home/nico/.local/lib/python3.10/site-packages/airflow/example_dags/example_short_circuit_decorator.py took 0.263 seconds
[2024-10-28T12:24:09.771-0300] {processor.py:186} INFO - Started process (PID=3793) to work on /home/nico/.local/lib/python3.10/site-packages/airflow/example_dags/example_short_circuit_decorator.py
[2024-10-28T12:24:09.773-0300] {processor.py:914} INFO - Processing file /home/nico/.local/lib/python3.10/site-packages/airflow/example_dags/example_short_circuit_decorator.py for tasks to queue
[2024-10-28T12:24:09.776-0300] {logging_mixin.py:190} INFO - [2024-10-28T12:24:09.775-0300] {dagbag.py:588} INFO - Filling up the DagBag from /home/nico/.local/lib/python3.10/site-packages/airflow/example_dags/example_short_circuit_decorator.py
[2024-10-28T12:24:09.794-0300] {processor.py:925} INFO - DAG(s) 'example_short_circuit_decorator' retrieved from /home/nico/.local/lib/python3.10/site-packages/airflow/example_dags/example_short_circuit_decorator.py
[2024-10-28T12:24:09.868-0300] {logging_mixin.py:190} INFO - [2024-10-28T12:24:09.867-0300] {dag.py:3239} INFO - Sync 1 DAGs
[2024-10-28T12:24:09.905-0300] {logging_mixin.py:190} INFO - [2024-10-28T12:24:09.905-0300] {dag.py:4180} INFO - Setting next_dagrun for example_short_circuit_decorator to None, run_after=None
[2024-10-28T12:24:10.029-0300] {processor.py:208} INFO - Processing /home/nico/.local/lib/python3.10/site-packages/airflow/example_dags/example_short_circuit_decorator.py took 0.270 seconds
[2024-10-28T12:25:09.794-0300] {processor.py:186} INFO - Started process (PID=4062) to work on /home/nico/.local/lib/python3.10/site-packages/airflow/example_dags/example_short_circuit_decorator.py
[2024-10-28T12:25:09.796-0300] {processor.py:914} INFO - Processing file /home/nico/.local/lib/python3.10/site-packages/airflow/example_dags/example_short_circuit_decorator.py for tasks to queue
[2024-10-28T12:25:09.800-0300] {logging_mixin.py:190} INFO - [2024-10-28T12:25:09.799-0300] {dagbag.py:588} INFO - Filling up the DagBag from /home/nico/.local/lib/python3.10/site-packages/airflow/example_dags/example_short_circuit_decorator.py
[2024-10-28T12:25:09.834-0300] {processor.py:925} INFO - DAG(s) 'example_short_circuit_decorator' retrieved from /home/nico/.local/lib/python3.10/site-packages/airflow/example_dags/example_short_circuit_decorator.py
[2024-10-28T12:25:09.908-0300] {logging_mixin.py:190} INFO - [2024-10-28T12:25:09.907-0300] {dag.py:3239} INFO - Sync 1 DAGs
[2024-10-28T12:25:09.945-0300] {logging_mixin.py:190} INFO - [2024-10-28T12:25:09.944-0300] {dag.py:4180} INFO - Setting next_dagrun for example_short_circuit_decorator to None, run_after=None
[2024-10-28T12:25:10.093-0300] {processor.py:208} INFO - Processing /home/nico/.local/lib/python3.10/site-packages/airflow/example_dags/example_short_circuit_decorator.py took 0.314 seconds
[2024-10-28T12:26:32.454-0300] {processor.py:186} INFO - Started process (PID=4418) to work on /home/nico/.local/lib/python3.10/site-packages/airflow/example_dags/example_short_circuit_decorator.py
[2024-10-28T12:26:32.456-0300] {processor.py:914} INFO - Processing file /home/nico/.local/lib/python3.10/site-packages/airflow/example_dags/example_short_circuit_decorator.py for tasks to queue
[2024-10-28T12:26:32.459-0300] {logging_mixin.py:190} INFO - [2024-10-28T12:26:32.459-0300] {dagbag.py:588} INFO - Filling up the DagBag from /home/nico/.local/lib/python3.10/site-packages/airflow/example_dags/example_short_circuit_decorator.py
[2024-10-28T12:26:32.477-0300] {processor.py:925} INFO - DAG(s) 'example_short_circuit_decorator' retrieved from /home/nico/.local/lib/python3.10/site-packages/airflow/example_dags/example_short_circuit_decorator.py
[2024-10-28T12:26:32.549-0300] {logging_mixin.py:190} INFO - [2024-10-28T12:26:32.548-0300] {dag.py:3239} INFO - Sync 1 DAGs
[2024-10-28T12:26:32.581-0300] {logging_mixin.py:190} INFO - [2024-10-28T12:26:32.581-0300] {dag.py:4180} INFO - Setting next_dagrun for example_short_circuit_decorator to None, run_after=None
[2024-10-28T12:26:32.726-0300] {processor.py:208} INFO - Processing /home/nico/.local/lib/python3.10/site-packages/airflow/example_dags/example_short_circuit_decorator.py took 0.285 seconds
[2024-10-28T12:27:41.674-0300] {processor.py:186} INFO - Started process (PID=4725) to work on /home/nico/.local/lib/python3.10/site-packages/airflow/example_dags/example_short_circuit_decorator.py
[2024-10-28T12:27:41.676-0300] {processor.py:914} INFO - Processing file /home/nico/.local/lib/python3.10/site-packages/airflow/example_dags/example_short_circuit_decorator.py for tasks to queue
[2024-10-28T12:27:41.686-0300] {logging_mixin.py:190} INFO - [2024-10-28T12:27:41.685-0300] {dagbag.py:588} INFO - Filling up the DagBag from /home/nico/.local/lib/python3.10/site-packages/airflow/example_dags/example_short_circuit_decorator.py
[2024-10-28T12:27:41.723-0300] {processor.py:925} INFO - DAG(s) 'example_short_circuit_decorator' retrieved from /home/nico/.local/lib/python3.10/site-packages/airflow/example_dags/example_short_circuit_decorator.py
[2024-10-28T12:27:41.816-0300] {logging_mixin.py:190} INFO - [2024-10-28T12:27:41.816-0300] {dag.py:3239} INFO - Sync 1 DAGs
[2024-10-28T12:27:41.865-0300] {logging_mixin.py:190} INFO - [2024-10-28T12:27:41.865-0300] {dag.py:4180} INFO - Setting next_dagrun for example_short_circuit_decorator to None, run_after=None
[2024-10-28T12:27:42.039-0300] {processor.py:208} INFO - Processing /home/nico/.local/lib/python3.10/site-packages/airflow/example_dags/example_short_circuit_decorator.py took 0.387 seconds
[2024-10-28T12:28:45.630-0300] {processor.py:186} INFO - Started process (PID=5010) to work on /home/nico/.local/lib/python3.10/site-packages/airflow/example_dags/example_short_circuit_decorator.py
[2024-10-28T12:28:45.633-0300] {processor.py:914} INFO - Processing file /home/nico/.local/lib/python3.10/site-packages/airflow/example_dags/example_short_circuit_decorator.py for tasks to queue
[2024-10-28T12:28:45.637-0300] {logging_mixin.py:190} INFO - [2024-10-28T12:28:45.636-0300] {dagbag.py:588} INFO - Filling up the DagBag from /home/nico/.local/lib/python3.10/site-packages/airflow/example_dags/example_short_circuit_decorator.py
[2024-10-28T12:28:45.660-0300] {processor.py:925} INFO - DAG(s) 'example_short_circuit_decorator' retrieved from /home/nico/.local/lib/python3.10/site-packages/airflow/example_dags/example_short_circuit_decorator.py
[2024-10-28T12:28:45.721-0300] {logging_mixin.py:190} INFO - [2024-10-28T12:28:45.720-0300] {dag.py:3239} INFO - Sync 1 DAGs
[2024-10-28T12:28:45.764-0300] {logging_mixin.py:190} INFO - [2024-10-28T12:28:45.763-0300] {dag.py:4180} INFO - Setting next_dagrun for example_short_circuit_decorator to None, run_after=None
[2024-10-28T12:28:45.880-0300] {processor.py:208} INFO - Processing /home/nico/.local/lib/python3.10/site-packages/airflow/example_dags/example_short_circuit_decorator.py took 0.263 seconds
[2024-10-28T12:29:48.487-0300] {processor.py:186} INFO - Started process (PID=5293) to work on /home/nico/.local/lib/python3.10/site-packages/airflow/example_dags/example_short_circuit_decorator.py
[2024-10-28T12:29:48.490-0300] {processor.py:914} INFO - Processing file /home/nico/.local/lib/python3.10/site-packages/airflow/example_dags/example_short_circuit_decorator.py for tasks to queue
[2024-10-28T12:29:48.493-0300] {logging_mixin.py:190} INFO - [2024-10-28T12:29:48.493-0300] {dagbag.py:588} INFO - Filling up the DagBag from /home/nico/.local/lib/python3.10/site-packages/airflow/example_dags/example_short_circuit_decorator.py
[2024-10-28T12:29:48.511-0300] {processor.py:925} INFO - DAG(s) 'example_short_circuit_decorator' retrieved from /home/nico/.local/lib/python3.10/site-packages/airflow/example_dags/example_short_circuit_decorator.py
[2024-10-28T12:29:48.586-0300] {logging_mixin.py:190} INFO - [2024-10-28T12:29:48.585-0300] {dag.py:3239} INFO - Sync 1 DAGs
[2024-10-28T12:29:48.624-0300] {logging_mixin.py:190} INFO - [2024-10-28T12:29:48.623-0300] {dag.py:4180} INFO - Setting next_dagrun for example_short_circuit_decorator to None, run_after=None
[2024-10-28T12:29:48.740-0300] {processor.py:208} INFO - Processing /home/nico/.local/lib/python3.10/site-packages/airflow/example_dags/example_short_circuit_decorator.py took 0.266 seconds
[2024-10-28T12:30:57.616-0300] {processor.py:186} INFO - Started process (PID=5598) to work on /home/nico/.local/lib/python3.10/site-packages/airflow/example_dags/example_short_circuit_decorator.py
[2024-10-28T12:30:57.619-0300] {processor.py:914} INFO - Processing file /home/nico/.local/lib/python3.10/site-packages/airflow/example_dags/example_short_circuit_decorator.py for tasks to queue
[2024-10-28T12:30:57.622-0300] {logging_mixin.py:190} INFO - [2024-10-28T12:30:57.621-0300] {dagbag.py:588} INFO - Filling up the DagBag from /home/nico/.local/lib/python3.10/site-packages/airflow/example_dags/example_short_circuit_decorator.py
[2024-10-28T12:30:57.651-0300] {processor.py:925} INFO - DAG(s) 'example_short_circuit_decorator' retrieved from /home/nico/.local/lib/python3.10/site-packages/airflow/example_dags/example_short_circuit_decorator.py
[2024-10-28T12:30:57.712-0300] {logging_mixin.py:190} INFO - [2024-10-28T12:30:57.711-0300] {dag.py:3239} INFO - Sync 1 DAGs
[2024-10-28T12:30:57.744-0300] {logging_mixin.py:190} INFO - [2024-10-28T12:30:57.743-0300] {dag.py:4180} INFO - Setting next_dagrun for example_short_circuit_decorator to None, run_after=None
[2024-10-28T12:30:57.970-0300] {processor.py:208} INFO - Processing /home/nico/.local/lib/python3.10/site-packages/airflow/example_dags/example_short_circuit_decorator.py took 0.371 seconds
[2024-10-28T12:32:26.960-0300] {processor.py:186} INFO - Started process (PID=5985) to work on /home/nico/.local/lib/python3.10/site-packages/airflow/example_dags/example_short_circuit_decorator.py
[2024-10-28T12:32:26.963-0300] {processor.py:914} INFO - Processing file /home/nico/.local/lib/python3.10/site-packages/airflow/example_dags/example_short_circuit_decorator.py for tasks to queue
[2024-10-28T12:32:26.968-0300] {logging_mixin.py:190} INFO - [2024-10-28T12:32:26.966-0300] {dagbag.py:588} INFO - Filling up the DagBag from /home/nico/.local/lib/python3.10/site-packages/airflow/example_dags/example_short_circuit_decorator.py
[2024-10-28T12:32:27.005-0300] {processor.py:925} INFO - DAG(s) 'example_short_circuit_decorator' retrieved from /home/nico/.local/lib/python3.10/site-packages/airflow/example_dags/example_short_circuit_decorator.py
[2024-10-28T12:32:27.110-0300] {logging_mixin.py:190} INFO - [2024-10-28T12:32:27.110-0300] {dag.py:3239} INFO - Sync 1 DAGs
[2024-10-28T12:32:27.212-0300] {logging_mixin.py:190} INFO - [2024-10-28T12:32:27.211-0300] {dag.py:4180} INFO - Setting next_dagrun for example_short_circuit_decorator to None, run_after=None
[2024-10-28T12:32:27.425-0300] {processor.py:208} INFO - Processing /home/nico/.local/lib/python3.10/site-packages/airflow/example_dags/example_short_circuit_decorator.py took 0.508 seconds
[2024-10-28T12:33:42.162-0300] {processor.py:186} INFO - Started process (PID=6328) to work on /home/nico/.local/lib/python3.10/site-packages/airflow/example_dags/example_short_circuit_decorator.py
[2024-10-28T12:33:42.164-0300] {processor.py:914} INFO - Processing file /home/nico/.local/lib/python3.10/site-packages/airflow/example_dags/example_short_circuit_decorator.py for tasks to queue
[2024-10-28T12:33:42.169-0300] {logging_mixin.py:190} INFO - [2024-10-28T12:33:42.168-0300] {dagbag.py:588} INFO - Filling up the DagBag from /home/nico/.local/lib/python3.10/site-packages/airflow/example_dags/example_short_circuit_decorator.py
[2024-10-28T12:33:42.191-0300] {processor.py:925} INFO - DAG(s) 'example_short_circuit_decorator' retrieved from /home/nico/.local/lib/python3.10/site-packages/airflow/example_dags/example_short_circuit_decorator.py
[2024-10-28T12:33:42.267-0300] {logging_mixin.py:190} INFO - [2024-10-28T12:33:42.266-0300] {dag.py:3239} INFO - Sync 1 DAGs
[2024-10-28T12:33:42.334-0300] {logging_mixin.py:190} INFO - [2024-10-28T12:33:42.330-0300] {dag.py:4180} INFO - Setting next_dagrun for example_short_circuit_decorator to None, run_after=None
[2024-10-28T12:33:42.483-0300] {processor.py:208} INFO - Processing /home/nico/.local/lib/python3.10/site-packages/airflow/example_dags/example_short_circuit_decorator.py took 0.336 seconds
[2024-10-28T12:34:52.344-0300] {processor.py:186} INFO - Started process (PID=6637) to work on /home/nico/.local/lib/python3.10/site-packages/airflow/example_dags/example_short_circuit_decorator.py
[2024-10-28T12:34:52.347-0300] {processor.py:914} INFO - Processing file /home/nico/.local/lib/python3.10/site-packages/airflow/example_dags/example_short_circuit_decorator.py for tasks to queue
[2024-10-28T12:34:52.351-0300] {logging_mixin.py:190} INFO - [2024-10-28T12:34:52.350-0300] {dagbag.py:588} INFO - Filling up the DagBag from /home/nico/.local/lib/python3.10/site-packages/airflow/example_dags/example_short_circuit_decorator.py
[2024-10-28T12:34:52.374-0300] {processor.py:925} INFO - DAG(s) 'example_short_circuit_decorator' retrieved from /home/nico/.local/lib/python3.10/site-packages/airflow/example_dags/example_short_circuit_decorator.py
[2024-10-28T12:34:52.434-0300] {logging_mixin.py:190} INFO - [2024-10-28T12:34:52.433-0300] {dag.py:3239} INFO - Sync 1 DAGs
[2024-10-28T12:34:52.464-0300] {logging_mixin.py:190} INFO - [2024-10-28T12:34:52.464-0300] {dag.py:4180} INFO - Setting next_dagrun for example_short_circuit_decorator to None, run_after=None
[2024-10-28T12:34:52.591-0300] {processor.py:208} INFO - Processing /home/nico/.local/lib/python3.10/site-packages/airflow/example_dags/example_short_circuit_decorator.py took 0.263 seconds
[2024-10-28T12:36:42.380-0300] {processor.py:186} INFO - Started process (PID=7098) to work on /home/nico/.local/lib/python3.10/site-packages/airflow/example_dags/example_short_circuit_decorator.py
[2024-10-28T12:36:42.383-0300] {processor.py:914} INFO - Processing file /home/nico/.local/lib/python3.10/site-packages/airflow/example_dags/example_short_circuit_decorator.py for tasks to queue
[2024-10-28T12:36:42.388-0300] {logging_mixin.py:190} INFO - [2024-10-28T12:36:42.387-0300] {dagbag.py:588} INFO - Filling up the DagBag from /home/nico/.local/lib/python3.10/site-packages/airflow/example_dags/example_short_circuit_decorator.py
[2024-10-28T12:36:42.428-0300] {processor.py:925} INFO - DAG(s) 'example_short_circuit_decorator' retrieved from /home/nico/.local/lib/python3.10/site-packages/airflow/example_dags/example_short_circuit_decorator.py
[2024-10-28T12:36:42.592-0300] {logging_mixin.py:190} INFO - [2024-10-28T12:36:42.591-0300] {dag.py:3239} INFO - Sync 1 DAGs
[2024-10-28T12:36:42.657-0300] {logging_mixin.py:190} INFO - [2024-10-28T12:36:42.656-0300] {dag.py:4180} INFO - Setting next_dagrun for example_short_circuit_decorator to None, run_after=None
[2024-10-28T12:36:42.826-0300] {processor.py:208} INFO - Processing /home/nico/.local/lib/python3.10/site-packages/airflow/example_dags/example_short_circuit_decorator.py took 0.472 seconds
[2024-10-28T12:38:15.483-0300] {processor.py:186} INFO - Started process (PID=7498) to work on /home/nico/.local/lib/python3.10/site-packages/airflow/example_dags/example_short_circuit_decorator.py
[2024-10-28T12:38:15.487-0300] {processor.py:914} INFO - Processing file /home/nico/.local/lib/python3.10/site-packages/airflow/example_dags/example_short_circuit_decorator.py for tasks to queue
[2024-10-28T12:38:15.491-0300] {logging_mixin.py:190} INFO - [2024-10-28T12:38:15.490-0300] {dagbag.py:588} INFO - Filling up the DagBag from /home/nico/.local/lib/python3.10/site-packages/airflow/example_dags/example_short_circuit_decorator.py
[2024-10-28T12:38:15.519-0300] {processor.py:925} INFO - DAG(s) 'example_short_circuit_decorator' retrieved from /home/nico/.local/lib/python3.10/site-packages/airflow/example_dags/example_short_circuit_decorator.py
[2024-10-28T12:38:15.599-0300] {logging_mixin.py:190} INFO - [2024-10-28T12:38:15.598-0300] {dag.py:3239} INFO - Sync 1 DAGs
[2024-10-28T12:38:15.638-0300] {logging_mixin.py:190} INFO - [2024-10-28T12:38:15.637-0300] {dag.py:4180} INFO - Setting next_dagrun for example_short_circuit_decorator to None, run_after=None
[2024-10-28T12:38:15.755-0300] {processor.py:208} INFO - Processing /home/nico/.local/lib/python3.10/site-packages/airflow/example_dags/example_short_circuit_decorator.py took 0.292 seconds
[2024-10-28T12:39:37.225-0300] {processor.py:186} INFO - Started process (PID=7856) to work on /home/nico/.local/lib/python3.10/site-packages/airflow/example_dags/example_short_circuit_decorator.py
[2024-10-28T12:39:37.230-0300] {processor.py:914} INFO - Processing file /home/nico/.local/lib/python3.10/site-packages/airflow/example_dags/example_short_circuit_decorator.py for tasks to queue
[2024-10-28T12:39:37.245-0300] {logging_mixin.py:190} INFO - [2024-10-28T12:39:37.244-0300] {dagbag.py:588} INFO - Filling up the DagBag from /home/nico/.local/lib/python3.10/site-packages/airflow/example_dags/example_short_circuit_decorator.py
[2024-10-28T12:39:37.353-0300] {processor.py:925} INFO - DAG(s) 'example_short_circuit_decorator' retrieved from /home/nico/.local/lib/python3.10/site-packages/airflow/example_dags/example_short_circuit_decorator.py
[2024-10-28T12:39:37.539-0300] {logging_mixin.py:190} INFO - [2024-10-28T12:39:37.538-0300] {dag.py:3239} INFO - Sync 1 DAGs
[2024-10-28T12:39:37.659-0300] {logging_mixin.py:190} INFO - [2024-10-28T12:39:37.659-0300] {dag.py:4180} INFO - Setting next_dagrun for example_short_circuit_decorator to None, run_after=None
[2024-10-28T12:39:38.204-0300] {processor.py:208} INFO - Processing /home/nico/.local/lib/python3.10/site-packages/airflow/example_dags/example_short_circuit_decorator.py took 1.032 seconds
[2024-10-28T12:41:08.758-0300] {processor.py:186} INFO - Started process (PID=8254) to work on /home/nico/.local/lib/python3.10/site-packages/airflow/example_dags/example_short_circuit_decorator.py
[2024-10-28T12:41:08.773-0300] {processor.py:914} INFO - Processing file /home/nico/.local/lib/python3.10/site-packages/airflow/example_dags/example_short_circuit_decorator.py for tasks to queue
[2024-10-28T12:41:08.795-0300] {logging_mixin.py:190} INFO - [2024-10-28T12:41:08.794-0300] {dagbag.py:588} INFO - Filling up the DagBag from /home/nico/.local/lib/python3.10/site-packages/airflow/example_dags/example_short_circuit_decorator.py
[2024-10-28T12:41:08.869-0300] {processor.py:925} INFO - DAG(s) 'example_short_circuit_decorator' retrieved from /home/nico/.local/lib/python3.10/site-packages/airflow/example_dags/example_short_circuit_decorator.py
[2024-10-28T12:41:09.288-0300] {logging_mixin.py:190} INFO - [2024-10-28T12:41:09.287-0300] {dag.py:3239} INFO - Sync 1 DAGs
[2024-10-28T12:41:09.445-0300] {logging_mixin.py:190} INFO - [2024-10-28T12:41:09.444-0300] {dag.py:4180} INFO - Setting next_dagrun for example_short_circuit_decorator to None, run_after=None
[2024-10-28T12:41:09.705-0300] {processor.py:208} INFO - Processing /home/nico/.local/lib/python3.10/site-packages/airflow/example_dags/example_short_circuit_decorator.py took 1.008 seconds
