[2024-10-28T12:18:57.078-0300] {processor.py:186} INFO - Started process (PID=2312) to work on /home/nico/.local/lib/python3.10/site-packages/airflow/example_dags/example_sla_dag.py
[2024-10-28T12:18:57.085-0300] {processor.py:914} INFO - Processing file /home/nico/.local/lib/python3.10/site-packages/airflow/example_dags/example_sla_dag.py for tasks to queue
[2024-10-28T12:18:57.092-0300] {logging_mixin.py:190} INFO - [2024-10-28T12:18:57.091-0300] {dagbag.py:588} INFO - Filling up the DagBag from /home/nico/.local/lib/python3.10/site-packages/airflow/example_dags/example_sla_dag.py
[2024-10-28T12:18:57.124-0300] {processor.py:925} INFO - DAG(s) 'example_sla_dag' retrieved from /home/nico/.local/lib/python3.10/site-packages/airflow/example_dags/example_sla_dag.py
[2024-10-28T12:18:57.187-0300] {logging_mixin.py:190} INFO - [2024-10-28T12:18:57.186-0300] {dag.py:3239} INFO - Sync 1 DAGs
[2024-10-28T12:18:57.246-0300] {logging_mixin.py:190} INFO - [2024-10-28T12:18:57.246-0300] {dag.py:4180} INFO - Setting next_dagrun for example_sla_dag to 2024-10-28 15:16:00+00:00, run_after=2024-10-28 15:18:00+00:00
[2024-10-28T12:18:57.398-0300] {processor.py:208} INFO - Processing /home/nico/.local/lib/python3.10/site-packages/airflow/example_dags/example_sla_dag.py took 0.340 seconds
[2024-10-28T12:20:30.283-0300] {processor.py:186} INFO - Started process (PID=2729) to work on /home/nico/.local/lib/python3.10/site-packages/airflow/example_dags/example_sla_dag.py
[2024-10-28T12:20:30.286-0300] {processor.py:914} INFO - Processing file /home/nico/.local/lib/python3.10/site-packages/airflow/example_dags/example_sla_dag.py for tasks to queue
[2024-10-28T12:20:30.291-0300] {logging_mixin.py:190} INFO - [2024-10-28T12:20:30.289-0300] {dagbag.py:588} INFO - Filling up the DagBag from /home/nico/.local/lib/python3.10/site-packages/airflow/example_dags/example_sla_dag.py
[2024-10-28T12:20:30.314-0300] {processor.py:925} INFO - DAG(s) 'example_sla_dag' retrieved from /home/nico/.local/lib/python3.10/site-packages/airflow/example_dags/example_sla_dag.py
[2024-10-28T12:20:30.371-0300] {logging_mixin.py:190} INFO - [2024-10-28T12:20:30.370-0300] {dag.py:3239} INFO - Sync 1 DAGs
[2024-10-28T12:20:30.439-0300] {logging_mixin.py:190} INFO - [2024-10-28T12:20:30.438-0300] {dag.py:4180} INFO - Setting next_dagrun for example_sla_dag to 2024-10-28 15:18:00+00:00, run_after=2024-10-28 15:20:00+00:00
[2024-10-28T12:20:30.558-0300] {processor.py:208} INFO - Processing /home/nico/.local/lib/python3.10/site-packages/airflow/example_dags/example_sla_dag.py took 0.293 seconds
[2024-10-28T12:22:35.474-0300] {processor.py:186} INFO - Started process (PID=3367) to work on /home/nico/.local/lib/python3.10/site-packages/airflow/example_dags/example_sla_dag.py
[2024-10-28T12:22:35.477-0300] {processor.py:914} INFO - Processing file /home/nico/.local/lib/python3.10/site-packages/airflow/example_dags/example_sla_dag.py for tasks to queue
[2024-10-28T12:22:35.480-0300] {logging_mixin.py:190} INFO - [2024-10-28T12:22:35.479-0300] {dagbag.py:588} INFO - Filling up the DagBag from /home/nico/.local/lib/python3.10/site-packages/airflow/example_dags/example_sla_dag.py
[2024-10-28T12:22:35.499-0300] {processor.py:925} INFO - DAG(s) 'example_sla_dag' retrieved from /home/nico/.local/lib/python3.10/site-packages/airflow/example_dags/example_sla_dag.py
[2024-10-28T12:22:35.544-0300] {logging_mixin.py:190} INFO - [2024-10-28T12:22:35.543-0300] {dag.py:3239} INFO - Sync 1 DAGs
[2024-10-28T12:22:35.604-0300] {logging_mixin.py:190} INFO - [2024-10-28T12:22:35.603-0300] {dag.py:4180} INFO - Setting next_dagrun for example_sla_dag to 2024-10-28 15:20:00+00:00, run_after=2024-10-28 15:22:00+00:00
[2024-10-28T12:22:35.717-0300] {processor.py:208} INFO - Processing /home/nico/.local/lib/python3.10/site-packages/airflow/example_dags/example_sla_dag.py took 0.256 seconds
[2024-10-28T12:24:29.952-0300] {processor.py:186} INFO - Started process (PID=3883) to work on /home/nico/.local/lib/python3.10/site-packages/airflow/example_dags/example_sla_dag.py
[2024-10-28T12:24:29.955-0300] {processor.py:914} INFO - Processing file /home/nico/.local/lib/python3.10/site-packages/airflow/example_dags/example_sla_dag.py for tasks to queue
[2024-10-28T12:24:29.959-0300] {logging_mixin.py:190} INFO - [2024-10-28T12:24:29.958-0300] {dagbag.py:588} INFO - Filling up the DagBag from /home/nico/.local/lib/python3.10/site-packages/airflow/example_dags/example_sla_dag.py
[2024-10-28T12:24:29.977-0300] {processor.py:925} INFO - DAG(s) 'example_sla_dag' retrieved from /home/nico/.local/lib/python3.10/site-packages/airflow/example_dags/example_sla_dag.py
[2024-10-28T12:24:30.050-0300] {logging_mixin.py:190} INFO - [2024-10-28T12:24:30.049-0300] {dag.py:3239} INFO - Sync 1 DAGs
[2024-10-28T12:24:30.149-0300] {logging_mixin.py:190} INFO - [2024-10-28T12:24:30.148-0300] {dag.py:4180} INFO - Setting next_dagrun for example_sla_dag to 2024-10-28 15:22:00+00:00, run_after=2024-10-28 15:24:00+00:00
[2024-10-28T12:24:30.270-0300] {processor.py:208} INFO - Processing /home/nico/.local/lib/python3.10/site-packages/airflow/example_dags/example_sla_dag.py took 0.330 seconds
[2024-10-28T12:26:55.686-0300] {processor.py:186} INFO - Started process (PID=4522) to work on /home/nico/.local/lib/python3.10/site-packages/airflow/example_dags/example_sla_dag.py
[2024-10-28T12:26:55.688-0300] {processor.py:914} INFO - Processing file /home/nico/.local/lib/python3.10/site-packages/airflow/example_dags/example_sla_dag.py for tasks to queue
[2024-10-28T12:26:55.691-0300] {logging_mixin.py:190} INFO - [2024-10-28T12:26:55.690-0300] {dagbag.py:588} INFO - Filling up the DagBag from /home/nico/.local/lib/python3.10/site-packages/airflow/example_dags/example_sla_dag.py
[2024-10-28T12:26:55.710-0300] {processor.py:925} INFO - DAG(s) 'example_sla_dag' retrieved from /home/nico/.local/lib/python3.10/site-packages/airflow/example_dags/example_sla_dag.py
[2024-10-28T12:26:55.767-0300] {logging_mixin.py:190} INFO - [2024-10-28T12:26:55.767-0300] {dag.py:3239} INFO - Sync 1 DAGs
[2024-10-28T12:26:55.826-0300] {logging_mixin.py:190} INFO - [2024-10-28T12:26:55.826-0300] {dag.py:4180} INFO - Setting next_dagrun for example_sla_dag to 2024-10-28 15:24:00+00:00, run_after=2024-10-28 15:26:00+00:00
[2024-10-28T12:26:55.944-0300] {processor.py:208} INFO - Processing /home/nico/.local/lib/python3.10/site-packages/airflow/example_dags/example_sla_dag.py took 0.276 seconds
[2024-10-28T12:29:07.918-0300] {processor.py:186} INFO - Started process (PID=5110) to work on /home/nico/.local/lib/python3.10/site-packages/airflow/example_dags/example_sla_dag.py
[2024-10-28T12:29:07.920-0300] {processor.py:914} INFO - Processing file /home/nico/.local/lib/python3.10/site-packages/airflow/example_dags/example_sla_dag.py for tasks to queue
[2024-10-28T12:29:07.925-0300] {logging_mixin.py:190} INFO - [2024-10-28T12:29:07.924-0300] {dagbag.py:588} INFO - Filling up the DagBag from /home/nico/.local/lib/python3.10/site-packages/airflow/example_dags/example_sla_dag.py
[2024-10-28T12:29:07.941-0300] {processor.py:925} INFO - DAG(s) 'example_sla_dag' retrieved from /home/nico/.local/lib/python3.10/site-packages/airflow/example_dags/example_sla_dag.py
[2024-10-28T12:29:07.993-0300] {logging_mixin.py:190} INFO - [2024-10-28T12:29:07.993-0300] {dag.py:3239} INFO - Sync 1 DAGs
[2024-10-28T12:29:08.051-0300] {logging_mixin.py:190} INFO - [2024-10-28T12:29:08.051-0300] {dag.py:4180} INFO - Setting next_dagrun for example_sla_dag to 2024-10-28 15:26:00+00:00, run_after=2024-10-28 15:28:00+00:00
[2024-10-28T12:29:08.173-0300] {processor.py:208} INFO - Processing /home/nico/.local/lib/python3.10/site-packages/airflow/example_dags/example_sla_dag.py took 0.275 seconds
[2024-10-28T12:31:48.250-0300] {processor.py:186} INFO - Started process (PID=5812) to work on /home/nico/.local/lib/python3.10/site-packages/airflow/example_dags/example_sla_dag.py
[2024-10-28T12:31:48.278-0300] {processor.py:914} INFO - Processing file /home/nico/.local/lib/python3.10/site-packages/airflow/example_dags/example_sla_dag.py for tasks to queue
[2024-10-28T12:31:48.283-0300] {logging_mixin.py:190} INFO - [2024-10-28T12:31:48.282-0300] {dagbag.py:588} INFO - Filling up the DagBag from /home/nico/.local/lib/python3.10/site-packages/airflow/example_dags/example_sla_dag.py
[2024-10-28T12:31:48.351-0300] {processor.py:925} INFO - DAG(s) 'example_sla_dag' retrieved from /home/nico/.local/lib/python3.10/site-packages/airflow/example_dags/example_sla_dag.py
[2024-10-28T12:31:48.525-0300] {logging_mixin.py:190} INFO - [2024-10-28T12:31:48.524-0300] {dag.py:3239} INFO - Sync 1 DAGs
[2024-10-28T12:31:48.882-0300] {logging_mixin.py:190} INFO - [2024-10-28T12:31:48.882-0300] {dag.py:4180} INFO - Setting next_dagrun for example_sla_dag to 2024-10-28 15:28:00+00:00, run_after=2024-10-28 15:30:00+00:00
[2024-10-28T12:31:49.378-0300] {processor.py:208} INFO - Processing /home/nico/.local/lib/python3.10/site-packages/airflow/example_dags/example_sla_dag.py took 1.183 seconds
[2024-10-28T12:34:06.848-0300] {processor.py:186} INFO - Started process (PID=6438) to work on /home/nico/.local/lib/python3.10/site-packages/airflow/example_dags/example_sla_dag.py
[2024-10-28T12:34:06.850-0300] {processor.py:914} INFO - Processing file /home/nico/.local/lib/python3.10/site-packages/airflow/example_dags/example_sla_dag.py for tasks to queue
[2024-10-28T12:34:06.853-0300] {logging_mixin.py:190} INFO - [2024-10-28T12:34:06.852-0300] {dagbag.py:588} INFO - Filling up the DagBag from /home/nico/.local/lib/python3.10/site-packages/airflow/example_dags/example_sla_dag.py
[2024-10-28T12:34:06.873-0300] {processor.py:925} INFO - DAG(s) 'example_sla_dag' retrieved from /home/nico/.local/lib/python3.10/site-packages/airflow/example_dags/example_sla_dag.py
[2024-10-28T12:34:06.930-0300] {logging_mixin.py:190} INFO - [2024-10-28T12:34:06.929-0300] {dag.py:3239} INFO - Sync 1 DAGs
[2024-10-28T12:34:06.993-0300] {logging_mixin.py:190} INFO - [2024-10-28T12:34:06.992-0300] {dag.py:4180} INFO - Setting next_dagrun for example_sla_dag to 2024-10-28 15:32:00+00:00, run_after=2024-10-28 15:34:00+00:00
[2024-10-28T12:34:07.112-0300] {processor.py:208} INFO - Processing /home/nico/.local/lib/python3.10/site-packages/airflow/example_dags/example_sla_dag.py took 0.277 seconds
[2024-10-28T12:37:19.261-0300] {processor.py:186} INFO - Started process (PID=7254) to work on /home/nico/.local/lib/python3.10/site-packages/airflow/example_dags/example_sla_dag.py
[2024-10-28T12:37:19.263-0300] {processor.py:914} INFO - Processing file /home/nico/.local/lib/python3.10/site-packages/airflow/example_dags/example_sla_dag.py for tasks to queue
[2024-10-28T12:37:19.266-0300] {logging_mixin.py:190} INFO - [2024-10-28T12:37:19.265-0300] {dagbag.py:588} INFO - Filling up the DagBag from /home/nico/.local/lib/python3.10/site-packages/airflow/example_dags/example_sla_dag.py
[2024-10-28T12:37:19.284-0300] {processor.py:925} INFO - DAG(s) 'example_sla_dag' retrieved from /home/nico/.local/lib/python3.10/site-packages/airflow/example_dags/example_sla_dag.py
[2024-10-28T12:37:19.348-0300] {logging_mixin.py:190} INFO - [2024-10-28T12:37:19.348-0300] {dag.py:3239} INFO - Sync 1 DAGs
[2024-10-28T12:37:19.444-0300] {logging_mixin.py:190} INFO - [2024-10-28T12:37:19.443-0300] {dag.py:4180} INFO - Setting next_dagrun for example_sla_dag to 2024-10-28 15:34:00+00:00, run_after=2024-10-28 15:36:00+00:00
[2024-10-28T12:37:19.589-0300] {processor.py:208} INFO - Processing /home/nico/.local/lib/python3.10/site-packages/airflow/example_dags/example_sla_dag.py took 0.341 seconds
[2024-10-28T12:38:40.085-0300] {processor.py:186} INFO - Started process (PID=7610) to work on /home/nico/.local/lib/python3.10/site-packages/airflow/example_dags/example_sla_dag.py
[2024-10-28T12:38:40.088-0300] {processor.py:914} INFO - Processing file /home/nico/.local/lib/python3.10/site-packages/airflow/example_dags/example_sla_dag.py for tasks to queue
[2024-10-28T12:38:40.092-0300] {logging_mixin.py:190} INFO - [2024-10-28T12:38:40.091-0300] {dagbag.py:588} INFO - Filling up the DagBag from /home/nico/.local/lib/python3.10/site-packages/airflow/example_dags/example_sla_dag.py
[2024-10-28T12:38:40.110-0300] {processor.py:925} INFO - DAG(s) 'example_sla_dag' retrieved from /home/nico/.local/lib/python3.10/site-packages/airflow/example_dags/example_sla_dag.py
[2024-10-28T12:38:40.173-0300] {logging_mixin.py:190} INFO - [2024-10-28T12:38:40.172-0300] {dag.py:3239} INFO - Sync 1 DAGs
[2024-10-28T12:38:40.240-0300] {logging_mixin.py:190} INFO - [2024-10-28T12:38:40.240-0300] {dag.py:4180} INFO - Setting next_dagrun for example_sla_dag to 2024-10-28 15:36:00+00:00, run_after=2024-10-28 15:38:00+00:00
[2024-10-28T12:38:40.363-0300] {processor.py:208} INFO - Processing /home/nico/.local/lib/python3.10/site-packages/airflow/example_dags/example_sla_dag.py took 0.295 seconds
[2024-10-28T12:41:39.421-0300] {processor.py:186} INFO - Started process (PID=8390) to work on /home/nico/.local/lib/python3.10/site-packages/airflow/example_dags/example_sla_dag.py
[2024-10-28T12:41:39.424-0300] {processor.py:914} INFO - Processing file /home/nico/.local/lib/python3.10/site-packages/airflow/example_dags/example_sla_dag.py for tasks to queue
[2024-10-28T12:41:39.429-0300] {logging_mixin.py:190} INFO - [2024-10-28T12:41:39.428-0300] {dagbag.py:588} INFO - Filling up the DagBag from /home/nico/.local/lib/python3.10/site-packages/airflow/example_dags/example_sla_dag.py
[2024-10-28T12:41:39.461-0300] {processor.py:925} INFO - DAG(s) 'example_sla_dag' retrieved from /home/nico/.local/lib/python3.10/site-packages/airflow/example_dags/example_sla_dag.py
[2024-10-28T12:41:39.534-0300] {logging_mixin.py:190} INFO - [2024-10-28T12:41:39.534-0300] {dag.py:3239} INFO - Sync 1 DAGs
[2024-10-28T12:41:39.607-0300] {logging_mixin.py:190} INFO - [2024-10-28T12:41:39.607-0300] {dag.py:4180} INFO - Setting next_dagrun for example_sla_dag to 2024-10-28 15:38:00+00:00, run_after=2024-10-28 15:40:00+00:00
[2024-10-28T12:41:39.940-0300] {processor.py:208} INFO - Processing /home/nico/.local/lib/python3.10/site-packages/airflow/example_dags/example_sla_dag.py took 0.537 seconds
