[2024-10-28T12:19:04.486-0300] {processor.py:186} INFO - Started process (PID=2346) to work on /home/nico/.local/lib/python3.10/site-packages/airflow/example_dags/example_sensor_decorator.py
[2024-10-28T12:19:04.489-0300] {processor.py:914} INFO - Processing file /home/nico/.local/lib/python3.10/site-packages/airflow/example_dags/example_sensor_decorator.py for tasks to queue
[2024-10-28T12:19:04.493-0300] {logging_mixin.py:190} INFO - [2024-10-28T12:19:04.492-0300] {dagbag.py:588} INFO - Filling up the DagBag from /home/nico/.local/lib/python3.10/site-packages/airflow/example_dags/example_sensor_decorator.py
[2024-10-28T12:19:04.506-0300] {processor.py:925} INFO - DAG(s) 'example_sensor_decorator' retrieved from /home/nico/.local/lib/python3.10/site-packages/airflow/example_dags/example_sensor_decorator.py
[2024-10-28T12:19:04.573-0300] {logging_mixin.py:190} INFO - [2024-10-28T12:19:04.573-0300] {dag.py:3239} INFO - Sync 1 DAGs
[2024-10-28T12:19:04.605-0300] {logging_mixin.py:190} INFO - [2024-10-28T12:19:04.605-0300] {dag.py:4180} INFO - Setting next_dagrun for example_sensor_decorator to None, run_after=None
[2024-10-28T12:19:04.745-0300] {processor.py:208} INFO - Processing /home/nico/.local/lib/python3.10/site-packages/airflow/example_dags/example_sensor_decorator.py took 0.271 seconds
[2024-10-28T12:20:37.568-0300] {processor.py:186} INFO - Started process (PID=2762) to work on /home/nico/.local/lib/python3.10/site-packages/airflow/example_dags/example_sensor_decorator.py
[2024-10-28T12:20:37.571-0300] {processor.py:914} INFO - Processing file /home/nico/.local/lib/python3.10/site-packages/airflow/example_dags/example_sensor_decorator.py for tasks to queue
[2024-10-28T12:20:37.574-0300] {logging_mixin.py:190} INFO - [2024-10-28T12:20:37.573-0300] {dagbag.py:588} INFO - Filling up the DagBag from /home/nico/.local/lib/python3.10/site-packages/airflow/example_dags/example_sensor_decorator.py
[2024-10-28T12:20:37.590-0300] {processor.py:925} INFO - DAG(s) 'example_sensor_decorator' retrieved from /home/nico/.local/lib/python3.10/site-packages/airflow/example_dags/example_sensor_decorator.py
[2024-10-28T12:20:37.646-0300] {logging_mixin.py:190} INFO - [2024-10-28T12:20:37.646-0300] {dag.py:3239} INFO - Sync 1 DAGs
[2024-10-28T12:20:37.692-0300] {logging_mixin.py:190} INFO - [2024-10-28T12:20:37.691-0300] {dag.py:4180} INFO - Setting next_dagrun for example_sensor_decorator to None, run_after=None
[2024-10-28T12:20:37.826-0300] {processor.py:208} INFO - Processing /home/nico/.local/lib/python3.10/site-packages/airflow/example_dags/example_sensor_decorator.py took 0.275 seconds
[2024-10-28T12:22:42.726-0300] {processor.py:186} INFO - Started process (PID=3400) to work on /home/nico/.local/lib/python3.10/site-packages/airflow/example_dags/example_sensor_decorator.py
[2024-10-28T12:22:42.729-0300] {processor.py:914} INFO - Processing file /home/nico/.local/lib/python3.10/site-packages/airflow/example_dags/example_sensor_decorator.py for tasks to queue
[2024-10-28T12:22:42.732-0300] {logging_mixin.py:190} INFO - [2024-10-28T12:22:42.731-0300] {dagbag.py:588} INFO - Filling up the DagBag from /home/nico/.local/lib/python3.10/site-packages/airflow/example_dags/example_sensor_decorator.py
[2024-10-28T12:22:42.753-0300] {processor.py:925} INFO - DAG(s) 'example_sensor_decorator' retrieved from /home/nico/.local/lib/python3.10/site-packages/airflow/example_dags/example_sensor_decorator.py
[2024-10-28T12:22:42.814-0300] {logging_mixin.py:190} INFO - [2024-10-28T12:22:42.813-0300] {dag.py:3239} INFO - Sync 1 DAGs
[2024-10-28T12:22:42.847-0300] {logging_mixin.py:190} INFO - [2024-10-28T12:22:42.846-0300] {dag.py:4180} INFO - Setting next_dagrun for example_sensor_decorator to None, run_after=None
[2024-10-28T12:22:42.963-0300] {processor.py:208} INFO - Processing /home/nico/.local/lib/python3.10/site-packages/airflow/example_dags/example_sensor_decorator.py took 0.252 seconds
[2024-10-28T12:24:36.460-0300] {processor.py:186} INFO - Started process (PID=3913) to work on /home/nico/.local/lib/python3.10/site-packages/airflow/example_dags/example_sensor_decorator.py
[2024-10-28T12:24:36.462-0300] {processor.py:914} INFO - Processing file /home/nico/.local/lib/python3.10/site-packages/airflow/example_dags/example_sensor_decorator.py for tasks to queue
[2024-10-28T12:24:36.465-0300] {logging_mixin.py:190} INFO - [2024-10-28T12:24:36.464-0300] {dagbag.py:588} INFO - Filling up the DagBag from /home/nico/.local/lib/python3.10/site-packages/airflow/example_dags/example_sensor_decorator.py
[2024-10-28T12:24:36.479-0300] {processor.py:925} INFO - DAG(s) 'example_sensor_decorator' retrieved from /home/nico/.local/lib/python3.10/site-packages/airflow/example_dags/example_sensor_decorator.py
[2024-10-28T12:24:36.541-0300] {logging_mixin.py:190} INFO - [2024-10-28T12:24:36.541-0300] {dag.py:3239} INFO - Sync 1 DAGs
[2024-10-28T12:24:36.580-0300] {logging_mixin.py:190} INFO - [2024-10-28T12:24:36.580-0300] {dag.py:4180} INFO - Setting next_dagrun for example_sensor_decorator to None, run_after=None
[2024-10-28T12:24:36.712-0300] {processor.py:208} INFO - Processing /home/nico/.local/lib/python3.10/site-packages/airflow/example_dags/example_sensor_decorator.py took 0.264 seconds
[2024-10-28T12:27:03.458-0300] {processor.py:186} INFO - Started process (PID=4557) to work on /home/nico/.local/lib/python3.10/site-packages/airflow/example_dags/example_sensor_decorator.py
[2024-10-28T12:27:03.464-0300] {processor.py:914} INFO - Processing file /home/nico/.local/lib/python3.10/site-packages/airflow/example_dags/example_sensor_decorator.py for tasks to queue
[2024-10-28T12:27:03.475-0300] {logging_mixin.py:190} INFO - [2024-10-28T12:27:03.474-0300] {dagbag.py:588} INFO - Filling up the DagBag from /home/nico/.local/lib/python3.10/site-packages/airflow/example_dags/example_sensor_decorator.py
[2024-10-28T12:27:03.511-0300] {processor.py:925} INFO - DAG(s) 'example_sensor_decorator' retrieved from /home/nico/.local/lib/python3.10/site-packages/airflow/example_dags/example_sensor_decorator.py
[2024-10-28T12:27:03.619-0300] {logging_mixin.py:190} INFO - [2024-10-28T12:27:03.618-0300] {dag.py:3239} INFO - Sync 1 DAGs
[2024-10-28T12:27:03.678-0300] {logging_mixin.py:190} INFO - [2024-10-28T12:27:03.677-0300] {dag.py:4180} INFO - Setting next_dagrun for example_sensor_decorator to None, run_after=None
[2024-10-28T12:27:03.822-0300] {processor.py:208} INFO - Processing /home/nico/.local/lib/python3.10/site-packages/airflow/example_dags/example_sensor_decorator.py took 0.392 seconds
[2024-10-28T12:29:15.347-0300] {processor.py:186} INFO - Started process (PID=5144) to work on /home/nico/.local/lib/python3.10/site-packages/airflow/example_dags/example_sensor_decorator.py
[2024-10-28T12:29:15.351-0300] {processor.py:914} INFO - Processing file /home/nico/.local/lib/python3.10/site-packages/airflow/example_dags/example_sensor_decorator.py for tasks to queue
[2024-10-28T12:29:15.356-0300] {logging_mixin.py:190} INFO - [2024-10-28T12:29:15.355-0300] {dagbag.py:588} INFO - Filling up the DagBag from /home/nico/.local/lib/python3.10/site-packages/airflow/example_dags/example_sensor_decorator.py
[2024-10-28T12:29:15.382-0300] {processor.py:925} INFO - DAG(s) 'example_sensor_decorator' retrieved from /home/nico/.local/lib/python3.10/site-packages/airflow/example_dags/example_sensor_decorator.py
[2024-10-28T12:29:15.478-0300] {logging_mixin.py:190} INFO - [2024-10-28T12:29:15.477-0300] {dag.py:3239} INFO - Sync 1 DAGs
[2024-10-28T12:29:15.525-0300] {logging_mixin.py:190} INFO - [2024-10-28T12:29:15.525-0300] {dag.py:4180} INFO - Setting next_dagrun for example_sensor_decorator to None, run_after=None
[2024-10-28T12:29:15.650-0300] {processor.py:208} INFO - Processing /home/nico/.local/lib/python3.10/site-packages/airflow/example_dags/example_sensor_decorator.py took 0.330 seconds
[2024-10-28T12:31:56.096-0300] {processor.py:186} INFO - Started process (PID=5847) to work on /home/nico/.local/lib/python3.10/site-packages/airflow/example_dags/example_sensor_decorator.py
[2024-10-28T12:31:56.100-0300] {processor.py:914} INFO - Processing file /home/nico/.local/lib/python3.10/site-packages/airflow/example_dags/example_sensor_decorator.py for tasks to queue
[2024-10-28T12:31:56.106-0300] {logging_mixin.py:190} INFO - [2024-10-28T12:31:56.105-0300] {dagbag.py:588} INFO - Filling up the DagBag from /home/nico/.local/lib/python3.10/site-packages/airflow/example_dags/example_sensor_decorator.py
[2024-10-28T12:31:56.123-0300] {processor.py:925} INFO - DAG(s) 'example_sensor_decorator' retrieved from /home/nico/.local/lib/python3.10/site-packages/airflow/example_dags/example_sensor_decorator.py
[2024-10-28T12:31:56.191-0300] {logging_mixin.py:190} INFO - [2024-10-28T12:31:56.190-0300] {dag.py:3239} INFO - Sync 1 DAGs
[2024-10-28T12:31:56.238-0300] {logging_mixin.py:190} INFO - [2024-10-28T12:31:56.238-0300] {dag.py:4180} INFO - Setting next_dagrun for example_sensor_decorator to None, run_after=None
[2024-10-28T12:31:56.436-0300] {processor.py:208} INFO - Processing /home/nico/.local/lib/python3.10/site-packages/airflow/example_dags/example_sensor_decorator.py took 0.355 seconds
[2024-10-28T12:34:14.123-0300] {processor.py:186} INFO - Started process (PID=6471) to work on /home/nico/.local/lib/python3.10/site-packages/airflow/example_dags/example_sensor_decorator.py
[2024-10-28T12:34:14.125-0300] {processor.py:914} INFO - Processing file /home/nico/.local/lib/python3.10/site-packages/airflow/example_dags/example_sensor_decorator.py for tasks to queue
[2024-10-28T12:34:14.128-0300] {logging_mixin.py:190} INFO - [2024-10-28T12:34:14.128-0300] {dagbag.py:588} INFO - Filling up the DagBag from /home/nico/.local/lib/python3.10/site-packages/airflow/example_dags/example_sensor_decorator.py
[2024-10-28T12:34:14.145-0300] {processor.py:925} INFO - DAG(s) 'example_sensor_decorator' retrieved from /home/nico/.local/lib/python3.10/site-packages/airflow/example_dags/example_sensor_decorator.py
[2024-10-28T12:34:14.197-0300] {logging_mixin.py:190} INFO - [2024-10-28T12:34:14.197-0300] {dag.py:3239} INFO - Sync 1 DAGs
[2024-10-28T12:34:14.234-0300] {logging_mixin.py:190} INFO - [2024-10-28T12:34:14.233-0300] {dag.py:4180} INFO - Setting next_dagrun for example_sensor_decorator to None, run_after=None
[2024-10-28T12:34:14.346-0300] {processor.py:208} INFO - Processing /home/nico/.local/lib/python3.10/site-packages/airflow/example_dags/example_sensor_decorator.py took 0.236 seconds
[2024-10-28T12:37:27.914-0300] {processor.py:186} INFO - Started process (PID=7292) to work on /home/nico/.local/lib/python3.10/site-packages/airflow/example_dags/example_sensor_decorator.py
[2024-10-28T12:37:27.917-0300] {processor.py:914} INFO - Processing file /home/nico/.local/lib/python3.10/site-packages/airflow/example_dags/example_sensor_decorator.py for tasks to queue
[2024-10-28T12:37:27.920-0300] {logging_mixin.py:190} INFO - [2024-10-28T12:37:27.919-0300] {dagbag.py:588} INFO - Filling up the DagBag from /home/nico/.local/lib/python3.10/site-packages/airflow/example_dags/example_sensor_decorator.py
[2024-10-28T12:37:27.941-0300] {processor.py:925} INFO - DAG(s) 'example_sensor_decorator' retrieved from /home/nico/.local/lib/python3.10/site-packages/airflow/example_dags/example_sensor_decorator.py
[2024-10-28T12:37:27.994-0300] {logging_mixin.py:190} INFO - [2024-10-28T12:37:27.994-0300] {dag.py:3239} INFO - Sync 1 DAGs
[2024-10-28T12:37:28.044-0300] {logging_mixin.py:190} INFO - [2024-10-28T12:37:28.043-0300] {dag.py:4180} INFO - Setting next_dagrun for example_sensor_decorator to None, run_after=None
[2024-10-28T12:37:28.518-0300] {processor.py:208} INFO - Processing /home/nico/.local/lib/python3.10/site-packages/airflow/example_dags/example_sensor_decorator.py took 0.621 seconds
[2024-10-28T12:40:03.357-0300] {processor.py:186} INFO - Started process (PID=7972) to work on /home/nico/.local/lib/python3.10/site-packages/airflow/example_dags/example_sensor_decorator.py
[2024-10-28T12:40:03.360-0300] {processor.py:914} INFO - Processing file /home/nico/.local/lib/python3.10/site-packages/airflow/example_dags/example_sensor_decorator.py for tasks to queue
[2024-10-28T12:40:03.369-0300] {logging_mixin.py:190} INFO - [2024-10-28T12:40:03.368-0300] {dagbag.py:588} INFO - Filling up the DagBag from /home/nico/.local/lib/python3.10/site-packages/airflow/example_dags/example_sensor_decorator.py
[2024-10-28T12:40:03.388-0300] {processor.py:925} INFO - DAG(s) 'example_sensor_decorator' retrieved from /home/nico/.local/lib/python3.10/site-packages/airflow/example_dags/example_sensor_decorator.py
[2024-10-28T12:40:03.442-0300] {logging_mixin.py:190} INFO - [2024-10-28T12:40:03.441-0300] {dag.py:3239} INFO - Sync 1 DAGs
[2024-10-28T12:40:03.475-0300] {logging_mixin.py:190} INFO - [2024-10-28T12:40:03.475-0300] {dag.py:4180} INFO - Setting next_dagrun for example_sensor_decorator to None, run_after=None
[2024-10-28T12:40:03.589-0300] {processor.py:208} INFO - Processing /home/nico/.local/lib/python3.10/site-packages/airflow/example_dags/example_sensor_decorator.py took 0.255 seconds
