[2024-10-28T12:19:02.832-0300] {processor.py:186} INFO - Started process (PID=2338) to work on /home/nico/.local/lib/python3.10/site-packages/airflow/example_dags/example_trigger_target_dag.py
[2024-10-28T12:19:02.834-0300] {processor.py:914} INFO - Processing file /home/nico/.local/lib/python3.10/site-packages/airflow/example_dags/example_trigger_target_dag.py for tasks to queue
[2024-10-28T12:19:02.839-0300] {logging_mixin.py:190} INFO - [2024-10-28T12:19:02.837-0300] {dagbag.py:588} INFO - Filling up the DagBag from /home/nico/.local/lib/python3.10/site-packages/airflow/example_dags/example_trigger_target_dag.py
[2024-10-28T12:19:02.855-0300] {processor.py:925} INFO - DAG(s) 'example_trigger_target_dag' retrieved from /home/nico/.local/lib/python3.10/site-packages/airflow/example_dags/example_trigger_target_dag.py
[2024-10-28T12:19:02.913-0300] {logging_mixin.py:190} INFO - [2024-10-28T12:19:02.912-0300] {dag.py:3239} INFO - Sync 1 DAGs
[2024-10-28T12:19:02.943-0300] {logging_mixin.py:190} INFO - [2024-10-28T12:19:02.943-0300] {dag.py:4180} INFO - Setting next_dagrun for example_trigger_target_dag to None, run_after=None
[2024-10-28T12:19:03.053-0300] {processor.py:208} INFO - Processing /home/nico/.local/lib/python3.10/site-packages/airflow/example_dags/example_trigger_target_dag.py took 0.235 seconds
[2024-10-28T12:20:35.821-0300] {processor.py:186} INFO - Started process (PID=2754) to work on /home/nico/.local/lib/python3.10/site-packages/airflow/example_dags/example_trigger_target_dag.py
[2024-10-28T12:20:35.825-0300] {processor.py:914} INFO - Processing file /home/nico/.local/lib/python3.10/site-packages/airflow/example_dags/example_trigger_target_dag.py for tasks to queue
[2024-10-28T12:20:35.830-0300] {logging_mixin.py:190} INFO - [2024-10-28T12:20:35.829-0300] {dagbag.py:588} INFO - Filling up the DagBag from /home/nico/.local/lib/python3.10/site-packages/airflow/example_dags/example_trigger_target_dag.py
[2024-10-28T12:20:35.845-0300] {processor.py:925} INFO - DAG(s) 'example_trigger_target_dag' retrieved from /home/nico/.local/lib/python3.10/site-packages/airflow/example_dags/example_trigger_target_dag.py
[2024-10-28T12:20:35.905-0300] {logging_mixin.py:190} INFO - [2024-10-28T12:20:35.905-0300] {dag.py:3239} INFO - Sync 1 DAGs
[2024-10-28T12:20:35.940-0300] {logging_mixin.py:190} INFO - [2024-10-28T12:20:35.940-0300] {dag.py:4180} INFO - Setting next_dagrun for example_trigger_target_dag to None, run_after=None
[2024-10-28T12:20:36.057-0300] {processor.py:208} INFO - Processing /home/nico/.local/lib/python3.10/site-packages/airflow/example_dags/example_trigger_target_dag.py took 0.271 seconds
[2024-10-28T12:22:41.183-0300] {processor.py:186} INFO - Started process (PID=3393) to work on /home/nico/.local/lib/python3.10/site-packages/airflow/example_dags/example_trigger_target_dag.py
[2024-10-28T12:22:41.185-0300] {processor.py:914} INFO - Processing file /home/nico/.local/lib/python3.10/site-packages/airflow/example_dags/example_trigger_target_dag.py for tasks to queue
[2024-10-28T12:22:41.190-0300] {logging_mixin.py:190} INFO - [2024-10-28T12:22:41.189-0300] {dagbag.py:588} INFO - Filling up the DagBag from /home/nico/.local/lib/python3.10/site-packages/airflow/example_dags/example_trigger_target_dag.py
[2024-10-28T12:22:41.205-0300] {processor.py:925} INFO - DAG(s) 'example_trigger_target_dag' retrieved from /home/nico/.local/lib/python3.10/site-packages/airflow/example_dags/example_trigger_target_dag.py
[2024-10-28T12:22:41.257-0300] {logging_mixin.py:190} INFO - [2024-10-28T12:22:41.257-0300] {dag.py:3239} INFO - Sync 1 DAGs
[2024-10-28T12:22:41.287-0300] {logging_mixin.py:190} INFO - [2024-10-28T12:22:41.287-0300] {dag.py:4180} INFO - Setting next_dagrun for example_trigger_target_dag to None, run_after=None
[2024-10-28T12:22:41.412-0300] {processor.py:208} INFO - Processing /home/nico/.local/lib/python3.10/site-packages/airflow/example_dags/example_trigger_target_dag.py took 0.243 seconds
[2024-10-28T12:24:35.009-0300] {processor.py:186} INFO - Started process (PID=3906) to work on /home/nico/.local/lib/python3.10/site-packages/airflow/example_dags/example_trigger_target_dag.py
[2024-10-28T12:24:35.012-0300] {processor.py:914} INFO - Processing file /home/nico/.local/lib/python3.10/site-packages/airflow/example_dags/example_trigger_target_dag.py for tasks to queue
[2024-10-28T12:24:35.016-0300] {logging_mixin.py:190} INFO - [2024-10-28T12:24:35.015-0300] {dagbag.py:588} INFO - Filling up the DagBag from /home/nico/.local/lib/python3.10/site-packages/airflow/example_dags/example_trigger_target_dag.py
[2024-10-28T12:24:35.033-0300] {processor.py:925} INFO - DAG(s) 'example_trigger_target_dag' retrieved from /home/nico/.local/lib/python3.10/site-packages/airflow/example_dags/example_trigger_target_dag.py
[2024-10-28T12:24:35.096-0300] {logging_mixin.py:190} INFO - [2024-10-28T12:24:35.096-0300] {dag.py:3239} INFO - Sync 1 DAGs
[2024-10-28T12:24:35.131-0300] {logging_mixin.py:190} INFO - [2024-10-28T12:24:35.130-0300] {dag.py:4180} INFO - Setting next_dagrun for example_trigger_target_dag to None, run_after=None
[2024-10-28T12:24:35.264-0300] {processor.py:208} INFO - Processing /home/nico/.local/lib/python3.10/site-packages/airflow/example_dags/example_trigger_target_dag.py took 0.272 seconds
[2024-10-28T12:27:01.470-0300] {processor.py:186} INFO - Started process (PID=4548) to work on /home/nico/.local/lib/python3.10/site-packages/airflow/example_dags/example_trigger_target_dag.py
[2024-10-28T12:27:01.473-0300] {processor.py:914} INFO - Processing file /home/nico/.local/lib/python3.10/site-packages/airflow/example_dags/example_trigger_target_dag.py for tasks to queue
[2024-10-28T12:27:01.484-0300] {logging_mixin.py:190} INFO - [2024-10-28T12:27:01.482-0300] {dagbag.py:588} INFO - Filling up the DagBag from /home/nico/.local/lib/python3.10/site-packages/airflow/example_dags/example_trigger_target_dag.py
[2024-10-28T12:27:01.515-0300] {processor.py:925} INFO - DAG(s) 'example_trigger_target_dag' retrieved from /home/nico/.local/lib/python3.10/site-packages/airflow/example_dags/example_trigger_target_dag.py
[2024-10-28T12:27:01.636-0300] {logging_mixin.py:190} INFO - [2024-10-28T12:27:01.635-0300] {dag.py:3239} INFO - Sync 1 DAGs
[2024-10-28T12:27:01.762-0300] {logging_mixin.py:190} INFO - [2024-10-28T12:27:01.761-0300] {dag.py:4180} INFO - Setting next_dagrun for example_trigger_target_dag to None, run_after=None
[2024-10-28T12:27:01.925-0300] {processor.py:208} INFO - Processing /home/nico/.local/lib/python3.10/site-packages/airflow/example_dags/example_trigger_target_dag.py took 0.472 seconds
[2024-10-28T12:29:13.695-0300] {processor.py:186} INFO - Started process (PID=5136) to work on /home/nico/.local/lib/python3.10/site-packages/airflow/example_dags/example_trigger_target_dag.py
[2024-10-28T12:29:13.703-0300] {processor.py:914} INFO - Processing file /home/nico/.local/lib/python3.10/site-packages/airflow/example_dags/example_trigger_target_dag.py for tasks to queue
[2024-10-28T12:29:13.712-0300] {logging_mixin.py:190} INFO - [2024-10-28T12:29:13.710-0300] {dagbag.py:588} INFO - Filling up the DagBag from /home/nico/.local/lib/python3.10/site-packages/airflow/example_dags/example_trigger_target_dag.py
[2024-10-28T12:29:13.750-0300] {processor.py:925} INFO - DAG(s) 'example_trigger_target_dag' retrieved from /home/nico/.local/lib/python3.10/site-packages/airflow/example_dags/example_trigger_target_dag.py
[2024-10-28T12:29:13.798-0300] {logging_mixin.py:190} INFO - [2024-10-28T12:29:13.797-0300] {dag.py:3239} INFO - Sync 1 DAGs
[2024-10-28T12:29:13.828-0300] {logging_mixin.py:190} INFO - [2024-10-28T12:29:13.828-0300] {dag.py:4180} INFO - Setting next_dagrun for example_trigger_target_dag to None, run_after=None
[2024-10-28T12:29:13.945-0300] {processor.py:208} INFO - Processing /home/nico/.local/lib/python3.10/site-packages/airflow/example_dags/example_trigger_target_dag.py took 0.309 seconds
[2024-10-28T12:31:55.428-0300] {processor.py:186} INFO - Started process (PID=5843) to work on /home/nico/.local/lib/python3.10/site-packages/airflow/example_dags/example_trigger_target_dag.py
[2024-10-28T12:31:55.430-0300] {processor.py:914} INFO - Processing file /home/nico/.local/lib/python3.10/site-packages/airflow/example_dags/example_trigger_target_dag.py for tasks to queue
[2024-10-28T12:31:55.433-0300] {logging_mixin.py:190} INFO - [2024-10-28T12:31:55.432-0300] {dagbag.py:588} INFO - Filling up the DagBag from /home/nico/.local/lib/python3.10/site-packages/airflow/example_dags/example_trigger_target_dag.py
[2024-10-28T12:31:55.446-0300] {processor.py:925} INFO - DAG(s) 'example_trigger_target_dag' retrieved from /home/nico/.local/lib/python3.10/site-packages/airflow/example_dags/example_trigger_target_dag.py
[2024-10-28T12:31:55.501-0300] {logging_mixin.py:190} INFO - [2024-10-28T12:31:55.500-0300] {dag.py:3239} INFO - Sync 1 DAGs
[2024-10-28T12:31:55.545-0300] {logging_mixin.py:190} INFO - [2024-10-28T12:31:55.544-0300] {dag.py:4180} INFO - Setting next_dagrun for example_trigger_target_dag to None, run_after=None
[2024-10-28T12:31:55.663-0300] {processor.py:208} INFO - Processing /home/nico/.local/lib/python3.10/site-packages/airflow/example_dags/example_trigger_target_dag.py took 0.254 seconds
[2024-10-28T12:34:13.389-0300] {processor.py:186} INFO - Started process (PID=6467) to work on /home/nico/.local/lib/python3.10/site-packages/airflow/example_dags/example_trigger_target_dag.py
[2024-10-28T12:34:13.392-0300] {processor.py:914} INFO - Processing file /home/nico/.local/lib/python3.10/site-packages/airflow/example_dags/example_trigger_target_dag.py for tasks to queue
[2024-10-28T12:34:13.395-0300] {logging_mixin.py:190} INFO - [2024-10-28T12:34:13.394-0300] {dagbag.py:588} INFO - Filling up the DagBag from /home/nico/.local/lib/python3.10/site-packages/airflow/example_dags/example_trigger_target_dag.py
[2024-10-28T12:34:13.411-0300] {processor.py:925} INFO - DAG(s) 'example_trigger_target_dag' retrieved from /home/nico/.local/lib/python3.10/site-packages/airflow/example_dags/example_trigger_target_dag.py
[2024-10-28T12:34:13.483-0300] {logging_mixin.py:190} INFO - [2024-10-28T12:34:13.482-0300] {dag.py:3239} INFO - Sync 1 DAGs
[2024-10-28T12:34:13.534-0300] {logging_mixin.py:190} INFO - [2024-10-28T12:34:13.534-0300] {dag.py:4180} INFO - Setting next_dagrun for example_trigger_target_dag to None, run_after=None
[2024-10-28T12:34:13.645-0300] {processor.py:208} INFO - Processing /home/nico/.local/lib/python3.10/site-packages/airflow/example_dags/example_trigger_target_dag.py took 0.269 seconds
[2024-10-28T12:37:26.251-0300] {processor.py:186} INFO - Started process (PID=7285) to work on /home/nico/.local/lib/python3.10/site-packages/airflow/example_dags/example_trigger_target_dag.py
[2024-10-28T12:37:26.254-0300] {processor.py:914} INFO - Processing file /home/nico/.local/lib/python3.10/site-packages/airflow/example_dags/example_trigger_target_dag.py for tasks to queue
[2024-10-28T12:37:26.259-0300] {logging_mixin.py:190} INFO - [2024-10-28T12:37:26.257-0300] {dagbag.py:588} INFO - Filling up the DagBag from /home/nico/.local/lib/python3.10/site-packages/airflow/example_dags/example_trigger_target_dag.py
[2024-10-28T12:37:26.275-0300] {processor.py:925} INFO - DAG(s) 'example_trigger_target_dag' retrieved from /home/nico/.local/lib/python3.10/site-packages/airflow/example_dags/example_trigger_target_dag.py
[2024-10-28T12:37:26.330-0300] {logging_mixin.py:190} INFO - [2024-10-28T12:37:26.329-0300] {dag.py:3239} INFO - Sync 1 DAGs
[2024-10-28T12:37:26.373-0300] {logging_mixin.py:190} INFO - [2024-10-28T12:37:26.373-0300] {dag.py:4180} INFO - Setting next_dagrun for example_trigger_target_dag to None, run_after=None
[2024-10-28T12:37:26.507-0300] {processor.py:208} INFO - Processing /home/nico/.local/lib/python3.10/site-packages/airflow/example_dags/example_trigger_target_dag.py took 0.271 seconds
[2024-10-28T12:40:01.553-0300] {processor.py:186} INFO - Started process (PID=7964) to work on /home/nico/.local/lib/python3.10/site-packages/airflow/example_dags/example_trigger_target_dag.py
[2024-10-28T12:40:01.555-0300] {processor.py:914} INFO - Processing file /home/nico/.local/lib/python3.10/site-packages/airflow/example_dags/example_trigger_target_dag.py for tasks to queue
[2024-10-28T12:40:01.558-0300] {logging_mixin.py:190} INFO - [2024-10-28T12:40:01.558-0300] {dagbag.py:588} INFO - Filling up the DagBag from /home/nico/.local/lib/python3.10/site-packages/airflow/example_dags/example_trigger_target_dag.py
[2024-10-28T12:40:01.572-0300] {processor.py:925} INFO - DAG(s) 'example_trigger_target_dag' retrieved from /home/nico/.local/lib/python3.10/site-packages/airflow/example_dags/example_trigger_target_dag.py
[2024-10-28T12:40:01.626-0300] {logging_mixin.py:190} INFO - [2024-10-28T12:40:01.625-0300] {dag.py:3239} INFO - Sync 1 DAGs
[2024-10-28T12:40:01.699-0300] {logging_mixin.py:190} INFO - [2024-10-28T12:40:01.698-0300] {dag.py:4180} INFO - Setting next_dagrun for example_trigger_target_dag to None, run_after=None
[2024-10-28T12:40:01.844-0300] {processor.py:208} INFO - Processing /home/nico/.local/lib/python3.10/site-packages/airflow/example_dags/example_trigger_target_dag.py took 0.307 seconds
[2024-10-28T19:48:05.055-0300] {processor.py:186} INFO - Started process (PID=36682) to work on /home/nico/.local/lib/python3.10/site-packages/airflow/example_dags/example_trigger_target_dag.py
[2024-10-28T19:48:05.058-0300] {processor.py:914} INFO - Processing file /home/nico/.local/lib/python3.10/site-packages/airflow/example_dags/example_trigger_target_dag.py for tasks to queue
[2024-10-28T19:48:05.066-0300] {logging_mixin.py:190} INFO - [2024-10-28T19:48:05.064-0300] {dagbag.py:588} INFO - Filling up the DagBag from /home/nico/.local/lib/python3.10/site-packages/airflow/example_dags/example_trigger_target_dag.py
[2024-10-28T19:48:05.083-0300] {processor.py:925} INFO - DAG(s) 'example_trigger_target_dag' retrieved from /home/nico/.local/lib/python3.10/site-packages/airflow/example_dags/example_trigger_target_dag.py
[2024-10-28T19:48:05.146-0300] {logging_mixin.py:190} INFO - [2024-10-28T19:48:05.146-0300] {dag.py:3239} INFO - Sync 1 DAGs
[2024-10-28T19:48:05.184-0300] {logging_mixin.py:190} INFO - [2024-10-28T19:48:05.184-0300] {dag.py:4180} INFO - Setting next_dagrun for example_trigger_target_dag to None, run_after=None
[2024-10-28T19:48:05.327-0300] {processor.py:208} INFO - Processing /home/nico/.local/lib/python3.10/site-packages/airflow/example_dags/example_trigger_target_dag.py took 0.284 seconds
[2024-10-28T19:52:01.421-0300] {processor.py:186} INFO - Started process (PID=37720) to work on /home/nico/.local/lib/python3.10/site-packages/airflow/example_dags/example_trigger_target_dag.py
[2024-10-28T19:52:01.426-0300] {processor.py:914} INFO - Processing file /home/nico/.local/lib/python3.10/site-packages/airflow/example_dags/example_trigger_target_dag.py for tasks to queue
[2024-10-28T19:52:01.434-0300] {logging_mixin.py:190} INFO - [2024-10-28T19:52:01.433-0300] {dagbag.py:588} INFO - Filling up the DagBag from /home/nico/.local/lib/python3.10/site-packages/airflow/example_dags/example_trigger_target_dag.py
[2024-10-28T19:52:01.469-0300] {processor.py:925} INFO - DAG(s) 'example_trigger_target_dag' retrieved from /home/nico/.local/lib/python3.10/site-packages/airflow/example_dags/example_trigger_target_dag.py
[2024-10-28T19:52:01.558-0300] {logging_mixin.py:190} INFO - [2024-10-28T19:52:01.557-0300] {dag.py:3239} INFO - Sync 1 DAGs
[2024-10-28T19:52:01.644-0300] {logging_mixin.py:190} INFO - [2024-10-28T19:52:01.644-0300] {dag.py:4180} INFO - Setting next_dagrun for example_trigger_target_dag to None, run_after=None
[2024-10-28T19:52:01.837-0300] {processor.py:208} INFO - Processing /home/nico/.local/lib/python3.10/site-packages/airflow/example_dags/example_trigger_target_dag.py took 0.439 seconds
[2024-10-28T19:54:41.820-0300] {processor.py:186} INFO - Started process (PID=38421) to work on /home/nico/.local/lib/python3.10/site-packages/airflow/example_dags/example_trigger_target_dag.py
[2024-10-28T19:54:41.824-0300] {processor.py:914} INFO - Processing file /home/nico/.local/lib/python3.10/site-packages/airflow/example_dags/example_trigger_target_dag.py for tasks to queue
[2024-10-28T19:54:41.832-0300] {logging_mixin.py:190} INFO - [2024-10-28T19:54:41.831-0300] {dagbag.py:588} INFO - Filling up the DagBag from /home/nico/.local/lib/python3.10/site-packages/airflow/example_dags/example_trigger_target_dag.py
[2024-10-28T19:54:41.859-0300] {processor.py:925} INFO - DAG(s) 'example_trigger_target_dag' retrieved from /home/nico/.local/lib/python3.10/site-packages/airflow/example_dags/example_trigger_target_dag.py
[2024-10-28T19:54:41.929-0300] {logging_mixin.py:190} INFO - [2024-10-28T19:54:41.928-0300] {dag.py:3239} INFO - Sync 1 DAGs
[2024-10-28T19:54:41.976-0300] {logging_mixin.py:190} INFO - [2024-10-28T19:54:41.975-0300] {dag.py:4180} INFO - Setting next_dagrun for example_trigger_target_dag to None, run_after=None
[2024-10-28T19:54:42.103-0300] {processor.py:208} INFO - Processing /home/nico/.local/lib/python3.10/site-packages/airflow/example_dags/example_trigger_target_dag.py took 0.303 seconds
[2024-10-28T19:57:52.999-0300] {processor.py:186} INFO - Started process (PID=39239) to work on /home/nico/.local/lib/python3.10/site-packages/airflow/example_dags/example_trigger_target_dag.py
[2024-10-28T19:57:53.002-0300] {processor.py:914} INFO - Processing file /home/nico/.local/lib/python3.10/site-packages/airflow/example_dags/example_trigger_target_dag.py for tasks to queue
[2024-10-28T19:57:53.008-0300] {logging_mixin.py:190} INFO - [2024-10-28T19:57:53.007-0300] {dagbag.py:588} INFO - Filling up the DagBag from /home/nico/.local/lib/python3.10/site-packages/airflow/example_dags/example_trigger_target_dag.py
[2024-10-28T19:57:53.037-0300] {processor.py:925} INFO - DAG(s) 'example_trigger_target_dag' retrieved from /home/nico/.local/lib/python3.10/site-packages/airflow/example_dags/example_trigger_target_dag.py
[2024-10-28T19:57:53.087-0300] {logging_mixin.py:190} INFO - [2024-10-28T19:57:53.087-0300] {dag.py:3239} INFO - Sync 1 DAGs
[2024-10-28T19:57:53.152-0300] {logging_mixin.py:190} INFO - [2024-10-28T19:57:53.152-0300] {dag.py:4180} INFO - Setting next_dagrun for example_trigger_target_dag to None, run_after=None
[2024-10-28T19:57:53.323-0300] {processor.py:208} INFO - Processing /home/nico/.local/lib/python3.10/site-packages/airflow/example_dags/example_trigger_target_dag.py took 0.345 seconds
[2024-10-28T20:00:47.049-0300] {processor.py:186} INFO - Started process (PID=39994) to work on /home/nico/.local/lib/python3.10/site-packages/airflow/example_dags/example_trigger_target_dag.py
[2024-10-28T20:00:47.068-0300] {processor.py:914} INFO - Processing file /home/nico/.local/lib/python3.10/site-packages/airflow/example_dags/example_trigger_target_dag.py for tasks to queue
[2024-10-28T20:00:47.079-0300] {logging_mixin.py:190} INFO - [2024-10-28T20:00:47.078-0300] {dagbag.py:588} INFO - Filling up the DagBag from /home/nico/.local/lib/python3.10/site-packages/airflow/example_dags/example_trigger_target_dag.py
[2024-10-28T20:00:47.120-0300] {processor.py:925} INFO - DAG(s) 'example_trigger_target_dag' retrieved from /home/nico/.local/lib/python3.10/site-packages/airflow/example_dags/example_trigger_target_dag.py
[2024-10-28T20:00:47.232-0300] {logging_mixin.py:190} INFO - [2024-10-28T20:00:47.231-0300] {dag.py:3239} INFO - Sync 1 DAGs
[2024-10-28T20:00:47.288-0300] {logging_mixin.py:190} INFO - [2024-10-28T20:00:47.287-0300] {dag.py:4180} INFO - Setting next_dagrun for example_trigger_target_dag to None, run_after=None
[2024-10-28T20:00:47.429-0300] {processor.py:208} INFO - Processing /home/nico/.local/lib/python3.10/site-packages/airflow/example_dags/example_trigger_target_dag.py took 0.419 seconds
[2024-10-28T20:03:49.551-0300] {processor.py:186} INFO - Started process (PID=40780) to work on /home/nico/.local/lib/python3.10/site-packages/airflow/example_dags/example_trigger_target_dag.py
[2024-10-28T20:03:49.565-0300] {processor.py:914} INFO - Processing file /home/nico/.local/lib/python3.10/site-packages/airflow/example_dags/example_trigger_target_dag.py for tasks to queue
[2024-10-28T20:03:49.579-0300] {logging_mixin.py:190} INFO - [2024-10-28T20:03:49.578-0300] {dagbag.py:588} INFO - Filling up the DagBag from /home/nico/.local/lib/python3.10/site-packages/airflow/example_dags/example_trigger_target_dag.py
[2024-10-28T20:03:49.648-0300] {processor.py:925} INFO - DAG(s) 'example_trigger_target_dag' retrieved from /home/nico/.local/lib/python3.10/site-packages/airflow/example_dags/example_trigger_target_dag.py
[2024-10-28T20:03:49.818-0300] {logging_mixin.py:190} INFO - [2024-10-28T20:03:49.817-0300] {dag.py:3239} INFO - Sync 1 DAGs
[2024-10-28T20:03:49.949-0300] {logging_mixin.py:190} INFO - [2024-10-28T20:03:49.949-0300] {dag.py:4180} INFO - Setting next_dagrun for example_trigger_target_dag to None, run_after=None
[2024-10-28T20:03:50.314-0300] {processor.py:208} INFO - Processing /home/nico/.local/lib/python3.10/site-packages/airflow/example_dags/example_trigger_target_dag.py took 0.808 seconds
[2024-10-28T20:06:42.953-0300] {processor.py:186} INFO - Started process (PID=41532) to work on /home/nico/.local/lib/python3.10/site-packages/airflow/example_dags/example_trigger_target_dag.py
[2024-10-28T20:06:42.957-0300] {processor.py:914} INFO - Processing file /home/nico/.local/lib/python3.10/site-packages/airflow/example_dags/example_trigger_target_dag.py for tasks to queue
[2024-10-28T20:06:42.974-0300] {logging_mixin.py:190} INFO - [2024-10-28T20:06:42.973-0300] {dagbag.py:588} INFO - Filling up the DagBag from /home/nico/.local/lib/python3.10/site-packages/airflow/example_dags/example_trigger_target_dag.py
[2024-10-28T20:06:43.038-0300] {processor.py:925} INFO - DAG(s) 'example_trigger_target_dag' retrieved from /home/nico/.local/lib/python3.10/site-packages/airflow/example_dags/example_trigger_target_dag.py
[2024-10-28T20:06:43.172-0300] {logging_mixin.py:190} INFO - [2024-10-28T20:06:43.171-0300] {dag.py:3239} INFO - Sync 1 DAGs
[2024-10-28T20:06:43.254-0300] {logging_mixin.py:190} INFO - [2024-10-28T20:06:43.254-0300] {dag.py:4180} INFO - Setting next_dagrun for example_trigger_target_dag to None, run_after=None
[2024-10-28T20:06:43.577-0300] {processor.py:208} INFO - Processing /home/nico/.local/lib/python3.10/site-packages/airflow/example_dags/example_trigger_target_dag.py took 0.671 seconds
[2024-10-28T20:09:46.538-0300] {processor.py:186} INFO - Started process (PID=42328) to work on /home/nico/.local/lib/python3.10/site-packages/airflow/example_dags/example_trigger_target_dag.py
[2024-10-28T20:09:46.541-0300] {processor.py:914} INFO - Processing file /home/nico/.local/lib/python3.10/site-packages/airflow/example_dags/example_trigger_target_dag.py for tasks to queue
[2024-10-28T20:09:46.547-0300] {logging_mixin.py:190} INFO - [2024-10-28T20:09:46.546-0300] {dagbag.py:588} INFO - Filling up the DagBag from /home/nico/.local/lib/python3.10/site-packages/airflow/example_dags/example_trigger_target_dag.py
[2024-10-28T20:09:46.565-0300] {processor.py:925} INFO - DAG(s) 'example_trigger_target_dag' retrieved from /home/nico/.local/lib/python3.10/site-packages/airflow/example_dags/example_trigger_target_dag.py
[2024-10-28T20:09:46.619-0300] {logging_mixin.py:190} INFO - [2024-10-28T20:09:46.619-0300] {dag.py:3239} INFO - Sync 1 DAGs
[2024-10-28T20:09:46.659-0300] {logging_mixin.py:190} INFO - [2024-10-28T20:09:46.658-0300] {dag.py:4180} INFO - Setting next_dagrun for example_trigger_target_dag to None, run_after=None
[2024-10-28T20:09:46.779-0300] {processor.py:208} INFO - Processing /home/nico/.local/lib/python3.10/site-packages/airflow/example_dags/example_trigger_target_dag.py took 0.258 seconds
[2024-10-28T20:13:14.027-0300] {processor.py:186} INFO - Started process (PID=43211) to work on /home/nico/.local/lib/python3.10/site-packages/airflow/example_dags/example_trigger_target_dag.py
[2024-10-28T20:13:14.039-0300] {processor.py:914} INFO - Processing file /home/nico/.local/lib/python3.10/site-packages/airflow/example_dags/example_trigger_target_dag.py for tasks to queue
[2024-10-28T20:13:14.048-0300] {logging_mixin.py:190} INFO - [2024-10-28T20:13:14.046-0300] {dagbag.py:588} INFO - Filling up the DagBag from /home/nico/.local/lib/python3.10/site-packages/airflow/example_dags/example_trigger_target_dag.py
[2024-10-28T20:13:14.099-0300] {processor.py:925} INFO - DAG(s) 'example_trigger_target_dag' retrieved from /home/nico/.local/lib/python3.10/site-packages/airflow/example_dags/example_trigger_target_dag.py
[2024-10-28T20:13:14.165-0300] {logging_mixin.py:190} INFO - [2024-10-28T20:13:14.165-0300] {dag.py:3239} INFO - Sync 1 DAGs
[2024-10-28T20:13:14.435-0300] {logging_mixin.py:190} INFO - [2024-10-28T20:13:14.434-0300] {dag.py:4180} INFO - Setting next_dagrun for example_trigger_target_dag to None, run_after=None
[2024-10-28T20:13:15.551-0300] {processor.py:208} INFO - Processing /home/nico/.local/lib/python3.10/site-packages/airflow/example_dags/example_trigger_target_dag.py took 1.563 seconds
[2024-10-28T20:15:02.071-0300] {processor.py:186} INFO - Started process (PID=43687) to work on /home/nico/.local/lib/python3.10/site-packages/airflow/example_dags/example_trigger_target_dag.py
[2024-10-28T20:15:02.074-0300] {processor.py:914} INFO - Processing file /home/nico/.local/lib/python3.10/site-packages/airflow/example_dags/example_trigger_target_dag.py for tasks to queue
[2024-10-28T20:15:02.080-0300] {logging_mixin.py:190} INFO - [2024-10-28T20:15:02.079-0300] {dagbag.py:588} INFO - Filling up the DagBag from /home/nico/.local/lib/python3.10/site-packages/airflow/example_dags/example_trigger_target_dag.py
[2024-10-28T20:15:02.099-0300] {processor.py:925} INFO - DAG(s) 'example_trigger_target_dag' retrieved from /home/nico/.local/lib/python3.10/site-packages/airflow/example_dags/example_trigger_target_dag.py
[2024-10-28T20:15:02.159-0300] {logging_mixin.py:190} INFO - [2024-10-28T20:15:02.159-0300] {dag.py:3239} INFO - Sync 1 DAGs
[2024-10-28T20:15:02.194-0300] {logging_mixin.py:190} INFO - [2024-10-28T20:15:02.193-0300] {dag.py:4180} INFO - Setting next_dagrun for example_trigger_target_dag to None, run_after=None
[2024-10-28T20:15:02.316-0300] {processor.py:208} INFO - Processing /home/nico/.local/lib/python3.10/site-packages/airflow/example_dags/example_trigger_target_dag.py took 0.259 seconds
[2024-10-28T20:24:16.235-0300] {processor.py:186} INFO - Started process (PID=46155) to work on /home/nico/.local/lib/python3.10/site-packages/airflow/example_dags/example_trigger_target_dag.py
[2024-10-28T20:24:16.239-0300] {processor.py:914} INFO - Processing file /home/nico/.local/lib/python3.10/site-packages/airflow/example_dags/example_trigger_target_dag.py for tasks to queue
[2024-10-28T20:24:16.244-0300] {logging_mixin.py:190} INFO - [2024-10-28T20:24:16.243-0300] {dagbag.py:588} INFO - Filling up the DagBag from /home/nico/.local/lib/python3.10/site-packages/airflow/example_dags/example_trigger_target_dag.py
[2024-10-28T20:24:16.260-0300] {processor.py:925} INFO - DAG(s) 'example_trigger_target_dag' retrieved from /home/nico/.local/lib/python3.10/site-packages/airflow/example_dags/example_trigger_target_dag.py
[2024-10-28T20:24:16.326-0300] {logging_mixin.py:190} INFO - [2024-10-28T20:24:16.325-0300] {dag.py:3239} INFO - Sync 1 DAGs
[2024-10-28T20:24:16.360-0300] {logging_mixin.py:190} INFO - [2024-10-28T20:24:16.359-0300] {dag.py:4180} INFO - Setting next_dagrun for example_trigger_target_dag to None, run_after=None
[2024-10-28T20:24:16.478-0300] {processor.py:208} INFO - Processing /home/nico/.local/lib/python3.10/site-packages/airflow/example_dags/example_trigger_target_dag.py took 0.257 seconds
[2024-10-28T20:25:50.963-0300] {processor.py:186} INFO - Started process (PID=46579) to work on /home/nico/.local/lib/python3.10/site-packages/airflow/example_dags/example_trigger_target_dag.py
[2024-10-28T20:25:50.965-0300] {processor.py:914} INFO - Processing file /home/nico/.local/lib/python3.10/site-packages/airflow/example_dags/example_trigger_target_dag.py for tasks to queue
[2024-10-28T20:25:50.969-0300] {logging_mixin.py:190} INFO - [2024-10-28T20:25:50.968-0300] {dagbag.py:588} INFO - Filling up the DagBag from /home/nico/.local/lib/python3.10/site-packages/airflow/example_dags/example_trigger_target_dag.py
[2024-10-28T20:25:50.981-0300] {processor.py:925} INFO - DAG(s) 'example_trigger_target_dag' retrieved from /home/nico/.local/lib/python3.10/site-packages/airflow/example_dags/example_trigger_target_dag.py
[2024-10-28T20:25:51.042-0300] {logging_mixin.py:190} INFO - [2024-10-28T20:25:51.041-0300] {dag.py:3239} INFO - Sync 1 DAGs
[2024-10-28T20:25:51.096-0300] {logging_mixin.py:190} INFO - [2024-10-28T20:25:51.096-0300] {dag.py:4180} INFO - Setting next_dagrun for example_trigger_target_dag to None, run_after=None
[2024-10-28T20:25:51.226-0300] {processor.py:208} INFO - Processing /home/nico/.local/lib/python3.10/site-packages/airflow/example_dags/example_trigger_target_dag.py took 0.281 seconds
[2024-10-28T20:27:55.201-0300] {processor.py:186} INFO - Started process (PID=47135) to work on /home/nico/.local/lib/python3.10/site-packages/airflow/example_dags/example_trigger_target_dag.py
[2024-10-28T20:27:55.206-0300] {processor.py:914} INFO - Processing file /home/nico/.local/lib/python3.10/site-packages/airflow/example_dags/example_trigger_target_dag.py for tasks to queue
[2024-10-28T20:27:55.210-0300] {logging_mixin.py:190} INFO - [2024-10-28T20:27:55.209-0300] {dagbag.py:588} INFO - Filling up the DagBag from /home/nico/.local/lib/python3.10/site-packages/airflow/example_dags/example_trigger_target_dag.py
[2024-10-28T20:27:55.226-0300] {processor.py:925} INFO - DAG(s) 'example_trigger_target_dag' retrieved from /home/nico/.local/lib/python3.10/site-packages/airflow/example_dags/example_trigger_target_dag.py
[2024-10-28T20:27:55.284-0300] {logging_mixin.py:190} INFO - [2024-10-28T20:27:55.284-0300] {dag.py:3239} INFO - Sync 1 DAGs
[2024-10-28T20:27:55.322-0300] {logging_mixin.py:190} INFO - [2024-10-28T20:27:55.322-0300] {dag.py:4180} INFO - Setting next_dagrun for example_trigger_target_dag to None, run_after=None
[2024-10-28T20:27:55.509-0300] {processor.py:208} INFO - Processing /home/nico/.local/lib/python3.10/site-packages/airflow/example_dags/example_trigger_target_dag.py took 0.328 seconds
[2024-10-28T20:30:23.599-0300] {processor.py:186} INFO - Started process (PID=47793) to work on /home/nico/.local/lib/python3.10/site-packages/airflow/example_dags/example_trigger_target_dag.py
[2024-10-28T20:30:23.603-0300] {processor.py:914} INFO - Processing file /home/nico/.local/lib/python3.10/site-packages/airflow/example_dags/example_trigger_target_dag.py for tasks to queue
[2024-10-28T20:30:23.617-0300] {logging_mixin.py:190} INFO - [2024-10-28T20:30:23.616-0300] {dagbag.py:588} INFO - Filling up the DagBag from /home/nico/.local/lib/python3.10/site-packages/airflow/example_dags/example_trigger_target_dag.py
[2024-10-28T20:30:23.655-0300] {processor.py:925} INFO - DAG(s) 'example_trigger_target_dag' retrieved from /home/nico/.local/lib/python3.10/site-packages/airflow/example_dags/example_trigger_target_dag.py
[2024-10-28T20:30:23.791-0300] {logging_mixin.py:190} INFO - [2024-10-28T20:30:23.790-0300] {dag.py:3239} INFO - Sync 1 DAGs
[2024-10-28T20:30:23.841-0300] {logging_mixin.py:190} INFO - [2024-10-28T20:30:23.840-0300] {dag.py:4180} INFO - Setting next_dagrun for example_trigger_target_dag to None, run_after=None
[2024-10-28T20:30:24.108-0300] {processor.py:208} INFO - Processing /home/nico/.local/lib/python3.10/site-packages/airflow/example_dags/example_trigger_target_dag.py took 0.538 seconds
[2024-10-28T20:32:55.617-0300] {processor.py:186} INFO - Started process (PID=48464) to work on /home/nico/.local/lib/python3.10/site-packages/airflow/example_dags/example_trigger_target_dag.py
[2024-10-28T20:32:55.620-0300] {processor.py:914} INFO - Processing file /home/nico/.local/lib/python3.10/site-packages/airflow/example_dags/example_trigger_target_dag.py for tasks to queue
[2024-10-28T20:32:55.626-0300] {logging_mixin.py:190} INFO - [2024-10-28T20:32:55.625-0300] {dagbag.py:588} INFO - Filling up the DagBag from /home/nico/.local/lib/python3.10/site-packages/airflow/example_dags/example_trigger_target_dag.py
[2024-10-28T20:32:55.667-0300] {processor.py:925} INFO - DAG(s) 'example_trigger_target_dag' retrieved from /home/nico/.local/lib/python3.10/site-packages/airflow/example_dags/example_trigger_target_dag.py
[2024-10-28T20:32:55.758-0300] {logging_mixin.py:190} INFO - [2024-10-28T20:32:55.757-0300] {dag.py:3239} INFO - Sync 1 DAGs
[2024-10-28T20:32:55.805-0300] {logging_mixin.py:190} INFO - [2024-10-28T20:32:55.804-0300] {dag.py:4180} INFO - Setting next_dagrun for example_trigger_target_dag to None, run_after=None
[2024-10-28T20:32:55.958-0300] {processor.py:208} INFO - Processing /home/nico/.local/lib/python3.10/site-packages/airflow/example_dags/example_trigger_target_dag.py took 0.362 seconds
