[2024-10-27T22:18:08.223-0300] {processor.py:186} INFO - Started process (PID=1228) to work on /home/nico/.local/lib/python3.10/site-packages/airflow/example_dags/example_time_delta_sensor_async.py
[2024-10-27T22:18:08.225-0300] {processor.py:914} INFO - Processing file /home/nico/.local/lib/python3.10/site-packages/airflow/example_dags/example_time_delta_sensor_async.py for tasks to queue
[2024-10-27T22:18:08.239-0300] {logging_mixin.py:190} INFO - [2024-10-27T22:18:08.236-0300] {dagbag.py:588} INFO - Filling up the DagBag from /home/nico/.local/lib/python3.10/site-packages/airflow/example_dags/example_time_delta_sensor_async.py
[2024-10-27T22:18:08.283-0300] {processor.py:925} INFO - DAG(s) 'example_time_delta_sensor_async' retrieved from /home/nico/.local/lib/python3.10/site-packages/airflow/example_dags/example_time_delta_sensor_async.py
[2024-10-27T22:18:08.337-0300] {logging_mixin.py:190} INFO - [2024-10-27T22:18:08.337-0300] {dag.py:3239} INFO - Sync 1 DAGs
[2024-10-27T22:18:08.369-0300] {logging_mixin.py:190} INFO - [2024-10-27T22:18:08.368-0300] {dag.py:4180} INFO - Setting next_dagrun for example_time_delta_sensor_async to None, run_after=None
[2024-10-27T22:18:08.502-0300] {processor.py:208} INFO - Processing /home/nico/.local/lib/python3.10/site-packages/airflow/example_dags/example_time_delta_sensor_async.py took 0.342 seconds
[2024-10-28T12:18:40.662-0300] {processor.py:186} INFO - Started process (PID=2237) to work on /home/nico/.local/lib/python3.10/site-packages/airflow/example_dags/example_time_delta_sensor_async.py
[2024-10-28T12:18:40.665-0300] {processor.py:914} INFO - Processing file /home/nico/.local/lib/python3.10/site-packages/airflow/example_dags/example_time_delta_sensor_async.py for tasks to queue
[2024-10-28T12:18:40.670-0300] {logging_mixin.py:190} INFO - [2024-10-28T12:18:40.669-0300] {dagbag.py:588} INFO - Filling up the DagBag from /home/nico/.local/lib/python3.10/site-packages/airflow/example_dags/example_time_delta_sensor_async.py
[2024-10-28T12:18:40.684-0300] {processor.py:925} INFO - DAG(s) 'example_time_delta_sensor_async' retrieved from /home/nico/.local/lib/python3.10/site-packages/airflow/example_dags/example_time_delta_sensor_async.py
[2024-10-28T12:18:40.748-0300] {logging_mixin.py:190} INFO - [2024-10-28T12:18:40.747-0300] {dag.py:3239} INFO - Sync 1 DAGs
[2024-10-28T12:18:40.784-0300] {logging_mixin.py:190} INFO - [2024-10-28T12:18:40.783-0300] {dag.py:4180} INFO - Setting next_dagrun for example_time_delta_sensor_async to None, run_after=None
[2024-10-28T12:18:40.910-0300] {processor.py:208} INFO - Processing /home/nico/.local/lib/python3.10/site-packages/airflow/example_dags/example_time_delta_sensor_async.py took 0.270 seconds
[2024-10-28T12:20:15.243-0300] {processor.py:186} INFO - Started process (PID=2661) to work on /home/nico/.local/lib/python3.10/site-packages/airflow/example_dags/example_time_delta_sensor_async.py
[2024-10-28T12:20:15.245-0300] {processor.py:914} INFO - Processing file /home/nico/.local/lib/python3.10/site-packages/airflow/example_dags/example_time_delta_sensor_async.py for tasks to queue
[2024-10-28T12:20:15.249-0300] {logging_mixin.py:190} INFO - [2024-10-28T12:20:15.248-0300] {dagbag.py:588} INFO - Filling up the DagBag from /home/nico/.local/lib/python3.10/site-packages/airflow/example_dags/example_time_delta_sensor_async.py
[2024-10-28T12:20:15.260-0300] {processor.py:925} INFO - DAG(s) 'example_time_delta_sensor_async' retrieved from /home/nico/.local/lib/python3.10/site-packages/airflow/example_dags/example_time_delta_sensor_async.py
[2024-10-28T12:20:15.318-0300] {logging_mixin.py:190} INFO - [2024-10-28T12:20:15.317-0300] {dag.py:3239} INFO - Sync 1 DAGs
[2024-10-28T12:20:15.350-0300] {logging_mixin.py:190} INFO - [2024-10-28T12:20:15.350-0300] {dag.py:4180} INFO - Setting next_dagrun for example_time_delta_sensor_async to None, run_after=None
[2024-10-28T12:20:15.552-0300] {processor.py:208} INFO - Processing /home/nico/.local/lib/python3.10/site-packages/airflow/example_dags/example_time_delta_sensor_async.py took 0.324 seconds
[2024-10-28T12:21:20.004-0300] {processor.py:186} INFO - Started process (PID=2950) to work on /home/nico/.local/lib/python3.10/site-packages/airflow/example_dags/example_time_delta_sensor_async.py
[2024-10-28T12:21:20.007-0300] {processor.py:914} INFO - Processing file /home/nico/.local/lib/python3.10/site-packages/airflow/example_dags/example_time_delta_sensor_async.py for tasks to queue
[2024-10-28T12:21:20.010-0300] {logging_mixin.py:190} INFO - [2024-10-28T12:21:20.009-0300] {dagbag.py:588} INFO - Filling up the DagBag from /home/nico/.local/lib/python3.10/site-packages/airflow/example_dags/example_time_delta_sensor_async.py
[2024-10-28T12:21:20.023-0300] {processor.py:925} INFO - DAG(s) 'example_time_delta_sensor_async' retrieved from /home/nico/.local/lib/python3.10/site-packages/airflow/example_dags/example_time_delta_sensor_async.py
[2024-10-28T12:21:20.087-0300] {logging_mixin.py:190} INFO - [2024-10-28T12:21:20.086-0300] {dag.py:3239} INFO - Sync 1 DAGs
[2024-10-28T12:21:20.125-0300] {logging_mixin.py:190} INFO - [2024-10-28T12:21:20.124-0300] {dag.py:4180} INFO - Setting next_dagrun for example_time_delta_sensor_async to None, run_after=None
[2024-10-28T12:21:20.256-0300] {processor.py:208} INFO - Processing /home/nico/.local/lib/python3.10/site-packages/airflow/example_dags/example_time_delta_sensor_async.py took 0.285 seconds
[2024-10-28T12:22:21.190-0300] {processor.py:186} INFO - Started process (PID=3225) to work on /home/nico/.local/lib/python3.10/site-packages/airflow/example_dags/example_time_delta_sensor_async.py
[2024-10-28T12:22:21.192-0300] {processor.py:914} INFO - Processing file /home/nico/.local/lib/python3.10/site-packages/airflow/example_dags/example_time_delta_sensor_async.py for tasks to queue
[2024-10-28T12:22:21.196-0300] {logging_mixin.py:190} INFO - [2024-10-28T12:22:21.195-0300] {dagbag.py:588} INFO - Filling up the DagBag from /home/nico/.local/lib/python3.10/site-packages/airflow/example_dags/example_time_delta_sensor_async.py
[2024-10-28T12:22:21.206-0300] {processor.py:925} INFO - DAG(s) 'example_time_delta_sensor_async' retrieved from /home/nico/.local/lib/python3.10/site-packages/airflow/example_dags/example_time_delta_sensor_async.py
[2024-10-28T12:22:21.264-0300] {logging_mixin.py:190} INFO - [2024-10-28T12:22:21.264-0300] {dag.py:3239} INFO - Sync 1 DAGs
[2024-10-28T12:22:21.305-0300] {logging_mixin.py:190} INFO - [2024-10-28T12:22:21.304-0300] {dag.py:4180} INFO - Setting next_dagrun for example_time_delta_sensor_async to None, run_after=None
[2024-10-28T12:22:21.439-0300] {processor.py:208} INFO - Processing /home/nico/.local/lib/python3.10/site-packages/airflow/example_dags/example_time_delta_sensor_async.py took 0.264 seconds
[2024-10-28T12:23:22.383-0300] {processor.py:186} INFO - Started process (PID=3577) to work on /home/nico/.local/lib/python3.10/site-packages/airflow/example_dags/example_time_delta_sensor_async.py
[2024-10-28T12:23:22.385-0300] {processor.py:914} INFO - Processing file /home/nico/.local/lib/python3.10/site-packages/airflow/example_dags/example_time_delta_sensor_async.py for tasks to queue
[2024-10-28T12:23:22.389-0300] {logging_mixin.py:190} INFO - [2024-10-28T12:23:22.388-0300] {dagbag.py:588} INFO - Filling up the DagBag from /home/nico/.local/lib/python3.10/site-packages/airflow/example_dags/example_time_delta_sensor_async.py
[2024-10-28T12:23:22.402-0300] {processor.py:925} INFO - DAG(s) 'example_time_delta_sensor_async' retrieved from /home/nico/.local/lib/python3.10/site-packages/airflow/example_dags/example_time_delta_sensor_async.py
[2024-10-28T12:23:22.468-0300] {logging_mixin.py:190} INFO - [2024-10-28T12:23:22.467-0300] {dag.py:3239} INFO - Sync 1 DAGs
[2024-10-28T12:23:22.506-0300] {logging_mixin.py:190} INFO - [2024-10-28T12:23:22.505-0300] {dag.py:4180} INFO - Setting next_dagrun for example_time_delta_sensor_async to None, run_after=None
[2024-10-28T12:23:22.637-0300] {processor.py:208} INFO - Processing /home/nico/.local/lib/python3.10/site-packages/airflow/example_dags/example_time_delta_sensor_async.py took 0.267 seconds
[2024-10-28T12:25:25.397-0300] {processor.py:186} INFO - Started process (PID=4128) to work on /home/nico/.local/lib/python3.10/site-packages/airflow/example_dags/example_time_delta_sensor_async.py
[2024-10-28T12:25:25.400-0300] {processor.py:914} INFO - Processing file /home/nico/.local/lib/python3.10/site-packages/airflow/example_dags/example_time_delta_sensor_async.py for tasks to queue
[2024-10-28T12:25:25.404-0300] {logging_mixin.py:190} INFO - [2024-10-28T12:25:25.403-0300] {dagbag.py:588} INFO - Filling up the DagBag from /home/nico/.local/lib/python3.10/site-packages/airflow/example_dags/example_time_delta_sensor_async.py
[2024-10-28T12:25:25.414-0300] {processor.py:925} INFO - DAG(s) 'example_time_delta_sensor_async' retrieved from /home/nico/.local/lib/python3.10/site-packages/airflow/example_dags/example_time_delta_sensor_async.py
[2024-10-28T12:25:25.465-0300] {logging_mixin.py:190} INFO - [2024-10-28T12:25:25.465-0300] {dag.py:3239} INFO - Sync 1 DAGs
[2024-10-28T12:25:25.497-0300] {logging_mixin.py:190} INFO - [2024-10-28T12:25:25.496-0300] {dag.py:4180} INFO - Setting next_dagrun for example_time_delta_sensor_async to None, run_after=None
[2024-10-28T12:25:26.790-0300] {processor.py:208} INFO - Processing /home/nico/.local/lib/python3.10/site-packages/airflow/example_dags/example_time_delta_sensor_async.py took 1.406 seconds
[2024-10-28T12:26:41.443-0300] {processor.py:186} INFO - Started process (PID=4458) to work on /home/nico/.local/lib/python3.10/site-packages/airflow/example_dags/example_time_delta_sensor_async.py
[2024-10-28T12:26:41.446-0300] {processor.py:914} INFO - Processing file /home/nico/.local/lib/python3.10/site-packages/airflow/example_dags/example_time_delta_sensor_async.py for tasks to queue
[2024-10-28T12:26:41.449-0300] {logging_mixin.py:190} INFO - [2024-10-28T12:26:41.448-0300] {dagbag.py:588} INFO - Filling up the DagBag from /home/nico/.local/lib/python3.10/site-packages/airflow/example_dags/example_time_delta_sensor_async.py
[2024-10-28T12:26:41.459-0300] {processor.py:925} INFO - DAG(s) 'example_time_delta_sensor_async' retrieved from /home/nico/.local/lib/python3.10/site-packages/airflow/example_dags/example_time_delta_sensor_async.py
[2024-10-28T12:26:41.528-0300] {logging_mixin.py:190} INFO - [2024-10-28T12:26:41.527-0300] {dag.py:3239} INFO - Sync 1 DAGs
[2024-10-28T12:26:41.577-0300] {logging_mixin.py:190} INFO - [2024-10-28T12:26:41.576-0300] {dag.py:4180} INFO - Setting next_dagrun for example_time_delta_sensor_async to None, run_after=None
[2024-10-28T12:26:41.698-0300] {processor.py:208} INFO - Processing /home/nico/.local/lib/python3.10/site-packages/airflow/example_dags/example_time_delta_sensor_async.py took 0.267 seconds
[2024-10-28T12:27:51.991-0300] {processor.py:186} INFO - Started process (PID=4770) to work on /home/nico/.local/lib/python3.10/site-packages/airflow/example_dags/example_time_delta_sensor_async.py
[2024-10-28T12:27:51.994-0300] {processor.py:914} INFO - Processing file /home/nico/.local/lib/python3.10/site-packages/airflow/example_dags/example_time_delta_sensor_async.py for tasks to queue
[2024-10-28T12:27:52.000-0300] {logging_mixin.py:190} INFO - [2024-10-28T12:27:51.998-0300] {dagbag.py:588} INFO - Filling up the DagBag from /home/nico/.local/lib/python3.10/site-packages/airflow/example_dags/example_time_delta_sensor_async.py
[2024-10-28T12:27:52.019-0300] {processor.py:925} INFO - DAG(s) 'example_time_delta_sensor_async' retrieved from /home/nico/.local/lib/python3.10/site-packages/airflow/example_dags/example_time_delta_sensor_async.py
[2024-10-28T12:27:52.108-0300] {logging_mixin.py:190} INFO - [2024-10-28T12:27:52.107-0300] {dag.py:3239} INFO - Sync 1 DAGs
[2024-10-28T12:27:52.146-0300] {logging_mixin.py:190} INFO - [2024-10-28T12:27:52.145-0300] {dag.py:4180} INFO - Setting next_dagrun for example_time_delta_sensor_async to None, run_after=None
[2024-10-28T12:27:52.257-0300] {processor.py:208} INFO - Processing /home/nico/.local/lib/python3.10/site-packages/airflow/example_dags/example_time_delta_sensor_async.py took 0.284 seconds
[2024-10-28T12:28:54.577-0300] {processor.py:186} INFO - Started process (PID=5050) to work on /home/nico/.local/lib/python3.10/site-packages/airflow/example_dags/example_time_delta_sensor_async.py
[2024-10-28T12:28:54.580-0300] {processor.py:914} INFO - Processing file /home/nico/.local/lib/python3.10/site-packages/airflow/example_dags/example_time_delta_sensor_async.py for tasks to queue
[2024-10-28T12:28:54.584-0300] {logging_mixin.py:190} INFO - [2024-10-28T12:28:54.583-0300] {dagbag.py:588} INFO - Filling up the DagBag from /home/nico/.local/lib/python3.10/site-packages/airflow/example_dags/example_time_delta_sensor_async.py
[2024-10-28T12:28:54.601-0300] {processor.py:925} INFO - DAG(s) 'example_time_delta_sensor_async' retrieved from /home/nico/.local/lib/python3.10/site-packages/airflow/example_dags/example_time_delta_sensor_async.py
[2024-10-28T12:28:54.675-0300] {logging_mixin.py:190} INFO - [2024-10-28T12:28:54.674-0300] {dag.py:3239} INFO - Sync 1 DAGs
[2024-10-28T12:28:54.718-0300] {logging_mixin.py:190} INFO - [2024-10-28T12:28:54.717-0300] {dag.py:4180} INFO - Setting next_dagrun for example_time_delta_sensor_async to None, run_after=None
[2024-10-28T12:28:54.846-0300] {processor.py:208} INFO - Processing /home/nico/.local/lib/python3.10/site-packages/airflow/example_dags/example_time_delta_sensor_async.py took 0.290 seconds
[2024-10-28T12:30:02.275-0300] {processor.py:186} INFO - Started process (PID=5351) to work on /home/nico/.local/lib/python3.10/site-packages/airflow/example_dags/example_time_delta_sensor_async.py
[2024-10-28T12:30:02.277-0300] {processor.py:914} INFO - Processing file /home/nico/.local/lib/python3.10/site-packages/airflow/example_dags/example_time_delta_sensor_async.py for tasks to queue
[2024-10-28T12:30:02.280-0300] {logging_mixin.py:190} INFO - [2024-10-28T12:30:02.280-0300] {dagbag.py:588} INFO - Filling up the DagBag from /home/nico/.local/lib/python3.10/site-packages/airflow/example_dags/example_time_delta_sensor_async.py
[2024-10-28T12:30:02.291-0300] {processor.py:925} INFO - DAG(s) 'example_time_delta_sensor_async' retrieved from /home/nico/.local/lib/python3.10/site-packages/airflow/example_dags/example_time_delta_sensor_async.py
[2024-10-28T12:30:02.348-0300] {logging_mixin.py:190} INFO - [2024-10-28T12:30:02.348-0300] {dag.py:3239} INFO - Sync 1 DAGs
[2024-10-28T12:30:02.400-0300] {logging_mixin.py:190} INFO - [2024-10-28T12:30:02.400-0300] {dag.py:4180} INFO - Setting next_dagrun for example_time_delta_sensor_async to None, run_after=None
[2024-10-28T12:30:02.520-0300] {processor.py:208} INFO - Processing /home/nico/.local/lib/python3.10/site-packages/airflow/example_dags/example_time_delta_sensor_async.py took 0.258 seconds
[2024-10-28T12:31:12.804-0300] {processor.py:186} INFO - Started process (PID=5662) to work on /home/nico/.local/lib/python3.10/site-packages/airflow/example_dags/example_time_delta_sensor_async.py
[2024-10-28T12:31:12.807-0300] {processor.py:914} INFO - Processing file /home/nico/.local/lib/python3.10/site-packages/airflow/example_dags/example_time_delta_sensor_async.py for tasks to queue
[2024-10-28T12:31:12.812-0300] {logging_mixin.py:190} INFO - [2024-10-28T12:31:12.811-0300] {dagbag.py:588} INFO - Filling up the DagBag from /home/nico/.local/lib/python3.10/site-packages/airflow/example_dags/example_time_delta_sensor_async.py
[2024-10-28T12:31:12.844-0300] {processor.py:925} INFO - DAG(s) 'example_time_delta_sensor_async' retrieved from /home/nico/.local/lib/python3.10/site-packages/airflow/example_dags/example_time_delta_sensor_async.py
[2024-10-28T12:31:13.018-0300] {logging_mixin.py:190} INFO - [2024-10-28T12:31:13.017-0300] {dag.py:3239} INFO - Sync 1 DAGs
[2024-10-28T12:31:13.088-0300] {logging_mixin.py:190} INFO - [2024-10-28T12:31:13.087-0300] {dag.py:4180} INFO - Setting next_dagrun for example_time_delta_sensor_async to None, run_after=None
[2024-10-28T12:31:14.249-0300] {processor.py:208} INFO - Processing /home/nico/.local/lib/python3.10/site-packages/airflow/example_dags/example_time_delta_sensor_async.py took 1.462 seconds
[2024-10-28T12:32:36.500-0300] {processor.py:186} INFO - Started process (PID=6027) to work on /home/nico/.local/lib/python3.10/site-packages/airflow/example_dags/example_time_delta_sensor_async.py
[2024-10-28T12:32:36.502-0300] {processor.py:914} INFO - Processing file /home/nico/.local/lib/python3.10/site-packages/airflow/example_dags/example_time_delta_sensor_async.py for tasks to queue
[2024-10-28T12:32:36.505-0300] {logging_mixin.py:190} INFO - [2024-10-28T12:32:36.505-0300] {dagbag.py:588} INFO - Filling up the DagBag from /home/nico/.local/lib/python3.10/site-packages/airflow/example_dags/example_time_delta_sensor_async.py
[2024-10-28T12:32:36.516-0300] {processor.py:925} INFO - DAG(s) 'example_time_delta_sensor_async' retrieved from /home/nico/.local/lib/python3.10/site-packages/airflow/example_dags/example_time_delta_sensor_async.py
[2024-10-28T12:32:36.571-0300] {logging_mixin.py:190} INFO - [2024-10-28T12:32:36.570-0300] {dag.py:3239} INFO - Sync 1 DAGs
[2024-10-28T12:32:36.601-0300] {logging_mixin.py:190} INFO - [2024-10-28T12:32:36.600-0300] {dag.py:4180} INFO - Setting next_dagrun for example_time_delta_sensor_async to None, run_after=None
[2024-10-28T12:32:36.745-0300] {processor.py:208} INFO - Processing /home/nico/.local/lib/python3.10/site-packages/airflow/example_dags/example_time_delta_sensor_async.py took 0.259 seconds
[2024-10-28T12:33:53.241-0300] {processor.py:186} INFO - Started process (PID=6376) to work on /home/nico/.local/lib/python3.10/site-packages/airflow/example_dags/example_time_delta_sensor_async.py
[2024-10-28T12:33:53.244-0300] {processor.py:914} INFO - Processing file /home/nico/.local/lib/python3.10/site-packages/airflow/example_dags/example_time_delta_sensor_async.py for tasks to queue
[2024-10-28T12:33:53.248-0300] {logging_mixin.py:190} INFO - [2024-10-28T12:33:53.247-0300] {dagbag.py:588} INFO - Filling up the DagBag from /home/nico/.local/lib/python3.10/site-packages/airflow/example_dags/example_time_delta_sensor_async.py
[2024-10-28T12:33:53.259-0300] {processor.py:925} INFO - DAG(s) 'example_time_delta_sensor_async' retrieved from /home/nico/.local/lib/python3.10/site-packages/airflow/example_dags/example_time_delta_sensor_async.py
[2024-10-28T12:33:53.307-0300] {logging_mixin.py:190} INFO - [2024-10-28T12:33:53.306-0300] {dag.py:3239} INFO - Sync 1 DAGs
[2024-10-28T12:33:53.339-0300] {logging_mixin.py:190} INFO - [2024-10-28T12:33:53.339-0300] {dag.py:4180} INFO - Setting next_dagrun for example_time_delta_sensor_async to None, run_after=None
[2024-10-28T12:33:53.459-0300] {processor.py:208} INFO - Processing /home/nico/.local/lib/python3.10/site-packages/airflow/example_dags/example_time_delta_sensor_async.py took 0.233 seconds
[2024-10-28T12:35:06.241-0300] {processor.py:186} INFO - Started process (PID=6696) to work on /home/nico/.local/lib/python3.10/site-packages/airflow/example_dags/example_time_delta_sensor_async.py
[2024-10-28T12:35:06.245-0300] {processor.py:914} INFO - Processing file /home/nico/.local/lib/python3.10/site-packages/airflow/example_dags/example_time_delta_sensor_async.py for tasks to queue
[2024-10-28T12:35:06.259-0300] {logging_mixin.py:190} INFO - [2024-10-28T12:35:06.258-0300] {dagbag.py:588} INFO - Filling up the DagBag from /home/nico/.local/lib/python3.10/site-packages/airflow/example_dags/example_time_delta_sensor_async.py
[2024-10-28T12:35:06.306-0300] {processor.py:925} INFO - DAG(s) 'example_time_delta_sensor_async' retrieved from /home/nico/.local/lib/python3.10/site-packages/airflow/example_dags/example_time_delta_sensor_async.py
[2024-10-28T12:35:06.485-0300] {logging_mixin.py:190} INFO - [2024-10-28T12:35:06.485-0300] {dag.py:3239} INFO - Sync 1 DAGs
[2024-10-28T12:35:06.538-0300] {logging_mixin.py:190} INFO - [2024-10-28T12:35:06.537-0300] {dag.py:4180} INFO - Setting next_dagrun for example_time_delta_sensor_async to None, run_after=None
[2024-10-28T12:35:06.693-0300] {processor.py:208} INFO - Processing /home/nico/.local/lib/python3.10/site-packages/airflow/example_dags/example_time_delta_sensor_async.py took 0.501 seconds
[2024-10-28T12:37:01.078-0300] {processor.py:186} INFO - Started process (PID=7174) to work on /home/nico/.local/lib/python3.10/site-packages/airflow/example_dags/example_time_delta_sensor_async.py
[2024-10-28T12:37:01.091-0300] {processor.py:914} INFO - Processing file /home/nico/.local/lib/python3.10/site-packages/airflow/example_dags/example_time_delta_sensor_async.py for tasks to queue
[2024-10-28T12:37:01.097-0300] {logging_mixin.py:190} INFO - [2024-10-28T12:37:01.095-0300] {dagbag.py:588} INFO - Filling up the DagBag from /home/nico/.local/lib/python3.10/site-packages/airflow/example_dags/example_time_delta_sensor_async.py
[2024-10-28T12:37:01.154-0300] {processor.py:925} INFO - DAG(s) 'example_time_delta_sensor_async' retrieved from /home/nico/.local/lib/python3.10/site-packages/airflow/example_dags/example_time_delta_sensor_async.py
[2024-10-28T12:37:01.291-0300] {logging_mixin.py:190} INFO - [2024-10-28T12:37:01.290-0300] {dag.py:3239} INFO - Sync 1 DAGs
[2024-10-28T12:37:01.343-0300] {logging_mixin.py:190} INFO - [2024-10-28T12:37:01.343-0300] {dag.py:4180} INFO - Setting next_dagrun for example_time_delta_sensor_async to None, run_after=None
[2024-10-28T12:37:01.567-0300] {processor.py:208} INFO - Processing /home/nico/.local/lib/python3.10/site-packages/airflow/example_dags/example_time_delta_sensor_async.py took 0.533 seconds
[2024-10-28T12:38:24.882-0300] {processor.py:186} INFO - Started process (PID=7542) to work on /home/nico/.local/lib/python3.10/site-packages/airflow/example_dags/example_time_delta_sensor_async.py
[2024-10-28T12:38:24.885-0300] {processor.py:914} INFO - Processing file /home/nico/.local/lib/python3.10/site-packages/airflow/example_dags/example_time_delta_sensor_async.py for tasks to queue
[2024-10-28T12:38:24.889-0300] {logging_mixin.py:190} INFO - [2024-10-28T12:38:24.888-0300] {dagbag.py:588} INFO - Filling up the DagBag from /home/nico/.local/lib/python3.10/site-packages/airflow/example_dags/example_time_delta_sensor_async.py
[2024-10-28T12:38:24.903-0300] {processor.py:925} INFO - DAG(s) 'example_time_delta_sensor_async' retrieved from /home/nico/.local/lib/python3.10/site-packages/airflow/example_dags/example_time_delta_sensor_async.py
[2024-10-28T12:38:24.953-0300] {logging_mixin.py:190} INFO - [2024-10-28T12:38:24.953-0300] {dag.py:3239} INFO - Sync 1 DAGs
[2024-10-28T12:38:24.987-0300] {logging_mixin.py:190} INFO - [2024-10-28T12:38:24.986-0300] {dag.py:4180} INFO - Setting next_dagrun for example_time_delta_sensor_async to None, run_after=None
[2024-10-28T12:38:25.117-0300] {processor.py:208} INFO - Processing /home/nico/.local/lib/python3.10/site-packages/airflow/example_dags/example_time_delta_sensor_async.py took 0.256 seconds
[2024-10-28T12:39:49.599-0300] {processor.py:186} INFO - Started process (PID=7910) to work on /home/nico/.local/lib/python3.10/site-packages/airflow/example_dags/example_time_delta_sensor_async.py
[2024-10-28T12:39:49.602-0300] {processor.py:914} INFO - Processing file /home/nico/.local/lib/python3.10/site-packages/airflow/example_dags/example_time_delta_sensor_async.py for tasks to queue
[2024-10-28T12:39:49.606-0300] {logging_mixin.py:190} INFO - [2024-10-28T12:39:49.605-0300] {dagbag.py:588} INFO - Filling up the DagBag from /home/nico/.local/lib/python3.10/site-packages/airflow/example_dags/example_time_delta_sensor_async.py
[2024-10-28T12:39:49.621-0300] {processor.py:925} INFO - DAG(s) 'example_time_delta_sensor_async' retrieved from /home/nico/.local/lib/python3.10/site-packages/airflow/example_dags/example_time_delta_sensor_async.py
[2024-10-28T12:39:49.677-0300] {logging_mixin.py:190} INFO - [2024-10-28T12:39:49.676-0300] {dag.py:3239} INFO - Sync 1 DAGs
[2024-10-28T12:39:49.708-0300] {logging_mixin.py:190} INFO - [2024-10-28T12:39:49.707-0300] {dag.py:4180} INFO - Setting next_dagrun for example_time_delta_sensor_async to None, run_after=None
[2024-10-28T12:39:49.834-0300] {processor.py:208} INFO - Processing /home/nico/.local/lib/python3.10/site-packages/airflow/example_dags/example_time_delta_sensor_async.py took 0.249 seconds
[2024-10-28T12:41:23.898-0300] {processor.py:186} INFO - Started process (PID=8319) to work on /home/nico/.local/lib/python3.10/site-packages/airflow/example_dags/example_time_delta_sensor_async.py
[2024-10-28T12:41:23.902-0300] {processor.py:914} INFO - Processing file /home/nico/.local/lib/python3.10/site-packages/airflow/example_dags/example_time_delta_sensor_async.py for tasks to queue
[2024-10-28T12:41:23.914-0300] {logging_mixin.py:190} INFO - [2024-10-28T12:41:23.913-0300] {dagbag.py:588} INFO - Filling up the DagBag from /home/nico/.local/lib/python3.10/site-packages/airflow/example_dags/example_time_delta_sensor_async.py
[2024-10-28T12:41:23.939-0300] {processor.py:925} INFO - DAG(s) 'example_time_delta_sensor_async' retrieved from /home/nico/.local/lib/python3.10/site-packages/airflow/example_dags/example_time_delta_sensor_async.py
[2024-10-28T12:41:24.092-0300] {logging_mixin.py:190} INFO - [2024-10-28T12:41:24.091-0300] {dag.py:3239} INFO - Sync 1 DAGs
[2024-10-28T12:41:24.241-0300] {logging_mixin.py:190} INFO - [2024-10-28T12:41:24.236-0300] {dag.py:4180} INFO - Setting next_dagrun for example_time_delta_sensor_async to None, run_after=None
[2024-10-28T12:41:24.435-0300] {processor.py:208} INFO - Processing /home/nico/.local/lib/python3.10/site-packages/airflow/example_dags/example_time_delta_sensor_async.py took 0.582 seconds
[2024-10-28T19:47:27.662-0300] {processor.py:186} INFO - Started process (PID=36523) to work on /home/nico/.local/lib/python3.10/site-packages/airflow/example_dags/example_time_delta_sensor_async.py
[2024-10-28T19:47:27.666-0300] {processor.py:914} INFO - Processing file /home/nico/.local/lib/python3.10/site-packages/airflow/example_dags/example_time_delta_sensor_async.py for tasks to queue
[2024-10-28T19:47:27.692-0300] {logging_mixin.py:190} INFO - [2024-10-28T19:47:27.684-0300] {dagbag.py:588} INFO - Filling up the DagBag from /home/nico/.local/lib/python3.10/site-packages/airflow/example_dags/example_time_delta_sensor_async.py
[2024-10-28T19:47:27.737-0300] {processor.py:925} INFO - DAG(s) 'example_time_delta_sensor_async' retrieved from /home/nico/.local/lib/python3.10/site-packages/airflow/example_dags/example_time_delta_sensor_async.py
[2024-10-28T19:47:27.854-0300] {logging_mixin.py:190} INFO - [2024-10-28T19:47:27.853-0300] {dag.py:3239} INFO - Sync 1 DAGs
[2024-10-28T19:47:27.997-0300] {logging_mixin.py:190} INFO - [2024-10-28T19:47:27.996-0300] {dag.py:4180} INFO - Setting next_dagrun for example_time_delta_sensor_async to None, run_after=None
[2024-10-28T19:47:28.690-0300] {processor.py:208} INFO - Processing /home/nico/.local/lib/python3.10/site-packages/airflow/example_dags/example_time_delta_sensor_async.py took 1.053 seconds
[2024-10-28T19:51:39.846-0300] {processor.py:186} INFO - Started process (PID=37622) to work on /home/nico/.local/lib/python3.10/site-packages/airflow/example_dags/example_time_delta_sensor_async.py
[2024-10-28T19:51:39.848-0300] {processor.py:914} INFO - Processing file /home/nico/.local/lib/python3.10/site-packages/airflow/example_dags/example_time_delta_sensor_async.py for tasks to queue
[2024-10-28T19:51:39.854-0300] {logging_mixin.py:190} INFO - [2024-10-28T19:51:39.853-0300] {dagbag.py:588} INFO - Filling up the DagBag from /home/nico/.local/lib/python3.10/site-packages/airflow/example_dags/example_time_delta_sensor_async.py
[2024-10-28T19:51:39.874-0300] {processor.py:925} INFO - DAG(s) 'example_time_delta_sensor_async' retrieved from /home/nico/.local/lib/python3.10/site-packages/airflow/example_dags/example_time_delta_sensor_async.py
[2024-10-28T19:51:39.931-0300] {logging_mixin.py:190} INFO - [2024-10-28T19:51:39.930-0300] {dag.py:3239} INFO - Sync 1 DAGs
[2024-10-28T19:51:39.973-0300] {logging_mixin.py:190} INFO - [2024-10-28T19:51:39.972-0300] {dag.py:4180} INFO - Setting next_dagrun for example_time_delta_sensor_async to None, run_after=None
[2024-10-28T19:51:40.108-0300] {processor.py:208} INFO - Processing /home/nico/.local/lib/python3.10/site-packages/airflow/example_dags/example_time_delta_sensor_async.py took 0.276 seconds
[2024-10-28T19:52:57.559-0300] {processor.py:186} INFO - Started process (PID=37965) to work on /home/nico/.local/lib/python3.10/site-packages/airflow/example_dags/example_time_delta_sensor_async.py
[2024-10-28T19:52:57.561-0300] {processor.py:914} INFO - Processing file /home/nico/.local/lib/python3.10/site-packages/airflow/example_dags/example_time_delta_sensor_async.py for tasks to queue
[2024-10-28T19:52:57.566-0300] {logging_mixin.py:190} INFO - [2024-10-28T19:52:57.565-0300] {dagbag.py:588} INFO - Filling up the DagBag from /home/nico/.local/lib/python3.10/site-packages/airflow/example_dags/example_time_delta_sensor_async.py
[2024-10-28T19:52:57.583-0300] {processor.py:925} INFO - DAG(s) 'example_time_delta_sensor_async' retrieved from /home/nico/.local/lib/python3.10/site-packages/airflow/example_dags/example_time_delta_sensor_async.py
[2024-10-28T19:52:57.661-0300] {logging_mixin.py:190} INFO - [2024-10-28T19:52:57.661-0300] {dag.py:3239} INFO - Sync 1 DAGs
[2024-10-28T19:52:57.737-0300] {logging_mixin.py:190} INFO - [2024-10-28T19:52:57.736-0300] {dag.py:4180} INFO - Setting next_dagrun for example_time_delta_sensor_async to None, run_after=None
[2024-10-28T19:52:57.882-0300] {processor.py:208} INFO - Processing /home/nico/.local/lib/python3.10/site-packages/airflow/example_dags/example_time_delta_sensor_async.py took 0.339 seconds
[2024-10-28T19:54:15.781-0300] {processor.py:186} INFO - Started process (PID=38310) to work on /home/nico/.local/lib/python3.10/site-packages/airflow/example_dags/example_time_delta_sensor_async.py
[2024-10-28T19:54:15.784-0300] {processor.py:914} INFO - Processing file /home/nico/.local/lib/python3.10/site-packages/airflow/example_dags/example_time_delta_sensor_async.py for tasks to queue
[2024-10-28T19:54:15.794-0300] {logging_mixin.py:190} INFO - [2024-10-28T19:54:15.793-0300] {dagbag.py:588} INFO - Filling up the DagBag from /home/nico/.local/lib/python3.10/site-packages/airflow/example_dags/example_time_delta_sensor_async.py
[2024-10-28T19:54:15.821-0300] {processor.py:925} INFO - DAG(s) 'example_time_delta_sensor_async' retrieved from /home/nico/.local/lib/python3.10/site-packages/airflow/example_dags/example_time_delta_sensor_async.py
[2024-10-28T19:54:15.899-0300] {logging_mixin.py:190} INFO - [2024-10-28T19:54:15.898-0300] {dag.py:3239} INFO - Sync 1 DAGs
[2024-10-28T19:54:15.959-0300] {logging_mixin.py:190} INFO - [2024-10-28T19:54:15.958-0300] {dag.py:4180} INFO - Setting next_dagrun for example_time_delta_sensor_async to None, run_after=None
[2024-10-28T19:54:16.147-0300] {processor.py:208} INFO - Processing /home/nico/.local/lib/python3.10/site-packages/airflow/example_dags/example_time_delta_sensor_async.py took 0.394 seconds
[2024-10-28T19:55:42.433-0300] {processor.py:186} INFO - Started process (PID=38682) to work on /home/nico/.local/lib/python3.10/site-packages/airflow/example_dags/example_time_delta_sensor_async.py
[2024-10-28T19:55:42.443-0300] {processor.py:914} INFO - Processing file /home/nico/.local/lib/python3.10/site-packages/airflow/example_dags/example_time_delta_sensor_async.py for tasks to queue
[2024-10-28T19:55:42.459-0300] {logging_mixin.py:190} INFO - [2024-10-28T19:55:42.457-0300] {dagbag.py:588} INFO - Filling up the DagBag from /home/nico/.local/lib/python3.10/site-packages/airflow/example_dags/example_time_delta_sensor_async.py
[2024-10-28T19:55:42.515-0300] {processor.py:925} INFO - DAG(s) 'example_time_delta_sensor_async' retrieved from /home/nico/.local/lib/python3.10/site-packages/airflow/example_dags/example_time_delta_sensor_async.py
[2024-10-28T19:55:42.627-0300] {logging_mixin.py:190} INFO - [2024-10-28T19:55:42.626-0300] {dag.py:3239} INFO - Sync 1 DAGs
[2024-10-28T19:55:42.708-0300] {logging_mixin.py:190} INFO - [2024-10-28T19:55:42.707-0300] {dag.py:4180} INFO - Setting next_dagrun for example_time_delta_sensor_async to None, run_after=None
[2024-10-28T19:55:42.965-0300] {processor.py:208} INFO - Processing /home/nico/.local/lib/python3.10/site-packages/airflow/example_dags/example_time_delta_sensor_async.py took 0.571 seconds
[2024-10-28T19:57:09.149-0300] {processor.py:186} INFO - Started process (PID=39059) to work on /home/nico/.local/lib/python3.10/site-packages/airflow/example_dags/example_time_delta_sensor_async.py
[2024-10-28T19:57:09.153-0300] {processor.py:914} INFO - Processing file /home/nico/.local/lib/python3.10/site-packages/airflow/example_dags/example_time_delta_sensor_async.py for tasks to queue
[2024-10-28T19:57:09.162-0300] {logging_mixin.py:190} INFO - [2024-10-28T19:57:09.160-0300] {dagbag.py:588} INFO - Filling up the DagBag from /home/nico/.local/lib/python3.10/site-packages/airflow/example_dags/example_time_delta_sensor_async.py
[2024-10-28T19:57:09.185-0300] {processor.py:925} INFO - DAG(s) 'example_time_delta_sensor_async' retrieved from /home/nico/.local/lib/python3.10/site-packages/airflow/example_dags/example_time_delta_sensor_async.py
[2024-10-28T19:57:09.264-0300] {logging_mixin.py:190} INFO - [2024-10-28T19:57:09.264-0300] {dag.py:3239} INFO - Sync 1 DAGs
[2024-10-28T19:57:09.310-0300] {logging_mixin.py:190} INFO - [2024-10-28T19:57:09.309-0300] {dag.py:4180} INFO - Setting next_dagrun for example_time_delta_sensor_async to None, run_after=None
[2024-10-28T19:57:09.491-0300] {processor.py:208} INFO - Processing /home/nico/.local/lib/python3.10/site-packages/airflow/example_dags/example_time_delta_sensor_async.py took 0.365 seconds
[2024-10-28T19:58:52.855-0300] {processor.py:186} INFO - Started process (PID=39500) to work on /home/nico/.local/lib/python3.10/site-packages/airflow/example_dags/example_time_delta_sensor_async.py
[2024-10-28T19:58:52.860-0300] {processor.py:914} INFO - Processing file /home/nico/.local/lib/python3.10/site-packages/airflow/example_dags/example_time_delta_sensor_async.py for tasks to queue
[2024-10-28T19:58:52.867-0300] {logging_mixin.py:190} INFO - [2024-10-28T19:58:52.866-0300] {dagbag.py:588} INFO - Filling up the DagBag from /home/nico/.local/lib/python3.10/site-packages/airflow/example_dags/example_time_delta_sensor_async.py
[2024-10-28T19:58:52.889-0300] {processor.py:925} INFO - DAG(s) 'example_time_delta_sensor_async' retrieved from /home/nico/.local/lib/python3.10/site-packages/airflow/example_dags/example_time_delta_sensor_async.py
[2024-10-28T19:58:52.949-0300] {logging_mixin.py:190} INFO - [2024-10-28T19:58:52.948-0300] {dag.py:3239} INFO - Sync 1 DAGs
[2024-10-28T19:58:52.989-0300] {logging_mixin.py:190} INFO - [2024-10-28T19:58:52.989-0300] {dag.py:4180} INFO - Setting next_dagrun for example_time_delta_sensor_async to None, run_after=None
[2024-10-28T19:58:53.134-0300] {processor.py:208} INFO - Processing /home/nico/.local/lib/python3.10/site-packages/airflow/example_dags/example_time_delta_sensor_async.py took 0.298 seconds
[2024-10-28T20:00:21.380-0300] {processor.py:186} INFO - Started process (PID=39883) to work on /home/nico/.local/lib/python3.10/site-packages/airflow/example_dags/example_time_delta_sensor_async.py
[2024-10-28T20:00:21.382-0300] {processor.py:914} INFO - Processing file /home/nico/.local/lib/python3.10/site-packages/airflow/example_dags/example_time_delta_sensor_async.py for tasks to queue
[2024-10-28T20:00:21.389-0300] {logging_mixin.py:190} INFO - [2024-10-28T20:00:21.388-0300] {dagbag.py:588} INFO - Filling up the DagBag from /home/nico/.local/lib/python3.10/site-packages/airflow/example_dags/example_time_delta_sensor_async.py
[2024-10-28T20:00:21.409-0300] {processor.py:925} INFO - DAG(s) 'example_time_delta_sensor_async' retrieved from /home/nico/.local/lib/python3.10/site-packages/airflow/example_dags/example_time_delta_sensor_async.py
[2024-10-28T20:00:21.474-0300] {logging_mixin.py:190} INFO - [2024-10-28T20:00:21.472-0300] {dag.py:3239} INFO - Sync 1 DAGs
[2024-10-28T20:00:21.538-0300] {logging_mixin.py:190} INFO - [2024-10-28T20:00:21.537-0300] {dag.py:4180} INFO - Setting next_dagrun for example_time_delta_sensor_async to None, run_after=None
[2024-10-28T20:00:21.718-0300] {processor.py:208} INFO - Processing /home/nico/.local/lib/python3.10/site-packages/airflow/example_dags/example_time_delta_sensor_async.py took 0.352 seconds
[2024-10-28T20:01:57.787-0300] {processor.py:186} INFO - Started process (PID=40299) to work on /home/nico/.local/lib/python3.10/site-packages/airflow/example_dags/example_time_delta_sensor_async.py
[2024-10-28T20:01:57.790-0300] {processor.py:914} INFO - Processing file /home/nico/.local/lib/python3.10/site-packages/airflow/example_dags/example_time_delta_sensor_async.py for tasks to queue
[2024-10-28T20:01:57.796-0300] {logging_mixin.py:190} INFO - [2024-10-28T20:01:57.796-0300] {dagbag.py:588} INFO - Filling up the DagBag from /home/nico/.local/lib/python3.10/site-packages/airflow/example_dags/example_time_delta_sensor_async.py
[2024-10-28T20:01:57.819-0300] {processor.py:925} INFO - DAG(s) 'example_time_delta_sensor_async' retrieved from /home/nico/.local/lib/python3.10/site-packages/airflow/example_dags/example_time_delta_sensor_async.py
[2024-10-28T20:01:57.941-0300] {logging_mixin.py:190} INFO - [2024-10-28T20:01:57.940-0300] {dag.py:3239} INFO - Sync 1 DAGs
[2024-10-28T20:01:58.064-0300] {logging_mixin.py:190} INFO - [2024-10-28T20:01:58.064-0300] {dag.py:4180} INFO - Setting next_dagrun for example_time_delta_sensor_async to None, run_after=None
[2024-10-28T20:01:58.430-0300] {processor.py:208} INFO - Processing /home/nico/.local/lib/python3.10/site-packages/airflow/example_dags/example_time_delta_sensor_async.py took 0.669 seconds
[2024-10-28T20:03:24.815-0300] {processor.py:186} INFO - Started process (PID=40675) to work on /home/nico/.local/lib/python3.10/site-packages/airflow/example_dags/example_time_delta_sensor_async.py
[2024-10-28T20:03:24.818-0300] {processor.py:914} INFO - Processing file /home/nico/.local/lib/python3.10/site-packages/airflow/example_dags/example_time_delta_sensor_async.py for tasks to queue
[2024-10-28T20:03:24.823-0300] {logging_mixin.py:190} INFO - [2024-10-28T20:03:24.822-0300] {dagbag.py:588} INFO - Filling up the DagBag from /home/nico/.local/lib/python3.10/site-packages/airflow/example_dags/example_time_delta_sensor_async.py
[2024-10-28T20:03:24.845-0300] {processor.py:925} INFO - DAG(s) 'example_time_delta_sensor_async' retrieved from /home/nico/.local/lib/python3.10/site-packages/airflow/example_dags/example_time_delta_sensor_async.py
[2024-10-28T20:03:24.919-0300] {logging_mixin.py:190} INFO - [2024-10-28T20:03:24.918-0300] {dag.py:3239} INFO - Sync 1 DAGs
[2024-10-28T20:03:24.963-0300] {logging_mixin.py:190} INFO - [2024-10-28T20:03:24.962-0300] {dag.py:4180} INFO - Setting next_dagrun for example_time_delta_sensor_async to None, run_after=None
[2024-10-28T20:03:25.104-0300] {processor.py:208} INFO - Processing /home/nico/.local/lib/python3.10/site-packages/airflow/example_dags/example_time_delta_sensor_async.py took 0.306 seconds
[2024-10-28T20:04:51.485-0300] {processor.py:186} INFO - Started process (PID=41049) to work on /home/nico/.local/lib/python3.10/site-packages/airflow/example_dags/example_time_delta_sensor_async.py
[2024-10-28T20:04:51.488-0300] {processor.py:914} INFO - Processing file /home/nico/.local/lib/python3.10/site-packages/airflow/example_dags/example_time_delta_sensor_async.py for tasks to queue
[2024-10-28T20:04:51.496-0300] {logging_mixin.py:190} INFO - [2024-10-28T20:04:51.495-0300] {dagbag.py:588} INFO - Filling up the DagBag from /home/nico/.local/lib/python3.10/site-packages/airflow/example_dags/example_time_delta_sensor_async.py
[2024-10-28T20:04:51.515-0300] {processor.py:925} INFO - DAG(s) 'example_time_delta_sensor_async' retrieved from /home/nico/.local/lib/python3.10/site-packages/airflow/example_dags/example_time_delta_sensor_async.py
[2024-10-28T20:04:51.571-0300] {logging_mixin.py:190} INFO - [2024-10-28T20:04:51.571-0300] {dag.py:3239} INFO - Sync 1 DAGs
[2024-10-28T20:04:51.610-0300] {logging_mixin.py:190} INFO - [2024-10-28T20:04:51.609-0300] {dag.py:4180} INFO - Setting next_dagrun for example_time_delta_sensor_async to None, run_after=None
[2024-10-28T20:04:51.731-0300] {processor.py:208} INFO - Processing /home/nico/.local/lib/python3.10/site-packages/airflow/example_dags/example_time_delta_sensor_async.py took 0.259 seconds
[2024-10-28T20:06:17.063-0300] {processor.py:186} INFO - Started process (PID=41423) to work on /home/nico/.local/lib/python3.10/site-packages/airflow/example_dags/example_time_delta_sensor_async.py
[2024-10-28T20:06:17.066-0300] {processor.py:914} INFO - Processing file /home/nico/.local/lib/python3.10/site-packages/airflow/example_dags/example_time_delta_sensor_async.py for tasks to queue
[2024-10-28T20:06:17.084-0300] {logging_mixin.py:190} INFO - [2024-10-28T20:06:17.083-0300] {dagbag.py:588} INFO - Filling up the DagBag from /home/nico/.local/lib/python3.10/site-packages/airflow/example_dags/example_time_delta_sensor_async.py
[2024-10-28T20:06:17.137-0300] {processor.py:925} INFO - DAG(s) 'example_time_delta_sensor_async' retrieved from /home/nico/.local/lib/python3.10/site-packages/airflow/example_dags/example_time_delta_sensor_async.py
[2024-10-28T20:06:17.242-0300] {logging_mixin.py:190} INFO - [2024-10-28T20:06:17.242-0300] {dag.py:3239} INFO - Sync 1 DAGs
[2024-10-28T20:06:17.283-0300] {logging_mixin.py:190} INFO - [2024-10-28T20:06:17.283-0300] {dag.py:4180} INFO - Setting next_dagrun for example_time_delta_sensor_async to None, run_after=None
[2024-10-28T20:06:17.472-0300] {processor.py:208} INFO - Processing /home/nico/.local/lib/python3.10/site-packages/airflow/example_dags/example_time_delta_sensor_async.py took 0.459 seconds
[2024-10-28T20:07:45.557-0300] {processor.py:186} INFO - Started process (PID=41804) to work on /home/nico/.local/lib/python3.10/site-packages/airflow/example_dags/example_time_delta_sensor_async.py
[2024-10-28T20:07:45.560-0300] {processor.py:914} INFO - Processing file /home/nico/.local/lib/python3.10/site-packages/airflow/example_dags/example_time_delta_sensor_async.py for tasks to queue
[2024-10-28T20:07:45.569-0300] {logging_mixin.py:190} INFO - [2024-10-28T20:07:45.566-0300] {dagbag.py:588} INFO - Filling up the DagBag from /home/nico/.local/lib/python3.10/site-packages/airflow/example_dags/example_time_delta_sensor_async.py
[2024-10-28T20:07:45.587-0300] {processor.py:925} INFO - DAG(s) 'example_time_delta_sensor_async' retrieved from /home/nico/.local/lib/python3.10/site-packages/airflow/example_dags/example_time_delta_sensor_async.py
[2024-10-28T20:07:45.662-0300] {logging_mixin.py:190} INFO - [2024-10-28T20:07:45.661-0300] {dag.py:3239} INFO - Sync 1 DAGs
[2024-10-28T20:07:45.704-0300] {logging_mixin.py:190} INFO - [2024-10-28T20:07:45.703-0300] {dag.py:4180} INFO - Setting next_dagrun for example_time_delta_sensor_async to None, run_after=None
[2024-10-28T20:07:45.836-0300] {processor.py:208} INFO - Processing /home/nico/.local/lib/python3.10/site-packages/airflow/example_dags/example_time_delta_sensor_async.py took 0.301 seconds
[2024-10-28T20:09:20.113-0300] {processor.py:186} INFO - Started process (PID=42213) to work on /home/nico/.local/lib/python3.10/site-packages/airflow/example_dags/example_time_delta_sensor_async.py
[2024-10-28T20:09:20.116-0300] {processor.py:914} INFO - Processing file /home/nico/.local/lib/python3.10/site-packages/airflow/example_dags/example_time_delta_sensor_async.py for tasks to queue
[2024-10-28T20:09:20.132-0300] {logging_mixin.py:190} INFO - [2024-10-28T20:09:20.131-0300] {dagbag.py:588} INFO - Filling up the DagBag from /home/nico/.local/lib/python3.10/site-packages/airflow/example_dags/example_time_delta_sensor_async.py
[2024-10-28T20:09:20.175-0300] {processor.py:925} INFO - DAG(s) 'example_time_delta_sensor_async' retrieved from /home/nico/.local/lib/python3.10/site-packages/airflow/example_dags/example_time_delta_sensor_async.py
[2024-10-28T20:09:20.274-0300] {logging_mixin.py:190} INFO - [2024-10-28T20:09:20.274-0300] {dag.py:3239} INFO - Sync 1 DAGs
[2024-10-28T20:09:20.353-0300] {logging_mixin.py:190} INFO - [2024-10-28T20:09:20.353-0300] {dag.py:4180} INFO - Setting next_dagrun for example_time_delta_sensor_async to None, run_after=None
[2024-10-28T20:09:20.557-0300] {processor.py:208} INFO - Processing /home/nico/.local/lib/python3.10/site-packages/airflow/example_dags/example_time_delta_sensor_async.py took 0.497 seconds
[2024-10-28T20:10:56.961-0300] {processor.py:186} INFO - Started process (PID=42631) to work on /home/nico/.local/lib/python3.10/site-packages/airflow/example_dags/example_time_delta_sensor_async.py
[2024-10-28T20:10:56.963-0300] {processor.py:914} INFO - Processing file /home/nico/.local/lib/python3.10/site-packages/airflow/example_dags/example_time_delta_sensor_async.py for tasks to queue
[2024-10-28T20:10:56.969-0300] {logging_mixin.py:190} INFO - [2024-10-28T20:10:56.967-0300] {dagbag.py:588} INFO - Filling up the DagBag from /home/nico/.local/lib/python3.10/site-packages/airflow/example_dags/example_time_delta_sensor_async.py
[2024-10-28T20:10:56.996-0300] {processor.py:925} INFO - DAG(s) 'example_time_delta_sensor_async' retrieved from /home/nico/.local/lib/python3.10/site-packages/airflow/example_dags/example_time_delta_sensor_async.py
[2024-10-28T20:10:57.076-0300] {logging_mixin.py:190} INFO - [2024-10-28T20:10:57.075-0300] {dag.py:3239} INFO - Sync 1 DAGs
[2024-10-28T20:10:57.120-0300] {logging_mixin.py:190} INFO - [2024-10-28T20:10:57.119-0300] {dag.py:4180} INFO - Setting next_dagrun for example_time_delta_sensor_async to None, run_after=None
[2024-10-28T20:10:57.270-0300] {processor.py:208} INFO - Processing /home/nico/.local/lib/python3.10/site-packages/airflow/example_dags/example_time_delta_sensor_async.py took 0.324 seconds
[2024-10-28T20:12:50.978-0300] {processor.py:186} INFO - Started process (PID=43110) to work on /home/nico/.local/lib/python3.10/site-packages/airflow/example_dags/example_time_delta_sensor_async.py
[2024-10-28T20:12:50.981-0300] {processor.py:914} INFO - Processing file /home/nico/.local/lib/python3.10/site-packages/airflow/example_dags/example_time_delta_sensor_async.py for tasks to queue
[2024-10-28T20:12:50.986-0300] {logging_mixin.py:190} INFO - [2024-10-28T20:12:50.985-0300] {dagbag.py:588} INFO - Filling up the DagBag from /home/nico/.local/lib/python3.10/site-packages/airflow/example_dags/example_time_delta_sensor_async.py
[2024-10-28T20:12:51.002-0300] {processor.py:925} INFO - DAG(s) 'example_time_delta_sensor_async' retrieved from /home/nico/.local/lib/python3.10/site-packages/airflow/example_dags/example_time_delta_sensor_async.py
[2024-10-28T20:12:51.052-0300] {logging_mixin.py:190} INFO - [2024-10-28T20:12:51.052-0300] {dag.py:3239} INFO - Sync 1 DAGs
[2024-10-28T20:12:51.086-0300] {logging_mixin.py:190} INFO - [2024-10-28T20:12:51.085-0300] {dag.py:4180} INFO - Setting next_dagrun for example_time_delta_sensor_async to None, run_after=None
[2024-10-28T20:12:51.206-0300] {processor.py:208} INFO - Processing /home/nico/.local/lib/python3.10/site-packages/airflow/example_dags/example_time_delta_sensor_async.py took 0.244 seconds
[2024-10-28T20:14:36.167-0300] {processor.py:186} INFO - Started process (PID=43572) to work on /home/nico/.local/lib/python3.10/site-packages/airflow/example_dags/example_time_delta_sensor_async.py
[2024-10-28T20:14:36.172-0300] {processor.py:914} INFO - Processing file /home/nico/.local/lib/python3.10/site-packages/airflow/example_dags/example_time_delta_sensor_async.py for tasks to queue
[2024-10-28T20:14:36.182-0300] {logging_mixin.py:190} INFO - [2024-10-28T20:14:36.180-0300] {dagbag.py:588} INFO - Filling up the DagBag from /home/nico/.local/lib/python3.10/site-packages/airflow/example_dags/example_time_delta_sensor_async.py
[2024-10-28T20:14:36.205-0300] {processor.py:925} INFO - DAG(s) 'example_time_delta_sensor_async' retrieved from /home/nico/.local/lib/python3.10/site-packages/airflow/example_dags/example_time_delta_sensor_async.py
[2024-10-28T20:14:36.269-0300] {logging_mixin.py:190} INFO - [2024-10-28T20:14:36.268-0300] {dag.py:3239} INFO - Sync 1 DAGs
[2024-10-28T20:14:36.309-0300] {logging_mixin.py:190} INFO - [2024-10-28T20:14:36.309-0300] {dag.py:4180} INFO - Setting next_dagrun for example_time_delta_sensor_async to None, run_after=None
[2024-10-28T20:14:36.620-0300] {processor.py:208} INFO - Processing /home/nico/.local/lib/python3.10/site-packages/airflow/example_dags/example_time_delta_sensor_async.py took 0.476 seconds
[2024-10-28T20:15:53.470-0300] {processor.py:186} INFO - Started process (PID=43913) to work on /home/nico/.local/lib/python3.10/site-packages/airflow/example_dags/example_time_delta_sensor_async.py
[2024-10-28T20:15:53.473-0300] {processor.py:914} INFO - Processing file /home/nico/.local/lib/python3.10/site-packages/airflow/example_dags/example_time_delta_sensor_async.py for tasks to queue
[2024-10-28T20:15:53.478-0300] {logging_mixin.py:190} INFO - [2024-10-28T20:15:53.477-0300] {dagbag.py:588} INFO - Filling up the DagBag from /home/nico/.local/lib/python3.10/site-packages/airflow/example_dags/example_time_delta_sensor_async.py
[2024-10-28T20:15:53.500-0300] {processor.py:925} INFO - DAG(s) 'example_time_delta_sensor_async' retrieved from /home/nico/.local/lib/python3.10/site-packages/airflow/example_dags/example_time_delta_sensor_async.py
[2024-10-28T20:15:53.559-0300] {logging_mixin.py:190} INFO - [2024-10-28T20:15:53.558-0300] {dag.py:3239} INFO - Sync 1 DAGs
[2024-10-28T20:15:53.597-0300] {logging_mixin.py:190} INFO - [2024-10-28T20:15:53.597-0300] {dag.py:4180} INFO - Setting next_dagrun for example_time_delta_sensor_async to None, run_after=None
[2024-10-28T20:15:53.830-0300] {processor.py:208} INFO - Processing /home/nico/.local/lib/python3.10/site-packages/airflow/example_dags/example_time_delta_sensor_async.py took 0.374 seconds
[2024-10-28T20:23:53.799-0300] {processor.py:186} INFO - Started process (PID=46056) to work on /home/nico/.local/lib/python3.10/site-packages/airflow/example_dags/example_time_delta_sensor_async.py
[2024-10-28T20:23:53.812-0300] {processor.py:914} INFO - Processing file /home/nico/.local/lib/python3.10/site-packages/airflow/example_dags/example_time_delta_sensor_async.py for tasks to queue
[2024-10-28T20:23:53.816-0300] {logging_mixin.py:190} INFO - [2024-10-28T20:23:53.815-0300] {dagbag.py:588} INFO - Filling up the DagBag from /home/nico/.local/lib/python3.10/site-packages/airflow/example_dags/example_time_delta_sensor_async.py
[2024-10-28T20:23:53.862-0300] {processor.py:925} INFO - DAG(s) 'example_time_delta_sensor_async' retrieved from /home/nico/.local/lib/python3.10/site-packages/airflow/example_dags/example_time_delta_sensor_async.py
[2024-10-28T20:23:54.014-0300] {logging_mixin.py:190} INFO - [2024-10-28T20:23:54.013-0300] {dag.py:3239} INFO - Sync 1 DAGs
[2024-10-28T20:23:54.086-0300] {logging_mixin.py:190} INFO - [2024-10-28T20:23:54.085-0300] {dag.py:4180} INFO - Setting next_dagrun for example_time_delta_sensor_async to None, run_after=None
[2024-10-28T20:23:54.204-0300] {processor.py:208} INFO - Processing /home/nico/.local/lib/python3.10/site-packages/airflow/example_dags/example_time_delta_sensor_async.py took 0.457 seconds
[2024-10-28T20:25:29.189-0300] {processor.py:186} INFO - Started process (PID=46480) to work on /home/nico/.local/lib/python3.10/site-packages/airflow/example_dags/example_time_delta_sensor_async.py
[2024-10-28T20:25:29.193-0300] {processor.py:914} INFO - Processing file /home/nico/.local/lib/python3.10/site-packages/airflow/example_dags/example_time_delta_sensor_async.py for tasks to queue
[2024-10-28T20:25:29.199-0300] {logging_mixin.py:190} INFO - [2024-10-28T20:25:29.198-0300] {dagbag.py:588} INFO - Filling up the DagBag from /home/nico/.local/lib/python3.10/site-packages/airflow/example_dags/example_time_delta_sensor_async.py
[2024-10-28T20:25:29.219-0300] {processor.py:925} INFO - DAG(s) 'example_time_delta_sensor_async' retrieved from /home/nico/.local/lib/python3.10/site-packages/airflow/example_dags/example_time_delta_sensor_async.py
[2024-10-28T20:25:29.282-0300] {logging_mixin.py:190} INFO - [2024-10-28T20:25:29.281-0300] {dag.py:3239} INFO - Sync 1 DAGs
[2024-10-28T20:25:29.316-0300] {logging_mixin.py:190} INFO - [2024-10-28T20:25:29.315-0300] {dag.py:4180} INFO - Setting next_dagrun for example_time_delta_sensor_async to None, run_after=None
[2024-10-28T20:25:29.453-0300] {processor.py:208} INFO - Processing /home/nico/.local/lib/python3.10/site-packages/airflow/example_dags/example_time_delta_sensor_async.py took 0.280 seconds
[2024-10-28T20:26:31.350-0300] {processor.py:186} INFO - Started process (PID=46760) to work on /home/nico/.local/lib/python3.10/site-packages/airflow/example_dags/example_time_delta_sensor_async.py
[2024-10-28T20:26:31.353-0300] {processor.py:914} INFO - Processing file /home/nico/.local/lib/python3.10/site-packages/airflow/example_dags/example_time_delta_sensor_async.py for tasks to queue
[2024-10-28T20:26:31.356-0300] {logging_mixin.py:190} INFO - [2024-10-28T20:26:31.355-0300] {dagbag.py:588} INFO - Filling up the DagBag from /home/nico/.local/lib/python3.10/site-packages/airflow/example_dags/example_time_delta_sensor_async.py
[2024-10-28T20:26:31.373-0300] {processor.py:925} INFO - DAG(s) 'example_time_delta_sensor_async' retrieved from /home/nico/.local/lib/python3.10/site-packages/airflow/example_dags/example_time_delta_sensor_async.py
[2024-10-28T20:26:31.453-0300] {logging_mixin.py:190} INFO - [2024-10-28T20:26:31.452-0300] {dag.py:3239} INFO - Sync 1 DAGs
[2024-10-28T20:26:31.506-0300] {logging_mixin.py:190} INFO - [2024-10-28T20:26:31.506-0300] {dag.py:4180} INFO - Setting next_dagrun for example_time_delta_sensor_async to None, run_after=None
[2024-10-28T20:26:31.627-0300] {processor.py:208} INFO - Processing /home/nico/.local/lib/python3.10/site-packages/airflow/example_dags/example_time_delta_sensor_async.py took 0.291 seconds
[2024-10-28T20:27:33.317-0300] {processor.py:186} INFO - Started process (PID=47036) to work on /home/nico/.local/lib/python3.10/site-packages/airflow/example_dags/example_time_delta_sensor_async.py
[2024-10-28T20:27:33.321-0300] {processor.py:914} INFO - Processing file /home/nico/.local/lib/python3.10/site-packages/airflow/example_dags/example_time_delta_sensor_async.py for tasks to queue
[2024-10-28T20:27:33.328-0300] {logging_mixin.py:190} INFO - [2024-10-28T20:27:33.325-0300] {dagbag.py:588} INFO - Filling up the DagBag from /home/nico/.local/lib/python3.10/site-packages/airflow/example_dags/example_time_delta_sensor_async.py
[2024-10-28T20:27:33.347-0300] {processor.py:925} INFO - DAG(s) 'example_time_delta_sensor_async' retrieved from /home/nico/.local/lib/python3.10/site-packages/airflow/example_dags/example_time_delta_sensor_async.py
[2024-10-28T20:27:33.425-0300] {logging_mixin.py:190} INFO - [2024-10-28T20:27:33.424-0300] {dag.py:3239} INFO - Sync 1 DAGs
[2024-10-28T20:27:33.459-0300] {logging_mixin.py:190} INFO - [2024-10-28T20:27:33.458-0300] {dag.py:4180} INFO - Setting next_dagrun for example_time_delta_sensor_async to None, run_after=None
[2024-10-28T20:27:33.595-0300] {processor.py:208} INFO - Processing /home/nico/.local/lib/python3.10/site-packages/airflow/example_dags/example_time_delta_sensor_async.py took 0.299 seconds
[2024-10-28T20:28:41.944-0300] {processor.py:186} INFO - Started process (PID=47343) to work on /home/nico/.local/lib/python3.10/site-packages/airflow/example_dags/example_time_delta_sensor_async.py
[2024-10-28T20:28:41.951-0300] {processor.py:914} INFO - Processing file /home/nico/.local/lib/python3.10/site-packages/airflow/example_dags/example_time_delta_sensor_async.py for tasks to queue
[2024-10-28T20:28:41.958-0300] {logging_mixin.py:190} INFO - [2024-10-28T20:28:41.957-0300] {dagbag.py:588} INFO - Filling up the DagBag from /home/nico/.local/lib/python3.10/site-packages/airflow/example_dags/example_time_delta_sensor_async.py
[2024-10-28T20:28:41.978-0300] {processor.py:925} INFO - DAG(s) 'example_time_delta_sensor_async' retrieved from /home/nico/.local/lib/python3.10/site-packages/airflow/example_dags/example_time_delta_sensor_async.py
[2024-10-28T20:28:42.073-0300] {logging_mixin.py:190} INFO - [2024-10-28T20:28:42.072-0300] {dag.py:3239} INFO - Sync 1 DAGs
[2024-10-28T20:28:42.105-0300] {logging_mixin.py:190} INFO - [2024-10-28T20:28:42.104-0300] {dag.py:4180} INFO - Setting next_dagrun for example_time_delta_sensor_async to None, run_after=None
[2024-10-28T20:28:42.244-0300] {processor.py:208} INFO - Processing /home/nico/.local/lib/python3.10/site-packages/airflow/example_dags/example_time_delta_sensor_async.py took 0.319 seconds
[2024-10-28T20:29:56.125-0300] {processor.py:186} INFO - Started process (PID=47674) to work on /home/nico/.local/lib/python3.10/site-packages/airflow/example_dags/example_time_delta_sensor_async.py
[2024-10-28T20:29:56.130-0300] {processor.py:914} INFO - Processing file /home/nico/.local/lib/python3.10/site-packages/airflow/example_dags/example_time_delta_sensor_async.py for tasks to queue
[2024-10-28T20:29:56.138-0300] {logging_mixin.py:190} INFO - [2024-10-28T20:29:56.136-0300] {dagbag.py:588} INFO - Filling up the DagBag from /home/nico/.local/lib/python3.10/site-packages/airflow/example_dags/example_time_delta_sensor_async.py
[2024-10-28T20:29:56.166-0300] {processor.py:925} INFO - DAG(s) 'example_time_delta_sensor_async' retrieved from /home/nico/.local/lib/python3.10/site-packages/airflow/example_dags/example_time_delta_sensor_async.py
[2024-10-28T20:29:56.226-0300] {logging_mixin.py:190} INFO - [2024-10-28T20:29:56.225-0300] {dag.py:3239} INFO - Sync 1 DAGs
[2024-10-28T20:29:56.285-0300] {logging_mixin.py:190} INFO - [2024-10-28T20:29:56.284-0300] {dag.py:4180} INFO - Setting next_dagrun for example_time_delta_sensor_async to None, run_after=None
[2024-10-28T20:29:56.495-0300] {processor.py:208} INFO - Processing /home/nico/.local/lib/python3.10/site-packages/airflow/example_dags/example_time_delta_sensor_async.py took 0.406 seconds
[2024-10-28T20:31:09.791-0300] {processor.py:186} INFO - Started process (PID=47999) to work on /home/nico/.local/lib/python3.10/site-packages/airflow/example_dags/example_time_delta_sensor_async.py
[2024-10-28T20:31:09.794-0300] {processor.py:914} INFO - Processing file /home/nico/.local/lib/python3.10/site-packages/airflow/example_dags/example_time_delta_sensor_async.py for tasks to queue
[2024-10-28T20:31:09.800-0300] {logging_mixin.py:190} INFO - [2024-10-28T20:31:09.798-0300] {dagbag.py:588} INFO - Filling up the DagBag from /home/nico/.local/lib/python3.10/site-packages/airflow/example_dags/example_time_delta_sensor_async.py
[2024-10-28T20:31:09.817-0300] {processor.py:925} INFO - DAG(s) 'example_time_delta_sensor_async' retrieved from /home/nico/.local/lib/python3.10/site-packages/airflow/example_dags/example_time_delta_sensor_async.py
[2024-10-28T20:31:09.900-0300] {logging_mixin.py:190} INFO - [2024-10-28T20:31:09.899-0300] {dag.py:3239} INFO - Sync 1 DAGs
[2024-10-28T20:31:09.953-0300] {logging_mixin.py:190} INFO - [2024-10-28T20:31:09.952-0300] {dag.py:4180} INFO - Setting next_dagrun for example_time_delta_sensor_async to None, run_after=None
[2024-10-28T20:31:10.140-0300] {processor.py:208} INFO - Processing /home/nico/.local/lib/python3.10/site-packages/airflow/example_dags/example_time_delta_sensor_async.py took 0.371 seconds
[2024-10-28T20:32:27.699-0300] {processor.py:186} INFO - Started process (PID=48341) to work on /home/nico/.local/lib/python3.10/site-packages/airflow/example_dags/example_time_delta_sensor_async.py
[2024-10-28T20:32:27.702-0300] {processor.py:914} INFO - Processing file /home/nico/.local/lib/python3.10/site-packages/airflow/example_dags/example_time_delta_sensor_async.py for tasks to queue
[2024-10-28T20:32:27.706-0300] {logging_mixin.py:190} INFO - [2024-10-28T20:32:27.705-0300] {dagbag.py:588} INFO - Filling up the DagBag from /home/nico/.local/lib/python3.10/site-packages/airflow/example_dags/example_time_delta_sensor_async.py
[2024-10-28T20:32:27.721-0300] {processor.py:925} INFO - DAG(s) 'example_time_delta_sensor_async' retrieved from /home/nico/.local/lib/python3.10/site-packages/airflow/example_dags/example_time_delta_sensor_async.py
[2024-10-28T20:32:27.786-0300] {logging_mixin.py:190} INFO - [2024-10-28T20:32:27.785-0300] {dag.py:3239} INFO - Sync 1 DAGs
[2024-10-28T20:32:27.819-0300] {logging_mixin.py:190} INFO - [2024-10-28T20:32:27.818-0300] {dag.py:4180} INFO - Setting next_dagrun for example_time_delta_sensor_async to None, run_after=None
[2024-10-28T20:32:27.937-0300] {processor.py:208} INFO - Processing /home/nico/.local/lib/python3.10/site-packages/airflow/example_dags/example_time_delta_sensor_async.py took 0.256 seconds
