[2024-10-28T12:19:16.745-0300] {processor.py:186} INFO - Started process (PID=2399) to work on /home/nico/.local/lib/python3.10/site-packages/airflow/example_dags/example_branch_operator_decorator.py
[2024-10-28T12:19:16.749-0300] {processor.py:914} INFO - Processing file /home/nico/.local/lib/python3.10/site-packages/airflow/example_dags/example_branch_operator_decorator.py for tasks to queue
[2024-10-28T12:19:16.756-0300] {logging_mixin.py:190} INFO - [2024-10-28T12:19:16.754-0300] {dagbag.py:588} INFO - Filling up the DagBag from /home/nico/.local/lib/python3.10/site-packages/airflow/example_dags/example_branch_operator_decorator.py
[2024-10-28T12:19:16.854-0300] {processor.py:925} INFO - DAG(s) 'example_branch_python_operator_decorator' retrieved from /home/nico/.local/lib/python3.10/site-packages/airflow/example_dags/example_branch_operator_decorator.py
[2024-10-28T12:19:17.266-0300] {logging_mixin.py:190} INFO - [2024-10-28T12:19:17.265-0300] {dag.py:3239} INFO - Sync 1 DAGs
[2024-10-28T12:19:17.358-0300] {logging_mixin.py:190} INFO - [2024-10-28T12:19:17.357-0300] {dag.py:4180} INFO - Setting next_dagrun for example_branch_python_operator_decorator to 2024-10-27 00:00:00+00:00, run_after=2024-10-28 00:00:00+00:00
[2024-10-28T12:19:17.488-0300] {processor.py:208} INFO - Processing /home/nico/.local/lib/python3.10/site-packages/airflow/example_dags/example_branch_operator_decorator.py took 0.769 seconds
[2024-10-28T12:20:49.518-0300] {processor.py:186} INFO - Started process (PID=2814) to work on /home/nico/.local/lib/python3.10/site-packages/airflow/example_dags/example_branch_operator_decorator.py
[2024-10-28T12:20:49.520-0300] {processor.py:914} INFO - Processing file /home/nico/.local/lib/python3.10/site-packages/airflow/example_dags/example_branch_operator_decorator.py for tasks to queue
[2024-10-28T12:20:49.524-0300] {logging_mixin.py:190} INFO - [2024-10-28T12:20:49.523-0300] {dagbag.py:588} INFO - Filling up the DagBag from /home/nico/.local/lib/python3.10/site-packages/airflow/example_dags/example_branch_operator_decorator.py
[2024-10-28T12:20:49.592-0300] {processor.py:925} INFO - DAG(s) 'example_branch_python_operator_decorator' retrieved from /home/nico/.local/lib/python3.10/site-packages/airflow/example_dags/example_branch_operator_decorator.py
[2024-10-28T12:20:49.723-0300] {logging_mixin.py:190} INFO - [2024-10-28T12:20:49.722-0300] {dag.py:3239} INFO - Sync 1 DAGs
[2024-10-28T12:20:49.784-0300] {logging_mixin.py:190} INFO - [2024-10-28T12:20:49.783-0300] {dag.py:4180} INFO - Setting next_dagrun for example_branch_python_operator_decorator to 2024-10-27 00:00:00+00:00, run_after=2024-10-28 00:00:00+00:00
[2024-10-28T12:20:49.904-0300] {processor.py:208} INFO - Processing /home/nico/.local/lib/python3.10/site-packages/airflow/example_dags/example_branch_operator_decorator.py took 0.406 seconds
[2024-10-28T12:22:52.808-0300] {processor.py:186} INFO - Started process (PID=3445) to work on /home/nico/.local/lib/python3.10/site-packages/airflow/example_dags/example_branch_operator_decorator.py
[2024-10-28T12:22:52.812-0300] {processor.py:914} INFO - Processing file /home/nico/.local/lib/python3.10/site-packages/airflow/example_dags/example_branch_operator_decorator.py for tasks to queue
[2024-10-28T12:22:52.816-0300] {logging_mixin.py:190} INFO - [2024-10-28T12:22:52.815-0300] {dagbag.py:588} INFO - Filling up the DagBag from /home/nico/.local/lib/python3.10/site-packages/airflow/example_dags/example_branch_operator_decorator.py
[2024-10-28T12:22:52.902-0300] {processor.py:925} INFO - DAG(s) 'example_branch_python_operator_decorator' retrieved from /home/nico/.local/lib/python3.10/site-packages/airflow/example_dags/example_branch_operator_decorator.py
[2024-10-28T12:22:52.989-0300] {logging_mixin.py:190} INFO - [2024-10-28T12:22:52.988-0300] {dag.py:3239} INFO - Sync 1 DAGs
[2024-10-28T12:22:53.102-0300] {logging_mixin.py:190} INFO - [2024-10-28T12:22:53.101-0300] {dag.py:4180} INFO - Setting next_dagrun for example_branch_python_operator_decorator to 2024-10-27 00:00:00+00:00, run_after=2024-10-28 00:00:00+00:00
[2024-10-28T12:22:53.286-0300] {processor.py:208} INFO - Processing /home/nico/.local/lib/python3.10/site-packages/airflow/example_dags/example_branch_operator_decorator.py took 0.503 seconds
[2024-10-28T12:24:48.573-0300] {processor.py:186} INFO - Started process (PID=3966) to work on /home/nico/.local/lib/python3.10/site-packages/airflow/example_dags/example_branch_operator_decorator.py
[2024-10-28T12:24:48.576-0300] {processor.py:914} INFO - Processing file /home/nico/.local/lib/python3.10/site-packages/airflow/example_dags/example_branch_operator_decorator.py for tasks to queue
[2024-10-28T12:24:48.579-0300] {logging_mixin.py:190} INFO - [2024-10-28T12:24:48.578-0300] {dagbag.py:588} INFO - Filling up the DagBag from /home/nico/.local/lib/python3.10/site-packages/airflow/example_dags/example_branch_operator_decorator.py
[2024-10-28T12:24:48.620-0300] {processor.py:925} INFO - DAG(s) 'example_branch_python_operator_decorator' retrieved from /home/nico/.local/lib/python3.10/site-packages/airflow/example_dags/example_branch_operator_decorator.py
[2024-10-28T12:24:48.708-0300] {logging_mixin.py:190} INFO - [2024-10-28T12:24:48.708-0300] {dag.py:3239} INFO - Sync 1 DAGs
[2024-10-28T12:24:48.780-0300] {logging_mixin.py:190} INFO - [2024-10-28T12:24:48.779-0300] {dag.py:4180} INFO - Setting next_dagrun for example_branch_python_operator_decorator to 2024-10-27 00:00:00+00:00, run_after=2024-10-28 00:00:00+00:00
[2024-10-28T12:24:48.915-0300] {processor.py:208} INFO - Processing /home/nico/.local/lib/python3.10/site-packages/airflow/example_dags/example_branch_operator_decorator.py took 0.362 seconds
[2024-10-28T12:27:16.023-0300] {processor.py:186} INFO - Started process (PID=4613) to work on /home/nico/.local/lib/python3.10/site-packages/airflow/example_dags/example_branch_operator_decorator.py
[2024-10-28T12:27:16.031-0300] {processor.py:914} INFO - Processing file /home/nico/.local/lib/python3.10/site-packages/airflow/example_dags/example_branch_operator_decorator.py for tasks to queue
[2024-10-28T12:27:16.036-0300] {logging_mixin.py:190} INFO - [2024-10-28T12:27:16.035-0300] {dagbag.py:588} INFO - Filling up the DagBag from /home/nico/.local/lib/python3.10/site-packages/airflow/example_dags/example_branch_operator_decorator.py
[2024-10-28T12:27:16.098-0300] {processor.py:925} INFO - DAG(s) 'example_branch_python_operator_decorator' retrieved from /home/nico/.local/lib/python3.10/site-packages/airflow/example_dags/example_branch_operator_decorator.py
[2024-10-28T12:27:16.197-0300] {logging_mixin.py:190} INFO - [2024-10-28T12:27:16.196-0300] {dag.py:3239} INFO - Sync 1 DAGs
[2024-10-28T12:27:16.275-0300] {logging_mixin.py:190} INFO - [2024-10-28T12:27:16.275-0300] {dag.py:4180} INFO - Setting next_dagrun for example_branch_python_operator_decorator to 2024-10-27 00:00:00+00:00, run_after=2024-10-28 00:00:00+00:00
[2024-10-28T12:27:16.423-0300] {processor.py:208} INFO - Processing /home/nico/.local/lib/python3.10/site-packages/airflow/example_dags/example_branch_operator_decorator.py took 0.416 seconds
[2024-10-28T12:29:25.979-0300] {processor.py:186} INFO - Started process (PID=5194) to work on /home/nico/.local/lib/python3.10/site-packages/airflow/example_dags/example_branch_operator_decorator.py
[2024-10-28T12:29:25.982-0300] {processor.py:914} INFO - Processing file /home/nico/.local/lib/python3.10/site-packages/airflow/example_dags/example_branch_operator_decorator.py for tasks to queue
[2024-10-28T12:29:25.986-0300] {logging_mixin.py:190} INFO - [2024-10-28T12:29:25.985-0300] {dagbag.py:588} INFO - Filling up the DagBag from /home/nico/.local/lib/python3.10/site-packages/airflow/example_dags/example_branch_operator_decorator.py
[2024-10-28T12:29:26.032-0300] {processor.py:925} INFO - DAG(s) 'example_branch_python_operator_decorator' retrieved from /home/nico/.local/lib/python3.10/site-packages/airflow/example_dags/example_branch_operator_decorator.py
[2024-10-28T12:29:26.107-0300] {logging_mixin.py:190} INFO - [2024-10-28T12:29:26.107-0300] {dag.py:3239} INFO - Sync 1 DAGs
[2024-10-28T12:29:26.169-0300] {logging_mixin.py:190} INFO - [2024-10-28T12:29:26.168-0300] {dag.py:4180} INFO - Setting next_dagrun for example_branch_python_operator_decorator to 2024-10-27 00:00:00+00:00, run_after=2024-10-28 00:00:00+00:00
[2024-10-28T12:29:26.264-0300] {processor.py:208} INFO - Processing /home/nico/.local/lib/python3.10/site-packages/airflow/example_dags/example_branch_operator_decorator.py took 0.304 seconds
[2024-10-28T12:32:06.756-0300] {processor.py:186} INFO - Started process (PID=5894) to work on /home/nico/.local/lib/python3.10/site-packages/airflow/example_dags/example_branch_operator_decorator.py
[2024-10-28T12:32:06.759-0300] {processor.py:914} INFO - Processing file /home/nico/.local/lib/python3.10/site-packages/airflow/example_dags/example_branch_operator_decorator.py for tasks to queue
[2024-10-28T12:32:06.763-0300] {logging_mixin.py:190} INFO - [2024-10-28T12:32:06.762-0300] {dagbag.py:588} INFO - Filling up the DagBag from /home/nico/.local/lib/python3.10/site-packages/airflow/example_dags/example_branch_operator_decorator.py
[2024-10-28T12:32:06.837-0300] {processor.py:925} INFO - DAG(s) 'example_branch_python_operator_decorator' retrieved from /home/nico/.local/lib/python3.10/site-packages/airflow/example_dags/example_branch_operator_decorator.py
[2024-10-28T12:32:06.920-0300] {logging_mixin.py:190} INFO - [2024-10-28T12:32:06.919-0300] {dag.py:3239} INFO - Sync 1 DAGs
[2024-10-28T12:32:06.987-0300] {logging_mixin.py:190} INFO - [2024-10-28T12:32:06.982-0300] {dag.py:4180} INFO - Setting next_dagrun for example_branch_python_operator_decorator to 2024-10-27 00:00:00+00:00, run_after=2024-10-28 00:00:00+00:00
[2024-10-28T12:32:07.107-0300] {processor.py:208} INFO - Processing /home/nico/.local/lib/python3.10/site-packages/airflow/example_dags/example_branch_operator_decorator.py took 0.367 seconds
[2024-10-28T12:34:27.704-0300] {processor.py:186} INFO - Started process (PID=6529) to work on /home/nico/.local/lib/python3.10/site-packages/airflow/example_dags/example_branch_operator_decorator.py
[2024-10-28T12:34:27.707-0300] {processor.py:914} INFO - Processing file /home/nico/.local/lib/python3.10/site-packages/airflow/example_dags/example_branch_operator_decorator.py for tasks to queue
[2024-10-28T12:34:27.711-0300] {logging_mixin.py:190} INFO - [2024-10-28T12:34:27.710-0300] {dagbag.py:588} INFO - Filling up the DagBag from /home/nico/.local/lib/python3.10/site-packages/airflow/example_dags/example_branch_operator_decorator.py
[2024-10-28T12:34:27.771-0300] {processor.py:925} INFO - DAG(s) 'example_branch_python_operator_decorator' retrieved from /home/nico/.local/lib/python3.10/site-packages/airflow/example_dags/example_branch_operator_decorator.py
[2024-10-28T12:34:27.879-0300] {logging_mixin.py:190} INFO - [2024-10-28T12:34:27.876-0300] {dag.py:3239} INFO - Sync 1 DAGs
[2024-10-28T12:34:27.960-0300] {logging_mixin.py:190} INFO - [2024-10-28T12:34:27.959-0300] {dag.py:4180} INFO - Setting next_dagrun for example_branch_python_operator_decorator to 2024-10-27 00:00:00+00:00, run_after=2024-10-28 00:00:00+00:00
[2024-10-28T12:34:28.076-0300] {processor.py:208} INFO - Processing /home/nico/.local/lib/python3.10/site-packages/airflow/example_dags/example_branch_operator_decorator.py took 0.423 seconds
[2024-10-28T12:37:42.319-0300] {processor.py:186} INFO - Started process (PID=7354) to work on /home/nico/.local/lib/python3.10/site-packages/airflow/example_dags/example_branch_operator_decorator.py
[2024-10-28T12:37:42.322-0300] {processor.py:914} INFO - Processing file /home/nico/.local/lib/python3.10/site-packages/airflow/example_dags/example_branch_operator_decorator.py for tasks to queue
[2024-10-28T12:37:42.329-0300] {logging_mixin.py:190} INFO - [2024-10-28T12:37:42.327-0300] {dagbag.py:588} INFO - Filling up the DagBag from /home/nico/.local/lib/python3.10/site-packages/airflow/example_dags/example_branch_operator_decorator.py
[2024-10-28T12:37:42.407-0300] {processor.py:925} INFO - DAG(s) 'example_branch_python_operator_decorator' retrieved from /home/nico/.local/lib/python3.10/site-packages/airflow/example_dags/example_branch_operator_decorator.py
[2024-10-28T12:37:42.485-0300] {logging_mixin.py:190} INFO - [2024-10-28T12:37:42.484-0300] {dag.py:3239} INFO - Sync 1 DAGs
[2024-10-28T12:37:42.537-0300] {logging_mixin.py:190} INFO - [2024-10-28T12:37:42.536-0300] {dag.py:4180} INFO - Setting next_dagrun for example_branch_python_operator_decorator to 2024-10-27 00:00:00+00:00, run_after=2024-10-28 00:00:00+00:00
[2024-10-28T12:37:42.659-0300] {processor.py:208} INFO - Processing /home/nico/.local/lib/python3.10/site-packages/airflow/example_dags/example_branch_operator_decorator.py took 0.389 seconds
[2024-10-28T12:40:16.418-0300] {processor.py:186} INFO - Started process (PID=8027) to work on /home/nico/.local/lib/python3.10/site-packages/airflow/example_dags/example_branch_operator_decorator.py
[2024-10-28T12:40:16.429-0300] {processor.py:914} INFO - Processing file /home/nico/.local/lib/python3.10/site-packages/airflow/example_dags/example_branch_operator_decorator.py for tasks to queue
[2024-10-28T12:40:16.449-0300] {logging_mixin.py:190} INFO - [2024-10-28T12:40:16.447-0300] {dagbag.py:588} INFO - Filling up the DagBag from /home/nico/.local/lib/python3.10/site-packages/airflow/example_dags/example_branch_operator_decorator.py
[2024-10-28T12:40:16.641-0300] {processor.py:925} INFO - DAG(s) 'example_branch_python_operator_decorator' retrieved from /home/nico/.local/lib/python3.10/site-packages/airflow/example_dags/example_branch_operator_decorator.py
[2024-10-28T12:40:16.826-0300] {logging_mixin.py:190} INFO - [2024-10-28T12:40:16.825-0300] {dag.py:3239} INFO - Sync 1 DAGs
[2024-10-28T12:40:16.914-0300] {logging_mixin.py:190} INFO - [2024-10-28T12:40:16.914-0300] {dag.py:4180} INFO - Setting next_dagrun for example_branch_python_operator_decorator to 2024-10-27 00:00:00+00:00, run_after=2024-10-28 00:00:00+00:00
[2024-10-28T12:40:17.052-0300] {processor.py:208} INFO - Processing /home/nico/.local/lib/python3.10/site-packages/airflow/example_dags/example_branch_operator_decorator.py took 0.673 seconds
[2024-10-28T19:48:41.385-0300] {processor.py:186} INFO - Started process (PID=36841) to work on /home/nico/.local/lib/python3.10/site-packages/airflow/example_dags/example_branch_operator_decorator.py
[2024-10-28T19:48:41.389-0300] {processor.py:914} INFO - Processing file /home/nico/.local/lib/python3.10/site-packages/airflow/example_dags/example_branch_operator_decorator.py for tasks to queue
[2024-10-28T19:48:41.399-0300] {logging_mixin.py:190} INFO - [2024-10-28T19:48:41.396-0300] {dagbag.py:588} INFO - Filling up the DagBag from /home/nico/.local/lib/python3.10/site-packages/airflow/example_dags/example_branch_operator_decorator.py
[2024-10-28T19:48:41.547-0300] {processor.py:925} INFO - DAG(s) 'example_branch_python_operator_decorator' retrieved from /home/nico/.local/lib/python3.10/site-packages/airflow/example_dags/example_branch_operator_decorator.py
[2024-10-28T19:48:42.001-0300] {logging_mixin.py:190} INFO - [2024-10-28T19:48:42.001-0300] {dag.py:3239} INFO - Sync 1 DAGs
[2024-10-28T19:48:42.078-0300] {logging_mixin.py:190} INFO - [2024-10-28T19:48:42.077-0300] {dag.py:4180} INFO - Setting next_dagrun for example_branch_python_operator_decorator to 2024-10-27 00:00:00+00:00, run_after=2024-10-28 00:00:00+00:00
[2024-10-28T19:48:42.230-0300] {processor.py:208} INFO - Processing /home/nico/.local/lib/python3.10/site-packages/airflow/example_dags/example_branch_operator_decorator.py took 0.861 seconds
[2024-10-28T19:52:15.304-0300] {processor.py:186} INFO - Started process (PID=37781) to work on /home/nico/.local/lib/python3.10/site-packages/airflow/example_dags/example_branch_operator_decorator.py
[2024-10-28T19:52:15.306-0300] {processor.py:914} INFO - Processing file /home/nico/.local/lib/python3.10/site-packages/airflow/example_dags/example_branch_operator_decorator.py for tasks to queue
[2024-10-28T19:52:15.312-0300] {logging_mixin.py:190} INFO - [2024-10-28T19:52:15.311-0300] {dagbag.py:588} INFO - Filling up the DagBag from /home/nico/.local/lib/python3.10/site-packages/airflow/example_dags/example_branch_operator_decorator.py
[2024-10-28T19:52:15.374-0300] {processor.py:925} INFO - DAG(s) 'example_branch_python_operator_decorator' retrieved from /home/nico/.local/lib/python3.10/site-packages/airflow/example_dags/example_branch_operator_decorator.py
[2024-10-28T19:52:15.448-0300] {logging_mixin.py:190} INFO - [2024-10-28T19:52:15.448-0300] {dag.py:3239} INFO - Sync 1 DAGs
[2024-10-28T19:52:15.517-0300] {logging_mixin.py:190} INFO - [2024-10-28T19:52:15.517-0300] {dag.py:4180} INFO - Setting next_dagrun for example_branch_python_operator_decorator to 2024-10-27 00:00:00+00:00, run_after=2024-10-28 00:00:00+00:00
[2024-10-28T19:52:15.646-0300] {processor.py:208} INFO - Processing /home/nico/.local/lib/python3.10/site-packages/airflow/example_dags/example_branch_operator_decorator.py took 0.356 seconds
[2024-10-28T19:54:55.613-0300] {processor.py:186} INFO - Started process (PID=38481) to work on /home/nico/.local/lib/python3.10/site-packages/airflow/example_dags/example_branch_operator_decorator.py
[2024-10-28T19:54:55.615-0300] {processor.py:914} INFO - Processing file /home/nico/.local/lib/python3.10/site-packages/airflow/example_dags/example_branch_operator_decorator.py for tasks to queue
[2024-10-28T19:54:55.623-0300] {logging_mixin.py:190} INFO - [2024-10-28T19:54:55.622-0300] {dagbag.py:588} INFO - Filling up the DagBag from /home/nico/.local/lib/python3.10/site-packages/airflow/example_dags/example_branch_operator_decorator.py
[2024-10-28T19:54:55.686-0300] {processor.py:925} INFO - DAG(s) 'example_branch_python_operator_decorator' retrieved from /home/nico/.local/lib/python3.10/site-packages/airflow/example_dags/example_branch_operator_decorator.py
[2024-10-28T19:54:55.836-0300] {logging_mixin.py:190} INFO - [2024-10-28T19:54:55.835-0300] {dag.py:3239} INFO - Sync 1 DAGs
[2024-10-28T19:54:55.954-0300] {logging_mixin.py:190} INFO - [2024-10-28T19:54:55.953-0300] {dag.py:4180} INFO - Setting next_dagrun for example_branch_python_operator_decorator to 2024-10-27 00:00:00+00:00, run_after=2024-10-28 00:00:00+00:00
[2024-10-28T19:54:56.096-0300] {processor.py:208} INFO - Processing /home/nico/.local/lib/python3.10/site-packages/airflow/example_dags/example_branch_operator_decorator.py took 0.500 seconds
[2024-10-28T19:58:06.594-0300] {processor.py:186} INFO - Started process (PID=39301) to work on /home/nico/.local/lib/python3.10/site-packages/airflow/example_dags/example_branch_operator_decorator.py
[2024-10-28T19:58:06.604-0300] {processor.py:914} INFO - Processing file /home/nico/.local/lib/python3.10/site-packages/airflow/example_dags/example_branch_operator_decorator.py for tasks to queue
[2024-10-28T19:58:06.612-0300] {logging_mixin.py:190} INFO - [2024-10-28T19:58:06.610-0300] {dagbag.py:588} INFO - Filling up the DagBag from /home/nico/.local/lib/python3.10/site-packages/airflow/example_dags/example_branch_operator_decorator.py
[2024-10-28T19:58:06.698-0300] {processor.py:925} INFO - DAG(s) 'example_branch_python_operator_decorator' retrieved from /home/nico/.local/lib/python3.10/site-packages/airflow/example_dags/example_branch_operator_decorator.py
[2024-10-28T19:58:06.807-0300] {logging_mixin.py:190} INFO - [2024-10-28T19:58:06.806-0300] {dag.py:3239} INFO - Sync 1 DAGs
[2024-10-28T19:58:06.870-0300] {logging_mixin.py:190} INFO - [2024-10-28T19:58:06.869-0300] {dag.py:4180} INFO - Setting next_dagrun for example_branch_python_operator_decorator to 2024-10-27 00:00:00+00:00, run_after=2024-10-28 00:00:00+00:00
[2024-10-28T19:58:07.020-0300] {processor.py:208} INFO - Processing /home/nico/.local/lib/python3.10/site-packages/airflow/example_dags/example_branch_operator_decorator.py took 0.478 seconds
[2024-10-28T20:01:03.329-0300] {processor.py:186} INFO - Started process (PID=40067) to work on /home/nico/.local/lib/python3.10/site-packages/airflow/example_dags/example_branch_operator_decorator.py
[2024-10-28T20:01:03.331-0300] {processor.py:914} INFO - Processing file /home/nico/.local/lib/python3.10/site-packages/airflow/example_dags/example_branch_operator_decorator.py for tasks to queue
[2024-10-28T20:01:03.337-0300] {logging_mixin.py:190} INFO - [2024-10-28T20:01:03.336-0300] {dagbag.py:588} INFO - Filling up the DagBag from /home/nico/.local/lib/python3.10/site-packages/airflow/example_dags/example_branch_operator_decorator.py
[2024-10-28T20:01:03.410-0300] {processor.py:925} INFO - DAG(s) 'example_branch_python_operator_decorator' retrieved from /home/nico/.local/lib/python3.10/site-packages/airflow/example_dags/example_branch_operator_decorator.py
[2024-10-28T20:01:03.521-0300] {logging_mixin.py:190} INFO - [2024-10-28T20:01:03.520-0300] {dag.py:3239} INFO - Sync 1 DAGs
[2024-10-28T20:01:03.600-0300] {logging_mixin.py:190} INFO - [2024-10-28T20:01:03.599-0300] {dag.py:4180} INFO - Setting next_dagrun for example_branch_python_operator_decorator to 2024-10-27 00:00:00+00:00, run_after=2024-10-28 00:00:00+00:00
[2024-10-28T20:01:03.763-0300] {processor.py:208} INFO - Processing /home/nico/.local/lib/python3.10/site-packages/airflow/example_dags/example_branch_operator_decorator.py took 0.448 seconds
[2024-10-28T20:04:05.885-0300] {processor.py:186} INFO - Started process (PID=40851) to work on /home/nico/.local/lib/python3.10/site-packages/airflow/example_dags/example_branch_operator_decorator.py
[2024-10-28T20:04:05.911-0300] {processor.py:914} INFO - Processing file /home/nico/.local/lib/python3.10/site-packages/airflow/example_dags/example_branch_operator_decorator.py for tasks to queue
[2024-10-28T20:04:05.928-0300] {logging_mixin.py:190} INFO - [2024-10-28T20:04:05.927-0300] {dagbag.py:588} INFO - Filling up the DagBag from /home/nico/.local/lib/python3.10/site-packages/airflow/example_dags/example_branch_operator_decorator.py
[2024-10-28T20:04:06.006-0300] {processor.py:925} INFO - DAG(s) 'example_branch_python_operator_decorator' retrieved from /home/nico/.local/lib/python3.10/site-packages/airflow/example_dags/example_branch_operator_decorator.py
[2024-10-28T20:04:06.094-0300] {logging_mixin.py:190} INFO - [2024-10-28T20:04:06.094-0300] {dag.py:3239} INFO - Sync 1 DAGs
[2024-10-28T20:04:06.173-0300] {logging_mixin.py:190} INFO - [2024-10-28T20:04:06.173-0300] {dag.py:4180} INFO - Setting next_dagrun for example_branch_python_operator_decorator to 2024-10-27 00:00:00+00:00, run_after=2024-10-28 00:00:00+00:00
[2024-10-28T20:04:06.316-0300] {processor.py:208} INFO - Processing /home/nico/.local/lib/python3.10/site-packages/airflow/example_dags/example_branch_operator_decorator.py took 0.455 seconds
[2024-10-28T20:07:01.153-0300] {processor.py:186} INFO - Started process (PID=41610) to work on /home/nico/.local/lib/python3.10/site-packages/airflow/example_dags/example_branch_operator_decorator.py
[2024-10-28T20:07:01.158-0300] {processor.py:914} INFO - Processing file /home/nico/.local/lib/python3.10/site-packages/airflow/example_dags/example_branch_operator_decorator.py for tasks to queue
[2024-10-28T20:07:01.166-0300] {logging_mixin.py:190} INFO - [2024-10-28T20:07:01.165-0300] {dagbag.py:588} INFO - Filling up the DagBag from /home/nico/.local/lib/python3.10/site-packages/airflow/example_dags/example_branch_operator_decorator.py
[2024-10-28T20:07:01.232-0300] {processor.py:925} INFO - DAG(s) 'example_branch_python_operator_decorator' retrieved from /home/nico/.local/lib/python3.10/site-packages/airflow/example_dags/example_branch_operator_decorator.py
[2024-10-28T20:07:01.313-0300] {logging_mixin.py:190} INFO - [2024-10-28T20:07:01.312-0300] {dag.py:3239} INFO - Sync 1 DAGs
[2024-10-28T20:07:01.376-0300] {logging_mixin.py:190} INFO - [2024-10-28T20:07:01.375-0300] {dag.py:4180} INFO - Setting next_dagrun for example_branch_python_operator_decorator to 2024-10-27 00:00:00+00:00, run_after=2024-10-28 00:00:00+00:00
[2024-10-28T20:07:01.508-0300] {processor.py:208} INFO - Processing /home/nico/.local/lib/python3.10/site-packages/airflow/example_dags/example_branch_operator_decorator.py took 0.389 seconds
[2024-10-28T20:10:01.172-0300] {processor.py:186} INFO - Started process (PID=42394) to work on /home/nico/.local/lib/python3.10/site-packages/airflow/example_dags/example_branch_operator_decorator.py
[2024-10-28T20:10:01.175-0300] {processor.py:914} INFO - Processing file /home/nico/.local/lib/python3.10/site-packages/airflow/example_dags/example_branch_operator_decorator.py for tasks to queue
[2024-10-28T20:10:01.180-0300] {logging_mixin.py:190} INFO - [2024-10-28T20:10:01.179-0300] {dagbag.py:588} INFO - Filling up the DagBag from /home/nico/.local/lib/python3.10/site-packages/airflow/example_dags/example_branch_operator_decorator.py
[2024-10-28T20:10:01.228-0300] {processor.py:925} INFO - DAG(s) 'example_branch_python_operator_decorator' retrieved from /home/nico/.local/lib/python3.10/site-packages/airflow/example_dags/example_branch_operator_decorator.py
[2024-10-28T20:10:01.298-0300] {logging_mixin.py:190} INFO - [2024-10-28T20:10:01.297-0300] {dag.py:3239} INFO - Sync 1 DAGs
[2024-10-28T20:10:01.376-0300] {logging_mixin.py:190} INFO - [2024-10-28T20:10:01.375-0300] {dag.py:4180} INFO - Setting next_dagrun for example_branch_python_operator_decorator to 2024-10-27 00:00:00+00:00, run_after=2024-10-28 00:00:00+00:00
[2024-10-28T20:10:01.590-0300] {processor.py:208} INFO - Processing /home/nico/.local/lib/python3.10/site-packages/airflow/example_dags/example_branch_operator_decorator.py took 0.434 seconds
[2024-10-28T20:13:35.870-0300] {processor.py:186} INFO - Started process (PID=43305) to work on /home/nico/.local/lib/python3.10/site-packages/airflow/example_dags/example_branch_operator_decorator.py
[2024-10-28T20:13:35.878-0300] {processor.py:914} INFO - Processing file /home/nico/.local/lib/python3.10/site-packages/airflow/example_dags/example_branch_operator_decorator.py for tasks to queue
[2024-10-28T20:13:35.903-0300] {logging_mixin.py:190} INFO - [2024-10-28T20:13:35.902-0300] {dagbag.py:588} INFO - Filling up the DagBag from /home/nico/.local/lib/python3.10/site-packages/airflow/example_dags/example_branch_operator_decorator.py
[2024-10-28T20:13:36.085-0300] {processor.py:925} INFO - DAG(s) 'example_branch_python_operator_decorator' retrieved from /home/nico/.local/lib/python3.10/site-packages/airflow/example_dags/example_branch_operator_decorator.py
[2024-10-28T20:13:36.304-0300] {logging_mixin.py:190} INFO - [2024-10-28T20:13:36.303-0300] {dag.py:3239} INFO - Sync 1 DAGs
[2024-10-28T20:13:36.424-0300] {logging_mixin.py:190} INFO - [2024-10-28T20:13:36.423-0300] {dag.py:4180} INFO - Setting next_dagrun for example_branch_python_operator_decorator to 2024-10-27 00:00:00+00:00, run_after=2024-10-28 00:00:00+00:00
[2024-10-28T20:13:36.620-0300] {processor.py:208} INFO - Processing /home/nico/.local/lib/python3.10/site-packages/airflow/example_dags/example_branch_operator_decorator.py took 0.799 seconds
[2024-10-28T20:16:15.692-0300] {processor.py:186} INFO - Started process (PID=44008) to work on /home/nico/.local/lib/python3.10/site-packages/airflow/example_dags/example_branch_operator_decorator.py
[2024-10-28T20:16:15.697-0300] {processor.py:914} INFO - Processing file /home/nico/.local/lib/python3.10/site-packages/airflow/example_dags/example_branch_operator_decorator.py for tasks to queue
[2024-10-28T20:16:15.709-0300] {logging_mixin.py:190} INFO - [2024-10-28T20:16:15.708-0300] {dagbag.py:588} INFO - Filling up the DagBag from /home/nico/.local/lib/python3.10/site-packages/airflow/example_dags/example_branch_operator_decorator.py
[2024-10-28T20:16:15.814-0300] {processor.py:925} INFO - DAG(s) 'example_branch_python_operator_decorator' retrieved from /home/nico/.local/lib/python3.10/site-packages/airflow/example_dags/example_branch_operator_decorator.py
[2024-10-28T20:16:15.937-0300] {logging_mixin.py:190} INFO - [2024-10-28T20:16:15.937-0300] {dag.py:3239} INFO - Sync 1 DAGs
[2024-10-28T20:16:16.103-0300] {logging_mixin.py:190} INFO - [2024-10-28T20:16:16.102-0300] {dag.py:4180} INFO - Setting next_dagrun for example_branch_python_operator_decorator to 2024-10-27 00:00:00+00:00, run_after=2024-10-28 00:00:00+00:00
[2024-10-28T20:16:16.368-0300] {processor.py:208} INFO - Processing /home/nico/.local/lib/python3.10/site-packages/airflow/example_dags/example_branch_operator_decorator.py took 0.709 seconds
[2024-10-28T20:24:30.326-0300] {processor.py:186} INFO - Started process (PID=46217) to work on /home/nico/.local/lib/python3.10/site-packages/airflow/example_dags/example_branch_operator_decorator.py
[2024-10-28T20:24:30.329-0300] {processor.py:914} INFO - Processing file /home/nico/.local/lib/python3.10/site-packages/airflow/example_dags/example_branch_operator_decorator.py for tasks to queue
[2024-10-28T20:24:30.333-0300] {logging_mixin.py:190} INFO - [2024-10-28T20:24:30.331-0300] {dagbag.py:588} INFO - Filling up the DagBag from /home/nico/.local/lib/python3.10/site-packages/airflow/example_dags/example_branch_operator_decorator.py
[2024-10-28T20:24:30.393-0300] {processor.py:925} INFO - DAG(s) 'example_branch_python_operator_decorator' retrieved from /home/nico/.local/lib/python3.10/site-packages/airflow/example_dags/example_branch_operator_decorator.py
[2024-10-28T20:24:30.488-0300] {logging_mixin.py:190} INFO - [2024-10-28T20:24:30.488-0300] {dag.py:3239} INFO - Sync 1 DAGs
[2024-10-28T20:24:30.549-0300] {logging_mixin.py:190} INFO - [2024-10-28T20:24:30.549-0300] {dag.py:4180} INFO - Setting next_dagrun for example_branch_python_operator_decorator to 2024-10-27 00:00:00+00:00, run_after=2024-10-28 00:00:00+00:00
[2024-10-28T20:24:30.680-0300] {processor.py:208} INFO - Processing /home/nico/.local/lib/python3.10/site-packages/airflow/example_dags/example_branch_operator_decorator.py took 0.366 seconds
[2024-10-28T20:26:34.531-0300] {processor.py:186} INFO - Started process (PID=46774) to work on /home/nico/.local/lib/python3.10/site-packages/airflow/example_dags/example_branch_operator_decorator.py
[2024-10-28T20:26:34.535-0300] {processor.py:914} INFO - Processing file /home/nico/.local/lib/python3.10/site-packages/airflow/example_dags/example_branch_operator_decorator.py for tasks to queue
[2024-10-28T20:26:34.540-0300] {logging_mixin.py:190} INFO - [2024-10-28T20:26:34.539-0300] {dagbag.py:588} INFO - Filling up the DagBag from /home/nico/.local/lib/python3.10/site-packages/airflow/example_dags/example_branch_operator_decorator.py
[2024-10-28T20:26:34.586-0300] {processor.py:925} INFO - DAG(s) 'example_branch_python_operator_decorator' retrieved from /home/nico/.local/lib/python3.10/site-packages/airflow/example_dags/example_branch_operator_decorator.py
[2024-10-28T20:26:34.676-0300] {logging_mixin.py:190} INFO - [2024-10-28T20:26:34.675-0300] {dag.py:3239} INFO - Sync 1 DAGs
[2024-10-28T20:26:34.729-0300] {logging_mixin.py:190} INFO - [2024-10-28T20:26:34.728-0300] {dag.py:4180} INFO - Setting next_dagrun for example_branch_python_operator_decorator to 2024-10-27 00:00:00+00:00, run_after=2024-10-28 00:00:00+00:00
[2024-10-28T20:26:34.867-0300] {processor.py:208} INFO - Processing /home/nico/.local/lib/python3.10/site-packages/airflow/example_dags/example_branch_operator_decorator.py took 0.349 seconds
[2024-10-28T20:28:51.740-0300] {processor.py:186} INFO - Started process (PID=47389) to work on /home/nico/.local/lib/python3.10/site-packages/airflow/example_dags/example_branch_operator_decorator.py
[2024-10-28T20:28:51.743-0300] {processor.py:914} INFO - Processing file /home/nico/.local/lib/python3.10/site-packages/airflow/example_dags/example_branch_operator_decorator.py for tasks to queue
[2024-10-28T20:28:51.746-0300] {logging_mixin.py:190} INFO - [2024-10-28T20:28:51.745-0300] {dagbag.py:588} INFO - Filling up the DagBag from /home/nico/.local/lib/python3.10/site-packages/airflow/example_dags/example_branch_operator_decorator.py
[2024-10-28T20:28:51.797-0300] {processor.py:925} INFO - DAG(s) 'example_branch_python_operator_decorator' retrieved from /home/nico/.local/lib/python3.10/site-packages/airflow/example_dags/example_branch_operator_decorator.py
[2024-10-28T20:28:51.912-0300] {logging_mixin.py:190} INFO - [2024-10-28T20:28:51.911-0300] {dag.py:3239} INFO - Sync 1 DAGs
[2024-10-28T20:28:51.987-0300] {logging_mixin.py:190} INFO - [2024-10-28T20:28:51.986-0300] {dag.py:4180} INFO - Setting next_dagrun for example_branch_python_operator_decorator to 2024-10-27 00:00:00+00:00, run_after=2024-10-28 00:00:00+00:00
[2024-10-28T20:28:52.102-0300] {processor.py:208} INFO - Processing /home/nico/.local/lib/python3.10/site-packages/airflow/example_dags/example_branch_operator_decorator.py took 0.379 seconds
[2024-10-28T20:31:20.671-0300] {processor.py:186} INFO - Started process (PID=48045) to work on /home/nico/.local/lib/python3.10/site-packages/airflow/example_dags/example_branch_operator_decorator.py
[2024-10-28T20:31:20.675-0300] {processor.py:914} INFO - Processing file /home/nico/.local/lib/python3.10/site-packages/airflow/example_dags/example_branch_operator_decorator.py for tasks to queue
[2024-10-28T20:31:20.680-0300] {logging_mixin.py:190} INFO - [2024-10-28T20:31:20.679-0300] {dagbag.py:588} INFO - Filling up the DagBag from /home/nico/.local/lib/python3.10/site-packages/airflow/example_dags/example_branch_operator_decorator.py
[2024-10-28T20:31:20.746-0300] {processor.py:925} INFO - DAG(s) 'example_branch_python_operator_decorator' retrieved from /home/nico/.local/lib/python3.10/site-packages/airflow/example_dags/example_branch_operator_decorator.py
[2024-10-28T20:31:20.846-0300] {logging_mixin.py:190} INFO - [2024-10-28T20:31:20.845-0300] {dag.py:3239} INFO - Sync 1 DAGs
[2024-10-28T20:31:20.917-0300] {logging_mixin.py:190} INFO - [2024-10-28T20:31:20.916-0300] {dag.py:4180} INFO - Setting next_dagrun for example_branch_python_operator_decorator to 2024-10-27 00:00:00+00:00, run_after=2024-10-28 00:00:00+00:00
[2024-10-28T20:31:21.019-0300] {processor.py:208} INFO - Processing /home/nico/.local/lib/python3.10/site-packages/airflow/example_dags/example_branch_operator_decorator.py took 0.377 seconds
