[2024-10-27T22:18:05.843-0300] {processor.py:186} INFO - Started process (PID=1218) to work on /home/nico/.local/lib/python3.10/site-packages/airflow/example_dags/tutorial.py
[2024-10-27T22:18:05.846-0300] {processor.py:914} INFO - Processing file /home/nico/.local/lib/python3.10/site-packages/airflow/example_dags/tutorial.py for tasks to queue
[2024-10-27T22:18:05.853-0300] {logging_mixin.py:190} INFO - [2024-10-27T22:18:05.852-0300] {dagbag.py:588} INFO - Filling up the DagBag from /home/nico/.local/lib/python3.10/site-packages/airflow/example_dags/tutorial.py
[2024-10-27T22:18:05.871-0300] {processor.py:925} INFO - DAG(s) 'tutorial' retrieved from /home/nico/.local/lib/python3.10/site-packages/airflow/example_dags/tutorial.py
[2024-10-27T22:18:05.934-0300] {logging_mixin.py:190} INFO - [2024-10-27T22:18:05.933-0300] {dag.py:3239} INFO - Sync 1 DAGs
[2024-10-27T22:18:05.987-0300] {logging_mixin.py:190} INFO - [2024-10-27T22:18:05.987-0300] {dag.py:4180} INFO - Setting next_dagrun for tutorial to 2024-10-27 00:00:00+00:00, run_after=2024-10-28 00:00:00+00:00
[2024-10-27T22:18:06.109-0300] {processor.py:208} INFO - Processing /home/nico/.local/lib/python3.10/site-packages/airflow/example_dags/tutorial.py took 0.284 seconds
[2024-10-28T12:18:38.981-0300] {processor.py:186} INFO - Started process (PID=2230) to work on /home/nico/.local/lib/python3.10/site-packages/airflow/example_dags/tutorial.py
[2024-10-28T12:18:38.986-0300] {processor.py:914} INFO - Processing file /home/nico/.local/lib/python3.10/site-packages/airflow/example_dags/tutorial.py for tasks to queue
[2024-10-28T12:18:38.992-0300] {logging_mixin.py:190} INFO - [2024-10-28T12:18:38.990-0300] {dagbag.py:588} INFO - Filling up the DagBag from /home/nico/.local/lib/python3.10/site-packages/airflow/example_dags/tutorial.py
[2024-10-28T12:18:39.030-0300] {processor.py:925} INFO - DAG(s) 'tutorial' retrieved from /home/nico/.local/lib/python3.10/site-packages/airflow/example_dags/tutorial.py
[2024-10-28T12:18:39.094-0300] {logging_mixin.py:190} INFO - [2024-10-28T12:18:39.094-0300] {dag.py:3239} INFO - Sync 1 DAGs
[2024-10-28T12:18:39.146-0300] {logging_mixin.py:190} INFO - [2024-10-28T12:18:39.146-0300] {dag.py:4180} INFO - Setting next_dagrun for tutorial to 2024-10-27 00:00:00+00:00, run_after=2024-10-28 00:00:00+00:00
[2024-10-28T12:18:39.276-0300] {processor.py:208} INFO - Processing /home/nico/.local/lib/python3.10/site-packages/airflow/example_dags/tutorial.py took 0.319 seconds
[2024-10-28T12:20:13.634-0300] {processor.py:186} INFO - Started process (PID=2654) to work on /home/nico/.local/lib/python3.10/site-packages/airflow/example_dags/tutorial.py
[2024-10-28T12:20:13.636-0300] {processor.py:914} INFO - Processing file /home/nico/.local/lib/python3.10/site-packages/airflow/example_dags/tutorial.py for tasks to queue
[2024-10-28T12:20:13.641-0300] {logging_mixin.py:190} INFO - [2024-10-28T12:20:13.640-0300] {dagbag.py:588} INFO - Filling up the DagBag from /home/nico/.local/lib/python3.10/site-packages/airflow/example_dags/tutorial.py
[2024-10-28T12:20:13.659-0300] {processor.py:925} INFO - DAG(s) 'tutorial' retrieved from /home/nico/.local/lib/python3.10/site-packages/airflow/example_dags/tutorial.py
[2024-10-28T12:20:13.709-0300] {logging_mixin.py:190} INFO - [2024-10-28T12:20:13.708-0300] {dag.py:3239} INFO - Sync 1 DAGs
[2024-10-28T12:20:13.762-0300] {logging_mixin.py:190} INFO - [2024-10-28T12:20:13.762-0300] {dag.py:4180} INFO - Setting next_dagrun for tutorial to 2024-10-27 00:00:00+00:00, run_after=2024-10-28 00:00:00+00:00
[2024-10-28T12:20:13.863-0300] {processor.py:208} INFO - Processing /home/nico/.local/lib/python3.10/site-packages/airflow/example_dags/tutorial.py took 0.241 seconds
[2024-10-28T12:21:18.206-0300] {processor.py:186} INFO - Started process (PID=2942) to work on /home/nico/.local/lib/python3.10/site-packages/airflow/example_dags/tutorial.py
[2024-10-28T12:21:18.209-0300] {processor.py:914} INFO - Processing file /home/nico/.local/lib/python3.10/site-packages/airflow/example_dags/tutorial.py for tasks to queue
[2024-10-28T12:21:18.217-0300] {logging_mixin.py:190} INFO - [2024-10-28T12:21:18.217-0300] {dagbag.py:588} INFO - Filling up the DagBag from /home/nico/.local/lib/python3.10/site-packages/airflow/example_dags/tutorial.py
[2024-10-28T12:21:18.236-0300] {processor.py:925} INFO - DAG(s) 'tutorial' retrieved from /home/nico/.local/lib/python3.10/site-packages/airflow/example_dags/tutorial.py
[2024-10-28T12:21:18.293-0300] {logging_mixin.py:190} INFO - [2024-10-28T12:21:18.292-0300] {dag.py:3239} INFO - Sync 1 DAGs
[2024-10-28T12:21:18.348-0300] {logging_mixin.py:190} INFO - [2024-10-28T12:21:18.348-0300] {dag.py:4180} INFO - Setting next_dagrun for tutorial to 2024-10-27 00:00:00+00:00, run_after=2024-10-28 00:00:00+00:00
[2024-10-28T12:21:18.466-0300] {processor.py:208} INFO - Processing /home/nico/.local/lib/python3.10/site-packages/airflow/example_dags/tutorial.py took 0.277 seconds
[2024-10-28T12:22:19.494-0300] {processor.py:186} INFO - Started process (PID=3218) to work on /home/nico/.local/lib/python3.10/site-packages/airflow/example_dags/tutorial.py
[2024-10-28T12:22:19.496-0300] {processor.py:914} INFO - Processing file /home/nico/.local/lib/python3.10/site-packages/airflow/example_dags/tutorial.py for tasks to queue
[2024-10-28T12:22:19.500-0300] {logging_mixin.py:190} INFO - [2024-10-28T12:22:19.499-0300] {dagbag.py:588} INFO - Filling up the DagBag from /home/nico/.local/lib/python3.10/site-packages/airflow/example_dags/tutorial.py
[2024-10-28T12:22:19.515-0300] {processor.py:925} INFO - DAG(s) 'tutorial' retrieved from /home/nico/.local/lib/python3.10/site-packages/airflow/example_dags/tutorial.py
[2024-10-28T12:22:19.580-0300] {logging_mixin.py:190} INFO - [2024-10-28T12:22:19.580-0300] {dag.py:3239} INFO - Sync 1 DAGs
[2024-10-28T12:22:19.636-0300] {logging_mixin.py:190} INFO - [2024-10-28T12:22:19.636-0300] {dag.py:4180} INFO - Setting next_dagrun for tutorial to 2024-10-27 00:00:00+00:00, run_after=2024-10-28 00:00:00+00:00
[2024-10-28T12:22:19.750-0300] {processor.py:208} INFO - Processing /home/nico/.local/lib/python3.10/site-packages/airflow/example_dags/tutorial.py took 0.269 seconds
[2024-10-28T12:23:20.823-0300] {processor.py:186} INFO - Started process (PID=3570) to work on /home/nico/.local/lib/python3.10/site-packages/airflow/example_dags/tutorial.py
[2024-10-28T12:23:20.827-0300] {processor.py:914} INFO - Processing file /home/nico/.local/lib/python3.10/site-packages/airflow/example_dags/tutorial.py for tasks to queue
[2024-10-28T12:23:20.831-0300] {logging_mixin.py:190} INFO - [2024-10-28T12:23:20.830-0300] {dagbag.py:588} INFO - Filling up the DagBag from /home/nico/.local/lib/python3.10/site-packages/airflow/example_dags/tutorial.py
[2024-10-28T12:23:20.851-0300] {processor.py:925} INFO - DAG(s) 'tutorial' retrieved from /home/nico/.local/lib/python3.10/site-packages/airflow/example_dags/tutorial.py
[2024-10-28T12:23:20.900-0300] {logging_mixin.py:190} INFO - [2024-10-28T12:23:20.899-0300] {dag.py:3239} INFO - Sync 1 DAGs
[2024-10-28T12:23:20.955-0300] {logging_mixin.py:190} INFO - [2024-10-28T12:23:20.955-0300] {dag.py:4180} INFO - Setting next_dagrun for tutorial to 2024-10-27 00:00:00+00:00, run_after=2024-10-28 00:00:00+00:00
[2024-10-28T12:23:21.056-0300] {processor.py:208} INFO - Processing /home/nico/.local/lib/python3.10/site-packages/airflow/example_dags/tutorial.py took 0.248 seconds
[2024-10-28T12:24:17.196-0300] {processor.py:186} INFO - Started process (PID=3826) to work on /home/nico/.local/lib/python3.10/site-packages/airflow/example_dags/tutorial.py
[2024-10-28T12:24:17.199-0300] {processor.py:914} INFO - Processing file /home/nico/.local/lib/python3.10/site-packages/airflow/example_dags/tutorial.py for tasks to queue
[2024-10-28T12:24:17.203-0300] {logging_mixin.py:190} INFO - [2024-10-28T12:24:17.202-0300] {dagbag.py:588} INFO - Filling up the DagBag from /home/nico/.local/lib/python3.10/site-packages/airflow/example_dags/tutorial.py
[2024-10-28T12:24:17.222-0300] {processor.py:925} INFO - DAG(s) 'tutorial' retrieved from /home/nico/.local/lib/python3.10/site-packages/airflow/example_dags/tutorial.py
[2024-10-28T12:24:17.285-0300] {logging_mixin.py:190} INFO - [2024-10-28T12:24:17.284-0300] {dag.py:3239} INFO - Sync 1 DAGs
[2024-10-28T12:24:17.345-0300] {logging_mixin.py:190} INFO - [2024-10-28T12:24:17.345-0300] {dag.py:4180} INFO - Setting next_dagrun for tutorial to 2024-10-27 00:00:00+00:00, run_after=2024-10-28 00:00:00+00:00
[2024-10-28T12:24:17.469-0300] {processor.py:208} INFO - Processing /home/nico/.local/lib/python3.10/site-packages/airflow/example_dags/tutorial.py took 0.288 seconds
[2024-10-28T12:25:22.259-0300] {processor.py:186} INFO - Started process (PID=4115) to work on /home/nico/.local/lib/python3.10/site-packages/airflow/example_dags/tutorial.py
[2024-10-28T12:25:22.262-0300] {processor.py:914} INFO - Processing file /home/nico/.local/lib/python3.10/site-packages/airflow/example_dags/tutorial.py for tasks to queue
[2024-10-28T12:25:22.266-0300] {logging_mixin.py:190} INFO - [2024-10-28T12:25:22.265-0300] {dagbag.py:588} INFO - Filling up the DagBag from /home/nico/.local/lib/python3.10/site-packages/airflow/example_dags/tutorial.py
[2024-10-28T12:25:22.291-0300] {processor.py:925} INFO - DAG(s) 'tutorial' retrieved from /home/nico/.local/lib/python3.10/site-packages/airflow/example_dags/tutorial.py
[2024-10-28T12:25:22.375-0300] {logging_mixin.py:190} INFO - [2024-10-28T12:25:22.375-0300] {dag.py:3239} INFO - Sync 1 DAGs
[2024-10-28T12:25:22.450-0300] {logging_mixin.py:190} INFO - [2024-10-28T12:25:22.449-0300] {dag.py:4180} INFO - Setting next_dagrun for tutorial to 2024-10-27 00:00:00+00:00, run_after=2024-10-28 00:00:00+00:00
[2024-10-28T12:25:23.898-0300] {processor.py:208} INFO - Processing /home/nico/.local/lib/python3.10/site-packages/airflow/example_dags/tutorial.py took 1.658 seconds
[2024-10-28T12:26:39.975-0300] {processor.py:186} INFO - Started process (PID=4451) to work on /home/nico/.local/lib/python3.10/site-packages/airflow/example_dags/tutorial.py
[2024-10-28T12:26:39.978-0300] {processor.py:914} INFO - Processing file /home/nico/.local/lib/python3.10/site-packages/airflow/example_dags/tutorial.py for tasks to queue
[2024-10-28T12:26:39.981-0300] {logging_mixin.py:190} INFO - [2024-10-28T12:26:39.980-0300] {dagbag.py:588} INFO - Filling up the DagBag from /home/nico/.local/lib/python3.10/site-packages/airflow/example_dags/tutorial.py
[2024-10-28T12:26:39.995-0300] {processor.py:925} INFO - DAG(s) 'tutorial' retrieved from /home/nico/.local/lib/python3.10/site-packages/airflow/example_dags/tutorial.py
[2024-10-28T12:26:40.049-0300] {logging_mixin.py:190} INFO - [2024-10-28T12:26:40.048-0300] {dag.py:3239} INFO - Sync 1 DAGs
[2024-10-28T12:26:40.098-0300] {logging_mixin.py:190} INFO - [2024-10-28T12:26:40.098-0300] {dag.py:4180} INFO - Setting next_dagrun for tutorial to 2024-10-27 00:00:00+00:00, run_after=2024-10-28 00:00:00+00:00
[2024-10-28T12:26:40.215-0300] {processor.py:208} INFO - Processing /home/nico/.local/lib/python3.10/site-packages/airflow/example_dags/tutorial.py took 0.254 seconds
[2024-10-28T12:27:50.242-0300] {processor.py:186} INFO - Started process (PID=4762) to work on /home/nico/.local/lib/python3.10/site-packages/airflow/example_dags/tutorial.py
[2024-10-28T12:27:50.244-0300] {processor.py:914} INFO - Processing file /home/nico/.local/lib/python3.10/site-packages/airflow/example_dags/tutorial.py for tasks to queue
[2024-10-28T12:27:50.249-0300] {logging_mixin.py:190} INFO - [2024-10-28T12:27:50.248-0300] {dagbag.py:588} INFO - Filling up the DagBag from /home/nico/.local/lib/python3.10/site-packages/airflow/example_dags/tutorial.py
[2024-10-28T12:27:50.276-0300] {processor.py:925} INFO - DAG(s) 'tutorial' retrieved from /home/nico/.local/lib/python3.10/site-packages/airflow/example_dags/tutorial.py
[2024-10-28T12:27:50.363-0300] {logging_mixin.py:190} INFO - [2024-10-28T12:27:50.362-0300] {dag.py:3239} INFO - Sync 1 DAGs
[2024-10-28T12:27:50.439-0300] {logging_mixin.py:190} INFO - [2024-10-28T12:27:50.438-0300] {dag.py:4180} INFO - Setting next_dagrun for tutorial to 2024-10-27 00:00:00+00:00, run_after=2024-10-28 00:00:00+00:00
[2024-10-28T12:27:50.573-0300] {processor.py:208} INFO - Processing /home/nico/.local/lib/python3.10/site-packages/airflow/example_dags/tutorial.py took 0.344 seconds
[2024-10-28T12:28:53.017-0300] {processor.py:186} INFO - Started process (PID=5044) to work on /home/nico/.local/lib/python3.10/site-packages/airflow/example_dags/tutorial.py
[2024-10-28T12:28:53.020-0300] {processor.py:914} INFO - Processing file /home/nico/.local/lib/python3.10/site-packages/airflow/example_dags/tutorial.py for tasks to queue
[2024-10-28T12:28:53.023-0300] {logging_mixin.py:190} INFO - [2024-10-28T12:28:53.022-0300] {dagbag.py:588} INFO - Filling up the DagBag from /home/nico/.local/lib/python3.10/site-packages/airflow/example_dags/tutorial.py
[2024-10-28T12:28:53.039-0300] {processor.py:925} INFO - DAG(s) 'tutorial' retrieved from /home/nico/.local/lib/python3.10/site-packages/airflow/example_dags/tutorial.py
[2024-10-28T12:28:53.100-0300] {logging_mixin.py:190} INFO - [2024-10-28T12:28:53.099-0300] {dag.py:3239} INFO - Sync 1 DAGs
[2024-10-28T12:28:53.156-0300] {logging_mixin.py:190} INFO - [2024-10-28T12:28:53.156-0300] {dag.py:4180} INFO - Setting next_dagrun for tutorial to 2024-10-27 00:00:00+00:00, run_after=2024-10-28 00:00:00+00:00
[2024-10-28T12:28:53.258-0300] {processor.py:208} INFO - Processing /home/nico/.local/lib/python3.10/site-packages/airflow/example_dags/tutorial.py took 0.254 seconds
[2024-10-28T12:30:00.560-0300] {processor.py:186} INFO - Started process (PID=5344) to work on /home/nico/.local/lib/python3.10/site-packages/airflow/example_dags/tutorial.py
[2024-10-28T12:30:00.563-0300] {processor.py:914} INFO - Processing file /home/nico/.local/lib/python3.10/site-packages/airflow/example_dags/tutorial.py for tasks to queue
[2024-10-28T12:30:00.569-0300] {logging_mixin.py:190} INFO - [2024-10-28T12:30:00.567-0300] {dagbag.py:588} INFO - Filling up the DagBag from /home/nico/.local/lib/python3.10/site-packages/airflow/example_dags/tutorial.py
[2024-10-28T12:30:00.587-0300] {processor.py:925} INFO - DAG(s) 'tutorial' retrieved from /home/nico/.local/lib/python3.10/site-packages/airflow/example_dags/tutorial.py
[2024-10-28T12:30:00.649-0300] {logging_mixin.py:190} INFO - [2024-10-28T12:30:00.648-0300] {dag.py:3239} INFO - Sync 1 DAGs
[2024-10-28T12:30:00.710-0300] {logging_mixin.py:190} INFO - [2024-10-28T12:30:00.709-0300] {dag.py:4180} INFO - Setting next_dagrun for tutorial to 2024-10-27 00:00:00+00:00, run_after=2024-10-28 00:00:00+00:00
[2024-10-28T12:30:00.890-0300] {processor.py:208} INFO - Processing /home/nico/.local/lib/python3.10/site-packages/airflow/example_dags/tutorial.py took 0.345 seconds
[2024-10-28T12:31:08.418-0300] {processor.py:186} INFO - Started process (PID=5644) to work on /home/nico/.local/lib/python3.10/site-packages/airflow/example_dags/tutorial.py
[2024-10-28T12:31:08.430-0300] {processor.py:914} INFO - Processing file /home/nico/.local/lib/python3.10/site-packages/airflow/example_dags/tutorial.py for tasks to queue
[2024-10-28T12:31:08.434-0300] {logging_mixin.py:190} INFO - [2024-10-28T12:31:08.433-0300] {dagbag.py:588} INFO - Filling up the DagBag from /home/nico/.local/lib/python3.10/site-packages/airflow/example_dags/tutorial.py
[2024-10-28T12:31:08.457-0300] {processor.py:925} INFO - DAG(s) 'tutorial' retrieved from /home/nico/.local/lib/python3.10/site-packages/airflow/example_dags/tutorial.py
[2024-10-28T12:31:08.569-0300] {logging_mixin.py:190} INFO - [2024-10-28T12:31:08.568-0300] {dag.py:3239} INFO - Sync 1 DAGs
[2024-10-28T12:31:09.582-0300] {logging_mixin.py:190} INFO - [2024-10-28T12:31:09.582-0300] {dag.py:4180} INFO - Setting next_dagrun for tutorial to 2024-10-27 00:00:00+00:00, run_after=2024-10-28 00:00:00+00:00
[2024-10-28T12:31:10.588-0300] {processor.py:208} INFO - Processing /home/nico/.local/lib/python3.10/site-packages/airflow/example_dags/tutorial.py took 2.195 seconds
[2024-10-28T12:32:34.738-0300] {processor.py:186} INFO - Started process (PID=6020) to work on /home/nico/.local/lib/python3.10/site-packages/airflow/example_dags/tutorial.py
[2024-10-28T12:32:34.741-0300] {processor.py:914} INFO - Processing file /home/nico/.local/lib/python3.10/site-packages/airflow/example_dags/tutorial.py for tasks to queue
[2024-10-28T12:32:34.746-0300] {logging_mixin.py:190} INFO - [2024-10-28T12:32:34.745-0300] {dagbag.py:588} INFO - Filling up the DagBag from /home/nico/.local/lib/python3.10/site-packages/airflow/example_dags/tutorial.py
[2024-10-28T12:32:34.768-0300] {processor.py:925} INFO - DAG(s) 'tutorial' retrieved from /home/nico/.local/lib/python3.10/site-packages/airflow/example_dags/tutorial.py
[2024-10-28T12:32:34.844-0300] {logging_mixin.py:190} INFO - [2024-10-28T12:32:34.844-0300] {dag.py:3239} INFO - Sync 1 DAGs
[2024-10-28T12:32:34.929-0300] {logging_mixin.py:190} INFO - [2024-10-28T12:32:34.929-0300] {dag.py:4180} INFO - Setting next_dagrun for tutorial to 2024-10-27 00:00:00+00:00, run_after=2024-10-28 00:00:00+00:00
[2024-10-28T12:32:35.072-0300] {processor.py:208} INFO - Processing /home/nico/.local/lib/python3.10/site-packages/airflow/example_dags/tutorial.py took 0.356 seconds
[2024-10-28T12:33:51.389-0300] {processor.py:186} INFO - Started process (PID=6368) to work on /home/nico/.local/lib/python3.10/site-packages/airflow/example_dags/tutorial.py
[2024-10-28T12:33:51.392-0300] {processor.py:914} INFO - Processing file /home/nico/.local/lib/python3.10/site-packages/airflow/example_dags/tutorial.py for tasks to queue
[2024-10-28T12:33:51.397-0300] {logging_mixin.py:190} INFO - [2024-10-28T12:33:51.395-0300] {dagbag.py:588} INFO - Filling up the DagBag from /home/nico/.local/lib/python3.10/site-packages/airflow/example_dags/tutorial.py
[2024-10-28T12:33:51.415-0300] {processor.py:925} INFO - DAG(s) 'tutorial' retrieved from /home/nico/.local/lib/python3.10/site-packages/airflow/example_dags/tutorial.py
[2024-10-28T12:33:51.475-0300] {logging_mixin.py:190} INFO - [2024-10-28T12:33:51.474-0300] {dag.py:3239} INFO - Sync 1 DAGs
[2024-10-28T12:33:51.572-0300] {logging_mixin.py:190} INFO - [2024-10-28T12:33:51.571-0300] {dag.py:4180} INFO - Setting next_dagrun for tutorial to 2024-10-27 00:00:00+00:00, run_after=2024-10-28 00:00:00+00:00
[2024-10-28T12:33:51.740-0300] {processor.py:208} INFO - Processing /home/nico/.local/lib/python3.10/site-packages/airflow/example_dags/tutorial.py took 0.368 seconds
[2024-10-28T12:35:01.294-0300] {processor.py:186} INFO - Started process (PID=6677) to work on /home/nico/.local/lib/python3.10/site-packages/airflow/example_dags/tutorial.py
[2024-10-28T12:35:01.296-0300] {processor.py:914} INFO - Processing file /home/nico/.local/lib/python3.10/site-packages/airflow/example_dags/tutorial.py for tasks to queue
[2024-10-28T12:35:01.300-0300] {logging_mixin.py:190} INFO - [2024-10-28T12:35:01.299-0300] {dagbag.py:588} INFO - Filling up the DagBag from /home/nico/.local/lib/python3.10/site-packages/airflow/example_dags/tutorial.py
[2024-10-28T12:35:01.313-0300] {processor.py:925} INFO - DAG(s) 'tutorial' retrieved from /home/nico/.local/lib/python3.10/site-packages/airflow/example_dags/tutorial.py
[2024-10-28T12:35:01.365-0300] {logging_mixin.py:190} INFO - [2024-10-28T12:35:01.365-0300] {dag.py:3239} INFO - Sync 1 DAGs
[2024-10-28T12:35:01.431-0300] {logging_mixin.py:190} INFO - [2024-10-28T12:35:01.430-0300] {dag.py:4180} INFO - Setting next_dagrun for tutorial to 2024-10-27 00:00:00+00:00, run_after=2024-10-28 00:00:00+00:00
[2024-10-28T12:35:01.765-0300] {processor.py:208} INFO - Processing /home/nico/.local/lib/python3.10/site-packages/airflow/example_dags/tutorial.py took 0.484 seconds
[2024-10-28T12:36:57.784-0300] {processor.py:186} INFO - Started process (PID=7161) to work on /home/nico/.local/lib/python3.10/site-packages/airflow/example_dags/tutorial.py
[2024-10-28T12:36:57.798-0300] {processor.py:914} INFO - Processing file /home/nico/.local/lib/python3.10/site-packages/airflow/example_dags/tutorial.py for tasks to queue
[2024-10-28T12:36:57.806-0300] {logging_mixin.py:190} INFO - [2024-10-28T12:36:57.805-0300] {dagbag.py:588} INFO - Filling up the DagBag from /home/nico/.local/lib/python3.10/site-packages/airflow/example_dags/tutorial.py
[2024-10-28T12:36:58.033-0300] {processor.py:925} INFO - DAG(s) 'tutorial' retrieved from /home/nico/.local/lib/python3.10/site-packages/airflow/example_dags/tutorial.py
[2024-10-28T12:36:58.222-0300] {logging_mixin.py:190} INFO - [2024-10-28T12:36:58.216-0300] {dag.py:3239} INFO - Sync 1 DAGs
[2024-10-28T12:36:58.340-0300] {logging_mixin.py:190} INFO - [2024-10-28T12:36:58.340-0300] {dag.py:4180} INFO - Setting next_dagrun for tutorial to 2024-10-27 00:00:00+00:00, run_after=2024-10-28 00:00:00+00:00
[2024-10-28T12:36:58.718-0300] {processor.py:208} INFO - Processing /home/nico/.local/lib/python3.10/site-packages/airflow/example_dags/tutorial.py took 0.959 seconds
[2024-10-28T12:38:23.032-0300] {processor.py:186} INFO - Started process (PID=7534) to work on /home/nico/.local/lib/python3.10/site-packages/airflow/example_dags/tutorial.py
[2024-10-28T12:38:23.036-0300] {processor.py:914} INFO - Processing file /home/nico/.local/lib/python3.10/site-packages/airflow/example_dags/tutorial.py for tasks to queue
[2024-10-28T12:38:23.041-0300] {logging_mixin.py:190} INFO - [2024-10-28T12:38:23.040-0300] {dagbag.py:588} INFO - Filling up the DagBag from /home/nico/.local/lib/python3.10/site-packages/airflow/example_dags/tutorial.py
[2024-10-28T12:38:23.058-0300] {processor.py:925} INFO - DAG(s) 'tutorial' retrieved from /home/nico/.local/lib/python3.10/site-packages/airflow/example_dags/tutorial.py
[2024-10-28T12:38:23.112-0300] {logging_mixin.py:190} INFO - [2024-10-28T12:38:23.111-0300] {dag.py:3239} INFO - Sync 1 DAGs
[2024-10-28T12:38:23.192-0300] {logging_mixin.py:190} INFO - [2024-10-28T12:38:23.192-0300] {dag.py:4180} INFO - Setting next_dagrun for tutorial to 2024-10-27 00:00:00+00:00, run_after=2024-10-28 00:00:00+00:00
[2024-10-28T12:38:23.321-0300] {processor.py:208} INFO - Processing /home/nico/.local/lib/python3.10/site-packages/airflow/example_dags/tutorial.py took 0.305 seconds
[2024-10-28T12:39:47.435-0300] {processor.py:186} INFO - Started process (PID=7901) to work on /home/nico/.local/lib/python3.10/site-packages/airflow/example_dags/tutorial.py
[2024-10-28T12:39:47.448-0300] {processor.py:914} INFO - Processing file /home/nico/.local/lib/python3.10/site-packages/airflow/example_dags/tutorial.py for tasks to queue
[2024-10-28T12:39:47.453-0300] {logging_mixin.py:190} INFO - [2024-10-28T12:39:47.452-0300] {dagbag.py:588} INFO - Filling up the DagBag from /home/nico/.local/lib/python3.10/site-packages/airflow/example_dags/tutorial.py
[2024-10-28T12:39:47.514-0300] {processor.py:925} INFO - DAG(s) 'tutorial' retrieved from /home/nico/.local/lib/python3.10/site-packages/airflow/example_dags/tutorial.py
[2024-10-28T12:39:47.658-0300] {logging_mixin.py:190} INFO - [2024-10-28T12:39:47.658-0300] {dag.py:3239} INFO - Sync 1 DAGs
[2024-10-28T12:39:47.854-0300] {logging_mixin.py:190} INFO - [2024-10-28T12:39:47.853-0300] {dag.py:4180} INFO - Setting next_dagrun for tutorial to 2024-10-27 00:00:00+00:00, run_after=2024-10-28 00:00:00+00:00
[2024-10-28T12:39:48.075-0300] {processor.py:208} INFO - Processing /home/nico/.local/lib/python3.10/site-packages/airflow/example_dags/tutorial.py took 0.662 seconds
[2024-10-28T12:41:22.063-0300] {processor.py:186} INFO - Started process (PID=8312) to work on /home/nico/.local/lib/python3.10/site-packages/airflow/example_dags/tutorial.py
[2024-10-28T12:41:22.067-0300] {processor.py:914} INFO - Processing file /home/nico/.local/lib/python3.10/site-packages/airflow/example_dags/tutorial.py for tasks to queue
[2024-10-28T12:41:22.072-0300] {logging_mixin.py:190} INFO - [2024-10-28T12:41:22.071-0300] {dagbag.py:588} INFO - Filling up the DagBag from /home/nico/.local/lib/python3.10/site-packages/airflow/example_dags/tutorial.py
[2024-10-28T12:41:22.095-0300] {processor.py:925} INFO - DAG(s) 'tutorial' retrieved from /home/nico/.local/lib/python3.10/site-packages/airflow/example_dags/tutorial.py
[2024-10-28T12:41:22.208-0300] {logging_mixin.py:190} INFO - [2024-10-28T12:41:22.207-0300] {dag.py:3239} INFO - Sync 1 DAGs
[2024-10-28T12:41:22.369-0300] {logging_mixin.py:190} INFO - [2024-10-28T12:41:22.368-0300] {dag.py:4180} INFO - Setting next_dagrun for tutorial to 2024-10-27 00:00:00+00:00, run_after=2024-10-28 00:00:00+00:00
[2024-10-28T12:41:22.548-0300] {processor.py:208} INFO - Processing /home/nico/.local/lib/python3.10/site-packages/airflow/example_dags/tutorial.py took 0.509 seconds
