[2024-11-02T00:16:22.299-0300] {local_task_job_runner.py:123} INFO - ::group::Pre task execution logs
[2024-11-02T00:16:22.413-0300] {taskinstance.py:2612} INFO - Dependencies all met for dep_context=non-requeueable deps ti=<TaskInstance: etl_redshift_dag_variables_bcra.load_data scheduled__2024-10-31T19:00:00+00:00 [queued]>
[2024-11-02T00:16:22.460-0300] {taskinstance.py:2612} INFO - Dependencies all met for dep_context=requeueable deps ti=<TaskInstance: etl_redshift_dag_variables_bcra.load_data scheduled__2024-10-31T19:00:00+00:00 [queued]>
[2024-11-02T00:16:22.469-0300] {taskinstance.py:2865} INFO - Starting attempt 1 of 2
[2024-11-02T00:16:22.567-0300] {taskinstance.py:2888} INFO - Executing <Task(PythonOperator): load_data> on 2024-10-31 19:00:00+00:00
[2024-11-02T00:16:22.587-0300] {standard_task_runner.py:72} INFO - Started process 216799 to run task
[2024-11-02T00:16:22.602-0300] {standard_task_runner.py:104} INFO - Running: ['airflow', 'tasks', 'run', 'etl_redshift_dag_variables_bcra', 'load_data', 'scheduled__2024-10-31T19:00:00+00:00', '--job-id', '514', '--raw', '--subdir', 'DAGS_FOLDER/dag_variables_bcra.py', '--cfg-path', '/tmp/tmpxzxnx_jm']
[2024-11-02T00:16:22.607-0300] {standard_task_runner.py:105} INFO - Job 514: Subtask load_data
[2024-11-02T00:16:22.917-0300] {task_command.py:467} INFO - Running <TaskInstance: etl_redshift_dag_variables_bcra.load_data scheduled__2024-10-31T19:00:00+00:00 [running]> on host DESKTOP-MVFODGC.
[2024-11-02T00:16:24.405-0300] {taskinstance.py:3131} INFO - Exporting env vars: AIRFLOW_CTX_DAG_OWNER='airflow' AIRFLOW_CTX_DAG_ID='etl_redshift_dag_variables_bcra' AIRFLOW_CTX_TASK_ID='load_data' AIRFLOW_CTX_EXECUTION_DATE='2024-10-31T19:00:00+00:00' AIRFLOW_CTX_TRY_NUMBER='1' AIRFLOW_CTX_DAG_RUN_ID='scheduled__2024-10-31T19:00:00+00:00'
[2024-11-02T00:16:24.410-0300] {logging_mixin.py:190} INFO - Task instance is in running state
[2024-11-02T00:16:24.421-0300] {logging_mixin.py:190} INFO -  Previous state of the Task instance: queued
[2024-11-02T00:16:24.434-0300] {logging_mixin.py:190} INFO - Current task name:load_data state:running start_date:2024-11-02 03:16:22.418829+00:00
[2024-11-02T00:16:24.436-0300] {logging_mixin.py:190} INFO - Dag name:etl_redshift_dag_variables_bcra and current dag run status:running
[2024-11-02T00:16:24.439-0300] {taskinstance.py:731} INFO - ::endgroup::
[2024-11-02T00:16:29.221-0300] {logging_mixin.py:190} INFO - Datos cargados exitosamente en la tabla 2024_nicolas_alvarez_julia_schema.fact_table en Redshift.
[2024-11-02T00:16:29.224-0300] {python.py:240} INFO - Done. Returned value was: None
[2024-11-02T00:16:29.300-0300] {taskinstance.py:340} INFO - ::group::Post task execution logs
[2024-11-02T00:16:29.303-0300] {taskinstance.py:352} INFO - Marking task as SUCCESS. dag_id=etl_redshift_dag_variables_bcra, task_id=load_data, run_id=scheduled__2024-10-31T19:00:00+00:00, execution_date=20241031T190000, start_date=20241102T031622, end_date=20241102T031629
[2024-11-02T00:16:29.420-0300] {logging_mixin.py:190} INFO - Task instance in success state
[2024-11-02T00:16:29.425-0300] {logging_mixin.py:190} INFO -  Previous state of the Task instance: running
[2024-11-02T00:16:29.431-0300] {logging_mixin.py:190} INFO - Dag name:etl_redshift_dag_variables_bcra queued_at:2024-11-02 03:11:07.226610+00:00
[2024-11-02T00:16:29.434-0300] {logging_mixin.py:190} INFO - Task hostname:DESKTOP-MVFODGC. operator:PythonOperator
[2024-11-02T00:16:29.505-0300] {local_task_job_runner.py:266} INFO - Task exited with return code 0
[2024-11-02T00:16:29.557-0300] {taskinstance.py:3900} INFO - 0 downstream tasks scheduled from follow-on schedule check
[2024-11-02T00:16:29.566-0300] {local_task_job_runner.py:245} INFO - ::endgroup::
