[2024-10-29T14:09:54.680-0300] {processor.py:186} INFO - Started process (PID=71549) to work on /home/nico/.local/lib/python3.10/site-packages/airflow/example_dags/example_time_delta_sensor_async.py
[2024-10-29T14:09:54.683-0300] {processor.py:914} INFO - Processing file /home/nico/.local/lib/python3.10/site-packages/airflow/example_dags/example_time_delta_sensor_async.py for tasks to queue
[2024-10-29T14:09:54.690-0300] {logging_mixin.py:190} INFO - [2024-10-29T14:09:54.689-0300] {dagbag.py:588} INFO - Filling up the DagBag from /home/nico/.local/lib/python3.10/site-packages/airflow/example_dags/example_time_delta_sensor_async.py
[2024-10-29T14:09:54.708-0300] {processor.py:925} INFO - DAG(s) 'example_time_delta_sensor_async' retrieved from /home/nico/.local/lib/python3.10/site-packages/airflow/example_dags/example_time_delta_sensor_async.py
[2024-10-29T14:09:54.778-0300] {logging_mixin.py:190} INFO - [2024-10-29T14:09:54.777-0300] {dag.py:3239} INFO - Sync 1 DAGs
[2024-10-29T14:09:54.819-0300] {logging_mixin.py:190} INFO - [2024-10-29T14:09:54.819-0300] {dag.py:4180} INFO - Setting next_dagrun for example_time_delta_sensor_async to None, run_after=None
[2024-10-29T14:09:54.948-0300] {processor.py:208} INFO - Processing /home/nico/.local/lib/python3.10/site-packages/airflow/example_dags/example_time_delta_sensor_async.py took 0.279 seconds
[2024-10-29T14:11:39.564-0300] {processor.py:186} INFO - Started process (PID=72010) to work on /home/nico/.local/lib/python3.10/site-packages/airflow/example_dags/example_time_delta_sensor_async.py
[2024-10-29T14:11:39.572-0300] {processor.py:914} INFO - Processing file /home/nico/.local/lib/python3.10/site-packages/airflow/example_dags/example_time_delta_sensor_async.py for tasks to queue
[2024-10-29T14:11:39.603-0300] {logging_mixin.py:190} INFO - [2024-10-29T14:11:39.600-0300] {dagbag.py:588} INFO - Filling up the DagBag from /home/nico/.local/lib/python3.10/site-packages/airflow/example_dags/example_time_delta_sensor_async.py
[2024-10-29T14:11:39.655-0300] {processor.py:925} INFO - DAG(s) 'example_time_delta_sensor_async' retrieved from /home/nico/.local/lib/python3.10/site-packages/airflow/example_dags/example_time_delta_sensor_async.py
[2024-10-29T14:11:39.899-0300] {logging_mixin.py:190} INFO - [2024-10-29T14:11:39.898-0300] {dag.py:3239} INFO - Sync 1 DAGs
[2024-10-29T14:11:39.968-0300] {logging_mixin.py:190} INFO - [2024-10-29T14:11:39.967-0300] {dag.py:4180} INFO - Setting next_dagrun for example_time_delta_sensor_async to None, run_after=None
[2024-10-29T14:11:40.157-0300] {processor.py:208} INFO - Processing /home/nico/.local/lib/python3.10/site-packages/airflow/example_dags/example_time_delta_sensor_async.py took 0.635 seconds
[2024-10-29T14:12:51.793-0300] {processor.py:186} INFO - Started process (PID=72330) to work on /home/nico/.local/lib/python3.10/site-packages/airflow/example_dags/example_time_delta_sensor_async.py
[2024-10-29T14:12:51.800-0300] {processor.py:914} INFO - Processing file /home/nico/.local/lib/python3.10/site-packages/airflow/example_dags/example_time_delta_sensor_async.py for tasks to queue
[2024-10-29T14:12:51.819-0300] {logging_mixin.py:190} INFO - [2024-10-29T14:12:51.817-0300] {dagbag.py:588} INFO - Filling up the DagBag from /home/nico/.local/lib/python3.10/site-packages/airflow/example_dags/example_time_delta_sensor_async.py
[2024-10-29T14:12:51.891-0300] {processor.py:925} INFO - DAG(s) 'example_time_delta_sensor_async' retrieved from /home/nico/.local/lib/python3.10/site-packages/airflow/example_dags/example_time_delta_sensor_async.py
[2024-10-29T14:12:52.266-0300] {logging_mixin.py:190} INFO - [2024-10-29T14:12:52.265-0300] {dag.py:3239} INFO - Sync 1 DAGs
[2024-10-29T14:12:52.598-0300] {logging_mixin.py:190} INFO - [2024-10-29T14:12:52.597-0300] {dag.py:4180} INFO - Setting next_dagrun for example_time_delta_sensor_async to None, run_after=None
[2024-10-29T14:12:52.805-0300] {processor.py:208} INFO - Processing /home/nico/.local/lib/python3.10/site-packages/airflow/example_dags/example_time_delta_sensor_async.py took 1.041 seconds
[2024-10-29T14:14:07.799-0300] {processor.py:186} INFO - Started process (PID=72662) to work on /home/nico/.local/lib/python3.10/site-packages/airflow/example_dags/example_time_delta_sensor_async.py
[2024-10-29T14:14:07.802-0300] {processor.py:914} INFO - Processing file /home/nico/.local/lib/python3.10/site-packages/airflow/example_dags/example_time_delta_sensor_async.py for tasks to queue
[2024-10-29T14:14:07.810-0300] {logging_mixin.py:190} INFO - [2024-10-29T14:14:07.808-0300] {dagbag.py:588} INFO - Filling up the DagBag from /home/nico/.local/lib/python3.10/site-packages/airflow/example_dags/example_time_delta_sensor_async.py
[2024-10-29T14:14:07.833-0300] {processor.py:925} INFO - DAG(s) 'example_time_delta_sensor_async' retrieved from /home/nico/.local/lib/python3.10/site-packages/airflow/example_dags/example_time_delta_sensor_async.py
[2024-10-29T14:14:07.921-0300] {logging_mixin.py:190} INFO - [2024-10-29T14:14:07.920-0300] {dag.py:3239} INFO - Sync 1 DAGs
[2024-10-29T14:14:07.992-0300] {logging_mixin.py:190} INFO - [2024-10-29T14:14:07.991-0300] {dag.py:4180} INFO - Setting next_dagrun for example_time_delta_sensor_async to None, run_after=None
[2024-10-29T14:14:08.121-0300] {processor.py:208} INFO - Processing /home/nico/.local/lib/python3.10/site-packages/airflow/example_dags/example_time_delta_sensor_async.py took 0.336 seconds
[2024-10-29T14:15:19.659-0300] {processor.py:186} INFO - Started process (PID=72981) to work on /home/nico/.local/lib/python3.10/site-packages/airflow/example_dags/example_time_delta_sensor_async.py
[2024-10-29T14:15:19.662-0300] {processor.py:914} INFO - Processing file /home/nico/.local/lib/python3.10/site-packages/airflow/example_dags/example_time_delta_sensor_async.py for tasks to queue
[2024-10-29T14:15:19.669-0300] {logging_mixin.py:190} INFO - [2024-10-29T14:15:19.668-0300] {dagbag.py:588} INFO - Filling up the DagBag from /home/nico/.local/lib/python3.10/site-packages/airflow/example_dags/example_time_delta_sensor_async.py
[2024-10-29T14:15:19.693-0300] {processor.py:925} INFO - DAG(s) 'example_time_delta_sensor_async' retrieved from /home/nico/.local/lib/python3.10/site-packages/airflow/example_dags/example_time_delta_sensor_async.py
[2024-10-29T14:15:19.746-0300] {logging_mixin.py:190} INFO - [2024-10-29T14:15:19.745-0300] {dag.py:3239} INFO - Sync 1 DAGs
[2024-10-29T14:15:19.800-0300] {logging_mixin.py:190} INFO - [2024-10-29T14:15:19.799-0300] {dag.py:4180} INFO - Setting next_dagrun for example_time_delta_sensor_async to None, run_after=None
[2024-10-29T14:15:19.967-0300] {processor.py:208} INFO - Processing /home/nico/.local/lib/python3.10/site-packages/airflow/example_dags/example_time_delta_sensor_async.py took 0.324 seconds
[2024-10-29T14:16:46.742-0300] {processor.py:186} INFO - Started process (PID=73352) to work on /home/nico/.local/lib/python3.10/site-packages/airflow/example_dags/example_time_delta_sensor_async.py
[2024-10-29T14:16:46.745-0300] {processor.py:914} INFO - Processing file /home/nico/.local/lib/python3.10/site-packages/airflow/example_dags/example_time_delta_sensor_async.py for tasks to queue
[2024-10-29T14:16:46.754-0300] {logging_mixin.py:190} INFO - [2024-10-29T14:16:46.753-0300] {dagbag.py:588} INFO - Filling up the DagBag from /home/nico/.local/lib/python3.10/site-packages/airflow/example_dags/example_time_delta_sensor_async.py
[2024-10-29T14:16:46.775-0300] {processor.py:925} INFO - DAG(s) 'example_time_delta_sensor_async' retrieved from /home/nico/.local/lib/python3.10/site-packages/airflow/example_dags/example_time_delta_sensor_async.py
[2024-10-29T14:16:48.366-0300] {logging_mixin.py:190} INFO - [2024-10-29T14:16:48.364-0300] {dag.py:3239} INFO - Sync 1 DAGs
[2024-10-29T14:16:48.418-0300] {logging_mixin.py:190} INFO - [2024-10-29T14:16:48.417-0300] {dag.py:4180} INFO - Setting next_dagrun for example_time_delta_sensor_async to None, run_after=None
[2024-10-29T14:16:49.588-0300] {processor.py:208} INFO - Processing /home/nico/.local/lib/python3.10/site-packages/airflow/example_dags/example_time_delta_sensor_async.py took 2.875 seconds
[2024-10-29T14:17:55.971-0300] {processor.py:186} INFO - Started process (PID=73660) to work on /home/nico/.local/lib/python3.10/site-packages/airflow/example_dags/example_time_delta_sensor_async.py
[2024-10-29T14:17:55.974-0300] {processor.py:914} INFO - Processing file /home/nico/.local/lib/python3.10/site-packages/airflow/example_dags/example_time_delta_sensor_async.py for tasks to queue
[2024-10-29T14:17:55.982-0300] {logging_mixin.py:190} INFO - [2024-10-29T14:17:55.981-0300] {dagbag.py:588} INFO - Filling up the DagBag from /home/nico/.local/lib/python3.10/site-packages/airflow/example_dags/example_time_delta_sensor_async.py
[2024-10-29T14:17:56.002-0300] {processor.py:925} INFO - DAG(s) 'example_time_delta_sensor_async' retrieved from /home/nico/.local/lib/python3.10/site-packages/airflow/example_dags/example_time_delta_sensor_async.py
[2024-10-29T14:17:56.237-0300] {logging_mixin.py:190} INFO - [2024-10-29T14:17:56.237-0300] {dag.py:3239} INFO - Sync 1 DAGs
[2024-10-29T14:17:56.371-0300] {logging_mixin.py:190} INFO - [2024-10-29T14:17:56.361-0300] {dag.py:4180} INFO - Setting next_dagrun for example_time_delta_sensor_async to None, run_after=None
[2024-10-29T14:17:56.593-0300] {processor.py:208} INFO - Processing /home/nico/.local/lib/python3.10/site-packages/airflow/example_dags/example_time_delta_sensor_async.py took 0.643 seconds
[2024-10-29T14:23:01.624-0300] {processor.py:186} INFO - Started process (PID=74990) to work on /home/nico/.local/lib/python3.10/site-packages/airflow/example_dags/example_time_delta_sensor_async.py
[2024-10-29T14:23:01.627-0300] {processor.py:914} INFO - Processing file /home/nico/.local/lib/python3.10/site-packages/airflow/example_dags/example_time_delta_sensor_async.py for tasks to queue
[2024-10-29T14:23:01.632-0300] {logging_mixin.py:190} INFO - [2024-10-29T14:23:01.632-0300] {dagbag.py:588} INFO - Filling up the DagBag from /home/nico/.local/lib/python3.10/site-packages/airflow/example_dags/example_time_delta_sensor_async.py
[2024-10-29T14:23:01.655-0300] {processor.py:925} INFO - DAG(s) 'example_time_delta_sensor_async' retrieved from /home/nico/.local/lib/python3.10/site-packages/airflow/example_dags/example_time_delta_sensor_async.py
[2024-10-29T14:23:01.709-0300] {logging_mixin.py:190} INFO - [2024-10-29T14:23:01.708-0300] {dag.py:3239} INFO - Sync 1 DAGs
[2024-10-29T14:23:01.760-0300] {logging_mixin.py:190} INFO - [2024-10-29T14:23:01.759-0300] {dag.py:4180} INFO - Setting next_dagrun for example_time_delta_sensor_async to None, run_after=None
[2024-10-29T14:23:01.878-0300] {processor.py:208} INFO - Processing /home/nico/.local/lib/python3.10/site-packages/airflow/example_dags/example_time_delta_sensor_async.py took 0.268 seconds
[2024-10-29T14:24:37.375-0300] {processor.py:186} INFO - Started process (PID=75415) to work on /home/nico/.local/lib/python3.10/site-packages/airflow/example_dags/example_time_delta_sensor_async.py
[2024-10-29T14:24:37.378-0300] {processor.py:914} INFO - Processing file /home/nico/.local/lib/python3.10/site-packages/airflow/example_dags/example_time_delta_sensor_async.py for tasks to queue
[2024-10-29T14:24:37.385-0300] {logging_mixin.py:190} INFO - [2024-10-29T14:24:37.384-0300] {dagbag.py:588} INFO - Filling up the DagBag from /home/nico/.local/lib/python3.10/site-packages/airflow/example_dags/example_time_delta_sensor_async.py
[2024-10-29T14:24:37.411-0300] {processor.py:925} INFO - DAG(s) 'example_time_delta_sensor_async' retrieved from /home/nico/.local/lib/python3.10/site-packages/airflow/example_dags/example_time_delta_sensor_async.py
[2024-10-29T14:24:37.464-0300] {logging_mixin.py:190} INFO - [2024-10-29T14:24:37.463-0300] {dag.py:3239} INFO - Sync 1 DAGs
[2024-10-29T14:24:37.507-0300] {logging_mixin.py:190} INFO - [2024-10-29T14:24:37.506-0300] {dag.py:4180} INFO - Setting next_dagrun for example_time_delta_sensor_async to None, run_after=None
[2024-10-29T14:24:37.639-0300] {processor.py:208} INFO - Processing /home/nico/.local/lib/python3.10/site-packages/airflow/example_dags/example_time_delta_sensor_async.py took 0.287 seconds
[2024-10-29T14:25:47.198-0300] {processor.py:186} INFO - Started process (PID=75728) to work on /home/nico/.local/lib/python3.10/site-packages/airflow/example_dags/example_time_delta_sensor_async.py
[2024-10-29T14:25:47.202-0300] {processor.py:914} INFO - Processing file /home/nico/.local/lib/python3.10/site-packages/airflow/example_dags/example_time_delta_sensor_async.py for tasks to queue
[2024-10-29T14:25:47.209-0300] {logging_mixin.py:190} INFO - [2024-10-29T14:25:47.208-0300] {dagbag.py:588} INFO - Filling up the DagBag from /home/nico/.local/lib/python3.10/site-packages/airflow/example_dags/example_time_delta_sensor_async.py
[2024-10-29T14:25:47.228-0300] {processor.py:925} INFO - DAG(s) 'example_time_delta_sensor_async' retrieved from /home/nico/.local/lib/python3.10/site-packages/airflow/example_dags/example_time_delta_sensor_async.py
[2024-10-29T14:25:47.289-0300] {logging_mixin.py:190} INFO - [2024-10-29T14:25:47.288-0300] {dag.py:3239} INFO - Sync 1 DAGs
[2024-10-29T14:25:47.327-0300] {logging_mixin.py:190} INFO - [2024-10-29T14:25:47.326-0300] {dag.py:4180} INFO - Setting next_dagrun for example_time_delta_sensor_async to None, run_after=None
[2024-10-29T14:25:47.479-0300] {processor.py:208} INFO - Processing /home/nico/.local/lib/python3.10/site-packages/airflow/example_dags/example_time_delta_sensor_async.py took 0.303 seconds
[2024-10-29T14:26:55.972-0300] {processor.py:186} INFO - Started process (PID=76036) to work on /home/nico/.local/lib/python3.10/site-packages/airflow/example_dags/example_time_delta_sensor_async.py
[2024-10-29T14:26:55.975-0300] {processor.py:914} INFO - Processing file /home/nico/.local/lib/python3.10/site-packages/airflow/example_dags/example_time_delta_sensor_async.py for tasks to queue
[2024-10-29T14:26:55.990-0300] {logging_mixin.py:190} INFO - [2024-10-29T14:26:55.989-0300] {dagbag.py:588} INFO - Filling up the DagBag from /home/nico/.local/lib/python3.10/site-packages/airflow/example_dags/example_time_delta_sensor_async.py
[2024-10-29T14:26:56.048-0300] {processor.py:925} INFO - DAG(s) 'example_time_delta_sensor_async' retrieved from /home/nico/.local/lib/python3.10/site-packages/airflow/example_dags/example_time_delta_sensor_async.py
[2024-10-29T14:26:56.403-0300] {logging_mixin.py:190} INFO - [2024-10-29T14:26:56.402-0300] {dag.py:3239} INFO - Sync 1 DAGs
[2024-10-29T14:26:56.502-0300] {logging_mixin.py:190} INFO - [2024-10-29T14:26:56.501-0300] {dag.py:4180} INFO - Setting next_dagrun for example_time_delta_sensor_async to None, run_after=None
[2024-10-29T14:26:56.654-0300] {processor.py:208} INFO - Processing /home/nico/.local/lib/python3.10/site-packages/airflow/example_dags/example_time_delta_sensor_async.py took 0.718 seconds
[2024-10-29T14:28:12.858-0300] {processor.py:186} INFO - Started process (PID=76379) to work on /home/nico/.local/lib/python3.10/site-packages/airflow/example_dags/example_time_delta_sensor_async.py
[2024-10-29T14:28:12.861-0300] {processor.py:914} INFO - Processing file /home/nico/.local/lib/python3.10/site-packages/airflow/example_dags/example_time_delta_sensor_async.py for tasks to queue
[2024-10-29T14:28:12.866-0300] {logging_mixin.py:190} INFO - [2024-10-29T14:28:12.865-0300] {dagbag.py:588} INFO - Filling up the DagBag from /home/nico/.local/lib/python3.10/site-packages/airflow/example_dags/example_time_delta_sensor_async.py
[2024-10-29T14:28:12.888-0300] {processor.py:925} INFO - DAG(s) 'example_time_delta_sensor_async' retrieved from /home/nico/.local/lib/python3.10/site-packages/airflow/example_dags/example_time_delta_sensor_async.py
[2024-10-29T14:28:12.958-0300] {logging_mixin.py:190} INFO - [2024-10-29T14:28:12.957-0300] {dag.py:3239} INFO - Sync 1 DAGs
[2024-10-29T14:28:13.013-0300] {logging_mixin.py:190} INFO - [2024-10-29T14:28:13.012-0300] {dag.py:4180} INFO - Setting next_dagrun for example_time_delta_sensor_async to None, run_after=None
[2024-10-29T14:28:13.190-0300] {processor.py:208} INFO - Processing /home/nico/.local/lib/python3.10/site-packages/airflow/example_dags/example_time_delta_sensor_async.py took 0.347 seconds
[2024-10-29T14:37:16.301-0300] {processor.py:186} INFO - Started process (PID=78734) to work on /home/nico/.local/lib/python3.10/site-packages/airflow/example_dags/example_time_delta_sensor_async.py
[2024-10-29T14:37:16.304-0300] {processor.py:914} INFO - Processing file /home/nico/.local/lib/python3.10/site-packages/airflow/example_dags/example_time_delta_sensor_async.py for tasks to queue
[2024-10-29T14:37:16.307-0300] {logging_mixin.py:190} INFO - [2024-10-29T14:37:16.307-0300] {dagbag.py:588} INFO - Filling up the DagBag from /home/nico/.local/lib/python3.10/site-packages/airflow/example_dags/example_time_delta_sensor_async.py
[2024-10-29T14:37:16.324-0300] {processor.py:925} INFO - DAG(s) 'example_time_delta_sensor_async' retrieved from /home/nico/.local/lib/python3.10/site-packages/airflow/example_dags/example_time_delta_sensor_async.py
[2024-10-29T14:37:16.386-0300] {logging_mixin.py:190} INFO - [2024-10-29T14:37:16.385-0300] {dag.py:3239} INFO - Sync 1 DAGs
[2024-10-29T14:37:16.432-0300] {logging_mixin.py:190} INFO - [2024-10-29T14:37:16.432-0300] {dag.py:4180} INFO - Setting next_dagrun for example_time_delta_sensor_async to None, run_after=None
[2024-10-29T14:37:16.554-0300] {processor.py:208} INFO - Processing /home/nico/.local/lib/python3.10/site-packages/airflow/example_dags/example_time_delta_sensor_async.py took 0.266 seconds
[2024-10-29T14:38:48.058-0300] {processor.py:186} INFO - Started process (PID=79144) to work on /home/nico/.local/lib/python3.10/site-packages/airflow/example_dags/example_time_delta_sensor_async.py
[2024-10-29T14:38:48.061-0300] {processor.py:914} INFO - Processing file /home/nico/.local/lib/python3.10/site-packages/airflow/example_dags/example_time_delta_sensor_async.py for tasks to queue
[2024-10-29T14:38:48.064-0300] {logging_mixin.py:190} INFO - [2024-10-29T14:38:48.064-0300] {dagbag.py:588} INFO - Filling up the DagBag from /home/nico/.local/lib/python3.10/site-packages/airflow/example_dags/example_time_delta_sensor_async.py
[2024-10-29T14:38:48.079-0300] {processor.py:925} INFO - DAG(s) 'example_time_delta_sensor_async' retrieved from /home/nico/.local/lib/python3.10/site-packages/airflow/example_dags/example_time_delta_sensor_async.py
[2024-10-29T14:38:48.135-0300] {logging_mixin.py:190} INFO - [2024-10-29T14:38:48.135-0300] {dag.py:3239} INFO - Sync 1 DAGs
[2024-10-29T14:38:48.175-0300] {logging_mixin.py:190} INFO - [2024-10-29T14:38:48.175-0300] {dag.py:4180} INFO - Setting next_dagrun for example_time_delta_sensor_async to None, run_after=None
[2024-10-29T14:38:48.328-0300] {processor.py:208} INFO - Processing /home/nico/.local/lib/python3.10/site-packages/airflow/example_dags/example_time_delta_sensor_async.py took 0.290 seconds
[2024-10-29T14:39:50.570-0300] {processor.py:186} INFO - Started process (PID=79436) to work on /home/nico/.local/lib/python3.10/site-packages/airflow/example_dags/example_time_delta_sensor_async.py
[2024-10-29T14:39:50.572-0300] {processor.py:914} INFO - Processing file /home/nico/.local/lib/python3.10/site-packages/airflow/example_dags/example_time_delta_sensor_async.py for tasks to queue
[2024-10-29T14:39:50.575-0300] {logging_mixin.py:190} INFO - [2024-10-29T14:39:50.574-0300] {dagbag.py:588} INFO - Filling up the DagBag from /home/nico/.local/lib/python3.10/site-packages/airflow/example_dags/example_time_delta_sensor_async.py
[2024-10-29T14:39:50.589-0300] {processor.py:925} INFO - DAG(s) 'example_time_delta_sensor_async' retrieved from /home/nico/.local/lib/python3.10/site-packages/airflow/example_dags/example_time_delta_sensor_async.py
[2024-10-29T14:39:50.645-0300] {logging_mixin.py:190} INFO - [2024-10-29T14:39:50.645-0300] {dag.py:3239} INFO - Sync 1 DAGs
[2024-10-29T14:39:50.689-0300] {logging_mixin.py:190} INFO - [2024-10-29T14:39:50.688-0300] {dag.py:4180} INFO - Setting next_dagrun for example_time_delta_sensor_async to None, run_after=None
[2024-10-29T14:39:50.822-0300] {processor.py:208} INFO - Processing /home/nico/.local/lib/python3.10/site-packages/airflow/example_dags/example_time_delta_sensor_async.py took 0.274 seconds
[2024-10-29T14:40:55.451-0300] {processor.py:186} INFO - Started process (PID=79724) to work on /home/nico/.local/lib/python3.10/site-packages/airflow/example_dags/example_time_delta_sensor_async.py
[2024-10-29T14:40:55.455-0300] {processor.py:914} INFO - Processing file /home/nico/.local/lib/python3.10/site-packages/airflow/example_dags/example_time_delta_sensor_async.py for tasks to queue
[2024-10-29T14:40:55.458-0300] {logging_mixin.py:190} INFO - [2024-10-29T14:40:55.457-0300] {dagbag.py:588} INFO - Filling up the DagBag from /home/nico/.local/lib/python3.10/site-packages/airflow/example_dags/example_time_delta_sensor_async.py
[2024-10-29T14:40:55.470-0300] {processor.py:925} INFO - DAG(s) 'example_time_delta_sensor_async' retrieved from /home/nico/.local/lib/python3.10/site-packages/airflow/example_dags/example_time_delta_sensor_async.py
[2024-10-29T14:40:55.547-0300] {logging_mixin.py:190} INFO - [2024-10-29T14:40:55.546-0300] {dag.py:3239} INFO - Sync 1 DAGs
[2024-10-29T14:40:55.597-0300] {logging_mixin.py:190} INFO - [2024-10-29T14:40:55.596-0300] {dag.py:4180} INFO - Setting next_dagrun for example_time_delta_sensor_async to None, run_after=None
[2024-10-29T14:40:55.723-0300] {processor.py:208} INFO - Processing /home/nico/.local/lib/python3.10/site-packages/airflow/example_dags/example_time_delta_sensor_async.py took 0.286 seconds
[2024-10-29T14:42:01.125-0300] {processor.py:186} INFO - Started process (PID=80024) to work on /home/nico/.local/lib/python3.10/site-packages/airflow/example_dags/example_time_delta_sensor_async.py
[2024-10-29T14:42:01.159-0300] {processor.py:914} INFO - Processing file /home/nico/.local/lib/python3.10/site-packages/airflow/example_dags/example_time_delta_sensor_async.py for tasks to queue
[2024-10-29T14:42:01.185-0300] {logging_mixin.py:190} INFO - [2024-10-29T14:42:01.184-0300] {dagbag.py:588} INFO - Filling up the DagBag from /home/nico/.local/lib/python3.10/site-packages/airflow/example_dags/example_time_delta_sensor_async.py
[2024-10-29T14:42:01.219-0300] {processor.py:925} INFO - DAG(s) 'example_time_delta_sensor_async' retrieved from /home/nico/.local/lib/python3.10/site-packages/airflow/example_dags/example_time_delta_sensor_async.py
[2024-10-29T14:42:01.369-0300] {logging_mixin.py:190} INFO - [2024-10-29T14:42:01.368-0300] {dag.py:3239} INFO - Sync 1 DAGs
[2024-10-29T14:42:01.429-0300] {logging_mixin.py:190} INFO - [2024-10-29T14:42:01.428-0300] {dag.py:4180} INFO - Setting next_dagrun for example_time_delta_sensor_async to None, run_after=None
[2024-10-29T14:42:01.680-0300] {processor.py:208} INFO - Processing /home/nico/.local/lib/python3.10/site-packages/airflow/example_dags/example_time_delta_sensor_async.py took 0.602 seconds
[2024-10-29T14:43:29.573-0300] {processor.py:186} INFO - Started process (PID=80416) to work on /home/nico/.local/lib/python3.10/site-packages/airflow/example_dags/example_time_delta_sensor_async.py
[2024-10-29T14:43:29.577-0300] {processor.py:914} INFO - Processing file /home/nico/.local/lib/python3.10/site-packages/airflow/example_dags/example_time_delta_sensor_async.py for tasks to queue
[2024-10-29T14:43:29.582-0300] {logging_mixin.py:190} INFO - [2024-10-29T14:43:29.581-0300] {dagbag.py:588} INFO - Filling up the DagBag from /home/nico/.local/lib/python3.10/site-packages/airflow/example_dags/example_time_delta_sensor_async.py
[2024-10-29T14:43:29.602-0300] {processor.py:925} INFO - DAG(s) 'example_time_delta_sensor_async' retrieved from /home/nico/.local/lib/python3.10/site-packages/airflow/example_dags/example_time_delta_sensor_async.py
[2024-10-29T14:43:29.669-0300] {logging_mixin.py:190} INFO - [2024-10-29T14:43:29.668-0300] {dag.py:3239} INFO - Sync 1 DAGs
[2024-10-29T14:43:29.727-0300] {logging_mixin.py:190} INFO - [2024-10-29T14:43:29.725-0300] {dag.py:4180} INFO - Setting next_dagrun for example_time_delta_sensor_async to None, run_after=None
[2024-10-29T14:43:29.854-0300] {processor.py:208} INFO - Processing /home/nico/.local/lib/python3.10/site-packages/airflow/example_dags/example_time_delta_sensor_async.py took 0.301 seconds
