[2024-10-29T14:09:58.498-0300] {processor.py:186} INFO - Started process (PID=71565) to work on /home/nico/.local/lib/python3.10/site-packages/airflow/example_dags/example_setup_teardown_taskflow.py
[2024-10-29T14:09:58.504-0300] {processor.py:914} INFO - Processing file /home/nico/.local/lib/python3.10/site-packages/airflow/example_dags/example_setup_teardown_taskflow.py for tasks to queue
[2024-10-29T14:09:58.511-0300] {logging_mixin.py:190} INFO - [2024-10-29T14:09:58.510-0300] {dagbag.py:588} INFO - Filling up the DagBag from /home/nico/.local/lib/python3.10/site-packages/airflow/example_dags/example_setup_teardown_taskflow.py
[2024-10-29T14:09:58.594-0300] {processor.py:925} INFO - DAG(s) 'example_setup_teardown_taskflow' retrieved from /home/nico/.local/lib/python3.10/site-packages/airflow/example_dags/example_setup_teardown_taskflow.py
[2024-10-29T14:09:58.819-0300] {logging_mixin.py:190} INFO - [2024-10-29T14:09:58.818-0300] {dag.py:3239} INFO - Sync 1 DAGs
[2024-10-29T14:09:58.864-0300] {logging_mixin.py:190} INFO - [2024-10-29T14:09:58.864-0300] {dag.py:4180} INFO - Setting next_dagrun for example_setup_teardown_taskflow to None, run_after=None
[2024-10-29T14:09:59.001-0300] {processor.py:208} INFO - Processing /home/nico/.local/lib/python3.10/site-packages/airflow/example_dags/example_setup_teardown_taskflow.py took 0.516 seconds
[2024-10-29T14:11:43.247-0300] {processor.py:186} INFO - Started process (PID=72027) to work on /home/nico/.local/lib/python3.10/site-packages/airflow/example_dags/example_setup_teardown_taskflow.py
[2024-10-29T14:11:43.250-0300] {processor.py:914} INFO - Processing file /home/nico/.local/lib/python3.10/site-packages/airflow/example_dags/example_setup_teardown_taskflow.py for tasks to queue
[2024-10-29T14:11:43.256-0300] {logging_mixin.py:190} INFO - [2024-10-29T14:11:43.254-0300] {dagbag.py:588} INFO - Filling up the DagBag from /home/nico/.local/lib/python3.10/site-packages/airflow/example_dags/example_setup_teardown_taskflow.py
[2024-10-29T14:11:43.287-0300] {processor.py:925} INFO - DAG(s) 'example_setup_teardown_taskflow' retrieved from /home/nico/.local/lib/python3.10/site-packages/airflow/example_dags/example_setup_teardown_taskflow.py
[2024-10-29T14:11:43.356-0300] {logging_mixin.py:190} INFO - [2024-10-29T14:11:43.355-0300] {dag.py:3239} INFO - Sync 1 DAGs
[2024-10-29T14:11:43.398-0300] {logging_mixin.py:190} INFO - [2024-10-29T14:11:43.398-0300] {dag.py:4180} INFO - Setting next_dagrun for example_setup_teardown_taskflow to None, run_after=None
[2024-10-29T14:11:43.552-0300] {processor.py:208} INFO - Processing /home/nico/.local/lib/python3.10/site-packages/airflow/example_dags/example_setup_teardown_taskflow.py took 0.325 seconds
[2024-10-29T14:12:55.966-0300] {processor.py:186} INFO - Started process (PID=72348) to work on /home/nico/.local/lib/python3.10/site-packages/airflow/example_dags/example_setup_teardown_taskflow.py
[2024-10-29T14:12:55.971-0300] {processor.py:914} INFO - Processing file /home/nico/.local/lib/python3.10/site-packages/airflow/example_dags/example_setup_teardown_taskflow.py for tasks to queue
[2024-10-29T14:12:55.980-0300] {logging_mixin.py:190} INFO - [2024-10-29T14:12:55.979-0300] {dagbag.py:588} INFO - Filling up the DagBag from /home/nico/.local/lib/python3.10/site-packages/airflow/example_dags/example_setup_teardown_taskflow.py
[2024-10-29T14:12:56.011-0300] {processor.py:925} INFO - DAG(s) 'example_setup_teardown_taskflow' retrieved from /home/nico/.local/lib/python3.10/site-packages/airflow/example_dags/example_setup_teardown_taskflow.py
[2024-10-29T14:12:56.110-0300] {logging_mixin.py:190} INFO - [2024-10-29T14:12:56.109-0300] {dag.py:3239} INFO - Sync 1 DAGs
[2024-10-29T14:12:56.154-0300] {logging_mixin.py:190} INFO - [2024-10-29T14:12:56.153-0300] {dag.py:4180} INFO - Setting next_dagrun for example_setup_teardown_taskflow to None, run_after=None
[2024-10-29T14:12:56.430-0300] {processor.py:208} INFO - Processing /home/nico/.local/lib/python3.10/site-packages/airflow/example_dags/example_setup_teardown_taskflow.py took 0.489 seconds
[2024-10-29T14:14:11.277-0300] {processor.py:186} INFO - Started process (PID=72677) to work on /home/nico/.local/lib/python3.10/site-packages/airflow/example_dags/example_setup_teardown_taskflow.py
[2024-10-29T14:14:11.283-0300] {processor.py:914} INFO - Processing file /home/nico/.local/lib/python3.10/site-packages/airflow/example_dags/example_setup_teardown_taskflow.py for tasks to queue
[2024-10-29T14:14:11.311-0300] {logging_mixin.py:190} INFO - [2024-10-29T14:14:11.310-0300] {dagbag.py:588} INFO - Filling up the DagBag from /home/nico/.local/lib/python3.10/site-packages/airflow/example_dags/example_setup_teardown_taskflow.py
[2024-10-29T14:14:11.419-0300] {processor.py:925} INFO - DAG(s) 'example_setup_teardown_taskflow' retrieved from /home/nico/.local/lib/python3.10/site-packages/airflow/example_dags/example_setup_teardown_taskflow.py
[2024-10-29T14:14:11.517-0300] {logging_mixin.py:190} INFO - [2024-10-29T14:14:11.516-0300] {dag.py:3239} INFO - Sync 1 DAGs
[2024-10-29T14:14:11.568-0300] {logging_mixin.py:190} INFO - [2024-10-29T14:14:11.567-0300] {dag.py:4180} INFO - Setting next_dagrun for example_setup_teardown_taskflow to None, run_after=None
[2024-10-29T14:14:11.731-0300] {processor.py:208} INFO - Processing /home/nico/.local/lib/python3.10/site-packages/airflow/example_dags/example_setup_teardown_taskflow.py took 0.496 seconds
[2024-10-29T14:15:22.528-0300] {processor.py:186} INFO - Started process (PID=72993) to work on /home/nico/.local/lib/python3.10/site-packages/airflow/example_dags/example_setup_teardown_taskflow.py
[2024-10-29T14:15:22.532-0300] {processor.py:914} INFO - Processing file /home/nico/.local/lib/python3.10/site-packages/airflow/example_dags/example_setup_teardown_taskflow.py for tasks to queue
[2024-10-29T14:15:22.538-0300] {logging_mixin.py:190} INFO - [2024-10-29T14:15:22.537-0300] {dagbag.py:588} INFO - Filling up the DagBag from /home/nico/.local/lib/python3.10/site-packages/airflow/example_dags/example_setup_teardown_taskflow.py
[2024-10-29T14:15:22.572-0300] {processor.py:925} INFO - DAG(s) 'example_setup_teardown_taskflow' retrieved from /home/nico/.local/lib/python3.10/site-packages/airflow/example_dags/example_setup_teardown_taskflow.py
[2024-10-29T14:15:22.635-0300] {logging_mixin.py:190} INFO - [2024-10-29T14:15:22.635-0300] {dag.py:3239} INFO - Sync 1 DAGs
[2024-10-29T14:15:22.681-0300] {logging_mixin.py:190} INFO - [2024-10-29T14:15:22.680-0300] {dag.py:4180} INFO - Setting next_dagrun for example_setup_teardown_taskflow to None, run_after=None
[2024-10-29T14:15:22.813-0300] {processor.py:208} INFO - Processing /home/nico/.local/lib/python3.10/site-packages/airflow/example_dags/example_setup_teardown_taskflow.py took 0.302 seconds
[2024-10-29T14:16:54.152-0300] {processor.py:186} INFO - Started process (PID=73382) to work on /home/nico/.local/lib/python3.10/site-packages/airflow/example_dags/example_setup_teardown_taskflow.py
[2024-10-29T14:16:54.156-0300] {processor.py:914} INFO - Processing file /home/nico/.local/lib/python3.10/site-packages/airflow/example_dags/example_setup_teardown_taskflow.py for tasks to queue
[2024-10-29T14:16:54.164-0300] {logging_mixin.py:190} INFO - [2024-10-29T14:16:54.162-0300] {dagbag.py:588} INFO - Filling up the DagBag from /home/nico/.local/lib/python3.10/site-packages/airflow/example_dags/example_setup_teardown_taskflow.py
[2024-10-29T14:16:54.201-0300] {processor.py:925} INFO - DAG(s) 'example_setup_teardown_taskflow' retrieved from /home/nico/.local/lib/python3.10/site-packages/airflow/example_dags/example_setup_teardown_taskflow.py
[2024-10-29T14:16:54.275-0300] {logging_mixin.py:190} INFO - [2024-10-29T14:16:54.275-0300] {dag.py:3239} INFO - Sync 1 DAGs
[2024-10-29T14:16:54.306-0300] {logging_mixin.py:190} INFO - [2024-10-29T14:16:54.306-0300] {dag.py:4180} INFO - Setting next_dagrun for example_setup_teardown_taskflow to None, run_after=None
[2024-10-29T14:16:54.419-0300] {processor.py:208} INFO - Processing /home/nico/.local/lib/python3.10/site-packages/airflow/example_dags/example_setup_teardown_taskflow.py took 0.285 seconds
[2024-10-29T14:18:02.037-0300] {processor.py:186} INFO - Started process (PID=73686) to work on /home/nico/.local/lib/python3.10/site-packages/airflow/example_dags/example_setup_teardown_taskflow.py
[2024-10-29T14:18:02.042-0300] {processor.py:914} INFO - Processing file /home/nico/.local/lib/python3.10/site-packages/airflow/example_dags/example_setup_teardown_taskflow.py for tasks to queue
[2024-10-29T14:18:02.057-0300] {logging_mixin.py:190} INFO - [2024-10-29T14:18:02.056-0300] {dagbag.py:588} INFO - Filling up the DagBag from /home/nico/.local/lib/python3.10/site-packages/airflow/example_dags/example_setup_teardown_taskflow.py
[2024-10-29T14:18:02.180-0300] {processor.py:925} INFO - DAG(s) 'example_setup_teardown_taskflow' retrieved from /home/nico/.local/lib/python3.10/site-packages/airflow/example_dags/example_setup_teardown_taskflow.py
[2024-10-29T14:18:02.311-0300] {logging_mixin.py:190} INFO - [2024-10-29T14:18:02.310-0300] {dag.py:3239} INFO - Sync 1 DAGs
[2024-10-29T14:18:02.370-0300] {logging_mixin.py:190} INFO - [2024-10-29T14:18:02.369-0300] {dag.py:4180} INFO - Setting next_dagrun for example_setup_teardown_taskflow to None, run_after=None
[2024-10-29T14:18:03.026-0300] {processor.py:208} INFO - Processing /home/nico/.local/lib/python3.10/site-packages/airflow/example_dags/example_setup_teardown_taskflow.py took 1.041 seconds
[2024-10-29T14:23:05.029-0300] {processor.py:186} INFO - Started process (PID=75005) to work on /home/nico/.local/lib/python3.10/site-packages/airflow/example_dags/example_setup_teardown_taskflow.py
[2024-10-29T14:23:05.031-0300] {processor.py:914} INFO - Processing file /home/nico/.local/lib/python3.10/site-packages/airflow/example_dags/example_setup_teardown_taskflow.py for tasks to queue
[2024-10-29T14:23:05.037-0300] {logging_mixin.py:190} INFO - [2024-10-29T14:23:05.036-0300] {dagbag.py:588} INFO - Filling up the DagBag from /home/nico/.local/lib/python3.10/site-packages/airflow/example_dags/example_setup_teardown_taskflow.py
[2024-10-29T14:23:05.071-0300] {processor.py:925} INFO - DAG(s) 'example_setup_teardown_taskflow' retrieved from /home/nico/.local/lib/python3.10/site-packages/airflow/example_dags/example_setup_teardown_taskflow.py
[2024-10-29T14:23:05.130-0300] {logging_mixin.py:190} INFO - [2024-10-29T14:23:05.130-0300] {dag.py:3239} INFO - Sync 1 DAGs
[2024-10-29T14:23:05.168-0300] {logging_mixin.py:190} INFO - [2024-10-29T14:23:05.168-0300] {dag.py:4180} INFO - Setting next_dagrun for example_setup_teardown_taskflow to None, run_after=None
[2024-10-29T14:23:05.274-0300] {processor.py:208} INFO - Processing /home/nico/.local/lib/python3.10/site-packages/airflow/example_dags/example_setup_teardown_taskflow.py took 0.258 seconds
[2024-10-29T14:24:40.172-0300] {processor.py:186} INFO - Started process (PID=75428) to work on /home/nico/.local/lib/python3.10/site-packages/airflow/example_dags/example_setup_teardown_taskflow.py
[2024-10-29T14:24:40.175-0300] {processor.py:914} INFO - Processing file /home/nico/.local/lib/python3.10/site-packages/airflow/example_dags/example_setup_teardown_taskflow.py for tasks to queue
[2024-10-29T14:24:40.180-0300] {logging_mixin.py:190} INFO - [2024-10-29T14:24:40.179-0300] {dagbag.py:588} INFO - Filling up the DagBag from /home/nico/.local/lib/python3.10/site-packages/airflow/example_dags/example_setup_teardown_taskflow.py
[2024-10-29T14:24:40.204-0300] {processor.py:925} INFO - DAG(s) 'example_setup_teardown_taskflow' retrieved from /home/nico/.local/lib/python3.10/site-packages/airflow/example_dags/example_setup_teardown_taskflow.py
[2024-10-29T14:24:40.261-0300] {logging_mixin.py:190} INFO - [2024-10-29T14:24:40.261-0300] {dag.py:3239} INFO - Sync 1 DAGs
[2024-10-29T14:24:40.304-0300] {logging_mixin.py:190} INFO - [2024-10-29T14:24:40.304-0300] {dag.py:4180} INFO - Setting next_dagrun for example_setup_teardown_taskflow to None, run_after=None
[2024-10-29T14:24:40.425-0300] {processor.py:208} INFO - Processing /home/nico/.local/lib/python3.10/site-packages/airflow/example_dags/example_setup_teardown_taskflow.py took 0.266 seconds
[2024-10-29T14:25:50.671-0300] {processor.py:186} INFO - Started process (PID=75743) to work on /home/nico/.local/lib/python3.10/site-packages/airflow/example_dags/example_setup_teardown_taskflow.py
[2024-10-29T14:25:50.677-0300] {processor.py:914} INFO - Processing file /home/nico/.local/lib/python3.10/site-packages/airflow/example_dags/example_setup_teardown_taskflow.py for tasks to queue
[2024-10-29T14:25:50.683-0300] {logging_mixin.py:190} INFO - [2024-10-29T14:25:50.682-0300] {dagbag.py:588} INFO - Filling up the DagBag from /home/nico/.local/lib/python3.10/site-packages/airflow/example_dags/example_setup_teardown_taskflow.py
[2024-10-29T14:25:50.715-0300] {processor.py:925} INFO - DAG(s) 'example_setup_teardown_taskflow' retrieved from /home/nico/.local/lib/python3.10/site-packages/airflow/example_dags/example_setup_teardown_taskflow.py
[2024-10-29T14:25:50.798-0300] {logging_mixin.py:190} INFO - [2024-10-29T14:25:50.797-0300] {dag.py:3239} INFO - Sync 1 DAGs
[2024-10-29T14:25:50.867-0300] {logging_mixin.py:190} INFO - [2024-10-29T14:25:50.866-0300] {dag.py:4180} INFO - Setting next_dagrun for example_setup_teardown_taskflow to None, run_after=None
[2024-10-29T14:25:51.059-0300] {processor.py:208} INFO - Processing /home/nico/.local/lib/python3.10/site-packages/airflow/example_dags/example_setup_teardown_taskflow.py took 0.417 seconds
[2024-10-29T14:26:59.854-0300] {processor.py:186} INFO - Started process (PID=76053) to work on /home/nico/.local/lib/python3.10/site-packages/airflow/example_dags/example_setup_teardown_taskflow.py
[2024-10-29T14:26:59.857-0300] {processor.py:914} INFO - Processing file /home/nico/.local/lib/python3.10/site-packages/airflow/example_dags/example_setup_teardown_taskflow.py for tasks to queue
[2024-10-29T14:26:59.862-0300] {logging_mixin.py:190} INFO - [2024-10-29T14:26:59.861-0300] {dagbag.py:588} INFO - Filling up the DagBag from /home/nico/.local/lib/python3.10/site-packages/airflow/example_dags/example_setup_teardown_taskflow.py
[2024-10-29T14:26:59.891-0300] {processor.py:925} INFO - DAG(s) 'example_setup_teardown_taskflow' retrieved from /home/nico/.local/lib/python3.10/site-packages/airflow/example_dags/example_setup_teardown_taskflow.py
[2024-10-29T14:27:00.051-0300] {logging_mixin.py:190} INFO - [2024-10-29T14:27:00.051-0300] {dag.py:3239} INFO - Sync 1 DAGs
[2024-10-29T14:27:00.154-0300] {logging_mixin.py:190} INFO - [2024-10-29T14:27:00.153-0300] {dag.py:4180} INFO - Setting next_dagrun for example_setup_teardown_taskflow to None, run_after=None
[2024-10-29T14:27:00.373-0300] {processor.py:208} INFO - Processing /home/nico/.local/lib/python3.10/site-packages/airflow/example_dags/example_setup_teardown_taskflow.py took 0.540 seconds
[2024-10-29T14:28:16.039-0300] {processor.py:186} INFO - Started process (PID=76396) to work on /home/nico/.local/lib/python3.10/site-packages/airflow/example_dags/example_setup_teardown_taskflow.py
[2024-10-29T14:28:16.045-0300] {processor.py:914} INFO - Processing file /home/nico/.local/lib/python3.10/site-packages/airflow/example_dags/example_setup_teardown_taskflow.py for tasks to queue
[2024-10-29T14:28:16.053-0300] {logging_mixin.py:190} INFO - [2024-10-29T14:28:16.053-0300] {dagbag.py:588} INFO - Filling up the DagBag from /home/nico/.local/lib/python3.10/site-packages/airflow/example_dags/example_setup_teardown_taskflow.py
[2024-10-29T14:28:16.092-0300] {processor.py:925} INFO - DAG(s) 'example_setup_teardown_taskflow' retrieved from /home/nico/.local/lib/python3.10/site-packages/airflow/example_dags/example_setup_teardown_taskflow.py
[2024-10-29T14:28:16.162-0300] {logging_mixin.py:190} INFO - [2024-10-29T14:28:16.162-0300] {dag.py:3239} INFO - Sync 1 DAGs
[2024-10-29T14:28:16.199-0300] {logging_mixin.py:190} INFO - [2024-10-29T14:28:16.199-0300] {dag.py:4180} INFO - Setting next_dagrun for example_setup_teardown_taskflow to None, run_after=None
[2024-10-29T14:28:16.373-0300] {processor.py:208} INFO - Processing /home/nico/.local/lib/python3.10/site-packages/airflow/example_dags/example_setup_teardown_taskflow.py took 0.358 seconds
[2024-10-29T14:37:19.725-0300] {processor.py:186} INFO - Started process (PID=78749) to work on /home/nico/.local/lib/python3.10/site-packages/airflow/example_dags/example_setup_teardown_taskflow.py
[2024-10-29T14:37:19.729-0300] {processor.py:914} INFO - Processing file /home/nico/.local/lib/python3.10/site-packages/airflow/example_dags/example_setup_teardown_taskflow.py for tasks to queue
[2024-10-29T14:37:19.732-0300] {logging_mixin.py:190} INFO - [2024-10-29T14:37:19.731-0300] {dagbag.py:588} INFO - Filling up the DagBag from /home/nico/.local/lib/python3.10/site-packages/airflow/example_dags/example_setup_teardown_taskflow.py
[2024-10-29T14:37:19.754-0300] {processor.py:925} INFO - DAG(s) 'example_setup_teardown_taskflow' retrieved from /home/nico/.local/lib/python3.10/site-packages/airflow/example_dags/example_setup_teardown_taskflow.py
[2024-10-29T14:37:19.835-0300] {logging_mixin.py:190} INFO - [2024-10-29T14:37:19.835-0300] {dag.py:3239} INFO - Sync 1 DAGs
[2024-10-29T14:37:19.878-0300] {logging_mixin.py:190} INFO - [2024-10-29T14:37:19.878-0300] {dag.py:4180} INFO - Setting next_dagrun for example_setup_teardown_taskflow to None, run_after=None
[2024-10-29T14:37:19.999-0300] {processor.py:208} INFO - Processing /home/nico/.local/lib/python3.10/site-packages/airflow/example_dags/example_setup_teardown_taskflow.py took 0.288 seconds
[2024-10-29T14:38:50.612-0300] {processor.py:186} INFO - Started process (PID=79156) to work on /home/nico/.local/lib/python3.10/site-packages/airflow/example_dags/example_setup_teardown_taskflow.py
[2024-10-29T14:38:50.617-0300] {processor.py:914} INFO - Processing file /home/nico/.local/lib/python3.10/site-packages/airflow/example_dags/example_setup_teardown_taskflow.py for tasks to queue
[2024-10-29T14:38:50.622-0300] {logging_mixin.py:190} INFO - [2024-10-29T14:38:50.621-0300] {dagbag.py:588} INFO - Filling up the DagBag from /home/nico/.local/lib/python3.10/site-packages/airflow/example_dags/example_setup_teardown_taskflow.py
[2024-10-29T14:38:50.654-0300] {processor.py:925} INFO - DAG(s) 'example_setup_teardown_taskflow' retrieved from /home/nico/.local/lib/python3.10/site-packages/airflow/example_dags/example_setup_teardown_taskflow.py
[2024-10-29T14:38:50.781-0300] {logging_mixin.py:190} INFO - [2024-10-29T14:38:50.781-0300] {dag.py:3239} INFO - Sync 1 DAGs
[2024-10-29T14:38:50.835-0300] {logging_mixin.py:190} INFO - [2024-10-29T14:38:50.834-0300] {dag.py:4180} INFO - Setting next_dagrun for example_setup_teardown_taskflow to None, run_after=None
[2024-10-29T14:38:50.973-0300] {processor.py:208} INFO - Processing /home/nico/.local/lib/python3.10/site-packages/airflow/example_dags/example_setup_teardown_taskflow.py took 0.390 seconds
[2024-10-29T14:40:58.124-0300] {processor.py:186} INFO - Started process (PID=79736) to work on /home/nico/.local/lib/python3.10/site-packages/airflow/example_dags/example_setup_teardown_taskflow.py
[2024-10-29T14:40:58.127-0300] {processor.py:914} INFO - Processing file /home/nico/.local/lib/python3.10/site-packages/airflow/example_dags/example_setup_teardown_taskflow.py for tasks to queue
[2024-10-29T14:40:58.133-0300] {logging_mixin.py:190} INFO - [2024-10-29T14:40:58.132-0300] {dagbag.py:588} INFO - Filling up the DagBag from /home/nico/.local/lib/python3.10/site-packages/airflow/example_dags/example_setup_teardown_taskflow.py
[2024-10-29T14:40:58.200-0300] {processor.py:925} INFO - DAG(s) 'example_setup_teardown_taskflow' retrieved from /home/nico/.local/lib/python3.10/site-packages/airflow/example_dags/example_setup_teardown_taskflow.py
[2024-10-29T14:40:58.264-0300] {logging_mixin.py:190} INFO - [2024-10-29T14:40:58.264-0300] {dag.py:3239} INFO - Sync 1 DAGs
[2024-10-29T14:40:58.307-0300] {logging_mixin.py:190} INFO - [2024-10-29T14:40:58.306-0300] {dag.py:4180} INFO - Setting next_dagrun for example_setup_teardown_taskflow to None, run_after=None
[2024-10-29T14:40:58.442-0300] {processor.py:208} INFO - Processing /home/nico/.local/lib/python3.10/site-packages/airflow/example_dags/example_setup_teardown_taskflow.py took 0.361 seconds
[2024-10-29T14:43:33.032-0300] {processor.py:186} INFO - Started process (PID=80431) to work on /home/nico/.local/lib/python3.10/site-packages/airflow/example_dags/example_setup_teardown_taskflow.py
[2024-10-29T14:43:33.036-0300] {processor.py:914} INFO - Processing file /home/nico/.local/lib/python3.10/site-packages/airflow/example_dags/example_setup_teardown_taskflow.py for tasks to queue
[2024-10-29T14:43:33.041-0300] {logging_mixin.py:190} INFO - [2024-10-29T14:43:33.040-0300] {dagbag.py:588} INFO - Filling up the DagBag from /home/nico/.local/lib/python3.10/site-packages/airflow/example_dags/example_setup_teardown_taskflow.py
[2024-10-29T14:43:33.065-0300] {processor.py:925} INFO - DAG(s) 'example_setup_teardown_taskflow' retrieved from /home/nico/.local/lib/python3.10/site-packages/airflow/example_dags/example_setup_teardown_taskflow.py
[2024-10-29T14:43:33.137-0300] {logging_mixin.py:190} INFO - [2024-10-29T14:43:33.136-0300] {dag.py:3239} INFO - Sync 1 DAGs
[2024-10-29T14:43:33.243-0300] {logging_mixin.py:190} INFO - [2024-10-29T14:43:33.234-0300] {dag.py:4180} INFO - Setting next_dagrun for example_setup_teardown_taskflow to None, run_after=None
[2024-10-29T14:43:33.429-0300] {processor.py:208} INFO - Processing /home/nico/.local/lib/python3.10/site-packages/airflow/example_dags/example_setup_teardown_taskflow.py took 0.414 seconds
