[2024-10-28T21:48:03.991-0300] {processor.py:186} INFO - Started process (PID=48563) to work on /home/nico/.local/lib/python3.10/site-packages/airflow/example_dags/example_nested_branch_dag.py
[2024-10-28T21:48:04.006-0300] {processor.py:914} INFO - Processing file /home/nico/.local/lib/python3.10/site-packages/airflow/example_dags/example_nested_branch_dag.py for tasks to queue
[2024-10-28T21:48:04.021-0300] {logging_mixin.py:190} INFO - [2024-10-28T21:48:04.019-0300] {dagbag.py:588} INFO - Filling up the DagBag from /home/nico/.local/lib/python3.10/site-packages/airflow/example_dags/example_nested_branch_dag.py
[2024-10-28T21:48:04.083-0300] {processor.py:925} INFO - DAG(s) 'example_nested_branch_dag' retrieved from /home/nico/.local/lib/python3.10/site-packages/airflow/example_dags/example_nested_branch_dag.py
[2024-10-28T21:48:04.210-0300] {logging_mixin.py:190} INFO - [2024-10-28T21:48:04.210-0300] {dag.py:3239} INFO - Sync 1 DAGs
[2024-10-28T21:48:04.324-0300] {logging_mixin.py:190} INFO - [2024-10-28T21:48:04.323-0300] {dag.py:4180} INFO - Setting next_dagrun for example_nested_branch_dag to 2024-10-28 00:00:00+00:00, run_after=2024-10-29 00:00:00+00:00
[2024-10-28T21:48:04.523-0300] {processor.py:208} INFO - Processing /home/nico/.local/lib/python3.10/site-packages/airflow/example_dags/example_nested_branch_dag.py took 0.582 seconds
[2024-10-29T14:10:25.255-0300] {processor.py:186} INFO - Started process (PID=71683) to work on /home/nico/.local/lib/python3.10/site-packages/airflow/example_dags/example_nested_branch_dag.py
[2024-10-29T14:10:25.259-0300] {processor.py:914} INFO - Processing file /home/nico/.local/lib/python3.10/site-packages/airflow/example_dags/example_nested_branch_dag.py for tasks to queue
[2024-10-29T14:10:25.264-0300] {logging_mixin.py:190} INFO - [2024-10-29T14:10:25.263-0300] {dagbag.py:588} INFO - Filling up the DagBag from /home/nico/.local/lib/python3.10/site-packages/airflow/example_dags/example_nested_branch_dag.py
[2024-10-29T14:10:25.294-0300] {processor.py:925} INFO - DAG(s) 'example_nested_branch_dag' retrieved from /home/nico/.local/lib/python3.10/site-packages/airflow/example_dags/example_nested_branch_dag.py
[2024-10-29T14:10:25.366-0300] {logging_mixin.py:190} INFO - [2024-10-29T14:10:25.365-0300] {dag.py:3239} INFO - Sync 1 DAGs
[2024-10-29T14:10:25.446-0300] {logging_mixin.py:190} INFO - [2024-10-29T14:10:25.445-0300] {dag.py:4180} INFO - Setting next_dagrun for example_nested_branch_dag to 2024-10-28 00:00:00+00:00, run_after=2024-10-29 00:00:00+00:00
[2024-10-29T14:10:25.580-0300] {processor.py:208} INFO - Processing /home/nico/.local/lib/python3.10/site-packages/airflow/example_dags/example_nested_branch_dag.py took 0.341 seconds
[2024-10-29T14:12:09.705-0300] {processor.py:186} INFO - Started process (PID=72143) to work on /home/nico/.local/lib/python3.10/site-packages/airflow/example_dags/example_nested_branch_dag.py
[2024-10-29T14:12:09.709-0300] {processor.py:914} INFO - Processing file /home/nico/.local/lib/python3.10/site-packages/airflow/example_dags/example_nested_branch_dag.py for tasks to queue
[2024-10-29T14:12:09.716-0300] {logging_mixin.py:190} INFO - [2024-10-29T14:12:09.715-0300] {dagbag.py:588} INFO - Filling up the DagBag from /home/nico/.local/lib/python3.10/site-packages/airflow/example_dags/example_nested_branch_dag.py
[2024-10-29T14:12:09.747-0300] {processor.py:925} INFO - DAG(s) 'example_nested_branch_dag' retrieved from /home/nico/.local/lib/python3.10/site-packages/airflow/example_dags/example_nested_branch_dag.py
[2024-10-29T14:12:09.814-0300] {logging_mixin.py:190} INFO - [2024-10-29T14:12:09.813-0300] {dag.py:3239} INFO - Sync 1 DAGs
[2024-10-29T14:12:09.889-0300] {logging_mixin.py:190} INFO - [2024-10-29T14:12:09.888-0300] {dag.py:4180} INFO - Setting next_dagrun for example_nested_branch_dag to 2024-10-28 00:00:00+00:00, run_after=2024-10-29 00:00:00+00:00
[2024-10-29T14:12:10.001-0300] {processor.py:208} INFO - Processing /home/nico/.local/lib/python3.10/site-packages/airflow/example_dags/example_nested_branch_dag.py took 0.315 seconds
[2024-10-29T14:14:37.532-0300] {processor.py:186} INFO - Started process (PID=72793) to work on /home/nico/.local/lib/python3.10/site-packages/airflow/example_dags/example_nested_branch_dag.py
[2024-10-29T14:14:37.535-0300] {processor.py:914} INFO - Processing file /home/nico/.local/lib/python3.10/site-packages/airflow/example_dags/example_nested_branch_dag.py for tasks to queue
[2024-10-29T14:14:37.542-0300] {logging_mixin.py:190} INFO - [2024-10-29T14:14:37.541-0300] {dagbag.py:588} INFO - Filling up the DagBag from /home/nico/.local/lib/python3.10/site-packages/airflow/example_dags/example_nested_branch_dag.py
[2024-10-29T14:14:37.580-0300] {processor.py:925} INFO - DAG(s) 'example_nested_branch_dag' retrieved from /home/nico/.local/lib/python3.10/site-packages/airflow/example_dags/example_nested_branch_dag.py
[2024-10-29T14:14:37.649-0300] {logging_mixin.py:190} INFO - [2024-10-29T14:14:37.649-0300] {dag.py:3239} INFO - Sync 1 DAGs
[2024-10-29T14:14:37.737-0300] {logging_mixin.py:190} INFO - [2024-10-29T14:14:37.736-0300] {dag.py:4180} INFO - Setting next_dagrun for example_nested_branch_dag to 2024-10-28 00:00:00+00:00, run_after=2024-10-29 00:00:00+00:00
[2024-10-29T14:14:37.954-0300] {processor.py:208} INFO - Processing /home/nico/.local/lib/python3.10/site-packages/airflow/example_dags/example_nested_branch_dag.py took 0.436 seconds
[2024-10-29T14:17:14.808-0300] {processor.py:186} INFO - Started process (PID=73477) to work on /home/nico/.local/lib/python3.10/site-packages/airflow/example_dags/example_nested_branch_dag.py
[2024-10-29T14:17:14.812-0300] {processor.py:914} INFO - Processing file /home/nico/.local/lib/python3.10/site-packages/airflow/example_dags/example_nested_branch_dag.py for tasks to queue
[2024-10-29T14:17:14.835-0300] {logging_mixin.py:190} INFO - [2024-10-29T14:17:14.833-0300] {dagbag.py:588} INFO - Filling up the DagBag from /home/nico/.local/lib/python3.10/site-packages/airflow/example_dags/example_nested_branch_dag.py
[2024-10-29T14:17:14.891-0300] {processor.py:925} INFO - DAG(s) 'example_nested_branch_dag' retrieved from /home/nico/.local/lib/python3.10/site-packages/airflow/example_dags/example_nested_branch_dag.py
[2024-10-29T14:17:14.972-0300] {logging_mixin.py:190} INFO - [2024-10-29T14:17:14.971-0300] {dag.py:3239} INFO - Sync 1 DAGs
[2024-10-29T14:17:15.043-0300] {logging_mixin.py:190} INFO - [2024-10-29T14:17:15.042-0300] {dag.py:4180} INFO - Setting next_dagrun for example_nested_branch_dag to 2024-10-28 00:00:00+00:00, run_after=2024-10-29 00:00:00+00:00
[2024-10-29T14:17:15.173-0300] {processor.py:208} INFO - Processing /home/nico/.local/lib/python3.10/site-packages/airflow/example_dags/example_nested_branch_dag.py took 0.383 seconds
[2024-10-29T14:23:29.203-0300] {processor.py:186} INFO - Started process (PID=75114) to work on /home/nico/.local/lib/python3.10/site-packages/airflow/example_dags/example_nested_branch_dag.py
[2024-10-29T14:23:29.206-0300] {processor.py:914} INFO - Processing file /home/nico/.local/lib/python3.10/site-packages/airflow/example_dags/example_nested_branch_dag.py for tasks to queue
[2024-10-29T14:23:29.212-0300] {logging_mixin.py:190} INFO - [2024-10-29T14:23:29.211-0300] {dagbag.py:588} INFO - Filling up the DagBag from /home/nico/.local/lib/python3.10/site-packages/airflow/example_dags/example_nested_branch_dag.py
[2024-10-29T14:23:29.239-0300] {processor.py:925} INFO - DAG(s) 'example_nested_branch_dag' retrieved from /home/nico/.local/lib/python3.10/site-packages/airflow/example_dags/example_nested_branch_dag.py
[2024-10-29T14:23:29.301-0300] {logging_mixin.py:190} INFO - [2024-10-29T14:23:29.300-0300] {dag.py:3239} INFO - Sync 1 DAGs
[2024-10-29T14:23:29.362-0300] {logging_mixin.py:190} INFO - [2024-10-29T14:23:29.362-0300] {dag.py:4180} INFO - Setting next_dagrun for example_nested_branch_dag to 2024-10-28 00:00:00+00:00, run_after=2024-10-29 00:00:00+00:00
[2024-10-29T14:23:29.489-0300] {processor.py:208} INFO - Processing /home/nico/.local/lib/python3.10/site-packages/airflow/example_dags/example_nested_branch_dag.py took 0.303 seconds
[2024-10-29T14:25:07.173-0300] {processor.py:186} INFO - Started process (PID=75550) to work on /home/nico/.local/lib/python3.10/site-packages/airflow/example_dags/example_nested_branch_dag.py
[2024-10-29T14:25:07.214-0300] {processor.py:914} INFO - Processing file /home/nico/.local/lib/python3.10/site-packages/airflow/example_dags/example_nested_branch_dag.py for tasks to queue
[2024-10-29T14:25:07.254-0300] {logging_mixin.py:190} INFO - [2024-10-29T14:25:07.253-0300] {dagbag.py:588} INFO - Filling up the DagBag from /home/nico/.local/lib/python3.10/site-packages/airflow/example_dags/example_nested_branch_dag.py
[2024-10-29T14:25:07.343-0300] {processor.py:925} INFO - DAG(s) 'example_nested_branch_dag' retrieved from /home/nico/.local/lib/python3.10/site-packages/airflow/example_dags/example_nested_branch_dag.py
[2024-10-29T14:25:07.439-0300] {logging_mixin.py:190} INFO - [2024-10-29T14:25:07.438-0300] {dag.py:3239} INFO - Sync 1 DAGs
[2024-10-29T14:25:07.500-0300] {logging_mixin.py:190} INFO - [2024-10-29T14:25:07.500-0300] {dag.py:4180} INFO - Setting next_dagrun for example_nested_branch_dag to 2024-10-28 00:00:00+00:00, run_after=2024-10-29 00:00:00+00:00
[2024-10-29T14:25:07.684-0300] {processor.py:208} INFO - Processing /home/nico/.local/lib/python3.10/site-packages/airflow/example_dags/example_nested_branch_dag.py took 0.541 seconds
[2024-10-29T14:27:26.251-0300] {processor.py:186} INFO - Started process (PID=76173) to work on /home/nico/.local/lib/python3.10/site-packages/airflow/example_dags/example_nested_branch_dag.py
[2024-10-29T14:27:26.254-0300] {processor.py:914} INFO - Processing file /home/nico/.local/lib/python3.10/site-packages/airflow/example_dags/example_nested_branch_dag.py for tasks to queue
[2024-10-29T14:27:26.261-0300] {logging_mixin.py:190} INFO - [2024-10-29T14:27:26.259-0300] {dagbag.py:588} INFO - Filling up the DagBag from /home/nico/.local/lib/python3.10/site-packages/airflow/example_dags/example_nested_branch_dag.py
[2024-10-29T14:27:26.295-0300] {processor.py:925} INFO - DAG(s) 'example_nested_branch_dag' retrieved from /home/nico/.local/lib/python3.10/site-packages/airflow/example_dags/example_nested_branch_dag.py
[2024-10-29T14:27:26.366-0300] {logging_mixin.py:190} INFO - [2024-10-29T14:27:26.366-0300] {dag.py:3239} INFO - Sync 1 DAGs
[2024-10-29T14:27:26.429-0300] {logging_mixin.py:190} INFO - [2024-10-29T14:27:26.429-0300] {dag.py:4180} INFO - Setting next_dagrun for example_nested_branch_dag to 2024-10-28 00:00:00+00:00, run_after=2024-10-29 00:00:00+00:00
[2024-10-29T14:27:26.562-0300] {processor.py:208} INFO - Processing /home/nico/.local/lib/python3.10/site-packages/airflow/example_dags/example_nested_branch_dag.py took 0.330 seconds
[2024-10-29T14:37:43.867-0300] {processor.py:186} INFO - Started process (PID=78857) to work on /home/nico/.local/lib/python3.10/site-packages/airflow/example_dags/example_nested_branch_dag.py
[2024-10-29T14:37:43.871-0300] {processor.py:914} INFO - Processing file /home/nico/.local/lib/python3.10/site-packages/airflow/example_dags/example_nested_branch_dag.py for tasks to queue
[2024-10-29T14:37:43.875-0300] {logging_mixin.py:190} INFO - [2024-10-29T14:37:43.874-0300] {dagbag.py:588} INFO - Filling up the DagBag from /home/nico/.local/lib/python3.10/site-packages/airflow/example_dags/example_nested_branch_dag.py
[2024-10-29T14:37:43.900-0300] {processor.py:925} INFO - DAG(s) 'example_nested_branch_dag' retrieved from /home/nico/.local/lib/python3.10/site-packages/airflow/example_dags/example_nested_branch_dag.py
[2024-10-29T14:37:44.003-0300] {logging_mixin.py:190} INFO - [2024-10-29T14:37:44.003-0300] {dag.py:3239} INFO - Sync 1 DAGs
[2024-10-29T14:37:44.066-0300] {logging_mixin.py:190} INFO - [2024-10-29T14:37:44.066-0300] {dag.py:4180} INFO - Setting next_dagrun for example_nested_branch_dag to 2024-10-28 00:00:00+00:00, run_after=2024-10-29 00:00:00+00:00
[2024-10-29T14:37:44.181-0300] {processor.py:208} INFO - Processing /home/nico/.local/lib/python3.10/site-packages/airflow/example_dags/example_nested_branch_dag.py took 0.332 seconds
[2024-10-29T14:39:14.927-0300] {processor.py:186} INFO - Started process (PID=79267) to work on /home/nico/.local/lib/python3.10/site-packages/airflow/example_dags/example_nested_branch_dag.py
[2024-10-29T14:39:14.930-0300] {processor.py:914} INFO - Processing file /home/nico/.local/lib/python3.10/site-packages/airflow/example_dags/example_nested_branch_dag.py for tasks to queue
[2024-10-29T14:39:14.934-0300] {logging_mixin.py:190} INFO - [2024-10-29T14:39:14.933-0300] {dagbag.py:588} INFO - Filling up the DagBag from /home/nico/.local/lib/python3.10/site-packages/airflow/example_dags/example_nested_branch_dag.py
[2024-10-29T14:39:14.959-0300] {processor.py:925} INFO - DAG(s) 'example_nested_branch_dag' retrieved from /home/nico/.local/lib/python3.10/site-packages/airflow/example_dags/example_nested_branch_dag.py
[2024-10-29T14:39:15.037-0300] {logging_mixin.py:190} INFO - [2024-10-29T14:39:15.036-0300] {dag.py:3239} INFO - Sync 1 DAGs
[2024-10-29T14:39:15.105-0300] {logging_mixin.py:190} INFO - [2024-10-29T14:39:15.104-0300] {dag.py:4180} INFO - Setting next_dagrun for example_nested_branch_dag to 2024-10-28 00:00:00+00:00, run_after=2024-10-29 00:00:00+00:00
[2024-10-29T14:39:15.220-0300] {processor.py:208} INFO - Processing /home/nico/.local/lib/python3.10/site-packages/airflow/example_dags/example_nested_branch_dag.py took 0.314 seconds
[2024-10-29T14:41:23.758-0300] {processor.py:186} INFO - Started process (PID=79854) to work on /home/nico/.local/lib/python3.10/site-packages/airflow/example_dags/example_nested_branch_dag.py
[2024-10-29T14:41:23.761-0300] {processor.py:914} INFO - Processing file /home/nico/.local/lib/python3.10/site-packages/airflow/example_dags/example_nested_branch_dag.py for tasks to queue
[2024-10-29T14:41:23.767-0300] {logging_mixin.py:190} INFO - [2024-10-29T14:41:23.766-0300] {dagbag.py:588} INFO - Filling up the DagBag from /home/nico/.local/lib/python3.10/site-packages/airflow/example_dags/example_nested_branch_dag.py
[2024-10-29T14:41:23.790-0300] {processor.py:925} INFO - DAG(s) 'example_nested_branch_dag' retrieved from /home/nico/.local/lib/python3.10/site-packages/airflow/example_dags/example_nested_branch_dag.py
[2024-10-29T14:41:23.848-0300] {logging_mixin.py:190} INFO - [2024-10-29T14:41:23.847-0300] {dag.py:3239} INFO - Sync 1 DAGs
[2024-10-29T14:41:23.935-0300] {logging_mixin.py:190} INFO - [2024-10-29T14:41:23.934-0300] {dag.py:4180} INFO - Setting next_dagrun for example_nested_branch_dag to 2024-10-28 00:00:00+00:00, run_after=2024-10-29 00:00:00+00:00
[2024-10-29T14:41:24.058-0300] {processor.py:208} INFO - Processing /home/nico/.local/lib/python3.10/site-packages/airflow/example_dags/example_nested_branch_dag.py took 0.326 seconds
[2024-10-29T14:43:59.176-0300] {processor.py:186} INFO - Started process (PID=80549) to work on /home/nico/.local/lib/python3.10/site-packages/airflow/example_dags/example_nested_branch_dag.py
[2024-10-29T14:43:59.179-0300] {processor.py:914} INFO - Processing file /home/nico/.local/lib/python3.10/site-packages/airflow/example_dags/example_nested_branch_dag.py for tasks to queue
[2024-10-29T14:43:59.182-0300] {logging_mixin.py:190} INFO - [2024-10-29T14:43:59.181-0300] {dagbag.py:588} INFO - Filling up the DagBag from /home/nico/.local/lib/python3.10/site-packages/airflow/example_dags/example_nested_branch_dag.py
[2024-10-29T14:43:59.209-0300] {processor.py:925} INFO - DAG(s) 'example_nested_branch_dag' retrieved from /home/nico/.local/lib/python3.10/site-packages/airflow/example_dags/example_nested_branch_dag.py
[2024-10-29T14:43:59.268-0300] {logging_mixin.py:190} INFO - [2024-10-29T14:43:59.267-0300] {dag.py:3239} INFO - Sync 1 DAGs
[2024-10-29T14:43:59.344-0300] {logging_mixin.py:190} INFO - [2024-10-29T14:43:59.344-0300] {dag.py:4180} INFO - Setting next_dagrun for example_nested_branch_dag to 2024-10-28 00:00:00+00:00, run_after=2024-10-29 00:00:00+00:00
[2024-10-29T14:43:59.471-0300] {processor.py:208} INFO - Processing /home/nico/.local/lib/python3.10/site-packages/airflow/example_dags/example_nested_branch_dag.py took 0.314 seconds
