[2024-10-29T14:10:53.020-0300] {processor.py:186} INFO - Started process (PID=71806) to work on /home/nico/.local/lib/python3.10/site-packages/airflow/example_dags/example_branch_day_of_week_operator.py
[2024-10-29T14:10:53.025-0300] {processor.py:914} INFO - Processing file /home/nico/.local/lib/python3.10/site-packages/airflow/example_dags/example_branch_day_of_week_operator.py for tasks to queue
[2024-10-29T14:10:53.040-0300] {logging_mixin.py:190} INFO - [2024-10-29T14:10:53.039-0300] {dagbag.py:588} INFO - Filling up the DagBag from /home/nico/.local/lib/python3.10/site-packages/airflow/example_dags/example_branch_day_of_week_operator.py
[2024-10-29T14:10:53.070-0300] {processor.py:925} INFO - DAG(s) 'example_weekday_branch_operator' retrieved from /home/nico/.local/lib/python3.10/site-packages/airflow/example_dags/example_branch_day_of_week_operator.py
[2024-10-29T14:10:53.149-0300] {logging_mixin.py:190} INFO - [2024-10-29T14:10:53.149-0300] {dag.py:3239} INFO - Sync 1 DAGs
[2024-10-29T14:10:53.262-0300] {logging_mixin.py:190} INFO - [2024-10-29T14:10:53.261-0300] {dag.py:4180} INFO - Setting next_dagrun for example_weekday_branch_operator to 2024-10-28 00:00:00+00:00, run_after=2024-10-29 00:00:00+00:00
[2024-10-29T14:10:53.385-0300] {processor.py:208} INFO - Processing /home/nico/.local/lib/python3.10/site-packages/airflow/example_dags/example_branch_day_of_week_operator.py took 0.401 seconds
[2024-10-29T14:13:21.494-0300] {processor.py:186} INFO - Started process (PID=72459) to work on /home/nico/.local/lib/python3.10/site-packages/airflow/example_dags/example_branch_day_of_week_operator.py
[2024-10-29T14:13:21.497-0300] {processor.py:914} INFO - Processing file /home/nico/.local/lib/python3.10/site-packages/airflow/example_dags/example_branch_day_of_week_operator.py for tasks to queue
[2024-10-29T14:13:21.502-0300] {logging_mixin.py:190} INFO - [2024-10-29T14:13:21.501-0300] {dagbag.py:588} INFO - Filling up the DagBag from /home/nico/.local/lib/python3.10/site-packages/airflow/example_dags/example_branch_day_of_week_operator.py
[2024-10-29T14:13:21.539-0300] {processor.py:925} INFO - DAG(s) 'example_weekday_branch_operator' retrieved from /home/nico/.local/lib/python3.10/site-packages/airflow/example_dags/example_branch_day_of_week_operator.py
[2024-10-29T14:13:21.609-0300] {logging_mixin.py:190} INFO - [2024-10-29T14:13:21.609-0300] {dag.py:3239} INFO - Sync 1 DAGs
[2024-10-29T14:13:21.689-0300] {logging_mixin.py:190} INFO - [2024-10-29T14:13:21.688-0300] {dag.py:4180} INFO - Setting next_dagrun for example_weekday_branch_operator to 2024-10-28 00:00:00+00:00, run_after=2024-10-29 00:00:00+00:00
[2024-10-29T14:13:21.859-0300] {processor.py:208} INFO - Processing /home/nico/.local/lib/python3.10/site-packages/airflow/example_dags/example_branch_day_of_week_operator.py took 0.378 seconds
[2024-10-29T14:15:44.387-0300] {processor.py:186} INFO - Started process (PID=73090) to work on /home/nico/.local/lib/python3.10/site-packages/airflow/example_dags/example_branch_day_of_week_operator.py
[2024-10-29T14:15:44.390-0300] {processor.py:914} INFO - Processing file /home/nico/.local/lib/python3.10/site-packages/airflow/example_dags/example_branch_day_of_week_operator.py for tasks to queue
[2024-10-29T14:15:44.397-0300] {logging_mixin.py:190} INFO - [2024-10-29T14:15:44.396-0300] {dagbag.py:588} INFO - Filling up the DagBag from /home/nico/.local/lib/python3.10/site-packages/airflow/example_dags/example_branch_day_of_week_operator.py
[2024-10-29T14:15:44.433-0300] {processor.py:925} INFO - DAG(s) 'example_weekday_branch_operator' retrieved from /home/nico/.local/lib/python3.10/site-packages/airflow/example_dags/example_branch_day_of_week_operator.py
[2024-10-29T14:15:44.488-0300] {logging_mixin.py:190} INFO - [2024-10-29T14:15:44.487-0300] {dag.py:3239} INFO - Sync 1 DAGs
[2024-10-29T14:15:44.564-0300] {logging_mixin.py:190} INFO - [2024-10-29T14:15:44.563-0300] {dag.py:4180} INFO - Setting next_dagrun for example_weekday_branch_operator to 2024-10-28 00:00:00+00:00, run_after=2024-10-29 00:00:00+00:00
[2024-10-29T14:15:44.717-0300] {processor.py:208} INFO - Processing /home/nico/.local/lib/python3.10/site-packages/airflow/example_dags/example_branch_day_of_week_operator.py took 0.349 seconds
[2024-10-29T14:18:52.417-0300] {processor.py:186} INFO - Started process (PID=73893) to work on /home/nico/.local/lib/python3.10/site-packages/airflow/example_dags/example_branch_day_of_week_operator.py
[2024-10-29T14:18:52.423-0300] {processor.py:914} INFO - Processing file /home/nico/.local/lib/python3.10/site-packages/airflow/example_dags/example_branch_day_of_week_operator.py for tasks to queue
[2024-10-29T14:18:52.432-0300] {logging_mixin.py:190} INFO - [2024-10-29T14:18:52.430-0300] {dagbag.py:588} INFO - Filling up the DagBag from /home/nico/.local/lib/python3.10/site-packages/airflow/example_dags/example_branch_day_of_week_operator.py
[2024-10-29T14:18:52.468-0300] {processor.py:925} INFO - DAG(s) 'example_weekday_branch_operator' retrieved from /home/nico/.local/lib/python3.10/site-packages/airflow/example_dags/example_branch_day_of_week_operator.py
[2024-10-29T14:18:52.563-0300] {logging_mixin.py:190} INFO - [2024-10-29T14:18:52.563-0300] {dag.py:3239} INFO - Sync 1 DAGs
[2024-10-29T14:18:52.689-0300] {logging_mixin.py:190} INFO - [2024-10-29T14:18:52.687-0300] {dag.py:4180} INFO - Setting next_dagrun for example_weekday_branch_operator to 2024-10-28 00:00:00+00:00, run_after=2024-10-29 00:00:00+00:00
[2024-10-29T14:18:52.948-0300] {processor.py:208} INFO - Processing /home/nico/.local/lib/python3.10/site-packages/airflow/example_dags/example_branch_day_of_week_operator.py took 0.552 seconds
[2024-10-29T14:23:56.451-0300] {processor.py:186} INFO - Started process (PID=75234) to work on /home/nico/.local/lib/python3.10/site-packages/airflow/example_dags/example_branch_day_of_week_operator.py
[2024-10-29T14:23:56.492-0300] {processor.py:914} INFO - Processing file /home/nico/.local/lib/python3.10/site-packages/airflow/example_dags/example_branch_day_of_week_operator.py for tasks to queue
[2024-10-29T14:23:56.498-0300] {logging_mixin.py:190} INFO - [2024-10-29T14:23:56.498-0300] {dagbag.py:588} INFO - Filling up the DagBag from /home/nico/.local/lib/python3.10/site-packages/airflow/example_dags/example_branch_day_of_week_operator.py
[2024-10-29T14:23:56.536-0300] {processor.py:925} INFO - DAG(s) 'example_weekday_branch_operator' retrieved from /home/nico/.local/lib/python3.10/site-packages/airflow/example_dags/example_branch_day_of_week_operator.py
[2024-10-29T14:23:56.619-0300] {logging_mixin.py:190} INFO - [2024-10-29T14:23:56.618-0300] {dag.py:3239} INFO - Sync 1 DAGs
[2024-10-29T14:23:56.720-0300] {logging_mixin.py:190} INFO - [2024-10-29T14:23:56.719-0300] {dag.py:4180} INFO - Setting next_dagrun for example_weekday_branch_operator to 2024-10-28 00:00:00+00:00, run_after=2024-10-29 00:00:00+00:00
[2024-10-29T14:23:57.013-0300] {processor.py:208} INFO - Processing /home/nico/.local/lib/python3.10/site-packages/airflow/example_dags/example_branch_day_of_week_operator.py took 0.581 seconds
[2024-10-29T14:26:13.499-0300] {processor.py:186} INFO - Started process (PID=75849) to work on /home/nico/.local/lib/python3.10/site-packages/airflow/example_dags/example_branch_day_of_week_operator.py
[2024-10-29T14:26:13.508-0300] {processor.py:914} INFO - Processing file /home/nico/.local/lib/python3.10/site-packages/airflow/example_dags/example_branch_day_of_week_operator.py for tasks to queue
[2024-10-29T14:26:13.515-0300] {logging_mixin.py:190} INFO - [2024-10-29T14:26:13.514-0300] {dagbag.py:588} INFO - Filling up the DagBag from /home/nico/.local/lib/python3.10/site-packages/airflow/example_dags/example_branch_day_of_week_operator.py
[2024-10-29T14:26:13.547-0300] {processor.py:925} INFO - DAG(s) 'example_weekday_branch_operator' retrieved from /home/nico/.local/lib/python3.10/site-packages/airflow/example_dags/example_branch_day_of_week_operator.py
[2024-10-29T14:26:13.609-0300] {logging_mixin.py:190} INFO - [2024-10-29T14:26:13.609-0300] {dag.py:3239} INFO - Sync 1 DAGs
[2024-10-29T14:26:13.684-0300] {logging_mixin.py:190} INFO - [2024-10-29T14:26:13.683-0300] {dag.py:4180} INFO - Setting next_dagrun for example_weekday_branch_operator to 2024-10-28 00:00:00+00:00, run_after=2024-10-29 00:00:00+00:00
[2024-10-29T14:26:13.832-0300] {processor.py:208} INFO - Processing /home/nico/.local/lib/python3.10/site-packages/airflow/example_dags/example_branch_day_of_week_operator.py took 0.359 seconds
[2024-10-29T14:28:40.448-0300] {processor.py:186} INFO - Started process (PID=76506) to work on /home/nico/.local/lib/python3.10/site-packages/airflow/example_dags/example_branch_day_of_week_operator.py
[2024-10-29T14:28:40.451-0300] {processor.py:914} INFO - Processing file /home/nico/.local/lib/python3.10/site-packages/airflow/example_dags/example_branch_day_of_week_operator.py for tasks to queue
[2024-10-29T14:28:40.457-0300] {logging_mixin.py:190} INFO - [2024-10-29T14:28:40.456-0300] {dagbag.py:588} INFO - Filling up the DagBag from /home/nico/.local/lib/python3.10/site-packages/airflow/example_dags/example_branch_day_of_week_operator.py
[2024-10-29T14:28:40.485-0300] {processor.py:925} INFO - DAG(s) 'example_weekday_branch_operator' retrieved from /home/nico/.local/lib/python3.10/site-packages/airflow/example_dags/example_branch_day_of_week_operator.py
[2024-10-29T14:28:40.544-0300] {logging_mixin.py:190} INFO - [2024-10-29T14:28:40.543-0300] {dag.py:3239} INFO - Sync 1 DAGs
[2024-10-29T14:28:40.625-0300] {logging_mixin.py:190} INFO - [2024-10-29T14:28:40.624-0300] {dag.py:4180} INFO - Setting next_dagrun for example_weekday_branch_operator to 2024-10-28 00:00:00+00:00, run_after=2024-10-29 00:00:00+00:00
[2024-10-29T14:28:40.759-0300] {processor.py:208} INFO - Processing /home/nico/.local/lib/python3.10/site-packages/airflow/example_dags/example_branch_day_of_week_operator.py took 0.328 seconds
[2024-10-29T14:38:07.908-0300] {processor.py:186} INFO - Started process (PID=78966) to work on /home/nico/.local/lib/python3.10/site-packages/airflow/example_dags/example_branch_day_of_week_operator.py
[2024-10-29T14:38:07.912-0300] {processor.py:914} INFO - Processing file /home/nico/.local/lib/python3.10/site-packages/airflow/example_dags/example_branch_day_of_week_operator.py for tasks to queue
[2024-10-29T14:38:07.917-0300] {logging_mixin.py:190} INFO - [2024-10-29T14:38:07.915-0300] {dagbag.py:588} INFO - Filling up the DagBag from /home/nico/.local/lib/python3.10/site-packages/airflow/example_dags/example_branch_day_of_week_operator.py
[2024-10-29T14:38:07.945-0300] {processor.py:925} INFO - DAG(s) 'example_weekday_branch_operator' retrieved from /home/nico/.local/lib/python3.10/site-packages/airflow/example_dags/example_branch_day_of_week_operator.py
[2024-10-29T14:38:08.028-0300] {logging_mixin.py:190} INFO - [2024-10-29T14:38:08.028-0300] {dag.py:3239} INFO - Sync 1 DAGs
[2024-10-29T14:38:08.103-0300] {logging_mixin.py:190} INFO - [2024-10-29T14:38:08.103-0300] {dag.py:4180} INFO - Setting next_dagrun for example_weekday_branch_operator to 2024-10-28 00:00:00+00:00, run_after=2024-10-29 00:00:00+00:00
[2024-10-29T14:38:08.222-0300] {processor.py:208} INFO - Processing /home/nico/.local/lib/python3.10/site-packages/airflow/example_dags/example_branch_day_of_week_operator.py took 0.353 seconds
[2024-10-29T14:40:11.329-0300] {processor.py:186} INFO - Started process (PID=79531) to work on /home/nico/.local/lib/python3.10/site-packages/airflow/example_dags/example_branch_day_of_week_operator.py
[2024-10-29T14:40:11.333-0300] {processor.py:914} INFO - Processing file /home/nico/.local/lib/python3.10/site-packages/airflow/example_dags/example_branch_day_of_week_operator.py for tasks to queue
[2024-10-29T14:40:11.339-0300] {logging_mixin.py:190} INFO - [2024-10-29T14:40:11.337-0300] {dagbag.py:588} INFO - Filling up the DagBag from /home/nico/.local/lib/python3.10/site-packages/airflow/example_dags/example_branch_day_of_week_operator.py
[2024-10-29T14:40:11.383-0300] {processor.py:925} INFO - DAG(s) 'example_weekday_branch_operator' retrieved from /home/nico/.local/lib/python3.10/site-packages/airflow/example_dags/example_branch_day_of_week_operator.py
[2024-10-29T14:40:11.483-0300] {logging_mixin.py:190} INFO - [2024-10-29T14:40:11.482-0300] {dag.py:3239} INFO - Sync 1 DAGs
[2024-10-29T14:40:11.557-0300] {logging_mixin.py:190} INFO - [2024-10-29T14:40:11.556-0300] {dag.py:4180} INFO - Setting next_dagrun for example_weekday_branch_operator to 2024-10-28 00:00:00+00:00, run_after=2024-10-29 00:00:00+00:00
[2024-10-29T14:40:11.687-0300] {processor.py:208} INFO - Processing /home/nico/.local/lib/python3.10/site-packages/airflow/example_dags/example_branch_day_of_week_operator.py took 0.383 seconds
[2024-10-29T14:42:33.763-0300] {processor.py:186} INFO - Started process (PID=80173) to work on /home/nico/.local/lib/python3.10/site-packages/airflow/example_dags/example_branch_day_of_week_operator.py
[2024-10-29T14:42:33.771-0300] {processor.py:914} INFO - Processing file /home/nico/.local/lib/python3.10/site-packages/airflow/example_dags/example_branch_day_of_week_operator.py for tasks to queue
[2024-10-29T14:42:33.783-0300] {logging_mixin.py:190} INFO - [2024-10-29T14:42:33.782-0300] {dagbag.py:588} INFO - Filling up the DagBag from /home/nico/.local/lib/python3.10/site-packages/airflow/example_dags/example_branch_day_of_week_operator.py
[2024-10-29T14:42:33.828-0300] {processor.py:925} INFO - DAG(s) 'example_weekday_branch_operator' retrieved from /home/nico/.local/lib/python3.10/site-packages/airflow/example_dags/example_branch_day_of_week_operator.py
[2024-10-29T14:42:33.920-0300] {logging_mixin.py:190} INFO - [2024-10-29T14:42:33.920-0300] {dag.py:3239} INFO - Sync 1 DAGs
[2024-10-29T14:42:34.039-0300] {logging_mixin.py:190} INFO - [2024-10-29T14:42:34.038-0300] {dag.py:4180} INFO - Setting next_dagrun for example_weekday_branch_operator to 2024-10-28 00:00:00+00:00, run_after=2024-10-29 00:00:00+00:00
[2024-10-29T14:42:34.196-0300] {processor.py:208} INFO - Processing /home/nico/.local/lib/python3.10/site-packages/airflow/example_dags/example_branch_day_of_week_operator.py took 0.471 seconds
