[2024-10-29T14:10:35.912-0300] {processor.py:186} INFO - Started process (PID=71732) to work on /home/nico/.local/lib/python3.10/site-packages/airflow/example_dags/example_branch_python_dop_operator_3.py
[2024-10-29T14:10:35.916-0300] {processor.py:914} INFO - Processing file /home/nico/.local/lib/python3.10/site-packages/airflow/example_dags/example_branch_python_dop_operator_3.py for tasks to queue
[2024-10-29T14:10:35.923-0300] {logging_mixin.py:190} INFO - [2024-10-29T14:10:35.922-0300] {dagbag.py:588} INFO - Filling up the DagBag from /home/nico/.local/lib/python3.10/site-packages/airflow/example_dags/example_branch_python_dop_operator_3.py
[2024-10-29T14:10:35.951-0300] {processor.py:925} INFO - DAG(s) 'example_branch_dop_operator_v3' retrieved from /home/nico/.local/lib/python3.10/site-packages/airflow/example_dags/example_branch_python_dop_operator_3.py
[2024-10-29T14:10:36.020-0300] {logging_mixin.py:190} INFO - [2024-10-29T14:10:36.020-0300] {dag.py:3239} INFO - Sync 1 DAGs
[2024-10-29T14:10:36.108-0300] {logging_mixin.py:190} INFO - [2024-10-29T14:10:36.108-0300] {dag.py:4180} INFO - Setting next_dagrun for example_branch_dop_operator_v3 to 2024-10-29 17:09:00+00:00, run_after=2024-10-29 17:10:00+00:00
[2024-10-29T14:10:36.228-0300] {processor.py:208} INFO - Processing /home/nico/.local/lib/python3.10/site-packages/airflow/example_dags/example_branch_python_dop_operator_3.py took 0.332 seconds
[2024-10-29T14:12:20.448-0300] {processor.py:186} INFO - Started process (PID=72190) to work on /home/nico/.local/lib/python3.10/site-packages/airflow/example_dags/example_branch_python_dop_operator_3.py
[2024-10-29T14:12:20.451-0300] {processor.py:914} INFO - Processing file /home/nico/.local/lib/python3.10/site-packages/airflow/example_dags/example_branch_python_dop_operator_3.py for tasks to queue
[2024-10-29T14:12:20.458-0300] {logging_mixin.py:190} INFO - [2024-10-29T14:12:20.457-0300] {dagbag.py:588} INFO - Filling up the DagBag from /home/nico/.local/lib/python3.10/site-packages/airflow/example_dags/example_branch_python_dop_operator_3.py
[2024-10-29T14:12:20.485-0300] {processor.py:925} INFO - DAG(s) 'example_branch_dop_operator_v3' retrieved from /home/nico/.local/lib/python3.10/site-packages/airflow/example_dags/example_branch_python_dop_operator_3.py
[2024-10-29T14:12:20.542-0300] {logging_mixin.py:190} INFO - [2024-10-29T14:12:20.541-0300] {dag.py:3239} INFO - Sync 1 DAGs
[2024-10-29T14:12:20.630-0300] {logging_mixin.py:190} INFO - [2024-10-29T14:12:20.629-0300] {dag.py:4180} INFO - Setting next_dagrun for example_branch_dop_operator_v3 to 2024-10-29 17:11:00+00:00, run_after=2024-10-29 17:12:00+00:00
[2024-10-29T14:12:20.753-0300] {processor.py:208} INFO - Processing /home/nico/.local/lib/python3.10/site-packages/airflow/example_dags/example_branch_python_dop_operator_3.py took 0.318 seconds
[2024-10-29T14:14:48.123-0300] {processor.py:186} INFO - Started process (PID=72839) to work on /home/nico/.local/lib/python3.10/site-packages/airflow/example_dags/example_branch_python_dop_operator_3.py
[2024-10-29T14:14:48.127-0300] {processor.py:914} INFO - Processing file /home/nico/.local/lib/python3.10/site-packages/airflow/example_dags/example_branch_python_dop_operator_3.py for tasks to queue
[2024-10-29T14:14:48.133-0300] {logging_mixin.py:190} INFO - [2024-10-29T14:14:48.132-0300] {dagbag.py:588} INFO - Filling up the DagBag from /home/nico/.local/lib/python3.10/site-packages/airflow/example_dags/example_branch_python_dop_operator_3.py
[2024-10-29T14:14:48.169-0300] {processor.py:925} INFO - DAG(s) 'example_branch_dop_operator_v3' retrieved from /home/nico/.local/lib/python3.10/site-packages/airflow/example_dags/example_branch_python_dop_operator_3.py
[2024-10-29T14:14:48.253-0300] {logging_mixin.py:190} INFO - [2024-10-29T14:14:48.253-0300] {dag.py:3239} INFO - Sync 1 DAGs
[2024-10-29T14:14:48.352-0300] {logging_mixin.py:190} INFO - [2024-10-29T14:14:48.352-0300] {dag.py:4180} INFO - Setting next_dagrun for example_branch_dop_operator_v3 to 2024-10-29 17:13:00+00:00, run_after=2024-10-29 17:14:00+00:00
[2024-10-29T14:14:48.495-0300] {processor.py:208} INFO - Processing /home/nico/.local/lib/python3.10/site-packages/airflow/example_dags/example_branch_python_dop_operator_3.py took 0.387 seconds
[2024-10-29T14:17:23.748-0300] {processor.py:186} INFO - Started process (PID=73517) to work on /home/nico/.local/lib/python3.10/site-packages/airflow/example_dags/example_branch_python_dop_operator_3.py
[2024-10-29T14:17:23.751-0300] {processor.py:914} INFO - Processing file /home/nico/.local/lib/python3.10/site-packages/airflow/example_dags/example_branch_python_dop_operator_3.py for tasks to queue
[2024-10-29T14:17:23.759-0300] {logging_mixin.py:190} INFO - [2024-10-29T14:17:23.757-0300] {dagbag.py:588} INFO - Filling up the DagBag from /home/nico/.local/lib/python3.10/site-packages/airflow/example_dags/example_branch_python_dop_operator_3.py
[2024-10-29T14:17:23.792-0300] {processor.py:925} INFO - DAG(s) 'example_branch_dop_operator_v3' retrieved from /home/nico/.local/lib/python3.10/site-packages/airflow/example_dags/example_branch_python_dop_operator_3.py
[2024-10-29T14:17:23.858-0300] {logging_mixin.py:190} INFO - [2024-10-29T14:17:23.857-0300] {dag.py:3239} INFO - Sync 1 DAGs
[2024-10-29T14:17:23.962-0300] {logging_mixin.py:190} INFO - [2024-10-29T14:17:23.961-0300] {dag.py:4180} INFO - Setting next_dagrun for example_branch_dop_operator_v3 to 2024-10-29 17:16:00+00:00, run_after=2024-10-29 17:17:00+00:00
[2024-10-29T14:17:24.112-0300] {processor.py:208} INFO - Processing /home/nico/.local/lib/python3.10/site-packages/airflow/example_dags/example_branch_python_dop_operator_3.py took 0.385 seconds
[2024-10-29T14:23:38.610-0300] {processor.py:186} INFO - Started process (PID=75156) to work on /home/nico/.local/lib/python3.10/site-packages/airflow/example_dags/example_branch_python_dop_operator_3.py
[2024-10-29T14:23:38.663-0300] {processor.py:914} INFO - Processing file /home/nico/.local/lib/python3.10/site-packages/airflow/example_dags/example_branch_python_dop_operator_3.py for tasks to queue
[2024-10-29T14:23:38.674-0300] {logging_mixin.py:190} INFO - [2024-10-29T14:23:38.672-0300] {dagbag.py:588} INFO - Filling up the DagBag from /home/nico/.local/lib/python3.10/site-packages/airflow/example_dags/example_branch_python_dop_operator_3.py
[2024-10-29T14:23:38.716-0300] {processor.py:925} INFO - DAG(s) 'example_branch_dop_operator_v3' retrieved from /home/nico/.local/lib/python3.10/site-packages/airflow/example_dags/example_branch_python_dop_operator_3.py
[2024-10-29T14:23:38.805-0300] {logging_mixin.py:190} INFO - [2024-10-29T14:23:38.804-0300] {dag.py:3239} INFO - Sync 1 DAGs
[2024-10-29T14:23:38.925-0300] {logging_mixin.py:190} INFO - [2024-10-29T14:23:38.925-0300] {dag.py:4180} INFO - Setting next_dagrun for example_branch_dop_operator_v3 to 2024-10-29 17:22:00+00:00, run_after=2024-10-29 17:23:00+00:00
[2024-10-29T14:23:39.169-0300] {processor.py:208} INFO - Processing /home/nico/.local/lib/python3.10/site-packages/airflow/example_dags/example_branch_python_dop_operator_3.py took 0.572 seconds
[2024-10-29T14:25:58.325-0300] {processor.py:186} INFO - Started process (PID=75778) to work on /home/nico/.local/lib/python3.10/site-packages/airflow/example_dags/example_branch_python_dop_operator_3.py
[2024-10-29T14:25:58.328-0300] {processor.py:914} INFO - Processing file /home/nico/.local/lib/python3.10/site-packages/airflow/example_dags/example_branch_python_dop_operator_3.py for tasks to queue
[2024-10-29T14:25:58.334-0300] {logging_mixin.py:190} INFO - [2024-10-29T14:25:58.333-0300] {dagbag.py:588} INFO - Filling up the DagBag from /home/nico/.local/lib/python3.10/site-packages/airflow/example_dags/example_branch_python_dop_operator_3.py
[2024-10-29T14:25:58.363-0300] {processor.py:925} INFO - DAG(s) 'example_branch_dop_operator_v3' retrieved from /home/nico/.local/lib/python3.10/site-packages/airflow/example_dags/example_branch_python_dop_operator_3.py
[2024-10-29T14:25:58.421-0300] {logging_mixin.py:190} INFO - [2024-10-29T14:25:58.420-0300] {dag.py:3239} INFO - Sync 1 DAGs
[2024-10-29T14:25:58.519-0300] {logging_mixin.py:190} INFO - [2024-10-29T14:25:58.518-0300] {dag.py:4180} INFO - Setting next_dagrun for example_branch_dop_operator_v3 to 2024-10-29 17:24:00+00:00, run_after=2024-10-29 17:25:00+00:00
[2024-10-29T14:25:58.673-0300] {processor.py:208} INFO - Processing /home/nico/.local/lib/python3.10/site-packages/airflow/example_dags/example_branch_python_dop_operator_3.py took 0.364 seconds
[2024-10-29T14:28:23.626-0300] {processor.py:186} INFO - Started process (PID=76430) to work on /home/nico/.local/lib/python3.10/site-packages/airflow/example_dags/example_branch_python_dop_operator_3.py
[2024-10-29T14:28:23.628-0300] {processor.py:914} INFO - Processing file /home/nico/.local/lib/python3.10/site-packages/airflow/example_dags/example_branch_python_dop_operator_3.py for tasks to queue
[2024-10-29T14:28:23.633-0300] {logging_mixin.py:190} INFO - [2024-10-29T14:28:23.633-0300] {dagbag.py:588} INFO - Filling up the DagBag from /home/nico/.local/lib/python3.10/site-packages/airflow/example_dags/example_branch_python_dop_operator_3.py
[2024-10-29T14:28:23.665-0300] {processor.py:925} INFO - DAG(s) 'example_branch_dop_operator_v3' retrieved from /home/nico/.local/lib/python3.10/site-packages/airflow/example_dags/example_branch_python_dop_operator_3.py
[2024-10-29T14:28:23.799-0300] {logging_mixin.py:190} INFO - [2024-10-29T14:28:23.798-0300] {dag.py:3239} INFO - Sync 1 DAGs
[2024-10-29T14:28:24.080-0300] {logging_mixin.py:190} INFO - [2024-10-29T14:28:24.080-0300] {dag.py:4180} INFO - Setting next_dagrun for example_branch_dop_operator_v3 to 2024-10-29 17:27:00+00:00, run_after=2024-10-29 17:28:00+00:00
[2024-10-29T14:28:24.260-0300] {processor.py:208} INFO - Processing /home/nico/.local/lib/python3.10/site-packages/airflow/example_dags/example_branch_python_dop_operator_3.py took 0.651 seconds
[2024-10-29T14:37:53.158-0300] {processor.py:186} INFO - Started process (PID=78901) to work on /home/nico/.local/lib/python3.10/site-packages/airflow/example_dags/example_branch_python_dop_operator_3.py
[2024-10-29T14:37:53.161-0300] {processor.py:914} INFO - Processing file /home/nico/.local/lib/python3.10/site-packages/airflow/example_dags/example_branch_python_dop_operator_3.py for tasks to queue
[2024-10-29T14:37:53.166-0300] {logging_mixin.py:190} INFO - [2024-10-29T14:37:53.165-0300] {dagbag.py:588} INFO - Filling up the DagBag from /home/nico/.local/lib/python3.10/site-packages/airflow/example_dags/example_branch_python_dop_operator_3.py
[2024-10-29T14:37:53.184-0300] {processor.py:925} INFO - DAG(s) 'example_branch_dop_operator_v3' retrieved from /home/nico/.local/lib/python3.10/site-packages/airflow/example_dags/example_branch_python_dop_operator_3.py
[2024-10-29T14:37:53.274-0300] {logging_mixin.py:190} INFO - [2024-10-29T14:37:53.273-0300] {dag.py:3239} INFO - Sync 1 DAGs
[2024-10-29T14:37:53.434-0300] {logging_mixin.py:190} INFO - [2024-10-29T14:37:53.434-0300] {dag.py:4180} INFO - Setting next_dagrun for example_branch_dop_operator_v3 to 2024-10-29 17:36:00+00:00, run_after=2024-10-29 17:37:00+00:00
[2024-10-29T14:37:53.596-0300] {processor.py:208} INFO - Processing /home/nico/.local/lib/python3.10/site-packages/airflow/example_dags/example_branch_python_dop_operator_3.py took 0.459 seconds
[2024-10-29T14:39:56.414-0300] {processor.py:186} INFO - Started process (PID=79465) to work on /home/nico/.local/lib/python3.10/site-packages/airflow/example_dags/example_branch_python_dop_operator_3.py
[2024-10-29T14:39:56.420-0300] {processor.py:914} INFO - Processing file /home/nico/.local/lib/python3.10/site-packages/airflow/example_dags/example_branch_python_dop_operator_3.py for tasks to queue
[2024-10-29T14:39:56.426-0300] {logging_mixin.py:190} INFO - [2024-10-29T14:39:56.425-0300] {dagbag.py:588} INFO - Filling up the DagBag from /home/nico/.local/lib/python3.10/site-packages/airflow/example_dags/example_branch_python_dop_operator_3.py
[2024-10-29T14:39:56.448-0300] {processor.py:925} INFO - DAG(s) 'example_branch_dop_operator_v3' retrieved from /home/nico/.local/lib/python3.10/site-packages/airflow/example_dags/example_branch_python_dop_operator_3.py
[2024-10-29T14:39:56.512-0300] {logging_mixin.py:190} INFO - [2024-10-29T14:39:56.511-0300] {dag.py:3239} INFO - Sync 1 DAGs
[2024-10-29T14:39:56.582-0300] {logging_mixin.py:190} INFO - [2024-10-29T14:39:56.582-0300] {dag.py:4180} INFO - Setting next_dagrun for example_branch_dop_operator_v3 to 2024-10-29 17:38:00+00:00, run_after=2024-10-29 17:39:00+00:00
[2024-10-29T14:39:56.699-0300] {processor.py:208} INFO - Processing /home/nico/.local/lib/python3.10/site-packages/airflow/example_dags/example_branch_python_dop_operator_3.py took 0.332 seconds
[2024-10-29T14:42:09.736-0300] {processor.py:186} INFO - Started process (PID=80064) to work on /home/nico/.local/lib/python3.10/site-packages/airflow/example_dags/example_branch_python_dop_operator_3.py
[2024-10-29T14:42:09.739-0300] {processor.py:914} INFO - Processing file /home/nico/.local/lib/python3.10/site-packages/airflow/example_dags/example_branch_python_dop_operator_3.py for tasks to queue
[2024-10-29T14:42:09.742-0300] {logging_mixin.py:190} INFO - [2024-10-29T14:42:09.741-0300] {dagbag.py:588} INFO - Filling up the DagBag from /home/nico/.local/lib/python3.10/site-packages/airflow/example_dags/example_branch_python_dop_operator_3.py
[2024-10-29T14:42:09.770-0300] {processor.py:925} INFO - DAG(s) 'example_branch_dop_operator_v3' retrieved from /home/nico/.local/lib/python3.10/site-packages/airflow/example_dags/example_branch_python_dop_operator_3.py
[2024-10-29T14:42:09.850-0300] {logging_mixin.py:190} INFO - [2024-10-29T14:42:09.848-0300] {dag.py:3239} INFO - Sync 1 DAGs
[2024-10-29T14:42:09.948-0300] {logging_mixin.py:190} INFO - [2024-10-29T14:42:09.947-0300] {dag.py:4180} INFO - Setting next_dagrun for example_branch_dop_operator_v3 to 2024-10-29 17:41:00+00:00, run_after=2024-10-29 17:42:00+00:00
[2024-10-29T14:42:10.109-0300] {processor.py:208} INFO - Processing /home/nico/.local/lib/python3.10/site-packages/airflow/example_dags/example_branch_python_dop_operator_3.py took 0.388 seconds
[2024-10-29T14:44:13.089-0300] {processor.py:186} INFO - Started process (PID=80610) to work on /home/nico/.local/lib/python3.10/site-packages/airflow/example_dags/example_branch_python_dop_operator_3.py
[2024-10-29T14:44:13.092-0300] {processor.py:914} INFO - Processing file /home/nico/.local/lib/python3.10/site-packages/airflow/example_dags/example_branch_python_dop_operator_3.py for tasks to queue
[2024-10-29T14:44:13.095-0300] {logging_mixin.py:190} INFO - [2024-10-29T14:44:13.094-0300] {dagbag.py:588} INFO - Filling up the DagBag from /home/nico/.local/lib/python3.10/site-packages/airflow/example_dags/example_branch_python_dop_operator_3.py
[2024-10-29T14:44:13.112-0300] {processor.py:925} INFO - DAG(s) 'example_branch_dop_operator_v3' retrieved from /home/nico/.local/lib/python3.10/site-packages/airflow/example_dags/example_branch_python_dop_operator_3.py
[2024-10-29T14:44:13.165-0300] {logging_mixin.py:190} INFO - [2024-10-29T14:44:13.165-0300] {dag.py:3239} INFO - Sync 1 DAGs
[2024-10-29T14:44:13.968-0300] {logging_mixin.py:190} INFO - [2024-10-29T14:44:13.968-0300] {dag.py:4180} INFO - Setting next_dagrun for example_branch_dop_operator_v3 to 2024-10-29 17:43:00+00:00, run_after=2024-10-29 17:44:00+00:00
[2024-10-29T14:44:15.873-0300] {processor.py:208} INFO - Processing /home/nico/.local/lib/python3.10/site-packages/airflow/example_dags/example_branch_python_dop_operator_3.py took 2.799 seconds
