[2024-10-29T14:10:14.746-0300] {processor.py:186} INFO - Started process (PID=71637) to work on /home/nico/.local/lib/python3.10/site-packages/airflow/example_dags/example_xcom.py
[2024-10-29T14:10:14.759-0300] {processor.py:914} INFO - Processing file /home/nico/.local/lib/python3.10/site-packages/airflow/example_dags/example_xcom.py for tasks to queue
[2024-10-29T14:10:14.777-0300] {logging_mixin.py:190} INFO - [2024-10-29T14:10:14.775-0300] {dagbag.py:588} INFO - Filling up the DagBag from /home/nico/.local/lib/python3.10/site-packages/airflow/example_dags/example_xcom.py
[2024-10-29T14:10:14.858-0300] {processor.py:925} INFO - DAG(s) 'example_xcom' retrieved from /home/nico/.local/lib/python3.10/site-packages/airflow/example_dags/example_xcom.py
[2024-10-29T14:10:15.152-0300] {logging_mixin.py:190} INFO - [2024-10-29T14:10:15.151-0300] {dag.py:3239} INFO - Sync 1 DAGs
[2024-10-29T14:10:15.310-0300] {logging_mixin.py:190} INFO - [2024-10-29T14:10:15.309-0300] {dag.py:4180} INFO - Setting next_dagrun for example_xcom to 2021-01-01 00:00:00+00:00, run_after=2021-01-01 00:00:00+00:00
[2024-10-29T14:10:15.442-0300] {processor.py:208} INFO - Processing /home/nico/.local/lib/python3.10/site-packages/airflow/example_dags/example_xcom.py took 0.741 seconds
[2024-10-29T14:11:59.237-0300] {processor.py:186} INFO - Started process (PID=72097) to work on /home/nico/.local/lib/python3.10/site-packages/airflow/example_dags/example_xcom.py
[2024-10-29T14:11:59.241-0300] {processor.py:914} INFO - Processing file /home/nico/.local/lib/python3.10/site-packages/airflow/example_dags/example_xcom.py for tasks to queue
[2024-10-29T14:11:59.246-0300] {logging_mixin.py:190} INFO - [2024-10-29T14:11:59.245-0300] {dagbag.py:588} INFO - Filling up the DagBag from /home/nico/.local/lib/python3.10/site-packages/airflow/example_dags/example_xcom.py
[2024-10-29T14:11:59.267-0300] {processor.py:925} INFO - DAG(s) 'example_xcom' retrieved from /home/nico/.local/lib/python3.10/site-packages/airflow/example_dags/example_xcom.py
[2024-10-29T14:11:59.330-0300] {logging_mixin.py:190} INFO - [2024-10-29T14:11:59.329-0300] {dag.py:3239} INFO - Sync 1 DAGs
[2024-10-29T14:11:59.389-0300] {logging_mixin.py:190} INFO - [2024-10-29T14:11:59.389-0300] {dag.py:4180} INFO - Setting next_dagrun for example_xcom to 2021-01-01 00:00:00+00:00, run_after=2021-01-01 00:00:00+00:00
[2024-10-29T14:11:59.510-0300] {processor.py:208} INFO - Processing /home/nico/.local/lib/python3.10/site-packages/airflow/example_dags/example_xcom.py took 0.290 seconds
[2024-10-29T14:14:27.361-0300] {processor.py:186} INFO - Started process (PID=72748) to work on /home/nico/.local/lib/python3.10/site-packages/airflow/example_dags/example_xcom.py
[2024-10-29T14:14:27.364-0300] {processor.py:914} INFO - Processing file /home/nico/.local/lib/python3.10/site-packages/airflow/example_dags/example_xcom.py for tasks to queue
[2024-10-29T14:14:27.371-0300] {logging_mixin.py:190} INFO - [2024-10-29T14:14:27.370-0300] {dagbag.py:588} INFO - Filling up the DagBag from /home/nico/.local/lib/python3.10/site-packages/airflow/example_dags/example_xcom.py
[2024-10-29T14:14:27.398-0300] {processor.py:925} INFO - DAG(s) 'example_xcom' retrieved from /home/nico/.local/lib/python3.10/site-packages/airflow/example_dags/example_xcom.py
[2024-10-29T14:14:27.466-0300] {logging_mixin.py:190} INFO - [2024-10-29T14:14:27.466-0300] {dag.py:3239} INFO - Sync 1 DAGs
[2024-10-29T14:14:27.541-0300] {logging_mixin.py:190} INFO - [2024-10-29T14:14:27.540-0300] {dag.py:4180} INFO - Setting next_dagrun for example_xcom to 2021-01-01 00:00:00+00:00, run_after=2021-01-01 00:00:00+00:00
[2024-10-29T14:14:27.668-0300] {processor.py:208} INFO - Processing /home/nico/.local/lib/python3.10/site-packages/airflow/example_dags/example_xcom.py took 0.323 seconds
[2024-10-29T14:17:05.109-0300] {processor.py:186} INFO - Started process (PID=73434) to work on /home/nico/.local/lib/python3.10/site-packages/airflow/example_dags/example_xcom.py
[2024-10-29T14:17:05.112-0300] {processor.py:914} INFO - Processing file /home/nico/.local/lib/python3.10/site-packages/airflow/example_dags/example_xcom.py for tasks to queue
[2024-10-29T14:17:05.119-0300] {logging_mixin.py:190} INFO - [2024-10-29T14:17:05.118-0300] {dagbag.py:588} INFO - Filling up the DagBag from /home/nico/.local/lib/python3.10/site-packages/airflow/example_dags/example_xcom.py
[2024-10-29T14:17:05.149-0300] {processor.py:925} INFO - DAG(s) 'example_xcom' retrieved from /home/nico/.local/lib/python3.10/site-packages/airflow/example_dags/example_xcom.py
[2024-10-29T14:17:05.222-0300] {logging_mixin.py:190} INFO - [2024-10-29T14:17:05.222-0300] {dag.py:3239} INFO - Sync 1 DAGs
[2024-10-29T14:17:05.364-0300] {logging_mixin.py:190} INFO - [2024-10-29T14:17:05.363-0300] {dag.py:4180} INFO - Setting next_dagrun for example_xcom to 2021-01-01 00:00:00+00:00, run_after=2021-01-01 00:00:00+00:00
[2024-10-29T14:17:05.524-0300] {processor.py:208} INFO - Processing /home/nico/.local/lib/python3.10/site-packages/airflow/example_dags/example_xcom.py took 0.434 seconds
[2024-10-29T14:23:20.481-0300] {processor.py:186} INFO - Started process (PID=75074) to work on /home/nico/.local/lib/python3.10/site-packages/airflow/example_dags/example_xcom.py
[2024-10-29T14:23:20.484-0300] {processor.py:914} INFO - Processing file /home/nico/.local/lib/python3.10/site-packages/airflow/example_dags/example_xcom.py for tasks to queue
[2024-10-29T14:23:20.489-0300] {logging_mixin.py:190} INFO - [2024-10-29T14:23:20.488-0300] {dagbag.py:588} INFO - Filling up the DagBag from /home/nico/.local/lib/python3.10/site-packages/airflow/example_dags/example_xcom.py
[2024-10-29T14:23:20.512-0300] {processor.py:925} INFO - DAG(s) 'example_xcom' retrieved from /home/nico/.local/lib/python3.10/site-packages/airflow/example_dags/example_xcom.py
[2024-10-29T14:23:20.564-0300] {logging_mixin.py:190} INFO - [2024-10-29T14:23:20.563-0300] {dag.py:3239} INFO - Sync 1 DAGs
[2024-10-29T14:23:20.639-0300] {logging_mixin.py:190} INFO - [2024-10-29T14:23:20.638-0300] {dag.py:4180} INFO - Setting next_dagrun for example_xcom to 2021-01-01 00:00:00+00:00, run_after=2021-01-01 00:00:00+00:00
[2024-10-29T14:23:20.789-0300] {processor.py:208} INFO - Processing /home/nico/.local/lib/python3.10/site-packages/airflow/example_dags/example_xcom.py took 0.328 seconds
[2024-10-29T14:24:57.539-0300] {processor.py:186} INFO - Started process (PID=75507) to work on /home/nico/.local/lib/python3.10/site-packages/airflow/example_dags/example_xcom.py
[2024-10-29T14:24:57.541-0300] {processor.py:914} INFO - Processing file /home/nico/.local/lib/python3.10/site-packages/airflow/example_dags/example_xcom.py for tasks to queue
[2024-10-29T14:24:57.547-0300] {logging_mixin.py:190} INFO - [2024-10-29T14:24:57.546-0300] {dagbag.py:588} INFO - Filling up the DagBag from /home/nico/.local/lib/python3.10/site-packages/airflow/example_dags/example_xcom.py
[2024-10-29T14:24:57.569-0300] {processor.py:925} INFO - DAG(s) 'example_xcom' retrieved from /home/nico/.local/lib/python3.10/site-packages/airflow/example_dags/example_xcom.py
[2024-10-29T14:24:57.631-0300] {logging_mixin.py:190} INFO - [2024-10-29T14:24:57.630-0300] {dag.py:3239} INFO - Sync 1 DAGs
[2024-10-29T14:24:57.695-0300] {logging_mixin.py:190} INFO - [2024-10-29T14:24:57.694-0300] {dag.py:4180} INFO - Setting next_dagrun for example_xcom to 2021-01-01 00:00:00+00:00, run_after=2021-01-01 00:00:00+00:00
[2024-10-29T14:24:57.823-0300] {processor.py:208} INFO - Processing /home/nico/.local/lib/python3.10/site-packages/airflow/example_dags/example_xcom.py took 0.297 seconds
[2024-10-29T14:27:15.415-0300] {processor.py:186} INFO - Started process (PID=76123) to work on /home/nico/.local/lib/python3.10/site-packages/airflow/example_dags/example_xcom.py
[2024-10-29T14:27:15.417-0300] {processor.py:914} INFO - Processing file /home/nico/.local/lib/python3.10/site-packages/airflow/example_dags/example_xcom.py for tasks to queue
[2024-10-29T14:27:15.423-0300] {logging_mixin.py:190} INFO - [2024-10-29T14:27:15.422-0300] {dagbag.py:588} INFO - Filling up the DagBag from /home/nico/.local/lib/python3.10/site-packages/airflow/example_dags/example_xcom.py
[2024-10-29T14:27:15.449-0300] {processor.py:925} INFO - DAG(s) 'example_xcom' retrieved from /home/nico/.local/lib/python3.10/site-packages/airflow/example_dags/example_xcom.py
[2024-10-29T14:27:15.507-0300] {logging_mixin.py:190} INFO - [2024-10-29T14:27:15.506-0300] {dag.py:3239} INFO - Sync 1 DAGs
[2024-10-29T14:27:15.568-0300] {logging_mixin.py:190} INFO - [2024-10-29T14:27:15.566-0300] {dag.py:4180} INFO - Setting next_dagrun for example_xcom to 2021-01-01 00:00:00+00:00, run_after=2021-01-01 00:00:00+00:00
[2024-10-29T14:27:15.717-0300] {processor.py:208} INFO - Processing /home/nico/.local/lib/python3.10/site-packages/airflow/example_dags/example_xcom.py took 0.317 seconds
[2024-10-29T14:37:34.589-0300] {processor.py:186} INFO - Started process (PID=78816) to work on /home/nico/.local/lib/python3.10/site-packages/airflow/example_dags/example_xcom.py
[2024-10-29T14:37:34.593-0300] {processor.py:914} INFO - Processing file /home/nico/.local/lib/python3.10/site-packages/airflow/example_dags/example_xcom.py for tasks to queue
[2024-10-29T14:37:34.598-0300] {logging_mixin.py:190} INFO - [2024-10-29T14:37:34.596-0300] {dagbag.py:588} INFO - Filling up the DagBag from /home/nico/.local/lib/python3.10/site-packages/airflow/example_dags/example_xcom.py
[2024-10-29T14:37:34.616-0300] {processor.py:925} INFO - DAG(s) 'example_xcom' retrieved from /home/nico/.local/lib/python3.10/site-packages/airflow/example_dags/example_xcom.py
[2024-10-29T14:37:34.685-0300] {logging_mixin.py:190} INFO - [2024-10-29T14:37:34.684-0300] {dag.py:3239} INFO - Sync 1 DAGs
[2024-10-29T14:37:34.765-0300] {logging_mixin.py:190} INFO - [2024-10-29T14:37:34.764-0300] {dag.py:4180} INFO - Setting next_dagrun for example_xcom to 2021-01-01 00:00:00+00:00, run_after=2021-01-01 00:00:00+00:00
[2024-10-29T14:37:34.892-0300] {processor.py:208} INFO - Processing /home/nico/.local/lib/python3.10/site-packages/airflow/example_dags/example_xcom.py took 0.331 seconds
[2024-10-29T14:39:05.352-0300] {processor.py:186} INFO - Started process (PID=79224) to work on /home/nico/.local/lib/python3.10/site-packages/airflow/example_dags/example_xcom.py
[2024-10-29T14:39:05.355-0300] {processor.py:914} INFO - Processing file /home/nico/.local/lib/python3.10/site-packages/airflow/example_dags/example_xcom.py for tasks to queue
[2024-10-29T14:39:05.359-0300] {logging_mixin.py:190} INFO - [2024-10-29T14:39:05.358-0300] {dagbag.py:588} INFO - Filling up the DagBag from /home/nico/.local/lib/python3.10/site-packages/airflow/example_dags/example_xcom.py
[2024-10-29T14:39:05.378-0300] {processor.py:925} INFO - DAG(s) 'example_xcom' retrieved from /home/nico/.local/lib/python3.10/site-packages/airflow/example_dags/example_xcom.py
[2024-10-29T14:39:05.435-0300] {logging_mixin.py:190} INFO - [2024-10-29T14:39:05.435-0300] {dag.py:3239} INFO - Sync 1 DAGs
[2024-10-29T14:39:05.484-0300] {logging_mixin.py:190} INFO - [2024-10-29T14:39:05.484-0300] {dag.py:4180} INFO - Setting next_dagrun for example_xcom to 2021-01-01 00:00:00+00:00, run_after=2021-01-01 00:00:00+00:00
[2024-10-29T14:39:05.598-0300] {processor.py:208} INFO - Processing /home/nico/.local/lib/python3.10/site-packages/airflow/example_dags/example_xcom.py took 0.268 seconds
[2024-10-29T14:41:13.653-0300] {processor.py:186} INFO - Started process (PID=79807) to work on /home/nico/.local/lib/python3.10/site-packages/airflow/example_dags/example_xcom.py
[2024-10-29T14:41:13.655-0300] {processor.py:914} INFO - Processing file /home/nico/.local/lib/python3.10/site-packages/airflow/example_dags/example_xcom.py for tasks to queue
[2024-10-29T14:41:13.659-0300] {logging_mixin.py:190} INFO - [2024-10-29T14:41:13.658-0300] {dagbag.py:588} INFO - Filling up the DagBag from /home/nico/.local/lib/python3.10/site-packages/airflow/example_dags/example_xcom.py
[2024-10-29T14:41:13.677-0300] {processor.py:925} INFO - DAG(s) 'example_xcom' retrieved from /home/nico/.local/lib/python3.10/site-packages/airflow/example_dags/example_xcom.py
[2024-10-29T14:41:13.735-0300] {logging_mixin.py:190} INFO - [2024-10-29T14:41:13.734-0300] {dag.py:3239} INFO - Sync 1 DAGs
[2024-10-29T14:41:13.798-0300] {logging_mixin.py:190} INFO - [2024-10-29T14:41:13.797-0300] {dag.py:4180} INFO - Setting next_dagrun for example_xcom to 2021-01-01 00:00:00+00:00, run_after=2021-01-01 00:00:00+00:00
[2024-10-29T14:41:13.924-0300] {processor.py:208} INFO - Processing /home/nico/.local/lib/python3.10/site-packages/airflow/example_dags/example_xcom.py took 0.292 seconds
[2024-10-29T14:43:48.901-0300] {processor.py:186} INFO - Started process (PID=80503) to work on /home/nico/.local/lib/python3.10/site-packages/airflow/example_dags/example_xcom.py
[2024-10-29T14:43:48.903-0300] {processor.py:914} INFO - Processing file /home/nico/.local/lib/python3.10/site-packages/airflow/example_dags/example_xcom.py for tasks to queue
[2024-10-29T14:43:48.907-0300] {logging_mixin.py:190} INFO - [2024-10-29T14:43:48.906-0300] {dagbag.py:588} INFO - Filling up the DagBag from /home/nico/.local/lib/python3.10/site-packages/airflow/example_dags/example_xcom.py
[2024-10-29T14:43:48.930-0300] {processor.py:925} INFO - DAG(s) 'example_xcom' retrieved from /home/nico/.local/lib/python3.10/site-packages/airflow/example_dags/example_xcom.py
[2024-10-29T14:43:49.002-0300] {logging_mixin.py:190} INFO - [2024-10-29T14:43:49.001-0300] {dag.py:3239} INFO - Sync 1 DAGs
[2024-10-29T14:43:49.069-0300] {logging_mixin.py:190} INFO - [2024-10-29T14:43:49.068-0300] {dag.py:4180} INFO - Setting next_dagrun for example_xcom to 2021-01-01 00:00:00+00:00, run_after=2021-01-01 00:00:00+00:00
[2024-10-29T14:43:49.193-0300] {processor.py:208} INFO - Processing /home/nico/.local/lib/python3.10/site-packages/airflow/example_dags/example_xcom.py took 0.311 seconds
