[2024-10-29T14:05:27.360-0300] {processor.py:186} INFO - Started process (PID=70422) to work on /home/nico/.local/lib/python3.10/site-packages/airflow/example_dags/example_latest_only_with_trigger.py
[2024-10-29T14:05:27.363-0300] {processor.py:914} INFO - Processing file /home/nico/.local/lib/python3.10/site-packages/airflow/example_dags/example_latest_only_with_trigger.py for tasks to queue
[2024-10-29T14:05:27.370-0300] {logging_mixin.py:190} INFO - [2024-10-29T14:05:27.370-0300] {dagbag.py:588} INFO - Filling up the DagBag from /home/nico/.local/lib/python3.10/site-packages/airflow/example_dags/example_latest_only_with_trigger.py
[2024-10-29T14:05:27.392-0300] {processor.py:925} INFO - DAG(s) 'latest_only_with_trigger' retrieved from /home/nico/.local/lib/python3.10/site-packages/airflow/example_dags/example_latest_only_with_trigger.py
[2024-10-29T14:05:27.470-0300] {logging_mixin.py:190} INFO - [2024-10-29T14:05:27.470-0300] {dag.py:3239} INFO - Sync 1 DAGs
[2024-10-29T14:05:27.542-0300] {logging_mixin.py:190} INFO - [2024-10-29T14:05:27.541-0300] {dag.py:4180} INFO - Setting next_dagrun for latest_only_with_trigger to 2024-10-29 12:00:00+00:00, run_after=2024-10-29 16:00:00+00:00
[2024-10-29T14:05:27.679-0300] {processor.py:208} INFO - Processing /home/nico/.local/lib/python3.10/site-packages/airflow/example_dags/example_latest_only_with_trigger.py took 0.336 seconds
[2024-10-29T14:09:45.274-0300] {processor.py:186} INFO - Started process (PID=71508) to work on /home/nico/.local/lib/python3.10/site-packages/airflow/example_dags/example_latest_only_with_trigger.py
[2024-10-29T14:09:45.284-0300] {processor.py:914} INFO - Processing file /home/nico/.local/lib/python3.10/site-packages/airflow/example_dags/example_latest_only_with_trigger.py for tasks to queue
[2024-10-29T14:09:45.292-0300] {logging_mixin.py:190} INFO - [2024-10-29T14:09:45.291-0300] {dagbag.py:588} INFO - Filling up the DagBag from /home/nico/.local/lib/python3.10/site-packages/airflow/example_dags/example_latest_only_with_trigger.py
[2024-10-29T14:09:45.310-0300] {processor.py:925} INFO - DAG(s) 'latest_only_with_trigger' retrieved from /home/nico/.local/lib/python3.10/site-packages/airflow/example_dags/example_latest_only_with_trigger.py
[2024-10-29T14:09:45.375-0300] {logging_mixin.py:190} INFO - [2024-10-29T14:09:45.374-0300] {dag.py:3239} INFO - Sync 1 DAGs
[2024-10-29T14:09:45.438-0300] {logging_mixin.py:190} INFO - [2024-10-29T14:09:45.437-0300] {dag.py:4180} INFO - Setting next_dagrun for latest_only_with_trigger to 2024-10-29 12:00:00+00:00, run_after=2024-10-29 16:00:00+00:00
[2024-10-29T14:09:45.561-0300] {processor.py:208} INFO - Processing /home/nico/.local/lib/python3.10/site-packages/airflow/example_dags/example_latest_only_with_trigger.py took 0.301 seconds
[2024-10-29T14:11:30.320-0300] {processor.py:186} INFO - Started process (PID=71968) to work on /home/nico/.local/lib/python3.10/site-packages/airflow/example_dags/example_latest_only_with_trigger.py
[2024-10-29T14:11:30.324-0300] {processor.py:914} INFO - Processing file /home/nico/.local/lib/python3.10/site-packages/airflow/example_dags/example_latest_only_with_trigger.py for tasks to queue
[2024-10-29T14:11:30.333-0300] {logging_mixin.py:190} INFO - [2024-10-29T14:11:30.332-0300] {dagbag.py:588} INFO - Filling up the DagBag from /home/nico/.local/lib/python3.10/site-packages/airflow/example_dags/example_latest_only_with_trigger.py
[2024-10-29T14:11:30.357-0300] {processor.py:925} INFO - DAG(s) 'latest_only_with_trigger' retrieved from /home/nico/.local/lib/python3.10/site-packages/airflow/example_dags/example_latest_only_with_trigger.py
[2024-10-29T14:11:30.468-0300] {logging_mixin.py:190} INFO - [2024-10-29T14:11:30.468-0300] {dag.py:3239} INFO - Sync 1 DAGs
[2024-10-29T14:11:30.560-0300] {logging_mixin.py:190} INFO - [2024-10-29T14:11:30.560-0300] {dag.py:4180} INFO - Setting next_dagrun for latest_only_with_trigger to 2024-10-29 12:00:00+00:00, run_after=2024-10-29 16:00:00+00:00
[2024-10-29T14:11:30.721-0300] {processor.py:208} INFO - Processing /home/nico/.local/lib/python3.10/site-packages/airflow/example_dags/example_latest_only_with_trigger.py took 0.419 seconds
[2024-10-29T14:12:42.677-0300] {processor.py:186} INFO - Started process (PID=72289) to work on /home/nico/.local/lib/python3.10/site-packages/airflow/example_dags/example_latest_only_with_trigger.py
[2024-10-29T14:12:42.681-0300] {processor.py:914} INFO - Processing file /home/nico/.local/lib/python3.10/site-packages/airflow/example_dags/example_latest_only_with_trigger.py for tasks to queue
[2024-10-29T14:12:42.691-0300] {logging_mixin.py:190} INFO - [2024-10-29T14:12:42.690-0300] {dagbag.py:588} INFO - Filling up the DagBag from /home/nico/.local/lib/python3.10/site-packages/airflow/example_dags/example_latest_only_with_trigger.py
[2024-10-29T14:12:42.730-0300] {processor.py:925} INFO - DAG(s) 'latest_only_with_trigger' retrieved from /home/nico/.local/lib/python3.10/site-packages/airflow/example_dags/example_latest_only_with_trigger.py
[2024-10-29T14:12:42.806-0300] {logging_mixin.py:190} INFO - [2024-10-29T14:12:42.805-0300] {dag.py:3239} INFO - Sync 1 DAGs
[2024-10-29T14:12:42.893-0300] {logging_mixin.py:190} INFO - [2024-10-29T14:12:42.893-0300] {dag.py:4180} INFO - Setting next_dagrun for latest_only_with_trigger to 2024-10-29 12:00:00+00:00, run_after=2024-10-29 16:00:00+00:00
[2024-10-29T14:12:43.010-0300] {processor.py:208} INFO - Processing /home/nico/.local/lib/python3.10/site-packages/airflow/example_dags/example_latest_only_with_trigger.py took 0.346 seconds
[2024-10-29T14:13:58.252-0300] {processor.py:186} INFO - Started process (PID=72621) to work on /home/nico/.local/lib/python3.10/site-packages/airflow/example_dags/example_latest_only_with_trigger.py
[2024-10-29T14:13:58.255-0300] {processor.py:914} INFO - Processing file /home/nico/.local/lib/python3.10/site-packages/airflow/example_dags/example_latest_only_with_trigger.py for tasks to queue
[2024-10-29T14:13:58.263-0300] {logging_mixin.py:190} INFO - [2024-10-29T14:13:58.261-0300] {dagbag.py:588} INFO - Filling up the DagBag from /home/nico/.local/lib/python3.10/site-packages/airflow/example_dags/example_latest_only_with_trigger.py
[2024-10-29T14:13:58.290-0300] {processor.py:925} INFO - DAG(s) 'latest_only_with_trigger' retrieved from /home/nico/.local/lib/python3.10/site-packages/airflow/example_dags/example_latest_only_with_trigger.py
[2024-10-29T14:13:58.350-0300] {logging_mixin.py:190} INFO - [2024-10-29T14:13:58.350-0300] {dag.py:3239} INFO - Sync 1 DAGs
[2024-10-29T14:13:58.493-0300] {logging_mixin.py:190} INFO - [2024-10-29T14:13:58.492-0300] {dag.py:4180} INFO - Setting next_dagrun for latest_only_with_trigger to 2024-10-29 12:00:00+00:00, run_after=2024-10-29 16:00:00+00:00
[2024-10-29T14:13:58.727-0300] {processor.py:208} INFO - Processing /home/nico/.local/lib/python3.10/site-packages/airflow/example_dags/example_latest_only_with_trigger.py took 0.505 seconds
[2024-10-29T14:15:11.916-0300] {processor.py:186} INFO - Started process (PID=72944) to work on /home/nico/.local/lib/python3.10/site-packages/airflow/example_dags/example_latest_only_with_trigger.py
[2024-10-29T14:15:11.919-0300] {processor.py:914} INFO - Processing file /home/nico/.local/lib/python3.10/site-packages/airflow/example_dags/example_latest_only_with_trigger.py for tasks to queue
[2024-10-29T14:15:11.924-0300] {logging_mixin.py:190} INFO - [2024-10-29T14:15:11.923-0300] {dagbag.py:588} INFO - Filling up the DagBag from /home/nico/.local/lib/python3.10/site-packages/airflow/example_dags/example_latest_only_with_trigger.py
[2024-10-29T14:15:11.947-0300] {processor.py:925} INFO - DAG(s) 'latest_only_with_trigger' retrieved from /home/nico/.local/lib/python3.10/site-packages/airflow/example_dags/example_latest_only_with_trigger.py
[2024-10-29T14:15:12.009-0300] {logging_mixin.py:190} INFO - [2024-10-29T14:15:12.009-0300] {dag.py:3239} INFO - Sync 1 DAGs
[2024-10-29T14:15:12.079-0300] {logging_mixin.py:190} INFO - [2024-10-29T14:15:12.078-0300] {dag.py:4180} INFO - Setting next_dagrun for latest_only_with_trigger to 2024-10-29 12:00:00+00:00, run_after=2024-10-29 16:00:00+00:00
[2024-10-29T14:15:12.207-0300] {processor.py:208} INFO - Processing /home/nico/.local/lib/python3.10/site-packages/airflow/example_dags/example_latest_only_with_trigger.py took 0.305 seconds
[2024-10-29T14:16:19.545-0300] {processor.py:186} INFO - Started process (PID=73243) to work on /home/nico/.local/lib/python3.10/site-packages/airflow/example_dags/example_latest_only_with_trigger.py
[2024-10-29T14:16:19.548-0300] {processor.py:914} INFO - Processing file /home/nico/.local/lib/python3.10/site-packages/airflow/example_dags/example_latest_only_with_trigger.py for tasks to queue
[2024-10-29T14:16:19.555-0300] {logging_mixin.py:190} INFO - [2024-10-29T14:16:19.554-0300] {dagbag.py:588} INFO - Filling up the DagBag from /home/nico/.local/lib/python3.10/site-packages/airflow/example_dags/example_latest_only_with_trigger.py
[2024-10-29T14:16:19.579-0300] {processor.py:925} INFO - DAG(s) 'latest_only_with_trigger' retrieved from /home/nico/.local/lib/python3.10/site-packages/airflow/example_dags/example_latest_only_with_trigger.py
[2024-10-29T14:16:19.675-0300] {logging_mixin.py:190} INFO - [2024-10-29T14:16:19.674-0300] {dag.py:3239} INFO - Sync 1 DAGs
[2024-10-29T14:16:19.781-0300] {logging_mixin.py:190} INFO - [2024-10-29T14:16:19.781-0300] {dag.py:4180} INFO - Setting next_dagrun for latest_only_with_trigger to 2024-10-29 12:00:00+00:00, run_after=2024-10-29 16:00:00+00:00
[2024-10-29T14:16:19.918-0300] {processor.py:208} INFO - Processing /home/nico/.local/lib/python3.10/site-packages/airflow/example_dags/example_latest_only_with_trigger.py took 0.392 seconds
[2024-10-29T14:17:48.069-0300] {processor.py:186} INFO - Started process (PID=73625) to work on /home/nico/.local/lib/python3.10/site-packages/airflow/example_dags/example_latest_only_with_trigger.py
[2024-10-29T14:17:48.071-0300] {processor.py:914} INFO - Processing file /home/nico/.local/lib/python3.10/site-packages/airflow/example_dags/example_latest_only_with_trigger.py for tasks to queue
[2024-10-29T14:17:48.077-0300] {logging_mixin.py:190} INFO - [2024-10-29T14:17:48.076-0300] {dagbag.py:588} INFO - Filling up the DagBag from /home/nico/.local/lib/python3.10/site-packages/airflow/example_dags/example_latest_only_with_trigger.py
[2024-10-29T14:17:48.099-0300] {processor.py:925} INFO - DAG(s) 'latest_only_with_trigger' retrieved from /home/nico/.local/lib/python3.10/site-packages/airflow/example_dags/example_latest_only_with_trigger.py
[2024-10-29T14:17:48.148-0300] {logging_mixin.py:190} INFO - [2024-10-29T14:17:48.148-0300] {dag.py:3239} INFO - Sync 1 DAGs
[2024-10-29T14:17:48.207-0300] {logging_mixin.py:190} INFO - [2024-10-29T14:17:48.206-0300] {dag.py:4180} INFO - Setting next_dagrun for latest_only_with_trigger to 2024-10-29 12:00:00+00:00, run_after=2024-10-29 16:00:00+00:00
[2024-10-29T14:17:48.404-0300] {processor.py:208} INFO - Processing /home/nico/.local/lib/python3.10/site-packages/airflow/example_dags/example_latest_only_with_trigger.py took 0.353 seconds
[2024-10-29T14:22:52.702-0300] {processor.py:186} INFO - Started process (PID=74951) to work on /home/nico/.local/lib/python3.10/site-packages/airflow/example_dags/example_latest_only_with_trigger.py
[2024-10-29T14:22:52.704-0300] {processor.py:914} INFO - Processing file /home/nico/.local/lib/python3.10/site-packages/airflow/example_dags/example_latest_only_with_trigger.py for tasks to queue
[2024-10-29T14:22:52.710-0300] {logging_mixin.py:190} INFO - [2024-10-29T14:22:52.709-0300] {dagbag.py:588} INFO - Filling up the DagBag from /home/nico/.local/lib/python3.10/site-packages/airflow/example_dags/example_latest_only_with_trigger.py
[2024-10-29T14:22:52.730-0300] {processor.py:925} INFO - DAG(s) 'latest_only_with_trigger' retrieved from /home/nico/.local/lib/python3.10/site-packages/airflow/example_dags/example_latest_only_with_trigger.py
[2024-10-29T14:22:52.788-0300] {logging_mixin.py:190} INFO - [2024-10-29T14:22:52.787-0300] {dag.py:3239} INFO - Sync 1 DAGs
[2024-10-29T14:22:52.848-0300] {logging_mixin.py:190} INFO - [2024-10-29T14:22:52.847-0300] {dag.py:4180} INFO - Setting next_dagrun for latest_only_with_trigger to 2024-10-29 12:00:00+00:00, run_after=2024-10-29 16:00:00+00:00
[2024-10-29T14:22:52.996-0300] {processor.py:208} INFO - Processing /home/nico/.local/lib/python3.10/site-packages/airflow/example_dags/example_latest_only_with_trigger.py took 0.312 seconds
[2024-10-29T14:24:29.529-0300] {processor.py:186} INFO - Started process (PID=75380) to work on /home/nico/.local/lib/python3.10/site-packages/airflow/example_dags/example_latest_only_with_trigger.py
[2024-10-29T14:24:29.532-0300] {processor.py:914} INFO - Processing file /home/nico/.local/lib/python3.10/site-packages/airflow/example_dags/example_latest_only_with_trigger.py for tasks to queue
[2024-10-29T14:24:29.538-0300] {logging_mixin.py:190} INFO - [2024-10-29T14:24:29.537-0300] {dagbag.py:588} INFO - Filling up the DagBag from /home/nico/.local/lib/python3.10/site-packages/airflow/example_dags/example_latest_only_with_trigger.py
[2024-10-29T14:24:29.558-0300] {processor.py:925} INFO - DAG(s) 'latest_only_with_trigger' retrieved from /home/nico/.local/lib/python3.10/site-packages/airflow/example_dags/example_latest_only_with_trigger.py
[2024-10-29T14:24:29.617-0300] {logging_mixin.py:190} INFO - [2024-10-29T14:24:29.617-0300] {dag.py:3239} INFO - Sync 1 DAGs
[2024-10-29T14:24:29.679-0300] {logging_mixin.py:190} INFO - [2024-10-29T14:24:29.679-0300] {dag.py:4180} INFO - Setting next_dagrun for latest_only_with_trigger to 2024-10-29 12:00:00+00:00, run_after=2024-10-29 16:00:00+00:00
[2024-10-29T14:24:29.799-0300] {processor.py:208} INFO - Processing /home/nico/.local/lib/python3.10/site-packages/airflow/example_dags/example_latest_only_with_trigger.py took 0.284 seconds
[2024-10-29T14:25:38.064-0300] {processor.py:186} INFO - Started process (PID=75686) to work on /home/nico/.local/lib/python3.10/site-packages/airflow/example_dags/example_latest_only_with_trigger.py
[2024-10-29T14:25:38.066-0300] {processor.py:914} INFO - Processing file /home/nico/.local/lib/python3.10/site-packages/airflow/example_dags/example_latest_only_with_trigger.py for tasks to queue
[2024-10-29T14:25:38.073-0300] {logging_mixin.py:190} INFO - [2024-10-29T14:25:38.072-0300] {dagbag.py:588} INFO - Filling up the DagBag from /home/nico/.local/lib/python3.10/site-packages/airflow/example_dags/example_latest_only_with_trigger.py
[2024-10-29T14:25:38.094-0300] {processor.py:925} INFO - DAG(s) 'latest_only_with_trigger' retrieved from /home/nico/.local/lib/python3.10/site-packages/airflow/example_dags/example_latest_only_with_trigger.py
[2024-10-29T14:25:38.153-0300] {logging_mixin.py:190} INFO - [2024-10-29T14:25:38.153-0300] {dag.py:3239} INFO - Sync 1 DAGs
[2024-10-29T14:25:38.211-0300] {logging_mixin.py:190} INFO - [2024-10-29T14:25:38.211-0300] {dag.py:4180} INFO - Setting next_dagrun for latest_only_with_trigger to 2024-10-29 12:00:00+00:00, run_after=2024-10-29 16:00:00+00:00
[2024-10-29T14:25:38.344-0300] {processor.py:208} INFO - Processing /home/nico/.local/lib/python3.10/site-packages/airflow/example_dags/example_latest_only_with_trigger.py took 0.296 seconds
[2024-10-29T14:26:47.048-0300] {processor.py:186} INFO - Started process (PID=75997) to work on /home/nico/.local/lib/python3.10/site-packages/airflow/example_dags/example_latest_only_with_trigger.py
[2024-10-29T14:26:47.051-0300] {processor.py:914} INFO - Processing file /home/nico/.local/lib/python3.10/site-packages/airflow/example_dags/example_latest_only_with_trigger.py for tasks to queue
[2024-10-29T14:26:47.058-0300] {logging_mixin.py:190} INFO - [2024-10-29T14:26:47.057-0300] {dagbag.py:588} INFO - Filling up the DagBag from /home/nico/.local/lib/python3.10/site-packages/airflow/example_dags/example_latest_only_with_trigger.py
[2024-10-29T14:26:47.086-0300] {processor.py:925} INFO - DAG(s) 'latest_only_with_trigger' retrieved from /home/nico/.local/lib/python3.10/site-packages/airflow/example_dags/example_latest_only_with_trigger.py
[2024-10-29T14:26:47.161-0300] {logging_mixin.py:190} INFO - [2024-10-29T14:26:47.161-0300] {dag.py:3239} INFO - Sync 1 DAGs
[2024-10-29T14:26:47.221-0300] {logging_mixin.py:190} INFO - [2024-10-29T14:26:47.220-0300] {dag.py:4180} INFO - Setting next_dagrun for latest_only_with_trigger to 2024-10-29 12:00:00+00:00, run_after=2024-10-29 16:00:00+00:00
[2024-10-29T14:26:47.339-0300] {processor.py:208} INFO - Processing /home/nico/.local/lib/python3.10/site-packages/airflow/example_dags/example_latest_only_with_trigger.py took 0.312 seconds
[2024-10-29T14:27:57.899-0300] {processor.py:186} INFO - Started process (PID=76314) to work on /home/nico/.local/lib/python3.10/site-packages/airflow/example_dags/example_latest_only_with_trigger.py
[2024-10-29T14:27:57.904-0300] {processor.py:914} INFO - Processing file /home/nico/.local/lib/python3.10/site-packages/airflow/example_dags/example_latest_only_with_trigger.py for tasks to queue
[2024-10-29T14:27:57.909-0300] {logging_mixin.py:190} INFO - [2024-10-29T14:27:57.908-0300] {dagbag.py:588} INFO - Filling up the DagBag from /home/nico/.local/lib/python3.10/site-packages/airflow/example_dags/example_latest_only_with_trigger.py
[2024-10-29T14:27:57.931-0300] {processor.py:925} INFO - DAG(s) 'latest_only_with_trigger' retrieved from /home/nico/.local/lib/python3.10/site-packages/airflow/example_dags/example_latest_only_with_trigger.py
[2024-10-29T14:27:57.997-0300] {logging_mixin.py:190} INFO - [2024-10-29T14:27:57.997-0300] {dag.py:3239} INFO - Sync 1 DAGs
[2024-10-29T14:27:58.060-0300] {logging_mixin.py:190} INFO - [2024-10-29T14:27:58.059-0300] {dag.py:4180} INFO - Setting next_dagrun for latest_only_with_trigger to 2024-10-29 12:00:00+00:00, run_after=2024-10-29 16:00:00+00:00
[2024-10-29T14:27:58.243-0300] {processor.py:208} INFO - Processing /home/nico/.local/lib/python3.10/site-packages/airflow/example_dags/example_latest_only_with_trigger.py took 0.360 seconds
[2024-10-29T14:37:08.801-0300] {processor.py:186} INFO - Started process (PID=78700) to work on /home/nico/.local/lib/python3.10/site-packages/airflow/example_dags/example_latest_only_with_trigger.py
[2024-10-29T14:37:08.804-0300] {processor.py:914} INFO - Processing file /home/nico/.local/lib/python3.10/site-packages/airflow/example_dags/example_latest_only_with_trigger.py for tasks to queue
[2024-10-29T14:37:08.809-0300] {logging_mixin.py:190} INFO - [2024-10-29T14:37:08.808-0300] {dagbag.py:588} INFO - Filling up the DagBag from /home/nico/.local/lib/python3.10/site-packages/airflow/example_dags/example_latest_only_with_trigger.py
[2024-10-29T14:37:08.826-0300] {processor.py:925} INFO - DAG(s) 'latest_only_with_trigger' retrieved from /home/nico/.local/lib/python3.10/site-packages/airflow/example_dags/example_latest_only_with_trigger.py
[2024-10-29T14:37:08.883-0300] {logging_mixin.py:190} INFO - [2024-10-29T14:37:08.882-0300] {dag.py:3239} INFO - Sync 1 DAGs
[2024-10-29T14:37:08.945-0300] {logging_mixin.py:190} INFO - [2024-10-29T14:37:08.945-0300] {dag.py:4180} INFO - Setting next_dagrun for latest_only_with_trigger to 2024-10-29 12:00:00+00:00, run_after=2024-10-29 16:00:00+00:00
[2024-10-29T14:37:09.072-0300] {processor.py:208} INFO - Processing /home/nico/.local/lib/python3.10/site-packages/airflow/example_dags/example_latest_only_with_trigger.py took 0.295 seconds
[2024-10-29T14:38:41.626-0300] {processor.py:186} INFO - Started process (PID=79115) to work on /home/nico/.local/lib/python3.10/site-packages/airflow/example_dags/example_latest_only_with_trigger.py
[2024-10-29T14:38:41.628-0300] {processor.py:914} INFO - Processing file /home/nico/.local/lib/python3.10/site-packages/airflow/example_dags/example_latest_only_with_trigger.py for tasks to queue
[2024-10-29T14:38:41.631-0300] {logging_mixin.py:190} INFO - [2024-10-29T14:38:41.631-0300] {dagbag.py:588} INFO - Filling up the DagBag from /home/nico/.local/lib/python3.10/site-packages/airflow/example_dags/example_latest_only_with_trigger.py
[2024-10-29T14:38:41.649-0300] {processor.py:925} INFO - DAG(s) 'latest_only_with_trigger' retrieved from /home/nico/.local/lib/python3.10/site-packages/airflow/example_dags/example_latest_only_with_trigger.py
[2024-10-29T14:38:41.719-0300] {logging_mixin.py:190} INFO - [2024-10-29T14:38:41.718-0300] {dag.py:3239} INFO - Sync 1 DAGs
[2024-10-29T14:38:41.810-0300] {logging_mixin.py:190} INFO - [2024-10-29T14:38:41.809-0300] {dag.py:4180} INFO - Setting next_dagrun for latest_only_with_trigger to 2024-10-29 12:00:00+00:00, run_after=2024-10-29 16:00:00+00:00
[2024-10-29T14:38:41.979-0300] {processor.py:208} INFO - Processing /home/nico/.local/lib/python3.10/site-packages/airflow/example_dags/example_latest_only_with_trigger.py took 0.368 seconds
[2024-10-29T14:39:42.480-0300] {processor.py:186} INFO - Started process (PID=79398) to work on /home/nico/.local/lib/python3.10/site-packages/airflow/example_dags/example_latest_only_with_trigger.py
[2024-10-29T14:39:42.482-0300] {processor.py:914} INFO - Processing file /home/nico/.local/lib/python3.10/site-packages/airflow/example_dags/example_latest_only_with_trigger.py for tasks to queue
[2024-10-29T14:39:42.485-0300] {logging_mixin.py:190} INFO - [2024-10-29T14:39:42.485-0300] {dagbag.py:588} INFO - Filling up the DagBag from /home/nico/.local/lib/python3.10/site-packages/airflow/example_dags/example_latest_only_with_trigger.py
[2024-10-29T14:39:42.500-0300] {processor.py:925} INFO - DAG(s) 'latest_only_with_trigger' retrieved from /home/nico/.local/lib/python3.10/site-packages/airflow/example_dags/example_latest_only_with_trigger.py
[2024-10-29T14:39:42.561-0300] {logging_mixin.py:190} INFO - [2024-10-29T14:39:42.560-0300] {dag.py:3239} INFO - Sync 1 DAGs
[2024-10-29T14:39:42.623-0300] {logging_mixin.py:190} INFO - [2024-10-29T14:39:42.622-0300] {dag.py:4180} INFO - Setting next_dagrun for latest_only_with_trigger to 2024-10-29 12:00:00+00:00, run_after=2024-10-29 16:00:00+00:00
[2024-10-29T14:39:42.746-0300] {processor.py:208} INFO - Processing /home/nico/.local/lib/python3.10/site-packages/airflow/example_dags/example_latest_only_with_trigger.py took 0.278 seconds
[2024-10-29T14:40:47.331-0300] {processor.py:186} INFO - Started process (PID=79688) to work on /home/nico/.local/lib/python3.10/site-packages/airflow/example_dags/example_latest_only_with_trigger.py
[2024-10-29T14:40:47.333-0300] {processor.py:914} INFO - Processing file /home/nico/.local/lib/python3.10/site-packages/airflow/example_dags/example_latest_only_with_trigger.py for tasks to queue
[2024-10-29T14:40:47.336-0300] {logging_mixin.py:190} INFO - [2024-10-29T14:40:47.335-0300] {dagbag.py:588} INFO - Filling up the DagBag from /home/nico/.local/lib/python3.10/site-packages/airflow/example_dags/example_latest_only_with_trigger.py
[2024-10-29T14:40:47.353-0300] {processor.py:925} INFO - DAG(s) 'latest_only_with_trigger' retrieved from /home/nico/.local/lib/python3.10/site-packages/airflow/example_dags/example_latest_only_with_trigger.py
[2024-10-29T14:40:47.416-0300] {logging_mixin.py:190} INFO - [2024-10-29T14:40:47.416-0300] {dag.py:3239} INFO - Sync 1 DAGs
[2024-10-29T14:40:47.487-0300] {logging_mixin.py:190} INFO - [2024-10-29T14:40:47.486-0300] {dag.py:4180} INFO - Setting next_dagrun for latest_only_with_trigger to 2024-10-29 12:00:00+00:00, run_after=2024-10-29 16:00:00+00:00
[2024-10-29T14:40:47.657-0300] {processor.py:208} INFO - Processing /home/nico/.local/lib/python3.10/site-packages/airflow/example_dags/example_latest_only_with_trigger.py took 0.342 seconds
[2024-10-29T14:41:51.846-0300] {processor.py:186} INFO - Started process (PID=79981) to work on /home/nico/.local/lib/python3.10/site-packages/airflow/example_dags/example_latest_only_with_trigger.py
[2024-10-29T14:41:51.850-0300] {processor.py:914} INFO - Processing file /home/nico/.local/lib/python3.10/site-packages/airflow/example_dags/example_latest_only_with_trigger.py for tasks to queue
[2024-10-29T14:41:51.853-0300] {logging_mixin.py:190} INFO - [2024-10-29T14:41:51.853-0300] {dagbag.py:588} INFO - Filling up the DagBag from /home/nico/.local/lib/python3.10/site-packages/airflow/example_dags/example_latest_only_with_trigger.py
[2024-10-29T14:41:51.873-0300] {processor.py:925} INFO - DAG(s) 'latest_only_with_trigger' retrieved from /home/nico/.local/lib/python3.10/site-packages/airflow/example_dags/example_latest_only_with_trigger.py
[2024-10-29T14:41:51.941-0300] {logging_mixin.py:190} INFO - [2024-10-29T14:41:51.941-0300] {dag.py:3239} INFO - Sync 1 DAGs
[2024-10-29T14:41:51.992-0300] {logging_mixin.py:190} INFO - [2024-10-29T14:41:51.992-0300] {dag.py:4180} INFO - Setting next_dagrun for latest_only_with_trigger to 2024-10-29 12:00:00+00:00, run_after=2024-10-29 16:00:00+00:00
[2024-10-29T14:41:52.118-0300] {processor.py:208} INFO - Processing /home/nico/.local/lib/python3.10/site-packages/airflow/example_dags/example_latest_only_with_trigger.py took 0.291 seconds
[2024-10-29T14:43:20.451-0300] {processor.py:186} INFO - Started process (PID=80376) to work on /home/nico/.local/lib/python3.10/site-packages/airflow/example_dags/example_latest_only_with_trigger.py
[2024-10-29T14:43:20.455-0300] {processor.py:914} INFO - Processing file /home/nico/.local/lib/python3.10/site-packages/airflow/example_dags/example_latest_only_with_trigger.py for tasks to queue
[2024-10-29T14:43:20.460-0300] {logging_mixin.py:190} INFO - [2024-10-29T14:43:20.458-0300] {dagbag.py:588} INFO - Filling up the DagBag from /home/nico/.local/lib/python3.10/site-packages/airflow/example_dags/example_latest_only_with_trigger.py
[2024-10-29T14:43:20.484-0300] {processor.py:925} INFO - DAG(s) 'latest_only_with_trigger' retrieved from /home/nico/.local/lib/python3.10/site-packages/airflow/example_dags/example_latest_only_with_trigger.py
[2024-10-29T14:43:20.551-0300] {logging_mixin.py:190} INFO - [2024-10-29T14:43:20.550-0300] {dag.py:3239} INFO - Sync 1 DAGs
[2024-10-29T14:43:20.606-0300] {logging_mixin.py:190} INFO - [2024-10-29T14:43:20.606-0300] {dag.py:4180} INFO - Setting next_dagrun for latest_only_with_trigger to 2024-10-29 12:00:00+00:00, run_after=2024-10-29 16:00:00+00:00
[2024-10-29T14:43:20.750-0300] {processor.py:208} INFO - Processing /home/nico/.local/lib/python3.10/site-packages/airflow/example_dags/example_latest_only_with_trigger.py took 0.323 seconds
