[2024-10-29T14:10:01.809-0300] {processor.py:186} INFO - Started process (PID=71580) to work on /home/nico/.local/lib/python3.10/site-packages/airflow/example_dags/example_sensors.py
[2024-10-29T14:10:01.811-0300] {processor.py:914} INFO - Processing file /home/nico/.local/lib/python3.10/site-packages/airflow/example_dags/example_sensors.py for tasks to queue
[2024-10-29T14:10:01.817-0300] {logging_mixin.py:190} INFO - [2024-10-29T14:10:01.816-0300] {dagbag.py:588} INFO - Filling up the DagBag from /home/nico/.local/lib/python3.10/site-packages/airflow/example_dags/example_sensors.py
[2024-10-29T14:10:01.848-0300] {processor.py:925} INFO - DAG(s) 'example_sensors' retrieved from /home/nico/.local/lib/python3.10/site-packages/airflow/example_dags/example_sensors.py
[2024-10-29T14:10:01.932-0300] {logging_mixin.py:190} INFO - [2024-10-29T14:10:01.931-0300] {dag.py:3239} INFO - Sync 1 DAGs
[2024-10-29T14:10:01.970-0300] {logging_mixin.py:190} INFO - [2024-10-29T14:10:01.969-0300] {dag.py:4180} INFO - Setting next_dagrun for example_sensors to None, run_after=None
[2024-10-29T14:10:02.127-0300] {processor.py:208} INFO - Processing /home/nico/.local/lib/python3.10/site-packages/airflow/example_dags/example_sensors.py took 0.332 seconds
[2024-10-29T14:11:47.033-0300] {processor.py:186} INFO - Started process (PID=72043) to work on /home/nico/.local/lib/python3.10/site-packages/airflow/example_dags/example_sensors.py
[2024-10-29T14:11:47.038-0300] {processor.py:914} INFO - Processing file /home/nico/.local/lib/python3.10/site-packages/airflow/example_dags/example_sensors.py for tasks to queue
[2024-10-29T14:11:47.044-0300] {logging_mixin.py:190} INFO - [2024-10-29T14:11:47.043-0300] {dagbag.py:588} INFO - Filling up the DagBag from /home/nico/.local/lib/python3.10/site-packages/airflow/example_dags/example_sensors.py
[2024-10-29T14:11:47.101-0300] {processor.py:925} INFO - DAG(s) 'example_sensors' retrieved from /home/nico/.local/lib/python3.10/site-packages/airflow/example_dags/example_sensors.py
[2024-10-29T14:11:47.178-0300] {logging_mixin.py:190} INFO - [2024-10-29T14:11:47.177-0300] {dag.py:3239} INFO - Sync 1 DAGs
[2024-10-29T14:11:47.215-0300] {logging_mixin.py:190} INFO - [2024-10-29T14:11:47.214-0300] {dag.py:4180} INFO - Setting next_dagrun for example_sensors to None, run_after=None
[2024-10-29T14:11:47.340-0300] {processor.py:208} INFO - Processing /home/nico/.local/lib/python3.10/site-packages/airflow/example_dags/example_sensors.py took 0.329 seconds
[2024-10-29T14:12:59.811-0300] {processor.py:186} INFO - Started process (PID=72365) to work on /home/nico/.local/lib/python3.10/site-packages/airflow/example_dags/example_sensors.py
[2024-10-29T14:12:59.813-0300] {processor.py:914} INFO - Processing file /home/nico/.local/lib/python3.10/site-packages/airflow/example_dags/example_sensors.py for tasks to queue
[2024-10-29T14:12:59.824-0300] {logging_mixin.py:190} INFO - [2024-10-29T14:12:59.822-0300] {dagbag.py:588} INFO - Filling up the DagBag from /home/nico/.local/lib/python3.10/site-packages/airflow/example_dags/example_sensors.py
[2024-10-29T14:12:59.875-0300] {processor.py:925} INFO - DAG(s) 'example_sensors' retrieved from /home/nico/.local/lib/python3.10/site-packages/airflow/example_dags/example_sensors.py
[2024-10-29T14:12:59.977-0300] {logging_mixin.py:190} INFO - [2024-10-29T14:12:59.976-0300] {dag.py:3239} INFO - Sync 1 DAGs
[2024-10-29T14:13:00.068-0300] {logging_mixin.py:190} INFO - [2024-10-29T14:13:00.065-0300] {dag.py:4180} INFO - Setting next_dagrun for example_sensors to None, run_after=None
[2024-10-29T14:13:00.321-0300] {processor.py:208} INFO - Processing /home/nico/.local/lib/python3.10/site-packages/airflow/example_dags/example_sensors.py took 0.531 seconds
[2024-10-29T14:14:14.938-0300] {processor.py:186} INFO - Started process (PID=72693) to work on /home/nico/.local/lib/python3.10/site-packages/airflow/example_dags/example_sensors.py
[2024-10-29T14:14:14.941-0300] {processor.py:914} INFO - Processing file /home/nico/.local/lib/python3.10/site-packages/airflow/example_dags/example_sensors.py for tasks to queue
[2024-10-29T14:14:14.948-0300] {logging_mixin.py:190} INFO - [2024-10-29T14:14:14.947-0300] {dagbag.py:588} INFO - Filling up the DagBag from /home/nico/.local/lib/python3.10/site-packages/airflow/example_dags/example_sensors.py
[2024-10-29T14:14:14.987-0300] {processor.py:925} INFO - DAG(s) 'example_sensors' retrieved from /home/nico/.local/lib/python3.10/site-packages/airflow/example_dags/example_sensors.py
[2024-10-29T14:14:15.067-0300] {logging_mixin.py:190} INFO - [2024-10-29T14:14:15.066-0300] {dag.py:3239} INFO - Sync 1 DAGs
[2024-10-29T14:14:15.102-0300] {logging_mixin.py:190} INFO - [2024-10-29T14:14:15.102-0300] {dag.py:4180} INFO - Setting next_dagrun for example_sensors to None, run_after=None
[2024-10-29T14:14:15.231-0300] {processor.py:208} INFO - Processing /home/nico/.local/lib/python3.10/site-packages/airflow/example_dags/example_sensors.py took 0.310 seconds
[2024-10-29T14:15:25.414-0300] {processor.py:186} INFO - Started process (PID=73006) to work on /home/nico/.local/lib/python3.10/site-packages/airflow/example_dags/example_sensors.py
[2024-10-29T14:15:25.417-0300] {processor.py:914} INFO - Processing file /home/nico/.local/lib/python3.10/site-packages/airflow/example_dags/example_sensors.py for tasks to queue
[2024-10-29T14:15:25.428-0300] {logging_mixin.py:190} INFO - [2024-10-29T14:15:25.426-0300] {dagbag.py:588} INFO - Filling up the DagBag from /home/nico/.local/lib/python3.10/site-packages/airflow/example_dags/example_sensors.py
[2024-10-29T14:15:25.498-0300] {processor.py:925} INFO - DAG(s) 'example_sensors' retrieved from /home/nico/.local/lib/python3.10/site-packages/airflow/example_dags/example_sensors.py
[2024-10-29T14:15:25.576-0300] {logging_mixin.py:190} INFO - [2024-10-29T14:15:25.576-0300] {dag.py:3239} INFO - Sync 1 DAGs
[2024-10-29T14:15:25.634-0300] {logging_mixin.py:190} INFO - [2024-10-29T14:15:25.633-0300] {dag.py:4180} INFO - Setting next_dagrun for example_sensors to None, run_after=None
[2024-10-29T14:15:25.780-0300] {processor.py:208} INFO - Processing /home/nico/.local/lib/python3.10/site-packages/airflow/example_dags/example_sensors.py took 0.387 seconds
[2024-10-29T14:18:04.268-0300] {processor.py:186} INFO - Started process (PID=73696) to work on /home/nico/.local/lib/python3.10/site-packages/airflow/example_dags/example_sensors.py
[2024-10-29T14:18:04.280-0300] {processor.py:914} INFO - Processing file /home/nico/.local/lib/python3.10/site-packages/airflow/example_dags/example_sensors.py for tasks to queue
[2024-10-29T14:18:04.296-0300] {logging_mixin.py:190} INFO - [2024-10-29T14:18:04.295-0300] {dagbag.py:588} INFO - Filling up the DagBag from /home/nico/.local/lib/python3.10/site-packages/airflow/example_dags/example_sensors.py
[2024-10-29T14:18:04.435-0300] {processor.py:925} INFO - DAG(s) 'example_sensors' retrieved from /home/nico/.local/lib/python3.10/site-packages/airflow/example_dags/example_sensors.py
[2024-10-29T14:18:04.792-0300] {logging_mixin.py:190} INFO - [2024-10-29T14:18:04.791-0300] {dag.py:3239} INFO - Sync 1 DAGs
[2024-10-29T14:18:05.109-0300] {logging_mixin.py:190} INFO - [2024-10-29T14:18:05.108-0300] {dag.py:4180} INFO - Setting next_dagrun for example_sensors to None, run_after=None
[2024-10-29T14:18:05.416-0300] {processor.py:208} INFO - Processing /home/nico/.local/lib/python3.10/site-packages/airflow/example_dags/example_sensors.py took 1.204 seconds
[2024-10-29T14:23:08.396-0300] {processor.py:186} INFO - Started process (PID=75020) to work on /home/nico/.local/lib/python3.10/site-packages/airflow/example_dags/example_sensors.py
[2024-10-29T14:23:08.398-0300] {processor.py:914} INFO - Processing file /home/nico/.local/lib/python3.10/site-packages/airflow/example_dags/example_sensors.py for tasks to queue
[2024-10-29T14:23:08.404-0300] {logging_mixin.py:190} INFO - [2024-10-29T14:23:08.403-0300] {dagbag.py:588} INFO - Filling up the DagBag from /home/nico/.local/lib/python3.10/site-packages/airflow/example_dags/example_sensors.py
[2024-10-29T14:23:08.430-0300] {processor.py:925} INFO - DAG(s) 'example_sensors' retrieved from /home/nico/.local/lib/python3.10/site-packages/airflow/example_dags/example_sensors.py
[2024-10-29T14:23:08.502-0300] {logging_mixin.py:190} INFO - [2024-10-29T14:23:08.501-0300] {dag.py:3239} INFO - Sync 1 DAGs
[2024-10-29T14:23:08.540-0300] {logging_mixin.py:190} INFO - [2024-10-29T14:23:08.540-0300] {dag.py:4180} INFO - Setting next_dagrun for example_sensors to None, run_after=None
[2024-10-29T14:23:08.661-0300] {processor.py:208} INFO - Processing /home/nico/.local/lib/python3.10/site-packages/airflow/example_dags/example_sensors.py took 0.279 seconds
[2024-10-29T14:24:43.551-0300] {processor.py:186} INFO - Started process (PID=75443) to work on /home/nico/.local/lib/python3.10/site-packages/airflow/example_dags/example_sensors.py
[2024-10-29T14:24:43.553-0300] {processor.py:914} INFO - Processing file /home/nico/.local/lib/python3.10/site-packages/airflow/example_dags/example_sensors.py for tasks to queue
[2024-10-29T14:24:43.560-0300] {logging_mixin.py:190} INFO - [2024-10-29T14:24:43.559-0300] {dagbag.py:588} INFO - Filling up the DagBag from /home/nico/.local/lib/python3.10/site-packages/airflow/example_dags/example_sensors.py
[2024-10-29T14:24:43.591-0300] {processor.py:925} INFO - DAG(s) 'example_sensors' retrieved from /home/nico/.local/lib/python3.10/site-packages/airflow/example_dags/example_sensors.py
[2024-10-29T14:24:43.683-0300] {logging_mixin.py:190} INFO - [2024-10-29T14:24:43.683-0300] {dag.py:3239} INFO - Sync 1 DAGs
[2024-10-29T14:24:43.730-0300] {logging_mixin.py:190} INFO - [2024-10-29T14:24:43.730-0300] {dag.py:4180} INFO - Setting next_dagrun for example_sensors to None, run_after=None
[2024-10-29T14:24:43.888-0300] {processor.py:208} INFO - Processing /home/nico/.local/lib/python3.10/site-packages/airflow/example_dags/example_sensors.py took 0.352 seconds
[2024-10-29T14:25:54.375-0300] {processor.py:186} INFO - Started process (PID=75759) to work on /home/nico/.local/lib/python3.10/site-packages/airflow/example_dags/example_sensors.py
[2024-10-29T14:25:54.384-0300] {processor.py:914} INFO - Processing file /home/nico/.local/lib/python3.10/site-packages/airflow/example_dags/example_sensors.py for tasks to queue
[2024-10-29T14:25:54.400-0300] {logging_mixin.py:190} INFO - [2024-10-29T14:25:54.399-0300] {dagbag.py:588} INFO - Filling up the DagBag from /home/nico/.local/lib/python3.10/site-packages/airflow/example_dags/example_sensors.py
[2024-10-29T14:25:54.492-0300] {processor.py:925} INFO - DAG(s) 'example_sensors' retrieved from /home/nico/.local/lib/python3.10/site-packages/airflow/example_dags/example_sensors.py
[2024-10-29T14:25:54.856-0300] {logging_mixin.py:190} INFO - [2024-10-29T14:25:54.855-0300] {dag.py:3239} INFO - Sync 1 DAGs
[2024-10-29T14:25:54.947-0300] {logging_mixin.py:190} INFO - [2024-10-29T14:25:54.946-0300] {dag.py:4180} INFO - Setting next_dagrun for example_sensors to None, run_after=None
[2024-10-29T14:25:55.161-0300] {processor.py:208} INFO - Processing /home/nico/.local/lib/python3.10/site-packages/airflow/example_dags/example_sensors.py took 0.824 seconds
[2024-10-29T14:27:03.673-0300] {processor.py:186} INFO - Started process (PID=76071) to work on /home/nico/.local/lib/python3.10/site-packages/airflow/example_dags/example_sensors.py
[2024-10-29T14:27:03.676-0300] {processor.py:914} INFO - Processing file /home/nico/.local/lib/python3.10/site-packages/airflow/example_dags/example_sensors.py for tasks to queue
[2024-10-29T14:27:03.683-0300] {logging_mixin.py:190} INFO - [2024-10-29T14:27:03.682-0300] {dagbag.py:588} INFO - Filling up the DagBag from /home/nico/.local/lib/python3.10/site-packages/airflow/example_dags/example_sensors.py
[2024-10-29T14:27:03.731-0300] {processor.py:925} INFO - DAG(s) 'example_sensors' retrieved from /home/nico/.local/lib/python3.10/site-packages/airflow/example_dags/example_sensors.py
[2024-10-29T14:27:03.812-0300] {logging_mixin.py:190} INFO - [2024-10-29T14:27:03.811-0300] {dag.py:3239} INFO - Sync 1 DAGs
[2024-10-29T14:27:03.857-0300] {logging_mixin.py:190} INFO - [2024-10-29T14:27:03.856-0300] {dag.py:4180} INFO - Setting next_dagrun for example_sensors to None, run_after=None
[2024-10-29T14:27:03.989-0300] {processor.py:208} INFO - Processing /home/nico/.local/lib/python3.10/site-packages/airflow/example_dags/example_sensors.py took 0.344 seconds
[2024-10-29T14:28:19.586-0300] {processor.py:186} INFO - Started process (PID=76412) to work on /home/nico/.local/lib/python3.10/site-packages/airflow/example_dags/example_sensors.py
[2024-10-29T14:28:19.588-0300] {processor.py:914} INFO - Processing file /home/nico/.local/lib/python3.10/site-packages/airflow/example_dags/example_sensors.py for tasks to queue
[2024-10-29T14:28:19.593-0300] {logging_mixin.py:190} INFO - [2024-10-29T14:28:19.593-0300] {dagbag.py:588} INFO - Filling up the DagBag from /home/nico/.local/lib/python3.10/site-packages/airflow/example_dags/example_sensors.py
[2024-10-29T14:28:19.621-0300] {processor.py:925} INFO - DAG(s) 'example_sensors' retrieved from /home/nico/.local/lib/python3.10/site-packages/airflow/example_dags/example_sensors.py
[2024-10-29T14:28:19.693-0300] {logging_mixin.py:190} INFO - [2024-10-29T14:28:19.692-0300] {dag.py:3239} INFO - Sync 1 DAGs
[2024-10-29T14:28:19.730-0300] {logging_mixin.py:190} INFO - [2024-10-29T14:28:19.729-0300] {dag.py:4180} INFO - Setting next_dagrun for example_sensors to None, run_after=None
[2024-10-29T14:28:19.845-0300] {processor.py:208} INFO - Processing /home/nico/.local/lib/python3.10/site-packages/airflow/example_dags/example_sensors.py took 0.277 seconds
[2024-10-29T14:37:23.237-0300] {processor.py:186} INFO - Started process (PID=78764) to work on /home/nico/.local/lib/python3.10/site-packages/airflow/example_dags/example_sensors.py
[2024-10-29T14:37:23.240-0300] {processor.py:914} INFO - Processing file /home/nico/.local/lib/python3.10/site-packages/airflow/example_dags/example_sensors.py for tasks to queue
[2024-10-29T14:37:23.244-0300] {logging_mixin.py:190} INFO - [2024-10-29T14:37:23.243-0300] {dagbag.py:588} INFO - Filling up the DagBag from /home/nico/.local/lib/python3.10/site-packages/airflow/example_dags/example_sensors.py
[2024-10-29T14:37:23.275-0300] {processor.py:925} INFO - DAG(s) 'example_sensors' retrieved from /home/nico/.local/lib/python3.10/site-packages/airflow/example_dags/example_sensors.py
[2024-10-29T14:37:23.351-0300] {logging_mixin.py:190} INFO - [2024-10-29T14:37:23.351-0300] {dag.py:3239} INFO - Sync 1 DAGs
[2024-10-29T14:37:23.393-0300] {logging_mixin.py:190} INFO - [2024-10-29T14:37:23.393-0300] {dag.py:4180} INFO - Setting next_dagrun for example_sensors to None, run_after=None
[2024-10-29T14:37:23.512-0300] {processor.py:208} INFO - Processing /home/nico/.local/lib/python3.10/site-packages/airflow/example_dags/example_sensors.py took 0.292 seconds
[2024-10-29T14:38:53.497-0300] {processor.py:186} INFO - Started process (PID=79169) to work on /home/nico/.local/lib/python3.10/site-packages/airflow/example_dags/example_sensors.py
[2024-10-29T14:38:53.501-0300] {processor.py:914} INFO - Processing file /home/nico/.local/lib/python3.10/site-packages/airflow/example_dags/example_sensors.py for tasks to queue
[2024-10-29T14:38:53.505-0300] {logging_mixin.py:190} INFO - [2024-10-29T14:38:53.504-0300] {dagbag.py:588} INFO - Filling up the DagBag from /home/nico/.local/lib/python3.10/site-packages/airflow/example_dags/example_sensors.py
[2024-10-29T14:38:53.582-0300] {processor.py:925} INFO - DAG(s) 'example_sensors' retrieved from /home/nico/.local/lib/python3.10/site-packages/airflow/example_dags/example_sensors.py
[2024-10-29T14:38:53.726-0300] {logging_mixin.py:190} INFO - [2024-10-29T14:38:53.719-0300] {dag.py:3239} INFO - Sync 1 DAGs
[2024-10-29T14:38:53.773-0300] {logging_mixin.py:190} INFO - [2024-10-29T14:38:53.773-0300] {dag.py:4180} INFO - Setting next_dagrun for example_sensors to None, run_after=None
[2024-10-29T14:38:53.928-0300] {processor.py:208} INFO - Processing /home/nico/.local/lib/python3.10/site-packages/airflow/example_dags/example_sensors.py took 0.469 seconds
[2024-10-29T14:41:01.263-0300] {processor.py:186} INFO - Started process (PID=79750) to work on /home/nico/.local/lib/python3.10/site-packages/airflow/example_dags/example_sensors.py
[2024-10-29T14:41:01.267-0300] {processor.py:914} INFO - Processing file /home/nico/.local/lib/python3.10/site-packages/airflow/example_dags/example_sensors.py for tasks to queue
[2024-10-29T14:41:01.272-0300] {logging_mixin.py:190} INFO - [2024-10-29T14:41:01.270-0300] {dagbag.py:588} INFO - Filling up the DagBag from /home/nico/.local/lib/python3.10/site-packages/airflow/example_dags/example_sensors.py
[2024-10-29T14:41:01.301-0300] {processor.py:925} INFO - DAG(s) 'example_sensors' retrieved from /home/nico/.local/lib/python3.10/site-packages/airflow/example_dags/example_sensors.py
[2024-10-29T14:41:01.387-0300] {logging_mixin.py:190} INFO - [2024-10-29T14:41:01.387-0300] {dag.py:3239} INFO - Sync 1 DAGs
[2024-10-29T14:41:01.439-0300] {logging_mixin.py:190} INFO - [2024-10-29T14:41:01.439-0300] {dag.py:4180} INFO - Setting next_dagrun for example_sensors to None, run_after=None
[2024-10-29T14:41:01.562-0300] {processor.py:208} INFO - Processing /home/nico/.local/lib/python3.10/site-packages/airflow/example_dags/example_sensors.py took 0.320 seconds
[2024-10-29T14:43:36.770-0300] {processor.py:186} INFO - Started process (PID=80447) to work on /home/nico/.local/lib/python3.10/site-packages/airflow/example_dags/example_sensors.py
[2024-10-29T14:43:36.775-0300] {processor.py:914} INFO - Processing file /home/nico/.local/lib/python3.10/site-packages/airflow/example_dags/example_sensors.py for tasks to queue
[2024-10-29T14:43:36.785-0300] {logging_mixin.py:190} INFO - [2024-10-29T14:43:36.783-0300] {dagbag.py:588} INFO - Filling up the DagBag from /home/nico/.local/lib/python3.10/site-packages/airflow/example_dags/example_sensors.py
[2024-10-29T14:43:36.822-0300] {processor.py:925} INFO - DAG(s) 'example_sensors' retrieved from /home/nico/.local/lib/python3.10/site-packages/airflow/example_dags/example_sensors.py
[2024-10-29T14:43:36.906-0300] {logging_mixin.py:190} INFO - [2024-10-29T14:43:36.905-0300] {dag.py:3239} INFO - Sync 1 DAGs
[2024-10-29T14:43:36.940-0300] {logging_mixin.py:190} INFO - [2024-10-29T14:43:36.940-0300] {dag.py:4180} INFO - Setting next_dagrun for example_sensors to None, run_after=None
[2024-10-29T14:43:37.079-0300] {processor.py:208} INFO - Processing /home/nico/.local/lib/python3.10/site-packages/airflow/example_dags/example_sensors.py took 0.329 seconds
