[2024-10-29T14:10:59.217-0300] {processor.py:186} INFO - Started process (PID=71832) to work on /home/nico/.local/lib/python3.10/site-packages/airflow/example_dags/example_bash_decorator.py
[2024-10-29T14:10:59.221-0300] {processor.py:914} INFO - Processing file /home/nico/.local/lib/python3.10/site-packages/airflow/example_dags/example_bash_decorator.py for tasks to queue
[2024-10-29T14:10:59.231-0300] {logging_mixin.py:190} INFO - [2024-10-29T14:10:59.229-0300] {dagbag.py:588} INFO - Filling up the DagBag from /home/nico/.local/lib/python3.10/site-packages/airflow/example_dags/example_bash_decorator.py
[2024-10-29T14:10:59.273-0300] {processor.py:925} INFO - DAG(s) 'example_bash_decorator' retrieved from /home/nico/.local/lib/python3.10/site-packages/airflow/example_dags/example_bash_decorator.py
[2024-10-29T14:11:00.098-0300] {logging_mixin.py:190} INFO - [2024-10-29T14:11:00.097-0300] {dag.py:3239} INFO - Sync 1 DAGs
[2024-10-29T14:11:00.145-0300] {logging_mixin.py:190} INFO - [2024-10-29T14:11:00.144-0300] {dag.py:4180} INFO - Setting next_dagrun for example_bash_decorator to None, run_after=None
[2024-10-29T14:11:00.310-0300] {processor.py:208} INFO - Processing /home/nico/.local/lib/python3.10/site-packages/airflow/example_dags/example_bash_decorator.py took 1.113 seconds
[2024-10-29T14:13:27.030-0300] {processor.py:186} INFO - Started process (PID=72483) to work on /home/nico/.local/lib/python3.10/site-packages/airflow/example_dags/example_bash_decorator.py
[2024-10-29T14:13:27.033-0300] {processor.py:914} INFO - Processing file /home/nico/.local/lib/python3.10/site-packages/airflow/example_dags/example_bash_decorator.py for tasks to queue
[2024-10-29T14:13:27.038-0300] {logging_mixin.py:190} INFO - [2024-10-29T14:13:27.037-0300] {dagbag.py:588} INFO - Filling up the DagBag from /home/nico/.local/lib/python3.10/site-packages/airflow/example_dags/example_bash_decorator.py
[2024-10-29T14:13:27.078-0300] {processor.py:925} INFO - DAG(s) 'example_bash_decorator' retrieved from /home/nico/.local/lib/python3.10/site-packages/airflow/example_dags/example_bash_decorator.py
[2024-10-29T14:13:27.158-0300] {logging_mixin.py:190} INFO - [2024-10-29T14:13:27.157-0300] {dag.py:3239} INFO - Sync 1 DAGs
[2024-10-29T14:13:27.196-0300] {logging_mixin.py:190} INFO - [2024-10-29T14:13:27.195-0300] {dag.py:4180} INFO - Setting next_dagrun for example_bash_decorator to None, run_after=None
[2024-10-29T14:13:27.332-0300] {processor.py:208} INFO - Processing /home/nico/.local/lib/python3.10/site-packages/airflow/example_dags/example_bash_decorator.py took 0.325 seconds
[2024-10-29T14:15:49.665-0300] {processor.py:186} INFO - Started process (PID=73113) to work on /home/nico/.local/lib/python3.10/site-packages/airflow/example_dags/example_bash_decorator.py
[2024-10-29T14:15:49.668-0300] {processor.py:914} INFO - Processing file /home/nico/.local/lib/python3.10/site-packages/airflow/example_dags/example_bash_decorator.py for tasks to queue
[2024-10-29T14:15:49.675-0300] {logging_mixin.py:190} INFO - [2024-10-29T14:15:49.674-0300] {dagbag.py:588} INFO - Filling up the DagBag from /home/nico/.local/lib/python3.10/site-packages/airflow/example_dags/example_bash_decorator.py
[2024-10-29T14:15:49.712-0300] {processor.py:925} INFO - DAG(s) 'example_bash_decorator' retrieved from /home/nico/.local/lib/python3.10/site-packages/airflow/example_dags/example_bash_decorator.py
[2024-10-29T14:15:49.777-0300] {logging_mixin.py:190} INFO - [2024-10-29T14:15:49.776-0300] {dag.py:3239} INFO - Sync 1 DAGs
[2024-10-29T14:15:49.825-0300] {logging_mixin.py:190} INFO - [2024-10-29T14:15:49.824-0300] {dag.py:4180} INFO - Setting next_dagrun for example_bash_decorator to None, run_after=None
[2024-10-29T14:15:49.949-0300] {processor.py:208} INFO - Processing /home/nico/.local/lib/python3.10/site-packages/airflow/example_dags/example_bash_decorator.py took 0.297 seconds
[2024-10-29T14:19:33.469-0300] {processor.py:186} INFO - Started process (PID=74069) to work on /home/nico/.local/lib/python3.10/site-packages/airflow/example_dags/example_bash_decorator.py
[2024-10-29T14:19:33.472-0300] {processor.py:914} INFO - Processing file /home/nico/.local/lib/python3.10/site-packages/airflow/example_dags/example_bash_decorator.py for tasks to queue
[2024-10-29T14:19:33.484-0300] {logging_mixin.py:190} INFO - [2024-10-29T14:19:33.483-0300] {dagbag.py:588} INFO - Filling up the DagBag from /home/nico/.local/lib/python3.10/site-packages/airflow/example_dags/example_bash_decorator.py
[2024-10-29T14:19:33.533-0300] {processor.py:925} INFO - DAG(s) 'example_bash_decorator' retrieved from /home/nico/.local/lib/python3.10/site-packages/airflow/example_dags/example_bash_decorator.py
[2024-10-29T14:19:33.612-0300] {logging_mixin.py:190} INFO - [2024-10-29T14:19:33.612-0300] {dag.py:3239} INFO - Sync 1 DAGs
[2024-10-29T14:19:33.651-0300] {logging_mixin.py:190} INFO - [2024-10-29T14:19:33.651-0300] {dag.py:4180} INFO - Setting next_dagrun for example_bash_decorator to None, run_after=None
[2024-10-29T14:19:33.922-0300] {processor.py:208} INFO - Processing /home/nico/.local/lib/python3.10/site-packages/airflow/example_dags/example_bash_decorator.py took 0.477 seconds
[2024-10-29T14:24:02.629-0300] {processor.py:186} INFO - Started process (PID=75261) to work on /home/nico/.local/lib/python3.10/site-packages/airflow/example_dags/example_bash_decorator.py
[2024-10-29T14:24:02.632-0300] {processor.py:914} INFO - Processing file /home/nico/.local/lib/python3.10/site-packages/airflow/example_dags/example_bash_decorator.py for tasks to queue
[2024-10-29T14:24:02.640-0300] {logging_mixin.py:190} INFO - [2024-10-29T14:24:02.639-0300] {dagbag.py:588} INFO - Filling up the DagBag from /home/nico/.local/lib/python3.10/site-packages/airflow/example_dags/example_bash_decorator.py
[2024-10-29T14:24:02.681-0300] {processor.py:925} INFO - DAG(s) 'example_bash_decorator' retrieved from /home/nico/.local/lib/python3.10/site-packages/airflow/example_dags/example_bash_decorator.py
[2024-10-29T14:24:02.748-0300] {logging_mixin.py:190} INFO - [2024-10-29T14:24:02.747-0300] {dag.py:3239} INFO - Sync 1 DAGs
[2024-10-29T14:24:02.786-0300] {logging_mixin.py:190} INFO - [2024-10-29T14:24:02.785-0300] {dag.py:4180} INFO - Setting next_dagrun for example_bash_decorator to None, run_after=None
[2024-10-29T14:24:02.907-0300] {processor.py:208} INFO - Processing /home/nico/.local/lib/python3.10/site-packages/airflow/example_dags/example_bash_decorator.py took 0.291 seconds
[2024-10-29T14:26:18.823-0300] {processor.py:186} INFO - Started process (PID=75873) to work on /home/nico/.local/lib/python3.10/site-packages/airflow/example_dags/example_bash_decorator.py
[2024-10-29T14:26:18.826-0300] {processor.py:914} INFO - Processing file /home/nico/.local/lib/python3.10/site-packages/airflow/example_dags/example_bash_decorator.py for tasks to queue
[2024-10-29T14:26:18.831-0300] {logging_mixin.py:190} INFO - [2024-10-29T14:26:18.830-0300] {dagbag.py:588} INFO - Filling up the DagBag from /home/nico/.local/lib/python3.10/site-packages/airflow/example_dags/example_bash_decorator.py
[2024-10-29T14:26:18.873-0300] {processor.py:925} INFO - DAG(s) 'example_bash_decorator' retrieved from /home/nico/.local/lib/python3.10/site-packages/airflow/example_dags/example_bash_decorator.py
[2024-10-29T14:26:18.948-0300] {logging_mixin.py:190} INFO - [2024-10-29T14:26:18.946-0300] {dag.py:3239} INFO - Sync 1 DAGs
[2024-10-29T14:26:19.001-0300] {logging_mixin.py:190} INFO - [2024-10-29T14:26:19.001-0300] {dag.py:4180} INFO - Setting next_dagrun for example_bash_decorator to None, run_after=None
[2024-10-29T14:26:19.144-0300] {processor.py:208} INFO - Processing /home/nico/.local/lib/python3.10/site-packages/airflow/example_dags/example_bash_decorator.py took 0.334 seconds
[2024-10-29T14:28:45.927-0300] {processor.py:186} INFO - Started process (PID=76530) to work on /home/nico/.local/lib/python3.10/site-packages/airflow/example_dags/example_bash_decorator.py
[2024-10-29T14:28:45.931-0300] {processor.py:914} INFO - Processing file /home/nico/.local/lib/python3.10/site-packages/airflow/example_dags/example_bash_decorator.py for tasks to queue
[2024-10-29T14:28:45.937-0300] {logging_mixin.py:190} INFO - [2024-10-29T14:28:45.936-0300] {dagbag.py:588} INFO - Filling up the DagBag from /home/nico/.local/lib/python3.10/site-packages/airflow/example_dags/example_bash_decorator.py
[2024-10-29T14:28:45.979-0300] {processor.py:925} INFO - DAG(s) 'example_bash_decorator' retrieved from /home/nico/.local/lib/python3.10/site-packages/airflow/example_dags/example_bash_decorator.py
[2024-10-29T14:28:46.048-0300] {logging_mixin.py:190} INFO - [2024-10-29T14:28:46.048-0300] {dag.py:3239} INFO - Sync 1 DAGs
[2024-10-29T14:28:46.085-0300] {logging_mixin.py:190} INFO - [2024-10-29T14:28:46.085-0300] {dag.py:4180} INFO - Setting next_dagrun for example_bash_decorator to None, run_after=None
[2024-10-29T14:28:46.209-0300] {processor.py:208} INFO - Processing /home/nico/.local/lib/python3.10/site-packages/airflow/example_dags/example_bash_decorator.py took 0.300 seconds
[2024-10-29T14:38:12.947-0300] {processor.py:186} INFO - Started process (PID=78988) to work on /home/nico/.local/lib/python3.10/site-packages/airflow/example_dags/example_bash_decorator.py
[2024-10-29T14:38:12.950-0300] {processor.py:914} INFO - Processing file /home/nico/.local/lib/python3.10/site-packages/airflow/example_dags/example_bash_decorator.py for tasks to queue
[2024-10-29T14:38:12.953-0300] {logging_mixin.py:190} INFO - [2024-10-29T14:38:12.953-0300] {dagbag.py:588} INFO - Filling up the DagBag from /home/nico/.local/lib/python3.10/site-packages/airflow/example_dags/example_bash_decorator.py
[2024-10-29T14:38:12.989-0300] {processor.py:925} INFO - DAG(s) 'example_bash_decorator' retrieved from /home/nico/.local/lib/python3.10/site-packages/airflow/example_dags/example_bash_decorator.py
[2024-10-29T14:38:13.067-0300] {logging_mixin.py:190} INFO - [2024-10-29T14:38:13.066-0300] {dag.py:3239} INFO - Sync 1 DAGs
[2024-10-29T14:38:13.130-0300] {logging_mixin.py:190} INFO - [2024-10-29T14:38:13.129-0300] {dag.py:4180} INFO - Setting next_dagrun for example_bash_decorator to None, run_after=None
[2024-10-29T14:38:13.292-0300] {processor.py:208} INFO - Processing /home/nico/.local/lib/python3.10/site-packages/airflow/example_dags/example_bash_decorator.py took 0.358 seconds
[2024-10-29T14:40:16.231-0300] {processor.py:186} INFO - Started process (PID=79552) to work on /home/nico/.local/lib/python3.10/site-packages/airflow/example_dags/example_bash_decorator.py
[2024-10-29T14:40:16.237-0300] {processor.py:914} INFO - Processing file /home/nico/.local/lib/python3.10/site-packages/airflow/example_dags/example_bash_decorator.py for tasks to queue
[2024-10-29T14:40:16.242-0300] {logging_mixin.py:190} INFO - [2024-10-29T14:40:16.241-0300] {dagbag.py:588} INFO - Filling up the DagBag from /home/nico/.local/lib/python3.10/site-packages/airflow/example_dags/example_bash_decorator.py
[2024-10-29T14:40:16.279-0300] {processor.py:925} INFO - DAG(s) 'example_bash_decorator' retrieved from /home/nico/.local/lib/python3.10/site-packages/airflow/example_dags/example_bash_decorator.py
[2024-10-29T14:40:16.360-0300] {logging_mixin.py:190} INFO - [2024-10-29T14:40:16.359-0300] {dag.py:3239} INFO - Sync 1 DAGs
[2024-10-29T14:40:16.403-0300] {logging_mixin.py:190} INFO - [2024-10-29T14:40:16.402-0300] {dag.py:4180} INFO - Setting next_dagrun for example_bash_decorator to None, run_after=None
[2024-10-29T14:40:16.559-0300] {processor.py:208} INFO - Processing /home/nico/.local/lib/python3.10/site-packages/airflow/example_dags/example_bash_decorator.py took 0.351 seconds
[2024-10-29T14:42:39.888-0300] {processor.py:186} INFO - Started process (PID=80200) to work on /home/nico/.local/lib/python3.10/site-packages/airflow/example_dags/example_bash_decorator.py
[2024-10-29T14:42:39.890-0300] {processor.py:914} INFO - Processing file /home/nico/.local/lib/python3.10/site-packages/airflow/example_dags/example_bash_decorator.py for tasks to queue
[2024-10-29T14:42:39.893-0300] {logging_mixin.py:190} INFO - [2024-10-29T14:42:39.892-0300] {dagbag.py:588} INFO - Filling up the DagBag from /home/nico/.local/lib/python3.10/site-packages/airflow/example_dags/example_bash_decorator.py
[2024-10-29T14:42:39.925-0300] {processor.py:925} INFO - DAG(s) 'example_bash_decorator' retrieved from /home/nico/.local/lib/python3.10/site-packages/airflow/example_dags/example_bash_decorator.py
[2024-10-29T14:42:39.991-0300] {logging_mixin.py:190} INFO - [2024-10-29T14:42:39.991-0300] {dag.py:3239} INFO - Sync 1 DAGs
[2024-10-29T14:42:40.031-0300] {logging_mixin.py:190} INFO - [2024-10-29T14:42:40.030-0300] {dag.py:4180} INFO - Setting next_dagrun for example_bash_decorator to None, run_after=None
[2024-10-29T14:42:40.180-0300] {processor.py:208} INFO - Processing /home/nico/.local/lib/python3.10/site-packages/airflow/example_dags/example_bash_decorator.py took 0.306 seconds
