[2024-10-29T14:05:09.537-0300] {processor.py:186} INFO - Started process (PID=70333) to work on /home/nico/.local/lib/python3.10/site-packages/airflow/example_dags/tutorial_objectstorage.py
[2024-10-29T14:05:09.541-0300] {processor.py:914} INFO - Processing file /home/nico/.local/lib/python3.10/site-packages/airflow/example_dags/tutorial_objectstorage.py for tasks to queue
[2024-10-29T14:05:09.562-0300] {logging_mixin.py:190} INFO - [2024-10-29T14:05:09.561-0300] {dagbag.py:588} INFO - Filling up the DagBag from /home/nico/.local/lib/python3.10/site-packages/airflow/example_dags/tutorial_objectstorage.py
[2024-10-29T14:05:09.596-0300] {processor.py:925} INFO - DAG(s) 'tutorial_objectstorage' retrieved from /home/nico/.local/lib/python3.10/site-packages/airflow/example_dags/tutorial_objectstorage.py
[2024-10-29T14:05:09.667-0300] {logging_mixin.py:190} INFO - [2024-10-29T14:05:09.666-0300] {dag.py:3239} INFO - Sync 1 DAGs
[2024-10-29T14:05:09.700-0300] {logging_mixin.py:190} INFO - [2024-10-29T14:05:09.700-0300] {dag.py:4180} INFO - Setting next_dagrun for tutorial_objectstorage to None, run_after=None
[2024-10-29T14:05:10.443-0300] {processor.py:208} INFO - Processing /home/nico/.local/lib/python3.10/site-packages/airflow/example_dags/tutorial_objectstorage.py took 0.930 seconds
[2024-10-29T14:09:29.388-0300] {processor.py:186} INFO - Started process (PID=71434) to work on /home/nico/.local/lib/python3.10/site-packages/airflow/example_dags/tutorial_objectstorage.py
[2024-10-29T14:09:29.394-0300] {processor.py:914} INFO - Processing file /home/nico/.local/lib/python3.10/site-packages/airflow/example_dags/tutorial_objectstorage.py for tasks to queue
[2024-10-29T14:09:29.430-0300] {logging_mixin.py:190} INFO - [2024-10-29T14:09:29.429-0300] {dagbag.py:588} INFO - Filling up the DagBag from /home/nico/.local/lib/python3.10/site-packages/airflow/example_dags/tutorial_objectstorage.py
[2024-10-29T14:09:29.475-0300] {processor.py:925} INFO - DAG(s) 'tutorial_objectstorage' retrieved from /home/nico/.local/lib/python3.10/site-packages/airflow/example_dags/tutorial_objectstorage.py
[2024-10-29T14:09:29.612-0300] {logging_mixin.py:190} INFO - [2024-10-29T14:09:29.612-0300] {dag.py:3239} INFO - Sync 1 DAGs
[2024-10-29T14:09:29.702-0300] {logging_mixin.py:190} INFO - [2024-10-29T14:09:29.702-0300] {dag.py:4180} INFO - Setting next_dagrun for tutorial_objectstorage to None, run_after=None
[2024-10-29T14:09:30.177-0300] {processor.py:208} INFO - Processing /home/nico/.local/lib/python3.10/site-packages/airflow/example_dags/tutorial_objectstorage.py took 0.826 seconds
[2024-10-29T14:11:14.804-0300] {processor.py:186} INFO - Started process (PID=71899) to work on /home/nico/.local/lib/python3.10/site-packages/airflow/example_dags/tutorial_objectstorage.py
[2024-10-29T14:11:14.807-0300] {processor.py:914} INFO - Processing file /home/nico/.local/lib/python3.10/site-packages/airflow/example_dags/tutorial_objectstorage.py for tasks to queue
[2024-10-29T14:11:14.813-0300] {logging_mixin.py:190} INFO - [2024-10-29T14:11:14.812-0300] {dagbag.py:588} INFO - Filling up the DagBag from /home/nico/.local/lib/python3.10/site-packages/airflow/example_dags/tutorial_objectstorage.py
[2024-10-29T14:11:14.840-0300] {processor.py:925} INFO - DAG(s) 'tutorial_objectstorage' retrieved from /home/nico/.local/lib/python3.10/site-packages/airflow/example_dags/tutorial_objectstorage.py
[2024-10-29T14:11:14.894-0300] {logging_mixin.py:190} INFO - [2024-10-29T14:11:14.893-0300] {dag.py:3239} INFO - Sync 1 DAGs
[2024-10-29T14:11:14.941-0300] {logging_mixin.py:190} INFO - [2024-10-29T14:11:14.940-0300] {dag.py:4180} INFO - Setting next_dagrun for tutorial_objectstorage to None, run_after=None
[2024-10-29T14:11:15.087-0300] {processor.py:208} INFO - Processing /home/nico/.local/lib/python3.10/site-packages/airflow/example_dags/tutorial_objectstorage.py took 0.298 seconds
[2024-10-29T14:12:28.688-0300] {processor.py:186} INFO - Started process (PID=72226) to work on /home/nico/.local/lib/python3.10/site-packages/airflow/example_dags/tutorial_objectstorage.py
[2024-10-29T14:12:28.691-0300] {processor.py:914} INFO - Processing file /home/nico/.local/lib/python3.10/site-packages/airflow/example_dags/tutorial_objectstorage.py for tasks to queue
[2024-10-29T14:12:28.701-0300] {logging_mixin.py:190} INFO - [2024-10-29T14:12:28.700-0300] {dagbag.py:588} INFO - Filling up the DagBag from /home/nico/.local/lib/python3.10/site-packages/airflow/example_dags/tutorial_objectstorage.py
[2024-10-29T14:12:28.747-0300] {processor.py:925} INFO - DAG(s) 'tutorial_objectstorage' retrieved from /home/nico/.local/lib/python3.10/site-packages/airflow/example_dags/tutorial_objectstorage.py
[2024-10-29T14:12:28.830-0300] {logging_mixin.py:190} INFO - [2024-10-29T14:12:28.830-0300] {dag.py:3239} INFO - Sync 1 DAGs
[2024-10-29T14:12:28.905-0300] {logging_mixin.py:190} INFO - [2024-10-29T14:12:28.904-0300] {dag.py:4180} INFO - Setting next_dagrun for tutorial_objectstorage to None, run_after=None
[2024-10-29T14:12:29.064-0300] {processor.py:208} INFO - Processing /home/nico/.local/lib/python3.10/site-packages/airflow/example_dags/tutorial_objectstorage.py took 0.390 seconds
[2024-10-29T14:13:42.150-0300] {processor.py:186} INFO - Started process (PID=72547) to work on /home/nico/.local/lib/python3.10/site-packages/airflow/example_dags/tutorial_objectstorage.py
[2024-10-29T14:13:42.153-0300] {processor.py:914} INFO - Processing file /home/nico/.local/lib/python3.10/site-packages/airflow/example_dags/tutorial_objectstorage.py for tasks to queue
[2024-10-29T14:13:42.159-0300] {logging_mixin.py:190} INFO - [2024-10-29T14:13:42.158-0300] {dagbag.py:588} INFO - Filling up the DagBag from /home/nico/.local/lib/python3.10/site-packages/airflow/example_dags/tutorial_objectstorage.py
[2024-10-29T14:13:42.184-0300] {processor.py:925} INFO - DAG(s) 'tutorial_objectstorage' retrieved from /home/nico/.local/lib/python3.10/site-packages/airflow/example_dags/tutorial_objectstorage.py
[2024-10-29T14:13:42.239-0300] {logging_mixin.py:190} INFO - [2024-10-29T14:13:42.238-0300] {dag.py:3239} INFO - Sync 1 DAGs
[2024-10-29T14:13:42.280-0300] {logging_mixin.py:190} INFO - [2024-10-29T14:13:42.279-0300] {dag.py:4180} INFO - Setting next_dagrun for tutorial_objectstorage to None, run_after=None
[2024-10-29T14:13:42.414-0300] {processor.py:208} INFO - Processing /home/nico/.local/lib/python3.10/site-packages/airflow/example_dags/tutorial_objectstorage.py took 0.282 seconds
[2024-10-29T14:14:57.084-0300] {processor.py:186} INFO - Started process (PID=72878) to work on /home/nico/.local/lib/python3.10/site-packages/airflow/example_dags/tutorial_objectstorage.py
[2024-10-29T14:14:57.088-0300] {processor.py:914} INFO - Processing file /home/nico/.local/lib/python3.10/site-packages/airflow/example_dags/tutorial_objectstorage.py for tasks to queue
[2024-10-29T14:14:57.098-0300] {logging_mixin.py:190} INFO - [2024-10-29T14:14:57.097-0300] {dagbag.py:588} INFO - Filling up the DagBag from /home/nico/.local/lib/python3.10/site-packages/airflow/example_dags/tutorial_objectstorage.py
[2024-10-29T14:14:57.126-0300] {processor.py:925} INFO - DAG(s) 'tutorial_objectstorage' retrieved from /home/nico/.local/lib/python3.10/site-packages/airflow/example_dags/tutorial_objectstorage.py
[2024-10-29T14:14:57.182-0300] {logging_mixin.py:190} INFO - [2024-10-29T14:14:57.182-0300] {dag.py:3239} INFO - Sync 1 DAGs
[2024-10-29T14:14:57.221-0300] {logging_mixin.py:190} INFO - [2024-10-29T14:14:57.220-0300] {dag.py:4180} INFO - Setting next_dagrun for tutorial_objectstorage to None, run_after=None
[2024-10-29T14:14:57.353-0300] {processor.py:208} INFO - Processing /home/nico/.local/lib/python3.10/site-packages/airflow/example_dags/tutorial_objectstorage.py took 0.289 seconds
[2024-10-29T14:16:03.265-0300] {processor.py:186} INFO - Started process (PID=73171) to work on /home/nico/.local/lib/python3.10/site-packages/airflow/example_dags/tutorial_objectstorage.py
[2024-10-29T14:16:03.268-0300] {processor.py:914} INFO - Processing file /home/nico/.local/lib/python3.10/site-packages/airflow/example_dags/tutorial_objectstorage.py for tasks to queue
[2024-10-29T14:16:03.273-0300] {logging_mixin.py:190} INFO - [2024-10-29T14:16:03.273-0300] {dagbag.py:588} INFO - Filling up the DagBag from /home/nico/.local/lib/python3.10/site-packages/airflow/example_dags/tutorial_objectstorage.py
[2024-10-29T14:16:03.294-0300] {processor.py:925} INFO - DAG(s) 'tutorial_objectstorage' retrieved from /home/nico/.local/lib/python3.10/site-packages/airflow/example_dags/tutorial_objectstorage.py
[2024-10-29T14:16:03.345-0300] {logging_mixin.py:190} INFO - [2024-10-29T14:16:03.344-0300] {dag.py:3239} INFO - Sync 1 DAGs
[2024-10-29T14:16:03.394-0300] {logging_mixin.py:190} INFO - [2024-10-29T14:16:03.394-0300] {dag.py:4180} INFO - Setting next_dagrun for tutorial_objectstorage to None, run_after=None
[2024-10-29T14:16:03.530-0300] {processor.py:208} INFO - Processing /home/nico/.local/lib/python3.10/site-packages/airflow/example_dags/tutorial_objectstorage.py took 0.280 seconds
[2024-10-29T14:17:31.852-0300] {processor.py:186} INFO - Started process (PID=73552) to work on /home/nico/.local/lib/python3.10/site-packages/airflow/example_dags/tutorial_objectstorage.py
[2024-10-29T14:17:31.855-0300] {processor.py:914} INFO - Processing file /home/nico/.local/lib/python3.10/site-packages/airflow/example_dags/tutorial_objectstorage.py for tasks to queue
[2024-10-29T14:17:31.862-0300] {logging_mixin.py:190} INFO - [2024-10-29T14:17:31.861-0300] {dagbag.py:588} INFO - Filling up the DagBag from /home/nico/.local/lib/python3.10/site-packages/airflow/example_dags/tutorial_objectstorage.py
[2024-10-29T14:17:31.891-0300] {processor.py:925} INFO - DAG(s) 'tutorial_objectstorage' retrieved from /home/nico/.local/lib/python3.10/site-packages/airflow/example_dags/tutorial_objectstorage.py
[2024-10-29T14:17:31.954-0300] {logging_mixin.py:190} INFO - [2024-10-29T14:17:31.953-0300] {dag.py:3239} INFO - Sync 1 DAGs
[2024-10-29T14:17:31.998-0300] {logging_mixin.py:190} INFO - [2024-10-29T14:17:31.997-0300] {dag.py:4180} INFO - Setting next_dagrun for tutorial_objectstorage to None, run_after=None
[2024-10-29T14:17:32.591-0300] {processor.py:208} INFO - Processing /home/nico/.local/lib/python3.10/site-packages/airflow/example_dags/tutorial_objectstorage.py took 0.757 seconds
[2024-10-29T14:22:37.825-0300] {processor.py:186} INFO - Started process (PID=74884) to work on /home/nico/.local/lib/python3.10/site-packages/airflow/example_dags/tutorial_objectstorage.py
[2024-10-29T14:22:37.833-0300] {processor.py:914} INFO - Processing file /home/nico/.local/lib/python3.10/site-packages/airflow/example_dags/tutorial_objectstorage.py for tasks to queue
[2024-10-29T14:22:37.846-0300] {logging_mixin.py:190} INFO - [2024-10-29T14:22:37.845-0300] {dagbag.py:588} INFO - Filling up the DagBag from /home/nico/.local/lib/python3.10/site-packages/airflow/example_dags/tutorial_objectstorage.py
[2024-10-29T14:22:37.878-0300] {processor.py:925} INFO - DAG(s) 'tutorial_objectstorage' retrieved from /home/nico/.local/lib/python3.10/site-packages/airflow/example_dags/tutorial_objectstorage.py
[2024-10-29T14:22:37.967-0300] {logging_mixin.py:190} INFO - [2024-10-29T14:22:37.967-0300] {dag.py:3239} INFO - Sync 1 DAGs
[2024-10-29T14:22:38.018-0300] {logging_mixin.py:190} INFO - [2024-10-29T14:22:38.017-0300] {dag.py:4180} INFO - Setting next_dagrun for tutorial_objectstorage to None, run_after=None
[2024-10-29T14:22:38.184-0300] {processor.py:208} INFO - Processing /home/nico/.local/lib/python3.10/site-packages/airflow/example_dags/tutorial_objectstorage.py took 0.381 seconds
[2024-10-29T14:24:15.203-0300] {processor.py:186} INFO - Started process (PID=75315) to work on /home/nico/.local/lib/python3.10/site-packages/airflow/example_dags/tutorial_objectstorage.py
[2024-10-29T14:24:15.206-0300] {processor.py:914} INFO - Processing file /home/nico/.local/lib/python3.10/site-packages/airflow/example_dags/tutorial_objectstorage.py for tasks to queue
[2024-10-29T14:24:15.219-0300] {logging_mixin.py:190} INFO - [2024-10-29T14:24:15.214-0300] {dagbag.py:588} INFO - Filling up the DagBag from /home/nico/.local/lib/python3.10/site-packages/airflow/example_dags/tutorial_objectstorage.py
[2024-10-29T14:24:15.254-0300] {processor.py:925} INFO - DAG(s) 'tutorial_objectstorage' retrieved from /home/nico/.local/lib/python3.10/site-packages/airflow/example_dags/tutorial_objectstorage.py
[2024-10-29T14:24:15.303-0300] {logging_mixin.py:190} INFO - [2024-10-29T14:24:15.303-0300] {dag.py:3239} INFO - Sync 1 DAGs
[2024-10-29T14:24:15.342-0300] {logging_mixin.py:190} INFO - [2024-10-29T14:24:15.341-0300] {dag.py:4180} INFO - Setting next_dagrun for tutorial_objectstorage to None, run_after=None
[2024-10-29T14:24:15.473-0300] {processor.py:208} INFO - Processing /home/nico/.local/lib/python3.10/site-packages/airflow/example_dags/tutorial_objectstorage.py took 0.292 seconds
[2024-10-29T14:25:23.857-0300] {processor.py:186} INFO - Started process (PID=75622) to work on /home/nico/.local/lib/python3.10/site-packages/airflow/example_dags/tutorial_objectstorage.py
[2024-10-29T14:25:23.861-0300] {processor.py:914} INFO - Processing file /home/nico/.local/lib/python3.10/site-packages/airflow/example_dags/tutorial_objectstorage.py for tasks to queue
[2024-10-29T14:25:23.868-0300] {logging_mixin.py:190} INFO - [2024-10-29T14:25:23.867-0300] {dagbag.py:588} INFO - Filling up the DagBag from /home/nico/.local/lib/python3.10/site-packages/airflow/example_dags/tutorial_objectstorage.py
[2024-10-29T14:25:23.892-0300] {processor.py:925} INFO - DAG(s) 'tutorial_objectstorage' retrieved from /home/nico/.local/lib/python3.10/site-packages/airflow/example_dags/tutorial_objectstorage.py
[2024-10-29T14:25:23.947-0300] {logging_mixin.py:190} INFO - [2024-10-29T14:25:23.946-0300] {dag.py:3239} INFO - Sync 1 DAGs
[2024-10-29T14:25:23.993-0300] {logging_mixin.py:190} INFO - [2024-10-29T14:25:23.992-0300] {dag.py:4180} INFO - Setting next_dagrun for tutorial_objectstorage to None, run_after=None
[2024-10-29T14:25:24.148-0300] {processor.py:208} INFO - Processing /home/nico/.local/lib/python3.10/site-packages/airflow/example_dags/tutorial_objectstorage.py took 0.312 seconds
[2024-10-29T14:26:32.820-0300] {processor.py:186} INFO - Started process (PID=75933) to work on /home/nico/.local/lib/python3.10/site-packages/airflow/example_dags/tutorial_objectstorage.py
[2024-10-29T14:26:32.822-0300] {processor.py:914} INFO - Processing file /home/nico/.local/lib/python3.10/site-packages/airflow/example_dags/tutorial_objectstorage.py for tasks to queue
[2024-10-29T14:26:32.828-0300] {logging_mixin.py:190} INFO - [2024-10-29T14:26:32.827-0300] {dagbag.py:588} INFO - Filling up the DagBag from /home/nico/.local/lib/python3.10/site-packages/airflow/example_dags/tutorial_objectstorage.py
[2024-10-29T14:26:32.851-0300] {processor.py:925} INFO - DAG(s) 'tutorial_objectstorage' retrieved from /home/nico/.local/lib/python3.10/site-packages/airflow/example_dags/tutorial_objectstorage.py
[2024-10-29T14:26:32.903-0300] {logging_mixin.py:190} INFO - [2024-10-29T14:26:32.902-0300] {dag.py:3239} INFO - Sync 1 DAGs
[2024-10-29T14:26:32.947-0300] {logging_mixin.py:190} INFO - [2024-10-29T14:26:32.946-0300] {dag.py:4180} INFO - Setting next_dagrun for tutorial_objectstorage to None, run_after=None
[2024-10-29T14:26:33.078-0300] {processor.py:208} INFO - Processing /home/nico/.local/lib/python3.10/site-packages/airflow/example_dags/tutorial_objectstorage.py took 0.272 seconds
[2024-10-29T14:27:42.693-0300] {processor.py:186} INFO - Started process (PID=76246) to work on /home/nico/.local/lib/python3.10/site-packages/airflow/example_dags/tutorial_objectstorage.py
[2024-10-29T14:27:42.706-0300] {processor.py:914} INFO - Processing file /home/nico/.local/lib/python3.10/site-packages/airflow/example_dags/tutorial_objectstorage.py for tasks to queue
[2024-10-29T14:27:42.723-0300] {logging_mixin.py:190} INFO - [2024-10-29T14:27:42.713-0300] {dagbag.py:588} INFO - Filling up the DagBag from /home/nico/.local/lib/python3.10/site-packages/airflow/example_dags/tutorial_objectstorage.py
[2024-10-29T14:27:42.746-0300] {processor.py:925} INFO - DAG(s) 'tutorial_objectstorage' retrieved from /home/nico/.local/lib/python3.10/site-packages/airflow/example_dags/tutorial_objectstorage.py
[2024-10-29T14:27:42.793-0300] {logging_mixin.py:190} INFO - [2024-10-29T14:27:42.793-0300] {dag.py:3239} INFO - Sync 1 DAGs
[2024-10-29T14:27:42.824-0300] {logging_mixin.py:190} INFO - [2024-10-29T14:27:42.824-0300] {dag.py:4180} INFO - Setting next_dagrun for tutorial_objectstorage to None, run_after=None
[2024-10-29T14:27:42.940-0300] {processor.py:208} INFO - Processing /home/nico/.local/lib/python3.10/site-packages/airflow/example_dags/tutorial_objectstorage.py took 0.275 seconds
[2024-10-29T14:29:03.786-0300] {processor.py:186} INFO - Started process (PID=76606) to work on /home/nico/.local/lib/python3.10/site-packages/airflow/example_dags/tutorial_objectstorage.py
[2024-10-29T14:29:03.818-0300] {processor.py:914} INFO - Processing file /home/nico/.local/lib/python3.10/site-packages/airflow/example_dags/tutorial_objectstorage.py for tasks to queue
[2024-10-29T14:29:03.872-0300] {logging_mixin.py:190} INFO - [2024-10-29T14:29:03.871-0300] {dagbag.py:588} INFO - Filling up the DagBag from /home/nico/.local/lib/python3.10/site-packages/airflow/example_dags/tutorial_objectstorage.py
[2024-10-29T14:29:03.951-0300] {processor.py:925} INFO - DAG(s) 'tutorial_objectstorage' retrieved from /home/nico/.local/lib/python3.10/site-packages/airflow/example_dags/tutorial_objectstorage.py
[2024-10-29T14:29:04.048-0300] {logging_mixin.py:190} INFO - [2024-10-29T14:29:04.047-0300] {dag.py:3239} INFO - Sync 1 DAGs
[2024-10-29T14:29:04.102-0300] {logging_mixin.py:190} INFO - [2024-10-29T14:29:04.102-0300] {dag.py:4180} INFO - Setting next_dagrun for tutorial_objectstorage to None, run_after=None
[2024-10-29T14:29:04.419-0300] {processor.py:208} INFO - Processing /home/nico/.local/lib/python3.10/site-packages/airflow/example_dags/tutorial_objectstorage.py took 0.673 seconds
[2024-10-29T14:36:52.641-0300] {processor.py:186} INFO - Started process (PID=78629) to work on /home/nico/.local/lib/python3.10/site-packages/airflow/example_dags/tutorial_objectstorage.py
[2024-10-29T14:36:52.645-0300] {processor.py:914} INFO - Processing file /home/nico/.local/lib/python3.10/site-packages/airflow/example_dags/tutorial_objectstorage.py for tasks to queue
[2024-10-29T14:36:52.648-0300] {logging_mixin.py:190} INFO - [2024-10-29T14:36:52.647-0300] {dagbag.py:588} INFO - Filling up the DagBag from /home/nico/.local/lib/python3.10/site-packages/airflow/example_dags/tutorial_objectstorage.py
[2024-10-29T14:36:52.675-0300] {processor.py:925} INFO - DAG(s) 'tutorial_objectstorage' retrieved from /home/nico/.local/lib/python3.10/site-packages/airflow/example_dags/tutorial_objectstorage.py
[2024-10-29T14:36:52.773-0300] {logging_mixin.py:190} INFO - [2024-10-29T14:36:52.772-0300] {dag.py:3239} INFO - Sync 1 DAGs
[2024-10-29T14:36:52.815-0300] {logging_mixin.py:190} INFO - [2024-10-29T14:36:52.814-0300] {dag.py:4180} INFO - Setting next_dagrun for tutorial_objectstorage to None, run_after=None
[2024-10-29T14:36:52.942-0300] {processor.py:208} INFO - Processing /home/nico/.local/lib/python3.10/site-packages/airflow/example_dags/tutorial_objectstorage.py took 0.321 seconds
[2024-10-29T14:38:26.748-0300] {processor.py:186} INFO - Started process (PID=79048) to work on /home/nico/.local/lib/python3.10/site-packages/airflow/example_dags/tutorial_objectstorage.py
[2024-10-29T14:38:26.753-0300] {processor.py:914} INFO - Processing file /home/nico/.local/lib/python3.10/site-packages/airflow/example_dags/tutorial_objectstorage.py for tasks to queue
[2024-10-29T14:38:26.762-0300] {logging_mixin.py:190} INFO - [2024-10-29T14:38:26.760-0300] {dagbag.py:588} INFO - Filling up the DagBag from /home/nico/.local/lib/python3.10/site-packages/airflow/example_dags/tutorial_objectstorage.py
[2024-10-29T14:38:26.802-0300] {processor.py:925} INFO - DAG(s) 'tutorial_objectstorage' retrieved from /home/nico/.local/lib/python3.10/site-packages/airflow/example_dags/tutorial_objectstorage.py
[2024-10-29T14:38:26.917-0300] {logging_mixin.py:190} INFO - [2024-10-29T14:38:26.917-0300] {dag.py:3239} INFO - Sync 1 DAGs
[2024-10-29T14:38:26.950-0300] {logging_mixin.py:190} INFO - [2024-10-29T14:38:26.950-0300] {dag.py:4180} INFO - Setting next_dagrun for tutorial_objectstorage to None, run_after=None
[2024-10-29T14:38:27.067-0300] {processor.py:208} INFO - Processing /home/nico/.local/lib/python3.10/site-packages/airflow/example_dags/tutorial_objectstorage.py took 0.350 seconds
[2024-10-29T14:39:26.992-0300] {processor.py:186} INFO - Started process (PID=79324) to work on /home/nico/.local/lib/python3.10/site-packages/airflow/example_dags/tutorial_objectstorage.py
[2024-10-29T14:39:26.995-0300] {processor.py:914} INFO - Processing file /home/nico/.local/lib/python3.10/site-packages/airflow/example_dags/tutorial_objectstorage.py for tasks to queue
[2024-10-29T14:39:26.998-0300] {logging_mixin.py:190} INFO - [2024-10-29T14:39:26.997-0300] {dagbag.py:588} INFO - Filling up the DagBag from /home/nico/.local/lib/python3.10/site-packages/airflow/example_dags/tutorial_objectstorage.py
[2024-10-29T14:39:27.025-0300] {processor.py:925} INFO - DAG(s) 'tutorial_objectstorage' retrieved from /home/nico/.local/lib/python3.10/site-packages/airflow/example_dags/tutorial_objectstorage.py
[2024-10-29T14:39:27.089-0300] {logging_mixin.py:190} INFO - [2024-10-29T14:39:27.089-0300] {dag.py:3239} INFO - Sync 1 DAGs
[2024-10-29T14:39:27.126-0300] {logging_mixin.py:190} INFO - [2024-10-29T14:39:27.126-0300] {dag.py:4180} INFO - Setting next_dagrun for tutorial_objectstorage to None, run_after=None
[2024-10-29T14:39:27.279-0300] {processor.py:208} INFO - Processing /home/nico/.local/lib/python3.10/site-packages/airflow/example_dags/tutorial_objectstorage.py took 0.302 seconds
[2024-10-29T14:40:29.888-0300] {processor.py:186} INFO - Started process (PID=79612) to work on /home/nico/.local/lib/python3.10/site-packages/airflow/example_dags/tutorial_objectstorage.py
[2024-10-29T14:40:29.891-0300] {processor.py:914} INFO - Processing file /home/nico/.local/lib/python3.10/site-packages/airflow/example_dags/tutorial_objectstorage.py for tasks to queue
[2024-10-29T14:40:29.895-0300] {logging_mixin.py:190} INFO - [2024-10-29T14:40:29.894-0300] {dagbag.py:588} INFO - Filling up the DagBag from /home/nico/.local/lib/python3.10/site-packages/airflow/example_dags/tutorial_objectstorage.py
[2024-10-29T14:40:29.918-0300] {processor.py:925} INFO - DAG(s) 'tutorial_objectstorage' retrieved from /home/nico/.local/lib/python3.10/site-packages/airflow/example_dags/tutorial_objectstorage.py
[2024-10-29T14:40:29.985-0300] {logging_mixin.py:190} INFO - [2024-10-29T14:40:29.985-0300] {dag.py:3239} INFO - Sync 1 DAGs
[2024-10-29T14:40:30.030-0300] {logging_mixin.py:190} INFO - [2024-10-29T14:40:30.029-0300] {dag.py:4180} INFO - Setting next_dagrun for tutorial_objectstorage to None, run_after=None
[2024-10-29T14:40:30.159-0300] {processor.py:208} INFO - Processing /home/nico/.local/lib/python3.10/site-packages/airflow/example_dags/tutorial_objectstorage.py took 0.289 seconds
[2024-10-29T14:41:37.086-0300] {processor.py:186} INFO - Started process (PID=79912) to work on /home/nico/.local/lib/python3.10/site-packages/airflow/example_dags/tutorial_objectstorage.py
[2024-10-29T14:41:37.088-0300] {processor.py:914} INFO - Processing file /home/nico/.local/lib/python3.10/site-packages/airflow/example_dags/tutorial_objectstorage.py for tasks to queue
[2024-10-29T14:41:37.091-0300] {logging_mixin.py:190} INFO - [2024-10-29T14:41:37.091-0300] {dagbag.py:588} INFO - Filling up the DagBag from /home/nico/.local/lib/python3.10/site-packages/airflow/example_dags/tutorial_objectstorage.py
[2024-10-29T14:41:37.112-0300] {processor.py:925} INFO - DAG(s) 'tutorial_objectstorage' retrieved from /home/nico/.local/lib/python3.10/site-packages/airflow/example_dags/tutorial_objectstorage.py
[2024-10-29T14:41:37.168-0300] {logging_mixin.py:190} INFO - [2024-10-29T14:41:37.168-0300] {dag.py:3239} INFO - Sync 1 DAGs
[2024-10-29T14:41:37.206-0300] {logging_mixin.py:190} INFO - [2024-10-29T14:41:37.205-0300] {dag.py:4180} INFO - Setting next_dagrun for tutorial_objectstorage to None, run_after=None
[2024-10-29T14:41:37.353-0300] {processor.py:208} INFO - Processing /home/nico/.local/lib/python3.10/site-packages/airflow/example_dags/tutorial_objectstorage.py took 0.289 seconds
[2024-10-29T14:43:05.349-0300] {processor.py:186} INFO - Started process (PID=80309) to work on /home/nico/.local/lib/python3.10/site-packages/airflow/example_dags/tutorial_objectstorage.py
[2024-10-29T14:43:05.352-0300] {processor.py:914} INFO - Processing file /home/nico/.local/lib/python3.10/site-packages/airflow/example_dags/tutorial_objectstorage.py for tasks to queue
[2024-10-29T14:43:05.357-0300] {logging_mixin.py:190} INFO - [2024-10-29T14:43:05.356-0300] {dagbag.py:588} INFO - Filling up the DagBag from /home/nico/.local/lib/python3.10/site-packages/airflow/example_dags/tutorial_objectstorage.py
[2024-10-29T14:43:05.386-0300] {processor.py:925} INFO - DAG(s) 'tutorial_objectstorage' retrieved from /home/nico/.local/lib/python3.10/site-packages/airflow/example_dags/tutorial_objectstorage.py
[2024-10-29T14:43:05.448-0300] {logging_mixin.py:190} INFO - [2024-10-29T14:43:05.448-0300] {dag.py:3239} INFO - Sync 1 DAGs
[2024-10-29T14:43:05.512-0300] {logging_mixin.py:190} INFO - [2024-10-29T14:43:05.512-0300] {dag.py:4180} INFO - Setting next_dagrun for tutorial_objectstorage to None, run_after=None
[2024-10-29T14:43:05.657-0300] {processor.py:208} INFO - Processing /home/nico/.local/lib/python3.10/site-packages/airflow/example_dags/tutorial_objectstorage.py took 0.332 seconds
