[2024-10-30T20:09:43.385-0300] {processor.py:186} INFO - Started process (PID=85711) to work on /home/nico/.local/lib/python3.10/site-packages/airflow/example_dags/example_branch_day_of_week_operator.py
[2024-10-30T20:09:43.388-0300] {processor.py:914} INFO - Processing file /home/nico/.local/lib/python3.10/site-packages/airflow/example_dags/example_branch_day_of_week_operator.py for tasks to queue
[2024-10-30T20:09:43.398-0300] {logging_mixin.py:190} INFO - [2024-10-30T20:09:43.397-0300] {dagbag.py:588} INFO - Filling up the DagBag from /home/nico/.local/lib/python3.10/site-packages/airflow/example_dags/example_branch_day_of_week_operator.py
[2024-10-30T20:09:43.442-0300] {processor.py:925} INFO - DAG(s) 'example_weekday_branch_operator' retrieved from /home/nico/.local/lib/python3.10/site-packages/airflow/example_dags/example_branch_day_of_week_operator.py
[2024-10-30T20:09:43.552-0300] {logging_mixin.py:190} INFO - [2024-10-30T20:09:43.551-0300] {dag.py:3239} INFO - Sync 1 DAGs
[2024-10-30T20:09:43.713-0300] {logging_mixin.py:190} INFO - [2024-10-30T20:09:43.712-0300] {dag.py:4180} INFO - Setting next_dagrun for example_weekday_branch_operator to 2024-10-29 00:00:00+00:00, run_after=2024-10-30 00:00:00+00:00
[2024-10-30T20:09:43.929-0300] {processor.py:208} INFO - Processing /home/nico/.local/lib/python3.10/site-packages/airflow/example_dags/example_branch_day_of_week_operator.py took 0.581 seconds
[2024-10-30T20:54:15.602-0300] {processor.py:186} INFO - Started process (PID=97962) to work on /home/nico/.local/lib/python3.10/site-packages/airflow/example_dags/example_branch_day_of_week_operator.py
[2024-10-30T20:54:15.605-0300] {processor.py:914} INFO - Processing file /home/nico/.local/lib/python3.10/site-packages/airflow/example_dags/example_branch_day_of_week_operator.py for tasks to queue
[2024-10-30T20:54:15.608-0300] {logging_mixin.py:190} INFO - [2024-10-30T20:54:15.607-0300] {dagbag.py:588} INFO - Filling up the DagBag from /home/nico/.local/lib/python3.10/site-packages/airflow/example_dags/example_branch_day_of_week_operator.py
[2024-10-30T20:54:15.624-0300] {processor.py:925} INFO - DAG(s) 'example_weekday_branch_operator' retrieved from /home/nico/.local/lib/python3.10/site-packages/airflow/example_dags/example_branch_day_of_week_operator.py
[2024-10-30T20:54:15.713-0300] {logging_mixin.py:190} INFO - [2024-10-30T20:54:15.712-0300] {dag.py:3239} INFO - Sync 1 DAGs
[2024-10-30T20:54:15.842-0300] {logging_mixin.py:190} INFO - [2024-10-30T20:54:15.842-0300] {dag.py:4180} INFO - Setting next_dagrun for example_weekday_branch_operator to 2024-10-29 00:00:00+00:00, run_after=2024-10-30 00:00:00+00:00
[2024-10-30T20:54:16.030-0300] {processor.py:208} INFO - Processing /home/nico/.local/lib/python3.10/site-packages/airflow/example_dags/example_branch_day_of_week_operator.py took 0.443 seconds
[2024-10-30T20:56:40.127-0300] {processor.py:186} INFO - Started process (PID=98602) to work on /home/nico/.local/lib/python3.10/site-packages/airflow/example_dags/example_branch_day_of_week_operator.py
[2024-10-30T20:56:40.130-0300] {processor.py:914} INFO - Processing file /home/nico/.local/lib/python3.10/site-packages/airflow/example_dags/example_branch_day_of_week_operator.py for tasks to queue
[2024-10-30T20:56:40.133-0300] {logging_mixin.py:190} INFO - [2024-10-30T20:56:40.132-0300] {dagbag.py:588} INFO - Filling up the DagBag from /home/nico/.local/lib/python3.10/site-packages/airflow/example_dags/example_branch_day_of_week_operator.py
[2024-10-30T20:56:40.156-0300] {processor.py:925} INFO - DAG(s) 'example_weekday_branch_operator' retrieved from /home/nico/.local/lib/python3.10/site-packages/airflow/example_dags/example_branch_day_of_week_operator.py
[2024-10-30T20:56:40.224-0300] {logging_mixin.py:190} INFO - [2024-10-30T20:56:40.222-0300] {dag.py:3239} INFO - Sync 1 DAGs
[2024-10-30T20:56:40.312-0300] {logging_mixin.py:190} INFO - [2024-10-30T20:56:40.311-0300] {dag.py:4180} INFO - Setting next_dagrun for example_weekday_branch_operator to 2024-10-29 00:00:00+00:00, run_after=2024-10-30 00:00:00+00:00
[2024-10-30T20:56:40.467-0300] {processor.py:208} INFO - Processing /home/nico/.local/lib/python3.10/site-packages/airflow/example_dags/example_branch_day_of_week_operator.py took 0.362 seconds
[2024-10-30T20:58:56.159-0300] {processor.py:186} INFO - Started process (PID=99205) to work on /home/nico/.local/lib/python3.10/site-packages/airflow/example_dags/example_branch_day_of_week_operator.py
[2024-10-30T20:58:56.162-0300] {processor.py:914} INFO - Processing file /home/nico/.local/lib/python3.10/site-packages/airflow/example_dags/example_branch_day_of_week_operator.py for tasks to queue
[2024-10-30T20:58:56.165-0300] {logging_mixin.py:190} INFO - [2024-10-30T20:58:56.164-0300] {dagbag.py:588} INFO - Filling up the DagBag from /home/nico/.local/lib/python3.10/site-packages/airflow/example_dags/example_branch_day_of_week_operator.py
[2024-10-30T20:58:56.181-0300] {processor.py:925} INFO - DAG(s) 'example_weekday_branch_operator' retrieved from /home/nico/.local/lib/python3.10/site-packages/airflow/example_dags/example_branch_day_of_week_operator.py
[2024-10-30T20:58:56.242-0300] {logging_mixin.py:190} INFO - [2024-10-30T20:58:56.241-0300] {dag.py:3239} INFO - Sync 1 DAGs
[2024-10-30T20:58:56.317-0300] {logging_mixin.py:190} INFO - [2024-10-30T20:58:56.316-0300] {dag.py:4180} INFO - Setting next_dagrun for example_weekday_branch_operator to 2024-10-29 00:00:00+00:00, run_after=2024-10-30 00:00:00+00:00
[2024-10-30T20:58:56.467-0300] {processor.py:208} INFO - Processing /home/nico/.local/lib/python3.10/site-packages/airflow/example_dags/example_branch_day_of_week_operator.py took 0.328 seconds
