[2024-10-30T20:09:17.649-0300] {processor.py:186} INFO - Started process (PID=85603) to work on /home/nico/.local/lib/python3.10/site-packages/airflow/example_dags/example_branch_python_dop_operator_3.py
[2024-10-30T20:09:17.657-0300] {processor.py:914} INFO - Processing file /home/nico/.local/lib/python3.10/site-packages/airflow/example_dags/example_branch_python_dop_operator_3.py for tasks to queue
[2024-10-30T20:09:17.666-0300] {logging_mixin.py:190} INFO - [2024-10-30T20:09:17.665-0300] {dagbag.py:588} INFO - Filling up the DagBag from /home/nico/.local/lib/python3.10/site-packages/airflow/example_dags/example_branch_python_dop_operator_3.py
[2024-10-30T20:09:17.715-0300] {processor.py:925} INFO - DAG(s) 'example_branch_dop_operator_v3' retrieved from /home/nico/.local/lib/python3.10/site-packages/airflow/example_dags/example_branch_python_dop_operator_3.py
[2024-10-30T20:09:17.864-0300] {logging_mixin.py:190} INFO - [2024-10-30T20:09:17.863-0300] {dag.py:3239} INFO - Sync 1 DAGs
[2024-10-30T20:09:18.051-0300] {logging_mixin.py:190} INFO - [2024-10-30T20:09:18.050-0300] {dag.py:4180} INFO - Setting next_dagrun for example_branch_dop_operator_v3 to 2024-10-30 23:08:00+00:00, run_after=2024-10-30 23:09:00+00:00
[2024-10-30T20:09:18.844-0300] {processor.py:208} INFO - Processing /home/nico/.local/lib/python3.10/site-packages/airflow/example_dags/example_branch_python_dop_operator_3.py took 1.237 seconds
[2024-10-30T20:11:31.882-0300] {processor.py:186} INFO - Started process (PID=86181) to work on /home/nico/.local/lib/python3.10/site-packages/airflow/example_dags/example_branch_python_dop_operator_3.py
[2024-10-30T20:11:31.888-0300] {processor.py:914} INFO - Processing file /home/nico/.local/lib/python3.10/site-packages/airflow/example_dags/example_branch_python_dop_operator_3.py for tasks to queue
[2024-10-30T20:11:31.899-0300] {logging_mixin.py:190} INFO - [2024-10-30T20:11:31.898-0300] {dagbag.py:588} INFO - Filling up the DagBag from /home/nico/.local/lib/python3.10/site-packages/airflow/example_dags/example_branch_python_dop_operator_3.py
[2024-10-30T20:11:31.967-0300] {processor.py:925} INFO - DAG(s) 'example_branch_dop_operator_v3' retrieved from /home/nico/.local/lib/python3.10/site-packages/airflow/example_dags/example_branch_python_dop_operator_3.py
[2024-10-30T20:11:32.123-0300] {logging_mixin.py:190} INFO - [2024-10-30T20:11:32.115-0300] {dag.py:3239} INFO - Sync 1 DAGs
[2024-10-30T20:11:32.547-0300] {logging_mixin.py:190} INFO - [2024-10-30T20:11:32.546-0300] {dag.py:4180} INFO - Setting next_dagrun for example_branch_dop_operator_v3 to 2024-10-30 23:10:00+00:00, run_after=2024-10-30 23:11:00+00:00
[2024-10-30T20:11:32.960-0300] {processor.py:208} INFO - Processing /home/nico/.local/lib/python3.10/site-packages/airflow/example_dags/example_branch_python_dop_operator_3.py took 1.120 seconds
[2024-10-30T20:53:38.377-0300] {processor.py:186} INFO - Started process (PID=97813) to work on /home/nico/.local/lib/python3.10/site-packages/airflow/example_dags/example_branch_python_dop_operator_3.py
[2024-10-30T20:53:38.519-0300] {processor.py:914} INFO - Processing file /home/nico/.local/lib/python3.10/site-packages/airflow/example_dags/example_branch_python_dop_operator_3.py for tasks to queue
[2024-10-30T20:53:38.523-0300] {logging_mixin.py:190} INFO - [2024-10-30T20:53:38.522-0300] {dagbag.py:588} INFO - Filling up the DagBag from /home/nico/.local/lib/python3.10/site-packages/airflow/example_dags/example_branch_python_dop_operator_3.py
[2024-10-30T20:53:38.541-0300] {processor.py:925} INFO - DAG(s) 'example_branch_dop_operator_v3' retrieved from /home/nico/.local/lib/python3.10/site-packages/airflow/example_dags/example_branch_python_dop_operator_3.py
[2024-10-30T20:53:40.945-0300] {logging_mixin.py:190} INFO - [2024-10-30T20:53:40.944-0300] {dag.py:3239} INFO - Sync 1 DAGs
[2024-10-30T20:53:41.024-0300] {logging_mixin.py:190} INFO - [2024-10-30T20:53:41.023-0300] {dag.py:4180} INFO - Setting next_dagrun for example_branch_dop_operator_v3 to 2024-10-30 23:52:00+00:00, run_after=2024-10-30 23:53:00+00:00
[2024-10-30T20:53:42.586-0300] {processor.py:208} INFO - Processing /home/nico/.local/lib/python3.10/site-packages/airflow/example_dags/example_branch_python_dop_operator_3.py took 4.249 seconds
[2024-10-30T20:55:40.274-0300] {processor.py:186} INFO - Started process (PID=98338) to work on /home/nico/.local/lib/python3.10/site-packages/airflow/example_dags/example_branch_python_dop_operator_3.py
[2024-10-30T20:55:40.276-0300] {processor.py:914} INFO - Processing file /home/nico/.local/lib/python3.10/site-packages/airflow/example_dags/example_branch_python_dop_operator_3.py for tasks to queue
[2024-10-30T20:55:40.280-0300] {logging_mixin.py:190} INFO - [2024-10-30T20:55:40.279-0300] {dagbag.py:588} INFO - Filling up the DagBag from /home/nico/.local/lib/python3.10/site-packages/airflow/example_dags/example_branch_python_dop_operator_3.py
[2024-10-30T20:55:40.300-0300] {processor.py:925} INFO - DAG(s) 'example_branch_dop_operator_v3' retrieved from /home/nico/.local/lib/python3.10/site-packages/airflow/example_dags/example_branch_python_dop_operator_3.py
[2024-10-30T20:55:40.377-0300] {logging_mixin.py:190} INFO - [2024-10-30T20:55:40.376-0300] {dag.py:3239} INFO - Sync 1 DAGs
[2024-10-30T20:55:40.447-0300] {logging_mixin.py:190} INFO - [2024-10-30T20:55:40.447-0300] {dag.py:4180} INFO - Setting next_dagrun for example_branch_dop_operator_v3 to 2024-10-30 23:54:00+00:00, run_after=2024-10-30 23:55:00+00:00
[2024-10-30T20:55:40.628-0300] {processor.py:208} INFO - Processing /home/nico/.local/lib/python3.10/site-packages/airflow/example_dags/example_branch_python_dop_operator_3.py took 0.369 seconds
[2024-10-30T20:57:55.198-0300] {processor.py:186} INFO - Started process (PID=98936) to work on /home/nico/.local/lib/python3.10/site-packages/airflow/example_dags/example_branch_python_dop_operator_3.py
[2024-10-30T20:57:55.201-0300] {processor.py:914} INFO - Processing file /home/nico/.local/lib/python3.10/site-packages/airflow/example_dags/example_branch_python_dop_operator_3.py for tasks to queue
[2024-10-30T20:57:55.208-0300] {logging_mixin.py:190} INFO - [2024-10-30T20:57:55.206-0300] {dagbag.py:588} INFO - Filling up the DagBag from /home/nico/.local/lib/python3.10/site-packages/airflow/example_dags/example_branch_python_dop_operator_3.py
[2024-10-30T20:57:55.252-0300] {processor.py:925} INFO - DAG(s) 'example_branch_dop_operator_v3' retrieved from /home/nico/.local/lib/python3.10/site-packages/airflow/example_dags/example_branch_python_dop_operator_3.py
[2024-10-30T20:57:55.323-0300] {logging_mixin.py:190} INFO - [2024-10-30T20:57:55.323-0300] {dag.py:3239} INFO - Sync 1 DAGs
[2024-10-30T20:57:55.420-0300] {logging_mixin.py:190} INFO - [2024-10-30T20:57:55.419-0300] {dag.py:4180} INFO - Setting next_dagrun for example_branch_dop_operator_v3 to 2024-10-30 23:56:00+00:00, run_after=2024-10-30 23:57:00+00:00
[2024-10-30T20:57:55.575-0300] {processor.py:208} INFO - Processing /home/nico/.local/lib/python3.10/site-packages/airflow/example_dags/example_branch_python_dop_operator_3.py took 0.404 seconds
