[2024-10-30T19:51:11.732-0300] {processor.py:186} INFO - Started process (PID=81287) to work on /home/nico/.local/lib/python3.10/site-packages/airflow/example_dags/example_dataset_alias_with_no_taskflow.py
[2024-10-30T19:51:11.735-0300] {processor.py:914} INFO - Processing file /home/nico/.local/lib/python3.10/site-packages/airflow/example_dags/example_dataset_alias_with_no_taskflow.py for tasks to queue
[2024-10-30T19:51:11.748-0300] {logging_mixin.py:190} INFO - [2024-10-30T19:51:11.747-0300] {dagbag.py:588} INFO - Filling up the DagBag from /home/nico/.local/lib/python3.10/site-packages/airflow/example_dags/example_dataset_alias_with_no_taskflow.py
[2024-10-30T19:51:11.937-0300] {processor.py:925} INFO - DAG(s) 'dataset_s3_bucket_producer_with_no_taskflow', 'dataset_s3_bucket_consumer_with_no_taskflow', 'dataset_alias_example_alias_producer_with_no_taskflow', 'dataset_alias_example_alias_consumer_with_no_taskflow' retrieved from /home/nico/.local/lib/python3.10/site-packages/airflow/example_dags/example_dataset_alias_with_no_taskflow.py
[2024-10-30T19:51:12.158-0300] {logging_mixin.py:190} INFO - [2024-10-30T19:51:12.157-0300] {dag.py:3239} INFO - Sync 4 DAGs
[2024-10-30T19:51:12.309-0300] {logging_mixin.py:190} INFO - [2024-10-30T19:51:12.309-0300] {dag.py:4180} INFO - Setting next_dagrun for dataset_alias_example_alias_consumer_with_no_taskflow to None, run_after=None
[2024-10-30T19:51:12.324-0300] {logging_mixin.py:190} INFO - [2024-10-30T19:51:12.323-0300] {dag.py:4180} INFO - Setting next_dagrun for dataset_alias_example_alias_producer_with_no_taskflow to None, run_after=None
[2024-10-30T19:51:12.337-0300] {logging_mixin.py:190} INFO - [2024-10-30T19:51:12.337-0300] {dag.py:4180} INFO - Setting next_dagrun for dataset_s3_bucket_consumer_with_no_taskflow to None, run_after=None
[2024-10-30T19:51:12.349-0300] {logging_mixin.py:190} INFO - [2024-10-30T19:51:12.348-0300] {dag.py:4180} INFO - Setting next_dagrun for dataset_s3_bucket_producer_with_no_taskflow to None, run_after=None
[2024-10-30T19:51:12.565-0300] {processor.py:208} INFO - Processing /home/nico/.local/lib/python3.10/site-packages/airflow/example_dags/example_dataset_alias_with_no_taskflow.py took 0.872 seconds
[2024-10-30T20:09:22.618-0300] {processor.py:186} INFO - Started process (PID=85625) to work on /home/nico/.local/lib/python3.10/site-packages/airflow/example_dags/example_dataset_alias_with_no_taskflow.py
[2024-10-30T20:09:22.623-0300] {processor.py:914} INFO - Processing file /home/nico/.local/lib/python3.10/site-packages/airflow/example_dags/example_dataset_alias_with_no_taskflow.py for tasks to queue
[2024-10-30T20:09:22.631-0300] {logging_mixin.py:190} INFO - [2024-10-30T20:09:22.629-0300] {dagbag.py:588} INFO - Filling up the DagBag from /home/nico/.local/lib/python3.10/site-packages/airflow/example_dags/example_dataset_alias_with_no_taskflow.py
[2024-10-30T20:09:22.843-0300] {processor.py:925} INFO - DAG(s) 'dataset_s3_bucket_consumer_with_no_taskflow', 'dataset_alias_example_alias_consumer_with_no_taskflow', 'dataset_s3_bucket_producer_with_no_taskflow', 'dataset_alias_example_alias_producer_with_no_taskflow' retrieved from /home/nico/.local/lib/python3.10/site-packages/airflow/example_dags/example_dataset_alias_with_no_taskflow.py
[2024-10-30T20:09:23.200-0300] {logging_mixin.py:190} INFO - [2024-10-30T20:09:23.199-0300] {dag.py:3239} INFO - Sync 4 DAGs
[2024-10-30T20:09:23.330-0300] {logging_mixin.py:190} INFO - [2024-10-30T20:09:23.330-0300] {dag.py:4180} INFO - Setting next_dagrun for dataset_alias_example_alias_consumer_with_no_taskflow to None, run_after=None
[2024-10-30T20:09:23.341-0300] {logging_mixin.py:190} INFO - [2024-10-30T20:09:23.340-0300] {dag.py:4180} INFO - Setting next_dagrun for dataset_alias_example_alias_producer_with_no_taskflow to None, run_after=None
[2024-10-30T20:09:23.349-0300] {logging_mixin.py:190} INFO - [2024-10-30T20:09:23.349-0300] {dag.py:4180} INFO - Setting next_dagrun for dataset_s3_bucket_consumer_with_no_taskflow to None, run_after=None
[2024-10-30T20:09:23.359-0300] {logging_mixin.py:190} INFO - [2024-10-30T20:09:23.358-0300] {dag.py:4180} INFO - Setting next_dagrun for dataset_s3_bucket_producer_with_no_taskflow to None, run_after=None
[2024-10-30T20:09:23.545-0300] {processor.py:208} INFO - Processing /home/nico/.local/lib/python3.10/site-packages/airflow/example_dags/example_dataset_alias_with_no_taskflow.py took 0.940 seconds
[2024-10-30T20:11:37.365-0300] {processor.py:186} INFO - Started process (PID=86204) to work on /home/nico/.local/lib/python3.10/site-packages/airflow/example_dags/example_dataset_alias_with_no_taskflow.py
[2024-10-30T20:11:37.370-0300] {processor.py:914} INFO - Processing file /home/nico/.local/lib/python3.10/site-packages/airflow/example_dags/example_dataset_alias_with_no_taskflow.py for tasks to queue
[2024-10-30T20:11:37.379-0300] {logging_mixin.py:190} INFO - [2024-10-30T20:11:37.378-0300] {dagbag.py:588} INFO - Filling up the DagBag from /home/nico/.local/lib/python3.10/site-packages/airflow/example_dags/example_dataset_alias_with_no_taskflow.py
[2024-10-30T20:11:37.524-0300] {processor.py:925} INFO - DAG(s) 'dataset_s3_bucket_producer_with_no_taskflow', 'dataset_s3_bucket_consumer_with_no_taskflow', 'dataset_alias_example_alias_producer_with_no_taskflow', 'dataset_alias_example_alias_consumer_with_no_taskflow' retrieved from /home/nico/.local/lib/python3.10/site-packages/airflow/example_dags/example_dataset_alias_with_no_taskflow.py
[2024-10-30T20:11:37.668-0300] {logging_mixin.py:190} INFO - [2024-10-30T20:11:37.667-0300] {dag.py:3239} INFO - Sync 4 DAGs
[2024-10-30T20:11:37.750-0300] {logging_mixin.py:190} INFO - [2024-10-30T20:11:37.750-0300] {dag.py:4180} INFO - Setting next_dagrun for dataset_alias_example_alias_consumer_with_no_taskflow to None, run_after=None
[2024-10-30T20:11:37.758-0300] {logging_mixin.py:190} INFO - [2024-10-30T20:11:37.758-0300] {dag.py:4180} INFO - Setting next_dagrun for dataset_alias_example_alias_producer_with_no_taskflow to None, run_after=None
[2024-10-30T20:11:37.764-0300] {logging_mixin.py:190} INFO - [2024-10-30T20:11:37.764-0300] {dag.py:4180} INFO - Setting next_dagrun for dataset_s3_bucket_consumer_with_no_taskflow to None, run_after=None
[2024-10-30T20:11:37.770-0300] {logging_mixin.py:190} INFO - [2024-10-30T20:11:37.770-0300] {dag.py:4180} INFO - Setting next_dagrun for dataset_s3_bucket_producer_with_no_taskflow to None, run_after=None
[2024-10-30T20:11:38.002-0300] {processor.py:208} INFO - Processing /home/nico/.local/lib/python3.10/site-packages/airflow/example_dags/example_dataset_alias_with_no_taskflow.py took 0.669 seconds
[2024-10-30T20:53:56.760-0300] {processor.py:186} INFO - Started process (PID=97884) to work on /home/nico/.local/lib/python3.10/site-packages/airflow/example_dags/example_dataset_alias_with_no_taskflow.py
[2024-10-30T20:53:56.868-0300] {processor.py:914} INFO - Processing file /home/nico/.local/lib/python3.10/site-packages/airflow/example_dags/example_dataset_alias_with_no_taskflow.py for tasks to queue
[2024-10-30T20:53:56.876-0300] {logging_mixin.py:190} INFO - [2024-10-30T20:53:56.874-0300] {dagbag.py:588} INFO - Filling up the DagBag from /home/nico/.local/lib/python3.10/site-packages/airflow/example_dags/example_dataset_alias_with_no_taskflow.py
[2024-10-30T20:53:56.975-0300] {processor.py:925} INFO - DAG(s) 'dataset_s3_bucket_consumer_with_no_taskflow', 'dataset_alias_example_alias_consumer_with_no_taskflow', 'dataset_s3_bucket_producer_with_no_taskflow', 'dataset_alias_example_alias_producer_with_no_taskflow' retrieved from /home/nico/.local/lib/python3.10/site-packages/airflow/example_dags/example_dataset_alias_with_no_taskflow.py
[2024-10-30T20:53:57.195-0300] {logging_mixin.py:190} INFO - [2024-10-30T20:53:57.194-0300] {dag.py:3239} INFO - Sync 4 DAGs
[2024-10-30T20:53:57.342-0300] {logging_mixin.py:190} INFO - [2024-10-30T20:53:57.341-0300] {dag.py:4180} INFO - Setting next_dagrun for dataset_alias_example_alias_consumer_with_no_taskflow to None, run_after=None
[2024-10-30T20:53:57.356-0300] {logging_mixin.py:190} INFO - [2024-10-30T20:53:57.355-0300] {dag.py:4180} INFO - Setting next_dagrun for dataset_alias_example_alias_producer_with_no_taskflow to None, run_after=None
[2024-10-30T20:53:57.369-0300] {logging_mixin.py:190} INFO - [2024-10-30T20:53:57.367-0300] {dag.py:4180} INFO - Setting next_dagrun for dataset_s3_bucket_consumer_with_no_taskflow to None, run_after=None
[2024-10-30T20:53:57.378-0300] {logging_mixin.py:190} INFO - [2024-10-30T20:53:57.377-0300] {dag.py:4180} INFO - Setting next_dagrun for dataset_s3_bucket_producer_with_no_taskflow to None, run_after=None
[2024-10-30T20:53:58.711-0300] {processor.py:208} INFO - Processing /home/nico/.local/lib/python3.10/site-packages/airflow/example_dags/example_dataset_alias_with_no_taskflow.py took 1.978 seconds
[2024-10-30T20:56:27.208-0300] {processor.py:186} INFO - Started process (PID=98544) to work on /home/nico/.local/lib/python3.10/site-packages/airflow/example_dags/example_dataset_alias_with_no_taskflow.py
[2024-10-30T20:56:27.211-0300] {processor.py:914} INFO - Processing file /home/nico/.local/lib/python3.10/site-packages/airflow/example_dags/example_dataset_alias_with_no_taskflow.py for tasks to queue
[2024-10-30T20:56:27.215-0300] {logging_mixin.py:190} INFO - [2024-10-30T20:56:27.214-0300] {dagbag.py:588} INFO - Filling up the DagBag from /home/nico/.local/lib/python3.10/site-packages/airflow/example_dags/example_dataset_alias_with_no_taskflow.py
[2024-10-30T20:56:27.298-0300] {processor.py:925} INFO - DAG(s) 'dataset_s3_bucket_producer_with_no_taskflow', 'dataset_s3_bucket_consumer_with_no_taskflow', 'dataset_alias_example_alias_producer_with_no_taskflow', 'dataset_alias_example_alias_consumer_with_no_taskflow' retrieved from /home/nico/.local/lib/python3.10/site-packages/airflow/example_dags/example_dataset_alias_with_no_taskflow.py
[2024-10-30T20:56:27.415-0300] {logging_mixin.py:190} INFO - [2024-10-30T20:56:27.415-0300] {dag.py:3239} INFO - Sync 4 DAGs
[2024-10-30T20:56:27.499-0300] {logging_mixin.py:190} INFO - [2024-10-30T20:56:27.498-0300] {dag.py:4180} INFO - Setting next_dagrun for dataset_alias_example_alias_consumer_with_no_taskflow to None, run_after=None
[2024-10-30T20:56:27.516-0300] {logging_mixin.py:190} INFO - [2024-10-30T20:56:27.515-0300] {dag.py:4180} INFO - Setting next_dagrun for dataset_alias_example_alias_producer_with_no_taskflow to None, run_after=None
[2024-10-30T20:56:27.525-0300] {logging_mixin.py:190} INFO - [2024-10-30T20:56:27.524-0300] {dag.py:4180} INFO - Setting next_dagrun for dataset_s3_bucket_consumer_with_no_taskflow to None, run_after=None
[2024-10-30T20:56:27.532-0300] {logging_mixin.py:190} INFO - [2024-10-30T20:56:27.532-0300] {dag.py:4180} INFO - Setting next_dagrun for dataset_s3_bucket_producer_with_no_taskflow to None, run_after=None
[2024-10-30T20:56:27.782-0300] {processor.py:208} INFO - Processing /home/nico/.local/lib/python3.10/site-packages/airflow/example_dags/example_dataset_alias_with_no_taskflow.py took 0.591 seconds
[2024-10-30T20:58:43.571-0300] {processor.py:186} INFO - Started process (PID=99148) to work on /home/nico/.local/lib/python3.10/site-packages/airflow/example_dags/example_dataset_alias_with_no_taskflow.py
[2024-10-30T20:58:43.575-0300] {processor.py:914} INFO - Processing file /home/nico/.local/lib/python3.10/site-packages/airflow/example_dags/example_dataset_alias_with_no_taskflow.py for tasks to queue
[2024-10-30T20:58:43.584-0300] {logging_mixin.py:190} INFO - [2024-10-30T20:58:43.578-0300] {dagbag.py:588} INFO - Filling up the DagBag from /home/nico/.local/lib/python3.10/site-packages/airflow/example_dags/example_dataset_alias_with_no_taskflow.py
[2024-10-30T20:58:43.689-0300] {processor.py:925} INFO - DAG(s) 'dataset_s3_bucket_consumer_with_no_taskflow', 'dataset_alias_example_alias_producer_with_no_taskflow', 'dataset_s3_bucket_producer_with_no_taskflow', 'dataset_alias_example_alias_consumer_with_no_taskflow' retrieved from /home/nico/.local/lib/python3.10/site-packages/airflow/example_dags/example_dataset_alias_with_no_taskflow.py
[2024-10-30T20:58:43.807-0300] {logging_mixin.py:190} INFO - [2024-10-30T20:58:43.806-0300] {dag.py:3239} INFO - Sync 4 DAGs
[2024-10-30T20:58:43.906-0300] {logging_mixin.py:190} INFO - [2024-10-30T20:58:43.906-0300] {dag.py:4180} INFO - Setting next_dagrun for dataset_alias_example_alias_consumer_with_no_taskflow to None, run_after=None
[2024-10-30T20:58:43.920-0300] {logging_mixin.py:190} INFO - [2024-10-30T20:58:43.920-0300] {dag.py:4180} INFO - Setting next_dagrun for dataset_alias_example_alias_producer_with_no_taskflow to None, run_after=None
[2024-10-30T20:58:43.929-0300] {logging_mixin.py:190} INFO - [2024-10-30T20:58:43.928-0300] {dag.py:4180} INFO - Setting next_dagrun for dataset_s3_bucket_consumer_with_no_taskflow to None, run_after=None
[2024-10-30T20:58:43.936-0300] {logging_mixin.py:190} INFO - [2024-10-30T20:58:43.936-0300] {dag.py:4180} INFO - Setting next_dagrun for dataset_s3_bucket_producer_with_no_taskflow to None, run_after=None
[2024-10-30T20:58:44.086-0300] {processor.py:208} INFO - Processing /home/nico/.local/lib/python3.10/site-packages/airflow/example_dags/example_dataset_alias_with_no_taskflow.py took 0.541 seconds
