[2024-10-30T19:48:25.410-0300] {processor.py:186} INFO - Started process (PID=80946) to work on /home/nico/.local/lib/python3.10/site-packages/airflow/example_dags/example_trigger_controller_dag.py
[2024-10-30T19:48:25.412-0300] {processor.py:914} INFO - Processing file /home/nico/.local/lib/python3.10/site-packages/airflow/example_dags/example_trigger_controller_dag.py for tasks to queue
[2024-10-30T19:48:25.415-0300] {logging_mixin.py:190} INFO - [2024-10-30T19:48:25.414-0300] {dagbag.py:588} INFO - Filling up the DagBag from /home/nico/.local/lib/python3.10/site-packages/airflow/example_dags/example_trigger_controller_dag.py
[2024-10-30T19:48:25.426-0300] {processor.py:925} INFO - DAG(s) 'example_trigger_controller_dag' retrieved from /home/nico/.local/lib/python3.10/site-packages/airflow/example_dags/example_trigger_controller_dag.py
[2024-10-30T19:48:25.479-0300] {logging_mixin.py:190} INFO - [2024-10-30T19:48:25.479-0300] {dag.py:3239} INFO - Sync 1 DAGs
[2024-10-30T19:48:25.529-0300] {logging_mixin.py:190} INFO - [2024-10-30T19:48:25.528-0300] {dag.py:4180} INFO - Setting next_dagrun for example_trigger_controller_dag to 2021-01-01 00:00:00+00:00, run_after=2021-01-01 00:00:00+00:00
[2024-10-30T19:48:25.708-0300] {processor.py:208} INFO - Processing /home/nico/.local/lib/python3.10/site-packages/airflow/example_dags/example_trigger_controller_dag.py took 0.314 seconds
[2024-10-30T20:07:25.904-0300] {processor.py:186} INFO - Started process (PID=85131) to work on /home/nico/.local/lib/python3.10/site-packages/airflow/example_dags/example_trigger_controller_dag.py
[2024-10-30T20:07:25.908-0300] {processor.py:914} INFO - Processing file /home/nico/.local/lib/python3.10/site-packages/airflow/example_dags/example_trigger_controller_dag.py for tasks to queue
[2024-10-30T20:07:25.917-0300] {logging_mixin.py:190} INFO - [2024-10-30T20:07:25.916-0300] {dagbag.py:588} INFO - Filling up the DagBag from /home/nico/.local/lib/python3.10/site-packages/airflow/example_dags/example_trigger_controller_dag.py
[2024-10-30T20:07:25.935-0300] {processor.py:925} INFO - DAG(s) 'example_trigger_controller_dag' retrieved from /home/nico/.local/lib/python3.10/site-packages/airflow/example_dags/example_trigger_controller_dag.py
[2024-10-30T20:07:26.009-0300] {logging_mixin.py:190} INFO - [2024-10-30T20:07:26.008-0300] {dag.py:3239} INFO - Sync 1 DAGs
[2024-10-30T20:07:26.081-0300] {logging_mixin.py:190} INFO - [2024-10-30T20:07:26.081-0300] {dag.py:4180} INFO - Setting next_dagrun for example_trigger_controller_dag to 2021-01-01 00:00:00+00:00, run_after=2021-01-01 00:00:00+00:00
[2024-10-30T20:07:26.233-0300] {processor.py:208} INFO - Processing /home/nico/.local/lib/python3.10/site-packages/airflow/example_dags/example_trigger_controller_dag.py took 0.354 seconds
[2024-10-30T20:10:20.710-0300] {processor.py:186} INFO - Started process (PID=85873) to work on /home/nico/.local/lib/python3.10/site-packages/airflow/example_dags/example_trigger_controller_dag.py
[2024-10-30T20:10:20.714-0300] {processor.py:914} INFO - Processing file /home/nico/.local/lib/python3.10/site-packages/airflow/example_dags/example_trigger_controller_dag.py for tasks to queue
[2024-10-30T20:10:20.733-0300] {logging_mixin.py:190} INFO - [2024-10-30T20:10:20.731-0300] {dagbag.py:588} INFO - Filling up the DagBag from /home/nico/.local/lib/python3.10/site-packages/airflow/example_dags/example_trigger_controller_dag.py
[2024-10-30T20:10:20.790-0300] {processor.py:925} INFO - DAG(s) 'example_trigger_controller_dag' retrieved from /home/nico/.local/lib/python3.10/site-packages/airflow/example_dags/example_trigger_controller_dag.py
[2024-10-30T20:10:20.969-0300] {logging_mixin.py:190} INFO - [2024-10-30T20:10:20.968-0300] {dag.py:3239} INFO - Sync 1 DAGs
[2024-10-30T20:10:21.118-0300] {logging_mixin.py:190} INFO - [2024-10-30T20:10:21.117-0300] {dag.py:4180} INFO - Setting next_dagrun for example_trigger_controller_dag to 2021-01-01 00:00:00+00:00, run_after=2021-01-01 00:00:00+00:00
[2024-10-30T20:10:21.335-0300] {processor.py:208} INFO - Processing /home/nico/.local/lib/python3.10/site-packages/airflow/example_dags/example_trigger_controller_dag.py took 0.661 seconds
[2024-10-30T20:12:09.355-0300] {processor.py:186} INFO - Started process (PID=86338) to work on /home/nico/.local/lib/python3.10/site-packages/airflow/example_dags/example_trigger_controller_dag.py
[2024-10-30T20:12:09.357-0300] {processor.py:914} INFO - Processing file /home/nico/.local/lib/python3.10/site-packages/airflow/example_dags/example_trigger_controller_dag.py for tasks to queue
[2024-10-30T20:12:09.363-0300] {logging_mixin.py:190} INFO - [2024-10-30T20:12:09.362-0300] {dagbag.py:588} INFO - Filling up the DagBag from /home/nico/.local/lib/python3.10/site-packages/airflow/example_dags/example_trigger_controller_dag.py
[2024-10-30T20:12:09.380-0300] {processor.py:925} INFO - DAG(s) 'example_trigger_controller_dag' retrieved from /home/nico/.local/lib/python3.10/site-packages/airflow/example_dags/example_trigger_controller_dag.py
[2024-10-30T20:12:09.440-0300] {logging_mixin.py:190} INFO - [2024-10-30T20:12:09.440-0300] {dag.py:3239} INFO - Sync 1 DAGs
[2024-10-30T20:12:09.593-0300] {logging_mixin.py:190} INFO - [2024-10-30T20:12:09.591-0300] {dag.py:4180} INFO - Setting next_dagrun for example_trigger_controller_dag to 2021-01-01 00:00:00+00:00, run_after=2021-01-01 00:00:00+00:00
[2024-10-30T20:12:09.816-0300] {processor.py:208} INFO - Processing /home/nico/.local/lib/python3.10/site-packages/airflow/example_dags/example_trigger_controller_dag.py took 0.479 seconds
[2024-10-30T20:31:08.465-0300] {processor.py:186} INFO - Started process (PID=91310) to work on /home/nico/.local/lib/python3.10/site-packages/airflow/example_dags/example_trigger_controller_dag.py
[2024-10-30T20:31:08.469-0300] {processor.py:914} INFO - Processing file /home/nico/.local/lib/python3.10/site-packages/airflow/example_dags/example_trigger_controller_dag.py for tasks to queue
[2024-10-30T20:31:08.472-0300] {logging_mixin.py:190} INFO - [2024-10-30T20:31:08.471-0300] {dagbag.py:588} INFO - Filling up the DagBag from /home/nico/.local/lib/python3.10/site-packages/airflow/example_dags/example_trigger_controller_dag.py
[2024-10-30T20:31:08.484-0300] {processor.py:925} INFO - DAG(s) 'example_trigger_controller_dag' retrieved from /home/nico/.local/lib/python3.10/site-packages/airflow/example_dags/example_trigger_controller_dag.py
[2024-10-30T20:31:08.541-0300] {logging_mixin.py:190} INFO - [2024-10-30T20:31:08.540-0300] {dag.py:3239} INFO - Sync 1 DAGs
[2024-10-30T20:31:08.591-0300] {logging_mixin.py:190} INFO - [2024-10-30T20:31:08.590-0300] {dag.py:4180} INFO - Setting next_dagrun for example_trigger_controller_dag to 2021-01-01 00:00:00+00:00, run_after=2021-01-01 00:00:00+00:00
[2024-10-30T20:31:08.763-0300] {processor.py:208} INFO - Processing /home/nico/.local/lib/python3.10/site-packages/airflow/example_dags/example_trigger_controller_dag.py took 0.323 seconds
[2024-10-30T20:36:10.327-0300] {processor.py:186} INFO - Started process (PID=93327) to work on /home/nico/.local/lib/python3.10/site-packages/airflow/example_dags/example_trigger_controller_dag.py
[2024-10-30T20:36:10.331-0300] {processor.py:914} INFO - Processing file /home/nico/.local/lib/python3.10/site-packages/airflow/example_dags/example_trigger_controller_dag.py for tasks to queue
[2024-10-30T20:36:10.338-0300] {logging_mixin.py:190} INFO - [2024-10-30T20:36:10.337-0300] {dagbag.py:588} INFO - Filling up the DagBag from /home/nico/.local/lib/python3.10/site-packages/airflow/example_dags/example_trigger_controller_dag.py
[2024-10-30T20:36:10.356-0300] {processor.py:925} INFO - DAG(s) 'example_trigger_controller_dag' retrieved from /home/nico/.local/lib/python3.10/site-packages/airflow/example_dags/example_trigger_controller_dag.py
[2024-10-30T20:36:10.413-0300] {logging_mixin.py:190} INFO - [2024-10-30T20:36:10.412-0300] {dag.py:3239} INFO - Sync 1 DAGs
[2024-10-30T20:36:10.507-0300] {logging_mixin.py:190} INFO - [2024-10-30T20:36:10.507-0300] {dag.py:4180} INFO - Setting next_dagrun for example_trigger_controller_dag to 2021-01-01 00:00:00+00:00, run_after=2021-01-01 00:00:00+00:00
[2024-10-30T20:36:10.713-0300] {processor.py:208} INFO - Processing /home/nico/.local/lib/python3.10/site-packages/airflow/example_dags/example_trigger_controller_dag.py took 0.399 seconds
[2024-10-30T20:52:40.733-0300] {processor.py:186} INFO - Started process (PID=97560) to work on /home/nico/.local/lib/python3.10/site-packages/airflow/example_dags/example_trigger_controller_dag.py
[2024-10-30T20:52:40.737-0300] {processor.py:914} INFO - Processing file /home/nico/.local/lib/python3.10/site-packages/airflow/example_dags/example_trigger_controller_dag.py for tasks to queue
[2024-10-30T20:52:40.743-0300] {logging_mixin.py:190} INFO - [2024-10-30T20:52:40.741-0300] {dagbag.py:588} INFO - Filling up the DagBag from /home/nico/.local/lib/python3.10/site-packages/airflow/example_dags/example_trigger_controller_dag.py
[2024-10-30T20:52:40.756-0300] {processor.py:925} INFO - DAG(s) 'example_trigger_controller_dag' retrieved from /home/nico/.local/lib/python3.10/site-packages/airflow/example_dags/example_trigger_controller_dag.py
[2024-10-30T20:52:40.882-0300] {logging_mixin.py:190} INFO - [2024-10-30T20:52:40.881-0300] {dag.py:3239} INFO - Sync 1 DAGs
[2024-10-30T20:52:40.956-0300] {logging_mixin.py:190} INFO - [2024-10-30T20:52:40.955-0300] {dag.py:4180} INFO - Setting next_dagrun for example_trigger_controller_dag to 2021-01-01 00:00:00+00:00, run_after=2021-01-01 00:00:00+00:00
[2024-10-30T20:52:41.103-0300] {processor.py:208} INFO - Processing /home/nico/.local/lib/python3.10/site-packages/airflow/example_dags/example_trigger_controller_dag.py took 0.412 seconds
[2024-10-30T20:54:45.561-0300] {processor.py:186} INFO - Started process (PID=98095) to work on /home/nico/.local/lib/python3.10/site-packages/airflow/example_dags/example_trigger_controller_dag.py
[2024-10-30T20:54:45.564-0300] {processor.py:914} INFO - Processing file /home/nico/.local/lib/python3.10/site-packages/airflow/example_dags/example_trigger_controller_dag.py for tasks to queue
[2024-10-30T20:54:45.567-0300] {logging_mixin.py:190} INFO - [2024-10-30T20:54:45.566-0300] {dagbag.py:588} INFO - Filling up the DagBag from /home/nico/.local/lib/python3.10/site-packages/airflow/example_dags/example_trigger_controller_dag.py
[2024-10-30T20:54:45.577-0300] {processor.py:925} INFO - DAG(s) 'example_trigger_controller_dag' retrieved from /home/nico/.local/lib/python3.10/site-packages/airflow/example_dags/example_trigger_controller_dag.py
[2024-10-30T20:54:45.637-0300] {logging_mixin.py:190} INFO - [2024-10-30T20:54:45.637-0300] {dag.py:3239} INFO - Sync 1 DAGs
[2024-10-30T20:54:45.690-0300] {logging_mixin.py:190} INFO - [2024-10-30T20:54:45.689-0300] {dag.py:4180} INFO - Setting next_dagrun for example_trigger_controller_dag to 2021-01-01 00:00:00+00:00, run_after=2021-01-01 00:00:00+00:00
[2024-10-30T20:54:45.826-0300] {processor.py:208} INFO - Processing /home/nico/.local/lib/python3.10/site-packages/airflow/example_dags/example_trigger_controller_dag.py took 0.280 seconds
[2024-10-30T20:56:02.085-0300] {processor.py:186} INFO - Started process (PID=98432) to work on /home/nico/.local/lib/python3.10/site-packages/airflow/example_dags/example_trigger_controller_dag.py
[2024-10-30T20:56:02.089-0300] {processor.py:914} INFO - Processing file /home/nico/.local/lib/python3.10/site-packages/airflow/example_dags/example_trigger_controller_dag.py for tasks to queue
[2024-10-30T20:56:02.105-0300] {logging_mixin.py:190} INFO - [2024-10-30T20:56:02.103-0300] {dagbag.py:588} INFO - Filling up the DagBag from /home/nico/.local/lib/python3.10/site-packages/airflow/example_dags/example_trigger_controller_dag.py
[2024-10-30T20:56:02.137-0300] {processor.py:925} INFO - DAG(s) 'example_trigger_controller_dag' retrieved from /home/nico/.local/lib/python3.10/site-packages/airflow/example_dags/example_trigger_controller_dag.py
[2024-10-30T20:56:02.257-0300] {logging_mixin.py:190} INFO - [2024-10-30T20:56:02.256-0300] {dag.py:3239} INFO - Sync 1 DAGs
[2024-10-30T20:56:02.402-0300] {logging_mixin.py:190} INFO - [2024-10-30T20:56:02.401-0300] {dag.py:4180} INFO - Setting next_dagrun for example_trigger_controller_dag to 2021-01-01 00:00:00+00:00, run_after=2021-01-01 00:00:00+00:00
[2024-10-30T20:56:02.531-0300] {processor.py:208} INFO - Processing /home/nico/.local/lib/python3.10/site-packages/airflow/example_dags/example_trigger_controller_dag.py took 0.487 seconds
[2024-10-30T20:57:09.078-0300] {processor.py:186} INFO - Started process (PID=98730) to work on /home/nico/.local/lib/python3.10/site-packages/airflow/example_dags/example_trigger_controller_dag.py
[2024-10-30T20:57:09.081-0300] {processor.py:914} INFO - Processing file /home/nico/.local/lib/python3.10/site-packages/airflow/example_dags/example_trigger_controller_dag.py for tasks to queue
[2024-10-30T20:57:09.084-0300] {logging_mixin.py:190} INFO - [2024-10-30T20:57:09.083-0300] {dagbag.py:588} INFO - Filling up the DagBag from /home/nico/.local/lib/python3.10/site-packages/airflow/example_dags/example_trigger_controller_dag.py
[2024-10-30T20:57:09.101-0300] {processor.py:925} INFO - DAG(s) 'example_trigger_controller_dag' retrieved from /home/nico/.local/lib/python3.10/site-packages/airflow/example_dags/example_trigger_controller_dag.py
[2024-10-30T20:57:09.189-0300] {logging_mixin.py:190} INFO - [2024-10-30T20:57:09.189-0300] {dag.py:3239} INFO - Sync 1 DAGs
[2024-10-30T20:57:09.318-0300] {logging_mixin.py:190} INFO - [2024-10-30T20:57:09.318-0300] {dag.py:4180} INFO - Setting next_dagrun for example_trigger_controller_dag to 2021-01-01 00:00:00+00:00, run_after=2021-01-01 00:00:00+00:00
[2024-10-30T20:57:09.462-0300] {processor.py:208} INFO - Processing /home/nico/.local/lib/python3.10/site-packages/airflow/example_dags/example_trigger_controller_dag.py took 0.397 seconds
[2024-10-30T20:58:17.501-0300] {processor.py:186} INFO - Started process (PID=99034) to work on /home/nico/.local/lib/python3.10/site-packages/airflow/example_dags/example_trigger_controller_dag.py
[2024-10-30T20:58:17.504-0300] {processor.py:914} INFO - Processing file /home/nico/.local/lib/python3.10/site-packages/airflow/example_dags/example_trigger_controller_dag.py for tasks to queue
[2024-10-30T20:58:17.509-0300] {logging_mixin.py:190} INFO - [2024-10-30T20:58:17.508-0300] {dagbag.py:588} INFO - Filling up the DagBag from /home/nico/.local/lib/python3.10/site-packages/airflow/example_dags/example_trigger_controller_dag.py
[2024-10-30T20:58:17.523-0300] {processor.py:925} INFO - DAG(s) 'example_trigger_controller_dag' retrieved from /home/nico/.local/lib/python3.10/site-packages/airflow/example_dags/example_trigger_controller_dag.py
[2024-10-30T20:58:17.583-0300] {logging_mixin.py:190} INFO - [2024-10-30T20:58:17.582-0300] {dag.py:3239} INFO - Sync 1 DAGs
[2024-10-30T20:58:17.654-0300] {logging_mixin.py:190} INFO - [2024-10-30T20:58:17.653-0300] {dag.py:4180} INFO - Setting next_dagrun for example_trigger_controller_dag to 2021-01-01 00:00:00+00:00, run_after=2021-01-01 00:00:00+00:00
[2024-10-30T20:58:17.779-0300] {processor.py:208} INFO - Processing /home/nico/.local/lib/python3.10/site-packages/airflow/example_dags/example_trigger_controller_dag.py took 0.296 seconds
[2024-10-30T20:59:24.091-0300] {processor.py:186} INFO - Started process (PID=99328) to work on /home/nico/.local/lib/python3.10/site-packages/airflow/example_dags/example_trigger_controller_dag.py
[2024-10-30T20:59:24.094-0300] {processor.py:914} INFO - Processing file /home/nico/.local/lib/python3.10/site-packages/airflow/example_dags/example_trigger_controller_dag.py for tasks to queue
[2024-10-30T20:59:24.097-0300] {logging_mixin.py:190} INFO - [2024-10-30T20:59:24.096-0300] {dagbag.py:588} INFO - Filling up the DagBag from /home/nico/.local/lib/python3.10/site-packages/airflow/example_dags/example_trigger_controller_dag.py
[2024-10-30T20:59:24.108-0300] {processor.py:925} INFO - DAG(s) 'example_trigger_controller_dag' retrieved from /home/nico/.local/lib/python3.10/site-packages/airflow/example_dags/example_trigger_controller_dag.py
[2024-10-30T20:59:24.178-0300] {logging_mixin.py:190} INFO - [2024-10-30T20:59:24.177-0300] {dag.py:3239} INFO - Sync 1 DAGs
[2024-10-30T20:59:24.245-0300] {logging_mixin.py:190} INFO - [2024-10-30T20:59:24.245-0300] {dag.py:4180} INFO - Setting next_dagrun for example_trigger_controller_dag to 2021-01-01 00:00:00+00:00, run_after=2021-01-01 00:00:00+00:00
[2024-10-30T20:59:24.401-0300] {processor.py:208} INFO - Processing /home/nico/.local/lib/python3.10/site-packages/airflow/example_dags/example_trigger_controller_dag.py took 0.325 seconds
