[2024-10-30T20:09:12.775-0300] {processor.py:186} INFO - Started process (PID=85582) to work on /home/nico/.local/lib/python3.10/site-packages/airflow/example_dags/example_branch_operator_decorator.py
[2024-10-30T20:09:12.778-0300] {processor.py:914} INFO - Processing file /home/nico/.local/lib/python3.10/site-packages/airflow/example_dags/example_branch_operator_decorator.py for tasks to queue
[2024-10-30T20:09:12.789-0300] {logging_mixin.py:190} INFO - [2024-10-30T20:09:12.787-0300] {dagbag.py:588} INFO - Filling up the DagBag from /home/nico/.local/lib/python3.10/site-packages/airflow/example_dags/example_branch_operator_decorator.py
[2024-10-30T20:09:12.864-0300] {processor.py:925} INFO - DAG(s) 'example_branch_python_operator_decorator' retrieved from /home/nico/.local/lib/python3.10/site-packages/airflow/example_dags/example_branch_operator_decorator.py
[2024-10-30T20:09:13.488-0300] {logging_mixin.py:190} INFO - [2024-10-30T20:09:13.488-0300] {dag.py:3239} INFO - Sync 1 DAGs
[2024-10-30T20:09:13.595-0300] {logging_mixin.py:190} INFO - [2024-10-30T20:09:13.594-0300] {dag.py:4180} INFO - Setting next_dagrun for example_branch_python_operator_decorator to 2024-10-29 00:00:00+00:00, run_after=2024-10-30 00:00:00+00:00
[2024-10-30T20:09:13.811-0300] {processor.py:208} INFO - Processing /home/nico/.local/lib/python3.10/site-packages/airflow/example_dags/example_branch_operator_decorator.py took 1.057 seconds
[2024-10-30T20:11:27.848-0300] {processor.py:186} INFO - Started process (PID=86164) to work on /home/nico/.local/lib/python3.10/site-packages/airflow/example_dags/example_branch_operator_decorator.py
[2024-10-30T20:11:27.885-0300] {processor.py:914} INFO - Processing file /home/nico/.local/lib/python3.10/site-packages/airflow/example_dags/example_branch_operator_decorator.py for tasks to queue
[2024-10-30T20:11:27.901-0300] {logging_mixin.py:190} INFO - [2024-10-30T20:11:27.900-0300] {dagbag.py:588} INFO - Filling up the DagBag from /home/nico/.local/lib/python3.10/site-packages/airflow/example_dags/example_branch_operator_decorator.py
[2024-10-30T20:11:28.061-0300] {processor.py:925} INFO - DAG(s) 'example_branch_python_operator_decorator' retrieved from /home/nico/.local/lib/python3.10/site-packages/airflow/example_dags/example_branch_operator_decorator.py
[2024-10-30T20:11:28.222-0300] {logging_mixin.py:190} INFO - [2024-10-30T20:11:28.222-0300] {dag.py:3239} INFO - Sync 1 DAGs
[2024-10-30T20:11:28.356-0300] {logging_mixin.py:190} INFO - [2024-10-30T20:11:28.356-0300] {dag.py:4180} INFO - Setting next_dagrun for example_branch_python_operator_decorator to 2024-10-29 00:00:00+00:00, run_after=2024-10-30 00:00:00+00:00
[2024-10-30T20:11:28.675-0300] {processor.py:208} INFO - Processing /home/nico/.local/lib/python3.10/site-packages/airflow/example_dags/example_branch_operator_decorator.py took 0.872 seconds
[2024-10-30T20:53:32.660-0300] {processor.py:186} INFO - Started process (PID=97789) to work on /home/nico/.local/lib/python3.10/site-packages/airflow/example_dags/example_branch_operator_decorator.py
[2024-10-30T20:53:32.673-0300] {processor.py:914} INFO - Processing file /home/nico/.local/lib/python3.10/site-packages/airflow/example_dags/example_branch_operator_decorator.py for tasks to queue
[2024-10-30T20:53:32.677-0300] {logging_mixin.py:190} INFO - [2024-10-30T20:53:32.676-0300] {dagbag.py:588} INFO - Filling up the DagBag from /home/nico/.local/lib/python3.10/site-packages/airflow/example_dags/example_branch_operator_decorator.py
[2024-10-30T20:53:32.904-0300] {processor.py:925} INFO - DAG(s) 'example_branch_python_operator_decorator' retrieved from /home/nico/.local/lib/python3.10/site-packages/airflow/example_dags/example_branch_operator_decorator.py
[2024-10-30T20:53:33.964-0300] {logging_mixin.py:190} INFO - [2024-10-30T20:53:33.963-0300] {dag.py:3239} INFO - Sync 1 DAGs
[2024-10-30T20:53:34.121-0300] {logging_mixin.py:190} INFO - [2024-10-30T20:53:34.120-0300] {dag.py:4180} INFO - Setting next_dagrun for example_branch_python_operator_decorator to 2024-10-29 00:00:00+00:00, run_after=2024-10-30 00:00:00+00:00
[2024-10-30T20:53:34.385-0300] {processor.py:208} INFO - Processing /home/nico/.local/lib/python3.10/site-packages/airflow/example_dags/example_branch_operator_decorator.py took 1.773 seconds
[2024-10-30T20:55:37.982-0300] {processor.py:186} INFO - Started process (PID=98327) to work on /home/nico/.local/lib/python3.10/site-packages/airflow/example_dags/example_branch_operator_decorator.py
[2024-10-30T20:55:37.985-0300] {processor.py:914} INFO - Processing file /home/nico/.local/lib/python3.10/site-packages/airflow/example_dags/example_branch_operator_decorator.py for tasks to queue
[2024-10-30T20:55:37.988-0300] {logging_mixin.py:190} INFO - [2024-10-30T20:55:37.987-0300] {dagbag.py:588} INFO - Filling up the DagBag from /home/nico/.local/lib/python3.10/site-packages/airflow/example_dags/example_branch_operator_decorator.py
[2024-10-30T20:55:38.038-0300] {processor.py:925} INFO - DAG(s) 'example_branch_python_operator_decorator' retrieved from /home/nico/.local/lib/python3.10/site-packages/airflow/example_dags/example_branch_operator_decorator.py
[2024-10-30T20:55:38.183-0300] {logging_mixin.py:190} INFO - [2024-10-30T20:55:38.182-0300] {dag.py:3239} INFO - Sync 1 DAGs
[2024-10-30T20:55:38.314-0300] {logging_mixin.py:190} INFO - [2024-10-30T20:55:38.314-0300] {dag.py:4180} INFO - Setting next_dagrun for example_branch_python_operator_decorator to 2024-10-29 00:00:00+00:00, run_after=2024-10-30 00:00:00+00:00
[2024-10-30T20:55:38.517-0300] {processor.py:208} INFO - Processing /home/nico/.local/lib/python3.10/site-packages/airflow/example_dags/example_branch_operator_decorator.py took 0.549 seconds
[2024-10-30T20:57:51.419-0300] {processor.py:186} INFO - Started process (PID=98920) to work on /home/nico/.local/lib/python3.10/site-packages/airflow/example_dags/example_branch_operator_decorator.py
[2024-10-30T20:57:51.423-0300] {processor.py:914} INFO - Processing file /home/nico/.local/lib/python3.10/site-packages/airflow/example_dags/example_branch_operator_decorator.py for tasks to queue
[2024-10-30T20:57:51.428-0300] {logging_mixin.py:190} INFO - [2024-10-30T20:57:51.427-0300] {dagbag.py:588} INFO - Filling up the DagBag from /home/nico/.local/lib/python3.10/site-packages/airflow/example_dags/example_branch_operator_decorator.py
[2024-10-30T20:57:51.517-0300] {processor.py:925} INFO - DAG(s) 'example_branch_python_operator_decorator' retrieved from /home/nico/.local/lib/python3.10/site-packages/airflow/example_dags/example_branch_operator_decorator.py
[2024-10-30T20:57:51.595-0300] {logging_mixin.py:190} INFO - [2024-10-30T20:57:51.594-0300] {dag.py:3239} INFO - Sync 1 DAGs
[2024-10-30T20:57:51.654-0300] {logging_mixin.py:190} INFO - [2024-10-30T20:57:51.654-0300] {dag.py:4180} INFO - Setting next_dagrun for example_branch_python_operator_decorator to 2024-10-29 00:00:00+00:00, run_after=2024-10-30 00:00:00+00:00
[2024-10-30T20:57:51.782-0300] {processor.py:208} INFO - Processing /home/nico/.local/lib/python3.10/site-packages/airflow/example_dags/example_branch_operator_decorator.py took 0.397 seconds
