[2024-10-30T19:48:41.422-0300] {processor.py:186} INFO - Started process (PID=81016) to work on /home/nico/.local/lib/python3.10/site-packages/airflow/example_dags/example_python_decorator.py
[2024-10-30T19:48:41.430-0300] {processor.py:914} INFO - Processing file /home/nico/.local/lib/python3.10/site-packages/airflow/example_dags/example_python_decorator.py for tasks to queue
[2024-10-30T19:48:41.437-0300] {logging_mixin.py:190} INFO - [2024-10-30T19:48:41.436-0300] {dagbag.py:588} INFO - Filling up the DagBag from /home/nico/.local/lib/python3.10/site-packages/airflow/example_dags/example_python_decorator.py
[2024-10-30T19:48:41.583-0300] {processor.py:925} INFO - DAG(s) 'example_python_decorator' retrieved from /home/nico/.local/lib/python3.10/site-packages/airflow/example_dags/example_python_decorator.py
[2024-10-30T19:48:41.703-0300] {logging_mixin.py:190} INFO - [2024-10-30T19:48:41.702-0300] {dag.py:3239} INFO - Sync 1 DAGs
[2024-10-30T19:48:41.888-0300] {logging_mixin.py:190} INFO - [2024-10-30T19:48:41.887-0300] {dag.py:4180} INFO - Setting next_dagrun for example_python_decorator to None, run_after=None
[2024-10-30T19:48:42.113-0300] {processor.py:208} INFO - Processing /home/nico/.local/lib/python3.10/site-packages/airflow/example_dags/example_python_decorator.py took 0.722 seconds
[2024-10-30T20:07:44.173-0300] {processor.py:186} INFO - Started process (PID=85210) to work on /home/nico/.local/lib/python3.10/site-packages/airflow/example_dags/example_python_decorator.py
[2024-10-30T20:07:44.177-0300] {processor.py:914} INFO - Processing file /home/nico/.local/lib/python3.10/site-packages/airflow/example_dags/example_python_decorator.py for tasks to queue
[2024-10-30T20:07:44.182-0300] {logging_mixin.py:190} INFO - [2024-10-30T20:07:44.182-0300] {dagbag.py:588} INFO - Filling up the DagBag from /home/nico/.local/lib/python3.10/site-packages/airflow/example_dags/example_python_decorator.py
[2024-10-30T20:07:44.228-0300] {processor.py:925} INFO - DAG(s) 'example_python_decorator' retrieved from /home/nico/.local/lib/python3.10/site-packages/airflow/example_dags/example_python_decorator.py
[2024-10-30T20:07:44.885-0300] {logging_mixin.py:190} INFO - [2024-10-30T20:07:44.885-0300] {dag.py:3239} INFO - Sync 1 DAGs
[2024-10-30T20:07:45.345-0300] {logging_mixin.py:190} INFO - [2024-10-30T20:07:45.345-0300] {dag.py:4180} INFO - Setting next_dagrun for example_python_decorator to None, run_after=None
[2024-10-30T20:07:46.066-0300] {processor.py:208} INFO - Processing /home/nico/.local/lib/python3.10/site-packages/airflow/example_dags/example_python_decorator.py took 1.911 seconds
[2024-10-30T20:10:41.704-0300] {processor.py:186} INFO - Started process (PID=85964) to work on /home/nico/.local/lib/python3.10/site-packages/airflow/example_dags/example_python_decorator.py
[2024-10-30T20:10:41.707-0300] {processor.py:914} INFO - Processing file /home/nico/.local/lib/python3.10/site-packages/airflow/example_dags/example_python_decorator.py for tasks to queue
[2024-10-30T20:10:41.714-0300] {logging_mixin.py:190} INFO - [2024-10-30T20:10:41.713-0300] {dagbag.py:588} INFO - Filling up the DagBag from /home/nico/.local/lib/python3.10/site-packages/airflow/example_dags/example_python_decorator.py
[2024-10-30T20:10:41.755-0300] {processor.py:925} INFO - DAG(s) 'example_python_decorator' retrieved from /home/nico/.local/lib/python3.10/site-packages/airflow/example_dags/example_python_decorator.py
[2024-10-30T20:10:41.811-0300] {logging_mixin.py:190} INFO - [2024-10-30T20:10:41.810-0300] {dag.py:3239} INFO - Sync 1 DAGs
[2024-10-30T20:10:41.857-0300] {logging_mixin.py:190} INFO - [2024-10-30T20:10:41.856-0300] {dag.py:4180} INFO - Setting next_dagrun for example_python_decorator to None, run_after=None
[2024-10-30T20:10:41.994-0300] {processor.py:208} INFO - Processing /home/nico/.local/lib/python3.10/site-packages/airflow/example_dags/example_python_decorator.py took 0.315 seconds
[2024-10-30T20:12:23.784-0300] {processor.py:186} INFO - Started process (PID=86403) to work on /home/nico/.local/lib/python3.10/site-packages/airflow/example_dags/example_python_decorator.py
[2024-10-30T20:12:23.798-0300] {processor.py:914} INFO - Processing file /home/nico/.local/lib/python3.10/site-packages/airflow/example_dags/example_python_decorator.py for tasks to queue
[2024-10-30T20:12:23.817-0300] {logging_mixin.py:190} INFO - [2024-10-30T20:12:23.816-0300] {dagbag.py:588} INFO - Filling up the DagBag from /home/nico/.local/lib/python3.10/site-packages/airflow/example_dags/example_python_decorator.py
[2024-10-30T20:12:23.982-0300] {processor.py:925} INFO - DAG(s) 'example_python_decorator' retrieved from /home/nico/.local/lib/python3.10/site-packages/airflow/example_dags/example_python_decorator.py
[2024-10-30T20:12:24.075-0300] {logging_mixin.py:190} INFO - [2024-10-30T20:12:24.074-0300] {dag.py:3239} INFO - Sync 1 DAGs
[2024-10-30T20:12:24.157-0300] {logging_mixin.py:190} INFO - [2024-10-30T20:12:24.156-0300] {dag.py:4180} INFO - Setting next_dagrun for example_python_decorator to None, run_after=None
[2024-10-30T20:12:24.355-0300] {processor.py:208} INFO - Processing /home/nico/.local/lib/python3.10/site-packages/airflow/example_dags/example_python_decorator.py took 0.613 seconds
[2024-10-30T20:31:28.366-0300] {processor.py:186} INFO - Started process (PID=91393) to work on /home/nico/.local/lib/python3.10/site-packages/airflow/example_dags/example_python_decorator.py
[2024-10-30T20:31:28.378-0300] {processor.py:914} INFO - Processing file /home/nico/.local/lib/python3.10/site-packages/airflow/example_dags/example_python_decorator.py for tasks to queue
[2024-10-30T20:31:28.408-0300] {logging_mixin.py:190} INFO - [2024-10-30T20:31:28.407-0300] {dagbag.py:588} INFO - Filling up the DagBag from /home/nico/.local/lib/python3.10/site-packages/airflow/example_dags/example_python_decorator.py
[2024-10-30T20:31:28.535-0300] {processor.py:925} INFO - DAG(s) 'example_python_decorator' retrieved from /home/nico/.local/lib/python3.10/site-packages/airflow/example_dags/example_python_decorator.py
[2024-10-30T20:31:28.782-0300] {logging_mixin.py:190} INFO - [2024-10-30T20:31:28.780-0300] {dag.py:3239} INFO - Sync 1 DAGs
[2024-10-30T20:31:28.928-0300] {logging_mixin.py:190} INFO - [2024-10-30T20:31:28.928-0300] {dag.py:4180} INFO - Setting next_dagrun for example_python_decorator to None, run_after=None
[2024-10-30T20:31:29.252-0300] {processor.py:208} INFO - Processing /home/nico/.local/lib/python3.10/site-packages/airflow/example_dags/example_python_decorator.py took 0.927 seconds
[2024-10-30T20:36:45.774-0300] {processor.py:186} INFO - Started process (PID=93476) to work on /home/nico/.local/lib/python3.10/site-packages/airflow/example_dags/example_python_decorator.py
[2024-10-30T20:36:45.787-0300] {processor.py:914} INFO - Processing file /home/nico/.local/lib/python3.10/site-packages/airflow/example_dags/example_python_decorator.py for tasks to queue
[2024-10-30T20:36:45.798-0300] {logging_mixin.py:190} INFO - [2024-10-30T20:36:45.797-0300] {dagbag.py:588} INFO - Filling up the DagBag from /home/nico/.local/lib/python3.10/site-packages/airflow/example_dags/example_python_decorator.py
[2024-10-30T20:36:45.955-0300] {processor.py:925} INFO - DAG(s) 'example_python_decorator' retrieved from /home/nico/.local/lib/python3.10/site-packages/airflow/example_dags/example_python_decorator.py
[2024-10-30T20:36:47.792-0300] {logging_mixin.py:190} INFO - [2024-10-30T20:36:47.791-0300] {dag.py:3239} INFO - Sync 1 DAGs
[2024-10-30T20:36:47.908-0300] {logging_mixin.py:190} INFO - [2024-10-30T20:36:47.907-0300] {dag.py:4180} INFO - Setting next_dagrun for example_python_decorator to None, run_after=None
[2024-10-30T20:36:48.129-0300] {processor.py:208} INFO - Processing /home/nico/.local/lib/python3.10/site-packages/airflow/example_dags/example_python_decorator.py took 2.390 seconds
[2024-10-30T20:52:56.750-0300] {processor.py:186} INFO - Started process (PID=97630) to work on /home/nico/.local/lib/python3.10/site-packages/airflow/example_dags/example_python_decorator.py
[2024-10-30T20:52:56.753-0300] {processor.py:914} INFO - Processing file /home/nico/.local/lib/python3.10/site-packages/airflow/example_dags/example_python_decorator.py for tasks to queue
[2024-10-30T20:52:56.757-0300] {logging_mixin.py:190} INFO - [2024-10-30T20:52:56.756-0300] {dagbag.py:588} INFO - Filling up the DagBag from /home/nico/.local/lib/python3.10/site-packages/airflow/example_dags/example_python_decorator.py
[2024-10-30T20:52:56.806-0300] {processor.py:925} INFO - DAG(s) 'example_python_decorator' retrieved from /home/nico/.local/lib/python3.10/site-packages/airflow/example_dags/example_python_decorator.py
[2024-10-30T20:52:56.929-0300] {logging_mixin.py:190} INFO - [2024-10-30T20:52:56.925-0300] {dag.py:3239} INFO - Sync 1 DAGs
[2024-10-30T20:52:57.018-0300] {logging_mixin.py:190} INFO - [2024-10-30T20:52:57.017-0300] {dag.py:4180} INFO - Setting next_dagrun for example_python_decorator to None, run_after=None
[2024-10-30T20:52:57.239-0300] {processor.py:208} INFO - Processing /home/nico/.local/lib/python3.10/site-packages/airflow/example_dags/example_python_decorator.py took 0.505 seconds
[2024-10-30T20:55:00.918-0300] {processor.py:186} INFO - Started process (PID=98163) to work on /home/nico/.local/lib/python3.10/site-packages/airflow/example_dags/example_python_decorator.py
[2024-10-30T20:55:00.922-0300] {processor.py:914} INFO - Processing file /home/nico/.local/lib/python3.10/site-packages/airflow/example_dags/example_python_decorator.py for tasks to queue
[2024-10-30T20:55:00.930-0300] {logging_mixin.py:190} INFO - [2024-10-30T20:55:00.929-0300] {dagbag.py:588} INFO - Filling up the DagBag from /home/nico/.local/lib/python3.10/site-packages/airflow/example_dags/example_python_decorator.py
[2024-10-30T20:55:00.994-0300] {processor.py:925} INFO - DAG(s) 'example_python_decorator' retrieved from /home/nico/.local/lib/python3.10/site-packages/airflow/example_dags/example_python_decorator.py
[2024-10-30T20:55:01.100-0300] {logging_mixin.py:190} INFO - [2024-10-30T20:55:01.100-0300] {dag.py:3239} INFO - Sync 1 DAGs
[2024-10-30T20:55:01.149-0300] {logging_mixin.py:190} INFO - [2024-10-30T20:55:01.148-0300] {dag.py:4180} INFO - Setting next_dagrun for example_python_decorator to None, run_after=None
[2024-10-30T20:55:01.283-0300] {processor.py:208} INFO - Processing /home/nico/.local/lib/python3.10/site-packages/airflow/example_dags/example_python_decorator.py took 0.397 seconds
[2024-10-30T20:56:15.926-0300] {processor.py:186} INFO - Started process (PID=98494) to work on /home/nico/.local/lib/python3.10/site-packages/airflow/example_dags/example_python_decorator.py
[2024-10-30T20:56:15.928-0300] {processor.py:914} INFO - Processing file /home/nico/.local/lib/python3.10/site-packages/airflow/example_dags/example_python_decorator.py for tasks to queue
[2024-10-30T20:56:15.934-0300] {logging_mixin.py:190} INFO - [2024-10-30T20:56:15.933-0300] {dagbag.py:588} INFO - Filling up the DagBag from /home/nico/.local/lib/python3.10/site-packages/airflow/example_dags/example_python_decorator.py
[2024-10-30T20:56:16.002-0300] {processor.py:925} INFO - DAG(s) 'example_python_decorator' retrieved from /home/nico/.local/lib/python3.10/site-packages/airflow/example_dags/example_python_decorator.py
[2024-10-30T20:56:16.118-0300] {logging_mixin.py:190} INFO - [2024-10-30T20:56:16.117-0300] {dag.py:3239} INFO - Sync 1 DAGs
[2024-10-30T20:56:16.238-0300] {logging_mixin.py:190} INFO - [2024-10-30T20:56:16.237-0300] {dag.py:4180} INFO - Setting next_dagrun for example_python_decorator to None, run_after=None
[2024-10-30T20:56:16.488-0300] {processor.py:208} INFO - Processing /home/nico/.local/lib/python3.10/site-packages/airflow/example_dags/example_python_decorator.py took 0.584 seconds
[2024-10-30T20:57:23.341-0300] {processor.py:186} INFO - Started process (PID=98793) to work on /home/nico/.local/lib/python3.10/site-packages/airflow/example_dags/example_python_decorator.py
[2024-10-30T20:57:23.345-0300] {processor.py:914} INFO - Processing file /home/nico/.local/lib/python3.10/site-packages/airflow/example_dags/example_python_decorator.py for tasks to queue
[2024-10-30T20:57:23.350-0300] {logging_mixin.py:190} INFO - [2024-10-30T20:57:23.349-0300] {dagbag.py:588} INFO - Filling up the DagBag from /home/nico/.local/lib/python3.10/site-packages/airflow/example_dags/example_python_decorator.py
[2024-10-30T20:57:23.392-0300] {processor.py:925} INFO - DAG(s) 'example_python_decorator' retrieved from /home/nico/.local/lib/python3.10/site-packages/airflow/example_dags/example_python_decorator.py
[2024-10-30T20:57:23.469-0300] {logging_mixin.py:190} INFO - [2024-10-30T20:57:23.468-0300] {dag.py:3239} INFO - Sync 1 DAGs
[2024-10-30T20:57:23.507-0300] {logging_mixin.py:190} INFO - [2024-10-30T20:57:23.507-0300] {dag.py:4180} INFO - Setting next_dagrun for example_python_decorator to None, run_after=None
[2024-10-30T20:57:23.638-0300] {processor.py:208} INFO - Processing /home/nico/.local/lib/python3.10/site-packages/airflow/example_dags/example_python_decorator.py took 0.317 seconds
[2024-10-30T20:58:33.078-0300] {processor.py:186} INFO - Started process (PID=99102) to work on /home/nico/.local/lib/python3.10/site-packages/airflow/example_dags/example_python_decorator.py
[2024-10-30T20:58:33.081-0300] {processor.py:914} INFO - Processing file /home/nico/.local/lib/python3.10/site-packages/airflow/example_dags/example_python_decorator.py for tasks to queue
[2024-10-30T20:58:33.085-0300] {logging_mixin.py:190} INFO - [2024-10-30T20:58:33.084-0300] {dagbag.py:588} INFO - Filling up the DagBag from /home/nico/.local/lib/python3.10/site-packages/airflow/example_dags/example_python_decorator.py
[2024-10-30T20:58:33.127-0300] {processor.py:925} INFO - DAG(s) 'example_python_decorator' retrieved from /home/nico/.local/lib/python3.10/site-packages/airflow/example_dags/example_python_decorator.py
[2024-10-30T20:58:33.183-0300] {logging_mixin.py:190} INFO - [2024-10-30T20:58:33.183-0300] {dag.py:3239} INFO - Sync 1 DAGs
[2024-10-30T20:58:33.221-0300] {logging_mixin.py:190} INFO - [2024-10-30T20:58:33.220-0300] {dag.py:4180} INFO - Setting next_dagrun for example_python_decorator to None, run_after=None
[2024-10-30T20:58:33.359-0300] {processor.py:208} INFO - Processing /home/nico/.local/lib/python3.10/site-packages/airflow/example_dags/example_python_decorator.py took 0.305 seconds
[2024-10-30T20:59:39.023-0300] {processor.py:186} INFO - Started process (PID=99394) to work on /home/nico/.local/lib/python3.10/site-packages/airflow/example_dags/example_python_decorator.py
[2024-10-30T20:59:39.025-0300] {processor.py:914} INFO - Processing file /home/nico/.local/lib/python3.10/site-packages/airflow/example_dags/example_python_decorator.py for tasks to queue
[2024-10-30T20:59:39.029-0300] {logging_mixin.py:190} INFO - [2024-10-30T20:59:39.028-0300] {dagbag.py:588} INFO - Filling up the DagBag from /home/nico/.local/lib/python3.10/site-packages/airflow/example_dags/example_python_decorator.py
[2024-10-30T20:59:39.063-0300] {processor.py:925} INFO - DAG(s) 'example_python_decorator' retrieved from /home/nico/.local/lib/python3.10/site-packages/airflow/example_dags/example_python_decorator.py
[2024-10-30T20:59:39.156-0300] {logging_mixin.py:190} INFO - [2024-10-30T20:59:39.155-0300] {dag.py:3239} INFO - Sync 1 DAGs
[2024-10-30T20:59:39.219-0300] {logging_mixin.py:190} INFO - [2024-10-30T20:59:39.218-0300] {dag.py:4180} INFO - Setting next_dagrun for example_python_decorator to None, run_after=None
[2024-10-30T20:59:39.382-0300] {processor.py:208} INFO - Processing /home/nico/.local/lib/python3.10/site-packages/airflow/example_dags/example_python_decorator.py took 0.374 seconds
