[2024-10-30T19:50:22.592-0300] {processor.py:186} INFO - Started process (PID=81094) to work on /home/nico/.local/lib/python3.10/site-packages/airflow/example_dags/example_latest_only.py
[2024-10-30T19:50:22.599-0300] {processor.py:914} INFO - Processing file /home/nico/.local/lib/python3.10/site-packages/airflow/example_dags/example_latest_only.py for tasks to queue
[2024-10-30T19:50:22.613-0300] {logging_mixin.py:190} INFO - [2024-10-30T19:50:22.612-0300] {dagbag.py:588} INFO - Filling up the DagBag from /home/nico/.local/lib/python3.10/site-packages/airflow/example_dags/example_latest_only.py
[2024-10-30T19:50:22.672-0300] {processor.py:925} INFO - DAG(s) 'latest_only' retrieved from /home/nico/.local/lib/python3.10/site-packages/airflow/example_dags/example_latest_only.py
[2024-10-30T19:50:24.401-0300] {logging_mixin.py:190} INFO - [2024-10-30T19:50:24.400-0300] {dag.py:3239} INFO - Sync 1 DAGs
[2024-10-30T19:50:24.838-0300] {logging_mixin.py:190} INFO - [2024-10-30T19:50:24.837-0300] {dag.py:4180} INFO - Setting next_dagrun for latest_only to 2024-10-30 16:00:00+00:00, run_after=2024-10-30 20:00:00+00:00
[2024-10-30T19:50:26.735-0300] {processor.py:208} INFO - Processing /home/nico/.local/lib/python3.10/site-packages/airflow/example_dags/example_latest_only.py took 4.185 seconds
[2024-10-30T20:08:02.741-0300] {processor.py:186} INFO - Started process (PID=85288) to work on /home/nico/.local/lib/python3.10/site-packages/airflow/example_dags/example_latest_only.py
[2024-10-30T20:08:02.744-0300] {processor.py:914} INFO - Processing file /home/nico/.local/lib/python3.10/site-packages/airflow/example_dags/example_latest_only.py for tasks to queue
[2024-10-30T20:08:02.760-0300] {logging_mixin.py:190} INFO - [2024-10-30T20:08:02.759-0300] {dagbag.py:588} INFO - Filling up the DagBag from /home/nico/.local/lib/python3.10/site-packages/airflow/example_dags/example_latest_only.py
[2024-10-30T20:08:02.825-0300] {processor.py:925} INFO - DAG(s) 'latest_only' retrieved from /home/nico/.local/lib/python3.10/site-packages/airflow/example_dags/example_latest_only.py
[2024-10-30T20:08:02.997-0300] {logging_mixin.py:190} INFO - [2024-10-30T20:08:02.997-0300] {dag.py:3239} INFO - Sync 1 DAGs
[2024-10-30T20:08:03.204-0300] {logging_mixin.py:190} INFO - [2024-10-30T20:08:03.203-0300] {dag.py:4180} INFO - Setting next_dagrun for latest_only to 2024-10-30 16:00:00+00:00, run_after=2024-10-30 20:00:00+00:00
[2024-10-30T20:08:03.445-0300] {processor.py:208} INFO - Processing /home/nico/.local/lib/python3.10/site-packages/airflow/example_dags/example_latest_only.py took 0.755 seconds
[2024-10-30T20:10:48.596-0300] {processor.py:186} INFO - Started process (PID=85995) to work on /home/nico/.local/lib/python3.10/site-packages/airflow/example_dags/example_latest_only.py
[2024-10-30T20:10:48.620-0300] {processor.py:914} INFO - Processing file /home/nico/.local/lib/python3.10/site-packages/airflow/example_dags/example_latest_only.py for tasks to queue
[2024-10-30T20:10:48.627-0300] {logging_mixin.py:190} INFO - [2024-10-30T20:10:48.626-0300] {dagbag.py:588} INFO - Filling up the DagBag from /home/nico/.local/lib/python3.10/site-packages/airflow/example_dags/example_latest_only.py
[2024-10-30T20:10:48.660-0300] {processor.py:925} INFO - DAG(s) 'latest_only' retrieved from /home/nico/.local/lib/python3.10/site-packages/airflow/example_dags/example_latest_only.py
[2024-10-30T20:10:48.732-0300] {logging_mixin.py:190} INFO - [2024-10-30T20:10:48.731-0300] {dag.py:3239} INFO - Sync 1 DAGs
[2024-10-30T20:10:48.881-0300] {logging_mixin.py:190} INFO - [2024-10-30T20:10:48.880-0300] {dag.py:4180} INFO - Setting next_dagrun for latest_only to 2024-10-30 16:00:00+00:00, run_after=2024-10-30 20:00:00+00:00
[2024-10-30T20:10:49.022-0300] {processor.py:208} INFO - Processing /home/nico/.local/lib/python3.10/site-packages/airflow/example_dags/example_latest_only.py took 0.454 seconds
[2024-10-30T20:12:32.280-0300] {processor.py:186} INFO - Started process (PID=86442) to work on /home/nico/.local/lib/python3.10/site-packages/airflow/example_dags/example_latest_only.py
[2024-10-30T20:12:32.282-0300] {processor.py:914} INFO - Processing file /home/nico/.local/lib/python3.10/site-packages/airflow/example_dags/example_latest_only.py for tasks to queue
[2024-10-30T20:12:32.289-0300] {logging_mixin.py:190} INFO - [2024-10-30T20:12:32.288-0300] {dagbag.py:588} INFO - Filling up the DagBag from /home/nico/.local/lib/python3.10/site-packages/airflow/example_dags/example_latest_only.py
[2024-10-30T20:12:32.308-0300] {processor.py:925} INFO - DAG(s) 'latest_only' retrieved from /home/nico/.local/lib/python3.10/site-packages/airflow/example_dags/example_latest_only.py
[2024-10-30T20:12:32.369-0300] {logging_mixin.py:190} INFO - [2024-10-30T20:12:32.369-0300] {dag.py:3239} INFO - Sync 1 DAGs
[2024-10-30T20:12:32.437-0300] {logging_mixin.py:190} INFO - [2024-10-30T20:12:32.436-0300] {dag.py:4180} INFO - Setting next_dagrun for latest_only to 2024-10-30 16:00:00+00:00, run_after=2024-10-30 20:00:00+00:00
[2024-10-30T20:12:32.560-0300] {processor.py:208} INFO - Processing /home/nico/.local/lib/python3.10/site-packages/airflow/example_dags/example_latest_only.py took 0.299 seconds
[2024-10-30T20:31:39.323-0300] {processor.py:186} INFO - Started process (PID=91439) to work on /home/nico/.local/lib/python3.10/site-packages/airflow/example_dags/example_latest_only.py
[2024-10-30T20:31:39.327-0300] {processor.py:914} INFO - Processing file /home/nico/.local/lib/python3.10/site-packages/airflow/example_dags/example_latest_only.py for tasks to queue
[2024-10-30T20:31:39.333-0300] {logging_mixin.py:190} INFO - [2024-10-30T20:31:39.331-0300] {dagbag.py:588} INFO - Filling up the DagBag from /home/nico/.local/lib/python3.10/site-packages/airflow/example_dags/example_latest_only.py
[2024-10-30T20:31:39.355-0300] {processor.py:925} INFO - DAG(s) 'latest_only' retrieved from /home/nico/.local/lib/python3.10/site-packages/airflow/example_dags/example_latest_only.py
[2024-10-30T20:31:39.447-0300] {logging_mixin.py:190} INFO - [2024-10-30T20:31:39.447-0300] {dag.py:3239} INFO - Sync 1 DAGs
[2024-10-30T20:31:39.601-0300] {logging_mixin.py:190} INFO - [2024-10-30T20:31:39.600-0300] {dag.py:4180} INFO - Setting next_dagrun for latest_only to 2024-10-30 16:00:00+00:00, run_after=2024-10-30 20:00:00+00:00
[2024-10-30T20:31:39.948-0300] {processor.py:208} INFO - Processing /home/nico/.local/lib/python3.10/site-packages/airflow/example_dags/example_latest_only.py took 0.651 seconds
[2024-10-30T20:36:56.023-0300] {processor.py:186} INFO - Started process (PID=93518) to work on /home/nico/.local/lib/python3.10/site-packages/airflow/example_dags/example_latest_only.py
[2024-10-30T20:36:56.027-0300] {processor.py:914} INFO - Processing file /home/nico/.local/lib/python3.10/site-packages/airflow/example_dags/example_latest_only.py for tasks to queue
[2024-10-30T20:36:56.046-0300] {logging_mixin.py:190} INFO - [2024-10-30T20:36:56.037-0300] {dagbag.py:588} INFO - Filling up the DagBag from /home/nico/.local/lib/python3.10/site-packages/airflow/example_dags/example_latest_only.py
[2024-10-30T20:36:56.090-0300] {processor.py:925} INFO - DAG(s) 'latest_only' retrieved from /home/nico/.local/lib/python3.10/site-packages/airflow/example_dags/example_latest_only.py
[2024-10-30T20:36:56.368-0300] {logging_mixin.py:190} INFO - [2024-10-30T20:36:56.368-0300] {dag.py:3239} INFO - Sync 1 DAGs
[2024-10-30T20:36:56.526-0300] {logging_mixin.py:190} INFO - [2024-10-30T20:36:56.525-0300] {dag.py:4180} INFO - Setting next_dagrun for latest_only to 2024-10-30 16:00:00+00:00, run_after=2024-10-30 20:00:00+00:00
[2024-10-30T20:36:56.684-0300] {processor.py:208} INFO - Processing /home/nico/.local/lib/python3.10/site-packages/airflow/example_dags/example_latest_only.py took 0.700 seconds
[2024-10-30T20:53:03.763-0300] {processor.py:186} INFO - Started process (PID=97660) to work on /home/nico/.local/lib/python3.10/site-packages/airflow/example_dags/example_latest_only.py
[2024-10-30T20:53:03.767-0300] {processor.py:914} INFO - Processing file /home/nico/.local/lib/python3.10/site-packages/airflow/example_dags/example_latest_only.py for tasks to queue
[2024-10-30T20:53:03.771-0300] {logging_mixin.py:190} INFO - [2024-10-30T20:53:03.770-0300] {dagbag.py:588} INFO - Filling up the DagBag from /home/nico/.local/lib/python3.10/site-packages/airflow/example_dags/example_latest_only.py
[2024-10-30T20:53:03.793-0300] {processor.py:925} INFO - DAG(s) 'latest_only' retrieved from /home/nico/.local/lib/python3.10/site-packages/airflow/example_dags/example_latest_only.py
[2024-10-30T20:53:03.880-0300] {logging_mixin.py:190} INFO - [2024-10-30T20:53:03.879-0300] {dag.py:3239} INFO - Sync 1 DAGs
[2024-10-30T20:53:03.960-0300] {logging_mixin.py:190} INFO - [2024-10-30T20:53:03.960-0300] {dag.py:4180} INFO - Setting next_dagrun for latest_only to 2024-10-30 16:00:00+00:00, run_after=2024-10-30 20:00:00+00:00
[2024-10-30T20:53:04.145-0300] {processor.py:208} INFO - Processing /home/nico/.local/lib/python3.10/site-packages/airflow/example_dags/example_latest_only.py took 0.402 seconds
[2024-10-30T20:55:08.253-0300] {processor.py:186} INFO - Started process (PID=98195) to work on /home/nico/.local/lib/python3.10/site-packages/airflow/example_dags/example_latest_only.py
[2024-10-30T20:55:08.258-0300] {processor.py:914} INFO - Processing file /home/nico/.local/lib/python3.10/site-packages/airflow/example_dags/example_latest_only.py for tasks to queue
[2024-10-30T20:55:08.269-0300] {logging_mixin.py:190} INFO - [2024-10-30T20:55:08.268-0300] {dagbag.py:588} INFO - Filling up the DagBag from /home/nico/.local/lib/python3.10/site-packages/airflow/example_dags/example_latest_only.py
[2024-10-30T20:55:08.308-0300] {processor.py:925} INFO - DAG(s) 'latest_only' retrieved from /home/nico/.local/lib/python3.10/site-packages/airflow/example_dags/example_latest_only.py
[2024-10-30T20:55:08.495-0300] {logging_mixin.py:190} INFO - [2024-10-30T20:55:08.495-0300] {dag.py:3239} INFO - Sync 1 DAGs
[2024-10-30T20:55:08.600-0300] {logging_mixin.py:190} INFO - [2024-10-30T20:55:08.599-0300] {dag.py:4180} INFO - Setting next_dagrun for latest_only to 2024-10-30 16:00:00+00:00, run_after=2024-10-30 20:00:00+00:00
[2024-10-30T20:55:08.767-0300] {processor.py:208} INFO - Processing /home/nico/.local/lib/python3.10/site-packages/airflow/example_dags/example_latest_only.py took 0.550 seconds
[2024-10-30T20:56:22.898-0300] {processor.py:186} INFO - Started process (PID=98525) to work on /home/nico/.local/lib/python3.10/site-packages/airflow/example_dags/example_latest_only.py
[2024-10-30T20:56:22.903-0300] {processor.py:914} INFO - Processing file /home/nico/.local/lib/python3.10/site-packages/airflow/example_dags/example_latest_only.py for tasks to queue
[2024-10-30T20:56:22.908-0300] {logging_mixin.py:190} INFO - [2024-10-30T20:56:22.907-0300] {dagbag.py:588} INFO - Filling up the DagBag from /home/nico/.local/lib/python3.10/site-packages/airflow/example_dags/example_latest_only.py
[2024-10-30T20:56:22.941-0300] {processor.py:925} INFO - DAG(s) 'latest_only' retrieved from /home/nico/.local/lib/python3.10/site-packages/airflow/example_dags/example_latest_only.py
[2024-10-30T20:56:23.020-0300] {logging_mixin.py:190} INFO - [2024-10-30T20:56:23.019-0300] {dag.py:3239} INFO - Sync 1 DAGs
[2024-10-30T20:56:23.111-0300] {logging_mixin.py:190} INFO - [2024-10-30T20:56:23.110-0300] {dag.py:4180} INFO - Setting next_dagrun for latest_only to 2024-10-30 16:00:00+00:00, run_after=2024-10-30 20:00:00+00:00
[2024-10-30T20:56:23.251-0300] {processor.py:208} INFO - Processing /home/nico/.local/lib/python3.10/site-packages/airflow/example_dags/example_latest_only.py took 0.380 seconds
[2024-10-30T20:58:38.369-0300] {processor.py:186} INFO - Started process (PID=99125) to work on /home/nico/.local/lib/python3.10/site-packages/airflow/example_dags/example_latest_only.py
[2024-10-30T20:58:38.372-0300] {processor.py:914} INFO - Processing file /home/nico/.local/lib/python3.10/site-packages/airflow/example_dags/example_latest_only.py for tasks to queue
[2024-10-30T20:58:38.376-0300] {logging_mixin.py:190} INFO - [2024-10-30T20:58:38.375-0300] {dagbag.py:588} INFO - Filling up the DagBag from /home/nico/.local/lib/python3.10/site-packages/airflow/example_dags/example_latest_only.py
[2024-10-30T20:58:38.389-0300] {processor.py:925} INFO - DAG(s) 'latest_only' retrieved from /home/nico/.local/lib/python3.10/site-packages/airflow/example_dags/example_latest_only.py
[2024-10-30T20:58:38.460-0300] {logging_mixin.py:190} INFO - [2024-10-30T20:58:38.460-0300] {dag.py:3239} INFO - Sync 1 DAGs
[2024-10-30T20:58:38.543-0300] {logging_mixin.py:190} INFO - [2024-10-30T20:58:38.542-0300] {dag.py:4180} INFO - Setting next_dagrun for latest_only to 2024-10-30 16:00:00+00:00, run_after=2024-10-30 20:00:00+00:00
[2024-10-30T20:58:38.718-0300] {processor.py:208} INFO - Processing /home/nico/.local/lib/python3.10/site-packages/airflow/example_dags/example_latest_only.py took 0.363 seconds
