[2024-10-30T20:09:47.109-0300] {processor.py:186} INFO - Started process (PID=85727) to work on /home/nico/.local/lib/python3.10/site-packages/airflow/example_dags/example_branch_labels.py
[2024-10-30T20:09:47.113-0300] {processor.py:914} INFO - Processing file /home/nico/.local/lib/python3.10/site-packages/airflow/example_dags/example_branch_labels.py for tasks to queue
[2024-10-30T20:09:47.121-0300] {logging_mixin.py:190} INFO - [2024-10-30T20:09:47.119-0300] {dagbag.py:588} INFO - Filling up the DagBag from /home/nico/.local/lib/python3.10/site-packages/airflow/example_dags/example_branch_labels.py
[2024-10-30T20:09:47.171-0300] {processor.py:925} INFO - DAG(s) 'example_branch_labels' retrieved from /home/nico/.local/lib/python3.10/site-packages/airflow/example_dags/example_branch_labels.py
[2024-10-30T20:09:47.230-0300] {logging_mixin.py:190} INFO - [2024-10-30T20:09:47.230-0300] {dag.py:3239} INFO - Sync 1 DAGs
[2024-10-30T20:09:47.323-0300] {logging_mixin.py:190} INFO - [2024-10-30T20:09:47.322-0300] {dag.py:4180} INFO - Setting next_dagrun for example_branch_labels to 2024-10-29 00:00:00+00:00, run_after=2024-10-30 00:00:00+00:00
[2024-10-30T20:09:47.502-0300] {processor.py:208} INFO - Processing /home/nico/.local/lib/python3.10/site-packages/airflow/example_dags/example_branch_labels.py took 0.423 seconds
[2024-10-30T20:54:19.697-0300] {processor.py:186} INFO - Started process (PID=97979) to work on /home/nico/.local/lib/python3.10/site-packages/airflow/example_dags/example_branch_labels.py
[2024-10-30T20:54:19.700-0300] {processor.py:914} INFO - Processing file /home/nico/.local/lib/python3.10/site-packages/airflow/example_dags/example_branch_labels.py for tasks to queue
[2024-10-30T20:54:19.704-0300] {logging_mixin.py:190} INFO - [2024-10-30T20:54:19.703-0300] {dagbag.py:588} INFO - Filling up the DagBag from /home/nico/.local/lib/python3.10/site-packages/airflow/example_dags/example_branch_labels.py
[2024-10-30T20:54:19.726-0300] {processor.py:925} INFO - DAG(s) 'example_branch_labels' retrieved from /home/nico/.local/lib/python3.10/site-packages/airflow/example_dags/example_branch_labels.py
[2024-10-30T20:54:19.823-0300] {logging_mixin.py:190} INFO - [2024-10-30T20:54:19.822-0300] {dag.py:3239} INFO - Sync 1 DAGs
[2024-10-30T20:54:19.926-0300] {logging_mixin.py:190} INFO - [2024-10-30T20:54:19.925-0300] {dag.py:4180} INFO - Setting next_dagrun for example_branch_labels to 2024-10-29 00:00:00+00:00, run_after=2024-10-30 00:00:00+00:00
[2024-10-30T20:54:20.085-0300] {processor.py:208} INFO - Processing /home/nico/.local/lib/python3.10/site-packages/airflow/example_dags/example_branch_labels.py took 0.405 seconds
[2024-10-30T20:56:43.624-0300] {processor.py:186} INFO - Started process (PID=98618) to work on /home/nico/.local/lib/python3.10/site-packages/airflow/example_dags/example_branch_labels.py
[2024-10-30T20:56:43.627-0300] {processor.py:914} INFO - Processing file /home/nico/.local/lib/python3.10/site-packages/airflow/example_dags/example_branch_labels.py for tasks to queue
[2024-10-30T20:56:43.638-0300] {logging_mixin.py:190} INFO - [2024-10-30T20:56:43.630-0300] {dagbag.py:588} INFO - Filling up the DagBag from /home/nico/.local/lib/python3.10/site-packages/airflow/example_dags/example_branch_labels.py
[2024-10-30T20:56:43.664-0300] {processor.py:925} INFO - DAG(s) 'example_branch_labels' retrieved from /home/nico/.local/lib/python3.10/site-packages/airflow/example_dags/example_branch_labels.py
[2024-10-30T20:56:43.721-0300] {logging_mixin.py:190} INFO - [2024-10-30T20:56:43.721-0300] {dag.py:3239} INFO - Sync 1 DAGs
[2024-10-30T20:56:43.786-0300] {logging_mixin.py:190} INFO - [2024-10-30T20:56:43.785-0300] {dag.py:4180} INFO - Setting next_dagrun for example_branch_labels to 2024-10-29 00:00:00+00:00, run_after=2024-10-30 00:00:00+00:00
[2024-10-30T20:56:43.922-0300] {processor.py:208} INFO - Processing /home/nico/.local/lib/python3.10/site-packages/airflow/example_dags/example_branch_labels.py took 0.318 seconds
[2024-10-30T20:58:59.770-0300] {processor.py:186} INFO - Started process (PID=99221) to work on /home/nico/.local/lib/python3.10/site-packages/airflow/example_dags/example_branch_labels.py
[2024-10-30T20:58:59.773-0300] {processor.py:914} INFO - Processing file /home/nico/.local/lib/python3.10/site-packages/airflow/example_dags/example_branch_labels.py for tasks to queue
[2024-10-30T20:58:59.776-0300] {logging_mixin.py:190} INFO - [2024-10-30T20:58:59.775-0300] {dagbag.py:588} INFO - Filling up the DagBag from /home/nico/.local/lib/python3.10/site-packages/airflow/example_dags/example_branch_labels.py
[2024-10-30T20:58:59.793-0300] {processor.py:925} INFO - DAG(s) 'example_branch_labels' retrieved from /home/nico/.local/lib/python3.10/site-packages/airflow/example_dags/example_branch_labels.py
[2024-10-30T20:58:59.845-0300] {logging_mixin.py:190} INFO - [2024-10-30T20:58:59.845-0300] {dag.py:3239} INFO - Sync 1 DAGs
[2024-10-30T20:58:59.912-0300] {logging_mixin.py:190} INFO - [2024-10-30T20:58:59.911-0300] {dag.py:4180} INFO - Setting next_dagrun for example_branch_labels to 2024-10-29 00:00:00+00:00, run_after=2024-10-30 00:00:00+00:00
[2024-10-30T20:59:00.103-0300] {processor.py:208} INFO - Processing /home/nico/.local/lib/python3.10/site-packages/airflow/example_dags/example_branch_labels.py took 0.351 seconds
