[2024-10-30T20:08:58.667-0300] {processor.py:186} INFO - Started process (PID=85517) to work on /home/nico/.local/lib/python3.10/site-packages/airflow/example_dags/example_sensor_decorator.py
[2024-10-30T20:08:58.675-0300] {processor.py:914} INFO - Processing file /home/nico/.local/lib/python3.10/site-packages/airflow/example_dags/example_sensor_decorator.py for tasks to queue
[2024-10-30T20:08:58.682-0300] {logging_mixin.py:190} INFO - [2024-10-30T20:08:58.681-0300] {dagbag.py:588} INFO - Filling up the DagBag from /home/nico/.local/lib/python3.10/site-packages/airflow/example_dags/example_sensor_decorator.py
[2024-10-30T20:08:58.738-0300] {processor.py:925} INFO - DAG(s) 'example_sensor_decorator' retrieved from /home/nico/.local/lib/python3.10/site-packages/airflow/example_dags/example_sensor_decorator.py
[2024-10-30T20:08:58.950-0300] {logging_mixin.py:190} INFO - [2024-10-30T20:08:58.949-0300] {dag.py:3239} INFO - Sync 1 DAGs
[2024-10-30T20:08:59.084-0300] {logging_mixin.py:190} INFO - [2024-10-30T20:08:59.083-0300] {dag.py:4180} INFO - Setting next_dagrun for example_sensor_decorator to None, run_after=None
[2024-10-30T20:08:59.330-0300] {processor.py:208} INFO - Processing /home/nico/.local/lib/python3.10/site-packages/airflow/example_dags/example_sensor_decorator.py took 0.682 seconds
[2024-10-30T20:11:08.130-0300] {processor.py:186} INFO - Started process (PID=86082) to work on /home/nico/.local/lib/python3.10/site-packages/airflow/example_dags/example_sensor_decorator.py
[2024-10-30T20:11:08.143-0300] {processor.py:914} INFO - Processing file /home/nico/.local/lib/python3.10/site-packages/airflow/example_dags/example_sensor_decorator.py for tasks to queue
[2024-10-30T20:11:08.162-0300] {logging_mixin.py:190} INFO - [2024-10-30T20:11:08.160-0300] {dagbag.py:588} INFO - Filling up the DagBag from /home/nico/.local/lib/python3.10/site-packages/airflow/example_dags/example_sensor_decorator.py
[2024-10-30T20:11:08.240-0300] {processor.py:925} INFO - DAG(s) 'example_sensor_decorator' retrieved from /home/nico/.local/lib/python3.10/site-packages/airflow/example_dags/example_sensor_decorator.py
[2024-10-30T20:11:08.407-0300] {logging_mixin.py:190} INFO - [2024-10-30T20:11:08.406-0300] {dag.py:3239} INFO - Sync 1 DAGs
[2024-10-30T20:11:08.528-0300] {logging_mixin.py:190} INFO - [2024-10-30T20:11:08.520-0300] {dag.py:4180} INFO - Setting next_dagrun for example_sensor_decorator to None, run_after=None
[2024-10-30T20:11:08.860-0300] {processor.py:208} INFO - Processing /home/nico/.local/lib/python3.10/site-packages/airflow/example_dags/example_sensor_decorator.py took 0.784 seconds
[2024-10-30T20:13:19.850-0300] {processor.py:186} INFO - Started process (PID=86647) to work on /home/nico/.local/lib/python3.10/site-packages/airflow/example_dags/example_sensor_decorator.py
[2024-10-30T20:13:19.852-0300] {processor.py:914} INFO - Processing file /home/nico/.local/lib/python3.10/site-packages/airflow/example_dags/example_sensor_decorator.py for tasks to queue
[2024-10-30T20:13:19.861-0300] {logging_mixin.py:190} INFO - [2024-10-30T20:13:19.857-0300] {dagbag.py:588} INFO - Filling up the DagBag from /home/nico/.local/lib/python3.10/site-packages/airflow/example_dags/example_sensor_decorator.py
[2024-10-30T20:13:19.884-0300] {processor.py:925} INFO - DAG(s) 'example_sensor_decorator' retrieved from /home/nico/.local/lib/python3.10/site-packages/airflow/example_dags/example_sensor_decorator.py
[2024-10-30T20:13:20.059-0300] {logging_mixin.py:190} INFO - [2024-10-30T20:13:20.058-0300] {dag.py:3239} INFO - Sync 1 DAGs
[2024-10-30T20:13:20.270-0300] {logging_mixin.py:190} INFO - [2024-10-30T20:13:20.269-0300] {dag.py:4180} INFO - Setting next_dagrun for example_sensor_decorator to None, run_after=None
[2024-10-30T20:13:20.545-0300] {processor.py:208} INFO - Processing /home/nico/.local/lib/python3.10/site-packages/airflow/example_dags/example_sensor_decorator.py took 0.713 seconds
[2024-10-30T20:53:21.294-0300] {processor.py:186} INFO - Started process (PID=97737) to work on /home/nico/.local/lib/python3.10/site-packages/airflow/example_dags/example_sensor_decorator.py
[2024-10-30T20:53:21.297-0300] {processor.py:914} INFO - Processing file /home/nico/.local/lib/python3.10/site-packages/airflow/example_dags/example_sensor_decorator.py for tasks to queue
[2024-10-30T20:53:21.302-0300] {logging_mixin.py:190} INFO - [2024-10-30T20:53:21.301-0300] {dagbag.py:588} INFO - Filling up the DagBag from /home/nico/.local/lib/python3.10/site-packages/airflow/example_dags/example_sensor_decorator.py
[2024-10-30T20:53:21.317-0300] {processor.py:925} INFO - DAG(s) 'example_sensor_decorator' retrieved from /home/nico/.local/lib/python3.10/site-packages/airflow/example_dags/example_sensor_decorator.py
[2024-10-30T20:53:21.391-0300] {logging_mixin.py:190} INFO - [2024-10-30T20:53:21.390-0300] {dag.py:3239} INFO - Sync 1 DAGs
[2024-10-30T20:53:21.437-0300] {logging_mixin.py:190} INFO - [2024-10-30T20:53:21.436-0300] {dag.py:4180} INFO - Setting next_dagrun for example_sensor_decorator to None, run_after=None
[2024-10-30T20:53:21.614-0300] {processor.py:208} INFO - Processing /home/nico/.local/lib/python3.10/site-packages/airflow/example_dags/example_sensor_decorator.py took 0.336 seconds
[2024-10-30T20:55:26.087-0300] {processor.py:186} INFO - Started process (PID=98272) to work on /home/nico/.local/lib/python3.10/site-packages/airflow/example_dags/example_sensor_decorator.py
[2024-10-30T20:55:26.094-0300] {processor.py:914} INFO - Processing file /home/nico/.local/lib/python3.10/site-packages/airflow/example_dags/example_sensor_decorator.py for tasks to queue
[2024-10-30T20:55:26.099-0300] {logging_mixin.py:190} INFO - [2024-10-30T20:55:26.098-0300] {dagbag.py:588} INFO - Filling up the DagBag from /home/nico/.local/lib/python3.10/site-packages/airflow/example_dags/example_sensor_decorator.py
[2024-10-30T20:55:26.121-0300] {processor.py:925} INFO - DAG(s) 'example_sensor_decorator' retrieved from /home/nico/.local/lib/python3.10/site-packages/airflow/example_dags/example_sensor_decorator.py
[2024-10-30T20:55:26.220-0300] {logging_mixin.py:190} INFO - [2024-10-30T20:55:26.220-0300] {dag.py:3239} INFO - Sync 1 DAGs
[2024-10-30T20:55:26.291-0300] {logging_mixin.py:190} INFO - [2024-10-30T20:55:26.290-0300] {dag.py:4180} INFO - Setting next_dagrun for example_sensor_decorator to None, run_after=None
[2024-10-30T20:55:26.431-0300] {processor.py:208} INFO - Processing /home/nico/.local/lib/python3.10/site-packages/airflow/example_dags/example_sensor_decorator.py took 0.367 seconds
[2024-10-30T20:57:40.100-0300] {processor.py:186} INFO - Started process (PID=98868) to work on /home/nico/.local/lib/python3.10/site-packages/airflow/example_dags/example_sensor_decorator.py
[2024-10-30T20:57:40.102-0300] {processor.py:914} INFO - Processing file /home/nico/.local/lib/python3.10/site-packages/airflow/example_dags/example_sensor_decorator.py for tasks to queue
[2024-10-30T20:57:40.106-0300] {logging_mixin.py:190} INFO - [2024-10-30T20:57:40.105-0300] {dagbag.py:588} INFO - Filling up the DagBag from /home/nico/.local/lib/python3.10/site-packages/airflow/example_dags/example_sensor_decorator.py
[2024-10-30T20:57:40.123-0300] {processor.py:925} INFO - DAG(s) 'example_sensor_decorator' retrieved from /home/nico/.local/lib/python3.10/site-packages/airflow/example_dags/example_sensor_decorator.py
[2024-10-30T20:57:40.178-0300] {logging_mixin.py:190} INFO - [2024-10-30T20:57:40.178-0300] {dag.py:3239} INFO - Sync 1 DAGs
[2024-10-30T20:57:40.212-0300] {logging_mixin.py:190} INFO - [2024-10-30T20:57:40.211-0300] {dag.py:4180} INFO - Setting next_dagrun for example_sensor_decorator to None, run_after=None
[2024-10-30T20:57:40.350-0300] {processor.py:208} INFO - Processing /home/nico/.local/lib/python3.10/site-packages/airflow/example_dags/example_sensor_decorator.py took 0.268 seconds
[2024-10-30T20:59:57.074-0300] {processor.py:186} INFO - Started process (PID=99476) to work on /home/nico/.local/lib/python3.10/site-packages/airflow/example_dags/example_sensor_decorator.py
[2024-10-30T20:59:57.077-0300] {processor.py:914} INFO - Processing file /home/nico/.local/lib/python3.10/site-packages/airflow/example_dags/example_sensor_decorator.py for tasks to queue
[2024-10-30T20:59:57.080-0300] {logging_mixin.py:190} INFO - [2024-10-30T20:59:57.079-0300] {dagbag.py:588} INFO - Filling up the DagBag from /home/nico/.local/lib/python3.10/site-packages/airflow/example_dags/example_sensor_decorator.py
[2024-10-30T20:59:57.095-0300] {processor.py:925} INFO - DAG(s) 'example_sensor_decorator' retrieved from /home/nico/.local/lib/python3.10/site-packages/airflow/example_dags/example_sensor_decorator.py
[2024-10-30T20:59:57.148-0300] {logging_mixin.py:190} INFO - [2024-10-30T20:59:57.148-0300] {dag.py:3239} INFO - Sync 1 DAGs
[2024-10-30T20:59:57.200-0300] {logging_mixin.py:190} INFO - [2024-10-30T20:59:57.199-0300] {dag.py:4180} INFO - Setting next_dagrun for example_sensor_decorator to None, run_after=None
[2024-10-30T20:59:57.327-0300] {processor.py:208} INFO - Processing /home/nico/.local/lib/python3.10/site-packages/airflow/example_dags/example_sensor_decorator.py took 0.267 seconds
