[2024-10-30T19:51:07.232-0300] {processor.py:186} INFO - Started process (PID=81268) to work on /home/nico/.local/lib/python3.10/site-packages/airflow/example_dags/example_kubernetes_executor.py
[2024-10-30T19:51:07.246-0300] {processor.py:914} INFO - Processing file /home/nico/.local/lib/python3.10/site-packages/airflow/example_dags/example_kubernetes_executor.py for tasks to queue
[2024-10-30T19:51:07.250-0300] {logging_mixin.py:190} INFO - [2024-10-30T19:51:07.249-0300] {dagbag.py:588} INFO - Filling up the DagBag from /home/nico/.local/lib/python3.10/site-packages/airflow/example_dags/example_kubernetes_executor.py
[2024-10-30T19:51:07.288-0300] {logging_mixin.py:190} INFO - [2024-10-30T19:51:07.288-0300] {example_kubernetes_executor.py:39} WARNING - The example_kubernetes_executor example DAG requires the kubernetes provider. Please install it with: pip install apache-airflow[cncf.kubernetes]
[2024-10-30T19:51:07.290-0300] {processor.py:927} WARNING - No viable dags retrieved from /home/nico/.local/lib/python3.10/site-packages/airflow/example_dags/example_kubernetes_executor.py
[2024-10-30T19:51:07.410-0300] {processor.py:208} INFO - Processing /home/nico/.local/lib/python3.10/site-packages/airflow/example_dags/example_kubernetes_executor.py took 0.216 seconds
[2024-10-30T20:08:50.467-0300] {processor.py:186} INFO - Started process (PID=85480) to work on /home/nico/.local/lib/python3.10/site-packages/airflow/example_dags/example_kubernetes_executor.py
[2024-10-30T20:08:50.471-0300] {processor.py:914} INFO - Processing file /home/nico/.local/lib/python3.10/site-packages/airflow/example_dags/example_kubernetes_executor.py for tasks to queue
[2024-10-30T20:08:50.479-0300] {logging_mixin.py:190} INFO - [2024-10-30T20:08:50.478-0300] {dagbag.py:588} INFO - Filling up the DagBag from /home/nico/.local/lib/python3.10/site-packages/airflow/example_dags/example_kubernetes_executor.py
[2024-10-30T20:08:50.499-0300] {logging_mixin.py:190} INFO - [2024-10-30T20:08:50.498-0300] {example_kubernetes_executor.py:39} WARNING - The example_kubernetes_executor example DAG requires the kubernetes provider. Please install it with: pip install apache-airflow[cncf.kubernetes]
[2024-10-30T20:08:50.501-0300] {processor.py:927} WARNING - No viable dags retrieved from /home/nico/.local/lib/python3.10/site-packages/airflow/example_dags/example_kubernetes_executor.py
[2024-10-30T20:08:50.576-0300] {processor.py:208} INFO - Processing /home/nico/.local/lib/python3.10/site-packages/airflow/example_dags/example_kubernetes_executor.py took 0.129 seconds
[2024-10-30T20:10:58.431-0300] {processor.py:186} INFO - Started process (PID=86040) to work on /home/nico/.local/lib/python3.10/site-packages/airflow/example_dags/example_kubernetes_executor.py
[2024-10-30T20:10:58.435-0300] {processor.py:914} INFO - Processing file /home/nico/.local/lib/python3.10/site-packages/airflow/example_dags/example_kubernetes_executor.py for tasks to queue
[2024-10-30T20:10:58.444-0300] {logging_mixin.py:190} INFO - [2024-10-30T20:10:58.443-0300] {dagbag.py:588} INFO - Filling up the DagBag from /home/nico/.local/lib/python3.10/site-packages/airflow/example_dags/example_kubernetes_executor.py
[2024-10-30T20:10:58.459-0300] {logging_mixin.py:190} INFO - [2024-10-30T20:10:58.458-0300] {example_kubernetes_executor.py:39} WARNING - The example_kubernetes_executor example DAG requires the kubernetes provider. Please install it with: pip install apache-airflow[cncf.kubernetes]
[2024-10-30T20:10:58.460-0300] {processor.py:927} WARNING - No viable dags retrieved from /home/nico/.local/lib/python3.10/site-packages/airflow/example_dags/example_kubernetes_executor.py
[2024-10-30T20:10:58.524-0300] {processor.py:208} INFO - Processing /home/nico/.local/lib/python3.10/site-packages/airflow/example_dags/example_kubernetes_executor.py took 0.118 seconds
[2024-10-30T20:12:41.302-0300] {processor.py:186} INFO - Started process (PID=86484) to work on /home/nico/.local/lib/python3.10/site-packages/airflow/example_dags/example_kubernetes_executor.py
[2024-10-30T20:12:41.306-0300] {processor.py:914} INFO - Processing file /home/nico/.local/lib/python3.10/site-packages/airflow/example_dags/example_kubernetes_executor.py for tasks to queue
[2024-10-30T20:12:41.313-0300] {logging_mixin.py:190} INFO - [2024-10-30T20:12:41.312-0300] {dagbag.py:588} INFO - Filling up the DagBag from /home/nico/.local/lib/python3.10/site-packages/airflow/example_dags/example_kubernetes_executor.py
[2024-10-30T20:12:41.329-0300] {logging_mixin.py:190} INFO - [2024-10-30T20:12:41.328-0300] {example_kubernetes_executor.py:39} WARNING - The example_kubernetes_executor example DAG requires the kubernetes provider. Please install it with: pip install apache-airflow[cncf.kubernetes]
[2024-10-30T20:12:41.330-0300] {processor.py:927} WARNING - No viable dags retrieved from /home/nico/.local/lib/python3.10/site-packages/airflow/example_dags/example_kubernetes_executor.py
[2024-10-30T20:12:41.375-0300] {processor.py:208} INFO - Processing /home/nico/.local/lib/python3.10/site-packages/airflow/example_dags/example_kubernetes_executor.py took 0.099 seconds
[2024-10-30T20:32:03.671-0300] {processor.py:186} INFO - Started process (PID=91537) to work on /home/nico/.local/lib/python3.10/site-packages/airflow/example_dags/example_kubernetes_executor.py
[2024-10-30T20:32:03.676-0300] {processor.py:914} INFO - Processing file /home/nico/.local/lib/python3.10/site-packages/airflow/example_dags/example_kubernetes_executor.py for tasks to queue
[2024-10-30T20:32:03.680-0300] {logging_mixin.py:190} INFO - [2024-10-30T20:32:03.679-0300] {dagbag.py:588} INFO - Filling up the DagBag from /home/nico/.local/lib/python3.10/site-packages/airflow/example_dags/example_kubernetes_executor.py
[2024-10-30T20:32:03.714-0300] {logging_mixin.py:190} INFO - [2024-10-30T20:32:03.713-0300] {example_kubernetes_executor.py:39} WARNING - The example_kubernetes_executor example DAG requires the kubernetes provider. Please install it with: pip install apache-airflow[cncf.kubernetes]
[2024-10-30T20:32:03.715-0300] {processor.py:927} WARNING - No viable dags retrieved from /home/nico/.local/lib/python3.10/site-packages/airflow/example_dags/example_kubernetes_executor.py
[2024-10-30T20:32:03.769-0300] {processor.py:208} INFO - Processing /home/nico/.local/lib/python3.10/site-packages/airflow/example_dags/example_kubernetes_executor.py took 0.128 seconds
[2024-10-30T20:37:11.750-0300] {processor.py:186} INFO - Started process (PID=93585) to work on /home/nico/.local/lib/python3.10/site-packages/airflow/example_dags/example_kubernetes_executor.py
[2024-10-30T20:37:11.759-0300] {processor.py:914} INFO - Processing file /home/nico/.local/lib/python3.10/site-packages/airflow/example_dags/example_kubernetes_executor.py for tasks to queue
[2024-10-30T20:37:11.781-0300] {logging_mixin.py:190} INFO - [2024-10-30T20:37:11.780-0300] {dagbag.py:588} INFO - Filling up the DagBag from /home/nico/.local/lib/python3.10/site-packages/airflow/example_dags/example_kubernetes_executor.py
[2024-10-30T20:37:11.846-0300] {logging_mixin.py:190} INFO - [2024-10-30T20:37:11.845-0300] {example_kubernetes_executor.py:39} WARNING - The example_kubernetes_executor example DAG requires the kubernetes provider. Please install it with: pip install apache-airflow[cncf.kubernetes]
[2024-10-30T20:37:11.848-0300] {processor.py:927} WARNING - No viable dags retrieved from /home/nico/.local/lib/python3.10/site-packages/airflow/example_dags/example_kubernetes_executor.py
[2024-10-30T20:37:11.949-0300] {processor.py:208} INFO - Processing /home/nico/.local/lib/python3.10/site-packages/airflow/example_dags/example_kubernetes_executor.py took 0.250 seconds
[2024-10-30T20:53:14.276-0300] {processor.py:186} INFO - Started process (PID=97706) to work on /home/nico/.local/lib/python3.10/site-packages/airflow/example_dags/example_kubernetes_executor.py
[2024-10-30T20:53:14.280-0300] {processor.py:914} INFO - Processing file /home/nico/.local/lib/python3.10/site-packages/airflow/example_dags/example_kubernetes_executor.py for tasks to queue
[2024-10-30T20:53:14.287-0300] {logging_mixin.py:190} INFO - [2024-10-30T20:53:14.286-0300] {dagbag.py:588} INFO - Filling up the DagBag from /home/nico/.local/lib/python3.10/site-packages/airflow/example_dags/example_kubernetes_executor.py
[2024-10-30T20:53:14.304-0300] {logging_mixin.py:190} INFO - [2024-10-30T20:53:14.303-0300] {example_kubernetes_executor.py:39} WARNING - The example_kubernetes_executor example DAG requires the kubernetes provider. Please install it with: pip install apache-airflow[cncf.kubernetes]
[2024-10-30T20:53:14.305-0300] {processor.py:927} WARNING - No viable dags retrieved from /home/nico/.local/lib/python3.10/site-packages/airflow/example_dags/example_kubernetes_executor.py
[2024-10-30T20:53:14.385-0300] {processor.py:208} INFO - Processing /home/nico/.local/lib/python3.10/site-packages/airflow/example_dags/example_kubernetes_executor.py took 0.137 seconds
[2024-10-30T20:55:18.928-0300] {processor.py:186} INFO - Started process (PID=98241) to work on /home/nico/.local/lib/python3.10/site-packages/airflow/example_dags/example_kubernetes_executor.py
[2024-10-30T20:55:18.931-0300] {processor.py:914} INFO - Processing file /home/nico/.local/lib/python3.10/site-packages/airflow/example_dags/example_kubernetes_executor.py for tasks to queue
[2024-10-30T20:55:18.934-0300] {logging_mixin.py:190} INFO - [2024-10-30T20:55:18.933-0300] {dagbag.py:588} INFO - Filling up the DagBag from /home/nico/.local/lib/python3.10/site-packages/airflow/example_dags/example_kubernetes_executor.py
[2024-10-30T20:55:18.948-0300] {logging_mixin.py:190} INFO - [2024-10-30T20:55:18.947-0300] {example_kubernetes_executor.py:39} WARNING - The example_kubernetes_executor example DAG requires the kubernetes provider. Please install it with: pip install apache-airflow[cncf.kubernetes]
[2024-10-30T20:55:18.950-0300] {processor.py:927} WARNING - No viable dags retrieved from /home/nico/.local/lib/python3.10/site-packages/airflow/example_dags/example_kubernetes_executor.py
[2024-10-30T20:55:19.005-0300] {processor.py:208} INFO - Processing /home/nico/.local/lib/python3.10/site-packages/airflow/example_dags/example_kubernetes_executor.py took 0.096 seconds
[2024-10-30T20:57:33.409-0300] {processor.py:186} INFO - Started process (PID=98839) to work on /home/nico/.local/lib/python3.10/site-packages/airflow/example_dags/example_kubernetes_executor.py
[2024-10-30T20:57:33.419-0300] {processor.py:914} INFO - Processing file /home/nico/.local/lib/python3.10/site-packages/airflow/example_dags/example_kubernetes_executor.py for tasks to queue
[2024-10-30T20:57:33.429-0300] {logging_mixin.py:190} INFO - [2024-10-30T20:57:33.426-0300] {dagbag.py:588} INFO - Filling up the DagBag from /home/nico/.local/lib/python3.10/site-packages/airflow/example_dags/example_kubernetes_executor.py
[2024-10-30T20:57:33.452-0300] {logging_mixin.py:190} INFO - [2024-10-30T20:57:33.451-0300] {example_kubernetes_executor.py:39} WARNING - The example_kubernetes_executor example DAG requires the kubernetes provider. Please install it with: pip install apache-airflow[cncf.kubernetes]
[2024-10-30T20:57:33.456-0300] {processor.py:927} WARNING - No viable dags retrieved from /home/nico/.local/lib/python3.10/site-packages/airflow/example_dags/example_kubernetes_executor.py
[2024-10-30T20:57:33.554-0300] {processor.py:208} INFO - Processing /home/nico/.local/lib/python3.10/site-packages/airflow/example_dags/example_kubernetes_executor.py took 0.187 seconds
[2024-10-30T20:59:51.515-0300] {processor.py:186} INFO - Started process (PID=99449) to work on /home/nico/.local/lib/python3.10/site-packages/airflow/example_dags/example_kubernetes_executor.py
[2024-10-30T20:59:51.518-0300] {processor.py:914} INFO - Processing file /home/nico/.local/lib/python3.10/site-packages/airflow/example_dags/example_kubernetes_executor.py for tasks to queue
[2024-10-30T20:59:51.522-0300] {logging_mixin.py:190} INFO - [2024-10-30T20:59:51.521-0300] {dagbag.py:588} INFO - Filling up the DagBag from /home/nico/.local/lib/python3.10/site-packages/airflow/example_dags/example_kubernetes_executor.py
[2024-10-30T20:59:51.537-0300] {logging_mixin.py:190} INFO - [2024-10-30T20:59:51.536-0300] {example_kubernetes_executor.py:39} WARNING - The example_kubernetes_executor example DAG requires the kubernetes provider. Please install it with: pip install apache-airflow[cncf.kubernetes]
[2024-10-30T20:59:51.539-0300] {processor.py:927} WARNING - No viable dags retrieved from /home/nico/.local/lib/python3.10/site-packages/airflow/example_dags/example_kubernetes_executor.py
[2024-10-30T20:59:51.604-0300] {processor.py:208} INFO - Processing /home/nico/.local/lib/python3.10/site-packages/airflow/example_dags/example_kubernetes_executor.py took 0.104 seconds
