[2024-10-30T20:09:54.656-0300] {processor.py:186} INFO - Started process (PID=85759) to work on /home/nico/.local/lib/python3.10/site-packages/airflow/example_dags/example_dag_decorator.py
[2024-10-30T20:09:54.669-0300] {processor.py:914} INFO - Processing file /home/nico/.local/lib/python3.10/site-packages/airflow/example_dags/example_dag_decorator.py for tasks to queue
[2024-10-30T20:09:54.682-0300] {logging_mixin.py:190} INFO - [2024-10-30T20:09:54.681-0300] {dagbag.py:588} INFO - Filling up the DagBag from /home/nico/.local/lib/python3.10/site-packages/airflow/example_dags/example_dag_decorator.py
[2024-10-30T20:09:54.768-0300] {processor.py:925} INFO - DAG(s) 'example_dag_decorator' retrieved from /home/nico/.local/lib/python3.10/site-packages/airflow/example_dags/example_dag_decorator.py
[2024-10-30T20:09:55.798-0300] {logging_mixin.py:190} INFO - [2024-10-30T20:09:55.798-0300] {dag.py:3239} INFO - Sync 1 DAGs
[2024-10-30T20:09:55.864-0300] {logging_mixin.py:190} INFO - [2024-10-30T20:09:55.863-0300] {dag.py:4180} INFO - Setting next_dagrun for example_dag_decorator to None, run_after=None
[2024-10-30T20:09:56.019-0300] {processor.py:208} INFO - Processing /home/nico/.local/lib/python3.10/site-packages/airflow/example_dags/example_dag_decorator.py took 1.406 seconds
[2024-10-30T20:54:26.526-0300] {processor.py:186} INFO - Started process (PID=98010) to work on /home/nico/.local/lib/python3.10/site-packages/airflow/example_dags/example_dag_decorator.py
[2024-10-30T20:54:26.531-0300] {processor.py:914} INFO - Processing file /home/nico/.local/lib/python3.10/site-packages/airflow/example_dags/example_dag_decorator.py for tasks to queue
[2024-10-30T20:54:26.538-0300] {logging_mixin.py:190} INFO - [2024-10-30T20:54:26.537-0300] {dagbag.py:588} INFO - Filling up the DagBag from /home/nico/.local/lib/python3.10/site-packages/airflow/example_dags/example_dag_decorator.py
[2024-10-30T20:54:26.577-0300] {processor.py:925} INFO - DAG(s) 'example_dag_decorator' retrieved from /home/nico/.local/lib/python3.10/site-packages/airflow/example_dags/example_dag_decorator.py
[2024-10-30T20:54:27.073-0300] {logging_mixin.py:190} INFO - [2024-10-30T20:54:27.072-0300] {dag.py:3239} INFO - Sync 1 DAGs
[2024-10-30T20:54:27.121-0300] {logging_mixin.py:190} INFO - [2024-10-30T20:54:27.121-0300] {dag.py:4180} INFO - Setting next_dagrun for example_dag_decorator to None, run_after=None
[2024-10-30T20:54:27.262-0300] {processor.py:208} INFO - Processing /home/nico/.local/lib/python3.10/site-packages/airflow/example_dags/example_dag_decorator.py took 0.764 seconds
[2024-10-30T20:56:50.287-0300] {processor.py:186} INFO - Started process (PID=98647) to work on /home/nico/.local/lib/python3.10/site-packages/airflow/example_dags/example_dag_decorator.py
[2024-10-30T20:56:50.290-0300] {processor.py:914} INFO - Processing file /home/nico/.local/lib/python3.10/site-packages/airflow/example_dags/example_dag_decorator.py for tasks to queue
[2024-10-30T20:56:50.295-0300] {logging_mixin.py:190} INFO - [2024-10-30T20:56:50.294-0300] {dagbag.py:588} INFO - Filling up the DagBag from /home/nico/.local/lib/python3.10/site-packages/airflow/example_dags/example_dag_decorator.py
[2024-10-30T20:56:50.342-0300] {processor.py:925} INFO - DAG(s) 'example_dag_decorator' retrieved from /home/nico/.local/lib/python3.10/site-packages/airflow/example_dags/example_dag_decorator.py
[2024-10-30T20:56:50.752-0300] {logging_mixin.py:190} INFO - [2024-10-30T20:56:50.751-0300] {dag.py:3239} INFO - Sync 1 DAGs
[2024-10-30T20:56:50.783-0300] {logging_mixin.py:190} INFO - [2024-10-30T20:56:50.783-0300] {dag.py:4180} INFO - Setting next_dagrun for example_dag_decorator to None, run_after=None
[2024-10-30T20:56:50.929-0300] {processor.py:208} INFO - Processing /home/nico/.local/lib/python3.10/site-packages/airflow/example_dags/example_dag_decorator.py took 0.657 seconds
[2024-10-30T20:59:05.559-0300] {processor.py:186} INFO - Started process (PID=99247) to work on /home/nico/.local/lib/python3.10/site-packages/airflow/example_dags/example_dag_decorator.py
[2024-10-30T20:59:05.563-0300] {processor.py:914} INFO - Processing file /home/nico/.local/lib/python3.10/site-packages/airflow/example_dags/example_dag_decorator.py for tasks to queue
[2024-10-30T20:59:05.567-0300] {logging_mixin.py:190} INFO - [2024-10-30T20:59:05.566-0300] {dagbag.py:588} INFO - Filling up the DagBag from /home/nico/.local/lib/python3.10/site-packages/airflow/example_dags/example_dag_decorator.py
[2024-10-30T20:59:05.600-0300] {processor.py:925} INFO - DAG(s) 'example_dag_decorator' retrieved from /home/nico/.local/lib/python3.10/site-packages/airflow/example_dags/example_dag_decorator.py
[2024-10-30T20:59:06.011-0300] {logging_mixin.py:190} INFO - [2024-10-30T20:59:06.010-0300] {dag.py:3239} INFO - Sync 1 DAGs
[2024-10-30T20:59:06.038-0300] {logging_mixin.py:190} INFO - [2024-10-30T20:59:06.038-0300] {dag.py:4180} INFO - Setting next_dagrun for example_dag_decorator to None, run_after=None
[2024-10-30T20:59:06.166-0300] {processor.py:208} INFO - Processing /home/nico/.local/lib/python3.10/site-packages/airflow/example_dags/example_dag_decorator.py took 0.622 seconds
