[2024-10-30T20:09:48.979-0300] {processor.py:186} INFO - Started process (PID=85735) to work on /home/nico/.local/lib/python3.10/site-packages/airflow/example_dags/example_bash_decorator.py
[2024-10-30T20:09:48.983-0300] {processor.py:914} INFO - Processing file /home/nico/.local/lib/python3.10/site-packages/airflow/example_dags/example_bash_decorator.py for tasks to queue
[2024-10-30T20:09:48.993-0300] {logging_mixin.py:190} INFO - [2024-10-30T20:09:48.992-0300] {dagbag.py:588} INFO - Filling up the DagBag from /home/nico/.local/lib/python3.10/site-packages/airflow/example_dags/example_bash_decorator.py
[2024-10-30T20:09:49.046-0300] {processor.py:925} INFO - DAG(s) 'example_bash_decorator' retrieved from /home/nico/.local/lib/python3.10/site-packages/airflow/example_dags/example_bash_decorator.py
[2024-10-30T20:09:49.442-0300] {logging_mixin.py:190} INFO - [2024-10-30T20:09:49.442-0300] {dag.py:3239} INFO - Sync 1 DAGs
[2024-10-30T20:09:49.494-0300] {logging_mixin.py:190} INFO - [2024-10-30T20:09:49.493-0300] {dag.py:4180} INFO - Setting next_dagrun for example_bash_decorator to None, run_after=None
[2024-10-30T20:09:49.670-0300] {processor.py:208} INFO - Processing /home/nico/.local/lib/python3.10/site-packages/airflow/example_dags/example_bash_decorator.py took 0.707 seconds
[2024-10-30T20:54:21.397-0300] {processor.py:186} INFO - Started process (PID=97987) to work on /home/nico/.local/lib/python3.10/site-packages/airflow/example_dags/example_bash_decorator.py
[2024-10-30T20:54:21.401-0300] {processor.py:914} INFO - Processing file /home/nico/.local/lib/python3.10/site-packages/airflow/example_dags/example_bash_decorator.py for tasks to queue
[2024-10-30T20:54:21.404-0300] {logging_mixin.py:190} INFO - [2024-10-30T20:54:21.403-0300] {dagbag.py:588} INFO - Filling up the DagBag from /home/nico/.local/lib/python3.10/site-packages/airflow/example_dags/example_bash_decorator.py
[2024-10-30T20:54:21.441-0300] {processor.py:925} INFO - DAG(s) 'example_bash_decorator' retrieved from /home/nico/.local/lib/python3.10/site-packages/airflow/example_dags/example_bash_decorator.py
[2024-10-30T20:54:21.979-0300] {logging_mixin.py:190} INFO - [2024-10-30T20:54:21.978-0300] {dag.py:3239} INFO - Sync 1 DAGs
[2024-10-30T20:54:22.080-0300] {logging_mixin.py:190} INFO - [2024-10-30T20:54:22.079-0300] {dag.py:4180} INFO - Setting next_dagrun for example_bash_decorator to None, run_after=None
[2024-10-30T20:54:22.275-0300] {processor.py:208} INFO - Processing /home/nico/.local/lib/python3.10/site-packages/airflow/example_dags/example_bash_decorator.py took 0.891 seconds
[2024-10-30T20:56:45.296-0300] {processor.py:186} INFO - Started process (PID=98625) to work on /home/nico/.local/lib/python3.10/site-packages/airflow/example_dags/example_bash_decorator.py
[2024-10-30T20:56:45.300-0300] {processor.py:914} INFO - Processing file /home/nico/.local/lib/python3.10/site-packages/airflow/example_dags/example_bash_decorator.py for tasks to queue
[2024-10-30T20:56:45.304-0300] {logging_mixin.py:190} INFO - [2024-10-30T20:56:45.303-0300] {dagbag.py:588} INFO - Filling up the DagBag from /home/nico/.local/lib/python3.10/site-packages/airflow/example_dags/example_bash_decorator.py
[2024-10-30T20:56:45.370-0300] {processor.py:925} INFO - DAG(s) 'example_bash_decorator' retrieved from /home/nico/.local/lib/python3.10/site-packages/airflow/example_dags/example_bash_decorator.py
[2024-10-30T20:56:45.435-0300] {logging_mixin.py:190} INFO - [2024-10-30T20:56:45.434-0300] {dag.py:3239} INFO - Sync 1 DAGs
[2024-10-30T20:56:45.467-0300] {logging_mixin.py:190} INFO - [2024-10-30T20:56:45.466-0300] {dag.py:4180} INFO - Setting next_dagrun for example_bash_decorator to None, run_after=None
[2024-10-30T20:56:45.570-0300] {processor.py:208} INFO - Processing /home/nico/.local/lib/python3.10/site-packages/airflow/example_dags/example_bash_decorator.py took 0.295 seconds
[2024-10-30T20:59:01.413-0300] {processor.py:186} INFO - Started process (PID=99228) to work on /home/nico/.local/lib/python3.10/site-packages/airflow/example_dags/example_bash_decorator.py
[2024-10-30T20:59:01.415-0300] {processor.py:914} INFO - Processing file /home/nico/.local/lib/python3.10/site-packages/airflow/example_dags/example_bash_decorator.py for tasks to queue
[2024-10-30T20:59:01.418-0300] {logging_mixin.py:190} INFO - [2024-10-30T20:59:01.417-0300] {dagbag.py:588} INFO - Filling up the DagBag from /home/nico/.local/lib/python3.10/site-packages/airflow/example_dags/example_bash_decorator.py
[2024-10-30T20:59:01.466-0300] {processor.py:925} INFO - DAG(s) 'example_bash_decorator' retrieved from /home/nico/.local/lib/python3.10/site-packages/airflow/example_dags/example_bash_decorator.py
[2024-10-30T20:59:01.566-0300] {logging_mixin.py:190} INFO - [2024-10-30T20:59:01.565-0300] {dag.py:3239} INFO - Sync 1 DAGs
[2024-10-30T20:59:01.606-0300] {logging_mixin.py:190} INFO - [2024-10-30T20:59:01.605-0300] {dag.py:4180} INFO - Setting next_dagrun for example_bash_decorator to None, run_after=None
[2024-10-30T20:59:01.746-0300] {processor.py:208} INFO - Processing /home/nico/.local/lib/python3.10/site-packages/airflow/example_dags/example_bash_decorator.py took 0.346 seconds
