[2024-10-30T19:48:18.398-0300] {processor.py:186} INFO - Started process (PID=80913) to work on /home/nico/.local/lib/python3.10/site-packages/airflow/example_dags/tutorial_taskflow_api.py
[2024-10-30T19:48:18.401-0300] {processor.py:914} INFO - Processing file /home/nico/.local/lib/python3.10/site-packages/airflow/example_dags/tutorial_taskflow_api.py for tasks to queue
[2024-10-30T19:48:18.407-0300] {logging_mixin.py:190} INFO - [2024-10-30T19:48:18.405-0300] {dagbag.py:588} INFO - Filling up the DagBag from /home/nico/.local/lib/python3.10/site-packages/airflow/example_dags/tutorial_taskflow_api.py
[2024-10-30T19:48:18.466-0300] {processor.py:925} INFO - DAG(s) 'tutorial_taskflow_api' retrieved from /home/nico/.local/lib/python3.10/site-packages/airflow/example_dags/tutorial_taskflow_api.py
[2024-10-30T19:48:18.585-0300] {logging_mixin.py:190} INFO - [2024-10-30T19:48:18.584-0300] {dag.py:3239} INFO - Sync 1 DAGs
[2024-10-30T19:48:18.639-0300] {logging_mixin.py:190} INFO - [2024-10-30T19:48:18.638-0300] {dag.py:4180} INFO - Setting next_dagrun for tutorial_taskflow_api to None, run_after=None
[2024-10-30T19:48:18.827-0300] {processor.py:208} INFO - Processing /home/nico/.local/lib/python3.10/site-packages/airflow/example_dags/tutorial_taskflow_api.py took 0.453 seconds
[2024-10-30T20:07:13.327-0300] {processor.py:186} INFO - Started process (PID=85074) to work on /home/nico/.local/lib/python3.10/site-packages/airflow/example_dags/tutorial_taskflow_api.py
[2024-10-30T20:07:13.330-0300] {processor.py:914} INFO - Processing file /home/nico/.local/lib/python3.10/site-packages/airflow/example_dags/tutorial_taskflow_api.py for tasks to queue
[2024-10-30T20:07:13.336-0300] {logging_mixin.py:190} INFO - [2024-10-30T20:07:13.335-0300] {dagbag.py:588} INFO - Filling up the DagBag from /home/nico/.local/lib/python3.10/site-packages/airflow/example_dags/tutorial_taskflow_api.py
[2024-10-30T20:07:13.377-0300] {processor.py:925} INFO - DAG(s) 'tutorial_taskflow_api' retrieved from /home/nico/.local/lib/python3.10/site-packages/airflow/example_dags/tutorial_taskflow_api.py
[2024-10-30T20:07:13.458-0300] {logging_mixin.py:190} INFO - [2024-10-30T20:07:13.458-0300] {dag.py:3239} INFO - Sync 1 DAGs
[2024-10-30T20:07:13.501-0300] {logging_mixin.py:190} INFO - [2024-10-30T20:07:13.501-0300] {dag.py:4180} INFO - Setting next_dagrun for tutorial_taskflow_api to None, run_after=None
[2024-10-30T20:07:13.718-0300] {processor.py:208} INFO - Processing /home/nico/.local/lib/python3.10/site-packages/airflow/example_dags/tutorial_taskflow_api.py took 0.406 seconds
[2024-10-30T20:10:08.289-0300] {processor.py:186} INFO - Started process (PID=85818) to work on /home/nico/.local/lib/python3.10/site-packages/airflow/example_dags/tutorial_taskflow_api.py
[2024-10-30T20:10:08.294-0300] {processor.py:914} INFO - Processing file /home/nico/.local/lib/python3.10/site-packages/airflow/example_dags/tutorial_taskflow_api.py for tasks to queue
[2024-10-30T20:10:08.311-0300] {logging_mixin.py:190} INFO - [2024-10-30T20:10:08.309-0300] {dagbag.py:588} INFO - Filling up the DagBag from /home/nico/.local/lib/python3.10/site-packages/airflow/example_dags/tutorial_taskflow_api.py
[2024-10-30T20:10:08.377-0300] {processor.py:925} INFO - DAG(s) 'tutorial_taskflow_api' retrieved from /home/nico/.local/lib/python3.10/site-packages/airflow/example_dags/tutorial_taskflow_api.py
[2024-10-30T20:10:08.449-0300] {logging_mixin.py:190} INFO - [2024-10-30T20:10:08.449-0300] {dag.py:3239} INFO - Sync 1 DAGs
[2024-10-30T20:10:08.532-0300] {logging_mixin.py:190} INFO - [2024-10-30T20:10:08.531-0300] {dag.py:4180} INFO - Setting next_dagrun for tutorial_taskflow_api to None, run_after=None
[2024-10-30T20:10:08.866-0300] {processor.py:208} INFO - Processing /home/nico/.local/lib/python3.10/site-packages/airflow/example_dags/tutorial_taskflow_api.py took 0.610 seconds
[2024-10-30T20:12:01.071-0300] {processor.py:186} INFO - Started process (PID=86300) to work on /home/nico/.local/lib/python3.10/site-packages/airflow/example_dags/tutorial_taskflow_api.py
[2024-10-30T20:12:01.085-0300] {processor.py:914} INFO - Processing file /home/nico/.local/lib/python3.10/site-packages/airflow/example_dags/tutorial_taskflow_api.py for tasks to queue
[2024-10-30T20:12:01.101-0300] {logging_mixin.py:190} INFO - [2024-10-30T20:12:01.099-0300] {dagbag.py:588} INFO - Filling up the DagBag from /home/nico/.local/lib/python3.10/site-packages/airflow/example_dags/tutorial_taskflow_api.py
[2024-10-30T20:12:01.169-0300] {processor.py:925} INFO - DAG(s) 'tutorial_taskflow_api' retrieved from /home/nico/.local/lib/python3.10/site-packages/airflow/example_dags/tutorial_taskflow_api.py
[2024-10-30T20:12:01.255-0300] {logging_mixin.py:190} INFO - [2024-10-30T20:12:01.254-0300] {dag.py:3239} INFO - Sync 1 DAGs
[2024-10-30T20:12:01.308-0300] {logging_mixin.py:190} INFO - [2024-10-30T20:12:01.307-0300] {dag.py:4180} INFO - Setting next_dagrun for tutorial_taskflow_api to None, run_after=None
[2024-10-30T20:12:01.792-0300] {processor.py:208} INFO - Processing /home/nico/.local/lib/python3.10/site-packages/airflow/example_dags/tutorial_taskflow_api.py took 0.759 seconds
[2024-10-30T20:30:55.272-0300] {processor.py:186} INFO - Started process (PID=91253) to work on /home/nico/.local/lib/python3.10/site-packages/airflow/example_dags/tutorial_taskflow_api.py
[2024-10-30T20:30:55.287-0300] {processor.py:914} INFO - Processing file /home/nico/.local/lib/python3.10/site-packages/airflow/example_dags/tutorial_taskflow_api.py for tasks to queue
[2024-10-30T20:30:55.299-0300] {logging_mixin.py:190} INFO - [2024-10-30T20:30:55.298-0300] {dagbag.py:588} INFO - Filling up the DagBag from /home/nico/.local/lib/python3.10/site-packages/airflow/example_dags/tutorial_taskflow_api.py
[2024-10-30T20:30:55.323-0300] {processor.py:925} INFO - DAG(s) 'tutorial_taskflow_api' retrieved from /home/nico/.local/lib/python3.10/site-packages/airflow/example_dags/tutorial_taskflow_api.py
[2024-10-30T20:30:55.448-0300] {logging_mixin.py:190} INFO - [2024-10-30T20:30:55.447-0300] {dag.py:3239} INFO - Sync 1 DAGs
[2024-10-30T20:30:55.501-0300] {logging_mixin.py:190} INFO - [2024-10-30T20:30:55.501-0300] {dag.py:4180} INFO - Setting next_dagrun for tutorial_taskflow_api to None, run_after=None
[2024-10-30T20:30:55.707-0300] {processor.py:208} INFO - Processing /home/nico/.local/lib/python3.10/site-packages/airflow/example_dags/tutorial_taskflow_api.py took 0.487 seconds
[2024-10-30T20:36:01.475-0300] {processor.py:186} INFO - Started process (PID=93282) to work on /home/nico/.local/lib/python3.10/site-packages/airflow/example_dags/tutorial_taskflow_api.py
[2024-10-30T20:36:01.482-0300] {processor.py:914} INFO - Processing file /home/nico/.local/lib/python3.10/site-packages/airflow/example_dags/tutorial_taskflow_api.py for tasks to queue
[2024-10-30T20:36:01.511-0300] {logging_mixin.py:190} INFO - [2024-10-30T20:36:01.501-0300] {dagbag.py:588} INFO - Filling up the DagBag from /home/nico/.local/lib/python3.10/site-packages/airflow/example_dags/tutorial_taskflow_api.py
[2024-10-30T20:36:01.614-0300] {processor.py:925} INFO - DAG(s) 'tutorial_taskflow_api' retrieved from /home/nico/.local/lib/python3.10/site-packages/airflow/example_dags/tutorial_taskflow_api.py
[2024-10-30T20:36:01.779-0300] {logging_mixin.py:190} INFO - [2024-10-30T20:36:01.778-0300] {dag.py:3239} INFO - Sync 1 DAGs
[2024-10-30T20:36:01.895-0300] {logging_mixin.py:190} INFO - [2024-10-30T20:36:01.894-0300] {dag.py:4180} INFO - Setting next_dagrun for tutorial_taskflow_api to None, run_after=None
[2024-10-30T20:36:02.196-0300] {processor.py:208} INFO - Processing /home/nico/.local/lib/python3.10/site-packages/airflow/example_dags/tutorial_taskflow_api.py took 0.750 seconds
[2024-10-30T20:52:32.015-0300] {processor.py:186} INFO - Started process (PID=97521) to work on /home/nico/.local/lib/python3.10/site-packages/airflow/example_dags/tutorial_taskflow_api.py
[2024-10-30T20:52:32.018-0300] {processor.py:914} INFO - Processing file /home/nico/.local/lib/python3.10/site-packages/airflow/example_dags/tutorial_taskflow_api.py for tasks to queue
[2024-10-30T20:52:32.022-0300] {logging_mixin.py:190} INFO - [2024-10-30T20:52:32.021-0300] {dagbag.py:588} INFO - Filling up the DagBag from /home/nico/.local/lib/python3.10/site-packages/airflow/example_dags/tutorial_taskflow_api.py
[2024-10-30T20:52:32.036-0300] {processor.py:925} INFO - DAG(s) 'tutorial_taskflow_api' retrieved from /home/nico/.local/lib/python3.10/site-packages/airflow/example_dags/tutorial_taskflow_api.py
[2024-10-30T20:52:32.100-0300] {logging_mixin.py:190} INFO - [2024-10-30T20:52:32.099-0300] {dag.py:3239} INFO - Sync 1 DAGs
[2024-10-30T20:52:32.149-0300] {logging_mixin.py:190} INFO - [2024-10-30T20:52:32.148-0300] {dag.py:4180} INFO - Setting next_dagrun for tutorial_taskflow_api to None, run_after=None
[2024-10-30T20:52:32.261-0300] {processor.py:208} INFO - Processing /home/nico/.local/lib/python3.10/site-packages/airflow/example_dags/tutorial_taskflow_api.py took 0.271 seconds
[2024-10-30T20:54:37.506-0300] {processor.py:186} INFO - Started process (PID=98059) to work on /home/nico/.local/lib/python3.10/site-packages/airflow/example_dags/tutorial_taskflow_api.py
[2024-10-30T20:54:37.509-0300] {processor.py:914} INFO - Processing file /home/nico/.local/lib/python3.10/site-packages/airflow/example_dags/tutorial_taskflow_api.py for tasks to queue
[2024-10-30T20:54:37.512-0300] {logging_mixin.py:190} INFO - [2024-10-30T20:54:37.511-0300] {dagbag.py:588} INFO - Filling up the DagBag from /home/nico/.local/lib/python3.10/site-packages/airflow/example_dags/tutorial_taskflow_api.py
[2024-10-30T20:54:37.528-0300] {processor.py:925} INFO - DAG(s) 'tutorial_taskflow_api' retrieved from /home/nico/.local/lib/python3.10/site-packages/airflow/example_dags/tutorial_taskflow_api.py
[2024-10-30T20:54:37.580-0300] {logging_mixin.py:190} INFO - [2024-10-30T20:54:37.579-0300] {dag.py:3239} INFO - Sync 1 DAGs
[2024-10-30T20:54:37.614-0300] {logging_mixin.py:190} INFO - [2024-10-30T20:54:37.613-0300] {dag.py:4180} INFO - Setting next_dagrun for tutorial_taskflow_api to None, run_after=None
[2024-10-30T20:54:37.740-0300] {processor.py:208} INFO - Processing /home/nico/.local/lib/python3.10/site-packages/airflow/example_dags/tutorial_taskflow_api.py took 0.247 seconds
[2024-10-30T20:55:53.098-0300] {processor.py:186} INFO - Started process (PID=98392) to work on /home/nico/.local/lib/python3.10/site-packages/airflow/example_dags/tutorial_taskflow_api.py
[2024-10-30T20:55:53.102-0300] {processor.py:914} INFO - Processing file /home/nico/.local/lib/python3.10/site-packages/airflow/example_dags/tutorial_taskflow_api.py for tasks to queue
[2024-10-30T20:55:53.107-0300] {logging_mixin.py:190} INFO - [2024-10-30T20:55:53.106-0300] {dagbag.py:588} INFO - Filling up the DagBag from /home/nico/.local/lib/python3.10/site-packages/airflow/example_dags/tutorial_taskflow_api.py
[2024-10-30T20:55:53.126-0300] {processor.py:925} INFO - DAG(s) 'tutorial_taskflow_api' retrieved from /home/nico/.local/lib/python3.10/site-packages/airflow/example_dags/tutorial_taskflow_api.py
[2024-10-30T20:55:53.201-0300] {logging_mixin.py:190} INFO - [2024-10-30T20:55:53.200-0300] {dag.py:3239} INFO - Sync 1 DAGs
[2024-10-30T20:55:53.250-0300] {logging_mixin.py:190} INFO - [2024-10-30T20:55:53.249-0300] {dag.py:4180} INFO - Setting next_dagrun for tutorial_taskflow_api to None, run_after=None
[2024-10-30T20:55:53.432-0300] {processor.py:208} INFO - Processing /home/nico/.local/lib/python3.10/site-packages/airflow/example_dags/tutorial_taskflow_api.py took 0.351 seconds
[2024-10-30T20:57:00.923-0300] {processor.py:186} INFO - Started process (PID=98693) to work on /home/nico/.local/lib/python3.10/site-packages/airflow/example_dags/tutorial_taskflow_api.py
[2024-10-30T20:57:00.925-0300] {processor.py:914} INFO - Processing file /home/nico/.local/lib/python3.10/site-packages/airflow/example_dags/tutorial_taskflow_api.py for tasks to queue
[2024-10-30T20:57:00.930-0300] {logging_mixin.py:190} INFO - [2024-10-30T20:57:00.929-0300] {dagbag.py:588} INFO - Filling up the DagBag from /home/nico/.local/lib/python3.10/site-packages/airflow/example_dags/tutorial_taskflow_api.py
[2024-10-30T20:57:00.950-0300] {processor.py:925} INFO - DAG(s) 'tutorial_taskflow_api' retrieved from /home/nico/.local/lib/python3.10/site-packages/airflow/example_dags/tutorial_taskflow_api.py
[2024-10-30T20:57:01.021-0300] {logging_mixin.py:190} INFO - [2024-10-30T20:57:01.020-0300] {dag.py:3239} INFO - Sync 1 DAGs
[2024-10-30T20:57:01.059-0300] {logging_mixin.py:190} INFO - [2024-10-30T20:57:01.059-0300] {dag.py:4180} INFO - Setting next_dagrun for tutorial_taskflow_api to None, run_after=None
[2024-10-30T20:57:01.198-0300] {processor.py:208} INFO - Processing /home/nico/.local/lib/python3.10/site-packages/airflow/example_dags/tutorial_taskflow_api.py took 0.290 seconds
[2024-10-30T20:58:08.678-0300] {processor.py:186} INFO - Started process (PID=98994) to work on /home/nico/.local/lib/python3.10/site-packages/airflow/example_dags/tutorial_taskflow_api.py
[2024-10-30T20:58:08.682-0300] {processor.py:914} INFO - Processing file /home/nico/.local/lib/python3.10/site-packages/airflow/example_dags/tutorial_taskflow_api.py for tasks to queue
[2024-10-30T20:58:08.688-0300] {logging_mixin.py:190} INFO - [2024-10-30T20:58:08.687-0300] {dagbag.py:588} INFO - Filling up the DagBag from /home/nico/.local/lib/python3.10/site-packages/airflow/example_dags/tutorial_taskflow_api.py
[2024-10-30T20:58:08.712-0300] {processor.py:925} INFO - DAG(s) 'tutorial_taskflow_api' retrieved from /home/nico/.local/lib/python3.10/site-packages/airflow/example_dags/tutorial_taskflow_api.py
[2024-10-30T20:58:08.838-0300] {logging_mixin.py:190} INFO - [2024-10-30T20:58:08.837-0300] {dag.py:3239} INFO - Sync 1 DAGs
[2024-10-30T20:58:08.928-0300] {logging_mixin.py:190} INFO - [2024-10-30T20:58:08.927-0300] {dag.py:4180} INFO - Setting next_dagrun for tutorial_taskflow_api to None, run_after=None
[2024-10-30T20:58:09.117-0300] {processor.py:208} INFO - Processing /home/nico/.local/lib/python3.10/site-packages/airflow/example_dags/tutorial_taskflow_api.py took 0.461 seconds
[2024-10-30T20:59:16.386-0300] {processor.py:186} INFO - Started process (PID=99293) to work on /home/nico/.local/lib/python3.10/site-packages/airflow/example_dags/tutorial_taskflow_api.py
[2024-10-30T20:59:16.390-0300] {processor.py:914} INFO - Processing file /home/nico/.local/lib/python3.10/site-packages/airflow/example_dags/tutorial_taskflow_api.py for tasks to queue
[2024-10-30T20:59:16.396-0300] {logging_mixin.py:190} INFO - [2024-10-30T20:59:16.394-0300] {dagbag.py:588} INFO - Filling up the DagBag from /home/nico/.local/lib/python3.10/site-packages/airflow/example_dags/tutorial_taskflow_api.py
[2024-10-30T20:59:16.415-0300] {processor.py:925} INFO - DAG(s) 'tutorial_taskflow_api' retrieved from /home/nico/.local/lib/python3.10/site-packages/airflow/example_dags/tutorial_taskflow_api.py
[2024-10-30T20:59:16.503-0300] {logging_mixin.py:190} INFO - [2024-10-30T20:59:16.502-0300] {dag.py:3239} INFO - Sync 1 DAGs
[2024-10-30T20:59:16.612-0300] {logging_mixin.py:190} INFO - [2024-10-30T20:59:16.611-0300] {dag.py:4180} INFO - Setting next_dagrun for tutorial_taskflow_api to None, run_after=None
[2024-10-30T20:59:16.779-0300] {processor.py:208} INFO - Processing /home/nico/.local/lib/python3.10/site-packages/airflow/example_dags/tutorial_taskflow_api.py took 0.411 seconds
