[2024-10-29T14:33:04.467-0300] {local_task_job_runner.py:123} INFO - ::group::Pre task execution logs
[2024-10-29T14:33:04.546-0300] {taskinstance.py:2612} INFO - Dependencies all met for dep_context=non-requeueable deps ti=<TaskInstance: etl_redshift_dag_variables_bcra.transform_data scheduled__2024-10-24T00:01:00+00:00 [queued]>
[2024-10-29T14:33:04.682-0300] {taskinstance.py:2612} INFO - Dependencies all met for dep_context=requeueable deps ti=<TaskInstance: etl_redshift_dag_variables_bcra.transform_data scheduled__2024-10-24T00:01:00+00:00 [queued]>
[2024-10-29T14:33:04.687-0300] {taskinstance.py:2865} INFO - Starting attempt 2 of 3
[2024-10-29T14:33:04.810-0300] {taskinstance.py:2888} INFO - Executing <Task(PythonOperator): transform_data> on 2024-10-24 00:01:00+00:00
[2024-10-29T14:33:04.828-0300] {standard_task_runner.py:72} INFO - Started process 77648 to run task
[2024-10-29T14:33:04.845-0300] {standard_task_runner.py:104} INFO - Running: ['airflow', 'tasks', 'run', 'etl_redshift_dag_variables_bcra', 'transform_data', 'scheduled__2024-10-24T00:01:00+00:00', '--job-id', '151', '--raw', '--subdir', 'DAGS_FOLDER/dag_variables_bcra.py', '--cfg-path', '/tmp/tmpm_k4ngf_']
[2024-10-29T14:33:04.848-0300] {standard_task_runner.py:105} INFO - Job 151: Subtask transform_data
[2024-10-29T14:33:05.115-0300] {task_command.py:467} INFO - Running <TaskInstance: etl_redshift_dag_variables_bcra.transform_data scheduled__2024-10-24T00:01:00+00:00 [running]> on host DESKTOP-MVFODGC.
[2024-10-29T14:33:05.568-0300] {taskinstance.py:3131} INFO - Exporting env vars: AIRFLOW_CTX_DAG_OWNER='airflow' AIRFLOW_CTX_DAG_ID='etl_redshift_dag_variables_bcra' AIRFLOW_CTX_TASK_ID='transform_data' AIRFLOW_CTX_EXECUTION_DATE='2024-10-24T00:01:00+00:00' AIRFLOW_CTX_TRY_NUMBER='2' AIRFLOW_CTX_DAG_RUN_ID='scheduled__2024-10-24T00:01:00+00:00'
[2024-10-29T14:33:05.573-0300] {logging_mixin.py:190} INFO - Task instance is in running state
[2024-10-29T14:33:05.581-0300] {logging_mixin.py:190} INFO -  Previous state of the Task instance: queued
[2024-10-29T14:33:05.585-0300] {logging_mixin.py:190} INFO - Current task name:transform_data state:running start_date:2024-10-29 17:33:04.561043+00:00
[2024-10-29T14:33:05.592-0300] {logging_mixin.py:190} INFO - Dag name:etl_redshift_dag_variables_bcra and current dag run status:running
[2024-10-29T14:33:05.598-0300] {taskinstance.py:731} INFO - ::endgroup::
[2024-10-29T14:33:05.713-0300] {logging_mixin.py:190} INFO - Data transformada y guardada en /mnt/c/Users/Nicolas/OneDrive - BCRA/Cursos/Python Data Application (ITBA)/variables-economicas/dags/transfomed_data.csv
[2024-10-29T14:33:05.717-0300] {python.py:240} INFO - Done. Returned value was: /mnt/c/Users/Nicolas/OneDrive - BCRA/Cursos/Python Data Application (ITBA)/variables-economicas/dags/transfomed_data.csv
[2024-10-29T14:33:05.980-0300] {taskinstance.py:340} INFO - ::group::Post task execution logs
[2024-10-29T14:33:05.988-0300] {taskinstance.py:352} INFO - Marking task as SUCCESS. dag_id=etl_redshift_dag_variables_bcra, task_id=transform_data, run_id=scheduled__2024-10-24T00:01:00+00:00, execution_date=20241024T000100, start_date=20241029T173304, end_date=20241029T173305
[2024-10-29T14:33:06.210-0300] {logging_mixin.py:190} INFO - Task instance in success state
[2024-10-29T14:33:06.213-0300] {logging_mixin.py:190} INFO -  Previous state of the Task instance: running
[2024-10-29T14:33:06.232-0300] {logging_mixin.py:190} INFO - Dag name:etl_redshift_dag_variables_bcra queued_at:2024-10-29 17:29:22.477568+00:00
[2024-10-29T14:33:06.245-0300] {logging_mixin.py:190} INFO - Task hostname:DESKTOP-MVFODGC. operator:PythonOperator
[2024-10-29T14:33:06.304-0300] {local_task_job_runner.py:266} INFO - Task exited with return code 0
[2024-10-29T14:33:06.425-0300] {taskinstance.py:3900} INFO - 1 downstream tasks scheduled from follow-on schedule check
[2024-10-29T14:33:06.573-0300] {local_task_job_runner.py:245} INFO - ::endgroup::
