[2024-10-31T20:54:46.129-0300] {local_task_job_runner.py:123} INFO - ::group::Pre task execution logs
[2024-10-31T20:54:46.179-0300] {taskinstance.py:2612} INFO - Dependencies all met for dep_context=non-requeueable deps ti=<TaskInstance: etl_redshift_dag_variables_bcra.actualizar_dim_fecha scheduled__2024-10-30T19:00:00+00:00 [queued]>
[2024-10-31T20:54:46.214-0300] {taskinstance.py:2612} INFO - Dependencies all met for dep_context=requeueable deps ti=<TaskInstance: etl_redshift_dag_variables_bcra.actualizar_dim_fecha scheduled__2024-10-30T19:00:00+00:00 [queued]>
[2024-10-31T20:54:46.217-0300] {taskinstance.py:2865} INFO - Starting attempt 2 of 2
[2024-10-31T20:54:46.339-0300] {taskinstance.py:2888} INFO - Executing <Task(PythonOperator): actualizar_dim_fecha> on 2024-10-30 19:00:00+00:00
[2024-10-31T20:54:46.362-0300] {standard_task_runner.py:72} INFO - Started process 148121 to run task
[2024-10-31T20:54:46.381-0300] {standard_task_runner.py:104} INFO - Running: ['airflow', 'tasks', 'run', 'etl_redshift_dag_variables_bcra', 'actualizar_dim_fecha', 'scheduled__2024-10-30T19:00:00+00:00', '--job-id', '339', '--raw', '--subdir', 'DAGS_FOLDER/dag_variables_bcra.py', '--cfg-path', '/tmp/tmp6mf8efmf']
[2024-10-31T20:54:46.385-0300] {standard_task_runner.py:105} INFO - Job 339: Subtask actualizar_dim_fecha
[2024-10-31T20:54:46.642-0300] {task_command.py:467} INFO - Running <TaskInstance: etl_redshift_dag_variables_bcra.actualizar_dim_fecha scheduled__2024-10-30T19:00:00+00:00 [running]> on host DESKTOP-MVFODGC.
[2024-10-31T20:54:46.929-0300] {taskinstance.py:3131} INFO - Exporting env vars: AIRFLOW_CTX_DAG_OWNER='airflow' AIRFLOW_CTX_DAG_ID='etl_redshift_dag_variables_bcra' AIRFLOW_CTX_TASK_ID='actualizar_dim_fecha' AIRFLOW_CTX_EXECUTION_DATE='2024-10-30T19:00:00+00:00' AIRFLOW_CTX_TRY_NUMBER='2' AIRFLOW_CTX_DAG_RUN_ID='scheduled__2024-10-30T19:00:00+00:00'
[2024-10-31T20:54:46.936-0300] {logging_mixin.py:190} INFO - Task instance is in running state
[2024-10-31T20:54:46.940-0300] {logging_mixin.py:190} INFO -  Previous state of the Task instance: queued
[2024-10-31T20:54:46.944-0300] {logging_mixin.py:190} INFO - Current task name:actualizar_dim_fecha state:running start_date:2024-10-31 23:54:46.185719+00:00
[2024-10-31T20:54:46.947-0300] {logging_mixin.py:190} INFO - Dag name:etl_redshift_dag_variables_bcra and current dag run status:running
[2024-10-31T20:54:46.951-0300] {taskinstance.py:731} INFO - ::endgroup::
[2024-10-31T20:54:49.914-0300] {python.py:240} INFO - Done. Returned value was: None
[2024-10-31T20:54:49.961-0300] {taskinstance.py:340} INFO - ::group::Post task execution logs
[2024-10-31T20:54:49.968-0300] {taskinstance.py:352} INFO - Marking task as SUCCESS. dag_id=etl_redshift_dag_variables_bcra, task_id=actualizar_dim_fecha, run_id=scheduled__2024-10-30T19:00:00+00:00, execution_date=20241030T190000, start_date=20241031T235446, end_date=20241031T235449
[2024-10-31T20:54:50.044-0300] {logging_mixin.py:190} INFO - Task instance in success state
[2024-10-31T20:54:50.052-0300] {logging_mixin.py:190} INFO -  Previous state of the Task instance: running
[2024-10-31T20:54:50.061-0300] {logging_mixin.py:190} INFO - Dag name:etl_redshift_dag_variables_bcra queued_at:2024-10-31 23:52:54.752305+00:00
[2024-10-31T20:54:50.068-0300] {logging_mixin.py:190} INFO - Task hostname:DESKTOP-MVFODGC. operator:PythonOperator
[2024-10-31T20:54:50.105-0300] {local_task_job_runner.py:266} INFO - Task exited with return code 0
[2024-10-31T20:54:50.575-0300] {taskinstance.py:3900} INFO - 1 downstream tasks scheduled from follow-on schedule check
[2024-10-31T20:54:50.658-0300] {local_task_job_runner.py:245} INFO - ::endgroup::
