[2024-11-02T00:35:39.502-0300] {local_task_job_runner.py:123} INFO - ::group::Pre task execution logs
[2024-11-02T00:35:39.556-0300] {taskinstance.py:2612} INFO - Dependencies all met for dep_context=non-requeueable deps ti=<TaskInstance: etl_redshift_dag_variables_fed.load_to_redshift_task scheduled__2024-10-31T19:00:00+00:00 [queued]>
[2024-11-02T00:35:39.597-0300] {taskinstance.py:2612} INFO - Dependencies all met for dep_context=requeueable deps ti=<TaskInstance: etl_redshift_dag_variables_fed.load_to_redshift_task scheduled__2024-10-31T19:00:00+00:00 [queued]>
[2024-11-02T00:35:39.600-0300] {taskinstance.py:2865} INFO - Starting attempt 2 of 3
[2024-11-02T00:35:39.718-0300] {taskinstance.py:2888} INFO - Executing <Task(PythonOperator): load_to_redshift_task> on 2024-10-31 19:00:00+00:00
[2024-11-02T00:35:39.733-0300] {standard_task_runner.py:72} INFO - Started process 217407 to run task
[2024-11-02T00:35:39.753-0300] {standard_task_runner.py:104} INFO - Running: ['airflow', 'tasks', 'run', 'etl_redshift_dag_variables_fed', 'load_to_redshift_task', 'scheduled__2024-10-31T19:00:00+00:00', '--job-id', '525', '--raw', '--subdir', 'DAGS_FOLDER/dag_variables_fed.py', '--cfg-path', '/tmp/tmpbcbh6fhx']
[2024-11-02T00:35:39.761-0300] {standard_task_runner.py:105} INFO - Job 525: Subtask load_to_redshift_task
[2024-11-02T00:35:40.137-0300] {task_command.py:467} INFO - Running <TaskInstance: etl_redshift_dag_variables_fed.load_to_redshift_task scheduled__2024-10-31T19:00:00+00:00 [running]> on host DESKTOP-MVFODGC.
[2024-11-02T00:35:41.530-0300] {taskinstance.py:3131} INFO - Exporting env vars: AIRFLOW_CTX_DAG_OWNER='airflow' AIRFLOW_CTX_DAG_ID='etl_redshift_dag_variables_fed' AIRFLOW_CTX_TASK_ID='load_to_redshift_task' AIRFLOW_CTX_EXECUTION_DATE='2024-10-31T19:00:00+00:00' AIRFLOW_CTX_TRY_NUMBER='2' AIRFLOW_CTX_DAG_RUN_ID='scheduled__2024-10-31T19:00:00+00:00'
[2024-11-02T00:35:41.542-0300] {logging_mixin.py:190} INFO - Task instance is in running state
[2024-11-02T00:35:41.582-0300] {logging_mixin.py:190} INFO -  Previous state of the Task instance: queued
[2024-11-02T00:35:41.622-0300] {logging_mixin.py:190} INFO - Current task name:load_to_redshift_task state:running start_date:2024-11-02 03:35:39.560953+00:00
[2024-11-02T00:35:41.654-0300] {logging_mixin.py:190} INFO - Dag name:etl_redshift_dag_variables_fed and current dag run status:running
[2024-11-02T00:35:41.667-0300] {taskinstance.py:731} INFO - ::endgroup::
[2024-11-02T00:35:45.619-0300] {logging_mixin.py:190} INFO - Datos cargados exitosamente en la tabla 2024_nicolas_alvarez_julia_schema.fact_table en Redshift.
[2024-11-02T00:35:45.648-0300] {python.py:240} INFO - Done. Returned value was: None
[2024-11-02T00:35:45.868-0300] {taskinstance.py:340} INFO - ::group::Post task execution logs
[2024-11-02T00:35:45.883-0300] {taskinstance.py:352} INFO - Marking task as SUCCESS. dag_id=etl_redshift_dag_variables_fed, task_id=load_to_redshift_task, run_id=scheduled__2024-10-31T19:00:00+00:00, execution_date=20241031T190000, start_date=20241102T033539, end_date=20241102T033545
[2024-11-02T00:35:46.033-0300] {logging_mixin.py:190} INFO - Task instance in success state
[2024-11-02T00:35:46.036-0300] {logging_mixin.py:190} INFO -  Previous state of the Task instance: running
[2024-11-02T00:35:46.040-0300] {logging_mixin.py:190} INFO - Dag name:etl_redshift_dag_variables_fed queued_at:2024-11-02 03:30:34.376122+00:00
[2024-11-02T00:35:46.044-0300] {logging_mixin.py:190} INFO - Task hostname:DESKTOP-MVFODGC. operator:PythonOperator
[2024-11-02T00:35:46.114-0300] {local_task_job_runner.py:266} INFO - Task exited with return code 0
[2024-11-02T00:35:46.186-0300] {taskinstance.py:3900} INFO - 0 downstream tasks scheduled from follow-on schedule check
[2024-11-02T00:35:46.198-0300] {local_task_job_runner.py:245} INFO - ::endgroup::
