[2024-11-02T00:54:30.873-0300] {local_task_job_runner.py:123} INFO - ::group::Pre task execution logs
[2024-11-02T00:54:30.972-0300] {taskinstance.py:2612} INFO - Dependencies all met for dep_context=non-requeueable deps ti=<TaskInstance: etl_redshift_dag_variables_fed.load_to_redshift_task scheduled__2024-10-31T19:00:00+00:00 [queued]>
[2024-11-02T00:54:31.056-0300] {taskinstance.py:2612} INFO - Dependencies all met for dep_context=requeueable deps ti=<TaskInstance: etl_redshift_dag_variables_fed.load_to_redshift_task scheduled__2024-10-31T19:00:00+00:00 [queued]>
[2024-11-02T00:54:31.060-0300] {taskinstance.py:2865} INFO - Starting attempt 3 of 4
[2024-11-02T00:54:31.279-0300] {taskinstance.py:2888} INFO - Executing <Task(PythonOperator): load_to_redshift_task> on 2024-10-31 19:00:00+00:00
[2024-11-02T00:54:31.335-0300] {standard_task_runner.py:104} INFO - Running: ['airflow', 'tasks', 'run', 'etl_redshift_dag_variables_fed', 'load_to_redshift_task', 'scheduled__2024-10-31T19:00:00+00:00', '--job-id', '534', '--raw', '--subdir', 'DAGS_FOLDER/dag_variables_fed.py', '--cfg-path', '/tmp/tmpeprq28kl']
[2024-11-02T00:54:31.311-0300] {standard_task_runner.py:72} INFO - Started process 217982 to run task
[2024-11-02T00:54:31.344-0300] {standard_task_runner.py:105} INFO - Job 534: Subtask load_to_redshift_task
[2024-11-02T00:54:31.968-0300] {task_command.py:467} INFO - Running <TaskInstance: etl_redshift_dag_variables_fed.load_to_redshift_task scheduled__2024-10-31T19:00:00+00:00 [running]> on host DESKTOP-MVFODGC.
[2024-11-02T00:54:32.943-0300] {taskinstance.py:3131} INFO - Exporting env vars: AIRFLOW_CTX_DAG_OWNER='airflow' AIRFLOW_CTX_DAG_ID='etl_redshift_dag_variables_fed' AIRFLOW_CTX_TASK_ID='load_to_redshift_task' AIRFLOW_CTX_EXECUTION_DATE='2024-10-31T19:00:00+00:00' AIRFLOW_CTX_TRY_NUMBER='3' AIRFLOW_CTX_DAG_RUN_ID='scheduled__2024-10-31T19:00:00+00:00'
[2024-11-02T00:54:32.956-0300] {logging_mixin.py:190} INFO - Task instance is in running state
[2024-11-02T00:54:32.971-0300] {logging_mixin.py:190} INFO -  Previous state of the Task instance: queued
[2024-11-02T00:54:32.994-0300] {logging_mixin.py:190} INFO - Current task name:load_to_redshift_task state:running start_date:2024-11-02 03:54:30.976149+00:00
[2024-11-02T00:54:33.000-0300] {logging_mixin.py:190} INFO - Dag name:etl_redshift_dag_variables_fed and current dag run status:running
[2024-11-02T00:54:33.027-0300] {taskinstance.py:731} INFO - ::endgroup::
[2024-11-02T00:54:37.675-0300] {logging_mixin.py:190} INFO - Datos cargados exitosamente en la tabla 2024_nicolas_alvarez_julia_schema.fact_table en Redshift.
[2024-11-02T00:54:37.714-0300] {python.py:240} INFO - Done. Returned value was: None
[2024-11-02T00:54:37.904-0300] {taskinstance.py:340} INFO - ::group::Post task execution logs
[2024-11-02T00:54:37.918-0300] {taskinstance.py:352} INFO - Marking task as SUCCESS. dag_id=etl_redshift_dag_variables_fed, task_id=load_to_redshift_task, run_id=scheduled__2024-10-31T19:00:00+00:00, execution_date=20241031T190000, start_date=20241102T035430, end_date=20241102T035437
[2024-11-02T00:54:38.589-0300] {logging_mixin.py:190} INFO - Task instance in success state
[2024-11-02T00:54:38.592-0300] {logging_mixin.py:190} INFO -  Previous state of the Task instance: running
[2024-11-02T00:54:38.596-0300] {logging_mixin.py:190} INFO - Dag name:etl_redshift_dag_variables_fed queued_at:2024-11-02 03:50:36.587380+00:00
[2024-11-02T00:54:38.603-0300] {logging_mixin.py:190} INFO - Task hostname:DESKTOP-MVFODGC. operator:PythonOperator
[2024-11-02T00:54:38.785-0300] {local_task_job_runner.py:266} INFO - Task exited with return code 0
[2024-11-02T00:54:38.960-0300] {taskinstance.py:3900} INFO - 0 downstream tasks scheduled from follow-on schedule check
[2024-11-02T00:54:39.031-0300] {local_task_job_runner.py:245} INFO - ::endgroup::
