[2024-10-31T01:11:03.444-0300] {local_task_job_runner.py:123} INFO - ::group::Pre task execution logs
[2024-10-31T01:11:03.500-0300] {taskinstance.py:2612} INFO - Dependencies all met for dep_context=non-requeueable deps ti=<TaskInstance: etl_redshift_dag_variables_bcra.actualizar_dim_fecha scheduled__2024-10-26T00:01:00+00:00 [queued]>
[2024-10-31T01:11:03.546-0300] {taskinstance.py:2612} INFO - Dependencies all met for dep_context=requeueable deps ti=<TaskInstance: etl_redshift_dag_variables_bcra.actualizar_dim_fecha scheduled__2024-10-26T00:01:00+00:00 [queued]>
[2024-10-31T01:11:03.549-0300] {taskinstance.py:2865} INFO - Starting attempt 4 of 5
[2024-10-31T01:11:03.649-0300] {taskinstance.py:2888} INFO - Executing <Task(PythonOperator): actualizar_dim_fecha> on 2024-10-26 00:01:00+00:00
[2024-10-31T01:11:03.665-0300] {standard_task_runner.py:72} INFO - Started process 119249 to run task
[2024-10-31T01:11:03.682-0300] {standard_task_runner.py:104} INFO - Running: ['airflow', 'tasks', 'run', 'etl_redshift_dag_variables_bcra', 'actualizar_dim_fecha', 'scheduled__2024-10-26T00:01:00+00:00', '--job-id', '260', '--raw', '--subdir', 'DAGS_FOLDER/dag_variables_bcra.py', '--cfg-path', '/tmp/tmpvrpzedcj']
[2024-10-31T01:11:03.693-0300] {standard_task_runner.py:105} INFO - Job 260: Subtask actualizar_dim_fecha
[2024-10-31T01:11:03.982-0300] {task_command.py:467} INFO - Running <TaskInstance: etl_redshift_dag_variables_bcra.actualizar_dim_fecha scheduled__2024-10-26T00:01:00+00:00 [running]> on host DESKTOP-MVFODGC.
[2024-10-31T01:11:04.311-0300] {taskinstance.py:3131} INFO - Exporting env vars: AIRFLOW_CTX_DAG_OWNER='airflow' AIRFLOW_CTX_DAG_ID='etl_redshift_dag_variables_bcra' AIRFLOW_CTX_TASK_ID='actualizar_dim_fecha' AIRFLOW_CTX_EXECUTION_DATE='2024-10-26T00:01:00+00:00' AIRFLOW_CTX_TRY_NUMBER='4' AIRFLOW_CTX_DAG_RUN_ID='scheduled__2024-10-26T00:01:00+00:00'
[2024-10-31T01:11:04.316-0300] {logging_mixin.py:190} INFO - Task instance is in running state
[2024-10-31T01:11:04.320-0300] {logging_mixin.py:190} INFO -  Previous state of the Task instance: queued
[2024-10-31T01:11:04.326-0300] {logging_mixin.py:190} INFO - Current task name:actualizar_dim_fecha state:running start_date:2024-10-31 04:11:03.503092+00:00
[2024-10-31T01:11:04.329-0300] {logging_mixin.py:190} INFO - Dag name:etl_redshift_dag_variables_bcra and current dag run status:running
[2024-10-31T01:11:04.332-0300] {taskinstance.py:731} INFO - ::endgroup::
[2024-10-31T01:11:07.790-0300] {_databases.py:352} ERROR - {'S': 'ERROR', 'C': '42601', 'M': 'syntax error at or near "2024" in context "AS max_fecha FROM 2024", at line 1', 'P': '44', 'F': '/home/ec2-user/padb/src/pg/src/backend/parser/parser_scan.l', 'L': '858', 'R': 'extended_yyerror'}
[2024-10-31T01:11:07.793-0300] {logging_mixin.py:190} INFO - Error en la conexión o actualización de la tabla: {'S': 'ERROR', 'C': '42601', 'M': 'syntax error at or near "2024" in context "AS max_fecha FROM 2024", at line 1', 'P': '44', 'F': '/home/ec2-user/padb/src/pg/src/backend/parser/parser_scan.l', 'L': '858', 'R': 'extended_yyerror'}
[2024-10-31T01:11:07.798-0300] {python.py:240} INFO - Done. Returned value was: None
[2024-10-31T01:11:07.834-0300] {taskinstance.py:340} INFO - ::group::Post task execution logs
[2024-10-31T01:11:07.841-0300] {taskinstance.py:352} INFO - Marking task as SUCCESS. dag_id=etl_redshift_dag_variables_bcra, task_id=actualizar_dim_fecha, run_id=scheduled__2024-10-26T00:01:00+00:00, execution_date=20241026T000100, start_date=20241031T041103, end_date=20241031T041107
[2024-10-31T01:11:07.924-0300] {logging_mixin.py:190} INFO - Task instance in success state
[2024-10-31T01:11:07.927-0300] {logging_mixin.py:190} INFO -  Previous state of the Task instance: running
[2024-10-31T01:11:07.930-0300] {logging_mixin.py:190} INFO - Dag name:etl_redshift_dag_variables_bcra queued_at:2024-10-31 04:08:14.649365+00:00
[2024-10-31T01:11:07.932-0300] {logging_mixin.py:190} INFO - Task hostname:DESKTOP-MVFODGC. operator:PythonOperator
[2024-10-31T01:11:07.980-0300] {local_task_job_runner.py:266} INFO - Task exited with return code 0
[2024-10-31T01:11:08.086-0300] {taskinstance.py:3900} INFO - 1 downstream tasks scheduled from follow-on schedule check
[2024-10-31T01:11:08.127-0300] {local_task_job_runner.py:245} INFO - ::endgroup::
