[2024-11-01T01:17:23.453-0300] {local_task_job_runner.py:123} INFO - ::group::Pre task execution logs
[2024-11-01T01:17:23.528-0300] {taskinstance.py:2612} INFO - Dependencies all met for dep_context=non-requeueable deps ti=<TaskInstance: etl_redshift_dag_variables_fed.extract_data_fed_task scheduled__2024-10-23T19:00:00+00:00 [queued]>
[2024-11-01T01:17:23.579-0300] {taskinstance.py:2612} INFO - Dependencies all met for dep_context=requeueable deps ti=<TaskInstance: etl_redshift_dag_variables_fed.extract_data_fed_task scheduled__2024-10-23T19:00:00+00:00 [queued]>
[2024-11-01T01:17:23.582-0300] {taskinstance.py:2865} INFO - Starting attempt 1 of 2
[2024-11-01T01:17:23.688-0300] {taskinstance.py:2888} INFO - Executing <Task(PythonOperator): extract_data_fed_task> on 2024-10-23 19:00:00+00:00
[2024-11-01T01:17:23.708-0300] {standard_task_runner.py:72} INFO - Started process 173242 to run task
[2024-11-01T01:17:23.717-0300] {standard_task_runner.py:104} INFO - Running: ['airflow', 'tasks', 'run', 'etl_redshift_dag_variables_fed', 'extract_data_fed_task', 'scheduled__2024-10-23T19:00:00+00:00', '--job-id', '437', '--raw', '--subdir', 'DAGS_FOLDER/dag_variables_fed.py', '--cfg-path', '/tmp/tmpfmur1h_1']
[2024-11-01T01:17:23.721-0300] {standard_task_runner.py:105} INFO - Job 437: Subtask extract_data_fed_task
[2024-11-01T01:17:24.461-0300] {task_command.py:467} INFO - Running <TaskInstance: etl_redshift_dag_variables_fed.extract_data_fed_task scheduled__2024-10-23T19:00:00+00:00 [running]> on host DESKTOP-MVFODGC.
[2024-11-01T01:17:25.947-0300] {taskinstance.py:3131} INFO - Exporting env vars: AIRFLOW_CTX_DAG_OWNER='airflow' AIRFLOW_CTX_DAG_ID='etl_redshift_dag_variables_fed' AIRFLOW_CTX_TASK_ID='extract_data_fed_task' AIRFLOW_CTX_EXECUTION_DATE='2024-10-23T19:00:00+00:00' AIRFLOW_CTX_TRY_NUMBER='1' AIRFLOW_CTX_DAG_RUN_ID='scheduled__2024-10-23T19:00:00+00:00'
[2024-11-01T01:17:25.952-0300] {logging_mixin.py:190} INFO - Task instance is in running state
[2024-11-01T01:17:25.960-0300] {logging_mixin.py:190} INFO -  Previous state of the Task instance: queued
[2024-11-01T01:17:25.977-0300] {logging_mixin.py:190} INFO - Current task name:extract_data_fed_task state:running start_date:2024-11-01 04:17:23.532867+00:00
[2024-11-01T01:17:25.987-0300] {logging_mixin.py:190} INFO - Dag name:etl_redshift_dag_variables_fed and current dag run status:running
[2024-11-01T01:17:26.017-0300] {taskinstance.py:731} INFO - ::endgroup::
[2024-11-01T01:17:35.146-0300] {python.py:240} INFO - Done. Returned value was: None
[2024-11-01T01:17:35.328-0300] {taskinstance.py:340} INFO - ::group::Post task execution logs
[2024-11-01T01:17:35.346-0300] {taskinstance.py:352} INFO - Marking task as SUCCESS. dag_id=etl_redshift_dag_variables_fed, task_id=extract_data_fed_task, run_id=scheduled__2024-10-23T19:00:00+00:00, execution_date=20241023T190000, start_date=20241101T041723, end_date=20241101T041735
[2024-11-01T01:17:35.509-0300] {logging_mixin.py:190} INFO - Task instance in success state
[2024-11-01T01:17:35.520-0300] {logging_mixin.py:190} INFO -  Previous state of the Task instance: running
[2024-11-01T01:17:35.542-0300] {logging_mixin.py:190} INFO - Dag name:etl_redshift_dag_variables_fed queued_at:2024-11-01 04:12:48.085784+00:00
[2024-11-01T01:17:35.567-0300] {logging_mixin.py:190} INFO - Task hostname:DESKTOP-MVFODGC. operator:PythonOperator
[2024-11-01T01:17:35.629-0300] {local_task_job_runner.py:266} INFO - Task exited with return code 0
[2024-11-01T01:17:36.267-0300] {taskinstance.py:3900} INFO - 1 downstream tasks scheduled from follow-on schedule check
[2024-11-01T01:17:36.318-0300] {local_task_job_runner.py:245} INFO - ::endgroup::
