[2024-11-02T00:30:43.153-0300] {local_task_job_runner.py:123} INFO - ::group::Pre task execution logs
[2024-11-02T00:30:43.426-0300] {taskinstance.py:2612} INFO - Dependencies all met for dep_context=non-requeueable deps ti=<TaskInstance: etl_redshift_dag_variables_fed.actualizar_dim_fecha manual__2024-11-01T03:10:35.450292+00:00 [queued]>
[2024-11-02T00:30:43.735-0300] {taskinstance.py:2612} INFO - Dependencies all met for dep_context=requeueable deps ti=<TaskInstance: etl_redshift_dag_variables_fed.actualizar_dim_fecha manual__2024-11-01T03:10:35.450292+00:00 [queued]>
[2024-11-02T00:30:43.755-0300] {taskinstance.py:2865} INFO - Starting attempt 8 of 9
[2024-11-02T00:30:44.811-0300] {taskinstance.py:2888} INFO - Executing <Task(PythonOperator): actualizar_dim_fecha> on 2024-11-01 03:10:35.450292+00:00
[2024-11-02T00:30:44.864-0300] {standard_task_runner.py:72} INFO - Started process 217251 to run task
[2024-11-02T00:30:44.896-0300] {standard_task_runner.py:104} INFO - Running: ['airflow', 'tasks', 'run', 'etl_redshift_dag_variables_fed', 'actualizar_dim_fecha', 'manual__2024-11-01T03:10:35.450292+00:00', '--job-id', '515', '--raw', '--subdir', 'DAGS_FOLDER/dag_variables_fed.py', '--cfg-path', '/tmp/tmp3r71g168']
[2024-11-02T00:30:44.945-0300] {standard_task_runner.py:105} INFO - Job 515: Subtask actualizar_dim_fecha
[2024-11-02T00:30:45.423-0300] {task_command.py:467} INFO - Running <TaskInstance: etl_redshift_dag_variables_fed.actualizar_dim_fecha manual__2024-11-01T03:10:35.450292+00:00 [running]> on host DESKTOP-MVFODGC.
[2024-11-02T00:30:45.789-0300] {taskinstance.py:3131} INFO - Exporting env vars: AIRFLOW_CTX_DAG_OWNER='airflow' AIRFLOW_CTX_DAG_ID='etl_redshift_dag_variables_fed' AIRFLOW_CTX_TASK_ID='actualizar_dim_fecha' AIRFLOW_CTX_EXECUTION_DATE='2024-11-01T03:10:35.450292+00:00' AIRFLOW_CTX_TRY_NUMBER='8' AIRFLOW_CTX_DAG_RUN_ID='manual__2024-11-01T03:10:35.450292+00:00'
[2024-11-02T00:30:45.799-0300] {logging_mixin.py:190} INFO - Task instance is in running state
[2024-11-02T00:30:45.804-0300] {logging_mixin.py:190} INFO -  Previous state of the Task instance: queued
[2024-11-02T00:30:45.811-0300] {logging_mixin.py:190} INFO - Current task name:actualizar_dim_fecha state:running start_date:2024-11-02 03:30:43.449025+00:00
[2024-11-02T00:30:45.816-0300] {logging_mixin.py:190} INFO - Dag name:etl_redshift_dag_variables_fed and current dag run status:running
[2024-11-02T00:30:45.819-0300] {taskinstance.py:731} INFO - ::endgroup::
[2024-11-02T00:30:49.120-0300] {python.py:240} INFO - Done. Returned value was: None
[2024-11-02T00:30:49.186-0300] {taskinstance.py:340} INFO - ::group::Post task execution logs
[2024-11-02T00:30:49.234-0300] {taskinstance.py:352} INFO - Marking task as SUCCESS. dag_id=etl_redshift_dag_variables_fed, task_id=actualizar_dim_fecha, run_id=manual__2024-11-01T03:10:35.450292+00:00, execution_date=20241101T031035, start_date=20241102T033043, end_date=20241102T033049
[2024-11-02T00:30:49.316-0300] {logging_mixin.py:190} INFO - Task instance in success state
[2024-11-02T00:30:49.328-0300] {logging_mixin.py:190} INFO -  Previous state of the Task instance: running
[2024-11-02T00:30:49.335-0300] {logging_mixin.py:190} INFO - Dag name:etl_redshift_dag_variables_fed queued_at:2024-11-02 03:30:15.015642+00:00
[2024-11-02T00:30:49.337-0300] {logging_mixin.py:190} INFO - Task hostname:DESKTOP-MVFODGC. operator:PythonOperator
[2024-11-02T00:30:49.419-0300] {local_task_job_runner.py:266} INFO - Task exited with return code 0
[2024-11-02T00:30:49.944-0300] {standard_task_runner.py:217} INFO - Process not found (most likely exited), stop collecting metrics
[2024-11-02T00:30:50.084-0300] {taskinstance.py:3900} INFO - 1 downstream tasks scheduled from follow-on schedule check
[2024-11-02T00:30:50.178-0300] {local_task_job_runner.py:245} INFO - ::endgroup::
