[2024-11-01T02:41:02.604-0300] {local_task_job_runner.py:123} INFO - ::group::Pre task execution logs
[2024-11-01T02:41:02.809-0300] {taskinstance.py:2612} INFO - Dependencies all met for dep_context=non-requeueable deps ti=<TaskInstance: etl_redshift_dag_variables_fed.actualizar_dim_fecha manual__2024-11-01T03:10:35.450292+00:00 [queued]>
[2024-11-01T02:41:04.024-0300] {taskinstance.py:2612} INFO - Dependencies all met for dep_context=requeueable deps ti=<TaskInstance: etl_redshift_dag_variables_fed.actualizar_dim_fecha manual__2024-11-01T03:10:35.450292+00:00 [queued]>
[2024-11-01T02:41:04.057-0300] {taskinstance.py:2865} INFO - Starting attempt 7 of 8
[2024-11-01T02:41:04.472-0300] {taskinstance.py:2888} INFO - Executing <Task(PythonOperator): actualizar_dim_fecha> on 2024-11-01 03:10:35.450292+00:00
[2024-11-01T02:41:04.497-0300] {standard_task_runner.py:72} INFO - Started process 194063 to run task
[2024-11-01T02:41:04.519-0300] {standard_task_runner.py:104} INFO - Running: ['airflow', 'tasks', 'run', 'etl_redshift_dag_variables_fed', 'actualizar_dim_fecha', 'manual__2024-11-01T03:10:35.450292+00:00', '--job-id', '494', '--raw', '--subdir', 'DAGS_FOLDER/dag_variables_fed.py', '--cfg-path', '/tmp/tmp_9z9xcsc']
[2024-11-01T02:41:04.553-0300] {standard_task_runner.py:105} INFO - Job 494: Subtask actualizar_dim_fecha
[2024-11-01T02:41:05.012-0300] {task_command.py:467} INFO - Running <TaskInstance: etl_redshift_dag_variables_fed.actualizar_dim_fecha manual__2024-11-01T03:10:35.450292+00:00 [running]> on host DESKTOP-MVFODGC.
[2024-11-01T02:41:07.736-0300] {taskinstance.py:3131} INFO - Exporting env vars: AIRFLOW_CTX_DAG_OWNER='airflow' AIRFLOW_CTX_DAG_ID='etl_redshift_dag_variables_fed' AIRFLOW_CTX_TASK_ID='actualizar_dim_fecha' AIRFLOW_CTX_EXECUTION_DATE='2024-11-01T03:10:35.450292+00:00' AIRFLOW_CTX_TRY_NUMBER='7' AIRFLOW_CTX_DAG_RUN_ID='manual__2024-11-01T03:10:35.450292+00:00'
[2024-11-01T02:41:07.747-0300] {logging_mixin.py:190} INFO - Task instance is in running state
[2024-11-01T02:41:07.752-0300] {logging_mixin.py:190} INFO -  Previous state of the Task instance: queued
[2024-11-01T02:41:07.755-0300] {logging_mixin.py:190} INFO - Current task name:actualizar_dim_fecha state:running start_date:2024-11-01 05:41:03.008509+00:00
[2024-11-01T02:41:07.762-0300] {logging_mixin.py:190} INFO - Dag name:etl_redshift_dag_variables_fed and current dag run status:running
[2024-11-01T02:41:07.765-0300] {taskinstance.py:731} INFO - ::endgroup::
[2024-11-01T02:41:11.023-0300] {python.py:240} INFO - Done. Returned value was: None
[2024-11-01T02:41:11.441-0300] {taskinstance.py:340} INFO - ::group::Post task execution logs
[2024-11-01T02:41:11.461-0300] {taskinstance.py:352} INFO - Marking task as SUCCESS. dag_id=etl_redshift_dag_variables_fed, task_id=actualizar_dim_fecha, run_id=manual__2024-11-01T03:10:35.450292+00:00, execution_date=20241101T031035, start_date=20241101T054103, end_date=20241101T054111
[2024-11-01T02:41:12.029-0300] {logging_mixin.py:190} INFO - Task instance in success state
[2024-11-01T02:41:12.031-0300] {logging_mixin.py:190} INFO -  Previous state of the Task instance: running
[2024-11-01T02:41:12.048-0300] {logging_mixin.py:190} INFO - Dag name:etl_redshift_dag_variables_fed queued_at:2024-11-01 05:39:09.113747+00:00
[2024-11-01T02:41:12.050-0300] {logging_mixin.py:190} INFO - Task hostname:DESKTOP-MVFODGC. operator:PythonOperator
[2024-11-01T02:41:12.119-0300] {local_task_job_runner.py:266} INFO - Task exited with return code 0
[2024-11-01T02:41:12.538-0300] {taskinstance.py:3900} INFO - 1 downstream tasks scheduled from follow-on schedule check
[2024-11-01T02:41:12.570-0300] {local_task_job_runner.py:245} INFO - ::endgroup::
