[2024-11-01T00:24:37.928-0300] {local_task_job_runner.py:123} INFO - ::group::Pre task execution logs
[2024-11-01T00:24:37.992-0300] {taskinstance.py:2612} INFO - Dependencies all met for dep_context=non-requeueable deps ti=<TaskInstance: etl_redshift_dag_variables_fed.actualizar_dim_fecha manual__2024-11-01T03:10:35.450292+00:00 [queued]>
[2024-11-01T00:24:38.030-0300] {taskinstance.py:2612} INFO - Dependencies all met for dep_context=requeueable deps ti=<TaskInstance: etl_redshift_dag_variables_fed.actualizar_dim_fecha manual__2024-11-01T03:10:35.450292+00:00 [queued]>
[2024-11-01T00:24:38.035-0300] {taskinstance.py:2865} INFO - Starting attempt 2 of 3
[2024-11-01T00:24:38.139-0300] {taskinstance.py:2888} INFO - Executing <Task(PythonOperator): actualizar_dim_fecha> on 2024-11-01 03:10:35.450292+00:00
[2024-11-01T00:24:38.151-0300] {standard_task_runner.py:72} INFO - Started process 159871 to run task
[2024-11-01T00:24:38.162-0300] {standard_task_runner.py:104} INFO - Running: ['airflow', 'tasks', 'run', 'etl_redshift_dag_variables_fed', 'actualizar_dim_fecha', 'manual__2024-11-01T03:10:35.450292+00:00', '--job-id', '393', '--raw', '--subdir', 'DAGS_FOLDER/dag_variables_fed.py', '--cfg-path', '/tmp/tmpk8sr9fj4']
[2024-11-01T00:24:38.170-0300] {standard_task_runner.py:105} INFO - Job 393: Subtask actualizar_dim_fecha
[2024-11-01T00:24:39.362-0300] {task_command.py:467} INFO - Running <TaskInstance: etl_redshift_dag_variables_fed.actualizar_dim_fecha manual__2024-11-01T03:10:35.450292+00:00 [running]> on host DESKTOP-MVFODGC.
[2024-11-01T00:24:39.961-0300] {taskinstance.py:3131} INFO - Exporting env vars: AIRFLOW_CTX_DAG_OWNER='airflow' AIRFLOW_CTX_DAG_ID='etl_redshift_dag_variables_fed' AIRFLOW_CTX_TASK_ID='actualizar_dim_fecha' AIRFLOW_CTX_EXECUTION_DATE='2024-11-01T03:10:35.450292+00:00' AIRFLOW_CTX_TRY_NUMBER='2' AIRFLOW_CTX_DAG_RUN_ID='manual__2024-11-01T03:10:35.450292+00:00'
[2024-11-01T00:24:39.966-0300] {logging_mixin.py:190} INFO - Task instance is in running state
[2024-11-01T00:24:39.971-0300] {logging_mixin.py:190} INFO -  Previous state of the Task instance: queued
[2024-11-01T00:24:39.975-0300] {logging_mixin.py:190} INFO - Current task name:actualizar_dim_fecha state:running start_date:2024-11-01 03:24:37.995113+00:00
[2024-11-01T00:24:39.977-0300] {logging_mixin.py:190} INFO - Dag name:etl_redshift_dag_variables_fed and current dag run status:running
[2024-11-01T00:24:39.982-0300] {taskinstance.py:731} INFO - ::endgroup::
[2024-11-01T00:24:43.559-0300] {python.py:240} INFO - Done. Returned value was: None
[2024-11-01T00:24:43.594-0300] {taskinstance.py:340} INFO - ::group::Post task execution logs
[2024-11-01T00:24:43.598-0300] {taskinstance.py:352} INFO - Marking task as SUCCESS. dag_id=etl_redshift_dag_variables_fed, task_id=actualizar_dim_fecha, run_id=manual__2024-11-01T03:10:35.450292+00:00, execution_date=20241101T031035, start_date=20241101T032437, end_date=20241101T032443
[2024-11-01T00:24:43.683-0300] {logging_mixin.py:190} INFO - Task instance in success state
[2024-11-01T00:24:43.688-0300] {logging_mixin.py:190} INFO -  Previous state of the Task instance: running
[2024-11-01T00:24:43.691-0300] {logging_mixin.py:190} INFO - Dag name:etl_redshift_dag_variables_fed queued_at:2024-11-01 03:10:36.692961+00:00
[2024-11-01T00:24:43.693-0300] {logging_mixin.py:190} INFO - Task hostname:DESKTOP-MVFODGC. operator:PythonOperator
[2024-11-01T00:24:43.727-0300] {local_task_job_runner.py:266} INFO - Task exited with return code 0
[2024-11-01T00:24:43.877-0300] {taskinstance.py:3900} INFO - 1 downstream tasks scheduled from follow-on schedule check
[2024-11-01T00:24:43.923-0300] {local_task_job_runner.py:245} INFO - ::endgroup::
