[2024-11-01T00:49:09.954-0300] {local_task_job_runner.py:123} INFO - ::group::Pre task execution logs
[2024-11-01T00:49:10.013-0300] {taskinstance.py:2612} INFO - Dependencies all met for dep_context=non-requeueable deps ti=<TaskInstance: etl_redshift_dag_variables_fed.extract_data_fed_task manual__2024-11-01T03:23:53.466065+00:00 [queued]>
[2024-11-01T00:49:10.058-0300] {taskinstance.py:2612} INFO - Dependencies all met for dep_context=requeueable deps ti=<TaskInstance: etl_redshift_dag_variables_fed.extract_data_fed_task manual__2024-11-01T03:23:53.466065+00:00 [queued]>
[2024-11-01T00:49:10.060-0300] {taskinstance.py:2865} INFO - Starting attempt 2 of 3
[2024-11-01T00:49:10.165-0300] {taskinstance.py:2888} INFO - Executing <Task(PythonOperator): extract_data_fed_task> on 2024-11-01 03:23:53.466065+00:00
[2024-11-01T00:49:10.185-0300] {standard_task_runner.py:72} INFO - Started process 166042 to run task
[2024-11-01T00:49:10.195-0300] {standard_task_runner.py:104} INFO - Running: ['airflow', 'tasks', 'run', 'etl_redshift_dag_variables_fed', 'extract_data_fed_task', 'manual__2024-11-01T03:23:53.466065+00:00', '--job-id', '413', '--raw', '--subdir', 'DAGS_FOLDER/dag_variables_fed.py', '--cfg-path', '/tmp/tmpe2zetg6s']
[2024-11-01T00:49:10.204-0300] {standard_task_runner.py:105} INFO - Job 413: Subtask extract_data_fed_task
[2024-11-01T00:49:10.472-0300] {task_command.py:467} INFO - Running <TaskInstance: etl_redshift_dag_variables_fed.extract_data_fed_task manual__2024-11-01T03:23:53.466065+00:00 [running]> on host DESKTOP-MVFODGC.
[2024-11-01T00:49:10.976-0300] {taskinstance.py:3131} INFO - Exporting env vars: AIRFLOW_CTX_DAG_OWNER='airflow' AIRFLOW_CTX_DAG_ID='etl_redshift_dag_variables_fed' AIRFLOW_CTX_TASK_ID='extract_data_fed_task' AIRFLOW_CTX_EXECUTION_DATE='2024-11-01T03:23:53.466065+00:00' AIRFLOW_CTX_TRY_NUMBER='2' AIRFLOW_CTX_DAG_RUN_ID='manual__2024-11-01T03:23:53.466065+00:00'
[2024-11-01T00:49:11.010-0300] {logging_mixin.py:190} INFO - Task instance is in running state
[2024-11-01T00:49:11.032-0300] {logging_mixin.py:190} INFO -  Previous state of the Task instance: queued
[2024-11-01T00:49:11.072-0300] {logging_mixin.py:190} INFO - Current task name:extract_data_fed_task state:running start_date:2024-11-01 03:49:10.023710+00:00
[2024-11-01T00:49:11.128-0300] {logging_mixin.py:190} INFO - Dag name:etl_redshift_dag_variables_fed and current dag run status:running
[2024-11-01T00:49:11.173-0300] {taskinstance.py:731} INFO - ::endgroup::
[2024-11-01T00:49:19.200-0300] {python.py:240} INFO - Done. Returned value was: None
[2024-11-01T00:49:19.410-0300] {taskinstance.py:340} INFO - ::group::Post task execution logs
[2024-11-01T00:49:19.419-0300] {taskinstance.py:352} INFO - Marking task as SUCCESS. dag_id=etl_redshift_dag_variables_fed, task_id=extract_data_fed_task, run_id=manual__2024-11-01T03:23:53.466065+00:00, execution_date=20241101T032353, start_date=20241101T034910, end_date=20241101T034919
[2024-11-01T00:49:19.526-0300] {logging_mixin.py:190} INFO - Task instance in success state
[2024-11-01T00:49:19.529-0300] {logging_mixin.py:190} INFO -  Previous state of the Task instance: running
[2024-11-01T00:49:19.535-0300] {logging_mixin.py:190} INFO - Dag name:etl_redshift_dag_variables_fed queued_at:2024-11-01 03:48:12.739906+00:00
[2024-11-01T00:49:19.538-0300] {logging_mixin.py:190} INFO - Task hostname:DESKTOP-MVFODGC. operator:PythonOperator
[2024-11-01T00:49:19.588-0300] {local_task_job_runner.py:266} INFO - Task exited with return code 0
[2024-11-01T00:49:19.708-0300] {taskinstance.py:3900} INFO - 1 downstream tasks scheduled from follow-on schedule check
[2024-11-01T00:49:19.749-0300] {local_task_job_runner.py:245} INFO - ::endgroup::
[2024-11-01T00:49:20.216-0300] {standard_task_runner.py:217} INFO - Process not found (most likely exited), stop collecting metrics
