[2024-11-01T02:14:27.367-0300] {local_task_job_runner.py:123} INFO - ::group::Pre task execution logs
[2024-11-01T02:14:27.418-0300] {taskinstance.py:2612} INFO - Dependencies all met for dep_context=non-requeueable deps ti=<TaskInstance: etl_redshift_dag_variables_fed.extract_data_fed_task manual__2024-11-01T03:23:53.466065+00:00 [queued]>
[2024-11-01T02:14:27.458-0300] {taskinstance.py:2612} INFO - Dependencies all met for dep_context=requeueable deps ti=<TaskInstance: etl_redshift_dag_variables_fed.extract_data_fed_task manual__2024-11-01T03:23:53.466065+00:00 [queued]>
[2024-11-01T02:14:27.461-0300] {taskinstance.py:2865} INFO - Starting attempt 6 of 7
[2024-11-01T02:14:27.600-0300] {taskinstance.py:2888} INFO - Executing <Task(PythonOperator): extract_data_fed_task> on 2024-11-01 03:23:53.466065+00:00
[2024-11-01T02:14:27.621-0300] {standard_task_runner.py:72} INFO - Started process 187436 to run task
[2024-11-01T02:14:27.643-0300] {standard_task_runner.py:104} INFO - Running: ['airflow', 'tasks', 'run', 'etl_redshift_dag_variables_fed', 'extract_data_fed_task', 'manual__2024-11-01T03:23:53.466065+00:00', '--job-id', '479', '--raw', '--subdir', 'DAGS_FOLDER/dag_variables_fed.py', '--cfg-path', '/tmp/tmptf4mihqj']
[2024-11-01T02:14:27.649-0300] {standard_task_runner.py:105} INFO - Job 479: Subtask extract_data_fed_task
[2024-11-01T02:14:27.843-0300] {task_command.py:467} INFO - Running <TaskInstance: etl_redshift_dag_variables_fed.extract_data_fed_task manual__2024-11-01T03:23:53.466065+00:00 [running]> on host DESKTOP-MVFODGC.
[2024-11-01T02:14:28.234-0300] {taskinstance.py:3131} INFO - Exporting env vars: AIRFLOW_CTX_DAG_OWNER='airflow' AIRFLOW_CTX_DAG_ID='etl_redshift_dag_variables_fed' AIRFLOW_CTX_TASK_ID='extract_data_fed_task' AIRFLOW_CTX_EXECUTION_DATE='2024-11-01T03:23:53.466065+00:00' AIRFLOW_CTX_TRY_NUMBER='6' AIRFLOW_CTX_DAG_RUN_ID='manual__2024-11-01T03:23:53.466065+00:00'
[2024-11-01T02:14:28.238-0300] {logging_mixin.py:190} INFO - Task instance is in running state
[2024-11-01T02:14:28.241-0300] {logging_mixin.py:190} INFO -  Previous state of the Task instance: queued
[2024-11-01T02:14:28.247-0300] {logging_mixin.py:190} INFO - Current task name:extract_data_fed_task state:running start_date:2024-11-01 05:14:27.420946+00:00
[2024-11-01T02:14:28.252-0300] {logging_mixin.py:190} INFO - Dag name:etl_redshift_dag_variables_fed and current dag run status:running
[2024-11-01T02:14:28.255-0300] {taskinstance.py:731} INFO - ::endgroup::
[2024-11-01T02:14:35.871-0300] {python.py:240} INFO - Done. Returned value was: None
[2024-11-01T02:14:35.919-0300] {taskinstance.py:340} INFO - ::group::Post task execution logs
[2024-11-01T02:14:35.925-0300] {taskinstance.py:352} INFO - Marking task as SUCCESS. dag_id=etl_redshift_dag_variables_fed, task_id=extract_data_fed_task, run_id=manual__2024-11-01T03:23:53.466065+00:00, execution_date=20241101T032353, start_date=20241101T051427, end_date=20241101T051435
[2024-11-01T02:14:36.066-0300] {logging_mixin.py:190} INFO - Task instance in success state
[2024-11-01T02:14:36.079-0300] {logging_mixin.py:190} INFO -  Previous state of the Task instance: running
[2024-11-01T02:14:36.093-0300] {logging_mixin.py:190} INFO - Dag name:etl_redshift_dag_variables_fed queued_at:2024-11-01 05:13:10.155188+00:00
[2024-11-01T02:14:36.099-0300] {logging_mixin.py:190} INFO - Task hostname:DESKTOP-MVFODGC. operator:PythonOperator
[2024-11-01T02:14:36.155-0300] {local_task_job_runner.py:266} INFO - Task exited with return code 0
[2024-11-01T02:14:36.638-0300] {taskinstance.py:3900} INFO - 1 downstream tasks scheduled from follow-on schedule check
[2024-11-01T02:14:36.743-0300] {local_task_job_runner.py:245} INFO - ::endgroup::
