[2024-10-30T21:02:11.942-0300] {processor.py:186} INFO - Started process (PID=100077) to work on /home/nico/.local/lib/python3.10/site-packages/airflow/example_dags/example_bash_operator.py
[2024-10-30T21:02:11.945-0300] {processor.py:914} INFO - Processing file /home/nico/.local/lib/python3.10/site-packages/airflow/example_dags/example_bash_operator.py for tasks to queue
[2024-10-30T21:02:11.949-0300] {logging_mixin.py:190} INFO - [2024-10-30T21:02:11.948-0300] {dagbag.py:588} INFO - Filling up the DagBag from /home/nico/.local/lib/python3.10/site-packages/airflow/example_dags/example_bash_operator.py
[2024-10-30T21:02:11.978-0300] {processor.py:925} INFO - DAG(s) 'example_bash_operator' retrieved from /home/nico/.local/lib/python3.10/site-packages/airflow/example_dags/example_bash_operator.py
[2024-10-30T21:02:12.061-0300] {logging_mixin.py:190} INFO - [2024-10-30T21:02:12.061-0300] {dag.py:3239} INFO - Sync 1 DAGs
[2024-10-30T21:02:12.131-0300] {logging_mixin.py:190} INFO - [2024-10-30T21:02:12.131-0300] {dag.py:4180} INFO - Setting next_dagrun for example_bash_operator to 2024-10-30 00:00:00+00:00, run_after=2024-10-31 00:00:00+00:00
[2024-10-30T21:02:12.269-0300] {processor.py:208} INFO - Processing /home/nico/.local/lib/python3.10/site-packages/airflow/example_dags/example_bash_operator.py took 0.348 seconds
[2024-10-30T21:04:38.766-0300] {processor.py:186} INFO - Started process (PID=100726) to work on /home/nico/.local/lib/python3.10/site-packages/airflow/example_dags/example_bash_operator.py
[2024-10-30T21:04:38.769-0300] {processor.py:914} INFO - Processing file /home/nico/.local/lib/python3.10/site-packages/airflow/example_dags/example_bash_operator.py for tasks to queue
[2024-10-30T21:04:38.774-0300] {logging_mixin.py:190} INFO - [2024-10-30T21:04:38.773-0300] {dagbag.py:588} INFO - Filling up the DagBag from /home/nico/.local/lib/python3.10/site-packages/airflow/example_dags/example_bash_operator.py
[2024-10-30T21:04:38.824-0300] {processor.py:925} INFO - DAG(s) 'example_bash_operator' retrieved from /home/nico/.local/lib/python3.10/site-packages/airflow/example_dags/example_bash_operator.py
[2024-10-30T21:04:38.910-0300] {logging_mixin.py:190} INFO - [2024-10-30T21:04:38.909-0300] {dag.py:3239} INFO - Sync 1 DAGs
[2024-10-30T21:04:38.989-0300] {logging_mixin.py:190} INFO - [2024-10-30T21:04:38.988-0300] {dag.py:4180} INFO - Setting next_dagrun for example_bash_operator to 2024-10-30 00:00:00+00:00, run_after=2024-10-31 00:00:00+00:00
[2024-10-30T21:04:39.119-0300] {processor.py:208} INFO - Processing /home/nico/.local/lib/python3.10/site-packages/airflow/example_dags/example_bash_operator.py took 0.373 seconds
[2024-10-30T23:58:21.909-0300] {processor.py:186} INFO - Started process (PID=101609) to work on /home/nico/.local/lib/python3.10/site-packages/airflow/example_dags/example_bash_operator.py
[2024-10-30T23:58:21.913-0300] {processor.py:914} INFO - Processing file /home/nico/.local/lib/python3.10/site-packages/airflow/example_dags/example_bash_operator.py for tasks to queue
[2024-10-30T23:58:21.927-0300] {logging_mixin.py:190} INFO - [2024-10-30T23:58:21.926-0300] {dagbag.py:588} INFO - Filling up the DagBag from /home/nico/.local/lib/python3.10/site-packages/airflow/example_dags/example_bash_operator.py
[2024-10-30T23:58:22.051-0300] {processor.py:925} INFO - DAG(s) 'example_bash_operator' retrieved from /home/nico/.local/lib/python3.10/site-packages/airflow/example_dags/example_bash_operator.py
[2024-10-30T23:58:22.348-0300] {logging_mixin.py:190} INFO - [2024-10-30T23:58:22.347-0300] {dag.py:3239} INFO - Sync 1 DAGs
[2024-10-30T23:58:22.562-0300] {logging_mixin.py:190} INFO - [2024-10-30T23:58:22.561-0300] {dag.py:4180} INFO - Setting next_dagrun for example_bash_operator to 2024-10-30 00:00:00+00:00, run_after=2024-10-31 00:00:00+00:00
[2024-10-30T23:58:22.850-0300] {processor.py:208} INFO - Processing /home/nico/.local/lib/python3.10/site-packages/airflow/example_dags/example_bash_operator.py took 0.994 seconds
[2024-10-31T00:01:31.396-0300] {processor.py:186} INFO - Started process (PID=102427) to work on /home/nico/.local/lib/python3.10/site-packages/airflow/example_dags/example_bash_operator.py
[2024-10-31T00:01:31.401-0300] {processor.py:914} INFO - Processing file /home/nico/.local/lib/python3.10/site-packages/airflow/example_dags/example_bash_operator.py for tasks to queue
[2024-10-31T00:01:31.405-0300] {logging_mixin.py:190} INFO - [2024-10-31T00:01:31.404-0300] {dagbag.py:588} INFO - Filling up the DagBag from /home/nico/.local/lib/python3.10/site-packages/airflow/example_dags/example_bash_operator.py
[2024-10-31T00:01:31.453-0300] {processor.py:925} INFO - DAG(s) 'example_bash_operator' retrieved from /home/nico/.local/lib/python3.10/site-packages/airflow/example_dags/example_bash_operator.py
[2024-10-31T00:01:31.550-0300] {logging_mixin.py:190} INFO - [2024-10-31T00:01:31.549-0300] {dag.py:3239} INFO - Sync 1 DAGs
[2024-10-31T00:01:31.618-0300] {logging_mixin.py:190} INFO - [2024-10-31T00:01:31.618-0300] {dag.py:4180} INFO - Setting next_dagrun for example_bash_operator to 2024-10-30 00:00:00+00:00, run_after=2024-10-31 00:00:00+00:00
[2024-10-31T00:01:31.765-0300] {processor.py:208} INFO - Processing /home/nico/.local/lib/python3.10/site-packages/airflow/example_dags/example_bash_operator.py took 0.392 seconds
[2024-10-31T00:04:17.111-0300] {processor.py:186} INFO - Started process (PID=103148) to work on /home/nico/.local/lib/python3.10/site-packages/airflow/example_dags/example_bash_operator.py
[2024-10-31T00:04:17.116-0300] {processor.py:914} INFO - Processing file /home/nico/.local/lib/python3.10/site-packages/airflow/example_dags/example_bash_operator.py for tasks to queue
[2024-10-31T00:04:17.123-0300] {logging_mixin.py:190} INFO - [2024-10-31T00:04:17.121-0300] {dagbag.py:588} INFO - Filling up the DagBag from /home/nico/.local/lib/python3.10/site-packages/airflow/example_dags/example_bash_operator.py
[2024-10-31T00:04:17.168-0300] {processor.py:925} INFO - DAG(s) 'example_bash_operator' retrieved from /home/nico/.local/lib/python3.10/site-packages/airflow/example_dags/example_bash_operator.py
[2024-10-31T00:04:17.313-0300] {logging_mixin.py:190} INFO - [2024-10-31T00:04:17.312-0300] {dag.py:3239} INFO - Sync 1 DAGs
[2024-10-31T00:04:17.402-0300] {logging_mixin.py:190} INFO - [2024-10-31T00:04:17.401-0300] {dag.py:4180} INFO - Setting next_dagrun for example_bash_operator to 2024-10-30 00:00:00+00:00, run_after=2024-10-31 00:00:00+00:00
[2024-10-31T00:04:17.559-0300] {processor.py:208} INFO - Processing /home/nico/.local/lib/python3.10/site-packages/airflow/example_dags/example_bash_operator.py took 0.489 seconds
[2024-10-31T00:07:14.907-0300] {processor.py:186} INFO - Started process (PID=103912) to work on /home/nico/.local/lib/python3.10/site-packages/airflow/example_dags/example_bash_operator.py
[2024-10-31T00:07:14.910-0300] {processor.py:914} INFO - Processing file /home/nico/.local/lib/python3.10/site-packages/airflow/example_dags/example_bash_operator.py for tasks to queue
[2024-10-31T00:07:14.917-0300] {logging_mixin.py:190} INFO - [2024-10-31T00:07:14.916-0300] {dagbag.py:588} INFO - Filling up the DagBag from /home/nico/.local/lib/python3.10/site-packages/airflow/example_dags/example_bash_operator.py
[2024-10-31T00:07:14.959-0300] {processor.py:925} INFO - DAG(s) 'example_bash_operator' retrieved from /home/nico/.local/lib/python3.10/site-packages/airflow/example_dags/example_bash_operator.py
[2024-10-31T00:07:15.135-0300] {logging_mixin.py:190} INFO - [2024-10-31T00:07:15.134-0300] {dag.py:3239} INFO - Sync 1 DAGs
[2024-10-31T00:07:15.269-0300] {logging_mixin.py:190} INFO - [2024-10-31T00:07:15.269-0300] {dag.py:4180} INFO - Setting next_dagrun for example_bash_operator to 2024-10-30 00:00:00+00:00, run_after=2024-10-31 00:00:00+00:00
[2024-10-31T00:07:15.443-0300] {processor.py:208} INFO - Processing /home/nico/.local/lib/python3.10/site-packages/airflow/example_dags/example_bash_operator.py took 0.558 seconds
[2024-10-31T00:09:59.022-0300] {processor.py:186} INFO - Started process (PID=104594) to work on /home/nico/.local/lib/python3.10/site-packages/airflow/example_dags/example_bash_operator.py
[2024-10-31T00:09:59.032-0300] {processor.py:914} INFO - Processing file /home/nico/.local/lib/python3.10/site-packages/airflow/example_dags/example_bash_operator.py for tasks to queue
[2024-10-31T00:09:59.042-0300] {logging_mixin.py:190} INFO - [2024-10-31T00:09:59.039-0300] {dagbag.py:588} INFO - Filling up the DagBag from /home/nico/.local/lib/python3.10/site-packages/airflow/example_dags/example_bash_operator.py
[2024-10-31T00:09:59.157-0300] {processor.py:925} INFO - DAG(s) 'example_bash_operator' retrieved from /home/nico/.local/lib/python3.10/site-packages/airflow/example_dags/example_bash_operator.py
[2024-10-31T00:09:59.292-0300] {logging_mixin.py:190} INFO - [2024-10-31T00:09:59.291-0300] {dag.py:3239} INFO - Sync 1 DAGs
[2024-10-31T00:09:59.357-0300] {logging_mixin.py:190} INFO - [2024-10-31T00:09:59.357-0300] {dag.py:4180} INFO - Setting next_dagrun for example_bash_operator to 2024-10-30 00:00:00+00:00, run_after=2024-10-31 00:00:00+00:00
[2024-10-31T00:09:59.501-0300] {processor.py:208} INFO - Processing /home/nico/.local/lib/python3.10/site-packages/airflow/example_dags/example_bash_operator.py took 0.544 seconds
[2024-10-31T00:12:28.696-0300] {processor.py:186} INFO - Started process (PID=105253) to work on /home/nico/.local/lib/python3.10/site-packages/airflow/example_dags/example_bash_operator.py
[2024-10-31T00:12:28.699-0300] {processor.py:914} INFO - Processing file /home/nico/.local/lib/python3.10/site-packages/airflow/example_dags/example_bash_operator.py for tasks to queue
[2024-10-31T00:12:28.702-0300] {logging_mixin.py:190} INFO - [2024-10-31T00:12:28.701-0300] {dagbag.py:588} INFO - Filling up the DagBag from /home/nico/.local/lib/python3.10/site-packages/airflow/example_dags/example_bash_operator.py
[2024-10-31T00:12:28.731-0300] {processor.py:925} INFO - DAG(s) 'example_bash_operator' retrieved from /home/nico/.local/lib/python3.10/site-packages/airflow/example_dags/example_bash_operator.py
[2024-10-31T00:12:28.854-0300] {logging_mixin.py:190} INFO - [2024-10-31T00:12:28.853-0300] {dag.py:3239} INFO - Sync 1 DAGs
[2024-10-31T00:12:28.924-0300] {logging_mixin.py:190} INFO - [2024-10-31T00:12:28.923-0300] {dag.py:4180} INFO - Setting next_dagrun for example_bash_operator to 2024-10-30 00:00:00+00:00, run_after=2024-10-31 00:00:00+00:00
[2024-10-31T00:12:29.042-0300] {processor.py:208} INFO - Processing /home/nico/.local/lib/python3.10/site-packages/airflow/example_dags/example_bash_operator.py took 0.360 seconds
[2024-10-31T00:14:38.230-0300] {processor.py:186} INFO - Started process (PID=105826) to work on /home/nico/.local/lib/python3.10/site-packages/airflow/example_dags/example_bash_operator.py
[2024-10-31T00:14:38.233-0300] {processor.py:914} INFO - Processing file /home/nico/.local/lib/python3.10/site-packages/airflow/example_dags/example_bash_operator.py for tasks to queue
[2024-10-31T00:14:38.236-0300] {logging_mixin.py:190} INFO - [2024-10-31T00:14:38.235-0300] {dagbag.py:588} INFO - Filling up the DagBag from /home/nico/.local/lib/python3.10/site-packages/airflow/example_dags/example_bash_operator.py
[2024-10-31T00:14:38.263-0300] {processor.py:925} INFO - DAG(s) 'example_bash_operator' retrieved from /home/nico/.local/lib/python3.10/site-packages/airflow/example_dags/example_bash_operator.py
[2024-10-31T00:14:38.333-0300] {logging_mixin.py:190} INFO - [2024-10-31T00:14:38.333-0300] {dag.py:3239} INFO - Sync 1 DAGs
[2024-10-31T00:14:38.390-0300] {logging_mixin.py:190} INFO - [2024-10-31T00:14:38.389-0300] {dag.py:4180} INFO - Setting next_dagrun for example_bash_operator to 2024-10-30 00:00:00+00:00, run_after=2024-10-31 00:00:00+00:00
[2024-10-31T00:14:38.500-0300] {processor.py:208} INFO - Processing /home/nico/.local/lib/python3.10/site-packages/airflow/example_dags/example_bash_operator.py took 0.287 seconds
[2024-10-31T00:16:41.107-0300] {processor.py:186} INFO - Started process (PID=106374) to work on /home/nico/.local/lib/python3.10/site-packages/airflow/example_dags/example_bash_operator.py
[2024-10-31T00:16:41.111-0300] {processor.py:914} INFO - Processing file /home/nico/.local/lib/python3.10/site-packages/airflow/example_dags/example_bash_operator.py for tasks to queue
[2024-10-31T00:16:41.114-0300] {logging_mixin.py:190} INFO - [2024-10-31T00:16:41.113-0300] {dagbag.py:588} INFO - Filling up the DagBag from /home/nico/.local/lib/python3.10/site-packages/airflow/example_dags/example_bash_operator.py
[2024-10-31T00:16:41.145-0300] {processor.py:925} INFO - DAG(s) 'example_bash_operator' retrieved from /home/nico/.local/lib/python3.10/site-packages/airflow/example_dags/example_bash_operator.py
[2024-10-31T00:16:41.220-0300] {logging_mixin.py:190} INFO - [2024-10-31T00:16:41.220-0300] {dag.py:3239} INFO - Sync 1 DAGs
[2024-10-31T00:16:41.288-0300] {logging_mixin.py:190} INFO - [2024-10-31T00:16:41.288-0300] {dag.py:4180} INFO - Setting next_dagrun for example_bash_operator to 2024-10-30 00:00:00+00:00, run_after=2024-10-31 00:00:00+00:00
[2024-10-31T00:16:41.439-0300] {processor.py:208} INFO - Processing /home/nico/.local/lib/python3.10/site-packages/airflow/example_dags/example_bash_operator.py took 0.354 seconds
[2024-10-31T00:18:51.197-0300] {processor.py:186} INFO - Started process (PID=106954) to work on /home/nico/.local/lib/python3.10/site-packages/airflow/example_dags/example_bash_operator.py
[2024-10-31T00:18:51.204-0300] {processor.py:914} INFO - Processing file /home/nico/.local/lib/python3.10/site-packages/airflow/example_dags/example_bash_operator.py for tasks to queue
[2024-10-31T00:18:51.211-0300] {logging_mixin.py:190} INFO - [2024-10-31T00:18:51.210-0300] {dagbag.py:588} INFO - Filling up the DagBag from /home/nico/.local/lib/python3.10/site-packages/airflow/example_dags/example_bash_operator.py
[2024-10-31T00:18:51.265-0300] {processor.py:925} INFO - DAG(s) 'example_bash_operator' retrieved from /home/nico/.local/lib/python3.10/site-packages/airflow/example_dags/example_bash_operator.py
[2024-10-31T00:18:51.407-0300] {logging_mixin.py:190} INFO - [2024-10-31T00:18:51.407-0300] {dag.py:3239} INFO - Sync 1 DAGs
[2024-10-31T00:18:51.462-0300] {logging_mixin.py:190} INFO - [2024-10-31T00:18:51.461-0300] {dag.py:4180} INFO - Setting next_dagrun for example_bash_operator to 2024-10-30 00:00:00+00:00, run_after=2024-10-31 00:00:00+00:00
[2024-10-31T00:18:51.591-0300] {processor.py:208} INFO - Processing /home/nico/.local/lib/python3.10/site-packages/airflow/example_dags/example_bash_operator.py took 0.418 seconds
