[2024-10-30T21:03:08.721-0300] {processor.py:186} INFO - Started process (PID=100330) to work on /home/nico/.local/lib/python3.10/site-packages/airflow/example_dags/example_kubernetes_executor.py
[2024-10-30T21:03:08.725-0300] {processor.py:914} INFO - Processing file /home/nico/.local/lib/python3.10/site-packages/airflow/example_dags/example_kubernetes_executor.py for tasks to queue
[2024-10-30T21:03:08.731-0300] {logging_mixin.py:190} INFO - [2024-10-30T21:03:08.729-0300] {dagbag.py:588} INFO - Filling up the DagBag from /home/nico/.local/lib/python3.10/site-packages/airflow/example_dags/example_kubernetes_executor.py
[2024-10-30T21:03:08.752-0300] {logging_mixin.py:190} INFO - [2024-10-30T21:03:08.751-0300] {example_kubernetes_executor.py:39} WARNING - The example_kubernetes_executor example DAG requires the kubernetes provider. Please install it with: pip install apache-airflow[cncf.kubernetes]
[2024-10-30T21:03:08.754-0300] {processor.py:927} WARNING - No viable dags retrieved from /home/nico/.local/lib/python3.10/site-packages/airflow/example_dags/example_kubernetes_executor.py
[2024-10-30T21:03:08.812-0300] {processor.py:208} INFO - Processing /home/nico/.local/lib/python3.10/site-packages/airflow/example_dags/example_kubernetes_executor.py took 0.112 seconds
[2024-10-30T21:05:32.912-0300] {processor.py:186} INFO - Started process (PID=100965) to work on /home/nico/.local/lib/python3.10/site-packages/airflow/example_dags/example_kubernetes_executor.py
[2024-10-30T21:05:32.914-0300] {processor.py:914} INFO - Processing file /home/nico/.local/lib/python3.10/site-packages/airflow/example_dags/example_kubernetes_executor.py for tasks to queue
[2024-10-30T21:05:32.919-0300] {logging_mixin.py:190} INFO - [2024-10-30T21:05:32.917-0300] {dagbag.py:588} INFO - Filling up the DagBag from /home/nico/.local/lib/python3.10/site-packages/airflow/example_dags/example_kubernetes_executor.py
[2024-10-30T21:05:32.930-0300] {logging_mixin.py:190} INFO - [2024-10-30T21:05:32.930-0300] {example_kubernetes_executor.py:39} WARNING - The example_kubernetes_executor example DAG requires the kubernetes provider. Please install it with: pip install apache-airflow[cncf.kubernetes]
[2024-10-30T21:05:32.932-0300] {processor.py:927} WARNING - No viable dags retrieved from /home/nico/.local/lib/python3.10/site-packages/airflow/example_dags/example_kubernetes_executor.py
[2024-10-30T21:05:32.977-0300] {processor.py:208} INFO - Processing /home/nico/.local/lib/python3.10/site-packages/airflow/example_dags/example_kubernetes_executor.py took 0.079 seconds
[2024-10-30T21:07:05.253-0300] {processor.py:186} INFO - Started process (PID=101365) to work on /home/nico/.local/lib/python3.10/site-packages/airflow/example_dags/example_kubernetes_executor.py
[2024-10-30T21:07:05.258-0300] {processor.py:914} INFO - Processing file /home/nico/.local/lib/python3.10/site-packages/airflow/example_dags/example_kubernetes_executor.py for tasks to queue
[2024-10-30T21:07:05.268-0300] {logging_mixin.py:190} INFO - [2024-10-30T21:07:05.266-0300] {dagbag.py:588} INFO - Filling up the DagBag from /home/nico/.local/lib/python3.10/site-packages/airflow/example_dags/example_kubernetes_executor.py
[2024-10-30T21:07:05.295-0300] {logging_mixin.py:190} INFO - [2024-10-30T21:07:05.292-0300] {example_kubernetes_executor.py:39} WARNING - The example_kubernetes_executor example DAG requires the kubernetes provider. Please install it with: pip install apache-airflow[cncf.kubernetes]
[2024-10-30T21:07:05.298-0300] {processor.py:927} WARNING - No viable dags retrieved from /home/nico/.local/lib/python3.10/site-packages/airflow/example_dags/example_kubernetes_executor.py
[2024-10-30T21:07:05.369-0300] {processor.py:208} INFO - Processing /home/nico/.local/lib/python3.10/site-packages/airflow/example_dags/example_kubernetes_executor.py took 0.139 seconds
[2024-10-30T23:59:52.073-0300] {processor.py:186} INFO - Started process (PID=101988) to work on /home/nico/.local/lib/python3.10/site-packages/airflow/example_dags/example_kubernetes_executor.py
[2024-10-30T23:59:52.078-0300] {processor.py:914} INFO - Processing file /home/nico/.local/lib/python3.10/site-packages/airflow/example_dags/example_kubernetes_executor.py for tasks to queue
[2024-10-30T23:59:52.082-0300] {logging_mixin.py:190} INFO - [2024-10-30T23:59:52.080-0300] {dagbag.py:588} INFO - Filling up the DagBag from /home/nico/.local/lib/python3.10/site-packages/airflow/example_dags/example_kubernetes_executor.py
[2024-10-30T23:59:52.095-0300] {logging_mixin.py:190} INFO - [2024-10-30T23:59:52.094-0300] {example_kubernetes_executor.py:39} WARNING - The example_kubernetes_executor example DAG requires the kubernetes provider. Please install it with: pip install apache-airflow[cncf.kubernetes]
[2024-10-30T23:59:52.096-0300] {processor.py:927} WARNING - No viable dags retrieved from /home/nico/.local/lib/python3.10/site-packages/airflow/example_dags/example_kubernetes_executor.py
[2024-10-30T23:59:52.147-0300] {processor.py:208} INFO - Processing /home/nico/.local/lib/python3.10/site-packages/airflow/example_dags/example_kubernetes_executor.py took 0.102 seconds
[2024-10-31T00:01:18.854-0300] {processor.py:186} INFO - Started process (PID=102373) to work on /home/nico/.local/lib/python3.10/site-packages/airflow/example_dags/example_kubernetes_executor.py
[2024-10-31T00:01:18.857-0300] {processor.py:914} INFO - Processing file /home/nico/.local/lib/python3.10/site-packages/airflow/example_dags/example_kubernetes_executor.py for tasks to queue
[2024-10-31T00:01:18.861-0300] {logging_mixin.py:190} INFO - [2024-10-31T00:01:18.860-0300] {dagbag.py:588} INFO - Filling up the DagBag from /home/nico/.local/lib/python3.10/site-packages/airflow/example_dags/example_kubernetes_executor.py
[2024-10-31T00:01:18.876-0300] {logging_mixin.py:190} INFO - [2024-10-31T00:01:18.876-0300] {example_kubernetes_executor.py:39} WARNING - The example_kubernetes_executor example DAG requires the kubernetes provider. Please install it with: pip install apache-airflow[cncf.kubernetes]
[2024-10-31T00:01:18.878-0300] {processor.py:927} WARNING - No viable dags retrieved from /home/nico/.local/lib/python3.10/site-packages/airflow/example_dags/example_kubernetes_executor.py
[2024-10-31T00:01:18.945-0300] {processor.py:208} INFO - Processing /home/nico/.local/lib/python3.10/site-packages/airflow/example_dags/example_kubernetes_executor.py took 0.109 seconds
[2024-10-31T00:03:58.082-0300] {processor.py:186} INFO - Started process (PID=103066) to work on /home/nico/.local/lib/python3.10/site-packages/airflow/example_dags/example_kubernetes_executor.py
[2024-10-31T00:03:58.084-0300] {processor.py:914} INFO - Processing file /home/nico/.local/lib/python3.10/site-packages/airflow/example_dags/example_kubernetes_executor.py for tasks to queue
[2024-10-31T00:03:58.088-0300] {logging_mixin.py:190} INFO - [2024-10-31T00:03:58.087-0300] {dagbag.py:588} INFO - Filling up the DagBag from /home/nico/.local/lib/python3.10/site-packages/airflow/example_dags/example_kubernetes_executor.py
[2024-10-31T00:03:58.101-0300] {logging_mixin.py:190} INFO - [2024-10-31T00:03:58.100-0300] {example_kubernetes_executor.py:39} WARNING - The example_kubernetes_executor example DAG requires the kubernetes provider. Please install it with: pip install apache-airflow[cncf.kubernetes]
[2024-10-31T00:03:58.102-0300] {processor.py:927} WARNING - No viable dags retrieved from /home/nico/.local/lib/python3.10/site-packages/airflow/example_dags/example_kubernetes_executor.py
[2024-10-31T00:03:58.152-0300] {processor.py:208} INFO - Processing /home/nico/.local/lib/python3.10/site-packages/airflow/example_dags/example_kubernetes_executor.py took 0.085 seconds
[2024-10-31T00:05:24.740-0300] {processor.py:186} INFO - Started process (PID=103441) to work on /home/nico/.local/lib/python3.10/site-packages/airflow/example_dags/example_kubernetes_executor.py
[2024-10-31T00:05:24.746-0300] {processor.py:914} INFO - Processing file /home/nico/.local/lib/python3.10/site-packages/airflow/example_dags/example_kubernetes_executor.py for tasks to queue
[2024-10-31T00:05:24.761-0300] {logging_mixin.py:190} INFO - [2024-10-31T00:05:24.759-0300] {dagbag.py:588} INFO - Filling up the DagBag from /home/nico/.local/lib/python3.10/site-packages/airflow/example_dags/example_kubernetes_executor.py
[2024-10-31T00:05:24.790-0300] {logging_mixin.py:190} INFO - [2024-10-31T00:05:24.789-0300] {example_kubernetes_executor.py:39} WARNING - The example_kubernetes_executor example DAG requires the kubernetes provider. Please install it with: pip install apache-airflow[cncf.kubernetes]
[2024-10-31T00:05:24.791-0300] {processor.py:927} WARNING - No viable dags retrieved from /home/nico/.local/lib/python3.10/site-packages/airflow/example_dags/example_kubernetes_executor.py
[2024-10-31T00:05:24.920-0300] {processor.py:208} INFO - Processing /home/nico/.local/lib/python3.10/site-packages/airflow/example_dags/example_kubernetes_executor.py took 0.206 seconds
[2024-10-31T00:08:16.898-0300] {processor.py:186} INFO - Started process (PID=104185) to work on /home/nico/.local/lib/python3.10/site-packages/airflow/example_dags/example_kubernetes_executor.py
[2024-10-31T00:08:16.901-0300] {processor.py:914} INFO - Processing file /home/nico/.local/lib/python3.10/site-packages/airflow/example_dags/example_kubernetes_executor.py for tasks to queue
[2024-10-31T00:08:16.904-0300] {logging_mixin.py:190} INFO - [2024-10-31T00:08:16.903-0300] {dagbag.py:588} INFO - Filling up the DagBag from /home/nico/.local/lib/python3.10/site-packages/airflow/example_dags/example_kubernetes_executor.py
[2024-10-31T00:08:16.917-0300] {logging_mixin.py:190} INFO - [2024-10-31T00:08:16.916-0300] {example_kubernetes_executor.py:39} WARNING - The example_kubernetes_executor example DAG requires the kubernetes provider. Please install it with: pip install apache-airflow[cncf.kubernetes]
[2024-10-31T00:08:16.918-0300] {processor.py:927} WARNING - No viable dags retrieved from /home/nico/.local/lib/python3.10/site-packages/airflow/example_dags/example_kubernetes_executor.py
[2024-10-31T00:08:16.967-0300] {processor.py:208} INFO - Processing /home/nico/.local/lib/python3.10/site-packages/airflow/example_dags/example_kubernetes_executor.py took 0.084 seconds
[2024-10-31T00:10:59.318-0300] {processor.py:186} INFO - Started process (PID=104859) to work on /home/nico/.local/lib/python3.10/site-packages/airflow/example_dags/example_kubernetes_executor.py
[2024-10-31T00:10:59.320-0300] {processor.py:914} INFO - Processing file /home/nico/.local/lib/python3.10/site-packages/airflow/example_dags/example_kubernetes_executor.py for tasks to queue
[2024-10-31T00:10:59.324-0300] {logging_mixin.py:190} INFO - [2024-10-31T00:10:59.323-0300] {dagbag.py:588} INFO - Filling up the DagBag from /home/nico/.local/lib/python3.10/site-packages/airflow/example_dags/example_kubernetes_executor.py
[2024-10-31T00:10:59.336-0300] {logging_mixin.py:190} INFO - [2024-10-31T00:10:59.335-0300] {example_kubernetes_executor.py:39} WARNING - The example_kubernetes_executor example DAG requires the kubernetes provider. Please install it with: pip install apache-airflow[cncf.kubernetes]
[2024-10-31T00:10:59.338-0300] {processor.py:927} WARNING - No viable dags retrieved from /home/nico/.local/lib/python3.10/site-packages/airflow/example_dags/example_kubernetes_executor.py
[2024-10-31T00:10:59.407-0300] {processor.py:208} INFO - Processing /home/nico/.local/lib/python3.10/site-packages/airflow/example_dags/example_kubernetes_executor.py took 0.103 seconds
[2024-10-31T00:12:18.104-0300] {processor.py:186} INFO - Started process (PID=105205) to work on /home/nico/.local/lib/python3.10/site-packages/airflow/example_dags/example_kubernetes_executor.py
[2024-10-31T00:12:18.107-0300] {processor.py:914} INFO - Processing file /home/nico/.local/lib/python3.10/site-packages/airflow/example_dags/example_kubernetes_executor.py for tasks to queue
[2024-10-31T00:12:18.111-0300] {logging_mixin.py:190} INFO - [2024-10-31T00:12:18.110-0300] {dagbag.py:588} INFO - Filling up the DagBag from /home/nico/.local/lib/python3.10/site-packages/airflow/example_dags/example_kubernetes_executor.py
[2024-10-31T00:12:18.126-0300] {logging_mixin.py:190} INFO - [2024-10-31T00:12:18.125-0300] {example_kubernetes_executor.py:39} WARNING - The example_kubernetes_executor example DAG requires the kubernetes provider. Please install it with: pip install apache-airflow[cncf.kubernetes]
[2024-10-31T00:12:18.127-0300] {processor.py:927} WARNING - No viable dags retrieved from /home/nico/.local/lib/python3.10/site-packages/airflow/example_dags/example_kubernetes_executor.py
[2024-10-31T00:12:18.183-0300] {processor.py:208} INFO - Processing /home/nico/.local/lib/python3.10/site-packages/airflow/example_dags/example_kubernetes_executor.py took 0.095 seconds
[2024-10-31T00:14:27.377-0300] {processor.py:186} INFO - Started process (PID=105777) to work on /home/nico/.local/lib/python3.10/site-packages/airflow/example_dags/example_kubernetes_executor.py
[2024-10-31T00:14:27.380-0300] {processor.py:914} INFO - Processing file /home/nico/.local/lib/python3.10/site-packages/airflow/example_dags/example_kubernetes_executor.py for tasks to queue
[2024-10-31T00:14:27.383-0300] {logging_mixin.py:190} INFO - [2024-10-31T00:14:27.383-0300] {dagbag.py:588} INFO - Filling up the DagBag from /home/nico/.local/lib/python3.10/site-packages/airflow/example_dags/example_kubernetes_executor.py
[2024-10-31T00:14:27.396-0300] {logging_mixin.py:190} INFO - [2024-10-31T00:14:27.396-0300] {example_kubernetes_executor.py:39} WARNING - The example_kubernetes_executor example DAG requires the kubernetes provider. Please install it with: pip install apache-airflow[cncf.kubernetes]
[2024-10-31T00:14:27.398-0300] {processor.py:927} WARNING - No viable dags retrieved from /home/nico/.local/lib/python3.10/site-packages/airflow/example_dags/example_kubernetes_executor.py
[2024-10-31T00:14:27.444-0300] {processor.py:208} INFO - Processing /home/nico/.local/lib/python3.10/site-packages/airflow/example_dags/example_kubernetes_executor.py took 0.080 seconds
[2024-10-31T00:16:31.846-0300] {processor.py:186} INFO - Started process (PID=106331) to work on /home/nico/.local/lib/python3.10/site-packages/airflow/example_dags/example_kubernetes_executor.py
[2024-10-31T00:16:31.849-0300] {processor.py:914} INFO - Processing file /home/nico/.local/lib/python3.10/site-packages/airflow/example_dags/example_kubernetes_executor.py for tasks to queue
[2024-10-31T00:16:31.852-0300] {logging_mixin.py:190} INFO - [2024-10-31T00:16:31.851-0300] {dagbag.py:588} INFO - Filling up the DagBag from /home/nico/.local/lib/python3.10/site-packages/airflow/example_dags/example_kubernetes_executor.py
[2024-10-31T00:16:31.865-0300] {logging_mixin.py:190} INFO - [2024-10-31T00:16:31.865-0300] {example_kubernetes_executor.py:39} WARNING - The example_kubernetes_executor example DAG requires the kubernetes provider. Please install it with: pip install apache-airflow[cncf.kubernetes]
[2024-10-31T00:16:31.867-0300] {processor.py:927} WARNING - No viable dags retrieved from /home/nico/.local/lib/python3.10/site-packages/airflow/example_dags/example_kubernetes_executor.py
[2024-10-31T00:16:31.915-0300] {processor.py:208} INFO - Processing /home/nico/.local/lib/python3.10/site-packages/airflow/example_dags/example_kubernetes_executor.py took 0.087 seconds
[2024-10-31T00:18:40.624-0300] {processor.py:186} INFO - Started process (PID=106907) to work on /home/nico/.local/lib/python3.10/site-packages/airflow/example_dags/example_kubernetes_executor.py
[2024-10-31T00:18:40.627-0300] {processor.py:914} INFO - Processing file /home/nico/.local/lib/python3.10/site-packages/airflow/example_dags/example_kubernetes_executor.py for tasks to queue
[2024-10-31T00:18:40.630-0300] {logging_mixin.py:190} INFO - [2024-10-31T00:18:40.629-0300] {dagbag.py:588} INFO - Filling up the DagBag from /home/nico/.local/lib/python3.10/site-packages/airflow/example_dags/example_kubernetes_executor.py
[2024-10-31T00:18:40.642-0300] {logging_mixin.py:190} INFO - [2024-10-31T00:18:40.641-0300] {example_kubernetes_executor.py:39} WARNING - The example_kubernetes_executor example DAG requires the kubernetes provider. Please install it with: pip install apache-airflow[cncf.kubernetes]
[2024-10-31T00:18:40.643-0300] {processor.py:927} WARNING - No viable dags retrieved from /home/nico/.local/lib/python3.10/site-packages/airflow/example_dags/example_kubernetes_executor.py
[2024-10-31T00:18:40.694-0300] {processor.py:208} INFO - Processing /home/nico/.local/lib/python3.10/site-packages/airflow/example_dags/example_kubernetes_executor.py took 0.087 seconds
