[2024-10-30T21:02:13.433-0300] {processor.py:186} INFO - Started process (PID=100083) to work on /home/nico/.local/lib/python3.10/site-packages/airflow/example_dags/example_branch_labels.py
[2024-10-30T21:02:13.437-0300] {processor.py:914} INFO - Processing file /home/nico/.local/lib/python3.10/site-packages/airflow/example_dags/example_branch_labels.py for tasks to queue
[2024-10-30T21:02:13.442-0300] {logging_mixin.py:190} INFO - [2024-10-30T21:02:13.441-0300] {dagbag.py:588} INFO - Filling up the DagBag from /home/nico/.local/lib/python3.10/site-packages/airflow/example_dags/example_branch_labels.py
[2024-10-30T21:02:13.466-0300] {processor.py:925} INFO - DAG(s) 'example_branch_labels' retrieved from /home/nico/.local/lib/python3.10/site-packages/airflow/example_dags/example_branch_labels.py
[2024-10-30T21:02:13.528-0300] {logging_mixin.py:190} INFO - [2024-10-30T21:02:13.527-0300] {dag.py:3239} INFO - Sync 1 DAGs
[2024-10-30T21:02:13.591-0300] {logging_mixin.py:190} INFO - [2024-10-30T21:02:13.591-0300] {dag.py:4180} INFO - Setting next_dagrun for example_branch_labels to 2024-10-30 00:00:00+00:00, run_after=2024-10-31 00:00:00+00:00
[2024-10-30T21:02:13.722-0300] {processor.py:208} INFO - Processing /home/nico/.local/lib/python3.10/site-packages/airflow/example_dags/example_branch_labels.py took 0.317 seconds
[2024-10-30T21:04:40.742-0300] {processor.py:186} INFO - Started process (PID=100735) to work on /home/nico/.local/lib/python3.10/site-packages/airflow/example_dags/example_branch_labels.py
[2024-10-30T21:04:40.746-0300] {processor.py:914} INFO - Processing file /home/nico/.local/lib/python3.10/site-packages/airflow/example_dags/example_branch_labels.py for tasks to queue
[2024-10-30T21:04:40.751-0300] {logging_mixin.py:190} INFO - [2024-10-30T21:04:40.750-0300] {dagbag.py:588} INFO - Filling up the DagBag from /home/nico/.local/lib/python3.10/site-packages/airflow/example_dags/example_branch_labels.py
[2024-10-30T21:04:40.773-0300] {processor.py:925} INFO - DAG(s) 'example_branch_labels' retrieved from /home/nico/.local/lib/python3.10/site-packages/airflow/example_dags/example_branch_labels.py
[2024-10-30T21:04:40.845-0300] {logging_mixin.py:190} INFO - [2024-10-30T21:04:40.844-0300] {dag.py:3239} INFO - Sync 1 DAGs
[2024-10-30T21:04:40.915-0300] {logging_mixin.py:190} INFO - [2024-10-30T21:04:40.914-0300] {dag.py:4180} INFO - Setting next_dagrun for example_branch_labels to 2024-10-30 00:00:00+00:00, run_after=2024-10-31 00:00:00+00:00
[2024-10-30T21:04:41.062-0300] {processor.py:208} INFO - Processing /home/nico/.local/lib/python3.10/site-packages/airflow/example_dags/example_branch_labels.py took 0.341 seconds
[2024-10-30T23:58:25.438-0300] {processor.py:186} INFO - Started process (PID=101624) to work on /home/nico/.local/lib/python3.10/site-packages/airflow/example_dags/example_branch_labels.py
[2024-10-30T23:58:25.451-0300] {processor.py:914} INFO - Processing file /home/nico/.local/lib/python3.10/site-packages/airflow/example_dags/example_branch_labels.py for tasks to queue
[2024-10-30T23:58:25.457-0300] {logging_mixin.py:190} INFO - [2024-10-30T23:58:25.456-0300] {dagbag.py:588} INFO - Filling up the DagBag from /home/nico/.local/lib/python3.10/site-packages/airflow/example_dags/example_branch_labels.py
[2024-10-30T23:58:25.532-0300] {processor.py:925} INFO - DAG(s) 'example_branch_labels' retrieved from /home/nico/.local/lib/python3.10/site-packages/airflow/example_dags/example_branch_labels.py
[2024-10-30T23:58:25.729-0300] {logging_mixin.py:190} INFO - [2024-10-30T23:58:25.728-0300] {dag.py:3239} INFO - Sync 1 DAGs
[2024-10-30T23:58:25.958-0300] {logging_mixin.py:190} INFO - [2024-10-30T23:58:25.957-0300] {dag.py:4180} INFO - Setting next_dagrun for example_branch_labels to 2024-10-30 00:00:00+00:00, run_after=2024-10-31 00:00:00+00:00
[2024-10-30T23:58:26.192-0300] {processor.py:208} INFO - Processing /home/nico/.local/lib/python3.10/site-packages/airflow/example_dags/example_branch_labels.py took 0.813 seconds
[2024-10-31T00:01:33.242-0300] {processor.py:186} INFO - Started process (PID=102436) to work on /home/nico/.local/lib/python3.10/site-packages/airflow/example_dags/example_branch_labels.py
[2024-10-31T00:01:33.246-0300] {processor.py:914} INFO - Processing file /home/nico/.local/lib/python3.10/site-packages/airflow/example_dags/example_branch_labels.py for tasks to queue
[2024-10-31T00:01:33.250-0300] {logging_mixin.py:190} INFO - [2024-10-31T00:01:33.249-0300] {dagbag.py:588} INFO - Filling up the DagBag from /home/nico/.local/lib/python3.10/site-packages/airflow/example_dags/example_branch_labels.py
[2024-10-31T00:01:33.271-0300] {processor.py:925} INFO - DAG(s) 'example_branch_labels' retrieved from /home/nico/.local/lib/python3.10/site-packages/airflow/example_dags/example_branch_labels.py
[2024-10-31T00:01:33.359-0300] {logging_mixin.py:190} INFO - [2024-10-31T00:01:33.357-0300] {dag.py:3239} INFO - Sync 1 DAGs
[2024-10-31T00:01:33.508-0300] {logging_mixin.py:190} INFO - [2024-10-31T00:01:33.507-0300] {dag.py:4180} INFO - Setting next_dagrun for example_branch_labels to 2024-10-30 00:00:00+00:00, run_after=2024-10-31 00:00:00+00:00
[2024-10-31T00:01:33.823-0300] {processor.py:208} INFO - Processing /home/nico/.local/lib/python3.10/site-packages/airflow/example_dags/example_branch_labels.py took 0.600 seconds
[2024-10-31T00:04:18.999-0300] {processor.py:186} INFO - Started process (PID=103156) to work on /home/nico/.local/lib/python3.10/site-packages/airflow/example_dags/example_branch_labels.py
[2024-10-31T00:04:19.003-0300] {processor.py:914} INFO - Processing file /home/nico/.local/lib/python3.10/site-packages/airflow/example_dags/example_branch_labels.py for tasks to queue
[2024-10-31T00:04:19.008-0300] {logging_mixin.py:190} INFO - [2024-10-31T00:04:19.007-0300] {dagbag.py:588} INFO - Filling up the DagBag from /home/nico/.local/lib/python3.10/site-packages/airflow/example_dags/example_branch_labels.py
[2024-10-31T00:04:19.030-0300] {processor.py:925} INFO - DAG(s) 'example_branch_labels' retrieved from /home/nico/.local/lib/python3.10/site-packages/airflow/example_dags/example_branch_labels.py
[2024-10-31T00:04:19.106-0300] {logging_mixin.py:190} INFO - [2024-10-31T00:04:19.106-0300] {dag.py:3239} INFO - Sync 1 DAGs
[2024-10-31T00:04:19.186-0300] {logging_mixin.py:190} INFO - [2024-10-31T00:04:19.185-0300] {dag.py:4180} INFO - Setting next_dagrun for example_branch_labels to 2024-10-30 00:00:00+00:00, run_after=2024-10-31 00:00:00+00:00
[2024-10-31T00:04:19.400-0300] {processor.py:208} INFO - Processing /home/nico/.local/lib/python3.10/site-packages/airflow/example_dags/example_branch_labels.py took 0.421 seconds
[2024-10-31T00:07:16.930-0300] {processor.py:186} INFO - Started process (PID=103921) to work on /home/nico/.local/lib/python3.10/site-packages/airflow/example_dags/example_branch_labels.py
[2024-10-31T00:07:16.935-0300] {processor.py:914} INFO - Processing file /home/nico/.local/lib/python3.10/site-packages/airflow/example_dags/example_branch_labels.py for tasks to queue
[2024-10-31T00:07:16.942-0300] {logging_mixin.py:190} INFO - [2024-10-31T00:07:16.941-0300] {dagbag.py:588} INFO - Filling up the DagBag from /home/nico/.local/lib/python3.10/site-packages/airflow/example_dags/example_branch_labels.py
[2024-10-31T00:07:16.982-0300] {processor.py:925} INFO - DAG(s) 'example_branch_labels' retrieved from /home/nico/.local/lib/python3.10/site-packages/airflow/example_dags/example_branch_labels.py
[2024-10-31T00:07:17.335-0300] {logging_mixin.py:190} INFO - [2024-10-31T00:07:17.334-0300] {dag.py:3239} INFO - Sync 1 DAGs
[2024-10-31T00:07:17.505-0300] {logging_mixin.py:190} INFO - [2024-10-31T00:07:17.505-0300] {dag.py:4180} INFO - Setting next_dagrun for example_branch_labels to 2024-10-30 00:00:00+00:00, run_after=2024-10-31 00:00:00+00:00
[2024-10-31T00:07:17.940-0300] {processor.py:208} INFO - Processing /home/nico/.local/lib/python3.10/site-packages/airflow/example_dags/example_branch_labels.py took 1.040 seconds
[2024-10-31T00:10:00.134-0300] {processor.py:186} INFO - Started process (PID=104599) to work on /home/nico/.local/lib/python3.10/site-packages/airflow/example_dags/example_branch_labels.py
[2024-10-31T00:10:00.137-0300] {processor.py:914} INFO - Processing file /home/nico/.local/lib/python3.10/site-packages/airflow/example_dags/example_branch_labels.py for tasks to queue
[2024-10-31T00:10:00.141-0300] {logging_mixin.py:190} INFO - [2024-10-31T00:10:00.140-0300] {dagbag.py:588} INFO - Filling up the DagBag from /home/nico/.local/lib/python3.10/site-packages/airflow/example_dags/example_branch_labels.py
[2024-10-31T00:10:00.161-0300] {processor.py:925} INFO - DAG(s) 'example_branch_labels' retrieved from /home/nico/.local/lib/python3.10/site-packages/airflow/example_dags/example_branch_labels.py
[2024-10-31T00:10:00.236-0300] {logging_mixin.py:190} INFO - [2024-10-31T00:10:00.235-0300] {dag.py:3239} INFO - Sync 1 DAGs
[2024-10-31T00:10:00.328-0300] {logging_mixin.py:190} INFO - [2024-10-31T00:10:00.328-0300] {dag.py:4180} INFO - Setting next_dagrun for example_branch_labels to 2024-10-30 00:00:00+00:00, run_after=2024-10-31 00:00:00+00:00
[2024-10-31T00:10:00.485-0300] {processor.py:208} INFO - Processing /home/nico/.local/lib/python3.10/site-packages/airflow/example_dags/example_branch_labels.py took 0.366 seconds
[2024-10-31T00:12:29.584-0300] {processor.py:186} INFO - Started process (PID=105257) to work on /home/nico/.local/lib/python3.10/site-packages/airflow/example_dags/example_branch_labels.py
[2024-10-31T00:12:29.586-0300] {processor.py:914} INFO - Processing file /home/nico/.local/lib/python3.10/site-packages/airflow/example_dags/example_branch_labels.py for tasks to queue
[2024-10-31T00:12:29.590-0300] {logging_mixin.py:190} INFO - [2024-10-31T00:12:29.589-0300] {dagbag.py:588} INFO - Filling up the DagBag from /home/nico/.local/lib/python3.10/site-packages/airflow/example_dags/example_branch_labels.py
[2024-10-31T00:12:29.607-0300] {processor.py:925} INFO - DAG(s) 'example_branch_labels' retrieved from /home/nico/.local/lib/python3.10/site-packages/airflow/example_dags/example_branch_labels.py
[2024-10-31T00:12:29.678-0300] {logging_mixin.py:190} INFO - [2024-10-31T00:12:29.678-0300] {dag.py:3239} INFO - Sync 1 DAGs
[2024-10-31T00:12:29.756-0300] {logging_mixin.py:190} INFO - [2024-10-31T00:12:29.755-0300] {dag.py:4180} INFO - Setting next_dagrun for example_branch_labels to 2024-10-30 00:00:00+00:00, run_after=2024-10-31 00:00:00+00:00
[2024-10-31T00:12:29.891-0300] {processor.py:208} INFO - Processing /home/nico/.local/lib/python3.10/site-packages/airflow/example_dags/example_branch_labels.py took 0.326 seconds
[2024-10-31T00:14:39.950-0300] {processor.py:186} INFO - Started process (PID=105833) to work on /home/nico/.local/lib/python3.10/site-packages/airflow/example_dags/example_branch_labels.py
[2024-10-31T00:14:39.953-0300] {processor.py:914} INFO - Processing file /home/nico/.local/lib/python3.10/site-packages/airflow/example_dags/example_branch_labels.py for tasks to queue
[2024-10-31T00:14:39.956-0300] {logging_mixin.py:190} INFO - [2024-10-31T00:14:39.956-0300] {dagbag.py:588} INFO - Filling up the DagBag from /home/nico/.local/lib/python3.10/site-packages/airflow/example_dags/example_branch_labels.py
[2024-10-31T00:14:39.976-0300] {processor.py:925} INFO - DAG(s) 'example_branch_labels' retrieved from /home/nico/.local/lib/python3.10/site-packages/airflow/example_dags/example_branch_labels.py
[2024-10-31T00:14:40.043-0300] {logging_mixin.py:190} INFO - [2024-10-31T00:14:40.043-0300] {dag.py:3239} INFO - Sync 1 DAGs
[2024-10-31T00:14:40.101-0300] {logging_mixin.py:190} INFO - [2024-10-31T00:14:40.100-0300] {dag.py:4180} INFO - Setting next_dagrun for example_branch_labels to 2024-10-30 00:00:00+00:00, run_after=2024-10-31 00:00:00+00:00
[2024-10-31T00:14:40.231-0300] {processor.py:208} INFO - Processing /home/nico/.local/lib/python3.10/site-packages/airflow/example_dags/example_branch_labels.py took 0.299 seconds
[2024-10-31T00:16:43.053-0300] {processor.py:186} INFO - Started process (PID=106382) to work on /home/nico/.local/lib/python3.10/site-packages/airflow/example_dags/example_branch_labels.py
[2024-10-31T00:16:43.056-0300] {processor.py:914} INFO - Processing file /home/nico/.local/lib/python3.10/site-packages/airflow/example_dags/example_branch_labels.py for tasks to queue
[2024-10-31T00:16:43.061-0300] {logging_mixin.py:190} INFO - [2024-10-31T00:16:43.059-0300] {dagbag.py:588} INFO - Filling up the DagBag from /home/nico/.local/lib/python3.10/site-packages/airflow/example_dags/example_branch_labels.py
[2024-10-31T00:16:43.085-0300] {processor.py:925} INFO - DAG(s) 'example_branch_labels' retrieved from /home/nico/.local/lib/python3.10/site-packages/airflow/example_dags/example_branch_labels.py
[2024-10-31T00:16:43.149-0300] {logging_mixin.py:190} INFO - [2024-10-31T00:16:43.148-0300] {dag.py:3239} INFO - Sync 1 DAGs
[2024-10-31T00:16:43.216-0300] {logging_mixin.py:190} INFO - [2024-10-31T00:16:43.216-0300] {dag.py:4180} INFO - Setting next_dagrun for example_branch_labels to 2024-10-30 00:00:00+00:00, run_after=2024-10-31 00:00:00+00:00
[2024-10-31T00:16:43.324-0300] {processor.py:208} INFO - Processing /home/nico/.local/lib/python3.10/site-packages/airflow/example_dags/example_branch_labels.py took 0.292 seconds
[2024-10-31T00:18:53.164-0300] {processor.py:186} INFO - Started process (PID=106962) to work on /home/nico/.local/lib/python3.10/site-packages/airflow/example_dags/example_branch_labels.py
[2024-10-31T00:18:53.171-0300] {processor.py:914} INFO - Processing file /home/nico/.local/lib/python3.10/site-packages/airflow/example_dags/example_branch_labels.py for tasks to queue
[2024-10-31T00:18:53.180-0300] {logging_mixin.py:190} INFO - [2024-10-31T00:18:53.178-0300] {dagbag.py:588} INFO - Filling up the DagBag from /home/nico/.local/lib/python3.10/site-packages/airflow/example_dags/example_branch_labels.py
[2024-10-31T00:18:53.243-0300] {processor.py:925} INFO - DAG(s) 'example_branch_labels' retrieved from /home/nico/.local/lib/python3.10/site-packages/airflow/example_dags/example_branch_labels.py
[2024-10-31T00:18:53.331-0300] {logging_mixin.py:190} INFO - [2024-10-31T00:18:53.330-0300] {dag.py:3239} INFO - Sync 1 DAGs
[2024-10-31T00:18:53.399-0300] {logging_mixin.py:190} INFO - [2024-10-31T00:18:53.398-0300] {dag.py:4180} INFO - Setting next_dagrun for example_branch_labels to 2024-10-30 00:00:00+00:00, run_after=2024-10-31 00:00:00+00:00
[2024-10-31T00:18:53.560-0300] {processor.py:208} INFO - Processing /home/nico/.local/lib/python3.10/site-packages/airflow/example_dags/example_branch_labels.py took 0.438 seconds
