[2024-10-30T21:03:17.152-0300] {processor.py:186} INFO - Started process (PID=100367) to work on /home/nico/.local/lib/python3.10/site-packages/airflow/example_dags/example_outlet_event_extra.py
[2024-10-30T21:03:17.154-0300] {processor.py:914} INFO - Processing file /home/nico/.local/lib/python3.10/site-packages/airflow/example_dags/example_outlet_event_extra.py for tasks to queue
[2024-10-30T21:03:17.159-0300] {logging_mixin.py:190} INFO - [2024-10-30T21:03:17.158-0300] {dagbag.py:588} INFO - Filling up the DagBag from /home/nico/.local/lib/python3.10/site-packages/airflow/example_dags/example_outlet_event_extra.py
[2024-10-30T21:03:17.189-0300] {processor.py:925} INFO - DAG(s) 'dataset_with_extra_from_classic_operator', 'dataset_with_extra_by_yield', 'dataset_with_extra_by_context' retrieved from /home/nico/.local/lib/python3.10/site-packages/airflow/example_dags/example_outlet_event_extra.py
[2024-10-30T21:03:17.270-0300] {logging_mixin.py:190} INFO - [2024-10-30T21:03:17.270-0300] {dag.py:3239} INFO - Sync 3 DAGs
[2024-10-30T21:03:17.344-0300] {logging_mixin.py:190} INFO - [2024-10-30T21:03:17.343-0300] {dag.py:4180} INFO - Setting next_dagrun for dataset_with_extra_by_context to 2024-10-30 00:00:00+00:00, run_after=2024-10-31 00:00:00+00:00
[2024-10-30T21:03:17.358-0300] {logging_mixin.py:190} INFO - [2024-10-30T21:03:17.358-0300] {dag.py:4180} INFO - Setting next_dagrun for dataset_with_extra_by_yield to 2024-10-30 00:00:00+00:00, run_after=2024-10-31 00:00:00+00:00
[2024-10-30T21:03:17.367-0300] {logging_mixin.py:190} INFO - [2024-10-30T21:03:17.367-0300] {dag.py:4180} INFO - Setting next_dagrun for dataset_with_extra_from_classic_operator to 2024-10-30 00:00:00+00:00, run_after=2024-10-31 00:00:00+00:00
[2024-10-30T21:03:17.514-0300] {processor.py:208} INFO - Processing /home/nico/.local/lib/python3.10/site-packages/airflow/example_dags/example_outlet_event_extra.py took 0.377 seconds
[2024-10-30T21:05:40.332-0300] {processor.py:186} INFO - Started process (PID=100998) to work on /home/nico/.local/lib/python3.10/site-packages/airflow/example_dags/example_outlet_event_extra.py
[2024-10-30T21:05:40.336-0300] {processor.py:914} INFO - Processing file /home/nico/.local/lib/python3.10/site-packages/airflow/example_dags/example_outlet_event_extra.py for tasks to queue
[2024-10-30T21:05:40.345-0300] {logging_mixin.py:190} INFO - [2024-10-30T21:05:40.343-0300] {dagbag.py:588} INFO - Filling up the DagBag from /home/nico/.local/lib/python3.10/site-packages/airflow/example_dags/example_outlet_event_extra.py
[2024-10-30T21:05:40.373-0300] {processor.py:925} INFO - DAG(s) 'dataset_with_extra_by_yield', 'dataset_with_extra_by_context', 'dataset_with_extra_from_classic_operator' retrieved from /home/nico/.local/lib/python3.10/site-packages/airflow/example_dags/example_outlet_event_extra.py
[2024-10-30T21:05:40.469-0300] {logging_mixin.py:190} INFO - [2024-10-30T21:05:40.469-0300] {dag.py:3239} INFO - Sync 3 DAGs
[2024-10-30T21:05:40.538-0300] {logging_mixin.py:190} INFO - [2024-10-30T21:05:40.537-0300] {dag.py:4180} INFO - Setting next_dagrun for dataset_with_extra_by_context to 2024-10-30 00:00:00+00:00, run_after=2024-10-31 00:00:00+00:00
[2024-10-30T21:05:40.551-0300] {logging_mixin.py:190} INFO - [2024-10-30T21:05:40.551-0300] {dag.py:4180} INFO - Setting next_dagrun for dataset_with_extra_by_yield to 2024-10-30 00:00:00+00:00, run_after=2024-10-31 00:00:00+00:00
[2024-10-30T21:05:40.560-0300] {logging_mixin.py:190} INFO - [2024-10-30T21:05:40.560-0300] {dag.py:4180} INFO - Setting next_dagrun for dataset_with_extra_from_classic_operator to 2024-10-30 00:00:00+00:00, run_after=2024-10-31 00:00:00+00:00
[2024-10-30T21:05:40.774-0300] {processor.py:208} INFO - Processing /home/nico/.local/lib/python3.10/site-packages/airflow/example_dags/example_outlet_event_extra.py took 0.465 seconds
[2024-10-31T00:00:00.985-0300] {processor.py:186} INFO - Started process (PID=102031) to work on /home/nico/.local/lib/python3.10/site-packages/airflow/example_dags/example_outlet_event_extra.py
[2024-10-31T00:00:00.987-0300] {processor.py:914} INFO - Processing file /home/nico/.local/lib/python3.10/site-packages/airflow/example_dags/example_outlet_event_extra.py for tasks to queue
[2024-10-31T00:00:00.991-0300] {logging_mixin.py:190} INFO - [2024-10-31T00:00:00.990-0300] {dagbag.py:588} INFO - Filling up the DagBag from /home/nico/.local/lib/python3.10/site-packages/airflow/example_dags/example_outlet_event_extra.py
[2024-10-31T00:00:01.026-0300] {processor.py:925} INFO - DAG(s) 'dataset_with_extra_by_context', 'dataset_with_extra_by_yield', 'dataset_with_extra_from_classic_operator' retrieved from /home/nico/.local/lib/python3.10/site-packages/airflow/example_dags/example_outlet_event_extra.py
[2024-10-31T00:00:01.129-0300] {logging_mixin.py:190} INFO - [2024-10-31T00:00:01.128-0300] {dag.py:3239} INFO - Sync 3 DAGs
[2024-10-31T00:00:01.210-0300] {logging_mixin.py:190} INFO - [2024-10-31T00:00:01.210-0300] {dag.py:4180} INFO - Setting next_dagrun for dataset_with_extra_by_context to 2024-10-30 00:00:00+00:00, run_after=2024-10-31 00:00:00+00:00
[2024-10-31T00:00:01.235-0300] {logging_mixin.py:190} INFO - [2024-10-31T00:00:01.233-0300] {dag.py:4180} INFO - Setting next_dagrun for dataset_with_extra_by_yield to 2024-10-30 00:00:00+00:00, run_after=2024-10-31 00:00:00+00:00
[2024-10-31T00:00:01.252-0300] {logging_mixin.py:190} INFO - [2024-10-31T00:00:01.252-0300] {dag.py:4180} INFO - Setting next_dagrun for dataset_with_extra_from_classic_operator to 2024-10-30 00:00:00+00:00, run_after=2024-10-31 00:00:00+00:00
[2024-10-31T00:00:01.435-0300] {processor.py:208} INFO - Processing /home/nico/.local/lib/python3.10/site-packages/airflow/example_dags/example_outlet_event_extra.py took 0.467 seconds
[2024-10-31T00:02:28.639-0300] {processor.py:186} INFO - Started process (PID=102679) to work on /home/nico/.local/lib/python3.10/site-packages/airflow/example_dags/example_outlet_event_extra.py
[2024-10-31T00:02:28.643-0300] {processor.py:914} INFO - Processing file /home/nico/.local/lib/python3.10/site-packages/airflow/example_dags/example_outlet_event_extra.py for tasks to queue
[2024-10-31T00:02:28.646-0300] {logging_mixin.py:190} INFO - [2024-10-31T00:02:28.645-0300] {dagbag.py:588} INFO - Filling up the DagBag from /home/nico/.local/lib/python3.10/site-packages/airflow/example_dags/example_outlet_event_extra.py
[2024-10-31T00:02:28.713-0300] {processor.py:925} INFO - DAG(s) 'dataset_with_extra_by_yield', 'dataset_with_extra_from_classic_operator', 'dataset_with_extra_by_context' retrieved from /home/nico/.local/lib/python3.10/site-packages/airflow/example_dags/example_outlet_event_extra.py
[2024-10-31T00:02:28.873-0300] {logging_mixin.py:190} INFO - [2024-10-31T00:02:28.872-0300] {dag.py:3239} INFO - Sync 3 DAGs
[2024-10-31T00:02:28.971-0300] {logging_mixin.py:190} INFO - [2024-10-31T00:02:28.971-0300] {dag.py:4180} INFO - Setting next_dagrun for dataset_with_extra_by_context to 2024-10-30 00:00:00+00:00, run_after=2024-10-31 00:00:00+00:00
[2024-10-31T00:02:29.011-0300] {logging_mixin.py:190} INFO - [2024-10-31T00:02:29.010-0300] {dag.py:4180} INFO - Setting next_dagrun for dataset_with_extra_by_yield to 2024-10-30 00:00:00+00:00, run_after=2024-10-31 00:00:00+00:00
[2024-10-31T00:02:29.028-0300] {logging_mixin.py:190} INFO - [2024-10-31T00:02:29.027-0300] {dag.py:4180} INFO - Setting next_dagrun for dataset_with_extra_from_classic_operator to 2024-10-30 00:00:00+00:00, run_after=2024-10-31 00:00:00+00:00
[2024-10-31T00:02:29.253-0300] {processor.py:208} INFO - Processing /home/nico/.local/lib/python3.10/site-packages/airflow/example_dags/example_outlet_event_extra.py took 0.636 seconds
[2024-10-31T00:05:26.660-0300] {processor.py:186} INFO - Started process (PID=103449) to work on /home/nico/.local/lib/python3.10/site-packages/airflow/example_dags/example_outlet_event_extra.py
[2024-10-31T00:05:26.665-0300] {processor.py:914} INFO - Processing file /home/nico/.local/lib/python3.10/site-packages/airflow/example_dags/example_outlet_event_extra.py for tasks to queue
[2024-10-31T00:05:26.672-0300] {logging_mixin.py:190} INFO - [2024-10-31T00:05:26.670-0300] {dagbag.py:588} INFO - Filling up the DagBag from /home/nico/.local/lib/python3.10/site-packages/airflow/example_dags/example_outlet_event_extra.py
[2024-10-31T00:05:26.723-0300] {processor.py:925} INFO - DAG(s) 'dataset_with_extra_by_yield', 'dataset_with_extra_by_context', 'dataset_with_extra_from_classic_operator' retrieved from /home/nico/.local/lib/python3.10/site-packages/airflow/example_dags/example_outlet_event_extra.py
[2024-10-31T00:05:26.841-0300] {logging_mixin.py:190} INFO - [2024-10-31T00:05:26.840-0300] {dag.py:3239} INFO - Sync 3 DAGs
[2024-10-31T00:05:26.949-0300] {logging_mixin.py:190} INFO - [2024-10-31T00:05:26.948-0300] {dag.py:4180} INFO - Setting next_dagrun for dataset_with_extra_by_context to 2024-10-30 00:00:00+00:00, run_after=2024-10-31 00:00:00+00:00
[2024-10-31T00:05:26.970-0300] {logging_mixin.py:190} INFO - [2024-10-31T00:05:26.969-0300] {dag.py:4180} INFO - Setting next_dagrun for dataset_with_extra_by_yield to 2024-10-30 00:00:00+00:00, run_after=2024-10-31 00:00:00+00:00
[2024-10-31T00:05:26.985-0300] {logging_mixin.py:190} INFO - [2024-10-31T00:05:26.983-0300] {dag.py:4180} INFO - Setting next_dagrun for dataset_with_extra_from_classic_operator to 2024-10-30 00:00:00+00:00, run_after=2024-10-31 00:00:00+00:00
[2024-10-31T00:05:27.147-0300] {processor.py:208} INFO - Processing /home/nico/.local/lib/python3.10/site-packages/airflow/example_dags/example_outlet_event_extra.py took 0.510 seconds
[2024-10-31T00:08:17.364-0300] {processor.py:186} INFO - Started process (PID=104188) to work on /home/nico/.local/lib/python3.10/site-packages/airflow/example_dags/example_outlet_event_extra.py
[2024-10-31T00:08:17.367-0300] {processor.py:914} INFO - Processing file /home/nico/.local/lib/python3.10/site-packages/airflow/example_dags/example_outlet_event_extra.py for tasks to queue
[2024-10-31T00:08:17.371-0300] {logging_mixin.py:190} INFO - [2024-10-31T00:08:17.370-0300] {dagbag.py:588} INFO - Filling up the DagBag from /home/nico/.local/lib/python3.10/site-packages/airflow/example_dags/example_outlet_event_extra.py
[2024-10-31T00:08:17.402-0300] {processor.py:925} INFO - DAG(s) 'dataset_with_extra_by_context', 'dataset_with_extra_from_classic_operator', 'dataset_with_extra_by_yield' retrieved from /home/nico/.local/lib/python3.10/site-packages/airflow/example_dags/example_outlet_event_extra.py
[2024-10-31T00:08:17.489-0300] {logging_mixin.py:190} INFO - [2024-10-31T00:08:17.489-0300] {dag.py:3239} INFO - Sync 3 DAGs
[2024-10-31T00:08:17.548-0300] {logging_mixin.py:190} INFO - [2024-10-31T00:08:17.547-0300] {dag.py:4180} INFO - Setting next_dagrun for dataset_with_extra_by_context to 2024-10-30 00:00:00+00:00, run_after=2024-10-31 00:00:00+00:00
[2024-10-31T00:08:17.563-0300] {logging_mixin.py:190} INFO - [2024-10-31T00:08:17.562-0300] {dag.py:4180} INFO - Setting next_dagrun for dataset_with_extra_by_yield to 2024-10-30 00:00:00+00:00, run_after=2024-10-31 00:00:00+00:00
[2024-10-31T00:08:17.572-0300] {logging_mixin.py:190} INFO - [2024-10-31T00:08:17.572-0300] {dag.py:4180} INFO - Setting next_dagrun for dataset_with_extra_from_classic_operator to 2024-10-30 00:00:00+00:00, run_after=2024-10-31 00:00:00+00:00
[2024-10-31T00:08:17.736-0300] {processor.py:208} INFO - Processing /home/nico/.local/lib/python3.10/site-packages/airflow/example_dags/example_outlet_event_extra.py took 0.388 seconds
[2024-10-31T00:11:01.906-0300] {processor.py:186} INFO - Started process (PID=104870) to work on /home/nico/.local/lib/python3.10/site-packages/airflow/example_dags/example_outlet_event_extra.py
[2024-10-31T00:11:01.910-0300] {processor.py:914} INFO - Processing file /home/nico/.local/lib/python3.10/site-packages/airflow/example_dags/example_outlet_event_extra.py for tasks to queue
[2024-10-31T00:11:01.915-0300] {logging_mixin.py:190} INFO - [2024-10-31T00:11:01.914-0300] {dagbag.py:588} INFO - Filling up the DagBag from /home/nico/.local/lib/python3.10/site-packages/airflow/example_dags/example_outlet_event_extra.py
[2024-10-31T00:11:01.976-0300] {processor.py:925} INFO - DAG(s) 'dataset_with_extra_by_context', 'dataset_with_extra_by_yield', 'dataset_with_extra_from_classic_operator' retrieved from /home/nico/.local/lib/python3.10/site-packages/airflow/example_dags/example_outlet_event_extra.py
[2024-10-31T00:11:02.083-0300] {logging_mixin.py:190} INFO - [2024-10-31T00:11:02.082-0300] {dag.py:3239} INFO - Sync 3 DAGs
[2024-10-31T00:11:02.190-0300] {logging_mixin.py:190} INFO - [2024-10-31T00:11:02.189-0300] {dag.py:4180} INFO - Setting next_dagrun for dataset_with_extra_by_context to 2024-10-30 00:00:00+00:00, run_after=2024-10-31 00:00:00+00:00
[2024-10-31T00:11:02.220-0300] {logging_mixin.py:190} INFO - [2024-10-31T00:11:02.219-0300] {dag.py:4180} INFO - Setting next_dagrun for dataset_with_extra_by_yield to 2024-10-30 00:00:00+00:00, run_after=2024-10-31 00:00:00+00:00
[2024-10-31T00:11:02.229-0300] {logging_mixin.py:190} INFO - [2024-10-31T00:11:02.228-0300] {dag.py:4180} INFO - Setting next_dagrun for dataset_with_extra_from_classic_operator to 2024-10-30 00:00:00+00:00, run_after=2024-10-31 00:00:00+00:00
[2024-10-31T00:11:02.362-0300] {processor.py:208} INFO - Processing /home/nico/.local/lib/python3.10/site-packages/airflow/example_dags/example_outlet_event_extra.py took 0.479 seconds
[2024-10-31T00:13:18.189-0300] {processor.py:186} INFO - Started process (PID=105471) to work on /home/nico/.local/lib/python3.10/site-packages/airflow/example_dags/example_outlet_event_extra.py
[2024-10-31T00:13:18.192-0300] {processor.py:914} INFO - Processing file /home/nico/.local/lib/python3.10/site-packages/airflow/example_dags/example_outlet_event_extra.py for tasks to queue
[2024-10-31T00:13:18.196-0300] {logging_mixin.py:190} INFO - [2024-10-31T00:13:18.195-0300] {dagbag.py:588} INFO - Filling up the DagBag from /home/nico/.local/lib/python3.10/site-packages/airflow/example_dags/example_outlet_event_extra.py
[2024-10-31T00:13:18.224-0300] {processor.py:925} INFO - DAG(s) 'dataset_with_extra_by_context', 'dataset_with_extra_by_yield', 'dataset_with_extra_from_classic_operator' retrieved from /home/nico/.local/lib/python3.10/site-packages/airflow/example_dags/example_outlet_event_extra.py
[2024-10-31T00:13:18.302-0300] {logging_mixin.py:190} INFO - [2024-10-31T00:13:18.301-0300] {dag.py:3239} INFO - Sync 3 DAGs
[2024-10-31T00:13:18.361-0300] {logging_mixin.py:190} INFO - [2024-10-31T00:13:18.361-0300] {dag.py:4180} INFO - Setting next_dagrun for dataset_with_extra_by_context to 2024-10-30 00:00:00+00:00, run_after=2024-10-31 00:00:00+00:00
[2024-10-31T00:13:18.374-0300] {logging_mixin.py:190} INFO - [2024-10-31T00:13:18.374-0300] {dag.py:4180} INFO - Setting next_dagrun for dataset_with_extra_by_yield to 2024-10-30 00:00:00+00:00, run_after=2024-10-31 00:00:00+00:00
[2024-10-31T00:13:18.384-0300] {logging_mixin.py:190} INFO - [2024-10-31T00:13:18.383-0300] {dag.py:4180} INFO - Setting next_dagrun for dataset_with_extra_from_classic_operator to 2024-10-30 00:00:00+00:00, run_after=2024-10-31 00:00:00+00:00
[2024-10-31T00:13:18.532-0300] {processor.py:208} INFO - Processing /home/nico/.local/lib/python3.10/site-packages/airflow/example_dags/example_outlet_event_extra.py took 0.357 seconds
[2024-10-31T00:15:26.394-0300] {processor.py:186} INFO - Started process (PID=106040) to work on /home/nico/.local/lib/python3.10/site-packages/airflow/example_dags/example_outlet_event_extra.py
[2024-10-31T00:15:26.397-0300] {processor.py:914} INFO - Processing file /home/nico/.local/lib/python3.10/site-packages/airflow/example_dags/example_outlet_event_extra.py for tasks to queue
[2024-10-31T00:15:26.401-0300] {logging_mixin.py:190} INFO - [2024-10-31T00:15:26.400-0300] {dagbag.py:588} INFO - Filling up the DagBag from /home/nico/.local/lib/python3.10/site-packages/airflow/example_dags/example_outlet_event_extra.py
[2024-10-31T00:15:26.444-0300] {processor.py:925} INFO - DAG(s) 'dataset_with_extra_by_context', 'dataset_with_extra_from_classic_operator', 'dataset_with_extra_by_yield' retrieved from /home/nico/.local/lib/python3.10/site-packages/airflow/example_dags/example_outlet_event_extra.py
[2024-10-31T00:15:26.533-0300] {logging_mixin.py:190} INFO - [2024-10-31T00:15:26.532-0300] {dag.py:3239} INFO - Sync 3 DAGs
[2024-10-31T00:15:26.607-0300] {logging_mixin.py:190} INFO - [2024-10-31T00:15:26.606-0300] {dag.py:4180} INFO - Setting next_dagrun for dataset_with_extra_by_context to 2024-10-30 00:00:00+00:00, run_after=2024-10-31 00:00:00+00:00
[2024-10-31T00:15:26.619-0300] {logging_mixin.py:190} INFO - [2024-10-31T00:15:26.619-0300] {dag.py:4180} INFO - Setting next_dagrun for dataset_with_extra_by_yield to 2024-10-30 00:00:00+00:00, run_after=2024-10-31 00:00:00+00:00
[2024-10-31T00:15:26.628-0300] {logging_mixin.py:190} INFO - [2024-10-31T00:15:26.628-0300] {dag.py:4180} INFO - Setting next_dagrun for dataset_with_extra_from_classic_operator to 2024-10-30 00:00:00+00:00, run_after=2024-10-31 00:00:00+00:00
[2024-10-31T00:15:26.750-0300] {processor.py:208} INFO - Processing /home/nico/.local/lib/python3.10/site-packages/airflow/example_dags/example_outlet_event_extra.py took 0.380 seconds
[2024-10-31T00:17:29.915-0300] {processor.py:186} INFO - Started process (PID=106592) to work on /home/nico/.local/lib/python3.10/site-packages/airflow/example_dags/example_outlet_event_extra.py
[2024-10-31T00:17:29.918-0300] {processor.py:914} INFO - Processing file /home/nico/.local/lib/python3.10/site-packages/airflow/example_dags/example_outlet_event_extra.py for tasks to queue
[2024-10-31T00:17:29.922-0300] {logging_mixin.py:190} INFO - [2024-10-31T00:17:29.921-0300] {dagbag.py:588} INFO - Filling up the DagBag from /home/nico/.local/lib/python3.10/site-packages/airflow/example_dags/example_outlet_event_extra.py
[2024-10-31T00:17:29.954-0300] {processor.py:925} INFO - DAG(s) 'dataset_with_extra_by_context', 'dataset_with_extra_from_classic_operator', 'dataset_with_extra_by_yield' retrieved from /home/nico/.local/lib/python3.10/site-packages/airflow/example_dags/example_outlet_event_extra.py
[2024-10-31T00:17:30.071-0300] {logging_mixin.py:190} INFO - [2024-10-31T00:17:30.070-0300] {dag.py:3239} INFO - Sync 3 DAGs
[2024-10-31T00:17:30.166-0300] {logging_mixin.py:190} INFO - [2024-10-31T00:17:30.165-0300] {dag.py:4180} INFO - Setting next_dagrun for dataset_with_extra_by_context to 2024-10-30 00:00:00+00:00, run_after=2024-10-31 00:00:00+00:00
[2024-10-31T00:17:30.184-0300] {logging_mixin.py:190} INFO - [2024-10-31T00:17:30.183-0300] {dag.py:4180} INFO - Setting next_dagrun for dataset_with_extra_by_yield to 2024-10-30 00:00:00+00:00, run_after=2024-10-31 00:00:00+00:00
[2024-10-31T00:17:30.193-0300] {logging_mixin.py:190} INFO - [2024-10-31T00:17:30.192-0300] {dag.py:4180} INFO - Setting next_dagrun for dataset_with_extra_from_classic_operator to 2024-10-30 00:00:00+00:00, run_after=2024-10-31 00:00:00+00:00
[2024-10-31T00:17:30.375-0300] {processor.py:208} INFO - Processing /home/nico/.local/lib/python3.10/site-packages/airflow/example_dags/example_outlet_event_extra.py took 0.474 seconds
[2024-10-31T01:06:45.565-0300] {processor.py:186} INFO - Started process (PID=118148) to work on /home/nico/.local/lib/python3.10/site-packages/airflow/example_dags/example_outlet_event_extra.py
[2024-10-31T01:06:45.572-0300] {processor.py:914} INFO - Processing file /home/nico/.local/lib/python3.10/site-packages/airflow/example_dags/example_outlet_event_extra.py for tasks to queue
[2024-10-31T01:06:45.589-0300] {logging_mixin.py:190} INFO - [2024-10-31T01:06:45.587-0300] {dagbag.py:588} INFO - Filling up the DagBag from /home/nico/.local/lib/python3.10/site-packages/airflow/example_dags/example_outlet_event_extra.py
[2024-10-31T01:06:45.677-0300] {processor.py:925} INFO - DAG(s) 'dataset_with_extra_by_context', 'dataset_with_extra_from_classic_operator', 'dataset_with_extra_by_yield' retrieved from /home/nico/.local/lib/python3.10/site-packages/airflow/example_dags/example_outlet_event_extra.py
[2024-10-31T01:06:45.827-0300] {logging_mixin.py:190} INFO - [2024-10-31T01:06:45.826-0300] {dag.py:3239} INFO - Sync 3 DAGs
[2024-10-31T01:06:45.908-0300] {logging_mixin.py:190} INFO - [2024-10-31T01:06:45.907-0300] {dag.py:4180} INFO - Setting next_dagrun for dataset_with_extra_by_context to 2024-10-30 00:00:00+00:00, run_after=2024-10-31 00:00:00+00:00
[2024-10-31T01:06:45.926-0300] {logging_mixin.py:190} INFO - [2024-10-31T01:06:45.926-0300] {dag.py:4180} INFO - Setting next_dagrun for dataset_with_extra_by_yield to 2024-10-30 00:00:00+00:00, run_after=2024-10-31 00:00:00+00:00
[2024-10-31T01:06:45.940-0300] {logging_mixin.py:190} INFO - [2024-10-31T01:06:45.940-0300] {dag.py:4180} INFO - Setting next_dagrun for dataset_with_extra_from_classic_operator to 2024-10-30 00:00:00+00:00, run_after=2024-10-31 00:00:00+00:00
[2024-10-31T01:06:46.091-0300] {processor.py:208} INFO - Processing /home/nico/.local/lib/python3.10/site-packages/airflow/example_dags/example_outlet_event_extra.py took 0.561 seconds
[2024-10-31T01:22:41.961-0300] {processor.py:186} INFO - Started process (PID=122187) to work on /home/nico/.local/lib/python3.10/site-packages/airflow/example_dags/example_outlet_event_extra.py
[2024-10-31T01:22:41.966-0300] {processor.py:914} INFO - Processing file /home/nico/.local/lib/python3.10/site-packages/airflow/example_dags/example_outlet_event_extra.py for tasks to queue
[2024-10-31T01:22:41.971-0300] {logging_mixin.py:190} INFO - [2024-10-31T01:22:41.969-0300] {dagbag.py:588} INFO - Filling up the DagBag from /home/nico/.local/lib/python3.10/site-packages/airflow/example_dags/example_outlet_event_extra.py
[2024-10-31T01:22:42.070-0300] {processor.py:925} INFO - DAG(s) 'dataset_with_extra_by_context', 'dataset_with_extra_from_classic_operator', 'dataset_with_extra_by_yield' retrieved from /home/nico/.local/lib/python3.10/site-packages/airflow/example_dags/example_outlet_event_extra.py
[2024-10-31T01:22:42.412-0300] {logging_mixin.py:190} INFO - [2024-10-31T01:22:42.411-0300] {dag.py:3239} INFO - Sync 3 DAGs
[2024-10-31T01:22:42.608-0300] {logging_mixin.py:190} INFO - [2024-10-31T01:22:42.607-0300] {dag.py:4180} INFO - Setting next_dagrun for dataset_with_extra_by_context to 2024-10-30 00:00:00+00:00, run_after=2024-10-31 00:00:00+00:00
[2024-10-31T01:22:42.680-0300] {logging_mixin.py:190} INFO - [2024-10-31T01:22:42.680-0300] {dag.py:4180} INFO - Setting next_dagrun for dataset_with_extra_by_yield to 2024-10-30 00:00:00+00:00, run_after=2024-10-31 00:00:00+00:00
[2024-10-31T01:22:42.774-0300] {logging_mixin.py:190} INFO - [2024-10-31T01:22:42.773-0300] {dag.py:4180} INFO - Setting next_dagrun for dataset_with_extra_from_classic_operator to 2024-10-30 00:00:00+00:00, run_after=2024-10-31 00:00:00+00:00
[2024-10-31T01:22:43.113-0300] {processor.py:208} INFO - Processing /home/nico/.local/lib/python3.10/site-packages/airflow/example_dags/example_outlet_event_extra.py took 1.206 seconds
[2024-10-31T01:25:43.238-0300] {processor.py:186} INFO - Started process (PID=122953) to work on /home/nico/.local/lib/python3.10/site-packages/airflow/example_dags/example_outlet_event_extra.py
[2024-10-31T01:25:43.242-0300] {processor.py:914} INFO - Processing file /home/nico/.local/lib/python3.10/site-packages/airflow/example_dags/example_outlet_event_extra.py for tasks to queue
[2024-10-31T01:25:43.246-0300] {logging_mixin.py:190} INFO - [2024-10-31T01:25:43.245-0300] {dagbag.py:588} INFO - Filling up the DagBag from /home/nico/.local/lib/python3.10/site-packages/airflow/example_dags/example_outlet_event_extra.py
[2024-10-31T01:25:43.281-0300] {processor.py:925} INFO - DAG(s) 'dataset_with_extra_from_classic_operator', 'dataset_with_extra_by_context', 'dataset_with_extra_by_yield' retrieved from /home/nico/.local/lib/python3.10/site-packages/airflow/example_dags/example_outlet_event_extra.py
[2024-10-31T01:25:43.389-0300] {logging_mixin.py:190} INFO - [2024-10-31T01:25:43.388-0300] {dag.py:3239} INFO - Sync 3 DAGs
[2024-10-31T01:25:43.598-0300] {logging_mixin.py:190} INFO - [2024-10-31T01:25:43.597-0300] {dag.py:4180} INFO - Setting next_dagrun for dataset_with_extra_by_context to 2024-10-30 00:00:00+00:00, run_after=2024-10-31 00:00:00+00:00
[2024-10-31T01:25:43.712-0300] {logging_mixin.py:190} INFO - [2024-10-31T01:25:43.711-0300] {dag.py:4180} INFO - Setting next_dagrun for dataset_with_extra_by_yield to 2024-10-30 00:00:00+00:00, run_after=2024-10-31 00:00:00+00:00
[2024-10-31T01:25:43.778-0300] {logging_mixin.py:190} INFO - [2024-10-31T01:25:43.778-0300] {dag.py:4180} INFO - Setting next_dagrun for dataset_with_extra_from_classic_operator to 2024-10-30 00:00:00+00:00, run_after=2024-10-31 00:00:00+00:00
[2024-10-31T01:25:44.125-0300] {processor.py:208} INFO - Processing /home/nico/.local/lib/python3.10/site-packages/airflow/example_dags/example_outlet_event_extra.py took 0.903 seconds
[2024-10-31T01:27:51.748-0300] {processor.py:186} INFO - Started process (PID=123499) to work on /home/nico/.local/lib/python3.10/site-packages/airflow/example_dags/example_outlet_event_extra.py
[2024-10-31T01:27:51.756-0300] {processor.py:914} INFO - Processing file /home/nico/.local/lib/python3.10/site-packages/airflow/example_dags/example_outlet_event_extra.py for tasks to queue
[2024-10-31T01:27:51.761-0300] {logging_mixin.py:190} INFO - [2024-10-31T01:27:51.759-0300] {dagbag.py:588} INFO - Filling up the DagBag from /home/nico/.local/lib/python3.10/site-packages/airflow/example_dags/example_outlet_event_extra.py
[2024-10-31T01:27:51.864-0300] {processor.py:925} INFO - DAG(s) 'dataset_with_extra_from_classic_operator', 'dataset_with_extra_by_yield', 'dataset_with_extra_by_context' retrieved from /home/nico/.local/lib/python3.10/site-packages/airflow/example_dags/example_outlet_event_extra.py
[2024-10-31T01:27:52.072-0300] {logging_mixin.py:190} INFO - [2024-10-31T01:27:52.071-0300] {dag.py:3239} INFO - Sync 3 DAGs
[2024-10-31T01:27:52.128-0300] {logging_mixin.py:190} INFO - [2024-10-31T01:27:52.127-0300] {dag.py:4180} INFO - Setting next_dagrun for dataset_with_extra_by_context to 2024-10-30 00:00:00+00:00, run_after=2024-10-31 00:00:00+00:00
[2024-10-31T01:27:52.141-0300] {logging_mixin.py:190} INFO - [2024-10-31T01:27:52.140-0300] {dag.py:4180} INFO - Setting next_dagrun for dataset_with_extra_by_yield to 2024-10-30 00:00:00+00:00, run_after=2024-10-31 00:00:00+00:00
[2024-10-31T01:27:52.153-0300] {logging_mixin.py:190} INFO - [2024-10-31T01:27:52.152-0300] {dag.py:4180} INFO - Setting next_dagrun for dataset_with_extra_from_classic_operator to 2024-10-30 00:00:00+00:00, run_after=2024-10-31 00:00:00+00:00
[2024-10-31T01:27:52.300-0300] {processor.py:208} INFO - Processing /home/nico/.local/lib/python3.10/site-packages/airflow/example_dags/example_outlet_event_extra.py took 0.605 seconds
[2024-10-31T01:33:55.222-0300] {processor.py:186} INFO - Started process (PID=125069) to work on /home/nico/.local/lib/python3.10/site-packages/airflow/example_dags/example_outlet_event_extra.py
[2024-10-31T01:33:55.224-0300] {processor.py:914} INFO - Processing file /home/nico/.local/lib/python3.10/site-packages/airflow/example_dags/example_outlet_event_extra.py for tasks to queue
[2024-10-31T01:33:55.231-0300] {logging_mixin.py:190} INFO - [2024-10-31T01:33:55.230-0300] {dagbag.py:588} INFO - Filling up the DagBag from /home/nico/.local/lib/python3.10/site-packages/airflow/example_dags/example_outlet_event_extra.py
[2024-10-31T01:33:55.265-0300] {processor.py:925} INFO - DAG(s) 'dataset_with_extra_by_yield', 'dataset_with_extra_from_classic_operator', 'dataset_with_extra_by_context' retrieved from /home/nico/.local/lib/python3.10/site-packages/airflow/example_dags/example_outlet_event_extra.py
[2024-10-31T01:33:55.349-0300] {logging_mixin.py:190} INFO - [2024-10-31T01:33:55.349-0300] {dag.py:3239} INFO - Sync 3 DAGs
[2024-10-31T01:33:55.415-0300] {logging_mixin.py:190} INFO - [2024-10-31T01:33:55.414-0300] {dag.py:4180} INFO - Setting next_dagrun for dataset_with_extra_by_context to 2024-10-30 00:00:00+00:00, run_after=2024-10-31 00:00:00+00:00
[2024-10-31T01:33:55.429-0300] {logging_mixin.py:190} INFO - [2024-10-31T01:33:55.428-0300] {dag.py:4180} INFO - Setting next_dagrun for dataset_with_extra_by_yield to 2024-10-30 00:00:00+00:00, run_after=2024-10-31 00:00:00+00:00
[2024-10-31T01:33:55.438-0300] {logging_mixin.py:190} INFO - [2024-10-31T01:33:55.437-0300] {dag.py:4180} INFO - Setting next_dagrun for dataset_with_extra_from_classic_operator to 2024-10-30 00:00:00+00:00, run_after=2024-10-31 00:00:00+00:00
[2024-10-31T01:33:55.596-0300] {processor.py:208} INFO - Processing /home/nico/.local/lib/python3.10/site-packages/airflow/example_dags/example_outlet_event_extra.py took 0.390 seconds
[2024-10-31T20:30:08.659-0300] {processor.py:186} INFO - Started process (PID=141875) to work on /home/nico/.local/lib/python3.10/site-packages/airflow/example_dags/example_outlet_event_extra.py
[2024-10-31T20:30:08.664-0300] {processor.py:914} INFO - Processing file /home/nico/.local/lib/python3.10/site-packages/airflow/example_dags/example_outlet_event_extra.py for tasks to queue
[2024-10-31T20:30:08.693-0300] {logging_mixin.py:190} INFO - [2024-10-31T20:30:08.692-0300] {dagbag.py:588} INFO - Filling up the DagBag from /home/nico/.local/lib/python3.10/site-packages/airflow/example_dags/example_outlet_event_extra.py
[2024-10-31T20:30:08.808-0300] {processor.py:925} INFO - DAG(s) 'dataset_with_extra_by_context', 'dataset_with_extra_from_classic_operator', 'dataset_with_extra_by_yield' retrieved from /home/nico/.local/lib/python3.10/site-packages/airflow/example_dags/example_outlet_event_extra.py
[2024-10-31T20:30:09.015-0300] {logging_mixin.py:190} INFO - [2024-10-31T20:30:09.001-0300] {dag.py:3239} INFO - Sync 3 DAGs
[2024-10-31T20:30:09.165-0300] {logging_mixin.py:190} INFO - [2024-10-31T20:30:09.164-0300] {dag.py:4180} INFO - Setting next_dagrun for dataset_with_extra_by_context to 2024-10-30 00:00:00+00:00, run_after=2024-10-31 00:00:00+00:00
[2024-10-31T20:30:09.184-0300] {logging_mixin.py:190} INFO - [2024-10-31T20:30:09.183-0300] {dag.py:4180} INFO - Setting next_dagrun for dataset_with_extra_by_yield to 2024-10-30 00:00:00+00:00, run_after=2024-10-31 00:00:00+00:00
[2024-10-31T20:30:09.195-0300] {logging_mixin.py:190} INFO - [2024-10-31T20:30:09.194-0300] {dag.py:4180} INFO - Setting next_dagrun for dataset_with_extra_from_classic_operator to 2024-10-30 00:00:00+00:00, run_after=2024-10-31 00:00:00+00:00
[2024-10-31T20:30:09.364-0300] {processor.py:208} INFO - Processing /home/nico/.local/lib/python3.10/site-packages/airflow/example_dags/example_outlet_event_extra.py took 0.763 seconds
[2024-10-31T20:33:00.754-0300] {processor.py:186} INFO - Started process (PID=142596) to work on /home/nico/.local/lib/python3.10/site-packages/airflow/example_dags/example_outlet_event_extra.py
[2024-10-31T20:33:00.758-0300] {processor.py:914} INFO - Processing file /home/nico/.local/lib/python3.10/site-packages/airflow/example_dags/example_outlet_event_extra.py for tasks to queue
[2024-10-31T20:33:00.786-0300] {logging_mixin.py:190} INFO - [2024-10-31T20:33:00.785-0300] {dagbag.py:588} INFO - Filling up the DagBag from /home/nico/.local/lib/python3.10/site-packages/airflow/example_dags/example_outlet_event_extra.py
[2024-10-31T20:33:00.932-0300] {processor.py:925} INFO - DAG(s) 'dataset_with_extra_from_classic_operator', 'dataset_with_extra_by_yield', 'dataset_with_extra_by_context' retrieved from /home/nico/.local/lib/python3.10/site-packages/airflow/example_dags/example_outlet_event_extra.py
[2024-10-31T20:33:01.297-0300] {logging_mixin.py:190} INFO - [2024-10-31T20:33:01.297-0300] {dag.py:3239} INFO - Sync 3 DAGs
[2024-10-31T20:33:01.726-0300] {logging_mixin.py:190} INFO - [2024-10-31T20:33:01.725-0300] {dag.py:4180} INFO - Setting next_dagrun for dataset_with_extra_by_context to 2024-10-30 00:00:00+00:00, run_after=2024-10-31 00:00:00+00:00
[2024-10-31T20:33:01.790-0300] {logging_mixin.py:190} INFO - [2024-10-31T20:33:01.789-0300] {dag.py:4180} INFO - Setting next_dagrun for dataset_with_extra_by_yield to 2024-10-30 00:00:00+00:00, run_after=2024-10-31 00:00:00+00:00
[2024-10-31T20:33:01.823-0300] {logging_mixin.py:190} INFO - [2024-10-31T20:33:01.822-0300] {dag.py:4180} INFO - Setting next_dagrun for dataset_with_extra_from_classic_operator to 2024-10-30 00:00:00+00:00, run_after=2024-10-31 00:00:00+00:00
[2024-10-31T20:33:02.279-0300] {processor.py:208} INFO - Processing /home/nico/.local/lib/python3.10/site-packages/airflow/example_dags/example_outlet_event_extra.py took 1.585 seconds
[2024-10-31T20:46:35.705-0300] {processor.py:186} INFO - Started process (PID=146065) to work on /home/nico/.local/lib/python3.10/site-packages/airflow/example_dags/example_outlet_event_extra.py
[2024-10-31T20:46:35.709-0300] {processor.py:914} INFO - Processing file /home/nico/.local/lib/python3.10/site-packages/airflow/example_dags/example_outlet_event_extra.py for tasks to queue
[2024-10-31T20:46:35.712-0300] {logging_mixin.py:190} INFO - [2024-10-31T20:46:35.712-0300] {dagbag.py:588} INFO - Filling up the DagBag from /home/nico/.local/lib/python3.10/site-packages/airflow/example_dags/example_outlet_event_extra.py
[2024-10-31T20:46:35.751-0300] {processor.py:925} INFO - DAG(s) 'dataset_with_extra_by_context', 'dataset_with_extra_by_yield', 'dataset_with_extra_from_classic_operator' retrieved from /home/nico/.local/lib/python3.10/site-packages/airflow/example_dags/example_outlet_event_extra.py
[2024-10-31T20:46:35.843-0300] {logging_mixin.py:190} INFO - [2024-10-31T20:46:35.842-0300] {dag.py:3239} INFO - Sync 3 DAGs
[2024-10-31T20:46:35.945-0300] {logging_mixin.py:190} INFO - [2024-10-31T20:46:35.945-0300] {dag.py:4180} INFO - Setting next_dagrun for dataset_with_extra_by_context to 2024-10-30 00:00:00+00:00, run_after=2024-10-31 00:00:00+00:00
[2024-10-31T20:46:35.979-0300] {logging_mixin.py:190} INFO - [2024-10-31T20:46:35.978-0300] {dag.py:4180} INFO - Setting next_dagrun for dataset_with_extra_by_yield to 2024-10-30 00:00:00+00:00, run_after=2024-10-31 00:00:00+00:00
[2024-10-31T20:46:35.997-0300] {logging_mixin.py:190} INFO - [2024-10-31T20:46:35.996-0300] {dag.py:4180} INFO - Setting next_dagrun for dataset_with_extra_from_classic_operator to 2024-10-30 00:00:00+00:00, run_after=2024-10-31 00:00:00+00:00
[2024-10-31T20:46:36.710-0300] {processor.py:208} INFO - Processing /home/nico/.local/lib/python3.10/site-packages/airflow/example_dags/example_outlet_event_extra.py took 1.029 seconds
[2024-10-31T20:48:47.679-0300] {processor.py:186} INFO - Started process (PID=146629) to work on /home/nico/.local/lib/python3.10/site-packages/airflow/example_dags/example_outlet_event_extra.py
[2024-10-31T20:48:47.683-0300] {processor.py:914} INFO - Processing file /home/nico/.local/lib/python3.10/site-packages/airflow/example_dags/example_outlet_event_extra.py for tasks to queue
[2024-10-31T20:48:47.696-0300] {logging_mixin.py:190} INFO - [2024-10-31T20:48:47.695-0300] {dagbag.py:588} INFO - Filling up the DagBag from /home/nico/.local/lib/python3.10/site-packages/airflow/example_dags/example_outlet_event_extra.py
[2024-10-31T20:48:47.810-0300] {processor.py:925} INFO - DAG(s) 'dataset_with_extra_by_context', 'dataset_with_extra_by_yield', 'dataset_with_extra_from_classic_operator' retrieved from /home/nico/.local/lib/python3.10/site-packages/airflow/example_dags/example_outlet_event_extra.py
[2024-10-31T20:48:48.050-0300] {logging_mixin.py:190} INFO - [2024-10-31T20:48:48.049-0300] {dag.py:3239} INFO - Sync 3 DAGs
[2024-10-31T20:48:48.224-0300] {logging_mixin.py:190} INFO - [2024-10-31T20:48:48.223-0300] {dag.py:4180} INFO - Setting next_dagrun for dataset_with_extra_by_context to 2024-10-30 00:00:00+00:00, run_after=2024-10-31 00:00:00+00:00
[2024-10-31T20:48:48.271-0300] {logging_mixin.py:190} INFO - [2024-10-31T20:48:48.270-0300] {dag.py:4180} INFO - Setting next_dagrun for dataset_with_extra_by_yield to 2024-10-30 00:00:00+00:00, run_after=2024-10-31 00:00:00+00:00
[2024-10-31T20:48:48.302-0300] {logging_mixin.py:190} INFO - [2024-10-31T20:48:48.291-0300] {dag.py:4180} INFO - Setting next_dagrun for dataset_with_extra_from_classic_operator to 2024-10-30 00:00:00+00:00, run_after=2024-10-31 00:00:00+00:00
[2024-10-31T20:48:48.583-0300] {processor.py:208} INFO - Processing /home/nico/.local/lib/python3.10/site-packages/airflow/example_dags/example_outlet_event_extra.py took 0.964 seconds
[2024-10-31T20:51:36.734-0300] {processor.py:186} INFO - Started process (PID=147328) to work on /home/nico/.local/lib/python3.10/site-packages/airflow/example_dags/example_outlet_event_extra.py
[2024-10-31T20:51:36.742-0300] {processor.py:914} INFO - Processing file /home/nico/.local/lib/python3.10/site-packages/airflow/example_dags/example_outlet_event_extra.py for tasks to queue
[2024-10-31T20:51:36.772-0300] {logging_mixin.py:190} INFO - [2024-10-31T20:51:36.771-0300] {dagbag.py:588} INFO - Filling up the DagBag from /home/nico/.local/lib/python3.10/site-packages/airflow/example_dags/example_outlet_event_extra.py
[2024-10-31T20:51:36.893-0300] {processor.py:925} INFO - DAG(s) 'dataset_with_extra_by_context', 'dataset_with_extra_by_yield', 'dataset_with_extra_from_classic_operator' retrieved from /home/nico/.local/lib/python3.10/site-packages/airflow/example_dags/example_outlet_event_extra.py
[2024-10-31T20:51:37.142-0300] {logging_mixin.py:190} INFO - [2024-10-31T20:51:37.141-0300] {dag.py:3239} INFO - Sync 3 DAGs
[2024-10-31T20:51:37.383-0300] {logging_mixin.py:190} INFO - [2024-10-31T20:51:37.383-0300] {dag.py:4180} INFO - Setting next_dagrun for dataset_with_extra_by_context to 2024-10-30 00:00:00+00:00, run_after=2024-10-31 00:00:00+00:00
[2024-10-31T20:51:37.413-0300] {logging_mixin.py:190} INFO - [2024-10-31T20:51:37.412-0300] {dag.py:4180} INFO - Setting next_dagrun for dataset_with_extra_by_yield to 2024-10-30 00:00:00+00:00, run_after=2024-10-31 00:00:00+00:00
[2024-10-31T20:51:37.433-0300] {logging_mixin.py:190} INFO - [2024-10-31T20:51:37.432-0300] {dag.py:4180} INFO - Setting next_dagrun for dataset_with_extra_from_classic_operator to 2024-10-30 00:00:00+00:00, run_after=2024-10-31 00:00:00+00:00
[2024-10-31T20:51:37.721-0300] {processor.py:208} INFO - Processing /home/nico/.local/lib/python3.10/site-packages/airflow/example_dags/example_outlet_event_extra.py took 1.048 seconds
