[2024-10-30T21:02:10.190-0300] {processor.py:186} INFO - Started process (PID=100069) to work on /home/nico/.local/lib/python3.10/site-packages/airflow/example_dags/example_branch_day_of_week_operator.py
[2024-10-30T21:02:10.194-0300] {processor.py:914} INFO - Processing file /home/nico/.local/lib/python3.10/site-packages/airflow/example_dags/example_branch_day_of_week_operator.py for tasks to queue
[2024-10-30T21:02:10.199-0300] {logging_mixin.py:190} INFO - [2024-10-30T21:02:10.198-0300] {dagbag.py:588} INFO - Filling up the DagBag from /home/nico/.local/lib/python3.10/site-packages/airflow/example_dags/example_branch_day_of_week_operator.py
[2024-10-30T21:02:10.218-0300] {processor.py:925} INFO - DAG(s) 'example_weekday_branch_operator' retrieved from /home/nico/.local/lib/python3.10/site-packages/airflow/example_dags/example_branch_day_of_week_operator.py
[2024-10-30T21:02:10.285-0300] {logging_mixin.py:190} INFO - [2024-10-30T21:02:10.284-0300] {dag.py:3239} INFO - Sync 1 DAGs
[2024-10-30T21:02:10.363-0300] {logging_mixin.py:190} INFO - [2024-10-30T21:02:10.362-0300] {dag.py:4180} INFO - Setting next_dagrun for example_weekday_branch_operator to 2024-10-30 00:00:00+00:00, run_after=2024-10-31 00:00:00+00:00
[2024-10-30T21:02:10.541-0300] {processor.py:208} INFO - Processing /home/nico/.local/lib/python3.10/site-packages/airflow/example_dags/example_branch_day_of_week_operator.py took 0.367 seconds
[2024-10-30T21:04:36.979-0300] {processor.py:186} INFO - Started process (PID=100719) to work on /home/nico/.local/lib/python3.10/site-packages/airflow/example_dags/example_branch_day_of_week_operator.py
[2024-10-30T21:04:36.986-0300] {processor.py:914} INFO - Processing file /home/nico/.local/lib/python3.10/site-packages/airflow/example_dags/example_branch_day_of_week_operator.py for tasks to queue
[2024-10-30T21:04:36.993-0300] {logging_mixin.py:190} INFO - [2024-10-30T21:04:36.991-0300] {dagbag.py:588} INFO - Filling up the DagBag from /home/nico/.local/lib/python3.10/site-packages/airflow/example_dags/example_branch_day_of_week_operator.py
[2024-10-30T21:04:37.027-0300] {processor.py:925} INFO - DAG(s) 'example_weekday_branch_operator' retrieved from /home/nico/.local/lib/python3.10/site-packages/airflow/example_dags/example_branch_day_of_week_operator.py
[2024-10-30T21:04:37.130-0300] {logging_mixin.py:190} INFO - [2024-10-30T21:04:37.129-0300] {dag.py:3239} INFO - Sync 1 DAGs
[2024-10-30T21:04:37.209-0300] {logging_mixin.py:190} INFO - [2024-10-30T21:04:37.208-0300] {dag.py:4180} INFO - Setting next_dagrun for example_weekday_branch_operator to 2024-10-30 00:00:00+00:00, run_after=2024-10-31 00:00:00+00:00
[2024-10-30T21:04:37.362-0300] {processor.py:208} INFO - Processing /home/nico/.local/lib/python3.10/site-packages/airflow/example_dags/example_branch_day_of_week_operator.py took 0.409 seconds
[2024-10-30T23:58:17.949-0300] {processor.py:186} INFO - Started process (PID=101593) to work on /home/nico/.local/lib/python3.10/site-packages/airflow/example_dags/example_branch_day_of_week_operator.py
[2024-10-30T23:58:17.963-0300] {processor.py:914} INFO - Processing file /home/nico/.local/lib/python3.10/site-packages/airflow/example_dags/example_branch_day_of_week_operator.py for tasks to queue
[2024-10-30T23:58:17.979-0300] {logging_mixin.py:190} INFO - [2024-10-30T23:58:17.978-0300] {dagbag.py:588} INFO - Filling up the DagBag from /home/nico/.local/lib/python3.10/site-packages/airflow/example_dags/example_branch_day_of_week_operator.py
[2024-10-30T23:58:18.033-0300] {processor.py:925} INFO - DAG(s) 'example_weekday_branch_operator' retrieved from /home/nico/.local/lib/python3.10/site-packages/airflow/example_dags/example_branch_day_of_week_operator.py
[2024-10-30T23:58:18.226-0300] {logging_mixin.py:190} INFO - [2024-10-30T23:58:18.225-0300] {dag.py:3239} INFO - Sync 1 DAGs
[2024-10-30T23:58:18.582-0300] {logging_mixin.py:190} INFO - [2024-10-30T23:58:18.572-0300] {dag.py:4180} INFO - Setting next_dagrun for example_weekday_branch_operator to 2024-10-30 00:00:00+00:00, run_after=2024-10-31 00:00:00+00:00
[2024-10-30T23:58:18.848-0300] {processor.py:208} INFO - Processing /home/nico/.local/lib/python3.10/site-packages/airflow/example_dags/example_branch_day_of_week_operator.py took 0.950 seconds
[2024-10-31T00:01:29.498-0300] {processor.py:186} INFO - Started process (PID=102419) to work on /home/nico/.local/lib/python3.10/site-packages/airflow/example_dags/example_branch_day_of_week_operator.py
[2024-10-31T00:01:29.500-0300] {processor.py:914} INFO - Processing file /home/nico/.local/lib/python3.10/site-packages/airflow/example_dags/example_branch_day_of_week_operator.py for tasks to queue
[2024-10-31T00:01:29.505-0300] {logging_mixin.py:190} INFO - [2024-10-31T00:01:29.504-0300] {dagbag.py:588} INFO - Filling up the DagBag from /home/nico/.local/lib/python3.10/site-packages/airflow/example_dags/example_branch_day_of_week_operator.py
[2024-10-31T00:01:29.523-0300] {processor.py:925} INFO - DAG(s) 'example_weekday_branch_operator' retrieved from /home/nico/.local/lib/python3.10/site-packages/airflow/example_dags/example_branch_day_of_week_operator.py
[2024-10-31T00:01:29.588-0300] {logging_mixin.py:190} INFO - [2024-10-31T00:01:29.588-0300] {dag.py:3239} INFO - Sync 1 DAGs
[2024-10-31T00:01:29.686-0300] {logging_mixin.py:190} INFO - [2024-10-31T00:01:29.685-0300] {dag.py:4180} INFO - Setting next_dagrun for example_weekday_branch_operator to 2024-10-30 00:00:00+00:00, run_after=2024-10-31 00:00:00+00:00
[2024-10-31T00:01:29.967-0300] {processor.py:208} INFO - Processing /home/nico/.local/lib/python3.10/site-packages/airflow/example_dags/example_branch_day_of_week_operator.py took 0.485 seconds
[2024-10-31T00:04:14.992-0300] {processor.py:186} INFO - Started process (PID=103139) to work on /home/nico/.local/lib/python3.10/site-packages/airflow/example_dags/example_branch_day_of_week_operator.py
[2024-10-31T00:04:14.995-0300] {processor.py:914} INFO - Processing file /home/nico/.local/lib/python3.10/site-packages/airflow/example_dags/example_branch_day_of_week_operator.py for tasks to queue
[2024-10-31T00:04:15.000-0300] {logging_mixin.py:190} INFO - [2024-10-31T00:04:14.999-0300] {dagbag.py:588} INFO - Filling up the DagBag from /home/nico/.local/lib/python3.10/site-packages/airflow/example_dags/example_branch_day_of_week_operator.py
[2024-10-31T00:04:15.028-0300] {processor.py:925} INFO - DAG(s) 'example_weekday_branch_operator' retrieved from /home/nico/.local/lib/python3.10/site-packages/airflow/example_dags/example_branch_day_of_week_operator.py
[2024-10-31T00:04:15.115-0300] {logging_mixin.py:190} INFO - [2024-10-31T00:04:15.115-0300] {dag.py:3239} INFO - Sync 1 DAGs
[2024-10-31T00:04:15.219-0300] {logging_mixin.py:190} INFO - [2024-10-31T00:04:15.218-0300] {dag.py:4180} INFO - Setting next_dagrun for example_weekday_branch_operator to 2024-10-30 00:00:00+00:00, run_after=2024-10-31 00:00:00+00:00
[2024-10-31T00:04:15.546-0300] {processor.py:208} INFO - Processing /home/nico/.local/lib/python3.10/site-packages/airflow/example_dags/example_branch_day_of_week_operator.py took 0.576 seconds
[2024-10-31T00:07:12.181-0300] {processor.py:186} INFO - Started process (PID=103901) to work on /home/nico/.local/lib/python3.10/site-packages/airflow/example_dags/example_branch_day_of_week_operator.py
[2024-10-31T00:07:12.195-0300] {processor.py:914} INFO - Processing file /home/nico/.local/lib/python3.10/site-packages/airflow/example_dags/example_branch_day_of_week_operator.py for tasks to queue
[2024-10-31T00:07:12.199-0300] {logging_mixin.py:190} INFO - [2024-10-31T00:07:12.198-0300] {dagbag.py:588} INFO - Filling up the DagBag from /home/nico/.local/lib/python3.10/site-packages/airflow/example_dags/example_branch_day_of_week_operator.py
[2024-10-31T00:07:12.278-0300] {processor.py:925} INFO - DAG(s) 'example_weekday_branch_operator' retrieved from /home/nico/.local/lib/python3.10/site-packages/airflow/example_dags/example_branch_day_of_week_operator.py
[2024-10-31T00:07:12.509-0300] {logging_mixin.py:190} INFO - [2024-10-31T00:07:12.508-0300] {dag.py:3239} INFO - Sync 1 DAGs
[2024-10-31T00:07:12.745-0300] {logging_mixin.py:190} INFO - [2024-10-31T00:07:12.744-0300] {dag.py:4180} INFO - Setting next_dagrun for example_weekday_branch_operator to 2024-10-30 00:00:00+00:00, run_after=2024-10-31 00:00:00+00:00
[2024-10-31T00:07:12.981-0300] {processor.py:208} INFO - Processing /home/nico/.local/lib/python3.10/site-packages/airflow/example_dags/example_branch_day_of_week_operator.py took 0.851 seconds
[2024-10-31T00:09:57.342-0300] {processor.py:186} INFO - Started process (PID=104586) to work on /home/nico/.local/lib/python3.10/site-packages/airflow/example_dags/example_branch_day_of_week_operator.py
[2024-10-31T00:09:57.346-0300] {processor.py:914} INFO - Processing file /home/nico/.local/lib/python3.10/site-packages/airflow/example_dags/example_branch_day_of_week_operator.py for tasks to queue
[2024-10-31T00:09:57.349-0300] {logging_mixin.py:190} INFO - [2024-10-31T00:09:57.348-0300] {dagbag.py:588} INFO - Filling up the DagBag from /home/nico/.local/lib/python3.10/site-packages/airflow/example_dags/example_branch_day_of_week_operator.py
[2024-10-31T00:09:57.366-0300] {processor.py:925} INFO - DAG(s) 'example_weekday_branch_operator' retrieved from /home/nico/.local/lib/python3.10/site-packages/airflow/example_dags/example_branch_day_of_week_operator.py
[2024-10-31T00:09:57.425-0300] {logging_mixin.py:190} INFO - [2024-10-31T00:09:57.424-0300] {dag.py:3239} INFO - Sync 1 DAGs
[2024-10-31T00:09:57.491-0300] {logging_mixin.py:190} INFO - [2024-10-31T00:09:57.491-0300] {dag.py:4180} INFO - Setting next_dagrun for example_weekday_branch_operator to 2024-10-30 00:00:00+00:00, run_after=2024-10-31 00:00:00+00:00
[2024-10-31T00:09:57.618-0300] {processor.py:208} INFO - Processing /home/nico/.local/lib/python3.10/site-packages/airflow/example_dags/example_branch_day_of_week_operator.py took 0.305 seconds
[2024-10-31T00:12:27.309-0300] {processor.py:186} INFO - Started process (PID=105246) to work on /home/nico/.local/lib/python3.10/site-packages/airflow/example_dags/example_branch_day_of_week_operator.py
[2024-10-31T00:12:27.312-0300] {processor.py:914} INFO - Processing file /home/nico/.local/lib/python3.10/site-packages/airflow/example_dags/example_branch_day_of_week_operator.py for tasks to queue
[2024-10-31T00:12:27.316-0300] {logging_mixin.py:190} INFO - [2024-10-31T00:12:27.315-0300] {dagbag.py:588} INFO - Filling up the DagBag from /home/nico/.local/lib/python3.10/site-packages/airflow/example_dags/example_branch_day_of_week_operator.py
[2024-10-31T00:12:27.335-0300] {processor.py:925} INFO - DAG(s) 'example_weekday_branch_operator' retrieved from /home/nico/.local/lib/python3.10/site-packages/airflow/example_dags/example_branch_day_of_week_operator.py
[2024-10-31T00:12:27.397-0300] {logging_mixin.py:190} INFO - [2024-10-31T00:12:27.396-0300] {dag.py:3239} INFO - Sync 1 DAGs
[2024-10-31T00:12:27.457-0300] {logging_mixin.py:190} INFO - [2024-10-31T00:12:27.456-0300] {dag.py:4180} INFO - Setting next_dagrun for example_weekday_branch_operator to 2024-10-30 00:00:00+00:00, run_after=2024-10-31 00:00:00+00:00
[2024-10-31T00:12:27.583-0300] {processor.py:208} INFO - Processing /home/nico/.local/lib/python3.10/site-packages/airflow/example_dags/example_branch_day_of_week_operator.py took 0.293 seconds
[2024-10-31T00:14:36.655-0300] {processor.py:186} INFO - Started process (PID=105819) to work on /home/nico/.local/lib/python3.10/site-packages/airflow/example_dags/example_branch_day_of_week_operator.py
[2024-10-31T00:14:36.658-0300] {processor.py:914} INFO - Processing file /home/nico/.local/lib/python3.10/site-packages/airflow/example_dags/example_branch_day_of_week_operator.py for tasks to queue
[2024-10-31T00:14:36.663-0300] {logging_mixin.py:190} INFO - [2024-10-31T00:14:36.662-0300] {dagbag.py:588} INFO - Filling up the DagBag from /home/nico/.local/lib/python3.10/site-packages/airflow/example_dags/example_branch_day_of_week_operator.py
[2024-10-31T00:14:36.686-0300] {processor.py:925} INFO - DAG(s) 'example_weekday_branch_operator' retrieved from /home/nico/.local/lib/python3.10/site-packages/airflow/example_dags/example_branch_day_of_week_operator.py
[2024-10-31T00:14:36.752-0300] {logging_mixin.py:190} INFO - [2024-10-31T00:14:36.751-0300] {dag.py:3239} INFO - Sync 1 DAGs
[2024-10-31T00:14:36.823-0300] {logging_mixin.py:190} INFO - [2024-10-31T00:14:36.822-0300] {dag.py:4180} INFO - Setting next_dagrun for example_weekday_branch_operator to 2024-10-30 00:00:00+00:00, run_after=2024-10-31 00:00:00+00:00
[2024-10-31T00:14:37.003-0300] {processor.py:208} INFO - Processing /home/nico/.local/lib/python3.10/site-packages/airflow/example_dags/example_branch_day_of_week_operator.py took 0.367 seconds
[2024-10-31T00:16:40.075-0300] {processor.py:186} INFO - Started process (PID=106369) to work on /home/nico/.local/lib/python3.10/site-packages/airflow/example_dags/example_branch_day_of_week_operator.py
[2024-10-31T00:16:40.077-0300] {processor.py:914} INFO - Processing file /home/nico/.local/lib/python3.10/site-packages/airflow/example_dags/example_branch_day_of_week_operator.py for tasks to queue
[2024-10-31T00:16:40.081-0300] {logging_mixin.py:190} INFO - [2024-10-31T00:16:40.080-0300] {dagbag.py:588} INFO - Filling up the DagBag from /home/nico/.local/lib/python3.10/site-packages/airflow/example_dags/example_branch_day_of_week_operator.py
[2024-10-31T00:16:40.097-0300] {processor.py:925} INFO - DAG(s) 'example_weekday_branch_operator' retrieved from /home/nico/.local/lib/python3.10/site-packages/airflow/example_dags/example_branch_day_of_week_operator.py
[2024-10-31T00:16:40.214-0300] {logging_mixin.py:190} INFO - [2024-10-31T00:16:40.213-0300] {dag.py:3239} INFO - Sync 1 DAGs
[2024-10-31T00:16:40.310-0300] {logging_mixin.py:190} INFO - [2024-10-31T00:16:40.309-0300] {dag.py:4180} INFO - Setting next_dagrun for example_weekday_branch_operator to 2024-10-30 00:00:00+00:00, run_after=2024-10-31 00:00:00+00:00
[2024-10-31T00:16:40.496-0300] {processor.py:208} INFO - Processing /home/nico/.local/lib/python3.10/site-packages/airflow/example_dags/example_branch_day_of_week_operator.py took 0.437 seconds
[2024-10-31T00:18:50.162-0300] {processor.py:186} INFO - Started process (PID=106949) to work on /home/nico/.local/lib/python3.10/site-packages/airflow/example_dags/example_branch_day_of_week_operator.py
[2024-10-31T00:18:50.164-0300] {processor.py:914} INFO - Processing file /home/nico/.local/lib/python3.10/site-packages/airflow/example_dags/example_branch_day_of_week_operator.py for tasks to queue
[2024-10-31T00:18:50.167-0300] {logging_mixin.py:190} INFO - [2024-10-31T00:18:50.167-0300] {dagbag.py:588} INFO - Filling up the DagBag from /home/nico/.local/lib/python3.10/site-packages/airflow/example_dags/example_branch_day_of_week_operator.py
[2024-10-31T00:18:50.189-0300] {processor.py:925} INFO - DAG(s) 'example_weekday_branch_operator' retrieved from /home/nico/.local/lib/python3.10/site-packages/airflow/example_dags/example_branch_day_of_week_operator.py
[2024-10-31T00:18:50.241-0300] {logging_mixin.py:190} INFO - [2024-10-31T00:18:50.240-0300] {dag.py:3239} INFO - Sync 1 DAGs
[2024-10-31T00:18:50.294-0300] {logging_mixin.py:190} INFO - [2024-10-31T00:18:50.293-0300] {dag.py:4180} INFO - Setting next_dagrun for example_weekday_branch_operator to 2024-10-30 00:00:00+00:00, run_after=2024-10-31 00:00:00+00:00
[2024-10-31T00:18:50.413-0300] {processor.py:208} INFO - Processing /home/nico/.local/lib/python3.10/site-packages/airflow/example_dags/example_branch_day_of_week_operator.py took 0.268 seconds
