[2024-10-30T21:02:15.920-0300] {processor.py:186} INFO - Started process (PID=100095) to work on /home/nico/.local/lib/python3.10/site-packages/airflow/example_dags/example_dynamic_task_mapping_with_no_taskflow_operators.py
[2024-10-30T21:02:15.922-0300] {processor.py:914} INFO - Processing file /home/nico/.local/lib/python3.10/site-packages/airflow/example_dags/example_dynamic_task_mapping_with_no_taskflow_operators.py for tasks to queue
[2024-10-30T21:02:15.926-0300] {logging_mixin.py:190} INFO - [2024-10-30T21:02:15.925-0300] {dagbag.py:588} INFO - Filling up the DagBag from /home/nico/.local/lib/python3.10/site-packages/airflow/example_dags/example_dynamic_task_mapping_with_no_taskflow_operators.py
[2024-10-30T21:02:15.941-0300] {processor.py:925} INFO - DAG(s) 'example_dynamic_task_mapping_with_no_taskflow_operators' retrieved from /home/nico/.local/lib/python3.10/site-packages/airflow/example_dags/example_dynamic_task_mapping_with_no_taskflow_operators.py
[2024-10-30T21:02:15.995-0300] {logging_mixin.py:190} INFO - [2024-10-30T21:02:15.995-0300] {dag.py:3239} INFO - Sync 1 DAGs
[2024-10-30T21:02:16.045-0300] {logging_mixin.py:190} INFO - [2024-10-30T21:02:16.044-0300] {dag.py:4180} INFO - Setting next_dagrun for example_dynamic_task_mapping_with_no_taskflow_operators to None, run_after=None
[2024-10-30T21:02:16.190-0300] {processor.py:208} INFO - Processing /home/nico/.local/lib/python3.10/site-packages/airflow/example_dags/example_dynamic_task_mapping_with_no_taskflow_operators.py took 0.286 seconds
[2024-10-30T21:04:44.349-0300] {processor.py:186} INFO - Started process (PID=100751) to work on /home/nico/.local/lib/python3.10/site-packages/airflow/example_dags/example_dynamic_task_mapping_with_no_taskflow_operators.py
[2024-10-30T21:04:44.352-0300] {processor.py:914} INFO - Processing file /home/nico/.local/lib/python3.10/site-packages/airflow/example_dags/example_dynamic_task_mapping_with_no_taskflow_operators.py for tasks to queue
[2024-10-30T21:04:44.357-0300] {logging_mixin.py:190} INFO - [2024-10-30T21:04:44.356-0300] {dagbag.py:588} INFO - Filling up the DagBag from /home/nico/.local/lib/python3.10/site-packages/airflow/example_dags/example_dynamic_task_mapping_with_no_taskflow_operators.py
[2024-10-30T21:04:44.377-0300] {processor.py:925} INFO - DAG(s) 'example_dynamic_task_mapping_with_no_taskflow_operators' retrieved from /home/nico/.local/lib/python3.10/site-packages/airflow/example_dags/example_dynamic_task_mapping_with_no_taskflow_operators.py
[2024-10-30T21:04:44.431-0300] {logging_mixin.py:190} INFO - [2024-10-30T21:04:44.430-0300] {dag.py:3239} INFO - Sync 1 DAGs
[2024-10-30T21:04:44.472-0300] {logging_mixin.py:190} INFO - [2024-10-30T21:04:44.472-0300] {dag.py:4180} INFO - Setting next_dagrun for example_dynamic_task_mapping_with_no_taskflow_operators to None, run_after=None
[2024-10-30T21:04:44.611-0300] {processor.py:208} INFO - Processing /home/nico/.local/lib/python3.10/site-packages/airflow/example_dags/example_dynamic_task_mapping_with_no_taskflow_operators.py took 0.278 seconds
[2024-10-30T23:58:30.296-0300] {processor.py:186} INFO - Started process (PID=101644) to work on /home/nico/.local/lib/python3.10/site-packages/airflow/example_dags/example_dynamic_task_mapping_with_no_taskflow_operators.py
[2024-10-30T23:58:30.309-0300] {processor.py:914} INFO - Processing file /home/nico/.local/lib/python3.10/site-packages/airflow/example_dags/example_dynamic_task_mapping_with_no_taskflow_operators.py for tasks to queue
[2024-10-30T23:58:30.323-0300] {logging_mixin.py:190} INFO - [2024-10-30T23:58:30.313-0300] {dagbag.py:588} INFO - Filling up the DagBag from /home/nico/.local/lib/python3.10/site-packages/airflow/example_dags/example_dynamic_task_mapping_with_no_taskflow_operators.py
[2024-10-30T23:58:30.374-0300] {processor.py:925} INFO - DAG(s) 'example_dynamic_task_mapping_with_no_taskflow_operators' retrieved from /home/nico/.local/lib/python3.10/site-packages/airflow/example_dags/example_dynamic_task_mapping_with_no_taskflow_operators.py
[2024-10-30T23:58:30.558-0300] {logging_mixin.py:190} INFO - [2024-10-30T23:58:30.557-0300] {dag.py:3239} INFO - Sync 1 DAGs
[2024-10-30T23:58:30.686-0300] {logging_mixin.py:190} INFO - [2024-10-30T23:58:30.685-0300] {dag.py:4180} INFO - Setting next_dagrun for example_dynamic_task_mapping_with_no_taskflow_operators to None, run_after=None
[2024-10-30T23:58:30.932-0300] {processor.py:208} INFO - Processing /home/nico/.local/lib/python3.10/site-packages/airflow/example_dags/example_dynamic_task_mapping_with_no_taskflow_operators.py took 0.679 seconds
[2024-10-31T00:01:36.988-0300] {processor.py:186} INFO - Started process (PID=102452) to work on /home/nico/.local/lib/python3.10/site-packages/airflow/example_dags/example_dynamic_task_mapping_with_no_taskflow_operators.py
[2024-10-31T00:01:36.991-0300] {processor.py:914} INFO - Processing file /home/nico/.local/lib/python3.10/site-packages/airflow/example_dags/example_dynamic_task_mapping_with_no_taskflow_operators.py for tasks to queue
[2024-10-31T00:01:36.997-0300] {logging_mixin.py:190} INFO - [2024-10-31T00:01:36.995-0300] {dagbag.py:588} INFO - Filling up the DagBag from /home/nico/.local/lib/python3.10/site-packages/airflow/example_dags/example_dynamic_task_mapping_with_no_taskflow_operators.py
[2024-10-31T00:01:37.019-0300] {processor.py:925} INFO - DAG(s) 'example_dynamic_task_mapping_with_no_taskflow_operators' retrieved from /home/nico/.local/lib/python3.10/site-packages/airflow/example_dags/example_dynamic_task_mapping_with_no_taskflow_operators.py
[2024-10-31T00:01:37.090-0300] {logging_mixin.py:190} INFO - [2024-10-31T00:01:37.090-0300] {dag.py:3239} INFO - Sync 1 DAGs
[2024-10-31T00:01:37.169-0300] {logging_mixin.py:190} INFO - [2024-10-31T00:01:37.167-0300] {dag.py:4180} INFO - Setting next_dagrun for example_dynamic_task_mapping_with_no_taskflow_operators to None, run_after=None
[2024-10-31T00:01:37.333-0300] {processor.py:208} INFO - Processing /home/nico/.local/lib/python3.10/site-packages/airflow/example_dags/example_dynamic_task_mapping_with_no_taskflow_operators.py took 0.367 seconds
[2024-10-31T00:04:21.972-0300] {processor.py:186} INFO - Started process (PID=103169) to work on /home/nico/.local/lib/python3.10/site-packages/airflow/example_dags/example_dynamic_task_mapping_with_no_taskflow_operators.py
[2024-10-31T00:04:21.976-0300] {processor.py:914} INFO - Processing file /home/nico/.local/lib/python3.10/site-packages/airflow/example_dags/example_dynamic_task_mapping_with_no_taskflow_operators.py for tasks to queue
[2024-10-31T00:04:21.981-0300] {logging_mixin.py:190} INFO - [2024-10-31T00:04:21.979-0300] {dagbag.py:588} INFO - Filling up the DagBag from /home/nico/.local/lib/python3.10/site-packages/airflow/example_dags/example_dynamic_task_mapping_with_no_taskflow_operators.py
[2024-10-31T00:04:22.003-0300] {processor.py:925} INFO - DAG(s) 'example_dynamic_task_mapping_with_no_taskflow_operators' retrieved from /home/nico/.local/lib/python3.10/site-packages/airflow/example_dags/example_dynamic_task_mapping_with_no_taskflow_operators.py
[2024-10-31T00:04:22.092-0300] {logging_mixin.py:190} INFO - [2024-10-31T00:04:22.091-0300] {dag.py:3239} INFO - Sync 1 DAGs
[2024-10-31T00:04:22.162-0300] {logging_mixin.py:190} INFO - [2024-10-31T00:04:22.162-0300] {dag.py:4180} INFO - Setting next_dagrun for example_dynamic_task_mapping_with_no_taskflow_operators to None, run_after=None
[2024-10-31T00:04:22.380-0300] {processor.py:208} INFO - Processing /home/nico/.local/lib/python3.10/site-packages/airflow/example_dags/example_dynamic_task_mapping_with_no_taskflow_operators.py took 0.427 seconds
[2024-10-31T00:07:23.566-0300] {processor.py:186} INFO - Started process (PID=103948) to work on /home/nico/.local/lib/python3.10/site-packages/airflow/example_dags/example_dynamic_task_mapping_with_no_taskflow_operators.py
[2024-10-31T00:07:23.571-0300] {processor.py:914} INFO - Processing file /home/nico/.local/lib/python3.10/site-packages/airflow/example_dags/example_dynamic_task_mapping_with_no_taskflow_operators.py for tasks to queue
[2024-10-31T00:07:23.577-0300] {logging_mixin.py:190} INFO - [2024-10-31T00:07:23.576-0300] {dagbag.py:588} INFO - Filling up the DagBag from /home/nico/.local/lib/python3.10/site-packages/airflow/example_dags/example_dynamic_task_mapping_with_no_taskflow_operators.py
[2024-10-31T00:07:23.611-0300] {processor.py:925} INFO - DAG(s) 'example_dynamic_task_mapping_with_no_taskflow_operators' retrieved from /home/nico/.local/lib/python3.10/site-packages/airflow/example_dags/example_dynamic_task_mapping_with_no_taskflow_operators.py
[2024-10-31T00:07:23.756-0300] {logging_mixin.py:190} INFO - [2024-10-31T00:07:23.755-0300] {dag.py:3239} INFO - Sync 1 DAGs
[2024-10-31T00:07:23.914-0300] {logging_mixin.py:190} INFO - [2024-10-31T00:07:23.913-0300] {dag.py:4180} INFO - Setting next_dagrun for example_dynamic_task_mapping_with_no_taskflow_operators to None, run_after=None
[2024-10-31T00:07:24.087-0300] {processor.py:208} INFO - Processing /home/nico/.local/lib/python3.10/site-packages/airflow/example_dags/example_dynamic_task_mapping_with_no_taskflow_operators.py took 0.549 seconds
[2024-10-31T00:10:03.612-0300] {processor.py:186} INFO - Started process (PID=104614) to work on /home/nico/.local/lib/python3.10/site-packages/airflow/example_dags/example_dynamic_task_mapping_with_no_taskflow_operators.py
[2024-10-31T00:10:03.614-0300] {processor.py:914} INFO - Processing file /home/nico/.local/lib/python3.10/site-packages/airflow/example_dags/example_dynamic_task_mapping_with_no_taskflow_operators.py for tasks to queue
[2024-10-31T00:10:03.618-0300] {logging_mixin.py:190} INFO - [2024-10-31T00:10:03.617-0300] {dagbag.py:588} INFO - Filling up the DagBag from /home/nico/.local/lib/python3.10/site-packages/airflow/example_dags/example_dynamic_task_mapping_with_no_taskflow_operators.py
[2024-10-31T00:10:03.635-0300] {processor.py:925} INFO - DAG(s) 'example_dynamic_task_mapping_with_no_taskflow_operators' retrieved from /home/nico/.local/lib/python3.10/site-packages/airflow/example_dags/example_dynamic_task_mapping_with_no_taskflow_operators.py
[2024-10-31T00:10:03.703-0300] {logging_mixin.py:190} INFO - [2024-10-31T00:10:03.702-0300] {dag.py:3239} INFO - Sync 1 DAGs
[2024-10-31T00:10:03.785-0300] {logging_mixin.py:190} INFO - [2024-10-31T00:10:03.784-0300] {dag.py:4180} INFO - Setting next_dagrun for example_dynamic_task_mapping_with_no_taskflow_operators to None, run_after=None
[2024-10-31T00:10:03.962-0300] {processor.py:208} INFO - Processing /home/nico/.local/lib/python3.10/site-packages/airflow/example_dags/example_dynamic_task_mapping_with_no_taskflow_operators.py took 0.364 seconds
[2024-10-31T00:12:33.144-0300] {processor.py:186} INFO - Started process (PID=105273) to work on /home/nico/.local/lib/python3.10/site-packages/airflow/example_dags/example_dynamic_task_mapping_with_no_taskflow_operators.py
[2024-10-31T00:12:33.147-0300] {processor.py:914} INFO - Processing file /home/nico/.local/lib/python3.10/site-packages/airflow/example_dags/example_dynamic_task_mapping_with_no_taskflow_operators.py for tasks to queue
[2024-10-31T00:12:33.150-0300] {logging_mixin.py:190} INFO - [2024-10-31T00:12:33.149-0300] {dagbag.py:588} INFO - Filling up the DagBag from /home/nico/.local/lib/python3.10/site-packages/airflow/example_dags/example_dynamic_task_mapping_with_no_taskflow_operators.py
[2024-10-31T00:12:33.165-0300] {processor.py:925} INFO - DAG(s) 'example_dynamic_task_mapping_with_no_taskflow_operators' retrieved from /home/nico/.local/lib/python3.10/site-packages/airflow/example_dags/example_dynamic_task_mapping_with_no_taskflow_operators.py
[2024-10-31T00:12:33.218-0300] {logging_mixin.py:190} INFO - [2024-10-31T00:12:33.217-0300] {dag.py:3239} INFO - Sync 1 DAGs
[2024-10-31T00:12:33.262-0300] {logging_mixin.py:190} INFO - [2024-10-31T00:12:33.262-0300] {dag.py:4180} INFO - Setting next_dagrun for example_dynamic_task_mapping_with_no_taskflow_operators to None, run_after=None
[2024-10-31T00:12:33.406-0300] {processor.py:208} INFO - Processing /home/nico/.local/lib/python3.10/site-packages/airflow/example_dags/example_dynamic_task_mapping_with_no_taskflow_operators.py took 0.277 seconds
[2024-10-31T00:14:43.329-0300] {processor.py:186} INFO - Started process (PID=105848) to work on /home/nico/.local/lib/python3.10/site-packages/airflow/example_dags/example_dynamic_task_mapping_with_no_taskflow_operators.py
[2024-10-31T00:14:43.332-0300] {processor.py:914} INFO - Processing file /home/nico/.local/lib/python3.10/site-packages/airflow/example_dags/example_dynamic_task_mapping_with_no_taskflow_operators.py for tasks to queue
[2024-10-31T00:14:43.335-0300] {logging_mixin.py:190} INFO - [2024-10-31T00:14:43.335-0300] {dagbag.py:588} INFO - Filling up the DagBag from /home/nico/.local/lib/python3.10/site-packages/airflow/example_dags/example_dynamic_task_mapping_with_no_taskflow_operators.py
[2024-10-31T00:14:43.350-0300] {processor.py:925} INFO - DAG(s) 'example_dynamic_task_mapping_with_no_taskflow_operators' retrieved from /home/nico/.local/lib/python3.10/site-packages/airflow/example_dags/example_dynamic_task_mapping_with_no_taskflow_operators.py
[2024-10-31T00:14:43.425-0300] {logging_mixin.py:190} INFO - [2024-10-31T00:14:43.424-0300] {dag.py:3239} INFO - Sync 1 DAGs
[2024-10-31T00:14:43.470-0300] {logging_mixin.py:190} INFO - [2024-10-31T00:14:43.469-0300] {dag.py:4180} INFO - Setting next_dagrun for example_dynamic_task_mapping_with_no_taskflow_operators to None, run_after=None
[2024-10-31T00:14:43.609-0300] {processor.py:208} INFO - Processing /home/nico/.local/lib/python3.10/site-packages/airflow/example_dags/example_dynamic_task_mapping_with_no_taskflow_operators.py took 0.296 seconds
[2024-10-31T00:16:45.837-0300] {processor.py:186} INFO - Started process (PID=106395) to work on /home/nico/.local/lib/python3.10/site-packages/airflow/example_dags/example_dynamic_task_mapping_with_no_taskflow_operators.py
[2024-10-31T00:16:45.840-0300] {processor.py:914} INFO - Processing file /home/nico/.local/lib/python3.10/site-packages/airflow/example_dags/example_dynamic_task_mapping_with_no_taskflow_operators.py for tasks to queue
[2024-10-31T00:16:45.844-0300] {logging_mixin.py:190} INFO - [2024-10-31T00:16:45.843-0300] {dagbag.py:588} INFO - Filling up the DagBag from /home/nico/.local/lib/python3.10/site-packages/airflow/example_dags/example_dynamic_task_mapping_with_no_taskflow_operators.py
[2024-10-31T00:16:45.859-0300] {processor.py:925} INFO - DAG(s) 'example_dynamic_task_mapping_with_no_taskflow_operators' retrieved from /home/nico/.local/lib/python3.10/site-packages/airflow/example_dags/example_dynamic_task_mapping_with_no_taskflow_operators.py
[2024-10-31T00:16:45.913-0300] {logging_mixin.py:190} INFO - [2024-10-31T00:16:45.912-0300] {dag.py:3239} INFO - Sync 1 DAGs
[2024-10-31T00:16:45.947-0300] {logging_mixin.py:190} INFO - [2024-10-31T00:16:45.946-0300] {dag.py:4180} INFO - Setting next_dagrun for example_dynamic_task_mapping_with_no_taskflow_operators to None, run_after=None
[2024-10-31T00:16:46.080-0300] {processor.py:208} INFO - Processing /home/nico/.local/lib/python3.10/site-packages/airflow/example_dags/example_dynamic_task_mapping_with_no_taskflow_operators.py took 0.260 seconds
[2024-10-31T00:18:56.602-0300] {processor.py:186} INFO - Started process (PID=106980) to work on /home/nico/.local/lib/python3.10/site-packages/airflow/example_dags/example_dynamic_task_mapping_with_no_taskflow_operators.py
[2024-10-31T00:18:56.606-0300] {processor.py:914} INFO - Processing file /home/nico/.local/lib/python3.10/site-packages/airflow/example_dags/example_dynamic_task_mapping_with_no_taskflow_operators.py for tasks to queue
[2024-10-31T00:18:56.610-0300] {logging_mixin.py:190} INFO - [2024-10-31T00:18:56.609-0300] {dagbag.py:588} INFO - Filling up the DagBag from /home/nico/.local/lib/python3.10/site-packages/airflow/example_dags/example_dynamic_task_mapping_with_no_taskflow_operators.py
[2024-10-31T00:18:56.632-0300] {processor.py:925} INFO - DAG(s) 'example_dynamic_task_mapping_with_no_taskflow_operators' retrieved from /home/nico/.local/lib/python3.10/site-packages/airflow/example_dags/example_dynamic_task_mapping_with_no_taskflow_operators.py
[2024-10-31T00:18:56.686-0300] {logging_mixin.py:190} INFO - [2024-10-31T00:18:56.685-0300] {dag.py:3239} INFO - Sync 1 DAGs
[2024-10-31T00:18:56.724-0300] {logging_mixin.py:190} INFO - [2024-10-31T00:18:56.723-0300] {dag.py:4180} INFO - Setting next_dagrun for example_dynamic_task_mapping_with_no_taskflow_operators to None, run_after=None
[2024-10-31T00:18:56.857-0300] {processor.py:208} INFO - Processing /home/nico/.local/lib/python3.10/site-packages/airflow/example_dags/example_dynamic_task_mapping_with_no_taskflow_operators.py took 0.280 seconds
