[2024-10-30T21:00:03.621-0300] {processor.py:186} INFO - Started process (PID=99505) to work on /home/nico/.local/lib/python3.10/site-packages/airflow/example_dags/example_setup_teardown.py
[2024-10-30T21:00:03.625-0300] {processor.py:914} INFO - Processing file /home/nico/.local/lib/python3.10/site-packages/airflow/example_dags/example_setup_teardown.py for tasks to queue
[2024-10-30T21:00:03.630-0300] {logging_mixin.py:190} INFO - [2024-10-30T21:00:03.629-0300] {dagbag.py:588} INFO - Filling up the DagBag from /home/nico/.local/lib/python3.10/site-packages/airflow/example_dags/example_setup_teardown.py
[2024-10-30T21:00:03.666-0300] {processor.py:925} INFO - DAG(s) 'example_setup_teardown' retrieved from /home/nico/.local/lib/python3.10/site-packages/airflow/example_dags/example_setup_teardown.py
[2024-10-30T21:00:03.778-0300] {logging_mixin.py:190} INFO - [2024-10-30T21:00:03.777-0300] {dag.py:3239} INFO - Sync 1 DAGs
[2024-10-30T21:00:03.891-0300] {logging_mixin.py:190} INFO - [2024-10-30T21:00:03.890-0300] {dag.py:4180} INFO - Setting next_dagrun for example_setup_teardown to None, run_after=None
[2024-10-30T21:00:04.142-0300] {processor.py:208} INFO - Processing /home/nico/.local/lib/python3.10/site-packages/airflow/example_dags/example_setup_teardown.py took 0.554 seconds
[2024-10-30T21:03:21.155-0300] {processor.py:186} INFO - Started process (PID=100385) to work on /home/nico/.local/lib/python3.10/site-packages/airflow/example_dags/example_setup_teardown.py
[2024-10-30T21:03:21.163-0300] {processor.py:914} INFO - Processing file /home/nico/.local/lib/python3.10/site-packages/airflow/example_dags/example_setup_teardown.py for tasks to queue
[2024-10-30T21:03:21.166-0300] {logging_mixin.py:190} INFO - [2024-10-30T21:03:21.165-0300] {dagbag.py:588} INFO - Filling up the DagBag from /home/nico/.local/lib/python3.10/site-packages/airflow/example_dags/example_setup_teardown.py
[2024-10-30T21:03:21.185-0300] {processor.py:925} INFO - DAG(s) 'example_setup_teardown' retrieved from /home/nico/.local/lib/python3.10/site-packages/airflow/example_dags/example_setup_teardown.py
[2024-10-30T21:03:21.244-0300] {logging_mixin.py:190} INFO - [2024-10-30T21:03:21.244-0300] {dag.py:3239} INFO - Sync 1 DAGs
[2024-10-30T21:03:21.281-0300] {logging_mixin.py:190} INFO - [2024-10-30T21:03:21.280-0300] {dag.py:4180} INFO - Setting next_dagrun for example_setup_teardown to None, run_after=None
[2024-10-30T21:03:21.446-0300] {processor.py:208} INFO - Processing /home/nico/.local/lib/python3.10/site-packages/airflow/example_dags/example_setup_teardown.py took 0.309 seconds
[2024-10-30T21:05:45.698-0300] {processor.py:186} INFO - Started process (PID=101021) to work on /home/nico/.local/lib/python3.10/site-packages/airflow/example_dags/example_setup_teardown.py
[2024-10-30T21:05:45.701-0300] {processor.py:914} INFO - Processing file /home/nico/.local/lib/python3.10/site-packages/airflow/example_dags/example_setup_teardown.py for tasks to queue
[2024-10-30T21:05:45.705-0300] {logging_mixin.py:190} INFO - [2024-10-30T21:05:45.704-0300] {dagbag.py:588} INFO - Filling up the DagBag from /home/nico/.local/lib/python3.10/site-packages/airflow/example_dags/example_setup_teardown.py
[2024-10-30T21:05:45.730-0300] {processor.py:925} INFO - DAG(s) 'example_setup_teardown' retrieved from /home/nico/.local/lib/python3.10/site-packages/airflow/example_dags/example_setup_teardown.py
[2024-10-30T21:05:45.799-0300] {logging_mixin.py:190} INFO - [2024-10-30T21:05:45.797-0300] {dag.py:3239} INFO - Sync 1 DAGs
[2024-10-30T21:05:45.835-0300] {logging_mixin.py:190} INFO - [2024-10-30T21:05:45.835-0300] {dag.py:4180} INFO - Setting next_dagrun for example_setup_teardown to None, run_after=None
[2024-10-30T21:05:46.008-0300] {processor.py:208} INFO - Processing /home/nico/.local/lib/python3.10/site-packages/airflow/example_dags/example_setup_teardown.py took 0.328 seconds
[2024-10-31T00:00:05.775-0300] {processor.py:186} INFO - Started process (PID=102052) to work on /home/nico/.local/lib/python3.10/site-packages/airflow/example_dags/example_setup_teardown.py
[2024-10-31T00:00:05.778-0300] {processor.py:914} INFO - Processing file /home/nico/.local/lib/python3.10/site-packages/airflow/example_dags/example_setup_teardown.py for tasks to queue
[2024-10-31T00:00:05.783-0300] {logging_mixin.py:190} INFO - [2024-10-31T00:00:05.782-0300] {dagbag.py:588} INFO - Filling up the DagBag from /home/nico/.local/lib/python3.10/site-packages/airflow/example_dags/example_setup_teardown.py
[2024-10-31T00:00:05.802-0300] {processor.py:925} INFO - DAG(s) 'example_setup_teardown' retrieved from /home/nico/.local/lib/python3.10/site-packages/airflow/example_dags/example_setup_teardown.py
[2024-10-31T00:00:05.878-0300] {logging_mixin.py:190} INFO - [2024-10-31T00:00:05.877-0300] {dag.py:3239} INFO - Sync 1 DAGs
[2024-10-31T00:00:05.923-0300] {logging_mixin.py:190} INFO - [2024-10-31T00:00:05.923-0300] {dag.py:4180} INFO - Setting next_dagrun for example_setup_teardown to None, run_after=None
[2024-10-31T00:00:06.074-0300] {processor.py:208} INFO - Processing /home/nico/.local/lib/python3.10/site-packages/airflow/example_dags/example_setup_teardown.py took 0.317 seconds
[2024-10-31T00:02:35.394-0300] {processor.py:186} INFO - Started process (PID=102708) to work on /home/nico/.local/lib/python3.10/site-packages/airflow/example_dags/example_setup_teardown.py
[2024-10-31T00:02:35.397-0300] {processor.py:914} INFO - Processing file /home/nico/.local/lib/python3.10/site-packages/airflow/example_dags/example_setup_teardown.py for tasks to queue
[2024-10-31T00:02:35.401-0300] {logging_mixin.py:190} INFO - [2024-10-31T00:02:35.400-0300] {dagbag.py:588} INFO - Filling up the DagBag from /home/nico/.local/lib/python3.10/site-packages/airflow/example_dags/example_setup_teardown.py
[2024-10-31T00:02:35.423-0300] {processor.py:925} INFO - DAG(s) 'example_setup_teardown' retrieved from /home/nico/.local/lib/python3.10/site-packages/airflow/example_dags/example_setup_teardown.py
[2024-10-31T00:02:35.518-0300] {logging_mixin.py:190} INFO - [2024-10-31T00:02:35.517-0300] {dag.py:3239} INFO - Sync 1 DAGs
[2024-10-31T00:02:35.608-0300] {logging_mixin.py:190} INFO - [2024-10-31T00:02:35.607-0300] {dag.py:4180} INFO - Setting next_dagrun for example_setup_teardown to None, run_after=None
[2024-10-31T00:02:35.826-0300] {processor.py:208} INFO - Processing /home/nico/.local/lib/python3.10/site-packages/airflow/example_dags/example_setup_teardown.py took 0.458 seconds
[2024-10-31T00:05:32.260-0300] {processor.py:186} INFO - Started process (PID=103474) to work on /home/nico/.local/lib/python3.10/site-packages/airflow/example_dags/example_setup_teardown.py
[2024-10-31T00:05:32.262-0300] {processor.py:914} INFO - Processing file /home/nico/.local/lib/python3.10/site-packages/airflow/example_dags/example_setup_teardown.py for tasks to queue
[2024-10-31T00:05:32.270-0300] {logging_mixin.py:190} INFO - [2024-10-31T00:05:32.268-0300] {dagbag.py:588} INFO - Filling up the DagBag from /home/nico/.local/lib/python3.10/site-packages/airflow/example_dags/example_setup_teardown.py
[2024-10-31T00:05:32.295-0300] {processor.py:925} INFO - DAG(s) 'example_setup_teardown' retrieved from /home/nico/.local/lib/python3.10/site-packages/airflow/example_dags/example_setup_teardown.py
[2024-10-31T00:05:32.410-0300] {logging_mixin.py:190} INFO - [2024-10-31T00:05:32.409-0300] {dag.py:3239} INFO - Sync 1 DAGs
[2024-10-31T00:05:32.471-0300] {logging_mixin.py:190} INFO - [2024-10-31T00:05:32.470-0300] {dag.py:4180} INFO - Setting next_dagrun for example_setup_teardown to None, run_after=None
[2024-10-31T00:05:32.757-0300] {processor.py:208} INFO - Processing /home/nico/.local/lib/python3.10/site-packages/airflow/example_dags/example_setup_teardown.py took 0.516 seconds
[2024-10-31T00:08:22.576-0300] {processor.py:186} INFO - Started process (PID=104211) to work on /home/nico/.local/lib/python3.10/site-packages/airflow/example_dags/example_setup_teardown.py
[2024-10-31T00:08:22.578-0300] {processor.py:914} INFO - Processing file /home/nico/.local/lib/python3.10/site-packages/airflow/example_dags/example_setup_teardown.py for tasks to queue
[2024-10-31T00:08:22.581-0300] {logging_mixin.py:190} INFO - [2024-10-31T00:08:22.581-0300] {dagbag.py:588} INFO - Filling up the DagBag from /home/nico/.local/lib/python3.10/site-packages/airflow/example_dags/example_setup_teardown.py
[2024-10-31T00:08:22.598-0300] {processor.py:925} INFO - DAG(s) 'example_setup_teardown' retrieved from /home/nico/.local/lib/python3.10/site-packages/airflow/example_dags/example_setup_teardown.py
[2024-10-31T00:08:22.663-0300] {logging_mixin.py:190} INFO - [2024-10-31T00:08:22.662-0300] {dag.py:3239} INFO - Sync 1 DAGs
[2024-10-31T00:08:22.699-0300] {logging_mixin.py:190} INFO - [2024-10-31T00:08:22.698-0300] {dag.py:4180} INFO - Setting next_dagrun for example_setup_teardown to None, run_after=None
[2024-10-31T00:08:22.837-0300] {processor.py:208} INFO - Processing /home/nico/.local/lib/python3.10/site-packages/airflow/example_dags/example_setup_teardown.py took 0.278 seconds
[2024-10-31T00:11:07.246-0300] {processor.py:186} INFO - Started process (PID=104894) to work on /home/nico/.local/lib/python3.10/site-packages/airflow/example_dags/example_setup_teardown.py
[2024-10-31T00:11:07.248-0300] {processor.py:914} INFO - Processing file /home/nico/.local/lib/python3.10/site-packages/airflow/example_dags/example_setup_teardown.py for tasks to queue
[2024-10-31T00:11:07.252-0300] {logging_mixin.py:190} INFO - [2024-10-31T00:11:07.251-0300] {dagbag.py:588} INFO - Filling up the DagBag from /home/nico/.local/lib/python3.10/site-packages/airflow/example_dags/example_setup_teardown.py
[2024-10-31T00:11:07.268-0300] {processor.py:925} INFO - DAG(s) 'example_setup_teardown' retrieved from /home/nico/.local/lib/python3.10/site-packages/airflow/example_dags/example_setup_teardown.py
[2024-10-31T00:11:07.327-0300] {logging_mixin.py:190} INFO - [2024-10-31T00:11:07.327-0300] {dag.py:3239} INFO - Sync 1 DAGs
[2024-10-31T00:11:07.366-0300] {logging_mixin.py:190} INFO - [2024-10-31T00:11:07.365-0300] {dag.py:4180} INFO - Setting next_dagrun for example_setup_teardown to None, run_after=None
[2024-10-31T00:11:07.494-0300] {processor.py:208} INFO - Processing /home/nico/.local/lib/python3.10/site-packages/airflow/example_dags/example_setup_teardown.py took 0.262 seconds
[2024-10-31T00:13:21.878-0300] {processor.py:186} INFO - Started process (PID=105488) to work on /home/nico/.local/lib/python3.10/site-packages/airflow/example_dags/example_setup_teardown.py
[2024-10-31T00:13:21.881-0300] {processor.py:914} INFO - Processing file /home/nico/.local/lib/python3.10/site-packages/airflow/example_dags/example_setup_teardown.py for tasks to queue
[2024-10-31T00:13:21.884-0300] {logging_mixin.py:190} INFO - [2024-10-31T00:13:21.883-0300] {dagbag.py:588} INFO - Filling up the DagBag from /home/nico/.local/lib/python3.10/site-packages/airflow/example_dags/example_setup_teardown.py
[2024-10-31T00:13:21.902-0300] {processor.py:925} INFO - DAG(s) 'example_setup_teardown' retrieved from /home/nico/.local/lib/python3.10/site-packages/airflow/example_dags/example_setup_teardown.py
[2024-10-31T00:13:21.952-0300] {logging_mixin.py:190} INFO - [2024-10-31T00:13:21.952-0300] {dag.py:3239} INFO - Sync 1 DAGs
[2024-10-31T00:13:22.004-0300] {logging_mixin.py:190} INFO - [2024-10-31T00:13:22.003-0300] {dag.py:4180} INFO - Setting next_dagrun for example_setup_teardown to None, run_after=None
[2024-10-31T00:13:22.193-0300] {processor.py:208} INFO - Processing /home/nico/.local/lib/python3.10/site-packages/airflow/example_dags/example_setup_teardown.py took 0.330 seconds
[2024-10-31T00:15:30.424-0300] {processor.py:186} INFO - Started process (PID=106058) to work on /home/nico/.local/lib/python3.10/site-packages/airflow/example_dags/example_setup_teardown.py
[2024-10-31T00:15:30.427-0300] {processor.py:914} INFO - Processing file /home/nico/.local/lib/python3.10/site-packages/airflow/example_dags/example_setup_teardown.py for tasks to queue
[2024-10-31T00:15:30.433-0300] {logging_mixin.py:190} INFO - [2024-10-31T00:15:30.431-0300] {dagbag.py:588} INFO - Filling up the DagBag from /home/nico/.local/lib/python3.10/site-packages/airflow/example_dags/example_setup_teardown.py
[2024-10-31T00:15:30.461-0300] {processor.py:925} INFO - DAG(s) 'example_setup_teardown' retrieved from /home/nico/.local/lib/python3.10/site-packages/airflow/example_dags/example_setup_teardown.py
[2024-10-31T00:15:30.536-0300] {logging_mixin.py:190} INFO - [2024-10-31T00:15:30.536-0300] {dag.py:3239} INFO - Sync 1 DAGs
[2024-10-31T00:15:30.578-0300] {logging_mixin.py:190} INFO - [2024-10-31T00:15:30.577-0300] {dag.py:4180} INFO - Setting next_dagrun for example_setup_teardown to None, run_after=None
[2024-10-31T00:15:30.687-0300] {processor.py:208} INFO - Processing /home/nico/.local/lib/python3.10/site-packages/airflow/example_dags/example_setup_teardown.py took 0.282 seconds
[2024-10-31T00:17:35.120-0300] {processor.py:186} INFO - Started process (PID=106615) to work on /home/nico/.local/lib/python3.10/site-packages/airflow/example_dags/example_setup_teardown.py
[2024-10-31T00:17:35.122-0300] {processor.py:914} INFO - Processing file /home/nico/.local/lib/python3.10/site-packages/airflow/example_dags/example_setup_teardown.py for tasks to queue
[2024-10-31T00:17:35.126-0300] {logging_mixin.py:190} INFO - [2024-10-31T00:17:35.125-0300] {dagbag.py:588} INFO - Filling up the DagBag from /home/nico/.local/lib/python3.10/site-packages/airflow/example_dags/example_setup_teardown.py
[2024-10-31T00:17:35.146-0300] {processor.py:925} INFO - DAG(s) 'example_setup_teardown' retrieved from /home/nico/.local/lib/python3.10/site-packages/airflow/example_dags/example_setup_teardown.py
[2024-10-31T00:17:35.203-0300] {logging_mixin.py:190} INFO - [2024-10-31T00:17:35.203-0300] {dag.py:3239} INFO - Sync 1 DAGs
[2024-10-31T00:17:35.238-0300] {logging_mixin.py:190} INFO - [2024-10-31T00:17:35.237-0300] {dag.py:4180} INFO - Setting next_dagrun for example_setup_teardown to None, run_after=None
[2024-10-31T00:17:35.372-0300] {processor.py:208} INFO - Processing /home/nico/.local/lib/python3.10/site-packages/airflow/example_dags/example_setup_teardown.py took 0.266 seconds
