[2024-10-30T21:00:39.410-0300] {processor.py:186} INFO - Started process (PID=99661) to work on /home/nico/.local/lib/python3.10/site-packages/airflow/example_dags/example_latest_only_with_trigger.py
[2024-10-30T21:00:39.413-0300] {processor.py:914} INFO - Processing file /home/nico/.local/lib/python3.10/site-packages/airflow/example_dags/example_latest_only_with_trigger.py for tasks to queue
[2024-10-30T21:00:39.418-0300] {logging_mixin.py:190} INFO - [2024-10-30T21:00:39.417-0300] {dagbag.py:588} INFO - Filling up the DagBag from /home/nico/.local/lib/python3.10/site-packages/airflow/example_dags/example_latest_only_with_trigger.py
[2024-10-30T21:00:39.440-0300] {processor.py:925} INFO - DAG(s) 'latest_only_with_trigger' retrieved from /home/nico/.local/lib/python3.10/site-packages/airflow/example_dags/example_latest_only_with_trigger.py
[2024-10-30T21:00:39.502-0300] {logging_mixin.py:190} INFO - [2024-10-30T21:00:39.502-0300] {dag.py:3239} INFO - Sync 1 DAGs
[2024-10-30T21:00:39.580-0300] {logging_mixin.py:190} INFO - [2024-10-30T21:00:39.578-0300] {dag.py:4180} INFO - Setting next_dagrun for latest_only_with_trigger to 2024-10-30 20:00:00+00:00, run_after=2024-10-31 00:00:00+00:00
[2024-10-30T21:00:39.778-0300] {processor.py:208} INFO - Processing /home/nico/.local/lib/python3.10/site-packages/airflow/example_dags/example_latest_only_with_trigger.py took 0.384 seconds
[2024-10-30T21:02:41.547-0300] {processor.py:186} INFO - Started process (PID=100209) to work on /home/nico/.local/lib/python3.10/site-packages/airflow/example_dags/example_latest_only_with_trigger.py
[2024-10-30T21:02:41.550-0300] {processor.py:914} INFO - Processing file /home/nico/.local/lib/python3.10/site-packages/airflow/example_dags/example_latest_only_with_trigger.py for tasks to queue
[2024-10-30T21:02:41.553-0300] {logging_mixin.py:190} INFO - [2024-10-30T21:02:41.552-0300] {dagbag.py:588} INFO - Filling up the DagBag from /home/nico/.local/lib/python3.10/site-packages/airflow/example_dags/example_latest_only_with_trigger.py
[2024-10-30T21:02:41.575-0300] {processor.py:925} INFO - DAG(s) 'latest_only_with_trigger' retrieved from /home/nico/.local/lib/python3.10/site-packages/airflow/example_dags/example_latest_only_with_trigger.py
[2024-10-30T21:02:41.638-0300] {logging_mixin.py:190} INFO - [2024-10-30T21:02:41.638-0300] {dag.py:3239} INFO - Sync 1 DAGs
[2024-10-30T21:02:41.744-0300] {logging_mixin.py:190} INFO - [2024-10-30T21:02:41.743-0300] {dag.py:4180} INFO - Setting next_dagrun for latest_only_with_trigger to 2024-10-30 20:00:00+00:00, run_after=2024-10-31 00:00:00+00:00
[2024-10-30T21:02:41.897-0300] {processor.py:208} INFO - Processing /home/nico/.local/lib/python3.10/site-packages/airflow/example_dags/example_latest_only_with_trigger.py took 0.367 seconds
[2024-10-30T21:04:01.560-0300] {processor.py:186} INFO - Started process (PID=100563) to work on /home/nico/.local/lib/python3.10/site-packages/airflow/example_dags/example_latest_only_with_trigger.py
[2024-10-30T21:04:01.562-0300] {processor.py:914} INFO - Processing file /home/nico/.local/lib/python3.10/site-packages/airflow/example_dags/example_latest_only_with_trigger.py for tasks to queue
[2024-10-30T21:04:01.567-0300] {logging_mixin.py:190} INFO - [2024-10-30T21:04:01.566-0300] {dagbag.py:588} INFO - Filling up the DagBag from /home/nico/.local/lib/python3.10/site-packages/airflow/example_dags/example_latest_only_with_trigger.py
[2024-10-30T21:04:01.586-0300] {processor.py:925} INFO - DAG(s) 'latest_only_with_trigger' retrieved from /home/nico/.local/lib/python3.10/site-packages/airflow/example_dags/example_latest_only_with_trigger.py
[2024-10-30T21:04:01.643-0300] {logging_mixin.py:190} INFO - [2024-10-30T21:04:01.642-0300] {dag.py:3239} INFO - Sync 1 DAGs
[2024-10-30T21:04:01.705-0300] {logging_mixin.py:190} INFO - [2024-10-30T21:04:01.705-0300] {dag.py:4180} INFO - Setting next_dagrun for latest_only_with_trigger to 2024-10-30 20:00:00+00:00, run_after=2024-10-31 00:00:00+00:00
[2024-10-30T21:04:01.985-0300] {processor.py:208} INFO - Processing /home/nico/.local/lib/python3.10/site-packages/airflow/example_dags/example_latest_only_with_trigger.py took 0.439 seconds
[2024-10-30T21:05:16.198-0300] {processor.py:186} INFO - Started process (PID=100890) to work on /home/nico/.local/lib/python3.10/site-packages/airflow/example_dags/example_latest_only_with_trigger.py
[2024-10-30T21:05:16.201-0300] {processor.py:914} INFO - Processing file /home/nico/.local/lib/python3.10/site-packages/airflow/example_dags/example_latest_only_with_trigger.py for tasks to queue
[2024-10-30T21:05:16.205-0300] {logging_mixin.py:190} INFO - [2024-10-30T21:05:16.204-0300] {dagbag.py:588} INFO - Filling up the DagBag from /home/nico/.local/lib/python3.10/site-packages/airflow/example_dags/example_latest_only_with_trigger.py
[2024-10-30T21:05:16.223-0300] {processor.py:925} INFO - DAG(s) 'latest_only_with_trigger' retrieved from /home/nico/.local/lib/python3.10/site-packages/airflow/example_dags/example_latest_only_with_trigger.py
[2024-10-30T21:05:16.299-0300] {logging_mixin.py:190} INFO - [2024-10-30T21:05:16.298-0300] {dag.py:3239} INFO - Sync 1 DAGs
[2024-10-30T21:05:16.389-0300] {logging_mixin.py:190} INFO - [2024-10-30T21:05:16.388-0300] {dag.py:4180} INFO - Setting next_dagrun for latest_only_with_trigger to 2024-10-30 20:00:00+00:00, run_after=2024-10-31 00:00:00+00:00
[2024-10-30T21:05:16.512-0300] {processor.py:208} INFO - Processing /home/nico/.local/lib/python3.10/site-packages/airflow/example_dags/example_latest_only_with_trigger.py took 0.327 seconds
[2024-10-30T21:06:34.022-0300] {processor.py:186} INFO - Started process (PID=101230) to work on /home/nico/.local/lib/python3.10/site-packages/airflow/example_dags/example_latest_only_with_trigger.py
[2024-10-30T21:06:34.024-0300] {processor.py:914} INFO - Processing file /home/nico/.local/lib/python3.10/site-packages/airflow/example_dags/example_latest_only_with_trigger.py for tasks to queue
[2024-10-30T21:06:34.031-0300] {logging_mixin.py:190} INFO - [2024-10-30T21:06:34.029-0300] {dagbag.py:588} INFO - Filling up the DagBag from /home/nico/.local/lib/python3.10/site-packages/airflow/example_dags/example_latest_only_with_trigger.py
[2024-10-30T21:06:34.055-0300] {processor.py:925} INFO - DAG(s) 'latest_only_with_trigger' retrieved from /home/nico/.local/lib/python3.10/site-packages/airflow/example_dags/example_latest_only_with_trigger.py
[2024-10-30T21:06:34.153-0300] {logging_mixin.py:190} INFO - [2024-10-30T21:06:34.152-0300] {dag.py:3239} INFO - Sync 1 DAGs
[2024-10-30T21:06:34.246-0300] {logging_mixin.py:190} INFO - [2024-10-30T21:06:34.245-0300] {dag.py:4180} INFO - Setting next_dagrun for latest_only_with_trigger to 2024-10-30 20:00:00+00:00, run_after=2024-10-31 00:00:00+00:00
[2024-10-30T21:06:34.438-0300] {processor.py:208} INFO - Processing /home/nico/.local/lib/python3.10/site-packages/airflow/example_dags/example_latest_only_with_trigger.py took 0.439 seconds
[2024-10-30T23:59:22.869-0300] {processor.py:186} INFO - Started process (PID=101861) to work on /home/nico/.local/lib/python3.10/site-packages/airflow/example_dags/example_latest_only_with_trigger.py
[2024-10-30T23:59:22.881-0300] {processor.py:914} INFO - Processing file /home/nico/.local/lib/python3.10/site-packages/airflow/example_dags/example_latest_only_with_trigger.py for tasks to queue
[2024-10-30T23:59:22.886-0300] {logging_mixin.py:190} INFO - [2024-10-30T23:59:22.885-0300] {dagbag.py:588} INFO - Filling up the DagBag from /home/nico/.local/lib/python3.10/site-packages/airflow/example_dags/example_latest_only_with_trigger.py
[2024-10-30T23:59:22.921-0300] {processor.py:925} INFO - DAG(s) 'latest_only_with_trigger' retrieved from /home/nico/.local/lib/python3.10/site-packages/airflow/example_dags/example_latest_only_with_trigger.py
[2024-10-30T23:59:23.018-0300] {logging_mixin.py:190} INFO - [2024-10-30T23:59:23.013-0300] {dag.py:3239} INFO - Sync 1 DAGs
[2024-10-30T23:59:24.166-0300] {logging_mixin.py:190} INFO - [2024-10-30T23:59:24.165-0300] {dag.py:4180} INFO - Setting next_dagrun for latest_only_with_trigger to 2024-10-30 20:00:00+00:00, run_after=2024-10-31 00:00:00+00:00
[2024-10-30T23:59:25.365-0300] {processor.py:208} INFO - Processing /home/nico/.local/lib/python3.10/site-packages/airflow/example_dags/example_latest_only_with_trigger.py took 2.520 seconds
[2024-10-31T00:00:53.538-0300] {processor.py:186} INFO - Started process (PID=102261) to work on /home/nico/.local/lib/python3.10/site-packages/airflow/example_dags/example_latest_only_with_trigger.py
[2024-10-31T00:00:53.541-0300] {processor.py:914} INFO - Processing file /home/nico/.local/lib/python3.10/site-packages/airflow/example_dags/example_latest_only_with_trigger.py for tasks to queue
[2024-10-31T00:00:53.546-0300] {logging_mixin.py:190} INFO - [2024-10-31T00:00:53.545-0300] {dagbag.py:588} INFO - Filling up the DagBag from /home/nico/.local/lib/python3.10/site-packages/airflow/example_dags/example_latest_only_with_trigger.py
[2024-10-31T00:00:53.569-0300] {processor.py:925} INFO - DAG(s) 'latest_only_with_trigger' retrieved from /home/nico/.local/lib/python3.10/site-packages/airflow/example_dags/example_latest_only_with_trigger.py
[2024-10-31T00:00:53.647-0300] {logging_mixin.py:190} INFO - [2024-10-31T00:00:53.647-0300] {dag.py:3239} INFO - Sync 1 DAGs
[2024-10-31T00:00:53.733-0300] {logging_mixin.py:190} INFO - [2024-10-31T00:00:53.732-0300] {dag.py:4180} INFO - Setting next_dagrun for latest_only_with_trigger to 2024-10-30 20:00:00+00:00, run_after=2024-10-31 00:00:00+00:00
[2024-10-31T00:00:53.868-0300] {processor.py:208} INFO - Processing /home/nico/.local/lib/python3.10/site-packages/airflow/example_dags/example_latest_only_with_trigger.py took 0.352 seconds
[2024-10-31T00:02:05.986-0300] {processor.py:186} INFO - Started process (PID=102580) to work on /home/nico/.local/lib/python3.10/site-packages/airflow/example_dags/example_latest_only_with_trigger.py
[2024-10-31T00:02:05.988-0300] {processor.py:914} INFO - Processing file /home/nico/.local/lib/python3.10/site-packages/airflow/example_dags/example_latest_only_with_trigger.py for tasks to queue
[2024-10-31T00:02:05.991-0300] {logging_mixin.py:190} INFO - [2024-10-31T00:02:05.990-0300] {dagbag.py:588} INFO - Filling up the DagBag from /home/nico/.local/lib/python3.10/site-packages/airflow/example_dags/example_latest_only_with_trigger.py
[2024-10-31T00:02:06.007-0300] {processor.py:925} INFO - DAG(s) 'latest_only_with_trigger' retrieved from /home/nico/.local/lib/python3.10/site-packages/airflow/example_dags/example_latest_only_with_trigger.py
[2024-10-31T00:02:06.064-0300] {logging_mixin.py:190} INFO - [2024-10-31T00:02:06.064-0300] {dag.py:3239} INFO - Sync 1 DAGs
[2024-10-31T00:02:06.124-0300] {logging_mixin.py:190} INFO - [2024-10-31T00:02:06.123-0300] {dag.py:4180} INFO - Setting next_dagrun for latest_only_with_trigger to 2024-10-30 20:00:00+00:00, run_after=2024-10-31 00:00:00+00:00
[2024-10-31T00:02:06.248-0300] {processor.py:208} INFO - Processing /home/nico/.local/lib/python3.10/site-packages/airflow/example_dags/example_latest_only_with_trigger.py took 0.276 seconds
[2024-10-31T00:03:26.576-0300] {processor.py:186} INFO - Started process (PID=102930) to work on /home/nico/.local/lib/python3.10/site-packages/airflow/example_dags/example_latest_only_with_trigger.py
[2024-10-31T00:03:26.578-0300] {processor.py:914} INFO - Processing file /home/nico/.local/lib/python3.10/site-packages/airflow/example_dags/example_latest_only_with_trigger.py for tasks to queue
[2024-10-31T00:03:26.583-0300] {logging_mixin.py:190} INFO - [2024-10-31T00:03:26.582-0300] {dagbag.py:588} INFO - Filling up the DagBag from /home/nico/.local/lib/python3.10/site-packages/airflow/example_dags/example_latest_only_with_trigger.py
[2024-10-31T00:03:26.608-0300] {processor.py:925} INFO - DAG(s) 'latest_only_with_trigger' retrieved from /home/nico/.local/lib/python3.10/site-packages/airflow/example_dags/example_latest_only_with_trigger.py
[2024-10-31T00:03:26.715-0300] {logging_mixin.py:190} INFO - [2024-10-31T00:03:26.714-0300] {dag.py:3239} INFO - Sync 1 DAGs
[2024-10-31T00:03:26.869-0300] {logging_mixin.py:190} INFO - [2024-10-31T00:03:26.869-0300] {dag.py:4180} INFO - Setting next_dagrun for latest_only_with_trigger to 2024-10-30 20:00:00+00:00, run_after=2024-10-31 00:00:00+00:00
[2024-10-31T00:03:27.121-0300] {processor.py:208} INFO - Processing /home/nico/.local/lib/python3.10/site-packages/airflow/example_dags/example_latest_only_with_trigger.py took 0.563 seconds
[2024-10-31T00:04:53.598-0300] {processor.py:186} INFO - Started process (PID=103305) to work on /home/nico/.local/lib/python3.10/site-packages/airflow/example_dags/example_latest_only_with_trigger.py
[2024-10-31T00:04:53.601-0300] {processor.py:914} INFO - Processing file /home/nico/.local/lib/python3.10/site-packages/airflow/example_dags/example_latest_only_with_trigger.py for tasks to queue
[2024-10-31T00:04:53.606-0300] {logging_mixin.py:190} INFO - [2024-10-31T00:04:53.605-0300] {dagbag.py:588} INFO - Filling up the DagBag from /home/nico/.local/lib/python3.10/site-packages/airflow/example_dags/example_latest_only_with_trigger.py
[2024-10-31T00:04:53.622-0300] {processor.py:925} INFO - DAG(s) 'latest_only_with_trigger' retrieved from /home/nico/.local/lib/python3.10/site-packages/airflow/example_dags/example_latest_only_with_trigger.py
[2024-10-31T00:04:53.686-0300] {logging_mixin.py:190} INFO - [2024-10-31T00:04:53.685-0300] {dag.py:3239} INFO - Sync 1 DAGs
[2024-10-31T00:04:53.756-0300] {logging_mixin.py:190} INFO - [2024-10-31T00:04:53.755-0300] {dag.py:4180} INFO - Setting next_dagrun for latest_only_with_trigger to 2024-10-30 20:00:00+00:00, run_after=2024-10-31 00:00:00+00:00
[2024-10-31T00:04:53.946-0300] {processor.py:208} INFO - Processing /home/nico/.local/lib/python3.10/site-packages/airflow/example_dags/example_latest_only_with_trigger.py took 0.367 seconds
[2024-10-31T00:06:30.871-0300] {processor.py:186} INFO - Started process (PID=103723) to work on /home/nico/.local/lib/python3.10/site-packages/airflow/example_dags/example_latest_only_with_trigger.py
[2024-10-31T00:06:30.875-0300] {processor.py:914} INFO - Processing file /home/nico/.local/lib/python3.10/site-packages/airflow/example_dags/example_latest_only_with_trigger.py for tasks to queue
[2024-10-31T00:06:30.882-0300] {logging_mixin.py:190} INFO - [2024-10-31T00:06:30.881-0300] {dagbag.py:588} INFO - Filling up the DagBag from /home/nico/.local/lib/python3.10/site-packages/airflow/example_dags/example_latest_only_with_trigger.py
[2024-10-31T00:06:30.935-0300] {processor.py:925} INFO - DAG(s) 'latest_only_with_trigger' retrieved from /home/nico/.local/lib/python3.10/site-packages/airflow/example_dags/example_latest_only_with_trigger.py
[2024-10-31T00:06:31.039-0300] {logging_mixin.py:190} INFO - [2024-10-31T00:06:31.039-0300] {dag.py:3239} INFO - Sync 1 DAGs
[2024-10-31T00:06:31.183-0300] {logging_mixin.py:190} INFO - [2024-10-31T00:06:31.182-0300] {dag.py:4180} INFO - Setting next_dagrun for latest_only_with_trigger to 2024-10-30 20:00:00+00:00, run_after=2024-10-31 00:00:00+00:00
[2024-10-31T00:06:31.408-0300] {processor.py:208} INFO - Processing /home/nico/.local/lib/python3.10/site-packages/airflow/example_dags/example_latest_only_with_trigger.py took 0.577 seconds
[2024-10-31T00:07:50.755-0300] {processor.py:186} INFO - Started process (PID=104070) to work on /home/nico/.local/lib/python3.10/site-packages/airflow/example_dags/example_latest_only_with_trigger.py
[2024-10-31T00:07:50.757-0300] {processor.py:914} INFO - Processing file /home/nico/.local/lib/python3.10/site-packages/airflow/example_dags/example_latest_only_with_trigger.py for tasks to queue
[2024-10-31T00:07:50.761-0300] {logging_mixin.py:190} INFO - [2024-10-31T00:07:50.760-0300] {dagbag.py:588} INFO - Filling up the DagBag from /home/nico/.local/lib/python3.10/site-packages/airflow/example_dags/example_latest_only_with_trigger.py
[2024-10-31T00:07:50.778-0300] {processor.py:925} INFO - DAG(s) 'latest_only_with_trigger' retrieved from /home/nico/.local/lib/python3.10/site-packages/airflow/example_dags/example_latest_only_with_trigger.py
[2024-10-31T00:07:50.836-0300] {logging_mixin.py:190} INFO - [2024-10-31T00:07:50.836-0300] {dag.py:3239} INFO - Sync 1 DAGs
[2024-10-31T00:07:50.914-0300] {logging_mixin.py:190} INFO - [2024-10-31T00:07:50.913-0300] {dag.py:4180} INFO - Setting next_dagrun for latest_only_with_trigger to 2024-10-30 20:00:00+00:00, run_after=2024-10-31 00:00:00+00:00
[2024-10-31T00:07:51.068-0300] {processor.py:208} INFO - Processing /home/nico/.local/lib/python3.10/site-packages/airflow/example_dags/example_latest_only_with_trigger.py took 0.330 seconds
[2024-10-31T00:09:05.083-0300] {processor.py:186} INFO - Started process (PID=104400) to work on /home/nico/.local/lib/python3.10/site-packages/airflow/example_dags/example_latest_only_with_trigger.py
[2024-10-31T00:09:05.086-0300] {processor.py:914} INFO - Processing file /home/nico/.local/lib/python3.10/site-packages/airflow/example_dags/example_latest_only_with_trigger.py for tasks to queue
[2024-10-31T00:09:05.091-0300] {logging_mixin.py:190} INFO - [2024-10-31T00:09:05.089-0300] {dagbag.py:588} INFO - Filling up the DagBag from /home/nico/.local/lib/python3.10/site-packages/airflow/example_dags/example_latest_only_with_trigger.py
[2024-10-31T00:09:05.120-0300] {processor.py:925} INFO - DAG(s) 'latest_only_with_trigger' retrieved from /home/nico/.local/lib/python3.10/site-packages/airflow/example_dags/example_latest_only_with_trigger.py
[2024-10-31T00:09:05.197-0300] {logging_mixin.py:190} INFO - [2024-10-31T00:09:05.196-0300] {dag.py:3239} INFO - Sync 1 DAGs
[2024-10-31T00:09:05.255-0300] {logging_mixin.py:190} INFO - [2024-10-31T00:09:05.254-0300] {dag.py:4180} INFO - Setting next_dagrun for latest_only_with_trigger to 2024-10-30 20:00:00+00:00, run_after=2024-10-31 00:00:00+00:00
[2024-10-31T00:09:05.411-0300] {processor.py:208} INFO - Processing /home/nico/.local/lib/python3.10/site-packages/airflow/example_dags/example_latest_only_with_trigger.py took 0.356 seconds
[2024-10-31T00:10:31.574-0300] {processor.py:186} INFO - Started process (PID=104737) to work on /home/nico/.local/lib/python3.10/site-packages/airflow/example_dags/example_latest_only_with_trigger.py
[2024-10-31T00:10:31.578-0300] {processor.py:914} INFO - Processing file /home/nico/.local/lib/python3.10/site-packages/airflow/example_dags/example_latest_only_with_trigger.py for tasks to queue
[2024-10-31T00:10:31.584-0300] {logging_mixin.py:190} INFO - [2024-10-31T00:10:31.582-0300] {dagbag.py:588} INFO - Filling up the DagBag from /home/nico/.local/lib/python3.10/site-packages/airflow/example_dags/example_latest_only_with_trigger.py
[2024-10-31T00:10:31.615-0300] {processor.py:925} INFO - DAG(s) 'latest_only_with_trigger' retrieved from /home/nico/.local/lib/python3.10/site-packages/airflow/example_dags/example_latest_only_with_trigger.py
[2024-10-31T00:10:31.687-0300] {logging_mixin.py:190} INFO - [2024-10-31T00:10:31.687-0300] {dag.py:3239} INFO - Sync 1 DAGs
[2024-10-31T00:10:31.747-0300] {logging_mixin.py:190} INFO - [2024-10-31T00:10:31.747-0300] {dag.py:4180} INFO - Setting next_dagrun for latest_only_with_trigger to 2024-10-30 20:00:00+00:00, run_after=2024-10-31 00:00:00+00:00
[2024-10-31T00:10:31.875-0300] {processor.py:208} INFO - Processing /home/nico/.local/lib/python3.10/site-packages/airflow/example_dags/example_latest_only_with_trigger.py took 0.326 seconds
[2024-10-31T00:11:53.577-0300] {processor.py:186} INFO - Started process (PID=105096) to work on /home/nico/.local/lib/python3.10/site-packages/airflow/example_dags/example_latest_only_with_trigger.py
[2024-10-31T00:11:53.580-0300] {processor.py:914} INFO - Processing file /home/nico/.local/lib/python3.10/site-packages/airflow/example_dags/example_latest_only_with_trigger.py for tasks to queue
[2024-10-31T00:11:53.583-0300] {logging_mixin.py:190} INFO - [2024-10-31T00:11:53.582-0300] {dagbag.py:588} INFO - Filling up the DagBag from /home/nico/.local/lib/python3.10/site-packages/airflow/example_dags/example_latest_only_with_trigger.py
[2024-10-31T00:11:53.597-0300] {processor.py:925} INFO - DAG(s) 'latest_only_with_trigger' retrieved from /home/nico/.local/lib/python3.10/site-packages/airflow/example_dags/example_latest_only_with_trigger.py
[2024-10-31T00:11:53.650-0300] {logging_mixin.py:190} INFO - [2024-10-31T00:11:53.650-0300] {dag.py:3239} INFO - Sync 1 DAGs
[2024-10-31T00:11:53.703-0300] {logging_mixin.py:190} INFO - [2024-10-31T00:11:53.703-0300] {dag.py:4180} INFO - Setting next_dagrun for latest_only_with_trigger to 2024-10-30 20:00:00+00:00, run_after=2024-10-31 00:00:00+00:00
[2024-10-31T00:11:53.813-0300] {processor.py:208} INFO - Processing /home/nico/.local/lib/python3.10/site-packages/airflow/example_dags/example_latest_only_with_trigger.py took 0.251 seconds
[2024-10-31T00:13:00.746-0300] {processor.py:186} INFO - Started process (PID=105394) to work on /home/nico/.local/lib/python3.10/site-packages/airflow/example_dags/example_latest_only_with_trigger.py
[2024-10-31T00:13:00.752-0300] {processor.py:914} INFO - Processing file /home/nico/.local/lib/python3.10/site-packages/airflow/example_dags/example_latest_only_with_trigger.py for tasks to queue
[2024-10-31T00:13:00.756-0300] {logging_mixin.py:190} INFO - [2024-10-31T00:13:00.755-0300] {dagbag.py:588} INFO - Filling up the DagBag from /home/nico/.local/lib/python3.10/site-packages/airflow/example_dags/example_latest_only_with_trigger.py
[2024-10-31T00:13:00.774-0300] {processor.py:925} INFO - DAG(s) 'latest_only_with_trigger' retrieved from /home/nico/.local/lib/python3.10/site-packages/airflow/example_dags/example_latest_only_with_trigger.py
[2024-10-31T00:13:00.821-0300] {logging_mixin.py:190} INFO - [2024-10-31T00:13:00.820-0300] {dag.py:3239} INFO - Sync 1 DAGs
[2024-10-31T00:13:00.876-0300] {logging_mixin.py:190} INFO - [2024-10-31T00:13:00.875-0300] {dag.py:4180} INFO - Setting next_dagrun for latest_only_with_trigger to 2024-10-30 20:00:00+00:00, run_after=2024-10-31 00:00:00+00:00
[2024-10-31T00:13:01.007-0300] {processor.py:208} INFO - Processing /home/nico/.local/lib/python3.10/site-packages/airflow/example_dags/example_latest_only_with_trigger.py took 0.279 seconds
[2024-10-31T00:14:05.488-0300] {processor.py:186} INFO - Started process (PID=105680) to work on /home/nico/.local/lib/python3.10/site-packages/airflow/example_dags/example_latest_only_with_trigger.py
[2024-10-31T00:14:05.491-0300] {processor.py:914} INFO - Processing file /home/nico/.local/lib/python3.10/site-packages/airflow/example_dags/example_latest_only_with_trigger.py for tasks to queue
[2024-10-31T00:14:05.496-0300] {logging_mixin.py:190} INFO - [2024-10-31T00:14:05.494-0300] {dagbag.py:588} INFO - Filling up the DagBag from /home/nico/.local/lib/python3.10/site-packages/airflow/example_dags/example_latest_only_with_trigger.py
[2024-10-31T00:14:05.512-0300] {processor.py:925} INFO - DAG(s) 'latest_only_with_trigger' retrieved from /home/nico/.local/lib/python3.10/site-packages/airflow/example_dags/example_latest_only_with_trigger.py
[2024-10-31T00:14:05.568-0300] {logging_mixin.py:190} INFO - [2024-10-31T00:14:05.567-0300] {dag.py:3239} INFO - Sync 1 DAGs
[2024-10-31T00:14:05.631-0300] {logging_mixin.py:190} INFO - [2024-10-31T00:14:05.631-0300] {dag.py:4180} INFO - Setting next_dagrun for latest_only_with_trigger to 2024-10-30 20:00:00+00:00, run_after=2024-10-31 00:00:00+00:00
[2024-10-31T00:14:05.752-0300] {processor.py:208} INFO - Processing /home/nico/.local/lib/python3.10/site-packages/airflow/example_dags/example_latest_only_with_trigger.py took 0.282 seconds
[2024-10-31T00:15:09.895-0300] {processor.py:186} INFO - Started process (PID=105966) to work on /home/nico/.local/lib/python3.10/site-packages/airflow/example_dags/example_latest_only_with_trigger.py
[2024-10-31T00:15:09.898-0300] {processor.py:914} INFO - Processing file /home/nico/.local/lib/python3.10/site-packages/airflow/example_dags/example_latest_only_with_trigger.py for tasks to queue
[2024-10-31T00:15:09.902-0300] {logging_mixin.py:190} INFO - [2024-10-31T00:15:09.901-0300] {dagbag.py:588} INFO - Filling up the DagBag from /home/nico/.local/lib/python3.10/site-packages/airflow/example_dags/example_latest_only_with_trigger.py
[2024-10-31T00:15:09.918-0300] {processor.py:925} INFO - DAG(s) 'latest_only_with_trigger' retrieved from /home/nico/.local/lib/python3.10/site-packages/airflow/example_dags/example_latest_only_with_trigger.py
[2024-10-31T00:15:09.977-0300] {logging_mixin.py:190} INFO - [2024-10-31T00:15:09.976-0300] {dag.py:3239} INFO - Sync 1 DAGs
[2024-10-31T00:15:10.030-0300] {logging_mixin.py:190} INFO - [2024-10-31T00:15:10.029-0300] {dag.py:4180} INFO - Setting next_dagrun for latest_only_with_trigger to 2024-10-30 20:00:00+00:00, run_after=2024-10-31 00:00:00+00:00
[2024-10-31T00:15:10.194-0300] {processor.py:208} INFO - Processing /home/nico/.local/lib/python3.10/site-packages/airflow/example_dags/example_latest_only_with_trigger.py took 0.316 seconds
[2024-10-31T00:16:12.107-0300] {processor.py:186} INFO - Started process (PID=106243) to work on /home/nico/.local/lib/python3.10/site-packages/airflow/example_dags/example_latest_only_with_trigger.py
[2024-10-31T00:16:12.110-0300] {processor.py:914} INFO - Processing file /home/nico/.local/lib/python3.10/site-packages/airflow/example_dags/example_latest_only_with_trigger.py for tasks to queue
[2024-10-31T00:16:12.113-0300] {logging_mixin.py:190} INFO - [2024-10-31T00:16:12.112-0300] {dagbag.py:588} INFO - Filling up the DagBag from /home/nico/.local/lib/python3.10/site-packages/airflow/example_dags/example_latest_only_with_trigger.py
[2024-10-31T00:16:12.129-0300] {processor.py:925} INFO - DAG(s) 'latest_only_with_trigger' retrieved from /home/nico/.local/lib/python3.10/site-packages/airflow/example_dags/example_latest_only_with_trigger.py
[2024-10-31T00:16:12.189-0300] {logging_mixin.py:190} INFO - [2024-10-31T00:16:12.188-0300] {dag.py:3239} INFO - Sync 1 DAGs
[2024-10-31T00:16:12.252-0300] {logging_mixin.py:190} INFO - [2024-10-31T00:16:12.252-0300] {dag.py:4180} INFO - Setting next_dagrun for latest_only_with_trigger to 2024-10-30 20:00:00+00:00, run_after=2024-10-31 00:00:00+00:00
[2024-10-31T00:16:12.380-0300] {processor.py:208} INFO - Processing /home/nico/.local/lib/python3.10/site-packages/airflow/example_dags/example_latest_only_with_trigger.py took 0.287 seconds
[2024-10-31T00:17:12.643-0300] {processor.py:186} INFO - Started process (PID=106516) to work on /home/nico/.local/lib/python3.10/site-packages/airflow/example_dags/example_latest_only_with_trigger.py
[2024-10-31T00:17:12.647-0300] {processor.py:914} INFO - Processing file /home/nico/.local/lib/python3.10/site-packages/airflow/example_dags/example_latest_only_with_trigger.py for tasks to queue
[2024-10-31T00:17:12.654-0300] {logging_mixin.py:190} INFO - [2024-10-31T00:17:12.652-0300] {dagbag.py:588} INFO - Filling up the DagBag from /home/nico/.local/lib/python3.10/site-packages/airflow/example_dags/example_latest_only_with_trigger.py
[2024-10-31T00:17:12.694-0300] {processor.py:925} INFO - DAG(s) 'latest_only_with_trigger' retrieved from /home/nico/.local/lib/python3.10/site-packages/airflow/example_dags/example_latest_only_with_trigger.py
[2024-10-31T00:17:12.767-0300] {logging_mixin.py:190} INFO - [2024-10-31T00:17:12.767-0300] {dag.py:3239} INFO - Sync 1 DAGs
[2024-10-31T00:17:12.868-0300] {logging_mixin.py:190} INFO - [2024-10-31T00:17:12.868-0300] {dag.py:4180} INFO - Setting next_dagrun for latest_only_with_trigger to 2024-10-30 20:00:00+00:00, run_after=2024-10-31 00:00:00+00:00
[2024-10-31T00:17:13.001-0300] {processor.py:208} INFO - Processing /home/nico/.local/lib/python3.10/site-packages/airflow/example_dags/example_latest_only_with_trigger.py took 0.388 seconds
[2024-10-31T00:18:19.258-0300] {processor.py:186} INFO - Started process (PID=106810) to work on /home/nico/.local/lib/python3.10/site-packages/airflow/example_dags/example_latest_only_with_trigger.py
[2024-10-31T00:18:19.261-0300] {processor.py:914} INFO - Processing file /home/nico/.local/lib/python3.10/site-packages/airflow/example_dags/example_latest_only_with_trigger.py for tasks to queue
[2024-10-31T00:18:19.264-0300] {logging_mixin.py:190} INFO - [2024-10-31T00:18:19.263-0300] {dagbag.py:588} INFO - Filling up the DagBag from /home/nico/.local/lib/python3.10/site-packages/airflow/example_dags/example_latest_only_with_trigger.py
[2024-10-31T00:18:19.280-0300] {processor.py:925} INFO - DAG(s) 'latest_only_with_trigger' retrieved from /home/nico/.local/lib/python3.10/site-packages/airflow/example_dags/example_latest_only_with_trigger.py
[2024-10-31T00:18:19.343-0300] {logging_mixin.py:190} INFO - [2024-10-31T00:18:19.343-0300] {dag.py:3239} INFO - Sync 1 DAGs
[2024-10-31T00:18:19.407-0300] {logging_mixin.py:190} INFO - [2024-10-31T00:18:19.407-0300] {dag.py:4180} INFO - Setting next_dagrun for latest_only_with_trigger to 2024-10-30 20:00:00+00:00, run_after=2024-10-31 00:00:00+00:00
[2024-10-31T00:18:19.551-0300] {processor.py:208} INFO - Processing /home/nico/.local/lib/python3.10/site-packages/airflow/example_dags/example_latest_only_with_trigger.py took 0.307 seconds
