[2024-10-30T21:00:59.773-0300] {processor.py:186} INFO - Started process (PID=99752) to work on /home/nico/.local/lib/python3.10/site-packages/airflow/example_dags/example_python_operator.py
[2024-10-30T21:00:59.777-0300] {processor.py:914} INFO - Processing file /home/nico/.local/lib/python3.10/site-packages/airflow/example_dags/example_python_operator.py for tasks to queue
[2024-10-30T21:00:59.791-0300] {logging_mixin.py:190} INFO - [2024-10-30T21:00:59.789-0300] {dagbag.py:588} INFO - Filling up the DagBag from /home/nico/.local/lib/python3.10/site-packages/airflow/example_dags/example_python_operator.py
[2024-10-30T21:00:59.832-0300] {processor.py:925} INFO - DAG(s) 'example_python_operator' retrieved from /home/nico/.local/lib/python3.10/site-packages/airflow/example_dags/example_python_operator.py
[2024-10-30T21:00:59.909-0300] {logging_mixin.py:190} INFO - [2024-10-30T21:00:59.908-0300] {dag.py:3239} INFO - Sync 1 DAGs
[2024-10-30T21:00:59.954-0300] {logging_mixin.py:190} INFO - [2024-10-30T21:00:59.953-0300] {dag.py:4180} INFO - Setting next_dagrun for example_python_operator to None, run_after=None
[2024-10-30T21:01:00.125-0300] {processor.py:208} INFO - Processing /home/nico/.local/lib/python3.10/site-packages/airflow/example_dags/example_python_operator.py took 0.401 seconds
[2024-10-30T21:03:01.638-0300] {processor.py:186} INFO - Started process (PID=100297) to work on /home/nico/.local/lib/python3.10/site-packages/airflow/example_dags/example_python_operator.py
[2024-10-30T21:03:01.642-0300] {processor.py:914} INFO - Processing file /home/nico/.local/lib/python3.10/site-packages/airflow/example_dags/example_python_operator.py for tasks to queue
[2024-10-30T21:03:01.647-0300] {logging_mixin.py:190} INFO - [2024-10-30T21:03:01.646-0300] {dagbag.py:588} INFO - Filling up the DagBag from /home/nico/.local/lib/python3.10/site-packages/airflow/example_dags/example_python_operator.py
[2024-10-30T21:03:01.686-0300] {processor.py:925} INFO - DAG(s) 'example_python_operator' retrieved from /home/nico/.local/lib/python3.10/site-packages/airflow/example_dags/example_python_operator.py
[2024-10-30T21:03:01.785-0300] {logging_mixin.py:190} INFO - [2024-10-30T21:03:01.785-0300] {dag.py:3239} INFO - Sync 1 DAGs
[2024-10-30T21:03:01.831-0300] {logging_mixin.py:190} INFO - [2024-10-30T21:03:01.830-0300] {dag.py:4180} INFO - Setting next_dagrun for example_python_operator to None, run_after=None
[2024-10-30T21:03:01.985-0300] {processor.py:208} INFO - Processing /home/nico/.local/lib/python3.10/site-packages/airflow/example_dags/example_python_operator.py took 0.369 seconds
[2024-10-30T21:04:23.256-0300] {processor.py:186} INFO - Started process (PID=100659) to work on /home/nico/.local/lib/python3.10/site-packages/airflow/example_dags/example_python_operator.py
[2024-10-30T21:04:23.259-0300] {processor.py:914} INFO - Processing file /home/nico/.local/lib/python3.10/site-packages/airflow/example_dags/example_python_operator.py for tasks to queue
[2024-10-30T21:04:23.262-0300] {logging_mixin.py:190} INFO - [2024-10-30T21:04:23.261-0300] {dagbag.py:588} INFO - Filling up the DagBag from /home/nico/.local/lib/python3.10/site-packages/airflow/example_dags/example_python_operator.py
[2024-10-30T21:04:23.284-0300] {processor.py:925} INFO - DAG(s) 'example_python_operator' retrieved from /home/nico/.local/lib/python3.10/site-packages/airflow/example_dags/example_python_operator.py
[2024-10-30T21:04:23.338-0300] {logging_mixin.py:190} INFO - [2024-10-30T21:04:23.338-0300] {dag.py:3239} INFO - Sync 1 DAGs
[2024-10-30T21:04:23.374-0300] {logging_mixin.py:190} INFO - [2024-10-30T21:04:23.373-0300] {dag.py:4180} INFO - Setting next_dagrun for example_python_operator to None, run_after=None
[2024-10-30T21:04:23.507-0300] {processor.py:208} INFO - Processing /home/nico/.local/lib/python3.10/site-packages/airflow/example_dags/example_python_operator.py took 0.269 seconds
[2024-10-30T21:06:56.780-0300] {processor.py:186} INFO - Started process (PID=101329) to work on /home/nico/.local/lib/python3.10/site-packages/airflow/example_dags/example_python_operator.py
[2024-10-30T21:06:56.784-0300] {processor.py:914} INFO - Processing file /home/nico/.local/lib/python3.10/site-packages/airflow/example_dags/example_python_operator.py for tasks to queue
[2024-10-30T21:06:56.790-0300] {logging_mixin.py:190} INFO - [2024-10-30T21:06:56.788-0300] {dagbag.py:588} INFO - Filling up the DagBag from /home/nico/.local/lib/python3.10/site-packages/airflow/example_dags/example_python_operator.py
[2024-10-30T21:06:56.821-0300] {processor.py:925} INFO - DAG(s) 'example_python_operator' retrieved from /home/nico/.local/lib/python3.10/site-packages/airflow/example_dags/example_python_operator.py
[2024-10-30T21:06:56.894-0300] {logging_mixin.py:190} INFO - [2024-10-30T21:06:56.894-0300] {dag.py:3239} INFO - Sync 1 DAGs
[2024-10-30T21:06:56.939-0300] {logging_mixin.py:190} INFO - [2024-10-30T21:06:56.938-0300] {dag.py:4180} INFO - Setting next_dagrun for example_python_operator to None, run_after=None
[2024-10-30T21:06:57.071-0300] {processor.py:208} INFO - Processing /home/nico/.local/lib/python3.10/site-packages/airflow/example_dags/example_python_operator.py took 0.310 seconds
[2024-10-30T23:59:46.238-0300] {processor.py:186} INFO - Started process (PID=101961) to work on /home/nico/.local/lib/python3.10/site-packages/airflow/example_dags/example_python_operator.py
[2024-10-30T23:59:46.242-0300] {processor.py:914} INFO - Processing file /home/nico/.local/lib/python3.10/site-packages/airflow/example_dags/example_python_operator.py for tasks to queue
[2024-10-30T23:59:46.247-0300] {logging_mixin.py:190} INFO - [2024-10-30T23:59:46.246-0300] {dagbag.py:588} INFO - Filling up the DagBag from /home/nico/.local/lib/python3.10/site-packages/airflow/example_dags/example_python_operator.py
[2024-10-30T23:59:46.287-0300] {processor.py:925} INFO - DAG(s) 'example_python_operator' retrieved from /home/nico/.local/lib/python3.10/site-packages/airflow/example_dags/example_python_operator.py
[2024-10-30T23:59:46.353-0300] {logging_mixin.py:190} INFO - [2024-10-30T23:59:46.352-0300] {dag.py:3239} INFO - Sync 1 DAGs
[2024-10-30T23:59:46.386-0300] {logging_mixin.py:190} INFO - [2024-10-30T23:59:46.386-0300] {dag.py:4180} INFO - Setting next_dagrun for example_python_operator to None, run_after=None
[2024-10-30T23:59:46.520-0300] {processor.py:208} INFO - Processing /home/nico/.local/lib/python3.10/site-packages/airflow/example_dags/example_python_operator.py took 0.301 seconds
[2024-10-31T00:01:12.863-0300] {processor.py:186} INFO - Started process (PID=102346) to work on /home/nico/.local/lib/python3.10/site-packages/airflow/example_dags/example_python_operator.py
[2024-10-31T00:01:12.865-0300] {processor.py:914} INFO - Processing file /home/nico/.local/lib/python3.10/site-packages/airflow/example_dags/example_python_operator.py for tasks to queue
[2024-10-31T00:01:12.869-0300] {logging_mixin.py:190} INFO - [2024-10-31T00:01:12.868-0300] {dagbag.py:588} INFO - Filling up the DagBag from /home/nico/.local/lib/python3.10/site-packages/airflow/example_dags/example_python_operator.py
[2024-10-31T00:01:12.905-0300] {processor.py:925} INFO - DAG(s) 'example_python_operator' retrieved from /home/nico/.local/lib/python3.10/site-packages/airflow/example_dags/example_python_operator.py
[2024-10-31T00:01:12.964-0300] {logging_mixin.py:190} INFO - [2024-10-31T00:01:12.963-0300] {dag.py:3239} INFO - Sync 1 DAGs
[2024-10-31T00:01:13.005-0300] {logging_mixin.py:190} INFO - [2024-10-31T00:01:13.004-0300] {dag.py:4180} INFO - Setting next_dagrun for example_python_operator to None, run_after=None
[2024-10-31T00:01:13.132-0300] {processor.py:208} INFO - Processing /home/nico/.local/lib/python3.10/site-packages/airflow/example_dags/example_python_operator.py took 0.292 seconds
[2024-10-31T00:03:50.945-0300] {processor.py:186} INFO - Started process (PID=103035) to work on /home/nico/.local/lib/python3.10/site-packages/airflow/example_dags/example_python_operator.py
[2024-10-31T00:03:50.948-0300] {processor.py:914} INFO - Processing file /home/nico/.local/lib/python3.10/site-packages/airflow/example_dags/example_python_operator.py for tasks to queue
[2024-10-31T00:03:50.951-0300] {logging_mixin.py:190} INFO - [2024-10-31T00:03:50.950-0300] {dagbag.py:588} INFO - Filling up the DagBag from /home/nico/.local/lib/python3.10/site-packages/airflow/example_dags/example_python_operator.py
[2024-10-31T00:03:50.983-0300] {processor.py:925} INFO - DAG(s) 'example_python_operator' retrieved from /home/nico/.local/lib/python3.10/site-packages/airflow/example_dags/example_python_operator.py
[2024-10-31T00:03:51.044-0300] {logging_mixin.py:190} INFO - [2024-10-31T00:03:51.044-0300] {dag.py:3239} INFO - Sync 1 DAGs
[2024-10-31T00:03:51.080-0300] {logging_mixin.py:190} INFO - [2024-10-31T00:03:51.079-0300] {dag.py:4180} INFO - Setting next_dagrun for example_python_operator to None, run_after=None
[2024-10-31T00:03:51.239-0300] {processor.py:208} INFO - Processing /home/nico/.local/lib/python3.10/site-packages/airflow/example_dags/example_python_operator.py took 0.312 seconds
[2024-10-31T00:05:17.305-0300] {processor.py:186} INFO - Started process (PID=103409) to work on /home/nico/.local/lib/python3.10/site-packages/airflow/example_dags/example_python_operator.py
[2024-10-31T00:05:17.312-0300] {processor.py:914} INFO - Processing file /home/nico/.local/lib/python3.10/site-packages/airflow/example_dags/example_python_operator.py for tasks to queue
[2024-10-31T00:05:17.319-0300] {logging_mixin.py:190} INFO - [2024-10-31T00:05:17.318-0300] {dagbag.py:588} INFO - Filling up the DagBag from /home/nico/.local/lib/python3.10/site-packages/airflow/example_dags/example_python_operator.py
[2024-10-31T00:05:17.368-0300] {processor.py:925} INFO - DAG(s) 'example_python_operator' retrieved from /home/nico/.local/lib/python3.10/site-packages/airflow/example_dags/example_python_operator.py
[2024-10-31T00:05:17.476-0300] {logging_mixin.py:190} INFO - [2024-10-31T00:05:17.475-0300] {dag.py:3239} INFO - Sync 1 DAGs
[2024-10-31T00:05:17.531-0300] {logging_mixin.py:190} INFO - [2024-10-31T00:05:17.530-0300] {dag.py:4180} INFO - Setting next_dagrun for example_python_operator to None, run_after=None
[2024-10-31T00:05:17.766-0300] {processor.py:208} INFO - Processing /home/nico/.local/lib/python3.10/site-packages/airflow/example_dags/example_python_operator.py took 0.483 seconds
[2024-10-31T00:06:54.142-0300] {processor.py:186} INFO - Started process (PID=103823) to work on /home/nico/.local/lib/python3.10/site-packages/airflow/example_dags/example_python_operator.py
[2024-10-31T00:06:54.145-0300] {processor.py:914} INFO - Processing file /home/nico/.local/lib/python3.10/site-packages/airflow/example_dags/example_python_operator.py for tasks to queue
[2024-10-31T00:06:54.151-0300] {logging_mixin.py:190} INFO - [2024-10-31T00:06:54.150-0300] {dagbag.py:588} INFO - Filling up the DagBag from /home/nico/.local/lib/python3.10/site-packages/airflow/example_dags/example_python_operator.py
[2024-10-31T00:06:54.216-0300] {processor.py:925} INFO - DAG(s) 'example_python_operator' retrieved from /home/nico/.local/lib/python3.10/site-packages/airflow/example_dags/example_python_operator.py
[2024-10-31T00:06:54.353-0300] {logging_mixin.py:190} INFO - [2024-10-31T00:06:54.352-0300] {dag.py:3239} INFO - Sync 1 DAGs
[2024-10-31T00:06:54.438-0300] {logging_mixin.py:190} INFO - [2024-10-31T00:06:54.438-0300] {dag.py:4180} INFO - Setting next_dagrun for example_python_operator to None, run_after=None
[2024-10-31T00:06:54.640-0300] {processor.py:208} INFO - Processing /home/nico/.local/lib/python3.10/site-packages/airflow/example_dags/example_python_operator.py took 0.565 seconds
[2024-10-31T00:08:09.787-0300] {processor.py:186} INFO - Started process (PID=104154) to work on /home/nico/.local/lib/python3.10/site-packages/airflow/example_dags/example_python_operator.py
[2024-10-31T00:08:09.789-0300] {processor.py:914} INFO - Processing file /home/nico/.local/lib/python3.10/site-packages/airflow/example_dags/example_python_operator.py for tasks to queue
[2024-10-31T00:08:09.796-0300] {logging_mixin.py:190} INFO - [2024-10-31T00:08:09.795-0300] {dagbag.py:588} INFO - Filling up the DagBag from /home/nico/.local/lib/python3.10/site-packages/airflow/example_dags/example_python_operator.py
[2024-10-31T00:08:09.828-0300] {processor.py:925} INFO - DAG(s) 'example_python_operator' retrieved from /home/nico/.local/lib/python3.10/site-packages/airflow/example_dags/example_python_operator.py
[2024-10-31T00:08:09.904-0300] {logging_mixin.py:190} INFO - [2024-10-31T00:08:09.903-0300] {dag.py:3239} INFO - Sync 1 DAGs
[2024-10-31T00:08:09.940-0300] {logging_mixin.py:190} INFO - [2024-10-31T00:08:09.939-0300] {dag.py:4180} INFO - Setting next_dagrun for example_python_operator to None, run_after=None
[2024-10-31T00:08:10.063-0300] {processor.py:208} INFO - Processing /home/nico/.local/lib/python3.10/site-packages/airflow/example_dags/example_python_operator.py took 0.296 seconds
[2024-10-31T00:09:23.596-0300] {processor.py:186} INFO - Started process (PID=104483) to work on /home/nico/.local/lib/python3.10/site-packages/airflow/example_dags/example_python_operator.py
[2024-10-31T00:09:23.599-0300] {processor.py:914} INFO - Processing file /home/nico/.local/lib/python3.10/site-packages/airflow/example_dags/example_python_operator.py for tasks to queue
[2024-10-31T00:09:23.602-0300] {logging_mixin.py:190} INFO - [2024-10-31T00:09:23.601-0300] {dagbag.py:588} INFO - Filling up the DagBag from /home/nico/.local/lib/python3.10/site-packages/airflow/example_dags/example_python_operator.py
[2024-10-31T00:09:23.630-0300] {processor.py:925} INFO - DAG(s) 'example_python_operator' retrieved from /home/nico/.local/lib/python3.10/site-packages/airflow/example_dags/example_python_operator.py
[2024-10-31T00:09:23.714-0300] {logging_mixin.py:190} INFO - [2024-10-31T00:09:23.713-0300] {dag.py:3239} INFO - Sync 1 DAGs
[2024-10-31T00:09:23.753-0300] {logging_mixin.py:190} INFO - [2024-10-31T00:09:23.752-0300] {dag.py:4180} INFO - Setting next_dagrun for example_python_operator to None, run_after=None
[2024-10-31T00:09:24.699-0300] {processor.py:208} INFO - Processing /home/nico/.local/lib/python3.10/site-packages/airflow/example_dags/example_python_operator.py took 1.119 seconds
[2024-10-31T00:10:52.674-0300] {processor.py:186} INFO - Started process (PID=104829) to work on /home/nico/.local/lib/python3.10/site-packages/airflow/example_dags/example_python_operator.py
[2024-10-31T00:10:52.677-0300] {processor.py:914} INFO - Processing file /home/nico/.local/lib/python3.10/site-packages/airflow/example_dags/example_python_operator.py for tasks to queue
[2024-10-31T00:10:52.680-0300] {logging_mixin.py:190} INFO - [2024-10-31T00:10:52.679-0300] {dagbag.py:588} INFO - Filling up the DagBag from /home/nico/.local/lib/python3.10/site-packages/airflow/example_dags/example_python_operator.py
[2024-10-31T00:10:52.709-0300] {processor.py:925} INFO - DAG(s) 'example_python_operator' retrieved from /home/nico/.local/lib/python3.10/site-packages/airflow/example_dags/example_python_operator.py
[2024-10-31T00:10:52.771-0300] {logging_mixin.py:190} INFO - [2024-10-31T00:10:52.771-0300] {dag.py:3239} INFO - Sync 1 DAGs
[2024-10-31T00:10:52.815-0300] {logging_mixin.py:190} INFO - [2024-10-31T00:10:52.814-0300] {dag.py:4180} INFO - Setting next_dagrun for example_python_operator to None, run_after=None
[2024-10-31T00:10:53.016-0300] {processor.py:208} INFO - Processing /home/nico/.local/lib/python3.10/site-packages/airflow/example_dags/example_python_operator.py took 0.362 seconds
[2024-10-31T00:12:12.319-0300] {processor.py:186} INFO - Started process (PID=105179) to work on /home/nico/.local/lib/python3.10/site-packages/airflow/example_dags/example_python_operator.py
[2024-10-31T00:12:12.322-0300] {processor.py:914} INFO - Processing file /home/nico/.local/lib/python3.10/site-packages/airflow/example_dags/example_python_operator.py for tasks to queue
[2024-10-31T00:12:12.325-0300] {logging_mixin.py:190} INFO - [2024-10-31T00:12:12.324-0300] {dagbag.py:588} INFO - Filling up the DagBag from /home/nico/.local/lib/python3.10/site-packages/airflow/example_dags/example_python_operator.py
[2024-10-31T00:12:12.349-0300] {processor.py:925} INFO - DAG(s) 'example_python_operator' retrieved from /home/nico/.local/lib/python3.10/site-packages/airflow/example_dags/example_python_operator.py
[2024-10-31T00:12:12.411-0300] {logging_mixin.py:190} INFO - [2024-10-31T00:12:12.410-0300] {dag.py:3239} INFO - Sync 1 DAGs
[2024-10-31T00:12:12.453-0300] {logging_mixin.py:190} INFO - [2024-10-31T00:12:12.452-0300] {dag.py:4180} INFO - Setting next_dagrun for example_python_operator to None, run_after=None
[2024-10-31T00:12:12.579-0300] {processor.py:208} INFO - Processing /home/nico/.local/lib/python3.10/site-packages/airflow/example_dags/example_python_operator.py took 0.278 seconds
[2024-10-31T00:14:21.575-0300] {processor.py:186} INFO - Started process (PID=105751) to work on /home/nico/.local/lib/python3.10/site-packages/airflow/example_dags/example_python_operator.py
[2024-10-31T00:14:21.578-0300] {processor.py:914} INFO - Processing file /home/nico/.local/lib/python3.10/site-packages/airflow/example_dags/example_python_operator.py for tasks to queue
[2024-10-31T00:14:21.581-0300] {logging_mixin.py:190} INFO - [2024-10-31T00:14:21.580-0300] {dagbag.py:588} INFO - Filling up the DagBag from /home/nico/.local/lib/python3.10/site-packages/airflow/example_dags/example_python_operator.py
[2024-10-31T00:14:21.614-0300] {processor.py:925} INFO - DAG(s) 'example_python_operator' retrieved from /home/nico/.local/lib/python3.10/site-packages/airflow/example_dags/example_python_operator.py
[2024-10-31T00:14:21.682-0300] {logging_mixin.py:190} INFO - [2024-10-31T00:14:21.681-0300] {dag.py:3239} INFO - Sync 1 DAGs
[2024-10-31T00:14:21.715-0300] {logging_mixin.py:190} INFO - [2024-10-31T00:14:21.714-0300] {dag.py:4180} INFO - Setting next_dagrun for example_python_operator to None, run_after=None
[2024-10-31T00:14:21.839-0300] {processor.py:208} INFO - Processing /home/nico/.local/lib/python3.10/site-packages/airflow/example_dags/example_python_operator.py took 0.281 seconds
[2024-10-31T00:16:25.268-0300] {processor.py:186} INFO - Started process (PID=106302) to work on /home/nico/.local/lib/python3.10/site-packages/airflow/example_dags/example_python_operator.py
[2024-10-31T00:16:25.281-0300] {processor.py:914} INFO - Processing file /home/nico/.local/lib/python3.10/site-packages/airflow/example_dags/example_python_operator.py for tasks to queue
[2024-10-31T00:16:25.287-0300] {logging_mixin.py:190} INFO - [2024-10-31T00:16:25.285-0300] {dagbag.py:588} INFO - Filling up the DagBag from /home/nico/.local/lib/python3.10/site-packages/airflow/example_dags/example_python_operator.py
[2024-10-31T00:16:25.338-0300] {processor.py:925} INFO - DAG(s) 'example_python_operator' retrieved from /home/nico/.local/lib/python3.10/site-packages/airflow/example_dags/example_python_operator.py
[2024-10-31T00:16:25.410-0300] {logging_mixin.py:190} INFO - [2024-10-31T00:16:25.409-0300] {dag.py:3239} INFO - Sync 1 DAGs
[2024-10-31T00:16:25.449-0300] {logging_mixin.py:190} INFO - [2024-10-31T00:16:25.448-0300] {dag.py:4180} INFO - Setting next_dagrun for example_python_operator to None, run_after=None
[2024-10-31T00:16:25.621-0300] {processor.py:208} INFO - Processing /home/nico/.local/lib/python3.10/site-packages/airflow/example_dags/example_python_operator.py took 0.382 seconds
[2024-10-31T00:18:35.859-0300] {processor.py:186} INFO - Started process (PID=106885) to work on /home/nico/.local/lib/python3.10/site-packages/airflow/example_dags/example_python_operator.py
[2024-10-31T00:18:35.862-0300] {processor.py:914} INFO - Processing file /home/nico/.local/lib/python3.10/site-packages/airflow/example_dags/example_python_operator.py for tasks to queue
[2024-10-31T00:18:35.865-0300] {logging_mixin.py:190} INFO - [2024-10-31T00:18:35.864-0300] {dagbag.py:588} INFO - Filling up the DagBag from /home/nico/.local/lib/python3.10/site-packages/airflow/example_dags/example_python_operator.py
[2024-10-31T00:18:35.891-0300] {processor.py:925} INFO - DAG(s) 'example_python_operator' retrieved from /home/nico/.local/lib/python3.10/site-packages/airflow/example_dags/example_python_operator.py
[2024-10-31T00:18:35.949-0300] {logging_mixin.py:190} INFO - [2024-10-31T00:18:35.948-0300] {dag.py:3239} INFO - Sync 1 DAGs
[2024-10-31T00:18:35.980-0300] {logging_mixin.py:190} INFO - [2024-10-31T00:18:35.980-0300] {dag.py:4180} INFO - Setting next_dagrun for example_python_operator to None, run_after=None
[2024-10-31T00:18:36.104-0300] {processor.py:208} INFO - Processing /home/nico/.local/lib/python3.10/site-packages/airflow/example_dags/example_python_operator.py took 0.260 seconds
