[2024-10-30T21:00:50.965-0300] {processor.py:186} INFO - Started process (PID=99712) to work on /home/nico/.local/lib/python3.10/site-packages/airflow/example_dags/example_setup_teardown_taskflow.py
[2024-10-30T21:00:50.968-0300] {processor.py:914} INFO - Processing file /home/nico/.local/lib/python3.10/site-packages/airflow/example_dags/example_setup_teardown_taskflow.py for tasks to queue
[2024-10-30T21:00:50.971-0300] {logging_mixin.py:190} INFO - [2024-10-30T21:00:50.971-0300] {dagbag.py:588} INFO - Filling up the DagBag from /home/nico/.local/lib/python3.10/site-packages/airflow/example_dags/example_setup_teardown_taskflow.py
[2024-10-30T21:00:50.997-0300] {processor.py:925} INFO - DAG(s) 'example_setup_teardown_taskflow' retrieved from /home/nico/.local/lib/python3.10/site-packages/airflow/example_dags/example_setup_teardown_taskflow.py
[2024-10-30T21:00:51.050-0300] {logging_mixin.py:190} INFO - [2024-10-30T21:00:51.050-0300] {dag.py:3239} INFO - Sync 1 DAGs
[2024-10-30T21:00:51.090-0300] {logging_mixin.py:190} INFO - [2024-10-30T21:00:51.089-0300] {dag.py:4180} INFO - Setting next_dagrun for example_setup_teardown_taskflow to None, run_after=None
[2024-10-30T21:00:51.206-0300] {processor.py:208} INFO - Processing /home/nico/.local/lib/python3.10/site-packages/airflow/example_dags/example_setup_teardown_taskflow.py took 0.261 seconds
[2024-10-30T21:02:53.234-0300] {processor.py:186} INFO - Started process (PID=100260) to work on /home/nico/.local/lib/python3.10/site-packages/airflow/example_dags/example_setup_teardown_taskflow.py
[2024-10-30T21:02:53.238-0300] {processor.py:914} INFO - Processing file /home/nico/.local/lib/python3.10/site-packages/airflow/example_dags/example_setup_teardown_taskflow.py for tasks to queue
[2024-10-30T21:02:53.244-0300] {logging_mixin.py:190} INFO - [2024-10-30T21:02:53.243-0300] {dagbag.py:588} INFO - Filling up the DagBag from /home/nico/.local/lib/python3.10/site-packages/airflow/example_dags/example_setup_teardown_taskflow.py
[2024-10-30T21:02:53.272-0300] {processor.py:925} INFO - DAG(s) 'example_setup_teardown_taskflow' retrieved from /home/nico/.local/lib/python3.10/site-packages/airflow/example_dags/example_setup_teardown_taskflow.py
[2024-10-30T21:02:53.383-0300] {logging_mixin.py:190} INFO - [2024-10-30T21:02:53.382-0300] {dag.py:3239} INFO - Sync 1 DAGs
[2024-10-30T21:02:53.477-0300] {logging_mixin.py:190} INFO - [2024-10-30T21:02:53.476-0300] {dag.py:4180} INFO - Setting next_dagrun for example_setup_teardown_taskflow to None, run_after=None
[2024-10-30T21:02:53.664-0300] {processor.py:208} INFO - Processing /home/nico/.local/lib/python3.10/site-packages/airflow/example_dags/example_setup_teardown_taskflow.py took 0.455 seconds
[2024-10-30T21:04:14.215-0300] {processor.py:186} INFO - Started process (PID=100620) to work on /home/nico/.local/lib/python3.10/site-packages/airflow/example_dags/example_setup_teardown_taskflow.py
[2024-10-30T21:04:14.218-0300] {processor.py:914} INFO - Processing file /home/nico/.local/lib/python3.10/site-packages/airflow/example_dags/example_setup_teardown_taskflow.py for tasks to queue
[2024-10-30T21:04:14.224-0300] {logging_mixin.py:190} INFO - [2024-10-30T21:04:14.223-0300] {dagbag.py:588} INFO - Filling up the DagBag from /home/nico/.local/lib/python3.10/site-packages/airflow/example_dags/example_setup_teardown_taskflow.py
[2024-10-30T21:04:14.256-0300] {processor.py:925} INFO - DAG(s) 'example_setup_teardown_taskflow' retrieved from /home/nico/.local/lib/python3.10/site-packages/airflow/example_dags/example_setup_teardown_taskflow.py
[2024-10-30T21:04:14.325-0300] {logging_mixin.py:190} INFO - [2024-10-30T21:04:14.325-0300] {dag.py:3239} INFO - Sync 1 DAGs
[2024-10-30T21:04:14.364-0300] {logging_mixin.py:190} INFO - [2024-10-30T21:04:14.363-0300] {dag.py:4180} INFO - Setting next_dagrun for example_setup_teardown_taskflow to None, run_after=None
[2024-10-30T21:04:14.659-0300] {processor.py:208} INFO - Processing /home/nico/.local/lib/python3.10/site-packages/airflow/example_dags/example_setup_teardown_taskflow.py took 0.464 seconds
[2024-10-30T21:05:26.297-0300] {processor.py:186} INFO - Started process (PID=100935) to work on /home/nico/.local/lib/python3.10/site-packages/airflow/example_dags/example_setup_teardown_taskflow.py
[2024-10-30T21:05:26.300-0300] {processor.py:914} INFO - Processing file /home/nico/.local/lib/python3.10/site-packages/airflow/example_dags/example_setup_teardown_taskflow.py for tasks to queue
[2024-10-30T21:05:26.304-0300] {logging_mixin.py:190} INFO - [2024-10-30T21:05:26.303-0300] {dagbag.py:588} INFO - Filling up the DagBag from /home/nico/.local/lib/python3.10/site-packages/airflow/example_dags/example_setup_teardown_taskflow.py
[2024-10-30T21:05:26.329-0300] {processor.py:925} INFO - DAG(s) 'example_setup_teardown_taskflow' retrieved from /home/nico/.local/lib/python3.10/site-packages/airflow/example_dags/example_setup_teardown_taskflow.py
[2024-10-30T21:05:26.402-0300] {logging_mixin.py:190} INFO - [2024-10-30T21:05:26.401-0300] {dag.py:3239} INFO - Sync 1 DAGs
[2024-10-30T21:05:26.435-0300] {logging_mixin.py:190} INFO - [2024-10-30T21:05:26.434-0300] {dag.py:4180} INFO - Setting next_dagrun for example_setup_teardown_taskflow to None, run_after=None
[2024-10-30T21:05:26.564-0300] {processor.py:208} INFO - Processing /home/nico/.local/lib/python3.10/site-packages/airflow/example_dags/example_setup_teardown_taskflow.py took 0.287 seconds
[2024-10-30T21:06:47.532-0300] {processor.py:186} INFO - Started process (PID=101289) to work on /home/nico/.local/lib/python3.10/site-packages/airflow/example_dags/example_setup_teardown_taskflow.py
[2024-10-30T21:06:47.535-0300] {processor.py:914} INFO - Processing file /home/nico/.local/lib/python3.10/site-packages/airflow/example_dags/example_setup_teardown_taskflow.py for tasks to queue
[2024-10-30T21:06:47.540-0300] {logging_mixin.py:190} INFO - [2024-10-30T21:06:47.539-0300] {dagbag.py:588} INFO - Filling up the DagBag from /home/nico/.local/lib/python3.10/site-packages/airflow/example_dags/example_setup_teardown_taskflow.py
[2024-10-30T21:06:47.572-0300] {processor.py:925} INFO - DAG(s) 'example_setup_teardown_taskflow' retrieved from /home/nico/.local/lib/python3.10/site-packages/airflow/example_dags/example_setup_teardown_taskflow.py
[2024-10-30T21:06:47.636-0300] {logging_mixin.py:190} INFO - [2024-10-30T21:06:47.635-0300] {dag.py:3239} INFO - Sync 1 DAGs
[2024-10-30T21:06:47.686-0300] {logging_mixin.py:190} INFO - [2024-10-30T21:06:47.685-0300] {dag.py:4180} INFO - Setting next_dagrun for example_setup_teardown_taskflow to None, run_after=None
[2024-10-30T21:06:47.803-0300] {processor.py:208} INFO - Processing /home/nico/.local/lib/python3.10/site-packages/airflow/example_dags/example_setup_teardown_taskflow.py took 0.285 seconds
[2024-10-30T23:59:39.322-0300] {processor.py:186} INFO - Started process (PID=101930) to work on /home/nico/.local/lib/python3.10/site-packages/airflow/example_dags/example_setup_teardown_taskflow.py
[2024-10-30T23:59:39.325-0300] {processor.py:914} INFO - Processing file /home/nico/.local/lib/python3.10/site-packages/airflow/example_dags/example_setup_teardown_taskflow.py for tasks to queue
[2024-10-30T23:59:39.330-0300] {logging_mixin.py:190} INFO - [2024-10-30T23:59:39.329-0300] {dagbag.py:588} INFO - Filling up the DagBag from /home/nico/.local/lib/python3.10/site-packages/airflow/example_dags/example_setup_teardown_taskflow.py
[2024-10-30T23:59:39.357-0300] {processor.py:925} INFO - DAG(s) 'example_setup_teardown_taskflow' retrieved from /home/nico/.local/lib/python3.10/site-packages/airflow/example_dags/example_setup_teardown_taskflow.py
[2024-10-30T23:59:39.428-0300] {logging_mixin.py:190} INFO - [2024-10-30T23:59:39.427-0300] {dag.py:3239} INFO - Sync 1 DAGs
[2024-10-30T23:59:39.469-0300] {logging_mixin.py:190} INFO - [2024-10-30T23:59:39.468-0300] {dag.py:4180} INFO - Setting next_dagrun for example_setup_teardown_taskflow to None, run_after=None
[2024-10-30T23:59:39.605-0300] {processor.py:208} INFO - Processing /home/nico/.local/lib/python3.10/site-packages/airflow/example_dags/example_setup_teardown_taskflow.py took 0.297 seconds
[2024-10-31T00:01:05.117-0300] {processor.py:186} INFO - Started process (PID=102312) to work on /home/nico/.local/lib/python3.10/site-packages/airflow/example_dags/example_setup_teardown_taskflow.py
[2024-10-31T00:01:05.120-0300] {processor.py:914} INFO - Processing file /home/nico/.local/lib/python3.10/site-packages/airflow/example_dags/example_setup_teardown_taskflow.py for tasks to queue
[2024-10-31T00:01:05.123-0300] {logging_mixin.py:190} INFO - [2024-10-31T00:01:05.122-0300] {dagbag.py:588} INFO - Filling up the DagBag from /home/nico/.local/lib/python3.10/site-packages/airflow/example_dags/example_setup_teardown_taskflow.py
[2024-10-31T00:01:05.147-0300] {processor.py:925} INFO - DAG(s) 'example_setup_teardown_taskflow' retrieved from /home/nico/.local/lib/python3.10/site-packages/airflow/example_dags/example_setup_teardown_taskflow.py
[2024-10-31T00:01:05.212-0300] {logging_mixin.py:190} INFO - [2024-10-31T00:01:05.211-0300] {dag.py:3239} INFO - Sync 1 DAGs
[2024-10-31T00:01:05.250-0300] {logging_mixin.py:190} INFO - [2024-10-31T00:01:05.249-0300] {dag.py:4180} INFO - Setting next_dagrun for example_setup_teardown_taskflow to None, run_after=None
[2024-10-31T00:01:05.372-0300] {processor.py:208} INFO - Processing /home/nico/.local/lib/python3.10/site-packages/airflow/example_dags/example_setup_teardown_taskflow.py took 0.269 seconds
[2024-10-31T00:02:18.607-0300] {processor.py:186} INFO - Started process (PID=102635) to work on /home/nico/.local/lib/python3.10/site-packages/airflow/example_dags/example_setup_teardown_taskflow.py
[2024-10-31T00:02:18.609-0300] {processor.py:914} INFO - Processing file /home/nico/.local/lib/python3.10/site-packages/airflow/example_dags/example_setup_teardown_taskflow.py for tasks to queue
[2024-10-31T00:02:18.613-0300] {logging_mixin.py:190} INFO - [2024-10-31T00:02:18.612-0300] {dagbag.py:588} INFO - Filling up the DagBag from /home/nico/.local/lib/python3.10/site-packages/airflow/example_dags/example_setup_teardown_taskflow.py
[2024-10-31T00:02:18.634-0300] {processor.py:925} INFO - DAG(s) 'example_setup_teardown_taskflow' retrieved from /home/nico/.local/lib/python3.10/site-packages/airflow/example_dags/example_setup_teardown_taskflow.py
[2024-10-31T00:02:18.720-0300] {logging_mixin.py:190} INFO - [2024-10-31T00:02:18.719-0300] {dag.py:3239} INFO - Sync 1 DAGs
[2024-10-31T00:02:18.779-0300] {logging_mixin.py:190} INFO - [2024-10-31T00:02:18.779-0300] {dag.py:4180} INFO - Setting next_dagrun for example_setup_teardown_taskflow to None, run_after=None
[2024-10-31T00:02:18.972-0300] {processor.py:208} INFO - Processing /home/nico/.local/lib/python3.10/site-packages/airflow/example_dags/example_setup_teardown_taskflow.py took 0.391 seconds
[2024-10-31T00:03:40.993-0300] {processor.py:186} INFO - Started process (PID=102992) to work on /home/nico/.local/lib/python3.10/site-packages/airflow/example_dags/example_setup_teardown_taskflow.py
[2024-10-31T00:03:40.997-0300] {processor.py:914} INFO - Processing file /home/nico/.local/lib/python3.10/site-packages/airflow/example_dags/example_setup_teardown_taskflow.py for tasks to queue
[2024-10-31T00:03:41.005-0300] {logging_mixin.py:190} INFO - [2024-10-31T00:03:41.003-0300] {dagbag.py:588} INFO - Filling up the DagBag from /home/nico/.local/lib/python3.10/site-packages/airflow/example_dags/example_setup_teardown_taskflow.py
[2024-10-31T00:03:41.065-0300] {processor.py:925} INFO - DAG(s) 'example_setup_teardown_taskflow' retrieved from /home/nico/.local/lib/python3.10/site-packages/airflow/example_dags/example_setup_teardown_taskflow.py
[2024-10-31T00:03:41.208-0300] {logging_mixin.py:190} INFO - [2024-10-31T00:03:41.207-0300] {dag.py:3239} INFO - Sync 1 DAGs
[2024-10-31T00:03:41.265-0300] {logging_mixin.py:190} INFO - [2024-10-31T00:03:41.265-0300] {dag.py:4180} INFO - Setting next_dagrun for example_setup_teardown_taskflow to None, run_after=None
[2024-10-31T00:03:41.411-0300] {processor.py:208} INFO - Processing /home/nico/.local/lib/python3.10/site-packages/airflow/example_dags/example_setup_teardown_taskflow.py took 0.442 seconds
[2024-10-31T00:05:07.745-0300] {processor.py:186} INFO - Started process (PID=103365) to work on /home/nico/.local/lib/python3.10/site-packages/airflow/example_dags/example_setup_teardown_taskflow.py
[2024-10-31T00:05:07.748-0300] {processor.py:914} INFO - Processing file /home/nico/.local/lib/python3.10/site-packages/airflow/example_dags/example_setup_teardown_taskflow.py for tasks to queue
[2024-10-31T00:05:07.754-0300] {logging_mixin.py:190} INFO - [2024-10-31T00:05:07.752-0300] {dagbag.py:588} INFO - Filling up the DagBag from /home/nico/.local/lib/python3.10/site-packages/airflow/example_dags/example_setup_teardown_taskflow.py
[2024-10-31T00:05:07.798-0300] {processor.py:925} INFO - DAG(s) 'example_setup_teardown_taskflow' retrieved from /home/nico/.local/lib/python3.10/site-packages/airflow/example_dags/example_setup_teardown_taskflow.py
[2024-10-31T00:05:07.912-0300] {logging_mixin.py:190} INFO - [2024-10-31T00:05:07.911-0300] {dag.py:3239} INFO - Sync 1 DAGs
[2024-10-31T00:05:07.951-0300] {logging_mixin.py:190} INFO - [2024-10-31T00:05:07.951-0300] {dag.py:4180} INFO - Setting next_dagrun for example_setup_teardown_taskflow to None, run_after=None
[2024-10-31T00:05:08.163-0300] {processor.py:208} INFO - Processing /home/nico/.local/lib/python3.10/site-packages/airflow/example_dags/example_setup_teardown_taskflow.py took 0.452 seconds
[2024-10-31T00:06:44.743-0300] {processor.py:186} INFO - Started process (PID=103783) to work on /home/nico/.local/lib/python3.10/site-packages/airflow/example_dags/example_setup_teardown_taskflow.py
[2024-10-31T00:06:44.746-0300] {processor.py:914} INFO - Processing file /home/nico/.local/lib/python3.10/site-packages/airflow/example_dags/example_setup_teardown_taskflow.py for tasks to queue
[2024-10-31T00:06:44.749-0300] {logging_mixin.py:190} INFO - [2024-10-31T00:06:44.748-0300] {dagbag.py:588} INFO - Filling up the DagBag from /home/nico/.local/lib/python3.10/site-packages/airflow/example_dags/example_setup_teardown_taskflow.py
[2024-10-31T00:06:44.791-0300] {processor.py:925} INFO - DAG(s) 'example_setup_teardown_taskflow' retrieved from /home/nico/.local/lib/python3.10/site-packages/airflow/example_dags/example_setup_teardown_taskflow.py
[2024-10-31T00:06:44.914-0300] {logging_mixin.py:190} INFO - [2024-10-31T00:06:44.914-0300] {dag.py:3239} INFO - Sync 1 DAGs
[2024-10-31T00:06:45.029-0300] {logging_mixin.py:190} INFO - [2024-10-31T00:06:45.029-0300] {dag.py:4180} INFO - Setting next_dagrun for example_setup_teardown_taskflow to None, run_after=None
[2024-10-31T00:06:45.287-0300] {processor.py:208} INFO - Processing /home/nico/.local/lib/python3.10/site-packages/airflow/example_dags/example_setup_teardown_taskflow.py took 0.558 seconds
[2024-10-31T00:08:03.071-0300] {processor.py:186} INFO - Started process (PID=104123) to work on /home/nico/.local/lib/python3.10/site-packages/airflow/example_dags/example_setup_teardown_taskflow.py
[2024-10-31T00:08:03.074-0300] {processor.py:914} INFO - Processing file /home/nico/.local/lib/python3.10/site-packages/airflow/example_dags/example_setup_teardown_taskflow.py for tasks to queue
[2024-10-31T00:08:03.079-0300] {logging_mixin.py:190} INFO - [2024-10-31T00:08:03.078-0300] {dagbag.py:588} INFO - Filling up the DagBag from /home/nico/.local/lib/python3.10/site-packages/airflow/example_dags/example_setup_teardown_taskflow.py
[2024-10-31T00:08:03.112-0300] {processor.py:925} INFO - DAG(s) 'example_setup_teardown_taskflow' retrieved from /home/nico/.local/lib/python3.10/site-packages/airflow/example_dags/example_setup_teardown_taskflow.py
[2024-10-31T00:08:03.182-0300] {logging_mixin.py:190} INFO - [2024-10-31T00:08:03.181-0300] {dag.py:3239} INFO - Sync 1 DAGs
[2024-10-31T00:08:03.228-0300] {logging_mixin.py:190} INFO - [2024-10-31T00:08:03.227-0300] {dag.py:4180} INFO - Setting next_dagrun for example_setup_teardown_taskflow to None, run_after=None
[2024-10-31T00:08:03.371-0300] {processor.py:208} INFO - Processing /home/nico/.local/lib/python3.10/site-packages/airflow/example_dags/example_setup_teardown_taskflow.py took 0.315 seconds
[2024-10-31T00:09:16.107-0300] {processor.py:186} INFO - Started process (PID=104449) to work on /home/nico/.local/lib/python3.10/site-packages/airflow/example_dags/example_setup_teardown_taskflow.py
[2024-10-31T00:09:16.110-0300] {processor.py:914} INFO - Processing file /home/nico/.local/lib/python3.10/site-packages/airflow/example_dags/example_setup_teardown_taskflow.py for tasks to queue
[2024-10-31T00:09:16.114-0300] {logging_mixin.py:190} INFO - [2024-10-31T00:09:16.113-0300] {dagbag.py:588} INFO - Filling up the DagBag from /home/nico/.local/lib/python3.10/site-packages/airflow/example_dags/example_setup_teardown_taskflow.py
[2024-10-31T00:09:16.146-0300] {processor.py:925} INFO - DAG(s) 'example_setup_teardown_taskflow' retrieved from /home/nico/.local/lib/python3.10/site-packages/airflow/example_dags/example_setup_teardown_taskflow.py
[2024-10-31T00:09:16.218-0300] {logging_mixin.py:190} INFO - [2024-10-31T00:09:16.217-0300] {dag.py:3239} INFO - Sync 1 DAGs
[2024-10-31T00:09:16.288-0300] {logging_mixin.py:190} INFO - [2024-10-31T00:09:16.288-0300] {dag.py:4180} INFO - Setting next_dagrun for example_setup_teardown_taskflow to None, run_after=None
[2024-10-31T00:09:16.477-0300] {processor.py:208} INFO - Processing /home/nico/.local/lib/python3.10/site-packages/airflow/example_dags/example_setup_teardown_taskflow.py took 0.386 seconds
[2024-10-31T00:10:43.813-0300] {processor.py:186} INFO - Started process (PID=104790) to work on /home/nico/.local/lib/python3.10/site-packages/airflow/example_dags/example_setup_teardown_taskflow.py
[2024-10-31T00:10:43.816-0300] {processor.py:914} INFO - Processing file /home/nico/.local/lib/python3.10/site-packages/airflow/example_dags/example_setup_teardown_taskflow.py for tasks to queue
[2024-10-31T00:10:43.821-0300] {logging_mixin.py:190} INFO - [2024-10-31T00:10:43.820-0300] {dagbag.py:588} INFO - Filling up the DagBag from /home/nico/.local/lib/python3.10/site-packages/airflow/example_dags/example_setup_teardown_taskflow.py
[2024-10-31T00:10:43.848-0300] {processor.py:925} INFO - DAG(s) 'example_setup_teardown_taskflow' retrieved from /home/nico/.local/lib/python3.10/site-packages/airflow/example_dags/example_setup_teardown_taskflow.py
[2024-10-31T00:10:43.931-0300] {logging_mixin.py:190} INFO - [2024-10-31T00:10:43.931-0300] {dag.py:3239} INFO - Sync 1 DAGs
[2024-10-31T00:10:43.972-0300] {logging_mixin.py:190} INFO - [2024-10-31T00:10:43.971-0300] {dag.py:4180} INFO - Setting next_dagrun for example_setup_teardown_taskflow to None, run_after=None
[2024-10-31T00:10:44.104-0300] {processor.py:208} INFO - Processing /home/nico/.local/lib/python3.10/site-packages/airflow/example_dags/example_setup_teardown_taskflow.py took 0.311 seconds
[2024-10-31T00:12:05.542-0300] {processor.py:186} INFO - Started process (PID=105148) to work on /home/nico/.local/lib/python3.10/site-packages/airflow/example_dags/example_setup_teardown_taskflow.py
[2024-10-31T00:12:05.544-0300] {processor.py:914} INFO - Processing file /home/nico/.local/lib/python3.10/site-packages/airflow/example_dags/example_setup_teardown_taskflow.py for tasks to queue
[2024-10-31T00:12:05.547-0300] {logging_mixin.py:190} INFO - [2024-10-31T00:12:05.546-0300] {dagbag.py:588} INFO - Filling up the DagBag from /home/nico/.local/lib/python3.10/site-packages/airflow/example_dags/example_setup_teardown_taskflow.py
[2024-10-31T00:12:05.574-0300] {processor.py:925} INFO - DAG(s) 'example_setup_teardown_taskflow' retrieved from /home/nico/.local/lib/python3.10/site-packages/airflow/example_dags/example_setup_teardown_taskflow.py
[2024-10-31T00:12:05.668-0300] {logging_mixin.py:190} INFO - [2024-10-31T00:12:05.662-0300] {dag.py:3239} INFO - Sync 1 DAGs
[2024-10-31T00:12:05.722-0300] {logging_mixin.py:190} INFO - [2024-10-31T00:12:05.721-0300] {dag.py:4180} INFO - Setting next_dagrun for example_setup_teardown_taskflow to None, run_after=None
[2024-10-31T00:12:05.861-0300] {processor.py:208} INFO - Processing /home/nico/.local/lib/python3.10/site-packages/airflow/example_dags/example_setup_teardown_taskflow.py took 0.332 seconds
[2024-10-31T00:13:11.160-0300] {processor.py:186} INFO - Started process (PID=105441) to work on /home/nico/.local/lib/python3.10/site-packages/airflow/example_dags/example_setup_teardown_taskflow.py
[2024-10-31T00:13:11.164-0300] {processor.py:914} INFO - Processing file /home/nico/.local/lib/python3.10/site-packages/airflow/example_dags/example_setup_teardown_taskflow.py for tasks to queue
[2024-10-31T00:13:11.170-0300] {logging_mixin.py:190} INFO - [2024-10-31T00:13:11.169-0300] {dagbag.py:588} INFO - Filling up the DagBag from /home/nico/.local/lib/python3.10/site-packages/airflow/example_dags/example_setup_teardown_taskflow.py
[2024-10-31T00:13:11.202-0300] {processor.py:925} INFO - DAG(s) 'example_setup_teardown_taskflow' retrieved from /home/nico/.local/lib/python3.10/site-packages/airflow/example_dags/example_setup_teardown_taskflow.py
[2024-10-31T00:13:11.271-0300] {logging_mixin.py:190} INFO - [2024-10-31T00:13:11.270-0300] {dag.py:3239} INFO - Sync 1 DAGs
[2024-10-31T00:13:11.307-0300] {logging_mixin.py:190} INFO - [2024-10-31T00:13:11.306-0300] {dag.py:4180} INFO - Setting next_dagrun for example_setup_teardown_taskflow to None, run_after=None
[2024-10-31T00:13:11.442-0300] {processor.py:208} INFO - Processing /home/nico/.local/lib/python3.10/site-packages/airflow/example_dags/example_setup_teardown_taskflow.py took 0.299 seconds
[2024-10-31T00:14:16.533-0300] {processor.py:186} INFO - Started process (PID=105729) to work on /home/nico/.local/lib/python3.10/site-packages/airflow/example_dags/example_setup_teardown_taskflow.py
[2024-10-31T00:14:16.537-0300] {processor.py:914} INFO - Processing file /home/nico/.local/lib/python3.10/site-packages/airflow/example_dags/example_setup_teardown_taskflow.py for tasks to queue
[2024-10-31T00:14:16.542-0300] {logging_mixin.py:190} INFO - [2024-10-31T00:14:16.541-0300] {dagbag.py:588} INFO - Filling up the DagBag from /home/nico/.local/lib/python3.10/site-packages/airflow/example_dags/example_setup_teardown_taskflow.py
[2024-10-31T00:14:16.590-0300] {processor.py:925} INFO - DAG(s) 'example_setup_teardown_taskflow' retrieved from /home/nico/.local/lib/python3.10/site-packages/airflow/example_dags/example_setup_teardown_taskflow.py
[2024-10-31T00:14:16.689-0300] {logging_mixin.py:190} INFO - [2024-10-31T00:14:16.688-0300] {dag.py:3239} INFO - Sync 1 DAGs
[2024-10-31T00:14:16.725-0300] {logging_mixin.py:190} INFO - [2024-10-31T00:14:16.725-0300] {dag.py:4180} INFO - Setting next_dagrun for example_setup_teardown_taskflow to None, run_after=None
[2024-10-31T00:14:16.867-0300] {processor.py:208} INFO - Processing /home/nico/.local/lib/python3.10/site-packages/airflow/example_dags/example_setup_teardown_taskflow.py took 0.351 seconds
[2024-10-31T00:15:20.647-0300] {processor.py:186} INFO - Started process (PID=106014) to work on /home/nico/.local/lib/python3.10/site-packages/airflow/example_dags/example_setup_teardown_taskflow.py
[2024-10-31T00:15:20.650-0300] {processor.py:914} INFO - Processing file /home/nico/.local/lib/python3.10/site-packages/airflow/example_dags/example_setup_teardown_taskflow.py for tasks to queue
[2024-10-31T00:15:20.653-0300] {logging_mixin.py:190} INFO - [2024-10-31T00:15:20.652-0300] {dagbag.py:588} INFO - Filling up the DagBag from /home/nico/.local/lib/python3.10/site-packages/airflow/example_dags/example_setup_teardown_taskflow.py
[2024-10-31T00:15:20.676-0300] {processor.py:925} INFO - DAG(s) 'example_setup_teardown_taskflow' retrieved from /home/nico/.local/lib/python3.10/site-packages/airflow/example_dags/example_setup_teardown_taskflow.py
[2024-10-31T00:15:20.738-0300] {logging_mixin.py:190} INFO - [2024-10-31T00:15:20.738-0300] {dag.py:3239} INFO - Sync 1 DAGs
[2024-10-31T00:15:20.772-0300] {logging_mixin.py:190} INFO - [2024-10-31T00:15:20.771-0300] {dag.py:4180} INFO - Setting next_dagrun for example_setup_teardown_taskflow to None, run_after=None
[2024-10-31T00:15:20.889-0300] {processor.py:208} INFO - Processing /home/nico/.local/lib/python3.10/site-packages/airflow/example_dags/example_setup_teardown_taskflow.py took 0.258 seconds
[2024-10-31T00:17:22.629-0300] {processor.py:186} INFO - Started process (PID=106560) to work on /home/nico/.local/lib/python3.10/site-packages/airflow/example_dags/example_setup_teardown_taskflow.py
[2024-10-31T00:17:22.632-0300] {processor.py:914} INFO - Processing file /home/nico/.local/lib/python3.10/site-packages/airflow/example_dags/example_setup_teardown_taskflow.py for tasks to queue
[2024-10-31T00:17:22.636-0300] {logging_mixin.py:190} INFO - [2024-10-31T00:17:22.635-0300] {dagbag.py:588} INFO - Filling up the DagBag from /home/nico/.local/lib/python3.10/site-packages/airflow/example_dags/example_setup_teardown_taskflow.py
[2024-10-31T00:17:22.672-0300] {processor.py:925} INFO - DAG(s) 'example_setup_teardown_taskflow' retrieved from /home/nico/.local/lib/python3.10/site-packages/airflow/example_dags/example_setup_teardown_taskflow.py
[2024-10-31T00:17:22.731-0300] {logging_mixin.py:190} INFO - [2024-10-31T00:17:22.731-0300] {dag.py:3239} INFO - Sync 1 DAGs
[2024-10-31T00:17:22.764-0300] {logging_mixin.py:190} INFO - [2024-10-31T00:17:22.763-0300] {dag.py:4180} INFO - Setting next_dagrun for example_setup_teardown_taskflow to None, run_after=None
[2024-10-31T00:17:22.887-0300] {processor.py:208} INFO - Processing /home/nico/.local/lib/python3.10/site-packages/airflow/example_dags/example_setup_teardown_taskflow.py took 0.277 seconds
[2024-10-31T00:18:29.956-0300] {processor.py:186} INFO - Started process (PID=106858) to work on /home/nico/.local/lib/python3.10/site-packages/airflow/example_dags/example_setup_teardown_taskflow.py
[2024-10-31T00:18:29.958-0300] {processor.py:914} INFO - Processing file /home/nico/.local/lib/python3.10/site-packages/airflow/example_dags/example_setup_teardown_taskflow.py for tasks to queue
[2024-10-31T00:18:29.961-0300] {logging_mixin.py:190} INFO - [2024-10-31T00:18:29.960-0300] {dagbag.py:588} INFO - Filling up the DagBag from /home/nico/.local/lib/python3.10/site-packages/airflow/example_dags/example_setup_teardown_taskflow.py
[2024-10-31T00:18:29.982-0300] {processor.py:925} INFO - DAG(s) 'example_setup_teardown_taskflow' retrieved from /home/nico/.local/lib/python3.10/site-packages/airflow/example_dags/example_setup_teardown_taskflow.py
[2024-10-31T00:18:30.040-0300] {logging_mixin.py:190} INFO - [2024-10-31T00:18:30.039-0300] {dag.py:3239} INFO - Sync 1 DAGs
[2024-10-31T00:18:30.071-0300] {logging_mixin.py:190} INFO - [2024-10-31T00:18:30.071-0300] {dag.py:4180} INFO - Setting next_dagrun for example_setup_teardown_taskflow to None, run_after=None
[2024-10-31T00:18:30.201-0300] {processor.py:208} INFO - Processing /home/nico/.local/lib/python3.10/site-packages/airflow/example_dags/example_setup_teardown_taskflow.py took 0.260 seconds
