[2024-10-30T21:01:31.274-0300] {processor.py:186} INFO - Started process (PID=99890) to work on /home/nico/.local/lib/python3.10/site-packages/airflow/example_dags/example_external_task_marker_dag.py
[2024-10-30T21:01:31.277-0300] {processor.py:914} INFO - Processing file /home/nico/.local/lib/python3.10/site-packages/airflow/example_dags/example_external_task_marker_dag.py for tasks to queue
[2024-10-30T21:01:31.281-0300] {logging_mixin.py:190} INFO - [2024-10-30T21:01:31.280-0300] {dagbag.py:588} INFO - Filling up the DagBag from /home/nico/.local/lib/python3.10/site-packages/airflow/example_dags/example_external_task_marker_dag.py
[2024-10-30T21:01:31.301-0300] {processor.py:925} INFO - DAG(s) 'example_external_task_marker_parent', 'example_external_task_marker_child' retrieved from /home/nico/.local/lib/python3.10/site-packages/airflow/example_dags/example_external_task_marker_dag.py
[2024-10-30T21:01:31.363-0300] {logging_mixin.py:190} INFO - [2024-10-30T21:01:31.362-0300] {dag.py:3239} INFO - Sync 2 DAGs
[2024-10-30T21:01:31.401-0300] {logging_mixin.py:190} INFO - [2024-10-30T21:01:31.400-0300] {dag.py:4180} INFO - Setting next_dagrun for example_external_task_marker_child to None, run_after=None
[2024-10-30T21:01:31.414-0300] {logging_mixin.py:190} INFO - [2024-10-30T21:01:31.413-0300] {dag.py:4180} INFO - Setting next_dagrun for example_external_task_marker_parent to None, run_after=None
[2024-10-30T21:01:31.568-0300] {processor.py:208} INFO - Processing /home/nico/.local/lib/python3.10/site-packages/airflow/example_dags/example_external_task_marker_dag.py took 0.313 seconds
[2024-10-30T21:03:36.014-0300] {processor.py:186} INFO - Started process (PID=100451) to work on /home/nico/.local/lib/python3.10/site-packages/airflow/example_dags/example_external_task_marker_dag.py
[2024-10-30T21:03:36.017-0300] {processor.py:914} INFO - Processing file /home/nico/.local/lib/python3.10/site-packages/airflow/example_dags/example_external_task_marker_dag.py for tasks to queue
[2024-10-30T21:03:36.021-0300] {logging_mixin.py:190} INFO - [2024-10-30T21:03:36.020-0300] {dagbag.py:588} INFO - Filling up the DagBag from /home/nico/.local/lib/python3.10/site-packages/airflow/example_dags/example_external_task_marker_dag.py
[2024-10-30T21:03:36.049-0300] {processor.py:925} INFO - DAG(s) 'example_external_task_marker_child', 'example_external_task_marker_parent' retrieved from /home/nico/.local/lib/python3.10/site-packages/airflow/example_dags/example_external_task_marker_dag.py
[2024-10-30T21:03:36.135-0300] {logging_mixin.py:190} INFO - [2024-10-30T21:03:36.134-0300] {dag.py:3239} INFO - Sync 2 DAGs
[2024-10-30T21:03:36.177-0300] {logging_mixin.py:190} INFO - [2024-10-30T21:03:36.177-0300] {dag.py:4180} INFO - Setting next_dagrun for example_external_task_marker_child to None, run_after=None
[2024-10-30T21:03:36.189-0300] {logging_mixin.py:190} INFO - [2024-10-30T21:03:36.188-0300] {dag.py:4180} INFO - Setting next_dagrun for example_external_task_marker_parent to None, run_after=None
[2024-10-30T21:03:36.364-0300] {processor.py:208} INFO - Processing /home/nico/.local/lib/python3.10/site-packages/airflow/example_dags/example_external_task_marker_dag.py took 0.368 seconds
[2024-10-30T21:06:02.341-0300] {processor.py:186} INFO - Started process (PID=101093) to work on /home/nico/.local/lib/python3.10/site-packages/airflow/example_dags/example_external_task_marker_dag.py
[2024-10-30T21:06:02.345-0300] {processor.py:914} INFO - Processing file /home/nico/.local/lib/python3.10/site-packages/airflow/example_dags/example_external_task_marker_dag.py for tasks to queue
[2024-10-30T21:06:02.349-0300] {logging_mixin.py:190} INFO - [2024-10-30T21:06:02.348-0300] {dagbag.py:588} INFO - Filling up the DagBag from /home/nico/.local/lib/python3.10/site-packages/airflow/example_dags/example_external_task_marker_dag.py
[2024-10-30T21:06:02.376-0300] {processor.py:925} INFO - DAG(s) 'example_external_task_marker_child', 'example_external_task_marker_parent' retrieved from /home/nico/.local/lib/python3.10/site-packages/airflow/example_dags/example_external_task_marker_dag.py
[2024-10-30T21:06:02.561-0300] {logging_mixin.py:190} INFO - [2024-10-30T21:06:02.560-0300] {dag.py:3239} INFO - Sync 2 DAGs
[2024-10-30T21:06:02.668-0300] {logging_mixin.py:190} INFO - [2024-10-30T21:06:02.668-0300] {dag.py:4180} INFO - Setting next_dagrun for example_external_task_marker_child to None, run_after=None
[2024-10-30T21:06:02.689-0300] {logging_mixin.py:190} INFO - [2024-10-30T21:06:02.688-0300] {dag.py:4180} INFO - Setting next_dagrun for example_external_task_marker_parent to None, run_after=None
[2024-10-30T21:06:02.946-0300] {processor.py:208} INFO - Processing /home/nico/.local/lib/python3.10/site-packages/airflow/example_dags/example_external_task_marker_dag.py took 0.619 seconds
[2024-10-31T00:00:20.774-0300] {processor.py:186} INFO - Started process (PID=102118) to work on /home/nico/.local/lib/python3.10/site-packages/airflow/example_dags/example_external_task_marker_dag.py
[2024-10-31T00:00:20.777-0300] {processor.py:914} INFO - Processing file /home/nico/.local/lib/python3.10/site-packages/airflow/example_dags/example_external_task_marker_dag.py for tasks to queue
[2024-10-31T00:00:20.781-0300] {logging_mixin.py:190} INFO - [2024-10-31T00:00:20.779-0300] {dagbag.py:588} INFO - Filling up the DagBag from /home/nico/.local/lib/python3.10/site-packages/airflow/example_dags/example_external_task_marker_dag.py
[2024-10-31T00:00:20.800-0300] {processor.py:925} INFO - DAG(s) 'example_external_task_marker_parent', 'example_external_task_marker_child' retrieved from /home/nico/.local/lib/python3.10/site-packages/airflow/example_dags/example_external_task_marker_dag.py
[2024-10-31T00:00:20.931-0300] {logging_mixin.py:190} INFO - [2024-10-31T00:00:20.930-0300] {dag.py:3239} INFO - Sync 2 DAGs
[2024-10-31T00:00:21.014-0300] {logging_mixin.py:190} INFO - [2024-10-31T00:00:21.013-0300] {dag.py:4180} INFO - Setting next_dagrun for example_external_task_marker_child to None, run_after=None
[2024-10-31T00:00:21.028-0300] {logging_mixin.py:190} INFO - [2024-10-31T00:00:21.027-0300] {dag.py:4180} INFO - Setting next_dagrun for example_external_task_marker_parent to None, run_after=None
[2024-10-31T00:00:21.155-0300] {processor.py:208} INFO - Processing /home/nico/.local/lib/python3.10/site-packages/airflow/example_dags/example_external_task_marker_dag.py took 0.398 seconds
[2024-10-31T00:02:52.604-0300] {processor.py:186} INFO - Started process (PID=102783) to work on /home/nico/.local/lib/python3.10/site-packages/airflow/example_dags/example_external_task_marker_dag.py
[2024-10-31T00:02:52.608-0300] {processor.py:914} INFO - Processing file /home/nico/.local/lib/python3.10/site-packages/airflow/example_dags/example_external_task_marker_dag.py for tasks to queue
[2024-10-31T00:02:52.611-0300] {logging_mixin.py:190} INFO - [2024-10-31T00:02:52.610-0300] {dagbag.py:588} INFO - Filling up the DagBag from /home/nico/.local/lib/python3.10/site-packages/airflow/example_dags/example_external_task_marker_dag.py
[2024-10-31T00:02:52.636-0300] {processor.py:925} INFO - DAG(s) 'example_external_task_marker_parent', 'example_external_task_marker_child' retrieved from /home/nico/.local/lib/python3.10/site-packages/airflow/example_dags/example_external_task_marker_dag.py
[2024-10-31T00:02:52.735-0300] {logging_mixin.py:190} INFO - [2024-10-31T00:02:52.734-0300] {dag.py:3239} INFO - Sync 2 DAGs
[2024-10-31T00:02:52.785-0300] {logging_mixin.py:190} INFO - [2024-10-31T00:02:52.784-0300] {dag.py:4180} INFO - Setting next_dagrun for example_external_task_marker_child to None, run_after=None
[2024-10-31T00:02:52.798-0300] {logging_mixin.py:190} INFO - [2024-10-31T00:02:52.797-0300] {dag.py:4180} INFO - Setting next_dagrun for example_external_task_marker_parent to None, run_after=None
[2024-10-31T00:02:52.949-0300] {processor.py:208} INFO - Processing /home/nico/.local/lib/python3.10/site-packages/airflow/example_dags/example_external_task_marker_dag.py took 0.359 seconds
[2024-10-31T00:05:47.933-0300] {processor.py:186} INFO - Started process (PID=103542) to work on /home/nico/.local/lib/python3.10/site-packages/airflow/example_dags/example_external_task_marker_dag.py
[2024-10-31T00:05:47.936-0300] {processor.py:914} INFO - Processing file /home/nico/.local/lib/python3.10/site-packages/airflow/example_dags/example_external_task_marker_dag.py for tasks to queue
[2024-10-31T00:05:47.939-0300] {logging_mixin.py:190} INFO - [2024-10-31T00:05:47.938-0300] {dagbag.py:588} INFO - Filling up the DagBag from /home/nico/.local/lib/python3.10/site-packages/airflow/example_dags/example_external_task_marker_dag.py
[2024-10-31T00:05:47.955-0300] {processor.py:925} INFO - DAG(s) 'example_external_task_marker_child', 'example_external_task_marker_parent' retrieved from /home/nico/.local/lib/python3.10/site-packages/airflow/example_dags/example_external_task_marker_dag.py
[2024-10-31T00:05:48.050-0300] {logging_mixin.py:190} INFO - [2024-10-31T00:05:48.049-0300] {dag.py:3239} INFO - Sync 2 DAGs
[2024-10-31T00:05:48.106-0300] {logging_mixin.py:190} INFO - [2024-10-31T00:05:48.106-0300] {dag.py:4180} INFO - Setting next_dagrun for example_external_task_marker_child to None, run_after=None
[2024-10-31T00:05:48.120-0300] {logging_mixin.py:190} INFO - [2024-10-31T00:05:48.120-0300] {dag.py:4180} INFO - Setting next_dagrun for example_external_task_marker_parent to None, run_after=None
[2024-10-31T00:05:48.322-0300] {processor.py:208} INFO - Processing /home/nico/.local/lib/python3.10/site-packages/airflow/example_dags/example_external_task_marker_dag.py took 0.408 seconds
[2024-10-31T00:08:37.098-0300] {processor.py:186} INFO - Started process (PID=104275) to work on /home/nico/.local/lib/python3.10/site-packages/airflow/example_dags/example_external_task_marker_dag.py
[2024-10-31T00:08:37.100-0300] {processor.py:914} INFO - Processing file /home/nico/.local/lib/python3.10/site-packages/airflow/example_dags/example_external_task_marker_dag.py for tasks to queue
[2024-10-31T00:08:37.106-0300] {logging_mixin.py:190} INFO - [2024-10-31T00:08:37.103-0300] {dagbag.py:588} INFO - Filling up the DagBag from /home/nico/.local/lib/python3.10/site-packages/airflow/example_dags/example_external_task_marker_dag.py
[2024-10-31T00:08:37.138-0300] {processor.py:925} INFO - DAG(s) 'example_external_task_marker_parent', 'example_external_task_marker_child' retrieved from /home/nico/.local/lib/python3.10/site-packages/airflow/example_dags/example_external_task_marker_dag.py
[2024-10-31T00:08:37.205-0300] {logging_mixin.py:190} INFO - [2024-10-31T00:08:37.204-0300] {dag.py:3239} INFO - Sync 2 DAGs
[2024-10-31T00:08:37.244-0300] {logging_mixin.py:190} INFO - [2024-10-31T00:08:37.244-0300] {dag.py:4180} INFO - Setting next_dagrun for example_external_task_marker_child to None, run_after=None
[2024-10-31T00:08:37.254-0300] {logging_mixin.py:190} INFO - [2024-10-31T00:08:37.253-0300] {dag.py:4180} INFO - Setting next_dagrun for example_external_task_marker_parent to None, run_after=None
[2024-10-31T00:08:37.378-0300] {processor.py:208} INFO - Processing /home/nico/.local/lib/python3.10/site-packages/airflow/example_dags/example_external_task_marker_dag.py took 0.304 seconds
[2024-10-31T00:11:23.341-0300] {processor.py:186} INFO - Started process (PID=104964) to work on /home/nico/.local/lib/python3.10/site-packages/airflow/example_dags/example_external_task_marker_dag.py
[2024-10-31T00:11:23.344-0300] {processor.py:914} INFO - Processing file /home/nico/.local/lib/python3.10/site-packages/airflow/example_dags/example_external_task_marker_dag.py for tasks to queue
[2024-10-31T00:11:23.348-0300] {logging_mixin.py:190} INFO - [2024-10-31T00:11:23.347-0300] {dagbag.py:588} INFO - Filling up the DagBag from /home/nico/.local/lib/python3.10/site-packages/airflow/example_dags/example_external_task_marker_dag.py
[2024-10-31T00:11:23.364-0300] {processor.py:925} INFO - DAG(s) 'example_external_task_marker_parent', 'example_external_task_marker_child' retrieved from /home/nico/.local/lib/python3.10/site-packages/airflow/example_dags/example_external_task_marker_dag.py
[2024-10-31T00:11:23.446-0300] {logging_mixin.py:190} INFO - [2024-10-31T00:11:23.445-0300] {dag.py:3239} INFO - Sync 2 DAGs
[2024-10-31T00:11:23.483-0300] {logging_mixin.py:190} INFO - [2024-10-31T00:11:23.483-0300] {dag.py:4180} INFO - Setting next_dagrun for example_external_task_marker_child to None, run_after=None
[2024-10-31T00:11:23.497-0300] {logging_mixin.py:190} INFO - [2024-10-31T00:11:23.497-0300] {dag.py:4180} INFO - Setting next_dagrun for example_external_task_marker_parent to None, run_after=None
[2024-10-31T00:11:23.622-0300] {processor.py:208} INFO - Processing /home/nico/.local/lib/python3.10/site-packages/airflow/example_dags/example_external_task_marker_dag.py took 0.301 seconds
[2024-10-31T00:13:37.133-0300] {processor.py:186} INFO - Started process (PID=105556) to work on /home/nico/.local/lib/python3.10/site-packages/airflow/example_dags/example_external_task_marker_dag.py
[2024-10-31T00:13:37.137-0300] {processor.py:914} INFO - Processing file /home/nico/.local/lib/python3.10/site-packages/airflow/example_dags/example_external_task_marker_dag.py for tasks to queue
[2024-10-31T00:13:37.141-0300] {logging_mixin.py:190} INFO - [2024-10-31T00:13:37.140-0300] {dagbag.py:588} INFO - Filling up the DagBag from /home/nico/.local/lib/python3.10/site-packages/airflow/example_dags/example_external_task_marker_dag.py
[2024-10-31T00:13:37.158-0300] {processor.py:925} INFO - DAG(s) 'example_external_task_marker_parent', 'example_external_task_marker_child' retrieved from /home/nico/.local/lib/python3.10/site-packages/airflow/example_dags/example_external_task_marker_dag.py
[2024-10-31T00:13:37.226-0300] {logging_mixin.py:190} INFO - [2024-10-31T00:13:37.226-0300] {dag.py:3239} INFO - Sync 2 DAGs
[2024-10-31T00:13:37.264-0300] {logging_mixin.py:190} INFO - [2024-10-31T00:13:37.263-0300] {dag.py:4180} INFO - Setting next_dagrun for example_external_task_marker_child to None, run_after=None
[2024-10-31T00:13:37.283-0300] {logging_mixin.py:190} INFO - [2024-10-31T00:13:37.282-0300] {dag.py:4180} INFO - Setting next_dagrun for example_external_task_marker_parent to None, run_after=None
[2024-10-31T00:13:37.466-0300] {processor.py:208} INFO - Processing /home/nico/.local/lib/python3.10/site-packages/airflow/example_dags/example_external_task_marker_dag.py took 0.354 seconds
[2024-10-31T00:15:45.127-0300] {processor.py:186} INFO - Started process (PID=106123) to work on /home/nico/.local/lib/python3.10/site-packages/airflow/example_dags/example_external_task_marker_dag.py
[2024-10-31T00:15:45.130-0300] {processor.py:914} INFO - Processing file /home/nico/.local/lib/python3.10/site-packages/airflow/example_dags/example_external_task_marker_dag.py for tasks to queue
[2024-10-31T00:15:45.135-0300] {logging_mixin.py:190} INFO - [2024-10-31T00:15:45.133-0300] {dagbag.py:588} INFO - Filling up the DagBag from /home/nico/.local/lib/python3.10/site-packages/airflow/example_dags/example_external_task_marker_dag.py
[2024-10-31T00:15:45.151-0300] {processor.py:925} INFO - DAG(s) 'example_external_task_marker_parent', 'example_external_task_marker_child' retrieved from /home/nico/.local/lib/python3.10/site-packages/airflow/example_dags/example_external_task_marker_dag.py
[2024-10-31T00:15:45.235-0300] {logging_mixin.py:190} INFO - [2024-10-31T00:15:45.234-0300] {dag.py:3239} INFO - Sync 2 DAGs
[2024-10-31T00:15:45.273-0300] {logging_mixin.py:190} INFO - [2024-10-31T00:15:45.273-0300] {dag.py:4180} INFO - Setting next_dagrun for example_external_task_marker_child to None, run_after=None
[2024-10-31T00:15:45.284-0300] {logging_mixin.py:190} INFO - [2024-10-31T00:15:45.283-0300] {dag.py:4180} INFO - Setting next_dagrun for example_external_task_marker_parent to None, run_after=None
[2024-10-31T00:15:45.404-0300] {processor.py:208} INFO - Processing /home/nico/.local/lib/python3.10/site-packages/airflow/example_dags/example_external_task_marker_dag.py took 0.292 seconds
[2024-10-31T00:17:50.822-0300] {processor.py:186} INFO - Started process (PID=106685) to work on /home/nico/.local/lib/python3.10/site-packages/airflow/example_dags/example_external_task_marker_dag.py
[2024-10-31T00:17:50.827-0300] {processor.py:914} INFO - Processing file /home/nico/.local/lib/python3.10/site-packages/airflow/example_dags/example_external_task_marker_dag.py for tasks to queue
[2024-10-31T00:17:50.841-0300] {logging_mixin.py:190} INFO - [2024-10-31T00:17:50.839-0300] {dagbag.py:588} INFO - Filling up the DagBag from /home/nico/.local/lib/python3.10/site-packages/airflow/example_dags/example_external_task_marker_dag.py
[2024-10-31T00:17:50.864-0300] {processor.py:925} INFO - DAG(s) 'example_external_task_marker_parent', 'example_external_task_marker_child' retrieved from /home/nico/.local/lib/python3.10/site-packages/airflow/example_dags/example_external_task_marker_dag.py
[2024-10-31T00:17:50.932-0300] {logging_mixin.py:190} INFO - [2024-10-31T00:17:50.931-0300] {dag.py:3239} INFO - Sync 2 DAGs
[2024-10-31T00:17:50.982-0300] {logging_mixin.py:190} INFO - [2024-10-31T00:17:50.981-0300] {dag.py:4180} INFO - Setting next_dagrun for example_external_task_marker_child to None, run_after=None
[2024-10-31T00:17:51.000-0300] {logging_mixin.py:190} INFO - [2024-10-31T00:17:51.000-0300] {dag.py:4180} INFO - Setting next_dagrun for example_external_task_marker_parent to None, run_after=None
[2024-10-31T00:17:51.139-0300] {processor.py:208} INFO - Processing /home/nico/.local/lib/python3.10/site-packages/airflow/example_dags/example_external_task_marker_dag.py took 0.341 seconds
