[2024-10-30T21:00:05.486-0300] {processor.py:186} INFO - Started process (PID=99513) to work on /home/nico/.local/lib/python3.10/site-packages/airflow/example_dags/example_short_circuit_operator.py
[2024-10-30T21:00:05.490-0300] {processor.py:914} INFO - Processing file /home/nico/.local/lib/python3.10/site-packages/airflow/example_dags/example_short_circuit_operator.py for tasks to queue
[2024-10-30T21:00:05.493-0300] {logging_mixin.py:190} INFO - [2024-10-30T21:00:05.492-0300] {dagbag.py:588} INFO - Filling up the DagBag from /home/nico/.local/lib/python3.10/site-packages/airflow/example_dags/example_short_circuit_operator.py
[2024-10-30T21:00:05.514-0300] {processor.py:925} INFO - DAG(s) 'example_short_circuit_operator' retrieved from /home/nico/.local/lib/python3.10/site-packages/airflow/example_dags/example_short_circuit_operator.py
[2024-10-30T21:00:05.598-0300] {logging_mixin.py:190} INFO - [2024-10-30T21:00:05.597-0300] {dag.py:3239} INFO - Sync 1 DAGs
[2024-10-30T21:00:05.654-0300] {logging_mixin.py:190} INFO - [2024-10-30T21:00:05.653-0300] {dag.py:4180} INFO - Setting next_dagrun for example_short_circuit_operator to None, run_after=None
[2024-10-30T21:00:05.807-0300] {processor.py:208} INFO - Processing /home/nico/.local/lib/python3.10/site-packages/airflow/example_dags/example_short_circuit_operator.py took 0.339 seconds
[2024-10-30T21:03:22.865-0300] {processor.py:186} INFO - Started process (PID=100393) to work on /home/nico/.local/lib/python3.10/site-packages/airflow/example_dags/example_short_circuit_operator.py
[2024-10-30T21:03:22.869-0300] {processor.py:914} INFO - Processing file /home/nico/.local/lib/python3.10/site-packages/airflow/example_dags/example_short_circuit_operator.py for tasks to queue
[2024-10-30T21:03:22.873-0300] {logging_mixin.py:190} INFO - [2024-10-30T21:03:22.872-0300] {dagbag.py:588} INFO - Filling up the DagBag from /home/nico/.local/lib/python3.10/site-packages/airflow/example_dags/example_short_circuit_operator.py
[2024-10-30T21:03:22.893-0300] {processor.py:925} INFO - DAG(s) 'example_short_circuit_operator' retrieved from /home/nico/.local/lib/python3.10/site-packages/airflow/example_dags/example_short_circuit_operator.py
[2024-10-30T21:03:22.965-0300] {logging_mixin.py:190} INFO - [2024-10-30T21:03:22.964-0300] {dag.py:3239} INFO - Sync 1 DAGs
[2024-10-30T21:03:23.037-0300] {logging_mixin.py:190} INFO - [2024-10-30T21:03:23.037-0300] {dag.py:4180} INFO - Setting next_dagrun for example_short_circuit_operator to None, run_after=None
[2024-10-30T21:03:23.199-0300] {processor.py:208} INFO - Processing /home/nico/.local/lib/python3.10/site-packages/airflow/example_dags/example_short_circuit_operator.py took 0.355 seconds
[2024-10-30T21:05:47.381-0300] {processor.py:186} INFO - Started process (PID=101029) to work on /home/nico/.local/lib/python3.10/site-packages/airflow/example_dags/example_short_circuit_operator.py
[2024-10-30T21:05:47.383-0300] {processor.py:914} INFO - Processing file /home/nico/.local/lib/python3.10/site-packages/airflow/example_dags/example_short_circuit_operator.py for tasks to queue
[2024-10-30T21:05:47.387-0300] {logging_mixin.py:190} INFO - [2024-10-30T21:05:47.386-0300] {dagbag.py:588} INFO - Filling up the DagBag from /home/nico/.local/lib/python3.10/site-packages/airflow/example_dags/example_short_circuit_operator.py
[2024-10-30T21:05:47.404-0300] {processor.py:925} INFO - DAG(s) 'example_short_circuit_operator' retrieved from /home/nico/.local/lib/python3.10/site-packages/airflow/example_dags/example_short_circuit_operator.py
[2024-10-30T21:05:47.473-0300] {logging_mixin.py:190} INFO - [2024-10-30T21:05:47.472-0300] {dag.py:3239} INFO - Sync 1 DAGs
[2024-10-30T21:05:47.517-0300] {logging_mixin.py:190} INFO - [2024-10-30T21:05:47.517-0300] {dag.py:4180} INFO - Setting next_dagrun for example_short_circuit_operator to None, run_after=None
[2024-10-30T21:05:47.642-0300] {processor.py:208} INFO - Processing /home/nico/.local/lib/python3.10/site-packages/airflow/example_dags/example_short_circuit_operator.py took 0.276 seconds
[2024-10-31T00:00:07.430-0300] {processor.py:186} INFO - Started process (PID=102059) to work on /home/nico/.local/lib/python3.10/site-packages/airflow/example_dags/example_short_circuit_operator.py
[2024-10-31T00:00:07.434-0300] {processor.py:914} INFO - Processing file /home/nico/.local/lib/python3.10/site-packages/airflow/example_dags/example_short_circuit_operator.py for tasks to queue
[2024-10-31T00:00:07.438-0300] {logging_mixin.py:190} INFO - [2024-10-31T00:00:07.437-0300] {dagbag.py:588} INFO - Filling up the DagBag from /home/nico/.local/lib/python3.10/site-packages/airflow/example_dags/example_short_circuit_operator.py
[2024-10-31T00:00:07.456-0300] {processor.py:925} INFO - DAG(s) 'example_short_circuit_operator' retrieved from /home/nico/.local/lib/python3.10/site-packages/airflow/example_dags/example_short_circuit_operator.py
[2024-10-31T00:00:07.539-0300] {logging_mixin.py:190} INFO - [2024-10-31T00:00:07.538-0300] {dag.py:3239} INFO - Sync 1 DAGs
[2024-10-31T00:00:07.600-0300] {logging_mixin.py:190} INFO - [2024-10-31T00:00:07.599-0300] {dag.py:4180} INFO - Setting next_dagrun for example_short_circuit_operator to None, run_after=None
[2024-10-31T00:00:07.742-0300] {processor.py:208} INFO - Processing /home/nico/.local/lib/python3.10/site-packages/airflow/example_dags/example_short_circuit_operator.py took 0.326 seconds
[2024-10-31T00:02:37.313-0300] {processor.py:186} INFO - Started process (PID=102717) to work on /home/nico/.local/lib/python3.10/site-packages/airflow/example_dags/example_short_circuit_operator.py
[2024-10-31T00:02:37.317-0300] {processor.py:914} INFO - Processing file /home/nico/.local/lib/python3.10/site-packages/airflow/example_dags/example_short_circuit_operator.py for tasks to queue
[2024-10-31T00:02:37.322-0300] {logging_mixin.py:190} INFO - [2024-10-31T00:02:37.320-0300] {dagbag.py:588} INFO - Filling up the DagBag from /home/nico/.local/lib/python3.10/site-packages/airflow/example_dags/example_short_circuit_operator.py
[2024-10-31T00:02:37.342-0300] {processor.py:925} INFO - DAG(s) 'example_short_circuit_operator' retrieved from /home/nico/.local/lib/python3.10/site-packages/airflow/example_dags/example_short_circuit_operator.py
[2024-10-31T00:02:37.490-0300] {logging_mixin.py:190} INFO - [2024-10-31T00:02:37.489-0300] {dag.py:3239} INFO - Sync 1 DAGs
[2024-10-31T00:02:37.565-0300] {logging_mixin.py:190} INFO - [2024-10-31T00:02:37.564-0300] {dag.py:4180} INFO - Setting next_dagrun for example_short_circuit_operator to None, run_after=None
[2024-10-31T00:02:37.830-0300] {processor.py:208} INFO - Processing /home/nico/.local/lib/python3.10/site-packages/airflow/example_dags/example_short_circuit_operator.py took 0.542 seconds
[2024-10-31T00:05:34.211-0300] {processor.py:186} INFO - Started process (PID=103482) to work on /home/nico/.local/lib/python3.10/site-packages/airflow/example_dags/example_short_circuit_operator.py
[2024-10-31T00:05:34.213-0300] {processor.py:914} INFO - Processing file /home/nico/.local/lib/python3.10/site-packages/airflow/example_dags/example_short_circuit_operator.py for tasks to queue
[2024-10-31T00:05:34.217-0300] {logging_mixin.py:190} INFO - [2024-10-31T00:05:34.217-0300] {dagbag.py:588} INFO - Filling up the DagBag from /home/nico/.local/lib/python3.10/site-packages/airflow/example_dags/example_short_circuit_operator.py
[2024-10-31T00:05:34.235-0300] {processor.py:925} INFO - DAG(s) 'example_short_circuit_operator' retrieved from /home/nico/.local/lib/python3.10/site-packages/airflow/example_dags/example_short_circuit_operator.py
[2024-10-31T00:05:34.322-0300] {logging_mixin.py:190} INFO - [2024-10-31T00:05:34.322-0300] {dag.py:3239} INFO - Sync 1 DAGs
[2024-10-31T00:05:34.380-0300] {logging_mixin.py:190} INFO - [2024-10-31T00:05:34.379-0300] {dag.py:4180} INFO - Setting next_dagrun for example_short_circuit_operator to None, run_after=None
[2024-10-31T00:05:34.607-0300] {processor.py:208} INFO - Processing /home/nico/.local/lib/python3.10/site-packages/airflow/example_dags/example_short_circuit_operator.py took 0.412 seconds
[2024-10-31T00:08:23.760-0300] {processor.py:186} INFO - Started process (PID=104216) to work on /home/nico/.local/lib/python3.10/site-packages/airflow/example_dags/example_short_circuit_operator.py
[2024-10-31T00:08:23.763-0300] {processor.py:914} INFO - Processing file /home/nico/.local/lib/python3.10/site-packages/airflow/example_dags/example_short_circuit_operator.py for tasks to queue
[2024-10-31T00:08:23.768-0300] {logging_mixin.py:190} INFO - [2024-10-31T00:08:23.767-0300] {dagbag.py:588} INFO - Filling up the DagBag from /home/nico/.local/lib/python3.10/site-packages/airflow/example_dags/example_short_circuit_operator.py
[2024-10-31T00:08:23.794-0300] {processor.py:925} INFO - DAG(s) 'example_short_circuit_operator' retrieved from /home/nico/.local/lib/python3.10/site-packages/airflow/example_dags/example_short_circuit_operator.py
[2024-10-31T00:08:23.866-0300] {logging_mixin.py:190} INFO - [2024-10-31T00:08:23.866-0300] {dag.py:3239} INFO - Sync 1 DAGs
[2024-10-31T00:08:23.902-0300] {logging_mixin.py:190} INFO - [2024-10-31T00:08:23.901-0300] {dag.py:4180} INFO - Setting next_dagrun for example_short_circuit_operator to None, run_after=None
[2024-10-31T00:08:24.024-0300] {processor.py:208} INFO - Processing /home/nico/.local/lib/python3.10/site-packages/airflow/example_dags/example_short_circuit_operator.py took 0.284 seconds
[2024-10-31T00:11:09.037-0300] {processor.py:186} INFO - Started process (PID=104901) to work on /home/nico/.local/lib/python3.10/site-packages/airflow/example_dags/example_short_circuit_operator.py
[2024-10-31T00:11:09.043-0300] {processor.py:914} INFO - Processing file /home/nico/.local/lib/python3.10/site-packages/airflow/example_dags/example_short_circuit_operator.py for tasks to queue
[2024-10-31T00:11:09.050-0300] {logging_mixin.py:190} INFO - [2024-10-31T00:11:09.049-0300] {dagbag.py:588} INFO - Filling up the DagBag from /home/nico/.local/lib/python3.10/site-packages/airflow/example_dags/example_short_circuit_operator.py
[2024-10-31T00:11:09.068-0300] {processor.py:925} INFO - DAG(s) 'example_short_circuit_operator' retrieved from /home/nico/.local/lib/python3.10/site-packages/airflow/example_dags/example_short_circuit_operator.py
[2024-10-31T00:11:09.204-0300] {logging_mixin.py:190} INFO - [2024-10-31T00:11:09.203-0300] {dag.py:3239} INFO - Sync 1 DAGs
[2024-10-31T00:11:09.292-0300] {logging_mixin.py:190} INFO - [2024-10-31T00:11:09.291-0300] {dag.py:4180} INFO - Setting next_dagrun for example_short_circuit_operator to None, run_after=None
[2024-10-31T00:11:09.512-0300] {processor.py:208} INFO - Processing /home/nico/.local/lib/python3.10/site-packages/airflow/example_dags/example_short_circuit_operator.py took 0.500 seconds
[2024-10-31T00:13:23.610-0300] {processor.py:186} INFO - Started process (PID=105496) to work on /home/nico/.local/lib/python3.10/site-packages/airflow/example_dags/example_short_circuit_operator.py
[2024-10-31T00:13:23.612-0300] {processor.py:914} INFO - Processing file /home/nico/.local/lib/python3.10/site-packages/airflow/example_dags/example_short_circuit_operator.py for tasks to queue
[2024-10-31T00:13:23.616-0300] {logging_mixin.py:190} INFO - [2024-10-31T00:13:23.615-0300] {dagbag.py:588} INFO - Filling up the DagBag from /home/nico/.local/lib/python3.10/site-packages/airflow/example_dags/example_short_circuit_operator.py
[2024-10-31T00:13:23.635-0300] {processor.py:925} INFO - DAG(s) 'example_short_circuit_operator' retrieved from /home/nico/.local/lib/python3.10/site-packages/airflow/example_dags/example_short_circuit_operator.py
[2024-10-31T00:13:23.712-0300] {logging_mixin.py:190} INFO - [2024-10-31T00:13:23.711-0300] {dag.py:3239} INFO - Sync 1 DAGs
[2024-10-31T00:13:23.756-0300] {logging_mixin.py:190} INFO - [2024-10-31T00:13:23.756-0300] {dag.py:4180} INFO - Setting next_dagrun for example_short_circuit_operator to None, run_after=None
[2024-10-31T00:13:23.883-0300] {processor.py:208} INFO - Processing /home/nico/.local/lib/python3.10/site-packages/airflow/example_dags/example_short_circuit_operator.py took 0.289 seconds
[2024-10-31T00:15:32.145-0300] {processor.py:186} INFO - Started process (PID=106066) to work on /home/nico/.local/lib/python3.10/site-packages/airflow/example_dags/example_short_circuit_operator.py
[2024-10-31T00:15:32.148-0300] {processor.py:914} INFO - Processing file /home/nico/.local/lib/python3.10/site-packages/airflow/example_dags/example_short_circuit_operator.py for tasks to queue
[2024-10-31T00:15:32.152-0300] {logging_mixin.py:190} INFO - [2024-10-31T00:15:32.151-0300] {dagbag.py:588} INFO - Filling up the DagBag from /home/nico/.local/lib/python3.10/site-packages/airflow/example_dags/example_short_circuit_operator.py
[2024-10-31T00:15:32.173-0300] {processor.py:925} INFO - DAG(s) 'example_short_circuit_operator' retrieved from /home/nico/.local/lib/python3.10/site-packages/airflow/example_dags/example_short_circuit_operator.py
[2024-10-31T00:15:32.237-0300] {logging_mixin.py:190} INFO - [2024-10-31T00:15:32.236-0300] {dag.py:3239} INFO - Sync 1 DAGs
[2024-10-31T00:15:32.270-0300] {logging_mixin.py:190} INFO - [2024-10-31T00:15:32.269-0300] {dag.py:4180} INFO - Setting next_dagrun for example_short_circuit_operator to None, run_after=None
[2024-10-31T00:15:32.398-0300] {processor.py:208} INFO - Processing /home/nico/.local/lib/python3.10/site-packages/airflow/example_dags/example_short_circuit_operator.py took 0.269 seconds
[2024-10-31T00:17:36.802-0300] {processor.py:186} INFO - Started process (PID=106622) to work on /home/nico/.local/lib/python3.10/site-packages/airflow/example_dags/example_short_circuit_operator.py
[2024-10-31T00:17:36.804-0300] {processor.py:914} INFO - Processing file /home/nico/.local/lib/python3.10/site-packages/airflow/example_dags/example_short_circuit_operator.py for tasks to queue
[2024-10-31T00:17:36.807-0300] {logging_mixin.py:190} INFO - [2024-10-31T00:17:36.806-0300] {dagbag.py:588} INFO - Filling up the DagBag from /home/nico/.local/lib/python3.10/site-packages/airflow/example_dags/example_short_circuit_operator.py
[2024-10-31T00:17:36.823-0300] {processor.py:925} INFO - DAG(s) 'example_short_circuit_operator' retrieved from /home/nico/.local/lib/python3.10/site-packages/airflow/example_dags/example_short_circuit_operator.py
[2024-10-31T00:17:36.958-0300] {logging_mixin.py:190} INFO - [2024-10-31T00:17:36.957-0300] {dag.py:3239} INFO - Sync 1 DAGs
[2024-10-31T00:17:37.032-0300] {logging_mixin.py:190} INFO - [2024-10-31T00:17:37.031-0300] {dag.py:4180} INFO - Setting next_dagrun for example_short_circuit_operator to None, run_after=None
[2024-10-31T00:17:37.185-0300] {processor.py:208} INFO - Processing /home/nico/.local/lib/python3.10/site-packages/airflow/example_dags/example_short_circuit_operator.py took 0.399 seconds
