[2024-10-30T21:00:46.848-0300] {processor.py:186} INFO - Started process (PID=99693) to work on /home/nico/.local/lib/python3.10/site-packages/airflow/example_dags/tutorial.py
[2024-10-30T21:00:46.851-0300] {processor.py:914} INFO - Processing file /home/nico/.local/lib/python3.10/site-packages/airflow/example_dags/tutorial.py for tasks to queue
[2024-10-30T21:00:46.854-0300] {logging_mixin.py:190} INFO - [2024-10-30T21:00:46.853-0300] {dagbag.py:588} INFO - Filling up the DagBag from /home/nico/.local/lib/python3.10/site-packages/airflow/example_dags/tutorial.py
[2024-10-30T21:00:46.875-0300] {processor.py:925} INFO - DAG(s) 'tutorial' retrieved from /home/nico/.local/lib/python3.10/site-packages/airflow/example_dags/tutorial.py
[2024-10-30T21:00:46.936-0300] {logging_mixin.py:190} INFO - [2024-10-30T21:00:46.935-0300] {dag.py:3239} INFO - Sync 1 DAGs
[2024-10-30T21:00:47.005-0300] {logging_mixin.py:190} INFO - [2024-10-30T21:00:47.005-0300] {dag.py:4180} INFO - Setting next_dagrun for tutorial to 2024-10-30 00:00:00+00:00, run_after=2024-10-31 00:00:00+00:00
[2024-10-30T21:00:47.134-0300] {processor.py:208} INFO - Processing /home/nico/.local/lib/python3.10/site-packages/airflow/example_dags/tutorial.py took 0.305 seconds
[2024-10-30T21:02:48.768-0300] {processor.py:186} INFO - Started process (PID=100240) to work on /home/nico/.local/lib/python3.10/site-packages/airflow/example_dags/tutorial.py
[2024-10-30T21:02:48.771-0300] {processor.py:914} INFO - Processing file /home/nico/.local/lib/python3.10/site-packages/airflow/example_dags/tutorial.py for tasks to queue
[2024-10-30T21:02:48.776-0300] {logging_mixin.py:190} INFO - [2024-10-30T21:02:48.774-0300] {dagbag.py:588} INFO - Filling up the DagBag from /home/nico/.local/lib/python3.10/site-packages/airflow/example_dags/tutorial.py
[2024-10-30T21:02:48.796-0300] {processor.py:925} INFO - DAG(s) 'tutorial' retrieved from /home/nico/.local/lib/python3.10/site-packages/airflow/example_dags/tutorial.py
[2024-10-30T21:02:48.867-0300] {logging_mixin.py:190} INFO - [2024-10-30T21:02:48.866-0300] {dag.py:3239} INFO - Sync 1 DAGs
[2024-10-30T21:02:48.931-0300] {logging_mixin.py:190} INFO - [2024-10-30T21:02:48.931-0300] {dag.py:4180} INFO - Setting next_dagrun for tutorial to 2024-10-30 00:00:00+00:00, run_after=2024-10-31 00:00:00+00:00
[2024-10-30T21:02:49.063-0300] {processor.py:208} INFO - Processing /home/nico/.local/lib/python3.10/site-packages/airflow/example_dags/tutorial.py took 0.312 seconds
[2024-10-30T21:04:09.319-0300] {processor.py:186} INFO - Started process (PID=100597) to work on /home/nico/.local/lib/python3.10/site-packages/airflow/example_dags/tutorial.py
[2024-10-30T21:04:09.322-0300] {processor.py:914} INFO - Processing file /home/nico/.local/lib/python3.10/site-packages/airflow/example_dags/tutorial.py for tasks to queue
[2024-10-30T21:04:09.326-0300] {logging_mixin.py:190} INFO - [2024-10-30T21:04:09.325-0300] {dagbag.py:588} INFO - Filling up the DagBag from /home/nico/.local/lib/python3.10/site-packages/airflow/example_dags/tutorial.py
[2024-10-30T21:04:09.346-0300] {processor.py:925} INFO - DAG(s) 'tutorial' retrieved from /home/nico/.local/lib/python3.10/site-packages/airflow/example_dags/tutorial.py
[2024-10-30T21:04:09.404-0300] {logging_mixin.py:190} INFO - [2024-10-30T21:04:09.404-0300] {dag.py:3239} INFO - Sync 1 DAGs
[2024-10-30T21:04:09.471-0300] {logging_mixin.py:190} INFO - [2024-10-30T21:04:09.470-0300] {dag.py:4180} INFO - Setting next_dagrun for tutorial to 2024-10-30 00:00:00+00:00, run_after=2024-10-31 00:00:00+00:00
[2024-10-30T21:04:09.718-0300] {processor.py:208} INFO - Processing /home/nico/.local/lib/python3.10/site-packages/airflow/example_dags/tutorial.py took 0.413 seconds
[2024-10-30T21:05:21.898-0300] {processor.py:186} INFO - Started process (PID=100916) to work on /home/nico/.local/lib/python3.10/site-packages/airflow/example_dags/tutorial.py
[2024-10-30T21:05:21.901-0300] {processor.py:914} INFO - Processing file /home/nico/.local/lib/python3.10/site-packages/airflow/example_dags/tutorial.py for tasks to queue
[2024-10-30T21:05:21.905-0300] {logging_mixin.py:190} INFO - [2024-10-30T21:05:21.904-0300] {dagbag.py:588} INFO - Filling up the DagBag from /home/nico/.local/lib/python3.10/site-packages/airflow/example_dags/tutorial.py
[2024-10-30T21:05:21.922-0300] {processor.py:925} INFO - DAG(s) 'tutorial' retrieved from /home/nico/.local/lib/python3.10/site-packages/airflow/example_dags/tutorial.py
[2024-10-30T21:05:21.976-0300] {logging_mixin.py:190} INFO - [2024-10-30T21:05:21.976-0300] {dag.py:3239} INFO - Sync 1 DAGs
[2024-10-30T21:05:22.047-0300] {logging_mixin.py:190} INFO - [2024-10-30T21:05:22.046-0300] {dag.py:4180} INFO - Setting next_dagrun for tutorial to 2024-10-30 00:00:00+00:00, run_after=2024-10-31 00:00:00+00:00
[2024-10-30T21:05:22.218-0300] {processor.py:208} INFO - Processing /home/nico/.local/lib/python3.10/site-packages/airflow/example_dags/tutorial.py took 0.336 seconds
[2024-10-30T21:06:41.220-0300] {processor.py:186} INFO - Started process (PID=101262) to work on /home/nico/.local/lib/python3.10/site-packages/airflow/example_dags/tutorial.py
[2024-10-30T21:06:41.224-0300] {processor.py:914} INFO - Processing file /home/nico/.local/lib/python3.10/site-packages/airflow/example_dags/tutorial.py for tasks to queue
[2024-10-30T21:06:41.229-0300] {logging_mixin.py:190} INFO - [2024-10-30T21:06:41.227-0300] {dagbag.py:588} INFO - Filling up the DagBag from /home/nico/.local/lib/python3.10/site-packages/airflow/example_dags/tutorial.py
[2024-10-30T21:06:41.245-0300] {processor.py:925} INFO - DAG(s) 'tutorial' retrieved from /home/nico/.local/lib/python3.10/site-packages/airflow/example_dags/tutorial.py
[2024-10-30T21:06:41.305-0300] {logging_mixin.py:190} INFO - [2024-10-30T21:06:41.304-0300] {dag.py:3239} INFO - Sync 1 DAGs
[2024-10-30T21:06:41.372-0300] {logging_mixin.py:190} INFO - [2024-10-30T21:06:41.371-0300] {dag.py:4180} INFO - Setting next_dagrun for tutorial to 2024-10-30 00:00:00+00:00, run_after=2024-10-31 00:00:00+00:00
[2024-10-30T21:06:41.500-0300] {processor.py:208} INFO - Processing /home/nico/.local/lib/python3.10/site-packages/airflow/example_dags/tutorial.py took 0.297 seconds
[2024-10-30T23:59:33.620-0300] {processor.py:186} INFO - Started process (PID=101905) to work on /home/nico/.local/lib/python3.10/site-packages/airflow/example_dags/tutorial.py
[2024-10-30T23:59:33.633-0300] {processor.py:914} INFO - Processing file /home/nico/.local/lib/python3.10/site-packages/airflow/example_dags/tutorial.py for tasks to queue
[2024-10-30T23:59:33.639-0300] {logging_mixin.py:190} INFO - [2024-10-30T23:59:33.637-0300] {dagbag.py:588} INFO - Filling up the DagBag from /home/nico/.local/lib/python3.10/site-packages/airflow/example_dags/tutorial.py
[2024-10-30T23:59:33.700-0300] {processor.py:925} INFO - DAG(s) 'tutorial' retrieved from /home/nico/.local/lib/python3.10/site-packages/airflow/example_dags/tutorial.py
[2024-10-30T23:59:33.820-0300] {logging_mixin.py:190} INFO - [2024-10-30T23:59:33.819-0300] {dag.py:3239} INFO - Sync 1 DAGs
[2024-10-30T23:59:33.927-0300] {logging_mixin.py:190} INFO - [2024-10-30T23:59:33.926-0300] {dag.py:4180} INFO - Setting next_dagrun for tutorial to 2024-10-30 00:00:00+00:00, run_after=2024-10-31 00:00:00+00:00
[2024-10-30T23:59:34.133-0300] {processor.py:208} INFO - Processing /home/nico/.local/lib/python3.10/site-packages/airflow/example_dags/tutorial.py took 0.568 seconds
[2024-10-31T00:01:00.413-0300] {processor.py:186} INFO - Started process (PID=102291) to work on /home/nico/.local/lib/python3.10/site-packages/airflow/example_dags/tutorial.py
[2024-10-31T00:01:00.415-0300] {processor.py:914} INFO - Processing file /home/nico/.local/lib/python3.10/site-packages/airflow/example_dags/tutorial.py for tasks to queue
[2024-10-31T00:01:00.419-0300] {logging_mixin.py:190} INFO - [2024-10-31T00:01:00.418-0300] {dagbag.py:588} INFO - Filling up the DagBag from /home/nico/.local/lib/python3.10/site-packages/airflow/example_dags/tutorial.py
[2024-10-31T00:01:00.439-0300] {processor.py:925} INFO - DAG(s) 'tutorial' retrieved from /home/nico/.local/lib/python3.10/site-packages/airflow/example_dags/tutorial.py
[2024-10-31T00:01:00.497-0300] {logging_mixin.py:190} INFO - [2024-10-31T00:01:00.497-0300] {dag.py:3239} INFO - Sync 1 DAGs
[2024-10-31T00:01:00.557-0300] {logging_mixin.py:190} INFO - [2024-10-31T00:01:00.557-0300] {dag.py:4180} INFO - Setting next_dagrun for tutorial to 2024-10-30 00:00:00+00:00, run_after=2024-10-31 00:00:00+00:00
[2024-10-31T00:01:00.712-0300] {processor.py:208} INFO - Processing /home/nico/.local/lib/python3.10/site-packages/airflow/example_dags/tutorial.py took 0.314 seconds
[2024-10-31T00:02:13.228-0300] {processor.py:186} INFO - Started process (PID=102611) to work on /home/nico/.local/lib/python3.10/site-packages/airflow/example_dags/tutorial.py
[2024-10-31T00:02:13.230-0300] {processor.py:914} INFO - Processing file /home/nico/.local/lib/python3.10/site-packages/airflow/example_dags/tutorial.py for tasks to queue
[2024-10-31T00:02:13.234-0300] {logging_mixin.py:190} INFO - [2024-10-31T00:02:13.233-0300] {dagbag.py:588} INFO - Filling up the DagBag from /home/nico/.local/lib/python3.10/site-packages/airflow/example_dags/tutorial.py
[2024-10-31T00:02:13.251-0300] {processor.py:925} INFO - DAG(s) 'tutorial' retrieved from /home/nico/.local/lib/python3.10/site-packages/airflow/example_dags/tutorial.py
[2024-10-31T00:02:13.318-0300] {logging_mixin.py:190} INFO - [2024-10-31T00:02:13.318-0300] {dag.py:3239} INFO - Sync 1 DAGs
[2024-10-31T00:02:13.389-0300] {logging_mixin.py:190} INFO - [2024-10-31T00:02:13.389-0300] {dag.py:4180} INFO - Setting next_dagrun for tutorial to 2024-10-30 00:00:00+00:00, run_after=2024-10-31 00:00:00+00:00
[2024-10-31T00:02:13.523-0300] {processor.py:208} INFO - Processing /home/nico/.local/lib/python3.10/site-packages/airflow/example_dags/tutorial.py took 0.310 seconds
[2024-10-31T00:03:35.415-0300] {processor.py:186} INFO - Started process (PID=102968) to work on /home/nico/.local/lib/python3.10/site-packages/airflow/example_dags/tutorial.py
[2024-10-31T00:03:35.423-0300] {processor.py:914} INFO - Processing file /home/nico/.local/lib/python3.10/site-packages/airflow/example_dags/tutorial.py for tasks to queue
[2024-10-31T00:03:35.430-0300] {logging_mixin.py:190} INFO - [2024-10-31T00:03:35.429-0300] {dagbag.py:588} INFO - Filling up the DagBag from /home/nico/.local/lib/python3.10/site-packages/airflow/example_dags/tutorial.py
[2024-10-31T00:03:35.458-0300] {processor.py:925} INFO - DAG(s) 'tutorial' retrieved from /home/nico/.local/lib/python3.10/site-packages/airflow/example_dags/tutorial.py
[2024-10-31T00:03:35.568-0300] {logging_mixin.py:190} INFO - [2024-10-31T00:03:35.568-0300] {dag.py:3239} INFO - Sync 1 DAGs
[2024-10-31T00:03:35.697-0300] {logging_mixin.py:190} INFO - [2024-10-31T00:03:35.697-0300] {dag.py:4180} INFO - Setting next_dagrun for tutorial to 2024-10-30 00:00:00+00:00, run_after=2024-10-31 00:00:00+00:00
[2024-10-31T00:03:36.011-0300] {processor.py:208} INFO - Processing /home/nico/.local/lib/python3.10/site-packages/airflow/example_dags/tutorial.py took 0.624 seconds
[2024-10-31T00:05:02.137-0300] {processor.py:186} INFO - Started process (PID=103341) to work on /home/nico/.local/lib/python3.10/site-packages/airflow/example_dags/tutorial.py
[2024-10-31T00:05:02.141-0300] {processor.py:914} INFO - Processing file /home/nico/.local/lib/python3.10/site-packages/airflow/example_dags/tutorial.py for tasks to queue
[2024-10-31T00:05:02.146-0300] {logging_mixin.py:190} INFO - [2024-10-31T00:05:02.145-0300] {dagbag.py:588} INFO - Filling up the DagBag from /home/nico/.local/lib/python3.10/site-packages/airflow/example_dags/tutorial.py
[2024-10-31T00:05:02.171-0300] {processor.py:925} INFO - DAG(s) 'tutorial' retrieved from /home/nico/.local/lib/python3.10/site-packages/airflow/example_dags/tutorial.py
[2024-10-31T00:05:02.290-0300] {logging_mixin.py:190} INFO - [2024-10-31T00:05:02.289-0300] {dag.py:3239} INFO - Sync 1 DAGs
[2024-10-31T00:05:02.394-0300] {logging_mixin.py:190} INFO - [2024-10-31T00:05:02.393-0300] {dag.py:4180} INFO - Setting next_dagrun for tutorial to 2024-10-30 00:00:00+00:00, run_after=2024-10-31 00:00:00+00:00
[2024-10-31T00:05:02.529-0300] {processor.py:208} INFO - Processing /home/nico/.local/lib/python3.10/site-packages/airflow/example_dags/tutorial.py took 0.421 seconds
[2024-10-31T00:06:38.885-0300] {processor.py:186} INFO - Started process (PID=103758) to work on /home/nico/.local/lib/python3.10/site-packages/airflow/example_dags/tutorial.py
[2024-10-31T00:06:38.887-0300] {processor.py:914} INFO - Processing file /home/nico/.local/lib/python3.10/site-packages/airflow/example_dags/tutorial.py for tasks to queue
[2024-10-31T00:06:38.890-0300] {logging_mixin.py:190} INFO - [2024-10-31T00:06:38.889-0300] {dagbag.py:588} INFO - Filling up the DagBag from /home/nico/.local/lib/python3.10/site-packages/airflow/example_dags/tutorial.py
[2024-10-31T00:06:38.917-0300] {processor.py:925} INFO - DAG(s) 'tutorial' retrieved from /home/nico/.local/lib/python3.10/site-packages/airflow/example_dags/tutorial.py
[2024-10-31T00:06:38.984-0300] {logging_mixin.py:190} INFO - [2024-10-31T00:06:38.983-0300] {dag.py:3239} INFO - Sync 1 DAGs
[2024-10-31T00:06:39.138-0300] {logging_mixin.py:190} INFO - [2024-10-31T00:06:39.138-0300] {dag.py:4180} INFO - Setting next_dagrun for tutorial to 2024-10-30 00:00:00+00:00, run_after=2024-10-31 00:00:00+00:00
[2024-10-31T00:06:39.318-0300] {processor.py:208} INFO - Processing /home/nico/.local/lib/python3.10/site-packages/airflow/example_dags/tutorial.py took 0.453 seconds
[2024-10-31T00:07:58.032-0300] {processor.py:186} INFO - Started process (PID=104101) to work on /home/nico/.local/lib/python3.10/site-packages/airflow/example_dags/tutorial.py
[2024-10-31T00:07:58.036-0300] {processor.py:914} INFO - Processing file /home/nico/.local/lib/python3.10/site-packages/airflow/example_dags/tutorial.py for tasks to queue
[2024-10-31T00:07:58.041-0300] {logging_mixin.py:190} INFO - [2024-10-31T00:07:58.039-0300] {dagbag.py:588} INFO - Filling up the DagBag from /home/nico/.local/lib/python3.10/site-packages/airflow/example_dags/tutorial.py
[2024-10-31T00:07:58.066-0300] {processor.py:925} INFO - DAG(s) 'tutorial' retrieved from /home/nico/.local/lib/python3.10/site-packages/airflow/example_dags/tutorial.py
[2024-10-31T00:07:58.125-0300] {logging_mixin.py:190} INFO - [2024-10-31T00:07:58.124-0300] {dag.py:3239} INFO - Sync 1 DAGs
[2024-10-31T00:07:58.191-0300] {logging_mixin.py:190} INFO - [2024-10-31T00:07:58.190-0300] {dag.py:4180} INFO - Setting next_dagrun for tutorial to 2024-10-30 00:00:00+00:00, run_after=2024-10-31 00:00:00+00:00
[2024-10-31T00:07:58.321-0300] {processor.py:208} INFO - Processing /home/nico/.local/lib/python3.10/site-packages/airflow/example_dags/tutorial.py took 0.311 seconds
[2024-10-31T00:09:12.028-0300] {processor.py:186} INFO - Started process (PID=104430) to work on /home/nico/.local/lib/python3.10/site-packages/airflow/example_dags/tutorial.py
[2024-10-31T00:09:12.031-0300] {processor.py:914} INFO - Processing file /home/nico/.local/lib/python3.10/site-packages/airflow/example_dags/tutorial.py for tasks to queue
[2024-10-31T00:09:12.035-0300] {logging_mixin.py:190} INFO - [2024-10-31T00:09:12.033-0300] {dagbag.py:588} INFO - Filling up the DagBag from /home/nico/.local/lib/python3.10/site-packages/airflow/example_dags/tutorial.py
[2024-10-31T00:09:12.062-0300] {processor.py:925} INFO - DAG(s) 'tutorial' retrieved from /home/nico/.local/lib/python3.10/site-packages/airflow/example_dags/tutorial.py
[2024-10-31T00:09:12.127-0300] {logging_mixin.py:190} INFO - [2024-10-31T00:09:12.127-0300] {dag.py:3239} INFO - Sync 1 DAGs
[2024-10-31T00:09:12.201-0300] {logging_mixin.py:190} INFO - [2024-10-31T00:09:12.201-0300] {dag.py:4180} INFO - Setting next_dagrun for tutorial to 2024-10-30 00:00:00+00:00, run_after=2024-10-31 00:00:00+00:00
[2024-10-31T00:09:12.329-0300] {processor.py:208} INFO - Processing /home/nico/.local/lib/python3.10/site-packages/airflow/example_dags/tutorial.py took 0.319 seconds
[2024-10-31T00:10:38.526-0300] {processor.py:186} INFO - Started process (PID=104767) to work on /home/nico/.local/lib/python3.10/site-packages/airflow/example_dags/tutorial.py
[2024-10-31T00:10:38.546-0300] {processor.py:914} INFO - Processing file /home/nico/.local/lib/python3.10/site-packages/airflow/example_dags/tutorial.py for tasks to queue
[2024-10-31T00:10:38.551-0300] {logging_mixin.py:190} INFO - [2024-10-31T00:10:38.550-0300] {dagbag.py:588} INFO - Filling up the DagBag from /home/nico/.local/lib/python3.10/site-packages/airflow/example_dags/tutorial.py
[2024-10-31T00:10:38.580-0300] {processor.py:925} INFO - DAG(s) 'tutorial' retrieved from /home/nico/.local/lib/python3.10/site-packages/airflow/example_dags/tutorial.py
[2024-10-31T00:10:38.674-0300] {logging_mixin.py:190} INFO - [2024-10-31T00:10:38.674-0300] {dag.py:3239} INFO - Sync 1 DAGs
[2024-10-31T00:10:38.745-0300] {logging_mixin.py:190} INFO - [2024-10-31T00:10:38.745-0300] {dag.py:4180} INFO - Setting next_dagrun for tutorial to 2024-10-30 00:00:00+00:00, run_after=2024-10-31 00:00:00+00:00
[2024-10-31T00:10:38.877-0300] {processor.py:208} INFO - Processing /home/nico/.local/lib/python3.10/site-packages/airflow/example_dags/tutorial.py took 0.383 seconds
[2024-10-31T00:12:00.535-0300] {processor.py:186} INFO - Started process (PID=105126) to work on /home/nico/.local/lib/python3.10/site-packages/airflow/example_dags/tutorial.py
[2024-10-31T00:12:00.538-0300] {processor.py:914} INFO - Processing file /home/nico/.local/lib/python3.10/site-packages/airflow/example_dags/tutorial.py for tasks to queue
[2024-10-31T00:12:00.541-0300] {logging_mixin.py:190} INFO - [2024-10-31T00:12:00.541-0300] {dagbag.py:588} INFO - Filling up the DagBag from /home/nico/.local/lib/python3.10/site-packages/airflow/example_dags/tutorial.py
[2024-10-31T00:12:00.560-0300] {processor.py:925} INFO - DAG(s) 'tutorial' retrieved from /home/nico/.local/lib/python3.10/site-packages/airflow/example_dags/tutorial.py
[2024-10-31T00:12:00.625-0300] {logging_mixin.py:190} INFO - [2024-10-31T00:12:00.625-0300] {dag.py:3239} INFO - Sync 1 DAGs
[2024-10-31T00:12:00.702-0300] {logging_mixin.py:190} INFO - [2024-10-31T00:12:00.701-0300] {dag.py:4180} INFO - Setting next_dagrun for tutorial to 2024-10-30 00:00:00+00:00, run_after=2024-10-31 00:00:00+00:00
[2024-10-31T00:12:00.825-0300] {processor.py:208} INFO - Processing /home/nico/.local/lib/python3.10/site-packages/airflow/example_dags/tutorial.py took 0.304 seconds
[2024-10-31T00:13:07.048-0300] {processor.py:186} INFO - Started process (PID=105422) to work on /home/nico/.local/lib/python3.10/site-packages/airflow/example_dags/tutorial.py
[2024-10-31T00:13:07.051-0300] {processor.py:914} INFO - Processing file /home/nico/.local/lib/python3.10/site-packages/airflow/example_dags/tutorial.py for tasks to queue
[2024-10-31T00:13:07.056-0300] {logging_mixin.py:190} INFO - [2024-10-31T00:13:07.055-0300] {dagbag.py:588} INFO - Filling up the DagBag from /home/nico/.local/lib/python3.10/site-packages/airflow/example_dags/tutorial.py
[2024-10-31T00:13:07.075-0300] {processor.py:925} INFO - DAG(s) 'tutorial' retrieved from /home/nico/.local/lib/python3.10/site-packages/airflow/example_dags/tutorial.py
[2024-10-31T00:13:07.137-0300] {logging_mixin.py:190} INFO - [2024-10-31T00:13:07.137-0300] {dag.py:3239} INFO - Sync 1 DAGs
[2024-10-31T00:13:07.199-0300] {logging_mixin.py:190} INFO - [2024-10-31T00:13:07.199-0300] {dag.py:4180} INFO - Setting next_dagrun for tutorial to 2024-10-30 00:00:00+00:00, run_after=2024-10-31 00:00:00+00:00
[2024-10-31T00:13:07.347-0300] {processor.py:208} INFO - Processing /home/nico/.local/lib/python3.10/site-packages/airflow/example_dags/tutorial.py took 0.319 seconds
[2024-10-31T00:14:12.512-0300] {processor.py:186} INFO - Started process (PID=105711) to work on /home/nico/.local/lib/python3.10/site-packages/airflow/example_dags/tutorial.py
[2024-10-31T00:14:12.515-0300] {processor.py:914} INFO - Processing file /home/nico/.local/lib/python3.10/site-packages/airflow/example_dags/tutorial.py for tasks to queue
[2024-10-31T00:14:12.518-0300] {logging_mixin.py:190} INFO - [2024-10-31T00:14:12.517-0300] {dagbag.py:588} INFO - Filling up the DagBag from /home/nico/.local/lib/python3.10/site-packages/airflow/example_dags/tutorial.py
[2024-10-31T00:14:12.534-0300] {processor.py:925} INFO - DAG(s) 'tutorial' retrieved from /home/nico/.local/lib/python3.10/site-packages/airflow/example_dags/tutorial.py
[2024-10-31T00:14:12.592-0300] {logging_mixin.py:190} INFO - [2024-10-31T00:14:12.591-0300] {dag.py:3239} INFO - Sync 1 DAGs
[2024-10-31T00:14:12.646-0300] {logging_mixin.py:190} INFO - [2024-10-31T00:14:12.646-0300] {dag.py:4180} INFO - Setting next_dagrun for tutorial to 2024-10-30 00:00:00+00:00, run_after=2024-10-31 00:00:00+00:00
[2024-10-31T00:14:12.766-0300] {processor.py:208} INFO - Processing /home/nico/.local/lib/python3.10/site-packages/airflow/example_dags/tutorial.py took 0.268 seconds
[2024-10-31T00:15:15.974-0300] {processor.py:186} INFO - Started process (PID=105993) to work on /home/nico/.local/lib/python3.10/site-packages/airflow/example_dags/tutorial.py
[2024-10-31T00:15:15.977-0300] {processor.py:914} INFO - Processing file /home/nico/.local/lib/python3.10/site-packages/airflow/example_dags/tutorial.py for tasks to queue
[2024-10-31T00:15:15.982-0300] {logging_mixin.py:190} INFO - [2024-10-31T00:15:15.981-0300] {dagbag.py:588} INFO - Filling up the DagBag from /home/nico/.local/lib/python3.10/site-packages/airflow/example_dags/tutorial.py
[2024-10-31T00:15:16.003-0300] {processor.py:925} INFO - DAG(s) 'tutorial' retrieved from /home/nico/.local/lib/python3.10/site-packages/airflow/example_dags/tutorial.py
[2024-10-31T00:15:16.073-0300] {logging_mixin.py:190} INFO - [2024-10-31T00:15:16.072-0300] {dag.py:3239} INFO - Sync 1 DAGs
[2024-10-31T00:15:16.143-0300] {logging_mixin.py:190} INFO - [2024-10-31T00:15:16.143-0300] {dag.py:4180} INFO - Setting next_dagrun for tutorial to 2024-10-30 00:00:00+00:00, run_after=2024-10-31 00:00:00+00:00
[2024-10-31T00:15:16.302-0300] {processor.py:208} INFO - Processing /home/nico/.local/lib/python3.10/site-packages/airflow/example_dags/tutorial.py took 0.348 seconds
[2024-10-31T00:16:18.455-0300] {processor.py:186} INFO - Started process (PID=106271) to work on /home/nico/.local/lib/python3.10/site-packages/airflow/example_dags/tutorial.py
[2024-10-31T00:16:18.457-0300] {processor.py:914} INFO - Processing file /home/nico/.local/lib/python3.10/site-packages/airflow/example_dags/tutorial.py for tasks to queue
[2024-10-31T00:16:18.460-0300] {logging_mixin.py:190} INFO - [2024-10-31T00:16:18.459-0300] {dagbag.py:588} INFO - Filling up the DagBag from /home/nico/.local/lib/python3.10/site-packages/airflow/example_dags/tutorial.py
[2024-10-31T00:16:18.476-0300] {processor.py:925} INFO - DAG(s) 'tutorial' retrieved from /home/nico/.local/lib/python3.10/site-packages/airflow/example_dags/tutorial.py
[2024-10-31T00:16:18.532-0300] {logging_mixin.py:190} INFO - [2024-10-31T00:16:18.532-0300] {dag.py:3239} INFO - Sync 1 DAGs
[2024-10-31T00:16:18.583-0300] {logging_mixin.py:190} INFO - [2024-10-31T00:16:18.583-0300] {dag.py:4180} INFO - Setting next_dagrun for tutorial to 2024-10-30 00:00:00+00:00, run_after=2024-10-31 00:00:00+00:00
[2024-10-31T00:16:18.748-0300] {processor.py:208} INFO - Processing /home/nico/.local/lib/python3.10/site-packages/airflow/example_dags/tutorial.py took 0.307 seconds
[2024-10-31T00:17:19.290-0300] {processor.py:186} INFO - Started process (PID=106545) to work on /home/nico/.local/lib/python3.10/site-packages/airflow/example_dags/tutorial.py
[2024-10-31T00:17:19.292-0300] {processor.py:914} INFO - Processing file /home/nico/.local/lib/python3.10/site-packages/airflow/example_dags/tutorial.py for tasks to queue
[2024-10-31T00:17:19.297-0300] {logging_mixin.py:190} INFO - [2024-10-31T00:17:19.296-0300] {dagbag.py:588} INFO - Filling up the DagBag from /home/nico/.local/lib/python3.10/site-packages/airflow/example_dags/tutorial.py
[2024-10-31T00:17:19.315-0300] {processor.py:925} INFO - DAG(s) 'tutorial' retrieved from /home/nico/.local/lib/python3.10/site-packages/airflow/example_dags/tutorial.py
[2024-10-31T00:17:19.369-0300] {logging_mixin.py:190} INFO - [2024-10-31T00:17:19.369-0300] {dag.py:3239} INFO - Sync 1 DAGs
[2024-10-31T00:17:19.440-0300] {logging_mixin.py:190} INFO - [2024-10-31T00:17:19.439-0300] {dag.py:4180} INFO - Setting next_dagrun for tutorial to 2024-10-30 00:00:00+00:00, run_after=2024-10-31 00:00:00+00:00
[2024-10-31T00:17:19.572-0300] {processor.py:208} INFO - Processing /home/nico/.local/lib/python3.10/site-packages/airflow/example_dags/tutorial.py took 0.299 seconds
[2024-10-31T00:18:26.058-0300] {processor.py:186} INFO - Started process (PID=106840) to work on /home/nico/.local/lib/python3.10/site-packages/airflow/example_dags/tutorial.py
[2024-10-31T00:18:26.061-0300] {processor.py:914} INFO - Processing file /home/nico/.local/lib/python3.10/site-packages/airflow/example_dags/tutorial.py for tasks to queue
[2024-10-31T00:18:26.064-0300] {logging_mixin.py:190} INFO - [2024-10-31T00:18:26.063-0300] {dagbag.py:588} INFO - Filling up the DagBag from /home/nico/.local/lib/python3.10/site-packages/airflow/example_dags/tutorial.py
[2024-10-31T00:18:26.081-0300] {processor.py:925} INFO - DAG(s) 'tutorial' retrieved from /home/nico/.local/lib/python3.10/site-packages/airflow/example_dags/tutorial.py
[2024-10-31T00:18:26.135-0300] {logging_mixin.py:190} INFO - [2024-10-31T00:18:26.135-0300] {dag.py:3239} INFO - Sync 1 DAGs
[2024-10-31T00:18:26.197-0300] {logging_mixin.py:190} INFO - [2024-10-31T00:18:26.196-0300] {dag.py:4180} INFO - Setting next_dagrun for tutorial to 2024-10-30 00:00:00+00:00, run_after=2024-10-31 00:00:00+00:00
[2024-10-31T00:18:26.320-0300] {processor.py:208} INFO - Processing /home/nico/.local/lib/python3.10/site-packages/airflow/example_dags/tutorial.py took 0.282 seconds
[2024-10-31T01:06:05.600-0300] {processor.py:186} INFO - Started process (PID=117979) to work on /home/nico/.local/lib/python3.10/site-packages/airflow/example_dags/tutorial.py
[2024-10-31T01:06:05.605-0300] {processor.py:914} INFO - Processing file /home/nico/.local/lib/python3.10/site-packages/airflow/example_dags/tutorial.py for tasks to queue
[2024-10-31T01:06:05.633-0300] {logging_mixin.py:190} INFO - [2024-10-31T01:06:05.622-0300] {dagbag.py:588} INFO - Filling up the DagBag from /home/nico/.local/lib/python3.10/site-packages/airflow/example_dags/tutorial.py
[2024-10-31T01:06:05.713-0300] {processor.py:925} INFO - DAG(s) 'tutorial' retrieved from /home/nico/.local/lib/python3.10/site-packages/airflow/example_dags/tutorial.py
[2024-10-31T01:06:06.198-0300] {logging_mixin.py:190} INFO - [2024-10-31T01:06:06.197-0300] {dag.py:3239} INFO - Sync 1 DAGs
[2024-10-31T01:06:06.760-0300] {logging_mixin.py:190} INFO - [2024-10-31T01:06:06.759-0300] {dag.py:4180} INFO - Setting next_dagrun for tutorial to 2024-10-30 00:00:00+00:00, run_after=2024-10-31 00:00:00+00:00
[2024-10-31T01:06:07.599-0300] {processor.py:208} INFO - Processing /home/nico/.local/lib/python3.10/site-packages/airflow/example_dags/tutorial.py took 2.066 seconds
[2024-10-31T01:09:33.208-0300] {processor.py:186} INFO - Started process (PID=118856) to work on /home/nico/.local/lib/python3.10/site-packages/airflow/example_dags/tutorial.py
[2024-10-31T01:09:33.220-0300] {processor.py:914} INFO - Processing file /home/nico/.local/lib/python3.10/site-packages/airflow/example_dags/tutorial.py for tasks to queue
[2024-10-31T01:09:33.240-0300] {logging_mixin.py:190} INFO - [2024-10-31T01:09:33.239-0300] {dagbag.py:588} INFO - Filling up the DagBag from /home/nico/.local/lib/python3.10/site-packages/airflow/example_dags/tutorial.py
[2024-10-31T01:09:33.306-0300] {processor.py:925} INFO - DAG(s) 'tutorial' retrieved from /home/nico/.local/lib/python3.10/site-packages/airflow/example_dags/tutorial.py
[2024-10-31T01:09:33.557-0300] {logging_mixin.py:190} INFO - [2024-10-31T01:09:33.556-0300] {dag.py:3239} INFO - Sync 1 DAGs
[2024-10-31T01:09:33.885-0300] {logging_mixin.py:190} INFO - [2024-10-31T01:09:33.881-0300] {dag.py:4180} INFO - Setting next_dagrun for tutorial to 2024-10-30 00:00:00+00:00, run_after=2024-10-31 00:00:00+00:00
[2024-10-31T01:09:34.157-0300] {processor.py:208} INFO - Processing /home/nico/.local/lib/python3.10/site-packages/airflow/example_dags/tutorial.py took 0.998 seconds
[2024-10-31T01:22:05.880-0300] {processor.py:186} INFO - Started process (PID=122031) to work on /home/nico/.local/lib/python3.10/site-packages/airflow/example_dags/tutorial.py
[2024-10-31T01:22:05.886-0300] {processor.py:914} INFO - Processing file /home/nico/.local/lib/python3.10/site-packages/airflow/example_dags/tutorial.py for tasks to queue
[2024-10-31T01:22:05.891-0300] {logging_mixin.py:190} INFO - [2024-10-31T01:22:05.889-0300] {dagbag.py:588} INFO - Filling up the DagBag from /home/nico/.local/lib/python3.10/site-packages/airflow/example_dags/tutorial.py
[2024-10-31T01:22:05.926-0300] {processor.py:925} INFO - DAG(s) 'tutorial' retrieved from /home/nico/.local/lib/python3.10/site-packages/airflow/example_dags/tutorial.py
[2024-10-31T01:22:06.024-0300] {logging_mixin.py:190} INFO - [2024-10-31T01:22:06.023-0300] {dag.py:3239} INFO - Sync 1 DAGs
[2024-10-31T01:22:06.128-0300] {logging_mixin.py:190} INFO - [2024-10-31T01:22:06.127-0300] {dag.py:4180} INFO - Setting next_dagrun for tutorial to 2024-10-30 00:00:00+00:00, run_after=2024-10-31 00:00:00+00:00
[2024-10-31T01:22:06.389-0300] {processor.py:208} INFO - Processing /home/nico/.local/lib/python3.10/site-packages/airflow/example_dags/tutorial.py took 0.534 seconds
[2024-10-31T01:24:58.406-0300] {processor.py:186} INFO - Started process (PID=122765) to work on /home/nico/.local/lib/python3.10/site-packages/airflow/example_dags/tutorial.py
[2024-10-31T01:24:58.410-0300] {processor.py:914} INFO - Processing file /home/nico/.local/lib/python3.10/site-packages/airflow/example_dags/tutorial.py for tasks to queue
[2024-10-31T01:24:58.414-0300] {logging_mixin.py:190} INFO - [2024-10-31T01:24:58.413-0300] {dagbag.py:588} INFO - Filling up the DagBag from /home/nico/.local/lib/python3.10/site-packages/airflow/example_dags/tutorial.py
[2024-10-31T01:24:58.443-0300] {processor.py:925} INFO - DAG(s) 'tutorial' retrieved from /home/nico/.local/lib/python3.10/site-packages/airflow/example_dags/tutorial.py
[2024-10-31T01:24:58.521-0300] {logging_mixin.py:190} INFO - [2024-10-31T01:24:58.520-0300] {dag.py:3239} INFO - Sync 1 DAGs
[2024-10-31T01:24:58.837-0300] {logging_mixin.py:190} INFO - [2024-10-31T01:24:58.836-0300] {dag.py:4180} INFO - Setting next_dagrun for tutorial to 2024-10-30 00:00:00+00:00, run_after=2024-10-31 00:00:00+00:00
[2024-10-31T01:24:58.971-0300] {processor.py:208} INFO - Processing /home/nico/.local/lib/python3.10/site-packages/airflow/example_dags/tutorial.py took 0.616 seconds
[2024-10-31T01:26:58.986-0300] {processor.py:186} INFO - Started process (PID=123276) to work on /home/nico/.local/lib/python3.10/site-packages/airflow/example_dags/tutorial.py
[2024-10-31T01:26:58.989-0300] {processor.py:914} INFO - Processing file /home/nico/.local/lib/python3.10/site-packages/airflow/example_dags/tutorial.py for tasks to queue
[2024-10-31T01:26:59.000-0300] {logging_mixin.py:190} INFO - [2024-10-31T01:26:58.998-0300] {dagbag.py:588} INFO - Filling up the DagBag from /home/nico/.local/lib/python3.10/site-packages/airflow/example_dags/tutorial.py
[2024-10-31T01:26:59.045-0300] {processor.py:925} INFO - DAG(s) 'tutorial' retrieved from /home/nico/.local/lib/python3.10/site-packages/airflow/example_dags/tutorial.py
[2024-10-31T01:26:59.617-0300] {logging_mixin.py:190} INFO - [2024-10-31T01:26:59.616-0300] {dag.py:3239} INFO - Sync 1 DAGs
[2024-10-31T01:26:59.673-0300] {logging_mixin.py:190} INFO - [2024-10-31T01:26:59.673-0300] {dag.py:4180} INFO - Setting next_dagrun for tutorial to 2024-10-30 00:00:00+00:00, run_after=2024-10-31 00:00:00+00:00
[2024-10-31T01:26:59.800-0300] {processor.py:208} INFO - Processing /home/nico/.local/lib/python3.10/site-packages/airflow/example_dags/tutorial.py took 0.850 seconds
[2024-10-31T01:28:44.561-0300] {processor.py:186} INFO - Started process (PID=123729) to work on /home/nico/.local/lib/python3.10/site-packages/airflow/example_dags/tutorial.py
[2024-10-31T01:28:44.564-0300] {processor.py:914} INFO - Processing file /home/nico/.local/lib/python3.10/site-packages/airflow/example_dags/tutorial.py for tasks to queue
[2024-10-31T01:28:44.569-0300] {logging_mixin.py:190} INFO - [2024-10-31T01:28:44.568-0300] {dagbag.py:588} INFO - Filling up the DagBag from /home/nico/.local/lib/python3.10/site-packages/airflow/example_dags/tutorial.py
[2024-10-31T01:28:44.598-0300] {processor.py:925} INFO - DAG(s) 'tutorial' retrieved from /home/nico/.local/lib/python3.10/site-packages/airflow/example_dags/tutorial.py
[2024-10-31T01:28:44.655-0300] {logging_mixin.py:190} INFO - [2024-10-31T01:28:44.654-0300] {dag.py:3239} INFO - Sync 1 DAGs
[2024-10-31T01:28:44.720-0300] {logging_mixin.py:190} INFO - [2024-10-31T01:28:44.719-0300] {dag.py:4180} INFO - Setting next_dagrun for tutorial to 2024-10-30 00:00:00+00:00, run_after=2024-10-31 00:00:00+00:00
[2024-10-31T01:28:44.853-0300] {processor.py:208} INFO - Processing /home/nico/.local/lib/python3.10/site-packages/airflow/example_dags/tutorial.py took 0.321 seconds
[2024-10-31T01:33:20.159-0300] {processor.py:186} INFO - Started process (PID=124919) to work on /home/nico/.local/lib/python3.10/site-packages/airflow/example_dags/tutorial.py
[2024-10-31T01:33:20.162-0300] {processor.py:914} INFO - Processing file /home/nico/.local/lib/python3.10/site-packages/airflow/example_dags/tutorial.py for tasks to queue
[2024-10-31T01:33:20.171-0300] {logging_mixin.py:190} INFO - [2024-10-31T01:33:20.169-0300] {dagbag.py:588} INFO - Filling up the DagBag from /home/nico/.local/lib/python3.10/site-packages/airflow/example_dags/tutorial.py
[2024-10-31T01:33:20.199-0300] {processor.py:925} INFO - DAG(s) 'tutorial' retrieved from /home/nico/.local/lib/python3.10/site-packages/airflow/example_dags/tutorial.py
[2024-10-31T01:33:20.283-0300] {logging_mixin.py:190} INFO - [2024-10-31T01:33:20.282-0300] {dag.py:3239} INFO - Sync 1 DAGs
[2024-10-31T01:33:20.389-0300] {logging_mixin.py:190} INFO - [2024-10-31T01:33:20.387-0300] {dag.py:4180} INFO - Setting next_dagrun for tutorial to 2024-10-30 00:00:00+00:00, run_after=2024-10-31 00:00:00+00:00
[2024-10-31T01:33:20.622-0300] {processor.py:208} INFO - Processing /home/nico/.local/lib/python3.10/site-packages/airflow/example_dags/tutorial.py took 0.482 seconds
[2024-10-31T01:35:29.440-0300] {processor.py:186} INFO - Started process (PID=125473) to work on /home/nico/.local/lib/python3.10/site-packages/airflow/example_dags/tutorial.py
[2024-10-31T01:35:29.453-0300] {processor.py:914} INFO - Processing file /home/nico/.local/lib/python3.10/site-packages/airflow/example_dags/tutorial.py for tasks to queue
[2024-10-31T01:35:29.470-0300] {logging_mixin.py:190} INFO - [2024-10-31T01:35:29.468-0300] {dagbag.py:588} INFO - Filling up the DagBag from /home/nico/.local/lib/python3.10/site-packages/airflow/example_dags/tutorial.py
[2024-10-31T01:35:29.547-0300] {processor.py:925} INFO - DAG(s) 'tutorial' retrieved from /home/nico/.local/lib/python3.10/site-packages/airflow/example_dags/tutorial.py
[2024-10-31T01:35:29.745-0300] {logging_mixin.py:190} INFO - [2024-10-31T01:35:29.743-0300] {dag.py:3239} INFO - Sync 1 DAGs
[2024-10-31T01:35:29.867-0300] {logging_mixin.py:190} INFO - [2024-10-31T01:35:29.866-0300] {dag.py:4180} INFO - Setting next_dagrun for tutorial to 2024-10-30 00:00:00+00:00, run_after=2024-10-31 00:00:00+00:00
[2024-10-31T01:35:30.124-0300] {processor.py:208} INFO - Processing /home/nico/.local/lib/python3.10/site-packages/airflow/example_dags/tutorial.py took 0.731 seconds
[2024-10-31T20:28:06.757-0300] {processor.py:186} INFO - Started process (PID=141391) to work on /home/nico/.local/lib/python3.10/site-packages/airflow/example_dags/tutorial.py
[2024-10-31T20:28:06.825-0300] {processor.py:914} INFO - Processing file /home/nico/.local/lib/python3.10/site-packages/airflow/example_dags/tutorial.py for tasks to queue
[2024-10-31T20:28:06.854-0300] {logging_mixin.py:190} INFO - [2024-10-31T20:28:06.852-0300] {dagbag.py:588} INFO - Filling up the DagBag from /home/nico/.local/lib/python3.10/site-packages/airflow/example_dags/tutorial.py
[2024-10-31T20:28:06.969-0300] {processor.py:925} INFO - DAG(s) 'tutorial' retrieved from /home/nico/.local/lib/python3.10/site-packages/airflow/example_dags/tutorial.py
[2024-10-31T20:28:07.233-0300] {logging_mixin.py:190} INFO - [2024-10-31T20:28:07.233-0300] {dag.py:3239} INFO - Sync 1 DAGs
[2024-10-31T20:28:07.646-0300] {logging_mixin.py:190} INFO - [2024-10-31T20:28:07.646-0300] {dag.py:4180} INFO - Setting next_dagrun for tutorial to 2024-10-30 00:00:00+00:00, run_after=2024-10-31 00:00:00+00:00
[2024-10-31T20:28:07.888-0300] {processor.py:208} INFO - Processing /home/nico/.local/lib/python3.10/site-packages/airflow/example_dags/tutorial.py took 1.178 seconds
[2024-10-31T20:31:47.060-0300] {processor.py:186} INFO - Started process (PID=142295) to work on /home/nico/.local/lib/python3.10/site-packages/airflow/example_dags/tutorial.py
[2024-10-31T20:31:47.070-0300] {processor.py:914} INFO - Processing file /home/nico/.local/lib/python3.10/site-packages/airflow/example_dags/tutorial.py for tasks to queue
[2024-10-31T20:31:47.082-0300] {logging_mixin.py:190} INFO - [2024-10-31T20:31:47.080-0300] {dagbag.py:588} INFO - Filling up the DagBag from /home/nico/.local/lib/python3.10/site-packages/airflow/example_dags/tutorial.py
[2024-10-31T20:31:47.121-0300] {processor.py:925} INFO - DAG(s) 'tutorial' retrieved from /home/nico/.local/lib/python3.10/site-packages/airflow/example_dags/tutorial.py
[2024-10-31T20:31:47.245-0300] {logging_mixin.py:190} INFO - [2024-10-31T20:31:47.244-0300] {dag.py:3239} INFO - Sync 1 DAGs
[2024-10-31T20:31:47.368-0300] {logging_mixin.py:190} INFO - [2024-10-31T20:31:47.368-0300] {dag.py:4180} INFO - Setting next_dagrun for tutorial to 2024-10-30 00:00:00+00:00, run_after=2024-10-31 00:00:00+00:00
[2024-10-31T20:31:47.586-0300] {processor.py:208} INFO - Processing /home/nico/.local/lib/python3.10/site-packages/airflow/example_dags/tutorial.py took 0.565 seconds
[2024-10-31T20:45:51.628-0300] {processor.py:186} INFO - Started process (PID=145874) to work on /home/nico/.local/lib/python3.10/site-packages/airflow/example_dags/tutorial.py
[2024-10-31T20:45:51.674-0300] {processor.py:914} INFO - Processing file /home/nico/.local/lib/python3.10/site-packages/airflow/example_dags/tutorial.py for tasks to queue
[2024-10-31T20:45:51.694-0300] {logging_mixin.py:190} INFO - [2024-10-31T20:45:51.692-0300] {dagbag.py:588} INFO - Filling up the DagBag from /home/nico/.local/lib/python3.10/site-packages/airflow/example_dags/tutorial.py
[2024-10-31T20:45:51.780-0300] {processor.py:925} INFO - DAG(s) 'tutorial' retrieved from /home/nico/.local/lib/python3.10/site-packages/airflow/example_dags/tutorial.py
[2024-10-31T20:45:52.114-0300] {logging_mixin.py:190} INFO - [2024-10-31T20:45:52.114-0300] {dag.py:3239} INFO - Sync 1 DAGs
[2024-10-31T20:45:52.266-0300] {logging_mixin.py:190} INFO - [2024-10-31T20:45:52.265-0300] {dag.py:4180} INFO - Setting next_dagrun for tutorial to 2024-10-30 00:00:00+00:00, run_after=2024-10-31 00:00:00+00:00
[2024-10-31T20:45:52.431-0300] {processor.py:208} INFO - Processing /home/nico/.local/lib/python3.10/site-packages/airflow/example_dags/tutorial.py took 0.867 seconds
[2024-10-31T20:48:09.787-0300] {processor.py:186} INFO - Started process (PID=146466) to work on /home/nico/.local/lib/python3.10/site-packages/airflow/example_dags/tutorial.py
[2024-10-31T20:48:09.790-0300] {processor.py:914} INFO - Processing file /home/nico/.local/lib/python3.10/site-packages/airflow/example_dags/tutorial.py for tasks to queue
[2024-10-31T20:48:09.796-0300] {logging_mixin.py:190} INFO - [2024-10-31T20:48:09.794-0300] {dagbag.py:588} INFO - Filling up the DagBag from /home/nico/.local/lib/python3.10/site-packages/airflow/example_dags/tutorial.py
[2024-10-31T20:48:09.817-0300] {processor.py:925} INFO - DAG(s) 'tutorial' retrieved from /home/nico/.local/lib/python3.10/site-packages/airflow/example_dags/tutorial.py
[2024-10-31T20:48:09.904-0300] {logging_mixin.py:190} INFO - [2024-10-31T20:48:09.903-0300] {dag.py:3239} INFO - Sync 1 DAGs
[2024-10-31T20:48:09.966-0300] {logging_mixin.py:190} INFO - [2024-10-31T20:48:09.965-0300] {dag.py:4180} INFO - Setting next_dagrun for tutorial to 2024-10-30 00:00:00+00:00, run_after=2024-10-31 00:00:00+00:00
[2024-10-31T20:48:10.110-0300] {processor.py:208} INFO - Processing /home/nico/.local/lib/python3.10/site-packages/airflow/example_dags/tutorial.py took 0.344 seconds
[2024-10-31T20:50:08.250-0300] {processor.py:186} INFO - Started process (PID=146974) to work on /home/nico/.local/lib/python3.10/site-packages/airflow/example_dags/tutorial.py
[2024-10-31T20:50:08.268-0300] {processor.py:914} INFO - Processing file /home/nico/.local/lib/python3.10/site-packages/airflow/example_dags/tutorial.py for tasks to queue
[2024-10-31T20:50:08.278-0300] {logging_mixin.py:190} INFO - [2024-10-31T20:50:08.276-0300] {dagbag.py:588} INFO - Filling up the DagBag from /home/nico/.local/lib/python3.10/site-packages/airflow/example_dags/tutorial.py
[2024-10-31T20:50:08.337-0300] {processor.py:925} INFO - DAG(s) 'tutorial' retrieved from /home/nico/.local/lib/python3.10/site-packages/airflow/example_dags/tutorial.py
[2024-10-31T20:50:08.404-0300] {logging_mixin.py:190} INFO - [2024-10-31T20:50:08.403-0300] {dag.py:3239} INFO - Sync 1 DAGs
[2024-10-31T20:50:08.462-0300] {logging_mixin.py:190} INFO - [2024-10-31T20:50:08.461-0300] {dag.py:4180} INFO - Setting next_dagrun for tutorial to 2024-10-30 00:00:00+00:00, run_after=2024-10-31 00:00:00+00:00
[2024-10-31T20:50:08.729-0300] {processor.py:208} INFO - Processing /home/nico/.local/lib/python3.10/site-packages/airflow/example_dags/tutorial.py took 0.522 seconds
[2024-10-31T20:54:23.120-0300] {processor.py:186} INFO - Started process (PID=148024) to work on /home/nico/.local/lib/python3.10/site-packages/airflow/example_dags/tutorial.py
[2024-10-31T20:54:23.178-0300] {processor.py:914} INFO - Processing file /home/nico/.local/lib/python3.10/site-packages/airflow/example_dags/tutorial.py for tasks to queue
[2024-10-31T20:54:23.305-0300] {logging_mixin.py:190} INFO - [2024-10-31T20:54:23.304-0300] {dagbag.py:588} INFO - Filling up the DagBag from /home/nico/.local/lib/python3.10/site-packages/airflow/example_dags/tutorial.py
[2024-10-31T20:54:23.370-0300] {processor.py:925} INFO - DAG(s) 'tutorial' retrieved from /home/nico/.local/lib/python3.10/site-packages/airflow/example_dags/tutorial.py
[2024-10-31T20:54:23.662-0300] {logging_mixin.py:190} INFO - [2024-10-31T20:54:23.661-0300] {dag.py:3239} INFO - Sync 1 DAGs
[2024-10-31T20:54:23.919-0300] {logging_mixin.py:190} INFO - [2024-10-31T20:54:23.918-0300] {dag.py:4180} INFO - Setting next_dagrun for tutorial to 2024-10-30 00:00:00+00:00, run_after=2024-10-31 00:00:00+00:00
[2024-10-31T20:54:24.241-0300] {processor.py:208} INFO - Processing /home/nico/.local/lib/python3.10/site-packages/airflow/example_dags/tutorial.py took 1.163 seconds
