[2024-10-30T21:00:24.736-0300] {processor.py:186} INFO - Started process (PID=99595) to work on /home/nico/.local/lib/python3.10/site-packages/airflow/example_dags/tutorial_objectstorage.py
[2024-10-30T21:00:24.740-0300] {processor.py:914} INFO - Processing file /home/nico/.local/lib/python3.10/site-packages/airflow/example_dags/tutorial_objectstorage.py for tasks to queue
[2024-10-30T21:00:24.745-0300] {logging_mixin.py:190} INFO - [2024-10-30T21:00:24.743-0300] {dagbag.py:588} INFO - Filling up the DagBag from /home/nico/.local/lib/python3.10/site-packages/airflow/example_dags/tutorial_objectstorage.py
[2024-10-30T21:00:24.775-0300] {processor.py:925} INFO - DAG(s) 'tutorial_objectstorage' retrieved from /home/nico/.local/lib/python3.10/site-packages/airflow/example_dags/tutorial_objectstorage.py
[2024-10-30T21:00:24.849-0300] {logging_mixin.py:190} INFO - [2024-10-30T21:00:24.848-0300] {dag.py:3239} INFO - Sync 1 DAGs
[2024-10-30T21:00:24.897-0300] {logging_mixin.py:190} INFO - [2024-10-30T21:00:24.895-0300] {dag.py:4180} INFO - Setting next_dagrun for tutorial_objectstorage to None, run_after=None
[2024-10-30T21:00:25.024-0300] {processor.py:208} INFO - Processing /home/nico/.local/lib/python3.10/site-packages/airflow/example_dags/tutorial_objectstorage.py took 0.306 seconds
[2024-10-30T21:02:26.794-0300] {processor.py:186} INFO - Started process (PID=100142) to work on /home/nico/.local/lib/python3.10/site-packages/airflow/example_dags/tutorial_objectstorage.py
[2024-10-30T21:02:26.797-0300] {processor.py:914} INFO - Processing file /home/nico/.local/lib/python3.10/site-packages/airflow/example_dags/tutorial_objectstorage.py for tasks to queue
[2024-10-30T21:02:26.802-0300] {logging_mixin.py:190} INFO - [2024-10-30T21:02:26.801-0300] {dagbag.py:588} INFO - Filling up the DagBag from /home/nico/.local/lib/python3.10/site-packages/airflow/example_dags/tutorial_objectstorage.py
[2024-10-30T21:02:26.823-0300] {processor.py:925} INFO - DAG(s) 'tutorial_objectstorage' retrieved from /home/nico/.local/lib/python3.10/site-packages/airflow/example_dags/tutorial_objectstorage.py
[2024-10-30T21:02:26.876-0300] {logging_mixin.py:190} INFO - [2024-10-30T21:02:26.875-0300] {dag.py:3239} INFO - Sync 1 DAGs
[2024-10-30T21:02:26.907-0300] {logging_mixin.py:190} INFO - [2024-10-30T21:02:26.907-0300] {dag.py:4180} INFO - Setting next_dagrun for tutorial_objectstorage to None, run_after=None
[2024-10-30T21:02:27.059-0300] {processor.py:208} INFO - Processing /home/nico/.local/lib/python3.10/site-packages/airflow/example_dags/tutorial_objectstorage.py took 0.279 seconds
[2024-10-30T21:03:47.000-0300] {processor.py:186} INFO - Started process (PID=100498) to work on /home/nico/.local/lib/python3.10/site-packages/airflow/example_dags/tutorial_objectstorage.py
[2024-10-30T21:03:47.005-0300] {processor.py:914} INFO - Processing file /home/nico/.local/lib/python3.10/site-packages/airflow/example_dags/tutorial_objectstorage.py for tasks to queue
[2024-10-30T21:03:47.011-0300] {logging_mixin.py:190} INFO - [2024-10-30T21:03:47.010-0300] {dagbag.py:588} INFO - Filling up the DagBag from /home/nico/.local/lib/python3.10/site-packages/airflow/example_dags/tutorial_objectstorage.py
[2024-10-30T21:03:47.031-0300] {processor.py:925} INFO - DAG(s) 'tutorial_objectstorage' retrieved from /home/nico/.local/lib/python3.10/site-packages/airflow/example_dags/tutorial_objectstorage.py
[2024-10-30T21:03:47.081-0300] {logging_mixin.py:190} INFO - [2024-10-30T21:03:47.081-0300] {dag.py:3239} INFO - Sync 1 DAGs
[2024-10-30T21:03:47.115-0300] {logging_mixin.py:190} INFO - [2024-10-30T21:03:47.115-0300] {dag.py:4180} INFO - Setting next_dagrun for tutorial_objectstorage to None, run_after=None
[2024-10-30T21:03:47.241-0300] {processor.py:208} INFO - Processing /home/nico/.local/lib/python3.10/site-packages/airflow/example_dags/tutorial_objectstorage.py took 0.264 seconds
[2024-10-30T21:04:57.864-0300] {processor.py:186} INFO - Started process (PID=100808) to work on /home/nico/.local/lib/python3.10/site-packages/airflow/example_dags/tutorial_objectstorage.py
[2024-10-30T21:04:57.869-0300] {processor.py:914} INFO - Processing file /home/nico/.local/lib/python3.10/site-packages/airflow/example_dags/tutorial_objectstorage.py for tasks to queue
[2024-10-30T21:04:57.875-0300] {logging_mixin.py:190} INFO - [2024-10-30T21:04:57.874-0300] {dagbag.py:588} INFO - Filling up the DagBag from /home/nico/.local/lib/python3.10/site-packages/airflow/example_dags/tutorial_objectstorage.py
[2024-10-30T21:04:57.902-0300] {processor.py:925} INFO - DAG(s) 'tutorial_objectstorage' retrieved from /home/nico/.local/lib/python3.10/site-packages/airflow/example_dags/tutorial_objectstorage.py
[2024-10-30T21:04:57.965-0300] {logging_mixin.py:190} INFO - [2024-10-30T21:04:57.965-0300] {dag.py:3239} INFO - Sync 1 DAGs
[2024-10-30T21:04:58.010-0300] {logging_mixin.py:190} INFO - [2024-10-30T21:04:58.009-0300] {dag.py:4180} INFO - Setting next_dagrun for tutorial_objectstorage to None, run_after=None
[2024-10-30T21:04:58.152-0300] {processor.py:208} INFO - Processing /home/nico/.local/lib/python3.10/site-packages/airflow/example_dags/tutorial_objectstorage.py took 0.309 seconds
[2024-10-30T21:06:16.566-0300] {processor.py:186} INFO - Started process (PID=101154) to work on /home/nico/.local/lib/python3.10/site-packages/airflow/example_dags/tutorial_objectstorage.py
[2024-10-30T21:06:16.570-0300] {processor.py:914} INFO - Processing file /home/nico/.local/lib/python3.10/site-packages/airflow/example_dags/tutorial_objectstorage.py for tasks to queue
[2024-10-30T21:06:16.576-0300] {logging_mixin.py:190} INFO - [2024-10-30T21:06:16.575-0300] {dagbag.py:588} INFO - Filling up the DagBag from /home/nico/.local/lib/python3.10/site-packages/airflow/example_dags/tutorial_objectstorage.py
[2024-10-30T21:06:16.612-0300] {processor.py:925} INFO - DAG(s) 'tutorial_objectstorage' retrieved from /home/nico/.local/lib/python3.10/site-packages/airflow/example_dags/tutorial_objectstorage.py
[2024-10-30T21:06:16.705-0300] {logging_mixin.py:190} INFO - [2024-10-30T21:06:16.704-0300] {dag.py:3239} INFO - Sync 1 DAGs
[2024-10-30T21:06:16.792-0300] {logging_mixin.py:190} INFO - [2024-10-30T21:06:16.791-0300] {dag.py:4180} INFO - Setting next_dagrun for tutorial_objectstorage to None, run_after=None
[2024-10-30T21:06:17.053-0300] {processor.py:208} INFO - Processing /home/nico/.local/lib/python3.10/site-packages/airflow/example_dags/tutorial_objectstorage.py took 0.531 seconds
[2024-10-30T23:58:51.836-0300] {processor.py:186} INFO - Started process (PID=101733) to work on /home/nico/.local/lib/python3.10/site-packages/airflow/example_dags/tutorial_objectstorage.py
[2024-10-30T23:58:51.850-0300] {processor.py:914} INFO - Processing file /home/nico/.local/lib/python3.10/site-packages/airflow/example_dags/tutorial_objectstorage.py for tasks to queue
[2024-10-30T23:58:51.864-0300] {logging_mixin.py:190} INFO - [2024-10-30T23:58:51.855-0300] {dagbag.py:588} INFO - Filling up the DagBag from /home/nico/.local/lib/python3.10/site-packages/airflow/example_dags/tutorial_objectstorage.py
[2024-10-30T23:58:51.943-0300] {processor.py:925} INFO - DAG(s) 'tutorial_objectstorage' retrieved from /home/nico/.local/lib/python3.10/site-packages/airflow/example_dags/tutorial_objectstorage.py
[2024-10-30T23:58:52.089-0300] {logging_mixin.py:190} INFO - [2024-10-30T23:58:52.088-0300] {dag.py:3239} INFO - Sync 1 DAGs
[2024-10-30T23:58:52.243-0300] {logging_mixin.py:190} INFO - [2024-10-30T23:58:52.243-0300] {dag.py:4180} INFO - Setting next_dagrun for tutorial_objectstorage to None, run_after=None
[2024-10-30T23:58:52.494-0300] {processor.py:208} INFO - Processing /home/nico/.local/lib/python3.10/site-packages/airflow/example_dags/tutorial_objectstorage.py took 0.712 seconds
[2024-10-31T00:00:35.247-0300] {processor.py:186} INFO - Started process (PID=102181) to work on /home/nico/.local/lib/python3.10/site-packages/airflow/example_dags/tutorial_objectstorage.py
[2024-10-31T00:00:35.255-0300] {processor.py:914} INFO - Processing file /home/nico/.local/lib/python3.10/site-packages/airflow/example_dags/tutorial_objectstorage.py for tasks to queue
[2024-10-31T00:00:35.263-0300] {logging_mixin.py:190} INFO - [2024-10-31T00:00:35.261-0300] {dagbag.py:588} INFO - Filling up the DagBag from /home/nico/.local/lib/python3.10/site-packages/airflow/example_dags/tutorial_objectstorage.py
[2024-10-31T00:00:35.338-0300] {processor.py:925} INFO - DAG(s) 'tutorial_objectstorage' retrieved from /home/nico/.local/lib/python3.10/site-packages/airflow/example_dags/tutorial_objectstorage.py
[2024-10-31T00:00:35.457-0300] {logging_mixin.py:190} INFO - [2024-10-31T00:00:35.457-0300] {dag.py:3239} INFO - Sync 1 DAGs
[2024-10-31T00:00:35.554-0300] {logging_mixin.py:190} INFO - [2024-10-31T00:00:35.553-0300] {dag.py:4180} INFO - Setting next_dagrun for tutorial_objectstorage to None, run_after=None
[2024-10-31T00:00:35.781-0300] {processor.py:208} INFO - Processing /home/nico/.local/lib/python3.10/site-packages/airflow/example_dags/tutorial_objectstorage.py took 0.581 seconds
[2024-10-31T00:01:50.869-0300] {processor.py:186} INFO - Started process (PID=102512) to work on /home/nico/.local/lib/python3.10/site-packages/airflow/example_dags/tutorial_objectstorage.py
[2024-10-31T00:01:50.872-0300] {processor.py:914} INFO - Processing file /home/nico/.local/lib/python3.10/site-packages/airflow/example_dags/tutorial_objectstorage.py for tasks to queue
[2024-10-31T00:01:50.877-0300] {logging_mixin.py:190} INFO - [2024-10-31T00:01:50.875-0300] {dagbag.py:588} INFO - Filling up the DagBag from /home/nico/.local/lib/python3.10/site-packages/airflow/example_dags/tutorial_objectstorage.py
[2024-10-31T00:01:50.900-0300] {processor.py:925} INFO - DAG(s) 'tutorial_objectstorage' retrieved from /home/nico/.local/lib/python3.10/site-packages/airflow/example_dags/tutorial_objectstorage.py
[2024-10-31T00:01:50.953-0300] {logging_mixin.py:190} INFO - [2024-10-31T00:01:50.952-0300] {dag.py:3239} INFO - Sync 1 DAGs
[2024-10-31T00:01:50.998-0300] {logging_mixin.py:190} INFO - [2024-10-31T00:01:50.997-0300] {dag.py:4180} INFO - Setting next_dagrun for tutorial_objectstorage to None, run_after=None
[2024-10-31T00:01:51.118-0300] {processor.py:208} INFO - Processing /home/nico/.local/lib/python3.10/site-packages/airflow/example_dags/tutorial_objectstorage.py took 0.272 seconds
[2024-10-31T00:03:06.878-0300] {processor.py:186} INFO - Started process (PID=102845) to work on /home/nico/.local/lib/python3.10/site-packages/airflow/example_dags/tutorial_objectstorage.py
[2024-10-31T00:03:06.881-0300] {processor.py:914} INFO - Processing file /home/nico/.local/lib/python3.10/site-packages/airflow/example_dags/tutorial_objectstorage.py for tasks to queue
[2024-10-31T00:03:06.887-0300] {logging_mixin.py:190} INFO - [2024-10-31T00:03:06.886-0300] {dagbag.py:588} INFO - Filling up the DagBag from /home/nico/.local/lib/python3.10/site-packages/airflow/example_dags/tutorial_objectstorage.py
[2024-10-31T00:03:06.915-0300] {processor.py:925} INFO - DAG(s) 'tutorial_objectstorage' retrieved from /home/nico/.local/lib/python3.10/site-packages/airflow/example_dags/tutorial_objectstorage.py
[2024-10-31T00:03:06.979-0300] {logging_mixin.py:190} INFO - [2024-10-31T00:03:06.978-0300] {dag.py:3239} INFO - Sync 1 DAGs
[2024-10-31T00:03:07.046-0300] {logging_mixin.py:190} INFO - [2024-10-31T00:03:07.045-0300] {dag.py:4180} INFO - Setting next_dagrun for tutorial_objectstorage to None, run_after=None
[2024-10-31T00:03:07.251-0300] {processor.py:208} INFO - Processing /home/nico/.local/lib/python3.10/site-packages/airflow/example_dags/tutorial_objectstorage.py took 0.402 seconds
[2024-10-31T00:04:39.458-0300] {processor.py:186} INFO - Started process (PID=103241) to work on /home/nico/.local/lib/python3.10/site-packages/airflow/example_dags/tutorial_objectstorage.py
[2024-10-31T00:04:39.466-0300] {processor.py:914} INFO - Processing file /home/nico/.local/lib/python3.10/site-packages/airflow/example_dags/tutorial_objectstorage.py for tasks to queue
[2024-10-31T00:04:39.473-0300] {logging_mixin.py:190} INFO - [2024-10-31T00:04:39.472-0300] {dagbag.py:588} INFO - Filling up the DagBag from /home/nico/.local/lib/python3.10/site-packages/airflow/example_dags/tutorial_objectstorage.py
[2024-10-31T00:04:39.517-0300] {processor.py:925} INFO - DAG(s) 'tutorial_objectstorage' retrieved from /home/nico/.local/lib/python3.10/site-packages/airflow/example_dags/tutorial_objectstorage.py
[2024-10-31T00:04:39.627-0300] {logging_mixin.py:190} INFO - [2024-10-31T00:04:39.626-0300] {dag.py:3239} INFO - Sync 1 DAGs
[2024-10-31T00:04:39.677-0300] {logging_mixin.py:190} INFO - [2024-10-31T00:04:39.677-0300] {dag.py:4180} INFO - Setting next_dagrun for tutorial_objectstorage to None, run_after=None
[2024-10-31T00:04:39.887-0300] {processor.py:208} INFO - Processing /home/nico/.local/lib/python3.10/site-packages/airflow/example_dags/tutorial_objectstorage.py took 0.458 seconds
[2024-10-31T00:06:13.928-0300] {processor.py:186} INFO - Started process (PID=103647) to work on /home/nico/.local/lib/python3.10/site-packages/airflow/example_dags/tutorial_objectstorage.py
[2024-10-31T00:06:13.933-0300] {processor.py:914} INFO - Processing file /home/nico/.local/lib/python3.10/site-packages/airflow/example_dags/tutorial_objectstorage.py for tasks to queue
[2024-10-31T00:06:13.944-0300] {logging_mixin.py:190} INFO - [2024-10-31T00:06:13.937-0300] {dagbag.py:588} INFO - Filling up the DagBag from /home/nico/.local/lib/python3.10/site-packages/airflow/example_dags/tutorial_objectstorage.py
[2024-10-31T00:06:14.002-0300] {processor.py:925} INFO - DAG(s) 'tutorial_objectstorage' retrieved from /home/nico/.local/lib/python3.10/site-packages/airflow/example_dags/tutorial_objectstorage.py
[2024-10-31T00:06:14.142-0300] {logging_mixin.py:190} INFO - [2024-10-31T00:06:14.141-0300] {dag.py:3239} INFO - Sync 1 DAGs
[2024-10-31T00:06:14.242-0300] {logging_mixin.py:190} INFO - [2024-10-31T00:06:14.241-0300] {dag.py:4180} INFO - Setting next_dagrun for tutorial_objectstorage to None, run_after=None
[2024-10-31T00:06:14.436-0300] {processor.py:208} INFO - Processing /home/nico/.local/lib/python3.10/site-packages/airflow/example_dags/tutorial_objectstorage.py took 0.563 seconds
[2024-10-31T00:07:35.805-0300] {processor.py:186} INFO - Started process (PID=104003) to work on /home/nico/.local/lib/python3.10/site-packages/airflow/example_dags/tutorial_objectstorage.py
[2024-10-31T00:07:35.808-0300] {processor.py:914} INFO - Processing file /home/nico/.local/lib/python3.10/site-packages/airflow/example_dags/tutorial_objectstorage.py for tasks to queue
[2024-10-31T00:07:35.814-0300] {logging_mixin.py:190} INFO - [2024-10-31T00:07:35.813-0300] {dagbag.py:588} INFO - Filling up the DagBag from /home/nico/.local/lib/python3.10/site-packages/airflow/example_dags/tutorial_objectstorage.py
[2024-10-31T00:07:35.840-0300] {processor.py:925} INFO - DAG(s) 'tutorial_objectstorage' retrieved from /home/nico/.local/lib/python3.10/site-packages/airflow/example_dags/tutorial_objectstorage.py
[2024-10-31T00:07:35.910-0300] {logging_mixin.py:190} INFO - [2024-10-31T00:07:35.909-0300] {dag.py:3239} INFO - Sync 1 DAGs
[2024-10-31T00:07:35.965-0300] {logging_mixin.py:190} INFO - [2024-10-31T00:07:35.964-0300] {dag.py:4180} INFO - Setting next_dagrun for tutorial_objectstorage to None, run_after=None
[2024-10-31T00:07:36.097-0300] {processor.py:208} INFO - Processing /home/nico/.local/lib/python3.10/site-packages/airflow/example_dags/tutorial_objectstorage.py took 0.313 seconds
[2024-10-31T00:08:50.031-0300] {processor.py:186} INFO - Started process (PID=104332) to work on /home/nico/.local/lib/python3.10/site-packages/airflow/example_dags/tutorial_objectstorage.py
[2024-10-31T00:08:50.035-0300] {processor.py:914} INFO - Processing file /home/nico/.local/lib/python3.10/site-packages/airflow/example_dags/tutorial_objectstorage.py for tasks to queue
[2024-10-31T00:08:50.039-0300] {logging_mixin.py:190} INFO - [2024-10-31T00:08:50.038-0300] {dagbag.py:588} INFO - Filling up the DagBag from /home/nico/.local/lib/python3.10/site-packages/airflow/example_dags/tutorial_objectstorage.py
[2024-10-31T00:08:50.062-0300] {processor.py:925} INFO - DAG(s) 'tutorial_objectstorage' retrieved from /home/nico/.local/lib/python3.10/site-packages/airflow/example_dags/tutorial_objectstorage.py
[2024-10-31T00:08:50.131-0300] {logging_mixin.py:190} INFO - [2024-10-31T00:08:50.130-0300] {dag.py:3239} INFO - Sync 1 DAGs
[2024-10-31T00:08:50.182-0300] {logging_mixin.py:190} INFO - [2024-10-31T00:08:50.182-0300] {dag.py:4180} INFO - Setting next_dagrun for tutorial_objectstorage to None, run_after=None
[2024-10-31T00:08:50.330-0300] {processor.py:208} INFO - Processing /home/nico/.local/lib/python3.10/site-packages/airflow/example_dags/tutorial_objectstorage.py took 0.318 seconds
[2024-10-31T00:10:16.485-0300] {processor.py:186} INFO - Started process (PID=104669) to work on /home/nico/.local/lib/python3.10/site-packages/airflow/example_dags/tutorial_objectstorage.py
[2024-10-31T00:10:16.487-0300] {processor.py:914} INFO - Processing file /home/nico/.local/lib/python3.10/site-packages/airflow/example_dags/tutorial_objectstorage.py for tasks to queue
[2024-10-31T00:10:16.491-0300] {logging_mixin.py:190} INFO - [2024-10-31T00:10:16.490-0300] {dagbag.py:588} INFO - Filling up the DagBag from /home/nico/.local/lib/python3.10/site-packages/airflow/example_dags/tutorial_objectstorage.py
[2024-10-31T00:10:16.510-0300] {processor.py:925} INFO - DAG(s) 'tutorial_objectstorage' retrieved from /home/nico/.local/lib/python3.10/site-packages/airflow/example_dags/tutorial_objectstorage.py
[2024-10-31T00:10:16.573-0300] {logging_mixin.py:190} INFO - [2024-10-31T00:10:16.573-0300] {dag.py:3239} INFO - Sync 1 DAGs
[2024-10-31T00:10:16.628-0300] {logging_mixin.py:190} INFO - [2024-10-31T00:10:16.627-0300] {dag.py:4180} INFO - Setting next_dagrun for tutorial_objectstorage to None, run_after=None
[2024-10-31T00:10:16.774-0300] {processor.py:208} INFO - Processing /home/nico/.local/lib/python3.10/site-packages/airflow/example_dags/tutorial_objectstorage.py took 0.303 seconds
[2024-10-31T00:11:38.088-0300] {processor.py:186} INFO - Started process (PID=105026) to work on /home/nico/.local/lib/python3.10/site-packages/airflow/example_dags/tutorial_objectstorage.py
[2024-10-31T00:11:38.092-0300] {processor.py:914} INFO - Processing file /home/nico/.local/lib/python3.10/site-packages/airflow/example_dags/tutorial_objectstorage.py for tasks to queue
[2024-10-31T00:11:38.097-0300] {logging_mixin.py:190} INFO - [2024-10-31T00:11:38.096-0300] {dagbag.py:588} INFO - Filling up the DagBag from /home/nico/.local/lib/python3.10/site-packages/airflow/example_dags/tutorial_objectstorage.py
[2024-10-31T00:11:38.126-0300] {processor.py:925} INFO - DAG(s) 'tutorial_objectstorage' retrieved from /home/nico/.local/lib/python3.10/site-packages/airflow/example_dags/tutorial_objectstorage.py
[2024-10-31T00:11:38.230-0300] {logging_mixin.py:190} INFO - [2024-10-31T00:11:38.230-0300] {dag.py:3239} INFO - Sync 1 DAGs
[2024-10-31T00:11:38.270-0300] {logging_mixin.py:190} INFO - [2024-10-31T00:11:38.270-0300] {dag.py:4180} INFO - Setting next_dagrun for tutorial_objectstorage to None, run_after=None
[2024-10-31T00:11:38.397-0300] {processor.py:208} INFO - Processing /home/nico/.local/lib/python3.10/site-packages/airflow/example_dags/tutorial_objectstorage.py took 0.333 seconds
[2024-10-31T00:12:45.284-0300] {processor.py:186} INFO - Started process (PID=105325) to work on /home/nico/.local/lib/python3.10/site-packages/airflow/example_dags/tutorial_objectstorage.py
[2024-10-31T00:12:45.287-0300] {processor.py:914} INFO - Processing file /home/nico/.local/lib/python3.10/site-packages/airflow/example_dags/tutorial_objectstorage.py for tasks to queue
[2024-10-31T00:12:45.291-0300] {logging_mixin.py:190} INFO - [2024-10-31T00:12:45.290-0300] {dagbag.py:588} INFO - Filling up the DagBag from /home/nico/.local/lib/python3.10/site-packages/airflow/example_dags/tutorial_objectstorage.py
[2024-10-31T00:12:45.309-0300] {processor.py:925} INFO - DAG(s) 'tutorial_objectstorage' retrieved from /home/nico/.local/lib/python3.10/site-packages/airflow/example_dags/tutorial_objectstorage.py
[2024-10-31T00:12:45.363-0300] {logging_mixin.py:190} INFO - [2024-10-31T00:12:45.362-0300] {dag.py:3239} INFO - Sync 1 DAGs
[2024-10-31T00:12:45.401-0300] {logging_mixin.py:190} INFO - [2024-10-31T00:12:45.401-0300] {dag.py:4180} INFO - Setting next_dagrun for tutorial_objectstorage to None, run_after=None
[2024-10-31T00:12:45.533-0300] {processor.py:208} INFO - Processing /home/nico/.local/lib/python3.10/site-packages/airflow/example_dags/tutorial_objectstorage.py took 0.263 seconds
[2024-10-31T00:13:50.857-0300] {processor.py:186} INFO - Started process (PID=105614) to work on /home/nico/.local/lib/python3.10/site-packages/airflow/example_dags/tutorial_objectstorage.py
[2024-10-31T00:13:50.863-0300] {processor.py:914} INFO - Processing file /home/nico/.local/lib/python3.10/site-packages/airflow/example_dags/tutorial_objectstorage.py for tasks to queue
[2024-10-31T00:13:50.868-0300] {logging_mixin.py:190} INFO - [2024-10-31T00:13:50.867-0300] {dagbag.py:588} INFO - Filling up the DagBag from /home/nico/.local/lib/python3.10/site-packages/airflow/example_dags/tutorial_objectstorage.py
[2024-10-31T00:13:50.906-0300] {processor.py:925} INFO - DAG(s) 'tutorial_objectstorage' retrieved from /home/nico/.local/lib/python3.10/site-packages/airflow/example_dags/tutorial_objectstorage.py
[2024-10-31T00:13:50.973-0300] {logging_mixin.py:190} INFO - [2024-10-31T00:13:50.972-0300] {dag.py:3239} INFO - Sync 1 DAGs
[2024-10-31T00:13:51.014-0300] {logging_mixin.py:190} INFO - [2024-10-31T00:13:51.013-0300] {dag.py:4180} INFO - Setting next_dagrun for tutorial_objectstorage to None, run_after=None
[2024-10-31T00:13:51.361-0300] {processor.py:208} INFO - Processing /home/nico/.local/lib/python3.10/site-packages/airflow/example_dags/tutorial_objectstorage.py took 0.528 seconds
[2024-10-31T00:14:55.816-0300] {processor.py:186} INFO - Started process (PID=105902) to work on /home/nico/.local/lib/python3.10/site-packages/airflow/example_dags/tutorial_objectstorage.py
[2024-10-31T00:14:55.820-0300] {processor.py:914} INFO - Processing file /home/nico/.local/lib/python3.10/site-packages/airflow/example_dags/tutorial_objectstorage.py for tasks to queue
[2024-10-31T00:14:55.827-0300] {logging_mixin.py:190} INFO - [2024-10-31T00:14:55.825-0300] {dagbag.py:588} INFO - Filling up the DagBag from /home/nico/.local/lib/python3.10/site-packages/airflow/example_dags/tutorial_objectstorage.py
[2024-10-31T00:14:55.873-0300] {processor.py:925} INFO - DAG(s) 'tutorial_objectstorage' retrieved from /home/nico/.local/lib/python3.10/site-packages/airflow/example_dags/tutorial_objectstorage.py
[2024-10-31T00:14:55.947-0300] {logging_mixin.py:190} INFO - [2024-10-31T00:14:55.946-0300] {dag.py:3239} INFO - Sync 1 DAGs
[2024-10-31T00:14:55.990-0300] {logging_mixin.py:190} INFO - [2024-10-31T00:14:55.989-0300] {dag.py:4180} INFO - Setting next_dagrun for tutorial_objectstorage to None, run_after=None
[2024-10-31T00:14:56.119-0300] {processor.py:208} INFO - Processing /home/nico/.local/lib/python3.10/site-packages/airflow/example_dags/tutorial_objectstorage.py took 0.335 seconds
[2024-10-31T00:15:57.405-0300] {processor.py:186} INFO - Started process (PID=106177) to work on /home/nico/.local/lib/python3.10/site-packages/airflow/example_dags/tutorial_objectstorage.py
[2024-10-31T00:15:57.408-0300] {processor.py:914} INFO - Processing file /home/nico/.local/lib/python3.10/site-packages/airflow/example_dags/tutorial_objectstorage.py for tasks to queue
[2024-10-31T00:15:57.412-0300] {logging_mixin.py:190} INFO - [2024-10-31T00:15:57.411-0300] {dagbag.py:588} INFO - Filling up the DagBag from /home/nico/.local/lib/python3.10/site-packages/airflow/example_dags/tutorial_objectstorage.py
[2024-10-31T00:15:57.430-0300] {processor.py:925} INFO - DAG(s) 'tutorial_objectstorage' retrieved from /home/nico/.local/lib/python3.10/site-packages/airflow/example_dags/tutorial_objectstorage.py
[2024-10-31T00:15:57.499-0300] {logging_mixin.py:190} INFO - [2024-10-31T00:15:57.498-0300] {dag.py:3239} INFO - Sync 1 DAGs
[2024-10-31T00:15:57.566-0300] {logging_mixin.py:190} INFO - [2024-10-31T00:15:57.565-0300] {dag.py:4180} INFO - Setting next_dagrun for tutorial_objectstorage to None, run_after=None
[2024-10-31T00:15:57.746-0300] {processor.py:208} INFO - Processing /home/nico/.local/lib/python3.10/site-packages/airflow/example_dags/tutorial_objectstorage.py took 0.362 seconds
[2024-10-31T00:16:58.586-0300] {processor.py:186} INFO - Started process (PID=106449) to work on /home/nico/.local/lib/python3.10/site-packages/airflow/example_dags/tutorial_objectstorage.py
[2024-10-31T00:16:58.589-0300] {processor.py:914} INFO - Processing file /home/nico/.local/lib/python3.10/site-packages/airflow/example_dags/tutorial_objectstorage.py for tasks to queue
[2024-10-31T00:16:58.592-0300] {logging_mixin.py:190} INFO - [2024-10-31T00:16:58.592-0300] {dagbag.py:588} INFO - Filling up the DagBag from /home/nico/.local/lib/python3.10/site-packages/airflow/example_dags/tutorial_objectstorage.py
[2024-10-31T00:16:58.611-0300] {processor.py:925} INFO - DAG(s) 'tutorial_objectstorage' retrieved from /home/nico/.local/lib/python3.10/site-packages/airflow/example_dags/tutorial_objectstorage.py
[2024-10-31T00:16:58.677-0300] {logging_mixin.py:190} INFO - [2024-10-31T00:16:58.676-0300] {dag.py:3239} INFO - Sync 1 DAGs
[2024-10-31T00:16:58.726-0300] {logging_mixin.py:190} INFO - [2024-10-31T00:16:58.725-0300] {dag.py:4180} INFO - Setting next_dagrun for tutorial_objectstorage to None, run_after=None
[2024-10-31T00:16:58.859-0300] {processor.py:208} INFO - Processing /home/nico/.local/lib/python3.10/site-packages/airflow/example_dags/tutorial_objectstorage.py took 0.290 seconds
[2024-10-31T00:18:04.232-0300] {processor.py:186} INFO - Started process (PID=106743) to work on /home/nico/.local/lib/python3.10/site-packages/airflow/example_dags/tutorial_objectstorage.py
[2024-10-31T00:18:04.235-0300] {processor.py:914} INFO - Processing file /home/nico/.local/lib/python3.10/site-packages/airflow/example_dags/tutorial_objectstorage.py for tasks to queue
[2024-10-31T00:18:04.239-0300] {logging_mixin.py:190} INFO - [2024-10-31T00:18:04.238-0300] {dagbag.py:588} INFO - Filling up the DagBag from /home/nico/.local/lib/python3.10/site-packages/airflow/example_dags/tutorial_objectstorage.py
[2024-10-31T00:18:04.258-0300] {processor.py:925} INFO - DAG(s) 'tutorial_objectstorage' retrieved from /home/nico/.local/lib/python3.10/site-packages/airflow/example_dags/tutorial_objectstorage.py
[2024-10-31T00:18:04.317-0300] {logging_mixin.py:190} INFO - [2024-10-31T00:18:04.317-0300] {dag.py:3239} INFO - Sync 1 DAGs
[2024-10-31T00:18:04.348-0300] {logging_mixin.py:190} INFO - [2024-10-31T00:18:04.347-0300] {dag.py:4180} INFO - Setting next_dagrun for tutorial_objectstorage to None, run_after=None
[2024-10-31T00:18:04.481-0300] {processor.py:208} INFO - Processing /home/nico/.local/lib/python3.10/site-packages/airflow/example_dags/tutorial_objectstorage.py took 0.262 seconds
[2024-10-31T00:19:13.896-0300] {processor.py:186} INFO - Started process (PID=107069) to work on /home/nico/.local/lib/python3.10/site-packages/airflow/example_dags/tutorial_objectstorage.py
[2024-10-31T00:19:13.898-0300] {processor.py:914} INFO - Processing file /home/nico/.local/lib/python3.10/site-packages/airflow/example_dags/tutorial_objectstorage.py for tasks to queue
[2024-10-31T00:19:13.901-0300] {logging_mixin.py:190} INFO - [2024-10-31T00:19:13.900-0300] {dagbag.py:588} INFO - Filling up the DagBag from /home/nico/.local/lib/python3.10/site-packages/airflow/example_dags/tutorial_objectstorage.py
[2024-10-31T00:19:13.921-0300] {processor.py:925} INFO - DAG(s) 'tutorial_objectstorage' retrieved from /home/nico/.local/lib/python3.10/site-packages/airflow/example_dags/tutorial_objectstorage.py
[2024-10-31T00:19:13.972-0300] {logging_mixin.py:190} INFO - [2024-10-31T00:19:13.971-0300] {dag.py:3239} INFO - Sync 1 DAGs
[2024-10-31T00:19:14.003-0300] {logging_mixin.py:190} INFO - [2024-10-31T00:19:14.003-0300] {dag.py:4180} INFO - Setting next_dagrun for tutorial_objectstorage to None, run_after=None
[2024-10-31T00:19:14.132-0300] {processor.py:208} INFO - Processing /home/nico/.local/lib/python3.10/site-packages/airflow/example_dags/tutorial_objectstorage.py took 0.256 seconds
[2024-10-31T01:04:57.448-0300] {processor.py:186} INFO - Started process (PID=117701) to work on /home/nico/.local/lib/python3.10/site-packages/airflow/example_dags/tutorial_objectstorage.py
[2024-10-31T01:04:57.455-0300] {processor.py:914} INFO - Processing file /home/nico/.local/lib/python3.10/site-packages/airflow/example_dags/tutorial_objectstorage.py for tasks to queue
[2024-10-31T01:04:57.485-0300] {logging_mixin.py:190} INFO - [2024-10-31T01:04:57.483-0300] {dagbag.py:588} INFO - Filling up the DagBag from /home/nico/.local/lib/python3.10/site-packages/airflow/example_dags/tutorial_objectstorage.py
[2024-10-31T01:04:57.542-0300] {processor.py:925} INFO - DAG(s) 'tutorial_objectstorage' retrieved from /home/nico/.local/lib/python3.10/site-packages/airflow/example_dags/tutorial_objectstorage.py
[2024-10-31T01:04:57.686-0300] {logging_mixin.py:190} INFO - [2024-10-31T01:04:57.685-0300] {dag.py:3239} INFO - Sync 1 DAGs
[2024-10-31T01:04:57.754-0300] {logging_mixin.py:190} INFO - [2024-10-31T01:04:57.754-0300] {dag.py:4180} INFO - Setting next_dagrun for tutorial_objectstorage to None, run_after=None
[2024-10-31T01:04:57.995-0300] {processor.py:208} INFO - Processing /home/nico/.local/lib/python3.10/site-packages/airflow/example_dags/tutorial_objectstorage.py took 0.588 seconds
[2024-10-31T01:08:39.172-0300] {processor.py:186} INFO - Started process (PID=118631) to work on /home/nico/.local/lib/python3.10/site-packages/airflow/example_dags/tutorial_objectstorage.py
[2024-10-31T01:08:39.177-0300] {processor.py:914} INFO - Processing file /home/nico/.local/lib/python3.10/site-packages/airflow/example_dags/tutorial_objectstorage.py for tasks to queue
[2024-10-31T01:08:39.189-0300] {logging_mixin.py:190} INFO - [2024-10-31T01:08:39.188-0300] {dagbag.py:588} INFO - Filling up the DagBag from /home/nico/.local/lib/python3.10/site-packages/airflow/example_dags/tutorial_objectstorage.py
[2024-10-31T01:08:39.246-0300] {processor.py:925} INFO - DAG(s) 'tutorial_objectstorage' retrieved from /home/nico/.local/lib/python3.10/site-packages/airflow/example_dags/tutorial_objectstorage.py
[2024-10-31T01:08:39.346-0300] {logging_mixin.py:190} INFO - [2024-10-31T01:08:39.346-0300] {dag.py:3239} INFO - Sync 1 DAGs
[2024-10-31T01:08:39.406-0300] {logging_mixin.py:190} INFO - [2024-10-31T01:08:39.405-0300] {dag.py:4180} INFO - Setting next_dagrun for tutorial_objectstorage to None, run_after=None
[2024-10-31T01:08:39.639-0300] {processor.py:208} INFO - Processing /home/nico/.local/lib/python3.10/site-packages/airflow/example_dags/tutorial_objectstorage.py took 0.504 seconds
[2024-10-31T01:21:37.080-0300] {processor.py:186} INFO - Started process (PID=121905) to work on /home/nico/.local/lib/python3.10/site-packages/airflow/example_dags/tutorial_objectstorage.py
[2024-10-31T01:21:37.084-0300] {processor.py:914} INFO - Processing file /home/nico/.local/lib/python3.10/site-packages/airflow/example_dags/tutorial_objectstorage.py for tasks to queue
[2024-10-31T01:21:37.097-0300] {logging_mixin.py:190} INFO - [2024-10-31T01:21:37.095-0300] {dagbag.py:588} INFO - Filling up the DagBag from /home/nico/.local/lib/python3.10/site-packages/airflow/example_dags/tutorial_objectstorage.py
[2024-10-31T01:21:37.146-0300] {processor.py:925} INFO - DAG(s) 'tutorial_objectstorage' retrieved from /home/nico/.local/lib/python3.10/site-packages/airflow/example_dags/tutorial_objectstorage.py
[2024-10-31T01:21:37.270-0300] {logging_mixin.py:190} INFO - [2024-10-31T01:21:37.270-0300] {dag.py:3239} INFO - Sync 1 DAGs
[2024-10-31T01:21:37.325-0300] {logging_mixin.py:190} INFO - [2024-10-31T01:21:37.325-0300] {dag.py:4180} INFO - Setting next_dagrun for tutorial_objectstorage to None, run_after=None
[2024-10-31T01:21:38.068-0300] {processor.py:208} INFO - Processing /home/nico/.local/lib/python3.10/site-packages/airflow/example_dags/tutorial_objectstorage.py took 1.011 seconds
[2024-10-31T01:24:26.351-0300] {processor.py:186} INFO - Started process (PID=122628) to work on /home/nico/.local/lib/python3.10/site-packages/airflow/example_dags/tutorial_objectstorage.py
[2024-10-31T01:24:26.355-0300] {processor.py:914} INFO - Processing file /home/nico/.local/lib/python3.10/site-packages/airflow/example_dags/tutorial_objectstorage.py for tasks to queue
[2024-10-31T01:24:26.369-0300] {logging_mixin.py:190} INFO - [2024-10-31T01:24:26.368-0300] {dagbag.py:588} INFO - Filling up the DagBag from /home/nico/.local/lib/python3.10/site-packages/airflow/example_dags/tutorial_objectstorage.py
[2024-10-31T01:24:26.446-0300] {processor.py:925} INFO - DAG(s) 'tutorial_objectstorage' retrieved from /home/nico/.local/lib/python3.10/site-packages/airflow/example_dags/tutorial_objectstorage.py
[2024-10-31T01:24:26.617-0300] {logging_mixin.py:190} INFO - [2024-10-31T01:24:26.616-0300] {dag.py:3239} INFO - Sync 1 DAGs
[2024-10-31T01:24:26.760-0300] {logging_mixin.py:190} INFO - [2024-10-31T01:24:26.759-0300] {dag.py:4180} INFO - Setting next_dagrun for tutorial_objectstorage to None, run_after=None
[2024-10-31T01:24:27.163-0300] {processor.py:208} INFO - Processing /home/nico/.local/lib/python3.10/site-packages/airflow/example_dags/tutorial_objectstorage.py took 0.867 seconds
[2024-10-31T01:26:27.434-0300] {processor.py:186} INFO - Started process (PID=123143) to work on /home/nico/.local/lib/python3.10/site-packages/airflow/example_dags/tutorial_objectstorage.py
[2024-10-31T01:26:27.437-0300] {processor.py:914} INFO - Processing file /home/nico/.local/lib/python3.10/site-packages/airflow/example_dags/tutorial_objectstorage.py for tasks to queue
[2024-10-31T01:26:27.440-0300] {logging_mixin.py:190} INFO - [2024-10-31T01:26:27.439-0300] {dagbag.py:588} INFO - Filling up the DagBag from /home/nico/.local/lib/python3.10/site-packages/airflow/example_dags/tutorial_objectstorage.py
[2024-10-31T01:26:27.469-0300] {processor.py:925} INFO - DAG(s) 'tutorial_objectstorage' retrieved from /home/nico/.local/lib/python3.10/site-packages/airflow/example_dags/tutorial_objectstorage.py
[2024-10-31T01:26:27.525-0300] {logging_mixin.py:190} INFO - [2024-10-31T01:26:27.524-0300] {dag.py:3239} INFO - Sync 1 DAGs
[2024-10-31T01:26:27.572-0300] {logging_mixin.py:190} INFO - [2024-10-31T01:26:27.571-0300] {dag.py:4180} INFO - Setting next_dagrun for tutorial_objectstorage to None, run_after=None
[2024-10-31T01:26:27.693-0300] {processor.py:208} INFO - Processing /home/nico/.local/lib/python3.10/site-packages/airflow/example_dags/tutorial_objectstorage.py took 0.275 seconds
[2024-10-31T01:28:20.165-0300] {processor.py:186} INFO - Started process (PID=123622) to work on /home/nico/.local/lib/python3.10/site-packages/airflow/example_dags/tutorial_objectstorage.py
[2024-10-31T01:28:20.168-0300] {processor.py:914} INFO - Processing file /home/nico/.local/lib/python3.10/site-packages/airflow/example_dags/tutorial_objectstorage.py for tasks to queue
[2024-10-31T01:28:20.172-0300] {logging_mixin.py:190} INFO - [2024-10-31T01:28:20.171-0300] {dagbag.py:588} INFO - Filling up the DagBag from /home/nico/.local/lib/python3.10/site-packages/airflow/example_dags/tutorial_objectstorage.py
[2024-10-31T01:28:20.202-0300] {processor.py:925} INFO - DAG(s) 'tutorial_objectstorage' retrieved from /home/nico/.local/lib/python3.10/site-packages/airflow/example_dags/tutorial_objectstorage.py
[2024-10-31T01:28:20.256-0300] {logging_mixin.py:190} INFO - [2024-10-31T01:28:20.256-0300] {dag.py:3239} INFO - Sync 1 DAGs
[2024-10-31T01:28:20.297-0300] {logging_mixin.py:190} INFO - [2024-10-31T01:28:20.297-0300] {dag.py:4180} INFO - Setting next_dagrun for tutorial_objectstorage to None, run_after=None
[2024-10-31T01:28:20.425-0300] {processor.py:208} INFO - Processing /home/nico/.local/lib/python3.10/site-packages/airflow/example_dags/tutorial_objectstorage.py took 0.283 seconds
[2024-10-31T01:30:27.788-0300] {processor.py:186} INFO - Started process (PID=124156) to work on /home/nico/.local/lib/python3.10/site-packages/airflow/example_dags/tutorial_objectstorage.py
[2024-10-31T01:30:27.793-0300] {processor.py:914} INFO - Processing file /home/nico/.local/lib/python3.10/site-packages/airflow/example_dags/tutorial_objectstorage.py for tasks to queue
[2024-10-31T01:30:27.803-0300] {logging_mixin.py:190} INFO - [2024-10-31T01:30:27.802-0300] {dagbag.py:588} INFO - Filling up the DagBag from /home/nico/.local/lib/python3.10/site-packages/airflow/example_dags/tutorial_objectstorage.py
[2024-10-31T01:30:27.836-0300] {processor.py:925} INFO - DAG(s) 'tutorial_objectstorage' retrieved from /home/nico/.local/lib/python3.10/site-packages/airflow/example_dags/tutorial_objectstorage.py
[2024-10-31T01:30:28.009-0300] {logging_mixin.py:190} INFO - [2024-10-31T01:30:28.008-0300] {dag.py:3239} INFO - Sync 1 DAGs
[2024-10-31T01:30:28.074-0300] {logging_mixin.py:190} INFO - [2024-10-31T01:30:28.073-0300] {dag.py:4180} INFO - Setting next_dagrun for tutorial_objectstorage to None, run_after=None
[2024-10-31T01:30:28.276-0300] {processor.py:208} INFO - Processing /home/nico/.local/lib/python3.10/site-packages/airflow/example_dags/tutorial_objectstorage.py took 0.548 seconds
[2024-10-31T01:32:46.806-0300] {processor.py:186} INFO - Started process (PID=124773) to work on /home/nico/.local/lib/python3.10/site-packages/airflow/example_dags/tutorial_objectstorage.py
[2024-10-31T01:32:46.831-0300] {processor.py:914} INFO - Processing file /home/nico/.local/lib/python3.10/site-packages/airflow/example_dags/tutorial_objectstorage.py for tasks to queue
[2024-10-31T01:32:46.870-0300] {logging_mixin.py:190} INFO - [2024-10-31T01:32:46.869-0300] {dagbag.py:588} INFO - Filling up the DagBag from /home/nico/.local/lib/python3.10/site-packages/airflow/example_dags/tutorial_objectstorage.py
[2024-10-31T01:32:46.951-0300] {processor.py:925} INFO - DAG(s) 'tutorial_objectstorage' retrieved from /home/nico/.local/lib/python3.10/site-packages/airflow/example_dags/tutorial_objectstorage.py
[2024-10-31T01:32:47.361-0300] {logging_mixin.py:190} INFO - [2024-10-31T01:32:47.360-0300] {dag.py:3239} INFO - Sync 1 DAGs
[2024-10-31T01:32:47.455-0300] {logging_mixin.py:190} INFO - [2024-10-31T01:32:47.454-0300] {dag.py:4180} INFO - Setting next_dagrun for tutorial_objectstorage to None, run_after=None
[2024-10-31T01:32:47.602-0300] {processor.py:208} INFO - Processing /home/nico/.local/lib/python3.10/site-packages/airflow/example_dags/tutorial_objectstorage.py took 0.835 seconds
[2024-10-31T01:34:53.282-0300] {processor.py:186} INFO - Started process (PID=125319) to work on /home/nico/.local/lib/python3.10/site-packages/airflow/example_dags/tutorial_objectstorage.py
[2024-10-31T01:34:53.287-0300] {processor.py:914} INFO - Processing file /home/nico/.local/lib/python3.10/site-packages/airflow/example_dags/tutorial_objectstorage.py for tasks to queue
[2024-10-31T01:34:53.304-0300] {logging_mixin.py:190} INFO - [2024-10-31T01:34:53.301-0300] {dagbag.py:588} INFO - Filling up the DagBag from /home/nico/.local/lib/python3.10/site-packages/airflow/example_dags/tutorial_objectstorage.py
[2024-10-31T01:34:53.364-0300] {processor.py:925} INFO - DAG(s) 'tutorial_objectstorage' retrieved from /home/nico/.local/lib/python3.10/site-packages/airflow/example_dags/tutorial_objectstorage.py
[2024-10-31T01:34:53.433-0300] {logging_mixin.py:190} INFO - [2024-10-31T01:34:53.432-0300] {dag.py:3239} INFO - Sync 1 DAGs
[2024-10-31T01:34:53.477-0300] {logging_mixin.py:190} INFO - [2024-10-31T01:34:53.476-0300] {dag.py:4180} INFO - Setting next_dagrun for tutorial_objectstorage to None, run_after=None
[2024-10-31T01:34:53.599-0300] {processor.py:208} INFO - Processing /home/nico/.local/lib/python3.10/site-packages/airflow/example_dags/tutorial_objectstorage.py took 0.353 seconds
[2024-10-31T19:34:02.578-0300] {processor.py:186} INFO - Started process (PID=128802) to work on /home/nico/.local/lib/python3.10/site-packages/airflow/example_dags/tutorial_objectstorage.py
[2024-10-31T19:34:02.600-0300] {processor.py:914} INFO - Processing file /home/nico/.local/lib/python3.10/site-packages/airflow/example_dags/tutorial_objectstorage.py for tasks to queue
[2024-10-31T19:34:02.631-0300] {logging_mixin.py:190} INFO - [2024-10-31T19:34:02.630-0300] {dagbag.py:588} INFO - Filling up the DagBag from /home/nico/.local/lib/python3.10/site-packages/airflow/example_dags/tutorial_objectstorage.py
[2024-10-31T19:34:02.745-0300] {processor.py:925} INFO - DAG(s) 'tutorial_objectstorage' retrieved from /home/nico/.local/lib/python3.10/site-packages/airflow/example_dags/tutorial_objectstorage.py
[2024-10-31T19:34:03.778-0300] {logging_mixin.py:190} INFO - [2024-10-31T19:34:03.777-0300] {dag.py:3239} INFO - Sync 1 DAGs
[2024-10-31T19:34:03.911-0300] {logging_mixin.py:190} INFO - [2024-10-31T19:34:03.900-0300] {dag.py:4180} INFO - Setting next_dagrun for tutorial_objectstorage to None, run_after=None
[2024-10-31T19:34:06.118-0300] {processor.py:208} INFO - Processing /home/nico/.local/lib/python3.10/site-packages/airflow/example_dags/tutorial_objectstorage.py took 3.605 seconds
[2024-10-31T20:27:37.016-0300] {processor.py:186} INFO - Started process (PID=141263) to work on /home/nico/.local/lib/python3.10/site-packages/airflow/example_dags/tutorial_objectstorage.py
[2024-10-31T20:27:37.022-0300] {processor.py:914} INFO - Processing file /home/nico/.local/lib/python3.10/site-packages/airflow/example_dags/tutorial_objectstorage.py for tasks to queue
[2024-10-31T20:27:37.031-0300] {logging_mixin.py:190} INFO - [2024-10-31T20:27:37.029-0300] {dagbag.py:588} INFO - Filling up the DagBag from /home/nico/.local/lib/python3.10/site-packages/airflow/example_dags/tutorial_objectstorage.py
[2024-10-31T20:27:37.070-0300] {processor.py:925} INFO - DAG(s) 'tutorial_objectstorage' retrieved from /home/nico/.local/lib/python3.10/site-packages/airflow/example_dags/tutorial_objectstorage.py
[2024-10-31T20:27:37.336-0300] {logging_mixin.py:190} INFO - [2024-10-31T20:27:37.335-0300] {dag.py:3239} INFO - Sync 1 DAGs
[2024-10-31T20:27:37.492-0300] {logging_mixin.py:190} INFO - [2024-10-31T20:27:37.491-0300] {dag.py:4180} INFO - Setting next_dagrun for tutorial_objectstorage to None, run_after=None
[2024-10-31T20:27:37.737-0300] {processor.py:208} INFO - Processing /home/nico/.local/lib/python3.10/site-packages/airflow/example_dags/tutorial_objectstorage.py took 0.746 seconds
[2024-10-31T20:31:15.807-0300] {processor.py:186} INFO - Started process (PID=142160) to work on /home/nico/.local/lib/python3.10/site-packages/airflow/example_dags/tutorial_objectstorage.py
[2024-10-31T20:31:15.810-0300] {processor.py:914} INFO - Processing file /home/nico/.local/lib/python3.10/site-packages/airflow/example_dags/tutorial_objectstorage.py for tasks to queue
[2024-10-31T20:31:15.819-0300] {logging_mixin.py:190} INFO - [2024-10-31T20:31:15.816-0300] {dagbag.py:588} INFO - Filling up the DagBag from /home/nico/.local/lib/python3.10/site-packages/airflow/example_dags/tutorial_objectstorage.py
[2024-10-31T20:31:15.854-0300] {processor.py:925} INFO - DAG(s) 'tutorial_objectstorage' retrieved from /home/nico/.local/lib/python3.10/site-packages/airflow/example_dags/tutorial_objectstorage.py
[2024-10-31T20:31:15.919-0300] {logging_mixin.py:190} INFO - [2024-10-31T20:31:15.918-0300] {dag.py:3239} INFO - Sync 1 DAGs
[2024-10-31T20:31:15.977-0300] {logging_mixin.py:190} INFO - [2024-10-31T20:31:15.976-0300] {dag.py:4180} INFO - Setting next_dagrun for tutorial_objectstorage to None, run_after=None
[2024-10-31T20:31:16.180-0300] {processor.py:208} INFO - Processing /home/nico/.local/lib/python3.10/site-packages/airflow/example_dags/tutorial_objectstorage.py took 0.406 seconds
[2024-10-31T20:35:20.098-0300] {processor.py:186} INFO - Started process (PID=143146) to work on /home/nico/.local/lib/python3.10/site-packages/airflow/example_dags/tutorial_objectstorage.py
[2024-10-31T20:35:20.111-0300] {processor.py:914} INFO - Processing file /home/nico/.local/lib/python3.10/site-packages/airflow/example_dags/tutorial_objectstorage.py for tasks to queue
[2024-10-31T20:35:20.128-0300] {logging_mixin.py:190} INFO - [2024-10-31T20:35:20.127-0300] {dagbag.py:588} INFO - Filling up the DagBag from /home/nico/.local/lib/python3.10/site-packages/airflow/example_dags/tutorial_objectstorage.py
[2024-10-31T20:35:20.221-0300] {processor.py:925} INFO - DAG(s) 'tutorial_objectstorage' retrieved from /home/nico/.local/lib/python3.10/site-packages/airflow/example_dags/tutorial_objectstorage.py
[2024-10-31T20:35:20.414-0300] {logging_mixin.py:190} INFO - [2024-10-31T20:35:20.413-0300] {dag.py:3239} INFO - Sync 1 DAGs
[2024-10-31T20:35:20.583-0300] {logging_mixin.py:190} INFO - [2024-10-31T20:35:20.582-0300] {dag.py:4180} INFO - Setting next_dagrun for tutorial_objectstorage to None, run_after=None
[2024-10-31T20:35:21.036-0300] {processor.py:208} INFO - Processing /home/nico/.local/lib/python3.10/site-packages/airflow/example_dags/tutorial_objectstorage.py took 0.978 seconds
[2024-10-31T20:45:25.448-0300] {processor.py:186} INFO - Started process (PID=145760) to work on /home/nico/.local/lib/python3.10/site-packages/airflow/example_dags/tutorial_objectstorage.py
[2024-10-31T20:45:25.469-0300] {processor.py:914} INFO - Processing file /home/nico/.local/lib/python3.10/site-packages/airflow/example_dags/tutorial_objectstorage.py for tasks to queue
[2024-10-31T20:45:25.475-0300] {logging_mixin.py:190} INFO - [2024-10-31T20:45:25.474-0300] {dagbag.py:588} INFO - Filling up the DagBag from /home/nico/.local/lib/python3.10/site-packages/airflow/example_dags/tutorial_objectstorage.py
[2024-10-31T20:45:25.541-0300] {processor.py:925} INFO - DAG(s) 'tutorial_objectstorage' retrieved from /home/nico/.local/lib/python3.10/site-packages/airflow/example_dags/tutorial_objectstorage.py
[2024-10-31T20:45:25.704-0300] {logging_mixin.py:190} INFO - [2024-10-31T20:45:25.703-0300] {dag.py:3239} INFO - Sync 1 DAGs
[2024-10-31T20:45:25.752-0300] {logging_mixin.py:190} INFO - [2024-10-31T20:45:25.751-0300] {dag.py:4180} INFO - Setting next_dagrun for tutorial_objectstorage to None, run_after=None
[2024-10-31T20:45:25.922-0300] {processor.py:208} INFO - Processing /home/nico/.local/lib/python3.10/site-packages/airflow/example_dags/tutorial_objectstorage.py took 0.527 seconds
[2024-10-31T20:47:40.800-0300] {processor.py:186} INFO - Started process (PID=146342) to work on /home/nico/.local/lib/python3.10/site-packages/airflow/example_dags/tutorial_objectstorage.py
[2024-10-31T20:47:40.805-0300] {processor.py:914} INFO - Processing file /home/nico/.local/lib/python3.10/site-packages/airflow/example_dags/tutorial_objectstorage.py for tasks to queue
[2024-10-31T20:47:40.816-0300] {logging_mixin.py:190} INFO - [2024-10-31T20:47:40.815-0300] {dagbag.py:588} INFO - Filling up the DagBag from /home/nico/.local/lib/python3.10/site-packages/airflow/example_dags/tutorial_objectstorage.py
[2024-10-31T20:47:40.854-0300] {processor.py:925} INFO - DAG(s) 'tutorial_objectstorage' retrieved from /home/nico/.local/lib/python3.10/site-packages/airflow/example_dags/tutorial_objectstorage.py
[2024-10-31T20:47:40.952-0300] {logging_mixin.py:190} INFO - [2024-10-31T20:47:40.951-0300] {dag.py:3239} INFO - Sync 1 DAGs
[2024-10-31T20:47:40.997-0300] {logging_mixin.py:190} INFO - [2024-10-31T20:47:40.996-0300] {dag.py:4180} INFO - Setting next_dagrun for tutorial_objectstorage to None, run_after=None
[2024-10-31T20:47:41.197-0300] {processor.py:208} INFO - Processing /home/nico/.local/lib/python3.10/site-packages/airflow/example_dags/tutorial_objectstorage.py took 0.421 seconds
[2024-10-31T20:49:39.914-0300] {processor.py:186} INFO - Started process (PID=146845) to work on /home/nico/.local/lib/python3.10/site-packages/airflow/example_dags/tutorial_objectstorage.py
[2024-10-31T20:49:39.922-0300] {processor.py:914} INFO - Processing file /home/nico/.local/lib/python3.10/site-packages/airflow/example_dags/tutorial_objectstorage.py for tasks to queue
[2024-10-31T20:49:39.932-0300] {logging_mixin.py:190} INFO - [2024-10-31T20:49:39.931-0300] {dagbag.py:588} INFO - Filling up the DagBag from /home/nico/.local/lib/python3.10/site-packages/airflow/example_dags/tutorial_objectstorage.py
[2024-10-31T20:49:39.999-0300] {processor.py:925} INFO - DAG(s) 'tutorial_objectstorage' retrieved from /home/nico/.local/lib/python3.10/site-packages/airflow/example_dags/tutorial_objectstorage.py
[2024-10-31T20:49:40.129-0300] {logging_mixin.py:190} INFO - [2024-10-31T20:49:40.128-0300] {dag.py:3239} INFO - Sync 1 DAGs
[2024-10-31T20:49:40.172-0300] {logging_mixin.py:190} INFO - [2024-10-31T20:49:40.172-0300] {dag.py:4180} INFO - Setting next_dagrun for tutorial_objectstorage to None, run_after=None
[2024-10-31T20:49:40.395-0300] {processor.py:208} INFO - Processing /home/nico/.local/lib/python3.10/site-packages/airflow/example_dags/tutorial_objectstorage.py took 0.531 seconds
[2024-10-31T20:53:38.226-0300] {processor.py:186} INFO - Started process (PID=147833) to work on /home/nico/.local/lib/python3.10/site-packages/airflow/example_dags/tutorial_objectstorage.py
[2024-10-31T20:53:38.230-0300] {processor.py:914} INFO - Processing file /home/nico/.local/lib/python3.10/site-packages/airflow/example_dags/tutorial_objectstorage.py for tasks to queue
[2024-10-31T20:53:38.250-0300] {logging_mixin.py:190} INFO - [2024-10-31T20:53:38.248-0300] {dagbag.py:588} INFO - Filling up the DagBag from /home/nico/.local/lib/python3.10/site-packages/airflow/example_dags/tutorial_objectstorage.py
[2024-10-31T20:53:38.296-0300] {processor.py:925} INFO - DAG(s) 'tutorial_objectstorage' retrieved from /home/nico/.local/lib/python3.10/site-packages/airflow/example_dags/tutorial_objectstorage.py
[2024-10-31T20:53:38.394-0300] {logging_mixin.py:190} INFO - [2024-10-31T20:53:38.393-0300] {dag.py:3239} INFO - Sync 1 DAGs
[2024-10-31T20:53:38.471-0300] {logging_mixin.py:190} INFO - [2024-10-31T20:53:38.470-0300] {dag.py:4180} INFO - Setting next_dagrun for tutorial_objectstorage to None, run_after=None
[2024-10-31T20:53:38.708-0300] {processor.py:208} INFO - Processing /home/nico/.local/lib/python3.10/site-packages/airflow/example_dags/tutorial_objectstorage.py took 0.520 seconds
