[2024-11-02T21:35:41.526-0300] {processor.py:186} INFO - Started process (PID=220040) to work on /home/nico/.local/lib/python3.10/site-packages/airflow/example_dags/example_setup_teardown.py
[2024-11-02T21:35:41.530-0300] {processor.py:914} INFO - Processing file /home/nico/.local/lib/python3.10/site-packages/airflow/example_dags/example_setup_teardown.py for tasks to queue
[2024-11-02T21:35:41.535-0300] {logging_mixin.py:190} INFO - [2024-11-02T21:35:41.534-0300] {dagbag.py:588} INFO - Filling up the DagBag from /home/nico/.local/lib/python3.10/site-packages/airflow/example_dags/example_setup_teardown.py
[2024-11-02T21:35:41.554-0300] {processor.py:925} INFO - DAG(s) 'example_setup_teardown' retrieved from /home/nico/.local/lib/python3.10/site-packages/airflow/example_dags/example_setup_teardown.py
[2024-11-02T21:35:41.628-0300] {logging_mixin.py:190} INFO - [2024-11-02T21:35:41.628-0300] {dag.py:3239} INFO - Sync 1 DAGs
[2024-11-02T21:35:41.662-0300] {logging_mixin.py:190} INFO - [2024-11-02T21:35:41.661-0300] {dag.py:4180} INFO - Setting next_dagrun for example_setup_teardown to None, run_after=None
[2024-11-02T21:35:41.811-0300] {processor.py:208} INFO - Processing /home/nico/.local/lib/python3.10/site-packages/airflow/example_dags/example_setup_teardown.py took 0.299 seconds
[2024-11-02T21:37:59.466-0300] {processor.py:186} INFO - Started process (PID=220112) to work on /home/nico/.local/lib/python3.10/site-packages/airflow/example_dags/example_setup_teardown.py
[2024-11-02T21:37:59.469-0300] {processor.py:914} INFO - Processing file /home/nico/.local/lib/python3.10/site-packages/airflow/example_dags/example_setup_teardown.py for tasks to queue
[2024-11-02T21:37:59.472-0300] {logging_mixin.py:190} INFO - [2024-11-02T21:37:59.471-0300] {dagbag.py:588} INFO - Filling up the DagBag from /home/nico/.local/lib/python3.10/site-packages/airflow/example_dags/example_setup_teardown.py
[2024-11-02T21:37:59.486-0300] {processor.py:925} INFO - DAG(s) 'example_setup_teardown' retrieved from /home/nico/.local/lib/python3.10/site-packages/airflow/example_dags/example_setup_teardown.py
[2024-11-02T21:37:59.547-0300] {logging_mixin.py:190} INFO - [2024-11-02T21:37:59.546-0300] {dag.py:3239} INFO - Sync 1 DAGs
[2024-11-02T21:37:59.601-0300] {logging_mixin.py:190} INFO - [2024-11-02T21:37:59.600-0300] {dag.py:4180} INFO - Setting next_dagrun for example_setup_teardown to None, run_after=None
[2024-11-02T21:37:59.728-0300] {processor.py:208} INFO - Processing /home/nico/.local/lib/python3.10/site-packages/airflow/example_dags/example_setup_teardown.py took 0.275 seconds
[2024-11-02T21:40:40.036-0300] {processor.py:186} INFO - Started process (PID=220163) to work on /home/nico/.local/lib/python3.10/site-packages/airflow/example_dags/example_setup_teardown.py
[2024-11-02T21:40:40.039-0300] {processor.py:914} INFO - Processing file /home/nico/.local/lib/python3.10/site-packages/airflow/example_dags/example_setup_teardown.py for tasks to queue
[2024-11-02T21:40:40.047-0300] {logging_mixin.py:190} INFO - [2024-11-02T21:40:40.046-0300] {dagbag.py:588} INFO - Filling up the DagBag from /home/nico/.local/lib/python3.10/site-packages/airflow/example_dags/example_setup_teardown.py
[2024-11-02T21:40:40.100-0300] {processor.py:925} INFO - DAG(s) 'example_setup_teardown' retrieved from /home/nico/.local/lib/python3.10/site-packages/airflow/example_dags/example_setup_teardown.py
[2024-11-02T21:40:40.291-0300] {logging_mixin.py:190} INFO - [2024-11-02T21:40:40.291-0300] {dag.py:3239} INFO - Sync 1 DAGs
[2024-11-02T21:40:40.440-0300] {logging_mixin.py:190} INFO - [2024-11-02T21:40:40.439-0300] {dag.py:4180} INFO - Setting next_dagrun for example_setup_teardown to None, run_after=None
[2024-11-02T21:40:40.672-0300] {processor.py:208} INFO - Processing /home/nico/.local/lib/python3.10/site-packages/airflow/example_dags/example_setup_teardown.py took 0.661 seconds
[2024-11-02T22:45:26.171-0300] {processor.py:186} INFO - Started process (PID=220786) to work on /home/nico/.local/lib/python3.10/site-packages/airflow/example_dags/example_setup_teardown.py
[2024-11-02T22:45:26.261-0300] {processor.py:914} INFO - Processing file /home/nico/.local/lib/python3.10/site-packages/airflow/example_dags/example_setup_teardown.py for tasks to queue
[2024-11-02T22:45:26.280-0300] {logging_mixin.py:190} INFO - [2024-11-02T22:45:26.279-0300] {dagbag.py:588} INFO - Filling up the DagBag from /home/nico/.local/lib/python3.10/site-packages/airflow/example_dags/example_setup_teardown.py
[2024-11-02T22:45:26.349-0300] {processor.py:925} INFO - DAG(s) 'example_setup_teardown' retrieved from /home/nico/.local/lib/python3.10/site-packages/airflow/example_dags/example_setup_teardown.py
[2024-11-02T22:45:26.564-0300] {logging_mixin.py:190} INFO - [2024-11-02T22:45:26.563-0300] {dag.py:3239} INFO - Sync 1 DAGs
[2024-11-02T22:45:26.638-0300] {logging_mixin.py:190} INFO - [2024-11-02T22:45:26.637-0300] {dag.py:4180} INFO - Setting next_dagrun for example_setup_teardown to None, run_after=None
[2024-11-02T22:45:27.678-0300] {processor.py:208} INFO - Processing /home/nico/.local/lib/python3.10/site-packages/airflow/example_dags/example_setup_teardown.py took 1.529 seconds
[2024-11-02T22:50:12.559-0300] {processor.py:186} INFO - Started process (PID=220912) to work on /home/nico/.local/lib/python3.10/site-packages/airflow/example_dags/example_setup_teardown.py
[2024-11-02T22:50:12.561-0300] {processor.py:914} INFO - Processing file /home/nico/.local/lib/python3.10/site-packages/airflow/example_dags/example_setup_teardown.py for tasks to queue
[2024-11-02T22:50:12.565-0300] {logging_mixin.py:190} INFO - [2024-11-02T22:50:12.564-0300] {dagbag.py:588} INFO - Filling up the DagBag from /home/nico/.local/lib/python3.10/site-packages/airflow/example_dags/example_setup_teardown.py
[2024-11-02T22:50:12.583-0300] {processor.py:925} INFO - DAG(s) 'example_setup_teardown' retrieved from /home/nico/.local/lib/python3.10/site-packages/airflow/example_dags/example_setup_teardown.py
[2024-11-02T22:50:12.644-0300] {logging_mixin.py:190} INFO - [2024-11-02T22:50:12.643-0300] {dag.py:3239} INFO - Sync 1 DAGs
[2024-11-02T22:50:12.678-0300] {logging_mixin.py:190} INFO - [2024-11-02T22:50:12.677-0300] {dag.py:4180} INFO - Setting next_dagrun for example_setup_teardown to None, run_after=None
[2024-11-02T22:50:12.804-0300] {processor.py:208} INFO - Processing /home/nico/.local/lib/python3.10/site-packages/airflow/example_dags/example_setup_teardown.py took 0.263 seconds
[2024-11-02T22:52:50.777-0300] {processor.py:186} INFO - Started process (PID=221001) to work on /home/nico/.local/lib/python3.10/site-packages/airflow/example_dags/example_setup_teardown.py
[2024-11-02T22:52:50.781-0300] {processor.py:914} INFO - Processing file /home/nico/.local/lib/python3.10/site-packages/airflow/example_dags/example_setup_teardown.py for tasks to queue
[2024-11-02T22:52:50.794-0300] {logging_mixin.py:190} INFO - [2024-11-02T22:52:50.793-0300] {dagbag.py:588} INFO - Filling up the DagBag from /home/nico/.local/lib/python3.10/site-packages/airflow/example_dags/example_setup_teardown.py
[2024-11-02T22:52:50.855-0300] {processor.py:925} INFO - DAG(s) 'example_setup_teardown' retrieved from /home/nico/.local/lib/python3.10/site-packages/airflow/example_dags/example_setup_teardown.py
[2024-11-02T22:52:50.984-0300] {logging_mixin.py:190} INFO - [2024-11-02T22:52:50.984-0300] {dag.py:3239} INFO - Sync 1 DAGs
[2024-11-02T22:52:51.025-0300] {logging_mixin.py:190} INFO - [2024-11-02T22:52:51.025-0300] {dag.py:4180} INFO - Setting next_dagrun for example_setup_teardown to None, run_after=None
[2024-11-02T22:52:51.153-0300] {processor.py:208} INFO - Processing /home/nico/.local/lib/python3.10/site-packages/airflow/example_dags/example_setup_teardown.py took 0.426 seconds
[2024-11-02T22:57:22.504-0300] {processor.py:186} INFO - Started process (PID=221112) to work on /home/nico/.local/lib/python3.10/site-packages/airflow/example_dags/example_setup_teardown.py
[2024-11-02T22:57:22.506-0300] {processor.py:914} INFO - Processing file /home/nico/.local/lib/python3.10/site-packages/airflow/example_dags/example_setup_teardown.py for tasks to queue
[2024-11-02T22:57:22.510-0300] {logging_mixin.py:190} INFO - [2024-11-02T22:57:22.509-0300] {dagbag.py:588} INFO - Filling up the DagBag from /home/nico/.local/lib/python3.10/site-packages/airflow/example_dags/example_setup_teardown.py
[2024-11-02T22:57:22.525-0300] {processor.py:925} INFO - DAG(s) 'example_setup_teardown' retrieved from /home/nico/.local/lib/python3.10/site-packages/airflow/example_dags/example_setup_teardown.py
[2024-11-02T22:57:22.581-0300] {logging_mixin.py:190} INFO - [2024-11-02T22:57:22.580-0300] {dag.py:3239} INFO - Sync 1 DAGs
[2024-11-02T22:57:22.614-0300] {logging_mixin.py:190} INFO - [2024-11-02T22:57:22.613-0300] {dag.py:4180} INFO - Setting next_dagrun for example_setup_teardown to None, run_after=None
[2024-11-02T22:57:22.735-0300] {processor.py:208} INFO - Processing /home/nico/.local/lib/python3.10/site-packages/airflow/example_dags/example_setup_teardown.py took 0.244 seconds
[2024-11-02T23:02:36.870-0300] {processor.py:186} INFO - Started process (PID=221269) to work on /home/nico/.local/lib/python3.10/site-packages/airflow/example_dags/example_setup_teardown.py
[2024-11-02T23:02:36.872-0300] {processor.py:914} INFO - Processing file /home/nico/.local/lib/python3.10/site-packages/airflow/example_dags/example_setup_teardown.py for tasks to queue
[2024-11-02T23:02:36.875-0300] {logging_mixin.py:190} INFO - [2024-11-02T23:02:36.875-0300] {dagbag.py:588} INFO - Filling up the DagBag from /home/nico/.local/lib/python3.10/site-packages/airflow/example_dags/example_setup_teardown.py
[2024-11-02T23:02:36.892-0300] {processor.py:925} INFO - DAG(s) 'example_setup_teardown' retrieved from /home/nico/.local/lib/python3.10/site-packages/airflow/example_dags/example_setup_teardown.py
[2024-11-02T23:02:36.955-0300] {logging_mixin.py:190} INFO - [2024-11-02T23:02:36.955-0300] {dag.py:3239} INFO - Sync 1 DAGs
[2024-11-02T23:02:36.994-0300] {logging_mixin.py:190} INFO - [2024-11-02T23:02:36.993-0300] {dag.py:4180} INFO - Setting next_dagrun for example_setup_teardown to None, run_after=None
[2024-11-02T23:02:37.118-0300] {processor.py:208} INFO - Processing /home/nico/.local/lib/python3.10/site-packages/airflow/example_dags/example_setup_teardown.py took 0.263 seconds
[2024-11-02T23:04:30.686-0300] {processor.py:186} INFO - Started process (PID=221327) to work on /home/nico/.local/lib/python3.10/site-packages/airflow/example_dags/example_setup_teardown.py
[2024-11-02T23:04:30.688-0300] {processor.py:914} INFO - Processing file /home/nico/.local/lib/python3.10/site-packages/airflow/example_dags/example_setup_teardown.py for tasks to queue
[2024-11-02T23:04:30.692-0300] {logging_mixin.py:190} INFO - [2024-11-02T23:04:30.691-0300] {dagbag.py:588} INFO - Filling up the DagBag from /home/nico/.local/lib/python3.10/site-packages/airflow/example_dags/example_setup_teardown.py
[2024-11-02T23:04:30.722-0300] {processor.py:925} INFO - DAG(s) 'example_setup_teardown' retrieved from /home/nico/.local/lib/python3.10/site-packages/airflow/example_dags/example_setup_teardown.py
[2024-11-02T23:04:30.778-0300] {logging_mixin.py:190} INFO - [2024-11-02T23:04:30.777-0300] {dag.py:3239} INFO - Sync 1 DAGs
[2024-11-02T23:04:30.817-0300] {logging_mixin.py:190} INFO - [2024-11-02T23:04:30.816-0300] {dag.py:4180} INFO - Setting next_dagrun for example_setup_teardown to None, run_after=None
[2024-11-02T23:04:30.979-0300] {processor.py:208} INFO - Processing /home/nico/.local/lib/python3.10/site-packages/airflow/example_dags/example_setup_teardown.py took 0.307 seconds
[2024-11-02T23:08:06.092-0300] {processor.py:186} INFO - Started process (PID=221429) to work on /home/nico/.local/lib/python3.10/site-packages/airflow/example_dags/example_setup_teardown.py
[2024-11-02T23:08:06.094-0300] {processor.py:914} INFO - Processing file /home/nico/.local/lib/python3.10/site-packages/airflow/example_dags/example_setup_teardown.py for tasks to queue
[2024-11-02T23:08:06.097-0300] {logging_mixin.py:190} INFO - [2024-11-02T23:08:06.097-0300] {dagbag.py:588} INFO - Filling up the DagBag from /home/nico/.local/lib/python3.10/site-packages/airflow/example_dags/example_setup_teardown.py
[2024-11-02T23:08:06.118-0300] {processor.py:925} INFO - DAG(s) 'example_setup_teardown' retrieved from /home/nico/.local/lib/python3.10/site-packages/airflow/example_dags/example_setup_teardown.py
[2024-11-02T23:08:06.177-0300] {logging_mixin.py:190} INFO - [2024-11-02T23:08:06.176-0300] {dag.py:3239} INFO - Sync 1 DAGs
[2024-11-02T23:08:06.216-0300] {logging_mixin.py:190} INFO - [2024-11-02T23:08:06.216-0300] {dag.py:4180} INFO - Setting next_dagrun for example_setup_teardown to None, run_after=None
[2024-11-02T23:08:06.334-0300] {processor.py:208} INFO - Processing /home/nico/.local/lib/python3.10/site-packages/airflow/example_dags/example_setup_teardown.py took 0.256 seconds
[2024-11-02T23:10:51.005-0300] {processor.py:186} INFO - Started process (PID=221515) to work on /home/nico/.local/lib/python3.10/site-packages/airflow/example_dags/example_setup_teardown.py
[2024-11-02T23:10:51.008-0300] {processor.py:914} INFO - Processing file /home/nico/.local/lib/python3.10/site-packages/airflow/example_dags/example_setup_teardown.py for tasks to queue
[2024-11-02T23:10:51.014-0300] {logging_mixin.py:190} INFO - [2024-11-02T23:10:51.013-0300] {dagbag.py:588} INFO - Filling up the DagBag from /home/nico/.local/lib/python3.10/site-packages/airflow/example_dags/example_setup_teardown.py
[2024-11-02T23:10:51.079-0300] {processor.py:925} INFO - DAG(s) 'example_setup_teardown' retrieved from /home/nico/.local/lib/python3.10/site-packages/airflow/example_dags/example_setup_teardown.py
[2024-11-02T23:10:51.173-0300] {logging_mixin.py:190} INFO - [2024-11-02T23:10:51.172-0300] {dag.py:3239} INFO - Sync 1 DAGs
[2024-11-02T23:10:51.224-0300] {logging_mixin.py:190} INFO - [2024-11-02T23:10:51.224-0300] {dag.py:4180} INFO - Setting next_dagrun for example_setup_teardown to None, run_after=None
[2024-11-02T23:10:51.351-0300] {processor.py:208} INFO - Processing /home/nico/.local/lib/python3.10/site-packages/airflow/example_dags/example_setup_teardown.py took 0.396 seconds
[2024-11-02T23:13:46.351-0300] {processor.py:186} INFO - Started process (PID=221606) to work on /home/nico/.local/lib/python3.10/site-packages/airflow/example_dags/example_setup_teardown.py
[2024-11-02T23:13:46.354-0300] {processor.py:914} INFO - Processing file /home/nico/.local/lib/python3.10/site-packages/airflow/example_dags/example_setup_teardown.py for tasks to queue
[2024-11-02T23:13:46.357-0300] {logging_mixin.py:190} INFO - [2024-11-02T23:13:46.356-0300] {dagbag.py:588} INFO - Filling up the DagBag from /home/nico/.local/lib/python3.10/site-packages/airflow/example_dags/example_setup_teardown.py
[2024-11-02T23:13:46.378-0300] {processor.py:925} INFO - DAG(s) 'example_setup_teardown' retrieved from /home/nico/.local/lib/python3.10/site-packages/airflow/example_dags/example_setup_teardown.py
[2024-11-02T23:13:46.436-0300] {logging_mixin.py:190} INFO - [2024-11-02T23:13:46.435-0300] {dag.py:3239} INFO - Sync 1 DAGs
[2024-11-02T23:13:46.470-0300] {logging_mixin.py:190} INFO - [2024-11-02T23:13:46.470-0300] {dag.py:4180} INFO - Setting next_dagrun for example_setup_teardown to None, run_after=None
[2024-11-02T23:13:46.612-0300] {processor.py:208} INFO - Processing /home/nico/.local/lib/python3.10/site-packages/airflow/example_dags/example_setup_teardown.py took 0.284 seconds
[2024-11-03T00:16:49.777-0300] {processor.py:186} INFO - Started process (PID=221712) to work on /home/nico/.local/lib/python3.10/site-packages/airflow/example_dags/example_setup_teardown.py
[2024-11-03T00:16:49.781-0300] {processor.py:914} INFO - Processing file /home/nico/.local/lib/python3.10/site-packages/airflow/example_dags/example_setup_teardown.py for tasks to queue
[2024-11-03T00:16:49.785-0300] {logging_mixin.py:190} INFO - [2024-11-03T00:16:49.784-0300] {dagbag.py:588} INFO - Filling up the DagBag from /home/nico/.local/lib/python3.10/site-packages/airflow/example_dags/example_setup_teardown.py
[2024-11-03T00:16:49.810-0300] {processor.py:925} INFO - DAG(s) 'example_setup_teardown' retrieved from /home/nico/.local/lib/python3.10/site-packages/airflow/example_dags/example_setup_teardown.py
[2024-11-03T00:16:49.911-0300] {logging_mixin.py:190} INFO - [2024-11-03T00:16:49.910-0300] {dag.py:3239} INFO - Sync 1 DAGs
[2024-11-03T00:16:49.969-0300] {logging_mixin.py:190} INFO - [2024-11-03T00:16:49.968-0300] {dag.py:4180} INFO - Setting next_dagrun for example_setup_teardown to None, run_after=None
[2024-11-03T00:16:50.122-0300] {processor.py:208} INFO - Processing /home/nico/.local/lib/python3.10/site-packages/airflow/example_dags/example_setup_teardown.py took 0.361 seconds
