[2024-11-02T21:35:30.152-0300] {processor.py:186} INFO - Started process (PID=220034) to work on /home/nico/.local/lib/python3.10/site-packages/airflow/example_dags/example_skip_dag.py
[2024-11-02T21:35:30.159-0300] {processor.py:914} INFO - Processing file /home/nico/.local/lib/python3.10/site-packages/airflow/example_dags/example_skip_dag.py for tasks to queue
[2024-11-02T21:35:30.165-0300] {logging_mixin.py:190} INFO - [2024-11-02T21:35:30.163-0300] {dagbag.py:588} INFO - Filling up the DagBag from /home/nico/.local/lib/python3.10/site-packages/airflow/example_dags/example_skip_dag.py
[2024-11-02T21:35:30.201-0300] {processor.py:925} INFO - DAG(s) 'example_skip_dag' retrieved from /home/nico/.local/lib/python3.10/site-packages/airflow/example_dags/example_skip_dag.py
[2024-11-02T21:35:30.319-0300] {logging_mixin.py:190} INFO - [2024-11-02T21:35:30.318-0300] {dag.py:3239} INFO - Sync 1 DAGs
[2024-11-02T21:35:30.386-0300] {logging_mixin.py:190} INFO - [2024-11-02T21:35:30.385-0300] {dag.py:4180} INFO - Setting next_dagrun for example_skip_dag to 2024-11-02 00:00:00+00:00, run_after=2024-11-03 00:00:00+00:00
[2024-11-02T21:35:30.509-0300] {processor.py:208} INFO - Processing /home/nico/.local/lib/python3.10/site-packages/airflow/example_dags/example_skip_dag.py took 0.392 seconds
[2024-11-02T21:37:48.289-0300] {processor.py:186} INFO - Started process (PID=220106) to work on /home/nico/.local/lib/python3.10/site-packages/airflow/example_dags/example_skip_dag.py
[2024-11-02T21:37:48.291-0300] {processor.py:914} INFO - Processing file /home/nico/.local/lib/python3.10/site-packages/airflow/example_dags/example_skip_dag.py for tasks to queue
[2024-11-02T21:37:48.294-0300] {logging_mixin.py:190} INFO - [2024-11-02T21:37:48.294-0300] {dagbag.py:588} INFO - Filling up the DagBag from /home/nico/.local/lib/python3.10/site-packages/airflow/example_dags/example_skip_dag.py
[2024-11-02T21:37:48.313-0300] {processor.py:925} INFO - DAG(s) 'example_skip_dag' retrieved from /home/nico/.local/lib/python3.10/site-packages/airflow/example_dags/example_skip_dag.py
[2024-11-02T21:37:48.395-0300] {logging_mixin.py:190} INFO - [2024-11-02T21:37:48.394-0300] {dag.py:3239} INFO - Sync 1 DAGs
[2024-11-02T21:37:48.478-0300] {logging_mixin.py:190} INFO - [2024-11-02T21:37:48.478-0300] {dag.py:4180} INFO - Setting next_dagrun for example_skip_dag to 2024-11-02 00:00:00+00:00, run_after=2024-11-03 00:00:00+00:00
[2024-11-02T21:37:48.605-0300] {processor.py:208} INFO - Processing /home/nico/.local/lib/python3.10/site-packages/airflow/example_dags/example_skip_dag.py took 0.330 seconds
[2024-11-02T21:40:01.403-0300] {processor.py:186} INFO - Started process (PID=220155) to work on /home/nico/.local/lib/python3.10/site-packages/airflow/example_dags/example_skip_dag.py
[2024-11-02T21:40:01.415-0300] {processor.py:914} INFO - Processing file /home/nico/.local/lib/python3.10/site-packages/airflow/example_dags/example_skip_dag.py for tasks to queue
[2024-11-02T21:40:01.429-0300] {logging_mixin.py:190} INFO - [2024-11-02T21:40:01.428-0300] {dagbag.py:588} INFO - Filling up the DagBag from /home/nico/.local/lib/python3.10/site-packages/airflow/example_dags/example_skip_dag.py
[2024-11-02T21:40:01.509-0300] {processor.py:925} INFO - DAG(s) 'example_skip_dag' retrieved from /home/nico/.local/lib/python3.10/site-packages/airflow/example_dags/example_skip_dag.py
[2024-11-02T21:40:02.122-0300] {logging_mixin.py:190} INFO - [2024-11-02T21:40:02.121-0300] {dag.py:3239} INFO - Sync 1 DAGs
[2024-11-02T21:40:02.307-0300] {logging_mixin.py:190} INFO - [2024-11-02T21:40:02.307-0300] {dag.py:4180} INFO - Setting next_dagrun for example_skip_dag to 2024-11-02 00:00:00+00:00, run_after=2024-11-03 00:00:00+00:00
[2024-11-02T21:40:02.523-0300] {processor.py:208} INFO - Processing /home/nico/.local/lib/python3.10/site-packages/airflow/example_dags/example_skip_dag.py took 1.164 seconds
[2024-11-02T22:44:51.719-0300] {processor.py:186} INFO - Started process (PID=220778) to work on /home/nico/.local/lib/python3.10/site-packages/airflow/example_dags/example_skip_dag.py
[2024-11-02T22:44:51.731-0300] {processor.py:914} INFO - Processing file /home/nico/.local/lib/python3.10/site-packages/airflow/example_dags/example_skip_dag.py for tasks to queue
[2024-11-02T22:44:51.738-0300] {logging_mixin.py:190} INFO - [2024-11-02T22:44:51.736-0300] {dagbag.py:588} INFO - Filling up the DagBag from /home/nico/.local/lib/python3.10/site-packages/airflow/example_dags/example_skip_dag.py
[2024-11-02T22:44:51.796-0300] {processor.py:925} INFO - DAG(s) 'example_skip_dag' retrieved from /home/nico/.local/lib/python3.10/site-packages/airflow/example_dags/example_skip_dag.py
[2024-11-02T22:44:52.026-0300] {logging_mixin.py:190} INFO - [2024-11-02T22:44:52.025-0300] {dag.py:3239} INFO - Sync 1 DAGs
[2024-11-02T22:44:52.116-0300] {logging_mixin.py:190} INFO - [2024-11-02T22:44:52.116-0300] {dag.py:4180} INFO - Setting next_dagrun for example_skip_dag to 2024-11-02 00:00:00+00:00, run_after=2024-11-03 00:00:00+00:00
[2024-11-02T22:44:52.271-0300] {processor.py:208} INFO - Processing /home/nico/.local/lib/python3.10/site-packages/airflow/example_dags/example_skip_dag.py took 0.596 seconds
[2024-11-02T22:50:01.393-0300] {processor.py:186} INFO - Started process (PID=220906) to work on /home/nico/.local/lib/python3.10/site-packages/airflow/example_dags/example_skip_dag.py
[2024-11-02T22:50:01.398-0300] {processor.py:914} INFO - Processing file /home/nico/.local/lib/python3.10/site-packages/airflow/example_dags/example_skip_dag.py for tasks to queue
[2024-11-02T22:50:01.408-0300] {logging_mixin.py:190} INFO - [2024-11-02T22:50:01.407-0300] {dagbag.py:588} INFO - Filling up the DagBag from /home/nico/.local/lib/python3.10/site-packages/airflow/example_dags/example_skip_dag.py
[2024-11-02T22:50:01.448-0300] {processor.py:925} INFO - DAG(s) 'example_skip_dag' retrieved from /home/nico/.local/lib/python3.10/site-packages/airflow/example_dags/example_skip_dag.py
[2024-11-02T22:50:01.619-0300] {logging_mixin.py:190} INFO - [2024-11-02T22:50:01.618-0300] {dag.py:3239} INFO - Sync 1 DAGs
[2024-11-02T22:50:01.720-0300] {logging_mixin.py:190} INFO - [2024-11-02T22:50:01.719-0300] {dag.py:4180} INFO - Setting next_dagrun for example_skip_dag to 2024-11-02 00:00:00+00:00, run_after=2024-11-03 00:00:00+00:00
[2024-11-02T22:50:01.860-0300] {processor.py:208} INFO - Processing /home/nico/.local/lib/python3.10/site-packages/airflow/example_dags/example_skip_dag.py took 0.501 seconds
[2024-11-02T22:52:39.160-0300] {processor.py:186} INFO - Started process (PID=220993) to work on /home/nico/.local/lib/python3.10/site-packages/airflow/example_dags/example_skip_dag.py
[2024-11-02T22:52:39.163-0300] {processor.py:914} INFO - Processing file /home/nico/.local/lib/python3.10/site-packages/airflow/example_dags/example_skip_dag.py for tasks to queue
[2024-11-02T22:52:39.166-0300] {logging_mixin.py:190} INFO - [2024-11-02T22:52:39.165-0300] {dagbag.py:588} INFO - Filling up the DagBag from /home/nico/.local/lib/python3.10/site-packages/airflow/example_dags/example_skip_dag.py
[2024-11-02T22:52:39.186-0300] {processor.py:925} INFO - DAG(s) 'example_skip_dag' retrieved from /home/nico/.local/lib/python3.10/site-packages/airflow/example_dags/example_skip_dag.py
[2024-11-02T22:52:39.259-0300] {logging_mixin.py:190} INFO - [2024-11-02T22:52:39.258-0300] {dag.py:3239} INFO - Sync 1 DAGs
[2024-11-02T22:52:39.317-0300] {logging_mixin.py:190} INFO - [2024-11-02T22:52:39.317-0300] {dag.py:4180} INFO - Setting next_dagrun for example_skip_dag to 2024-11-02 00:00:00+00:00, run_after=2024-11-03 00:00:00+00:00
[2024-11-02T22:52:39.455-0300] {processor.py:208} INFO - Processing /home/nico/.local/lib/python3.10/site-packages/airflow/example_dags/example_skip_dag.py took 0.323 seconds
[2024-11-02T22:57:11.789-0300] {processor.py:186} INFO - Started process (PID=221106) to work on /home/nico/.local/lib/python3.10/site-packages/airflow/example_dags/example_skip_dag.py
[2024-11-02T22:57:11.791-0300] {processor.py:914} INFO - Processing file /home/nico/.local/lib/python3.10/site-packages/airflow/example_dags/example_skip_dag.py for tasks to queue
[2024-11-02T22:57:11.794-0300] {logging_mixin.py:190} INFO - [2024-11-02T22:57:11.793-0300] {dagbag.py:588} INFO - Filling up the DagBag from /home/nico/.local/lib/python3.10/site-packages/airflow/example_dags/example_skip_dag.py
[2024-11-02T22:57:11.812-0300] {processor.py:925} INFO - DAG(s) 'example_skip_dag' retrieved from /home/nico/.local/lib/python3.10/site-packages/airflow/example_dags/example_skip_dag.py
[2024-11-02T22:57:11.864-0300] {logging_mixin.py:190} INFO - [2024-11-02T22:57:11.864-0300] {dag.py:3239} INFO - Sync 1 DAGs
[2024-11-02T22:57:11.918-0300] {logging_mixin.py:190} INFO - [2024-11-02T22:57:11.918-0300] {dag.py:4180} INFO - Setting next_dagrun for example_skip_dag to 2024-11-02 00:00:00+00:00, run_after=2024-11-03 00:00:00+00:00
[2024-11-02T22:57:12.041-0300] {processor.py:208} INFO - Processing /home/nico/.local/lib/python3.10/site-packages/airflow/example_dags/example_skip_dag.py took 0.266 seconds
[2024-11-02T23:02:24.437-0300] {processor.py:186} INFO - Started process (PID=221263) to work on /home/nico/.local/lib/python3.10/site-packages/airflow/example_dags/example_skip_dag.py
[2024-11-02T23:02:24.440-0300] {processor.py:914} INFO - Processing file /home/nico/.local/lib/python3.10/site-packages/airflow/example_dags/example_skip_dag.py for tasks to queue
[2024-11-02T23:02:24.444-0300] {logging_mixin.py:190} INFO - [2024-11-02T23:02:24.443-0300] {dagbag.py:588} INFO - Filling up the DagBag from /home/nico/.local/lib/python3.10/site-packages/airflow/example_dags/example_skip_dag.py
[2024-11-02T23:02:24.481-0300] {processor.py:925} INFO - DAG(s) 'example_skip_dag' retrieved from /home/nico/.local/lib/python3.10/site-packages/airflow/example_dags/example_skip_dag.py
[2024-11-02T23:02:24.551-0300] {logging_mixin.py:190} INFO - [2024-11-02T23:02:24.551-0300] {dag.py:3239} INFO - Sync 1 DAGs
[2024-11-02T23:02:24.631-0300] {logging_mixin.py:190} INFO - [2024-11-02T23:02:24.631-0300] {dag.py:4180} INFO - Setting next_dagrun for example_skip_dag to 2024-11-02 00:00:00+00:00, run_after=2024-11-03 00:00:00+00:00
[2024-11-02T23:02:24.790-0300] {processor.py:208} INFO - Processing /home/nico/.local/lib/python3.10/site-packages/airflow/example_dags/example_skip_dag.py took 0.373 seconds
[2024-11-02T23:04:19.631-0300] {processor.py:186} INFO - Started process (PID=221321) to work on /home/nico/.local/lib/python3.10/site-packages/airflow/example_dags/example_skip_dag.py
[2024-11-02T23:04:19.635-0300] {processor.py:914} INFO - Processing file /home/nico/.local/lib/python3.10/site-packages/airflow/example_dags/example_skip_dag.py for tasks to queue
[2024-11-02T23:04:19.640-0300] {logging_mixin.py:190} INFO - [2024-11-02T23:04:19.638-0300] {dagbag.py:588} INFO - Filling up the DagBag from /home/nico/.local/lib/python3.10/site-packages/airflow/example_dags/example_skip_dag.py
[2024-11-02T23:04:19.664-0300] {processor.py:925} INFO - DAG(s) 'example_skip_dag' retrieved from /home/nico/.local/lib/python3.10/site-packages/airflow/example_dags/example_skip_dag.py
[2024-11-02T23:04:19.769-0300] {logging_mixin.py:190} INFO - [2024-11-02T23:04:19.768-0300] {dag.py:3239} INFO - Sync 1 DAGs
[2024-11-02T23:04:19.829-0300] {logging_mixin.py:190} INFO - [2024-11-02T23:04:19.828-0300] {dag.py:4180} INFO - Setting next_dagrun for example_skip_dag to 2024-11-02 00:00:00+00:00, run_after=2024-11-03 00:00:00+00:00
[2024-11-02T23:04:19.970-0300] {processor.py:208} INFO - Processing /home/nico/.local/lib/python3.10/site-packages/airflow/example_dags/example_skip_dag.py took 0.376 seconds
[2024-11-02T23:06:11.742-0300] {processor.py:186} INFO - Started process (PID=221372) to work on /home/nico/.local/lib/python3.10/site-packages/airflow/example_dags/example_skip_dag.py
[2024-11-02T23:06:11.746-0300] {processor.py:914} INFO - Processing file /home/nico/.local/lib/python3.10/site-packages/airflow/example_dags/example_skip_dag.py for tasks to queue
[2024-11-02T23:06:11.752-0300] {logging_mixin.py:190} INFO - [2024-11-02T23:06:11.750-0300] {dagbag.py:588} INFO - Filling up the DagBag from /home/nico/.local/lib/python3.10/site-packages/airflow/example_dags/example_skip_dag.py
[2024-11-02T23:06:11.785-0300] {processor.py:925} INFO - DAG(s) 'example_skip_dag' retrieved from /home/nico/.local/lib/python3.10/site-packages/airflow/example_dags/example_skip_dag.py
[2024-11-02T23:06:11.887-0300] {logging_mixin.py:190} INFO - [2024-11-02T23:06:11.886-0300] {dag.py:3239} INFO - Sync 1 DAGs
[2024-11-02T23:06:12.038-0300] {logging_mixin.py:190} INFO - [2024-11-02T23:06:12.037-0300] {dag.py:4180} INFO - Setting next_dagrun for example_skip_dag to 2024-11-02 00:00:00+00:00, run_after=2024-11-03 00:00:00+00:00
[2024-11-02T23:06:12.523-0300] {processor.py:208} INFO - Processing /home/nico/.local/lib/python3.10/site-packages/airflow/example_dags/example_skip_dag.py took 0.816 seconds
[2024-11-02T23:07:54.585-0300] {processor.py:186} INFO - Started process (PID=221423) to work on /home/nico/.local/lib/python3.10/site-packages/airflow/example_dags/example_skip_dag.py
[2024-11-02T23:07:54.590-0300] {processor.py:914} INFO - Processing file /home/nico/.local/lib/python3.10/site-packages/airflow/example_dags/example_skip_dag.py for tasks to queue
[2024-11-02T23:07:54.596-0300] {logging_mixin.py:190} INFO - [2024-11-02T23:07:54.595-0300] {dagbag.py:588} INFO - Filling up the DagBag from /home/nico/.local/lib/python3.10/site-packages/airflow/example_dags/example_skip_dag.py
[2024-11-02T23:07:54.639-0300] {processor.py:925} INFO - DAG(s) 'example_skip_dag' retrieved from /home/nico/.local/lib/python3.10/site-packages/airflow/example_dags/example_skip_dag.py
[2024-11-02T23:07:54.736-0300] {logging_mixin.py:190} INFO - [2024-11-02T23:07:54.735-0300] {dag.py:3239} INFO - Sync 1 DAGs
[2024-11-02T23:07:54.885-0300] {logging_mixin.py:190} INFO - [2024-11-02T23:07:54.884-0300] {dag.py:4180} INFO - Setting next_dagrun for example_skip_dag to 2024-11-02 00:00:00+00:00, run_after=2024-11-03 00:00:00+00:00
[2024-11-02T23:07:55.112-0300] {processor.py:208} INFO - Processing /home/nico/.local/lib/python3.10/site-packages/airflow/example_dags/example_skip_dag.py took 0.560 seconds
[2024-11-02T23:10:39.851-0300] {processor.py:186} INFO - Started process (PID=221509) to work on /home/nico/.local/lib/python3.10/site-packages/airflow/example_dags/example_skip_dag.py
[2024-11-02T23:10:39.853-0300] {processor.py:914} INFO - Processing file /home/nico/.local/lib/python3.10/site-packages/airflow/example_dags/example_skip_dag.py for tasks to queue
[2024-11-02T23:10:39.856-0300] {logging_mixin.py:190} INFO - [2024-11-02T23:10:39.855-0300] {dagbag.py:588} INFO - Filling up the DagBag from /home/nico/.local/lib/python3.10/site-packages/airflow/example_dags/example_skip_dag.py
[2024-11-02T23:10:39.885-0300] {processor.py:925} INFO - DAG(s) 'example_skip_dag' retrieved from /home/nico/.local/lib/python3.10/site-packages/airflow/example_dags/example_skip_dag.py
[2024-11-02T23:10:39.957-0300] {logging_mixin.py:190} INFO - [2024-11-02T23:10:39.956-0300] {dag.py:3239} INFO - Sync 1 DAGs
[2024-11-02T23:10:40.016-0300] {logging_mixin.py:190} INFO - [2024-11-02T23:10:40.015-0300] {dag.py:4180} INFO - Setting next_dagrun for example_skip_dag to 2024-11-02 00:00:00+00:00, run_after=2024-11-03 00:00:00+00:00
[2024-11-02T23:10:40.135-0300] {processor.py:208} INFO - Processing /home/nico/.local/lib/python3.10/site-packages/airflow/example_dags/example_skip_dag.py took 0.297 seconds
[2024-11-02T23:13:34.198-0300] {processor.py:186} INFO - Started process (PID=221600) to work on /home/nico/.local/lib/python3.10/site-packages/airflow/example_dags/example_skip_dag.py
[2024-11-02T23:13:34.201-0300] {processor.py:914} INFO - Processing file /home/nico/.local/lib/python3.10/site-packages/airflow/example_dags/example_skip_dag.py for tasks to queue
[2024-11-02T23:13:34.204-0300] {logging_mixin.py:190} INFO - [2024-11-02T23:13:34.203-0300] {dagbag.py:588} INFO - Filling up the DagBag from /home/nico/.local/lib/python3.10/site-packages/airflow/example_dags/example_skip_dag.py
[2024-11-02T23:13:34.229-0300] {processor.py:925} INFO - DAG(s) 'example_skip_dag' retrieved from /home/nico/.local/lib/python3.10/site-packages/airflow/example_dags/example_skip_dag.py
[2024-11-02T23:13:34.521-0300] {logging_mixin.py:190} INFO - [2024-11-02T23:13:34.520-0300] {dag.py:3239} INFO - Sync 1 DAGs
[2024-11-02T23:13:34.689-0300] {logging_mixin.py:190} INFO - [2024-11-02T23:13:34.688-0300] {dag.py:4180} INFO - Setting next_dagrun for example_skip_dag to 2024-11-02 00:00:00+00:00, run_after=2024-11-03 00:00:00+00:00
[2024-11-02T23:13:35.150-0300] {processor.py:208} INFO - Processing /home/nico/.local/lib/python3.10/site-packages/airflow/example_dags/example_skip_dag.py took 0.973 seconds
[2024-11-03T00:16:35.994-0300] {processor.py:186} INFO - Started process (PID=221706) to work on /home/nico/.local/lib/python3.10/site-packages/airflow/example_dags/example_skip_dag.py
[2024-11-03T00:16:36.000-0300] {processor.py:914} INFO - Processing file /home/nico/.local/lib/python3.10/site-packages/airflow/example_dags/example_skip_dag.py for tasks to queue
[2024-11-03T00:16:36.012-0300] {logging_mixin.py:190} INFO - [2024-11-03T00:16:36.005-0300] {dagbag.py:588} INFO - Filling up the DagBag from /home/nico/.local/lib/python3.10/site-packages/airflow/example_dags/example_skip_dag.py
[2024-11-03T00:16:36.044-0300] {processor.py:925} INFO - DAG(s) 'example_skip_dag' retrieved from /home/nico/.local/lib/python3.10/site-packages/airflow/example_dags/example_skip_dag.py
[2024-11-03T00:16:36.614-0300] {logging_mixin.py:190} INFO - [2024-11-03T00:16:36.613-0300] {dag.py:3239} INFO - Sync 1 DAGs
[2024-11-03T00:16:36.914-0300] {logging_mixin.py:190} INFO - [2024-11-03T00:16:36.913-0300] {dag.py:4180} INFO - Setting next_dagrun for example_skip_dag to 2024-11-02 00:00:00+00:00, run_after=2024-11-03 00:00:00+00:00
[2024-11-03T00:16:37.523-0300] {processor.py:208} INFO - Processing /home/nico/.local/lib/python3.10/site-packages/airflow/example_dags/example_skip_dag.py took 1.557 seconds
