[2024-11-02T21:35:17.181-0300] {processor.py:186} INFO - Started process (PID=220026) to work on /home/nico/.local/lib/python3.10/site-packages/airflow/example_dags/example_python_operator.py
[2024-11-02T21:35:17.185-0300] {processor.py:914} INFO - Processing file /home/nico/.local/lib/python3.10/site-packages/airflow/example_dags/example_python_operator.py for tasks to queue
[2024-11-02T21:35:17.192-0300] {logging_mixin.py:190} INFO - [2024-11-02T21:35:17.189-0300] {dagbag.py:588} INFO - Filling up the DagBag from /home/nico/.local/lib/python3.10/site-packages/airflow/example_dags/example_python_operator.py
[2024-11-02T21:35:17.239-0300] {processor.py:925} INFO - DAG(s) 'example_python_operator' retrieved from /home/nico/.local/lib/python3.10/site-packages/airflow/example_dags/example_python_operator.py
[2024-11-02T21:35:17.674-0300] {logging_mixin.py:190} INFO - [2024-11-02T21:35:17.673-0300] {dag.py:3239} INFO - Sync 1 DAGs
[2024-11-02T21:35:17.766-0300] {logging_mixin.py:190} INFO - [2024-11-02T21:35:17.759-0300] {dag.py:4180} INFO - Setting next_dagrun for example_python_operator to None, run_after=None
[2024-11-02T21:35:18.096-0300] {processor.py:208} INFO - Processing /home/nico/.local/lib/python3.10/site-packages/airflow/example_dags/example_python_operator.py took 0.938 seconds
[2024-11-02T21:37:35.543-0300] {processor.py:186} INFO - Started process (PID=220100) to work on /home/nico/.local/lib/python3.10/site-packages/airflow/example_dags/example_python_operator.py
[2024-11-02T21:37:35.556-0300] {processor.py:914} INFO - Processing file /home/nico/.local/lib/python3.10/site-packages/airflow/example_dags/example_python_operator.py for tasks to queue
[2024-11-02T21:37:35.572-0300] {logging_mixin.py:190} INFO - [2024-11-02T21:37:35.571-0300] {dagbag.py:588} INFO - Filling up the DagBag from /home/nico/.local/lib/python3.10/site-packages/airflow/example_dags/example_python_operator.py
[2024-11-02T21:37:35.684-0300] {processor.py:925} INFO - DAG(s) 'example_python_operator' retrieved from /home/nico/.local/lib/python3.10/site-packages/airflow/example_dags/example_python_operator.py
[2024-11-02T21:37:35.888-0300] {logging_mixin.py:190} INFO - [2024-11-02T21:37:35.888-0300] {dag.py:3239} INFO - Sync 1 DAGs
[2024-11-02T21:37:35.949-0300] {logging_mixin.py:190} INFO - [2024-11-02T21:37:35.948-0300] {dag.py:4180} INFO - Setting next_dagrun for example_python_operator to None, run_after=None
[2024-11-02T21:37:36.113-0300] {processor.py:208} INFO - Processing /home/nico/.local/lib/python3.10/site-packages/airflow/example_dags/example_python_operator.py took 0.628 seconds
[2024-11-02T21:39:44.559-0300] {processor.py:186} INFO - Started process (PID=220149) to work on /home/nico/.local/lib/python3.10/site-packages/airflow/example_dags/example_python_operator.py
[2024-11-02T21:39:44.562-0300] {processor.py:914} INFO - Processing file /home/nico/.local/lib/python3.10/site-packages/airflow/example_dags/example_python_operator.py for tasks to queue
[2024-11-02T21:39:44.566-0300] {logging_mixin.py:190} INFO - [2024-11-02T21:39:44.565-0300] {dagbag.py:588} INFO - Filling up the DagBag from /home/nico/.local/lib/python3.10/site-packages/airflow/example_dags/example_python_operator.py
[2024-11-02T21:39:44.595-0300] {processor.py:925} INFO - DAG(s) 'example_python_operator' retrieved from /home/nico/.local/lib/python3.10/site-packages/airflow/example_dags/example_python_operator.py
[2024-11-02T21:39:44.659-0300] {logging_mixin.py:190} INFO - [2024-11-02T21:39:44.658-0300] {dag.py:3239} INFO - Sync 1 DAGs
[2024-11-02T21:39:44.691-0300] {logging_mixin.py:190} INFO - [2024-11-02T21:39:44.691-0300] {dag.py:4180} INFO - Setting next_dagrun for example_python_operator to None, run_after=None
[2024-11-02T21:39:44.823-0300] {processor.py:208} INFO - Processing /home/nico/.local/lib/python3.10/site-packages/airflow/example_dags/example_python_operator.py took 0.281 seconds
[2024-11-02T22:39:56.561-0300] {processor.py:186} INFO - Started process (PID=220687) to work on /home/nico/.local/lib/python3.10/site-packages/airflow/example_dags/example_python_operator.py
[2024-11-02T22:39:56.565-0300] {processor.py:914} INFO - Processing file /home/nico/.local/lib/python3.10/site-packages/airflow/example_dags/example_python_operator.py for tasks to queue
[2024-11-02T22:39:56.591-0300] {logging_mixin.py:190} INFO - [2024-11-02T22:39:56.580-0300] {dagbag.py:588} INFO - Filling up the DagBag from /home/nico/.local/lib/python3.10/site-packages/airflow/example_dags/example_python_operator.py
[2024-11-02T22:39:56.705-0300] {processor.py:925} INFO - DAG(s) 'example_python_operator' retrieved from /home/nico/.local/lib/python3.10/site-packages/airflow/example_dags/example_python_operator.py
[2024-11-02T22:39:59.722-0300] {logging_mixin.py:190} INFO - [2024-11-02T22:39:59.722-0300] {dag.py:3239} INFO - Sync 1 DAGs
[2024-11-02T22:40:00.075-0300] {logging_mixin.py:190} INFO - [2024-11-02T22:40:00.075-0300] {dag.py:4180} INFO - Setting next_dagrun for example_python_operator to None, run_after=None
[2024-11-02T22:40:03.380-0300] {processor.py:208} INFO - Processing /home/nico/.local/lib/python3.10/site-packages/airflow/example_dags/example_python_operator.py took 6.871 seconds
[2024-11-02T22:44:34.806-0300] {processor.py:186} INFO - Started process (PID=220772) to work on /home/nico/.local/lib/python3.10/site-packages/airflow/example_dags/example_python_operator.py
[2024-11-02T22:44:34.828-0300] {processor.py:914} INFO - Processing file /home/nico/.local/lib/python3.10/site-packages/airflow/example_dags/example_python_operator.py for tasks to queue
[2024-11-02T22:44:34.843-0300] {logging_mixin.py:190} INFO - [2024-11-02T22:44:34.842-0300] {dagbag.py:588} INFO - Filling up the DagBag from /home/nico/.local/lib/python3.10/site-packages/airflow/example_dags/example_python_operator.py
[2024-11-02T22:44:34.975-0300] {processor.py:925} INFO - DAG(s) 'example_python_operator' retrieved from /home/nico/.local/lib/python3.10/site-packages/airflow/example_dags/example_python_operator.py
[2024-11-02T22:44:35.257-0300] {logging_mixin.py:190} INFO - [2024-11-02T22:44:35.253-0300] {dag.py:3239} INFO - Sync 1 DAGs
[2024-11-02T22:44:35.361-0300] {logging_mixin.py:190} INFO - [2024-11-02T22:44:35.360-0300] {dag.py:4180} INFO - Setting next_dagrun for example_python_operator to None, run_after=None
[2024-11-02T22:44:35.540-0300] {processor.py:208} INFO - Processing /home/nico/.local/lib/python3.10/site-packages/airflow/example_dags/example_python_operator.py took 0.785 seconds
[2024-11-02T22:49:51.285-0300] {processor.py:186} INFO - Started process (PID=220900) to work on /home/nico/.local/lib/python3.10/site-packages/airflow/example_dags/example_python_operator.py
[2024-11-02T22:49:51.288-0300] {processor.py:914} INFO - Processing file /home/nico/.local/lib/python3.10/site-packages/airflow/example_dags/example_python_operator.py for tasks to queue
[2024-11-02T22:49:51.292-0300] {logging_mixin.py:190} INFO - [2024-11-02T22:49:51.291-0300] {dagbag.py:588} INFO - Filling up the DagBag from /home/nico/.local/lib/python3.10/site-packages/airflow/example_dags/example_python_operator.py
[2024-11-02T22:49:51.320-0300] {processor.py:925} INFO - DAG(s) 'example_python_operator' retrieved from /home/nico/.local/lib/python3.10/site-packages/airflow/example_dags/example_python_operator.py
[2024-11-02T22:49:51.388-0300] {logging_mixin.py:190} INFO - [2024-11-02T22:49:51.387-0300] {dag.py:3239} INFO - Sync 1 DAGs
[2024-11-02T22:49:51.423-0300] {logging_mixin.py:190} INFO - [2024-11-02T22:49:51.423-0300] {dag.py:4180} INFO - Setting next_dagrun for example_python_operator to None, run_after=None
[2024-11-02T22:49:51.550-0300] {processor.py:208} INFO - Processing /home/nico/.local/lib/python3.10/site-packages/airflow/example_dags/example_python_operator.py took 0.303 seconds
[2024-11-02T22:51:16.277-0300] {processor.py:186} INFO - Started process (PID=220946) to work on /home/nico/.local/lib/python3.10/site-packages/airflow/example_dags/example_python_operator.py
[2024-11-02T22:51:16.279-0300] {processor.py:914} INFO - Processing file /home/nico/.local/lib/python3.10/site-packages/airflow/example_dags/example_python_operator.py for tasks to queue
[2024-11-02T22:51:16.282-0300] {logging_mixin.py:190} INFO - [2024-11-02T22:51:16.282-0300] {dagbag.py:588} INFO - Filling up the DagBag from /home/nico/.local/lib/python3.10/site-packages/airflow/example_dags/example_python_operator.py
[2024-11-02T22:51:16.322-0300] {processor.py:925} INFO - DAG(s) 'example_python_operator' retrieved from /home/nico/.local/lib/python3.10/site-packages/airflow/example_dags/example_python_operator.py
[2024-11-02T22:51:16.388-0300] {logging_mixin.py:190} INFO - [2024-11-02T22:51:16.387-0300] {dag.py:3239} INFO - Sync 1 DAGs
[2024-11-02T22:51:16.426-0300] {logging_mixin.py:190} INFO - [2024-11-02T22:51:16.425-0300] {dag.py:4180} INFO - Setting next_dagrun for example_python_operator to None, run_after=None
[2024-11-02T22:51:16.545-0300] {processor.py:208} INFO - Processing /home/nico/.local/lib/python3.10/site-packages/airflow/example_dags/example_python_operator.py took 0.284 seconds
[2024-11-02T22:52:33.826-0300] {processor.py:186} INFO - Started process (PID=220990) to work on /home/nico/.local/lib/python3.10/site-packages/airflow/example_dags/example_python_operator.py
[2024-11-02T22:52:33.830-0300] {processor.py:914} INFO - Processing file /home/nico/.local/lib/python3.10/site-packages/airflow/example_dags/example_python_operator.py for tasks to queue
[2024-11-02T22:52:33.835-0300] {logging_mixin.py:190} INFO - [2024-11-02T22:52:33.834-0300] {dagbag.py:588} INFO - Filling up the DagBag from /home/nico/.local/lib/python3.10/site-packages/airflow/example_dags/example_python_operator.py
[2024-11-02T22:52:33.890-0300] {processor.py:925} INFO - DAG(s) 'example_python_operator' retrieved from /home/nico/.local/lib/python3.10/site-packages/airflow/example_dags/example_python_operator.py
[2024-11-02T22:52:34.000-0300] {logging_mixin.py:190} INFO - [2024-11-02T22:52:33.999-0300] {dag.py:3239} INFO - Sync 1 DAGs
[2024-11-02T22:52:34.035-0300] {logging_mixin.py:190} INFO - [2024-11-02T22:52:34.035-0300] {dag.py:4180} INFO - Setting next_dagrun for example_python_operator to None, run_after=None
[2024-11-02T22:52:34.173-0300] {processor.py:208} INFO - Processing /home/nico/.local/lib/python3.10/site-packages/airflow/example_dags/example_python_operator.py took 0.369 seconds
[2024-11-02T22:54:09.079-0300] {processor.py:186} INFO - Started process (PID=221041) to work on /home/nico/.local/lib/python3.10/site-packages/airflow/example_dags/example_python_operator.py
[2024-11-02T22:54:09.102-0300] {processor.py:914} INFO - Processing file /home/nico/.local/lib/python3.10/site-packages/airflow/example_dags/example_python_operator.py for tasks to queue
[2024-11-02T22:54:09.108-0300] {logging_mixin.py:190} INFO - [2024-11-02T22:54:09.107-0300] {dagbag.py:588} INFO - Filling up the DagBag from /home/nico/.local/lib/python3.10/site-packages/airflow/example_dags/example_python_operator.py
[2024-11-02T22:54:09.206-0300] {processor.py:925} INFO - DAG(s) 'example_python_operator' retrieved from /home/nico/.local/lib/python3.10/site-packages/airflow/example_dags/example_python_operator.py
[2024-11-02T22:54:09.410-0300] {logging_mixin.py:190} INFO - [2024-11-02T22:54:09.409-0300] {dag.py:3239} INFO - Sync 1 DAGs
[2024-11-02T22:54:09.521-0300] {logging_mixin.py:190} INFO - [2024-11-02T22:54:09.519-0300] {dag.py:4180} INFO - Setting next_dagrun for example_python_operator to None, run_after=None
[2024-11-02T22:54:09.678-0300] {processor.py:208} INFO - Processing /home/nico/.local/lib/python3.10/site-packages/airflow/example_dags/example_python_operator.py took 0.640 seconds
[2024-11-02T22:57:00.320-0300] {processor.py:186} INFO - Started process (PID=221100) to work on /home/nico/.local/lib/python3.10/site-packages/airflow/example_dags/example_python_operator.py
[2024-11-02T22:57:00.323-0300] {processor.py:914} INFO - Processing file /home/nico/.local/lib/python3.10/site-packages/airflow/example_dags/example_python_operator.py for tasks to queue
[2024-11-02T22:57:00.327-0300] {logging_mixin.py:190} INFO - [2024-11-02T22:57:00.326-0300] {dagbag.py:588} INFO - Filling up the DagBag from /home/nico/.local/lib/python3.10/site-packages/airflow/example_dags/example_python_operator.py
[2024-11-02T22:57:00.357-0300] {processor.py:925} INFO - DAG(s) 'example_python_operator' retrieved from /home/nico/.local/lib/python3.10/site-packages/airflow/example_dags/example_python_operator.py
[2024-11-02T22:57:00.420-0300] {logging_mixin.py:190} INFO - [2024-11-02T22:57:00.419-0300] {dag.py:3239} INFO - Sync 1 DAGs
[2024-11-02T22:57:00.455-0300] {logging_mixin.py:190} INFO - [2024-11-02T22:57:00.454-0300] {dag.py:4180} INFO - Setting next_dagrun for example_python_operator to None, run_after=None
[2024-11-02T22:57:00.572-0300] {processor.py:208} INFO - Processing /home/nico/.local/lib/python3.10/site-packages/airflow/example_dags/example_python_operator.py took 0.272 seconds
[2024-11-02T23:01:30.706-0300] {processor.py:186} INFO - Started process (PID=221237) to work on /home/nico/.local/lib/python3.10/site-packages/airflow/example_dags/example_python_operator.py
[2024-11-02T23:01:30.712-0300] {processor.py:914} INFO - Processing file /home/nico/.local/lib/python3.10/site-packages/airflow/example_dags/example_python_operator.py for tasks to queue
[2024-11-02T23:01:30.715-0300] {logging_mixin.py:190} INFO - [2024-11-02T23:01:30.715-0300] {dagbag.py:588} INFO - Filling up the DagBag from /home/nico/.local/lib/python3.10/site-packages/airflow/example_dags/example_python_operator.py
[2024-11-02T23:01:30.752-0300] {processor.py:925} INFO - DAG(s) 'example_python_operator' retrieved from /home/nico/.local/lib/python3.10/site-packages/airflow/example_dags/example_python_operator.py
[2024-11-02T23:01:31.015-0300] {logging_mixin.py:190} INFO - [2024-11-02T23:01:31.014-0300] {dag.py:3239} INFO - Sync 1 DAGs
[2024-11-02T23:01:31.081-0300] {logging_mixin.py:190} INFO - [2024-11-02T23:01:31.081-0300] {dag.py:4180} INFO - Setting next_dagrun for example_python_operator to None, run_after=None
[2024-11-02T23:01:31.279-0300] {processor.py:208} INFO - Processing /home/nico/.local/lib/python3.10/site-packages/airflow/example_dags/example_python_operator.py took 0.588 seconds
[2024-11-02T23:04:08.636-0300] {processor.py:186} INFO - Started process (PID=221315) to work on /home/nico/.local/lib/python3.10/site-packages/airflow/example_dags/example_python_operator.py
[2024-11-02T23:04:08.640-0300] {processor.py:914} INFO - Processing file /home/nico/.local/lib/python3.10/site-packages/airflow/example_dags/example_python_operator.py for tasks to queue
[2024-11-02T23:04:08.645-0300] {logging_mixin.py:190} INFO - [2024-11-02T23:04:08.644-0300] {dagbag.py:588} INFO - Filling up the DagBag from /home/nico/.local/lib/python3.10/site-packages/airflow/example_dags/example_python_operator.py
[2024-11-02T23:04:08.682-0300] {processor.py:925} INFO - DAG(s) 'example_python_operator' retrieved from /home/nico/.local/lib/python3.10/site-packages/airflow/example_dags/example_python_operator.py
[2024-11-02T23:04:08.760-0300] {logging_mixin.py:190} INFO - [2024-11-02T23:04:08.759-0300] {dag.py:3239} INFO - Sync 1 DAGs
[2024-11-02T23:04:08.797-0300] {logging_mixin.py:190} INFO - [2024-11-02T23:04:08.797-0300] {dag.py:4180} INFO - Setting next_dagrun for example_python_operator to None, run_after=None
[2024-11-02T23:04:08.935-0300] {processor.py:208} INFO - Processing /home/nico/.local/lib/python3.10/site-packages/airflow/example_dags/example_python_operator.py took 0.322 seconds
[2024-11-02T23:05:54.507-0300] {processor.py:186} INFO - Started process (PID=221366) to work on /home/nico/.local/lib/python3.10/site-packages/airflow/example_dags/example_python_operator.py
[2024-11-02T23:05:54.510-0300] {processor.py:914} INFO - Processing file /home/nico/.local/lib/python3.10/site-packages/airflow/example_dags/example_python_operator.py for tasks to queue
[2024-11-02T23:05:54.523-0300] {logging_mixin.py:190} INFO - [2024-11-02T23:05:54.521-0300] {dagbag.py:588} INFO - Filling up the DagBag from /home/nico/.local/lib/python3.10/site-packages/airflow/example_dags/example_python_operator.py
[2024-11-02T23:05:54.582-0300] {processor.py:925} INFO - DAG(s) 'example_python_operator' retrieved from /home/nico/.local/lib/python3.10/site-packages/airflow/example_dags/example_python_operator.py
[2024-11-02T23:05:54.687-0300] {logging_mixin.py:190} INFO - [2024-11-02T23:05:54.686-0300] {dag.py:3239} INFO - Sync 1 DAGs
[2024-11-02T23:05:54.756-0300] {logging_mixin.py:190} INFO - [2024-11-02T23:05:54.756-0300] {dag.py:4180} INFO - Setting next_dagrun for example_python_operator to None, run_after=None
[2024-11-02T23:05:54.910-0300] {processor.py:208} INFO - Processing /home/nico/.local/lib/python3.10/site-packages/airflow/example_dags/example_python_operator.py took 0.452 seconds
[2024-11-02T23:07:43.090-0300] {processor.py:186} INFO - Started process (PID=221417) to work on /home/nico/.local/lib/python3.10/site-packages/airflow/example_dags/example_python_operator.py
[2024-11-02T23:07:43.117-0300] {processor.py:914} INFO - Processing file /home/nico/.local/lib/python3.10/site-packages/airflow/example_dags/example_python_operator.py for tasks to queue
[2024-11-02T23:07:43.124-0300] {logging_mixin.py:190} INFO - [2024-11-02T23:07:43.123-0300] {dagbag.py:588} INFO - Filling up the DagBag from /home/nico/.local/lib/python3.10/site-packages/airflow/example_dags/example_python_operator.py
[2024-11-02T23:07:43.204-0300] {processor.py:925} INFO - DAG(s) 'example_python_operator' retrieved from /home/nico/.local/lib/python3.10/site-packages/airflow/example_dags/example_python_operator.py
[2024-11-02T23:07:43.677-0300] {logging_mixin.py:190} INFO - [2024-11-02T23:07:43.676-0300] {dag.py:3239} INFO - Sync 1 DAGs
[2024-11-02T23:07:43.819-0300] {logging_mixin.py:190} INFO - [2024-11-02T23:07:43.818-0300] {dag.py:4180} INFO - Setting next_dagrun for example_python_operator to None, run_after=None
[2024-11-02T23:07:43.994-0300] {processor.py:208} INFO - Processing /home/nico/.local/lib/python3.10/site-packages/airflow/example_dags/example_python_operator.py took 0.936 seconds
[2024-11-02T23:09:05.330-0300] {processor.py:186} INFO - Started process (PID=221460) to work on /home/nico/.local/lib/python3.10/site-packages/airflow/example_dags/example_python_operator.py
[2024-11-02T23:09:05.335-0300] {processor.py:914} INFO - Processing file /home/nico/.local/lib/python3.10/site-packages/airflow/example_dags/example_python_operator.py for tasks to queue
[2024-11-02T23:09:05.344-0300] {logging_mixin.py:190} INFO - [2024-11-02T23:09:05.343-0300] {dagbag.py:588} INFO - Filling up the DagBag from /home/nico/.local/lib/python3.10/site-packages/airflow/example_dags/example_python_operator.py
[2024-11-02T23:09:05.407-0300] {processor.py:925} INFO - DAG(s) 'example_python_operator' retrieved from /home/nico/.local/lib/python3.10/site-packages/airflow/example_dags/example_python_operator.py
[2024-11-02T23:09:05.494-0300] {logging_mixin.py:190} INFO - [2024-11-02T23:09:05.494-0300] {dag.py:3239} INFO - Sync 1 DAGs
[2024-11-02T23:09:05.533-0300] {logging_mixin.py:190} INFO - [2024-11-02T23:09:05.533-0300] {dag.py:4180} INFO - Setting next_dagrun for example_python_operator to None, run_after=None
[2024-11-02T23:09:05.660-0300] {processor.py:208} INFO - Processing /home/nico/.local/lib/python3.10/site-packages/airflow/example_dags/example_python_operator.py took 0.374 seconds
[2024-11-02T23:10:29.137-0300] {processor.py:186} INFO - Started process (PID=221503) to work on /home/nico/.local/lib/python3.10/site-packages/airflow/example_dags/example_python_operator.py
[2024-11-02T23:10:29.144-0300] {processor.py:914} INFO - Processing file /home/nico/.local/lib/python3.10/site-packages/airflow/example_dags/example_python_operator.py for tasks to queue
[2024-11-02T23:10:29.151-0300] {logging_mixin.py:190} INFO - [2024-11-02T23:10:29.150-0300] {dagbag.py:588} INFO - Filling up the DagBag from /home/nico/.local/lib/python3.10/site-packages/airflow/example_dags/example_python_operator.py
[2024-11-02T23:10:29.194-0300] {processor.py:925} INFO - DAG(s) 'example_python_operator' retrieved from /home/nico/.local/lib/python3.10/site-packages/airflow/example_dags/example_python_operator.py
[2024-11-02T23:10:29.272-0300] {logging_mixin.py:190} INFO - [2024-11-02T23:10:29.272-0300] {dag.py:3239} INFO - Sync 1 DAGs
[2024-11-02T23:10:29.314-0300] {logging_mixin.py:190} INFO - [2024-11-02T23:10:29.313-0300] {dag.py:4180} INFO - Setting next_dagrun for example_python_operator to None, run_after=None
[2024-11-02T23:10:29.519-0300] {processor.py:208} INFO - Processing /home/nico/.local/lib/python3.10/site-packages/airflow/example_dags/example_python_operator.py took 0.410 seconds
[2024-11-02T23:11:55.605-0300] {processor.py:186} INFO - Started process (PID=221547) to work on /home/nico/.local/lib/python3.10/site-packages/airflow/example_dags/example_python_operator.py
[2024-11-02T23:11:55.613-0300] {processor.py:914} INFO - Processing file /home/nico/.local/lib/python3.10/site-packages/airflow/example_dags/example_python_operator.py for tasks to queue
[2024-11-02T23:11:55.620-0300] {logging_mixin.py:190} INFO - [2024-11-02T23:11:55.618-0300] {dagbag.py:588} INFO - Filling up the DagBag from /home/nico/.local/lib/python3.10/site-packages/airflow/example_dags/example_python_operator.py
[2024-11-02T23:11:55.687-0300] {processor.py:925} INFO - DAG(s) 'example_python_operator' retrieved from /home/nico/.local/lib/python3.10/site-packages/airflow/example_dags/example_python_operator.py
[2024-11-02T23:11:55.752-0300] {logging_mixin.py:190} INFO - [2024-11-02T23:11:55.752-0300] {dag.py:3239} INFO - Sync 1 DAGs
[2024-11-02T23:11:55.783-0300] {logging_mixin.py:190} INFO - [2024-11-02T23:11:55.783-0300] {dag.py:4180} INFO - Setting next_dagrun for example_python_operator to None, run_after=None
[2024-11-02T23:11:55.912-0300] {processor.py:208} INFO - Processing /home/nico/.local/lib/python3.10/site-packages/airflow/example_dags/example_python_operator.py took 0.331 seconds
[2024-11-02T23:13:24.180-0300] {processor.py:186} INFO - Started process (PID=221594) to work on /home/nico/.local/lib/python3.10/site-packages/airflow/example_dags/example_python_operator.py
[2024-11-02T23:13:24.188-0300] {processor.py:914} INFO - Processing file /home/nico/.local/lib/python3.10/site-packages/airflow/example_dags/example_python_operator.py for tasks to queue
[2024-11-02T23:13:24.194-0300] {logging_mixin.py:190} INFO - [2024-11-02T23:13:24.193-0300] {dagbag.py:588} INFO - Filling up the DagBag from /home/nico/.local/lib/python3.10/site-packages/airflow/example_dags/example_python_operator.py
[2024-11-02T23:13:24.232-0300] {processor.py:925} INFO - DAG(s) 'example_python_operator' retrieved from /home/nico/.local/lib/python3.10/site-packages/airflow/example_dags/example_python_operator.py
[2024-11-02T23:13:24.298-0300] {logging_mixin.py:190} INFO - [2024-11-02T23:13:24.298-0300] {dag.py:3239} INFO - Sync 1 DAGs
[2024-11-02T23:13:24.337-0300] {logging_mixin.py:190} INFO - [2024-11-02T23:13:24.337-0300] {dag.py:4180} INFO - Setting next_dagrun for example_python_operator to None, run_after=None
[2024-11-02T23:13:24.492-0300] {processor.py:208} INFO - Processing /home/nico/.local/lib/python3.10/site-packages/airflow/example_dags/example_python_operator.py took 0.361 seconds
[2024-11-03T00:14:20.719-0300] {processor.py:186} INFO - Started process (PID=221652) to work on /home/nico/.local/lib/python3.10/site-packages/airflow/example_dags/example_python_operator.py
[2024-11-03T00:14:20.723-0300] {processor.py:914} INFO - Processing file /home/nico/.local/lib/python3.10/site-packages/airflow/example_dags/example_python_operator.py for tasks to queue
[2024-11-03T00:14:20.726-0300] {logging_mixin.py:190} INFO - [2024-11-03T00:14:20.726-0300] {dagbag.py:588} INFO - Filling up the DagBag from /home/nico/.local/lib/python3.10/site-packages/airflow/example_dags/example_python_operator.py
[2024-11-03T00:14:20.766-0300] {processor.py:925} INFO - DAG(s) 'example_python_operator' retrieved from /home/nico/.local/lib/python3.10/site-packages/airflow/example_dags/example_python_operator.py
[2024-11-03T00:14:20.845-0300] {logging_mixin.py:190} INFO - [2024-11-03T00:14:20.844-0300] {dag.py:3239} INFO - Sync 1 DAGs
[2024-11-03T00:14:20.875-0300] {logging_mixin.py:190} INFO - [2024-11-03T00:14:20.875-0300] {dag.py:4180} INFO - Setting next_dagrun for example_python_operator to None, run_after=None
[2024-11-03T00:14:20.992-0300] {processor.py:208} INFO - Processing /home/nico/.local/lib/python3.10/site-packages/airflow/example_dags/example_python_operator.py took 0.290 seconds
[2024-11-03T00:15:50.063-0300] {processor.py:186} INFO - Started process (PID=221699) to work on /home/nico/.local/lib/python3.10/site-packages/airflow/example_dags/example_python_operator.py
[2024-11-03T00:15:50.068-0300] {processor.py:914} INFO - Processing file /home/nico/.local/lib/python3.10/site-packages/airflow/example_dags/example_python_operator.py for tasks to queue
[2024-11-03T00:15:50.080-0300] {logging_mixin.py:190} INFO - [2024-11-03T00:15:50.078-0300] {dagbag.py:588} INFO - Filling up the DagBag from /home/nico/.local/lib/python3.10/site-packages/airflow/example_dags/example_python_operator.py
[2024-11-03T00:15:50.188-0300] {processor.py:925} INFO - DAG(s) 'example_python_operator' retrieved from /home/nico/.local/lib/python3.10/site-packages/airflow/example_dags/example_python_operator.py
[2024-11-03T00:15:50.399-0300] {logging_mixin.py:190} INFO - [2024-11-03T00:15:50.398-0300] {dag.py:3239} INFO - Sync 1 DAGs
[2024-11-03T00:15:50.519-0300] {logging_mixin.py:190} INFO - [2024-11-03T00:15:50.518-0300] {dag.py:4180} INFO - Setting next_dagrun for example_python_operator to None, run_after=None
[2024-11-03T00:15:50.769-0300] {processor.py:208} INFO - Processing /home/nico/.local/lib/python3.10/site-packages/airflow/example_dags/example_python_operator.py took 0.744 seconds
