[2024-11-02T21:35:28.315-0300] {processor.py:186} INFO - Started process (PID=220033) to work on /home/nico/.local/lib/python3.10/site-packages/airflow/example_dags/example_xcom.py
[2024-11-02T21:35:28.318-0300] {processor.py:914} INFO - Processing file /home/nico/.local/lib/python3.10/site-packages/airflow/example_dags/example_xcom.py for tasks to queue
[2024-11-02T21:35:28.324-0300] {logging_mixin.py:190} INFO - [2024-11-02T21:35:28.323-0300] {dagbag.py:588} INFO - Filling up the DagBag from /home/nico/.local/lib/python3.10/site-packages/airflow/example_dags/example_xcom.py
[2024-11-02T21:35:28.352-0300] {processor.py:925} INFO - DAG(s) 'example_xcom' retrieved from /home/nico/.local/lib/python3.10/site-packages/airflow/example_dags/example_xcom.py
[2024-11-02T21:35:28.433-0300] {logging_mixin.py:190} INFO - [2024-11-02T21:35:28.432-0300] {dag.py:3239} INFO - Sync 1 DAGs
[2024-11-02T21:35:28.509-0300] {logging_mixin.py:190} INFO - [2024-11-02T21:35:28.508-0300] {dag.py:4180} INFO - Setting next_dagrun for example_xcom to 2021-01-01 00:00:00+00:00, run_after=2021-01-01 00:00:00+00:00
[2024-11-02T21:35:28.679-0300] {processor.py:208} INFO - Processing /home/nico/.local/lib/python3.10/site-packages/airflow/example_dags/example_xcom.py took 0.381 seconds
[2024-11-02T21:37:46.109-0300] {processor.py:186} INFO - Started process (PID=220105) to work on /home/nico/.local/lib/python3.10/site-packages/airflow/example_dags/example_xcom.py
[2024-11-02T21:37:46.122-0300] {processor.py:914} INFO - Processing file /home/nico/.local/lib/python3.10/site-packages/airflow/example_dags/example_xcom.py for tasks to queue
[2024-11-02T21:37:46.136-0300] {logging_mixin.py:190} INFO - [2024-11-02T21:37:46.126-0300] {dagbag.py:588} INFO - Filling up the DagBag from /home/nico/.local/lib/python3.10/site-packages/airflow/example_dags/example_xcom.py
[2024-11-02T21:37:46.174-0300] {processor.py:925} INFO - DAG(s) 'example_xcom' retrieved from /home/nico/.local/lib/python3.10/site-packages/airflow/example_dags/example_xcom.py
[2024-11-02T21:37:46.292-0300] {logging_mixin.py:190} INFO - [2024-11-02T21:37:46.292-0300] {dag.py:3239} INFO - Sync 1 DAGs
[2024-11-02T21:37:46.364-0300] {logging_mixin.py:190} INFO - [2024-11-02T21:37:46.363-0300] {dag.py:4180} INFO - Setting next_dagrun for example_xcom to 2021-01-01 00:00:00+00:00, run_after=2021-01-01 00:00:00+00:00
[2024-11-02T21:37:46.503-0300] {processor.py:208} INFO - Processing /home/nico/.local/lib/python3.10/site-packages/airflow/example_dags/example_xcom.py took 0.439 seconds
[2024-11-02T21:39:56.260-0300] {processor.py:186} INFO - Started process (PID=220154) to work on /home/nico/.local/lib/python3.10/site-packages/airflow/example_dags/example_xcom.py
[2024-11-02T21:39:56.266-0300] {processor.py:914} INFO - Processing file /home/nico/.local/lib/python3.10/site-packages/airflow/example_dags/example_xcom.py for tasks to queue
[2024-11-02T21:39:56.278-0300] {logging_mixin.py:190} INFO - [2024-11-02T21:39:56.277-0300] {dagbag.py:588} INFO - Filling up the DagBag from /home/nico/.local/lib/python3.10/site-packages/airflow/example_dags/example_xcom.py
[2024-11-02T21:39:56.325-0300] {processor.py:925} INFO - DAG(s) 'example_xcom' retrieved from /home/nico/.local/lib/python3.10/site-packages/airflow/example_dags/example_xcom.py
[2024-11-02T21:39:56.441-0300] {logging_mixin.py:190} INFO - [2024-11-02T21:39:56.440-0300] {dag.py:3239} INFO - Sync 1 DAGs
[2024-11-02T21:39:56.891-0300] {logging_mixin.py:190} INFO - [2024-11-02T21:39:56.890-0300] {dag.py:4180} INFO - Setting next_dagrun for example_xcom to 2021-01-01 00:00:00+00:00, run_after=2021-01-01 00:00:00+00:00
[2024-11-02T21:39:57.231-0300] {processor.py:208} INFO - Processing /home/nico/.local/lib/python3.10/site-packages/airflow/example_dags/example_xcom.py took 1.021 seconds
[2024-11-02T22:44:49.395-0300] {processor.py:186} INFO - Started process (PID=220777) to work on /home/nico/.local/lib/python3.10/site-packages/airflow/example_dags/example_xcom.py
[2024-11-02T22:44:49.398-0300] {processor.py:914} INFO - Processing file /home/nico/.local/lib/python3.10/site-packages/airflow/example_dags/example_xcom.py for tasks to queue
[2024-11-02T22:44:49.401-0300] {logging_mixin.py:190} INFO - [2024-11-02T22:44:49.401-0300] {dagbag.py:588} INFO - Filling up the DagBag from /home/nico/.local/lib/python3.10/site-packages/airflow/example_dags/example_xcom.py
[2024-11-02T22:44:49.431-0300] {processor.py:925} INFO - DAG(s) 'example_xcom' retrieved from /home/nico/.local/lib/python3.10/site-packages/airflow/example_dags/example_xcom.py
[2024-11-02T22:44:49.501-0300] {logging_mixin.py:190} INFO - [2024-11-02T22:44:49.500-0300] {dag.py:3239} INFO - Sync 1 DAGs
[2024-11-02T22:44:49.568-0300] {logging_mixin.py:190} INFO - [2024-11-02T22:44:49.568-0300] {dag.py:4180} INFO - Setting next_dagrun for example_xcom to 2021-01-01 00:00:00+00:00, run_after=2021-01-01 00:00:00+00:00
[2024-11-02T22:44:49.781-0300] {processor.py:208} INFO - Processing /home/nico/.local/lib/python3.10/site-packages/airflow/example_dags/example_xcom.py took 0.405 seconds
[2024-11-02T22:49:59.520-0300] {processor.py:186} INFO - Started process (PID=220905) to work on /home/nico/.local/lib/python3.10/site-packages/airflow/example_dags/example_xcom.py
[2024-11-02T22:49:59.522-0300] {processor.py:914} INFO - Processing file /home/nico/.local/lib/python3.10/site-packages/airflow/example_dags/example_xcom.py for tasks to queue
[2024-11-02T22:49:59.527-0300] {logging_mixin.py:190} INFO - [2024-11-02T22:49:59.526-0300] {dagbag.py:588} INFO - Filling up the DagBag from /home/nico/.local/lib/python3.10/site-packages/airflow/example_dags/example_xcom.py
[2024-11-02T22:49:59.550-0300] {processor.py:925} INFO - DAG(s) 'example_xcom' retrieved from /home/nico/.local/lib/python3.10/site-packages/airflow/example_dags/example_xcom.py
[2024-11-02T22:49:59.609-0300] {logging_mixin.py:190} INFO - [2024-11-02T22:49:59.608-0300] {dag.py:3239} INFO - Sync 1 DAGs
[2024-11-02T22:49:59.676-0300] {logging_mixin.py:190} INFO - [2024-11-02T22:49:59.675-0300] {dag.py:4180} INFO - Setting next_dagrun for example_xcom to 2021-01-01 00:00:00+00:00, run_after=2021-01-01 00:00:00+00:00
[2024-11-02T22:49:59.786-0300] {processor.py:208} INFO - Processing /home/nico/.local/lib/python3.10/site-packages/airflow/example_dags/example_xcom.py took 0.280 seconds
[2024-11-02T22:52:37.352-0300] {processor.py:186} INFO - Started process (PID=220992) to work on /home/nico/.local/lib/python3.10/site-packages/airflow/example_dags/example_xcom.py
[2024-11-02T22:52:37.355-0300] {processor.py:914} INFO - Processing file /home/nico/.local/lib/python3.10/site-packages/airflow/example_dags/example_xcom.py for tasks to queue
[2024-11-02T22:52:37.359-0300] {logging_mixin.py:190} INFO - [2024-11-02T22:52:37.358-0300] {dagbag.py:588} INFO - Filling up the DagBag from /home/nico/.local/lib/python3.10/site-packages/airflow/example_dags/example_xcom.py
[2024-11-02T22:52:37.382-0300] {processor.py:925} INFO - DAG(s) 'example_xcom' retrieved from /home/nico/.local/lib/python3.10/site-packages/airflow/example_dags/example_xcom.py
[2024-11-02T22:52:37.446-0300] {logging_mixin.py:190} INFO - [2024-11-02T22:52:37.445-0300] {dag.py:3239} INFO - Sync 1 DAGs
[2024-11-02T22:52:37.506-0300] {logging_mixin.py:190} INFO - [2024-11-02T22:52:37.505-0300] {dag.py:4180} INFO - Setting next_dagrun for example_xcom to 2021-01-01 00:00:00+00:00, run_after=2021-01-01 00:00:00+00:00
[2024-11-02T22:52:37.637-0300] {processor.py:208} INFO - Processing /home/nico/.local/lib/python3.10/site-packages/airflow/example_dags/example_xcom.py took 0.309 seconds
[2024-11-02T22:54:26.162-0300] {processor.py:186} INFO - Started process (PID=221046) to work on /home/nico/.local/lib/python3.10/site-packages/airflow/example_dags/example_xcom.py
[2024-11-02T22:54:26.210-0300] {processor.py:914} INFO - Processing file /home/nico/.local/lib/python3.10/site-packages/airflow/example_dags/example_xcom.py for tasks to queue
[2024-11-02T22:54:26.279-0300] {logging_mixin.py:190} INFO - [2024-11-02T22:54:26.278-0300] {dagbag.py:588} INFO - Filling up the DagBag from /home/nico/.local/lib/python3.10/site-packages/airflow/example_dags/example_xcom.py
[2024-11-02T22:54:26.377-0300] {processor.py:925} INFO - DAG(s) 'example_xcom' retrieved from /home/nico/.local/lib/python3.10/site-packages/airflow/example_dags/example_xcom.py
[2024-11-02T22:54:27.188-0300] {logging_mixin.py:190} INFO - [2024-11-02T22:54:27.187-0300] {dag.py:3239} INFO - Sync 1 DAGs
[2024-11-02T22:54:27.369-0300] {logging_mixin.py:190} INFO - [2024-11-02T22:54:27.368-0300] {dag.py:4180} INFO - Setting next_dagrun for example_xcom to 2021-01-01 00:00:00+00:00, run_after=2021-01-01 00:00:00+00:00
[2024-11-02T22:54:28.607-0300] {processor.py:208} INFO - Processing /home/nico/.local/lib/python3.10/site-packages/airflow/example_dags/example_xcom.py took 2.484 seconds
[2024-11-02T22:57:09.620-0300] {processor.py:186} INFO - Started process (PID=221105) to work on /home/nico/.local/lib/python3.10/site-packages/airflow/example_dags/example_xcom.py
[2024-11-02T22:57:09.632-0300] {processor.py:914} INFO - Processing file /home/nico/.local/lib/python3.10/site-packages/airflow/example_dags/example_xcom.py for tasks to queue
[2024-11-02T22:57:09.644-0300] {logging_mixin.py:190} INFO - [2024-11-02T22:57:09.643-0300] {dagbag.py:588} INFO - Filling up the DagBag from /home/nico/.local/lib/python3.10/site-packages/airflow/example_dags/example_xcom.py
[2024-11-02T22:57:09.702-0300] {processor.py:925} INFO - DAG(s) 'example_xcom' retrieved from /home/nico/.local/lib/python3.10/site-packages/airflow/example_dags/example_xcom.py
[2024-11-02T22:57:09.809-0300] {logging_mixin.py:190} INFO - [2024-11-02T22:57:09.808-0300] {dag.py:3239} INFO - Sync 1 DAGs
[2024-11-02T22:57:09.909-0300] {logging_mixin.py:190} INFO - [2024-11-02T22:57:09.908-0300] {dag.py:4180} INFO - Setting next_dagrun for example_xcom to 2021-01-01 00:00:00+00:00, run_after=2021-01-01 00:00:00+00:00
[2024-11-02T22:57:10.071-0300] {processor.py:208} INFO - Processing /home/nico/.local/lib/python3.10/site-packages/airflow/example_dags/example_xcom.py took 0.479 seconds
[2024-11-02T23:02:22.615-0300] {processor.py:186} INFO - Started process (PID=221262) to work on /home/nico/.local/lib/python3.10/site-packages/airflow/example_dags/example_xcom.py
[2024-11-02T23:02:22.619-0300] {processor.py:914} INFO - Processing file /home/nico/.local/lib/python3.10/site-packages/airflow/example_dags/example_xcom.py for tasks to queue
[2024-11-02T23:02:22.625-0300] {logging_mixin.py:190} INFO - [2024-11-02T23:02:22.623-0300] {dagbag.py:588} INFO - Filling up the DagBag from /home/nico/.local/lib/python3.10/site-packages/airflow/example_dags/example_xcom.py
[2024-11-02T23:02:22.676-0300] {processor.py:925} INFO - DAG(s) 'example_xcom' retrieved from /home/nico/.local/lib/python3.10/site-packages/airflow/example_dags/example_xcom.py
[2024-11-02T23:02:22.815-0300] {logging_mixin.py:190} INFO - [2024-11-02T23:02:22.814-0300] {dag.py:3239} INFO - Sync 1 DAGs
[2024-11-02T23:02:22.874-0300] {logging_mixin.py:190} INFO - [2024-11-02T23:02:22.874-0300] {dag.py:4180} INFO - Setting next_dagrun for example_xcom to 2021-01-01 00:00:00+00:00, run_after=2021-01-01 00:00:00+00:00
[2024-11-02T23:02:23.005-0300] {processor.py:208} INFO - Processing /home/nico/.local/lib/python3.10/site-packages/airflow/example_dags/example_xcom.py took 0.432 seconds
[2024-11-02T23:04:17.851-0300] {processor.py:186} INFO - Started process (PID=221320) to work on /home/nico/.local/lib/python3.10/site-packages/airflow/example_dags/example_xcom.py
[2024-11-02T23:04:17.854-0300] {processor.py:914} INFO - Processing file /home/nico/.local/lib/python3.10/site-packages/airflow/example_dags/example_xcom.py for tasks to queue
[2024-11-02T23:04:17.857-0300] {logging_mixin.py:190} INFO - [2024-11-02T23:04:17.857-0300] {dagbag.py:588} INFO - Filling up the DagBag from /home/nico/.local/lib/python3.10/site-packages/airflow/example_dags/example_xcom.py
[2024-11-02T23:04:17.876-0300] {processor.py:925} INFO - DAG(s) 'example_xcom' retrieved from /home/nico/.local/lib/python3.10/site-packages/airflow/example_dags/example_xcom.py
[2024-11-02T23:04:17.934-0300] {logging_mixin.py:190} INFO - [2024-11-02T23:04:17.934-0300] {dag.py:3239} INFO - Sync 1 DAGs
[2024-11-02T23:04:18.001-0300] {logging_mixin.py:190} INFO - [2024-11-02T23:04:18.000-0300] {dag.py:4180} INFO - Setting next_dagrun for example_xcom to 2021-01-01 00:00:00+00:00, run_after=2021-01-01 00:00:00+00:00
[2024-11-02T23:04:18.133-0300] {processor.py:208} INFO - Processing /home/nico/.local/lib/python3.10/site-packages/airflow/example_dags/example_xcom.py took 0.295 seconds
[2024-11-02T23:06:09.418-0300] {processor.py:186} INFO - Started process (PID=221371) to work on /home/nico/.local/lib/python3.10/site-packages/airflow/example_dags/example_xcom.py
[2024-11-02T23:06:09.433-0300] {processor.py:914} INFO - Processing file /home/nico/.local/lib/python3.10/site-packages/airflow/example_dags/example_xcom.py for tasks to queue
[2024-11-02T23:06:09.446-0300] {logging_mixin.py:190} INFO - [2024-11-02T23:06:09.438-0300] {dagbag.py:588} INFO - Filling up the DagBag from /home/nico/.local/lib/python3.10/site-packages/airflow/example_dags/example_xcom.py
[2024-11-02T23:06:09.515-0300] {processor.py:925} INFO - DAG(s) 'example_xcom' retrieved from /home/nico/.local/lib/python3.10/site-packages/airflow/example_dags/example_xcom.py
[2024-11-02T23:06:09.630-0300] {logging_mixin.py:190} INFO - [2024-11-02T23:06:09.630-0300] {dag.py:3239} INFO - Sync 1 DAGs
[2024-11-02T23:06:09.736-0300] {logging_mixin.py:190} INFO - [2024-11-02T23:06:09.735-0300] {dag.py:4180} INFO - Setting next_dagrun for example_xcom to 2021-01-01 00:00:00+00:00, run_after=2021-01-01 00:00:00+00:00
[2024-11-02T23:06:09.967-0300] {processor.py:208} INFO - Processing /home/nico/.local/lib/python3.10/site-packages/airflow/example_dags/example_xcom.py took 0.591 seconds
[2024-11-02T23:07:52.611-0300] {processor.py:186} INFO - Started process (PID=221422) to work on /home/nico/.local/lib/python3.10/site-packages/airflow/example_dags/example_xcom.py
[2024-11-02T23:07:52.614-0300] {processor.py:914} INFO - Processing file /home/nico/.local/lib/python3.10/site-packages/airflow/example_dags/example_xcom.py for tasks to queue
[2024-11-02T23:07:52.617-0300] {logging_mixin.py:190} INFO - [2024-11-02T23:07:52.616-0300] {dagbag.py:588} INFO - Filling up the DagBag from /home/nico/.local/lib/python3.10/site-packages/airflow/example_dags/example_xcom.py
[2024-11-02T23:07:52.640-0300] {processor.py:925} INFO - DAG(s) 'example_xcom' retrieved from /home/nico/.local/lib/python3.10/site-packages/airflow/example_dags/example_xcom.py
[2024-11-02T23:07:52.702-0300] {logging_mixin.py:190} INFO - [2024-11-02T23:07:52.702-0300] {dag.py:3239} INFO - Sync 1 DAGs
[2024-11-02T23:07:52.768-0300] {logging_mixin.py:190} INFO - [2024-11-02T23:07:52.767-0300] {dag.py:4180} INFO - Setting next_dagrun for example_xcom to 2021-01-01 00:00:00+00:00, run_after=2021-01-01 00:00:00+00:00
[2024-11-02T23:07:52.888-0300] {processor.py:208} INFO - Processing /home/nico/.local/lib/python3.10/site-packages/airflow/example_dags/example_xcom.py took 0.290 seconds
[2024-11-02T23:10:38.154-0300] {processor.py:186} INFO - Started process (PID=221508) to work on /home/nico/.local/lib/python3.10/site-packages/airflow/example_dags/example_xcom.py
[2024-11-02T23:10:38.156-0300] {processor.py:914} INFO - Processing file /home/nico/.local/lib/python3.10/site-packages/airflow/example_dags/example_xcom.py for tasks to queue
[2024-11-02T23:10:38.160-0300] {logging_mixin.py:190} INFO - [2024-11-02T23:10:38.159-0300] {dagbag.py:588} INFO - Filling up the DagBag from /home/nico/.local/lib/python3.10/site-packages/airflow/example_dags/example_xcom.py
[2024-11-02T23:10:38.177-0300] {processor.py:925} INFO - DAG(s) 'example_xcom' retrieved from /home/nico/.local/lib/python3.10/site-packages/airflow/example_dags/example_xcom.py
[2024-11-02T23:10:38.236-0300] {logging_mixin.py:190} INFO - [2024-11-02T23:10:38.235-0300] {dag.py:3239} INFO - Sync 1 DAGs
[2024-11-02T23:10:38.288-0300] {logging_mixin.py:190} INFO - [2024-11-02T23:10:38.287-0300] {dag.py:4180} INFO - Setting next_dagrun for example_xcom to 2021-01-01 00:00:00+00:00, run_after=2021-01-01 00:00:00+00:00
[2024-11-02T23:10:38.398-0300] {processor.py:208} INFO - Processing /home/nico/.local/lib/python3.10/site-packages/airflow/example_dags/example_xcom.py took 0.261 seconds
[2024-11-02T23:13:32.527-0300] {processor.py:186} INFO - Started process (PID=221599) to work on /home/nico/.local/lib/python3.10/site-packages/airflow/example_dags/example_xcom.py
[2024-11-02T23:13:32.529-0300] {processor.py:914} INFO - Processing file /home/nico/.local/lib/python3.10/site-packages/airflow/example_dags/example_xcom.py for tasks to queue
[2024-11-02T23:13:32.532-0300] {logging_mixin.py:190} INFO - [2024-11-02T23:13:32.532-0300] {dagbag.py:588} INFO - Filling up the DagBag from /home/nico/.local/lib/python3.10/site-packages/airflow/example_dags/example_xcom.py
[2024-11-02T23:13:32.551-0300] {processor.py:925} INFO - DAG(s) 'example_xcom' retrieved from /home/nico/.local/lib/python3.10/site-packages/airflow/example_dags/example_xcom.py
[2024-11-02T23:13:32.609-0300] {logging_mixin.py:190} INFO - [2024-11-02T23:13:32.608-0300] {dag.py:3239} INFO - Sync 1 DAGs
[2024-11-02T23:13:32.663-0300] {logging_mixin.py:190} INFO - [2024-11-02T23:13:32.663-0300] {dag.py:4180} INFO - Setting next_dagrun for example_xcom to 2021-01-01 00:00:00+00:00, run_after=2021-01-01 00:00:00+00:00
[2024-11-02T23:13:32.786-0300] {processor.py:208} INFO - Processing /home/nico/.local/lib/python3.10/site-packages/airflow/example_dags/example_xcom.py took 0.274 seconds
[2024-11-03T00:14:30.173-0300] {processor.py:186} INFO - Started process (PID=221657) to work on /home/nico/.local/lib/python3.10/site-packages/airflow/example_dags/example_xcom.py
[2024-11-03T00:14:30.177-0300] {processor.py:914} INFO - Processing file /home/nico/.local/lib/python3.10/site-packages/airflow/example_dags/example_xcom.py for tasks to queue
[2024-11-03T00:14:30.184-0300] {logging_mixin.py:190} INFO - [2024-11-03T00:14:30.181-0300] {dagbag.py:588} INFO - Filling up the DagBag from /home/nico/.local/lib/python3.10/site-packages/airflow/example_dags/example_xcom.py
[2024-11-03T00:14:30.235-0300] {processor.py:925} INFO - DAG(s) 'example_xcom' retrieved from /home/nico/.local/lib/python3.10/site-packages/airflow/example_dags/example_xcom.py
[2024-11-03T00:14:30.363-0300] {logging_mixin.py:190} INFO - [2024-11-03T00:14:30.362-0300] {dag.py:3239} INFO - Sync 1 DAGs
[2024-11-03T00:14:30.436-0300] {logging_mixin.py:190} INFO - [2024-11-03T00:14:30.435-0300] {dag.py:4180} INFO - Setting next_dagrun for example_xcom to 2021-01-01 00:00:00+00:00, run_after=2021-01-01 00:00:00+00:00
[2024-11-03T00:14:30.562-0300] {processor.py:208} INFO - Processing /home/nico/.local/lib/python3.10/site-packages/airflow/example_dags/example_xcom.py took 0.422 seconds
