[2024-11-02T21:35:53.619-0300] {processor.py:186} INFO - Started process (PID=220046) to work on /home/nico/.local/lib/python3.10/site-packages/airflow/example_dags/example_dynamic_task_mapping.py
[2024-11-02T21:35:53.622-0300] {processor.py:914} INFO - Processing file /home/nico/.local/lib/python3.10/site-packages/airflow/example_dags/example_dynamic_task_mapping.py for tasks to queue
[2024-11-02T21:35:53.627-0300] {logging_mixin.py:190} INFO - [2024-11-02T21:35:53.626-0300] {dagbag.py:588} INFO - Filling up the DagBag from /home/nico/.local/lib/python3.10/site-packages/airflow/example_dags/example_dynamic_task_mapping.py
[2024-11-02T21:35:53.644-0300] {processor.py:925} INFO - DAG(s) 'example_dynamic_task_mapping' retrieved from /home/nico/.local/lib/python3.10/site-packages/airflow/example_dags/example_dynamic_task_mapping.py
[2024-11-02T21:35:53.706-0300] {logging_mixin.py:190} INFO - [2024-11-02T21:35:53.705-0300] {dag.py:3239} INFO - Sync 1 DAGs
[2024-11-02T21:35:53.749-0300] {logging_mixin.py:190} INFO - [2024-11-02T21:35:53.748-0300] {dag.py:4180} INFO - Setting next_dagrun for example_dynamic_task_mapping to None, run_after=None
[2024-11-02T21:35:53.886-0300] {processor.py:208} INFO - Processing /home/nico/.local/lib/python3.10/site-packages/airflow/example_dags/example_dynamic_task_mapping.py took 0.288 seconds
[2024-11-02T21:38:38.894-0300] {processor.py:186} INFO - Started process (PID=220118) to work on /home/nico/.local/lib/python3.10/site-packages/airflow/example_dags/example_dynamic_task_mapping.py
[2024-11-02T21:38:38.901-0300] {processor.py:914} INFO - Processing file /home/nico/.local/lib/python3.10/site-packages/airflow/example_dags/example_dynamic_task_mapping.py for tasks to queue
[2024-11-02T21:38:38.914-0300] {logging_mixin.py:190} INFO - [2024-11-02T21:38:38.912-0300] {dagbag.py:588} INFO - Filling up the DagBag from /home/nico/.local/lib/python3.10/site-packages/airflow/example_dags/example_dynamic_task_mapping.py
[2024-11-02T21:38:38.964-0300] {processor.py:925} INFO - DAG(s) 'example_dynamic_task_mapping' retrieved from /home/nico/.local/lib/python3.10/site-packages/airflow/example_dags/example_dynamic_task_mapping.py
[2024-11-02T21:38:39.163-0300] {logging_mixin.py:190} INFO - [2024-11-02T21:38:39.163-0300] {dag.py:3239} INFO - Sync 1 DAGs
[2024-11-02T21:38:39.420-0300] {logging_mixin.py:190} INFO - [2024-11-02T21:38:39.419-0300] {dag.py:4180} INFO - Setting next_dagrun for example_dynamic_task_mapping to None, run_after=None
[2024-11-02T21:38:39.627-0300] {processor.py:208} INFO - Processing /home/nico/.local/lib/python3.10/site-packages/airflow/example_dags/example_dynamic_task_mapping.py took 0.785 seconds
[2024-11-02T22:45:48.468-0300] {processor.py:186} INFO - Started process (PID=220792) to work on /home/nico/.local/lib/python3.10/site-packages/airflow/example_dags/example_dynamic_task_mapping.py
[2024-11-02T22:45:48.472-0300] {processor.py:914} INFO - Processing file /home/nico/.local/lib/python3.10/site-packages/airflow/example_dags/example_dynamic_task_mapping.py for tasks to queue
[2024-11-02T22:45:48.485-0300] {logging_mixin.py:190} INFO - [2024-11-02T22:45:48.484-0300] {dagbag.py:588} INFO - Filling up the DagBag from /home/nico/.local/lib/python3.10/site-packages/airflow/example_dags/example_dynamic_task_mapping.py
[2024-11-02T22:45:48.519-0300] {processor.py:925} INFO - DAG(s) 'example_dynamic_task_mapping' retrieved from /home/nico/.local/lib/python3.10/site-packages/airflow/example_dags/example_dynamic_task_mapping.py
[2024-11-02T22:45:48.583-0300] {logging_mixin.py:190} INFO - [2024-11-02T22:45:48.583-0300] {dag.py:3239} INFO - Sync 1 DAGs
[2024-11-02T22:45:48.614-0300] {logging_mixin.py:190} INFO - [2024-11-02T22:45:48.613-0300] {dag.py:4180} INFO - Setting next_dagrun for example_dynamic_task_mapping to None, run_after=None
[2024-11-02T22:45:48.723-0300] {processor.py:208} INFO - Processing /home/nico/.local/lib/python3.10/site-packages/airflow/example_dags/example_dynamic_task_mapping.py took 0.281 seconds
[2024-11-02T22:50:24.701-0300] {processor.py:186} INFO - Started process (PID=220918) to work on /home/nico/.local/lib/python3.10/site-packages/airflow/example_dags/example_dynamic_task_mapping.py
[2024-11-02T22:50:24.704-0300] {processor.py:914} INFO - Processing file /home/nico/.local/lib/python3.10/site-packages/airflow/example_dags/example_dynamic_task_mapping.py for tasks to queue
[2024-11-02T22:50:24.707-0300] {logging_mixin.py:190} INFO - [2024-11-02T22:50:24.706-0300] {dagbag.py:588} INFO - Filling up the DagBag from /home/nico/.local/lib/python3.10/site-packages/airflow/example_dags/example_dynamic_task_mapping.py
[2024-11-02T22:50:24.725-0300] {processor.py:925} INFO - DAG(s) 'example_dynamic_task_mapping' retrieved from /home/nico/.local/lib/python3.10/site-packages/airflow/example_dags/example_dynamic_task_mapping.py
[2024-11-02T22:50:24.776-0300] {logging_mixin.py:190} INFO - [2024-11-02T22:50:24.775-0300] {dag.py:3239} INFO - Sync 1 DAGs
[2024-11-02T22:50:24.819-0300] {logging_mixin.py:190} INFO - [2024-11-02T22:50:24.818-0300] {dag.py:4180} INFO - Setting next_dagrun for example_dynamic_task_mapping to None, run_after=None
[2024-11-02T22:50:24.938-0300] {processor.py:208} INFO - Processing /home/nico/.local/lib/python3.10/site-packages/airflow/example_dags/example_dynamic_task_mapping.py took 0.252 seconds
[2024-11-02T22:53:02.701-0300] {processor.py:186} INFO - Started process (PID=221007) to work on /home/nico/.local/lib/python3.10/site-packages/airflow/example_dags/example_dynamic_task_mapping.py
[2024-11-02T22:53:02.704-0300] {processor.py:914} INFO - Processing file /home/nico/.local/lib/python3.10/site-packages/airflow/example_dags/example_dynamic_task_mapping.py for tasks to queue
[2024-11-02T22:53:02.709-0300] {logging_mixin.py:190} INFO - [2024-11-02T22:53:02.708-0300] {dagbag.py:588} INFO - Filling up the DagBag from /home/nico/.local/lib/python3.10/site-packages/airflow/example_dags/example_dynamic_task_mapping.py
[2024-11-02T22:53:02.728-0300] {processor.py:925} INFO - DAG(s) 'example_dynamic_task_mapping' retrieved from /home/nico/.local/lib/python3.10/site-packages/airflow/example_dags/example_dynamic_task_mapping.py
[2024-11-02T22:53:02.793-0300] {logging_mixin.py:190} INFO - [2024-11-02T22:53:02.792-0300] {dag.py:3239} INFO - Sync 1 DAGs
[2024-11-02T22:53:02.848-0300] {logging_mixin.py:190} INFO - [2024-11-02T22:53:02.847-0300] {dag.py:4180} INFO - Setting next_dagrun for example_dynamic_task_mapping to None, run_after=None
[2024-11-02T22:53:02.984-0300] {processor.py:208} INFO - Processing /home/nico/.local/lib/python3.10/site-packages/airflow/example_dags/example_dynamic_task_mapping.py took 0.314 seconds
[2024-11-02T22:57:34.151-0300] {processor.py:186} INFO - Started process (PID=221120) to work on /home/nico/.local/lib/python3.10/site-packages/airflow/example_dags/example_dynamic_task_mapping.py
[2024-11-02T22:57:34.156-0300] {processor.py:914} INFO - Processing file /home/nico/.local/lib/python3.10/site-packages/airflow/example_dags/example_dynamic_task_mapping.py for tasks to queue
[2024-11-02T22:57:34.162-0300] {logging_mixin.py:190} INFO - [2024-11-02T22:57:34.161-0300] {dagbag.py:588} INFO - Filling up the DagBag from /home/nico/.local/lib/python3.10/site-packages/airflow/example_dags/example_dynamic_task_mapping.py
[2024-11-02T22:57:34.197-0300] {processor.py:925} INFO - DAG(s) 'example_dynamic_task_mapping' retrieved from /home/nico/.local/lib/python3.10/site-packages/airflow/example_dags/example_dynamic_task_mapping.py
[2024-11-02T22:57:34.270-0300] {logging_mixin.py:190} INFO - [2024-11-02T22:57:34.269-0300] {dag.py:3239} INFO - Sync 1 DAGs
[2024-11-02T22:57:34.314-0300] {logging_mixin.py:190} INFO - [2024-11-02T22:57:34.313-0300] {dag.py:4180} INFO - Setting next_dagrun for example_dynamic_task_mapping to None, run_after=None
[2024-11-02T22:57:34.455-0300] {processor.py:208} INFO - Processing /home/nico/.local/lib/python3.10/site-packages/airflow/example_dags/example_dynamic_task_mapping.py took 0.325 seconds
[2024-11-02T23:02:49.616-0300] {processor.py:186} INFO - Started process (PID=221275) to work on /home/nico/.local/lib/python3.10/site-packages/airflow/example_dags/example_dynamic_task_mapping.py
[2024-11-02T23:02:49.618-0300] {processor.py:914} INFO - Processing file /home/nico/.local/lib/python3.10/site-packages/airflow/example_dags/example_dynamic_task_mapping.py for tasks to queue
[2024-11-02T23:02:49.622-0300] {logging_mixin.py:190} INFO - [2024-11-02T23:02:49.621-0300] {dagbag.py:588} INFO - Filling up the DagBag from /home/nico/.local/lib/python3.10/site-packages/airflow/example_dags/example_dynamic_task_mapping.py
[2024-11-02T23:02:49.644-0300] {processor.py:925} INFO - DAG(s) 'example_dynamic_task_mapping' retrieved from /home/nico/.local/lib/python3.10/site-packages/airflow/example_dags/example_dynamic_task_mapping.py
[2024-11-02T23:02:49.695-0300] {logging_mixin.py:190} INFO - [2024-11-02T23:02:49.695-0300] {dag.py:3239} INFO - Sync 1 DAGs
[2024-11-02T23:02:49.731-0300] {logging_mixin.py:190} INFO - [2024-11-02T23:02:49.730-0300] {dag.py:4180} INFO - Setting next_dagrun for example_dynamic_task_mapping to None, run_after=None
[2024-11-02T23:02:49.859-0300] {processor.py:208} INFO - Processing /home/nico/.local/lib/python3.10/site-packages/airflow/example_dags/example_dynamic_task_mapping.py took 0.258 seconds
[2024-11-02T23:06:28.962-0300] {processor.py:186} INFO - Started process (PID=221377) to work on /home/nico/.local/lib/python3.10/site-packages/airflow/example_dags/example_dynamic_task_mapping.py
[2024-11-02T23:06:28.972-0300] {processor.py:914} INFO - Processing file /home/nico/.local/lib/python3.10/site-packages/airflow/example_dags/example_dynamic_task_mapping.py for tasks to queue
[2024-11-02T23:06:28.977-0300] {logging_mixin.py:190} INFO - [2024-11-02T23:06:28.976-0300] {dagbag.py:588} INFO - Filling up the DagBag from /home/nico/.local/lib/python3.10/site-packages/airflow/example_dags/example_dynamic_task_mapping.py
[2024-11-02T23:06:28.994-0300] {processor.py:925} INFO - DAG(s) 'example_dynamic_task_mapping' retrieved from /home/nico/.local/lib/python3.10/site-packages/airflow/example_dags/example_dynamic_task_mapping.py
[2024-11-02T23:06:29.067-0300] {logging_mixin.py:190} INFO - [2024-11-02T23:06:29.066-0300] {dag.py:3239} INFO - Sync 1 DAGs
[2024-11-02T23:06:29.113-0300] {logging_mixin.py:190} INFO - [2024-11-02T23:06:29.112-0300] {dag.py:4180} INFO - Setting next_dagrun for example_dynamic_task_mapping to None, run_after=None
[2024-11-02T23:06:29.243-0300] {processor.py:208} INFO - Processing /home/nico/.local/lib/python3.10/site-packages/airflow/example_dags/example_dynamic_task_mapping.py took 0.303 seconds
[2024-11-02T23:09:10.333-0300] {processor.py:186} INFO - Started process (PID=221463) to work on /home/nico/.local/lib/python3.10/site-packages/airflow/example_dags/example_dynamic_task_mapping.py
[2024-11-02T23:09:10.337-0300] {processor.py:914} INFO - Processing file /home/nico/.local/lib/python3.10/site-packages/airflow/example_dags/example_dynamic_task_mapping.py for tasks to queue
[2024-11-02T23:09:10.343-0300] {logging_mixin.py:190} INFO - [2024-11-02T23:09:10.341-0300] {dagbag.py:588} INFO - Filling up the DagBag from /home/nico/.local/lib/python3.10/site-packages/airflow/example_dags/example_dynamic_task_mapping.py
[2024-11-02T23:09:10.380-0300] {processor.py:925} INFO - DAG(s) 'example_dynamic_task_mapping' retrieved from /home/nico/.local/lib/python3.10/site-packages/airflow/example_dags/example_dynamic_task_mapping.py
[2024-11-02T23:09:10.493-0300] {logging_mixin.py:190} INFO - [2024-11-02T23:09:10.492-0300] {dag.py:3239} INFO - Sync 1 DAGs
[2024-11-02T23:09:10.542-0300] {logging_mixin.py:190} INFO - [2024-11-02T23:09:10.542-0300] {dag.py:4180} INFO - Setting next_dagrun for example_dynamic_task_mapping to None, run_after=None
[2024-11-02T23:09:10.714-0300] {processor.py:208} INFO - Processing /home/nico/.local/lib/python3.10/site-packages/airflow/example_dags/example_dynamic_task_mapping.py took 0.403 seconds
[2024-11-02T23:11:02.851-0300] {processor.py:186} INFO - Started process (PID=221521) to work on /home/nico/.local/lib/python3.10/site-packages/airflow/example_dags/example_dynamic_task_mapping.py
[2024-11-02T23:11:02.854-0300] {processor.py:914} INFO - Processing file /home/nico/.local/lib/python3.10/site-packages/airflow/example_dags/example_dynamic_task_mapping.py for tasks to queue
[2024-11-02T23:11:02.859-0300] {logging_mixin.py:190} INFO - [2024-11-02T23:11:02.857-0300] {dagbag.py:588} INFO - Filling up the DagBag from /home/nico/.local/lib/python3.10/site-packages/airflow/example_dags/example_dynamic_task_mapping.py
[2024-11-02T23:11:02.888-0300] {processor.py:925} INFO - DAG(s) 'example_dynamic_task_mapping' retrieved from /home/nico/.local/lib/python3.10/site-packages/airflow/example_dags/example_dynamic_task_mapping.py
[2024-11-02T23:11:02.982-0300] {logging_mixin.py:190} INFO - [2024-11-02T23:11:02.981-0300] {dag.py:3239} INFO - Sync 1 DAGs
[2024-11-02T23:11:03.241-0300] {logging_mixin.py:190} INFO - [2024-11-02T23:11:03.241-0300] {dag.py:4180} INFO - Setting next_dagrun for example_dynamic_task_mapping to None, run_after=None
[2024-11-02T23:11:04.024-0300] {processor.py:208} INFO - Processing /home/nico/.local/lib/python3.10/site-packages/airflow/example_dags/example_dynamic_task_mapping.py took 1.188 seconds
[2024-11-02T23:14:01.389-0300] {processor.py:186} INFO - Started process (PID=221618) to work on /home/nico/.local/lib/python3.10/site-packages/airflow/example_dags/example_dynamic_task_mapping.py
[2024-11-02T23:14:01.404-0300] {processor.py:914} INFO - Processing file /home/nico/.local/lib/python3.10/site-packages/airflow/example_dags/example_dynamic_task_mapping.py for tasks to queue
[2024-11-02T23:14:01.415-0300] {logging_mixin.py:190} INFO - [2024-11-02T23:14:01.414-0300] {dagbag.py:588} INFO - Filling up the DagBag from /home/nico/.local/lib/python3.10/site-packages/airflow/example_dags/example_dynamic_task_mapping.py
[2024-11-02T23:14:01.468-0300] {processor.py:925} INFO - DAG(s) 'example_dynamic_task_mapping' retrieved from /home/nico/.local/lib/python3.10/site-packages/airflow/example_dags/example_dynamic_task_mapping.py
[2024-11-02T23:14:01.646-0300] {logging_mixin.py:190} INFO - [2024-11-02T23:14:01.645-0300] {dag.py:3239} INFO - Sync 1 DAGs
[2024-11-02T23:14:01.742-0300] {logging_mixin.py:190} INFO - [2024-11-02T23:14:01.741-0300] {dag.py:4180} INFO - Setting next_dagrun for example_dynamic_task_mapping to None, run_after=None
[2024-11-02T23:14:01.902-0300] {processor.py:208} INFO - Processing /home/nico/.local/lib/python3.10/site-packages/airflow/example_dags/example_dynamic_task_mapping.py took 0.555 seconds
