[2024-11-02T21:35:25.572-0300] {processor.py:186} INFO - Started process (PID=220030) to work on /home/nico/.local/lib/python3.10/site-packages/airflow/example_dags/example_kubernetes_executor.py
[2024-11-02T21:35:25.575-0300] {processor.py:914} INFO - Processing file /home/nico/.local/lib/python3.10/site-packages/airflow/example_dags/example_kubernetes_executor.py for tasks to queue
[2024-11-02T21:35:25.578-0300] {logging_mixin.py:190} INFO - [2024-11-02T21:35:25.577-0300] {dagbag.py:588} INFO - Filling up the DagBag from /home/nico/.local/lib/python3.10/site-packages/airflow/example_dags/example_kubernetes_executor.py
[2024-11-02T21:35:25.595-0300] {logging_mixin.py:190} INFO - [2024-11-02T21:35:25.595-0300] {example_kubernetes_executor.py:39} WARNING - The example_kubernetes_executor example DAG requires the kubernetes provider. Please install it with: pip install apache-airflow[cncf.kubernetes]
[2024-11-02T21:35:25.596-0300] {processor.py:927} WARNING - No viable dags retrieved from /home/nico/.local/lib/python3.10/site-packages/airflow/example_dags/example_kubernetes_executor.py
[2024-11-02T21:35:26.280-0300] {processor.py:208} INFO - Processing /home/nico/.local/lib/python3.10/site-packages/airflow/example_dags/example_kubernetes_executor.py took 0.722 seconds
[2024-11-02T21:37:43.380-0300] {processor.py:186} INFO - Started process (PID=220104) to work on /home/nico/.local/lib/python3.10/site-packages/airflow/example_dags/example_kubernetes_executor.py
[2024-11-02T21:37:43.382-0300] {processor.py:914} INFO - Processing file /home/nico/.local/lib/python3.10/site-packages/airflow/example_dags/example_kubernetes_executor.py for tasks to queue
[2024-11-02T21:37:43.385-0300] {logging_mixin.py:190} INFO - [2024-11-02T21:37:43.384-0300] {dagbag.py:588} INFO - Filling up the DagBag from /home/nico/.local/lib/python3.10/site-packages/airflow/example_dags/example_kubernetes_executor.py
[2024-11-02T21:37:43.399-0300] {logging_mixin.py:190} INFO - [2024-11-02T21:37:43.398-0300] {example_kubernetes_executor.py:39} WARNING - The example_kubernetes_executor example DAG requires the kubernetes provider. Please install it with: pip install apache-airflow[cncf.kubernetes]
[2024-11-02T21:37:43.400-0300] {processor.py:927} WARNING - No viable dags retrieved from /home/nico/.local/lib/python3.10/site-packages/airflow/example_dags/example_kubernetes_executor.py
[2024-11-02T21:37:43.449-0300] {processor.py:208} INFO - Processing /home/nico/.local/lib/python3.10/site-packages/airflow/example_dags/example_kubernetes_executor.py took 0.088 seconds
[2024-11-02T21:39:54.021-0300] {processor.py:186} INFO - Started process (PID=220153) to work on /home/nico/.local/lib/python3.10/site-packages/airflow/example_dags/example_kubernetes_executor.py
[2024-11-02T21:39:54.035-0300] {processor.py:914} INFO - Processing file /home/nico/.local/lib/python3.10/site-packages/airflow/example_dags/example_kubernetes_executor.py for tasks to queue
[2024-11-02T21:39:54.049-0300] {logging_mixin.py:190} INFO - [2024-11-02T21:39:54.048-0300] {dagbag.py:588} INFO - Filling up the DagBag from /home/nico/.local/lib/python3.10/site-packages/airflow/example_dags/example_kubernetes_executor.py
[2024-11-02T21:39:54.079-0300] {logging_mixin.py:190} INFO - [2024-11-02T21:39:54.074-0300] {example_kubernetes_executor.py:39} WARNING - The example_kubernetes_executor example DAG requires the kubernetes provider. Please install it with: pip install apache-airflow[cncf.kubernetes]
[2024-11-02T21:39:54.081-0300] {processor.py:927} WARNING - No viable dags retrieved from /home/nico/.local/lib/python3.10/site-packages/airflow/example_dags/example_kubernetes_executor.py
[2024-11-02T21:39:54.224-0300] {processor.py:208} INFO - Processing /home/nico/.local/lib/python3.10/site-packages/airflow/example_dags/example_kubernetes_executor.py took 0.256 seconds
[2024-11-02T22:44:47.293-0300] {processor.py:186} INFO - Started process (PID=220776) to work on /home/nico/.local/lib/python3.10/site-packages/airflow/example_dags/example_kubernetes_executor.py
[2024-11-02T22:44:47.309-0300] {processor.py:914} INFO - Processing file /home/nico/.local/lib/python3.10/site-packages/airflow/example_dags/example_kubernetes_executor.py for tasks to queue
[2024-11-02T22:44:47.327-0300] {logging_mixin.py:190} INFO - [2024-11-02T22:44:47.326-0300] {dagbag.py:588} INFO - Filling up the DagBag from /home/nico/.local/lib/python3.10/site-packages/airflow/example_dags/example_kubernetes_executor.py
[2024-11-02T22:44:47.380-0300] {logging_mixin.py:190} INFO - [2024-11-02T22:44:47.379-0300] {example_kubernetes_executor.py:39} WARNING - The example_kubernetes_executor example DAG requires the kubernetes provider. Please install it with: pip install apache-airflow[cncf.kubernetes]
[2024-11-02T22:44:47.382-0300] {processor.py:927} WARNING - No viable dags retrieved from /home/nico/.local/lib/python3.10/site-packages/airflow/example_dags/example_kubernetes_executor.py
[2024-11-02T22:44:47.636-0300] {processor.py:208} INFO - Processing /home/nico/.local/lib/python3.10/site-packages/airflow/example_dags/example_kubernetes_executor.py took 0.387 seconds
[2024-11-02T22:49:58.116-0300] {processor.py:186} INFO - Started process (PID=220904) to work on /home/nico/.local/lib/python3.10/site-packages/airflow/example_dags/example_kubernetes_executor.py
[2024-11-02T22:49:58.122-0300] {processor.py:914} INFO - Processing file /home/nico/.local/lib/python3.10/site-packages/airflow/example_dags/example_kubernetes_executor.py for tasks to queue
[2024-11-02T22:49:58.129-0300] {logging_mixin.py:190} INFO - [2024-11-02T22:49:58.128-0300] {dagbag.py:588} INFO - Filling up the DagBag from /home/nico/.local/lib/python3.10/site-packages/airflow/example_dags/example_kubernetes_executor.py
[2024-11-02T22:49:58.152-0300] {logging_mixin.py:190} INFO - [2024-11-02T22:49:58.151-0300] {example_kubernetes_executor.py:39} WARNING - The example_kubernetes_executor example DAG requires the kubernetes provider. Please install it with: pip install apache-airflow[cncf.kubernetes]
[2024-11-02T22:49:58.154-0300] {processor.py:927} WARNING - No viable dags retrieved from /home/nico/.local/lib/python3.10/site-packages/airflow/example_dags/example_kubernetes_executor.py
[2024-11-02T22:49:58.205-0300] {processor.py:208} INFO - Processing /home/nico/.local/lib/python3.10/site-packages/airflow/example_dags/example_kubernetes_executor.py took 0.111 seconds
[2024-11-02T22:51:22.921-0300] {processor.py:186} INFO - Started process (PID=220950) to work on /home/nico/.local/lib/python3.10/site-packages/airflow/example_dags/example_kubernetes_executor.py
[2024-11-02T22:51:22.926-0300] {processor.py:914} INFO - Processing file /home/nico/.local/lib/python3.10/site-packages/airflow/example_dags/example_kubernetes_executor.py for tasks to queue
[2024-11-02T22:51:22.939-0300] {logging_mixin.py:190} INFO - [2024-11-02T22:51:22.938-0300] {dagbag.py:588} INFO - Filling up the DagBag from /home/nico/.local/lib/python3.10/site-packages/airflow/example_dags/example_kubernetes_executor.py
[2024-11-02T22:51:23.039-0300] {logging_mixin.py:190} INFO - [2024-11-02T22:51:23.038-0300] {example_kubernetes_executor.py:39} WARNING - The example_kubernetes_executor example DAG requires the kubernetes provider. Please install it with: pip install apache-airflow[cncf.kubernetes]
[2024-11-02T22:51:23.041-0300] {processor.py:927} WARNING - No viable dags retrieved from /home/nico/.local/lib/python3.10/site-packages/airflow/example_dags/example_kubernetes_executor.py
[2024-11-02T22:51:23.151-0300] {processor.py:208} INFO - Processing /home/nico/.local/lib/python3.10/site-packages/airflow/example_dags/example_kubernetes_executor.py took 0.268 seconds
[2024-11-02T22:54:19.728-0300] {processor.py:186} INFO - Started process (PID=221045) to work on /home/nico/.local/lib/python3.10/site-packages/airflow/example_dags/example_kubernetes_executor.py
[2024-11-02T22:54:19.744-0300] {processor.py:914} INFO - Processing file /home/nico/.local/lib/python3.10/site-packages/airflow/example_dags/example_kubernetes_executor.py for tasks to queue
[2024-11-02T22:54:19.759-0300] {logging_mixin.py:190} INFO - [2024-11-02T22:54:19.758-0300] {dagbag.py:588} INFO - Filling up the DagBag from /home/nico/.local/lib/python3.10/site-packages/airflow/example_dags/example_kubernetes_executor.py
[2024-11-02T22:54:19.886-0300] {logging_mixin.py:190} INFO - [2024-11-02T22:54:19.885-0300] {example_kubernetes_executor.py:39} WARNING - The example_kubernetes_executor example DAG requires the kubernetes provider. Please install it with: pip install apache-airflow[cncf.kubernetes]
[2024-11-02T22:54:19.898-0300] {processor.py:927} WARNING - No viable dags retrieved from /home/nico/.local/lib/python3.10/site-packages/airflow/example_dags/example_kubernetes_executor.py
[2024-11-02T22:54:21.097-0300] {processor.py:208} INFO - Processing /home/nico/.local/lib/python3.10/site-packages/airflow/example_dags/example_kubernetes_executor.py took 1.438 seconds
[2024-11-02T22:57:08.007-0300] {processor.py:186} INFO - Started process (PID=221104) to work on /home/nico/.local/lib/python3.10/site-packages/airflow/example_dags/example_kubernetes_executor.py
[2024-11-02T22:57:08.009-0300] {processor.py:914} INFO - Processing file /home/nico/.local/lib/python3.10/site-packages/airflow/example_dags/example_kubernetes_executor.py for tasks to queue
[2024-11-02T22:57:08.014-0300] {logging_mixin.py:190} INFO - [2024-11-02T22:57:08.013-0300] {dagbag.py:588} INFO - Filling up the DagBag from /home/nico/.local/lib/python3.10/site-packages/airflow/example_dags/example_kubernetes_executor.py
[2024-11-02T22:57:08.028-0300] {logging_mixin.py:190} INFO - [2024-11-02T22:57:08.027-0300] {example_kubernetes_executor.py:39} WARNING - The example_kubernetes_executor example DAG requires the kubernetes provider. Please install it with: pip install apache-airflow[cncf.kubernetes]
[2024-11-02T22:57:08.030-0300] {processor.py:927} WARNING - No viable dags retrieved from /home/nico/.local/lib/python3.10/site-packages/airflow/example_dags/example_kubernetes_executor.py
[2024-11-02T22:57:08.079-0300] {processor.py:208} INFO - Processing /home/nico/.local/lib/python3.10/site-packages/airflow/example_dags/example_kubernetes_executor.py took 0.086 seconds
[2024-11-02T23:02:20.201-0300] {processor.py:186} INFO - Started process (PID=221261) to work on /home/nico/.local/lib/python3.10/site-packages/airflow/example_dags/example_kubernetes_executor.py
[2024-11-02T23:02:20.204-0300] {processor.py:914} INFO - Processing file /home/nico/.local/lib/python3.10/site-packages/airflow/example_dags/example_kubernetes_executor.py for tasks to queue
[2024-11-02T23:02:20.209-0300] {logging_mixin.py:190} INFO - [2024-11-02T23:02:20.208-0300] {dagbag.py:588} INFO - Filling up the DagBag from /home/nico/.local/lib/python3.10/site-packages/airflow/example_dags/example_kubernetes_executor.py
[2024-11-02T23:02:20.225-0300] {logging_mixin.py:190} INFO - [2024-11-02T23:02:20.225-0300] {example_kubernetes_executor.py:39} WARNING - The example_kubernetes_executor example DAG requires the kubernetes provider. Please install it with: pip install apache-airflow[cncf.kubernetes]
[2024-11-02T23:02:20.226-0300] {processor.py:927} WARNING - No viable dags retrieved from /home/nico/.local/lib/python3.10/site-packages/airflow/example_dags/example_kubernetes_executor.py
[2024-11-02T23:02:20.274-0300] {processor.py:208} INFO - Processing /home/nico/.local/lib/python3.10/site-packages/airflow/example_dags/example_kubernetes_executor.py took 0.095 seconds
[2024-11-02T23:04:15.722-0300] {processor.py:186} INFO - Started process (PID=221319) to work on /home/nico/.local/lib/python3.10/site-packages/airflow/example_dags/example_kubernetes_executor.py
[2024-11-02T23:04:15.737-0300] {processor.py:914} INFO - Processing file /home/nico/.local/lib/python3.10/site-packages/airflow/example_dags/example_kubernetes_executor.py for tasks to queue
[2024-11-02T23:04:15.769-0300] {logging_mixin.py:190} INFO - [2024-11-02T23:04:15.768-0300] {dagbag.py:588} INFO - Filling up the DagBag from /home/nico/.local/lib/python3.10/site-packages/airflow/example_dags/example_kubernetes_executor.py
[2024-11-02T23:04:16.014-0300] {logging_mixin.py:190} INFO - [2024-11-02T23:04:16.013-0300] {example_kubernetes_executor.py:39} WARNING - The example_kubernetes_executor example DAG requires the kubernetes provider. Please install it with: pip install apache-airflow[cncf.kubernetes]
[2024-11-02T23:04:16.024-0300] {processor.py:927} WARNING - No viable dags retrieved from /home/nico/.local/lib/python3.10/site-packages/airflow/example_dags/example_kubernetes_executor.py
[2024-11-02T23:04:16.296-0300] {processor.py:208} INFO - Processing /home/nico/.local/lib/python3.10/site-packages/airflow/example_dags/example_kubernetes_executor.py took 0.628 seconds
[2024-11-02T23:06:06.137-0300] {processor.py:186} INFO - Started process (PID=221370) to work on /home/nico/.local/lib/python3.10/site-packages/airflow/example_dags/example_kubernetes_executor.py
[2024-11-02T23:06:06.164-0300] {processor.py:914} INFO - Processing file /home/nico/.local/lib/python3.10/site-packages/airflow/example_dags/example_kubernetes_executor.py for tasks to queue
[2024-11-02T23:06:06.185-0300] {logging_mixin.py:190} INFO - [2024-11-02T23:06:06.183-0300] {dagbag.py:588} INFO - Filling up the DagBag from /home/nico/.local/lib/python3.10/site-packages/airflow/example_dags/example_kubernetes_executor.py
[2024-11-02T23:06:06.306-0300] {logging_mixin.py:190} INFO - [2024-11-02T23:06:06.305-0300] {example_kubernetes_executor.py:39} WARNING - The example_kubernetes_executor example DAG requires the kubernetes provider. Please install it with: pip install apache-airflow[cncf.kubernetes]
[2024-11-02T23:06:06.371-0300] {processor.py:927} WARNING - No viable dags retrieved from /home/nico/.local/lib/python3.10/site-packages/airflow/example_dags/example_kubernetes_executor.py
[2024-11-02T23:06:06.732-0300] {processor.py:208} INFO - Processing /home/nico/.local/lib/python3.10/site-packages/airflow/example_dags/example_kubernetes_executor.py took 0.643 seconds
[2024-11-02T23:07:51.188-0300] {processor.py:186} INFO - Started process (PID=221421) to work on /home/nico/.local/lib/python3.10/site-packages/airflow/example_dags/example_kubernetes_executor.py
[2024-11-02T23:07:51.190-0300] {processor.py:914} INFO - Processing file /home/nico/.local/lib/python3.10/site-packages/airflow/example_dags/example_kubernetes_executor.py for tasks to queue
[2024-11-02T23:07:51.194-0300] {logging_mixin.py:190} INFO - [2024-11-02T23:07:51.193-0300] {dagbag.py:588} INFO - Filling up the DagBag from /home/nico/.local/lib/python3.10/site-packages/airflow/example_dags/example_kubernetes_executor.py
[2024-11-02T23:07:51.205-0300] {logging_mixin.py:190} INFO - [2024-11-02T23:07:51.205-0300] {example_kubernetes_executor.py:39} WARNING - The example_kubernetes_executor example DAG requires the kubernetes provider. Please install it with: pip install apache-airflow[cncf.kubernetes]
[2024-11-02T23:07:51.206-0300] {processor.py:927} WARNING - No viable dags retrieved from /home/nico/.local/lib/python3.10/site-packages/airflow/example_dags/example_kubernetes_executor.py
[2024-11-02T23:07:51.248-0300] {processor.py:208} INFO - Processing /home/nico/.local/lib/python3.10/site-packages/airflow/example_dags/example_kubernetes_executor.py took 0.074 seconds
[2024-11-02T23:10:36.048-0300] {processor.py:186} INFO - Started process (PID=221507) to work on /home/nico/.local/lib/python3.10/site-packages/airflow/example_dags/example_kubernetes_executor.py
[2024-11-02T23:10:36.056-0300] {processor.py:914} INFO - Processing file /home/nico/.local/lib/python3.10/site-packages/airflow/example_dags/example_kubernetes_executor.py for tasks to queue
[2024-11-02T23:10:36.064-0300] {logging_mixin.py:190} INFO - [2024-11-02T23:10:36.061-0300] {dagbag.py:588} INFO - Filling up the DagBag from /home/nico/.local/lib/python3.10/site-packages/airflow/example_dags/example_kubernetes_executor.py
[2024-11-02T23:10:36.106-0300] {logging_mixin.py:190} INFO - [2024-11-02T23:10:36.105-0300] {example_kubernetes_executor.py:39} WARNING - The example_kubernetes_executor example DAG requires the kubernetes provider. Please install it with: pip install apache-airflow[cncf.kubernetes]
[2024-11-02T23:10:36.108-0300] {processor.py:927} WARNING - No viable dags retrieved from /home/nico/.local/lib/python3.10/site-packages/airflow/example_dags/example_kubernetes_executor.py
[2024-11-02T23:10:36.515-0300] {processor.py:208} INFO - Processing /home/nico/.local/lib/python3.10/site-packages/airflow/example_dags/example_kubernetes_executor.py took 0.506 seconds
[2024-11-02T23:13:31.864-0300] {processor.py:186} INFO - Started process (PID=221598) to work on /home/nico/.local/lib/python3.10/site-packages/airflow/example_dags/example_kubernetes_executor.py
[2024-11-02T23:13:31.869-0300] {processor.py:914} INFO - Processing file /home/nico/.local/lib/python3.10/site-packages/airflow/example_dags/example_kubernetes_executor.py for tasks to queue
[2024-11-02T23:13:31.874-0300] {logging_mixin.py:190} INFO - [2024-11-02T23:13:31.872-0300] {dagbag.py:588} INFO - Filling up the DagBag from /home/nico/.local/lib/python3.10/site-packages/airflow/example_dags/example_kubernetes_executor.py
[2024-11-02T23:13:31.887-0300] {logging_mixin.py:190} INFO - [2024-11-02T23:13:31.887-0300] {example_kubernetes_executor.py:39} WARNING - The example_kubernetes_executor example DAG requires the kubernetes provider. Please install it with: pip install apache-airflow[cncf.kubernetes]
[2024-11-02T23:13:31.888-0300] {processor.py:927} WARNING - No viable dags retrieved from /home/nico/.local/lib/python3.10/site-packages/airflow/example_dags/example_kubernetes_executor.py
[2024-11-02T23:13:31.939-0300] {processor.py:208} INFO - Processing /home/nico/.local/lib/python3.10/site-packages/airflow/example_dags/example_kubernetes_executor.py took 0.103 seconds
[2024-11-03T00:14:28.249-0300] {processor.py:186} INFO - Started process (PID=221656) to work on /home/nico/.local/lib/python3.10/site-packages/airflow/example_dags/example_kubernetes_executor.py
[2024-11-03T00:14:28.253-0300] {processor.py:914} INFO - Processing file /home/nico/.local/lib/python3.10/site-packages/airflow/example_dags/example_kubernetes_executor.py for tasks to queue
[2024-11-03T00:14:28.257-0300] {logging_mixin.py:190} INFO - [2024-11-03T00:14:28.256-0300] {dagbag.py:588} INFO - Filling up the DagBag from /home/nico/.local/lib/python3.10/site-packages/airflow/example_dags/example_kubernetes_executor.py
[2024-11-03T00:14:28.274-0300] {logging_mixin.py:190} INFO - [2024-11-03T00:14:28.273-0300] {example_kubernetes_executor.py:39} WARNING - The example_kubernetes_executor example DAG requires the kubernetes provider. Please install it with: pip install apache-airflow[cncf.kubernetes]
[2024-11-03T00:14:28.275-0300] {processor.py:927} WARNING - No viable dags retrieved from /home/nico/.local/lib/python3.10/site-packages/airflow/example_dags/example_kubernetes_executor.py
[2024-11-03T00:14:28.327-0300] {processor.py:208} INFO - Processing /home/nico/.local/lib/python3.10/site-packages/airflow/example_dags/example_kubernetes_executor.py took 0.108 seconds
[2024-11-03T00:16:33.480-0300] {processor.py:186} INFO - Started process (PID=221705) to work on /home/nico/.local/lib/python3.10/site-packages/airflow/example_dags/example_kubernetes_executor.py
[2024-11-03T00:16:33.512-0300] {processor.py:914} INFO - Processing file /home/nico/.local/lib/python3.10/site-packages/airflow/example_dags/example_kubernetes_executor.py for tasks to queue
[2024-11-03T00:16:33.528-0300] {logging_mixin.py:190} INFO - [2024-11-03T00:16:33.523-0300] {dagbag.py:588} INFO - Filling up the DagBag from /home/nico/.local/lib/python3.10/site-packages/airflow/example_dags/example_kubernetes_executor.py
[2024-11-03T00:16:33.705-0300] {logging_mixin.py:190} INFO - [2024-11-03T00:16:33.704-0300] {example_kubernetes_executor.py:39} WARNING - The example_kubernetes_executor example DAG requires the kubernetes provider. Please install it with: pip install apache-airflow[cncf.kubernetes]
[2024-11-03T00:16:33.757-0300] {processor.py:927} WARNING - No viable dags retrieved from /home/nico/.local/lib/python3.10/site-packages/airflow/example_dags/example_kubernetes_executor.py
[2024-11-03T00:16:34.184-0300] {processor.py:208} INFO - Processing /home/nico/.local/lib/python3.10/site-packages/airflow/example_dags/example_kubernetes_executor.py took 0.750 seconds
[2024-11-03T00:20:30.382-0300] {processor.py:186} INFO - Started process (PID=221765) to work on /home/nico/.local/lib/python3.10/site-packages/airflow/example_dags/example_kubernetes_executor.py
[2024-11-03T00:20:30.391-0300] {processor.py:914} INFO - Processing file /home/nico/.local/lib/python3.10/site-packages/airflow/example_dags/example_kubernetes_executor.py for tasks to queue
[2024-11-03T00:20:30.397-0300] {logging_mixin.py:190} INFO - [2024-11-03T00:20:30.395-0300] {dagbag.py:588} INFO - Filling up the DagBag from /home/nico/.local/lib/python3.10/site-packages/airflow/example_dags/example_kubernetes_executor.py
[2024-11-03T00:20:30.439-0300] {logging_mixin.py:190} INFO - [2024-11-03T00:20:30.438-0300] {example_kubernetes_executor.py:39} WARNING - The example_kubernetes_executor example DAG requires the kubernetes provider. Please install it with: pip install apache-airflow[cncf.kubernetes]
[2024-11-03T00:20:30.442-0300] {processor.py:927} WARNING - No viable dags retrieved from /home/nico/.local/lib/python3.10/site-packages/airflow/example_dags/example_kubernetes_executor.py
[2024-11-03T00:20:30.863-0300] {processor.py:208} INFO - Processing /home/nico/.local/lib/python3.10/site-packages/airflow/example_dags/example_kubernetes_executor.py took 0.528 seconds
[2024-11-03T00:35:01.081-0300] {processor.py:186} INFO - Started process (PID=221965) to work on /home/nico/.local/lib/python3.10/site-packages/airflow/example_dags/example_kubernetes_executor.py
[2024-11-03T00:35:01.092-0300] {processor.py:914} INFO - Processing file /home/nico/.local/lib/python3.10/site-packages/airflow/example_dags/example_kubernetes_executor.py for tasks to queue
[2024-11-03T00:35:01.097-0300] {logging_mixin.py:190} INFO - [2024-11-03T00:35:01.096-0300] {dagbag.py:588} INFO - Filling up the DagBag from /home/nico/.local/lib/python3.10/site-packages/airflow/example_dags/example_kubernetes_executor.py
[2024-11-03T00:35:01.124-0300] {logging_mixin.py:190} INFO - [2024-11-03T00:35:01.123-0300] {example_kubernetes_executor.py:39} WARNING - The example_kubernetes_executor example DAG requires the kubernetes provider. Please install it with: pip install apache-airflow[cncf.kubernetes]
[2024-11-03T00:35:01.126-0300] {processor.py:927} WARNING - No viable dags retrieved from /home/nico/.local/lib/python3.10/site-packages/airflow/example_dags/example_kubernetes_executor.py
[2024-11-03T00:35:01.217-0300] {processor.py:208} INFO - Processing /home/nico/.local/lib/python3.10/site-packages/airflow/example_dags/example_kubernetes_executor.py took 0.178 seconds
[2024-11-03T00:37:25.115-0300] {processor.py:186} INFO - Started process (PID=222023) to work on /home/nico/.local/lib/python3.10/site-packages/airflow/example_dags/example_kubernetes_executor.py
[2024-11-03T00:37:25.122-0300] {processor.py:914} INFO - Processing file /home/nico/.local/lib/python3.10/site-packages/airflow/example_dags/example_kubernetes_executor.py for tasks to queue
[2024-11-03T00:37:25.128-0300] {logging_mixin.py:190} INFO - [2024-11-03T00:37:25.126-0300] {dagbag.py:588} INFO - Filling up the DagBag from /home/nico/.local/lib/python3.10/site-packages/airflow/example_dags/example_kubernetes_executor.py
[2024-11-03T00:37:25.148-0300] {logging_mixin.py:190} INFO - [2024-11-03T00:37:25.147-0300] {example_kubernetes_executor.py:39} WARNING - The example_kubernetes_executor example DAG requires the kubernetes provider. Please install it with: pip install apache-airflow[cncf.kubernetes]
[2024-11-03T00:37:25.150-0300] {processor.py:927} WARNING - No viable dags retrieved from /home/nico/.local/lib/python3.10/site-packages/airflow/example_dags/example_kubernetes_executor.py
[2024-11-03T00:37:25.227-0300] {processor.py:208} INFO - Processing /home/nico/.local/lib/python3.10/site-packages/airflow/example_dags/example_kubernetes_executor.py took 0.138 seconds
[2024-11-03T00:39:11.214-0300] {processor.py:186} INFO - Started process (PID=222073) to work on /home/nico/.local/lib/python3.10/site-packages/airflow/example_dags/example_kubernetes_executor.py
[2024-11-03T00:39:11.216-0300] {processor.py:914} INFO - Processing file /home/nico/.local/lib/python3.10/site-packages/airflow/example_dags/example_kubernetes_executor.py for tasks to queue
[2024-11-03T00:39:11.219-0300] {logging_mixin.py:190} INFO - [2024-11-03T00:39:11.219-0300] {dagbag.py:588} INFO - Filling up the DagBag from /home/nico/.local/lib/python3.10/site-packages/airflow/example_dags/example_kubernetes_executor.py
[2024-11-03T00:39:11.233-0300] {logging_mixin.py:190} INFO - [2024-11-03T00:39:11.233-0300] {example_kubernetes_executor.py:39} WARNING - The example_kubernetes_executor example DAG requires the kubernetes provider. Please install it with: pip install apache-airflow[cncf.kubernetes]
[2024-11-03T00:39:11.234-0300] {processor.py:927} WARNING - No viable dags retrieved from /home/nico/.local/lib/python3.10/site-packages/airflow/example_dags/example_kubernetes_executor.py
[2024-11-03T00:39:11.281-0300] {processor.py:208} INFO - Processing /home/nico/.local/lib/python3.10/site-packages/airflow/example_dags/example_kubernetes_executor.py took 0.082 seconds
[2024-11-03T00:41:52.309-0300] {processor.py:186} INFO - Started process (PID=222161) to work on /home/nico/.local/lib/python3.10/site-packages/airflow/example_dags/example_kubernetes_executor.py
[2024-11-03T00:41:52.312-0300] {processor.py:914} INFO - Processing file /home/nico/.local/lib/python3.10/site-packages/airflow/example_dags/example_kubernetes_executor.py for tasks to queue
[2024-11-03T00:41:52.317-0300] {logging_mixin.py:190} INFO - [2024-11-03T00:41:52.316-0300] {dagbag.py:588} INFO - Filling up the DagBag from /home/nico/.local/lib/python3.10/site-packages/airflow/example_dags/example_kubernetes_executor.py
[2024-11-03T00:41:52.331-0300] {logging_mixin.py:190} INFO - [2024-11-03T00:41:52.330-0300] {example_kubernetes_executor.py:39} WARNING - The example_kubernetes_executor example DAG requires the kubernetes provider. Please install it with: pip install apache-airflow[cncf.kubernetes]
[2024-11-03T00:41:52.333-0300] {processor.py:927} WARNING - No viable dags retrieved from /home/nico/.local/lib/python3.10/site-packages/airflow/example_dags/example_kubernetes_executor.py
[2024-11-03T00:41:52.379-0300] {processor.py:208} INFO - Processing /home/nico/.local/lib/python3.10/site-packages/airflow/example_dags/example_kubernetes_executor.py took 0.090 seconds
[2024-11-03T00:44:56.751-0300] {processor.py:186} INFO - Started process (PID=222252) to work on /home/nico/.local/lib/python3.10/site-packages/airflow/example_dags/example_kubernetes_executor.py
[2024-11-03T00:44:56.769-0300] {processor.py:914} INFO - Processing file /home/nico/.local/lib/python3.10/site-packages/airflow/example_dags/example_kubernetes_executor.py for tasks to queue
[2024-11-03T00:44:56.781-0300] {logging_mixin.py:190} INFO - [2024-11-03T00:44:56.780-0300] {dagbag.py:588} INFO - Filling up the DagBag from /home/nico/.local/lib/python3.10/site-packages/airflow/example_dags/example_kubernetes_executor.py
[2024-11-03T00:44:56.868-0300] {logging_mixin.py:190} INFO - [2024-11-03T00:44:56.867-0300] {example_kubernetes_executor.py:39} WARNING - The example_kubernetes_executor example DAG requires the kubernetes provider. Please install it with: pip install apache-airflow[cncf.kubernetes]
[2024-11-03T00:44:56.870-0300] {processor.py:927} WARNING - No viable dags retrieved from /home/nico/.local/lib/python3.10/site-packages/airflow/example_dags/example_kubernetes_executor.py
[2024-11-03T00:44:56.977-0300] {processor.py:208} INFO - Processing /home/nico/.local/lib/python3.10/site-packages/airflow/example_dags/example_kubernetes_executor.py took 0.268 seconds
[2024-11-03T00:47:16.759-0300] {processor.py:186} INFO - Started process (PID=222304) to work on /home/nico/.local/lib/python3.10/site-packages/airflow/example_dags/example_kubernetes_executor.py
[2024-11-03T00:47:16.784-0300] {processor.py:914} INFO - Processing file /home/nico/.local/lib/python3.10/site-packages/airflow/example_dags/example_kubernetes_executor.py for tasks to queue
[2024-11-03T00:47:16.791-0300] {logging_mixin.py:190} INFO - [2024-11-03T00:47:16.790-0300] {dagbag.py:588} INFO - Filling up the DagBag from /home/nico/.local/lib/python3.10/site-packages/airflow/example_dags/example_kubernetes_executor.py
[2024-11-03T00:47:16.824-0300] {logging_mixin.py:190} INFO - [2024-11-03T00:47:16.819-0300] {example_kubernetes_executor.py:39} WARNING - The example_kubernetes_executor example DAG requires the kubernetes provider. Please install it with: pip install apache-airflow[cncf.kubernetes]
[2024-11-03T00:47:16.826-0300] {processor.py:927} WARNING - No viable dags retrieved from /home/nico/.local/lib/python3.10/site-packages/airflow/example_dags/example_kubernetes_executor.py
[2024-11-03T00:47:17.018-0300] {processor.py:208} INFO - Processing /home/nico/.local/lib/python3.10/site-packages/airflow/example_dags/example_kubernetes_executor.py took 0.300 seconds
[2024-11-03T00:49:24.609-0300] {processor.py:186} INFO - Started process (PID=222359) to work on /home/nico/.local/lib/python3.10/site-packages/airflow/example_dags/example_kubernetes_executor.py
[2024-11-03T00:49:24.615-0300] {processor.py:914} INFO - Processing file /home/nico/.local/lib/python3.10/site-packages/airflow/example_dags/example_kubernetes_executor.py for tasks to queue
[2024-11-03T00:49:24.620-0300] {logging_mixin.py:190} INFO - [2024-11-03T00:49:24.619-0300] {dagbag.py:588} INFO - Filling up the DagBag from /home/nico/.local/lib/python3.10/site-packages/airflow/example_dags/example_kubernetes_executor.py
[2024-11-03T00:49:24.655-0300] {logging_mixin.py:190} INFO - [2024-11-03T00:49:24.654-0300] {example_kubernetes_executor.py:39} WARNING - The example_kubernetes_executor example DAG requires the kubernetes provider. Please install it with: pip install apache-airflow[cncf.kubernetes]
[2024-11-03T00:49:24.657-0300] {processor.py:927} WARNING - No viable dags retrieved from /home/nico/.local/lib/python3.10/site-packages/airflow/example_dags/example_kubernetes_executor.py
[2024-11-03T00:49:24.724-0300] {processor.py:208} INFO - Processing /home/nico/.local/lib/python3.10/site-packages/airflow/example_dags/example_kubernetes_executor.py took 0.139 seconds
[2024-11-03T00:50:55.187-0300] {processor.py:186} INFO - Started process (PID=222406) to work on /home/nico/.local/lib/python3.10/site-packages/airflow/example_dags/example_kubernetes_executor.py
[2024-11-03T00:50:55.189-0300] {processor.py:914} INFO - Processing file /home/nico/.local/lib/python3.10/site-packages/airflow/example_dags/example_kubernetes_executor.py for tasks to queue
[2024-11-03T00:50:55.192-0300] {logging_mixin.py:190} INFO - [2024-11-03T00:50:55.191-0300] {dagbag.py:588} INFO - Filling up the DagBag from /home/nico/.local/lib/python3.10/site-packages/airflow/example_dags/example_kubernetes_executor.py
[2024-11-03T00:50:55.204-0300] {logging_mixin.py:190} INFO - [2024-11-03T00:50:55.204-0300] {example_kubernetes_executor.py:39} WARNING - The example_kubernetes_executor example DAG requires the kubernetes provider. Please install it with: pip install apache-airflow[cncf.kubernetes]
[2024-11-03T00:50:55.206-0300] {processor.py:927} WARNING - No viable dags retrieved from /home/nico/.local/lib/python3.10/site-packages/airflow/example_dags/example_kubernetes_executor.py
[2024-11-03T00:50:55.248-0300] {processor.py:208} INFO - Processing /home/nico/.local/lib/python3.10/site-packages/airflow/example_dags/example_kubernetes_executor.py took 0.079 seconds
[2024-11-03T00:53:14.920-0300] {processor.py:186} INFO - Started process (PID=222450) to work on /home/nico/.local/lib/python3.10/site-packages/airflow/example_dags/example_kubernetes_executor.py
[2024-11-03T00:53:14.926-0300] {processor.py:914} INFO - Processing file /home/nico/.local/lib/python3.10/site-packages/airflow/example_dags/example_kubernetes_executor.py for tasks to queue
[2024-11-03T00:53:14.937-0300] {logging_mixin.py:190} INFO - [2024-11-03T00:53:14.935-0300] {dagbag.py:588} INFO - Filling up the DagBag from /home/nico/.local/lib/python3.10/site-packages/airflow/example_dags/example_kubernetes_executor.py
[2024-11-03T00:53:14.993-0300] {logging_mixin.py:190} INFO - [2024-11-03T00:53:14.992-0300] {example_kubernetes_executor.py:39} WARNING - The example_kubernetes_executor example DAG requires the kubernetes provider. Please install it with: pip install apache-airflow[cncf.kubernetes]
[2024-11-03T00:53:14.995-0300] {processor.py:927} WARNING - No viable dags retrieved from /home/nico/.local/lib/python3.10/site-packages/airflow/example_dags/example_kubernetes_executor.py
[2024-11-03T00:53:15.078-0300] {processor.py:208} INFO - Processing /home/nico/.local/lib/python3.10/site-packages/airflow/example_dags/example_kubernetes_executor.py took 0.213 seconds
[2024-11-03T00:55:20.376-0300] {processor.py:186} INFO - Started process (PID=222501) to work on /home/nico/.local/lib/python3.10/site-packages/airflow/example_dags/example_kubernetes_executor.py
[2024-11-03T00:55:20.380-0300] {processor.py:914} INFO - Processing file /home/nico/.local/lib/python3.10/site-packages/airflow/example_dags/example_kubernetes_executor.py for tasks to queue
[2024-11-03T00:55:20.386-0300] {logging_mixin.py:190} INFO - [2024-11-03T00:55:20.385-0300] {dagbag.py:588} INFO - Filling up the DagBag from /home/nico/.local/lib/python3.10/site-packages/airflow/example_dags/example_kubernetes_executor.py
[2024-11-03T00:55:20.400-0300] {logging_mixin.py:190} INFO - [2024-11-03T00:55:20.399-0300] {example_kubernetes_executor.py:39} WARNING - The example_kubernetes_executor example DAG requires the kubernetes provider. Please install it with: pip install apache-airflow[cncf.kubernetes]
[2024-11-03T00:55:20.402-0300] {processor.py:927} WARNING - No viable dags retrieved from /home/nico/.local/lib/python3.10/site-packages/airflow/example_dags/example_kubernetes_executor.py
[2024-11-03T00:55:20.459-0300] {processor.py:208} INFO - Processing /home/nico/.local/lib/python3.10/site-packages/airflow/example_dags/example_kubernetes_executor.py took 0.106 seconds
[2024-11-03T00:57:34.524-0300] {processor.py:186} INFO - Started process (PID=222554) to work on /home/nico/.local/lib/python3.10/site-packages/airflow/example_dags/example_kubernetes_executor.py
[2024-11-03T00:57:34.541-0300] {processor.py:914} INFO - Processing file /home/nico/.local/lib/python3.10/site-packages/airflow/example_dags/example_kubernetes_executor.py for tasks to queue
[2024-11-03T00:57:34.822-0300] {logging_mixin.py:190} INFO - [2024-11-03T00:57:34.821-0300] {dagbag.py:588} INFO - Filling up the DagBag from /home/nico/.local/lib/python3.10/site-packages/airflow/example_dags/example_kubernetes_executor.py
[2024-11-03T00:57:35.578-0300] {logging_mixin.py:190} INFO - [2024-11-03T00:57:35.576-0300] {example_kubernetes_executor.py:39} WARNING - The example_kubernetes_executor example DAG requires the kubernetes provider. Please install it with: pip install apache-airflow[cncf.kubernetes]
[2024-11-03T00:57:35.688-0300] {processor.py:927} WARNING - No viable dags retrieved from /home/nico/.local/lib/python3.10/site-packages/airflow/example_dags/example_kubernetes_executor.py
[2024-11-03T00:57:40.101-0300] {processor.py:208} INFO - Processing /home/nico/.local/lib/python3.10/site-packages/airflow/example_dags/example_kubernetes_executor.py took 5.628 seconds
[2024-11-03T00:59:17.905-0300] {processor.py:186} INFO - Started process (PID=222602) to work on /home/nico/.local/lib/python3.10/site-packages/airflow/example_dags/example_kubernetes_executor.py
[2024-11-03T00:59:17.909-0300] {processor.py:914} INFO - Processing file /home/nico/.local/lib/python3.10/site-packages/airflow/example_dags/example_kubernetes_executor.py for tasks to queue
[2024-11-03T00:59:17.914-0300] {logging_mixin.py:190} INFO - [2024-11-03T00:59:17.913-0300] {dagbag.py:588} INFO - Filling up the DagBag from /home/nico/.local/lib/python3.10/site-packages/airflow/example_dags/example_kubernetes_executor.py
[2024-11-03T00:59:17.935-0300] {logging_mixin.py:190} INFO - [2024-11-03T00:59:17.935-0300] {example_kubernetes_executor.py:39} WARNING - The example_kubernetes_executor example DAG requires the kubernetes provider. Please install it with: pip install apache-airflow[cncf.kubernetes]
[2024-11-03T00:59:17.937-0300] {processor.py:927} WARNING - No viable dags retrieved from /home/nico/.local/lib/python3.10/site-packages/airflow/example_dags/example_kubernetes_executor.py
[2024-11-03T00:59:17.996-0300] {processor.py:208} INFO - Processing /home/nico/.local/lib/python3.10/site-packages/airflow/example_dags/example_kubernetes_executor.py took 0.142 seconds
[2024-11-03T01:00:46.916-0300] {processor.py:186} INFO - Started process (PID=222652) to work on /home/nico/.local/lib/python3.10/site-packages/airflow/example_dags/example_kubernetes_executor.py
[2024-11-03T01:00:46.920-0300] {processor.py:914} INFO - Processing file /home/nico/.local/lib/python3.10/site-packages/airflow/example_dags/example_kubernetes_executor.py for tasks to queue
[2024-11-03T01:00:46.928-0300] {logging_mixin.py:190} INFO - [2024-11-03T01:00:46.926-0300] {dagbag.py:588} INFO - Filling up the DagBag from /home/nico/.local/lib/python3.10/site-packages/airflow/example_dags/example_kubernetes_executor.py
[2024-11-03T01:00:46.955-0300] {logging_mixin.py:190} INFO - [2024-11-03T01:00:46.954-0300] {example_kubernetes_executor.py:39} WARNING - The example_kubernetes_executor example DAG requires the kubernetes provider. Please install it with: pip install apache-airflow[cncf.kubernetes]
[2024-11-03T01:00:46.957-0300] {processor.py:927} WARNING - No viable dags retrieved from /home/nico/.local/lib/python3.10/site-packages/airflow/example_dags/example_kubernetes_executor.py
[2024-11-03T01:00:47.026-0300] {processor.py:208} INFO - Processing /home/nico/.local/lib/python3.10/site-packages/airflow/example_dags/example_kubernetes_executor.py took 0.141 seconds
[2024-11-03T01:03:35.672-0300] {processor.py:186} INFO - Started process (PID=222740) to work on /home/nico/.local/lib/python3.10/site-packages/airflow/example_dags/example_kubernetes_executor.py
[2024-11-03T01:03:35.685-0300] {processor.py:914} INFO - Processing file /home/nico/.local/lib/python3.10/site-packages/airflow/example_dags/example_kubernetes_executor.py for tasks to queue
[2024-11-03T01:03:35.695-0300] {logging_mixin.py:190} INFO - [2024-11-03T01:03:35.693-0300] {dagbag.py:588} INFO - Filling up the DagBag from /home/nico/.local/lib/python3.10/site-packages/airflow/example_dags/example_kubernetes_executor.py
[2024-11-03T01:03:35.728-0300] {logging_mixin.py:190} INFO - [2024-11-03T01:03:35.727-0300] {example_kubernetes_executor.py:39} WARNING - The example_kubernetes_executor example DAG requires the kubernetes provider. Please install it with: pip install apache-airflow[cncf.kubernetes]
[2024-11-03T01:03:35.730-0300] {processor.py:927} WARNING - No viable dags retrieved from /home/nico/.local/lib/python3.10/site-packages/airflow/example_dags/example_kubernetes_executor.py
[2024-11-03T01:03:35.779-0300] {processor.py:208} INFO - Processing /home/nico/.local/lib/python3.10/site-packages/airflow/example_dags/example_kubernetes_executor.py took 0.149 seconds
[2024-11-03T01:06:38.216-0300] {processor.py:186} INFO - Started process (PID=222833) to work on /home/nico/.local/lib/python3.10/site-packages/airflow/example_dags/example_kubernetes_executor.py
[2024-11-03T01:06:38.220-0300] {processor.py:914} INFO - Processing file /home/nico/.local/lib/python3.10/site-packages/airflow/example_dags/example_kubernetes_executor.py for tasks to queue
[2024-11-03T01:06:38.229-0300] {logging_mixin.py:190} INFO - [2024-11-03T01:06:38.228-0300] {dagbag.py:588} INFO - Filling up the DagBag from /home/nico/.local/lib/python3.10/site-packages/airflow/example_dags/example_kubernetes_executor.py
[2024-11-03T01:06:38.250-0300] {logging_mixin.py:190} INFO - [2024-11-03T01:06:38.249-0300] {example_kubernetes_executor.py:39} WARNING - The example_kubernetes_executor example DAG requires the kubernetes provider. Please install it with: pip install apache-airflow[cncf.kubernetes]
[2024-11-03T01:06:38.252-0300] {processor.py:927} WARNING - No viable dags retrieved from /home/nico/.local/lib/python3.10/site-packages/airflow/example_dags/example_kubernetes_executor.py
[2024-11-03T01:06:38.339-0300] {processor.py:208} INFO - Processing /home/nico/.local/lib/python3.10/site-packages/airflow/example_dags/example_kubernetes_executor.py took 0.161 seconds
[2024-11-03T01:09:37.025-0300] {processor.py:186} INFO - Started process (PID=222921) to work on /home/nico/.local/lib/python3.10/site-packages/airflow/example_dags/example_kubernetes_executor.py
[2024-11-03T01:09:37.054-0300] {processor.py:914} INFO - Processing file /home/nico/.local/lib/python3.10/site-packages/airflow/example_dags/example_kubernetes_executor.py for tasks to queue
[2024-11-03T01:09:37.070-0300] {logging_mixin.py:190} INFO - [2024-11-03T01:09:37.069-0300] {dagbag.py:588} INFO - Filling up the DagBag from /home/nico/.local/lib/python3.10/site-packages/airflow/example_dags/example_kubernetes_executor.py
[2024-11-03T01:09:37.123-0300] {logging_mixin.py:190} INFO - [2024-11-03T01:09:37.122-0300] {example_kubernetes_executor.py:39} WARNING - The example_kubernetes_executor example DAG requires the kubernetes provider. Please install it with: pip install apache-airflow[cncf.kubernetes]
[2024-11-03T01:09:37.125-0300] {processor.py:927} WARNING - No viable dags retrieved from /home/nico/.local/lib/python3.10/site-packages/airflow/example_dags/example_kubernetes_executor.py
[2024-11-03T01:09:37.256-0300] {processor.py:208} INFO - Processing /home/nico/.local/lib/python3.10/site-packages/airflow/example_dags/example_kubernetes_executor.py took 0.284 seconds
[2024-11-03T01:11:05.748-0300] {processor.py:186} INFO - Started process (PID=222969) to work on /home/nico/.local/lib/python3.10/site-packages/airflow/example_dags/example_kubernetes_executor.py
[2024-11-03T01:11:05.751-0300] {processor.py:914} INFO - Processing file /home/nico/.local/lib/python3.10/site-packages/airflow/example_dags/example_kubernetes_executor.py for tasks to queue
[2024-11-03T01:11:05.764-0300] {logging_mixin.py:190} INFO - [2024-11-03T01:11:05.762-0300] {dagbag.py:588} INFO - Filling up the DagBag from /home/nico/.local/lib/python3.10/site-packages/airflow/example_dags/example_kubernetes_executor.py
[2024-11-03T01:11:05.782-0300] {logging_mixin.py:190} INFO - [2024-11-03T01:11:05.780-0300] {example_kubernetes_executor.py:39} WARNING - The example_kubernetes_executor example DAG requires the kubernetes provider. Please install it with: pip install apache-airflow[cncf.kubernetes]
[2024-11-03T01:11:05.784-0300] {processor.py:927} WARNING - No viable dags retrieved from /home/nico/.local/lib/python3.10/site-packages/airflow/example_dags/example_kubernetes_executor.py
[2024-11-03T01:11:05.832-0300] {processor.py:208} INFO - Processing /home/nico/.local/lib/python3.10/site-packages/airflow/example_dags/example_kubernetes_executor.py took 0.109 seconds
[2024-11-03T01:14:58.879-0300] {processor.py:186} INFO - Started process (PID=223063) to work on /home/nico/.local/lib/python3.10/site-packages/airflow/example_dags/example_kubernetes_executor.py
[2024-11-03T01:14:58.888-0300] {processor.py:914} INFO - Processing file /home/nico/.local/lib/python3.10/site-packages/airflow/example_dags/example_kubernetes_executor.py for tasks to queue
[2024-11-03T01:14:58.893-0300] {logging_mixin.py:190} INFO - [2024-11-03T01:14:58.892-0300] {dagbag.py:588} INFO - Filling up the DagBag from /home/nico/.local/lib/python3.10/site-packages/airflow/example_dags/example_kubernetes_executor.py
[2024-11-03T01:14:58.959-0300] {logging_mixin.py:190} INFO - [2024-11-03T01:14:58.958-0300] {example_kubernetes_executor.py:39} WARNING - The example_kubernetes_executor example DAG requires the kubernetes provider. Please install it with: pip install apache-airflow[cncf.kubernetes]
[2024-11-03T01:14:58.964-0300] {processor.py:927} WARNING - No viable dags retrieved from /home/nico/.local/lib/python3.10/site-packages/airflow/example_dags/example_kubernetes_executor.py
[2024-11-03T01:14:59.230-0300] {processor.py:208} INFO - Processing /home/nico/.local/lib/python3.10/site-packages/airflow/example_dags/example_kubernetes_executor.py took 0.385 seconds
[2024-11-03T01:19:18.032-0300] {processor.py:186} INFO - Started process (PID=223126) to work on /home/nico/.local/lib/python3.10/site-packages/airflow/example_dags/example_kubernetes_executor.py
[2024-11-03T01:19:18.129-0300] {processor.py:914} INFO - Processing file /home/nico/.local/lib/python3.10/site-packages/airflow/example_dags/example_kubernetes_executor.py for tasks to queue
[2024-11-03T01:19:18.228-0300] {logging_mixin.py:190} INFO - [2024-11-03T01:19:18.226-0300] {dagbag.py:588} INFO - Filling up the DagBag from /home/nico/.local/lib/python3.10/site-packages/airflow/example_dags/example_kubernetes_executor.py
[2024-11-03T01:19:18.716-0300] {logging_mixin.py:190} INFO - [2024-11-03T01:19:18.715-0300] {example_kubernetes_executor.py:39} WARNING - The example_kubernetes_executor example DAG requires the kubernetes provider. Please install it with: pip install apache-airflow[cncf.kubernetes]
[2024-11-03T01:19:18.761-0300] {processor.py:927} WARNING - No viable dags retrieved from /home/nico/.local/lib/python3.10/site-packages/airflow/example_dags/example_kubernetes_executor.py
[2024-11-03T01:19:19.702-0300] {processor.py:208} INFO - Processing /home/nico/.local/lib/python3.10/site-packages/airflow/example_dags/example_kubernetes_executor.py took 1.710 seconds
[2024-11-03T01:21:36.444-0300] {processor.py:186} INFO - Started process (PID=223179) to work on /home/nico/.local/lib/python3.10/site-packages/airflow/example_dags/example_kubernetes_executor.py
[2024-11-03T01:21:36.451-0300] {processor.py:914} INFO - Processing file /home/nico/.local/lib/python3.10/site-packages/airflow/example_dags/example_kubernetes_executor.py for tasks to queue
[2024-11-03T01:21:36.457-0300] {logging_mixin.py:190} INFO - [2024-11-03T01:21:36.454-0300] {dagbag.py:588} INFO - Filling up the DagBag from /home/nico/.local/lib/python3.10/site-packages/airflow/example_dags/example_kubernetes_executor.py
[2024-11-03T01:21:36.484-0300] {logging_mixin.py:190} INFO - [2024-11-03T01:21:36.483-0300] {example_kubernetes_executor.py:39} WARNING - The example_kubernetes_executor example DAG requires the kubernetes provider. Please install it with: pip install apache-airflow[cncf.kubernetes]
[2024-11-03T01:21:36.486-0300] {processor.py:927} WARNING - No viable dags retrieved from /home/nico/.local/lib/python3.10/site-packages/airflow/example_dags/example_kubernetes_executor.py
[2024-11-03T01:21:36.571-0300] {processor.py:208} INFO - Processing /home/nico/.local/lib/python3.10/site-packages/airflow/example_dags/example_kubernetes_executor.py took 0.150 seconds
[2024-11-03T01:24:13.532-0300] {processor.py:186} INFO - Started process (PID=223232) to work on /home/nico/.local/lib/python3.10/site-packages/airflow/example_dags/example_kubernetes_executor.py
[2024-11-03T01:24:13.535-0300] {processor.py:914} INFO - Processing file /home/nico/.local/lib/python3.10/site-packages/airflow/example_dags/example_kubernetes_executor.py for tasks to queue
[2024-11-03T01:24:13.540-0300] {logging_mixin.py:190} INFO - [2024-11-03T01:24:13.538-0300] {dagbag.py:588} INFO - Filling up the DagBag from /home/nico/.local/lib/python3.10/site-packages/airflow/example_dags/example_kubernetes_executor.py
[2024-11-03T01:24:13.584-0300] {logging_mixin.py:190} INFO - [2024-11-03T01:24:13.583-0300] {example_kubernetes_executor.py:39} WARNING - The example_kubernetes_executor example DAG requires the kubernetes provider. Please install it with: pip install apache-airflow[cncf.kubernetes]
[2024-11-03T01:24:13.585-0300] {processor.py:927} WARNING - No viable dags retrieved from /home/nico/.local/lib/python3.10/site-packages/airflow/example_dags/example_kubernetes_executor.py
[2024-11-03T01:24:13.638-0300] {processor.py:208} INFO - Processing /home/nico/.local/lib/python3.10/site-packages/airflow/example_dags/example_kubernetes_executor.py took 0.129 seconds
[2024-11-03T11:55:46.096-0300] {processor.py:186} INFO - Started process (PID=224873) to work on /home/nico/.local/lib/python3.10/site-packages/airflow/example_dags/example_kubernetes_executor.py
[2024-11-03T11:55:46.100-0300] {processor.py:914} INFO - Processing file /home/nico/.local/lib/python3.10/site-packages/airflow/example_dags/example_kubernetes_executor.py for tasks to queue
[2024-11-03T11:55:46.106-0300] {logging_mixin.py:190} INFO - [2024-11-03T11:55:46.105-0300] {dagbag.py:588} INFO - Filling up the DagBag from /home/nico/.local/lib/python3.10/site-packages/airflow/example_dags/example_kubernetes_executor.py
[2024-11-03T11:55:46.117-0300] {logging_mixin.py:190} INFO - [2024-11-03T11:55:46.117-0300] {example_kubernetes_executor.py:39} WARNING - The example_kubernetes_executor example DAG requires the kubernetes provider. Please install it with: pip install apache-airflow[cncf.kubernetes]
[2024-11-03T11:55:46.118-0300] {processor.py:927} WARNING - No viable dags retrieved from /home/nico/.local/lib/python3.10/site-packages/airflow/example_dags/example_kubernetes_executor.py
[2024-11-03T11:55:46.165-0300] {processor.py:208} INFO - Processing /home/nico/.local/lib/python3.10/site-packages/airflow/example_dags/example_kubernetes_executor.py took 0.088 seconds
[2024-11-03T12:01:22.459-0300] {processor.py:186} INFO - Started process (PID=224995) to work on /home/nico/.local/lib/python3.10/site-packages/airflow/example_dags/example_kubernetes_executor.py
[2024-11-03T12:01:22.471-0300] {processor.py:914} INFO - Processing file /home/nico/.local/lib/python3.10/site-packages/airflow/example_dags/example_kubernetes_executor.py for tasks to queue
[2024-11-03T12:01:22.484-0300] {logging_mixin.py:190} INFO - [2024-11-03T12:01:22.483-0300] {dagbag.py:588} INFO - Filling up the DagBag from /home/nico/.local/lib/python3.10/site-packages/airflow/example_dags/example_kubernetes_executor.py
[2024-11-03T12:01:22.528-0300] {logging_mixin.py:190} INFO - [2024-11-03T12:01:22.527-0300] {example_kubernetes_executor.py:39} WARNING - The example_kubernetes_executor example DAG requires the kubernetes provider. Please install it with: pip install apache-airflow[cncf.kubernetes]
[2024-11-03T12:01:22.529-0300] {processor.py:927} WARNING - No viable dags retrieved from /home/nico/.local/lib/python3.10/site-packages/airflow/example_dags/example_kubernetes_executor.py
[2024-11-03T12:01:22.606-0300] {processor.py:208} INFO - Processing /home/nico/.local/lib/python3.10/site-packages/airflow/example_dags/example_kubernetes_executor.py took 0.176 seconds
[2024-11-03T12:07:11.013-0300] {processor.py:186} INFO - Started process (PID=225115) to work on /home/nico/.local/lib/python3.10/site-packages/airflow/example_dags/example_kubernetes_executor.py
[2024-11-03T12:07:11.027-0300] {processor.py:914} INFO - Processing file /home/nico/.local/lib/python3.10/site-packages/airflow/example_dags/example_kubernetes_executor.py for tasks to queue
[2024-11-03T12:07:11.043-0300] {logging_mixin.py:190} INFO - [2024-11-03T12:07:11.037-0300] {dagbag.py:588} INFO - Filling up the DagBag from /home/nico/.local/lib/python3.10/site-packages/airflow/example_dags/example_kubernetes_executor.py
[2024-11-03T12:07:11.129-0300] {logging_mixin.py:190} INFO - [2024-11-03T12:07:11.128-0300] {example_kubernetes_executor.py:39} WARNING - The example_kubernetes_executor example DAG requires the kubernetes provider. Please install it with: pip install apache-airflow[cncf.kubernetes]
[2024-11-03T12:07:11.131-0300] {processor.py:927} WARNING - No viable dags retrieved from /home/nico/.local/lib/python3.10/site-packages/airflow/example_dags/example_kubernetes_executor.py
[2024-11-03T12:07:11.269-0300] {processor.py:208} INFO - Processing /home/nico/.local/lib/python3.10/site-packages/airflow/example_dags/example_kubernetes_executor.py took 0.295 seconds
[2024-11-03T12:08:53.282-0300] {processor.py:186} INFO - Started process (PID=225170) to work on /home/nico/.local/lib/python3.10/site-packages/airflow/example_dags/example_kubernetes_executor.py
[2024-11-03T12:08:53.285-0300] {processor.py:914} INFO - Processing file /home/nico/.local/lib/python3.10/site-packages/airflow/example_dags/example_kubernetes_executor.py for tasks to queue
[2024-11-03T12:08:53.289-0300] {logging_mixin.py:190} INFO - [2024-11-03T12:08:53.287-0300] {dagbag.py:588} INFO - Filling up the DagBag from /home/nico/.local/lib/python3.10/site-packages/airflow/example_dags/example_kubernetes_executor.py
[2024-11-03T12:08:53.301-0300] {logging_mixin.py:190} INFO - [2024-11-03T12:08:53.301-0300] {example_kubernetes_executor.py:39} WARNING - The example_kubernetes_executor example DAG requires the kubernetes provider. Please install it with: pip install apache-airflow[cncf.kubernetes]
[2024-11-03T12:08:53.302-0300] {processor.py:927} WARNING - No viable dags retrieved from /home/nico/.local/lib/python3.10/site-packages/airflow/example_dags/example_kubernetes_executor.py
[2024-11-03T12:08:53.351-0300] {processor.py:208} INFO - Processing /home/nico/.local/lib/python3.10/site-packages/airflow/example_dags/example_kubernetes_executor.py took 0.099 seconds
[2024-11-03T12:12:09.614-0300] {processor.py:186} INFO - Started process (PID=225266) to work on /home/nico/.local/lib/python3.10/site-packages/airflow/example_dags/example_kubernetes_executor.py
[2024-11-03T12:12:09.635-0300] {processor.py:914} INFO - Processing file /home/nico/.local/lib/python3.10/site-packages/airflow/example_dags/example_kubernetes_executor.py for tasks to queue
[2024-11-03T12:12:09.658-0300] {logging_mixin.py:190} INFO - [2024-11-03T12:12:09.656-0300] {dagbag.py:588} INFO - Filling up the DagBag from /home/nico/.local/lib/python3.10/site-packages/airflow/example_dags/example_kubernetes_executor.py
[2024-11-03T12:12:09.769-0300] {logging_mixin.py:190} INFO - [2024-11-03T12:12:09.769-0300] {example_kubernetes_executor.py:39} WARNING - The example_kubernetes_executor example DAG requires the kubernetes provider. Please install it with: pip install apache-airflow[cncf.kubernetes]
[2024-11-03T12:12:09.791-0300] {processor.py:927} WARNING - No viable dags retrieved from /home/nico/.local/lib/python3.10/site-packages/airflow/example_dags/example_kubernetes_executor.py
[2024-11-03T12:12:10.079-0300] {processor.py:208} INFO - Processing /home/nico/.local/lib/python3.10/site-packages/airflow/example_dags/example_kubernetes_executor.py took 0.500 seconds
[2024-11-03T12:14:17.003-0300] {processor.py:186} INFO - Started process (PID=225320) to work on /home/nico/.local/lib/python3.10/site-packages/airflow/example_dags/example_kubernetes_executor.py
[2024-11-03T12:14:17.018-0300] {processor.py:914} INFO - Processing file /home/nico/.local/lib/python3.10/site-packages/airflow/example_dags/example_kubernetes_executor.py for tasks to queue
[2024-11-03T12:14:17.031-0300] {logging_mixin.py:190} INFO - [2024-11-03T12:14:17.030-0300] {dagbag.py:588} INFO - Filling up the DagBag from /home/nico/.local/lib/python3.10/site-packages/airflow/example_dags/example_kubernetes_executor.py
[2024-11-03T12:14:17.064-0300] {logging_mixin.py:190} INFO - [2024-11-03T12:14:17.064-0300] {example_kubernetes_executor.py:39} WARNING - The example_kubernetes_executor example DAG requires the kubernetes provider. Please install it with: pip install apache-airflow[cncf.kubernetes]
[2024-11-03T12:14:17.066-0300] {processor.py:927} WARNING - No viable dags retrieved from /home/nico/.local/lib/python3.10/site-packages/airflow/example_dags/example_kubernetes_executor.py
[2024-11-03T12:14:17.129-0300] {processor.py:208} INFO - Processing /home/nico/.local/lib/python3.10/site-packages/airflow/example_dags/example_kubernetes_executor.py took 0.166 seconds
[2024-11-03T12:16:07.123-0300] {processor.py:186} INFO - Started process (PID=225369) to work on /home/nico/.local/lib/python3.10/site-packages/airflow/example_dags/example_kubernetes_executor.py
[2024-11-03T12:16:07.126-0300] {processor.py:914} INFO - Processing file /home/nico/.local/lib/python3.10/site-packages/airflow/example_dags/example_kubernetes_executor.py for tasks to queue
[2024-11-03T12:16:07.129-0300] {logging_mixin.py:190} INFO - [2024-11-03T12:16:07.128-0300] {dagbag.py:588} INFO - Filling up the DagBag from /home/nico/.local/lib/python3.10/site-packages/airflow/example_dags/example_kubernetes_executor.py
[2024-11-03T12:16:07.142-0300] {logging_mixin.py:190} INFO - [2024-11-03T12:16:07.141-0300] {example_kubernetes_executor.py:39} WARNING - The example_kubernetes_executor example DAG requires the kubernetes provider. Please install it with: pip install apache-airflow[cncf.kubernetes]
[2024-11-03T12:16:07.143-0300] {processor.py:927} WARNING - No viable dags retrieved from /home/nico/.local/lib/python3.10/site-packages/airflow/example_dags/example_kubernetes_executor.py
[2024-11-03T12:16:07.189-0300] {processor.py:208} INFO - Processing /home/nico/.local/lib/python3.10/site-packages/airflow/example_dags/example_kubernetes_executor.py took 0.079 seconds
[2024-11-03T12:18:11.222-0300] {processor.py:186} INFO - Started process (PID=225444) to work on /home/nico/.local/lib/python3.10/site-packages/airflow/example_dags/example_kubernetes_executor.py
[2024-11-03T12:18:11.225-0300] {processor.py:914} INFO - Processing file /home/nico/.local/lib/python3.10/site-packages/airflow/example_dags/example_kubernetes_executor.py for tasks to queue
[2024-11-03T12:18:11.231-0300] {logging_mixin.py:190} INFO - [2024-11-03T12:18:11.229-0300] {dagbag.py:588} INFO - Filling up the DagBag from /home/nico/.local/lib/python3.10/site-packages/airflow/example_dags/example_kubernetes_executor.py
[2024-11-03T12:18:11.252-0300] {logging_mixin.py:190} INFO - [2024-11-03T12:18:11.251-0300] {example_kubernetes_executor.py:39} WARNING - The example_kubernetes_executor example DAG requires the kubernetes provider. Please install it with: pip install apache-airflow[cncf.kubernetes]
[2024-11-03T12:18:11.255-0300] {processor.py:927} WARNING - No viable dags retrieved from /home/nico/.local/lib/python3.10/site-packages/airflow/example_dags/example_kubernetes_executor.py
[2024-11-03T12:18:11.324-0300] {processor.py:208} INFO - Processing /home/nico/.local/lib/python3.10/site-packages/airflow/example_dags/example_kubernetes_executor.py took 0.124 seconds
[2024-11-03T18:29:23.389-0300] {processor.py:186} INFO - Started process (PID=225663) to work on /home/nico/.local/lib/python3.10/site-packages/airflow/example_dags/example_kubernetes_executor.py
[2024-11-03T18:29:23.393-0300] {processor.py:914} INFO - Processing file /home/nico/.local/lib/python3.10/site-packages/airflow/example_dags/example_kubernetes_executor.py for tasks to queue
[2024-11-03T18:29:23.399-0300] {logging_mixin.py:190} INFO - [2024-11-03T18:29:23.398-0300] {dagbag.py:588} INFO - Filling up the DagBag from /home/nico/.local/lib/python3.10/site-packages/airflow/example_dags/example_kubernetes_executor.py
[2024-11-03T18:29:23.414-0300] {logging_mixin.py:190} INFO - [2024-11-03T18:29:23.413-0300] {example_kubernetes_executor.py:39} WARNING - The example_kubernetes_executor example DAG requires the kubernetes provider. Please install it with: pip install apache-airflow[cncf.kubernetes]
[2024-11-03T18:29:23.415-0300] {processor.py:927} WARNING - No viable dags retrieved from /home/nico/.local/lib/python3.10/site-packages/airflow/example_dags/example_kubernetes_executor.py
[2024-11-03T18:29:23.463-0300] {processor.py:208} INFO - Processing /home/nico/.local/lib/python3.10/site-packages/airflow/example_dags/example_kubernetes_executor.py took 0.088 seconds
[2024-11-03T18:36:08.218-0300] {processor.py:186} INFO - Started process (PID=225839) to work on /home/nico/.local/lib/python3.10/site-packages/airflow/example_dags/example_kubernetes_executor.py
[2024-11-03T18:36:08.222-0300] {processor.py:914} INFO - Processing file /home/nico/.local/lib/python3.10/site-packages/airflow/example_dags/example_kubernetes_executor.py for tasks to queue
[2024-11-03T18:36:08.227-0300] {logging_mixin.py:190} INFO - [2024-11-03T18:36:08.225-0300] {dagbag.py:588} INFO - Filling up the DagBag from /home/nico/.local/lib/python3.10/site-packages/airflow/example_dags/example_kubernetes_executor.py
[2024-11-03T18:36:08.245-0300] {logging_mixin.py:190} INFO - [2024-11-03T18:36:08.245-0300] {example_kubernetes_executor.py:39} WARNING - The example_kubernetes_executor example DAG requires the kubernetes provider. Please install it with: pip install apache-airflow[cncf.kubernetes]
[2024-11-03T18:36:08.247-0300] {processor.py:927} WARNING - No viable dags retrieved from /home/nico/.local/lib/python3.10/site-packages/airflow/example_dags/example_kubernetes_executor.py
[2024-11-03T18:36:08.308-0300] {processor.py:208} INFO - Processing /home/nico/.local/lib/python3.10/site-packages/airflow/example_dags/example_kubernetes_executor.py took 0.111 seconds
[2024-11-03T18:38:41.728-0300] {processor.py:186} INFO - Started process (PID=225901) to work on /home/nico/.local/lib/python3.10/site-packages/airflow/example_dags/example_kubernetes_executor.py
[2024-11-03T18:38:41.732-0300] {processor.py:914} INFO - Processing file /home/nico/.local/lib/python3.10/site-packages/airflow/example_dags/example_kubernetes_executor.py for tasks to queue
[2024-11-03T18:38:41.737-0300] {logging_mixin.py:190} INFO - [2024-11-03T18:38:41.736-0300] {dagbag.py:588} INFO - Filling up the DagBag from /home/nico/.local/lib/python3.10/site-packages/airflow/example_dags/example_kubernetes_executor.py
[2024-11-03T18:38:41.751-0300] {logging_mixin.py:190} INFO - [2024-11-03T18:38:41.750-0300] {example_kubernetes_executor.py:39} WARNING - The example_kubernetes_executor example DAG requires the kubernetes provider. Please install it with: pip install apache-airflow[cncf.kubernetes]
[2024-11-03T18:38:41.752-0300] {processor.py:927} WARNING - No viable dags retrieved from /home/nico/.local/lib/python3.10/site-packages/airflow/example_dags/example_kubernetes_executor.py
[2024-11-03T18:38:41.896-0300] {processor.py:208} INFO - Processing /home/nico/.local/lib/python3.10/site-packages/airflow/example_dags/example_kubernetes_executor.py took 0.190 seconds
[2024-11-03T18:40:36.131-0300] {processor.py:186} INFO - Started process (PID=225953) to work on /home/nico/.local/lib/python3.10/site-packages/airflow/example_dags/example_kubernetes_executor.py
[2024-11-03T18:40:36.134-0300] {processor.py:914} INFO - Processing file /home/nico/.local/lib/python3.10/site-packages/airflow/example_dags/example_kubernetes_executor.py for tasks to queue
[2024-11-03T18:40:36.142-0300] {logging_mixin.py:190} INFO - [2024-11-03T18:40:36.141-0300] {dagbag.py:588} INFO - Filling up the DagBag from /home/nico/.local/lib/python3.10/site-packages/airflow/example_dags/example_kubernetes_executor.py
[2024-11-03T18:40:36.169-0300] {logging_mixin.py:190} INFO - [2024-11-03T18:40:36.168-0300] {example_kubernetes_executor.py:39} WARNING - The example_kubernetes_executor example DAG requires the kubernetes provider. Please install it with: pip install apache-airflow[cncf.kubernetes]
[2024-11-03T18:40:36.171-0300] {processor.py:927} WARNING - No viable dags retrieved from /home/nico/.local/lib/python3.10/site-packages/airflow/example_dags/example_kubernetes_executor.py
[2024-11-03T18:40:36.230-0300] {processor.py:208} INFO - Processing /home/nico/.local/lib/python3.10/site-packages/airflow/example_dags/example_kubernetes_executor.py took 0.150 seconds
[2024-11-03T18:42:07.655-0300] {processor.py:186} INFO - Started process (PID=225999) to work on /home/nico/.local/lib/python3.10/site-packages/airflow/example_dags/example_kubernetes_executor.py
[2024-11-03T18:42:07.667-0300] {processor.py:914} INFO - Processing file /home/nico/.local/lib/python3.10/site-packages/airflow/example_dags/example_kubernetes_executor.py for tasks to queue
[2024-11-03T18:42:07.677-0300] {logging_mixin.py:190} INFO - [2024-11-03T18:42:07.676-0300] {dagbag.py:588} INFO - Filling up the DagBag from /home/nico/.local/lib/python3.10/site-packages/airflow/example_dags/example_kubernetes_executor.py
[2024-11-03T18:42:07.715-0300] {logging_mixin.py:190} INFO - [2024-11-03T18:42:07.714-0300] {example_kubernetes_executor.py:39} WARNING - The example_kubernetes_executor example DAG requires the kubernetes provider. Please install it with: pip install apache-airflow[cncf.kubernetes]
[2024-11-03T18:42:07.718-0300] {processor.py:927} WARNING - No viable dags retrieved from /home/nico/.local/lib/python3.10/site-packages/airflow/example_dags/example_kubernetes_executor.py
[2024-11-03T18:42:07.816-0300] {processor.py:208} INFO - Processing /home/nico/.local/lib/python3.10/site-packages/airflow/example_dags/example_kubernetes_executor.py took 0.212 seconds
[2024-11-03T18:43:47.313-0300] {processor.py:186} INFO - Started process (PID=226047) to work on /home/nico/.local/lib/python3.10/site-packages/airflow/example_dags/example_kubernetes_executor.py
[2024-11-03T18:43:47.315-0300] {processor.py:914} INFO - Processing file /home/nico/.local/lib/python3.10/site-packages/airflow/example_dags/example_kubernetes_executor.py for tasks to queue
[2024-11-03T18:43:47.318-0300] {logging_mixin.py:190} INFO - [2024-11-03T18:43:47.318-0300] {dagbag.py:588} INFO - Filling up the DagBag from /home/nico/.local/lib/python3.10/site-packages/airflow/example_dags/example_kubernetes_executor.py
[2024-11-03T18:43:47.333-0300] {logging_mixin.py:190} INFO - [2024-11-03T18:43:47.333-0300] {example_kubernetes_executor.py:39} WARNING - The example_kubernetes_executor example DAG requires the kubernetes provider. Please install it with: pip install apache-airflow[cncf.kubernetes]
[2024-11-03T18:43:47.334-0300] {processor.py:927} WARNING - No viable dags retrieved from /home/nico/.local/lib/python3.10/site-packages/airflow/example_dags/example_kubernetes_executor.py
[2024-11-03T18:43:47.381-0300] {processor.py:208} INFO - Processing /home/nico/.local/lib/python3.10/site-packages/airflow/example_dags/example_kubernetes_executor.py took 0.082 seconds
[2024-11-03T18:45:15.733-0300] {processor.py:186} INFO - Started process (PID=226093) to work on /home/nico/.local/lib/python3.10/site-packages/airflow/example_dags/example_kubernetes_executor.py
[2024-11-03T18:45:15.736-0300] {processor.py:914} INFO - Processing file /home/nico/.local/lib/python3.10/site-packages/airflow/example_dags/example_kubernetes_executor.py for tasks to queue
[2024-11-03T18:45:15.741-0300] {logging_mixin.py:190} INFO - [2024-11-03T18:45:15.740-0300] {dagbag.py:588} INFO - Filling up the DagBag from /home/nico/.local/lib/python3.10/site-packages/airflow/example_dags/example_kubernetes_executor.py
[2024-11-03T18:45:15.759-0300] {logging_mixin.py:190} INFO - [2024-11-03T18:45:15.758-0300] {example_kubernetes_executor.py:39} WARNING - The example_kubernetes_executor example DAG requires the kubernetes provider. Please install it with: pip install apache-airflow[cncf.kubernetes]
[2024-11-03T18:45:15.761-0300] {processor.py:927} WARNING - No viable dags retrieved from /home/nico/.local/lib/python3.10/site-packages/airflow/example_dags/example_kubernetes_executor.py
[2024-11-03T18:45:15.828-0300] {processor.py:208} INFO - Processing /home/nico/.local/lib/python3.10/site-packages/airflow/example_dags/example_kubernetes_executor.py took 0.120 seconds
[2024-11-03T18:47:03.955-0300] {processor.py:186} INFO - Started process (PID=226141) to work on /home/nico/.local/lib/python3.10/site-packages/airflow/example_dags/example_kubernetes_executor.py
[2024-11-03T18:47:03.963-0300] {processor.py:914} INFO - Processing file /home/nico/.local/lib/python3.10/site-packages/airflow/example_dags/example_kubernetes_executor.py for tasks to queue
[2024-11-03T18:47:03.973-0300] {logging_mixin.py:190} INFO - [2024-11-03T18:47:03.972-0300] {dagbag.py:588} INFO - Filling up the DagBag from /home/nico/.local/lib/python3.10/site-packages/airflow/example_dags/example_kubernetes_executor.py
[2024-11-03T18:47:04.010-0300] {logging_mixin.py:190} INFO - [2024-11-03T18:47:04.009-0300] {example_kubernetes_executor.py:39} WARNING - The example_kubernetes_executor example DAG requires the kubernetes provider. Please install it with: pip install apache-airflow[cncf.kubernetes]
[2024-11-03T18:47:04.012-0300] {processor.py:927} WARNING - No viable dags retrieved from /home/nico/.local/lib/python3.10/site-packages/airflow/example_dags/example_kubernetes_executor.py
[2024-11-03T18:47:04.106-0300] {processor.py:208} INFO - Processing /home/nico/.local/lib/python3.10/site-packages/airflow/example_dags/example_kubernetes_executor.py took 0.183 seconds
[2024-11-03T18:48:48.910-0300] {processor.py:186} INFO - Started process (PID=226187) to work on /home/nico/.local/lib/python3.10/site-packages/airflow/example_dags/example_kubernetes_executor.py
[2024-11-03T18:48:48.914-0300] {processor.py:914} INFO - Processing file /home/nico/.local/lib/python3.10/site-packages/airflow/example_dags/example_kubernetes_executor.py for tasks to queue
[2024-11-03T18:48:48.919-0300] {logging_mixin.py:190} INFO - [2024-11-03T18:48:48.918-0300] {dagbag.py:588} INFO - Filling up the DagBag from /home/nico/.local/lib/python3.10/site-packages/airflow/example_dags/example_kubernetes_executor.py
[2024-11-03T18:48:48.937-0300] {logging_mixin.py:190} INFO - [2024-11-03T18:48:48.936-0300] {example_kubernetes_executor.py:39} WARNING - The example_kubernetes_executor example DAG requires the kubernetes provider. Please install it with: pip install apache-airflow[cncf.kubernetes]
[2024-11-03T18:48:48.939-0300] {processor.py:927} WARNING - No viable dags retrieved from /home/nico/.local/lib/python3.10/site-packages/airflow/example_dags/example_kubernetes_executor.py
[2024-11-03T18:48:49.005-0300] {processor.py:208} INFO - Processing /home/nico/.local/lib/python3.10/site-packages/airflow/example_dags/example_kubernetes_executor.py took 0.116 seconds
[2024-11-03T18:51:15.391-0300] {processor.py:186} INFO - Started process (PID=226240) to work on /home/nico/.local/lib/python3.10/site-packages/airflow/example_dags/example_kubernetes_executor.py
[2024-11-03T18:51:15.393-0300] {processor.py:914} INFO - Processing file /home/nico/.local/lib/python3.10/site-packages/airflow/example_dags/example_kubernetes_executor.py for tasks to queue
[2024-11-03T18:51:15.397-0300] {logging_mixin.py:190} INFO - [2024-11-03T18:51:15.396-0300] {dagbag.py:588} INFO - Filling up the DagBag from /home/nico/.local/lib/python3.10/site-packages/airflow/example_dags/example_kubernetes_executor.py
[2024-11-03T18:51:15.413-0300] {logging_mixin.py:190} INFO - [2024-11-03T18:51:15.412-0300] {example_kubernetes_executor.py:39} WARNING - The example_kubernetes_executor example DAG requires the kubernetes provider. Please install it with: pip install apache-airflow[cncf.kubernetes]
[2024-11-03T18:51:15.415-0300] {processor.py:927} WARNING - No viable dags retrieved from /home/nico/.local/lib/python3.10/site-packages/airflow/example_dags/example_kubernetes_executor.py
[2024-11-03T18:51:15.496-0300] {processor.py:208} INFO - Processing /home/nico/.local/lib/python3.10/site-packages/airflow/example_dags/example_kubernetes_executor.py took 0.125 seconds
[2024-11-03T18:53:29.702-0300] {processor.py:186} INFO - Started process (PID=226289) to work on /home/nico/.local/lib/python3.10/site-packages/airflow/example_dags/example_kubernetes_executor.py
[2024-11-03T18:53:29.704-0300] {processor.py:914} INFO - Processing file /home/nico/.local/lib/python3.10/site-packages/airflow/example_dags/example_kubernetes_executor.py for tasks to queue
[2024-11-03T18:53:29.708-0300] {logging_mixin.py:190} INFO - [2024-11-03T18:53:29.707-0300] {dagbag.py:588} INFO - Filling up the DagBag from /home/nico/.local/lib/python3.10/site-packages/airflow/example_dags/example_kubernetes_executor.py
[2024-11-03T18:53:29.720-0300] {logging_mixin.py:190} INFO - [2024-11-03T18:53:29.719-0300] {example_kubernetes_executor.py:39} WARNING - The example_kubernetes_executor example DAG requires the kubernetes provider. Please install it with: pip install apache-airflow[cncf.kubernetes]
[2024-11-03T18:53:29.722-0300] {processor.py:927} WARNING - No viable dags retrieved from /home/nico/.local/lib/python3.10/site-packages/airflow/example_dags/example_kubernetes_executor.py
[2024-11-03T18:53:29.775-0300] {processor.py:208} INFO - Processing /home/nico/.local/lib/python3.10/site-packages/airflow/example_dags/example_kubernetes_executor.py took 0.088 seconds
[2024-11-03T18:56:09.694-0300] {processor.py:186} INFO - Started process (PID=226342) to work on /home/nico/.local/lib/python3.10/site-packages/airflow/example_dags/example_kubernetes_executor.py
[2024-11-03T18:56:09.720-0300] {processor.py:914} INFO - Processing file /home/nico/.local/lib/python3.10/site-packages/airflow/example_dags/example_kubernetes_executor.py for tasks to queue
[2024-11-03T18:56:09.759-0300] {logging_mixin.py:190} INFO - [2024-11-03T18:56:09.758-0300] {dagbag.py:588} INFO - Filling up the DagBag from /home/nico/.local/lib/python3.10/site-packages/airflow/example_dags/example_kubernetes_executor.py
[2024-11-03T18:56:09.924-0300] {logging_mixin.py:190} INFO - [2024-11-03T18:56:09.923-0300] {example_kubernetes_executor.py:39} WARNING - The example_kubernetes_executor example DAG requires the kubernetes provider. Please install it with: pip install apache-airflow[cncf.kubernetes]
[2024-11-03T18:56:09.941-0300] {processor.py:927} WARNING - No viable dags retrieved from /home/nico/.local/lib/python3.10/site-packages/airflow/example_dags/example_kubernetes_executor.py
[2024-11-03T18:56:10.378-0300] {processor.py:208} INFO - Processing /home/nico/.local/lib/python3.10/site-packages/airflow/example_dags/example_kubernetes_executor.py took 0.734 seconds
[2024-11-03T19:00:48.367-0300] {processor.py:186} INFO - Started process (PID=226457) to work on /home/nico/.local/lib/python3.10/site-packages/airflow/example_dags/example_kubernetes_executor.py
[2024-11-03T19:00:48.370-0300] {processor.py:914} INFO - Processing file /home/nico/.local/lib/python3.10/site-packages/airflow/example_dags/example_kubernetes_executor.py for tasks to queue
[2024-11-03T19:00:48.373-0300] {logging_mixin.py:190} INFO - [2024-11-03T19:00:48.372-0300] {dagbag.py:588} INFO - Filling up the DagBag from /home/nico/.local/lib/python3.10/site-packages/airflow/example_dags/example_kubernetes_executor.py
[2024-11-03T19:00:48.390-0300] {logging_mixin.py:190} INFO - [2024-11-03T19:00:48.389-0300] {example_kubernetes_executor.py:39} WARNING - The example_kubernetes_executor example DAG requires the kubernetes provider. Please install it with: pip install apache-airflow[cncf.kubernetes]
[2024-11-03T19:00:48.392-0300] {processor.py:927} WARNING - No viable dags retrieved from /home/nico/.local/lib/python3.10/site-packages/airflow/example_dags/example_kubernetes_executor.py
[2024-11-03T19:00:48.457-0300] {processor.py:208} INFO - Processing /home/nico/.local/lib/python3.10/site-packages/airflow/example_dags/example_kubernetes_executor.py took 0.108 seconds
[2024-11-03T19:03:55.828-0300] {processor.py:186} INFO - Started process (PID=226546) to work on /home/nico/.local/lib/python3.10/site-packages/airflow/example_dags/example_kubernetes_executor.py
[2024-11-03T19:03:55.830-0300] {processor.py:914} INFO - Processing file /home/nico/.local/lib/python3.10/site-packages/airflow/example_dags/example_kubernetes_executor.py for tasks to queue
[2024-11-03T19:03:55.834-0300] {logging_mixin.py:190} INFO - [2024-11-03T19:03:55.833-0300] {dagbag.py:588} INFO - Filling up the DagBag from /home/nico/.local/lib/python3.10/site-packages/airflow/example_dags/example_kubernetes_executor.py
[2024-11-03T19:03:55.847-0300] {logging_mixin.py:190} INFO - [2024-11-03T19:03:55.847-0300] {example_kubernetes_executor.py:39} WARNING - The example_kubernetes_executor example DAG requires the kubernetes provider. Please install it with: pip install apache-airflow[cncf.kubernetes]
[2024-11-03T19:03:55.848-0300] {processor.py:927} WARNING - No viable dags retrieved from /home/nico/.local/lib/python3.10/site-packages/airflow/example_dags/example_kubernetes_executor.py
[2024-11-03T19:03:55.899-0300] {processor.py:208} INFO - Processing /home/nico/.local/lib/python3.10/site-packages/airflow/example_dags/example_kubernetes_executor.py took 0.088 seconds
[2024-11-03T19:06:56.816-0300] {processor.py:186} INFO - Started process (PID=226608) to work on /home/nico/.local/lib/python3.10/site-packages/airflow/example_dags/example_kubernetes_executor.py
[2024-11-03T19:06:56.831-0300] {processor.py:914} INFO - Processing file /home/nico/.local/lib/python3.10/site-packages/airflow/example_dags/example_kubernetes_executor.py for tasks to queue
[2024-11-03T19:06:56.846-0300] {logging_mixin.py:190} INFO - [2024-11-03T19:06:56.844-0300] {dagbag.py:588} INFO - Filling up the DagBag from /home/nico/.local/lib/python3.10/site-packages/airflow/example_dags/example_kubernetes_executor.py
[2024-11-03T19:06:56.940-0300] {logging_mixin.py:190} INFO - [2024-11-03T19:06:56.939-0300] {example_kubernetes_executor.py:39} WARNING - The example_kubernetes_executor example DAG requires the kubernetes provider. Please install it with: pip install apache-airflow[cncf.kubernetes]
[2024-11-03T19:06:56.944-0300] {processor.py:927} WARNING - No viable dags retrieved from /home/nico/.local/lib/python3.10/site-packages/airflow/example_dags/example_kubernetes_executor.py
[2024-11-03T19:06:57.053-0300] {processor.py:208} INFO - Processing /home/nico/.local/lib/python3.10/site-packages/airflow/example_dags/example_kubernetes_executor.py took 0.296 seconds
[2024-11-03T19:12:49.266-0300] {processor.py:186} INFO - Started process (PID=226698) to work on /home/nico/.local/lib/python3.10/site-packages/airflow/example_dags/example_kubernetes_executor.py
[2024-11-03T19:12:49.270-0300] {processor.py:914} INFO - Processing file /home/nico/.local/lib/python3.10/site-packages/airflow/example_dags/example_kubernetes_executor.py for tasks to queue
[2024-11-03T19:12:49.275-0300] {logging_mixin.py:190} INFO - [2024-11-03T19:12:49.274-0300] {dagbag.py:588} INFO - Filling up the DagBag from /home/nico/.local/lib/python3.10/site-packages/airflow/example_dags/example_kubernetes_executor.py
[2024-11-03T19:12:49.313-0300] {logging_mixin.py:190} INFO - [2024-11-03T19:12:49.312-0300] {example_kubernetes_executor.py:39} WARNING - The example_kubernetes_executor example DAG requires the kubernetes provider. Please install it with: pip install apache-airflow[cncf.kubernetes]
[2024-11-03T19:12:49.324-0300] {processor.py:927} WARNING - No viable dags retrieved from /home/nico/.local/lib/python3.10/site-packages/airflow/example_dags/example_kubernetes_executor.py
[2024-11-03T19:12:49.697-0300] {processor.py:208} INFO - Processing /home/nico/.local/lib/python3.10/site-packages/airflow/example_dags/example_kubernetes_executor.py took 0.454 seconds
[2024-11-03T19:18:06.547-0300] {processor.py:186} INFO - Started process (PID=226763) to work on /home/nico/.local/lib/python3.10/site-packages/airflow/example_dags/example_kubernetes_executor.py
[2024-11-03T19:18:06.576-0300] {processor.py:914} INFO - Processing file /home/nico/.local/lib/python3.10/site-packages/airflow/example_dags/example_kubernetes_executor.py for tasks to queue
[2024-11-03T19:18:06.656-0300] {logging_mixin.py:190} INFO - [2024-11-03T19:18:06.654-0300] {dagbag.py:588} INFO - Filling up the DagBag from /home/nico/.local/lib/python3.10/site-packages/airflow/example_dags/example_kubernetes_executor.py
[2024-11-03T19:18:07.055-0300] {logging_mixin.py:190} INFO - [2024-11-03T19:18:07.054-0300] {example_kubernetes_executor.py:39} WARNING - The example_kubernetes_executor example DAG requires the kubernetes provider. Please install it with: pip install apache-airflow[cncf.kubernetes]
[2024-11-03T19:18:07.124-0300] {processor.py:927} WARNING - No viable dags retrieved from /home/nico/.local/lib/python3.10/site-packages/airflow/example_dags/example_kubernetes_executor.py
[2024-11-03T19:18:09.726-0300] {processor.py:208} INFO - Processing /home/nico/.local/lib/python3.10/site-packages/airflow/example_dags/example_kubernetes_executor.py took 3.219 seconds
[2024-11-03T19:24:37.733-0300] {processor.py:186} INFO - Started process (PID=226886) to work on /home/nico/.local/lib/python3.10/site-packages/airflow/example_dags/example_kubernetes_executor.py
[2024-11-03T19:24:37.751-0300] {processor.py:914} INFO - Processing file /home/nico/.local/lib/python3.10/site-packages/airflow/example_dags/example_kubernetes_executor.py for tasks to queue
[2024-11-03T19:24:37.784-0300] {logging_mixin.py:190} INFO - [2024-11-03T19:24:37.782-0300] {dagbag.py:588} INFO - Filling up the DagBag from /home/nico/.local/lib/python3.10/site-packages/airflow/example_dags/example_kubernetes_executor.py
[2024-11-03T19:24:37.971-0300] {logging_mixin.py:190} INFO - [2024-11-03T19:24:37.971-0300] {example_kubernetes_executor.py:39} WARNING - The example_kubernetes_executor example DAG requires the kubernetes provider. Please install it with: pip install apache-airflow[cncf.kubernetes]
[2024-11-03T19:24:37.978-0300] {processor.py:927} WARNING - No viable dags retrieved from /home/nico/.local/lib/python3.10/site-packages/airflow/example_dags/example_kubernetes_executor.py
[2024-11-03T19:24:38.509-0300] {processor.py:208} INFO - Processing /home/nico/.local/lib/python3.10/site-packages/airflow/example_dags/example_kubernetes_executor.py took 0.816 seconds
[2024-11-03T19:33:33.891-0300] {processor.py:186} INFO - Started process (PID=227009) to work on /home/nico/.local/lib/python3.10/site-packages/airflow/example_dags/example_kubernetes_executor.py
[2024-11-03T19:33:33.908-0300] {processor.py:914} INFO - Processing file /home/nico/.local/lib/python3.10/site-packages/airflow/example_dags/example_kubernetes_executor.py for tasks to queue
[2024-11-03T19:33:33.918-0300] {logging_mixin.py:190} INFO - [2024-11-03T19:33:33.917-0300] {dagbag.py:588} INFO - Filling up the DagBag from /home/nico/.local/lib/python3.10/site-packages/airflow/example_dags/example_kubernetes_executor.py
[2024-11-03T19:33:33.964-0300] {logging_mixin.py:190} INFO - [2024-11-03T19:33:33.963-0300] {example_kubernetes_executor.py:39} WARNING - The example_kubernetes_executor example DAG requires the kubernetes provider. Please install it with: pip install apache-airflow[cncf.kubernetes]
[2024-11-03T19:33:33.966-0300] {processor.py:927} WARNING - No viable dags retrieved from /home/nico/.local/lib/python3.10/site-packages/airflow/example_dags/example_kubernetes_executor.py
[2024-11-03T19:33:34.166-0300] {processor.py:208} INFO - Processing /home/nico/.local/lib/python3.10/site-packages/airflow/example_dags/example_kubernetes_executor.py took 0.321 seconds
[2024-11-03T19:36:33.238-0300] {processor.py:186} INFO - Started process (PID=227067) to work on /home/nico/.local/lib/python3.10/site-packages/airflow/example_dags/example_kubernetes_executor.py
[2024-11-03T19:36:33.242-0300] {processor.py:914} INFO - Processing file /home/nico/.local/lib/python3.10/site-packages/airflow/example_dags/example_kubernetes_executor.py for tasks to queue
[2024-11-03T19:36:33.247-0300] {logging_mixin.py:190} INFO - [2024-11-03T19:36:33.245-0300] {dagbag.py:588} INFO - Filling up the DagBag from /home/nico/.local/lib/python3.10/site-packages/airflow/example_dags/example_kubernetes_executor.py
[2024-11-03T19:36:33.266-0300] {logging_mixin.py:190} INFO - [2024-11-03T19:36:33.265-0300] {example_kubernetes_executor.py:39} WARNING - The example_kubernetes_executor example DAG requires the kubernetes provider. Please install it with: pip install apache-airflow[cncf.kubernetes]
[2024-11-03T19:36:33.267-0300] {processor.py:927} WARNING - No viable dags retrieved from /home/nico/.local/lib/python3.10/site-packages/airflow/example_dags/example_kubernetes_executor.py
[2024-11-03T19:36:33.347-0300] {processor.py:208} INFO - Processing /home/nico/.local/lib/python3.10/site-packages/airflow/example_dags/example_kubernetes_executor.py took 0.132 seconds
[2024-11-03T19:38:15.878-0300] {processor.py:186} INFO - Started process (PID=227112) to work on /home/nico/.local/lib/python3.10/site-packages/airflow/example_dags/example_kubernetes_executor.py
[2024-11-03T19:38:15.882-0300] {processor.py:914} INFO - Processing file /home/nico/.local/lib/python3.10/site-packages/airflow/example_dags/example_kubernetes_executor.py for tasks to queue
[2024-11-03T19:38:15.889-0300] {logging_mixin.py:190} INFO - [2024-11-03T19:38:15.887-0300] {dagbag.py:588} INFO - Filling up the DagBag from /home/nico/.local/lib/python3.10/site-packages/airflow/example_dags/example_kubernetes_executor.py
[2024-11-03T19:38:15.912-0300] {logging_mixin.py:190} INFO - [2024-11-03T19:38:15.908-0300] {example_kubernetes_executor.py:39} WARNING - The example_kubernetes_executor example DAG requires the kubernetes provider. Please install it with: pip install apache-airflow[cncf.kubernetes]
[2024-11-03T19:38:15.914-0300] {processor.py:927} WARNING - No viable dags retrieved from /home/nico/.local/lib/python3.10/site-packages/airflow/example_dags/example_kubernetes_executor.py
[2024-11-03T19:38:15.980-0300] {processor.py:208} INFO - Processing /home/nico/.local/lib/python3.10/site-packages/airflow/example_dags/example_kubernetes_executor.py took 0.125 seconds
[2024-11-03T19:39:34.865-0300] {processor.py:186} INFO - Started process (PID=227159) to work on /home/nico/.local/lib/python3.10/site-packages/airflow/example_dags/example_kubernetes_executor.py
[2024-11-03T19:39:34.867-0300] {processor.py:914} INFO - Processing file /home/nico/.local/lib/python3.10/site-packages/airflow/example_dags/example_kubernetes_executor.py for tasks to queue
[2024-11-03T19:39:34.871-0300] {logging_mixin.py:190} INFO - [2024-11-03T19:39:34.870-0300] {dagbag.py:588} INFO - Filling up the DagBag from /home/nico/.local/lib/python3.10/site-packages/airflow/example_dags/example_kubernetes_executor.py
[2024-11-03T19:39:34.886-0300] {logging_mixin.py:190} INFO - [2024-11-03T19:39:34.886-0300] {example_kubernetes_executor.py:39} WARNING - The example_kubernetes_executor example DAG requires the kubernetes provider. Please install it with: pip install apache-airflow[cncf.kubernetes]
[2024-11-03T19:39:34.887-0300] {processor.py:927} WARNING - No viable dags retrieved from /home/nico/.local/lib/python3.10/site-packages/airflow/example_dags/example_kubernetes_executor.py
[2024-11-03T19:39:34.935-0300] {processor.py:208} INFO - Processing /home/nico/.local/lib/python3.10/site-packages/airflow/example_dags/example_kubernetes_executor.py took 0.088 seconds
