[2024-11-02T21:36:20.450-0300] {processor.py:186} INFO - Started process (PID=220057) to work on /home/nico/.local/lib/python3.10/site-packages/airflow/example_dags/example_bash_decorator.py
[2024-11-02T21:36:20.470-0300] {processor.py:914} INFO - Processing file /home/nico/.local/lib/python3.10/site-packages/airflow/example_dags/example_bash_decorator.py for tasks to queue
[2024-11-02T21:36:20.481-0300] {logging_mixin.py:190} INFO - [2024-11-02T21:36:20.480-0300] {dagbag.py:588} INFO - Filling up the DagBag from /home/nico/.local/lib/python3.10/site-packages/airflow/example_dags/example_bash_decorator.py
[2024-11-02T21:36:20.627-0300] {processor.py:925} INFO - DAG(s) 'example_bash_decorator' retrieved from /home/nico/.local/lib/python3.10/site-packages/airflow/example_dags/example_bash_decorator.py
[2024-11-02T21:36:21.085-0300] {logging_mixin.py:190} INFO - [2024-11-02T21:36:21.085-0300] {dag.py:3239} INFO - Sync 1 DAGs
[2024-11-02T21:36:21.112-0300] {logging_mixin.py:190} INFO - [2024-11-02T21:36:21.112-0300] {dag.py:4180} INFO - Setting next_dagrun for example_bash_decorator to None, run_after=None
[2024-11-02T21:36:21.236-0300] {processor.py:208} INFO - Processing /home/nico/.local/lib/python3.10/site-packages/airflow/example_dags/example_bash_decorator.py took 0.827 seconds
[2024-11-02T22:46:12.063-0300] {processor.py:186} INFO - Started process (PID=220804) to work on /home/nico/.local/lib/python3.10/site-packages/airflow/example_dags/example_bash_decorator.py
[2024-11-02T22:46:12.087-0300] {processor.py:914} INFO - Processing file /home/nico/.local/lib/python3.10/site-packages/airflow/example_dags/example_bash_decorator.py for tasks to queue
[2024-11-02T22:46:12.118-0300] {logging_mixin.py:190} INFO - [2024-11-02T22:46:12.116-0300] {dagbag.py:588} INFO - Filling up the DagBag from /home/nico/.local/lib/python3.10/site-packages/airflow/example_dags/example_bash_decorator.py
[2024-11-02T22:46:12.282-0300] {processor.py:925} INFO - DAG(s) 'example_bash_decorator' retrieved from /home/nico/.local/lib/python3.10/site-packages/airflow/example_dags/example_bash_decorator.py
[2024-11-02T22:46:14.813-0300] {logging_mixin.py:190} INFO - [2024-11-02T22:46:14.812-0300] {dag.py:3239} INFO - Sync 1 DAGs
[2024-11-02T22:46:15.288-0300] {logging_mixin.py:190} INFO - [2024-11-02T22:46:15.287-0300] {dag.py:4180} INFO - Setting next_dagrun for example_bash_decorator to None, run_after=None
[2024-11-02T22:46:15.858-0300] {processor.py:208} INFO - Processing /home/nico/.local/lib/python3.10/site-packages/airflow/example_dags/example_bash_decorator.py took 3.847 seconds
[2024-11-02T22:51:40.360-0300] {processor.py:186} INFO - Started process (PID=220959) to work on /home/nico/.local/lib/python3.10/site-packages/airflow/example_dags/example_bash_decorator.py
[2024-11-02T22:51:40.364-0300] {processor.py:914} INFO - Processing file /home/nico/.local/lib/python3.10/site-packages/airflow/example_dags/example_bash_decorator.py for tasks to queue
[2024-11-02T22:51:40.377-0300] {logging_mixin.py:190} INFO - [2024-11-02T22:51:40.375-0300] {dagbag.py:588} INFO - Filling up the DagBag from /home/nico/.local/lib/python3.10/site-packages/airflow/example_dags/example_bash_decorator.py
[2024-11-02T22:51:40.443-0300] {processor.py:925} INFO - DAG(s) 'example_bash_decorator' retrieved from /home/nico/.local/lib/python3.10/site-packages/airflow/example_dags/example_bash_decorator.py
[2024-11-02T22:51:40.508-0300] {logging_mixin.py:190} INFO - [2024-11-02T22:51:40.508-0300] {dag.py:3239} INFO - Sync 1 DAGs
[2024-11-02T22:51:40.547-0300] {logging_mixin.py:190} INFO - [2024-11-02T22:51:40.547-0300] {dag.py:4180} INFO - Setting next_dagrun for example_bash_decorator to None, run_after=None
[2024-11-02T22:51:40.671-0300] {processor.py:208} INFO - Processing /home/nico/.local/lib/python3.10/site-packages/airflow/example_dags/example_bash_decorator.py took 0.339 seconds
[2024-11-02T22:56:01.428-0300] {processor.py:186} INFO - Started process (PID=221069) to work on /home/nico/.local/lib/python3.10/site-packages/airflow/example_dags/example_bash_decorator.py
[2024-11-02T22:56:01.441-0300] {processor.py:914} INFO - Processing file /home/nico/.local/lib/python3.10/site-packages/airflow/example_dags/example_bash_decorator.py for tasks to queue
[2024-11-02T22:56:01.447-0300] {logging_mixin.py:190} INFO - [2024-11-02T22:56:01.445-0300] {dagbag.py:588} INFO - Filling up the DagBag from /home/nico/.local/lib/python3.10/site-packages/airflow/example_dags/example_bash_decorator.py
[2024-11-02T22:56:01.509-0300] {processor.py:925} INFO - DAG(s) 'example_bash_decorator' retrieved from /home/nico/.local/lib/python3.10/site-packages/airflow/example_dags/example_bash_decorator.py
[2024-11-02T22:56:01.602-0300] {logging_mixin.py:190} INFO - [2024-11-02T22:56:01.601-0300] {dag.py:3239} INFO - Sync 1 DAGs
[2024-11-02T22:56:01.657-0300] {logging_mixin.py:190} INFO - [2024-11-02T22:56:01.657-0300] {dag.py:4180} INFO - Setting next_dagrun for example_bash_decorator to None, run_after=None
[2024-11-02T22:56:01.843-0300] {processor.py:208} INFO - Processing /home/nico/.local/lib/python3.10/site-packages/airflow/example_dags/example_bash_decorator.py took 0.456 seconds
[2024-11-02T23:03:11.862-0300] {processor.py:186} INFO - Started process (PID=221286) to work on /home/nico/.local/lib/python3.10/site-packages/airflow/example_dags/example_bash_decorator.py
[2024-11-02T23:03:11.865-0300] {processor.py:914} INFO - Processing file /home/nico/.local/lib/python3.10/site-packages/airflow/example_dags/example_bash_decorator.py for tasks to queue
[2024-11-02T23:03:11.871-0300] {logging_mixin.py:190} INFO - [2024-11-02T23:03:11.870-0300] {dagbag.py:588} INFO - Filling up the DagBag from /home/nico/.local/lib/python3.10/site-packages/airflow/example_dags/example_bash_decorator.py
[2024-11-02T23:03:11.925-0300] {processor.py:925} INFO - DAG(s) 'example_bash_decorator' retrieved from /home/nico/.local/lib/python3.10/site-packages/airflow/example_dags/example_bash_decorator.py
[2024-11-02T23:03:12.001-0300] {logging_mixin.py:190} INFO - [2024-11-02T23:03:12.000-0300] {dag.py:3239} INFO - Sync 1 DAGs
[2024-11-02T23:03:12.033-0300] {logging_mixin.py:190} INFO - [2024-11-02T23:03:12.032-0300] {dag.py:4180} INFO - Setting next_dagrun for example_bash_decorator to None, run_after=None
[2024-11-02T23:03:12.161-0300] {processor.py:208} INFO - Processing /home/nico/.local/lib/python3.10/site-packages/airflow/example_dags/example_bash_decorator.py took 0.324 seconds
[2024-11-02T23:06:49.403-0300] {processor.py:186} INFO - Started process (PID=221388) to work on /home/nico/.local/lib/python3.10/site-packages/airflow/example_dags/example_bash_decorator.py
[2024-11-02T23:06:49.406-0300] {processor.py:914} INFO - Processing file /home/nico/.local/lib/python3.10/site-packages/airflow/example_dags/example_bash_decorator.py for tasks to queue
[2024-11-02T23:06:49.409-0300] {logging_mixin.py:190} INFO - [2024-11-02T23:06:49.408-0300] {dagbag.py:588} INFO - Filling up the DagBag from /home/nico/.local/lib/python3.10/site-packages/airflow/example_dags/example_bash_decorator.py
[2024-11-02T23:06:49.459-0300] {processor.py:925} INFO - DAG(s) 'example_bash_decorator' retrieved from /home/nico/.local/lib/python3.10/site-packages/airflow/example_dags/example_bash_decorator.py
[2024-11-02T23:06:49.701-0300] {logging_mixin.py:190} INFO - [2024-11-02T23:06:49.701-0300] {dag.py:3239} INFO - Sync 1 DAGs
[2024-11-02T23:06:49.810-0300] {logging_mixin.py:190} INFO - [2024-11-02T23:06:49.809-0300] {dag.py:4180} INFO - Setting next_dagrun for example_bash_decorator to None, run_after=None
[2024-11-02T23:06:50.131-0300] {processor.py:208} INFO - Processing /home/nico/.local/lib/python3.10/site-packages/airflow/example_dags/example_bash_decorator.py took 0.747 seconds
[2024-11-02T23:09:33.530-0300] {processor.py:186} INFO - Started process (PID=221474) to work on /home/nico/.local/lib/python3.10/site-packages/airflow/example_dags/example_bash_decorator.py
[2024-11-02T23:09:33.534-0300] {processor.py:914} INFO - Processing file /home/nico/.local/lib/python3.10/site-packages/airflow/example_dags/example_bash_decorator.py for tasks to queue
[2024-11-02T23:09:33.540-0300] {logging_mixin.py:190} INFO - [2024-11-02T23:09:33.539-0300] {dagbag.py:588} INFO - Filling up the DagBag from /home/nico/.local/lib/python3.10/site-packages/airflow/example_dags/example_bash_decorator.py
[2024-11-02T23:09:33.631-0300] {processor.py:925} INFO - DAG(s) 'example_bash_decorator' retrieved from /home/nico/.local/lib/python3.10/site-packages/airflow/example_dags/example_bash_decorator.py
[2024-11-02T23:09:33.746-0300] {logging_mixin.py:190} INFO - [2024-11-02T23:09:33.745-0300] {dag.py:3239} INFO - Sync 1 DAGs
[2024-11-02T23:09:33.779-0300] {logging_mixin.py:190} INFO - [2024-11-02T23:09:33.779-0300] {dag.py:4180} INFO - Setting next_dagrun for example_bash_decorator to None, run_after=None
[2024-11-02T23:09:33.900-0300] {processor.py:208} INFO - Processing /home/nico/.local/lib/python3.10/site-packages/airflow/example_dags/example_bash_decorator.py took 0.412 seconds
[2024-11-02T23:12:23.185-0300] {processor.py:186} INFO - Started process (PID=221561) to work on /home/nico/.local/lib/python3.10/site-packages/airflow/example_dags/example_bash_decorator.py
[2024-11-02T23:12:23.195-0300] {processor.py:914} INFO - Processing file /home/nico/.local/lib/python3.10/site-packages/airflow/example_dags/example_bash_decorator.py for tasks to queue
[2024-11-02T23:12:23.199-0300] {logging_mixin.py:190} INFO - [2024-11-02T23:12:23.198-0300] {dagbag.py:588} INFO - Filling up the DagBag from /home/nico/.local/lib/python3.10/site-packages/airflow/example_dags/example_bash_decorator.py
[2024-11-02T23:12:23.275-0300] {processor.py:925} INFO - DAG(s) 'example_bash_decorator' retrieved from /home/nico/.local/lib/python3.10/site-packages/airflow/example_dags/example_bash_decorator.py
[2024-11-02T23:12:23.376-0300] {logging_mixin.py:190} INFO - [2024-11-02T23:12:23.375-0300] {dag.py:3239} INFO - Sync 1 DAGs
[2024-11-02T23:12:23.434-0300] {logging_mixin.py:190} INFO - [2024-11-02T23:12:23.434-0300] {dag.py:4180} INFO - Setting next_dagrun for example_bash_decorator to None, run_after=None
[2024-11-02T23:12:23.610-0300] {processor.py:208} INFO - Processing /home/nico/.local/lib/python3.10/site-packages/airflow/example_dags/example_bash_decorator.py took 0.444 seconds
[2024-11-03T00:14:50.953-0300] {processor.py:186} INFO - Started process (PID=221668) to work on /home/nico/.local/lib/python3.10/site-packages/airflow/example_dags/example_bash_decorator.py
[2024-11-03T00:14:50.955-0300] {processor.py:914} INFO - Processing file /home/nico/.local/lib/python3.10/site-packages/airflow/example_dags/example_bash_decorator.py for tasks to queue
[2024-11-03T00:14:50.958-0300] {logging_mixin.py:190} INFO - [2024-11-03T00:14:50.958-0300] {dagbag.py:588} INFO - Filling up the DagBag from /home/nico/.local/lib/python3.10/site-packages/airflow/example_dags/example_bash_decorator.py
[2024-11-03T00:14:50.988-0300] {processor.py:925} INFO - DAG(s) 'example_bash_decorator' retrieved from /home/nico/.local/lib/python3.10/site-packages/airflow/example_dags/example_bash_decorator.py
[2024-11-03T00:14:51.053-0300] {logging_mixin.py:190} INFO - [2024-11-03T00:14:51.052-0300] {dag.py:3239} INFO - Sync 1 DAGs
[2024-11-03T00:14:51.089-0300] {logging_mixin.py:190} INFO - [2024-11-03T00:14:51.088-0300] {dag.py:4180} INFO - Setting next_dagrun for example_bash_decorator to None, run_after=None
[2024-11-03T00:14:51.216-0300] {processor.py:208} INFO - Processing /home/nico/.local/lib/python3.10/site-packages/airflow/example_dags/example_bash_decorator.py took 0.276 seconds
[2024-11-03T00:25:24.386-0300] {processor.py:186} INFO - Started process (PID=221832) to work on /home/nico/.local/lib/python3.10/site-packages/airflow/example_dags/example_bash_decorator.py
[2024-11-03T00:25:24.475-0300] {processor.py:914} INFO - Processing file /home/nico/.local/lib/python3.10/site-packages/airflow/example_dags/example_bash_decorator.py for tasks to queue
[2024-11-03T00:25:24.556-0300] {logging_mixin.py:190} INFO - [2024-11-03T00:25:24.554-0300] {dagbag.py:588} INFO - Filling up the DagBag from /home/nico/.local/lib/python3.10/site-packages/airflow/example_dags/example_bash_decorator.py
[2024-11-03T00:25:24.703-0300] {processor.py:925} INFO - DAG(s) 'example_bash_decorator' retrieved from /home/nico/.local/lib/python3.10/site-packages/airflow/example_dags/example_bash_decorator.py
[2024-11-03T00:25:25.510-0300] {logging_mixin.py:190} INFO - [2024-11-03T00:25:25.509-0300] {dag.py:3239} INFO - Sync 1 DAGs
[2024-11-03T00:25:25.691-0300] {logging_mixin.py:190} INFO - [2024-11-03T00:25:25.690-0300] {dag.py:4180} INFO - Setting next_dagrun for example_bash_decorator to None, run_after=None
[2024-11-03T00:25:26.111-0300] {processor.py:208} INFO - Processing /home/nico/.local/lib/python3.10/site-packages/airflow/example_dags/example_bash_decorator.py took 1.787 seconds
[2024-11-03T00:36:14.395-0300] {processor.py:186} INFO - Started process (PID=221990) to work on /home/nico/.local/lib/python3.10/site-packages/airflow/example_dags/example_bash_decorator.py
[2024-11-03T00:36:14.398-0300] {processor.py:914} INFO - Processing file /home/nico/.local/lib/python3.10/site-packages/airflow/example_dags/example_bash_decorator.py for tasks to queue
[2024-11-03T00:36:14.403-0300] {logging_mixin.py:190} INFO - [2024-11-03T00:36:14.402-0300] {dagbag.py:588} INFO - Filling up the DagBag from /home/nico/.local/lib/python3.10/site-packages/airflow/example_dags/example_bash_decorator.py
[2024-11-03T00:36:14.453-0300] {processor.py:925} INFO - DAG(s) 'example_bash_decorator' retrieved from /home/nico/.local/lib/python3.10/site-packages/airflow/example_dags/example_bash_decorator.py
[2024-11-03T00:36:14.547-0300] {logging_mixin.py:190} INFO - [2024-11-03T00:36:14.547-0300] {dag.py:3239} INFO - Sync 1 DAGs
[2024-11-03T00:36:14.598-0300] {logging_mixin.py:190} INFO - [2024-11-03T00:36:14.598-0300] {dag.py:4180} INFO - Setting next_dagrun for example_bash_decorator to None, run_after=None
[2024-11-03T00:36:15.153-0300] {processor.py:208} INFO - Processing /home/nico/.local/lib/python3.10/site-packages/airflow/example_dags/example_bash_decorator.py took 0.773 seconds
[2024-11-03T00:39:29.959-0300] {processor.py:186} INFO - Started process (PID=222083) to work on /home/nico/.local/lib/python3.10/site-packages/airflow/example_dags/example_bash_decorator.py
[2024-11-03T00:39:29.963-0300] {processor.py:914} INFO - Processing file /home/nico/.local/lib/python3.10/site-packages/airflow/example_dags/example_bash_decorator.py for tasks to queue
[2024-11-03T00:39:29.968-0300] {logging_mixin.py:190} INFO - [2024-11-03T00:39:29.966-0300] {dagbag.py:588} INFO - Filling up the DagBag from /home/nico/.local/lib/python3.10/site-packages/airflow/example_dags/example_bash_decorator.py
[2024-11-03T00:39:30.023-0300] {processor.py:925} INFO - DAG(s) 'example_bash_decorator' retrieved from /home/nico/.local/lib/python3.10/site-packages/airflow/example_dags/example_bash_decorator.py
[2024-11-03T00:39:30.105-0300] {logging_mixin.py:190} INFO - [2024-11-03T00:39:30.104-0300] {dag.py:3239} INFO - Sync 1 DAGs
[2024-11-03T00:39:30.149-0300] {logging_mixin.py:190} INFO - [2024-11-03T00:39:30.148-0300] {dag.py:4180} INFO - Setting next_dagrun for example_bash_decorator to None, run_after=None
[2024-11-03T00:39:30.269-0300] {processor.py:208} INFO - Processing /home/nico/.local/lib/python3.10/site-packages/airflow/example_dags/example_bash_decorator.py took 0.332 seconds
[2024-11-03T00:42:10.043-0300] {processor.py:186} INFO - Started process (PID=222171) to work on /home/nico/.local/lib/python3.10/site-packages/airflow/example_dags/example_bash_decorator.py
[2024-11-03T00:42:10.050-0300] {processor.py:914} INFO - Processing file /home/nico/.local/lib/python3.10/site-packages/airflow/example_dags/example_bash_decorator.py for tasks to queue
[2024-11-03T00:42:10.055-0300] {logging_mixin.py:190} INFO - [2024-11-03T00:42:10.054-0300] {dagbag.py:588} INFO - Filling up the DagBag from /home/nico/.local/lib/python3.10/site-packages/airflow/example_dags/example_bash_decorator.py
[2024-11-03T00:42:10.116-0300] {processor.py:925} INFO - DAG(s) 'example_bash_decorator' retrieved from /home/nico/.local/lib/python3.10/site-packages/airflow/example_dags/example_bash_decorator.py
[2024-11-03T00:42:10.217-0300] {logging_mixin.py:190} INFO - [2024-11-03T00:42:10.216-0300] {dag.py:3239} INFO - Sync 1 DAGs
[2024-11-03T00:42:10.257-0300] {logging_mixin.py:190} INFO - [2024-11-03T00:42:10.257-0300] {dag.py:4180} INFO - Setting next_dagrun for example_bash_decorator to None, run_after=None
[2024-11-03T00:42:10.369-0300] {processor.py:208} INFO - Processing /home/nico/.local/lib/python3.10/site-packages/airflow/example_dags/example_bash_decorator.py took 0.348 seconds
[2024-11-03T00:45:50.796-0300] {processor.py:186} INFO - Started process (PID=222269) to work on /home/nico/.local/lib/python3.10/site-packages/airflow/example_dags/example_bash_decorator.py
[2024-11-03T00:45:50.801-0300] {processor.py:914} INFO - Processing file /home/nico/.local/lib/python3.10/site-packages/airflow/example_dags/example_bash_decorator.py for tasks to queue
[2024-11-03T00:45:50.812-0300] {logging_mixin.py:190} INFO - [2024-11-03T00:45:50.811-0300] {dagbag.py:588} INFO - Filling up the DagBag from /home/nico/.local/lib/python3.10/site-packages/airflow/example_dags/example_bash_decorator.py
[2024-11-03T00:45:50.952-0300] {processor.py:925} INFO - DAG(s) 'example_bash_decorator' retrieved from /home/nico/.local/lib/python3.10/site-packages/airflow/example_dags/example_bash_decorator.py
[2024-11-03T00:45:51.181-0300] {logging_mixin.py:190} INFO - [2024-11-03T00:45:51.181-0300] {dag.py:3239} INFO - Sync 1 DAGs
[2024-11-03T00:45:51.296-0300] {logging_mixin.py:190} INFO - [2024-11-03T00:45:51.295-0300] {dag.py:4180} INFO - Setting next_dagrun for example_bash_decorator to None, run_after=None
[2024-11-03T00:45:51.494-0300] {processor.py:208} INFO - Processing /home/nico/.local/lib/python3.10/site-packages/airflow/example_dags/example_bash_decorator.py took 0.748 seconds
[2024-11-03T00:49:49.373-0300] {processor.py:186} INFO - Started process (PID=222373) to work on /home/nico/.local/lib/python3.10/site-packages/airflow/example_dags/example_bash_decorator.py
[2024-11-03T00:49:49.377-0300] {processor.py:914} INFO - Processing file /home/nico/.local/lib/python3.10/site-packages/airflow/example_dags/example_bash_decorator.py for tasks to queue
[2024-11-03T00:49:49.386-0300] {logging_mixin.py:190} INFO - [2024-11-03T00:49:49.384-0300] {dagbag.py:588} INFO - Filling up the DagBag from /home/nico/.local/lib/python3.10/site-packages/airflow/example_dags/example_bash_decorator.py
[2024-11-03T00:49:49.462-0300] {processor.py:925} INFO - DAG(s) 'example_bash_decorator' retrieved from /home/nico/.local/lib/python3.10/site-packages/airflow/example_dags/example_bash_decorator.py
[2024-11-03T00:49:49.575-0300] {logging_mixin.py:190} INFO - [2024-11-03T00:49:49.574-0300] {dag.py:3239} INFO - Sync 1 DAGs
[2024-11-03T00:49:49.669-0300] {logging_mixin.py:190} INFO - [2024-11-03T00:49:49.669-0300] {dag.py:4180} INFO - Setting next_dagrun for example_bash_decorator to None, run_after=None
[2024-11-03T00:49:49.823-0300] {processor.py:208} INFO - Processing /home/nico/.local/lib/python3.10/site-packages/airflow/example_dags/example_bash_decorator.py took 0.484 seconds
[2024-11-03T00:54:08.751-0300] {processor.py:186} INFO - Started process (PID=222466) to work on /home/nico/.local/lib/python3.10/site-packages/airflow/example_dags/example_bash_decorator.py
[2024-11-03T00:54:08.755-0300] {processor.py:914} INFO - Processing file /home/nico/.local/lib/python3.10/site-packages/airflow/example_dags/example_bash_decorator.py for tasks to queue
[2024-11-03T00:54:08.767-0300] {logging_mixin.py:190} INFO - [2024-11-03T00:54:08.766-0300] {dagbag.py:588} INFO - Filling up the DagBag from /home/nico/.local/lib/python3.10/site-packages/airflow/example_dags/example_bash_decorator.py
[2024-11-03T00:54:08.844-0300] {processor.py:925} INFO - DAG(s) 'example_bash_decorator' retrieved from /home/nico/.local/lib/python3.10/site-packages/airflow/example_dags/example_bash_decorator.py
[2024-11-03T00:54:08.926-0300] {logging_mixin.py:190} INFO - [2024-11-03T00:54:08.925-0300] {dag.py:3239} INFO - Sync 1 DAGs
[2024-11-03T00:54:08.962-0300] {logging_mixin.py:190} INFO - [2024-11-03T00:54:08.961-0300] {dag.py:4180} INFO - Setting next_dagrun for example_bash_decorator to None, run_after=None
[2024-11-03T00:54:09.194-0300] {processor.py:208} INFO - Processing /home/nico/.local/lib/python3.10/site-packages/airflow/example_dags/example_bash_decorator.py took 0.480 seconds
[2024-11-03T00:58:13.367-0300] {processor.py:186} INFO - Started process (PID=222567) to work on /home/nico/.local/lib/python3.10/site-packages/airflow/example_dags/example_bash_decorator.py
[2024-11-03T00:58:13.371-0300] {processor.py:914} INFO - Processing file /home/nico/.local/lib/python3.10/site-packages/airflow/example_dags/example_bash_decorator.py for tasks to queue
[2024-11-03T00:58:13.378-0300] {logging_mixin.py:190} INFO - [2024-11-03T00:58:13.376-0300] {dagbag.py:588} INFO - Filling up the DagBag from /home/nico/.local/lib/python3.10/site-packages/airflow/example_dags/example_bash_decorator.py
[2024-11-03T00:58:13.422-0300] {processor.py:925} INFO - DAG(s) 'example_bash_decorator' retrieved from /home/nico/.local/lib/python3.10/site-packages/airflow/example_dags/example_bash_decorator.py
[2024-11-03T00:58:13.487-0300] {logging_mixin.py:190} INFO - [2024-11-03T00:58:13.486-0300] {dag.py:3239} INFO - Sync 1 DAGs
[2024-11-03T00:58:13.529-0300] {logging_mixin.py:190} INFO - [2024-11-03T00:58:13.529-0300] {dag.py:4180} INFO - Setting next_dagrun for example_bash_decorator to None, run_after=None
[2024-11-03T00:58:13.658-0300] {processor.py:208} INFO - Processing /home/nico/.local/lib/python3.10/site-packages/airflow/example_dags/example_bash_decorator.py took 0.305 seconds
[2024-11-03T01:01:06.749-0300] {processor.py:186} INFO - Started process (PID=222662) to work on /home/nico/.local/lib/python3.10/site-packages/airflow/example_dags/example_bash_decorator.py
[2024-11-03T01:01:06.752-0300] {processor.py:914} INFO - Processing file /home/nico/.local/lib/python3.10/site-packages/airflow/example_dags/example_bash_decorator.py for tasks to queue
[2024-11-03T01:01:06.755-0300] {logging_mixin.py:190} INFO - [2024-11-03T01:01:06.754-0300] {dagbag.py:588} INFO - Filling up the DagBag from /home/nico/.local/lib/python3.10/site-packages/airflow/example_dags/example_bash_decorator.py
[2024-11-03T01:01:06.785-0300] {processor.py:925} INFO - DAG(s) 'example_bash_decorator' retrieved from /home/nico/.local/lib/python3.10/site-packages/airflow/example_dags/example_bash_decorator.py
[2024-11-03T01:01:06.854-0300] {logging_mixin.py:190} INFO - [2024-11-03T01:01:06.854-0300] {dag.py:3239} INFO - Sync 1 DAGs
[2024-11-03T01:01:06.885-0300] {logging_mixin.py:190} INFO - [2024-11-03T01:01:06.885-0300] {dag.py:4180} INFO - Setting next_dagrun for example_bash_decorator to None, run_after=None
[2024-11-03T01:01:07.010-0300] {processor.py:208} INFO - Processing /home/nico/.local/lib/python3.10/site-packages/airflow/example_dags/example_bash_decorator.py took 0.275 seconds
[2024-11-03T01:03:55.921-0300] {processor.py:186} INFO - Started process (PID=222752) to work on /home/nico/.local/lib/python3.10/site-packages/airflow/example_dags/example_bash_decorator.py
[2024-11-03T01:03:55.925-0300] {processor.py:914} INFO - Processing file /home/nico/.local/lib/python3.10/site-packages/airflow/example_dags/example_bash_decorator.py for tasks to queue
[2024-11-03T01:03:55.937-0300] {logging_mixin.py:190} INFO - [2024-11-03T01:03:55.933-0300] {dagbag.py:588} INFO - Filling up the DagBag from /home/nico/.local/lib/python3.10/site-packages/airflow/example_dags/example_bash_decorator.py
[2024-11-03T01:03:55.984-0300] {processor.py:925} INFO - DAG(s) 'example_bash_decorator' retrieved from /home/nico/.local/lib/python3.10/site-packages/airflow/example_dags/example_bash_decorator.py
[2024-11-03T01:03:56.091-0300] {logging_mixin.py:190} INFO - [2024-11-03T01:03:56.090-0300] {dag.py:3239} INFO - Sync 1 DAGs
[2024-11-03T01:03:56.154-0300] {logging_mixin.py:190} INFO - [2024-11-03T01:03:56.154-0300] {dag.py:4180} INFO - Setting next_dagrun for example_bash_decorator to None, run_after=None
[2024-11-03T01:03:56.607-0300] {processor.py:208} INFO - Processing /home/nico/.local/lib/python3.10/site-packages/airflow/example_dags/example_bash_decorator.py took 0.714 seconds
[2024-11-03T01:06:56.810-0300] {processor.py:186} INFO - Started process (PID=222846) to work on /home/nico/.local/lib/python3.10/site-packages/airflow/example_dags/example_bash_decorator.py
[2024-11-03T01:06:56.845-0300] {processor.py:914} INFO - Processing file /home/nico/.local/lib/python3.10/site-packages/airflow/example_dags/example_bash_decorator.py for tasks to queue
[2024-11-03T01:06:56.875-0300] {logging_mixin.py:190} INFO - [2024-11-03T01:06:56.873-0300] {dagbag.py:588} INFO - Filling up the DagBag from /home/nico/.local/lib/python3.10/site-packages/airflow/example_dags/example_bash_decorator.py
[2024-11-03T01:06:57.012-0300] {processor.py:925} INFO - DAG(s) 'example_bash_decorator' retrieved from /home/nico/.local/lib/python3.10/site-packages/airflow/example_dags/example_bash_decorator.py
[2024-11-03T01:06:57.215-0300] {logging_mixin.py:190} INFO - [2024-11-03T01:06:57.214-0300] {dag.py:3239} INFO - Sync 1 DAGs
[2024-11-03T01:06:57.302-0300] {logging_mixin.py:190} INFO - [2024-11-03T01:06:57.302-0300] {dag.py:4180} INFO - Setting next_dagrun for example_bash_decorator to None, run_after=None
[2024-11-03T01:06:57.540-0300] {processor.py:208} INFO - Processing /home/nico/.local/lib/python3.10/site-packages/airflow/example_dags/example_bash_decorator.py took 0.755 seconds
[2024-11-03T01:09:58.540-0300] {processor.py:186} INFO - Started process (PID=222934) to work on /home/nico/.local/lib/python3.10/site-packages/airflow/example_dags/example_bash_decorator.py
[2024-11-03T01:09:58.548-0300] {processor.py:914} INFO - Processing file /home/nico/.local/lib/python3.10/site-packages/airflow/example_dags/example_bash_decorator.py for tasks to queue
[2024-11-03T01:09:58.555-0300] {logging_mixin.py:190} INFO - [2024-11-03T01:09:58.553-0300] {dagbag.py:588} INFO - Filling up the DagBag from /home/nico/.local/lib/python3.10/site-packages/airflow/example_dags/example_bash_decorator.py
[2024-11-03T01:09:58.617-0300] {processor.py:925} INFO - DAG(s) 'example_bash_decorator' retrieved from /home/nico/.local/lib/python3.10/site-packages/airflow/example_dags/example_bash_decorator.py
[2024-11-03T01:09:58.698-0300] {logging_mixin.py:190} INFO - [2024-11-03T01:09:58.697-0300] {dag.py:3239} INFO - Sync 1 DAGs
[2024-11-03T01:09:58.754-0300] {logging_mixin.py:190} INFO - [2024-11-03T01:09:58.753-0300] {dag.py:4180} INFO - Setting next_dagrun for example_bash_decorator to None, run_after=None
[2024-11-03T01:09:58.886-0300] {processor.py:208} INFO - Processing /home/nico/.local/lib/python3.10/site-packages/airflow/example_dags/example_bash_decorator.py took 0.376 seconds
[2024-11-03T01:13:22.297-0300] {processor.py:186} INFO - Started process (PID=223027) to work on /home/nico/.local/lib/python3.10/site-packages/airflow/example_dags/example_bash_decorator.py
[2024-11-03T01:13:22.308-0300] {processor.py:914} INFO - Processing file /home/nico/.local/lib/python3.10/site-packages/airflow/example_dags/example_bash_decorator.py for tasks to queue
[2024-11-03T01:13:22.314-0300] {logging_mixin.py:190} INFO - [2024-11-03T01:13:22.312-0300] {dagbag.py:588} INFO - Filling up the DagBag from /home/nico/.local/lib/python3.10/site-packages/airflow/example_dags/example_bash_decorator.py
[2024-11-03T01:13:22.459-0300] {processor.py:925} INFO - DAG(s) 'example_bash_decorator' retrieved from /home/nico/.local/lib/python3.10/site-packages/airflow/example_dags/example_bash_decorator.py
[2024-11-03T01:13:23.038-0300] {logging_mixin.py:190} INFO - [2024-11-03T01:13:23.037-0300] {dag.py:3239} INFO - Sync 1 DAGs
[2024-11-03T01:13:23.159-0300] {logging_mixin.py:190} INFO - [2024-11-03T01:13:23.158-0300] {dag.py:4180} INFO - Setting next_dagrun for example_bash_decorator to None, run_after=None
[2024-11-03T01:13:23.331-0300] {processor.py:208} INFO - Processing /home/nico/.local/lib/python3.10/site-packages/airflow/example_dags/example_bash_decorator.py took 1.068 seconds
[2024-11-03T01:20:09.988-0300] {processor.py:186} INFO - Started process (PID=223144) to work on /home/nico/.local/lib/python3.10/site-packages/airflow/example_dags/example_bash_decorator.py
[2024-11-03T01:20:09.991-0300] {processor.py:914} INFO - Processing file /home/nico/.local/lib/python3.10/site-packages/airflow/example_dags/example_bash_decorator.py for tasks to queue
[2024-11-03T01:20:09.994-0300] {logging_mixin.py:190} INFO - [2024-11-03T01:20:09.994-0300] {dagbag.py:588} INFO - Filling up the DagBag from /home/nico/.local/lib/python3.10/site-packages/airflow/example_dags/example_bash_decorator.py
[2024-11-03T01:20:10.025-0300] {processor.py:925} INFO - DAG(s) 'example_bash_decorator' retrieved from /home/nico/.local/lib/python3.10/site-packages/airflow/example_dags/example_bash_decorator.py
[2024-11-03T01:20:10.088-0300] {logging_mixin.py:190} INFO - [2024-11-03T01:20:10.088-0300] {dag.py:3239} INFO - Sync 1 DAGs
[2024-11-03T01:20:10.120-0300] {logging_mixin.py:190} INFO - [2024-11-03T01:20:10.119-0300] {dag.py:4180} INFO - Setting next_dagrun for example_bash_decorator to None, run_after=None
[2024-11-03T01:20:10.237-0300] {processor.py:208} INFO - Processing /home/nico/.local/lib/python3.10/site-packages/airflow/example_dags/example_bash_decorator.py took 0.266 seconds
