[2024-11-02T21:34:11.809-0300] {processor.py:186} INFO - Started process (PID=219986) to work on /home/nico/.local/lib/python3.10/site-packages/airflow/example_dags/example_latest_only_with_trigger.py
[2024-11-02T21:34:11.819-0300] {processor.py:914} INFO - Processing file /home/nico/.local/lib/python3.10/site-packages/airflow/example_dags/example_latest_only_with_trigger.py for tasks to queue
[2024-11-02T21:34:11.827-0300] {logging_mixin.py:190} INFO - [2024-11-02T21:34:11.825-0300] {dagbag.py:588} INFO - Filling up the DagBag from /home/nico/.local/lib/python3.10/site-packages/airflow/example_dags/example_latest_only_with_trigger.py
[2024-11-02T21:34:11.872-0300] {processor.py:925} INFO - DAG(s) 'latest_only_with_trigger' retrieved from /home/nico/.local/lib/python3.10/site-packages/airflow/example_dags/example_latest_only_with_trigger.py
[2024-11-02T21:34:12.118-0300] {logging_mixin.py:190} INFO - [2024-11-02T21:34:12.117-0300] {dag.py:3239} INFO - Sync 1 DAGs
[2024-11-02T21:34:12.228-0300] {logging_mixin.py:190} INFO - [2024-11-02T21:34:12.227-0300] {dag.py:4180} INFO - Setting next_dagrun for latest_only_with_trigger to 2024-11-02 20:00:00+00:00, run_after=2024-11-03 00:00:00+00:00
[2024-11-02T21:34:12.334-0300] {processor.py:208} INFO - Processing /home/nico/.local/lib/python3.10/site-packages/airflow/example_dags/example_latest_only_with_trigger.py took 0.574 seconds
[2024-11-02T21:37:07.967-0300] {processor.py:186} INFO - Started process (PID=220082) to work on /home/nico/.local/lib/python3.10/site-packages/airflow/example_dags/example_latest_only_with_trigger.py
[2024-11-02T21:37:07.970-0300] {processor.py:914} INFO - Processing file /home/nico/.local/lib/python3.10/site-packages/airflow/example_dags/example_latest_only_with_trigger.py for tasks to queue
[2024-11-02T21:37:07.985-0300] {logging_mixin.py:190} INFO - [2024-11-02T21:37:07.984-0300] {dagbag.py:588} INFO - Filling up the DagBag from /home/nico/.local/lib/python3.10/site-packages/airflow/example_dags/example_latest_only_with_trigger.py
[2024-11-02T21:37:08.047-0300] {processor.py:925} INFO - DAG(s) 'latest_only_with_trigger' retrieved from /home/nico/.local/lib/python3.10/site-packages/airflow/example_dags/example_latest_only_with_trigger.py
[2024-11-02T21:37:08.206-0300] {logging_mixin.py:190} INFO - [2024-11-02T21:37:08.206-0300] {dag.py:3239} INFO - Sync 1 DAGs
[2024-11-02T21:37:08.341-0300] {logging_mixin.py:190} INFO - [2024-11-02T21:37:08.340-0300] {dag.py:4180} INFO - Setting next_dagrun for latest_only_with_trigger to 2024-11-02 20:00:00+00:00, run_after=2024-11-03 00:00:00+00:00
[2024-11-02T21:37:08.552-0300] {processor.py:208} INFO - Processing /home/nico/.local/lib/python3.10/site-packages/airflow/example_dags/example_latest_only_with_trigger.py took 0.637 seconds
[2024-11-02T21:39:19.049-0300] {processor.py:186} INFO - Started process (PID=220135) to work on /home/nico/.local/lib/python3.10/site-packages/airflow/example_dags/example_latest_only_with_trigger.py
[2024-11-02T21:39:19.051-0300] {processor.py:914} INFO - Processing file /home/nico/.local/lib/python3.10/site-packages/airflow/example_dags/example_latest_only_with_trigger.py for tasks to queue
[2024-11-02T21:39:19.055-0300] {logging_mixin.py:190} INFO - [2024-11-02T21:39:19.054-0300] {dagbag.py:588} INFO - Filling up the DagBag from /home/nico/.local/lib/python3.10/site-packages/airflow/example_dags/example_latest_only_with_trigger.py
[2024-11-02T21:39:19.075-0300] {processor.py:925} INFO - DAG(s) 'latest_only_with_trigger' retrieved from /home/nico/.local/lib/python3.10/site-packages/airflow/example_dags/example_latest_only_with_trigger.py
[2024-11-02T21:39:19.137-0300] {logging_mixin.py:190} INFO - [2024-11-02T21:39:19.136-0300] {dag.py:3239} INFO - Sync 1 DAGs
[2024-11-02T21:39:19.278-0300] {logging_mixin.py:190} INFO - [2024-11-02T21:39:19.277-0300] {dag.py:4180} INFO - Setting next_dagrun for latest_only_with_trigger to 2024-11-02 20:00:00+00:00, run_after=2024-11-03 00:00:00+00:00
[2024-11-02T21:39:19.685-0300] {processor.py:208} INFO - Processing /home/nico/.local/lib/python3.10/site-packages/airflow/example_dags/example_latest_only_with_trigger.py took 0.655 seconds
[2024-11-02T22:37:47.980-0300] {processor.py:186} INFO - Started process (PID=220643) to work on /home/nico/.local/lib/python3.10/site-packages/airflow/example_dags/example_latest_only_with_trigger.py
[2024-11-02T22:37:47.983-0300] {processor.py:914} INFO - Processing file /home/nico/.local/lib/python3.10/site-packages/airflow/example_dags/example_latest_only_with_trigger.py for tasks to queue
[2024-11-02T22:37:47.999-0300] {logging_mixin.py:190} INFO - [2024-11-02T22:37:47.998-0300] {dagbag.py:588} INFO - Filling up the DagBag from /home/nico/.local/lib/python3.10/site-packages/airflow/example_dags/example_latest_only_with_trigger.py
[2024-11-02T22:37:48.052-0300] {processor.py:925} INFO - DAG(s) 'latest_only_with_trigger' retrieved from /home/nico/.local/lib/python3.10/site-packages/airflow/example_dags/example_latest_only_with_trigger.py
[2024-11-02T22:37:48.380-0300] {logging_mixin.py:190} INFO - [2024-11-02T22:37:48.379-0300] {dag.py:3239} INFO - Sync 1 DAGs
[2024-11-02T22:37:48.506-0300] {logging_mixin.py:190} INFO - [2024-11-02T22:37:48.505-0300] {dag.py:4180} INFO - Setting next_dagrun for latest_only_with_trigger to 2024-11-02 20:00:00+00:00, run_after=2024-11-03 00:00:00+00:00
[2024-11-02T22:37:48.859-0300] {processor.py:208} INFO - Processing /home/nico/.local/lib/python3.10/site-packages/airflow/example_dags/example_latest_only_with_trigger.py took 0.903 seconds
[2024-11-02T22:44:00.236-0300] {processor.py:186} INFO - Started process (PID=220758) to work on /home/nico/.local/lib/python3.10/site-packages/airflow/example_dags/example_latest_only_with_trigger.py
[2024-11-02T22:44:00.239-0300] {processor.py:914} INFO - Processing file /home/nico/.local/lib/python3.10/site-packages/airflow/example_dags/example_latest_only_with_trigger.py for tasks to queue
[2024-11-02T22:44:00.242-0300] {logging_mixin.py:190} INFO - [2024-11-02T22:44:00.241-0300] {dagbag.py:588} INFO - Filling up the DagBag from /home/nico/.local/lib/python3.10/site-packages/airflow/example_dags/example_latest_only_with_trigger.py
[2024-11-02T22:44:00.266-0300] {processor.py:925} INFO - DAG(s) 'latest_only_with_trigger' retrieved from /home/nico/.local/lib/python3.10/site-packages/airflow/example_dags/example_latest_only_with_trigger.py
[2024-11-02T22:44:00.342-0300] {logging_mixin.py:190} INFO - [2024-11-02T22:44:00.341-0300] {dag.py:3239} INFO - Sync 1 DAGs
[2024-11-02T22:44:00.408-0300] {logging_mixin.py:190} INFO - [2024-11-02T22:44:00.408-0300] {dag.py:4180} INFO - Setting next_dagrun for latest_only_with_trigger to 2024-11-02 20:00:00+00:00, run_after=2024-11-03 00:00:00+00:00
[2024-11-02T22:44:00.547-0300] {processor.py:208} INFO - Processing /home/nico/.local/lib/python3.10/site-packages/airflow/example_dags/example_latest_only_with_trigger.py took 0.343 seconds
[2024-11-02T22:47:02.829-0300] {processor.py:186} INFO - Started process (PID=220824) to work on /home/nico/.local/lib/python3.10/site-packages/airflow/example_dags/example_latest_only_with_trigger.py
[2024-11-02T22:47:02.841-0300] {processor.py:914} INFO - Processing file /home/nico/.local/lib/python3.10/site-packages/airflow/example_dags/example_latest_only_with_trigger.py for tasks to queue
[2024-11-02T22:47:02.848-0300] {logging_mixin.py:190} INFO - [2024-11-02T22:47:02.847-0300] {dagbag.py:588} INFO - Filling up the DagBag from /home/nico/.local/lib/python3.10/site-packages/airflow/example_dags/example_latest_only_with_trigger.py
[2024-11-02T22:47:02.912-0300] {processor.py:925} INFO - DAG(s) 'latest_only_with_trigger' retrieved from /home/nico/.local/lib/python3.10/site-packages/airflow/example_dags/example_latest_only_with_trigger.py
[2024-11-02T22:47:03.902-0300] {logging_mixin.py:190} INFO - [2024-11-02T22:47:03.901-0300] {dag.py:3239} INFO - Sync 1 DAGs
[2024-11-02T22:47:04.188-0300] {logging_mixin.py:190} INFO - [2024-11-02T22:47:04.188-0300] {dag.py:4180} INFO - Setting next_dagrun for latest_only_with_trigger to 2024-11-02 20:00:00+00:00, run_after=2024-11-03 00:00:00+00:00
[2024-11-02T22:47:04.475-0300] {processor.py:208} INFO - Processing /home/nico/.local/lib/python3.10/site-packages/airflow/example_dags/example_latest_only_with_trigger.py took 1.697 seconds
[2024-11-02T22:50:53.705-0300] {processor.py:186} INFO - Started process (PID=220934) to work on /home/nico/.local/lib/python3.10/site-packages/airflow/example_dags/example_latest_only_with_trigger.py
[2024-11-02T22:50:53.708-0300] {processor.py:914} INFO - Processing file /home/nico/.local/lib/python3.10/site-packages/airflow/example_dags/example_latest_only_with_trigger.py for tasks to queue
[2024-11-02T22:50:53.712-0300] {logging_mixin.py:190} INFO - [2024-11-02T22:50:53.711-0300] {dagbag.py:588} INFO - Filling up the DagBag from /home/nico/.local/lib/python3.10/site-packages/airflow/example_dags/example_latest_only_with_trigger.py
[2024-11-02T22:50:53.728-0300] {processor.py:925} INFO - DAG(s) 'latest_only_with_trigger' retrieved from /home/nico/.local/lib/python3.10/site-packages/airflow/example_dags/example_latest_only_with_trigger.py
[2024-11-02T22:50:53.781-0300] {logging_mixin.py:190} INFO - [2024-11-02T22:50:53.781-0300] {dag.py:3239} INFO - Sync 1 DAGs
[2024-11-02T22:50:53.841-0300] {logging_mixin.py:190} INFO - [2024-11-02T22:50:53.841-0300] {dag.py:4180} INFO - Setting next_dagrun for latest_only_with_trigger to 2024-11-02 20:00:00+00:00, run_after=2024-11-03 00:00:00+00:00
[2024-11-02T22:50:53.966-0300] {processor.py:208} INFO - Processing /home/nico/.local/lib/python3.10/site-packages/airflow/example_dags/example_latest_only_with_trigger.py took 0.287 seconds
[2024-11-02T22:52:11.025-0300] {processor.py:186} INFO - Started process (PID=220978) to work on /home/nico/.local/lib/python3.10/site-packages/airflow/example_dags/example_latest_only_with_trigger.py
[2024-11-02T22:52:11.028-0300] {processor.py:914} INFO - Processing file /home/nico/.local/lib/python3.10/site-packages/airflow/example_dags/example_latest_only_with_trigger.py for tasks to queue
[2024-11-02T22:52:11.032-0300] {logging_mixin.py:190} INFO - [2024-11-02T22:52:11.031-0300] {dagbag.py:588} INFO - Filling up the DagBag from /home/nico/.local/lib/python3.10/site-packages/airflow/example_dags/example_latest_only_with_trigger.py
[2024-11-02T22:52:11.055-0300] {processor.py:925} INFO - DAG(s) 'latest_only_with_trigger' retrieved from /home/nico/.local/lib/python3.10/site-packages/airflow/example_dags/example_latest_only_with_trigger.py
[2024-11-02T22:52:11.115-0300] {logging_mixin.py:190} INFO - [2024-11-02T22:52:11.115-0300] {dag.py:3239} INFO - Sync 1 DAGs
[2024-11-02T22:52:11.180-0300] {logging_mixin.py:190} INFO - [2024-11-02T22:52:11.180-0300] {dag.py:4180} INFO - Setting next_dagrun for latest_only_with_trigger to 2024-11-02 20:00:00+00:00, run_after=2024-11-03 00:00:00+00:00
[2024-11-02T22:52:11.314-0300] {processor.py:208} INFO - Processing /home/nico/.local/lib/python3.10/site-packages/airflow/example_dags/example_latest_only_with_trigger.py took 0.312 seconds
[2024-11-02T22:53:36.160-0300] {processor.py:186} INFO - Started process (PID=221023) to work on /home/nico/.local/lib/python3.10/site-packages/airflow/example_dags/example_latest_only_with_trigger.py
[2024-11-02T22:53:36.162-0300] {processor.py:914} INFO - Processing file /home/nico/.local/lib/python3.10/site-packages/airflow/example_dags/example_latest_only_with_trigger.py for tasks to queue
[2024-11-02T22:53:36.165-0300] {logging_mixin.py:190} INFO - [2024-11-02T22:53:36.165-0300] {dagbag.py:588} INFO - Filling up the DagBag from /home/nico/.local/lib/python3.10/site-packages/airflow/example_dags/example_latest_only_with_trigger.py
[2024-11-02T22:53:36.181-0300] {processor.py:925} INFO - DAG(s) 'latest_only_with_trigger' retrieved from /home/nico/.local/lib/python3.10/site-packages/airflow/example_dags/example_latest_only_with_trigger.py
[2024-11-02T22:53:36.260-0300] {logging_mixin.py:190} INFO - [2024-11-02T22:53:36.259-0300] {dag.py:3239} INFO - Sync 1 DAGs
[2024-11-02T22:53:36.345-0300] {logging_mixin.py:190} INFO - [2024-11-02T22:53:36.344-0300] {dag.py:4180} INFO - Setting next_dagrun for latest_only_with_trigger to 2024-11-02 20:00:00+00:00, run_after=2024-11-03 00:00:00+00:00
[2024-11-02T22:53:36.492-0300] {processor.py:208} INFO - Processing /home/nico/.local/lib/python3.10/site-packages/airflow/example_dags/example_latest_only_with_trigger.py took 0.357 seconds
[2024-11-02T22:56:37.301-0300] {processor.py:186} INFO - Started process (PID=221088) to work on /home/nico/.local/lib/python3.10/site-packages/airflow/example_dags/example_latest_only_with_trigger.py
[2024-11-02T22:56:37.305-0300] {processor.py:914} INFO - Processing file /home/nico/.local/lib/python3.10/site-packages/airflow/example_dags/example_latest_only_with_trigger.py for tasks to queue
[2024-11-02T22:56:37.310-0300] {logging_mixin.py:190} INFO - [2024-11-02T22:56:37.309-0300] {dagbag.py:588} INFO - Filling up the DagBag from /home/nico/.local/lib/python3.10/site-packages/airflow/example_dags/example_latest_only_with_trigger.py
[2024-11-02T22:56:37.327-0300] {processor.py:925} INFO - DAG(s) 'latest_only_with_trigger' retrieved from /home/nico/.local/lib/python3.10/site-packages/airflow/example_dags/example_latest_only_with_trigger.py
[2024-11-02T22:56:37.437-0300] {logging_mixin.py:190} INFO - [2024-11-02T22:56:37.436-0300] {dag.py:3239} INFO - Sync 1 DAGs
[2024-11-02T22:56:37.518-0300] {logging_mixin.py:190} INFO - [2024-11-02T22:56:37.517-0300] {dag.py:4180} INFO - Setting next_dagrun for latest_only_with_trigger to 2024-11-02 20:00:00+00:00, run_after=2024-11-03 00:00:00+00:00
[2024-11-02T22:56:37.723-0300] {processor.py:208} INFO - Processing /home/nico/.local/lib/python3.10/site-packages/airflow/example_dags/example_latest_only_with_trigger.py took 0.444 seconds
[2024-11-02T23:01:01.002-0300] {processor.py:186} INFO - Started process (PID=221213) to work on /home/nico/.local/lib/python3.10/site-packages/airflow/example_dags/example_latest_only_with_trigger.py
[2024-11-02T23:01:01.017-0300] {processor.py:914} INFO - Processing file /home/nico/.local/lib/python3.10/site-packages/airflow/example_dags/example_latest_only_with_trigger.py for tasks to queue
[2024-11-02T23:01:01.036-0300] {logging_mixin.py:190} INFO - [2024-11-02T23:01:01.035-0300] {dagbag.py:588} INFO - Filling up the DagBag from /home/nico/.local/lib/python3.10/site-packages/airflow/example_dags/example_latest_only_with_trigger.py
[2024-11-02T23:01:01.102-0300] {processor.py:925} INFO - DAG(s) 'latest_only_with_trigger' retrieved from /home/nico/.local/lib/python3.10/site-packages/airflow/example_dags/example_latest_only_with_trigger.py
[2024-11-02T23:01:01.232-0300] {logging_mixin.py:190} INFO - [2024-11-02T23:01:01.226-0300] {dag.py:3239} INFO - Sync 1 DAGs
[2024-11-02T23:01:01.364-0300] {logging_mixin.py:190} INFO - [2024-11-02T23:01:01.364-0300] {dag.py:4180} INFO - Setting next_dagrun for latest_only_with_trigger to 2024-11-02 20:00:00+00:00, run_after=2024-11-03 00:00:00+00:00
[2024-11-02T23:01:01.539-0300] {processor.py:208} INFO - Processing /home/nico/.local/lib/python3.10/site-packages/airflow/example_dags/example_latest_only_with_trigger.py took 0.589 seconds
[2024-11-02T23:03:45.239-0300] {processor.py:186} INFO - Started process (PID=221303) to work on /home/nico/.local/lib/python3.10/site-packages/airflow/example_dags/example_latest_only_with_trigger.py
[2024-11-02T23:03:45.244-0300] {processor.py:914} INFO - Processing file /home/nico/.local/lib/python3.10/site-packages/airflow/example_dags/example_latest_only_with_trigger.py for tasks to queue
[2024-11-02T23:03:45.249-0300] {logging_mixin.py:190} INFO - [2024-11-02T23:03:45.247-0300] {dagbag.py:588} INFO - Filling up the DagBag from /home/nico/.local/lib/python3.10/site-packages/airflow/example_dags/example_latest_only_with_trigger.py
[2024-11-02T23:03:45.312-0300] {processor.py:925} INFO - DAG(s) 'latest_only_with_trigger' retrieved from /home/nico/.local/lib/python3.10/site-packages/airflow/example_dags/example_latest_only_with_trigger.py
[2024-11-02T23:03:45.413-0300] {logging_mixin.py:190} INFO - [2024-11-02T23:03:45.412-0300] {dag.py:3239} INFO - Sync 1 DAGs
[2024-11-02T23:03:45.476-0300] {logging_mixin.py:190} INFO - [2024-11-02T23:03:45.476-0300] {dag.py:4180} INFO - Setting next_dagrun for latest_only_with_trigger to 2024-11-02 20:00:00+00:00, run_after=2024-11-03 00:00:00+00:00
[2024-11-02T23:03:45.606-0300] {processor.py:208} INFO - Processing /home/nico/.local/lib/python3.10/site-packages/airflow/example_dags/example_latest_only_with_trigger.py took 0.390 seconds
[2024-11-02T23:05:29.661-0300] {processor.py:186} INFO - Started process (PID=221354) to work on /home/nico/.local/lib/python3.10/site-packages/airflow/example_dags/example_latest_only_with_trigger.py
[2024-11-02T23:05:29.679-0300] {processor.py:914} INFO - Processing file /home/nico/.local/lib/python3.10/site-packages/airflow/example_dags/example_latest_only_with_trigger.py for tasks to queue
[2024-11-02T23:05:29.689-0300] {logging_mixin.py:190} INFO - [2024-11-02T23:05:29.687-0300] {dagbag.py:588} INFO - Filling up the DagBag from /home/nico/.local/lib/python3.10/site-packages/airflow/example_dags/example_latest_only_with_trigger.py
[2024-11-02T23:05:29.754-0300] {processor.py:925} INFO - DAG(s) 'latest_only_with_trigger' retrieved from /home/nico/.local/lib/python3.10/site-packages/airflow/example_dags/example_latest_only_with_trigger.py
[2024-11-02T23:05:29.956-0300] {logging_mixin.py:190} INFO - [2024-11-02T23:05:29.955-0300] {dag.py:3239} INFO - Sync 1 DAGs
[2024-11-02T23:05:30.047-0300] {logging_mixin.py:190} INFO - [2024-11-02T23:05:30.046-0300] {dag.py:4180} INFO - Setting next_dagrun for latest_only_with_trigger to 2024-11-02 20:00:00+00:00, run_after=2024-11-03 00:00:00+00:00
[2024-11-02T23:05:30.177-0300] {processor.py:208} INFO - Processing /home/nico/.local/lib/python3.10/site-packages/airflow/example_dags/example_latest_only_with_trigger.py took 0.565 seconds
[2024-11-02T23:07:21.854-0300] {processor.py:186} INFO - Started process (PID=221405) to work on /home/nico/.local/lib/python3.10/site-packages/airflow/example_dags/example_latest_only_with_trigger.py
[2024-11-02T23:07:21.857-0300] {processor.py:914} INFO - Processing file /home/nico/.local/lib/python3.10/site-packages/airflow/example_dags/example_latest_only_with_trigger.py for tasks to queue
[2024-11-02T23:07:21.861-0300] {logging_mixin.py:190} INFO - [2024-11-02T23:07:21.860-0300] {dagbag.py:588} INFO - Filling up the DagBag from /home/nico/.local/lib/python3.10/site-packages/airflow/example_dags/example_latest_only_with_trigger.py
[2024-11-02T23:07:21.875-0300] {processor.py:925} INFO - DAG(s) 'latest_only_with_trigger' retrieved from /home/nico/.local/lib/python3.10/site-packages/airflow/example_dags/example_latest_only_with_trigger.py
[2024-11-02T23:07:21.940-0300] {logging_mixin.py:190} INFO - [2024-11-02T23:07:21.939-0300] {dag.py:3239} INFO - Sync 1 DAGs
[2024-11-02T23:07:22.008-0300] {logging_mixin.py:190} INFO - [2024-11-02T23:07:22.007-0300] {dag.py:4180} INFO - Setting next_dagrun for latest_only_with_trigger to 2024-11-02 20:00:00+00:00, run_after=2024-11-03 00:00:00+00:00
[2024-11-02T23:07:22.124-0300] {processor.py:208} INFO - Processing /home/nico/.local/lib/python3.10/site-packages/airflow/example_dags/example_latest_only_with_trigger.py took 0.284 seconds
[2024-11-02T23:08:42.452-0300] {processor.py:186} INFO - Started process (PID=221448) to work on /home/nico/.local/lib/python3.10/site-packages/airflow/example_dags/example_latest_only_with_trigger.py
[2024-11-02T23:08:42.455-0300] {processor.py:914} INFO - Processing file /home/nico/.local/lib/python3.10/site-packages/airflow/example_dags/example_latest_only_with_trigger.py for tasks to queue
[2024-11-02T23:08:42.458-0300] {logging_mixin.py:190} INFO - [2024-11-02T23:08:42.458-0300] {dagbag.py:588} INFO - Filling up the DagBag from /home/nico/.local/lib/python3.10/site-packages/airflow/example_dags/example_latest_only_with_trigger.py
[2024-11-02T23:08:42.481-0300] {processor.py:925} INFO - DAG(s) 'latest_only_with_trigger' retrieved from /home/nico/.local/lib/python3.10/site-packages/airflow/example_dags/example_latest_only_with_trigger.py
[2024-11-02T23:08:42.548-0300] {logging_mixin.py:190} INFO - [2024-11-02T23:08:42.547-0300] {dag.py:3239} INFO - Sync 1 DAGs
[2024-11-02T23:08:42.605-0300] {logging_mixin.py:190} INFO - [2024-11-02T23:08:42.604-0300] {dag.py:4180} INFO - Setting next_dagrun for latest_only_with_trigger to 2024-11-02 20:00:00+00:00, run_after=2024-11-03 00:00:00+00:00
[2024-11-02T23:08:42.736-0300] {processor.py:208} INFO - Processing /home/nico/.local/lib/python3.10/site-packages/airflow/example_dags/example_latest_only_with_trigger.py took 0.298 seconds
[2024-11-02T23:10:05.872-0300] {processor.py:186} INFO - Started process (PID=221491) to work on /home/nico/.local/lib/python3.10/site-packages/airflow/example_dags/example_latest_only_with_trigger.py
[2024-11-02T23:10:05.875-0300] {processor.py:914} INFO - Processing file /home/nico/.local/lib/python3.10/site-packages/airflow/example_dags/example_latest_only_with_trigger.py for tasks to queue
[2024-11-02T23:10:05.882-0300] {logging_mixin.py:190} INFO - [2024-11-02T23:10:05.879-0300] {dagbag.py:588} INFO - Filling up the DagBag from /home/nico/.local/lib/python3.10/site-packages/airflow/example_dags/example_latest_only_with_trigger.py
[2024-11-02T23:10:05.910-0300] {processor.py:925} INFO - DAG(s) 'latest_only_with_trigger' retrieved from /home/nico/.local/lib/python3.10/site-packages/airflow/example_dags/example_latest_only_with_trigger.py
[2024-11-02T23:10:06.000-0300] {logging_mixin.py:190} INFO - [2024-11-02T23:10:05.999-0300] {dag.py:3239} INFO - Sync 1 DAGs
[2024-11-02T23:10:06.076-0300] {logging_mixin.py:190} INFO - [2024-11-02T23:10:06.076-0300] {dag.py:4180} INFO - Setting next_dagrun for latest_only_with_trigger to 2024-11-02 20:00:00+00:00, run_after=2024-11-03 00:00:00+00:00
[2024-11-02T23:10:06.201-0300] {processor.py:208} INFO - Processing /home/nico/.local/lib/python3.10/site-packages/airflow/example_dags/example_latest_only_with_trigger.py took 0.347 seconds
[2024-11-02T23:11:31.280-0300] {processor.py:186} INFO - Started process (PID=221535) to work on /home/nico/.local/lib/python3.10/site-packages/airflow/example_dags/example_latest_only_with_trigger.py
[2024-11-02T23:11:31.283-0300] {processor.py:914} INFO - Processing file /home/nico/.local/lib/python3.10/site-packages/airflow/example_dags/example_latest_only_with_trigger.py for tasks to queue
[2024-11-02T23:11:31.286-0300] {logging_mixin.py:190} INFO - [2024-11-02T23:11:31.285-0300] {dagbag.py:588} INFO - Filling up the DagBag from /home/nico/.local/lib/python3.10/site-packages/airflow/example_dags/example_latest_only_with_trigger.py
[2024-11-02T23:11:31.303-0300] {processor.py:925} INFO - DAG(s) 'latest_only_with_trigger' retrieved from /home/nico/.local/lib/python3.10/site-packages/airflow/example_dags/example_latest_only_with_trigger.py
[2024-11-02T23:11:31.372-0300] {logging_mixin.py:190} INFO - [2024-11-02T23:11:31.371-0300] {dag.py:3239} INFO - Sync 1 DAGs
[2024-11-02T23:11:31.435-0300] {logging_mixin.py:190} INFO - [2024-11-02T23:11:31.435-0300] {dag.py:4180} INFO - Setting next_dagrun for latest_only_with_trigger to 2024-11-02 20:00:00+00:00, run_after=2024-11-03 00:00:00+00:00
[2024-11-02T23:11:31.569-0300] {processor.py:208} INFO - Processing /home/nico/.local/lib/python3.10/site-packages/airflow/example_dags/example_latest_only_with_trigger.py took 0.302 seconds
[2024-11-02T23:12:59.878-0300] {processor.py:186} INFO - Started process (PID=221582) to work on /home/nico/.local/lib/python3.10/site-packages/airflow/example_dags/example_latest_only_with_trigger.py
[2024-11-02T23:12:59.897-0300] {processor.py:914} INFO - Processing file /home/nico/.local/lib/python3.10/site-packages/airflow/example_dags/example_latest_only_with_trigger.py for tasks to queue
[2024-11-02T23:12:59.903-0300] {logging_mixin.py:190} INFO - [2024-11-02T23:12:59.901-0300] {dagbag.py:588} INFO - Filling up the DagBag from /home/nico/.local/lib/python3.10/site-packages/airflow/example_dags/example_latest_only_with_trigger.py
[2024-11-02T23:12:59.967-0300] {processor.py:925} INFO - DAG(s) 'latest_only_with_trigger' retrieved from /home/nico/.local/lib/python3.10/site-packages/airflow/example_dags/example_latest_only_with_trigger.py
[2024-11-02T23:13:00.381-0300] {logging_mixin.py:190} INFO - [2024-11-02T23:13:00.380-0300] {dag.py:3239} INFO - Sync 1 DAGs
[2024-11-02T23:13:00.562-0300] {logging_mixin.py:190} INFO - [2024-11-02T23:13:00.561-0300] {dag.py:4180} INFO - Setting next_dagrun for latest_only_with_trigger to 2024-11-02 20:00:00+00:00, run_after=2024-11-03 00:00:00+00:00
[2024-11-02T23:13:00.745-0300] {processor.py:208} INFO - Processing /home/nico/.local/lib/python3.10/site-packages/airflow/example_dags/example_latest_only_with_trigger.py took 0.919 seconds
[2024-11-03T00:13:52.876-0300] {processor.py:186} INFO - Started process (PID=221640) to work on /home/nico/.local/lib/python3.10/site-packages/airflow/example_dags/example_latest_only_with_trigger.py
[2024-11-03T00:13:52.895-0300] {processor.py:914} INFO - Processing file /home/nico/.local/lib/python3.10/site-packages/airflow/example_dags/example_latest_only_with_trigger.py for tasks to queue
[2024-11-03T00:13:52.905-0300] {logging_mixin.py:190} INFO - [2024-11-03T00:13:52.902-0300] {dagbag.py:588} INFO - Filling up the DagBag from /home/nico/.local/lib/python3.10/site-packages/airflow/example_dags/example_latest_only_with_trigger.py
[2024-11-03T00:13:52.958-0300] {processor.py:925} INFO - DAG(s) 'latest_only_with_trigger' retrieved from /home/nico/.local/lib/python3.10/site-packages/airflow/example_dags/example_latest_only_with_trigger.py
[2024-11-03T00:13:53.079-0300] {logging_mixin.py:190} INFO - [2024-11-03T00:13:53.078-0300] {dag.py:3239} INFO - Sync 1 DAGs
[2024-11-03T00:13:53.195-0300] {logging_mixin.py:190} INFO - [2024-11-03T00:13:53.194-0300] {dag.py:4180} INFO - Setting next_dagrun for latest_only_with_trigger to 2024-11-02 20:00:00+00:00, run_after=2024-11-03 00:00:00+00:00
[2024-11-03T00:13:53.383-0300] {processor.py:208} INFO - Processing /home/nico/.local/lib/python3.10/site-packages/airflow/example_dags/example_latest_only_with_trigger.py took 0.562 seconds
[2024-11-03T00:15:24.967-0300] {processor.py:186} INFO - Started process (PID=221687) to work on /home/nico/.local/lib/python3.10/site-packages/airflow/example_dags/example_latest_only_with_trigger.py
[2024-11-03T00:15:24.971-0300] {processor.py:914} INFO - Processing file /home/nico/.local/lib/python3.10/site-packages/airflow/example_dags/example_latest_only_with_trigger.py for tasks to queue
[2024-11-03T00:15:24.976-0300] {logging_mixin.py:190} INFO - [2024-11-03T00:15:24.975-0300] {dagbag.py:588} INFO - Filling up the DagBag from /home/nico/.local/lib/python3.10/site-packages/airflow/example_dags/example_latest_only_with_trigger.py
[2024-11-03T00:15:25.005-0300] {processor.py:925} INFO - DAG(s) 'latest_only_with_trigger' retrieved from /home/nico/.local/lib/python3.10/site-packages/airflow/example_dags/example_latest_only_with_trigger.py
[2024-11-03T00:15:25.084-0300] {logging_mixin.py:190} INFO - [2024-11-03T00:15:25.084-0300] {dag.py:3239} INFO - Sync 1 DAGs
[2024-11-03T00:15:25.142-0300] {logging_mixin.py:190} INFO - [2024-11-03T00:15:25.141-0300] {dag.py:4180} INFO - Setting next_dagrun for latest_only_with_trigger to 2024-11-02 20:00:00+00:00, run_after=2024-11-03 00:00:00+00:00
[2024-11-03T00:15:25.270-0300] {processor.py:208} INFO - Processing /home/nico/.local/lib/python3.10/site-packages/airflow/example_dags/example_latest_only_with_trigger.py took 0.322 seconds
[2024-11-03T00:19:17.517-0300] {processor.py:186} INFO - Started process (PID=221745) to work on /home/nico/.local/lib/python3.10/site-packages/airflow/example_dags/example_latest_only_with_trigger.py
[2024-11-03T00:19:17.527-0300] {processor.py:914} INFO - Processing file /home/nico/.local/lib/python3.10/site-packages/airflow/example_dags/example_latest_only_with_trigger.py for tasks to queue
[2024-11-03T00:19:17.532-0300] {logging_mixin.py:190} INFO - [2024-11-03T00:19:17.531-0300] {dagbag.py:588} INFO - Filling up the DagBag from /home/nico/.local/lib/python3.10/site-packages/airflow/example_dags/example_latest_only_with_trigger.py
[2024-11-03T00:19:17.597-0300] {processor.py:925} INFO - DAG(s) 'latest_only_with_trigger' retrieved from /home/nico/.local/lib/python3.10/site-packages/airflow/example_dags/example_latest_only_with_trigger.py
[2024-11-03T00:19:17.719-0300] {logging_mixin.py:190} INFO - [2024-11-03T00:19:17.719-0300] {dag.py:3239} INFO - Sync 1 DAGs
[2024-11-03T00:19:17.815-0300] {logging_mixin.py:190} INFO - [2024-11-03T00:19:17.814-0300] {dag.py:4180} INFO - Setting next_dagrun for latest_only_with_trigger to 2024-11-02 20:00:00+00:00, run_after=2024-11-03 00:00:00+00:00
[2024-11-03T00:19:18.001-0300] {processor.py:208} INFO - Processing /home/nico/.local/lib/python3.10/site-packages/airflow/example_dags/example_latest_only_with_trigger.py took 0.552 seconds
[2024-11-03T00:34:22.658-0300] {processor.py:186} INFO - Started process (PID=221949) to work on /home/nico/.local/lib/python3.10/site-packages/airflow/example_dags/example_latest_only_with_trigger.py
[2024-11-03T00:34:22.661-0300] {processor.py:914} INFO - Processing file /home/nico/.local/lib/python3.10/site-packages/airflow/example_dags/example_latest_only_with_trigger.py for tasks to queue
[2024-11-03T00:34:22.665-0300] {logging_mixin.py:190} INFO - [2024-11-03T00:34:22.664-0300] {dagbag.py:588} INFO - Filling up the DagBag from /home/nico/.local/lib/python3.10/site-packages/airflow/example_dags/example_latest_only_with_trigger.py
[2024-11-03T00:34:22.680-0300] {processor.py:925} INFO - DAG(s) 'latest_only_with_trigger' retrieved from /home/nico/.local/lib/python3.10/site-packages/airflow/example_dags/example_latest_only_with_trigger.py
[2024-11-03T00:34:22.758-0300] {logging_mixin.py:190} INFO - [2024-11-03T00:34:22.758-0300] {dag.py:3239} INFO - Sync 1 DAGs
[2024-11-03T00:34:22.833-0300] {logging_mixin.py:190} INFO - [2024-11-03T00:34:22.833-0300] {dag.py:4180} INFO - Setting next_dagrun for latest_only_with_trigger to 2024-11-02 20:00:00+00:00, run_after=2024-11-03 00:00:00+00:00
[2024-11-03T00:34:22.986-0300] {processor.py:208} INFO - Processing /home/nico/.local/lib/python3.10/site-packages/airflow/example_dags/example_latest_only_with_trigger.py took 0.343 seconds
[2024-11-03T00:36:56.891-0300] {processor.py:186} INFO - Started process (PID=222007) to work on /home/nico/.local/lib/python3.10/site-packages/airflow/example_dags/example_latest_only_with_trigger.py
[2024-11-03T00:36:56.897-0300] {processor.py:914} INFO - Processing file /home/nico/.local/lib/python3.10/site-packages/airflow/example_dags/example_latest_only_with_trigger.py for tasks to queue
[2024-11-03T00:36:56.902-0300] {logging_mixin.py:190} INFO - [2024-11-03T00:36:56.901-0300] {dagbag.py:588} INFO - Filling up the DagBag from /home/nico/.local/lib/python3.10/site-packages/airflow/example_dags/example_latest_only_with_trigger.py
[2024-11-03T00:36:56.933-0300] {processor.py:925} INFO - DAG(s) 'latest_only_with_trigger' retrieved from /home/nico/.local/lib/python3.10/site-packages/airflow/example_dags/example_latest_only_with_trigger.py
[2024-11-03T00:36:57.034-0300] {logging_mixin.py:190} INFO - [2024-11-03T00:36:57.034-0300] {dag.py:3239} INFO - Sync 1 DAGs
[2024-11-03T00:36:57.100-0300] {logging_mixin.py:190} INFO - [2024-11-03T00:36:57.099-0300] {dag.py:4180} INFO - Setting next_dagrun for latest_only_with_trigger to 2024-11-02 20:00:00+00:00, run_after=2024-11-03 00:00:00+00:00
[2024-11-03T00:36:57.217-0300] {processor.py:208} INFO - Processing /home/nico/.local/lib/python3.10/site-packages/airflow/example_dags/example_latest_only_with_trigger.py took 0.367 seconds
[2024-11-03T00:38:32.703-0300] {processor.py:186} INFO - Started process (PID=222057) to work on /home/nico/.local/lib/python3.10/site-packages/airflow/example_dags/example_latest_only_with_trigger.py
[2024-11-03T00:38:32.706-0300] {processor.py:914} INFO - Processing file /home/nico/.local/lib/python3.10/site-packages/airflow/example_dags/example_latest_only_with_trigger.py for tasks to queue
[2024-11-03T00:38:32.709-0300] {logging_mixin.py:190} INFO - [2024-11-03T00:38:32.708-0300] {dagbag.py:588} INFO - Filling up the DagBag from /home/nico/.local/lib/python3.10/site-packages/airflow/example_dags/example_latest_only_with_trigger.py
[2024-11-03T00:38:32.730-0300] {processor.py:925} INFO - DAG(s) 'latest_only_with_trigger' retrieved from /home/nico/.local/lib/python3.10/site-packages/airflow/example_dags/example_latest_only_with_trigger.py
[2024-11-03T00:38:32.785-0300] {logging_mixin.py:190} INFO - [2024-11-03T00:38:32.784-0300] {dag.py:3239} INFO - Sync 1 DAGs
[2024-11-03T00:38:32.841-0300] {logging_mixin.py:190} INFO - [2024-11-03T00:38:32.840-0300] {dag.py:4180} INFO - Setting next_dagrun for latest_only_with_trigger to 2024-11-02 20:00:00+00:00, run_after=2024-11-03 00:00:00+00:00
[2024-11-03T00:38:32.968-0300] {processor.py:208} INFO - Processing /home/nico/.local/lib/python3.10/site-packages/airflow/example_dags/example_latest_only_with_trigger.py took 0.280 seconds
[2024-11-03T00:40:00.734-0300] {processor.py:186} INFO - Started process (PID=222100) to work on /home/nico/.local/lib/python3.10/site-packages/airflow/example_dags/example_latest_only_with_trigger.py
[2024-11-03T00:40:00.738-0300] {processor.py:914} INFO - Processing file /home/nico/.local/lib/python3.10/site-packages/airflow/example_dags/example_latest_only_with_trigger.py for tasks to queue
[2024-11-03T00:40:00.743-0300] {logging_mixin.py:190} INFO - [2024-11-03T00:40:00.742-0300] {dagbag.py:588} INFO - Filling up the DagBag from /home/nico/.local/lib/python3.10/site-packages/airflow/example_dags/example_latest_only_with_trigger.py
[2024-11-03T00:40:00.763-0300] {processor.py:925} INFO - DAG(s) 'latest_only_with_trigger' retrieved from /home/nico/.local/lib/python3.10/site-packages/airflow/example_dags/example_latest_only_with_trigger.py
[2024-11-03T00:40:00.841-0300] {logging_mixin.py:190} INFO - [2024-11-03T00:40:00.841-0300] {dag.py:3239} INFO - Sync 1 DAGs
[2024-11-03T00:40:00.893-0300] {logging_mixin.py:190} INFO - [2024-11-03T00:40:00.892-0300] {dag.py:4180} INFO - Setting next_dagrun for latest_only_with_trigger to 2024-11-02 20:00:00+00:00, run_after=2024-11-03 00:00:00+00:00
[2024-11-03T00:40:01.025-0300] {processor.py:208} INFO - Processing /home/nico/.local/lib/python3.10/site-packages/airflow/example_dags/example_latest_only_with_trigger.py took 0.308 seconds
[2024-11-03T00:41:24.712-0300] {processor.py:186} INFO - Started process (PID=222144) to work on /home/nico/.local/lib/python3.10/site-packages/airflow/example_dags/example_latest_only_with_trigger.py
[2024-11-03T00:41:24.718-0300] {processor.py:914} INFO - Processing file /home/nico/.local/lib/python3.10/site-packages/airflow/example_dags/example_latest_only_with_trigger.py for tasks to queue
[2024-11-03T00:41:24.724-0300] {logging_mixin.py:190} INFO - [2024-11-03T00:41:24.723-0300] {dagbag.py:588} INFO - Filling up the DagBag from /home/nico/.local/lib/python3.10/site-packages/airflow/example_dags/example_latest_only_with_trigger.py
[2024-11-03T00:41:24.751-0300] {processor.py:925} INFO - DAG(s) 'latest_only_with_trigger' retrieved from /home/nico/.local/lib/python3.10/site-packages/airflow/example_dags/example_latest_only_with_trigger.py
[2024-11-03T00:41:24.825-0300] {logging_mixin.py:190} INFO - [2024-11-03T00:41:24.824-0300] {dag.py:3239} INFO - Sync 1 DAGs
[2024-11-03T00:41:24.879-0300] {logging_mixin.py:190} INFO - [2024-11-03T00:41:24.879-0300] {dag.py:4180} INFO - Setting next_dagrun for latest_only_with_trigger to 2024-11-02 20:00:00+00:00, run_after=2024-11-03 00:00:00+00:00
[2024-11-03T00:41:24.999-0300] {processor.py:208} INFO - Processing /home/nico/.local/lib/python3.10/site-packages/airflow/example_dags/example_latest_only_with_trigger.py took 0.309 seconds
[2024-11-03T00:42:41.688-0300] {processor.py:186} INFO - Started process (PID=222190) to work on /home/nico/.local/lib/python3.10/site-packages/airflow/example_dags/example_latest_only_with_trigger.py
[2024-11-03T00:42:41.693-0300] {processor.py:914} INFO - Processing file /home/nico/.local/lib/python3.10/site-packages/airflow/example_dags/example_latest_only_with_trigger.py for tasks to queue
[2024-11-03T00:42:41.700-0300] {logging_mixin.py:190} INFO - [2024-11-03T00:42:41.698-0300] {dagbag.py:588} INFO - Filling up the DagBag from /home/nico/.local/lib/python3.10/site-packages/airflow/example_dags/example_latest_only_with_trigger.py
[2024-11-03T00:42:41.724-0300] {processor.py:925} INFO - DAG(s) 'latest_only_with_trigger' retrieved from /home/nico/.local/lib/python3.10/site-packages/airflow/example_dags/example_latest_only_with_trigger.py
[2024-11-03T00:42:41.794-0300] {logging_mixin.py:190} INFO - [2024-11-03T00:42:41.793-0300] {dag.py:3239} INFO - Sync 1 DAGs
[2024-11-03T00:42:41.856-0300] {logging_mixin.py:190} INFO - [2024-11-03T00:42:41.856-0300] {dag.py:4180} INFO - Setting next_dagrun for latest_only_with_trigger to 2024-11-02 20:00:00+00:00, run_after=2024-11-03 00:00:00+00:00
[2024-11-03T00:42:41.990-0300] {processor.py:208} INFO - Processing /home/nico/.local/lib/python3.10/site-packages/airflow/example_dags/example_latest_only_with_trigger.py took 0.330 seconds
[2024-11-03T00:44:17.123-0300] {processor.py:186} INFO - Started process (PID=222234) to work on /home/nico/.local/lib/python3.10/site-packages/airflow/example_dags/example_latest_only_with_trigger.py
[2024-11-03T00:44:17.126-0300] {processor.py:914} INFO - Processing file /home/nico/.local/lib/python3.10/site-packages/airflow/example_dags/example_latest_only_with_trigger.py for tasks to queue
[2024-11-03T00:44:17.131-0300] {logging_mixin.py:190} INFO - [2024-11-03T00:44:17.130-0300] {dagbag.py:588} INFO - Filling up the DagBag from /home/nico/.local/lib/python3.10/site-packages/airflow/example_dags/example_latest_only_with_trigger.py
[2024-11-03T00:44:17.158-0300] {processor.py:925} INFO - DAG(s) 'latest_only_with_trigger' retrieved from /home/nico/.local/lib/python3.10/site-packages/airflow/example_dags/example_latest_only_with_trigger.py
[2024-11-03T00:44:17.254-0300] {logging_mixin.py:190} INFO - [2024-11-03T00:44:17.253-0300] {dag.py:3239} INFO - Sync 1 DAGs
[2024-11-03T00:44:17.330-0300] {logging_mixin.py:190} INFO - [2024-11-03T00:44:17.329-0300] {dag.py:4180} INFO - Setting next_dagrun for latest_only_with_trigger to 2024-11-02 20:00:00+00:00, run_after=2024-11-03 00:00:00+00:00
[2024-11-03T00:44:17.461-0300] {processor.py:208} INFO - Processing /home/nico/.local/lib/python3.10/site-packages/airflow/example_dags/example_latest_only_with_trigger.py took 0.368 seconds
[2024-11-03T00:46:39.783-0300] {processor.py:186} INFO - Started process (PID=222288) to work on /home/nico/.local/lib/python3.10/site-packages/airflow/example_dags/example_latest_only_with_trigger.py
[2024-11-03T00:46:39.799-0300] {processor.py:914} INFO - Processing file /home/nico/.local/lib/python3.10/site-packages/airflow/example_dags/example_latest_only_with_trigger.py for tasks to queue
[2024-11-03T00:46:39.806-0300] {logging_mixin.py:190} INFO - [2024-11-03T00:46:39.805-0300] {dagbag.py:588} INFO - Filling up the DagBag from /home/nico/.local/lib/python3.10/site-packages/airflow/example_dags/example_latest_only_with_trigger.py
[2024-11-03T00:46:39.846-0300] {processor.py:925} INFO - DAG(s) 'latest_only_with_trigger' retrieved from /home/nico/.local/lib/python3.10/site-packages/airflow/example_dags/example_latest_only_with_trigger.py
[2024-11-03T00:46:39.950-0300] {logging_mixin.py:190} INFO - [2024-11-03T00:46:39.949-0300] {dag.py:3239} INFO - Sync 1 DAGs
[2024-11-03T00:46:40.094-0300] {logging_mixin.py:190} INFO - [2024-11-03T00:46:40.085-0300] {dag.py:4180} INFO - Setting next_dagrun for latest_only_with_trigger to 2024-11-02 20:00:00+00:00, run_after=2024-11-03 00:00:00+00:00
[2024-11-03T00:46:40.304-0300] {processor.py:208} INFO - Processing /home/nico/.local/lib/python3.10/site-packages/airflow/example_dags/example_latest_only_with_trigger.py took 0.546 seconds
[2024-11-03T00:48:51.805-0300] {processor.py:186} INFO - Started process (PID=222343) to work on /home/nico/.local/lib/python3.10/site-packages/airflow/example_dags/example_latest_only_with_trigger.py
[2024-11-03T00:48:51.808-0300] {processor.py:914} INFO - Processing file /home/nico/.local/lib/python3.10/site-packages/airflow/example_dags/example_latest_only_with_trigger.py for tasks to queue
[2024-11-03T00:48:51.813-0300] {logging_mixin.py:190} INFO - [2024-11-03T00:48:51.812-0300] {dagbag.py:588} INFO - Filling up the DagBag from /home/nico/.local/lib/python3.10/site-packages/airflow/example_dags/example_latest_only_with_trigger.py
[2024-11-03T00:48:51.847-0300] {processor.py:925} INFO - DAG(s) 'latest_only_with_trigger' retrieved from /home/nico/.local/lib/python3.10/site-packages/airflow/example_dags/example_latest_only_with_trigger.py
[2024-11-03T00:48:51.940-0300] {logging_mixin.py:190} INFO - [2024-11-03T00:48:51.939-0300] {dag.py:3239} INFO - Sync 1 DAGs
[2024-11-03T00:48:52.031-0300] {logging_mixin.py:190} INFO - [2024-11-03T00:48:52.031-0300] {dag.py:4180} INFO - Setting next_dagrun for latest_only_with_trigger to 2024-11-02 20:00:00+00:00, run_after=2024-11-03 00:00:00+00:00
[2024-11-03T00:48:52.163-0300] {processor.py:208} INFO - Processing /home/nico/.local/lib/python3.10/site-packages/airflow/example_dags/example_latest_only_with_trigger.py took 0.387 seconds
[2024-11-03T00:50:25.136-0300] {processor.py:186} INFO - Started process (PID=222390) to work on /home/nico/.local/lib/python3.10/site-packages/airflow/example_dags/example_latest_only_with_trigger.py
[2024-11-03T00:50:25.144-0300] {processor.py:914} INFO - Processing file /home/nico/.local/lib/python3.10/site-packages/airflow/example_dags/example_latest_only_with_trigger.py for tasks to queue
[2024-11-03T00:50:25.149-0300] {logging_mixin.py:190} INFO - [2024-11-03T00:50:25.148-0300] {dagbag.py:588} INFO - Filling up the DagBag from /home/nico/.local/lib/python3.10/site-packages/airflow/example_dags/example_latest_only_with_trigger.py
[2024-11-03T00:50:25.203-0300] {processor.py:925} INFO - DAG(s) 'latest_only_with_trigger' retrieved from /home/nico/.local/lib/python3.10/site-packages/airflow/example_dags/example_latest_only_with_trigger.py
[2024-11-03T00:50:25.343-0300] {logging_mixin.py:190} INFO - [2024-11-03T00:50:25.343-0300] {dag.py:3239} INFO - Sync 1 DAGs
[2024-11-03T00:50:25.557-0300] {logging_mixin.py:190} INFO - [2024-11-03T00:50:25.556-0300] {dag.py:4180} INFO - Setting next_dagrun for latest_only_with_trigger to 2024-11-02 20:00:00+00:00, run_after=2024-11-03 00:00:00+00:00
[2024-11-03T00:50:25.785-0300] {processor.py:208} INFO - Processing /home/nico/.local/lib/python3.10/site-packages/airflow/example_dags/example_latest_only_with_trigger.py took 0.680 seconds
[2024-11-03T00:52:04.933-0300] {processor.py:186} INFO - Started process (PID=222434) to work on /home/nico/.local/lib/python3.10/site-packages/airflow/example_dags/example_latest_only_with_trigger.py
[2024-11-03T00:52:04.936-0300] {processor.py:914} INFO - Processing file /home/nico/.local/lib/python3.10/site-packages/airflow/example_dags/example_latest_only_with_trigger.py for tasks to queue
[2024-11-03T00:52:04.941-0300] {logging_mixin.py:190} INFO - [2024-11-03T00:52:04.940-0300] {dagbag.py:588} INFO - Filling up the DagBag from /home/nico/.local/lib/python3.10/site-packages/airflow/example_dags/example_latest_only_with_trigger.py
[2024-11-03T00:52:04.967-0300] {processor.py:925} INFO - DAG(s) 'latest_only_with_trigger' retrieved from /home/nico/.local/lib/python3.10/site-packages/airflow/example_dags/example_latest_only_with_trigger.py
[2024-11-03T00:52:05.081-0300] {logging_mixin.py:190} INFO - [2024-11-03T00:52:05.081-0300] {dag.py:3239} INFO - Sync 1 DAGs
[2024-11-03T00:52:05.173-0300] {logging_mixin.py:190} INFO - [2024-11-03T00:52:05.172-0300] {dag.py:4180} INFO - Setting next_dagrun for latest_only_with_trigger to 2024-11-02 20:00:00+00:00, run_after=2024-11-03 00:00:00+00:00
[2024-11-03T00:52:05.371-0300] {processor.py:208} INFO - Processing /home/nico/.local/lib/python3.10/site-packages/airflow/example_dags/example_latest_only_with_trigger.py took 0.459 seconds
[2024-11-03T00:54:45.165-0300] {processor.py:186} INFO - Started process (PID=222485) to work on /home/nico/.local/lib/python3.10/site-packages/airflow/example_dags/example_latest_only_with_trigger.py
[2024-11-03T00:54:45.169-0300] {processor.py:914} INFO - Processing file /home/nico/.local/lib/python3.10/site-packages/airflow/example_dags/example_latest_only_with_trigger.py for tasks to queue
[2024-11-03T00:54:45.175-0300] {logging_mixin.py:190} INFO - [2024-11-03T00:54:45.173-0300] {dagbag.py:588} INFO - Filling up the DagBag from /home/nico/.local/lib/python3.10/site-packages/airflow/example_dags/example_latest_only_with_trigger.py
[2024-11-03T00:54:45.204-0300] {processor.py:925} INFO - DAG(s) 'latest_only_with_trigger' retrieved from /home/nico/.local/lib/python3.10/site-packages/airflow/example_dags/example_latest_only_with_trigger.py
[2024-11-03T00:54:45.305-0300] {logging_mixin.py:190} INFO - [2024-11-03T00:54:45.305-0300] {dag.py:3239} INFO - Sync 1 DAGs
[2024-11-03T00:54:45.385-0300] {logging_mixin.py:190} INFO - [2024-11-03T00:54:45.384-0300] {dag.py:4180} INFO - Setting next_dagrun for latest_only_with_trigger to 2024-11-02 20:00:00+00:00, run_after=2024-11-03 00:00:00+00:00
[2024-11-03T00:54:45.575-0300] {processor.py:208} INFO - Processing /home/nico/.local/lib/python3.10/site-packages/airflow/example_dags/example_latest_only_with_trigger.py took 0.438 seconds
[2024-11-03T00:56:42.665-0300] {processor.py:186} INFO - Started process (PID=222535) to work on /home/nico/.local/lib/python3.10/site-packages/airflow/example_dags/example_latest_only_with_trigger.py
[2024-11-03T00:56:42.676-0300] {processor.py:914} INFO - Processing file /home/nico/.local/lib/python3.10/site-packages/airflow/example_dags/example_latest_only_with_trigger.py for tasks to queue
[2024-11-03T00:56:42.701-0300] {logging_mixin.py:190} INFO - [2024-11-03T00:56:42.699-0300] {dagbag.py:588} INFO - Filling up the DagBag from /home/nico/.local/lib/python3.10/site-packages/airflow/example_dags/example_latest_only_with_trigger.py
[2024-11-03T00:56:42.753-0300] {processor.py:925} INFO - DAG(s) 'latest_only_with_trigger' retrieved from /home/nico/.local/lib/python3.10/site-packages/airflow/example_dags/example_latest_only_with_trigger.py
[2024-11-03T00:56:42.956-0300] {logging_mixin.py:190} INFO - [2024-11-03T00:56:42.955-0300] {dag.py:3239} INFO - Sync 1 DAGs
[2024-11-03T00:56:43.146-0300] {logging_mixin.py:190} INFO - [2024-11-03T00:56:43.145-0300] {dag.py:4180} INFO - Setting next_dagrun for latest_only_with_trigger to 2024-11-02 20:00:00+00:00, run_after=2024-11-03 00:00:00+00:00
[2024-11-03T00:56:43.397-0300] {processor.py:208} INFO - Processing /home/nico/.local/lib/python3.10/site-packages/airflow/example_dags/example_latest_only_with_trigger.py took 0.786 seconds
[2024-11-03T00:58:49.002-0300] {processor.py:186} INFO - Started process (PID=222586) to work on /home/nico/.local/lib/python3.10/site-packages/airflow/example_dags/example_latest_only_with_trigger.py
[2024-11-03T00:58:49.005-0300] {processor.py:914} INFO - Processing file /home/nico/.local/lib/python3.10/site-packages/airflow/example_dags/example_latest_only_with_trigger.py for tasks to queue
[2024-11-03T00:58:49.008-0300] {logging_mixin.py:190} INFO - [2024-11-03T00:58:49.008-0300] {dagbag.py:588} INFO - Filling up the DagBag from /home/nico/.local/lib/python3.10/site-packages/airflow/example_dags/example_latest_only_with_trigger.py
[2024-11-03T00:58:49.026-0300] {processor.py:925} INFO - DAG(s) 'latest_only_with_trigger' retrieved from /home/nico/.local/lib/python3.10/site-packages/airflow/example_dags/example_latest_only_with_trigger.py
[2024-11-03T00:58:49.088-0300] {logging_mixin.py:190} INFO - [2024-11-03T00:58:49.087-0300] {dag.py:3239} INFO - Sync 1 DAGs
[2024-11-03T00:58:49.146-0300] {logging_mixin.py:190} INFO - [2024-11-03T00:58:49.145-0300] {dag.py:4180} INFO - Setting next_dagrun for latest_only_with_trigger to 2024-11-02 20:00:00+00:00, run_after=2024-11-03 00:00:00+00:00
[2024-11-03T00:58:49.271-0300] {processor.py:208} INFO - Processing /home/nico/.local/lib/python3.10/site-packages/airflow/example_dags/example_latest_only_with_trigger.py took 0.283 seconds
[2024-11-03T01:00:17.017-0300] {processor.py:186} INFO - Started process (PID=222634) to work on /home/nico/.local/lib/python3.10/site-packages/airflow/example_dags/example_latest_only_with_trigger.py
[2024-11-03T01:00:17.031-0300] {processor.py:914} INFO - Processing file /home/nico/.local/lib/python3.10/site-packages/airflow/example_dags/example_latest_only_with_trigger.py for tasks to queue
[2024-11-03T01:00:17.036-0300] {logging_mixin.py:190} INFO - [2024-11-03T01:00:17.035-0300] {dagbag.py:588} INFO - Filling up the DagBag from /home/nico/.local/lib/python3.10/site-packages/airflow/example_dags/example_latest_only_with_trigger.py
[2024-11-03T01:00:17.097-0300] {processor.py:925} INFO - DAG(s) 'latest_only_with_trigger' retrieved from /home/nico/.local/lib/python3.10/site-packages/airflow/example_dags/example_latest_only_with_trigger.py
[2024-11-03T01:00:17.248-0300] {logging_mixin.py:190} INFO - [2024-11-03T01:00:17.247-0300] {dag.py:3239} INFO - Sync 1 DAGs
[2024-11-03T01:00:17.427-0300] {logging_mixin.py:190} INFO - [2024-11-03T01:00:17.426-0300] {dag.py:4180} INFO - Setting next_dagrun for latest_only_with_trigger to 2024-11-03 00:00:00+00:00, run_after=2024-11-03 04:00:00+00:00
[2024-11-03T01:00:17.640-0300] {processor.py:208} INFO - Processing /home/nico/.local/lib/python3.10/site-packages/airflow/example_dags/example_latest_only_with_trigger.py took 0.672 seconds
[2024-11-03T01:01:40.880-0300] {processor.py:186} INFO - Started process (PID=222679) to work on /home/nico/.local/lib/python3.10/site-packages/airflow/example_dags/example_latest_only_with_trigger.py
[2024-11-03T01:01:40.885-0300] {processor.py:914} INFO - Processing file /home/nico/.local/lib/python3.10/site-packages/airflow/example_dags/example_latest_only_with_trigger.py for tasks to queue
[2024-11-03T01:01:40.892-0300] {logging_mixin.py:190} INFO - [2024-11-03T01:01:40.891-0300] {dagbag.py:588} INFO - Filling up the DagBag from /home/nico/.local/lib/python3.10/site-packages/airflow/example_dags/example_latest_only_with_trigger.py
[2024-11-03T01:01:40.921-0300] {processor.py:925} INFO - DAG(s) 'latest_only_with_trigger' retrieved from /home/nico/.local/lib/python3.10/site-packages/airflow/example_dags/example_latest_only_with_trigger.py
[2024-11-03T01:01:41.010-0300] {logging_mixin.py:190} INFO - [2024-11-03T01:01:41.009-0300] {dag.py:3239} INFO - Sync 1 DAGs
[2024-11-03T01:01:41.077-0300] {logging_mixin.py:190} INFO - [2024-11-03T01:01:41.076-0300] {dag.py:4180} INFO - Setting next_dagrun for latest_only_with_trigger to 2024-11-03 00:00:00+00:00, run_after=2024-11-03 04:00:00+00:00
[2024-11-03T01:01:41.207-0300] {processor.py:208} INFO - Processing /home/nico/.local/lib/python3.10/site-packages/airflow/example_dags/example_latest_only_with_trigger.py took 0.368 seconds
[2024-11-03T01:03:03.046-0300] {processor.py:186} INFO - Started process (PID=222726) to work on /home/nico/.local/lib/python3.10/site-packages/airflow/example_dags/example_latest_only_with_trigger.py
[2024-11-03T01:03:03.050-0300] {processor.py:914} INFO - Processing file /home/nico/.local/lib/python3.10/site-packages/airflow/example_dags/example_latest_only_with_trigger.py for tasks to queue
[2024-11-03T01:03:03.055-0300] {logging_mixin.py:190} INFO - [2024-11-03T01:03:03.053-0300] {dagbag.py:588} INFO - Filling up the DagBag from /home/nico/.local/lib/python3.10/site-packages/airflow/example_dags/example_latest_only_with_trigger.py
[2024-11-03T01:03:03.085-0300] {processor.py:925} INFO - DAG(s) 'latest_only_with_trigger' retrieved from /home/nico/.local/lib/python3.10/site-packages/airflow/example_dags/example_latest_only_with_trigger.py
[2024-11-03T01:03:03.185-0300] {logging_mixin.py:190} INFO - [2024-11-03T01:03:03.185-0300] {dag.py:3239} INFO - Sync 1 DAGs
[2024-11-03T01:03:03.257-0300] {logging_mixin.py:190} INFO - [2024-11-03T01:03:03.256-0300] {dag.py:4180} INFO - Setting next_dagrun for latest_only_with_trigger to 2024-11-03 00:00:00+00:00, run_after=2024-11-03 04:00:00+00:00
[2024-11-03T01:03:03.376-0300] {processor.py:208} INFO - Processing /home/nico/.local/lib/python3.10/site-packages/airflow/example_dags/example_latest_only_with_trigger.py took 0.354 seconds
[2024-11-03T01:04:37.366-0300] {processor.py:186} INFO - Started process (PID=222769) to work on /home/nico/.local/lib/python3.10/site-packages/airflow/example_dags/example_latest_only_with_trigger.py
[2024-11-03T01:04:37.371-0300] {processor.py:914} INFO - Processing file /home/nico/.local/lib/python3.10/site-packages/airflow/example_dags/example_latest_only_with_trigger.py for tasks to queue
[2024-11-03T01:04:37.382-0300] {logging_mixin.py:190} INFO - [2024-11-03T01:04:37.380-0300] {dagbag.py:588} INFO - Filling up the DagBag from /home/nico/.local/lib/python3.10/site-packages/airflow/example_dags/example_latest_only_with_trigger.py
[2024-11-03T01:04:37.408-0300] {processor.py:925} INFO - DAG(s) 'latest_only_with_trigger' retrieved from /home/nico/.local/lib/python3.10/site-packages/airflow/example_dags/example_latest_only_with_trigger.py
[2024-11-03T01:04:37.504-0300] {logging_mixin.py:190} INFO - [2024-11-03T01:04:37.503-0300] {dag.py:3239} INFO - Sync 1 DAGs
[2024-11-03T01:04:37.575-0300] {logging_mixin.py:190} INFO - [2024-11-03T01:04:37.575-0300] {dag.py:4180} INFO - Setting next_dagrun for latest_only_with_trigger to 2024-11-03 00:00:00+00:00, run_after=2024-11-03 04:00:00+00:00
[2024-11-03T01:04:37.695-0300] {processor.py:208} INFO - Processing /home/nico/.local/lib/python3.10/site-packages/airflow/example_dags/example_latest_only_with_trigger.py took 0.355 seconds
[2024-11-03T01:06:06.799-0300] {processor.py:186} INFO - Started process (PID=222817) to work on /home/nico/.local/lib/python3.10/site-packages/airflow/example_dags/example_latest_only_with_trigger.py
[2024-11-03T01:06:06.802-0300] {processor.py:914} INFO - Processing file /home/nico/.local/lib/python3.10/site-packages/airflow/example_dags/example_latest_only_with_trigger.py for tasks to queue
[2024-11-03T01:06:06.805-0300] {logging_mixin.py:190} INFO - [2024-11-03T01:06:06.804-0300] {dagbag.py:588} INFO - Filling up the DagBag from /home/nico/.local/lib/python3.10/site-packages/airflow/example_dags/example_latest_only_with_trigger.py
[2024-11-03T01:06:06.821-0300] {processor.py:925} INFO - DAG(s) 'latest_only_with_trigger' retrieved from /home/nico/.local/lib/python3.10/site-packages/airflow/example_dags/example_latest_only_with_trigger.py
[2024-11-03T01:06:06.880-0300] {logging_mixin.py:190} INFO - [2024-11-03T01:06:06.879-0300] {dag.py:3239} INFO - Sync 1 DAGs
[2024-11-03T01:06:06.942-0300] {logging_mixin.py:190} INFO - [2024-11-03T01:06:06.942-0300] {dag.py:4180} INFO - Setting next_dagrun for latest_only_with_trigger to 2024-11-03 00:00:00+00:00, run_after=2024-11-03 04:00:00+00:00
[2024-11-03T01:06:07.056-0300] {processor.py:208} INFO - Processing /home/nico/.local/lib/python3.10/site-packages/airflow/example_dags/example_latest_only_with_trigger.py took 0.277 seconds
[2024-11-03T01:07:31.317-0300] {processor.py:186} INFO - Started process (PID=222863) to work on /home/nico/.local/lib/python3.10/site-packages/airflow/example_dags/example_latest_only_with_trigger.py
[2024-11-03T01:07:31.320-0300] {processor.py:914} INFO - Processing file /home/nico/.local/lib/python3.10/site-packages/airflow/example_dags/example_latest_only_with_trigger.py for tasks to queue
[2024-11-03T01:07:31.326-0300] {logging_mixin.py:190} INFO - [2024-11-03T01:07:31.324-0300] {dagbag.py:588} INFO - Filling up the DagBag from /home/nico/.local/lib/python3.10/site-packages/airflow/example_dags/example_latest_only_with_trigger.py
[2024-11-03T01:07:31.355-0300] {processor.py:925} INFO - DAG(s) 'latest_only_with_trigger' retrieved from /home/nico/.local/lib/python3.10/site-packages/airflow/example_dags/example_latest_only_with_trigger.py
[2024-11-03T01:07:31.441-0300] {logging_mixin.py:190} INFO - [2024-11-03T01:07:31.441-0300] {dag.py:3239} INFO - Sync 1 DAGs
[2024-11-03T01:07:31.512-0300] {logging_mixin.py:190} INFO - [2024-11-03T01:07:31.511-0300] {dag.py:4180} INFO - Setting next_dagrun for latest_only_with_trigger to 2024-11-03 00:00:00+00:00, run_after=2024-11-03 04:00:00+00:00
[2024-11-03T01:07:31.633-0300] {processor.py:208} INFO - Processing /home/nico/.local/lib/python3.10/site-packages/airflow/example_dags/example_latest_only_with_trigger.py took 0.348 seconds
[2024-11-03T01:08:57.776-0300] {processor.py:186} INFO - Started process (PID=222905) to work on /home/nico/.local/lib/python3.10/site-packages/airflow/example_dags/example_latest_only_with_trigger.py
[2024-11-03T01:08:57.779-0300] {processor.py:914} INFO - Processing file /home/nico/.local/lib/python3.10/site-packages/airflow/example_dags/example_latest_only_with_trigger.py for tasks to queue
[2024-11-03T01:08:57.788-0300] {logging_mixin.py:190} INFO - [2024-11-03T01:08:57.786-0300] {dagbag.py:588} INFO - Filling up the DagBag from /home/nico/.local/lib/python3.10/site-packages/airflow/example_dags/example_latest_only_with_trigger.py
[2024-11-03T01:08:57.817-0300] {processor.py:925} INFO - DAG(s) 'latest_only_with_trigger' retrieved from /home/nico/.local/lib/python3.10/site-packages/airflow/example_dags/example_latest_only_with_trigger.py
[2024-11-03T01:08:57.918-0300] {logging_mixin.py:190} INFO - [2024-11-03T01:08:57.918-0300] {dag.py:3239} INFO - Sync 1 DAGs
[2024-11-03T01:08:57.974-0300] {logging_mixin.py:190} INFO - [2024-11-03T01:08:57.974-0300] {dag.py:4180} INFO - Setting next_dagrun for latest_only_with_trigger to 2024-11-03 00:00:00+00:00, run_after=2024-11-03 04:00:00+00:00
[2024-11-03T01:08:58.114-0300] {processor.py:208} INFO - Processing /home/nico/.local/lib/python3.10/site-packages/airflow/example_dags/example_latest_only_with_trigger.py took 0.368 seconds
[2024-11-03T01:10:35.230-0300] {processor.py:186} INFO - Started process (PID=222951) to work on /home/nico/.local/lib/python3.10/site-packages/airflow/example_dags/example_latest_only_with_trigger.py
[2024-11-03T01:10:35.234-0300] {processor.py:914} INFO - Processing file /home/nico/.local/lib/python3.10/site-packages/airflow/example_dags/example_latest_only_with_trigger.py for tasks to queue
[2024-11-03T01:10:35.240-0300] {logging_mixin.py:190} INFO - [2024-11-03T01:10:35.239-0300] {dagbag.py:588} INFO - Filling up the DagBag from /home/nico/.local/lib/python3.10/site-packages/airflow/example_dags/example_latest_only_with_trigger.py
[2024-11-03T01:10:35.263-0300] {processor.py:925} INFO - DAG(s) 'latest_only_with_trigger' retrieved from /home/nico/.local/lib/python3.10/site-packages/airflow/example_dags/example_latest_only_with_trigger.py
[2024-11-03T01:10:35.367-0300] {logging_mixin.py:190} INFO - [2024-11-03T01:10:35.366-0300] {dag.py:3239} INFO - Sync 1 DAGs
[2024-11-03T01:10:35.426-0300] {logging_mixin.py:190} INFO - [2024-11-03T01:10:35.426-0300] {dag.py:4180} INFO - Setting next_dagrun for latest_only_with_trigger to 2024-11-03 00:00:00+00:00, run_after=2024-11-03 04:00:00+00:00
[2024-11-03T01:10:35.559-0300] {processor.py:208} INFO - Processing /home/nico/.local/lib/python3.10/site-packages/airflow/example_dags/example_latest_only_with_trigger.py took 0.356 seconds
[2024-11-03T01:12:03.946-0300] {processor.py:186} INFO - Started process (PID=222999) to work on /home/nico/.local/lib/python3.10/site-packages/airflow/example_dags/example_latest_only_with_trigger.py
[2024-11-03T01:12:03.949-0300] {processor.py:914} INFO - Processing file /home/nico/.local/lib/python3.10/site-packages/airflow/example_dags/example_latest_only_with_trigger.py for tasks to queue
[2024-11-03T01:12:03.952-0300] {logging_mixin.py:190} INFO - [2024-11-03T01:12:03.951-0300] {dagbag.py:588} INFO - Filling up the DagBag from /home/nico/.local/lib/python3.10/site-packages/airflow/example_dags/example_latest_only_with_trigger.py
[2024-11-03T01:12:03.967-0300] {processor.py:925} INFO - DAG(s) 'latest_only_with_trigger' retrieved from /home/nico/.local/lib/python3.10/site-packages/airflow/example_dags/example_latest_only_with_trigger.py
[2024-11-03T01:12:04.021-0300] {logging_mixin.py:190} INFO - [2024-11-03T01:12:04.021-0300] {dag.py:3239} INFO - Sync 1 DAGs
[2024-11-03T01:12:04.075-0300] {logging_mixin.py:190} INFO - [2024-11-03T01:12:04.074-0300] {dag.py:4180} INFO - Setting next_dagrun for latest_only_with_trigger to 2024-11-03 00:00:00+00:00, run_after=2024-11-03 04:00:00+00:00
[2024-11-03T01:12:04.199-0300] {processor.py:208} INFO - Processing /home/nico/.local/lib/python3.10/site-packages/airflow/example_dags/example_latest_only_with_trigger.py took 0.272 seconds
[2024-11-03T01:14:11.023-0300] {processor.py:186} INFO - Started process (PID=223046) to work on /home/nico/.local/lib/python3.10/site-packages/airflow/example_dags/example_latest_only_with_trigger.py
[2024-11-03T01:14:11.026-0300] {processor.py:914} INFO - Processing file /home/nico/.local/lib/python3.10/site-packages/airflow/example_dags/example_latest_only_with_trigger.py for tasks to queue
[2024-11-03T01:14:11.030-0300] {logging_mixin.py:190} INFO - [2024-11-03T01:14:11.029-0300] {dagbag.py:588} INFO - Filling up the DagBag from /home/nico/.local/lib/python3.10/site-packages/airflow/example_dags/example_latest_only_with_trigger.py
[2024-11-03T01:14:11.050-0300] {processor.py:925} INFO - DAG(s) 'latest_only_with_trigger' retrieved from /home/nico/.local/lib/python3.10/site-packages/airflow/example_dags/example_latest_only_with_trigger.py
[2024-11-03T01:14:11.162-0300] {logging_mixin.py:190} INFO - [2024-11-03T01:14:11.161-0300] {dag.py:3239} INFO - Sync 1 DAGs
[2024-11-03T01:14:11.773-0300] {logging_mixin.py:190} INFO - [2024-11-03T01:14:11.772-0300] {dag.py:4180} INFO - Setting next_dagrun for latest_only_with_trigger to 2024-11-03 00:00:00+00:00, run_after=2024-11-03 04:00:00+00:00
[2024-11-03T01:14:11.932-0300] {processor.py:208} INFO - Processing /home/nico/.local/lib/python3.10/site-packages/airflow/example_dags/example_latest_only_with_trigger.py took 0.928 seconds
[2024-11-03T01:18:46.101-0300] {processor.py:186} INFO - Started process (PID=223108) to work on /home/nico/.local/lib/python3.10/site-packages/airflow/example_dags/example_latest_only_with_trigger.py
[2024-11-03T01:18:46.105-0300] {processor.py:914} INFO - Processing file /home/nico/.local/lib/python3.10/site-packages/airflow/example_dags/example_latest_only_with_trigger.py for tasks to queue
[2024-11-03T01:18:46.109-0300] {logging_mixin.py:190} INFO - [2024-11-03T01:18:46.108-0300] {dagbag.py:588} INFO - Filling up the DagBag from /home/nico/.local/lib/python3.10/site-packages/airflow/example_dags/example_latest_only_with_trigger.py
[2024-11-03T01:18:46.125-0300] {processor.py:925} INFO - DAG(s) 'latest_only_with_trigger' retrieved from /home/nico/.local/lib/python3.10/site-packages/airflow/example_dags/example_latest_only_with_trigger.py
[2024-11-03T01:18:46.218-0300] {logging_mixin.py:190} INFO - [2024-11-03T01:18:46.217-0300] {dag.py:3239} INFO - Sync 1 DAGs
[2024-11-03T01:18:46.355-0300] {logging_mixin.py:190} INFO - [2024-11-03T01:18:46.354-0300] {dag.py:4180} INFO - Setting next_dagrun for latest_only_with_trigger to 2024-11-03 00:00:00+00:00, run_after=2024-11-03 04:00:00+00:00
[2024-11-03T01:18:46.576-0300] {processor.py:208} INFO - Processing /home/nico/.local/lib/python3.10/site-packages/airflow/example_dags/example_latest_only_with_trigger.py took 0.496 seconds
[2024-11-03T01:20:47.547-0300] {processor.py:186} INFO - Started process (PID=223163) to work on /home/nico/.local/lib/python3.10/site-packages/airflow/example_dags/example_latest_only_with_trigger.py
[2024-11-03T01:20:47.563-0300] {processor.py:914} INFO - Processing file /home/nico/.local/lib/python3.10/site-packages/airflow/example_dags/example_latest_only_with_trigger.py for tasks to queue
[2024-11-03T01:20:47.574-0300] {logging_mixin.py:190} INFO - [2024-11-03T01:20:47.566-0300] {dagbag.py:588} INFO - Filling up the DagBag from /home/nico/.local/lib/python3.10/site-packages/airflow/example_dags/example_latest_only_with_trigger.py
[2024-11-03T01:20:47.597-0300] {processor.py:925} INFO - DAG(s) 'latest_only_with_trigger' retrieved from /home/nico/.local/lib/python3.10/site-packages/airflow/example_dags/example_latest_only_with_trigger.py
[2024-11-03T01:20:47.665-0300] {logging_mixin.py:190} INFO - [2024-11-03T01:20:47.664-0300] {dag.py:3239} INFO - Sync 1 DAGs
[2024-11-03T01:20:47.746-0300] {logging_mixin.py:190} INFO - [2024-11-03T01:20:47.745-0300] {dag.py:4180} INFO - Setting next_dagrun for latest_only_with_trigger to 2024-11-03 00:00:00+00:00, run_after=2024-11-03 04:00:00+00:00
[2024-11-03T01:20:47.872-0300] {processor.py:208} INFO - Processing /home/nico/.local/lib/python3.10/site-packages/airflow/example_dags/example_latest_only_with_trigger.py took 0.378 seconds
[2024-11-03T01:23:14.291-0300] {processor.py:186} INFO - Started process (PID=223212) to work on /home/nico/.local/lib/python3.10/site-packages/airflow/example_dags/example_latest_only_with_trigger.py
[2024-11-03T01:23:14.294-0300] {processor.py:914} INFO - Processing file /home/nico/.local/lib/python3.10/site-packages/airflow/example_dags/example_latest_only_with_trigger.py for tasks to queue
[2024-11-03T01:23:14.303-0300] {logging_mixin.py:190} INFO - [2024-11-03T01:23:14.299-0300] {dagbag.py:588} INFO - Filling up the DagBag from /home/nico/.local/lib/python3.10/site-packages/airflow/example_dags/example_latest_only_with_trigger.py
[2024-11-03T01:23:14.332-0300] {processor.py:925} INFO - DAG(s) 'latest_only_with_trigger' retrieved from /home/nico/.local/lib/python3.10/site-packages/airflow/example_dags/example_latest_only_with_trigger.py
[2024-11-03T01:23:14.421-0300] {logging_mixin.py:190} INFO - [2024-11-03T01:23:14.421-0300] {dag.py:3239} INFO - Sync 1 DAGs
[2024-11-03T01:23:14.506-0300] {logging_mixin.py:190} INFO - [2024-11-03T01:23:14.505-0300] {dag.py:4180} INFO - Setting next_dagrun for latest_only_with_trigger to 2024-11-03 00:00:00+00:00, run_after=2024-11-03 04:00:00+00:00
[2024-11-03T01:23:14.662-0300] {processor.py:208} INFO - Processing /home/nico/.local/lib/python3.10/site-packages/airflow/example_dags/example_latest_only_with_trigger.py took 0.389 seconds
