[2024-11-02T21:35:12.792-0300] {processor.py:186} INFO - Started process (PID=220024) to work on /home/nico/.local/lib/python3.10/site-packages/airflow/example_dags/example_latest_only.py
[2024-11-02T21:35:12.796-0300] {processor.py:914} INFO - Processing file /home/nico/.local/lib/python3.10/site-packages/airflow/example_dags/example_latest_only.py for tasks to queue
[2024-11-02T21:35:12.804-0300] {logging_mixin.py:190} INFO - [2024-11-02T21:35:12.803-0300] {dagbag.py:588} INFO - Filling up the DagBag from /home/nico/.local/lib/python3.10/site-packages/airflow/example_dags/example_latest_only.py
[2024-11-02T21:35:12.828-0300] {processor.py:925} INFO - DAG(s) 'latest_only' retrieved from /home/nico/.local/lib/python3.10/site-packages/airflow/example_dags/example_latest_only.py
[2024-11-02T21:35:12.936-0300] {logging_mixin.py:190} INFO - [2024-11-02T21:35:12.935-0300] {dag.py:3239} INFO - Sync 1 DAGs
[2024-11-02T21:35:13.008-0300] {logging_mixin.py:190} INFO - [2024-11-02T21:35:13.008-0300] {dag.py:4180} INFO - Setting next_dagrun for latest_only to 2024-11-02 20:00:00+00:00, run_after=2024-11-03 00:00:00+00:00
[2024-11-02T21:35:13.162-0300] {processor.py:208} INFO - Processing /home/nico/.local/lib/python3.10/site-packages/airflow/example_dags/example_latest_only.py took 0.404 seconds
[2024-11-02T21:37:30.913-0300] {processor.py:186} INFO - Started process (PID=220098) to work on /home/nico/.local/lib/python3.10/site-packages/airflow/example_dags/example_latest_only.py
[2024-11-02T21:37:30.920-0300] {processor.py:914} INFO - Processing file /home/nico/.local/lib/python3.10/site-packages/airflow/example_dags/example_latest_only.py for tasks to queue
[2024-11-02T21:37:30.924-0300] {logging_mixin.py:190} INFO - [2024-11-02T21:37:30.923-0300] {dagbag.py:588} INFO - Filling up the DagBag from /home/nico/.local/lib/python3.10/site-packages/airflow/example_dags/example_latest_only.py
[2024-11-02T21:37:30.938-0300] {processor.py:925} INFO - DAG(s) 'latest_only' retrieved from /home/nico/.local/lib/python3.10/site-packages/airflow/example_dags/example_latest_only.py
[2024-11-02T21:37:31.010-0300] {logging_mixin.py:190} INFO - [2024-11-02T21:37:31.010-0300] {dag.py:3239} INFO - Sync 1 DAGs
[2024-11-02T21:37:31.077-0300] {logging_mixin.py:190} INFO - [2024-11-02T21:37:31.077-0300] {dag.py:4180} INFO - Setting next_dagrun for latest_only to 2024-11-02 20:00:00+00:00, run_after=2024-11-03 00:00:00+00:00
[2024-11-02T21:37:31.251-0300] {processor.py:208} INFO - Processing /home/nico/.local/lib/python3.10/site-packages/airflow/example_dags/example_latest_only.py took 0.357 seconds
[2024-11-02T21:39:40.938-0300] {processor.py:186} INFO - Started process (PID=220147) to work on /home/nico/.local/lib/python3.10/site-packages/airflow/example_dags/example_latest_only.py
[2024-11-02T21:39:40.940-0300] {processor.py:914} INFO - Processing file /home/nico/.local/lib/python3.10/site-packages/airflow/example_dags/example_latest_only.py for tasks to queue
[2024-11-02T21:39:40.945-0300] {logging_mixin.py:190} INFO - [2024-11-02T21:39:40.944-0300] {dagbag.py:588} INFO - Filling up the DagBag from /home/nico/.local/lib/python3.10/site-packages/airflow/example_dags/example_latest_only.py
[2024-11-02T21:39:40.964-0300] {processor.py:925} INFO - DAG(s) 'latest_only' retrieved from /home/nico/.local/lib/python3.10/site-packages/airflow/example_dags/example_latest_only.py
[2024-11-02T21:39:41.039-0300] {logging_mixin.py:190} INFO - [2024-11-02T21:39:41.039-0300] {dag.py:3239} INFO - Sync 1 DAGs
[2024-11-02T21:39:41.106-0300] {logging_mixin.py:190} INFO - [2024-11-02T21:39:41.105-0300] {dag.py:4180} INFO - Setting next_dagrun for latest_only to 2024-11-02 20:00:00+00:00, run_after=2024-11-03 00:00:00+00:00
[2024-11-02T21:39:41.232-0300] {processor.py:208} INFO - Processing /home/nico/.local/lib/python3.10/site-packages/airflow/example_dags/example_latest_only.py took 0.315 seconds
[2024-11-02T22:39:50.411-0300] {processor.py:186} INFO - Started process (PID=220683) to work on /home/nico/.local/lib/python3.10/site-packages/airflow/example_dags/example_latest_only.py
[2024-11-02T22:39:50.423-0300] {processor.py:914} INFO - Processing file /home/nico/.local/lib/python3.10/site-packages/airflow/example_dags/example_latest_only.py for tasks to queue
[2024-11-02T22:39:50.441-0300] {logging_mixin.py:190} INFO - [2024-11-02T22:39:50.440-0300] {dagbag.py:588} INFO - Filling up the DagBag from /home/nico/.local/lib/python3.10/site-packages/airflow/example_dags/example_latest_only.py
[2024-11-02T22:39:50.505-0300] {processor.py:925} INFO - DAG(s) 'latest_only' retrieved from /home/nico/.local/lib/python3.10/site-packages/airflow/example_dags/example_latest_only.py
[2024-11-02T22:39:50.698-0300] {logging_mixin.py:190} INFO - [2024-11-02T22:39:50.698-0300] {dag.py:3239} INFO - Sync 1 DAGs
[2024-11-02T22:39:50.885-0300] {logging_mixin.py:190} INFO - [2024-11-02T22:39:50.884-0300] {dag.py:4180} INFO - Setting next_dagrun for latest_only to 2024-11-02 20:00:00+00:00, run_after=2024-11-03 00:00:00+00:00
[2024-11-02T22:39:51.113-0300] {processor.py:208} INFO - Processing /home/nico/.local/lib/python3.10/site-packages/airflow/example_dags/example_latest_only.py took 0.746 seconds
[2024-11-02T22:44:28.823-0300] {processor.py:186} INFO - Started process (PID=220768) to work on /home/nico/.local/lib/python3.10/site-packages/airflow/example_dags/example_latest_only.py
[2024-11-02T22:44:28.838-0300] {processor.py:914} INFO - Processing file /home/nico/.local/lib/python3.10/site-packages/airflow/example_dags/example_latest_only.py for tasks to queue
[2024-11-02T22:44:28.852-0300] {logging_mixin.py:190} INFO - [2024-11-02T22:44:28.850-0300] {dagbag.py:588} INFO - Filling up the DagBag from /home/nico/.local/lib/python3.10/site-packages/airflow/example_dags/example_latest_only.py
[2024-11-02T22:44:28.903-0300] {processor.py:925} INFO - DAG(s) 'latest_only' retrieved from /home/nico/.local/lib/python3.10/site-packages/airflow/example_dags/example_latest_only.py
[2024-11-02T22:44:29.006-0300] {logging_mixin.py:190} INFO - [2024-11-02T22:44:29.005-0300] {dag.py:3239} INFO - Sync 1 DAGs
[2024-11-02T22:44:29.150-0300] {logging_mixin.py:190} INFO - [2024-11-02T22:44:29.150-0300] {dag.py:4180} INFO - Setting next_dagrun for latest_only to 2024-11-02 20:00:00+00:00, run_after=2024-11-03 00:00:00+00:00
[2024-11-02T22:44:29.318-0300] {processor.py:208} INFO - Processing /home/nico/.local/lib/python3.10/site-packages/airflow/example_dags/example_latest_only.py took 0.548 seconds
[2024-11-02T22:49:47.694-0300] {processor.py:186} INFO - Started process (PID=220898) to work on /home/nico/.local/lib/python3.10/site-packages/airflow/example_dags/example_latest_only.py
[2024-11-02T22:49:47.696-0300] {processor.py:914} INFO - Processing file /home/nico/.local/lib/python3.10/site-packages/airflow/example_dags/example_latest_only.py for tasks to queue
[2024-11-02T22:49:47.700-0300] {logging_mixin.py:190} INFO - [2024-11-02T22:49:47.699-0300] {dagbag.py:588} INFO - Filling up the DagBag from /home/nico/.local/lib/python3.10/site-packages/airflow/example_dags/example_latest_only.py
[2024-11-02T22:49:47.715-0300] {processor.py:925} INFO - DAG(s) 'latest_only' retrieved from /home/nico/.local/lib/python3.10/site-packages/airflow/example_dags/example_latest_only.py
[2024-11-02T22:49:47.764-0300] {logging_mixin.py:190} INFO - [2024-11-02T22:49:47.764-0300] {dag.py:3239} INFO - Sync 1 DAGs
[2024-11-02T22:49:47.820-0300] {logging_mixin.py:190} INFO - [2024-11-02T22:49:47.819-0300] {dag.py:4180} INFO - Setting next_dagrun for latest_only to 2024-11-02 20:00:00+00:00, run_after=2024-11-03 00:00:00+00:00
[2024-11-02T22:49:47.938-0300] {processor.py:208} INFO - Processing /home/nico/.local/lib/python3.10/site-packages/airflow/example_dags/example_latest_only.py took 0.263 seconds
[2024-11-02T22:51:11.853-0300] {processor.py:186} INFO - Started process (PID=220944) to work on /home/nico/.local/lib/python3.10/site-packages/airflow/example_dags/example_latest_only.py
[2024-11-02T22:51:11.855-0300] {processor.py:914} INFO - Processing file /home/nico/.local/lib/python3.10/site-packages/airflow/example_dags/example_latest_only.py for tasks to queue
[2024-11-02T22:51:11.859-0300] {logging_mixin.py:190} INFO - [2024-11-02T22:51:11.858-0300] {dagbag.py:588} INFO - Filling up the DagBag from /home/nico/.local/lib/python3.10/site-packages/airflow/example_dags/example_latest_only.py
[2024-11-02T22:51:11.871-0300] {processor.py:925} INFO - DAG(s) 'latest_only' retrieved from /home/nico/.local/lib/python3.10/site-packages/airflow/example_dags/example_latest_only.py
[2024-11-02T22:51:11.930-0300] {logging_mixin.py:190} INFO - [2024-11-02T22:51:11.930-0300] {dag.py:3239} INFO - Sync 1 DAGs
[2024-11-02T22:51:11.991-0300] {logging_mixin.py:190} INFO - [2024-11-02T22:51:11.990-0300] {dag.py:4180} INFO - Setting next_dagrun for latest_only to 2024-11-02 20:00:00+00:00, run_after=2024-11-03 00:00:00+00:00
[2024-11-02T22:51:12.500-0300] {processor.py:208} INFO - Processing /home/nico/.local/lib/python3.10/site-packages/airflow/example_dags/example_latest_only.py took 0.660 seconds
[2024-11-02T22:52:30.100-0300] {processor.py:186} INFO - Started process (PID=220988) to work on /home/nico/.local/lib/python3.10/site-packages/airflow/example_dags/example_latest_only.py
[2024-11-02T22:52:30.103-0300] {processor.py:914} INFO - Processing file /home/nico/.local/lib/python3.10/site-packages/airflow/example_dags/example_latest_only.py for tasks to queue
[2024-11-02T22:52:30.108-0300] {logging_mixin.py:190} INFO - [2024-11-02T22:52:30.107-0300] {dagbag.py:588} INFO - Filling up the DagBag from /home/nico/.local/lib/python3.10/site-packages/airflow/example_dags/example_latest_only.py
[2024-11-02T22:52:30.129-0300] {processor.py:925} INFO - DAG(s) 'latest_only' retrieved from /home/nico/.local/lib/python3.10/site-packages/airflow/example_dags/example_latest_only.py
[2024-11-02T22:52:30.202-0300] {logging_mixin.py:190} INFO - [2024-11-02T22:52:30.202-0300] {dag.py:3239} INFO - Sync 1 DAGs
[2024-11-02T22:52:30.263-0300] {logging_mixin.py:190} INFO - [2024-11-02T22:52:30.263-0300] {dag.py:4180} INFO - Setting next_dagrun for latest_only to 2024-11-02 20:00:00+00:00, run_after=2024-11-03 00:00:00+00:00
[2024-11-02T22:52:30.371-0300] {processor.py:208} INFO - Processing /home/nico/.local/lib/python3.10/site-packages/airflow/example_dags/example_latest_only.py took 0.292 seconds
[2024-11-02T22:54:04.828-0300] {processor.py:186} INFO - Started process (PID=221039) to work on /home/nico/.local/lib/python3.10/site-packages/airflow/example_dags/example_latest_only.py
[2024-11-02T22:54:04.831-0300] {processor.py:914} INFO - Processing file /home/nico/.local/lib/python3.10/site-packages/airflow/example_dags/example_latest_only.py for tasks to queue
[2024-11-02T22:54:04.834-0300] {logging_mixin.py:190} INFO - [2024-11-02T22:54:04.833-0300] {dagbag.py:588} INFO - Filling up the DagBag from /home/nico/.local/lib/python3.10/site-packages/airflow/example_dags/example_latest_only.py
[2024-11-02T22:54:04.847-0300] {processor.py:925} INFO - DAG(s) 'latest_only' retrieved from /home/nico/.local/lib/python3.10/site-packages/airflow/example_dags/example_latest_only.py
[2024-11-02T22:54:04.903-0300] {logging_mixin.py:190} INFO - [2024-11-02T22:54:04.903-0300] {dag.py:3239} INFO - Sync 1 DAGs
[2024-11-02T22:54:04.969-0300] {logging_mixin.py:190} INFO - [2024-11-02T22:54:04.968-0300] {dag.py:4180} INFO - Setting next_dagrun for latest_only to 2024-11-02 20:00:00+00:00, run_after=2024-11-03 00:00:00+00:00
[2024-11-02T22:54:05.102-0300] {processor.py:208} INFO - Processing /home/nico/.local/lib/python3.10/site-packages/airflow/example_dags/example_latest_only.py took 0.292 seconds
[2024-11-02T22:56:56.628-0300] {processor.py:186} INFO - Started process (PID=221098) to work on /home/nico/.local/lib/python3.10/site-packages/airflow/example_dags/example_latest_only.py
[2024-11-02T22:56:56.630-0300] {processor.py:914} INFO - Processing file /home/nico/.local/lib/python3.10/site-packages/airflow/example_dags/example_latest_only.py for tasks to queue
[2024-11-02T22:56:56.635-0300] {logging_mixin.py:190} INFO - [2024-11-02T22:56:56.633-0300] {dagbag.py:588} INFO - Filling up the DagBag from /home/nico/.local/lib/python3.10/site-packages/airflow/example_dags/example_latest_only.py
[2024-11-02T22:56:56.649-0300] {processor.py:925} INFO - DAG(s) 'latest_only' retrieved from /home/nico/.local/lib/python3.10/site-packages/airflow/example_dags/example_latest_only.py
[2024-11-02T22:56:56.699-0300] {logging_mixin.py:190} INFO - [2024-11-02T22:56:56.698-0300] {dag.py:3239} INFO - Sync 1 DAGs
[2024-11-02T22:56:56.761-0300] {logging_mixin.py:190} INFO - [2024-11-02T22:56:56.760-0300] {dag.py:4180} INFO - Setting next_dagrun for latest_only to 2024-11-02 20:00:00+00:00, run_after=2024-11-03 00:00:00+00:00
[2024-11-02T22:56:56.883-0300] {processor.py:208} INFO - Processing /home/nico/.local/lib/python3.10/site-packages/airflow/example_dags/example_latest_only.py took 0.278 seconds
[2024-11-02T23:01:23.778-0300] {processor.py:186} INFO - Started process (PID=221231) to work on /home/nico/.local/lib/python3.10/site-packages/airflow/example_dags/example_latest_only.py
[2024-11-02T23:01:23.781-0300] {processor.py:914} INFO - Processing file /home/nico/.local/lib/python3.10/site-packages/airflow/example_dags/example_latest_only.py for tasks to queue
[2024-11-02T23:01:23.793-0300] {logging_mixin.py:190} INFO - [2024-11-02T23:01:23.791-0300] {dagbag.py:588} INFO - Filling up the DagBag from /home/nico/.local/lib/python3.10/site-packages/airflow/example_dags/example_latest_only.py
[2024-11-02T23:01:23.814-0300] {processor.py:925} INFO - DAG(s) 'latest_only' retrieved from /home/nico/.local/lib/python3.10/site-packages/airflow/example_dags/example_latest_only.py
[2024-11-02T23:01:23.873-0300] {logging_mixin.py:190} INFO - [2024-11-02T23:01:23.873-0300] {dag.py:3239} INFO - Sync 1 DAGs
[2024-11-02T23:01:23.945-0300] {logging_mixin.py:190} INFO - [2024-11-02T23:01:23.945-0300] {dag.py:4180} INFO - Setting next_dagrun for latest_only to 2024-11-02 20:00:00+00:00, run_after=2024-11-03 00:00:00+00:00
[2024-11-02T23:01:24.086-0300] {processor.py:208} INFO - Processing /home/nico/.local/lib/python3.10/site-packages/airflow/example_dags/example_latest_only.py took 0.348 seconds
[2024-11-02T23:04:04.272-0300] {processor.py:186} INFO - Started process (PID=221313) to work on /home/nico/.local/lib/python3.10/site-packages/airflow/example_dags/example_latest_only.py
[2024-11-02T23:04:04.274-0300] {processor.py:914} INFO - Processing file /home/nico/.local/lib/python3.10/site-packages/airflow/example_dags/example_latest_only.py for tasks to queue
[2024-11-02T23:04:04.278-0300] {logging_mixin.py:190} INFO - [2024-11-02T23:04:04.277-0300] {dagbag.py:588} INFO - Filling up the DagBag from /home/nico/.local/lib/python3.10/site-packages/airflow/example_dags/example_latest_only.py
[2024-11-02T23:04:04.300-0300] {processor.py:925} INFO - DAG(s) 'latest_only' retrieved from /home/nico/.local/lib/python3.10/site-packages/airflow/example_dags/example_latest_only.py
[2024-11-02T23:04:04.399-0300] {logging_mixin.py:190} INFO - [2024-11-02T23:04:04.398-0300] {dag.py:3239} INFO - Sync 1 DAGs
[2024-11-02T23:04:04.731-0300] {logging_mixin.py:190} INFO - [2024-11-02T23:04:04.730-0300] {dag.py:4180} INFO - Setting next_dagrun for latest_only to 2024-11-02 20:00:00+00:00, run_after=2024-11-03 00:00:00+00:00
[2024-11-02T23:04:05.237-0300] {processor.py:208} INFO - Processing /home/nico/.local/lib/python3.10/site-packages/airflow/example_dags/example_latest_only.py took 0.978 seconds
[2024-11-02T23:05:49.543-0300] {processor.py:186} INFO - Started process (PID=221364) to work on /home/nico/.local/lib/python3.10/site-packages/airflow/example_dags/example_latest_only.py
[2024-11-02T23:05:49.547-0300] {processor.py:914} INFO - Processing file /home/nico/.local/lib/python3.10/site-packages/airflow/example_dags/example_latest_only.py for tasks to queue
[2024-11-02T23:05:49.561-0300] {logging_mixin.py:190} INFO - [2024-11-02T23:05:49.560-0300] {dagbag.py:588} INFO - Filling up the DagBag from /home/nico/.local/lib/python3.10/site-packages/airflow/example_dags/example_latest_only.py
[2024-11-02T23:05:49.597-0300] {processor.py:925} INFO - DAG(s) 'latest_only' retrieved from /home/nico/.local/lib/python3.10/site-packages/airflow/example_dags/example_latest_only.py
[2024-11-02T23:05:49.671-0300] {logging_mixin.py:190} INFO - [2024-11-02T23:05:49.670-0300] {dag.py:3239} INFO - Sync 1 DAGs
[2024-11-02T23:05:49.750-0300] {logging_mixin.py:190} INFO - [2024-11-02T23:05:49.749-0300] {dag.py:4180} INFO - Setting next_dagrun for latest_only to 2024-11-02 20:00:00+00:00, run_after=2024-11-03 00:00:00+00:00
[2024-11-02T23:05:49.931-0300] {processor.py:208} INFO - Processing /home/nico/.local/lib/python3.10/site-packages/airflow/example_dags/example_latest_only.py took 0.424 seconds
[2024-11-02T23:07:39.321-0300] {processor.py:186} INFO - Started process (PID=221415) to work on /home/nico/.local/lib/python3.10/site-packages/airflow/example_dags/example_latest_only.py
[2024-11-02T23:07:39.325-0300] {processor.py:914} INFO - Processing file /home/nico/.local/lib/python3.10/site-packages/airflow/example_dags/example_latest_only.py for tasks to queue
[2024-11-02T23:07:39.330-0300] {logging_mixin.py:190} INFO - [2024-11-02T23:07:39.329-0300] {dagbag.py:588} INFO - Filling up the DagBag from /home/nico/.local/lib/python3.10/site-packages/airflow/example_dags/example_latest_only.py
[2024-11-02T23:07:39.360-0300] {processor.py:925} INFO - DAG(s) 'latest_only' retrieved from /home/nico/.local/lib/python3.10/site-packages/airflow/example_dags/example_latest_only.py
[2024-11-02T23:07:39.439-0300] {logging_mixin.py:190} INFO - [2024-11-02T23:07:39.439-0300] {dag.py:3239} INFO - Sync 1 DAGs
[2024-11-02T23:07:39.508-0300] {logging_mixin.py:190} INFO - [2024-11-02T23:07:39.508-0300] {dag.py:4180} INFO - Setting next_dagrun for latest_only to 2024-11-02 20:00:00+00:00, run_after=2024-11-03 00:00:00+00:00
[2024-11-02T23:07:39.633-0300] {processor.py:208} INFO - Processing /home/nico/.local/lib/python3.10/site-packages/airflow/example_dags/example_latest_only.py took 0.346 seconds
[2024-11-02T23:09:01.493-0300] {processor.py:186} INFO - Started process (PID=221458) to work on /home/nico/.local/lib/python3.10/site-packages/airflow/example_dags/example_latest_only.py
[2024-11-02T23:09:01.497-0300] {processor.py:914} INFO - Processing file /home/nico/.local/lib/python3.10/site-packages/airflow/example_dags/example_latest_only.py for tasks to queue
[2024-11-02T23:09:01.502-0300] {logging_mixin.py:190} INFO - [2024-11-02T23:09:01.501-0300] {dagbag.py:588} INFO - Filling up the DagBag from /home/nico/.local/lib/python3.10/site-packages/airflow/example_dags/example_latest_only.py
[2024-11-02T23:09:01.519-0300] {processor.py:925} INFO - DAG(s) 'latest_only' retrieved from /home/nico/.local/lib/python3.10/site-packages/airflow/example_dags/example_latest_only.py
[2024-11-02T23:09:01.569-0300] {logging_mixin.py:190} INFO - [2024-11-02T23:09:01.568-0300] {dag.py:3239} INFO - Sync 1 DAGs
[2024-11-02T23:09:01.622-0300] {logging_mixin.py:190} INFO - [2024-11-02T23:09:01.622-0300] {dag.py:4180} INFO - Setting next_dagrun for latest_only to 2024-11-02 20:00:00+00:00, run_after=2024-11-03 00:00:00+00:00
[2024-11-02T23:09:01.731-0300] {processor.py:208} INFO - Processing /home/nico/.local/lib/python3.10/site-packages/airflow/example_dags/example_latest_only.py took 0.261 seconds
[2024-11-02T23:10:25.398-0300] {processor.py:186} INFO - Started process (PID=221501) to work on /home/nico/.local/lib/python3.10/site-packages/airflow/example_dags/example_latest_only.py
[2024-11-02T23:10:25.402-0300] {processor.py:914} INFO - Processing file /home/nico/.local/lib/python3.10/site-packages/airflow/example_dags/example_latest_only.py for tasks to queue
[2024-11-02T23:10:25.407-0300] {logging_mixin.py:190} INFO - [2024-11-02T23:10:25.405-0300] {dagbag.py:588} INFO - Filling up the DagBag from /home/nico/.local/lib/python3.10/site-packages/airflow/example_dags/example_latest_only.py
[2024-11-02T23:10:25.428-0300] {processor.py:925} INFO - DAG(s) 'latest_only' retrieved from /home/nico/.local/lib/python3.10/site-packages/airflow/example_dags/example_latest_only.py
[2024-11-02T23:10:25.511-0300] {logging_mixin.py:190} INFO - [2024-11-02T23:10:25.510-0300] {dag.py:3239} INFO - Sync 1 DAGs
[2024-11-02T23:10:25.620-0300] {logging_mixin.py:190} INFO - [2024-11-02T23:10:25.613-0300] {dag.py:4180} INFO - Setting next_dagrun for latest_only to 2024-11-02 20:00:00+00:00, run_after=2024-11-03 00:00:00+00:00
[2024-11-02T23:10:25.771-0300] {processor.py:208} INFO - Processing /home/nico/.local/lib/python3.10/site-packages/airflow/example_dags/example_latest_only.py took 0.404 seconds
[2024-11-02T23:11:51.869-0300] {processor.py:186} INFO - Started process (PID=221545) to work on /home/nico/.local/lib/python3.10/site-packages/airflow/example_dags/example_latest_only.py
[2024-11-02T23:11:51.882-0300] {processor.py:914} INFO - Processing file /home/nico/.local/lib/python3.10/site-packages/airflow/example_dags/example_latest_only.py for tasks to queue
[2024-11-02T23:11:51.888-0300] {logging_mixin.py:190} INFO - [2024-11-02T23:11:51.886-0300] {dagbag.py:588} INFO - Filling up the DagBag from /home/nico/.local/lib/python3.10/site-packages/airflow/example_dags/example_latest_only.py
[2024-11-02T23:11:51.923-0300] {processor.py:925} INFO - DAG(s) 'latest_only' retrieved from /home/nico/.local/lib/python3.10/site-packages/airflow/example_dags/example_latest_only.py
[2024-11-02T23:11:52.007-0300] {logging_mixin.py:190} INFO - [2024-11-02T23:11:52.006-0300] {dag.py:3239} INFO - Sync 1 DAGs
[2024-11-02T23:11:52.063-0300] {logging_mixin.py:190} INFO - [2024-11-02T23:11:52.062-0300] {dag.py:4180} INFO - Setting next_dagrun for latest_only to 2024-11-02 20:00:00+00:00, run_after=2024-11-03 00:00:00+00:00
[2024-11-02T23:11:52.176-0300] {processor.py:208} INFO - Processing /home/nico/.local/lib/python3.10/site-packages/airflow/example_dags/example_latest_only.py took 0.347 seconds
[2024-11-02T23:13:20.255-0300] {processor.py:186} INFO - Started process (PID=221592) to work on /home/nico/.local/lib/python3.10/site-packages/airflow/example_dags/example_latest_only.py
[2024-11-02T23:13:20.260-0300] {processor.py:914} INFO - Processing file /home/nico/.local/lib/python3.10/site-packages/airflow/example_dags/example_latest_only.py for tasks to queue
[2024-11-02T23:13:20.266-0300] {logging_mixin.py:190} INFO - [2024-11-02T23:13:20.264-0300] {dagbag.py:588} INFO - Filling up the DagBag from /home/nico/.local/lib/python3.10/site-packages/airflow/example_dags/example_latest_only.py
[2024-11-02T23:13:20.296-0300] {processor.py:925} INFO - DAG(s) 'latest_only' retrieved from /home/nico/.local/lib/python3.10/site-packages/airflow/example_dags/example_latest_only.py
[2024-11-02T23:13:20.396-0300] {logging_mixin.py:190} INFO - [2024-11-02T23:13:20.396-0300] {dag.py:3239} INFO - Sync 1 DAGs
[2024-11-02T23:13:20.467-0300] {logging_mixin.py:190} INFO - [2024-11-02T23:13:20.467-0300] {dag.py:4180} INFO - Setting next_dagrun for latest_only to 2024-11-02 20:00:00+00:00, run_after=2024-11-03 00:00:00+00:00
[2024-11-02T23:13:20.625-0300] {processor.py:208} INFO - Processing /home/nico/.local/lib/python3.10/site-packages/airflow/example_dags/example_latest_only.py took 0.406 seconds
[2024-11-03T00:14:17.153-0300] {processor.py:186} INFO - Started process (PID=221650) to work on /home/nico/.local/lib/python3.10/site-packages/airflow/example_dags/example_latest_only.py
[2024-11-03T00:14:17.156-0300] {processor.py:914} INFO - Processing file /home/nico/.local/lib/python3.10/site-packages/airflow/example_dags/example_latest_only.py for tasks to queue
[2024-11-03T00:14:17.159-0300] {logging_mixin.py:190} INFO - [2024-11-03T00:14:17.158-0300] {dagbag.py:588} INFO - Filling up the DagBag from /home/nico/.local/lib/python3.10/site-packages/airflow/example_dags/example_latest_only.py
[2024-11-03T00:14:17.173-0300] {processor.py:925} INFO - DAG(s) 'latest_only' retrieved from /home/nico/.local/lib/python3.10/site-packages/airflow/example_dags/example_latest_only.py
[2024-11-03T00:14:17.224-0300] {logging_mixin.py:190} INFO - [2024-11-03T00:14:17.224-0300] {dag.py:3239} INFO - Sync 1 DAGs
[2024-11-03T00:14:17.274-0300] {logging_mixin.py:190} INFO - [2024-11-03T00:14:17.273-0300] {dag.py:4180} INFO - Setting next_dagrun for latest_only to 2024-11-02 20:00:00+00:00, run_after=2024-11-03 00:00:00+00:00
[2024-11-03T00:14:17.409-0300] {processor.py:208} INFO - Processing /home/nico/.local/lib/python3.10/site-packages/airflow/example_dags/example_latest_only.py took 0.273 seconds
[2024-11-03T00:15:44.905-0300] {processor.py:186} INFO - Started process (PID=221697) to work on /home/nico/.local/lib/python3.10/site-packages/airflow/example_dags/example_latest_only.py
[2024-11-03T00:15:44.915-0300] {processor.py:914} INFO - Processing file /home/nico/.local/lib/python3.10/site-packages/airflow/example_dags/example_latest_only.py for tasks to queue
[2024-11-03T00:15:44.919-0300] {logging_mixin.py:190} INFO - [2024-11-03T00:15:44.918-0300] {dagbag.py:588} INFO - Filling up the DagBag from /home/nico/.local/lib/python3.10/site-packages/airflow/example_dags/example_latest_only.py
[2024-11-03T00:15:44.958-0300] {processor.py:925} INFO - DAG(s) 'latest_only' retrieved from /home/nico/.local/lib/python3.10/site-packages/airflow/example_dags/example_latest_only.py
[2024-11-03T00:15:45.167-0300] {logging_mixin.py:190} INFO - [2024-11-03T00:15:45.166-0300] {dag.py:3239} INFO - Sync 1 DAGs
[2024-11-03T00:15:45.293-0300] {logging_mixin.py:190} INFO - [2024-11-03T00:15:45.292-0300] {dag.py:4180} INFO - Setting next_dagrun for latest_only to 2024-11-02 20:00:00+00:00, run_after=2024-11-03 00:00:00+00:00
[2024-11-03T00:15:45.515-0300] {processor.py:208} INFO - Processing /home/nico/.local/lib/python3.10/site-packages/airflow/example_dags/example_latest_only.py took 0.655 seconds
[2024-11-03T00:20:11.637-0300] {processor.py:186} INFO - Started process (PID=221757) to work on /home/nico/.local/lib/python3.10/site-packages/airflow/example_dags/example_latest_only.py
[2024-11-03T00:20:11.644-0300] {processor.py:914} INFO - Processing file /home/nico/.local/lib/python3.10/site-packages/airflow/example_dags/example_latest_only.py for tasks to queue
[2024-11-03T00:20:11.650-0300] {logging_mixin.py:190} INFO - [2024-11-03T00:20:11.649-0300] {dagbag.py:588} INFO - Filling up the DagBag from /home/nico/.local/lib/python3.10/site-packages/airflow/example_dags/example_latest_only.py
[2024-11-03T00:20:11.671-0300] {processor.py:925} INFO - DAG(s) 'latest_only' retrieved from /home/nico/.local/lib/python3.10/site-packages/airflow/example_dags/example_latest_only.py
[2024-11-03T00:20:11.786-0300] {logging_mixin.py:190} INFO - [2024-11-03T00:20:11.785-0300] {dag.py:3239} INFO - Sync 1 DAGs
[2024-11-03T00:20:11.862-0300] {logging_mixin.py:190} INFO - [2024-11-03T00:20:11.861-0300] {dag.py:4180} INFO - Setting next_dagrun for latest_only to 2024-11-02 20:00:00+00:00, run_after=2024-11-03 00:00:00+00:00
[2024-11-03T00:20:12.010-0300] {processor.py:208} INFO - Processing /home/nico/.local/lib/python3.10/site-packages/airflow/example_dags/example_latest_only.py took 0.406 seconds
[2024-11-03T00:34:48.480-0300] {processor.py:186} INFO - Started process (PID=221959) to work on /home/nico/.local/lib/python3.10/site-packages/airflow/example_dags/example_latest_only.py
[2024-11-03T00:34:48.496-0300] {processor.py:914} INFO - Processing file /home/nico/.local/lib/python3.10/site-packages/airflow/example_dags/example_latest_only.py for tasks to queue
[2024-11-03T00:34:48.501-0300] {logging_mixin.py:190} INFO - [2024-11-03T00:34:48.500-0300] {dagbag.py:588} INFO - Filling up the DagBag from /home/nico/.local/lib/python3.10/site-packages/airflow/example_dags/example_latest_only.py
[2024-11-03T00:34:48.523-0300] {processor.py:925} INFO - DAG(s) 'latest_only' retrieved from /home/nico/.local/lib/python3.10/site-packages/airflow/example_dags/example_latest_only.py
[2024-11-03T00:34:48.602-0300] {logging_mixin.py:190} INFO - [2024-11-03T00:34:48.601-0300] {dag.py:3239} INFO - Sync 1 DAGs
[2024-11-03T00:34:48.662-0300] {logging_mixin.py:190} INFO - [2024-11-03T00:34:48.662-0300] {dag.py:4180} INFO - Setting next_dagrun for latest_only to 2024-11-02 20:00:00+00:00, run_after=2024-11-03 00:00:00+00:00
[2024-11-03T00:34:48.860-0300] {processor.py:208} INFO - Processing /home/nico/.local/lib/python3.10/site-packages/airflow/example_dags/example_latest_only.py took 0.420 seconds
[2024-11-03T00:37:15.053-0300] {processor.py:186} INFO - Started process (PID=222017) to work on /home/nico/.local/lib/python3.10/site-packages/airflow/example_dags/example_latest_only.py
[2024-11-03T00:37:15.055-0300] {processor.py:914} INFO - Processing file /home/nico/.local/lib/python3.10/site-packages/airflow/example_dags/example_latest_only.py for tasks to queue
[2024-11-03T00:37:15.060-0300] {logging_mixin.py:190} INFO - [2024-11-03T00:37:15.059-0300] {dagbag.py:588} INFO - Filling up the DagBag from /home/nico/.local/lib/python3.10/site-packages/airflow/example_dags/example_latest_only.py
[2024-11-03T00:37:15.075-0300] {processor.py:925} INFO - DAG(s) 'latest_only' retrieved from /home/nico/.local/lib/python3.10/site-packages/airflow/example_dags/example_latest_only.py
[2024-11-03T00:37:15.163-0300] {logging_mixin.py:190} INFO - [2024-11-03T00:37:15.162-0300] {dag.py:3239} INFO - Sync 1 DAGs
[2024-11-03T00:37:15.235-0300] {logging_mixin.py:190} INFO - [2024-11-03T00:37:15.234-0300] {dag.py:4180} INFO - Setting next_dagrun for latest_only to 2024-11-02 20:00:00+00:00, run_after=2024-11-03 00:00:00+00:00
[2024-11-03T00:37:15.375-0300] {processor.py:208} INFO - Processing /home/nico/.local/lib/python3.10/site-packages/airflow/example_dags/example_latest_only.py took 0.336 seconds
[2024-11-03T00:38:54.944-0300] {processor.py:186} INFO - Started process (PID=222067) to work on /home/nico/.local/lib/python3.10/site-packages/airflow/example_dags/example_latest_only.py
[2024-11-03T00:38:54.964-0300] {processor.py:914} INFO - Processing file /home/nico/.local/lib/python3.10/site-packages/airflow/example_dags/example_latest_only.py for tasks to queue
[2024-11-03T00:38:54.969-0300] {logging_mixin.py:190} INFO - [2024-11-03T00:38:54.968-0300] {dagbag.py:588} INFO - Filling up the DagBag from /home/nico/.local/lib/python3.10/site-packages/airflow/example_dags/example_latest_only.py
[2024-11-03T00:38:55.029-0300] {processor.py:925} INFO - DAG(s) 'latest_only' retrieved from /home/nico/.local/lib/python3.10/site-packages/airflow/example_dags/example_latest_only.py
[2024-11-03T00:38:55.221-0300] {logging_mixin.py:190} INFO - [2024-11-03T00:38:55.220-0300] {dag.py:3239} INFO - Sync 1 DAGs
[2024-11-03T00:38:55.413-0300] {logging_mixin.py:190} INFO - [2024-11-03T00:38:55.412-0300] {dag.py:4180} INFO - Setting next_dagrun for latest_only to 2024-11-02 20:00:00+00:00, run_after=2024-11-03 00:00:00+00:00
[2024-11-03T00:38:55.634-0300] {processor.py:208} INFO - Processing /home/nico/.local/lib/python3.10/site-packages/airflow/example_dags/example_latest_only.py took 0.729 seconds
[2024-11-03T00:40:21.168-0300] {processor.py:186} INFO - Started process (PID=222110) to work on /home/nico/.local/lib/python3.10/site-packages/airflow/example_dags/example_latest_only.py
[2024-11-03T00:40:21.183-0300] {processor.py:914} INFO - Processing file /home/nico/.local/lib/python3.10/site-packages/airflow/example_dags/example_latest_only.py for tasks to queue
[2024-11-03T00:40:21.190-0300] {logging_mixin.py:190} INFO - [2024-11-03T00:40:21.189-0300] {dagbag.py:588} INFO - Filling up the DagBag from /home/nico/.local/lib/python3.10/site-packages/airflow/example_dags/example_latest_only.py
[2024-11-03T00:40:21.208-0300] {processor.py:925} INFO - DAG(s) 'latest_only' retrieved from /home/nico/.local/lib/python3.10/site-packages/airflow/example_dags/example_latest_only.py
[2024-11-03T00:40:21.280-0300] {logging_mixin.py:190} INFO - [2024-11-03T00:40:21.279-0300] {dag.py:3239} INFO - Sync 1 DAGs
[2024-11-03T00:40:21.340-0300] {logging_mixin.py:190} INFO - [2024-11-03T00:40:21.339-0300] {dag.py:4180} INFO - Setting next_dagrun for latest_only to 2024-11-02 20:00:00+00:00, run_after=2024-11-03 00:00:00+00:00
[2024-11-03T00:40:21.468-0300] {processor.py:208} INFO - Processing /home/nico/.local/lib/python3.10/site-packages/airflow/example_dags/example_latest_only.py took 0.366 seconds
[2024-11-03T00:41:43.207-0300] {processor.py:186} INFO - Started process (PID=222156) to work on /home/nico/.local/lib/python3.10/site-packages/airflow/example_dags/example_latest_only.py
[2024-11-03T00:41:43.211-0300] {processor.py:914} INFO - Processing file /home/nico/.local/lib/python3.10/site-packages/airflow/example_dags/example_latest_only.py for tasks to queue
[2024-11-03T00:41:43.217-0300] {logging_mixin.py:190} INFO - [2024-11-03T00:41:43.215-0300] {dagbag.py:588} INFO - Filling up the DagBag from /home/nico/.local/lib/python3.10/site-packages/airflow/example_dags/example_latest_only.py
[2024-11-03T00:41:43.248-0300] {processor.py:925} INFO - DAG(s) 'latest_only' retrieved from /home/nico/.local/lib/python3.10/site-packages/airflow/example_dags/example_latest_only.py
[2024-11-03T00:41:43.343-0300] {logging_mixin.py:190} INFO - [2024-11-03T00:41:43.342-0300] {dag.py:3239} INFO - Sync 1 DAGs
[2024-11-03T00:41:43.400-0300] {logging_mixin.py:190} INFO - [2024-11-03T00:41:43.399-0300] {dag.py:4180} INFO - Setting next_dagrun for latest_only to 2024-11-02 20:00:00+00:00, run_after=2024-11-03 00:00:00+00:00
[2024-11-03T00:41:43.539-0300] {processor.py:208} INFO - Processing /home/nico/.local/lib/python3.10/site-packages/airflow/example_dags/example_latest_only.py took 0.368 seconds
[2024-11-03T00:43:02.634-0300] {processor.py:186} INFO - Started process (PID=222200) to work on /home/nico/.local/lib/python3.10/site-packages/airflow/example_dags/example_latest_only.py
[2024-11-03T00:43:02.642-0300] {processor.py:914} INFO - Processing file /home/nico/.local/lib/python3.10/site-packages/airflow/example_dags/example_latest_only.py for tasks to queue
[2024-11-03T00:43:02.660-0300] {logging_mixin.py:190} INFO - [2024-11-03T00:43:02.659-0300] {dagbag.py:588} INFO - Filling up the DagBag from /home/nico/.local/lib/python3.10/site-packages/airflow/example_dags/example_latest_only.py
[2024-11-03T00:43:02.709-0300] {processor.py:925} INFO - DAG(s) 'latest_only' retrieved from /home/nico/.local/lib/python3.10/site-packages/airflow/example_dags/example_latest_only.py
[2024-11-03T00:43:02.907-0300] {logging_mixin.py:190} INFO - [2024-11-03T00:43:02.906-0300] {dag.py:3239} INFO - Sync 1 DAGs
[2024-11-03T00:43:03.108-0300] {logging_mixin.py:190} INFO - [2024-11-03T00:43:03.107-0300] {dag.py:4180} INFO - Setting next_dagrun for latest_only to 2024-11-02 20:00:00+00:00, run_after=2024-11-03 00:00:00+00:00
[2024-11-03T00:43:03.340-0300] {processor.py:208} INFO - Processing /home/nico/.local/lib/python3.10/site-packages/airflow/example_dags/example_latest_only.py took 0.758 seconds
[2024-11-03T00:44:37.097-0300] {processor.py:186} INFO - Started process (PID=222244) to work on /home/nico/.local/lib/python3.10/site-packages/airflow/example_dags/example_latest_only.py
[2024-11-03T00:44:37.100-0300] {processor.py:914} INFO - Processing file /home/nico/.local/lib/python3.10/site-packages/airflow/example_dags/example_latest_only.py for tasks to queue
[2024-11-03T00:44:37.105-0300] {logging_mixin.py:190} INFO - [2024-11-03T00:44:37.104-0300] {dagbag.py:588} INFO - Filling up the DagBag from /home/nico/.local/lib/python3.10/site-packages/airflow/example_dags/example_latest_only.py
[2024-11-03T00:44:37.125-0300] {processor.py:925} INFO - DAG(s) 'latest_only' retrieved from /home/nico/.local/lib/python3.10/site-packages/airflow/example_dags/example_latest_only.py
[2024-11-03T00:44:37.200-0300] {logging_mixin.py:190} INFO - [2024-11-03T00:44:37.199-0300] {dag.py:3239} INFO - Sync 1 DAGs
[2024-11-03T00:44:37.265-0300] {logging_mixin.py:190} INFO - [2024-11-03T00:44:37.265-0300] {dag.py:4180} INFO - Setting next_dagrun for latest_only to 2024-11-02 20:00:00+00:00, run_after=2024-11-03 00:00:00+00:00
[2024-11-03T00:44:37.383-0300] {processor.py:208} INFO - Processing /home/nico/.local/lib/python3.10/site-packages/airflow/example_dags/example_latest_only.py took 0.300 seconds
[2024-11-03T00:47:04.061-0300] {processor.py:186} INFO - Started process (PID=222298) to work on /home/nico/.local/lib/python3.10/site-packages/airflow/example_dags/example_latest_only.py
[2024-11-03T00:47:04.064-0300] {processor.py:914} INFO - Processing file /home/nico/.local/lib/python3.10/site-packages/airflow/example_dags/example_latest_only.py for tasks to queue
[2024-11-03T00:47:04.069-0300] {logging_mixin.py:190} INFO - [2024-11-03T00:47:04.068-0300] {dagbag.py:588} INFO - Filling up the DagBag from /home/nico/.local/lib/python3.10/site-packages/airflow/example_dags/example_latest_only.py
[2024-11-03T00:47:04.093-0300] {processor.py:925} INFO - DAG(s) 'latest_only' retrieved from /home/nico/.local/lib/python3.10/site-packages/airflow/example_dags/example_latest_only.py
[2024-11-03T00:47:04.173-0300] {logging_mixin.py:190} INFO - [2024-11-03T00:47:04.172-0300] {dag.py:3239} INFO - Sync 1 DAGs
[2024-11-03T00:47:04.233-0300] {logging_mixin.py:190} INFO - [2024-11-03T00:47:04.233-0300] {dag.py:4180} INFO - Setting next_dagrun for latest_only to 2024-11-02 20:00:00+00:00, run_after=2024-11-03 00:00:00+00:00
[2024-11-03T00:47:04.370-0300] {processor.py:208} INFO - Processing /home/nico/.local/lib/python3.10/site-packages/airflow/example_dags/example_latest_only.py took 0.331 seconds
[2024-11-03T00:49:13.143-0300] {processor.py:186} INFO - Started process (PID=222353) to work on /home/nico/.local/lib/python3.10/site-packages/airflow/example_dags/example_latest_only.py
[2024-11-03T00:49:13.148-0300] {processor.py:914} INFO - Processing file /home/nico/.local/lib/python3.10/site-packages/airflow/example_dags/example_latest_only.py for tasks to queue
[2024-11-03T00:49:13.154-0300] {logging_mixin.py:190} INFO - [2024-11-03T00:49:13.153-0300] {dagbag.py:588} INFO - Filling up the DagBag from /home/nico/.local/lib/python3.10/site-packages/airflow/example_dags/example_latest_only.py
[2024-11-03T00:49:13.185-0300] {processor.py:925} INFO - DAG(s) 'latest_only' retrieved from /home/nico/.local/lib/python3.10/site-packages/airflow/example_dags/example_latest_only.py
[2024-11-03T00:49:13.283-0300] {logging_mixin.py:190} INFO - [2024-11-03T00:49:13.283-0300] {dag.py:3239} INFO - Sync 1 DAGs
[2024-11-03T00:49:13.357-0300] {logging_mixin.py:190} INFO - [2024-11-03T00:49:13.356-0300] {dag.py:4180} INFO - Setting next_dagrun for latest_only to 2024-11-02 20:00:00+00:00, run_after=2024-11-03 00:00:00+00:00
[2024-11-03T00:49:13.485-0300] {processor.py:208} INFO - Processing /home/nico/.local/lib/python3.10/site-packages/airflow/example_dags/example_latest_only.py took 0.369 seconds
[2024-11-03T00:50:44.065-0300] {processor.py:186} INFO - Started process (PID=222400) to work on /home/nico/.local/lib/python3.10/site-packages/airflow/example_dags/example_latest_only.py
[2024-11-03T00:50:44.068-0300] {processor.py:914} INFO - Processing file /home/nico/.local/lib/python3.10/site-packages/airflow/example_dags/example_latest_only.py for tasks to queue
[2024-11-03T00:50:44.073-0300] {logging_mixin.py:190} INFO - [2024-11-03T00:50:44.072-0300] {dagbag.py:588} INFO - Filling up the DagBag from /home/nico/.local/lib/python3.10/site-packages/airflow/example_dags/example_latest_only.py
[2024-11-03T00:50:44.090-0300] {processor.py:925} INFO - DAG(s) 'latest_only' retrieved from /home/nico/.local/lib/python3.10/site-packages/airflow/example_dags/example_latest_only.py
[2024-11-03T00:50:44.490-0300] {logging_mixin.py:190} INFO - [2024-11-03T00:50:44.490-0300] {dag.py:3239} INFO - Sync 1 DAGs
[2024-11-03T00:50:44.649-0300] {logging_mixin.py:190} INFO - [2024-11-03T00:50:44.648-0300] {dag.py:4180} INFO - Setting next_dagrun for latest_only to 2024-11-02 20:00:00+00:00, run_after=2024-11-03 00:00:00+00:00
[2024-11-03T00:50:44.804-0300] {processor.py:208} INFO - Processing /home/nico/.local/lib/python3.10/site-packages/airflow/example_dags/example_latest_only.py took 0.759 seconds
[2024-11-03T00:52:55.186-0300] {processor.py:186} INFO - Started process (PID=222444) to work on /home/nico/.local/lib/python3.10/site-packages/airflow/example_dags/example_latest_only.py
[2024-11-03T00:52:55.237-0300] {processor.py:914} INFO - Processing file /home/nico/.local/lib/python3.10/site-packages/airflow/example_dags/example_latest_only.py for tasks to queue
[2024-11-03T00:52:55.243-0300] {logging_mixin.py:190} INFO - [2024-11-03T00:52:55.242-0300] {dagbag.py:588} INFO - Filling up the DagBag from /home/nico/.local/lib/python3.10/site-packages/airflow/example_dags/example_latest_only.py
[2024-11-03T00:52:55.294-0300] {processor.py:925} INFO - DAG(s) 'latest_only' retrieved from /home/nico/.local/lib/python3.10/site-packages/airflow/example_dags/example_latest_only.py
[2024-11-03T00:52:55.559-0300] {logging_mixin.py:190} INFO - [2024-11-03T00:52:55.558-0300] {dag.py:3239} INFO - Sync 1 DAGs
[2024-11-03T00:52:55.755-0300] {logging_mixin.py:190} INFO - [2024-11-03T00:52:55.754-0300] {dag.py:4180} INFO - Setting next_dagrun for latest_only to 2024-11-02 20:00:00+00:00, run_after=2024-11-03 00:00:00+00:00
[2024-11-03T00:52:56.440-0300] {processor.py:208} INFO - Processing /home/nico/.local/lib/python3.10/site-packages/airflow/example_dags/example_latest_only.py took 1.294 seconds
[2024-11-03T00:55:06.035-0300] {processor.py:186} INFO - Started process (PID=222495) to work on /home/nico/.local/lib/python3.10/site-packages/airflow/example_dags/example_latest_only.py
[2024-11-03T00:55:06.048-0300] {processor.py:914} INFO - Processing file /home/nico/.local/lib/python3.10/site-packages/airflow/example_dags/example_latest_only.py for tasks to queue
[2024-11-03T00:55:06.061-0300] {logging_mixin.py:190} INFO - [2024-11-03T00:55:06.051-0300] {dagbag.py:588} INFO - Filling up the DagBag from /home/nico/.local/lib/python3.10/site-packages/airflow/example_dags/example_latest_only.py
[2024-11-03T00:55:06.109-0300] {processor.py:925} INFO - DAG(s) 'latest_only' retrieved from /home/nico/.local/lib/python3.10/site-packages/airflow/example_dags/example_latest_only.py
[2024-11-03T00:55:06.231-0300] {logging_mixin.py:190} INFO - [2024-11-03T00:55:06.230-0300] {dag.py:3239} INFO - Sync 1 DAGs
[2024-11-03T00:55:06.334-0300] {logging_mixin.py:190} INFO - [2024-11-03T00:55:06.333-0300] {dag.py:4180} INFO - Setting next_dagrun for latest_only to 2024-11-02 20:00:00+00:00, run_after=2024-11-03 00:00:00+00:00
[2024-11-03T00:55:06.577-0300] {processor.py:208} INFO - Processing /home/nico/.local/lib/python3.10/site-packages/airflow/example_dags/example_latest_only.py took 0.582 seconds
[2024-11-03T00:57:14.349-0300] {processor.py:186} INFO - Started process (PID=222545) to work on /home/nico/.local/lib/python3.10/site-packages/airflow/example_dags/example_latest_only.py
[2024-11-03T00:57:14.351-0300] {processor.py:914} INFO - Processing file /home/nico/.local/lib/python3.10/site-packages/airflow/example_dags/example_latest_only.py for tasks to queue
[2024-11-03T00:57:14.355-0300] {logging_mixin.py:190} INFO - [2024-11-03T00:57:14.354-0300] {dagbag.py:588} INFO - Filling up the DagBag from /home/nico/.local/lib/python3.10/site-packages/airflow/example_dags/example_latest_only.py
[2024-11-03T00:57:14.378-0300] {processor.py:925} INFO - DAG(s) 'latest_only' retrieved from /home/nico/.local/lib/python3.10/site-packages/airflow/example_dags/example_latest_only.py
[2024-11-03T00:57:14.433-0300] {logging_mixin.py:190} INFO - [2024-11-03T00:57:14.433-0300] {dag.py:3239} INFO - Sync 1 DAGs
[2024-11-03T00:57:14.491-0300] {logging_mixin.py:190} INFO - [2024-11-03T00:57:14.490-0300] {dag.py:4180} INFO - Setting next_dagrun for latest_only to 2024-11-02 20:00:00+00:00, run_after=2024-11-03 00:00:00+00:00
[2024-11-03T00:57:15.340-0300] {processor.py:208} INFO - Processing /home/nico/.local/lib/python3.10/site-packages/airflow/example_dags/example_latest_only.py took 1.007 seconds
[2024-11-03T00:59:06.554-0300] {processor.py:186} INFO - Started process (PID=222596) to work on /home/nico/.local/lib/python3.10/site-packages/airflow/example_dags/example_latest_only.py
[2024-11-03T00:59:06.557-0300] {processor.py:914} INFO - Processing file /home/nico/.local/lib/python3.10/site-packages/airflow/example_dags/example_latest_only.py for tasks to queue
[2024-11-03T00:59:06.561-0300] {logging_mixin.py:190} INFO - [2024-11-03T00:59:06.560-0300] {dagbag.py:588} INFO - Filling up the DagBag from /home/nico/.local/lib/python3.10/site-packages/airflow/example_dags/example_latest_only.py
[2024-11-03T00:59:06.581-0300] {processor.py:925} INFO - DAG(s) 'latest_only' retrieved from /home/nico/.local/lib/python3.10/site-packages/airflow/example_dags/example_latest_only.py
[2024-11-03T00:59:06.637-0300] {logging_mixin.py:190} INFO - [2024-11-03T00:59:06.636-0300] {dag.py:3239} INFO - Sync 1 DAGs
[2024-11-03T00:59:06.693-0300] {logging_mixin.py:190} INFO - [2024-11-03T00:59:06.693-0300] {dag.py:4180} INFO - Setting next_dagrun for latest_only to 2024-11-02 20:00:00+00:00, run_after=2024-11-03 00:00:00+00:00
[2024-11-03T00:59:06.816-0300] {processor.py:208} INFO - Processing /home/nico/.local/lib/python3.10/site-packages/airflow/example_dags/example_latest_only.py took 0.276 seconds
[2024-11-03T01:00:36.608-0300] {processor.py:186} INFO - Started process (PID=222644) to work on /home/nico/.local/lib/python3.10/site-packages/airflow/example_dags/example_latest_only.py
[2024-11-03T01:00:36.612-0300] {processor.py:914} INFO - Processing file /home/nico/.local/lib/python3.10/site-packages/airflow/example_dags/example_latest_only.py for tasks to queue
[2024-11-03T01:00:36.617-0300] {logging_mixin.py:190} INFO - [2024-11-03T01:00:36.616-0300] {dagbag.py:588} INFO - Filling up the DagBag from /home/nico/.local/lib/python3.10/site-packages/airflow/example_dags/example_latest_only.py
[2024-11-03T01:00:36.637-0300] {processor.py:925} INFO - DAG(s) 'latest_only' retrieved from /home/nico/.local/lib/python3.10/site-packages/airflow/example_dags/example_latest_only.py
[2024-11-03T01:00:36.715-0300] {logging_mixin.py:190} INFO - [2024-11-03T01:00:36.715-0300] {dag.py:3239} INFO - Sync 1 DAGs
[2024-11-03T01:00:36.839-0300] {logging_mixin.py:190} INFO - [2024-11-03T01:00:36.838-0300] {dag.py:4180} INFO - Setting next_dagrun for latest_only to 2024-11-03 00:00:00+00:00, run_after=2024-11-03 04:00:00+00:00
[2024-11-03T01:00:37.100-0300] {processor.py:208} INFO - Processing /home/nico/.local/lib/python3.10/site-packages/airflow/example_dags/example_latest_only.py took 0.509 seconds
[2024-11-03T01:02:01.178-0300] {processor.py:186} INFO - Started process (PID=222691) to work on /home/nico/.local/lib/python3.10/site-packages/airflow/example_dags/example_latest_only.py
[2024-11-03T01:02:01.181-0300] {processor.py:914} INFO - Processing file /home/nico/.local/lib/python3.10/site-packages/airflow/example_dags/example_latest_only.py for tasks to queue
[2024-11-03T01:02:01.186-0300] {logging_mixin.py:190} INFO - [2024-11-03T01:02:01.185-0300] {dagbag.py:588} INFO - Filling up the DagBag from /home/nico/.local/lib/python3.10/site-packages/airflow/example_dags/example_latest_only.py
[2024-11-03T01:02:01.207-0300] {processor.py:925} INFO - DAG(s) 'latest_only' retrieved from /home/nico/.local/lib/python3.10/site-packages/airflow/example_dags/example_latest_only.py
[2024-11-03T01:02:01.268-0300] {logging_mixin.py:190} INFO - [2024-11-03T01:02:01.268-0300] {dag.py:3239} INFO - Sync 1 DAGs
[2024-11-03T01:02:01.328-0300] {logging_mixin.py:190} INFO - [2024-11-03T01:02:01.327-0300] {dag.py:4180} INFO - Setting next_dagrun for latest_only to 2024-11-03 00:00:00+00:00, run_after=2024-11-03 04:00:00+00:00
[2024-11-03T01:02:01.469-0300] {processor.py:208} INFO - Processing /home/nico/.local/lib/python3.10/site-packages/airflow/example_dags/example_latest_only.py took 0.314 seconds
[2024-11-03T01:03:27.902-0300] {processor.py:186} INFO - Started process (PID=222736) to work on /home/nico/.local/lib/python3.10/site-packages/airflow/example_dags/example_latest_only.py
[2024-11-03T01:03:27.905-0300] {processor.py:914} INFO - Processing file /home/nico/.local/lib/python3.10/site-packages/airflow/example_dags/example_latest_only.py for tasks to queue
[2024-11-03T01:03:27.919-0300] {logging_mixin.py:190} INFO - [2024-11-03T01:03:27.918-0300] {dagbag.py:588} INFO - Filling up the DagBag from /home/nico/.local/lib/python3.10/site-packages/airflow/example_dags/example_latest_only.py
[2024-11-03T01:03:27.965-0300] {processor.py:925} INFO - DAG(s) 'latest_only' retrieved from /home/nico/.local/lib/python3.10/site-packages/airflow/example_dags/example_latest_only.py
[2024-11-03T01:03:28.057-0300] {logging_mixin.py:190} INFO - [2024-11-03T01:03:28.056-0300] {dag.py:3239} INFO - Sync 1 DAGs
[2024-11-03T01:03:28.127-0300] {logging_mixin.py:190} INFO - [2024-11-03T01:03:28.126-0300] {dag.py:4180} INFO - Setting next_dagrun for latest_only to 2024-11-03 00:00:00+00:00, run_after=2024-11-03 04:00:00+00:00
[2024-11-03T01:03:28.252-0300] {processor.py:208} INFO - Processing /home/nico/.local/lib/python3.10/site-packages/airflow/example_dags/example_latest_only.py took 0.407 seconds
[2024-11-03T01:04:56.407-0300] {processor.py:186} INFO - Started process (PID=222781) to work on /home/nico/.local/lib/python3.10/site-packages/airflow/example_dags/example_latest_only.py
[2024-11-03T01:04:56.410-0300] {processor.py:914} INFO - Processing file /home/nico/.local/lib/python3.10/site-packages/airflow/example_dags/example_latest_only.py for tasks to queue
[2024-11-03T01:04:56.414-0300] {logging_mixin.py:190} INFO - [2024-11-03T01:04:56.413-0300] {dagbag.py:588} INFO - Filling up the DagBag from /home/nico/.local/lib/python3.10/site-packages/airflow/example_dags/example_latest_only.py
[2024-11-03T01:04:56.433-0300] {processor.py:925} INFO - DAG(s) 'latest_only' retrieved from /home/nico/.local/lib/python3.10/site-packages/airflow/example_dags/example_latest_only.py
[2024-11-03T01:04:56.493-0300] {logging_mixin.py:190} INFO - [2024-11-03T01:04:56.492-0300] {dag.py:3239} INFO - Sync 1 DAGs
[2024-11-03T01:04:56.553-0300] {logging_mixin.py:190} INFO - [2024-11-03T01:04:56.553-0300] {dag.py:4180} INFO - Setting next_dagrun for latest_only to 2024-11-03 00:00:00+00:00, run_after=2024-11-03 04:00:00+00:00
[2024-11-03T01:04:56.721-0300] {processor.py:208} INFO - Processing /home/nico/.local/lib/python3.10/site-packages/airflow/example_dags/example_latest_only.py took 0.336 seconds
[2024-11-03T01:06:25.477-0300] {processor.py:186} INFO - Started process (PID=222827) to work on /home/nico/.local/lib/python3.10/site-packages/airflow/example_dags/example_latest_only.py
[2024-11-03T01:06:25.490-0300] {processor.py:914} INFO - Processing file /home/nico/.local/lib/python3.10/site-packages/airflow/example_dags/example_latest_only.py for tasks to queue
[2024-11-03T01:06:25.494-0300] {logging_mixin.py:190} INFO - [2024-11-03T01:06:25.493-0300] {dagbag.py:588} INFO - Filling up the DagBag from /home/nico/.local/lib/python3.10/site-packages/airflow/example_dags/example_latest_only.py
[2024-11-03T01:06:25.515-0300] {processor.py:925} INFO - DAG(s) 'latest_only' retrieved from /home/nico/.local/lib/python3.10/site-packages/airflow/example_dags/example_latest_only.py
[2024-11-03T01:06:25.569-0300] {logging_mixin.py:190} INFO - [2024-11-03T01:06:25.568-0300] {dag.py:3239} INFO - Sync 1 DAGs
[2024-11-03T01:06:25.625-0300] {logging_mixin.py:190} INFO - [2024-11-03T01:06:25.624-0300] {dag.py:4180} INFO - Setting next_dagrun for latest_only to 2024-11-03 00:00:00+00:00, run_after=2024-11-03 04:00:00+00:00
[2024-11-03T01:06:25.748-0300] {processor.py:208} INFO - Processing /home/nico/.local/lib/python3.10/site-packages/airflow/example_dags/example_latest_only.py took 0.292 seconds
[2024-11-03T01:07:50.942-0300] {processor.py:186} INFO - Started process (PID=222873) to work on /home/nico/.local/lib/python3.10/site-packages/airflow/example_dags/example_latest_only.py
[2024-11-03T01:07:50.945-0300] {processor.py:914} INFO - Processing file /home/nico/.local/lib/python3.10/site-packages/airflow/example_dags/example_latest_only.py for tasks to queue
[2024-11-03T01:07:50.949-0300] {logging_mixin.py:190} INFO - [2024-11-03T01:07:50.948-0300] {dagbag.py:588} INFO - Filling up the DagBag from /home/nico/.local/lib/python3.10/site-packages/airflow/example_dags/example_latest_only.py
[2024-11-03T01:07:50.968-0300] {processor.py:925} INFO - DAG(s) 'latest_only' retrieved from /home/nico/.local/lib/python3.10/site-packages/airflow/example_dags/example_latest_only.py
[2024-11-03T01:07:51.094-0300] {logging_mixin.py:190} INFO - [2024-11-03T01:07:51.094-0300] {dag.py:3239} INFO - Sync 1 DAGs
[2024-11-03T01:07:51.174-0300] {logging_mixin.py:190} INFO - [2024-11-03T01:07:51.173-0300] {dag.py:4180} INFO - Setting next_dagrun for latest_only to 2024-11-03 00:00:00+00:00, run_after=2024-11-03 04:00:00+00:00
[2024-11-03T01:07:51.332-0300] {processor.py:208} INFO - Processing /home/nico/.local/lib/python3.10/site-packages/airflow/example_dags/example_latest_only.py took 0.421 seconds
[2024-11-03T01:09:22.403-0300] {processor.py:186} INFO - Started process (PID=222915) to work on /home/nico/.local/lib/python3.10/site-packages/airflow/example_dags/example_latest_only.py
[2024-11-03T01:09:22.419-0300] {processor.py:914} INFO - Processing file /home/nico/.local/lib/python3.10/site-packages/airflow/example_dags/example_latest_only.py for tasks to queue
[2024-11-03T01:09:22.428-0300] {logging_mixin.py:190} INFO - [2024-11-03T01:09:22.425-0300] {dagbag.py:588} INFO - Filling up the DagBag from /home/nico/.local/lib/python3.10/site-packages/airflow/example_dags/example_latest_only.py
[2024-11-03T01:09:22.478-0300] {processor.py:925} INFO - DAG(s) 'latest_only' retrieved from /home/nico/.local/lib/python3.10/site-packages/airflow/example_dags/example_latest_only.py
[2024-11-03T01:09:22.641-0300] {logging_mixin.py:190} INFO - [2024-11-03T01:09:22.640-0300] {dag.py:3239} INFO - Sync 1 DAGs
[2024-11-03T01:09:22.744-0300] {logging_mixin.py:190} INFO - [2024-11-03T01:09:22.743-0300] {dag.py:4180} INFO - Setting next_dagrun for latest_only to 2024-11-03 00:00:00+00:00, run_after=2024-11-03 04:00:00+00:00
[2024-11-03T01:09:22.872-0300] {processor.py:208} INFO - Processing /home/nico/.local/lib/python3.10/site-packages/airflow/example_dags/example_latest_only.py took 0.508 seconds
[2024-11-03T01:10:53.321-0300] {processor.py:186} INFO - Started process (PID=222961) to work on /home/nico/.local/lib/python3.10/site-packages/airflow/example_dags/example_latest_only.py
[2024-11-03T01:10:53.323-0300] {processor.py:914} INFO - Processing file /home/nico/.local/lib/python3.10/site-packages/airflow/example_dags/example_latest_only.py for tasks to queue
[2024-11-03T01:10:53.328-0300] {logging_mixin.py:190} INFO - [2024-11-03T01:10:53.327-0300] {dagbag.py:588} INFO - Filling up the DagBag from /home/nico/.local/lib/python3.10/site-packages/airflow/example_dags/example_latest_only.py
[2024-11-03T01:10:53.350-0300] {processor.py:925} INFO - DAG(s) 'latest_only' retrieved from /home/nico/.local/lib/python3.10/site-packages/airflow/example_dags/example_latest_only.py
[2024-11-03T01:10:53.420-0300] {logging_mixin.py:190} INFO - [2024-11-03T01:10:53.419-0300] {dag.py:3239} INFO - Sync 1 DAGs
[2024-11-03T01:10:53.522-0300] {logging_mixin.py:190} INFO - [2024-11-03T01:10:53.521-0300] {dag.py:4180} INFO - Setting next_dagrun for latest_only to 2024-11-03 00:00:00+00:00, run_after=2024-11-03 04:00:00+00:00
[2024-11-03T01:10:53.662-0300] {processor.py:208} INFO - Processing /home/nico/.local/lib/python3.10/site-packages/airflow/example_dags/example_latest_only.py took 0.366 seconds
[2024-11-03T01:12:25.831-0300] {processor.py:186} INFO - Started process (PID=223009) to work on /home/nico/.local/lib/python3.10/site-packages/airflow/example_dags/example_latest_only.py
[2024-11-03T01:12:25.834-0300] {processor.py:914} INFO - Processing file /home/nico/.local/lib/python3.10/site-packages/airflow/example_dags/example_latest_only.py for tasks to queue
[2024-11-03T01:12:25.839-0300] {logging_mixin.py:190} INFO - [2024-11-03T01:12:25.838-0300] {dagbag.py:588} INFO - Filling up the DagBag from /home/nico/.local/lib/python3.10/site-packages/airflow/example_dags/example_latest_only.py
[2024-11-03T01:12:25.860-0300] {processor.py:925} INFO - DAG(s) 'latest_only' retrieved from /home/nico/.local/lib/python3.10/site-packages/airflow/example_dags/example_latest_only.py
[2024-11-03T01:12:25.941-0300] {logging_mixin.py:190} INFO - [2024-11-03T01:12:25.940-0300] {dag.py:3239} INFO - Sync 1 DAGs
[2024-11-03T01:12:26.018-0300] {logging_mixin.py:190} INFO - [2024-11-03T01:12:26.018-0300] {dag.py:4180} INFO - Setting next_dagrun for latest_only to 2024-11-03 00:00:00+00:00, run_after=2024-11-03 04:00:00+00:00
[2024-11-03T01:12:26.145-0300] {processor.py:208} INFO - Processing /home/nico/.local/lib/python3.10/site-packages/airflow/example_dags/example_latest_only.py took 0.329 seconds
[2024-11-03T01:14:33.416-0300] {processor.py:186} INFO - Started process (PID=223056) to work on /home/nico/.local/lib/python3.10/site-packages/airflow/example_dags/example_latest_only.py
[2024-11-03T01:14:33.420-0300] {processor.py:914} INFO - Processing file /home/nico/.local/lib/python3.10/site-packages/airflow/example_dags/example_latest_only.py for tasks to queue
[2024-11-03T01:14:33.431-0300] {logging_mixin.py:190} INFO - [2024-11-03T01:14:33.430-0300] {dagbag.py:588} INFO - Filling up the DagBag from /home/nico/.local/lib/python3.10/site-packages/airflow/example_dags/example_latest_only.py
[2024-11-03T01:14:33.452-0300] {processor.py:925} INFO - DAG(s) 'latest_only' retrieved from /home/nico/.local/lib/python3.10/site-packages/airflow/example_dags/example_latest_only.py
[2024-11-03T01:14:33.723-0300] {logging_mixin.py:190} INFO - [2024-11-03T01:14:33.721-0300] {dag.py:3239} INFO - Sync 1 DAGs
[2024-11-03T01:14:33.812-0300] {logging_mixin.py:190} INFO - [2024-11-03T01:14:33.812-0300] {dag.py:4180} INFO - Setting next_dagrun for latest_only to 2024-11-03 00:00:00+00:00, run_after=2024-11-03 04:00:00+00:00
[2024-11-03T01:14:33.964-0300] {processor.py:208} INFO - Processing /home/nico/.local/lib/python3.10/site-packages/airflow/example_dags/example_latest_only.py took 0.598 seconds
[2024-11-03T01:19:06.017-0300] {processor.py:186} INFO - Started process (PID=223120) to work on /home/nico/.local/lib/python3.10/site-packages/airflow/example_dags/example_latest_only.py
[2024-11-03T01:19:06.051-0300] {processor.py:914} INFO - Processing file /home/nico/.local/lib/python3.10/site-packages/airflow/example_dags/example_latest_only.py for tasks to queue
[2024-11-03T01:19:06.063-0300] {logging_mixin.py:190} INFO - [2024-11-03T01:19:06.062-0300] {dagbag.py:588} INFO - Filling up the DagBag from /home/nico/.local/lib/python3.10/site-packages/airflow/example_dags/example_latest_only.py
[2024-11-03T01:19:06.111-0300] {processor.py:925} INFO - DAG(s) 'latest_only' retrieved from /home/nico/.local/lib/python3.10/site-packages/airflow/example_dags/example_latest_only.py
[2024-11-03T01:19:06.267-0300] {logging_mixin.py:190} INFO - [2024-11-03T01:19:06.267-0300] {dag.py:3239} INFO - Sync 1 DAGs
[2024-11-03T01:19:06.338-0300] {logging_mixin.py:190} INFO - [2024-11-03T01:19:06.338-0300] {dag.py:4180} INFO - Setting next_dagrun for latest_only to 2024-11-03 00:00:00+00:00, run_after=2024-11-03 04:00:00+00:00
[2024-11-03T01:19:06.470-0300] {processor.py:208} INFO - Processing /home/nico/.local/lib/python3.10/site-packages/airflow/example_dags/example_latest_only.py took 0.502 seconds
[2024-11-03T01:21:07.429-0300] {processor.py:186} INFO - Started process (PID=223173) to work on /home/nico/.local/lib/python3.10/site-packages/airflow/example_dags/example_latest_only.py
[2024-11-03T01:21:07.433-0300] {processor.py:914} INFO - Processing file /home/nico/.local/lib/python3.10/site-packages/airflow/example_dags/example_latest_only.py for tasks to queue
[2024-11-03T01:21:07.437-0300] {logging_mixin.py:190} INFO - [2024-11-03T01:21:07.436-0300] {dagbag.py:588} INFO - Filling up the DagBag from /home/nico/.local/lib/python3.10/site-packages/airflow/example_dags/example_latest_only.py
[2024-11-03T01:21:07.455-0300] {processor.py:925} INFO - DAG(s) 'latest_only' retrieved from /home/nico/.local/lib/python3.10/site-packages/airflow/example_dags/example_latest_only.py
[2024-11-03T01:21:07.517-0300] {logging_mixin.py:190} INFO - [2024-11-03T01:21:07.517-0300] {dag.py:3239} INFO - Sync 1 DAGs
[2024-11-03T01:21:07.578-0300] {logging_mixin.py:190} INFO - [2024-11-03T01:21:07.578-0300] {dag.py:4180} INFO - Setting next_dagrun for latest_only to 2024-11-03 00:00:00+00:00, run_after=2024-11-03 04:00:00+00:00
[2024-11-03T01:21:07.718-0300] {processor.py:208} INFO - Processing /home/nico/.local/lib/python3.10/site-packages/airflow/example_dags/example_latest_only.py took 0.307 seconds
[2024-11-03T01:23:53.068-0300] {processor.py:186} INFO - Started process (PID=223224) to work on /home/nico/.local/lib/python3.10/site-packages/airflow/example_dags/example_latest_only.py
[2024-11-03T01:23:53.071-0300] {processor.py:914} INFO - Processing file /home/nico/.local/lib/python3.10/site-packages/airflow/example_dags/example_latest_only.py for tasks to queue
[2024-11-03T01:23:53.075-0300] {logging_mixin.py:190} INFO - [2024-11-03T01:23:53.074-0300] {dagbag.py:588} INFO - Filling up the DagBag from /home/nico/.local/lib/python3.10/site-packages/airflow/example_dags/example_latest_only.py
[2024-11-03T01:23:53.098-0300] {processor.py:925} INFO - DAG(s) 'latest_only' retrieved from /home/nico/.local/lib/python3.10/site-packages/airflow/example_dags/example_latest_only.py
[2024-11-03T01:23:53.179-0300] {logging_mixin.py:190} INFO - [2024-11-03T01:23:53.178-0300] {dag.py:3239} INFO - Sync 1 DAGs
[2024-11-03T01:23:53.269-0300] {logging_mixin.py:190} INFO - [2024-11-03T01:23:53.268-0300] {dag.py:4180} INFO - Setting next_dagrun for latest_only to 2024-11-03 00:00:00+00:00, run_after=2024-11-03 04:00:00+00:00
[2024-11-03T01:23:53.417-0300] {processor.py:208} INFO - Processing /home/nico/.local/lib/python3.10/site-packages/airflow/example_dags/example_latest_only.py took 0.376 seconds
