[2024-11-02T21:35:51.554-0300] {processor.py:186} INFO - Started process (PID=220045) to work on /home/nico/.local/lib/python3.10/site-packages/airflow/example_dags/example_branch_python_dop_operator_3.py
[2024-11-02T21:35:51.559-0300] {processor.py:914} INFO - Processing file /home/nico/.local/lib/python3.10/site-packages/airflow/example_dags/example_branch_python_dop_operator_3.py for tasks to queue
[2024-11-02T21:35:51.568-0300] {logging_mixin.py:190} INFO - [2024-11-02T21:35:51.564-0300] {dagbag.py:588} INFO - Filling up the DagBag from /home/nico/.local/lib/python3.10/site-packages/airflow/example_dags/example_branch_python_dop_operator_3.py
[2024-11-02T21:35:51.596-0300] {processor.py:925} INFO - DAG(s) 'example_branch_dop_operator_v3' retrieved from /home/nico/.local/lib/python3.10/site-packages/airflow/example_dags/example_branch_python_dop_operator_3.py
[2024-11-02T21:35:51.669-0300] {logging_mixin.py:190} INFO - [2024-11-02T21:35:51.668-0300] {dag.py:3239} INFO - Sync 1 DAGs
[2024-11-02T21:35:51.766-0300] {logging_mixin.py:190} INFO - [2024-11-02T21:35:51.765-0300] {dag.py:4180} INFO - Setting next_dagrun for example_branch_dop_operator_v3 to 2024-11-03 00:34:00+00:00, run_after=2024-11-03 00:35:00+00:00
[2024-11-02T21:35:51.904-0300] {processor.py:208} INFO - Processing /home/nico/.local/lib/python3.10/site-packages/airflow/example_dags/example_branch_python_dop_operator_3.py took 0.392 seconds
[2024-11-02T21:38:35.040-0300] {processor.py:186} INFO - Started process (PID=220117) to work on /home/nico/.local/lib/python3.10/site-packages/airflow/example_dags/example_branch_python_dop_operator_3.py
[2024-11-02T21:38:35.122-0300] {processor.py:914} INFO - Processing file /home/nico/.local/lib/python3.10/site-packages/airflow/example_dags/example_branch_python_dop_operator_3.py for tasks to queue
[2024-11-02T21:38:35.141-0300] {logging_mixin.py:190} INFO - [2024-11-02T21:38:35.139-0300] {dagbag.py:588} INFO - Filling up the DagBag from /home/nico/.local/lib/python3.10/site-packages/airflow/example_dags/example_branch_python_dop_operator_3.py
[2024-11-02T21:38:35.231-0300] {processor.py:925} INFO - DAG(s) 'example_branch_dop_operator_v3' retrieved from /home/nico/.local/lib/python3.10/site-packages/airflow/example_dags/example_branch_python_dop_operator_3.py
[2024-11-02T21:38:35.553-0300] {logging_mixin.py:190} INFO - [2024-11-02T21:38:35.552-0300] {dag.py:3239} INFO - Sync 1 DAGs
[2024-11-02T21:38:35.802-0300] {logging_mixin.py:190} INFO - [2024-11-02T21:38:35.801-0300] {dag.py:4180} INFO - Setting next_dagrun for example_branch_dop_operator_v3 to 2024-11-03 00:37:00+00:00, run_after=2024-11-03 00:38:00+00:00
[2024-11-02T21:38:36.033-0300] {processor.py:208} INFO - Processing /home/nico/.local/lib/python3.10/site-packages/airflow/example_dags/example_branch_python_dop_operator_3.py took 1.073 seconds
[2024-11-02T22:45:46.542-0300] {processor.py:186} INFO - Started process (PID=220791) to work on /home/nico/.local/lib/python3.10/site-packages/airflow/example_dags/example_branch_python_dop_operator_3.py
[2024-11-02T22:45:46.546-0300] {processor.py:914} INFO - Processing file /home/nico/.local/lib/python3.10/site-packages/airflow/example_dags/example_branch_python_dop_operator_3.py for tasks to queue
[2024-11-02T22:45:46.550-0300] {logging_mixin.py:190} INFO - [2024-11-02T22:45:46.549-0300] {dagbag.py:588} INFO - Filling up the DagBag from /home/nico/.local/lib/python3.10/site-packages/airflow/example_dags/example_branch_python_dop_operator_3.py
[2024-11-02T22:45:46.571-0300] {processor.py:925} INFO - DAG(s) 'example_branch_dop_operator_v3' retrieved from /home/nico/.local/lib/python3.10/site-packages/airflow/example_dags/example_branch_python_dop_operator_3.py
[2024-11-02T22:45:46.636-0300] {logging_mixin.py:190} INFO - [2024-11-02T22:45:46.635-0300] {dag.py:3239} INFO - Sync 1 DAGs
[2024-11-02T22:45:46.701-0300] {logging_mixin.py:190} INFO - [2024-11-02T22:45:46.701-0300] {dag.py:4180} INFO - Setting next_dagrun for example_branch_dop_operator_v3 to 2024-11-03 01:44:00+00:00, run_after=2024-11-03 01:45:00+00:00
[2024-11-02T22:45:46.879-0300] {processor.py:208} INFO - Processing /home/nico/.local/lib/python3.10/site-packages/airflow/example_dags/example_branch_python_dop_operator_3.py took 0.350 seconds
[2024-11-02T22:50:22.367-0300] {processor.py:186} INFO - Started process (PID=220917) to work on /home/nico/.local/lib/python3.10/site-packages/airflow/example_dags/example_branch_python_dop_operator_3.py
[2024-11-02T22:50:22.370-0300] {processor.py:914} INFO - Processing file /home/nico/.local/lib/python3.10/site-packages/airflow/example_dags/example_branch_python_dop_operator_3.py for tasks to queue
[2024-11-02T22:50:22.375-0300] {logging_mixin.py:190} INFO - [2024-11-02T22:50:22.373-0300] {dagbag.py:588} INFO - Filling up the DagBag from /home/nico/.local/lib/python3.10/site-packages/airflow/example_dags/example_branch_python_dop_operator_3.py
[2024-11-02T22:50:22.421-0300] {processor.py:925} INFO - DAG(s) 'example_branch_dop_operator_v3' retrieved from /home/nico/.local/lib/python3.10/site-packages/airflow/example_dags/example_branch_python_dop_operator_3.py
[2024-11-02T22:50:22.746-0300] {logging_mixin.py:190} INFO - [2024-11-02T22:50:22.745-0300] {dag.py:3239} INFO - Sync 1 DAGs
[2024-11-02T22:50:22.958-0300] {logging_mixin.py:190} INFO - [2024-11-02T22:50:22.957-0300] {dag.py:4180} INFO - Setting next_dagrun for example_branch_dop_operator_v3 to 2024-11-03 01:49:00+00:00, run_after=2024-11-03 01:50:00+00:00
[2024-11-02T22:50:23.104-0300] {processor.py:208} INFO - Processing /home/nico/.local/lib/python3.10/site-packages/airflow/example_dags/example_branch_python_dop_operator_3.py took 0.759 seconds
[2024-11-02T22:53:00.830-0300] {processor.py:186} INFO - Started process (PID=221006) to work on /home/nico/.local/lib/python3.10/site-packages/airflow/example_dags/example_branch_python_dop_operator_3.py
[2024-11-02T22:53:00.833-0300] {processor.py:914} INFO - Processing file /home/nico/.local/lib/python3.10/site-packages/airflow/example_dags/example_branch_python_dop_operator_3.py for tasks to queue
[2024-11-02T22:53:00.837-0300] {logging_mixin.py:190} INFO - [2024-11-02T22:53:00.836-0300] {dagbag.py:588} INFO - Filling up the DagBag from /home/nico/.local/lib/python3.10/site-packages/airflow/example_dags/example_branch_python_dop_operator_3.py
[2024-11-02T22:53:00.853-0300] {processor.py:925} INFO - DAG(s) 'example_branch_dop_operator_v3' retrieved from /home/nico/.local/lib/python3.10/site-packages/airflow/example_dags/example_branch_python_dop_operator_3.py
[2024-11-02T22:53:00.901-0300] {logging_mixin.py:190} INFO - [2024-11-02T22:53:00.901-0300] {dag.py:3239} INFO - Sync 1 DAGs
[2024-11-02T22:53:00.971-0300] {logging_mixin.py:190} INFO - [2024-11-02T22:53:00.970-0300] {dag.py:4180} INFO - Setting next_dagrun for example_branch_dop_operator_v3 to 2024-11-03 01:52:00+00:00, run_after=2024-11-03 01:53:00+00:00
[2024-11-02T22:53:01.086-0300] {processor.py:208} INFO - Processing /home/nico/.local/lib/python3.10/site-packages/airflow/example_dags/example_branch_python_dop_operator_3.py took 0.274 seconds
[2024-11-02T22:57:32.025-0300] {processor.py:186} INFO - Started process (PID=221119) to work on /home/nico/.local/lib/python3.10/site-packages/airflow/example_dags/example_branch_python_dop_operator_3.py
[2024-11-02T22:57:32.040-0300] {processor.py:914} INFO - Processing file /home/nico/.local/lib/python3.10/site-packages/airflow/example_dags/example_branch_python_dop_operator_3.py for tasks to queue
[2024-11-02T22:57:32.053-0300] {logging_mixin.py:190} INFO - [2024-11-02T22:57:32.051-0300] {dagbag.py:588} INFO - Filling up the DagBag from /home/nico/.local/lib/python3.10/site-packages/airflow/example_dags/example_branch_python_dop_operator_3.py
[2024-11-02T22:57:32.110-0300] {processor.py:925} INFO - DAG(s) 'example_branch_dop_operator_v3' retrieved from /home/nico/.local/lib/python3.10/site-packages/airflow/example_dags/example_branch_python_dop_operator_3.py
[2024-11-02T22:57:32.236-0300] {logging_mixin.py:190} INFO - [2024-11-02T22:57:32.235-0300] {dag.py:3239} INFO - Sync 1 DAGs
[2024-11-02T22:57:32.429-0300] {logging_mixin.py:190} INFO - [2024-11-02T22:57:32.429-0300] {dag.py:4180} INFO - Setting next_dagrun for example_branch_dop_operator_v3 to 2024-11-03 01:56:00+00:00, run_after=2024-11-03 01:57:00+00:00
[2024-11-02T22:57:32.597-0300] {processor.py:208} INFO - Processing /home/nico/.local/lib/python3.10/site-packages/airflow/example_dags/example_branch_python_dop_operator_3.py took 0.626 seconds
[2024-11-02T23:02:47.530-0300] {processor.py:186} INFO - Started process (PID=221274) to work on /home/nico/.local/lib/python3.10/site-packages/airflow/example_dags/example_branch_python_dop_operator_3.py
[2024-11-02T23:02:47.533-0300] {processor.py:914} INFO - Processing file /home/nico/.local/lib/python3.10/site-packages/airflow/example_dags/example_branch_python_dop_operator_3.py for tasks to queue
[2024-11-02T23:02:47.536-0300] {logging_mixin.py:190} INFO - [2024-11-02T23:02:47.535-0300] {dagbag.py:588} INFO - Filling up the DagBag from /home/nico/.local/lib/python3.10/site-packages/airflow/example_dags/example_branch_python_dop_operator_3.py
[2024-11-02T23:02:47.553-0300] {processor.py:925} INFO - DAG(s) 'example_branch_dop_operator_v3' retrieved from /home/nico/.local/lib/python3.10/site-packages/airflow/example_dags/example_branch_python_dop_operator_3.py
[2024-11-02T23:02:47.607-0300] {logging_mixin.py:190} INFO - [2024-11-02T23:02:47.606-0300] {dag.py:3239} INFO - Sync 1 DAGs
[2024-11-02T23:02:47.667-0300] {logging_mixin.py:190} INFO - [2024-11-02T23:02:47.666-0300] {dag.py:4180} INFO - Setting next_dagrun for example_branch_dop_operator_v3 to 2024-11-03 02:01:00+00:00, run_after=2024-11-03 02:02:00+00:00
[2024-11-02T23:02:47.855-0300] {processor.py:208} INFO - Processing /home/nico/.local/lib/python3.10/site-packages/airflow/example_dags/example_branch_python_dop_operator_3.py took 0.339 seconds
[2024-11-02T23:04:49.248-0300] {processor.py:186} INFO - Started process (PID=221336) to work on /home/nico/.local/lib/python3.10/site-packages/airflow/example_dags/example_branch_python_dop_operator_3.py
[2024-11-02T23:04:49.255-0300] {processor.py:914} INFO - Processing file /home/nico/.local/lib/python3.10/site-packages/airflow/example_dags/example_branch_python_dop_operator_3.py for tasks to queue
[2024-11-02T23:04:49.260-0300] {logging_mixin.py:190} INFO - [2024-11-02T23:04:49.259-0300] {dagbag.py:588} INFO - Filling up the DagBag from /home/nico/.local/lib/python3.10/site-packages/airflow/example_dags/example_branch_python_dop_operator_3.py
[2024-11-02T23:04:49.286-0300] {processor.py:925} INFO - DAG(s) 'example_branch_dop_operator_v3' retrieved from /home/nico/.local/lib/python3.10/site-packages/airflow/example_dags/example_branch_python_dop_operator_3.py
[2024-11-02T23:04:51.567-0300] {logging_mixin.py:190} INFO - [2024-11-02T23:04:51.566-0300] {dag.py:3239} INFO - Sync 1 DAGs
[2024-11-02T23:04:51.875-0300] {logging_mixin.py:190} INFO - [2024-11-02T23:04:51.874-0300] {dag.py:4180} INFO - Setting next_dagrun for example_branch_dop_operator_v3 to 2024-11-03 02:03:00+00:00, run_after=2024-11-03 02:04:00+00:00
[2024-11-02T23:04:53.915-0300] {processor.py:208} INFO - Processing /home/nico/.local/lib/python3.10/site-packages/airflow/example_dags/example_branch_python_dop_operator_3.py took 4.684 seconds
[2024-11-02T23:08:16.515-0300] {processor.py:186} INFO - Started process (PID=221434) to work on /home/nico/.local/lib/python3.10/site-packages/airflow/example_dags/example_branch_python_dop_operator_3.py
[2024-11-02T23:08:16.531-0300] {processor.py:914} INFO - Processing file /home/nico/.local/lib/python3.10/site-packages/airflow/example_dags/example_branch_python_dop_operator_3.py for tasks to queue
[2024-11-02T23:08:16.539-0300] {logging_mixin.py:190} INFO - [2024-11-02T23:08:16.538-0300] {dagbag.py:588} INFO - Filling up the DagBag from /home/nico/.local/lib/python3.10/site-packages/airflow/example_dags/example_branch_python_dop_operator_3.py
[2024-11-02T23:08:16.632-0300] {processor.py:925} INFO - DAG(s) 'example_branch_dop_operator_v3' retrieved from /home/nico/.local/lib/python3.10/site-packages/airflow/example_dags/example_branch_python_dop_operator_3.py
[2024-11-02T23:08:16.844-0300] {logging_mixin.py:190} INFO - [2024-11-02T23:08:16.843-0300] {dag.py:3239} INFO - Sync 1 DAGs
[2024-11-02T23:08:17.098-0300] {logging_mixin.py:190} INFO - [2024-11-02T23:08:17.098-0300] {dag.py:4180} INFO - Setting next_dagrun for example_branch_dop_operator_v3 to 2024-11-03 02:07:00+00:00, run_after=2024-11-03 02:08:00+00:00
[2024-11-02T23:08:17.329-0300] {processor.py:208} INFO - Processing /home/nico/.local/lib/python3.10/site-packages/airflow/example_dags/example_branch_python_dop_operator_3.py took 0.865 seconds
[2024-11-02T23:11:01.703-0300] {processor.py:186} INFO - Started process (PID=221520) to work on /home/nico/.local/lib/python3.10/site-packages/airflow/example_dags/example_branch_python_dop_operator_3.py
[2024-11-02T23:11:01.711-0300] {processor.py:914} INFO - Processing file /home/nico/.local/lib/python3.10/site-packages/airflow/example_dags/example_branch_python_dop_operator_3.py for tasks to queue
[2024-11-02T23:11:01.722-0300] {logging_mixin.py:190} INFO - [2024-11-02T23:11:01.721-0300] {dagbag.py:588} INFO - Filling up the DagBag from /home/nico/.local/lib/python3.10/site-packages/airflow/example_dags/example_branch_python_dop_operator_3.py
[2024-11-02T23:11:01.792-0300] {processor.py:925} INFO - DAG(s) 'example_branch_dop_operator_v3' retrieved from /home/nico/.local/lib/python3.10/site-packages/airflow/example_dags/example_branch_python_dop_operator_3.py
[2024-11-02T23:11:01.962-0300] {logging_mixin.py:190} INFO - [2024-11-02T23:11:01.961-0300] {dag.py:3239} INFO - Sync 1 DAGs
[2024-11-02T23:11:02.068-0300] {logging_mixin.py:190} INFO - [2024-11-02T23:11:02.068-0300] {dag.py:4180} INFO - Setting next_dagrun for example_branch_dop_operator_v3 to 2024-11-03 02:10:00+00:00, run_after=2024-11-03 02:11:00+00:00
[2024-11-02T23:11:02.195-0300] {processor.py:208} INFO - Processing /home/nico/.local/lib/python3.10/site-packages/airflow/example_dags/example_branch_python_dop_operator_3.py took 0.536 seconds
[2024-11-02T23:13:56.423-0300] {processor.py:186} INFO - Started process (PID=221611) to work on /home/nico/.local/lib/python3.10/site-packages/airflow/example_dags/example_branch_python_dop_operator_3.py
[2024-11-02T23:13:56.425-0300] {processor.py:914} INFO - Processing file /home/nico/.local/lib/python3.10/site-packages/airflow/example_dags/example_branch_python_dop_operator_3.py for tasks to queue
[2024-11-02T23:13:56.429-0300] {logging_mixin.py:190} INFO - [2024-11-02T23:13:56.428-0300] {dagbag.py:588} INFO - Filling up the DagBag from /home/nico/.local/lib/python3.10/site-packages/airflow/example_dags/example_branch_python_dop_operator_3.py
[2024-11-02T23:13:56.447-0300] {processor.py:925} INFO - DAG(s) 'example_branch_dop_operator_v3' retrieved from /home/nico/.local/lib/python3.10/site-packages/airflow/example_dags/example_branch_python_dop_operator_3.py
[2024-11-02T23:13:58.113-0300] {logging_mixin.py:190} INFO - [2024-11-02T23:13:58.112-0300] {dag.py:3239} INFO - Sync 1 DAGs
[2024-11-02T23:13:58.736-0300] {logging_mixin.py:190} INFO - [2024-11-02T23:13:58.736-0300] {dag.py:4180} INFO - Setting next_dagrun for example_branch_dop_operator_v3 to 2024-11-03 02:12:00+00:00, run_after=2024-11-03 02:13:00+00:00
[2024-11-02T23:13:59.205-0300] {processor.py:208} INFO - Processing /home/nico/.local/lib/python3.10/site-packages/airflow/example_dags/example_branch_python_dop_operator_3.py took 2.796 seconds
[2024-11-03T00:17:45.136-0300] {processor.py:186} INFO - Started process (PID=221728) to work on /home/nico/.local/lib/python3.10/site-packages/airflow/example_dags/example_branch_python_dop_operator_3.py
[2024-11-03T00:17:45.173-0300] {processor.py:914} INFO - Processing file /home/nico/.local/lib/python3.10/site-packages/airflow/example_dags/example_branch_python_dop_operator_3.py for tasks to queue
[2024-11-03T00:17:45.250-0300] {logging_mixin.py:190} INFO - [2024-11-03T00:17:45.249-0300] {dagbag.py:588} INFO - Filling up the DagBag from /home/nico/.local/lib/python3.10/site-packages/airflow/example_dags/example_branch_python_dop_operator_3.py
[2024-11-03T00:17:45.341-0300] {processor.py:925} INFO - DAG(s) 'example_branch_dop_operator_v3' retrieved from /home/nico/.local/lib/python3.10/site-packages/airflow/example_dags/example_branch_python_dop_operator_3.py
[2024-11-03T00:17:46.628-0300] {logging_mixin.py:190} INFO - [2024-11-03T00:17:46.627-0300] {dag.py:3239} INFO - Sync 1 DAGs
[2024-11-03T00:17:47.208-0300] {logging_mixin.py:190} INFO - [2024-11-03T00:17:47.208-0300] {dag.py:4180} INFO - Setting next_dagrun for example_branch_dop_operator_v3 to 2024-11-03 03:16:00+00:00, run_after=2024-11-03 03:17:00+00:00
[2024-11-03T00:17:47.475-0300] {processor.py:208} INFO - Processing /home/nico/.local/lib/python3.10/site-packages/airflow/example_dags/example_branch_python_dop_operator_3.py took 2.376 seconds
[2024-11-03T00:35:32.042-0300] {processor.py:186} INFO - Started process (PID=221978) to work on /home/nico/.local/lib/python3.10/site-packages/airflow/example_dags/example_branch_python_dop_operator_3.py
[2024-11-03T00:35:32.059-0300] {processor.py:914} INFO - Processing file /home/nico/.local/lib/python3.10/site-packages/airflow/example_dags/example_branch_python_dop_operator_3.py for tasks to queue
[2024-11-03T00:35:32.064-0300] {logging_mixin.py:190} INFO - [2024-11-03T00:35:32.062-0300] {dagbag.py:588} INFO - Filling up the DagBag from /home/nico/.local/lib/python3.10/site-packages/airflow/example_dags/example_branch_python_dop_operator_3.py
[2024-11-03T00:35:32.141-0300] {processor.py:925} INFO - DAG(s) 'example_branch_dop_operator_v3' retrieved from /home/nico/.local/lib/python3.10/site-packages/airflow/example_dags/example_branch_python_dop_operator_3.py
[2024-11-03T00:35:32.329-0300] {logging_mixin.py:190} INFO - [2024-11-03T00:35:32.328-0300] {dag.py:3239} INFO - Sync 1 DAGs
[2024-11-03T00:35:32.450-0300] {logging_mixin.py:190} INFO - [2024-11-03T00:35:32.449-0300] {dag.py:4180} INFO - Setting next_dagrun for example_branch_dop_operator_v3 to 2024-11-03 03:34:00+00:00, run_after=2024-11-03 03:35:00+00:00
[2024-11-03T00:35:32.657-0300] {processor.py:208} INFO - Processing /home/nico/.local/lib/python3.10/site-packages/airflow/example_dags/example_branch_python_dop_operator_3.py took 0.654 seconds
[2024-11-03T00:37:48.081-0300] {processor.py:186} INFO - Started process (PID=222036) to work on /home/nico/.local/lib/python3.10/site-packages/airflow/example_dags/example_branch_python_dop_operator_3.py
[2024-11-03T00:37:48.105-0300] {processor.py:914} INFO - Processing file /home/nico/.local/lib/python3.10/site-packages/airflow/example_dags/example_branch_python_dop_operator_3.py for tasks to queue
[2024-11-03T00:37:48.131-0300] {logging_mixin.py:190} INFO - [2024-11-03T00:37:48.129-0300] {dagbag.py:588} INFO - Filling up the DagBag from /home/nico/.local/lib/python3.10/site-packages/airflow/example_dags/example_branch_python_dop_operator_3.py
[2024-11-03T00:37:48.162-0300] {processor.py:925} INFO - DAG(s) 'example_branch_dop_operator_v3' retrieved from /home/nico/.local/lib/python3.10/site-packages/airflow/example_dags/example_branch_python_dop_operator_3.py
[2024-11-03T00:37:48.239-0300] {logging_mixin.py:190} INFO - [2024-11-03T00:37:48.238-0300] {dag.py:3239} INFO - Sync 1 DAGs
[2024-11-03T00:37:48.344-0300] {logging_mixin.py:190} INFO - [2024-11-03T00:37:48.343-0300] {dag.py:4180} INFO - Setting next_dagrun for example_branch_dop_operator_v3 to 2024-11-03 03:36:00+00:00, run_after=2024-11-03 03:37:00+00:00
[2024-11-03T00:37:48.477-0300] {processor.py:208} INFO - Processing /home/nico/.local/lib/python3.10/site-packages/airflow/example_dags/example_branch_python_dop_operator_3.py took 0.435 seconds
[2024-11-03T00:40:42.728-0300] {processor.py:186} INFO - Started process (PID=222123) to work on /home/nico/.local/lib/python3.10/site-packages/airflow/example_dags/example_branch_python_dop_operator_3.py
[2024-11-03T00:40:42.732-0300] {processor.py:914} INFO - Processing file /home/nico/.local/lib/python3.10/site-packages/airflow/example_dags/example_branch_python_dop_operator_3.py for tasks to queue
[2024-11-03T00:40:42.735-0300] {logging_mixin.py:190} INFO - [2024-11-03T00:40:42.734-0300] {dagbag.py:588} INFO - Filling up the DagBag from /home/nico/.local/lib/python3.10/site-packages/airflow/example_dags/example_branch_python_dop_operator_3.py
[2024-11-03T00:40:42.765-0300] {processor.py:925} INFO - DAG(s) 'example_branch_dop_operator_v3' retrieved from /home/nico/.local/lib/python3.10/site-packages/airflow/example_dags/example_branch_python_dop_operator_3.py
[2024-11-03T00:40:42.835-0300] {logging_mixin.py:190} INFO - [2024-11-03T00:40:42.834-0300] {dag.py:3239} INFO - Sync 1 DAGs
[2024-11-03T00:40:42.898-0300] {logging_mixin.py:190} INFO - [2024-11-03T00:40:42.897-0300] {dag.py:4180} INFO - Setting next_dagrun for example_branch_dop_operator_v3 to 2024-11-03 03:39:00+00:00, run_after=2024-11-03 03:40:00+00:00
[2024-11-03T00:40:43.012-0300] {processor.py:208} INFO - Processing /home/nico/.local/lib/python3.10/site-packages/airflow/example_dags/example_branch_python_dop_operator_3.py took 0.307 seconds
[2024-11-03T00:43:23.664-0300] {processor.py:186} INFO - Started process (PID=222211) to work on /home/nico/.local/lib/python3.10/site-packages/airflow/example_dags/example_branch_python_dop_operator_3.py
[2024-11-03T00:43:23.668-0300] {processor.py:914} INFO - Processing file /home/nico/.local/lib/python3.10/site-packages/airflow/example_dags/example_branch_python_dop_operator_3.py for tasks to queue
[2024-11-03T00:43:23.673-0300] {logging_mixin.py:190} INFO - [2024-11-03T00:43:23.672-0300] {dagbag.py:588} INFO - Filling up the DagBag from /home/nico/.local/lib/python3.10/site-packages/airflow/example_dags/example_branch_python_dop_operator_3.py
[2024-11-03T00:43:23.709-0300] {processor.py:925} INFO - DAG(s) 'example_branch_dop_operator_v3' retrieved from /home/nico/.local/lib/python3.10/site-packages/airflow/example_dags/example_branch_python_dop_operator_3.py
[2024-11-03T00:43:23.780-0300] {logging_mixin.py:190} INFO - [2024-11-03T00:43:23.780-0300] {dag.py:3239} INFO - Sync 1 DAGs
[2024-11-03T00:43:23.862-0300] {logging_mixin.py:190} INFO - [2024-11-03T00:43:23.861-0300] {dag.py:4180} INFO - Setting next_dagrun for example_branch_dop_operator_v3 to 2024-11-03 03:42:00+00:00, run_after=2024-11-03 03:43:00+00:00
[2024-11-03T00:43:23.996-0300] {processor.py:208} INFO - Processing /home/nico/.local/lib/python3.10/site-packages/airflow/example_dags/example_branch_python_dop_operator_3.py took 0.367 seconds
[2024-11-03T00:48:05.768-0300] {processor.py:186} INFO - Started process (PID=222319) to work on /home/nico/.local/lib/python3.10/site-packages/airflow/example_dags/example_branch_python_dop_operator_3.py
[2024-11-03T00:48:05.771-0300] {processor.py:914} INFO - Processing file /home/nico/.local/lib/python3.10/site-packages/airflow/example_dags/example_branch_python_dop_operator_3.py for tasks to queue
[2024-11-03T00:48:05.775-0300] {logging_mixin.py:190} INFO - [2024-11-03T00:48:05.774-0300] {dagbag.py:588} INFO - Filling up the DagBag from /home/nico/.local/lib/python3.10/site-packages/airflow/example_dags/example_branch_python_dop_operator_3.py
[2024-11-03T00:48:05.794-0300] {processor.py:925} INFO - DAG(s) 'example_branch_dop_operator_v3' retrieved from /home/nico/.local/lib/python3.10/site-packages/airflow/example_dags/example_branch_python_dop_operator_3.py
[2024-11-03T00:48:05.850-0300] {logging_mixin.py:190} INFO - [2024-11-03T00:48:05.850-0300] {dag.py:3239} INFO - Sync 1 DAGs
[2024-11-03T00:48:05.909-0300] {logging_mixin.py:190} INFO - [2024-11-03T00:48:05.908-0300] {dag.py:4180} INFO - Setting next_dagrun for example_branch_dop_operator_v3 to 2024-11-03 03:47:00+00:00, run_after=2024-11-03 03:48:00+00:00
[2024-11-03T00:48:06.033-0300] {processor.py:208} INFO - Processing /home/nico/.local/lib/python3.10/site-packages/airflow/example_dags/example_branch_python_dop_operator_3.py took 0.289 seconds
[2024-11-03T00:51:10.214-0300] {processor.py:186} INFO - Started process (PID=222412) to work on /home/nico/.local/lib/python3.10/site-packages/airflow/example_dags/example_branch_python_dop_operator_3.py
[2024-11-03T00:51:10.227-0300] {processor.py:914} INFO - Processing file /home/nico/.local/lib/python3.10/site-packages/airflow/example_dags/example_branch_python_dop_operator_3.py for tasks to queue
[2024-11-03T00:51:10.239-0300] {logging_mixin.py:190} INFO - [2024-11-03T00:51:10.238-0300] {dagbag.py:588} INFO - Filling up the DagBag from /home/nico/.local/lib/python3.10/site-packages/airflow/example_dags/example_branch_python_dop_operator_3.py
[2024-11-03T00:51:10.305-0300] {processor.py:925} INFO - DAG(s) 'example_branch_dop_operator_v3' retrieved from /home/nico/.local/lib/python3.10/site-packages/airflow/example_dags/example_branch_python_dop_operator_3.py
[2024-11-03T00:51:10.569-0300] {logging_mixin.py:190} INFO - [2024-11-03T00:51:10.568-0300] {dag.py:3239} INFO - Sync 1 DAGs
[2024-11-03T00:51:10.791-0300] {logging_mixin.py:190} INFO - [2024-11-03T00:51:10.790-0300] {dag.py:4180} INFO - Setting next_dagrun for example_branch_dop_operator_v3 to 2024-11-03 03:50:00+00:00, run_after=2024-11-03 03:51:00+00:00
[2024-11-03T00:51:11.010-0300] {processor.py:208} INFO - Processing /home/nico/.local/lib/python3.10/site-packages/airflow/example_dags/example_branch_python_dop_operator_3.py took 0.851 seconds
[2024-11-03T00:55:36.366-0300] {processor.py:186} INFO - Started process (PID=222509) to work on /home/nico/.local/lib/python3.10/site-packages/airflow/example_dags/example_branch_python_dop_operator_3.py
[2024-11-03T00:55:36.370-0300] {processor.py:914} INFO - Processing file /home/nico/.local/lib/python3.10/site-packages/airflow/example_dags/example_branch_python_dop_operator_3.py for tasks to queue
[2024-11-03T00:55:36.374-0300] {logging_mixin.py:190} INFO - [2024-11-03T00:55:36.373-0300] {dagbag.py:588} INFO - Filling up the DagBag from /home/nico/.local/lib/python3.10/site-packages/airflow/example_dags/example_branch_python_dop_operator_3.py
[2024-11-03T00:55:36.401-0300] {processor.py:925} INFO - DAG(s) 'example_branch_dop_operator_v3' retrieved from /home/nico/.local/lib/python3.10/site-packages/airflow/example_dags/example_branch_python_dop_operator_3.py
[2024-11-03T00:55:36.453-0300] {logging_mixin.py:190} INFO - [2024-11-03T00:55:36.453-0300] {dag.py:3239} INFO - Sync 1 DAGs
[2024-11-03T00:55:36.541-0300] {logging_mixin.py:190} INFO - [2024-11-03T00:55:36.540-0300] {dag.py:4180} INFO - Setting next_dagrun for example_branch_dop_operator_v3 to 2024-11-03 03:54:00+00:00, run_after=2024-11-03 03:55:00+00:00
[2024-11-03T00:55:36.674-0300] {processor.py:208} INFO - Processing /home/nico/.local/lib/python3.10/site-packages/airflow/example_dags/example_branch_python_dop_operator_3.py took 0.338 seconds
[2024-11-03T00:59:31.939-0300] {processor.py:186} INFO - Started process (PID=222610) to work on /home/nico/.local/lib/python3.10/site-packages/airflow/example_dags/example_branch_python_dop_operator_3.py
[2024-11-03T00:59:31.942-0300] {processor.py:914} INFO - Processing file /home/nico/.local/lib/python3.10/site-packages/airflow/example_dags/example_branch_python_dop_operator_3.py for tasks to queue
[2024-11-03T00:59:31.946-0300] {logging_mixin.py:190} INFO - [2024-11-03T00:59:31.945-0300] {dagbag.py:588} INFO - Filling up the DagBag from /home/nico/.local/lib/python3.10/site-packages/airflow/example_dags/example_branch_python_dop_operator_3.py
[2024-11-03T00:59:31.974-0300] {processor.py:925} INFO - DAG(s) 'example_branch_dop_operator_v3' retrieved from /home/nico/.local/lib/python3.10/site-packages/airflow/example_dags/example_branch_python_dop_operator_3.py
[2024-11-03T00:59:32.045-0300] {logging_mixin.py:190} INFO - [2024-11-03T00:59:32.044-0300] {dag.py:3239} INFO - Sync 1 DAGs
[2024-11-03T00:59:32.117-0300] {logging_mixin.py:190} INFO - [2024-11-03T00:59:32.117-0300] {dag.py:4180} INFO - Setting next_dagrun for example_branch_dop_operator_v3 to 2024-11-03 03:58:00+00:00, run_after=2024-11-03 03:59:00+00:00
[2024-11-03T00:59:32.319-0300] {processor.py:208} INFO - Processing /home/nico/.local/lib/python3.10/site-packages/airflow/example_dags/example_branch_python_dop_operator_3.py took 0.397 seconds
[2024-11-03T01:02:20.761-0300] {processor.py:186} INFO - Started process (PID=222702) to work on /home/nico/.local/lib/python3.10/site-packages/airflow/example_dags/example_branch_python_dop_operator_3.py
[2024-11-03T01:02:20.764-0300] {processor.py:914} INFO - Processing file /home/nico/.local/lib/python3.10/site-packages/airflow/example_dags/example_branch_python_dop_operator_3.py for tasks to queue
[2024-11-03T01:02:20.767-0300] {logging_mixin.py:190} INFO - [2024-11-03T01:02:20.766-0300] {dagbag.py:588} INFO - Filling up the DagBag from /home/nico/.local/lib/python3.10/site-packages/airflow/example_dags/example_branch_python_dop_operator_3.py
[2024-11-03T01:02:20.802-0300] {processor.py:925} INFO - DAG(s) 'example_branch_dop_operator_v3' retrieved from /home/nico/.local/lib/python3.10/site-packages/airflow/example_dags/example_branch_python_dop_operator_3.py
[2024-11-03T01:02:20.912-0300] {logging_mixin.py:190} INFO - [2024-11-03T01:02:20.908-0300] {dag.py:3239} INFO - Sync 1 DAGs
[2024-11-03T01:02:21.006-0300] {logging_mixin.py:190} INFO - [2024-11-03T01:02:21.005-0300] {dag.py:4180} INFO - Setting next_dagrun for example_branch_dop_operator_v3 to 2024-11-03 04:01:00+00:00, run_after=2024-11-03 04:02:00+00:00
[2024-11-03T01:02:21.128-0300] {processor.py:208} INFO - Processing /home/nico/.local/lib/python3.10/site-packages/airflow/example_dags/example_branch_python_dop_operator_3.py took 0.386 seconds
[2024-11-03T01:05:24.334-0300] {processor.py:186} INFO - Started process (PID=222793) to work on /home/nico/.local/lib/python3.10/site-packages/airflow/example_dags/example_branch_python_dop_operator_3.py
[2024-11-03T01:05:24.339-0300] {processor.py:914} INFO - Processing file /home/nico/.local/lib/python3.10/site-packages/airflow/example_dags/example_branch_python_dop_operator_3.py for tasks to queue
[2024-11-03T01:05:24.344-0300] {logging_mixin.py:190} INFO - [2024-11-03T01:05:24.343-0300] {dagbag.py:588} INFO - Filling up the DagBag from /home/nico/.local/lib/python3.10/site-packages/airflow/example_dags/example_branch_python_dop_operator_3.py
[2024-11-03T01:05:24.371-0300] {processor.py:925} INFO - DAG(s) 'example_branch_dop_operator_v3' retrieved from /home/nico/.local/lib/python3.10/site-packages/airflow/example_dags/example_branch_python_dop_operator_3.py
[2024-11-03T01:05:24.444-0300] {logging_mixin.py:190} INFO - [2024-11-03T01:05:24.444-0300] {dag.py:3239} INFO - Sync 1 DAGs
[2024-11-03T01:05:24.538-0300] {logging_mixin.py:190} INFO - [2024-11-03T01:05:24.538-0300] {dag.py:4180} INFO - Setting next_dagrun for example_branch_dop_operator_v3 to 2024-11-03 04:04:00+00:00, run_after=2024-11-03 04:05:00+00:00
[2024-11-03T01:05:24.647-0300] {processor.py:208} INFO - Processing /home/nico/.local/lib/python3.10/site-packages/airflow/example_dags/example_branch_python_dop_operator_3.py took 0.330 seconds
[2024-11-03T01:08:15.074-0300] {processor.py:186} INFO - Started process (PID=222883) to work on /home/nico/.local/lib/python3.10/site-packages/airflow/example_dags/example_branch_python_dop_operator_3.py
[2024-11-03T01:08:15.079-0300] {processor.py:914} INFO - Processing file /home/nico/.local/lib/python3.10/site-packages/airflow/example_dags/example_branch_python_dop_operator_3.py for tasks to queue
[2024-11-03T01:08:15.084-0300] {logging_mixin.py:190} INFO - [2024-11-03T01:08:15.083-0300] {dagbag.py:588} INFO - Filling up the DagBag from /home/nico/.local/lib/python3.10/site-packages/airflow/example_dags/example_branch_python_dop_operator_3.py
[2024-11-03T01:08:15.111-0300] {processor.py:925} INFO - DAG(s) 'example_branch_dop_operator_v3' retrieved from /home/nico/.local/lib/python3.10/site-packages/airflow/example_dags/example_branch_python_dop_operator_3.py
[2024-11-03T01:08:15.173-0300] {logging_mixin.py:190} INFO - [2024-11-03T01:08:15.172-0300] {dag.py:3239} INFO - Sync 1 DAGs
[2024-11-03T01:08:15.243-0300] {logging_mixin.py:190} INFO - [2024-11-03T01:08:15.243-0300] {dag.py:4180} INFO - Setting next_dagrun for example_branch_dop_operator_v3 to 2024-11-03 04:07:00+00:00, run_after=2024-11-03 04:08:00+00:00
[2024-11-03T01:08:15.368-0300] {processor.py:208} INFO - Processing /home/nico/.local/lib/python3.10/site-packages/airflow/example_dags/example_branch_python_dop_operator_3.py took 0.308 seconds
[2024-11-03T01:11:16.435-0300] {processor.py:186} INFO - Started process (PID=222975) to work on /home/nico/.local/lib/python3.10/site-packages/airflow/example_dags/example_branch_python_dop_operator_3.py
[2024-11-03T01:11:16.440-0300] {processor.py:914} INFO - Processing file /home/nico/.local/lib/python3.10/site-packages/airflow/example_dags/example_branch_python_dop_operator_3.py for tasks to queue
[2024-11-03T01:11:16.447-0300] {logging_mixin.py:190} INFO - [2024-11-03T01:11:16.445-0300] {dagbag.py:588} INFO - Filling up the DagBag from /home/nico/.local/lib/python3.10/site-packages/airflow/example_dags/example_branch_python_dop_operator_3.py
[2024-11-03T01:11:16.472-0300] {processor.py:925} INFO - DAG(s) 'example_branch_dop_operator_v3' retrieved from /home/nico/.local/lib/python3.10/site-packages/airflow/example_dags/example_branch_python_dop_operator_3.py
[2024-11-03T01:11:16.531-0300] {logging_mixin.py:190} INFO - [2024-11-03T01:11:16.530-0300] {dag.py:3239} INFO - Sync 1 DAGs
[2024-11-03T01:11:16.599-0300] {logging_mixin.py:190} INFO - [2024-11-03T01:11:16.599-0300] {dag.py:4180} INFO - Setting next_dagrun for example_branch_dop_operator_v3 to 2024-11-03 04:10:00+00:00, run_after=2024-11-03 04:11:00+00:00
[2024-11-03T01:11:16.731-0300] {processor.py:208} INFO - Processing /home/nico/.local/lib/python3.10/site-packages/airflow/example_dags/example_branch_python_dop_operator_3.py took 0.328 seconds
[2024-11-03T01:17:39.679-0300] {processor.py:186} INFO - Started process (PID=223084) to work on /home/nico/.local/lib/python3.10/site-packages/airflow/example_dags/example_branch_python_dop_operator_3.py
[2024-11-03T01:17:39.682-0300] {processor.py:914} INFO - Processing file /home/nico/.local/lib/python3.10/site-packages/airflow/example_dags/example_branch_python_dop_operator_3.py for tasks to queue
[2024-11-03T01:17:39.686-0300] {logging_mixin.py:190} INFO - [2024-11-03T01:17:39.685-0300] {dagbag.py:588} INFO - Filling up the DagBag from /home/nico/.local/lib/python3.10/site-packages/airflow/example_dags/example_branch_python_dop_operator_3.py
[2024-11-03T01:17:39.705-0300] {processor.py:925} INFO - DAG(s) 'example_branch_dop_operator_v3' retrieved from /home/nico/.local/lib/python3.10/site-packages/airflow/example_dags/example_branch_python_dop_operator_3.py
[2024-11-03T01:17:39.765-0300] {logging_mixin.py:190} INFO - [2024-11-03T01:17:39.764-0300] {dag.py:3239} INFO - Sync 1 DAGs
[2024-11-03T01:17:39.844-0300] {logging_mixin.py:190} INFO - [2024-11-03T01:17:39.843-0300] {dag.py:4180} INFO - Setting next_dagrun for example_branch_dop_operator_v3 to 2024-11-03 04:16:00+00:00, run_after=2024-11-03 04:17:00+00:00
[2024-11-03T01:17:40.005-0300] {processor.py:208} INFO - Processing /home/nico/.local/lib/python3.10/site-packages/airflow/example_dags/example_branch_python_dop_operator_3.py took 0.339 seconds
[2024-11-03T01:21:49.419-0300] {processor.py:186} INFO - Started process (PID=223187) to work on /home/nico/.local/lib/python3.10/site-packages/airflow/example_dags/example_branch_python_dop_operator_3.py
[2024-11-03T01:21:49.433-0300] {processor.py:914} INFO - Processing file /home/nico/.local/lib/python3.10/site-packages/airflow/example_dags/example_branch_python_dop_operator_3.py for tasks to queue
[2024-11-03T01:21:49.438-0300] {logging_mixin.py:190} INFO - [2024-11-03T01:21:49.437-0300] {dagbag.py:588} INFO - Filling up the DagBag from /home/nico/.local/lib/python3.10/site-packages/airflow/example_dags/example_branch_python_dop_operator_3.py
[2024-11-03T01:21:49.483-0300] {processor.py:925} INFO - DAG(s) 'example_branch_dop_operator_v3' retrieved from /home/nico/.local/lib/python3.10/site-packages/airflow/example_dags/example_branch_python_dop_operator_3.py
[2024-11-03T01:21:49.563-0300] {logging_mixin.py:190} INFO - [2024-11-03T01:21:49.562-0300] {dag.py:3239} INFO - Sync 1 DAGs
[2024-11-03T01:21:49.657-0300] {logging_mixin.py:190} INFO - [2024-11-03T01:21:49.656-0300] {dag.py:4180} INFO - Setting next_dagrun for example_branch_dop_operator_v3 to 2024-11-03 04:20:00+00:00, run_after=2024-11-03 04:21:00+00:00
[2024-11-03T01:21:49.852-0300] {processor.py:208} INFO - Processing /home/nico/.local/lib/python3.10/site-packages/airflow/example_dags/example_branch_python_dop_operator_3.py took 0.483 seconds
[2024-11-03T11:57:00.627-0300] {processor.py:186} INFO - Started process (PID=224899) to work on /home/nico/.local/lib/python3.10/site-packages/airflow/example_dags/example_branch_python_dop_operator_3.py
[2024-11-03T11:57:00.632-0300] {processor.py:914} INFO - Processing file /home/nico/.local/lib/python3.10/site-packages/airflow/example_dags/example_branch_python_dop_operator_3.py for tasks to queue
[2024-11-03T11:57:00.640-0300] {logging_mixin.py:190} INFO - [2024-11-03T11:57:00.639-0300] {dagbag.py:588} INFO - Filling up the DagBag from /home/nico/.local/lib/python3.10/site-packages/airflow/example_dags/example_branch_python_dop_operator_3.py
[2024-11-03T11:57:00.744-0300] {processor.py:925} INFO - DAG(s) 'example_branch_dop_operator_v3' retrieved from /home/nico/.local/lib/python3.10/site-packages/airflow/example_dags/example_branch_python_dop_operator_3.py
[2024-11-03T11:57:00.904-0300] {logging_mixin.py:190} INFO - [2024-11-03T11:57:00.903-0300] {dag.py:3239} INFO - Sync 1 DAGs
[2024-11-03T11:57:01.085-0300] {logging_mixin.py:190} INFO - [2024-11-03T11:57:01.084-0300] {dag.py:4180} INFO - Setting next_dagrun for example_branch_dop_operator_v3 to 2024-11-03 14:56:00+00:00, run_after=2024-11-03 14:57:00+00:00
[2024-11-03T11:57:01.312-0300] {processor.py:208} INFO - Processing /home/nico/.local/lib/python3.10/site-packages/airflow/example_dags/example_branch_python_dop_operator_3.py took 0.727 seconds
[2024-11-03T12:02:04.490-0300] {processor.py:186} INFO - Started process (PID=225008) to work on /home/nico/.local/lib/python3.10/site-packages/airflow/example_dags/example_branch_python_dop_operator_3.py
[2024-11-03T12:02:04.495-0300] {processor.py:914} INFO - Processing file /home/nico/.local/lib/python3.10/site-packages/airflow/example_dags/example_branch_python_dop_operator_3.py for tasks to queue
[2024-11-03T12:02:04.507-0300] {logging_mixin.py:190} INFO - [2024-11-03T12:02:04.506-0300] {dagbag.py:588} INFO - Filling up the DagBag from /home/nico/.local/lib/python3.10/site-packages/airflow/example_dags/example_branch_python_dop_operator_3.py
[2024-11-03T12:02:04.566-0300] {processor.py:925} INFO - DAG(s) 'example_branch_dop_operator_v3' retrieved from /home/nico/.local/lib/python3.10/site-packages/airflow/example_dags/example_branch_python_dop_operator_3.py
[2024-11-03T12:02:04.656-0300] {logging_mixin.py:190} INFO - [2024-11-03T12:02:04.656-0300] {dag.py:3239} INFO - Sync 1 DAGs
[2024-11-03T12:02:04.719-0300] {logging_mixin.py:190} INFO - [2024-11-03T12:02:04.719-0300] {dag.py:4180} INFO - Setting next_dagrun for example_branch_dop_operator_v3 to 2024-11-03 15:01:00+00:00, run_after=2024-11-03 15:02:00+00:00
[2024-11-03T12:02:04.845-0300] {processor.py:208} INFO - Processing /home/nico/.local/lib/python3.10/site-packages/airflow/example_dags/example_branch_python_dop_operator_3.py took 0.404 seconds
[2024-11-03T12:07:35.558-0300] {processor.py:186} INFO - Started process (PID=225128) to work on /home/nico/.local/lib/python3.10/site-packages/airflow/example_dags/example_branch_python_dop_operator_3.py
[2024-11-03T12:07:35.565-0300] {processor.py:914} INFO - Processing file /home/nico/.local/lib/python3.10/site-packages/airflow/example_dags/example_branch_python_dop_operator_3.py for tasks to queue
[2024-11-03T12:07:35.573-0300] {logging_mixin.py:190} INFO - [2024-11-03T12:07:35.571-0300] {dagbag.py:588} INFO - Filling up the DagBag from /home/nico/.local/lib/python3.10/site-packages/airflow/example_dags/example_branch_python_dop_operator_3.py
[2024-11-03T12:07:35.620-0300] {processor.py:925} INFO - DAG(s) 'example_branch_dop_operator_v3' retrieved from /home/nico/.local/lib/python3.10/site-packages/airflow/example_dags/example_branch_python_dop_operator_3.py
[2024-11-03T12:07:35.689-0300] {logging_mixin.py:190} INFO - [2024-11-03T12:07:35.688-0300] {dag.py:3239} INFO - Sync 1 DAGs
[2024-11-03T12:07:36.012-0300] {logging_mixin.py:190} INFO - [2024-11-03T12:07:36.012-0300] {dag.py:4180} INFO - Setting next_dagrun for example_branch_dop_operator_v3 to 2024-11-03 15:06:00+00:00, run_after=2024-11-03 15:07:00+00:00
[2024-11-03T12:07:36.254-0300] {processor.py:208} INFO - Processing /home/nico/.local/lib/python3.10/site-packages/airflow/example_dags/example_branch_python_dop_operator_3.py took 0.723 seconds
[2024-11-03T12:10:43.129-0300] {processor.py:186} INFO - Started process (PID=225224) to work on /home/nico/.local/lib/python3.10/site-packages/airflow/example_dags/example_branch_python_dop_operator_3.py
[2024-11-03T12:10:43.134-0300] {processor.py:914} INFO - Processing file /home/nico/.local/lib/python3.10/site-packages/airflow/example_dags/example_branch_python_dop_operator_3.py for tasks to queue
[2024-11-03T12:10:43.140-0300] {logging_mixin.py:190} INFO - [2024-11-03T12:10:43.139-0300] {dagbag.py:588} INFO - Filling up the DagBag from /home/nico/.local/lib/python3.10/site-packages/airflow/example_dags/example_branch_python_dop_operator_3.py
[2024-11-03T12:10:43.176-0300] {processor.py:925} INFO - DAG(s) 'example_branch_dop_operator_v3' retrieved from /home/nico/.local/lib/python3.10/site-packages/airflow/example_dags/example_branch_python_dop_operator_3.py
[2024-11-03T12:10:43.425-0300] {logging_mixin.py:190} INFO - [2024-11-03T12:10:43.424-0300] {dag.py:3239} INFO - Sync 1 DAGs
[2024-11-03T12:10:43.530-0300] {logging_mixin.py:190} INFO - [2024-11-03T12:10:43.530-0300] {dag.py:4180} INFO - Setting next_dagrun for example_branch_dop_operator_v3 to 2024-11-03 15:09:00+00:00, run_after=2024-11-03 15:10:00+00:00
[2024-11-03T12:10:43.824-0300] {processor.py:208} INFO - Processing /home/nico/.local/lib/python3.10/site-packages/airflow/example_dags/example_branch_python_dop_operator_3.py took 0.723 seconds
[2024-11-03T12:14:42.449-0300] {processor.py:186} INFO - Started process (PID=225331) to work on /home/nico/.local/lib/python3.10/site-packages/airflow/example_dags/example_branch_python_dop_operator_3.py
[2024-11-03T12:14:42.464-0300] {processor.py:914} INFO - Processing file /home/nico/.local/lib/python3.10/site-packages/airflow/example_dags/example_branch_python_dop_operator_3.py for tasks to queue
[2024-11-03T12:14:42.474-0300] {logging_mixin.py:190} INFO - [2024-11-03T12:14:42.473-0300] {dagbag.py:588} INFO - Filling up the DagBag from /home/nico/.local/lib/python3.10/site-packages/airflow/example_dags/example_branch_python_dop_operator_3.py
[2024-11-03T12:14:42.544-0300] {processor.py:925} INFO - DAG(s) 'example_branch_dop_operator_v3' retrieved from /home/nico/.local/lib/python3.10/site-packages/airflow/example_dags/example_branch_python_dop_operator_3.py
[2024-11-03T12:14:42.789-0300] {logging_mixin.py:190} INFO - [2024-11-03T12:14:42.788-0300] {dag.py:3239} INFO - Sync 1 DAGs
[2024-11-03T12:14:42.980-0300] {logging_mixin.py:190} INFO - [2024-11-03T12:14:42.979-0300] {dag.py:4180} INFO - Setting next_dagrun for example_branch_dop_operator_v3 to 2024-11-03 15:13:00+00:00, run_after=2024-11-03 15:14:00+00:00
[2024-11-03T12:14:43.255-0300] {processor.py:208} INFO - Processing /home/nico/.local/lib/python3.10/site-packages/airflow/example_dags/example_branch_python_dop_operator_3.py took 0.845 seconds
[2024-11-03T18:30:01.951-0300] {processor.py:186} INFO - Started process (PID=225678) to work on /home/nico/.local/lib/python3.10/site-packages/airflow/example_dags/example_branch_python_dop_operator_3.py
[2024-11-03T18:30:01.965-0300] {processor.py:914} INFO - Processing file /home/nico/.local/lib/python3.10/site-packages/airflow/example_dags/example_branch_python_dop_operator_3.py for tasks to queue
[2024-11-03T18:30:01.981-0300] {logging_mixin.py:190} INFO - [2024-11-03T18:30:01.980-0300] {dagbag.py:588} INFO - Filling up the DagBag from /home/nico/.local/lib/python3.10/site-packages/airflow/example_dags/example_branch_python_dop_operator_3.py
[2024-11-03T18:30:02.090-0300] {processor.py:925} INFO - DAG(s) 'example_branch_dop_operator_v3' retrieved from /home/nico/.local/lib/python3.10/site-packages/airflow/example_dags/example_branch_python_dop_operator_3.py
[2024-11-03T18:30:02.320-0300] {logging_mixin.py:190} INFO - [2024-11-03T18:30:02.319-0300] {dag.py:3239} INFO - Sync 1 DAGs
[2024-11-03T18:30:02.616-0300] {logging_mixin.py:190} INFO - [2024-11-03T18:30:02.616-0300] {dag.py:4180} INFO - Setting next_dagrun for example_branch_dop_operator_v3 to 2024-11-03 21:29:00+00:00, run_after=2024-11-03 21:30:00+00:00
[2024-11-03T18:30:02.941-0300] {processor.py:208} INFO - Processing /home/nico/.local/lib/python3.10/site-packages/airflow/example_dags/example_branch_python_dop_operator_3.py took 1.030 seconds
[2024-11-03T18:36:34.809-0300] {processor.py:186} INFO - Started process (PID=225852) to work on /home/nico/.local/lib/python3.10/site-packages/airflow/example_dags/example_branch_python_dop_operator_3.py
[2024-11-03T18:36:34.855-0300] {processor.py:914} INFO - Processing file /home/nico/.local/lib/python3.10/site-packages/airflow/example_dags/example_branch_python_dop_operator_3.py for tasks to queue
[2024-11-03T18:36:34.862-0300] {logging_mixin.py:190} INFO - [2024-11-03T18:36:34.860-0300] {dagbag.py:588} INFO - Filling up the DagBag from /home/nico/.local/lib/python3.10/site-packages/airflow/example_dags/example_branch_python_dop_operator_3.py
[2024-11-03T18:36:34.917-0300] {processor.py:925} INFO - DAG(s) 'example_branch_dop_operator_v3' retrieved from /home/nico/.local/lib/python3.10/site-packages/airflow/example_dags/example_branch_python_dop_operator_3.py
[2024-11-03T18:36:35.086-0300] {logging_mixin.py:190} INFO - [2024-11-03T18:36:35.085-0300] {dag.py:3239} INFO - Sync 1 DAGs
[2024-11-03T18:36:35.192-0300] {logging_mixin.py:190} INFO - [2024-11-03T18:36:35.191-0300] {dag.py:4180} INFO - Setting next_dagrun for example_branch_dop_operator_v3 to 2024-11-03 21:35:00+00:00, run_after=2024-11-03 21:36:00+00:00
[2024-11-03T18:36:35.333-0300] {processor.py:208} INFO - Processing /home/nico/.local/lib/python3.10/site-packages/airflow/example_dags/example_branch_python_dop_operator_3.py took 0.564 seconds
[2024-11-03T18:39:09.917-0300] {processor.py:186} INFO - Started process (PID=225916) to work on /home/nico/.local/lib/python3.10/site-packages/airflow/example_dags/example_branch_python_dop_operator_3.py
[2024-11-03T18:39:09.921-0300] {processor.py:914} INFO - Processing file /home/nico/.local/lib/python3.10/site-packages/airflow/example_dags/example_branch_python_dop_operator_3.py for tasks to queue
[2024-11-03T18:39:09.925-0300] {logging_mixin.py:190} INFO - [2024-11-03T18:39:09.924-0300] {dagbag.py:588} INFO - Filling up the DagBag from /home/nico/.local/lib/python3.10/site-packages/airflow/example_dags/example_branch_python_dop_operator_3.py
[2024-11-03T18:39:09.945-0300] {processor.py:925} INFO - DAG(s) 'example_branch_dop_operator_v3' retrieved from /home/nico/.local/lib/python3.10/site-packages/airflow/example_dags/example_branch_python_dop_operator_3.py
[2024-11-03T18:39:10.005-0300] {logging_mixin.py:190} INFO - [2024-11-03T18:39:10.004-0300] {dag.py:3239} INFO - Sync 1 DAGs
[2024-11-03T18:39:10.441-0300] {logging_mixin.py:190} INFO - [2024-11-03T18:39:10.440-0300] {dag.py:4180} INFO - Setting next_dagrun for example_branch_dop_operator_v3 to 2024-11-03 21:38:00+00:00, run_after=2024-11-03 21:39:00+00:00
[2024-11-03T18:39:10.806-0300] {processor.py:208} INFO - Processing /home/nico/.local/lib/python3.10/site-packages/airflow/example_dags/example_branch_python_dop_operator_3.py took 0.912 seconds
[2024-11-03T18:42:27.683-0300] {processor.py:186} INFO - Started process (PID=226010) to work on /home/nico/.local/lib/python3.10/site-packages/airflow/example_dags/example_branch_python_dop_operator_3.py
[2024-11-03T18:42:27.687-0300] {processor.py:914} INFO - Processing file /home/nico/.local/lib/python3.10/site-packages/airflow/example_dags/example_branch_python_dop_operator_3.py for tasks to queue
[2024-11-03T18:42:27.691-0300] {logging_mixin.py:190} INFO - [2024-11-03T18:42:27.690-0300] {dagbag.py:588} INFO - Filling up the DagBag from /home/nico/.local/lib/python3.10/site-packages/airflow/example_dags/example_branch_python_dop_operator_3.py
[2024-11-03T18:42:27.714-0300] {processor.py:925} INFO - DAG(s) 'example_branch_dop_operator_v3' retrieved from /home/nico/.local/lib/python3.10/site-packages/airflow/example_dags/example_branch_python_dop_operator_3.py
[2024-11-03T18:42:27.817-0300] {logging_mixin.py:190} INFO - [2024-11-03T18:42:27.816-0300] {dag.py:3239} INFO - Sync 1 DAGs
[2024-11-03T18:42:27.905-0300] {logging_mixin.py:190} INFO - [2024-11-03T18:42:27.904-0300] {dag.py:4180} INFO - Setting next_dagrun for example_branch_dop_operator_v3 to 2024-11-03 21:41:00+00:00, run_after=2024-11-03 21:42:00+00:00
[2024-11-03T18:42:28.033-0300] {processor.py:208} INFO - Processing /home/nico/.local/lib/python3.10/site-packages/airflow/example_dags/example_branch_python_dop_operator_3.py took 0.373 seconds
[2024-11-03T18:45:34.285-0300] {processor.py:186} INFO - Started process (PID=226102) to work on /home/nico/.local/lib/python3.10/site-packages/airflow/example_dags/example_branch_python_dop_operator_3.py
[2024-11-03T18:45:34.289-0300] {processor.py:914} INFO - Processing file /home/nico/.local/lib/python3.10/site-packages/airflow/example_dags/example_branch_python_dop_operator_3.py for tasks to queue
[2024-11-03T18:45:34.294-0300] {logging_mixin.py:190} INFO - [2024-11-03T18:45:34.293-0300] {dagbag.py:588} INFO - Filling up the DagBag from /home/nico/.local/lib/python3.10/site-packages/airflow/example_dags/example_branch_python_dop_operator_3.py
[2024-11-03T18:45:34.319-0300] {processor.py:925} INFO - DAG(s) 'example_branch_dop_operator_v3' retrieved from /home/nico/.local/lib/python3.10/site-packages/airflow/example_dags/example_branch_python_dop_operator_3.py
[2024-11-03T18:45:34.421-0300] {logging_mixin.py:190} INFO - [2024-11-03T18:45:34.420-0300] {dag.py:3239} INFO - Sync 1 DAGs
[2024-11-03T18:45:34.513-0300] {logging_mixin.py:190} INFO - [2024-11-03T18:45:34.513-0300] {dag.py:4180} INFO - Setting next_dagrun for example_branch_dop_operator_v3 to 2024-11-03 21:44:00+00:00, run_after=2024-11-03 21:45:00+00:00
[2024-11-03T18:45:34.656-0300] {processor.py:208} INFO - Processing /home/nico/.local/lib/python3.10/site-packages/airflow/example_dags/example_branch_python_dop_operator_3.py took 0.421 seconds
[2024-11-03T18:49:19.296-0300] {processor.py:186} INFO - Started process (PID=226201) to work on /home/nico/.local/lib/python3.10/site-packages/airflow/example_dags/example_branch_python_dop_operator_3.py
[2024-11-03T18:49:19.300-0300] {processor.py:914} INFO - Processing file /home/nico/.local/lib/python3.10/site-packages/airflow/example_dags/example_branch_python_dop_operator_3.py for tasks to queue
[2024-11-03T18:49:19.306-0300] {logging_mixin.py:190} INFO - [2024-11-03T18:49:19.304-0300] {dagbag.py:588} INFO - Filling up the DagBag from /home/nico/.local/lib/python3.10/site-packages/airflow/example_dags/example_branch_python_dop_operator_3.py
[2024-11-03T18:49:19.343-0300] {processor.py:925} INFO - DAG(s) 'example_branch_dop_operator_v3' retrieved from /home/nico/.local/lib/python3.10/site-packages/airflow/example_dags/example_branch_python_dop_operator_3.py
[2024-11-03T18:49:19.435-0300] {logging_mixin.py:190} INFO - [2024-11-03T18:49:19.434-0300] {dag.py:3239} INFO - Sync 1 DAGs
[2024-11-03T18:49:19.569-0300] {logging_mixin.py:190} INFO - [2024-11-03T18:49:19.568-0300] {dag.py:4180} INFO - Setting next_dagrun for example_branch_dop_operator_v3 to 2024-11-03 21:48:00+00:00, run_after=2024-11-03 21:49:00+00:00
[2024-11-03T18:49:19.965-0300] {processor.py:208} INFO - Processing /home/nico/.local/lib/python3.10/site-packages/airflow/example_dags/example_branch_python_dop_operator_3.py took 0.703 seconds
[2024-11-03T18:54:07.088-0300] {processor.py:186} INFO - Started process (PID=226302) to work on /home/nico/.local/lib/python3.10/site-packages/airflow/example_dags/example_branch_python_dop_operator_3.py
[2024-11-03T18:54:07.091-0300] {processor.py:914} INFO - Processing file /home/nico/.local/lib/python3.10/site-packages/airflow/example_dags/example_branch_python_dop_operator_3.py for tasks to queue
[2024-11-03T18:54:07.095-0300] {logging_mixin.py:190} INFO - [2024-11-03T18:54:07.095-0300] {dagbag.py:588} INFO - Filling up the DagBag from /home/nico/.local/lib/python3.10/site-packages/airflow/example_dags/example_branch_python_dop_operator_3.py
[2024-11-03T18:54:07.120-0300] {processor.py:925} INFO - DAG(s) 'example_branch_dop_operator_v3' retrieved from /home/nico/.local/lib/python3.10/site-packages/airflow/example_dags/example_branch_python_dop_operator_3.py
[2024-11-03T18:54:07.185-0300] {logging_mixin.py:190} INFO - [2024-11-03T18:54:07.185-0300] {dag.py:3239} INFO - Sync 1 DAGs
[2024-11-03T18:54:07.273-0300] {logging_mixin.py:190} INFO - [2024-11-03T18:54:07.273-0300] {dag.py:4180} INFO - Setting next_dagrun for example_branch_dop_operator_v3 to 2024-11-03 21:53:00+00:00, run_after=2024-11-03 21:54:00+00:00
[2024-11-03T18:54:07.522-0300] {processor.py:208} INFO - Processing /home/nico/.local/lib/python3.10/site-packages/airflow/example_dags/example_branch_python_dop_operator_3.py took 0.454 seconds
[2024-11-03T19:01:36.543-0300] {processor.py:186} INFO - Started process (PID=226472) to work on /home/nico/.local/lib/python3.10/site-packages/airflow/example_dags/example_branch_python_dop_operator_3.py
[2024-11-03T19:01:36.548-0300] {processor.py:914} INFO - Processing file /home/nico/.local/lib/python3.10/site-packages/airflow/example_dags/example_branch_python_dop_operator_3.py for tasks to queue
[2024-11-03T19:01:36.552-0300] {logging_mixin.py:190} INFO - [2024-11-03T19:01:36.551-0300] {dagbag.py:588} INFO - Filling up the DagBag from /home/nico/.local/lib/python3.10/site-packages/airflow/example_dags/example_branch_python_dop_operator_3.py
[2024-11-03T19:01:36.607-0300] {processor.py:925} INFO - DAG(s) 'example_branch_dop_operator_v3' retrieved from /home/nico/.local/lib/python3.10/site-packages/airflow/example_dags/example_branch_python_dop_operator_3.py
[2024-11-03T19:01:36.701-0300] {logging_mixin.py:190} INFO - [2024-11-03T19:01:36.701-0300] {dag.py:3239} INFO - Sync 1 DAGs
[2024-11-03T19:01:36.818-0300] {logging_mixin.py:190} INFO - [2024-11-03T19:01:36.817-0300] {dag.py:4180} INFO - Setting next_dagrun for example_branch_dop_operator_v3 to 2024-11-03 22:00:00+00:00, run_after=2024-11-03 22:01:00+00:00
[2024-11-03T19:01:36.946-0300] {processor.py:208} INFO - Processing /home/nico/.local/lib/python3.10/site-packages/airflow/example_dags/example_branch_python_dop_operator_3.py took 0.447 seconds
[2024-11-03T19:07:55.275-0300] {processor.py:186} INFO - Started process (PID=226624) to work on /home/nico/.local/lib/python3.10/site-packages/airflow/example_dags/example_branch_python_dop_operator_3.py
[2024-11-03T19:07:55.294-0300] {processor.py:914} INFO - Processing file /home/nico/.local/lib/python3.10/site-packages/airflow/example_dags/example_branch_python_dop_operator_3.py for tasks to queue
[2024-11-03T19:07:55.300-0300] {logging_mixin.py:190} INFO - [2024-11-03T19:07:55.299-0300] {dagbag.py:588} INFO - Filling up the DagBag from /home/nico/.local/lib/python3.10/site-packages/airflow/example_dags/example_branch_python_dop_operator_3.py
[2024-11-03T19:07:55.378-0300] {processor.py:925} INFO - DAG(s) 'example_branch_dop_operator_v3' retrieved from /home/nico/.local/lib/python3.10/site-packages/airflow/example_dags/example_branch_python_dop_operator_3.py
[2024-11-03T19:07:55.741-0300] {logging_mixin.py:190} INFO - [2024-11-03T19:07:55.740-0300] {dag.py:3239} INFO - Sync 1 DAGs
[2024-11-03T19:07:55.966-0300] {logging_mixin.py:190} INFO - [2024-11-03T19:07:55.965-0300] {dag.py:4180} INFO - Setting next_dagrun for example_branch_dop_operator_v3 to 2024-11-03 22:06:00+00:00, run_after=2024-11-03 22:07:00+00:00
[2024-11-03T19:07:56.538-0300] {processor.py:208} INFO - Processing /home/nico/.local/lib/python3.10/site-packages/airflow/example_dags/example_branch_python_dop_operator_3.py took 1.317 seconds
[2024-11-03T19:13:36.062-0300] {processor.py:186} INFO - Started process (PID=226711) to work on /home/nico/.local/lib/python3.10/site-packages/airflow/example_dags/example_branch_python_dop_operator_3.py
[2024-11-03T19:13:36.077-0300] {processor.py:914} INFO - Processing file /home/nico/.local/lib/python3.10/site-packages/airflow/example_dags/example_branch_python_dop_operator_3.py for tasks to queue
[2024-11-03T19:13:36.091-0300] {logging_mixin.py:190} INFO - [2024-11-03T19:13:36.090-0300] {dagbag.py:588} INFO - Filling up the DagBag from /home/nico/.local/lib/python3.10/site-packages/airflow/example_dags/example_branch_python_dop_operator_3.py
[2024-11-03T19:13:36.160-0300] {processor.py:925} INFO - DAG(s) 'example_branch_dop_operator_v3' retrieved from /home/nico/.local/lib/python3.10/site-packages/airflow/example_dags/example_branch_python_dop_operator_3.py
[2024-11-03T19:13:36.265-0300] {logging_mixin.py:190} INFO - [2024-11-03T19:13:36.264-0300] {dag.py:3239} INFO - Sync 1 DAGs
[2024-11-03T19:13:36.359-0300] {logging_mixin.py:190} INFO - [2024-11-03T19:13:36.358-0300] {dag.py:4180} INFO - Setting next_dagrun for example_branch_dop_operator_v3 to 2024-11-03 22:12:00+00:00, run_after=2024-11-03 22:13:00+00:00
[2024-11-03T19:13:36.549-0300] {processor.py:208} INFO - Processing /home/nico/.local/lib/python3.10/site-packages/airflow/example_dags/example_branch_python_dop_operator_3.py took 0.538 seconds
[2024-11-03T19:34:36.647-0300] {processor.py:186} INFO - Started process (PID=227022) to work on /home/nico/.local/lib/python3.10/site-packages/airflow/example_dags/example_branch_python_dop_operator_3.py
[2024-11-03T19:34:36.669-0300] {processor.py:914} INFO - Processing file /home/nico/.local/lib/python3.10/site-packages/airflow/example_dags/example_branch_python_dop_operator_3.py for tasks to queue
[2024-11-03T19:34:36.684-0300] {logging_mixin.py:190} INFO - [2024-11-03T19:34:36.682-0300] {dagbag.py:588} INFO - Filling up the DagBag from /home/nico/.local/lib/python3.10/site-packages/airflow/example_dags/example_branch_python_dop_operator_3.py
[2024-11-03T19:34:36.761-0300] {processor.py:925} INFO - DAG(s) 'example_branch_dop_operator_v3' retrieved from /home/nico/.local/lib/python3.10/site-packages/airflow/example_dags/example_branch_python_dop_operator_3.py
[2024-11-03T19:34:36.898-0300] {logging_mixin.py:190} INFO - [2024-11-03T19:34:36.896-0300] {dag.py:3239} INFO - Sync 1 DAGs
[2024-11-03T19:34:37.015-0300] {logging_mixin.py:190} INFO - [2024-11-03T19:34:37.014-0300] {dag.py:4180} INFO - Setting next_dagrun for example_branch_dop_operator_v3 to 2024-11-03 22:33:00+00:00, run_after=2024-11-03 22:34:00+00:00
[2024-11-03T19:34:37.248-0300] {processor.py:208} INFO - Processing /home/nico/.local/lib/python3.10/site-packages/airflow/example_dags/example_branch_python_dop_operator_3.py took 0.655 seconds
[2024-11-03T19:37:16.177-0300] {processor.py:186} INFO - Started process (PID=227080) to work on /home/nico/.local/lib/python3.10/site-packages/airflow/example_dags/example_branch_python_dop_operator_3.py
[2024-11-03T19:37:16.181-0300] {processor.py:914} INFO - Processing file /home/nico/.local/lib/python3.10/site-packages/airflow/example_dags/example_branch_python_dop_operator_3.py for tasks to queue
[2024-11-03T19:37:16.187-0300] {logging_mixin.py:190} INFO - [2024-11-03T19:37:16.185-0300] {dagbag.py:588} INFO - Filling up the DagBag from /home/nico/.local/lib/python3.10/site-packages/airflow/example_dags/example_branch_python_dop_operator_3.py
[2024-11-03T19:37:16.243-0300] {processor.py:925} INFO - DAG(s) 'example_branch_dop_operator_v3' retrieved from /home/nico/.local/lib/python3.10/site-packages/airflow/example_dags/example_branch_python_dop_operator_3.py
[2024-11-03T19:37:16.425-0300] {logging_mixin.py:190} INFO - [2024-11-03T19:37:16.424-0300] {dag.py:3239} INFO - Sync 1 DAGs
[2024-11-03T19:37:16.563-0300] {logging_mixin.py:190} INFO - [2024-11-03T19:37:16.562-0300] {dag.py:4180} INFO - Setting next_dagrun for example_branch_dop_operator_v3 to 2024-11-03 22:36:00+00:00, run_after=2024-11-03 22:37:00+00:00
[2024-11-03T19:37:16.758-0300] {processor.py:208} INFO - Processing /home/nico/.local/lib/python3.10/site-packages/airflow/example_dags/example_branch_python_dop_operator_3.py took 0.603 seconds
[2024-11-03T19:39:50.334-0300] {processor.py:186} INFO - Started process (PID=227168) to work on /home/nico/.local/lib/python3.10/site-packages/airflow/example_dags/example_branch_python_dop_operator_3.py
[2024-11-03T19:39:50.339-0300] {processor.py:914} INFO - Processing file /home/nico/.local/lib/python3.10/site-packages/airflow/example_dags/example_branch_python_dop_operator_3.py for tasks to queue
[2024-11-03T19:39:50.350-0300] {logging_mixin.py:190} INFO - [2024-11-03T19:39:50.349-0300] {dagbag.py:588} INFO - Filling up the DagBag from /home/nico/.local/lib/python3.10/site-packages/airflow/example_dags/example_branch_python_dop_operator_3.py
[2024-11-03T19:39:50.387-0300] {processor.py:925} INFO - DAG(s) 'example_branch_dop_operator_v3' retrieved from /home/nico/.local/lib/python3.10/site-packages/airflow/example_dags/example_branch_python_dop_operator_3.py
[2024-11-03T19:39:50.487-0300] {logging_mixin.py:190} INFO - [2024-11-03T19:39:50.487-0300] {dag.py:3239} INFO - Sync 1 DAGs
[2024-11-03T19:39:50.575-0300] {logging_mixin.py:190} INFO - [2024-11-03T19:39:50.573-0300] {dag.py:4180} INFO - Setting next_dagrun for example_branch_dop_operator_v3 to 2024-11-03 22:38:00+00:00, run_after=2024-11-03 22:39:00+00:00
[2024-11-03T19:39:50.726-0300] {processor.py:208} INFO - Processing /home/nico/.local/lib/python3.10/site-packages/airflow/example_dags/example_branch_python_dop_operator_3.py took 0.426 seconds
