[2024-11-02T21:36:05.900-0300] {processor.py:186} INFO - Started process (PID=220052) to work on /home/nico/.local/lib/python3.10/site-packages/airflow/example_dags/example_branch_operator.py
[2024-11-02T21:36:05.913-0300] {processor.py:914} INFO - Processing file /home/nico/.local/lib/python3.10/site-packages/airflow/example_dags/example_branch_operator.py for tasks to queue
[2024-11-02T21:36:05.930-0300] {logging_mixin.py:190} INFO - [2024-11-02T21:36:05.919-0300] {dagbag.py:588} INFO - Filling up the DagBag from /home/nico/.local/lib/python3.10/site-packages/airflow/example_dags/example_branch_operator.py
[2024-11-02T21:36:06.061-0300] {processor.py:925} INFO - DAG(s) 'example_branch_operator' retrieved from /home/nico/.local/lib/python3.10/site-packages/airflow/example_dags/example_branch_operator.py
[2024-11-02T21:36:06.537-0300] {logging_mixin.py:190} INFO - [2024-11-02T21:36:06.536-0300] {dag.py:3239} INFO - Sync 1 DAGs
[2024-11-02T21:36:06.619-0300] {logging_mixin.py:190} INFO - [2024-11-02T21:36:06.618-0300] {dag.py:4180} INFO - Setting next_dagrun for example_branch_operator to 2024-11-02 00:00:00+00:00, run_after=2024-11-03 00:00:00+00:00
[2024-11-02T21:36:06.779-0300] {processor.py:208} INFO - Processing /home/nico/.local/lib/python3.10/site-packages/airflow/example_dags/example_branch_operator.py took 0.934 seconds
[2024-11-02T21:40:58.035-0300] {processor.py:186} INFO - Started process (PID=220169) to work on /home/nico/.local/lib/python3.10/site-packages/airflow/example_dags/example_branch_operator.py
[2024-11-02T21:40:58.052-0300] {processor.py:914} INFO - Processing file /home/nico/.local/lib/python3.10/site-packages/airflow/example_dags/example_branch_operator.py for tasks to queue
[2024-11-02T21:40:58.062-0300] {logging_mixin.py:190} INFO - [2024-11-02T21:40:58.057-0300] {dagbag.py:588} INFO - Filling up the DagBag from /home/nico/.local/lib/python3.10/site-packages/airflow/example_dags/example_branch_operator.py
[2024-11-02T21:40:58.240-0300] {processor.py:925} INFO - DAG(s) 'example_branch_operator' retrieved from /home/nico/.local/lib/python3.10/site-packages/airflow/example_dags/example_branch_operator.py
[2024-11-02T21:40:58.582-0300] {logging_mixin.py:190} INFO - [2024-11-02T21:40:58.582-0300] {dag.py:3239} INFO - Sync 1 DAGs
[2024-11-02T21:40:58.713-0300] {logging_mixin.py:190} INFO - [2024-11-02T21:40:58.712-0300] {dag.py:4180} INFO - Setting next_dagrun for example_branch_operator to 2024-11-02 00:00:00+00:00, run_after=2024-11-03 00:00:00+00:00
[2024-11-02T21:40:58.980-0300] {processor.py:208} INFO - Processing /home/nico/.local/lib/python3.10/site-packages/airflow/example_dags/example_branch_operator.py took 0.993 seconds
[2024-11-02T22:46:00.610-0300] {processor.py:186} INFO - Started process (PID=220798) to work on /home/nico/.local/lib/python3.10/site-packages/airflow/example_dags/example_branch_operator.py
[2024-11-02T22:46:00.631-0300] {processor.py:914} INFO - Processing file /home/nico/.local/lib/python3.10/site-packages/airflow/example_dags/example_branch_operator.py for tasks to queue
[2024-11-02T22:46:00.638-0300] {logging_mixin.py:190} INFO - [2024-11-02T22:46:00.636-0300] {dagbag.py:588} INFO - Filling up the DagBag from /home/nico/.local/lib/python3.10/site-packages/airflow/example_dags/example_branch_operator.py
[2024-11-02T22:46:00.777-0300] {processor.py:925} INFO - DAG(s) 'example_branch_operator' retrieved from /home/nico/.local/lib/python3.10/site-packages/airflow/example_dags/example_branch_operator.py
[2024-11-02T22:46:01.248-0300] {logging_mixin.py:190} INFO - [2024-11-02T22:46:01.247-0300] {dag.py:3239} INFO - Sync 1 DAGs
[2024-11-02T22:46:01.329-0300] {logging_mixin.py:190} INFO - [2024-11-02T22:46:01.329-0300] {dag.py:4180} INFO - Setting next_dagrun for example_branch_operator to 2024-11-02 00:00:00+00:00, run_after=2024-11-03 00:00:00+00:00
[2024-11-02T22:46:01.465-0300] {processor.py:208} INFO - Processing /home/nico/.local/lib/python3.10/site-packages/airflow/example_dags/example_branch_operator.py took 0.907 seconds
[2024-11-02T22:51:30.811-0300] {processor.py:186} INFO - Started process (PID=220954) to work on /home/nico/.local/lib/python3.10/site-packages/airflow/example_dags/example_branch_operator.py
[2024-11-02T22:51:30.815-0300] {processor.py:914} INFO - Processing file /home/nico/.local/lib/python3.10/site-packages/airflow/example_dags/example_branch_operator.py for tasks to queue
[2024-11-02T22:51:30.819-0300] {logging_mixin.py:190} INFO - [2024-11-02T22:51:30.817-0300] {dagbag.py:588} INFO - Filling up the DagBag from /home/nico/.local/lib/python3.10/site-packages/airflow/example_dags/example_branch_operator.py
[2024-11-02T22:51:30.860-0300] {processor.py:925} INFO - DAG(s) 'example_branch_operator' retrieved from /home/nico/.local/lib/python3.10/site-packages/airflow/example_dags/example_branch_operator.py
[2024-11-02T22:51:30.945-0300] {logging_mixin.py:190} INFO - [2024-11-02T22:51:30.944-0300] {dag.py:3239} INFO - Sync 1 DAGs
[2024-11-02T22:51:31.017-0300] {logging_mixin.py:190} INFO - [2024-11-02T22:51:31.016-0300] {dag.py:4180} INFO - Setting next_dagrun for example_branch_operator to 2024-11-02 00:00:00+00:00, run_after=2024-11-03 00:00:00+00:00
[2024-11-02T22:51:31.180-0300] {processor.py:208} INFO - Processing /home/nico/.local/lib/python3.10/site-packages/airflow/example_dags/example_branch_operator.py took 0.385 seconds
[2024-11-02T22:54:56.686-0300] {processor.py:186} INFO - Started process (PID=221050) to work on /home/nico/.local/lib/python3.10/site-packages/airflow/example_dags/example_branch_operator.py
[2024-11-02T22:54:56.690-0300] {processor.py:914} INFO - Processing file /home/nico/.local/lib/python3.10/site-packages/airflow/example_dags/example_branch_operator.py for tasks to queue
[2024-11-02T22:54:56.697-0300] {logging_mixin.py:190} INFO - [2024-11-02T22:54:56.695-0300] {dagbag.py:588} INFO - Filling up the DagBag from /home/nico/.local/lib/python3.10/site-packages/airflow/example_dags/example_branch_operator.py
[2024-11-02T22:54:56.822-0300] {processor.py:925} INFO - DAG(s) 'example_branch_operator' retrieved from /home/nico/.local/lib/python3.10/site-packages/airflow/example_dags/example_branch_operator.py
[2024-11-02T22:54:57.018-0300] {logging_mixin.py:190} INFO - [2024-11-02T22:54:57.018-0300] {dag.py:3239} INFO - Sync 1 DAGs
[2024-11-02T22:54:57.192-0300] {logging_mixin.py:190} INFO - [2024-11-02T22:54:57.189-0300] {dag.py:4180} INFO - Setting next_dagrun for example_branch_operator to 2024-11-02 00:00:00+00:00, run_after=2024-11-03 00:00:00+00:00
[2024-11-02T22:54:57.408-0300] {processor.py:208} INFO - Processing /home/nico/.local/lib/python3.10/site-packages/airflow/example_dags/example_branch_operator.py took 0.753 seconds
[2024-11-02T22:57:47.436-0300] {processor.py:186} INFO - Started process (PID=221128) to work on /home/nico/.local/lib/python3.10/site-packages/airflow/example_dags/example_branch_operator.py
[2024-11-02T22:57:47.442-0300] {processor.py:914} INFO - Processing file /home/nico/.local/lib/python3.10/site-packages/airflow/example_dags/example_branch_operator.py for tasks to queue
[2024-11-02T22:57:47.448-0300] {logging_mixin.py:190} INFO - [2024-11-02T22:57:47.447-0300] {dagbag.py:588} INFO - Filling up the DagBag from /home/nico/.local/lib/python3.10/site-packages/airflow/example_dags/example_branch_operator.py
[2024-11-02T22:57:47.529-0300] {processor.py:925} INFO - DAG(s) 'example_branch_operator' retrieved from /home/nico/.local/lib/python3.10/site-packages/airflow/example_dags/example_branch_operator.py
[2024-11-02T22:57:47.628-0300] {logging_mixin.py:190} INFO - [2024-11-02T22:57:47.627-0300] {dag.py:3239} INFO - Sync 1 DAGs
[2024-11-02T22:57:47.713-0300] {logging_mixin.py:190} INFO - [2024-11-02T22:57:47.712-0300] {dag.py:4180} INFO - Setting next_dagrun for example_branch_operator to 2024-11-02 00:00:00+00:00, run_after=2024-11-03 00:00:00+00:00
[2024-11-02T22:57:47.845-0300] {processor.py:208} INFO - Processing /home/nico/.local/lib/python3.10/site-packages/airflow/example_dags/example_branch_operator.py took 0.435 seconds
[2024-11-02T23:03:02.078-0300] {processor.py:186} INFO - Started process (PID=221281) to work on /home/nico/.local/lib/python3.10/site-packages/airflow/example_dags/example_branch_operator.py
[2024-11-02T23:03:02.081-0300] {processor.py:914} INFO - Processing file /home/nico/.local/lib/python3.10/site-packages/airflow/example_dags/example_branch_operator.py for tasks to queue
[2024-11-02T23:03:02.086-0300] {logging_mixin.py:190} INFO - [2024-11-02T23:03:02.085-0300] {dagbag.py:588} INFO - Filling up the DagBag from /home/nico/.local/lib/python3.10/site-packages/airflow/example_dags/example_branch_operator.py
[2024-11-02T23:03:02.178-0300] {processor.py:925} INFO - DAG(s) 'example_branch_operator' retrieved from /home/nico/.local/lib/python3.10/site-packages/airflow/example_dags/example_branch_operator.py
[2024-11-02T23:03:02.598-0300] {logging_mixin.py:190} INFO - [2024-11-02T23:03:02.597-0300] {dag.py:3239} INFO - Sync 1 DAGs
[2024-11-02T23:03:02.761-0300] {logging_mixin.py:190} INFO - [2024-11-02T23:03:02.761-0300] {dag.py:4180} INFO - Setting next_dagrun for example_branch_operator to 2024-11-02 00:00:00+00:00, run_after=2024-11-03 00:00:00+00:00
[2024-11-02T23:03:02.884-0300] {processor.py:208} INFO - Processing /home/nico/.local/lib/python3.10/site-packages/airflow/example_dags/example_branch_operator.py took 0.823 seconds
[2024-11-02T23:06:40.779-0300] {processor.py:186} INFO - Started process (PID=221383) to work on /home/nico/.local/lib/python3.10/site-packages/airflow/example_dags/example_branch_operator.py
[2024-11-02T23:06:40.782-0300] {processor.py:914} INFO - Processing file /home/nico/.local/lib/python3.10/site-packages/airflow/example_dags/example_branch_operator.py for tasks to queue
[2024-11-02T23:06:40.786-0300] {logging_mixin.py:190} INFO - [2024-11-02T23:06:40.785-0300] {dagbag.py:588} INFO - Filling up the DagBag from /home/nico/.local/lib/python3.10/site-packages/airflow/example_dags/example_branch_operator.py
[2024-11-02T23:06:40.850-0300] {processor.py:925} INFO - DAG(s) 'example_branch_operator' retrieved from /home/nico/.local/lib/python3.10/site-packages/airflow/example_dags/example_branch_operator.py
[2024-11-02T23:06:40.949-0300] {logging_mixin.py:190} INFO - [2024-11-02T23:06:40.949-0300] {dag.py:3239} INFO - Sync 1 DAGs
[2024-11-02T23:06:41.002-0300] {logging_mixin.py:190} INFO - [2024-11-02T23:06:41.002-0300] {dag.py:4180} INFO - Setting next_dagrun for example_branch_operator to 2024-11-02 00:00:00+00:00, run_after=2024-11-03 00:00:00+00:00
[2024-11-02T23:06:41.122-0300] {processor.py:208} INFO - Processing /home/nico/.local/lib/python3.10/site-packages/airflow/example_dags/example_branch_operator.py took 0.381 seconds
[2024-11-02T23:09:23.282-0300] {processor.py:186} INFO - Started process (PID=221469) to work on /home/nico/.local/lib/python3.10/site-packages/airflow/example_dags/example_branch_operator.py
[2024-11-02T23:09:23.285-0300] {processor.py:914} INFO - Processing file /home/nico/.local/lib/python3.10/site-packages/airflow/example_dags/example_branch_operator.py for tasks to queue
[2024-11-02T23:09:23.290-0300] {logging_mixin.py:190} INFO - [2024-11-02T23:09:23.289-0300] {dagbag.py:588} INFO - Filling up the DagBag from /home/nico/.local/lib/python3.10/site-packages/airflow/example_dags/example_branch_operator.py
[2024-11-02T23:09:23.336-0300] {processor.py:925} INFO - DAG(s) 'example_branch_operator' retrieved from /home/nico/.local/lib/python3.10/site-packages/airflow/example_dags/example_branch_operator.py
[2024-11-02T23:09:23.418-0300] {logging_mixin.py:190} INFO - [2024-11-02T23:09:23.417-0300] {dag.py:3239} INFO - Sync 1 DAGs
[2024-11-02T23:09:23.484-0300] {logging_mixin.py:190} INFO - [2024-11-02T23:09:23.484-0300] {dag.py:4180} INFO - Setting next_dagrun for example_branch_operator to 2024-11-02 00:00:00+00:00, run_after=2024-11-03 00:00:00+00:00
[2024-11-02T23:09:23.622-0300] {processor.py:208} INFO - Processing /home/nico/.local/lib/python3.10/site-packages/airflow/example_dags/example_branch_operator.py took 0.356 seconds
[2024-11-02T23:12:13.393-0300] {processor.py:186} INFO - Started process (PID=221556) to work on /home/nico/.local/lib/python3.10/site-packages/airflow/example_dags/example_branch_operator.py
[2024-11-02T23:12:13.399-0300] {processor.py:914} INFO - Processing file /home/nico/.local/lib/python3.10/site-packages/airflow/example_dags/example_branch_operator.py for tasks to queue
[2024-11-02T23:12:13.411-0300] {logging_mixin.py:190} INFO - [2024-11-02T23:12:13.410-0300] {dagbag.py:588} INFO - Filling up the DagBag from /home/nico/.local/lib/python3.10/site-packages/airflow/example_dags/example_branch_operator.py
[2024-11-02T23:12:13.485-0300] {processor.py:925} INFO - DAG(s) 'example_branch_operator' retrieved from /home/nico/.local/lib/python3.10/site-packages/airflow/example_dags/example_branch_operator.py
[2024-11-02T23:12:13.559-0300] {logging_mixin.py:190} INFO - [2024-11-02T23:12:13.559-0300] {dag.py:3239} INFO - Sync 1 DAGs
[2024-11-02T23:12:13.615-0300] {logging_mixin.py:190} INFO - [2024-11-02T23:12:13.615-0300] {dag.py:4180} INFO - Setting next_dagrun for example_branch_operator to 2024-11-02 00:00:00+00:00, run_after=2024-11-03 00:00:00+00:00
[2024-11-02T23:12:13.735-0300] {processor.py:208} INFO - Processing /home/nico/.local/lib/python3.10/site-packages/airflow/example_dags/example_branch_operator.py took 0.397 seconds
[2024-11-03T00:14:42.529-0300] {processor.py:186} INFO - Started process (PID=221663) to work on /home/nico/.local/lib/python3.10/site-packages/airflow/example_dags/example_branch_operator.py
[2024-11-03T00:14:42.538-0300] {processor.py:914} INFO - Processing file /home/nico/.local/lib/python3.10/site-packages/airflow/example_dags/example_branch_operator.py for tasks to queue
[2024-11-03T00:14:42.544-0300] {logging_mixin.py:190} INFO - [2024-11-03T00:14:42.542-0300] {dagbag.py:588} INFO - Filling up the DagBag from /home/nico/.local/lib/python3.10/site-packages/airflow/example_dags/example_branch_operator.py
[2024-11-03T00:14:42.607-0300] {processor.py:925} INFO - DAG(s) 'example_branch_operator' retrieved from /home/nico/.local/lib/python3.10/site-packages/airflow/example_dags/example_branch_operator.py
[2024-11-03T00:14:42.678-0300] {logging_mixin.py:190} INFO - [2024-11-03T00:14:42.677-0300] {dag.py:3239} INFO - Sync 1 DAGs
[2024-11-03T00:14:42.746-0300] {logging_mixin.py:190} INFO - [2024-11-03T00:14:42.745-0300] {dag.py:4180} INFO - Setting next_dagrun for example_branch_operator to 2024-11-02 00:00:00+00:00, run_after=2024-11-03 00:00:00+00:00
[2024-11-03T00:14:42.894-0300] {processor.py:208} INFO - Processing /home/nico/.local/lib/python3.10/site-packages/airflow/example_dags/example_branch_operator.py took 0.406 seconds
[2024-11-03T00:24:40.406-0300] {processor.py:186} INFO - Started process (PID=221820) to work on /home/nico/.local/lib/python3.10/site-packages/airflow/example_dags/example_branch_operator.py
[2024-11-03T00:24:40.432-0300] {processor.py:914} INFO - Processing file /home/nico/.local/lib/python3.10/site-packages/airflow/example_dags/example_branch_operator.py for tasks to queue
[2024-11-03T00:24:40.440-0300] {logging_mixin.py:190} INFO - [2024-11-03T00:24:40.439-0300] {dagbag.py:588} INFO - Filling up the DagBag from /home/nico/.local/lib/python3.10/site-packages/airflow/example_dags/example_branch_operator.py
[2024-11-03T00:24:40.751-0300] {processor.py:925} INFO - DAG(s) 'example_branch_operator' retrieved from /home/nico/.local/lib/python3.10/site-packages/airflow/example_dags/example_branch_operator.py
[2024-11-03T00:24:41.381-0300] {logging_mixin.py:190} INFO - [2024-11-03T00:24:41.380-0300] {dag.py:3239} INFO - Sync 1 DAGs
[2024-11-03T00:24:41.844-0300] {logging_mixin.py:190} INFO - [2024-11-03T00:24:41.843-0300] {dag.py:4180} INFO - Setting next_dagrun for example_branch_operator to 2024-11-02 00:00:00+00:00, run_after=2024-11-03 00:00:00+00:00
[2024-11-03T00:24:42.172-0300] {processor.py:208} INFO - Processing /home/nico/.local/lib/python3.10/site-packages/airflow/example_dags/example_branch_operator.py took 1.806 seconds
[2024-11-03T00:35:51.969-0300] {processor.py:186} INFO - Started process (PID=221985) to work on /home/nico/.local/lib/python3.10/site-packages/airflow/example_dags/example_branch_operator.py
[2024-11-03T00:35:51.993-0300] {processor.py:914} INFO - Processing file /home/nico/.local/lib/python3.10/site-packages/airflow/example_dags/example_branch_operator.py for tasks to queue
[2024-11-03T00:35:51.999-0300] {logging_mixin.py:190} INFO - [2024-11-03T00:35:51.998-0300] {dagbag.py:588} INFO - Filling up the DagBag from /home/nico/.local/lib/python3.10/site-packages/airflow/example_dags/example_branch_operator.py
[2024-11-03T00:35:52.177-0300] {processor.py:925} INFO - DAG(s) 'example_branch_operator' retrieved from /home/nico/.local/lib/python3.10/site-packages/airflow/example_dags/example_branch_operator.py
[2024-11-03T00:35:52.476-0300] {logging_mixin.py:190} INFO - [2024-11-03T00:35:52.475-0300] {dag.py:3239} INFO - Sync 1 DAGs
[2024-11-03T00:35:52.660-0300] {logging_mixin.py:190} INFO - [2024-11-03T00:35:52.659-0300] {dag.py:4180} INFO - Setting next_dagrun for example_branch_operator to 2024-11-02 00:00:00+00:00, run_after=2024-11-03 00:00:00+00:00
[2024-11-03T00:35:52.905-0300] {processor.py:208} INFO - Processing /home/nico/.local/lib/python3.10/site-packages/airflow/example_dags/example_branch_operator.py took 0.986 seconds
[2024-11-03T00:38:03.238-0300] {processor.py:186} INFO - Started process (PID=222043) to work on /home/nico/.local/lib/python3.10/site-packages/airflow/example_dags/example_branch_operator.py
[2024-11-03T00:38:03.254-0300] {processor.py:914} INFO - Processing file /home/nico/.local/lib/python3.10/site-packages/airflow/example_dags/example_branch_operator.py for tasks to queue
[2024-11-03T00:38:03.281-0300] {logging_mixin.py:190} INFO - [2024-11-03T00:38:03.279-0300] {dagbag.py:588} INFO - Filling up the DagBag from /home/nico/.local/lib/python3.10/site-packages/airflow/example_dags/example_branch_operator.py
[2024-11-03T00:38:03.404-0300] {processor.py:925} INFO - DAG(s) 'example_branch_operator' retrieved from /home/nico/.local/lib/python3.10/site-packages/airflow/example_dags/example_branch_operator.py
[2024-11-03T00:38:03.584-0300] {logging_mixin.py:190} INFO - [2024-11-03T00:38:03.583-0300] {dag.py:3239} INFO - Sync 1 DAGs
[2024-11-03T00:38:03.849-0300] {logging_mixin.py:190} INFO - [2024-11-03T00:38:03.848-0300] {dag.py:4180} INFO - Setting next_dagrun for example_branch_operator to 2024-11-02 00:00:00+00:00, run_after=2024-11-03 00:00:00+00:00
[2024-11-03T00:38:04.058-0300] {processor.py:208} INFO - Processing /home/nico/.local/lib/python3.10/site-packages/airflow/example_dags/example_branch_operator.py took 0.871 seconds
[2024-11-03T00:40:54.520-0300] {processor.py:186} INFO - Started process (PID=222130) to work on /home/nico/.local/lib/python3.10/site-packages/airflow/example_dags/example_branch_operator.py
[2024-11-03T00:40:54.523-0300] {processor.py:914} INFO - Processing file /home/nico/.local/lib/python3.10/site-packages/airflow/example_dags/example_branch_operator.py for tasks to queue
[2024-11-03T00:40:54.528-0300] {logging_mixin.py:190} INFO - [2024-11-03T00:40:54.527-0300] {dagbag.py:588} INFO - Filling up the DagBag from /home/nico/.local/lib/python3.10/site-packages/airflow/example_dags/example_branch_operator.py
[2024-11-03T00:40:54.570-0300] {processor.py:925} INFO - DAG(s) 'example_branch_operator' retrieved from /home/nico/.local/lib/python3.10/site-packages/airflow/example_dags/example_branch_operator.py
[2024-11-03T00:40:54.665-0300] {logging_mixin.py:190} INFO - [2024-11-03T00:40:54.665-0300] {dag.py:3239} INFO - Sync 1 DAGs
[2024-11-03T00:40:54.725-0300] {logging_mixin.py:190} INFO - [2024-11-03T00:40:54.724-0300] {dag.py:4180} INFO - Setting next_dagrun for example_branch_operator to 2024-11-02 00:00:00+00:00, run_after=2024-11-03 00:00:00+00:00
[2024-11-03T00:40:54.864-0300] {processor.py:208} INFO - Processing /home/nico/.local/lib/python3.10/site-packages/airflow/example_dags/example_branch_operator.py took 0.364 seconds
[2024-11-03T00:43:44.041-0300] {processor.py:186} INFO - Started process (PID=222220) to work on /home/nico/.local/lib/python3.10/site-packages/airflow/example_dags/example_branch_operator.py
[2024-11-03T00:43:44.043-0300] {processor.py:914} INFO - Processing file /home/nico/.local/lib/python3.10/site-packages/airflow/example_dags/example_branch_operator.py for tasks to queue
[2024-11-03T00:43:44.046-0300] {logging_mixin.py:190} INFO - [2024-11-03T00:43:44.046-0300] {dagbag.py:588} INFO - Filling up the DagBag from /home/nico/.local/lib/python3.10/site-packages/airflow/example_dags/example_branch_operator.py
[2024-11-03T00:43:44.085-0300] {processor.py:925} INFO - DAG(s) 'example_branch_operator' retrieved from /home/nico/.local/lib/python3.10/site-packages/airflow/example_dags/example_branch_operator.py
[2024-11-03T00:43:44.165-0300] {logging_mixin.py:190} INFO - [2024-11-03T00:43:44.164-0300] {dag.py:3239} INFO - Sync 1 DAGs
[2024-11-03T00:43:44.221-0300] {logging_mixin.py:190} INFO - [2024-11-03T00:43:44.220-0300] {dag.py:4180} INFO - Setting next_dagrun for example_branch_operator to 2024-11-02 00:00:00+00:00, run_after=2024-11-03 00:00:00+00:00
[2024-11-03T00:43:45.228-0300] {processor.py:208} INFO - Processing /home/nico/.local/lib/python3.10/site-packages/airflow/example_dags/example_branch_operator.py took 1.200 seconds
[2024-11-03T00:48:19.671-0300] {processor.py:186} INFO - Started process (PID=222326) to work on /home/nico/.local/lib/python3.10/site-packages/airflow/example_dags/example_branch_operator.py
[2024-11-03T00:48:19.675-0300] {processor.py:914} INFO - Processing file /home/nico/.local/lib/python3.10/site-packages/airflow/example_dags/example_branch_operator.py for tasks to queue
[2024-11-03T00:48:19.680-0300] {logging_mixin.py:190} INFO - [2024-11-03T00:48:19.678-0300] {dagbag.py:588} INFO - Filling up the DagBag from /home/nico/.local/lib/python3.10/site-packages/airflow/example_dags/example_branch_operator.py
[2024-11-03T00:48:19.807-0300] {processor.py:925} INFO - DAG(s) 'example_branch_operator' retrieved from /home/nico/.local/lib/python3.10/site-packages/airflow/example_dags/example_branch_operator.py
[2024-11-03T00:48:20.040-0300] {logging_mixin.py:190} INFO - [2024-11-03T00:48:20.039-0300] {dag.py:3239} INFO - Sync 1 DAGs
[2024-11-03T00:48:20.103-0300] {logging_mixin.py:190} INFO - [2024-11-03T00:48:20.102-0300] {dag.py:4180} INFO - Setting next_dagrun for example_branch_operator to 2024-11-02 00:00:00+00:00, run_after=2024-11-03 00:00:00+00:00
[2024-11-03T00:48:20.222-0300] {processor.py:208} INFO - Processing /home/nico/.local/lib/python3.10/site-packages/airflow/example_dags/example_branch_operator.py took 0.576 seconds
[2024-11-03T00:51:27.180-0300] {processor.py:186} INFO - Started process (PID=222419) to work on /home/nico/.local/lib/python3.10/site-packages/airflow/example_dags/example_branch_operator.py
[2024-11-03T00:51:27.183-0300] {processor.py:914} INFO - Processing file /home/nico/.local/lib/python3.10/site-packages/airflow/example_dags/example_branch_operator.py for tasks to queue
[2024-11-03T00:51:27.188-0300] {logging_mixin.py:190} INFO - [2024-11-03T00:51:27.186-0300] {dagbag.py:588} INFO - Filling up the DagBag from /home/nico/.local/lib/python3.10/site-packages/airflow/example_dags/example_branch_operator.py
[2024-11-03T00:51:27.257-0300] {processor.py:925} INFO - DAG(s) 'example_branch_operator' retrieved from /home/nico/.local/lib/python3.10/site-packages/airflow/example_dags/example_branch_operator.py
[2024-11-03T00:51:27.545-0300] {logging_mixin.py:190} INFO - [2024-11-03T00:51:27.545-0300] {dag.py:3239} INFO - Sync 1 DAGs
[2024-11-03T00:51:27.647-0300] {logging_mixin.py:190} INFO - [2024-11-03T00:51:27.647-0300] {dag.py:4180} INFO - Setting next_dagrun for example_branch_operator to 2024-11-02 00:00:00+00:00, run_after=2024-11-03 00:00:00+00:00
[2024-11-03T00:51:27.808-0300] {processor.py:208} INFO - Processing /home/nico/.local/lib/python3.10/site-packages/airflow/example_dags/example_branch_operator.py took 0.652 seconds
[2024-11-03T00:55:50.824-0300] {processor.py:186} INFO - Started process (PID=222518) to work on /home/nico/.local/lib/python3.10/site-packages/airflow/example_dags/example_branch_operator.py
[2024-11-03T00:55:50.839-0300] {processor.py:914} INFO - Processing file /home/nico/.local/lib/python3.10/site-packages/airflow/example_dags/example_branch_operator.py for tasks to queue
[2024-11-03T00:55:50.851-0300] {logging_mixin.py:190} INFO - [2024-11-03T00:55:50.843-0300] {dagbag.py:588} INFO - Filling up the DagBag from /home/nico/.local/lib/python3.10/site-packages/airflow/example_dags/example_branch_operator.py
[2024-11-03T00:55:50.905-0300] {processor.py:925} INFO - DAG(s) 'example_branch_operator' retrieved from /home/nico/.local/lib/python3.10/site-packages/airflow/example_dags/example_branch_operator.py
[2024-11-03T00:55:50.982-0300] {logging_mixin.py:190} INFO - [2024-11-03T00:55:50.981-0300] {dag.py:3239} INFO - Sync 1 DAGs
[2024-11-03T00:55:51.072-0300] {logging_mixin.py:190} INFO - [2024-11-03T00:55:51.071-0300] {dag.py:4180} INFO - Setting next_dagrun for example_branch_operator to 2024-11-02 00:00:00+00:00, run_after=2024-11-03 00:00:00+00:00
[2024-11-03T00:55:51.271-0300] {processor.py:208} INFO - Processing /home/nico/.local/lib/python3.10/site-packages/airflow/example_dags/example_branch_operator.py took 0.491 seconds
[2024-11-03T00:59:47.266-0300] {processor.py:186} INFO - Started process (PID=222619) to work on /home/nico/.local/lib/python3.10/site-packages/airflow/example_dags/example_branch_operator.py
[2024-11-03T00:59:47.269-0300] {processor.py:914} INFO - Processing file /home/nico/.local/lib/python3.10/site-packages/airflow/example_dags/example_branch_operator.py for tasks to queue
[2024-11-03T00:59:47.274-0300] {logging_mixin.py:190} INFO - [2024-11-03T00:59:47.273-0300] {dagbag.py:588} INFO - Filling up the DagBag from /home/nico/.local/lib/python3.10/site-packages/airflow/example_dags/example_branch_operator.py
[2024-11-03T00:59:47.330-0300] {processor.py:925} INFO - DAG(s) 'example_branch_operator' retrieved from /home/nico/.local/lib/python3.10/site-packages/airflow/example_dags/example_branch_operator.py
[2024-11-03T00:59:47.412-0300] {logging_mixin.py:190} INFO - [2024-11-03T00:59:47.411-0300] {dag.py:3239} INFO - Sync 1 DAGs
[2024-11-03T00:59:47.477-0300] {logging_mixin.py:190} INFO - [2024-11-03T00:59:47.476-0300] {dag.py:4180} INFO - Setting next_dagrun for example_branch_operator to 2024-11-02 00:00:00+00:00, run_after=2024-11-03 00:00:00+00:00
[2024-11-03T00:59:47.605-0300] {processor.py:208} INFO - Processing /home/nico/.local/lib/python3.10/site-packages/airflow/example_dags/example_branch_operator.py took 0.368 seconds
[2024-11-03T01:02:34.999-0300] {processor.py:186} INFO - Started process (PID=222709) to work on /home/nico/.local/lib/python3.10/site-packages/airflow/example_dags/example_branch_operator.py
[2024-11-03T01:02:35.002-0300] {processor.py:914} INFO - Processing file /home/nico/.local/lib/python3.10/site-packages/airflow/example_dags/example_branch_operator.py for tasks to queue
[2024-11-03T01:02:35.007-0300] {logging_mixin.py:190} INFO - [2024-11-03T01:02:35.006-0300] {dagbag.py:588} INFO - Filling up the DagBag from /home/nico/.local/lib/python3.10/site-packages/airflow/example_dags/example_branch_operator.py
[2024-11-03T01:02:35.095-0300] {processor.py:925} INFO - DAG(s) 'example_branch_operator' retrieved from /home/nico/.local/lib/python3.10/site-packages/airflow/example_dags/example_branch_operator.py
[2024-11-03T01:02:35.277-0300] {logging_mixin.py:190} INFO - [2024-11-03T01:02:35.276-0300] {dag.py:3239} INFO - Sync 1 DAGs
[2024-11-03T01:02:35.338-0300] {logging_mixin.py:190} INFO - [2024-11-03T01:02:35.337-0300] {dag.py:4180} INFO - Setting next_dagrun for example_branch_operator to 2024-11-02 00:00:00+00:00, run_after=2024-11-03 00:00:00+00:00
[2024-11-03T01:02:35.477-0300] {processor.py:208} INFO - Processing /home/nico/.local/lib/python3.10/site-packages/airflow/example_dags/example_branch_operator.py took 0.503 seconds
[2024-11-03T01:05:38.676-0300] {processor.py:186} INFO - Started process (PID=222800) to work on /home/nico/.local/lib/python3.10/site-packages/airflow/example_dags/example_branch_operator.py
[2024-11-03T01:05:38.680-0300] {processor.py:914} INFO - Processing file /home/nico/.local/lib/python3.10/site-packages/airflow/example_dags/example_branch_operator.py for tasks to queue
[2024-11-03T01:05:38.685-0300] {logging_mixin.py:190} INFO - [2024-11-03T01:05:38.684-0300] {dagbag.py:588} INFO - Filling up the DagBag from /home/nico/.local/lib/python3.10/site-packages/airflow/example_dags/example_branch_operator.py
[2024-11-03T01:05:38.751-0300] {processor.py:925} INFO - DAG(s) 'example_branch_operator' retrieved from /home/nico/.local/lib/python3.10/site-packages/airflow/example_dags/example_branch_operator.py
[2024-11-03T01:05:38.831-0300] {logging_mixin.py:190} INFO - [2024-11-03T01:05:38.831-0300] {dag.py:3239} INFO - Sync 1 DAGs
[2024-11-03T01:05:38.892-0300] {logging_mixin.py:190} INFO - [2024-11-03T01:05:38.892-0300] {dag.py:4180} INFO - Setting next_dagrun for example_branch_operator to 2024-11-02 00:00:00+00:00, run_after=2024-11-03 00:00:00+00:00
[2024-11-03T01:05:39.011-0300] {processor.py:208} INFO - Processing /home/nico/.local/lib/python3.10/site-packages/airflow/example_dags/example_branch_operator.py took 0.367 seconds
[2024-11-03T01:08:29.023-0300] {processor.py:186} INFO - Started process (PID=222890) to work on /home/nico/.local/lib/python3.10/site-packages/airflow/example_dags/example_branch_operator.py
[2024-11-03T01:08:29.025-0300] {processor.py:914} INFO - Processing file /home/nico/.local/lib/python3.10/site-packages/airflow/example_dags/example_branch_operator.py for tasks to queue
[2024-11-03T01:08:29.032-0300] {logging_mixin.py:190} INFO - [2024-11-03T01:08:29.031-0300] {dagbag.py:588} INFO - Filling up the DagBag from /home/nico/.local/lib/python3.10/site-packages/airflow/example_dags/example_branch_operator.py
[2024-11-03T01:08:29.109-0300] {processor.py:925} INFO - DAG(s) 'example_branch_operator' retrieved from /home/nico/.local/lib/python3.10/site-packages/airflow/example_dags/example_branch_operator.py
[2024-11-03T01:08:29.219-0300] {logging_mixin.py:190} INFO - [2024-11-03T01:08:29.219-0300] {dag.py:3239} INFO - Sync 1 DAGs
[2024-11-03T01:08:29.285-0300] {logging_mixin.py:190} INFO - [2024-11-03T01:08:29.285-0300] {dag.py:4180} INFO - Setting next_dagrun for example_branch_operator to 2024-11-02 00:00:00+00:00, run_after=2024-11-03 00:00:00+00:00
[2024-11-03T01:08:29.407-0300] {processor.py:208} INFO - Processing /home/nico/.local/lib/python3.10/site-packages/airflow/example_dags/example_branch_operator.py took 0.397 seconds
[2024-11-03T01:11:31.263-0300] {processor.py:186} INFO - Started process (PID=222982) to work on /home/nico/.local/lib/python3.10/site-packages/airflow/example_dags/example_branch_operator.py
[2024-11-03T01:11:31.266-0300] {processor.py:914} INFO - Processing file /home/nico/.local/lib/python3.10/site-packages/airflow/example_dags/example_branch_operator.py for tasks to queue
[2024-11-03T01:11:31.270-0300] {logging_mixin.py:190} INFO - [2024-11-03T01:11:31.269-0300] {dagbag.py:588} INFO - Filling up the DagBag from /home/nico/.local/lib/python3.10/site-packages/airflow/example_dags/example_branch_operator.py
[2024-11-03T01:11:31.309-0300] {processor.py:925} INFO - DAG(s) 'example_branch_operator' retrieved from /home/nico/.local/lib/python3.10/site-packages/airflow/example_dags/example_branch_operator.py
[2024-11-03T01:11:31.394-0300] {logging_mixin.py:190} INFO - [2024-11-03T01:11:31.393-0300] {dag.py:3239} INFO - Sync 1 DAGs
[2024-11-03T01:11:31.450-0300] {logging_mixin.py:190} INFO - [2024-11-03T01:11:31.450-0300] {dag.py:4180} INFO - Setting next_dagrun for example_branch_operator to 2024-11-02 00:00:00+00:00, run_after=2024-11-03 00:00:00+00:00
[2024-11-03T01:11:31.576-0300] {processor.py:208} INFO - Processing /home/nico/.local/lib/python3.10/site-packages/airflow/example_dags/example_branch_operator.py took 0.330 seconds
[2024-11-03T01:17:57.901-0300] {processor.py:186} INFO - Started process (PID=223093) to work on /home/nico/.local/lib/python3.10/site-packages/airflow/example_dags/example_branch_operator.py
[2024-11-03T01:17:57.906-0300] {processor.py:914} INFO - Processing file /home/nico/.local/lib/python3.10/site-packages/airflow/example_dags/example_branch_operator.py for tasks to queue
[2024-11-03T01:17:57.912-0300] {logging_mixin.py:190} INFO - [2024-11-03T01:17:57.910-0300] {dagbag.py:588} INFO - Filling up the DagBag from /home/nico/.local/lib/python3.10/site-packages/airflow/example_dags/example_branch_operator.py
[2024-11-03T01:17:58.018-0300] {processor.py:925} INFO - DAG(s) 'example_branch_operator' retrieved from /home/nico/.local/lib/python3.10/site-packages/airflow/example_dags/example_branch_operator.py
[2024-11-03T01:17:58.368-0300] {logging_mixin.py:190} INFO - [2024-11-03T01:17:58.367-0300] {dag.py:3239} INFO - Sync 1 DAGs
[2024-11-03T01:17:58.764-0300] {logging_mixin.py:190} INFO - [2024-11-03T01:17:58.753-0300] {dag.py:4180} INFO - Setting next_dagrun for example_branch_operator to 2024-11-02 00:00:00+00:00, run_after=2024-11-03 00:00:00+00:00
[2024-11-03T01:17:59.006-0300] {processor.py:208} INFO - Processing /home/nico/.local/lib/python3.10/site-packages/airflow/example_dags/example_branch_operator.py took 1.150 seconds
[2024-11-03T01:22:05.280-0300] {processor.py:186} INFO - Started process (PID=223195) to work on /home/nico/.local/lib/python3.10/site-packages/airflow/example_dags/example_branch_operator.py
[2024-11-03T01:22:05.287-0300] {processor.py:914} INFO - Processing file /home/nico/.local/lib/python3.10/site-packages/airflow/example_dags/example_branch_operator.py for tasks to queue
[2024-11-03T01:22:05.298-0300] {logging_mixin.py:190} INFO - [2024-11-03T01:22:05.297-0300] {dagbag.py:588} INFO - Filling up the DagBag from /home/nico/.local/lib/python3.10/site-packages/airflow/example_dags/example_branch_operator.py
[2024-11-03T01:22:05.404-0300] {processor.py:925} INFO - DAG(s) 'example_branch_operator' retrieved from /home/nico/.local/lib/python3.10/site-packages/airflow/example_dags/example_branch_operator.py
[2024-11-03T01:22:05.506-0300] {logging_mixin.py:190} INFO - [2024-11-03T01:22:05.502-0300] {dag.py:3239} INFO - Sync 1 DAGs
[2024-11-03T01:22:05.724-0300] {logging_mixin.py:190} INFO - [2024-11-03T01:22:05.724-0300] {dag.py:4180} INFO - Setting next_dagrun for example_branch_operator to 2024-11-02 00:00:00+00:00, run_after=2024-11-03 00:00:00+00:00
[2024-11-03T01:22:05.904-0300] {processor.py:208} INFO - Processing /home/nico/.local/lib/python3.10/site-packages/airflow/example_dags/example_branch_operator.py took 0.662 seconds
[2024-11-03T11:57:56.472-0300] {processor.py:186} INFO - Started process (PID=224916) to work on /home/nico/.local/lib/python3.10/site-packages/airflow/example_dags/example_branch_operator.py
[2024-11-03T11:57:56.516-0300] {processor.py:914} INFO - Processing file /home/nico/.local/lib/python3.10/site-packages/airflow/example_dags/example_branch_operator.py for tasks to queue
[2024-11-03T11:57:56.534-0300] {logging_mixin.py:190} INFO - [2024-11-03T11:57:56.533-0300] {dagbag.py:588} INFO - Filling up the DagBag from /home/nico/.local/lib/python3.10/site-packages/airflow/example_dags/example_branch_operator.py
[2024-11-03T11:57:56.735-0300] {processor.py:925} INFO - DAG(s) 'example_branch_operator' retrieved from /home/nico/.local/lib/python3.10/site-packages/airflow/example_dags/example_branch_operator.py
[2024-11-03T11:58:00.385-0300] {logging_mixin.py:190} INFO - [2024-11-03T11:58:00.384-0300] {dag.py:3239} INFO - Sync 1 DAGs
[2024-11-03T11:58:00.605-0300] {logging_mixin.py:190} INFO - [2024-11-03T11:58:00.604-0300] {dag.py:4180} INFO - Setting next_dagrun for example_branch_operator to 2024-11-02 00:00:00+00:00, run_after=2024-11-03 00:00:00+00:00
[2024-11-03T11:58:01.004-0300] {processor.py:208} INFO - Processing /home/nico/.local/lib/python3.10/site-packages/airflow/example_dags/example_branch_operator.py took 4.571 seconds
[2024-11-03T12:02:31.090-0300] {processor.py:186} INFO - Started process (PID=225017) to work on /home/nico/.local/lib/python3.10/site-packages/airflow/example_dags/example_branch_operator.py
[2024-11-03T12:02:31.094-0300] {processor.py:914} INFO - Processing file /home/nico/.local/lib/python3.10/site-packages/airflow/example_dags/example_branch_operator.py for tasks to queue
[2024-11-03T12:02:31.104-0300] {logging_mixin.py:190} INFO - [2024-11-03T12:02:31.100-0300] {dagbag.py:588} INFO - Filling up the DagBag from /home/nico/.local/lib/python3.10/site-packages/airflow/example_dags/example_branch_operator.py
[2024-11-03T12:02:31.206-0300] {processor.py:925} INFO - DAG(s) 'example_branch_operator' retrieved from /home/nico/.local/lib/python3.10/site-packages/airflow/example_dags/example_branch_operator.py
[2024-11-03T12:02:31.346-0300] {logging_mixin.py:190} INFO - [2024-11-03T12:02:31.346-0300] {dag.py:3239} INFO - Sync 1 DAGs
[2024-11-03T12:02:31.451-0300] {logging_mixin.py:190} INFO - [2024-11-03T12:02:31.450-0300] {dag.py:4180} INFO - Setting next_dagrun for example_branch_operator to 2024-11-02 00:00:00+00:00, run_after=2024-11-03 00:00:00+00:00
[2024-11-03T12:02:31.591-0300] {processor.py:208} INFO - Processing /home/nico/.local/lib/python3.10/site-packages/airflow/example_dags/example_branch_operator.py took 0.544 seconds
[2024-11-03T12:09:03.971-0300] {processor.py:186} INFO - Started process (PID=225178) to work on /home/nico/.local/lib/python3.10/site-packages/airflow/example_dags/example_branch_operator.py
[2024-11-03T12:09:03.975-0300] {processor.py:914} INFO - Processing file /home/nico/.local/lib/python3.10/site-packages/airflow/example_dags/example_branch_operator.py for tasks to queue
[2024-11-03T12:09:03.980-0300] {logging_mixin.py:190} INFO - [2024-11-03T12:09:03.978-0300] {dagbag.py:588} INFO - Filling up the DagBag from /home/nico/.local/lib/python3.10/site-packages/airflow/example_dags/example_branch_operator.py
[2024-11-03T12:09:04.071-0300] {processor.py:925} INFO - DAG(s) 'example_branch_operator' retrieved from /home/nico/.local/lib/python3.10/site-packages/airflow/example_dags/example_branch_operator.py
[2024-11-03T12:09:04.157-0300] {logging_mixin.py:190} INFO - [2024-11-03T12:09:04.156-0300] {dag.py:3239} INFO - Sync 1 DAGs
[2024-11-03T12:09:04.223-0300] {logging_mixin.py:190} INFO - [2024-11-03T12:09:04.222-0300] {dag.py:4180} INFO - Setting next_dagrun for example_branch_operator to 2024-11-02 00:00:00+00:00, run_after=2024-11-03 00:00:00+00:00
[2024-11-03T12:09:04.349-0300] {processor.py:208} INFO - Processing /home/nico/.local/lib/python3.10/site-packages/airflow/example_dags/example_branch_operator.py took 0.417 seconds
[2024-11-03T12:12:42.803-0300] {processor.py:186} INFO - Started process (PID=225278) to work on /home/nico/.local/lib/python3.10/site-packages/airflow/example_dags/example_branch_operator.py
[2024-11-03T12:12:42.805-0300] {processor.py:914} INFO - Processing file /home/nico/.local/lib/python3.10/site-packages/airflow/example_dags/example_branch_operator.py for tasks to queue
[2024-11-03T12:12:42.808-0300] {logging_mixin.py:190} INFO - [2024-11-03T12:12:42.808-0300] {dagbag.py:588} INFO - Filling up the DagBag from /home/nico/.local/lib/python3.10/site-packages/airflow/example_dags/example_branch_operator.py
[2024-11-03T12:12:42.872-0300] {processor.py:925} INFO - DAG(s) 'example_branch_operator' retrieved from /home/nico/.local/lib/python3.10/site-packages/airflow/example_dags/example_branch_operator.py
[2024-11-03T12:12:42.997-0300] {logging_mixin.py:190} INFO - [2024-11-03T12:12:42.996-0300] {dag.py:3239} INFO - Sync 1 DAGs
[2024-11-03T12:12:43.064-0300] {logging_mixin.py:190} INFO - [2024-11-03T12:12:43.063-0300] {dag.py:4180} INFO - Setting next_dagrun for example_branch_operator to 2024-11-02 00:00:00+00:00, run_after=2024-11-03 00:00:00+00:00
[2024-11-03T12:12:43.509-0300] {processor.py:208} INFO - Processing /home/nico/.local/lib/python3.10/site-packages/airflow/example_dags/example_branch_operator.py took 0.722 seconds
[2024-11-03T12:16:30.975-0300] {processor.py:186} INFO - Started process (PID=225384) to work on /home/nico/.local/lib/python3.10/site-packages/airflow/example_dags/example_branch_operator.py
[2024-11-03T12:16:30.981-0300] {processor.py:914} INFO - Processing file /home/nico/.local/lib/python3.10/site-packages/airflow/example_dags/example_branch_operator.py for tasks to queue
[2024-11-03T12:16:30.986-0300] {logging_mixin.py:190} INFO - [2024-11-03T12:16:30.985-0300] {dagbag.py:588} INFO - Filling up the DagBag from /home/nico/.local/lib/python3.10/site-packages/airflow/example_dags/example_branch_operator.py
[2024-11-03T12:16:31.043-0300] {processor.py:925} INFO - DAG(s) 'example_branch_operator' retrieved from /home/nico/.local/lib/python3.10/site-packages/airflow/example_dags/example_branch_operator.py
[2024-11-03T12:16:31.125-0300] {logging_mixin.py:190} INFO - [2024-11-03T12:16:31.125-0300] {dag.py:3239} INFO - Sync 1 DAGs
[2024-11-03T12:16:31.184-0300] {logging_mixin.py:190} INFO - [2024-11-03T12:16:31.183-0300] {dag.py:4180} INFO - Setting next_dagrun for example_branch_operator to 2024-11-02 00:00:00+00:00, run_after=2024-11-03 00:00:00+00:00
[2024-11-03T12:16:31.307-0300] {processor.py:208} INFO - Processing /home/nico/.local/lib/python3.10/site-packages/airflow/example_dags/example_branch_operator.py took 0.358 seconds
[2024-11-03T18:30:21.190-0300] {processor.py:186} INFO - Started process (PID=225685) to work on /home/nico/.local/lib/python3.10/site-packages/airflow/example_dags/example_branch_operator.py
[2024-11-03T18:30:21.205-0300] {processor.py:914} INFO - Processing file /home/nico/.local/lib/python3.10/site-packages/airflow/example_dags/example_branch_operator.py for tasks to queue
[2024-11-03T18:30:21.215-0300] {logging_mixin.py:190} INFO - [2024-11-03T18:30:21.214-0300] {dagbag.py:588} INFO - Filling up the DagBag from /home/nico/.local/lib/python3.10/site-packages/airflow/example_dags/example_branch_operator.py
[2024-11-03T18:30:21.409-0300] {processor.py:925} INFO - DAG(s) 'example_branch_operator' retrieved from /home/nico/.local/lib/python3.10/site-packages/airflow/example_dags/example_branch_operator.py
[2024-11-03T18:30:25.197-0300] {logging_mixin.py:190} INFO - [2024-11-03T18:30:25.196-0300] {dag.py:3239} INFO - Sync 1 DAGs
[2024-11-03T18:30:26.635-0300] {logging_mixin.py:190} INFO - [2024-11-03T18:30:26.634-0300] {dag.py:4180} INFO - Setting next_dagrun for example_branch_operator to 2024-11-02 00:00:00+00:00, run_after=2024-11-03 00:00:00+00:00
[2024-11-03T18:30:27.775-0300] {processor.py:208} INFO - Processing /home/nico/.local/lib/python3.10/site-packages/airflow/example_dags/example_branch_operator.py took 6.636 seconds
[2024-11-03T18:37:07.150-0300] {processor.py:186} INFO - Started process (PID=225861) to work on /home/nico/.local/lib/python3.10/site-packages/airflow/example_dags/example_branch_operator.py
[2024-11-03T18:37:07.169-0300] {processor.py:914} INFO - Processing file /home/nico/.local/lib/python3.10/site-packages/airflow/example_dags/example_branch_operator.py for tasks to queue
[2024-11-03T18:37:07.175-0300] {logging_mixin.py:190} INFO - [2024-11-03T18:37:07.174-0300] {dagbag.py:588} INFO - Filling up the DagBag from /home/nico/.local/lib/python3.10/site-packages/airflow/example_dags/example_branch_operator.py
[2024-11-03T18:37:07.342-0300] {processor.py:925} INFO - DAG(s) 'example_branch_operator' retrieved from /home/nico/.local/lib/python3.10/site-packages/airflow/example_dags/example_branch_operator.py
[2024-11-03T18:37:07.733-0300] {logging_mixin.py:190} INFO - [2024-11-03T18:37:07.732-0300] {dag.py:3239} INFO - Sync 1 DAGs
[2024-11-03T18:37:07.878-0300] {logging_mixin.py:190} INFO - [2024-11-03T18:37:07.877-0300] {dag.py:4180} INFO - Setting next_dagrun for example_branch_operator to 2024-11-02 00:00:00+00:00, run_after=2024-11-03 00:00:00+00:00
[2024-11-03T18:37:08.966-0300] {processor.py:208} INFO - Processing /home/nico/.local/lib/python3.10/site-packages/airflow/example_dags/example_branch_operator.py took 1.867 seconds
[2024-11-03T18:40:49.082-0300] {processor.py:186} INFO - Started process (PID=225959) to work on /home/nico/.local/lib/python3.10/site-packages/airflow/example_dags/example_branch_operator.py
[2024-11-03T18:40:49.088-0300] {processor.py:914} INFO - Processing file /home/nico/.local/lib/python3.10/site-packages/airflow/example_dags/example_branch_operator.py for tasks to queue
[2024-11-03T18:40:49.093-0300] {logging_mixin.py:190} INFO - [2024-11-03T18:40:49.092-0300] {dagbag.py:588} INFO - Filling up the DagBag from /home/nico/.local/lib/python3.10/site-packages/airflow/example_dags/example_branch_operator.py
[2024-11-03T18:40:49.154-0300] {processor.py:925} INFO - DAG(s) 'example_branch_operator' retrieved from /home/nico/.local/lib/python3.10/site-packages/airflow/example_dags/example_branch_operator.py
[2024-11-03T18:40:49.276-0300] {logging_mixin.py:190} INFO - [2024-11-03T18:40:49.276-0300] {dag.py:3239} INFO - Sync 1 DAGs
[2024-11-03T18:40:49.357-0300] {logging_mixin.py:190} INFO - [2024-11-03T18:40:49.356-0300] {dag.py:4180} INFO - Setting next_dagrun for example_branch_operator to 2024-11-02 00:00:00+00:00, run_after=2024-11-03 00:00:00+00:00
[2024-11-03T18:40:49.487-0300] {processor.py:208} INFO - Processing /home/nico/.local/lib/python3.10/site-packages/airflow/example_dags/example_branch_operator.py took 0.436 seconds
[2024-11-03T18:43:59.745-0300] {processor.py:186} INFO - Started process (PID=226053) to work on /home/nico/.local/lib/python3.10/site-packages/airflow/example_dags/example_branch_operator.py
[2024-11-03T18:43:59.754-0300] {processor.py:914} INFO - Processing file /home/nico/.local/lib/python3.10/site-packages/airflow/example_dags/example_branch_operator.py for tasks to queue
[2024-11-03T18:43:59.761-0300] {logging_mixin.py:190} INFO - [2024-11-03T18:43:59.759-0300] {dagbag.py:588} INFO - Filling up the DagBag from /home/nico/.local/lib/python3.10/site-packages/airflow/example_dags/example_branch_operator.py
[2024-11-03T18:43:59.850-0300] {processor.py:925} INFO - DAG(s) 'example_branch_operator' retrieved from /home/nico/.local/lib/python3.10/site-packages/airflow/example_dags/example_branch_operator.py
[2024-11-03T18:43:59.930-0300] {logging_mixin.py:190} INFO - [2024-11-03T18:43:59.929-0300] {dag.py:3239} INFO - Sync 1 DAGs
[2024-11-03T18:43:59.990-0300] {logging_mixin.py:190} INFO - [2024-11-03T18:43:59.990-0300] {dag.py:4180} INFO - Setting next_dagrun for example_branch_operator to 2024-11-02 00:00:00+00:00, run_after=2024-11-03 00:00:00+00:00
[2024-11-03T18:44:00.147-0300] {processor.py:208} INFO - Processing /home/nico/.local/lib/python3.10/site-packages/airflow/example_dags/example_branch_operator.py took 0.438 seconds
[2024-11-03T18:47:32.924-0300] {processor.py:186} INFO - Started process (PID=226147) to work on /home/nico/.local/lib/python3.10/site-packages/airflow/example_dags/example_branch_operator.py
[2024-11-03T18:47:32.928-0300] {processor.py:914} INFO - Processing file /home/nico/.local/lib/python3.10/site-packages/airflow/example_dags/example_branch_operator.py for tasks to queue
[2024-11-03T18:47:32.942-0300] {logging_mixin.py:190} INFO - [2024-11-03T18:47:32.941-0300] {dagbag.py:588} INFO - Filling up the DagBag from /home/nico/.local/lib/python3.10/site-packages/airflow/example_dags/example_branch_operator.py
[2024-11-03T18:47:33.087-0300] {processor.py:925} INFO - DAG(s) 'example_branch_operator' retrieved from /home/nico/.local/lib/python3.10/site-packages/airflow/example_dags/example_branch_operator.py
[2024-11-03T18:47:33.319-0300] {logging_mixin.py:190} INFO - [2024-11-03T18:47:33.318-0300] {dag.py:3239} INFO - Sync 1 DAGs
[2024-11-03T18:47:33.416-0300] {logging_mixin.py:190} INFO - [2024-11-03T18:47:33.415-0300] {dag.py:4180} INFO - Setting next_dagrun for example_branch_operator to 2024-11-02 00:00:00+00:00, run_after=2024-11-03 00:00:00+00:00
[2024-11-03T18:47:33.586-0300] {processor.py:208} INFO - Processing /home/nico/.local/lib/python3.10/site-packages/airflow/example_dags/example_branch_operator.py took 0.708 seconds
[2024-11-03T18:51:51.118-0300] {processor.py:186} INFO - Started process (PID=226249) to work on /home/nico/.local/lib/python3.10/site-packages/airflow/example_dags/example_branch_operator.py
[2024-11-03T18:51:51.125-0300] {processor.py:914} INFO - Processing file /home/nico/.local/lib/python3.10/site-packages/airflow/example_dags/example_branch_operator.py for tasks to queue
[2024-11-03T18:51:51.135-0300] {logging_mixin.py:190} INFO - [2024-11-03T18:51:51.133-0300] {dagbag.py:588} INFO - Filling up the DagBag from /home/nico/.local/lib/python3.10/site-packages/airflow/example_dags/example_branch_operator.py
[2024-11-03T18:51:51.224-0300] {processor.py:925} INFO - DAG(s) 'example_branch_operator' retrieved from /home/nico/.local/lib/python3.10/site-packages/airflow/example_dags/example_branch_operator.py
[2024-11-03T18:51:51.317-0300] {logging_mixin.py:190} INFO - [2024-11-03T18:51:51.316-0300] {dag.py:3239} INFO - Sync 1 DAGs
[2024-11-03T18:51:51.383-0300] {logging_mixin.py:190} INFO - [2024-11-03T18:51:51.382-0300] {dag.py:4180} INFO - Setting next_dagrun for example_branch_operator to 2024-11-02 00:00:00+00:00, run_after=2024-11-03 00:00:00+00:00
[2024-11-03T18:51:51.535-0300] {processor.py:208} INFO - Processing /home/nico/.local/lib/python3.10/site-packages/airflow/example_dags/example_branch_operator.py took 0.443 seconds
[2024-11-03T18:58:16.149-0300] {processor.py:186} INFO - Started process (PID=226397) to work on /home/nico/.local/lib/python3.10/site-packages/airflow/example_dags/example_branch_operator.py
[2024-11-03T18:58:16.157-0300] {processor.py:914} INFO - Processing file /home/nico/.local/lib/python3.10/site-packages/airflow/example_dags/example_branch_operator.py for tasks to queue
[2024-11-03T18:58:16.167-0300] {logging_mixin.py:190} INFO - [2024-11-03T18:58:16.166-0300] {dagbag.py:588} INFO - Filling up the DagBag from /home/nico/.local/lib/python3.10/site-packages/airflow/example_dags/example_branch_operator.py
[2024-11-03T18:58:16.325-0300] {processor.py:925} INFO - DAG(s) 'example_branch_operator' retrieved from /home/nico/.local/lib/python3.10/site-packages/airflow/example_dags/example_branch_operator.py
[2024-11-03T18:58:16.514-0300] {logging_mixin.py:190} INFO - [2024-11-03T18:58:16.513-0300] {dag.py:3239} INFO - Sync 1 DAGs
[2024-11-03T18:58:17.237-0300] {logging_mixin.py:190} INFO - [2024-11-03T18:58:17.236-0300] {dag.py:4180} INFO - Setting next_dagrun for example_branch_operator to 2024-11-02 00:00:00+00:00, run_after=2024-11-03 00:00:00+00:00
[2024-11-03T18:58:18.679-0300] {processor.py:208} INFO - Processing /home/nico/.local/lib/python3.10/site-packages/airflow/example_dags/example_branch_operator.py took 2.582 seconds
[2024-11-03T19:01:51.188-0300] {processor.py:186} INFO - Started process (PID=226479) to work on /home/nico/.local/lib/python3.10/site-packages/airflow/example_dags/example_branch_operator.py
[2024-11-03T19:01:51.191-0300] {processor.py:914} INFO - Processing file /home/nico/.local/lib/python3.10/site-packages/airflow/example_dags/example_branch_operator.py for tasks to queue
[2024-11-03T19:01:51.195-0300] {logging_mixin.py:190} INFO - [2024-11-03T19:01:51.194-0300] {dagbag.py:588} INFO - Filling up the DagBag from /home/nico/.local/lib/python3.10/site-packages/airflow/example_dags/example_branch_operator.py
[2024-11-03T19:01:51.245-0300] {processor.py:925} INFO - DAG(s) 'example_branch_operator' retrieved from /home/nico/.local/lib/python3.10/site-packages/airflow/example_dags/example_branch_operator.py
[2024-11-03T19:01:51.343-0300] {logging_mixin.py:190} INFO - [2024-11-03T19:01:51.342-0300] {dag.py:3239} INFO - Sync 1 DAGs
[2024-11-03T19:01:51.431-0300] {logging_mixin.py:190} INFO - [2024-11-03T19:01:51.431-0300] {dag.py:4180} INFO - Setting next_dagrun for example_branch_operator to 2024-11-02 00:00:00+00:00, run_after=2024-11-03 00:00:00+00:00
[2024-11-03T19:01:51.550-0300] {processor.py:208} INFO - Processing /home/nico/.local/lib/python3.10/site-packages/airflow/example_dags/example_branch_operator.py took 0.384 seconds
[2024-11-03T19:14:15.786-0300] {processor.py:186} INFO - Started process (PID=226718) to work on /home/nico/.local/lib/python3.10/site-packages/airflow/example_dags/example_branch_operator.py
[2024-11-03T19:14:15.799-0300] {processor.py:914} INFO - Processing file /home/nico/.local/lib/python3.10/site-packages/airflow/example_dags/example_branch_operator.py for tasks to queue
[2024-11-03T19:14:15.817-0300] {logging_mixin.py:190} INFO - [2024-11-03T19:14:15.815-0300] {dagbag.py:588} INFO - Filling up the DagBag from /home/nico/.local/lib/python3.10/site-packages/airflow/example_dags/example_branch_operator.py
[2024-11-03T19:14:15.895-0300] {processor.py:925} INFO - DAG(s) 'example_branch_operator' retrieved from /home/nico/.local/lib/python3.10/site-packages/airflow/example_dags/example_branch_operator.py
[2024-11-03T19:14:16.008-0300] {logging_mixin.py:190} INFO - [2024-11-03T19:14:16.007-0300] {dag.py:3239} INFO - Sync 1 DAGs
[2024-11-03T19:14:16.102-0300] {logging_mixin.py:190} INFO - [2024-11-03T19:14:16.101-0300] {dag.py:4180} INFO - Setting next_dagrun for example_branch_operator to 2024-11-02 00:00:00+00:00, run_after=2024-11-03 00:00:00+00:00
[2024-11-03T19:14:16.282-0300] {processor.py:208} INFO - Processing /home/nico/.local/lib/python3.10/site-packages/airflow/example_dags/example_branch_operator.py took 0.546 seconds
[2024-11-03T19:34:53.387-0300] {processor.py:186} INFO - Started process (PID=227029) to work on /home/nico/.local/lib/python3.10/site-packages/airflow/example_dags/example_branch_operator.py
[2024-11-03T19:34:53.391-0300] {processor.py:914} INFO - Processing file /home/nico/.local/lib/python3.10/site-packages/airflow/example_dags/example_branch_operator.py for tasks to queue
[2024-11-03T19:34:53.396-0300] {logging_mixin.py:190} INFO - [2024-11-03T19:34:53.395-0300] {dagbag.py:588} INFO - Filling up the DagBag from /home/nico/.local/lib/python3.10/site-packages/airflow/example_dags/example_branch_operator.py
[2024-11-03T19:34:53.491-0300] {processor.py:925} INFO - DAG(s) 'example_branch_operator' retrieved from /home/nico/.local/lib/python3.10/site-packages/airflow/example_dags/example_branch_operator.py
[2024-11-03T19:34:53.958-0300] {logging_mixin.py:190} INFO - [2024-11-03T19:34:53.958-0300] {dag.py:3239} INFO - Sync 1 DAGs
[2024-11-03T19:34:54.062-0300] {logging_mixin.py:190} INFO - [2024-11-03T19:34:54.061-0300] {dag.py:4180} INFO - Setting next_dagrun for example_branch_operator to 2024-11-02 00:00:00+00:00, run_after=2024-11-03 00:00:00+00:00
[2024-11-03T19:34:54.276-0300] {processor.py:208} INFO - Processing /home/nico/.local/lib/python3.10/site-packages/airflow/example_dags/example_branch_operator.py took 0.925 seconds
[2024-11-03T19:38:31.446-0300] {processor.py:186} INFO - Started process (PID=227121) to work on /home/nico/.local/lib/python3.10/site-packages/airflow/example_dags/example_branch_operator.py
[2024-11-03T19:38:31.449-0300] {processor.py:914} INFO - Processing file /home/nico/.local/lib/python3.10/site-packages/airflow/example_dags/example_branch_operator.py for tasks to queue
[2024-11-03T19:38:31.454-0300] {logging_mixin.py:190} INFO - [2024-11-03T19:38:31.452-0300] {dagbag.py:588} INFO - Filling up the DagBag from /home/nico/.local/lib/python3.10/site-packages/airflow/example_dags/example_branch_operator.py
[2024-11-03T19:38:31.512-0300] {processor.py:925} INFO - DAG(s) 'example_branch_operator' retrieved from /home/nico/.local/lib/python3.10/site-packages/airflow/example_dags/example_branch_operator.py
[2024-11-03T19:38:31.614-0300] {logging_mixin.py:190} INFO - [2024-11-03T19:38:31.614-0300] {dag.py:3239} INFO - Sync 1 DAGs
[2024-11-03T19:38:31.747-0300] {logging_mixin.py:190} INFO - [2024-11-03T19:38:31.747-0300] {dag.py:4180} INFO - Setting next_dagrun for example_branch_operator to 2024-11-02 00:00:00+00:00, run_after=2024-11-03 00:00:00+00:00
[2024-11-03T19:38:31.966-0300] {processor.py:208} INFO - Processing /home/nico/.local/lib/python3.10/site-packages/airflow/example_dags/example_branch_operator.py took 0.537 seconds
