[2024-11-02T21:35:03.933-0300] {processor.py:186} INFO - Started process (PID=220016) to work on /home/nico/.local/lib/python3.10/site-packages/airflow/example_dags/example_python_decorator.py
[2024-11-02T21:35:03.935-0300] {processor.py:914} INFO - Processing file /home/nico/.local/lib/python3.10/site-packages/airflow/example_dags/example_python_decorator.py for tasks to queue
[2024-11-02T21:35:03.938-0300] {logging_mixin.py:190} INFO - [2024-11-02T21:35:03.937-0300] {dagbag.py:588} INFO - Filling up the DagBag from /home/nico/.local/lib/python3.10/site-packages/airflow/example_dags/example_python_decorator.py
[2024-11-02T21:35:03.978-0300] {processor.py:925} INFO - DAG(s) 'example_python_decorator' retrieved from /home/nico/.local/lib/python3.10/site-packages/airflow/example_dags/example_python_decorator.py
[2024-11-02T21:35:04.382-0300] {logging_mixin.py:190} INFO - [2024-11-02T21:35:04.381-0300] {dag.py:3239} INFO - Sync 1 DAGs
[2024-11-02T21:35:04.415-0300] {logging_mixin.py:190} INFO - [2024-11-02T21:35:04.414-0300] {dag.py:4180} INFO - Setting next_dagrun for example_python_decorator to None, run_after=None
[2024-11-02T21:35:04.560-0300] {processor.py:208} INFO - Processing /home/nico/.local/lib/python3.10/site-packages/airflow/example_dags/example_python_decorator.py took 0.642 seconds
[2024-11-02T21:37:24.570-0300] {processor.py:186} INFO - Started process (PID=220092) to work on /home/nico/.local/lib/python3.10/site-packages/airflow/example_dags/example_python_decorator.py
[2024-11-02T21:37:24.573-0300] {processor.py:914} INFO - Processing file /home/nico/.local/lib/python3.10/site-packages/airflow/example_dags/example_python_decorator.py for tasks to queue
[2024-11-02T21:37:24.576-0300] {logging_mixin.py:190} INFO - [2024-11-02T21:37:24.575-0300] {dagbag.py:588} INFO - Filling up the DagBag from /home/nico/.local/lib/python3.10/site-packages/airflow/example_dags/example_python_decorator.py
[2024-11-02T21:37:24.612-0300] {processor.py:925} INFO - DAG(s) 'example_python_decorator' retrieved from /home/nico/.local/lib/python3.10/site-packages/airflow/example_dags/example_python_decorator.py
[2024-11-02T21:37:24.670-0300] {logging_mixin.py:190} INFO - [2024-11-02T21:37:24.669-0300] {dag.py:3239} INFO - Sync 1 DAGs
[2024-11-02T21:37:24.702-0300] {logging_mixin.py:190} INFO - [2024-11-02T21:37:24.702-0300] {dag.py:4180} INFO - Setting next_dagrun for example_python_decorator to None, run_after=None
[2024-11-02T21:37:24.856-0300] {processor.py:208} INFO - Processing /home/nico/.local/lib/python3.10/site-packages/airflow/example_dags/example_python_decorator.py took 0.301 seconds
[2024-11-02T21:39:32.670-0300] {processor.py:186} INFO - Started process (PID=220143) to work on /home/nico/.local/lib/python3.10/site-packages/airflow/example_dags/example_python_decorator.py
[2024-11-02T21:39:32.674-0300] {processor.py:914} INFO - Processing file /home/nico/.local/lib/python3.10/site-packages/airflow/example_dags/example_python_decorator.py for tasks to queue
[2024-11-02T21:39:32.680-0300] {logging_mixin.py:190} INFO - [2024-11-02T21:39:32.679-0300] {dagbag.py:588} INFO - Filling up the DagBag from /home/nico/.local/lib/python3.10/site-packages/airflow/example_dags/example_python_decorator.py
[2024-11-02T21:39:32.815-0300] {processor.py:925} INFO - DAG(s) 'example_python_decorator' retrieved from /home/nico/.local/lib/python3.10/site-packages/airflow/example_dags/example_python_decorator.py
[2024-11-02T21:39:33.093-0300] {logging_mixin.py:190} INFO - [2024-11-02T21:39:33.092-0300] {dag.py:3239} INFO - Sync 1 DAGs
[2024-11-02T21:39:33.230-0300] {logging_mixin.py:190} INFO - [2024-11-02T21:39:33.229-0300] {dag.py:4180} INFO - Setting next_dagrun for example_python_decorator to None, run_after=None
[2024-11-02T21:39:33.560-0300] {processor.py:208} INFO - Processing /home/nico/.local/lib/python3.10/site-packages/airflow/example_dags/example_python_decorator.py took 0.913 seconds
[2024-11-02T22:38:10.919-0300] {processor.py:186} INFO - Started process (PID=220651) to work on /home/nico/.local/lib/python3.10/site-packages/airflow/example_dags/example_python_decorator.py
[2024-11-02T22:38:10.934-0300] {processor.py:914} INFO - Processing file /home/nico/.local/lib/python3.10/site-packages/airflow/example_dags/example_python_decorator.py for tasks to queue
[2024-11-02T22:38:10.976-0300] {logging_mixin.py:190} INFO - [2024-11-02T22:38:10.975-0300] {dagbag.py:588} INFO - Filling up the DagBag from /home/nico/.local/lib/python3.10/site-packages/airflow/example_dags/example_python_decorator.py
[2024-11-02T22:38:11.144-0300] {processor.py:925} INFO - DAG(s) 'example_python_decorator' retrieved from /home/nico/.local/lib/python3.10/site-packages/airflow/example_dags/example_python_decorator.py
[2024-11-02T22:38:18.079-0300] {logging_mixin.py:190} INFO - [2024-11-02T22:38:18.078-0300] {dag.py:3239} INFO - Sync 1 DAGs
[2024-11-02T22:38:18.240-0300] {logging_mixin.py:190} INFO - [2024-11-02T22:38:18.237-0300] {dag.py:4180} INFO - Setting next_dagrun for example_python_decorator to None, run_after=None
[2024-11-02T22:38:22.449-0300] {processor.py:208} INFO - Processing /home/nico/.local/lib/python3.10/site-packages/airflow/example_dags/example_python_decorator.py took 11.579 seconds
[2024-11-02T22:44:16.923-0300] {processor.py:186} INFO - Started process (PID=220764) to work on /home/nico/.local/lib/python3.10/site-packages/airflow/example_dags/example_python_decorator.py
[2024-11-02T22:44:16.932-0300] {processor.py:914} INFO - Processing file /home/nico/.local/lib/python3.10/site-packages/airflow/example_dags/example_python_decorator.py for tasks to queue
[2024-11-02T22:44:16.942-0300] {logging_mixin.py:190} INFO - [2024-11-02T22:44:16.941-0300] {dagbag.py:588} INFO - Filling up the DagBag from /home/nico/.local/lib/python3.10/site-packages/airflow/example_dags/example_python_decorator.py
[2024-11-02T22:44:17.074-0300] {processor.py:925} INFO - DAG(s) 'example_python_decorator' retrieved from /home/nico/.local/lib/python3.10/site-packages/airflow/example_dags/example_python_decorator.py
[2024-11-02T22:44:17.300-0300] {logging_mixin.py:190} INFO - [2024-11-02T22:44:17.300-0300] {dag.py:3239} INFO - Sync 1 DAGs
[2024-11-02T22:44:17.416-0300] {logging_mixin.py:190} INFO - [2024-11-02T22:44:17.415-0300] {dag.py:4180} INFO - Setting next_dagrun for example_python_decorator to None, run_after=None
[2024-11-02T22:44:17.651-0300] {processor.py:208} INFO - Processing /home/nico/.local/lib/python3.10/site-packages/airflow/example_dags/example_python_decorator.py took 0.779 seconds
[2024-11-02T22:49:40.532-0300] {processor.py:186} INFO - Started process (PID=220892) to work on /home/nico/.local/lib/python3.10/site-packages/airflow/example_dags/example_python_decorator.py
[2024-11-02T22:49:40.546-0300] {processor.py:914} INFO - Processing file /home/nico/.local/lib/python3.10/site-packages/airflow/example_dags/example_python_decorator.py for tasks to queue
[2024-11-02T22:49:40.576-0300] {logging_mixin.py:190} INFO - [2024-11-02T22:49:40.574-0300] {dagbag.py:588} INFO - Filling up the DagBag from /home/nico/.local/lib/python3.10/site-packages/airflow/example_dags/example_python_decorator.py
[2024-11-02T22:49:40.704-0300] {processor.py:925} INFO - DAG(s) 'example_python_decorator' retrieved from /home/nico/.local/lib/python3.10/site-packages/airflow/example_dags/example_python_decorator.py
[2024-11-02T22:49:40.923-0300] {logging_mixin.py:190} INFO - [2024-11-02T22:49:40.919-0300] {dag.py:3239} INFO - Sync 1 DAGs
[2024-11-02T22:49:40.989-0300] {logging_mixin.py:190} INFO - [2024-11-02T22:49:40.988-0300] {dag.py:4180} INFO - Setting next_dagrun for example_python_decorator to None, run_after=None
[2024-11-02T22:49:41.115-0300] {processor.py:208} INFO - Processing /home/nico/.local/lib/python3.10/site-packages/airflow/example_dags/example_python_decorator.py took 0.632 seconds
[2024-11-02T22:51:04.794-0300] {processor.py:186} INFO - Started process (PID=220940) to work on /home/nico/.local/lib/python3.10/site-packages/airflow/example_dags/example_python_decorator.py
[2024-11-02T22:51:04.797-0300] {processor.py:914} INFO - Processing file /home/nico/.local/lib/python3.10/site-packages/airflow/example_dags/example_python_decorator.py for tasks to queue
[2024-11-02T22:51:04.802-0300] {logging_mixin.py:190} INFO - [2024-11-02T22:51:04.800-0300] {dagbag.py:588} INFO - Filling up the DagBag from /home/nico/.local/lib/python3.10/site-packages/airflow/example_dags/example_python_decorator.py
[2024-11-02T22:51:04.836-0300] {processor.py:925} INFO - DAG(s) 'example_python_decorator' retrieved from /home/nico/.local/lib/python3.10/site-packages/airflow/example_dags/example_python_decorator.py
[2024-11-02T22:51:04.902-0300] {logging_mixin.py:190} INFO - [2024-11-02T22:51:04.900-0300] {dag.py:3239} INFO - Sync 1 DAGs
[2024-11-02T22:51:04.942-0300] {logging_mixin.py:190} INFO - [2024-11-02T22:51:04.942-0300] {dag.py:4180} INFO - Setting next_dagrun for example_python_decorator to None, run_after=None
[2024-11-02T22:51:05.074-0300] {processor.py:208} INFO - Processing /home/nico/.local/lib/python3.10/site-packages/airflow/example_dags/example_python_decorator.py took 0.296 seconds
[2024-11-02T22:52:22.131-0300] {processor.py:186} INFO - Started process (PID=220984) to work on /home/nico/.local/lib/python3.10/site-packages/airflow/example_dags/example_python_decorator.py
[2024-11-02T22:52:22.133-0300] {processor.py:914} INFO - Processing file /home/nico/.local/lib/python3.10/site-packages/airflow/example_dags/example_python_decorator.py for tasks to queue
[2024-11-02T22:52:22.136-0300] {logging_mixin.py:190} INFO - [2024-11-02T22:52:22.136-0300] {dagbag.py:588} INFO - Filling up the DagBag from /home/nico/.local/lib/python3.10/site-packages/airflow/example_dags/example_python_decorator.py
[2024-11-02T22:52:22.176-0300] {processor.py:925} INFO - DAG(s) 'example_python_decorator' retrieved from /home/nico/.local/lib/python3.10/site-packages/airflow/example_dags/example_python_decorator.py
[2024-11-02T22:52:22.232-0300] {logging_mixin.py:190} INFO - [2024-11-02T22:52:22.231-0300] {dag.py:3239} INFO - Sync 1 DAGs
[2024-11-02T22:52:22.283-0300] {logging_mixin.py:190} INFO - [2024-11-02T22:52:22.283-0300] {dag.py:4180} INFO - Setting next_dagrun for example_python_decorator to None, run_after=None
[2024-11-02T22:52:22.445-0300] {processor.py:208} INFO - Processing /home/nico/.local/lib/python3.10/site-packages/airflow/example_dags/example_python_decorator.py took 0.328 seconds
[2024-11-02T22:53:55.771-0300] {processor.py:186} INFO - Started process (PID=221031) to work on /home/nico/.local/lib/python3.10/site-packages/airflow/example_dags/example_python_decorator.py
[2024-11-02T22:53:55.786-0300] {processor.py:914} INFO - Processing file /home/nico/.local/lib/python3.10/site-packages/airflow/example_dags/example_python_decorator.py for tasks to queue
[2024-11-02T22:53:55.799-0300] {logging_mixin.py:190} INFO - [2024-11-02T22:53:55.798-0300] {dagbag.py:588} INFO - Filling up the DagBag from /home/nico/.local/lib/python3.10/site-packages/airflow/example_dags/example_python_decorator.py
[2024-11-02T22:53:55.905-0300] {processor.py:925} INFO - DAG(s) 'example_python_decorator' retrieved from /home/nico/.local/lib/python3.10/site-packages/airflow/example_dags/example_python_decorator.py
[2024-11-02T22:53:56.015-0300] {logging_mixin.py:190} INFO - [2024-11-02T22:53:56.014-0300] {dag.py:3239} INFO - Sync 1 DAGs
[2024-11-02T22:53:56.056-0300] {logging_mixin.py:190} INFO - [2024-11-02T22:53:56.055-0300] {dag.py:4180} INFO - Setting next_dagrun for example_python_decorator to None, run_after=None
[2024-11-02T22:53:56.196-0300] {processor.py:208} INFO - Processing /home/nico/.local/lib/python3.10/site-packages/airflow/example_dags/example_python_decorator.py took 0.463 seconds
[2024-11-02T22:56:48.656-0300] {processor.py:186} INFO - Started process (PID=221094) to work on /home/nico/.local/lib/python3.10/site-packages/airflow/example_dags/example_python_decorator.py
[2024-11-02T22:56:48.660-0300] {processor.py:914} INFO - Processing file /home/nico/.local/lib/python3.10/site-packages/airflow/example_dags/example_python_decorator.py for tasks to queue
[2024-11-02T22:56:48.664-0300] {logging_mixin.py:190} INFO - [2024-11-02T22:56:48.663-0300] {dagbag.py:588} INFO - Filling up the DagBag from /home/nico/.local/lib/python3.10/site-packages/airflow/example_dags/example_python_decorator.py
[2024-11-02T22:56:48.695-0300] {processor.py:925} INFO - DAG(s) 'example_python_decorator' retrieved from /home/nico/.local/lib/python3.10/site-packages/airflow/example_dags/example_python_decorator.py
[2024-11-02T22:56:48.760-0300] {logging_mixin.py:190} INFO - [2024-11-02T22:56:48.759-0300] {dag.py:3239} INFO - Sync 1 DAGs
[2024-11-02T22:56:48.805-0300] {logging_mixin.py:190} INFO - [2024-11-02T22:56:48.804-0300] {dag.py:4180} INFO - Setting next_dagrun for example_python_decorator to None, run_after=None
[2024-11-02T22:56:48.934-0300] {processor.py:208} INFO - Processing /home/nico/.local/lib/python3.10/site-packages/airflow/example_dags/example_python_decorator.py took 0.305 seconds
[2024-11-02T23:01:15.367-0300] {processor.py:186} INFO - Started process (PID=221223) to work on /home/nico/.local/lib/python3.10/site-packages/airflow/example_dags/example_python_decorator.py
[2024-11-02T23:01:15.379-0300] {processor.py:914} INFO - Processing file /home/nico/.local/lib/python3.10/site-packages/airflow/example_dags/example_python_decorator.py for tasks to queue
[2024-11-02T23:01:15.387-0300] {logging_mixin.py:190} INFO - [2024-11-02T23:01:15.386-0300] {dagbag.py:588} INFO - Filling up the DagBag from /home/nico/.local/lib/python3.10/site-packages/airflow/example_dags/example_python_decorator.py
[2024-11-02T23:01:15.538-0300] {processor.py:925} INFO - DAG(s) 'example_python_decorator' retrieved from /home/nico/.local/lib/python3.10/site-packages/airflow/example_dags/example_python_decorator.py
[2024-11-02T23:01:15.721-0300] {logging_mixin.py:190} INFO - [2024-11-02T23:01:15.720-0300] {dag.py:3239} INFO - Sync 1 DAGs
[2024-11-02T23:01:15.768-0300] {logging_mixin.py:190} INFO - [2024-11-02T23:01:15.767-0300] {dag.py:4180} INFO - Setting next_dagrun for example_python_decorator to None, run_after=None
[2024-11-02T23:01:15.932-0300] {processor.py:208} INFO - Processing /home/nico/.local/lib/python3.10/site-packages/airflow/example_dags/example_python_decorator.py took 0.598 seconds
[2024-11-02T23:03:57.068-0300] {processor.py:186} INFO - Started process (PID=221309) to work on /home/nico/.local/lib/python3.10/site-packages/airflow/example_dags/example_python_decorator.py
[2024-11-02T23:03:57.072-0300] {processor.py:914} INFO - Processing file /home/nico/.local/lib/python3.10/site-packages/airflow/example_dags/example_python_decorator.py for tasks to queue
[2024-11-02T23:03:57.078-0300] {logging_mixin.py:190} INFO - [2024-11-02T23:03:57.077-0300] {dagbag.py:588} INFO - Filling up the DagBag from /home/nico/.local/lib/python3.10/site-packages/airflow/example_dags/example_python_decorator.py
[2024-11-02T23:03:57.140-0300] {processor.py:925} INFO - DAG(s) 'example_python_decorator' retrieved from /home/nico/.local/lib/python3.10/site-packages/airflow/example_dags/example_python_decorator.py
[2024-11-02T23:03:57.215-0300] {logging_mixin.py:190} INFO - [2024-11-02T23:03:57.214-0300] {dag.py:3239} INFO - Sync 1 DAGs
[2024-11-02T23:03:57.249-0300] {logging_mixin.py:190} INFO - [2024-11-02T23:03:57.248-0300] {dag.py:4180} INFO - Setting next_dagrun for example_python_decorator to None, run_after=None
[2024-11-02T23:03:57.391-0300] {processor.py:208} INFO - Processing /home/nico/.local/lib/python3.10/site-packages/airflow/example_dags/example_python_decorator.py took 0.361 seconds
[2024-11-02T23:05:40.601-0300] {processor.py:186} INFO - Started process (PID=221360) to work on /home/nico/.local/lib/python3.10/site-packages/airflow/example_dags/example_python_decorator.py
[2024-11-02T23:05:40.604-0300] {processor.py:914} INFO - Processing file /home/nico/.local/lib/python3.10/site-packages/airflow/example_dags/example_python_decorator.py for tasks to queue
[2024-11-02T23:05:40.607-0300] {logging_mixin.py:190} INFO - [2024-11-02T23:05:40.606-0300] {dagbag.py:588} INFO - Filling up the DagBag from /home/nico/.local/lib/python3.10/site-packages/airflow/example_dags/example_python_decorator.py
[2024-11-02T23:05:40.645-0300] {processor.py:925} INFO - DAG(s) 'example_python_decorator' retrieved from /home/nico/.local/lib/python3.10/site-packages/airflow/example_dags/example_python_decorator.py
[2024-11-02T23:05:40.770-0300] {logging_mixin.py:190} INFO - [2024-11-02T23:05:40.770-0300] {dag.py:3239} INFO - Sync 1 DAGs
[2024-11-02T23:05:41.007-0300] {logging_mixin.py:190} INFO - [2024-11-02T23:05:41.006-0300] {dag.py:4180} INFO - Setting next_dagrun for example_python_decorator to None, run_after=None
[2024-11-02T23:05:42.048-0300] {processor.py:208} INFO - Processing /home/nico/.local/lib/python3.10/site-packages/airflow/example_dags/example_python_decorator.py took 1.460 seconds
[2024-11-02T23:07:31.666-0300] {processor.py:186} INFO - Started process (PID=221411) to work on /home/nico/.local/lib/python3.10/site-packages/airflow/example_dags/example_python_decorator.py
[2024-11-02T23:07:31.671-0300] {processor.py:914} INFO - Processing file /home/nico/.local/lib/python3.10/site-packages/airflow/example_dags/example_python_decorator.py for tasks to queue
[2024-11-02T23:07:31.677-0300] {logging_mixin.py:190} INFO - [2024-11-02T23:07:31.676-0300] {dagbag.py:588} INFO - Filling up the DagBag from /home/nico/.local/lib/python3.10/site-packages/airflow/example_dags/example_python_decorator.py
[2024-11-02T23:07:31.727-0300] {processor.py:925} INFO - DAG(s) 'example_python_decorator' retrieved from /home/nico/.local/lib/python3.10/site-packages/airflow/example_dags/example_python_decorator.py
[2024-11-02T23:07:31.792-0300] {logging_mixin.py:190} INFO - [2024-11-02T23:07:31.791-0300] {dag.py:3239} INFO - Sync 1 DAGs
[2024-11-02T23:07:31.831-0300] {logging_mixin.py:190} INFO - [2024-11-02T23:07:31.831-0300] {dag.py:4180} INFO - Setting next_dagrun for example_python_decorator to None, run_after=None
[2024-11-02T23:07:31.956-0300] {processor.py:208} INFO - Processing /home/nico/.local/lib/python3.10/site-packages/airflow/example_dags/example_python_decorator.py took 0.310 seconds
[2024-11-02T23:08:54.199-0300] {processor.py:186} INFO - Started process (PID=221454) to work on /home/nico/.local/lib/python3.10/site-packages/airflow/example_dags/example_python_decorator.py
[2024-11-02T23:08:54.203-0300] {processor.py:914} INFO - Processing file /home/nico/.local/lib/python3.10/site-packages/airflow/example_dags/example_python_decorator.py for tasks to queue
[2024-11-02T23:08:54.208-0300] {logging_mixin.py:190} INFO - [2024-11-02T23:08:54.207-0300] {dagbag.py:588} INFO - Filling up the DagBag from /home/nico/.local/lib/python3.10/site-packages/airflow/example_dags/example_python_decorator.py
[2024-11-02T23:08:54.262-0300] {processor.py:925} INFO - DAG(s) 'example_python_decorator' retrieved from /home/nico/.local/lib/python3.10/site-packages/airflow/example_dags/example_python_decorator.py
[2024-11-02T23:08:54.328-0300] {logging_mixin.py:190} INFO - [2024-11-02T23:08:54.327-0300] {dag.py:3239} INFO - Sync 1 DAGs
[2024-11-02T23:08:54.362-0300] {logging_mixin.py:190} INFO - [2024-11-02T23:08:54.361-0300] {dag.py:4180} INFO - Setting next_dagrun for example_python_decorator to None, run_after=None
[2024-11-02T23:08:54.480-0300] {processor.py:208} INFO - Processing /home/nico/.local/lib/python3.10/site-packages/airflow/example_dags/example_python_decorator.py took 0.302 seconds
[2024-11-02T23:10:17.343-0300] {processor.py:186} INFO - Started process (PID=221497) to work on /home/nico/.local/lib/python3.10/site-packages/airflow/example_dags/example_python_decorator.py
[2024-11-02T23:10:17.346-0300] {processor.py:914} INFO - Processing file /home/nico/.local/lib/python3.10/site-packages/airflow/example_dags/example_python_decorator.py for tasks to queue
[2024-11-02T23:10:17.360-0300] {logging_mixin.py:190} INFO - [2024-11-02T23:10:17.349-0300] {dagbag.py:588} INFO - Filling up the DagBag from /home/nico/.local/lib/python3.10/site-packages/airflow/example_dags/example_python_decorator.py
[2024-11-02T23:10:17.474-0300] {processor.py:925} INFO - DAG(s) 'example_python_decorator' retrieved from /home/nico/.local/lib/python3.10/site-packages/airflow/example_dags/example_python_decorator.py
[2024-11-02T23:10:17.604-0300] {logging_mixin.py:190} INFO - [2024-11-02T23:10:17.603-0300] {dag.py:3239} INFO - Sync 1 DAGs
[2024-11-02T23:10:17.664-0300] {logging_mixin.py:190} INFO - [2024-11-02T23:10:17.663-0300] {dag.py:4180} INFO - Setting next_dagrun for example_python_decorator to None, run_after=None
[2024-11-02T23:10:17.834-0300] {processor.py:208} INFO - Processing /home/nico/.local/lib/python3.10/site-packages/airflow/example_dags/example_python_decorator.py took 0.532 seconds
[2024-11-02T23:11:43.080-0300] {processor.py:186} INFO - Started process (PID=221541) to work on /home/nico/.local/lib/python3.10/site-packages/airflow/example_dags/example_python_decorator.py
[2024-11-02T23:11:43.083-0300] {processor.py:914} INFO - Processing file /home/nico/.local/lib/python3.10/site-packages/airflow/example_dags/example_python_decorator.py for tasks to queue
[2024-11-02T23:11:43.088-0300] {logging_mixin.py:190} INFO - [2024-11-02T23:11:43.087-0300] {dagbag.py:588} INFO - Filling up the DagBag from /home/nico/.local/lib/python3.10/site-packages/airflow/example_dags/example_python_decorator.py
[2024-11-02T23:11:43.137-0300] {processor.py:925} INFO - DAG(s) 'example_python_decorator' retrieved from /home/nico/.local/lib/python3.10/site-packages/airflow/example_dags/example_python_decorator.py
[2024-11-02T23:11:43.203-0300] {logging_mixin.py:190} INFO - [2024-11-02T23:11:43.202-0300] {dag.py:3239} INFO - Sync 1 DAGs
[2024-11-02T23:11:43.232-0300] {logging_mixin.py:190} INFO - [2024-11-02T23:11:43.231-0300] {dag.py:4180} INFO - Setting next_dagrun for example_python_decorator to None, run_after=None
[2024-11-02T23:11:43.344-0300] {processor.py:208} INFO - Processing /home/nico/.local/lib/python3.10/site-packages/airflow/example_dags/example_python_decorator.py took 0.292 seconds
[2024-11-02T23:13:12.789-0300] {processor.py:186} INFO - Started process (PID=221588) to work on /home/nico/.local/lib/python3.10/site-packages/airflow/example_dags/example_python_decorator.py
[2024-11-02T23:13:12.791-0300] {processor.py:914} INFO - Processing file /home/nico/.local/lib/python3.10/site-packages/airflow/example_dags/example_python_decorator.py for tasks to queue
[2024-11-02T23:13:12.795-0300] {logging_mixin.py:190} INFO - [2024-11-02T23:13:12.794-0300] {dagbag.py:588} INFO - Filling up the DagBag from /home/nico/.local/lib/python3.10/site-packages/airflow/example_dags/example_python_decorator.py
[2024-11-02T23:13:12.842-0300] {processor.py:925} INFO - DAG(s) 'example_python_decorator' retrieved from /home/nico/.local/lib/python3.10/site-packages/airflow/example_dags/example_python_decorator.py
[2024-11-02T23:13:12.905-0300] {logging_mixin.py:190} INFO - [2024-11-02T23:13:12.904-0300] {dag.py:3239} INFO - Sync 1 DAGs
[2024-11-02T23:13:12.940-0300] {logging_mixin.py:190} INFO - [2024-11-02T23:13:12.940-0300] {dag.py:4180} INFO - Setting next_dagrun for example_python_decorator to None, run_after=None
[2024-11-02T23:13:13.064-0300] {processor.py:208} INFO - Processing /home/nico/.local/lib/python3.10/site-packages/airflow/example_dags/example_python_decorator.py took 0.297 seconds
[2024-11-03T00:14:07.432-0300] {processor.py:186} INFO - Started process (PID=221646) to work on /home/nico/.local/lib/python3.10/site-packages/airflow/example_dags/example_python_decorator.py
[2024-11-03T00:14:07.445-0300] {processor.py:914} INFO - Processing file /home/nico/.local/lib/python3.10/site-packages/airflow/example_dags/example_python_decorator.py for tasks to queue
[2024-11-03T00:14:07.459-0300] {logging_mixin.py:190} INFO - [2024-11-03T00:14:07.449-0300] {dagbag.py:588} INFO - Filling up the DagBag from /home/nico/.local/lib/python3.10/site-packages/airflow/example_dags/example_python_decorator.py
[2024-11-03T00:14:07.547-0300] {processor.py:925} INFO - DAG(s) 'example_python_decorator' retrieved from /home/nico/.local/lib/python3.10/site-packages/airflow/example_dags/example_python_decorator.py
[2024-11-03T00:14:07.738-0300] {logging_mixin.py:190} INFO - [2024-11-03T00:14:07.737-0300] {dag.py:3239} INFO - Sync 1 DAGs
[2024-11-03T00:14:07.862-0300] {logging_mixin.py:190} INFO - [2024-11-03T00:14:07.861-0300] {dag.py:4180} INFO - Setting next_dagrun for example_python_decorator to None, run_after=None
[2024-11-03T00:14:09.422-0300] {processor.py:208} INFO - Processing /home/nico/.local/lib/python3.10/site-packages/airflow/example_dags/example_python_decorator.py took 2.031 seconds
[2024-11-03T00:15:36.687-0300] {processor.py:186} INFO - Started process (PID=221693) to work on /home/nico/.local/lib/python3.10/site-packages/airflow/example_dags/example_python_decorator.py
[2024-11-03T00:15:36.692-0300] {processor.py:914} INFO - Processing file /home/nico/.local/lib/python3.10/site-packages/airflow/example_dags/example_python_decorator.py for tasks to queue
[2024-11-03T00:15:36.699-0300] {logging_mixin.py:190} INFO - [2024-11-03T00:15:36.696-0300] {dagbag.py:588} INFO - Filling up the DagBag from /home/nico/.local/lib/python3.10/site-packages/airflow/example_dags/example_python_decorator.py
[2024-11-03T00:15:36.765-0300] {processor.py:925} INFO - DAG(s) 'example_python_decorator' retrieved from /home/nico/.local/lib/python3.10/site-packages/airflow/example_dags/example_python_decorator.py
[2024-11-03T00:15:36.862-0300] {logging_mixin.py:190} INFO - [2024-11-03T00:15:36.862-0300] {dag.py:3239} INFO - Sync 1 DAGs
[2024-11-03T00:15:36.897-0300] {logging_mixin.py:190} INFO - [2024-11-03T00:15:36.896-0300] {dag.py:4180} INFO - Setting next_dagrun for example_python_decorator to None, run_after=None
[2024-11-03T00:15:37.020-0300] {processor.py:208} INFO - Processing /home/nico/.local/lib/python3.10/site-packages/airflow/example_dags/example_python_decorator.py took 0.367 seconds
[2024-11-03T00:19:53.464-0300] {processor.py:186} INFO - Started process (PID=221753) to work on /home/nico/.local/lib/python3.10/site-packages/airflow/example_dags/example_python_decorator.py
[2024-11-03T00:19:53.479-0300] {processor.py:914} INFO - Processing file /home/nico/.local/lib/python3.10/site-packages/airflow/example_dags/example_python_decorator.py for tasks to queue
[2024-11-03T00:19:53.494-0300] {logging_mixin.py:190} INFO - [2024-11-03T00:19:53.484-0300] {dagbag.py:588} INFO - Filling up the DagBag from /home/nico/.local/lib/python3.10/site-packages/airflow/example_dags/example_python_decorator.py
[2024-11-03T00:19:53.637-0300] {processor.py:925} INFO - DAG(s) 'example_python_decorator' retrieved from /home/nico/.local/lib/python3.10/site-packages/airflow/example_dags/example_python_decorator.py
[2024-11-03T00:19:53.818-0300] {logging_mixin.py:190} INFO - [2024-11-03T00:19:53.817-0300] {dag.py:3239} INFO - Sync 1 DAGs
[2024-11-03T00:19:53.946-0300] {logging_mixin.py:190} INFO - [2024-11-03T00:19:53.946-0300] {dag.py:4180} INFO - Setting next_dagrun for example_python_decorator to None, run_after=None
[2024-11-03T00:19:54.166-0300] {processor.py:208} INFO - Processing /home/nico/.local/lib/python3.10/site-packages/airflow/example_dags/example_python_decorator.py took 0.771 seconds
[2024-11-03T00:34:36.043-0300] {processor.py:186} INFO - Started process (PID=221955) to work on /home/nico/.local/lib/python3.10/site-packages/airflow/example_dags/example_python_decorator.py
[2024-11-03T00:34:36.047-0300] {processor.py:914} INFO - Processing file /home/nico/.local/lib/python3.10/site-packages/airflow/example_dags/example_python_decorator.py for tasks to queue
[2024-11-03T00:34:36.050-0300] {logging_mixin.py:190} INFO - [2024-11-03T00:34:36.049-0300] {dagbag.py:588} INFO - Filling up the DagBag from /home/nico/.local/lib/python3.10/site-packages/airflow/example_dags/example_python_decorator.py
[2024-11-03T00:34:36.092-0300] {processor.py:925} INFO - DAG(s) 'example_python_decorator' retrieved from /home/nico/.local/lib/python3.10/site-packages/airflow/example_dags/example_python_decorator.py
[2024-11-03T00:34:36.232-0300] {logging_mixin.py:190} INFO - [2024-11-03T00:34:36.232-0300] {dag.py:3239} INFO - Sync 1 DAGs
[2024-11-03T00:34:36.303-0300] {logging_mixin.py:190} INFO - [2024-11-03T00:34:36.302-0300] {dag.py:4180} INFO - Setting next_dagrun for example_python_decorator to None, run_after=None
[2024-11-03T00:34:36.439-0300] {processor.py:208} INFO - Processing /home/nico/.local/lib/python3.10/site-packages/airflow/example_dags/example_python_decorator.py took 0.437 seconds
[2024-11-03T00:37:08.089-0300] {processor.py:186} INFO - Started process (PID=222013) to work on /home/nico/.local/lib/python3.10/site-packages/airflow/example_dags/example_python_decorator.py
[2024-11-03T00:37:08.095-0300] {processor.py:914} INFO - Processing file /home/nico/.local/lib/python3.10/site-packages/airflow/example_dags/example_python_decorator.py for tasks to queue
[2024-11-03T00:37:08.102-0300] {logging_mixin.py:190} INFO - [2024-11-03T00:37:08.101-0300] {dagbag.py:588} INFO - Filling up the DagBag from /home/nico/.local/lib/python3.10/site-packages/airflow/example_dags/example_python_decorator.py
[2024-11-03T00:37:08.153-0300] {processor.py:925} INFO - DAG(s) 'example_python_decorator' retrieved from /home/nico/.local/lib/python3.10/site-packages/airflow/example_dags/example_python_decorator.py
[2024-11-03T00:37:08.234-0300] {logging_mixin.py:190} INFO - [2024-11-03T00:37:08.233-0300] {dag.py:3239} INFO - Sync 1 DAGs
[2024-11-03T00:37:08.284-0300] {logging_mixin.py:190} INFO - [2024-11-03T00:37:08.283-0300] {dag.py:4180} INFO - Setting next_dagrun for example_python_decorator to None, run_after=None
[2024-11-03T00:37:08.423-0300] {processor.py:208} INFO - Processing /home/nico/.local/lib/python3.10/site-packages/airflow/example_dags/example_python_decorator.py took 0.363 seconds
[2024-11-03T00:38:43.325-0300] {processor.py:186} INFO - Started process (PID=222063) to work on /home/nico/.local/lib/python3.10/site-packages/airflow/example_dags/example_python_decorator.py
[2024-11-03T00:38:43.328-0300] {processor.py:914} INFO - Processing file /home/nico/.local/lib/python3.10/site-packages/airflow/example_dags/example_python_decorator.py for tasks to queue
[2024-11-03T00:38:43.333-0300] {logging_mixin.py:190} INFO - [2024-11-03T00:38:43.332-0300] {dagbag.py:588} INFO - Filling up the DagBag from /home/nico/.local/lib/python3.10/site-packages/airflow/example_dags/example_python_decorator.py
[2024-11-03T00:38:43.374-0300] {processor.py:925} INFO - DAG(s) 'example_python_decorator' retrieved from /home/nico/.local/lib/python3.10/site-packages/airflow/example_dags/example_python_decorator.py
[2024-11-03T00:38:43.456-0300] {logging_mixin.py:190} INFO - [2024-11-03T00:38:43.455-0300] {dag.py:3239} INFO - Sync 1 DAGs
[2024-11-03T00:38:43.521-0300] {logging_mixin.py:190} INFO - [2024-11-03T00:38:43.521-0300] {dag.py:4180} INFO - Setting next_dagrun for example_python_decorator to None, run_after=None
[2024-11-03T00:38:43.740-0300] {processor.py:208} INFO - Processing /home/nico/.local/lib/python3.10/site-packages/airflow/example_dags/example_python_decorator.py took 0.435 seconds
[2024-11-03T00:40:13.136-0300] {processor.py:186} INFO - Started process (PID=222106) to work on /home/nico/.local/lib/python3.10/site-packages/airflow/example_dags/example_python_decorator.py
[2024-11-03T00:40:13.139-0300] {processor.py:914} INFO - Processing file /home/nico/.local/lib/python3.10/site-packages/airflow/example_dags/example_python_decorator.py for tasks to queue
[2024-11-03T00:40:13.144-0300] {logging_mixin.py:190} INFO - [2024-11-03T00:40:13.143-0300] {dagbag.py:588} INFO - Filling up the DagBag from /home/nico/.local/lib/python3.10/site-packages/airflow/example_dags/example_python_decorator.py
[2024-11-03T00:40:13.207-0300] {processor.py:925} INFO - DAG(s) 'example_python_decorator' retrieved from /home/nico/.local/lib/python3.10/site-packages/airflow/example_dags/example_python_decorator.py
[2024-11-03T00:40:13.305-0300] {logging_mixin.py:190} INFO - [2024-11-03T00:40:13.305-0300] {dag.py:3239} INFO - Sync 1 DAGs
[2024-11-03T00:40:13.343-0300] {logging_mixin.py:190} INFO - [2024-11-03T00:40:13.342-0300] {dag.py:4180} INFO - Setting next_dagrun for example_python_decorator to None, run_after=None
[2024-11-03T00:40:13.474-0300] {processor.py:208} INFO - Processing /home/nico/.local/lib/python3.10/site-packages/airflow/example_dags/example_python_decorator.py took 0.390 seconds
[2024-11-03T00:41:36.075-0300] {processor.py:186} INFO - Started process (PID=222152) to work on /home/nico/.local/lib/python3.10/site-packages/airflow/example_dags/example_python_decorator.py
[2024-11-03T00:41:36.077-0300] {processor.py:914} INFO - Processing file /home/nico/.local/lib/python3.10/site-packages/airflow/example_dags/example_python_decorator.py for tasks to queue
[2024-11-03T00:41:36.080-0300] {logging_mixin.py:190} INFO - [2024-11-03T00:41:36.080-0300] {dagbag.py:588} INFO - Filling up the DagBag from /home/nico/.local/lib/python3.10/site-packages/airflow/example_dags/example_python_decorator.py
[2024-11-03T00:41:36.109-0300] {processor.py:925} INFO - DAG(s) 'example_python_decorator' retrieved from /home/nico/.local/lib/python3.10/site-packages/airflow/example_dags/example_python_decorator.py
[2024-11-03T00:41:36.179-0300] {logging_mixin.py:190} INFO - [2024-11-03T00:41:36.179-0300] {dag.py:3239} INFO - Sync 1 DAGs
[2024-11-03T00:41:36.213-0300] {logging_mixin.py:190} INFO - [2024-11-03T00:41:36.212-0300] {dag.py:4180} INFO - Setting next_dagrun for example_python_decorator to None, run_after=None
[2024-11-03T00:41:36.338-0300] {processor.py:208} INFO - Processing /home/nico/.local/lib/python3.10/site-packages/airflow/example_dags/example_python_decorator.py took 0.281 seconds
[2024-11-03T00:42:52.744-0300] {processor.py:186} INFO - Started process (PID=222196) to work on /home/nico/.local/lib/python3.10/site-packages/airflow/example_dags/example_python_decorator.py
[2024-11-03T00:42:52.755-0300] {processor.py:914} INFO - Processing file /home/nico/.local/lib/python3.10/site-packages/airflow/example_dags/example_python_decorator.py for tasks to queue
[2024-11-03T00:42:52.787-0300] {logging_mixin.py:190} INFO - [2024-11-03T00:42:52.785-0300] {dagbag.py:588} INFO - Filling up the DagBag from /home/nico/.local/lib/python3.10/site-packages/airflow/example_dags/example_python_decorator.py
[2024-11-03T00:42:52.898-0300] {processor.py:925} INFO - DAG(s) 'example_python_decorator' retrieved from /home/nico/.local/lib/python3.10/site-packages/airflow/example_dags/example_python_decorator.py
[2024-11-03T00:42:52.972-0300] {logging_mixin.py:190} INFO - [2024-11-03T00:42:52.971-0300] {dag.py:3239} INFO - Sync 1 DAGs
[2024-11-03T00:42:53.025-0300] {logging_mixin.py:190} INFO - [2024-11-03T00:42:53.025-0300] {dag.py:4180} INFO - Setting next_dagrun for example_python_decorator to None, run_after=None
[2024-11-03T00:42:53.191-0300] {processor.py:208} INFO - Processing /home/nico/.local/lib/python3.10/site-packages/airflow/example_dags/example_python_decorator.py took 0.481 seconds
[2024-11-03T00:44:29.290-0300] {processor.py:186} INFO - Started process (PID=222240) to work on /home/nico/.local/lib/python3.10/site-packages/airflow/example_dags/example_python_decorator.py
[2024-11-03T00:44:29.308-0300] {processor.py:914} INFO - Processing file /home/nico/.local/lib/python3.10/site-packages/airflow/example_dags/example_python_decorator.py for tasks to queue
[2024-11-03T00:44:29.317-0300] {logging_mixin.py:190} INFO - [2024-11-03T00:44:29.312-0300] {dagbag.py:588} INFO - Filling up the DagBag from /home/nico/.local/lib/python3.10/site-packages/airflow/example_dags/example_python_decorator.py
[2024-11-03T00:44:29.422-0300] {processor.py:925} INFO - DAG(s) 'example_python_decorator' retrieved from /home/nico/.local/lib/python3.10/site-packages/airflow/example_dags/example_python_decorator.py
[2024-11-03T00:44:29.574-0300] {logging_mixin.py:190} INFO - [2024-11-03T00:44:29.573-0300] {dag.py:3239} INFO - Sync 1 DAGs
[2024-11-03T00:44:29.617-0300] {logging_mixin.py:190} INFO - [2024-11-03T00:44:29.616-0300] {dag.py:4180} INFO - Setting next_dagrun for example_python_decorator to None, run_after=None
[2024-11-03T00:44:29.741-0300] {processor.py:208} INFO - Processing /home/nico/.local/lib/python3.10/site-packages/airflow/example_dags/example_python_decorator.py took 0.477 seconds
[2024-11-03T00:46:55.639-0300] {processor.py:186} INFO - Started process (PID=222294) to work on /home/nico/.local/lib/python3.10/site-packages/airflow/example_dags/example_python_decorator.py
[2024-11-03T00:46:55.642-0300] {processor.py:914} INFO - Processing file /home/nico/.local/lib/python3.10/site-packages/airflow/example_dags/example_python_decorator.py for tasks to queue
[2024-11-03T00:46:55.645-0300] {logging_mixin.py:190} INFO - [2024-11-03T00:46:55.644-0300] {dagbag.py:588} INFO - Filling up the DagBag from /home/nico/.local/lib/python3.10/site-packages/airflow/example_dags/example_python_decorator.py
[2024-11-03T00:46:55.690-0300] {processor.py:925} INFO - DAG(s) 'example_python_decorator' retrieved from /home/nico/.local/lib/python3.10/site-packages/airflow/example_dags/example_python_decorator.py
[2024-11-03T00:46:55.771-0300] {logging_mixin.py:190} INFO - [2024-11-03T00:46:55.771-0300] {dag.py:3239} INFO - Sync 1 DAGs
[2024-11-03T00:46:55.820-0300] {logging_mixin.py:190} INFO - [2024-11-03T00:46:55.820-0300] {dag.py:4180} INFO - Setting next_dagrun for example_python_decorator to None, run_after=None
[2024-11-03T00:46:55.946-0300] {processor.py:208} INFO - Processing /home/nico/.local/lib/python3.10/site-packages/airflow/example_dags/example_python_decorator.py took 0.331 seconds
[2024-11-03T00:49:04.569-0300] {processor.py:186} INFO - Started process (PID=222349) to work on /home/nico/.local/lib/python3.10/site-packages/airflow/example_dags/example_python_decorator.py
[2024-11-03T00:49:04.581-0300] {processor.py:914} INFO - Processing file /home/nico/.local/lib/python3.10/site-packages/airflow/example_dags/example_python_decorator.py for tasks to queue
[2024-11-03T00:49:04.590-0300] {logging_mixin.py:190} INFO - [2024-11-03T00:49:04.589-0300] {dagbag.py:588} INFO - Filling up the DagBag from /home/nico/.local/lib/python3.10/site-packages/airflow/example_dags/example_python_decorator.py
[2024-11-03T00:49:04.718-0300] {processor.py:925} INFO - DAG(s) 'example_python_decorator' retrieved from /home/nico/.local/lib/python3.10/site-packages/airflow/example_dags/example_python_decorator.py
[2024-11-03T00:49:04.852-0300] {logging_mixin.py:190} INFO - [2024-11-03T00:49:04.851-0300] {dag.py:3239} INFO - Sync 1 DAGs
[2024-11-03T00:49:04.900-0300] {logging_mixin.py:190} INFO - [2024-11-03T00:49:04.899-0300] {dag.py:4180} INFO - Setting next_dagrun for example_python_decorator to None, run_after=None
[2024-11-03T00:49:05.074-0300] {processor.py:208} INFO - Processing /home/nico/.local/lib/python3.10/site-packages/airflow/example_dags/example_python_decorator.py took 0.546 seconds
[2024-11-03T00:50:37.111-0300] {processor.py:186} INFO - Started process (PID=222396) to work on /home/nico/.local/lib/python3.10/site-packages/airflow/example_dags/example_python_decorator.py
[2024-11-03T00:50:37.116-0300] {processor.py:914} INFO - Processing file /home/nico/.local/lib/python3.10/site-packages/airflow/example_dags/example_python_decorator.py for tasks to queue
[2024-11-03T00:50:37.125-0300] {logging_mixin.py:190} INFO - [2024-11-03T00:50:37.123-0300] {dagbag.py:588} INFO - Filling up the DagBag from /home/nico/.local/lib/python3.10/site-packages/airflow/example_dags/example_python_decorator.py
[2024-11-03T00:50:37.178-0300] {processor.py:925} INFO - DAG(s) 'example_python_decorator' retrieved from /home/nico/.local/lib/python3.10/site-packages/airflow/example_dags/example_python_decorator.py
[2024-11-03T00:50:37.269-0300] {logging_mixin.py:190} INFO - [2024-11-03T00:50:37.268-0300] {dag.py:3239} INFO - Sync 1 DAGs
[2024-11-03T00:50:37.301-0300] {logging_mixin.py:190} INFO - [2024-11-03T00:50:37.300-0300] {dag.py:4180} INFO - Setting next_dagrun for example_python_decorator to None, run_after=None
[2024-11-03T00:50:37.424-0300] {processor.py:208} INFO - Processing /home/nico/.local/lib/python3.10/site-packages/airflow/example_dags/example_python_decorator.py took 0.337 seconds
[2024-11-03T00:52:34.536-0300] {processor.py:186} INFO - Started process (PID=222440) to work on /home/nico/.local/lib/python3.10/site-packages/airflow/example_dags/example_python_decorator.py
[2024-11-03T00:52:34.540-0300] {processor.py:914} INFO - Processing file /home/nico/.local/lib/python3.10/site-packages/airflow/example_dags/example_python_decorator.py for tasks to queue
[2024-11-03T00:52:34.553-0300] {logging_mixin.py:190} INFO - [2024-11-03T00:52:34.551-0300] {dagbag.py:588} INFO - Filling up the DagBag from /home/nico/.local/lib/python3.10/site-packages/airflow/example_dags/example_python_decorator.py
[2024-11-03T00:52:34.714-0300] {processor.py:925} INFO - DAG(s) 'example_python_decorator' retrieved from /home/nico/.local/lib/python3.10/site-packages/airflow/example_dags/example_python_decorator.py
[2024-11-03T00:52:36.637-0300] {logging_mixin.py:190} INFO - [2024-11-03T00:52:36.636-0300] {dag.py:3239} INFO - Sync 1 DAGs
[2024-11-03T00:52:37.231-0300] {logging_mixin.py:190} INFO - [2024-11-03T00:52:37.231-0300] {dag.py:4180} INFO - Setting next_dagrun for example_python_decorator to None, run_after=None
[2024-11-03T00:52:38.222-0300] {processor.py:208} INFO - Processing /home/nico/.local/lib/python3.10/site-packages/airflow/example_dags/example_python_decorator.py took 3.725 seconds
[2024-11-03T00:54:57.366-0300] {processor.py:186} INFO - Started process (PID=222491) to work on /home/nico/.local/lib/python3.10/site-packages/airflow/example_dags/example_python_decorator.py
[2024-11-03T00:54:57.369-0300] {processor.py:914} INFO - Processing file /home/nico/.local/lib/python3.10/site-packages/airflow/example_dags/example_python_decorator.py for tasks to queue
[2024-11-03T00:54:57.383-0300] {logging_mixin.py:190} INFO - [2024-11-03T00:54:57.382-0300] {dagbag.py:588} INFO - Filling up the DagBag from /home/nico/.local/lib/python3.10/site-packages/airflow/example_dags/example_python_decorator.py
[2024-11-03T00:54:57.535-0300] {processor.py:925} INFO - DAG(s) 'example_python_decorator' retrieved from /home/nico/.local/lib/python3.10/site-packages/airflow/example_dags/example_python_decorator.py
[2024-11-03T00:54:57.643-0300] {logging_mixin.py:190} INFO - [2024-11-03T00:54:57.642-0300] {dag.py:3239} INFO - Sync 1 DAGs
[2024-11-03T00:54:57.685-0300] {logging_mixin.py:190} INFO - [2024-11-03T00:54:57.684-0300] {dag.py:4180} INFO - Setting next_dagrun for example_python_decorator to None, run_after=None
[2024-11-03T00:54:57.873-0300] {processor.py:208} INFO - Processing /home/nico/.local/lib/python3.10/site-packages/airflow/example_dags/example_python_decorator.py took 0.556 seconds
[2024-11-03T00:56:58.686-0300] {processor.py:186} INFO - Started process (PID=222541) to work on /home/nico/.local/lib/python3.10/site-packages/airflow/example_dags/example_python_decorator.py
[2024-11-03T00:56:58.699-0300] {processor.py:914} INFO - Processing file /home/nico/.local/lib/python3.10/site-packages/airflow/example_dags/example_python_decorator.py for tasks to queue
[2024-11-03T00:56:58.728-0300] {logging_mixin.py:190} INFO - [2024-11-03T00:56:58.727-0300] {dagbag.py:588} INFO - Filling up the DagBag from /home/nico/.local/lib/python3.10/site-packages/airflow/example_dags/example_python_decorator.py
[2024-11-03T00:56:58.879-0300] {processor.py:925} INFO - DAG(s) 'example_python_decorator' retrieved from /home/nico/.local/lib/python3.10/site-packages/airflow/example_dags/example_python_decorator.py
[2024-11-03T00:56:59.323-0300] {logging_mixin.py:190} INFO - [2024-11-03T00:56:59.322-0300] {dag.py:3239} INFO - Sync 1 DAGs
[2024-11-03T00:56:59.477-0300] {logging_mixin.py:190} INFO - [2024-11-03T00:56:59.476-0300] {dag.py:4180} INFO - Setting next_dagrun for example_python_decorator to None, run_after=None
[2024-11-03T00:56:59.797-0300] {processor.py:208} INFO - Processing /home/nico/.local/lib/python3.10/site-packages/airflow/example_dags/example_python_decorator.py took 1.164 seconds
[2024-11-03T00:58:59.703-0300] {processor.py:186} INFO - Started process (PID=222592) to work on /home/nico/.local/lib/python3.10/site-packages/airflow/example_dags/example_python_decorator.py
[2024-11-03T00:58:59.705-0300] {processor.py:914} INFO - Processing file /home/nico/.local/lib/python3.10/site-packages/airflow/example_dags/example_python_decorator.py for tasks to queue
[2024-11-03T00:58:59.711-0300] {logging_mixin.py:190} INFO - [2024-11-03T00:58:59.709-0300] {dagbag.py:588} INFO - Filling up the DagBag from /home/nico/.local/lib/python3.10/site-packages/airflow/example_dags/example_python_decorator.py
[2024-11-03T00:58:59.761-0300] {processor.py:925} INFO - DAG(s) 'example_python_decorator' retrieved from /home/nico/.local/lib/python3.10/site-packages/airflow/example_dags/example_python_decorator.py
[2024-11-03T00:58:59.836-0300] {logging_mixin.py:190} INFO - [2024-11-03T00:58:59.835-0300] {dag.py:3239} INFO - Sync 1 DAGs
[2024-11-03T00:58:59.869-0300] {logging_mixin.py:190} INFO - [2024-11-03T00:58:59.869-0300] {dag.py:4180} INFO - Setting next_dagrun for example_python_decorator to None, run_after=None
[2024-11-03T00:59:00.002-0300] {processor.py:208} INFO - Processing /home/nico/.local/lib/python3.10/site-packages/airflow/example_dags/example_python_decorator.py took 0.318 seconds
[2024-11-03T01:00:28.153-0300] {processor.py:186} INFO - Started process (PID=222640) to work on /home/nico/.local/lib/python3.10/site-packages/airflow/example_dags/example_python_decorator.py
[2024-11-03T01:00:28.156-0300] {processor.py:914} INFO - Processing file /home/nico/.local/lib/python3.10/site-packages/airflow/example_dags/example_python_decorator.py for tasks to queue
[2024-11-03T01:00:28.160-0300] {logging_mixin.py:190} INFO - [2024-11-03T01:00:28.159-0300] {dagbag.py:588} INFO - Filling up the DagBag from /home/nico/.local/lib/python3.10/site-packages/airflow/example_dags/example_python_decorator.py
[2024-11-03T01:00:28.194-0300] {processor.py:925} INFO - DAG(s) 'example_python_decorator' retrieved from /home/nico/.local/lib/python3.10/site-packages/airflow/example_dags/example_python_decorator.py
[2024-11-03T01:00:28.256-0300] {logging_mixin.py:190} INFO - [2024-11-03T01:00:28.255-0300] {dag.py:3239} INFO - Sync 1 DAGs
[2024-11-03T01:00:28.294-0300] {logging_mixin.py:190} INFO - [2024-11-03T01:00:28.294-0300] {dag.py:4180} INFO - Setting next_dagrun for example_python_decorator to None, run_after=None
[2024-11-03T01:00:28.416-0300] {processor.py:208} INFO - Processing /home/nico/.local/lib/python3.10/site-packages/airflow/example_dags/example_python_decorator.py took 0.283 seconds
[2024-11-03T01:01:51.556-0300] {processor.py:186} INFO - Started process (PID=222687) to work on /home/nico/.local/lib/python3.10/site-packages/airflow/example_dags/example_python_decorator.py
[2024-11-03T01:01:51.560-0300] {processor.py:914} INFO - Processing file /home/nico/.local/lib/python3.10/site-packages/airflow/example_dags/example_python_decorator.py for tasks to queue
[2024-11-03T01:01:51.564-0300] {logging_mixin.py:190} INFO - [2024-11-03T01:01:51.563-0300] {dagbag.py:588} INFO - Filling up the DagBag from /home/nico/.local/lib/python3.10/site-packages/airflow/example_dags/example_python_decorator.py
[2024-11-03T01:01:51.609-0300] {processor.py:925} INFO - DAG(s) 'example_python_decorator' retrieved from /home/nico/.local/lib/python3.10/site-packages/airflow/example_dags/example_python_decorator.py
[2024-11-03T01:01:51.692-0300] {logging_mixin.py:190} INFO - [2024-11-03T01:01:51.691-0300] {dag.py:3239} INFO - Sync 1 DAGs
[2024-11-03T01:01:51.733-0300] {logging_mixin.py:190} INFO - [2024-11-03T01:01:51.732-0300] {dag.py:4180} INFO - Setting next_dagrun for example_python_decorator to None, run_after=None
[2024-11-03T01:01:51.886-0300] {processor.py:208} INFO - Processing /home/nico/.local/lib/python3.10/site-packages/airflow/example_dags/example_python_decorator.py took 0.352 seconds
[2024-11-03T01:03:15.893-0300] {processor.py:186} INFO - Started process (PID=222732) to work on /home/nico/.local/lib/python3.10/site-packages/airflow/example_dags/example_python_decorator.py
[2024-11-03T01:03:15.903-0300] {processor.py:914} INFO - Processing file /home/nico/.local/lib/python3.10/site-packages/airflow/example_dags/example_python_decorator.py for tasks to queue
[2024-11-03T01:03:15.908-0300] {logging_mixin.py:190} INFO - [2024-11-03T01:03:15.907-0300] {dagbag.py:588} INFO - Filling up the DagBag from /home/nico/.local/lib/python3.10/site-packages/airflow/example_dags/example_python_decorator.py
[2024-11-03T01:03:15.955-0300] {processor.py:925} INFO - DAG(s) 'example_python_decorator' retrieved from /home/nico/.local/lib/python3.10/site-packages/airflow/example_dags/example_python_decorator.py
[2024-11-03T01:03:16.068-0300] {logging_mixin.py:190} INFO - [2024-11-03T01:03:16.060-0300] {dag.py:3239} INFO - Sync 1 DAGs
[2024-11-03T01:03:16.650-0300] {logging_mixin.py:190} INFO - [2024-11-03T01:03:16.649-0300] {dag.py:4180} INFO - Setting next_dagrun for example_python_decorator to None, run_after=None
[2024-11-03T01:03:17.304-0300] {processor.py:208} INFO - Processing /home/nico/.local/lib/python3.10/site-packages/airflow/example_dags/example_python_decorator.py took 1.439 seconds
[2024-11-03T01:04:49.325-0300] {processor.py:186} INFO - Started process (PID=222777) to work on /home/nico/.local/lib/python3.10/site-packages/airflow/example_dags/example_python_decorator.py
[2024-11-03T01:04:49.330-0300] {processor.py:914} INFO - Processing file /home/nico/.local/lib/python3.10/site-packages/airflow/example_dags/example_python_decorator.py for tasks to queue
[2024-11-03T01:04:49.336-0300] {logging_mixin.py:190} INFO - [2024-11-03T01:04:49.334-0300] {dagbag.py:588} INFO - Filling up the DagBag from /home/nico/.local/lib/python3.10/site-packages/airflow/example_dags/example_python_decorator.py
[2024-11-03T01:04:49.380-0300] {processor.py:925} INFO - DAG(s) 'example_python_decorator' retrieved from /home/nico/.local/lib/python3.10/site-packages/airflow/example_dags/example_python_decorator.py
[2024-11-03T01:04:49.438-0300] {logging_mixin.py:190} INFO - [2024-11-03T01:04:49.437-0300] {dag.py:3239} INFO - Sync 1 DAGs
[2024-11-03T01:04:49.468-0300] {logging_mixin.py:190} INFO - [2024-11-03T01:04:49.467-0300] {dag.py:4180} INFO - Setting next_dagrun for example_python_decorator to None, run_after=None
[2024-11-03T01:04:49.625-0300] {processor.py:208} INFO - Processing /home/nico/.local/lib/python3.10/site-packages/airflow/example_dags/example_python_decorator.py took 0.331 seconds
[2024-11-03T01:06:18.256-0300] {processor.py:186} INFO - Started process (PID=222823) to work on /home/nico/.local/lib/python3.10/site-packages/airflow/example_dags/example_python_decorator.py
[2024-11-03T01:06:18.260-0300] {processor.py:914} INFO - Processing file /home/nico/.local/lib/python3.10/site-packages/airflow/example_dags/example_python_decorator.py for tasks to queue
[2024-11-03T01:06:18.269-0300] {logging_mixin.py:190} INFO - [2024-11-03T01:06:18.268-0300] {dagbag.py:588} INFO - Filling up the DagBag from /home/nico/.local/lib/python3.10/site-packages/airflow/example_dags/example_python_decorator.py
[2024-11-03T01:06:18.308-0300] {processor.py:925} INFO - DAG(s) 'example_python_decorator' retrieved from /home/nico/.local/lib/python3.10/site-packages/airflow/example_dags/example_python_decorator.py
[2024-11-03T01:06:18.372-0300] {logging_mixin.py:190} INFO - [2024-11-03T01:06:18.372-0300] {dag.py:3239} INFO - Sync 1 DAGs
[2024-11-03T01:06:18.407-0300] {logging_mixin.py:190} INFO - [2024-11-03T01:06:18.406-0300] {dag.py:4180} INFO - Setting next_dagrun for example_python_decorator to None, run_after=None
[2024-11-03T01:06:18.519-0300] {processor.py:208} INFO - Processing /home/nico/.local/lib/python3.10/site-packages/airflow/example_dags/example_python_decorator.py took 0.276 seconds
[2024-11-03T01:07:42.873-0300] {processor.py:186} INFO - Started process (PID=222869) to work on /home/nico/.local/lib/python3.10/site-packages/airflow/example_dags/example_python_decorator.py
[2024-11-03T01:07:42.877-0300] {processor.py:914} INFO - Processing file /home/nico/.local/lib/python3.10/site-packages/airflow/example_dags/example_python_decorator.py for tasks to queue
[2024-11-03T01:07:42.884-0300] {logging_mixin.py:190} INFO - [2024-11-03T01:07:42.881-0300] {dagbag.py:588} INFO - Filling up the DagBag from /home/nico/.local/lib/python3.10/site-packages/airflow/example_dags/example_python_decorator.py
[2024-11-03T01:07:42.953-0300] {processor.py:925} INFO - DAG(s) 'example_python_decorator' retrieved from /home/nico/.local/lib/python3.10/site-packages/airflow/example_dags/example_python_decorator.py
[2024-11-03T01:07:43.048-0300] {logging_mixin.py:190} INFO - [2024-11-03T01:07:43.047-0300] {dag.py:3239} INFO - Sync 1 DAGs
[2024-11-03T01:07:43.082-0300] {logging_mixin.py:190} INFO - [2024-11-03T01:07:43.082-0300] {dag.py:4180} INFO - Setting next_dagrun for example_python_decorator to None, run_after=None
[2024-11-03T01:07:43.207-0300] {processor.py:208} INFO - Processing /home/nico/.local/lib/python3.10/site-packages/airflow/example_dags/example_python_decorator.py took 0.359 seconds
[2024-11-03T01:09:09.265-0300] {processor.py:186} INFO - Started process (PID=222911) to work on /home/nico/.local/lib/python3.10/site-packages/airflow/example_dags/example_python_decorator.py
[2024-11-03T01:09:09.311-0300] {processor.py:914} INFO - Processing file /home/nico/.local/lib/python3.10/site-packages/airflow/example_dags/example_python_decorator.py for tasks to queue
[2024-11-03T01:09:09.338-0300] {logging_mixin.py:190} INFO - [2024-11-03T01:09:09.336-0300] {dagbag.py:588} INFO - Filling up the DagBag from /home/nico/.local/lib/python3.10/site-packages/airflow/example_dags/example_python_decorator.py
[2024-11-03T01:09:09.554-0300] {processor.py:925} INFO - DAG(s) 'example_python_decorator' retrieved from /home/nico/.local/lib/python3.10/site-packages/airflow/example_dags/example_python_decorator.py
[2024-11-03T01:09:10.803-0300] {logging_mixin.py:190} INFO - [2024-11-03T01:09:10.803-0300] {dag.py:3239} INFO - Sync 1 DAGs
[2024-11-03T01:09:10.967-0300] {logging_mixin.py:190} INFO - [2024-11-03T01:09:10.966-0300] {dag.py:4180} INFO - Setting next_dagrun for example_python_decorator to None, run_after=None
[2024-11-03T01:09:11.157-0300] {processor.py:208} INFO - Processing /home/nico/.local/lib/python3.10/site-packages/airflow/example_dags/example_python_decorator.py took 1.941 seconds
[2024-11-03T01:10:45.690-0300] {processor.py:186} INFO - Started process (PID=222957) to work on /home/nico/.local/lib/python3.10/site-packages/airflow/example_dags/example_python_decorator.py
[2024-11-03T01:10:45.693-0300] {processor.py:914} INFO - Processing file /home/nico/.local/lib/python3.10/site-packages/airflow/example_dags/example_python_decorator.py for tasks to queue
[2024-11-03T01:10:45.698-0300] {logging_mixin.py:190} INFO - [2024-11-03T01:10:45.696-0300] {dagbag.py:588} INFO - Filling up the DagBag from /home/nico/.local/lib/python3.10/site-packages/airflow/example_dags/example_python_decorator.py
[2024-11-03T01:10:45.736-0300] {processor.py:925} INFO - DAG(s) 'example_python_decorator' retrieved from /home/nico/.local/lib/python3.10/site-packages/airflow/example_dags/example_python_decorator.py
[2024-11-03T01:10:45.817-0300] {logging_mixin.py:190} INFO - [2024-11-03T01:10:45.816-0300] {dag.py:3239} INFO - Sync 1 DAGs
[2024-11-03T01:10:45.852-0300] {logging_mixin.py:190} INFO - [2024-11-03T01:10:45.852-0300] {dag.py:4180} INFO - Setting next_dagrun for example_python_decorator to None, run_after=None
[2024-11-03T01:10:45.963-0300] {processor.py:208} INFO - Processing /home/nico/.local/lib/python3.10/site-packages/airflow/example_dags/example_python_decorator.py took 0.292 seconds
[2024-11-03T01:12:17.184-0300] {processor.py:186} INFO - Started process (PID=223005) to work on /home/nico/.local/lib/python3.10/site-packages/airflow/example_dags/example_python_decorator.py
[2024-11-03T01:12:17.191-0300] {processor.py:914} INFO - Processing file /home/nico/.local/lib/python3.10/site-packages/airflow/example_dags/example_python_decorator.py for tasks to queue
[2024-11-03T01:12:17.201-0300] {logging_mixin.py:190} INFO - [2024-11-03T01:12:17.200-0300] {dagbag.py:588} INFO - Filling up the DagBag from /home/nico/.local/lib/python3.10/site-packages/airflow/example_dags/example_python_decorator.py
[2024-11-03T01:12:17.253-0300] {processor.py:925} INFO - DAG(s) 'example_python_decorator' retrieved from /home/nico/.local/lib/python3.10/site-packages/airflow/example_dags/example_python_decorator.py
[2024-11-03T01:12:17.327-0300] {logging_mixin.py:190} INFO - [2024-11-03T01:12:17.327-0300] {dag.py:3239} INFO - Sync 1 DAGs
[2024-11-03T01:12:17.362-0300] {logging_mixin.py:190} INFO - [2024-11-03T01:12:17.361-0300] {dag.py:4180} INFO - Setting next_dagrun for example_python_decorator to None, run_after=None
[2024-11-03T01:12:17.485-0300] {processor.py:208} INFO - Processing /home/nico/.local/lib/python3.10/site-packages/airflow/example_dags/example_python_decorator.py took 0.328 seconds
[2024-11-03T01:14:23.897-0300] {processor.py:186} INFO - Started process (PID=223052) to work on /home/nico/.local/lib/python3.10/site-packages/airflow/example_dags/example_python_decorator.py
[2024-11-03T01:14:23.902-0300] {processor.py:914} INFO - Processing file /home/nico/.local/lib/python3.10/site-packages/airflow/example_dags/example_python_decorator.py for tasks to queue
[2024-11-03T01:14:23.910-0300] {logging_mixin.py:190} INFO - [2024-11-03T01:14:23.908-0300] {dagbag.py:588} INFO - Filling up the DagBag from /home/nico/.local/lib/python3.10/site-packages/airflow/example_dags/example_python_decorator.py
[2024-11-03T01:14:23.983-0300] {processor.py:925} INFO - DAG(s) 'example_python_decorator' retrieved from /home/nico/.local/lib/python3.10/site-packages/airflow/example_dags/example_python_decorator.py
[2024-11-03T01:14:24.065-0300] {logging_mixin.py:190} INFO - [2024-11-03T01:14:24.065-0300] {dag.py:3239} INFO - Sync 1 DAGs
[2024-11-03T01:14:24.119-0300] {logging_mixin.py:190} INFO - [2024-11-03T01:14:24.118-0300] {dag.py:4180} INFO - Setting next_dagrun for example_python_decorator to None, run_after=None
[2024-11-03T01:14:24.281-0300] {processor.py:208} INFO - Processing /home/nico/.local/lib/python3.10/site-packages/airflow/example_dags/example_python_decorator.py took 0.422 seconds
[2024-11-03T01:18:58.667-0300] {processor.py:186} INFO - Started process (PID=223116) to work on /home/nico/.local/lib/python3.10/site-packages/airflow/example_dags/example_python_decorator.py
[2024-11-03T01:18:58.672-0300] {processor.py:914} INFO - Processing file /home/nico/.local/lib/python3.10/site-packages/airflow/example_dags/example_python_decorator.py for tasks to queue
[2024-11-03T01:18:58.677-0300] {logging_mixin.py:190} INFO - [2024-11-03T01:18:58.676-0300] {dagbag.py:588} INFO - Filling up the DagBag from /home/nico/.local/lib/python3.10/site-packages/airflow/example_dags/example_python_decorator.py
[2024-11-03T01:18:58.738-0300] {processor.py:925} INFO - DAG(s) 'example_python_decorator' retrieved from /home/nico/.local/lib/python3.10/site-packages/airflow/example_dags/example_python_decorator.py
[2024-11-03T01:18:58.905-0300] {logging_mixin.py:190} INFO - [2024-11-03T01:18:58.904-0300] {dag.py:3239} INFO - Sync 1 DAGs
[2024-11-03T01:18:58.952-0300] {logging_mixin.py:190} INFO - [2024-11-03T01:18:58.951-0300] {dag.py:4180} INFO - Setting next_dagrun for example_python_decorator to None, run_after=None
[2024-11-03T01:18:59.086-0300] {processor.py:208} INFO - Processing /home/nico/.local/lib/python3.10/site-packages/airflow/example_dags/example_python_decorator.py took 0.450 seconds
[2024-11-03T01:20:56.873-0300] {processor.py:186} INFO - Started process (PID=223169) to work on /home/nico/.local/lib/python3.10/site-packages/airflow/example_dags/example_python_decorator.py
[2024-11-03T01:20:56.875-0300] {processor.py:914} INFO - Processing file /home/nico/.local/lib/python3.10/site-packages/airflow/example_dags/example_python_decorator.py for tasks to queue
[2024-11-03T01:20:56.879-0300] {logging_mixin.py:190} INFO - [2024-11-03T01:20:56.878-0300] {dagbag.py:588} INFO - Filling up the DagBag from /home/nico/.local/lib/python3.10/site-packages/airflow/example_dags/example_python_decorator.py
[2024-11-03T01:20:56.907-0300] {processor.py:925} INFO - DAG(s) 'example_python_decorator' retrieved from /home/nico/.local/lib/python3.10/site-packages/airflow/example_dags/example_python_decorator.py
[2024-11-03T01:20:56.980-0300] {logging_mixin.py:190} INFO - [2024-11-03T01:20:56.979-0300] {dag.py:3239} INFO - Sync 1 DAGs
[2024-11-03T01:20:57.018-0300] {logging_mixin.py:190} INFO - [2024-11-03T01:20:57.017-0300] {dag.py:4180} INFO - Setting next_dagrun for example_python_decorator to None, run_after=None
[2024-11-03T01:20:57.129-0300] {processor.py:208} INFO - Processing /home/nico/.local/lib/python3.10/site-packages/airflow/example_dags/example_python_decorator.py took 0.270 seconds
[2024-11-03T01:23:40.116-0300] {processor.py:186} INFO - Started process (PID=223220) to work on /home/nico/.local/lib/python3.10/site-packages/airflow/example_dags/example_python_decorator.py
[2024-11-03T01:23:40.118-0300] {processor.py:914} INFO - Processing file /home/nico/.local/lib/python3.10/site-packages/airflow/example_dags/example_python_decorator.py for tasks to queue
[2024-11-03T01:23:40.122-0300] {logging_mixin.py:190} INFO - [2024-11-03T01:23:40.121-0300] {dagbag.py:588} INFO - Filling up the DagBag from /home/nico/.local/lib/python3.10/site-packages/airflow/example_dags/example_python_decorator.py
[2024-11-03T01:23:40.156-0300] {processor.py:925} INFO - DAG(s) 'example_python_decorator' retrieved from /home/nico/.local/lib/python3.10/site-packages/airflow/example_dags/example_python_decorator.py
[2024-11-03T01:23:40.239-0300] {logging_mixin.py:190} INFO - [2024-11-03T01:23:40.238-0300] {dag.py:3239} INFO - Sync 1 DAGs
[2024-11-03T01:23:40.282-0300] {logging_mixin.py:190} INFO - [2024-11-03T01:23:40.281-0300] {dag.py:4180} INFO - Setting next_dagrun for example_python_decorator to None, run_after=None
[2024-11-03T01:23:40.428-0300] {processor.py:208} INFO - Processing /home/nico/.local/lib/python3.10/site-packages/airflow/example_dags/example_python_decorator.py took 0.330 seconds
