[2024-11-02T21:35:58.829-0300] {processor.py:186} INFO - Started process (PID=220049) to work on /home/nico/.local/lib/python3.10/site-packages/airflow/example_dags/example_external_task_marker_dag.py
[2024-11-02T21:35:58.832-0300] {processor.py:914} INFO - Processing file /home/nico/.local/lib/python3.10/site-packages/airflow/example_dags/example_external_task_marker_dag.py for tasks to queue
[2024-11-02T21:35:58.835-0300] {logging_mixin.py:190} INFO - [2024-11-02T21:35:58.834-0300] {dagbag.py:588} INFO - Filling up the DagBag from /home/nico/.local/lib/python3.10/site-packages/airflow/example_dags/example_external_task_marker_dag.py
[2024-11-02T21:35:58.848-0300] {processor.py:925} INFO - DAG(s) 'example_external_task_marker_child', 'example_external_task_marker_parent' retrieved from /home/nico/.local/lib/python3.10/site-packages/airflow/example_dags/example_external_task_marker_dag.py
[2024-11-02T21:35:58.916-0300] {logging_mixin.py:190} INFO - [2024-11-02T21:35:58.915-0300] {dag.py:3239} INFO - Sync 2 DAGs
[2024-11-02T21:35:58.959-0300] {logging_mixin.py:190} INFO - [2024-11-02T21:35:58.959-0300] {dag.py:4180} INFO - Setting next_dagrun for example_external_task_marker_child to None, run_after=None
[2024-11-02T21:35:58.972-0300] {logging_mixin.py:190} INFO - [2024-11-02T21:35:58.972-0300] {dag.py:4180} INFO - Setting next_dagrun for example_external_task_marker_parent to None, run_after=None
[2024-11-02T21:35:59.088-0300] {processor.py:208} INFO - Processing /home/nico/.local/lib/python3.10/site-packages/airflow/example_dags/example_external_task_marker_dag.py took 0.273 seconds
[2024-11-02T21:38:45.229-0300] {processor.py:186} INFO - Started process (PID=220121) to work on /home/nico/.local/lib/python3.10/site-packages/airflow/example_dags/example_external_task_marker_dag.py
[2024-11-02T21:38:45.234-0300] {processor.py:914} INFO - Processing file /home/nico/.local/lib/python3.10/site-packages/airflow/example_dags/example_external_task_marker_dag.py for tasks to queue
[2024-11-02T21:38:45.238-0300] {logging_mixin.py:190} INFO - [2024-11-02T21:38:45.237-0300] {dagbag.py:588} INFO - Filling up the DagBag from /home/nico/.local/lib/python3.10/site-packages/airflow/example_dags/example_external_task_marker_dag.py
[2024-11-02T21:38:45.257-0300] {processor.py:925} INFO - DAG(s) 'example_external_task_marker_parent', 'example_external_task_marker_child' retrieved from /home/nico/.local/lib/python3.10/site-packages/airflow/example_dags/example_external_task_marker_dag.py
[2024-11-02T21:38:45.469-0300] {logging_mixin.py:190} INFO - [2024-11-02T21:38:45.468-0300] {dag.py:3239} INFO - Sync 2 DAGs
[2024-11-02T21:38:46.070-0300] {logging_mixin.py:190} INFO - [2024-11-02T21:38:46.069-0300] {dag.py:4180} INFO - Setting next_dagrun for example_external_task_marker_child to None, run_after=None
[2024-11-02T21:38:46.105-0300] {logging_mixin.py:190} INFO - [2024-11-02T21:38:46.104-0300] {dag.py:4180} INFO - Setting next_dagrun for example_external_task_marker_parent to None, run_after=None
[2024-11-02T21:38:46.419-0300] {processor.py:208} INFO - Processing /home/nico/.local/lib/python3.10/site-packages/airflow/example_dags/example_external_task_marker_dag.py took 1.212 seconds
[2024-11-02T22:45:54.213-0300] {processor.py:186} INFO - Started process (PID=220795) to work on /home/nico/.local/lib/python3.10/site-packages/airflow/example_dags/example_external_task_marker_dag.py
[2024-11-02T22:45:54.256-0300] {processor.py:914} INFO - Processing file /home/nico/.local/lib/python3.10/site-packages/airflow/example_dags/example_external_task_marker_dag.py for tasks to queue
[2024-11-02T22:45:54.278-0300] {logging_mixin.py:190} INFO - [2024-11-02T22:45:54.276-0300] {dagbag.py:588} INFO - Filling up the DagBag from /home/nico/.local/lib/python3.10/site-packages/airflow/example_dags/example_external_task_marker_dag.py
[2024-11-02T22:45:54.334-0300] {processor.py:925} INFO - DAG(s) 'example_external_task_marker_parent', 'example_external_task_marker_child' retrieved from /home/nico/.local/lib/python3.10/site-packages/airflow/example_dags/example_external_task_marker_dag.py
[2024-11-02T22:45:54.680-0300] {logging_mixin.py:190} INFO - [2024-11-02T22:45:54.680-0300] {dag.py:3239} INFO - Sync 2 DAGs
[2024-11-02T22:45:54.805-0300] {logging_mixin.py:190} INFO - [2024-11-02T22:45:54.804-0300] {dag.py:4180} INFO - Setting next_dagrun for example_external_task_marker_child to None, run_after=None
[2024-11-02T22:45:54.832-0300] {logging_mixin.py:190} INFO - [2024-11-02T22:45:54.831-0300] {dag.py:4180} INFO - Setting next_dagrun for example_external_task_marker_parent to None, run_after=None
[2024-11-02T22:45:55.043-0300] {processor.py:208} INFO - Processing /home/nico/.local/lib/python3.10/site-packages/airflow/example_dags/example_external_task_marker_dag.py took 0.882 seconds
[2024-11-02T22:51:24.536-0300] {processor.py:186} INFO - Started process (PID=220951) to work on /home/nico/.local/lib/python3.10/site-packages/airflow/example_dags/example_external_task_marker_dag.py
[2024-11-02T22:51:24.538-0300] {processor.py:914} INFO - Processing file /home/nico/.local/lib/python3.10/site-packages/airflow/example_dags/example_external_task_marker_dag.py for tasks to queue
[2024-11-02T22:51:24.542-0300] {logging_mixin.py:190} INFO - [2024-11-02T22:51:24.541-0300] {dagbag.py:588} INFO - Filling up the DagBag from /home/nico/.local/lib/python3.10/site-packages/airflow/example_dags/example_external_task_marker_dag.py
[2024-11-02T22:51:24.557-0300] {processor.py:925} INFO - DAG(s) 'example_external_task_marker_child', 'example_external_task_marker_parent' retrieved from /home/nico/.local/lib/python3.10/site-packages/airflow/example_dags/example_external_task_marker_dag.py
[2024-11-02T22:51:24.626-0300] {logging_mixin.py:190} INFO - [2024-11-02T22:51:24.625-0300] {dag.py:3239} INFO - Sync 2 DAGs
[2024-11-02T22:51:24.673-0300] {logging_mixin.py:190} INFO - [2024-11-02T22:51:24.673-0300] {dag.py:4180} INFO - Setting next_dagrun for example_external_task_marker_child to None, run_after=None
[2024-11-02T22:51:24.683-0300] {logging_mixin.py:190} INFO - [2024-11-02T22:51:24.683-0300] {dag.py:4180} INFO - Setting next_dagrun for example_external_task_marker_parent to None, run_after=None
[2024-11-02T22:51:24.798-0300] {processor.py:208} INFO - Processing /home/nico/.local/lib/python3.10/site-packages/airflow/example_dags/example_external_task_marker_dag.py took 0.275 seconds
[2024-11-02T22:54:39.301-0300] {processor.py:186} INFO - Started process (PID=221047) to work on /home/nico/.local/lib/python3.10/site-packages/airflow/example_dags/example_external_task_marker_dag.py
[2024-11-02T22:54:39.305-0300] {processor.py:914} INFO - Processing file /home/nico/.local/lib/python3.10/site-packages/airflow/example_dags/example_external_task_marker_dag.py for tasks to queue
[2024-11-02T22:54:39.318-0300] {logging_mixin.py:190} INFO - [2024-11-02T22:54:39.317-0300] {dagbag.py:588} INFO - Filling up the DagBag from /home/nico/.local/lib/python3.10/site-packages/airflow/example_dags/example_external_task_marker_dag.py
[2024-11-02T22:54:39.370-0300] {processor.py:925} INFO - DAG(s) 'example_external_task_marker_parent', 'example_external_task_marker_child' retrieved from /home/nico/.local/lib/python3.10/site-packages/airflow/example_dags/example_external_task_marker_dag.py
[2024-11-02T22:54:39.642-0300] {logging_mixin.py:190} INFO - [2024-11-02T22:54:39.641-0300] {dag.py:3239} INFO - Sync 2 DAGs
[2024-11-02T22:54:39.779-0300] {logging_mixin.py:190} INFO - [2024-11-02T22:54:39.778-0300] {dag.py:4180} INFO - Setting next_dagrun for example_external_task_marker_child to None, run_after=None
[2024-11-02T22:54:39.887-0300] {logging_mixin.py:190} INFO - [2024-11-02T22:54:39.886-0300] {dag.py:4180} INFO - Setting next_dagrun for example_external_task_marker_parent to None, run_after=None
[2024-11-02T22:54:40.242-0300] {processor.py:208} INFO - Processing /home/nico/.local/lib/python3.10/site-packages/airflow/example_dags/example_external_task_marker_dag.py took 0.989 seconds
[2024-11-02T22:57:40.821-0300] {processor.py:186} INFO - Started process (PID=221125) to work on /home/nico/.local/lib/python3.10/site-packages/airflow/example_dags/example_external_task_marker_dag.py
[2024-11-02T22:57:40.823-0300] {processor.py:914} INFO - Processing file /home/nico/.local/lib/python3.10/site-packages/airflow/example_dags/example_external_task_marker_dag.py for tasks to queue
[2024-11-02T22:57:40.827-0300] {logging_mixin.py:190} INFO - [2024-11-02T22:57:40.826-0300] {dagbag.py:588} INFO - Filling up the DagBag from /home/nico/.local/lib/python3.10/site-packages/airflow/example_dags/example_external_task_marker_dag.py
[2024-11-02T22:57:40.844-0300] {processor.py:925} INFO - DAG(s) 'example_external_task_marker_child', 'example_external_task_marker_parent' retrieved from /home/nico/.local/lib/python3.10/site-packages/airflow/example_dags/example_external_task_marker_dag.py
[2024-11-02T22:57:40.908-0300] {logging_mixin.py:190} INFO - [2024-11-02T22:57:40.908-0300] {dag.py:3239} INFO - Sync 2 DAGs
[2024-11-02T22:57:40.944-0300] {logging_mixin.py:190} INFO - [2024-11-02T22:57:40.943-0300] {dag.py:4180} INFO - Setting next_dagrun for example_external_task_marker_child to None, run_after=None
[2024-11-02T22:57:40.954-0300] {logging_mixin.py:190} INFO - [2024-11-02T22:57:40.954-0300] {dag.py:4180} INFO - Setting next_dagrun for example_external_task_marker_parent to None, run_after=None
[2024-11-02T22:57:41.084-0300] {processor.py:208} INFO - Processing /home/nico/.local/lib/python3.10/site-packages/airflow/example_dags/example_external_task_marker_dag.py took 0.277 seconds
[2024-11-02T23:02:55.681-0300] {processor.py:186} INFO - Started process (PID=221278) to work on /home/nico/.local/lib/python3.10/site-packages/airflow/example_dags/example_external_task_marker_dag.py
[2024-11-02T23:02:55.685-0300] {processor.py:914} INFO - Processing file /home/nico/.local/lib/python3.10/site-packages/airflow/example_dags/example_external_task_marker_dag.py for tasks to queue
[2024-11-02T23:02:55.698-0300] {logging_mixin.py:190} INFO - [2024-11-02T23:02:55.689-0300] {dagbag.py:588} INFO - Filling up the DagBag from /home/nico/.local/lib/python3.10/site-packages/airflow/example_dags/example_external_task_marker_dag.py
[2024-11-02T23:02:55.762-0300] {processor.py:925} INFO - DAG(s) 'example_external_task_marker_child', 'example_external_task_marker_parent' retrieved from /home/nico/.local/lib/python3.10/site-packages/airflow/example_dags/example_external_task_marker_dag.py
[2024-11-02T23:02:55.863-0300] {logging_mixin.py:190} INFO - [2024-11-02T23:02:55.862-0300] {dag.py:3239} INFO - Sync 2 DAGs
[2024-11-02T23:02:56.546-0300] {logging_mixin.py:190} INFO - [2024-11-02T23:02:56.538-0300] {dag.py:4180} INFO - Setting next_dagrun for example_external_task_marker_child to None, run_after=None
[2024-11-02T23:02:56.596-0300] {logging_mixin.py:190} INFO - [2024-11-02T23:02:56.595-0300] {dag.py:4180} INFO - Setting next_dagrun for example_external_task_marker_parent to None, run_after=None
[2024-11-02T23:02:56.914-0300] {processor.py:208} INFO - Processing /home/nico/.local/lib/python3.10/site-packages/airflow/example_dags/example_external_task_marker_dag.py took 1.275 seconds
[2024-11-02T23:06:35.042-0300] {processor.py:186} INFO - Started process (PID=221380) to work on /home/nico/.local/lib/python3.10/site-packages/airflow/example_dags/example_external_task_marker_dag.py
[2024-11-02T23:06:35.045-0300] {processor.py:914} INFO - Processing file /home/nico/.local/lib/python3.10/site-packages/airflow/example_dags/example_external_task_marker_dag.py for tasks to queue
[2024-11-02T23:06:35.053-0300] {logging_mixin.py:190} INFO - [2024-11-02T23:06:35.052-0300] {dagbag.py:588} INFO - Filling up the DagBag from /home/nico/.local/lib/python3.10/site-packages/airflow/example_dags/example_external_task_marker_dag.py
[2024-11-02T23:06:35.086-0300] {processor.py:925} INFO - DAG(s) 'example_external_task_marker_child', 'example_external_task_marker_parent' retrieved from /home/nico/.local/lib/python3.10/site-packages/airflow/example_dags/example_external_task_marker_dag.py
[2024-11-02T23:06:35.185-0300] {logging_mixin.py:190} INFO - [2024-11-02T23:06:35.185-0300] {dag.py:3239} INFO - Sync 2 DAGs
[2024-11-02T23:06:35.229-0300] {logging_mixin.py:190} INFO - [2024-11-02T23:06:35.229-0300] {dag.py:4180} INFO - Setting next_dagrun for example_external_task_marker_child to None, run_after=None
[2024-11-02T23:06:35.239-0300] {logging_mixin.py:190} INFO - [2024-11-02T23:06:35.238-0300] {dag.py:4180} INFO - Setting next_dagrun for example_external_task_marker_parent to None, run_after=None
[2024-11-02T23:06:35.354-0300] {processor.py:208} INFO - Processing /home/nico/.local/lib/python3.10/site-packages/airflow/example_dags/example_external_task_marker_dag.py took 0.373 seconds
[2024-11-02T23:09:16.941-0300] {processor.py:186} INFO - Started process (PID=221466) to work on /home/nico/.local/lib/python3.10/site-packages/airflow/example_dags/example_external_task_marker_dag.py
[2024-11-02T23:09:17.019-0300] {processor.py:914} INFO - Processing file /home/nico/.local/lib/python3.10/site-packages/airflow/example_dags/example_external_task_marker_dag.py for tasks to queue
[2024-11-02T23:09:17.047-0300] {logging_mixin.py:190} INFO - [2024-11-02T23:09:17.046-0300] {dagbag.py:588} INFO - Filling up the DagBag from /home/nico/.local/lib/python3.10/site-packages/airflow/example_dags/example_external_task_marker_dag.py
[2024-11-02T23:09:17.120-0300] {processor.py:925} INFO - DAG(s) 'example_external_task_marker_parent', 'example_external_task_marker_child' retrieved from /home/nico/.local/lib/python3.10/site-packages/airflow/example_dags/example_external_task_marker_dag.py
[2024-11-02T23:09:17.450-0300] {logging_mixin.py:190} INFO - [2024-11-02T23:09:17.449-0300] {dag.py:3239} INFO - Sync 2 DAGs
[2024-11-02T23:09:17.511-0300] {logging_mixin.py:190} INFO - [2024-11-02T23:09:17.511-0300] {dag.py:4180} INFO - Setting next_dagrun for example_external_task_marker_child to None, run_after=None
[2024-11-02T23:09:17.539-0300] {logging_mixin.py:190} INFO - [2024-11-02T23:09:17.538-0300] {dag.py:4180} INFO - Setting next_dagrun for example_external_task_marker_parent to None, run_after=None
[2024-11-02T23:09:17.692-0300] {processor.py:208} INFO - Processing /home/nico/.local/lib/python3.10/site-packages/airflow/example_dags/example_external_task_marker_dag.py took 0.794 seconds
[2024-11-02T23:12:07.348-0300] {processor.py:186} INFO - Started process (PID=221553) to work on /home/nico/.local/lib/python3.10/site-packages/airflow/example_dags/example_external_task_marker_dag.py
[2024-11-02T23:12:07.351-0300] {processor.py:914} INFO - Processing file /home/nico/.local/lib/python3.10/site-packages/airflow/example_dags/example_external_task_marker_dag.py for tasks to queue
[2024-11-02T23:12:07.355-0300] {logging_mixin.py:190} INFO - [2024-11-02T23:12:07.354-0300] {dagbag.py:588} INFO - Filling up the DagBag from /home/nico/.local/lib/python3.10/site-packages/airflow/example_dags/example_external_task_marker_dag.py
[2024-11-02T23:12:07.377-0300] {processor.py:925} INFO - DAG(s) 'example_external_task_marker_parent', 'example_external_task_marker_child' retrieved from /home/nico/.local/lib/python3.10/site-packages/airflow/example_dags/example_external_task_marker_dag.py
[2024-11-02T23:12:07.465-0300] {logging_mixin.py:190} INFO - [2024-11-02T23:12:07.464-0300] {dag.py:3239} INFO - Sync 2 DAGs
[2024-11-02T23:12:07.496-0300] {logging_mixin.py:190} INFO - [2024-11-02T23:12:07.496-0300] {dag.py:4180} INFO - Setting next_dagrun for example_external_task_marker_child to None, run_after=None
[2024-11-02T23:12:07.506-0300] {logging_mixin.py:190} INFO - [2024-11-02T23:12:07.505-0300] {dag.py:4180} INFO - Setting next_dagrun for example_external_task_marker_parent to None, run_after=None
[2024-11-02T23:12:07.625-0300] {processor.py:208} INFO - Processing /home/nico/.local/lib/python3.10/site-packages/airflow/example_dags/example_external_task_marker_dag.py took 0.291 seconds
[2024-11-03T00:14:35.009-0300] {processor.py:186} INFO - Started process (PID=221660) to work on /home/nico/.local/lib/python3.10/site-packages/airflow/example_dags/example_external_task_marker_dag.py
[2024-11-03T00:14:35.016-0300] {processor.py:914} INFO - Processing file /home/nico/.local/lib/python3.10/site-packages/airflow/example_dags/example_external_task_marker_dag.py for tasks to queue
[2024-11-03T00:14:35.021-0300] {logging_mixin.py:190} INFO - [2024-11-03T00:14:35.019-0300] {dagbag.py:588} INFO - Filling up the DagBag from /home/nico/.local/lib/python3.10/site-packages/airflow/example_dags/example_external_task_marker_dag.py
[2024-11-03T00:14:35.096-0300] {processor.py:925} INFO - DAG(s) 'example_external_task_marker_parent', 'example_external_task_marker_child' retrieved from /home/nico/.local/lib/python3.10/site-packages/airflow/example_dags/example_external_task_marker_dag.py
[2024-11-03T00:14:35.315-0300] {logging_mixin.py:190} INFO - [2024-11-03T00:14:35.314-0300] {dag.py:3239} INFO - Sync 2 DAGs
[2024-11-03T00:14:35.364-0300] {logging_mixin.py:190} INFO - [2024-11-03T00:14:35.364-0300] {dag.py:4180} INFO - Setting next_dagrun for example_external_task_marker_child to None, run_after=None
[2024-11-03T00:14:35.379-0300] {logging_mixin.py:190} INFO - [2024-11-03T00:14:35.379-0300] {dag.py:4180} INFO - Setting next_dagrun for example_external_task_marker_parent to None, run_after=None
[2024-11-03T00:14:35.530-0300] {processor.py:208} INFO - Processing /home/nico/.local/lib/python3.10/site-packages/airflow/example_dags/example_external_task_marker_dag.py took 0.548 seconds
