[2024-11-02T21:33:46.693-0300] {processor.py:186} INFO - Started process (PID=219969) to work on /home/nico/.local/lib/python3.10/site-packages/airflow/example_dags/tutorial_taskflow_api_virtualenv.py
[2024-11-02T21:33:46.696-0300] {processor.py:914} INFO - Processing file /home/nico/.local/lib/python3.10/site-packages/airflow/example_dags/tutorial_taskflow_api_virtualenv.py for tasks to queue
[2024-11-02T21:33:46.700-0300] {logging_mixin.py:190} INFO - [2024-11-02T21:33:46.698-0300] {dagbag.py:588} INFO - Filling up the DagBag from /home/nico/.local/lib/python3.10/site-packages/airflow/example_dags/tutorial_taskflow_api_virtualenv.py
[2024-11-02T21:33:46.748-0300] {processor.py:925} INFO - DAG(s) 'tutorial_taskflow_api_virtualenv' retrieved from /home/nico/.local/lib/python3.10/site-packages/airflow/example_dags/tutorial_taskflow_api_virtualenv.py
[2024-11-02T21:33:48.015-0300] {logging_mixin.py:190} INFO - [2024-11-02T21:33:48.014-0300] {dag.py:3239} INFO - Sync 1 DAGs
[2024-11-02T21:33:48.051-0300] {logging_mixin.py:190} INFO - [2024-11-02T21:33:48.050-0300] {dag.py:4180} INFO - Setting next_dagrun for tutorial_taskflow_api_virtualenv to None, run_after=None
[2024-11-02T21:33:48.364-0300] {processor.py:208} INFO - Processing /home/nico/.local/lib/python3.10/site-packages/airflow/example_dags/tutorial_taskflow_api_virtualenv.py took 1.690 seconds
[2024-11-02T21:36:38.482-0300] {processor.py:186} INFO - Started process (PID=220067) to work on /home/nico/.local/lib/python3.10/site-packages/airflow/example_dags/tutorial_taskflow_api_virtualenv.py
[2024-11-02T21:36:38.485-0300] {processor.py:914} INFO - Processing file /home/nico/.local/lib/python3.10/site-packages/airflow/example_dags/tutorial_taskflow_api_virtualenv.py for tasks to queue
[2024-11-02T21:36:38.489-0300] {logging_mixin.py:190} INFO - [2024-11-02T21:36:38.488-0300] {dagbag.py:588} INFO - Filling up the DagBag from /home/nico/.local/lib/python3.10/site-packages/airflow/example_dags/tutorial_taskflow_api_virtualenv.py
[2024-11-02T21:36:38.517-0300] {processor.py:925} INFO - DAG(s) 'tutorial_taskflow_api_virtualenv' retrieved from /home/nico/.local/lib/python3.10/site-packages/airflow/example_dags/tutorial_taskflow_api_virtualenv.py
[2024-11-02T21:36:38.580-0300] {logging_mixin.py:190} INFO - [2024-11-02T21:36:38.579-0300] {dag.py:3239} INFO - Sync 1 DAGs
[2024-11-02T21:36:38.626-0300] {logging_mixin.py:190} INFO - [2024-11-02T21:36:38.625-0300] {dag.py:4180} INFO - Setting next_dagrun for tutorial_taskflow_api_virtualenv to None, run_after=None
[2024-11-02T21:36:38.763-0300] {processor.py:208} INFO - Processing /home/nico/.local/lib/python3.10/site-packages/airflow/example_dags/tutorial_taskflow_api_virtualenv.py took 0.301 seconds
[2024-11-02T21:38:59.079-0300] {processor.py:186} INFO - Started process (PID=220124) to work on /home/nico/.local/lib/python3.10/site-packages/airflow/example_dags/tutorial_taskflow_api_virtualenv.py
[2024-11-02T21:38:59.083-0300] {processor.py:914} INFO - Processing file /home/nico/.local/lib/python3.10/site-packages/airflow/example_dags/tutorial_taskflow_api_virtualenv.py for tasks to queue
[2024-11-02T21:38:59.088-0300] {logging_mixin.py:190} INFO - [2024-11-02T21:38:59.087-0300] {dagbag.py:588} INFO - Filling up the DagBag from /home/nico/.local/lib/python3.10/site-packages/airflow/example_dags/tutorial_taskflow_api_virtualenv.py
[2024-11-02T21:38:59.113-0300] {processor.py:925} INFO - DAG(s) 'tutorial_taskflow_api_virtualenv' retrieved from /home/nico/.local/lib/python3.10/site-packages/airflow/example_dags/tutorial_taskflow_api_virtualenv.py
[2024-11-02T21:38:59.167-0300] {logging_mixin.py:190} INFO - [2024-11-02T21:38:59.166-0300] {dag.py:3239} INFO - Sync 1 DAGs
[2024-11-02T21:38:59.207-0300] {logging_mixin.py:190} INFO - [2024-11-02T21:38:59.207-0300] {dag.py:4180} INFO - Setting next_dagrun for tutorial_taskflow_api_virtualenv to None, run_after=None
[2024-11-02T21:38:59.334-0300] {processor.py:208} INFO - Processing /home/nico/.local/lib/python3.10/site-packages/airflow/example_dags/tutorial_taskflow_api_virtualenv.py took 0.282 seconds
[2024-11-02T22:37:28.026-0300] {processor.py:186} INFO - Started process (PID=220632) to work on /home/nico/.local/lib/python3.10/site-packages/airflow/example_dags/tutorial_taskflow_api_virtualenv.py
[2024-11-02T22:37:28.030-0300] {processor.py:914} INFO - Processing file /home/nico/.local/lib/python3.10/site-packages/airflow/example_dags/tutorial_taskflow_api_virtualenv.py for tasks to queue
[2024-11-02T22:37:28.057-0300] {logging_mixin.py:190} INFO - [2024-11-02T22:37:28.055-0300] {dagbag.py:588} INFO - Filling up the DagBag from /home/nico/.local/lib/python3.10/site-packages/airflow/example_dags/tutorial_taskflow_api_virtualenv.py
[2024-11-02T22:37:28.186-0300] {processor.py:925} INFO - DAG(s) 'tutorial_taskflow_api_virtualenv' retrieved from /home/nico/.local/lib/python3.10/site-packages/airflow/example_dags/tutorial_taskflow_api_virtualenv.py
[2024-11-02T22:37:28.940-0300] {logging_mixin.py:190} INFO - [2024-11-02T22:37:28.938-0300] {dag.py:3239} INFO - Sync 1 DAGs
[2024-11-02T22:37:29.006-0300] {logging_mixin.py:190} INFO - [2024-11-02T22:37:29.005-0300] {dag.py:4180} INFO - Setting next_dagrun for tutorial_taskflow_api_virtualenv to None, run_after=None
[2024-11-02T22:37:29.207-0300] {processor.py:208} INFO - Processing /home/nico/.local/lib/python3.10/site-packages/airflow/example_dags/tutorial_taskflow_api_virtualenv.py took 1.230 seconds
[2024-11-02T22:42:52.988-0300] {processor.py:186} INFO - Started process (PID=220730) to work on /home/nico/.local/lib/python3.10/site-packages/airflow/example_dags/tutorial_taskflow_api_virtualenv.py
[2024-11-02T22:42:52.992-0300] {processor.py:914} INFO - Processing file /home/nico/.local/lib/python3.10/site-packages/airflow/example_dags/tutorial_taskflow_api_virtualenv.py for tasks to queue
[2024-11-02T22:42:53.006-0300] {logging_mixin.py:190} INFO - [2024-11-02T22:42:53.005-0300] {dagbag.py:588} INFO - Filling up the DagBag from /home/nico/.local/lib/python3.10/site-packages/airflow/example_dags/tutorial_taskflow_api_virtualenv.py
[2024-11-02T22:42:53.109-0300] {processor.py:925} INFO - DAG(s) 'tutorial_taskflow_api_virtualenv' retrieved from /home/nico/.local/lib/python3.10/site-packages/airflow/example_dags/tutorial_taskflow_api_virtualenv.py
[2024-11-02T22:42:53.350-0300] {logging_mixin.py:190} INFO - [2024-11-02T22:42:53.349-0300] {dag.py:3239} INFO - Sync 1 DAGs
[2024-11-02T22:42:53.471-0300] {logging_mixin.py:190} INFO - [2024-11-02T22:42:53.470-0300] {dag.py:4180} INFO - Setting next_dagrun for tutorial_taskflow_api_virtualenv to None, run_after=None
[2024-11-02T22:42:54.388-0300] {processor.py:208} INFO - Processing /home/nico/.local/lib/python3.10/site-packages/airflow/example_dags/tutorial_taskflow_api_virtualenv.py took 1.433 seconds
[2024-11-02T22:46:31.453-0300] {processor.py:186} INFO - Started process (PID=220813) to work on /home/nico/.local/lib/python3.10/site-packages/airflow/example_dags/tutorial_taskflow_api_virtualenv.py
[2024-11-02T22:46:31.456-0300] {processor.py:914} INFO - Processing file /home/nico/.local/lib/python3.10/site-packages/airflow/example_dags/tutorial_taskflow_api_virtualenv.py for tasks to queue
[2024-11-02T22:46:31.462-0300] {logging_mixin.py:190} INFO - [2024-11-02T22:46:31.460-0300] {dagbag.py:588} INFO - Filling up the DagBag from /home/nico/.local/lib/python3.10/site-packages/airflow/example_dags/tutorial_taskflow_api_virtualenv.py
[2024-11-02T22:46:31.495-0300] {processor.py:925} INFO - DAG(s) 'tutorial_taskflow_api_virtualenv' retrieved from /home/nico/.local/lib/python3.10/site-packages/airflow/example_dags/tutorial_taskflow_api_virtualenv.py
[2024-11-02T22:46:31.557-0300] {logging_mixin.py:190} INFO - [2024-11-02T22:46:31.556-0300] {dag.py:3239} INFO - Sync 1 DAGs
[2024-11-02T22:46:31.592-0300] {logging_mixin.py:190} INFO - [2024-11-02T22:46:31.591-0300] {dag.py:4180} INFO - Setting next_dagrun for tutorial_taskflow_api_virtualenv to None, run_after=None
[2024-11-02T22:46:31.704-0300] {processor.py:208} INFO - Processing /home/nico/.local/lib/python3.10/site-packages/airflow/example_dags/tutorial_taskflow_api_virtualenv.py took 0.276 seconds
[2024-11-02T22:50:35.992-0300] {processor.py:186} INFO - Started process (PID=220923) to work on /home/nico/.local/lib/python3.10/site-packages/airflow/example_dags/tutorial_taskflow_api_virtualenv.py
[2024-11-02T22:50:35.994-0300] {processor.py:914} INFO - Processing file /home/nico/.local/lib/python3.10/site-packages/airflow/example_dags/tutorial_taskflow_api_virtualenv.py for tasks to queue
[2024-11-02T22:50:35.998-0300] {logging_mixin.py:190} INFO - [2024-11-02T22:50:35.997-0300] {dagbag.py:588} INFO - Filling up the DagBag from /home/nico/.local/lib/python3.10/site-packages/airflow/example_dags/tutorial_taskflow_api_virtualenv.py
[2024-11-02T22:50:36.022-0300] {processor.py:925} INFO - DAG(s) 'tutorial_taskflow_api_virtualenv' retrieved from /home/nico/.local/lib/python3.10/site-packages/airflow/example_dags/tutorial_taskflow_api_virtualenv.py
[2024-11-02T22:50:36.072-0300] {logging_mixin.py:190} INFO - [2024-11-02T22:50:36.072-0300] {dag.py:3239} INFO - Sync 1 DAGs
[2024-11-02T22:50:36.104-0300] {logging_mixin.py:190} INFO - [2024-11-02T22:50:36.103-0300] {dag.py:4180} INFO - Setting next_dagrun for tutorial_taskflow_api_virtualenv to None, run_after=None
[2024-11-02T22:50:36.225-0300] {processor.py:208} INFO - Processing /home/nico/.local/lib/python3.10/site-packages/airflow/example_dags/tutorial_taskflow_api_virtualenv.py took 0.248 seconds
[2024-11-02T22:51:54.044-0300] {processor.py:186} INFO - Started process (PID=220967) to work on /home/nico/.local/lib/python3.10/site-packages/airflow/example_dags/tutorial_taskflow_api_virtualenv.py
[2024-11-02T22:51:54.047-0300] {processor.py:914} INFO - Processing file /home/nico/.local/lib/python3.10/site-packages/airflow/example_dags/tutorial_taskflow_api_virtualenv.py for tasks to queue
[2024-11-02T22:51:54.051-0300] {logging_mixin.py:190} INFO - [2024-11-02T22:51:54.050-0300] {dagbag.py:588} INFO - Filling up the DagBag from /home/nico/.local/lib/python3.10/site-packages/airflow/example_dags/tutorial_taskflow_api_virtualenv.py
[2024-11-02T22:51:54.075-0300] {processor.py:925} INFO - DAG(s) 'tutorial_taskflow_api_virtualenv' retrieved from /home/nico/.local/lib/python3.10/site-packages/airflow/example_dags/tutorial_taskflow_api_virtualenv.py
[2024-11-02T22:51:54.135-0300] {logging_mixin.py:190} INFO - [2024-11-02T22:51:54.135-0300] {dag.py:3239} INFO - Sync 1 DAGs
[2024-11-02T22:51:54.180-0300] {logging_mixin.py:190} INFO - [2024-11-02T22:51:54.179-0300] {dag.py:4180} INFO - Setting next_dagrun for tutorial_taskflow_api_virtualenv to None, run_after=None
[2024-11-02T22:51:54.315-0300] {processor.py:208} INFO - Processing /home/nico/.local/lib/python3.10/site-packages/airflow/example_dags/tutorial_taskflow_api_virtualenv.py took 0.284 seconds
[2024-11-02T22:53:14.400-0300] {processor.py:186} INFO - Started process (PID=221012) to work on /home/nico/.local/lib/python3.10/site-packages/airflow/example_dags/tutorial_taskflow_api_virtualenv.py
[2024-11-02T22:53:14.403-0300] {processor.py:914} INFO - Processing file /home/nico/.local/lib/python3.10/site-packages/airflow/example_dags/tutorial_taskflow_api_virtualenv.py for tasks to queue
[2024-11-02T22:53:14.411-0300] {logging_mixin.py:190} INFO - [2024-11-02T22:53:14.410-0300] {dagbag.py:588} INFO - Filling up the DagBag from /home/nico/.local/lib/python3.10/site-packages/airflow/example_dags/tutorial_taskflow_api_virtualenv.py
[2024-11-02T22:53:14.454-0300] {processor.py:925} INFO - DAG(s) 'tutorial_taskflow_api_virtualenv' retrieved from /home/nico/.local/lib/python3.10/site-packages/airflow/example_dags/tutorial_taskflow_api_virtualenv.py
[2024-11-02T22:53:14.527-0300] {logging_mixin.py:190} INFO - [2024-11-02T22:53:14.526-0300] {dag.py:3239} INFO - Sync 1 DAGs
[2024-11-02T22:53:14.583-0300] {logging_mixin.py:190} INFO - [2024-11-02T22:53:14.582-0300] {dag.py:4180} INFO - Setting next_dagrun for tutorial_taskflow_api_virtualenv to None, run_after=None
[2024-11-02T22:53:14.717-0300] {processor.py:208} INFO - Processing /home/nico/.local/lib/python3.10/site-packages/airflow/example_dags/tutorial_taskflow_api_virtualenv.py took 0.337 seconds
[2024-11-02T22:56:18.284-0300] {processor.py:186} INFO - Started process (PID=221075) to work on /home/nico/.local/lib/python3.10/site-packages/airflow/example_dags/tutorial_taskflow_api_virtualenv.py
[2024-11-02T22:56:18.288-0300] {processor.py:914} INFO - Processing file /home/nico/.local/lib/python3.10/site-packages/airflow/example_dags/tutorial_taskflow_api_virtualenv.py for tasks to queue
[2024-11-02T22:56:18.297-0300] {logging_mixin.py:190} INFO - [2024-11-02T22:56:18.295-0300] {dagbag.py:588} INFO - Filling up the DagBag from /home/nico/.local/lib/python3.10/site-packages/airflow/example_dags/tutorial_taskflow_api_virtualenv.py
[2024-11-02T22:56:18.360-0300] {processor.py:925} INFO - DAG(s) 'tutorial_taskflow_api_virtualenv' retrieved from /home/nico/.local/lib/python3.10/site-packages/airflow/example_dags/tutorial_taskflow_api_virtualenv.py
[2024-11-02T22:56:18.426-0300] {logging_mixin.py:190} INFO - [2024-11-02T22:56:18.425-0300] {dag.py:3239} INFO - Sync 1 DAGs
[2024-11-02T22:56:18.457-0300] {logging_mixin.py:190} INFO - [2024-11-02T22:56:18.457-0300] {dag.py:4180} INFO - Setting next_dagrun for tutorial_taskflow_api_virtualenv to None, run_after=None
[2024-11-02T22:56:18.570-0300] {processor.py:208} INFO - Processing /home/nico/.local/lib/python3.10/site-packages/airflow/example_dags/tutorial_taskflow_api_virtualenv.py took 0.318 seconds
[2024-11-02T23:00:36.239-0300] {processor.py:186} INFO - Started process (PID=221196) to work on /home/nico/.local/lib/python3.10/site-packages/airflow/example_dags/tutorial_taskflow_api_virtualenv.py
[2024-11-02T23:00:36.241-0300] {processor.py:914} INFO - Processing file /home/nico/.local/lib/python3.10/site-packages/airflow/example_dags/tutorial_taskflow_api_virtualenv.py for tasks to queue
[2024-11-02T23:00:36.244-0300] {logging_mixin.py:190} INFO - [2024-11-02T23:00:36.243-0300] {dagbag.py:588} INFO - Filling up the DagBag from /home/nico/.local/lib/python3.10/site-packages/airflow/example_dags/tutorial_taskflow_api_virtualenv.py
[2024-11-02T23:00:36.273-0300] {processor.py:925} INFO - DAG(s) 'tutorial_taskflow_api_virtualenv' retrieved from /home/nico/.local/lib/python3.10/site-packages/airflow/example_dags/tutorial_taskflow_api_virtualenv.py
[2024-11-02T23:00:36.336-0300] {logging_mixin.py:190} INFO - [2024-11-02T23:00:36.336-0300] {dag.py:3239} INFO - Sync 1 DAGs
[2024-11-02T23:00:36.381-0300] {logging_mixin.py:190} INFO - [2024-11-02T23:00:36.380-0300] {dag.py:4180} INFO - Setting next_dagrun for tutorial_taskflow_api_virtualenv to None, run_after=None
[2024-11-02T23:00:36.592-0300] {processor.py:208} INFO - Processing /home/nico/.local/lib/python3.10/site-packages/airflow/example_dags/tutorial_taskflow_api_virtualenv.py took 0.370 seconds
[2024-11-02T23:03:26.545-0300] {processor.py:186} INFO - Started process (PID=221292) to work on /home/nico/.local/lib/python3.10/site-packages/airflow/example_dags/tutorial_taskflow_api_virtualenv.py
[2024-11-02T23:03:26.548-0300] {processor.py:914} INFO - Processing file /home/nico/.local/lib/python3.10/site-packages/airflow/example_dags/tutorial_taskflow_api_virtualenv.py for tasks to queue
[2024-11-02T23:03:26.551-0300] {logging_mixin.py:190} INFO - [2024-11-02T23:03:26.550-0300] {dagbag.py:588} INFO - Filling up the DagBag from /home/nico/.local/lib/python3.10/site-packages/airflow/example_dags/tutorial_taskflow_api_virtualenv.py
[2024-11-02T23:03:26.584-0300] {processor.py:925} INFO - DAG(s) 'tutorial_taskflow_api_virtualenv' retrieved from /home/nico/.local/lib/python3.10/site-packages/airflow/example_dags/tutorial_taskflow_api_virtualenv.py
[2024-11-02T23:03:26.634-0300] {logging_mixin.py:190} INFO - [2024-11-02T23:03:26.633-0300] {dag.py:3239} INFO - Sync 1 DAGs
[2024-11-02T23:03:26.664-0300] {logging_mixin.py:190} INFO - [2024-11-02T23:03:26.664-0300] {dag.py:4180} INFO - Setting next_dagrun for tutorial_taskflow_api_virtualenv to None, run_after=None
[2024-11-02T23:03:26.778-0300] {processor.py:208} INFO - Processing /home/nico/.local/lib/python3.10/site-packages/airflow/example_dags/tutorial_taskflow_api_virtualenv.py took 0.247 seconds
[2024-11-02T23:05:07.145-0300] {processor.py:186} INFO - Started process (PID=221339) to work on /home/nico/.local/lib/python3.10/site-packages/airflow/example_dags/tutorial_taskflow_api_virtualenv.py
[2024-11-02T23:05:07.147-0300] {processor.py:914} INFO - Processing file /home/nico/.local/lib/python3.10/site-packages/airflow/example_dags/tutorial_taskflow_api_virtualenv.py for tasks to queue
[2024-11-02T23:05:07.151-0300] {logging_mixin.py:190} INFO - [2024-11-02T23:05:07.150-0300] {dagbag.py:588} INFO - Filling up the DagBag from /home/nico/.local/lib/python3.10/site-packages/airflow/example_dags/tutorial_taskflow_api_virtualenv.py
[2024-11-02T23:05:07.177-0300] {processor.py:925} INFO - DAG(s) 'tutorial_taskflow_api_virtualenv' retrieved from /home/nico/.local/lib/python3.10/site-packages/airflow/example_dags/tutorial_taskflow_api_virtualenv.py
[2024-11-02T23:05:07.241-0300] {logging_mixin.py:190} INFO - [2024-11-02T23:05:07.241-0300] {dag.py:3239} INFO - Sync 1 DAGs
[2024-11-02T23:05:07.285-0300] {logging_mixin.py:190} INFO - [2024-11-02T23:05:07.284-0300] {dag.py:4180} INFO - Setting next_dagrun for tutorial_taskflow_api_virtualenv to None, run_after=None
[2024-11-02T23:05:07.740-0300] {processor.py:208} INFO - Processing /home/nico/.local/lib/python3.10/site-packages/airflow/example_dags/tutorial_taskflow_api_virtualenv.py took 0.610 seconds
[2024-11-02T23:07:04.816-0300] {processor.py:186} INFO - Started process (PID=221394) to work on /home/nico/.local/lib/python3.10/site-packages/airflow/example_dags/tutorial_taskflow_api_virtualenv.py
[2024-11-02T23:07:04.833-0300] {processor.py:914} INFO - Processing file /home/nico/.local/lib/python3.10/site-packages/airflow/example_dags/tutorial_taskflow_api_virtualenv.py for tasks to queue
[2024-11-02T23:07:04.843-0300] {logging_mixin.py:190} INFO - [2024-11-02T23:07:04.839-0300] {dagbag.py:588} INFO - Filling up the DagBag from /home/nico/.local/lib/python3.10/site-packages/airflow/example_dags/tutorial_taskflow_api_virtualenv.py
[2024-11-02T23:07:04.917-0300] {processor.py:925} INFO - DAG(s) 'tutorial_taskflow_api_virtualenv' retrieved from /home/nico/.local/lib/python3.10/site-packages/airflow/example_dags/tutorial_taskflow_api_virtualenv.py
[2024-11-02T23:07:05.012-0300] {logging_mixin.py:190} INFO - [2024-11-02T23:07:05.011-0300] {dag.py:3239} INFO - Sync 1 DAGs
[2024-11-02T23:07:05.056-0300] {logging_mixin.py:190} INFO - [2024-11-02T23:07:05.056-0300] {dag.py:4180} INFO - Setting next_dagrun for tutorial_taskflow_api_virtualenv to None, run_after=None
[2024-11-02T23:07:05.179-0300] {processor.py:208} INFO - Processing /home/nico/.local/lib/python3.10/site-packages/airflow/example_dags/tutorial_taskflow_api_virtualenv.py took 0.403 seconds
[2024-11-02T23:08:24.765-0300] {processor.py:186} INFO - Started process (PID=221437) to work on /home/nico/.local/lib/python3.10/site-packages/airflow/example_dags/tutorial_taskflow_api_virtualenv.py
[2024-11-02T23:08:24.769-0300] {processor.py:914} INFO - Processing file /home/nico/.local/lib/python3.10/site-packages/airflow/example_dags/tutorial_taskflow_api_virtualenv.py for tasks to queue
[2024-11-02T23:08:24.782-0300] {logging_mixin.py:190} INFO - [2024-11-02T23:08:24.780-0300] {dagbag.py:588} INFO - Filling up the DagBag from /home/nico/.local/lib/python3.10/site-packages/airflow/example_dags/tutorial_taskflow_api_virtualenv.py
[2024-11-02T23:08:24.847-0300] {processor.py:925} INFO - DAG(s) 'tutorial_taskflow_api_virtualenv' retrieved from /home/nico/.local/lib/python3.10/site-packages/airflow/example_dags/tutorial_taskflow_api_virtualenv.py
[2024-11-02T23:08:24.916-0300] {logging_mixin.py:190} INFO - [2024-11-02T23:08:24.915-0300] {dag.py:3239} INFO - Sync 1 DAGs
[2024-11-02T23:08:24.956-0300] {logging_mixin.py:190} INFO - [2024-11-02T23:08:24.956-0300] {dag.py:4180} INFO - Setting next_dagrun for tutorial_taskflow_api_virtualenv to None, run_after=None
[2024-11-02T23:08:25.083-0300] {processor.py:208} INFO - Processing /home/nico/.local/lib/python3.10/site-packages/airflow/example_dags/tutorial_taskflow_api_virtualenv.py took 0.346 seconds
[2024-11-02T23:09:48.783-0300] {processor.py:186} INFO - Started process (PID=221480) to work on /home/nico/.local/lib/python3.10/site-packages/airflow/example_dags/tutorial_taskflow_api_virtualenv.py
[2024-11-02T23:09:48.787-0300] {processor.py:914} INFO - Processing file /home/nico/.local/lib/python3.10/site-packages/airflow/example_dags/tutorial_taskflow_api_virtualenv.py for tasks to queue
[2024-11-02T23:09:48.790-0300] {logging_mixin.py:190} INFO - [2024-11-02T23:09:48.789-0300] {dagbag.py:588} INFO - Filling up the DagBag from /home/nico/.local/lib/python3.10/site-packages/airflow/example_dags/tutorial_taskflow_api_virtualenv.py
[2024-11-02T23:09:48.816-0300] {processor.py:925} INFO - DAG(s) 'tutorial_taskflow_api_virtualenv' retrieved from /home/nico/.local/lib/python3.10/site-packages/airflow/example_dags/tutorial_taskflow_api_virtualenv.py
[2024-11-02T23:09:48.877-0300] {logging_mixin.py:190} INFO - [2024-11-02T23:09:48.876-0300] {dag.py:3239} INFO - Sync 1 DAGs
[2024-11-02T23:09:48.912-0300] {logging_mixin.py:190} INFO - [2024-11-02T23:09:48.912-0300] {dag.py:4180} INFO - Setting next_dagrun for tutorial_taskflow_api_virtualenv to None, run_after=None
[2024-11-02T23:09:49.034-0300] {processor.py:208} INFO - Processing /home/nico/.local/lib/python3.10/site-packages/airflow/example_dags/tutorial_taskflow_api_virtualenv.py took 0.270 seconds
[2024-11-02T23:11:14.574-0300] {processor.py:186} INFO - Started process (PID=221524) to work on /home/nico/.local/lib/python3.10/site-packages/airflow/example_dags/tutorial_taskflow_api_virtualenv.py
[2024-11-02T23:11:14.577-0300] {processor.py:914} INFO - Processing file /home/nico/.local/lib/python3.10/site-packages/airflow/example_dags/tutorial_taskflow_api_virtualenv.py for tasks to queue
[2024-11-02T23:11:14.580-0300] {logging_mixin.py:190} INFO - [2024-11-02T23:11:14.579-0300] {dagbag.py:588} INFO - Filling up the DagBag from /home/nico/.local/lib/python3.10/site-packages/airflow/example_dags/tutorial_taskflow_api_virtualenv.py
[2024-11-02T23:11:14.604-0300] {processor.py:925} INFO - DAG(s) 'tutorial_taskflow_api_virtualenv' retrieved from /home/nico/.local/lib/python3.10/site-packages/airflow/example_dags/tutorial_taskflow_api_virtualenv.py
[2024-11-02T23:11:14.655-0300] {logging_mixin.py:190} INFO - [2024-11-02T23:11:14.654-0300] {dag.py:3239} INFO - Sync 1 DAGs
[2024-11-02T23:11:14.695-0300] {logging_mixin.py:190} INFO - [2024-11-02T23:11:14.694-0300] {dag.py:4180} INFO - Setting next_dagrun for tutorial_taskflow_api_virtualenv to None, run_after=None
[2024-11-02T23:11:14.820-0300] {processor.py:208} INFO - Processing /home/nico/.local/lib/python3.10/site-packages/airflow/example_dags/tutorial_taskflow_api_virtualenv.py took 0.258 seconds
[2024-11-02T23:12:40.257-0300] {processor.py:186} INFO - Started process (PID=221571) to work on /home/nico/.local/lib/python3.10/site-packages/airflow/example_dags/tutorial_taskflow_api_virtualenv.py
[2024-11-02T23:12:40.262-0300] {processor.py:914} INFO - Processing file /home/nico/.local/lib/python3.10/site-packages/airflow/example_dags/tutorial_taskflow_api_virtualenv.py for tasks to queue
[2024-11-02T23:12:40.265-0300] {logging_mixin.py:190} INFO - [2024-11-02T23:12:40.265-0300] {dagbag.py:588} INFO - Filling up the DagBag from /home/nico/.local/lib/python3.10/site-packages/airflow/example_dags/tutorial_taskflow_api_virtualenv.py
[2024-11-02T23:12:40.312-0300] {processor.py:925} INFO - DAG(s) 'tutorial_taskflow_api_virtualenv' retrieved from /home/nico/.local/lib/python3.10/site-packages/airflow/example_dags/tutorial_taskflow_api_virtualenv.py
[2024-11-02T23:12:40.756-0300] {logging_mixin.py:190} INFO - [2024-11-02T23:12:40.755-0300] {dag.py:3239} INFO - Sync 1 DAGs
[2024-11-02T23:12:40.912-0300] {logging_mixin.py:190} INFO - [2024-11-02T23:12:40.912-0300] {dag.py:4180} INFO - Setting next_dagrun for tutorial_taskflow_api_virtualenv to None, run_after=None
[2024-11-02T23:12:41.244-0300] {processor.py:208} INFO - Processing /home/nico/.local/lib/python3.10/site-packages/airflow/example_dags/tutorial_taskflow_api_virtualenv.py took 1.003 seconds
[2024-11-03T00:13:10.766-0300] {processor.py:186} INFO - Started process (PID=221629) to work on /home/nico/.local/lib/python3.10/site-packages/airflow/example_dags/tutorial_taskflow_api_virtualenv.py
[2024-11-03T00:13:10.779-0300] {processor.py:914} INFO - Processing file /home/nico/.local/lib/python3.10/site-packages/airflow/example_dags/tutorial_taskflow_api_virtualenv.py for tasks to queue
[2024-11-03T00:13:10.785-0300] {logging_mixin.py:190} INFO - [2024-11-03T00:13:10.784-0300] {dagbag.py:588} INFO - Filling up the DagBag from /home/nico/.local/lib/python3.10/site-packages/airflow/example_dags/tutorial_taskflow_api_virtualenv.py
[2024-11-03T00:13:10.860-0300] {processor.py:925} INFO - DAG(s) 'tutorial_taskflow_api_virtualenv' retrieved from /home/nico/.local/lib/python3.10/site-packages/airflow/example_dags/tutorial_taskflow_api_virtualenv.py
[2024-11-03T00:13:11.048-0300] {logging_mixin.py:190} INFO - [2024-11-03T00:13:11.047-0300] {dag.py:3239} INFO - Sync 1 DAGs
[2024-11-03T00:13:11.137-0300] {logging_mixin.py:190} INFO - [2024-11-03T00:13:11.136-0300] {dag.py:4180} INFO - Setting next_dagrun for tutorial_taskflow_api_virtualenv to None, run_after=None
[2024-11-03T00:13:11.368-0300] {processor.py:208} INFO - Processing /home/nico/.local/lib/python3.10/site-packages/airflow/example_dags/tutorial_taskflow_api_virtualenv.py took 0.654 seconds
[2024-11-03T00:15:06.266-0300] {processor.py:186} INFO - Started process (PID=221676) to work on /home/nico/.local/lib/python3.10/site-packages/airflow/example_dags/tutorial_taskflow_api_virtualenv.py
[2024-11-03T00:15:06.268-0300] {processor.py:914} INFO - Processing file /home/nico/.local/lib/python3.10/site-packages/airflow/example_dags/tutorial_taskflow_api_virtualenv.py for tasks to queue
[2024-11-03T00:15:06.271-0300] {logging_mixin.py:190} INFO - [2024-11-03T00:15:06.271-0300] {dagbag.py:588} INFO - Filling up the DagBag from /home/nico/.local/lib/python3.10/site-packages/airflow/example_dags/tutorial_taskflow_api_virtualenv.py
[2024-11-03T00:15:06.299-0300] {processor.py:925} INFO - DAG(s) 'tutorial_taskflow_api_virtualenv' retrieved from /home/nico/.local/lib/python3.10/site-packages/airflow/example_dags/tutorial_taskflow_api_virtualenv.py
[2024-11-03T00:15:06.367-0300] {logging_mixin.py:190} INFO - [2024-11-03T00:15:06.366-0300] {dag.py:3239} INFO - Sync 1 DAGs
[2024-11-03T00:15:06.414-0300] {logging_mixin.py:190} INFO - [2024-11-03T00:15:06.413-0300] {dag.py:4180} INFO - Setting next_dagrun for tutorial_taskflow_api_virtualenv to None, run_after=None
[2024-11-03T00:15:06.556-0300] {processor.py:208} INFO - Processing /home/nico/.local/lib/python3.10/site-packages/airflow/example_dags/tutorial_taskflow_api_virtualenv.py took 0.310 seconds
