[2024-10-31T01:21:15.171-0300] {local_task_job_runner.py:123} INFO - ::group::Pre task execution logs
[2024-10-31T01:21:15.644-0300] {taskinstance.py:2612} INFO - Dependencies all met for dep_context=non-requeueable deps ti=<TaskInstance: etl_redshift_dag_variables_bcra.extract_data scheduled__2024-10-30T00:01:00+00:00 [queued]>
[2024-10-31T01:21:15.788-0300] {taskinstance.py:2612} INFO - Dependencies all met for dep_context=requeueable deps ti=<TaskInstance: etl_redshift_dag_variables_bcra.extract_data scheduled__2024-10-30T00:01:00+00:00 [queued]>
[2024-10-31T01:21:15.799-0300] {taskinstance.py:2865} INFO - Starting attempt 3 of 3
[2024-10-31T01:21:16.126-0300] {taskinstance.py:2888} INFO - Executing <Task(PythonOperator): extract_data> on 2024-10-30 00:01:00+00:00
[2024-10-31T01:21:16.143-0300] {standard_task_runner.py:72} INFO - Started process 121819 to run task
[2024-10-31T01:21:16.176-0300] {standard_task_runner.py:104} INFO - Running: ['airflow', 'tasks', 'run', 'etl_redshift_dag_variables_bcra', 'extract_data', 'scheduled__2024-10-30T00:01:00+00:00', '--job-id', '287', '--raw', '--subdir', 'DAGS_FOLDER/dag_variables_bcra.py', '--cfg-path', '/tmp/tmps701dnrs']
[2024-10-31T01:21:16.190-0300] {standard_task_runner.py:105} INFO - Job 287: Subtask extract_data
[2024-10-31T01:21:16.665-0300] {task_command.py:467} INFO - Running <TaskInstance: etl_redshift_dag_variables_bcra.extract_data scheduled__2024-10-30T00:01:00+00:00 [running]> on host DESKTOP-MVFODGC.
[2024-10-31T01:21:18.482-0300] {taskinstance.py:3131} INFO - Exporting env vars: AIRFLOW_CTX_DAG_OWNER='airflow' AIRFLOW_CTX_DAG_ID='etl_redshift_dag_variables_bcra' AIRFLOW_CTX_TASK_ID='extract_data' AIRFLOW_CTX_EXECUTION_DATE='2024-10-30T00:01:00+00:00' AIRFLOW_CTX_TRY_NUMBER='3' AIRFLOW_CTX_DAG_RUN_ID='scheduled__2024-10-30T00:01:00+00:00'
[2024-10-31T01:21:18.499-0300] {logging_mixin.py:190} INFO - Task instance is in running state
[2024-10-31T01:21:18.521-0300] {logging_mixin.py:190} INFO -  Previous state of the Task instance: queued
[2024-10-31T01:21:18.574-0300] {logging_mixin.py:190} INFO - Current task name:extract_data state:running start_date:2024-10-31 04:21:15.671820+00:00
[2024-10-31T01:21:18.596-0300] {logging_mixin.py:190} INFO - Dag name:etl_redshift_dag_variables_bcra and current dag run status:running
[2024-10-31T01:21:18.608-0300] {taskinstance.py:731} INFO - ::endgroup::
[2024-10-31T01:21:18.807-0300] {logging_mixin.py:190} WARNING - /home/nico/.local/lib/python3.10/site-packages/urllib3/connectionpool.py:1099 InsecureRequestWarning: Unverified HTTPS request is being made to host 'api.bcra.gob.ar'. Adding certificate verification is strongly advised. See: https://urllib3.readthedocs.io/en/latest/advanced-usage.html#tls-warnings
[2024-10-31T01:21:18.853-0300] {taskinstance.py:3310} ERROR - Task failed with exception
Traceback (most recent call last):
  File "/home/nico/.local/lib/python3.10/site-packages/airflow/models/taskinstance.py", line 767, in _execute_task
    result = _execute_callable(context=context, **execute_callable_kwargs)
  File "/home/nico/.local/lib/python3.10/site-packages/airflow/models/taskinstance.py", line 733, in _execute_callable
    return ExecutionCallableRunner(
  File "/home/nico/.local/lib/python3.10/site-packages/airflow/utils/operator_helpers.py", line 252, in run
    return self.func(*args, **kwargs)
  File "/home/nico/.local/lib/python3.10/site-packages/airflow/models/baseoperator.py", line 406, in wrapper
    return func(self, *args, **kwargs)
  File "/home/nico/.local/lib/python3.10/site-packages/airflow/operators/python.py", line 238, in execute
    return_value = self.execute_callable()
  File "/home/nico/.local/lib/python3.10/site-packages/airflow/operators/python.py", line 256, in execute_callable
    return runner.run(*self.op_args, **self.op_kwargs)
  File "/home/nico/.local/lib/python3.10/site-packages/airflow/utils/operator_helpers.py", line 252, in run
    return self.func(*args, **kwargs)
  File "/mnt/c/Users/Nicolas/OneDrive - BCRA/Cursos/Python Data Application (ITBA)/variables-economicas/dags/dag_variables_bcra.py", line 45, in extract_task_callable
    df = extract_data(execution_date, variables_ids)
  File "/mnt/c/Users/Nicolas/OneDrive - BCRA/Cursos/Python Data Application (ITBA)/variables-economicas/dags/../scripts/extract_data.py", line 31, in extract_data
    raise Exception(f"Error en la solicitud a la API. Código error: {response.status_code}")
Exception: Error en la solicitud a la API. Código error: 404
[2024-10-31T01:21:19.001-0300] {logging_mixin.py:190} INFO - Task instance in failure state
[2024-10-31T01:21:19.009-0300] {logging_mixin.py:190} INFO - Task start:2024-10-31 04:21:15.671820+00:00 end:2024-10-31 04:21:18.998685+00:00 duration:3.326865
[2024-10-31T01:21:19.021-0300] {logging_mixin.py:190} INFO - Task:<Task(PythonOperator): extract_data> dag:<DAG: etl_redshift_dag_variables_bcra> dagrun:<DagRun etl_redshift_dag_variables_bcra @ 2024-10-30 00:01:00+00:00: scheduled__2024-10-30T00:01:00+00:00, state:running, queued_at: 2024-10-31 04:09:31.999236+00:00. externally triggered: False>
[2024-10-31T01:21:19.032-0300] {logging_mixin.py:190} INFO - Failure caused by Error en la solicitud a la API. Código error: 404
[2024-10-31T01:21:19.036-0300] {taskinstance.py:1225} INFO - Marking task as FAILED. dag_id=etl_redshift_dag_variables_bcra, task_id=extract_data, run_id=scheduled__2024-10-30T00:01:00+00:00, execution_date=20241030T000100, start_date=20241031T042115, end_date=20241031T042118
[2024-10-31T01:21:19.198-0300] {taskinstance.py:340} INFO - ::group::Post task execution logs
[2024-10-31T01:21:19.202-0300] {standard_task_runner.py:124} ERROR - Failed to execute job 287 for task extract_data (Error en la solicitud a la API. Código error: 404; 121819)
Traceback (most recent call last):
  File "/home/nico/.local/lib/python3.10/site-packages/airflow/task/task_runner/standard_task_runner.py", line 117, in _start_by_fork
    ret = args.func(args, dag=self.dag)
  File "/home/nico/.local/lib/python3.10/site-packages/airflow/cli/cli_config.py", line 49, in command
    return func(*args, **kwargs)
  File "/home/nico/.local/lib/python3.10/site-packages/airflow/utils/cli.py", line 115, in wrapper
    return f(*args, **kwargs)
  File "/home/nico/.local/lib/python3.10/site-packages/airflow/cli/commands/task_command.py", line 483, in task_run
    task_return_code = _run_task_by_selected_method(args, _dag, ti)
  File "/home/nico/.local/lib/python3.10/site-packages/airflow/cli/commands/task_command.py", line 256, in _run_task_by_selected_method
    return _run_raw_task(args, ti)
  File "/home/nico/.local/lib/python3.10/site-packages/airflow/cli/commands/task_command.py", line 341, in _run_raw_task
    return ti._run_raw_task(
  File "/home/nico/.local/lib/python3.10/site-packages/airflow/utils/session.py", line 97, in wrapper
    return func(*args, session=session, **kwargs)
  File "/home/nico/.local/lib/python3.10/site-packages/airflow/models/taskinstance.py", line 3004, in _run_raw_task
    return _run_raw_task(
  File "/home/nico/.local/lib/python3.10/site-packages/airflow/models/taskinstance.py", line 273, in _run_raw_task
    TaskInstance._execute_task_with_callbacks(
  File "/home/nico/.local/lib/python3.10/site-packages/airflow/models/taskinstance.py", line 3158, in _execute_task_with_callbacks
    result = self._execute_task(context, task_orig)
  File "/home/nico/.local/lib/python3.10/site-packages/airflow/models/taskinstance.py", line 3182, in _execute_task
    return _execute_task(self, context, task_orig)
  File "/home/nico/.local/lib/python3.10/site-packages/airflow/models/taskinstance.py", line 767, in _execute_task
    result = _execute_callable(context=context, **execute_callable_kwargs)
  File "/home/nico/.local/lib/python3.10/site-packages/airflow/models/taskinstance.py", line 733, in _execute_callable
    return ExecutionCallableRunner(
  File "/home/nico/.local/lib/python3.10/site-packages/airflow/utils/operator_helpers.py", line 252, in run
    return self.func(*args, **kwargs)
  File "/home/nico/.local/lib/python3.10/site-packages/airflow/models/baseoperator.py", line 406, in wrapper
    return func(self, *args, **kwargs)
  File "/home/nico/.local/lib/python3.10/site-packages/airflow/operators/python.py", line 238, in execute
    return_value = self.execute_callable()
  File "/home/nico/.local/lib/python3.10/site-packages/airflow/operators/python.py", line 256, in execute_callable
    return runner.run(*self.op_args, **self.op_kwargs)
  File "/home/nico/.local/lib/python3.10/site-packages/airflow/utils/operator_helpers.py", line 252, in run
    return self.func(*args, **kwargs)
  File "/mnt/c/Users/Nicolas/OneDrive - BCRA/Cursos/Python Data Application (ITBA)/variables-economicas/dags/dag_variables_bcra.py", line 45, in extract_task_callable
    df = extract_data(execution_date, variables_ids)
  File "/mnt/c/Users/Nicolas/OneDrive - BCRA/Cursos/Python Data Application (ITBA)/variables-economicas/dags/../scripts/extract_data.py", line 31, in extract_data
    raise Exception(f"Error en la solicitud a la API. Código error: {response.status_code}")
Exception: Error en la solicitud a la API. Código error: 404
[2024-10-31T01:21:19.293-0300] {local_task_job_runner.py:266} INFO - Task exited with return code 1
[2024-10-31T01:21:19.453-0300] {taskinstance.py:3900} INFO - 0 downstream tasks scheduled from follow-on schedule check
[2024-10-31T01:21:19.535-0300] {local_task_job_runner.py:245} INFO - ::endgroup::
