[2024-10-31T01:42:12.248-0300] {local_task_job_runner.py:123} INFO - ::group::Pre task execution logs
[2024-10-31T01:42:12.290-0300] {taskinstance.py:2612} INFO - Dependencies all met for dep_context=non-requeueable deps ti=<TaskInstance: etl_redshift_dag_variables_bcra.extract_data scheduled__2024-10-30T00:01:00+00:00 [queued]>
[2024-10-31T01:42:12.349-0300] {taskinstance.py:2612} INFO - Dependencies all met for dep_context=requeueable deps ti=<TaskInstance: etl_redshift_dag_variables_bcra.extract_data scheduled__2024-10-30T00:01:00+00:00 [queued]>
[2024-10-31T01:42:12.351-0300] {taskinstance.py:2865} INFO - Starting attempt 4 of 5
[2024-10-31T01:42:12.546-0300] {taskinstance.py:2888} INFO - Executing <Task(PythonOperator): extract_data> on 2024-10-30 00:01:00+00:00
[2024-10-31T01:42:12.578-0300] {standard_task_runner.py:72} INFO - Started process 127149 to run task
[2024-10-31T01:42:12.600-0300] {standard_task_runner.py:104} INFO - Running: ['airflow', 'tasks', 'run', 'etl_redshift_dag_variables_bcra', 'extract_data', 'scheduled__2024-10-30T00:01:00+00:00', '--job-id', '303', '--raw', '--subdir', 'DAGS_FOLDER/dag_variables_bcra.py', '--cfg-path', '/tmp/tmpzemgf42x']
[2024-10-31T01:42:12.633-0300] {standard_task_runner.py:105} INFO - Job 303: Subtask extract_data
[2024-10-31T01:42:13.544-0300] {task_command.py:467} INFO - Running <TaskInstance: etl_redshift_dag_variables_bcra.extract_data scheduled__2024-10-30T00:01:00+00:00 [running]> on host DESKTOP-MVFODGC.
[2024-10-31T01:42:14.305-0300] {taskinstance.py:3131} INFO - Exporting env vars: AIRFLOW_CTX_DAG_OWNER='airflow' AIRFLOW_CTX_DAG_ID='etl_redshift_dag_variables_bcra' AIRFLOW_CTX_TASK_ID='extract_data' AIRFLOW_CTX_EXECUTION_DATE='2024-10-30T00:01:00+00:00' AIRFLOW_CTX_TRY_NUMBER='4' AIRFLOW_CTX_DAG_RUN_ID='scheduled__2024-10-30T00:01:00+00:00'
[2024-10-31T01:42:14.310-0300] {logging_mixin.py:190} INFO - Task instance is in running state
[2024-10-31T01:42:14.317-0300] {logging_mixin.py:190} INFO -  Previous state of the Task instance: queued
[2024-10-31T01:42:14.320-0300] {logging_mixin.py:190} INFO - Current task name:extract_data state:running start_date:2024-10-31 04:42:12.293281+00:00
[2024-10-31T01:42:14.326-0300] {logging_mixin.py:190} INFO - Dag name:etl_redshift_dag_variables_bcra and current dag run status:running
[2024-10-31T01:42:14.329-0300] {taskinstance.py:731} INFO - ::endgroup::
[2024-10-31T01:42:14.492-0300] {logging_mixin.py:190} WARNING - /home/nico/.local/lib/python3.10/site-packages/urllib3/connectionpool.py:1099 InsecureRequestWarning: Unverified HTTPS request is being made to host 'api.bcra.gob.ar'. Adding certificate verification is strongly advised. See: https://urllib3.readthedocs.io/en/latest/advanced-usage.html#tls-warnings
[2024-10-31T01:42:14.547-0300] {logging_mixin.py:190} INFO - URL de solicitud: https://api.bcra.gob.ar/estadisticas/v2.0/datosvariable/1/2024-10-30/2024-10-30
[2024-10-31T01:42:14.684-0300] {logging_mixin.py:190} WARNING - /home/nico/.local/lib/python3.10/site-packages/urllib3/connectionpool.py:1099 InsecureRequestWarning: Unverified HTTPS request is being made to host 'api.bcra.gob.ar'. Adding certificate verification is strongly advised. See: https://urllib3.readthedocs.io/en/latest/advanced-usage.html#tls-warnings
[2024-10-31T01:42:14.726-0300] {logging_mixin.py:190} INFO - No se encontraron datos para idVariable 1 en la fecha 2024-10-30.
[2024-10-31T01:42:14.809-0300] {logging_mixin.py:190} WARNING - /home/nico/.local/lib/python3.10/site-packages/urllib3/connectionpool.py:1099 InsecureRequestWarning: Unverified HTTPS request is being made to host 'api.bcra.gob.ar'. Adding certificate verification is strongly advised. See: https://urllib3.readthedocs.io/en/latest/advanced-usage.html#tls-warnings
[2024-10-31T01:42:14.851-0300] {logging_mixin.py:190} INFO - URL de solicitud: https://api.bcra.gob.ar/estadisticas/v2.0/datosvariable/5/2024-10-30/2024-10-30
[2024-10-31T01:42:15.103-0300] {logging_mixin.py:190} WARNING - /home/nico/.local/lib/python3.10/site-packages/urllib3/connectionpool.py:1099 InsecureRequestWarning: Unverified HTTPS request is being made to host 'api.bcra.gob.ar'. Adding certificate verification is strongly advised. See: https://urllib3.readthedocs.io/en/latest/advanced-usage.html#tls-warnings
[2024-10-31T01:42:15.288-0300] {logging_mixin.py:190} WARNING - /home/nico/.local/lib/python3.10/site-packages/urllib3/connectionpool.py:1099 InsecureRequestWarning: Unverified HTTPS request is being made to host 'api.bcra.gob.ar'. Adding certificate verification is strongly advised. See: https://urllib3.readthedocs.io/en/latest/advanced-usage.html#tls-warnings
[2024-10-31T01:42:15.335-0300] {logging_mixin.py:190} INFO - URL de solicitud: https://api.bcra.gob.ar/estadisticas/v2.0/datosvariable/6/2024-10-30/2024-10-30
[2024-10-31T01:42:15.421-0300] {logging_mixin.py:190} WARNING - /home/nico/.local/lib/python3.10/site-packages/urllib3/connectionpool.py:1099 InsecureRequestWarning: Unverified HTTPS request is being made to host 'api.bcra.gob.ar'. Adding certificate verification is strongly advised. See: https://urllib3.readthedocs.io/en/latest/advanced-usage.html#tls-warnings
[2024-10-31T01:42:15.569-0300] {logging_mixin.py:190} WARNING - /home/nico/.local/lib/python3.10/site-packages/urllib3/connectionpool.py:1099 InsecureRequestWarning: Unverified HTTPS request is being made to host 'api.bcra.gob.ar'. Adding certificate verification is strongly advised. See: https://urllib3.readthedocs.io/en/latest/advanced-usage.html#tls-warnings
[2024-10-31T01:42:15.607-0300] {logging_mixin.py:190} INFO - URL de solicitud: https://api.bcra.gob.ar/estadisticas/v2.0/datosvariable/7/2024-10-30/2024-10-30
[2024-10-31T01:42:15.702-0300] {logging_mixin.py:190} WARNING - /home/nico/.local/lib/python3.10/site-packages/urllib3/connectionpool.py:1099 InsecureRequestWarning: Unverified HTTPS request is being made to host 'api.bcra.gob.ar'. Adding certificate verification is strongly advised. See: https://urllib3.readthedocs.io/en/latest/advanced-usage.html#tls-warnings
[2024-10-31T01:42:15.742-0300] {logging_mixin.py:190} INFO - No se encontraron datos para idVariable 7 en la fecha 2024-10-30.
[2024-10-31T01:42:15.836-0300] {logging_mixin.py:190} WARNING - /home/nico/.local/lib/python3.10/site-packages/urllib3/connectionpool.py:1099 InsecureRequestWarning: Unverified HTTPS request is being made to host 'api.bcra.gob.ar'. Adding certificate verification is strongly advised. See: https://urllib3.readthedocs.io/en/latest/advanced-usage.html#tls-warnings
[2024-10-31T01:42:15.872-0300] {logging_mixin.py:190} INFO - URL de solicitud: https://api.bcra.gob.ar/estadisticas/v2.0/datosvariable/8/2024-10-30/2024-10-30
[2024-10-31T01:42:15.960-0300] {logging_mixin.py:190} WARNING - /home/nico/.local/lib/python3.10/site-packages/urllib3/connectionpool.py:1099 InsecureRequestWarning: Unverified HTTPS request is being made to host 'api.bcra.gob.ar'. Adding certificate verification is strongly advised. See: https://urllib3.readthedocs.io/en/latest/advanced-usage.html#tls-warnings
[2024-10-31T01:42:15.995-0300] {logging_mixin.py:190} INFO - No se encontraron datos para idVariable 8 en la fecha 2024-10-30.
[2024-10-31T01:42:16.085-0300] {logging_mixin.py:190} WARNING - /home/nico/.local/lib/python3.10/site-packages/urllib3/connectionpool.py:1099 InsecureRequestWarning: Unverified HTTPS request is being made to host 'api.bcra.gob.ar'. Adding certificate verification is strongly advised. See: https://urllib3.readthedocs.io/en/latest/advanced-usage.html#tls-warnings
[2024-10-31T01:42:16.124-0300] {logging_mixin.py:190} INFO - URL de solicitud: https://api.bcra.gob.ar/estadisticas/v2.0/datosvariable/9/2024-10-30/2024-10-30
[2024-10-31T01:42:16.193-0300] {logging_mixin.py:190} WARNING - /home/nico/.local/lib/python3.10/site-packages/urllib3/connectionpool.py:1099 InsecureRequestWarning: Unverified HTTPS request is being made to host 'api.bcra.gob.ar'. Adding certificate verification is strongly advised. See: https://urllib3.readthedocs.io/en/latest/advanced-usage.html#tls-warnings
[2024-10-31T01:42:16.296-0300] {logging_mixin.py:190} WARNING - /home/nico/.local/lib/python3.10/site-packages/urllib3/connectionpool.py:1099 InsecureRequestWarning: Unverified HTTPS request is being made to host 'api.bcra.gob.ar'. Adding certificate verification is strongly advised. See: https://urllib3.readthedocs.io/en/latest/advanced-usage.html#tls-warnings
[2024-10-31T01:42:16.329-0300] {logging_mixin.py:190} INFO - URL de solicitud: https://api.bcra.gob.ar/estadisticas/v2.0/datosvariable/10/2024-10-30/2024-10-30
[2024-10-31T01:42:16.397-0300] {logging_mixin.py:190} WARNING - /home/nico/.local/lib/python3.10/site-packages/urllib3/connectionpool.py:1099 InsecureRequestWarning: Unverified HTTPS request is being made to host 'api.bcra.gob.ar'. Adding certificate verification is strongly advised. See: https://urllib3.readthedocs.io/en/latest/advanced-usage.html#tls-warnings
[2024-10-31T01:42:16.432-0300] {logging_mixin.py:190} INFO - No se encontraron datos para idVariable 10 en la fecha 2024-10-30.
[2024-10-31T01:42:16.499-0300] {logging_mixin.py:190} WARNING - /home/nico/.local/lib/python3.10/site-packages/urllib3/connectionpool.py:1099 InsecureRequestWarning: Unverified HTTPS request is being made to host 'api.bcra.gob.ar'. Adding certificate verification is strongly advised. See: https://urllib3.readthedocs.io/en/latest/advanced-usage.html#tls-warnings
[2024-10-31T01:42:16.529-0300] {logging_mixin.py:190} INFO - URL de solicitud: https://api.bcra.gob.ar/estadisticas/v2.0/datosvariable/11/2024-10-30/2024-10-30
[2024-10-31T01:42:16.598-0300] {logging_mixin.py:190} WARNING - /home/nico/.local/lib/python3.10/site-packages/urllib3/connectionpool.py:1099 InsecureRequestWarning: Unverified HTTPS request is being made to host 'api.bcra.gob.ar'. Adding certificate verification is strongly advised. See: https://urllib3.readthedocs.io/en/latest/advanced-usage.html#tls-warnings
[2024-10-31T01:42:16.629-0300] {logging_mixin.py:190} INFO - No se encontraron datos para idVariable 11 en la fecha 2024-10-30.
[2024-10-31T01:42:16.706-0300] {logging_mixin.py:190} WARNING - /home/nico/.local/lib/python3.10/site-packages/urllib3/connectionpool.py:1099 InsecureRequestWarning: Unverified HTTPS request is being made to host 'api.bcra.gob.ar'. Adding certificate verification is strongly advised. See: https://urllib3.readthedocs.io/en/latest/advanced-usage.html#tls-warnings
[2024-10-31T01:42:16.754-0300] {logging_mixin.py:190} INFO - URL de solicitud: https://api.bcra.gob.ar/estadisticas/v2.0/datosvariable/12/2024-10-30/2024-10-30
[2024-10-31T01:42:16.872-0300] {logging_mixin.py:190} WARNING - /home/nico/.local/lib/python3.10/site-packages/urllib3/connectionpool.py:1099 InsecureRequestWarning: Unverified HTTPS request is being made to host 'api.bcra.gob.ar'. Adding certificate verification is strongly advised. See: https://urllib3.readthedocs.io/en/latest/advanced-usage.html#tls-warnings
[2024-10-31T01:42:16.934-0300] {logging_mixin.py:190} INFO - No se encontraron datos para idVariable 12 en la fecha 2024-10-30.
[2024-10-31T01:42:17.038-0300] {logging_mixin.py:190} WARNING - /home/nico/.local/lib/python3.10/site-packages/urllib3/connectionpool.py:1099 InsecureRequestWarning: Unverified HTTPS request is being made to host 'api.bcra.gob.ar'. Adding certificate verification is strongly advised. See: https://urllib3.readthedocs.io/en/latest/advanced-usage.html#tls-warnings
[2024-10-31T01:42:17.098-0300] {logging_mixin.py:190} INFO - URL de solicitud: https://api.bcra.gob.ar/estadisticas/v2.0/datosvariable/13/2024-10-30/2024-10-30
[2024-10-31T01:42:17.191-0300] {logging_mixin.py:190} WARNING - /home/nico/.local/lib/python3.10/site-packages/urllib3/connectionpool.py:1099 InsecureRequestWarning: Unverified HTTPS request is being made to host 'api.bcra.gob.ar'. Adding certificate verification is strongly advised. See: https://urllib3.readthedocs.io/en/latest/advanced-usage.html#tls-warnings
[2024-10-31T01:42:17.247-0300] {logging_mixin.py:190} INFO - No se encontraron datos para idVariable 13 en la fecha 2024-10-30.
[2024-10-31T01:42:17.337-0300] {logging_mixin.py:190} WARNING - /home/nico/.local/lib/python3.10/site-packages/urllib3/connectionpool.py:1099 InsecureRequestWarning: Unverified HTTPS request is being made to host 'api.bcra.gob.ar'. Adding certificate verification is strongly advised. See: https://urllib3.readthedocs.io/en/latest/advanced-usage.html#tls-warnings
[2024-10-31T01:42:17.379-0300] {logging_mixin.py:190} INFO - URL de solicitud: https://api.bcra.gob.ar/estadisticas/v2.0/datosvariable/14/2024-10-30/2024-10-30
[2024-10-31T01:42:17.454-0300] {logging_mixin.py:190} WARNING - /home/nico/.local/lib/python3.10/site-packages/urllib3/connectionpool.py:1099 InsecureRequestWarning: Unverified HTTPS request is being made to host 'api.bcra.gob.ar'. Adding certificate verification is strongly advised. See: https://urllib3.readthedocs.io/en/latest/advanced-usage.html#tls-warnings
[2024-10-31T01:42:17.485-0300] {logging_mixin.py:190} INFO - No se encontraron datos para idVariable 14 en la fecha 2024-10-30.
[2024-10-31T01:42:17.553-0300] {logging_mixin.py:190} WARNING - /home/nico/.local/lib/python3.10/site-packages/urllib3/connectionpool.py:1099 InsecureRequestWarning: Unverified HTTPS request is being made to host 'api.bcra.gob.ar'. Adding certificate verification is strongly advised. See: https://urllib3.readthedocs.io/en/latest/advanced-usage.html#tls-warnings
[2024-10-31T01:42:17.598-0300] {logging_mixin.py:190} INFO - URL de solicitud: https://api.bcra.gob.ar/estadisticas/v2.0/datosvariable/15/2024-10-30/2024-10-30
[2024-10-31T01:42:17.672-0300] {logging_mixin.py:190} WARNING - /home/nico/.local/lib/python3.10/site-packages/urllib3/connectionpool.py:1099 InsecureRequestWarning: Unverified HTTPS request is being made to host 'api.bcra.gob.ar'. Adding certificate verification is strongly advised. See: https://urllib3.readthedocs.io/en/latest/advanced-usage.html#tls-warnings
[2024-10-31T01:42:17.709-0300] {logging_mixin.py:190} INFO - No se encontraron datos para idVariable 15 en la fecha 2024-10-30.
[2024-10-31T01:42:17.790-0300] {logging_mixin.py:190} WARNING - /home/nico/.local/lib/python3.10/site-packages/urllib3/connectionpool.py:1099 InsecureRequestWarning: Unverified HTTPS request is being made to host 'api.bcra.gob.ar'. Adding certificate verification is strongly advised. See: https://urllib3.readthedocs.io/en/latest/advanced-usage.html#tls-warnings
[2024-10-31T01:42:17.822-0300] {logging_mixin.py:190} INFO - URL de solicitud: https://api.bcra.gob.ar/estadisticas/v2.0/datosvariable/16/2024-10-30/2024-10-30
[2024-10-31T01:42:17.883-0300] {logging_mixin.py:190} WARNING - /home/nico/.local/lib/python3.10/site-packages/urllib3/connectionpool.py:1099 InsecureRequestWarning: Unverified HTTPS request is being made to host 'api.bcra.gob.ar'. Adding certificate verification is strongly advised. See: https://urllib3.readthedocs.io/en/latest/advanced-usage.html#tls-warnings
[2024-10-31T01:42:17.917-0300] {logging_mixin.py:190} INFO - No se encontraron datos para idVariable 16 en la fecha 2024-10-30.
[2024-10-31T01:42:17.990-0300] {logging_mixin.py:190} WARNING - /home/nico/.local/lib/python3.10/site-packages/urllib3/connectionpool.py:1099 InsecureRequestWarning: Unverified HTTPS request is being made to host 'api.bcra.gob.ar'. Adding certificate verification is strongly advised. See: https://urllib3.readthedocs.io/en/latest/advanced-usage.html#tls-warnings
[2024-10-31T01:42:18.018-0300] {logging_mixin.py:190} INFO - URL de solicitud: https://api.bcra.gob.ar/estadisticas/v2.0/datosvariable/17/2024-10-30/2024-10-30
[2024-10-31T01:42:18.088-0300] {logging_mixin.py:190} WARNING - /home/nico/.local/lib/python3.10/site-packages/urllib3/connectionpool.py:1099 InsecureRequestWarning: Unverified HTTPS request is being made to host 'api.bcra.gob.ar'. Adding certificate verification is strongly advised. See: https://urllib3.readthedocs.io/en/latest/advanced-usage.html#tls-warnings
[2024-10-31T01:42:18.116-0300] {logging_mixin.py:190} INFO - No se encontraron datos para idVariable 17 en la fecha 2024-10-30.
[2024-10-31T01:42:18.196-0300] {logging_mixin.py:190} WARNING - /home/nico/.local/lib/python3.10/site-packages/urllib3/connectionpool.py:1099 InsecureRequestWarning: Unverified HTTPS request is being made to host 'api.bcra.gob.ar'. Adding certificate verification is strongly advised. See: https://urllib3.readthedocs.io/en/latest/advanced-usage.html#tls-warnings
[2024-10-31T01:42:18.231-0300] {logging_mixin.py:190} INFO - URL de solicitud: https://api.bcra.gob.ar/estadisticas/v2.0/datosvariable/18/2024-10-30/2024-10-30
[2024-10-31T01:42:18.326-0300] {logging_mixin.py:190} WARNING - /home/nico/.local/lib/python3.10/site-packages/urllib3/connectionpool.py:1099 InsecureRequestWarning: Unverified HTTPS request is being made to host 'api.bcra.gob.ar'. Adding certificate verification is strongly advised. See: https://urllib3.readthedocs.io/en/latest/advanced-usage.html#tls-warnings
[2024-10-31T01:42:18.358-0300] {logging_mixin.py:190} INFO - No se encontraron datos para idVariable 18 en la fecha 2024-10-30.
[2024-10-31T01:42:18.430-0300] {logging_mixin.py:190} WARNING - /home/nico/.local/lib/python3.10/site-packages/urllib3/connectionpool.py:1099 InsecureRequestWarning: Unverified HTTPS request is being made to host 'api.bcra.gob.ar'. Adding certificate verification is strongly advised. See: https://urllib3.readthedocs.io/en/latest/advanced-usage.html#tls-warnings
[2024-10-31T01:42:18.467-0300] {logging_mixin.py:190} INFO - URL de solicitud: https://api.bcra.gob.ar/estadisticas/v2.0/datosvariable/19/2024-10-30/2024-10-30
[2024-10-31T01:42:18.547-0300] {logging_mixin.py:190} WARNING - /home/nico/.local/lib/python3.10/site-packages/urllib3/connectionpool.py:1099 InsecureRequestWarning: Unverified HTTPS request is being made to host 'api.bcra.gob.ar'. Adding certificate verification is strongly advised. See: https://urllib3.readthedocs.io/en/latest/advanced-usage.html#tls-warnings
[2024-10-31T01:42:18.582-0300] {logging_mixin.py:190} INFO - No se encontraron datos para idVariable 19 en la fecha 2024-10-30.
[2024-10-31T01:42:18.668-0300] {logging_mixin.py:190} WARNING - /home/nico/.local/lib/python3.10/site-packages/urllib3/connectionpool.py:1099 InsecureRequestWarning: Unverified HTTPS request is being made to host 'api.bcra.gob.ar'. Adding certificate verification is strongly advised. See: https://urllib3.readthedocs.io/en/latest/advanced-usage.html#tls-warnings
[2024-10-31T01:42:18.705-0300] {logging_mixin.py:190} INFO - URL de solicitud: https://api.bcra.gob.ar/estadisticas/v2.0/datosvariable/21/2024-10-30/2024-10-30
[2024-10-31T01:42:18.791-0300] {logging_mixin.py:190} WARNING - /home/nico/.local/lib/python3.10/site-packages/urllib3/connectionpool.py:1099 InsecureRequestWarning: Unverified HTTPS request is being made to host 'api.bcra.gob.ar'. Adding certificate verification is strongly advised. See: https://urllib3.readthedocs.io/en/latest/advanced-usage.html#tls-warnings
[2024-10-31T01:42:18.826-0300] {logging_mixin.py:190} INFO - No se encontraron datos para idVariable 21 en la fecha 2024-10-30.
[2024-10-31T01:42:19.009-0300] {logging_mixin.py:190} WARNING - /home/nico/.local/lib/python3.10/site-packages/urllib3/connectionpool.py:1099 InsecureRequestWarning: Unverified HTTPS request is being made to host 'api.bcra.gob.ar'. Adding certificate verification is strongly advised. See: https://urllib3.readthedocs.io/en/latest/advanced-usage.html#tls-warnings
[2024-10-31T01:42:19.276-0300] {logging_mixin.py:190} INFO - URL de solicitud: https://api.bcra.gob.ar/estadisticas/v2.0/datosvariable/22/2024-10-30/2024-10-30
[2024-10-31T01:42:19.410-0300] {logging_mixin.py:190} WARNING - /home/nico/.local/lib/python3.10/site-packages/urllib3/connectionpool.py:1099 InsecureRequestWarning: Unverified HTTPS request is being made to host 'api.bcra.gob.ar'. Adding certificate verification is strongly advised. See: https://urllib3.readthedocs.io/en/latest/advanced-usage.html#tls-warnings
[2024-10-31T01:42:19.460-0300] {logging_mixin.py:190} INFO - No se encontraron datos para idVariable 22 en la fecha 2024-10-30.
[2024-10-31T01:42:19.583-0300] {logging_mixin.py:190} WARNING - /home/nico/.local/lib/python3.10/site-packages/urllib3/connectionpool.py:1099 InsecureRequestWarning: Unverified HTTPS request is being made to host 'api.bcra.gob.ar'. Adding certificate verification is strongly advised. See: https://urllib3.readthedocs.io/en/latest/advanced-usage.html#tls-warnings
[2024-10-31T01:42:19.632-0300] {logging_mixin.py:190} INFO - URL de solicitud: https://api.bcra.gob.ar/estadisticas/v2.0/datosvariable/23/2024-10-30/2024-10-30
[2024-10-31T01:42:19.744-0300] {logging_mixin.py:190} WARNING - /home/nico/.local/lib/python3.10/site-packages/urllib3/connectionpool.py:1099 InsecureRequestWarning: Unverified HTTPS request is being made to host 'api.bcra.gob.ar'. Adding certificate verification is strongly advised. See: https://urllib3.readthedocs.io/en/latest/advanced-usage.html#tls-warnings
[2024-10-31T01:42:19.793-0300] {logging_mixin.py:190} INFO - No se encontraron datos para idVariable 23 en la fecha 2024-10-30.
[2024-10-31T01:42:19.905-0300] {logging_mixin.py:190} WARNING - /home/nico/.local/lib/python3.10/site-packages/urllib3/connectionpool.py:1099 InsecureRequestWarning: Unverified HTTPS request is being made to host 'api.bcra.gob.ar'. Adding certificate verification is strongly advised. See: https://urllib3.readthedocs.io/en/latest/advanced-usage.html#tls-warnings
[2024-10-31T01:42:19.946-0300] {logging_mixin.py:190} INFO - URL de solicitud: https://api.bcra.gob.ar/estadisticas/v2.0/datosvariable/24/2024-10-30/2024-10-30
[2024-10-31T01:42:20.044-0300] {logging_mixin.py:190} WARNING - /home/nico/.local/lib/python3.10/site-packages/urllib3/connectionpool.py:1099 InsecureRequestWarning: Unverified HTTPS request is being made to host 'api.bcra.gob.ar'. Adding certificate verification is strongly advised. See: https://urllib3.readthedocs.io/en/latest/advanced-usage.html#tls-warnings
[2024-10-31T01:42:20.077-0300] {logging_mixin.py:190} INFO - No se encontraron datos para idVariable 24 en la fecha 2024-10-30.
[2024-10-31T01:42:20.157-0300] {logging_mixin.py:190} WARNING - /home/nico/.local/lib/python3.10/site-packages/urllib3/connectionpool.py:1099 InsecureRequestWarning: Unverified HTTPS request is being made to host 'api.bcra.gob.ar'. Adding certificate verification is strongly advised. See: https://urllib3.readthedocs.io/en/latest/advanced-usage.html#tls-warnings
[2024-10-31T01:42:20.202-0300] {logging_mixin.py:190} INFO - URL de solicitud: https://api.bcra.gob.ar/estadisticas/v2.0/datosvariable/25/2024-10-30/2024-10-30
[2024-10-31T01:42:20.300-0300] {logging_mixin.py:190} WARNING - /home/nico/.local/lib/python3.10/site-packages/urllib3/connectionpool.py:1099 InsecureRequestWarning: Unverified HTTPS request is being made to host 'api.bcra.gob.ar'. Adding certificate verification is strongly advised. See: https://urllib3.readthedocs.io/en/latest/advanced-usage.html#tls-warnings
[2024-10-31T01:42:20.337-0300] {logging_mixin.py:190} INFO - No se encontraron datos para idVariable 25 en la fecha 2024-10-30.
[2024-10-31T01:42:20.409-0300] {logging_mixin.py:190} WARNING - /home/nico/.local/lib/python3.10/site-packages/urllib3/connectionpool.py:1099 InsecureRequestWarning: Unverified HTTPS request is being made to host 'api.bcra.gob.ar'. Adding certificate verification is strongly advised. See: https://urllib3.readthedocs.io/en/latest/advanced-usage.html#tls-warnings
[2024-10-31T01:42:20.440-0300] {logging_mixin.py:190} INFO - URL de solicitud: https://api.bcra.gob.ar/estadisticas/v2.0/datosvariable/26/2024-10-30/2024-10-30
[2024-10-31T01:42:20.508-0300] {logging_mixin.py:190} WARNING - /home/nico/.local/lib/python3.10/site-packages/urllib3/connectionpool.py:1099 InsecureRequestWarning: Unverified HTTPS request is being made to host 'api.bcra.gob.ar'. Adding certificate verification is strongly advised. See: https://urllib3.readthedocs.io/en/latest/advanced-usage.html#tls-warnings
[2024-10-31T01:42:20.544-0300] {logging_mixin.py:190} INFO - No se encontraron datos para idVariable 26 en la fecha 2024-10-30.
[2024-10-31T01:42:20.614-0300] {logging_mixin.py:190} WARNING - /home/nico/.local/lib/python3.10/site-packages/urllib3/connectionpool.py:1099 InsecureRequestWarning: Unverified HTTPS request is being made to host 'api.bcra.gob.ar'. Adding certificate verification is strongly advised. See: https://urllib3.readthedocs.io/en/latest/advanced-usage.html#tls-warnings
[2024-10-31T01:42:20.647-0300] {logging_mixin.py:190} INFO - URL de solicitud: https://api.bcra.gob.ar/estadisticas/v2.0/datosvariable/27/2024-10-30/2024-10-30
[2024-10-31T01:42:20.731-0300] {logging_mixin.py:190} WARNING - /home/nico/.local/lib/python3.10/site-packages/urllib3/connectionpool.py:1099 InsecureRequestWarning: Unverified HTTPS request is being made to host 'api.bcra.gob.ar'. Adding certificate verification is strongly advised. See: https://urllib3.readthedocs.io/en/latest/advanced-usage.html#tls-warnings
[2024-10-31T01:42:20.765-0300] {logging_mixin.py:190} INFO - No se encontraron datos para idVariable 27 en la fecha 2024-10-30.
[2024-10-31T01:42:20.853-0300] {logging_mixin.py:190} WARNING - /home/nico/.local/lib/python3.10/site-packages/urllib3/connectionpool.py:1099 InsecureRequestWarning: Unverified HTTPS request is being made to host 'api.bcra.gob.ar'. Adding certificate verification is strongly advised. See: https://urllib3.readthedocs.io/en/latest/advanced-usage.html#tls-warnings
[2024-10-31T01:42:20.900-0300] {logging_mixin.py:190} INFO - URL de solicitud: https://api.bcra.gob.ar/estadisticas/v2.0/datosvariable/28/2024-10-30/2024-10-30
[2024-10-31T01:42:21.005-0300] {logging_mixin.py:190} WARNING - /home/nico/.local/lib/python3.10/site-packages/urllib3/connectionpool.py:1099 InsecureRequestWarning: Unverified HTTPS request is being made to host 'api.bcra.gob.ar'. Adding certificate verification is strongly advised. See: https://urllib3.readthedocs.io/en/latest/advanced-usage.html#tls-warnings
[2024-10-31T01:42:21.039-0300] {logging_mixin.py:190} INFO - No se encontraron datos para idVariable 28 en la fecha 2024-10-30.
[2024-10-31T01:42:21.119-0300] {logging_mixin.py:190} WARNING - /home/nico/.local/lib/python3.10/site-packages/urllib3/connectionpool.py:1099 InsecureRequestWarning: Unverified HTTPS request is being made to host 'api.bcra.gob.ar'. Adding certificate verification is strongly advised. See: https://urllib3.readthedocs.io/en/latest/advanced-usage.html#tls-warnings
[2024-10-31T01:42:21.154-0300] {logging_mixin.py:190} INFO - URL de solicitud: https://api.bcra.gob.ar/estadisticas/v2.0/datosvariable/29/2024-10-30/2024-10-30
[2024-10-31T01:42:21.247-0300] {logging_mixin.py:190} WARNING - /home/nico/.local/lib/python3.10/site-packages/urllib3/connectionpool.py:1099 InsecureRequestWarning: Unverified HTTPS request is being made to host 'api.bcra.gob.ar'. Adding certificate verification is strongly advised. See: https://urllib3.readthedocs.io/en/latest/advanced-usage.html#tls-warnings
[2024-10-31T01:42:21.298-0300] {logging_mixin.py:190} INFO - No se encontraron datos para idVariable 29 en la fecha 2024-10-30.
[2024-10-31T01:42:21.395-0300] {logging_mixin.py:190} WARNING - /home/nico/.local/lib/python3.10/site-packages/urllib3/connectionpool.py:1099 InsecureRequestWarning: Unverified HTTPS request is being made to host 'api.bcra.gob.ar'. Adding certificate verification is strongly advised. See: https://urllib3.readthedocs.io/en/latest/advanced-usage.html#tls-warnings
[2024-10-31T01:42:21.457-0300] {logging_mixin.py:190} INFO - URL de solicitud: https://api.bcra.gob.ar/estadisticas/v2.0/datosvariable/34/2024-10-30/2024-10-30
[2024-10-31T01:42:21.627-0300] {logging_mixin.py:190} WARNING - /home/nico/.local/lib/python3.10/site-packages/urllib3/connectionpool.py:1099 InsecureRequestWarning: Unverified HTTPS request is being made to host 'api.bcra.gob.ar'. Adding certificate verification is strongly advised. See: https://urllib3.readthedocs.io/en/latest/advanced-usage.html#tls-warnings
[2024-10-31T01:42:21.782-0300] {logging_mixin.py:190} WARNING - /home/nico/.local/lib/python3.10/site-packages/urllib3/connectionpool.py:1099 InsecureRequestWarning: Unverified HTTPS request is being made to host 'api.bcra.gob.ar'. Adding certificate verification is strongly advised. See: https://urllib3.readthedocs.io/en/latest/advanced-usage.html#tls-warnings
[2024-10-31T01:42:21.873-0300] {logging_mixin.py:190} INFO - URL de solicitud: https://api.bcra.gob.ar/estadisticas/v2.0/datosvariable/35/2024-10-30/2024-10-30
[2024-10-31T01:42:22.059-0300] {logging_mixin.py:190} WARNING - /home/nico/.local/lib/python3.10/site-packages/urllib3/connectionpool.py:1099 InsecureRequestWarning: Unverified HTTPS request is being made to host 'api.bcra.gob.ar'. Adding certificate verification is strongly advised. See: https://urllib3.readthedocs.io/en/latest/advanced-usage.html#tls-warnings
[2024-10-31T01:42:22.138-0300] {logging_mixin.py:190} INFO - No se encontraron datos para idVariable 35 en la fecha 2024-10-30.
[2024-10-31T01:42:22.269-0300] {logging_mixin.py:190} WARNING - /home/nico/.local/lib/python3.10/site-packages/urllib3/connectionpool.py:1099 InsecureRequestWarning: Unverified HTTPS request is being made to host 'api.bcra.gob.ar'. Adding certificate verification is strongly advised. See: https://urllib3.readthedocs.io/en/latest/advanced-usage.html#tls-warnings
[2024-10-31T01:42:22.359-0300] {logging_mixin.py:190} INFO - URL de solicitud: https://api.bcra.gob.ar/estadisticas/v2.0/datosvariable/41/2024-10-30/2024-10-30
[2024-10-31T01:42:22.495-0300] {logging_mixin.py:190} WARNING - /home/nico/.local/lib/python3.10/site-packages/urllib3/connectionpool.py:1099 InsecureRequestWarning: Unverified HTTPS request is being made to host 'api.bcra.gob.ar'. Adding certificate verification is strongly advised. See: https://urllib3.readthedocs.io/en/latest/advanced-usage.html#tls-warnings
[2024-10-31T01:42:22.541-0300] {logging_mixin.py:190} INFO - No se encontraron datos para idVariable 41 en la fecha 2024-10-30.
[2024-10-31T01:42:22.630-0300] {logging_mixin.py:190} WARNING - /home/nico/.local/lib/python3.10/site-packages/urllib3/connectionpool.py:1099 InsecureRequestWarning: Unverified HTTPS request is being made to host 'api.bcra.gob.ar'. Adding certificate verification is strongly advised. See: https://urllib3.readthedocs.io/en/latest/advanced-usage.html#tls-warnings
[2024-10-31T01:42:22.677-0300] {logging_mixin.py:190} INFO - URL de solicitud: https://api.bcra.gob.ar/estadisticas/v2.0/datosvariable/42/2024-10-30/2024-10-30
[2024-10-31T01:42:22.767-0300] {logging_mixin.py:190} WARNING - /home/nico/.local/lib/python3.10/site-packages/urllib3/connectionpool.py:1099 InsecureRequestWarning: Unverified HTTPS request is being made to host 'api.bcra.gob.ar'. Adding certificate verification is strongly advised. See: https://urllib3.readthedocs.io/en/latest/advanced-usage.html#tls-warnings
[2024-10-31T01:42:22.802-0300] {logging_mixin.py:190} INFO - No se encontraron datos para idVariable 42 en la fecha 2024-10-30.
[2024-10-31T01:42:22.815-0300] {python.py:240} INFO - Done. Returned value was:    idVariable       fecha   valor
0           5  2024-10-30  990.25
1           6  2024-10-30   40.00
2           9  2024-10-30   45.00
3          34  2024-10-30   49.15
[2024-10-31T01:42:23.043-0300] {taskinstance.py:340} INFO - ::group::Post task execution logs
[2024-10-31T01:42:23.046-0300] {taskinstance.py:352} INFO - Marking task as SUCCESS. dag_id=etl_redshift_dag_variables_bcra, task_id=extract_data, run_id=scheduled__2024-10-30T00:01:00+00:00, execution_date=20241030T000100, start_date=20241031T044212, end_date=20241031T044223
[2024-10-31T01:42:23.128-0300] {logging_mixin.py:190} INFO - Task instance in success state
[2024-10-31T01:42:23.133-0300] {logging_mixin.py:190} INFO -  Previous state of the Task instance: running
[2024-10-31T01:42:23.136-0300] {logging_mixin.py:190} INFO - Dag name:etl_redshift_dag_variables_bcra queued_at:2024-10-31 04:23:52.781650+00:00
[2024-10-31T01:42:23.139-0300] {logging_mixin.py:190} INFO - Task hostname:DESKTOP-MVFODGC. operator:PythonOperator
[2024-10-31T01:42:23.202-0300] {local_task_job_runner.py:266} INFO - Task exited with return code 0
[2024-10-31T01:42:23.399-0300] {taskinstance.py:3900} INFO - 1 downstream tasks scheduled from follow-on schedule check
[2024-10-31T01:42:23.463-0300] {local_task_job_runner.py:245} INFO - ::endgroup::
