[2024-10-30T20:16:13.596-0300] {local_task_job_runner.py:123} INFO - ::group::Pre task execution logs
[2024-10-30T20:16:13.696-0300] {taskinstance.py:2612} INFO - Dependencies all met for dep_context=non-requeueable deps ti=<TaskInstance: etl_redshift_dag_variables_bcra.actualizar_dim_fecha manual__2024-10-29T17:19:02.985662+00:00 [queued]>
[2024-10-30T20:16:13.784-0300] {taskinstance.py:2612} INFO - Dependencies all met for dep_context=requeueable deps ti=<TaskInstance: etl_redshift_dag_variables_bcra.actualizar_dim_fecha manual__2024-10-29T17:19:02.985662+00:00 [queued]>
[2024-10-30T20:16:13.789-0300] {taskinstance.py:2865} INFO - Starting attempt 2 of 3
[2024-10-30T20:16:13.894-0300] {taskinstance.py:2888} INFO - Executing <Task(PythonOperator): actualizar_dim_fecha> on 2024-10-29 17:19:02.985662+00:00
[2024-10-30T20:16:13.911-0300] {standard_task_runner.py:72} INFO - Started process 87395 to run task
[2024-10-30T20:16:13.921-0300] {standard_task_runner.py:104} INFO - Running: ['airflow', 'tasks', 'run', 'etl_redshift_dag_variables_bcra', 'actualizar_dim_fecha', 'manual__2024-10-29T17:19:02.985662+00:00', '--job-id', '173', '--raw', '--subdir', 'DAGS_FOLDER/dag_variables_bcra.py', '--cfg-path', '/tmp/tmpuli7dx_r']
[2024-10-30T20:16:13.932-0300] {standard_task_runner.py:105} INFO - Job 173: Subtask actualizar_dim_fecha
[2024-10-30T20:16:14.175-0300] {task_command.py:467} INFO - Running <TaskInstance: etl_redshift_dag_variables_bcra.actualizar_dim_fecha manual__2024-10-29T17:19:02.985662+00:00 [running]> on host DESKTOP-MVFODGC.
[2024-10-30T20:16:14.505-0300] {taskinstance.py:3131} INFO - Exporting env vars: AIRFLOW_CTX_DAG_OWNER='airflow' AIRFLOW_CTX_DAG_ID='etl_redshift_dag_variables_bcra' AIRFLOW_CTX_TASK_ID='actualizar_dim_fecha' AIRFLOW_CTX_EXECUTION_DATE='2024-10-29T17:19:02.985662+00:00' AIRFLOW_CTX_TRY_NUMBER='2' AIRFLOW_CTX_DAG_RUN_ID='manual__2024-10-29T17:19:02.985662+00:00'
[2024-10-30T20:16:14.509-0300] {logging_mixin.py:190} INFO - Task instance is in running state
[2024-10-30T20:16:14.515-0300] {logging_mixin.py:190} INFO -  Previous state of the Task instance: queued
[2024-10-30T20:16:14.518-0300] {logging_mixin.py:190} INFO - Current task name:actualizar_dim_fecha state:running start_date:2024-10-30 23:16:13.716059+00:00
[2024-10-30T20:16:14.520-0300] {logging_mixin.py:190} INFO - Dag name:etl_redshift_dag_variables_bcra and current dag run status:running
[2024-10-30T20:16:14.524-0300] {taskinstance.py:731} INFO - ::endgroup::
[2024-10-30T20:16:18.362-0300] {_write.py:249} ERROR - identifier must contain only alphanumeric characters, spaces, underscores, or hyphens
[2024-10-30T20:16:18.436-0300] {logging_mixin.py:190} INFO - Error en la conexión o actualización de la tabla: identifier must contain only alphanumeric characters, spaces, underscores, or hyphens
[2024-10-30T20:16:18.524-0300] {python.py:240} INFO - Done. Returned value was: None
[2024-10-30T20:16:18.676-0300] {taskinstance.py:340} INFO - ::group::Post task execution logs
[2024-10-30T20:16:18.690-0300] {taskinstance.py:352} INFO - Marking task as SUCCESS. dag_id=etl_redshift_dag_variables_bcra, task_id=actualizar_dim_fecha, run_id=manual__2024-10-29T17:19:02.985662+00:00, execution_date=20241029T171902, start_date=20241030T231613, end_date=20241030T231618
[2024-10-30T20:16:22.058-0300] {logging_mixin.py:190} INFO - Task instance in success state
[2024-10-30T20:16:22.062-0300] {logging_mixin.py:190} INFO -  Previous state of the Task instance: running
[2024-10-30T20:16:22.076-0300] {logging_mixin.py:190} INFO - Dag name:etl_redshift_dag_variables_bcra queued_at:2024-10-30 23:09:18.026449+00:00
[2024-10-30T20:16:22.085-0300] {logging_mixin.py:190} INFO - Task hostname:DESKTOP-MVFODGC. operator:PythonOperator
[2024-10-30T20:16:26.339-0300] {job.py:229} INFO - Heartbeat recovered after 13.14 seconds
[2024-10-30T20:16:26.395-0300] {local_task_job_runner.py:266} INFO - Task exited with return code 0
[2024-10-30T20:16:28.942-0300] {standard_task_runner.py:217} INFO - Process not found (most likely exited), stop collecting metrics
[2024-10-30T20:16:32.073-0300] {taskinstance.py:3900} INFO - 1 downstream tasks scheduled from follow-on schedule check
[2024-10-30T20:16:32.144-0300] {local_task_job_runner.py:245} INFO - ::endgroup::
