[2024-10-29T14:33:35.121-0300] {local_task_job_runner.py:123} INFO - ::group::Pre task execution logs
[2024-10-29T14:33:35.197-0300] {taskinstance.py:2612} INFO - Dependencies all met for dep_context=non-requeueable deps ti=<TaskInstance: etl_redshift_dag_variables_bcra.transform_data manual__2024-10-28T22:48:16.937843+00:00 [queued]>
[2024-10-29T14:33:35.240-0300] {taskinstance.py:2612} INFO - Dependencies all met for dep_context=requeueable deps ti=<TaskInstance: etl_redshift_dag_variables_bcra.transform_data manual__2024-10-28T22:48:16.937843+00:00 [queued]>
[2024-10-29T14:33:35.242-0300] {taskinstance.py:2865} INFO - Starting attempt 2 of 3
[2024-10-29T14:33:35.347-0300] {taskinstance.py:2888} INFO - Executing <Task(PythonOperator): transform_data> on 2024-10-28 22:48:16.937843+00:00
[2024-10-29T14:33:35.359-0300] {standard_task_runner.py:72} INFO - Started process 77786 to run task
[2024-10-29T14:33:35.375-0300] {standard_task_runner.py:104} INFO - Running: ['airflow', 'tasks', 'run', 'etl_redshift_dag_variables_bcra', 'transform_data', 'manual__2024-10-28T22:48:16.937843+00:00', '--job-id', '153', '--raw', '--subdir', 'DAGS_FOLDER/dag_variables_bcra.py', '--cfg-path', '/tmp/tmpfyuit2s4']
[2024-10-29T14:33:35.382-0300] {standard_task_runner.py:105} INFO - Job 153: Subtask transform_data
[2024-10-29T14:33:35.787-0300] {task_command.py:467} INFO - Running <TaskInstance: etl_redshift_dag_variables_bcra.transform_data manual__2024-10-28T22:48:16.937843+00:00 [running]> on host DESKTOP-MVFODGC.
[2024-10-29T14:33:36.417-0300] {taskinstance.py:3131} INFO - Exporting env vars: AIRFLOW_CTX_DAG_OWNER='airflow' AIRFLOW_CTX_DAG_ID='etl_redshift_dag_variables_bcra' AIRFLOW_CTX_TASK_ID='transform_data' AIRFLOW_CTX_EXECUTION_DATE='2024-10-28T22:48:16.937843+00:00' AIRFLOW_CTX_TRY_NUMBER='2' AIRFLOW_CTX_DAG_RUN_ID='manual__2024-10-28T22:48:16.937843+00:00'
[2024-10-29T14:33:36.424-0300] {logging_mixin.py:190} INFO - Task instance is in running state
[2024-10-29T14:33:36.430-0300] {logging_mixin.py:190} INFO -  Previous state of the Task instance: queued
[2024-10-29T14:33:36.433-0300] {logging_mixin.py:190} INFO - Current task name:transform_data state:running start_date:2024-10-29 17:33:35.200738+00:00
[2024-10-29T14:33:36.438-0300] {logging_mixin.py:190} INFO - Dag name:etl_redshift_dag_variables_bcra and current dag run status:running
[2024-10-29T14:33:36.442-0300] {taskinstance.py:731} INFO - ::endgroup::
[2024-10-29T14:33:36.550-0300] {logging_mixin.py:190} INFO - Data transformada y guardada en /mnt/c/Users/Nicolas/OneDrive - BCRA/Cursos/Python Data Application (ITBA)/variables-economicas/dags/transfomed_data.csv
[2024-10-29T14:33:36.554-0300] {python.py:240} INFO - Done. Returned value was: /mnt/c/Users/Nicolas/OneDrive - BCRA/Cursos/Python Data Application (ITBA)/variables-economicas/dags/transfomed_data.csv
[2024-10-29T14:33:36.730-0300] {taskinstance.py:340} INFO - ::group::Post task execution logs
[2024-10-29T14:33:36.733-0300] {taskinstance.py:352} INFO - Marking task as SUCCESS. dag_id=etl_redshift_dag_variables_bcra, task_id=transform_data, run_id=manual__2024-10-28T22:48:16.937843+00:00, execution_date=20241028T224816, start_date=20241029T173335, end_date=20241029T173336
[2024-10-29T14:33:36.823-0300] {logging_mixin.py:190} INFO - Task instance in success state
[2024-10-29T14:33:36.827-0300] {logging_mixin.py:190} INFO -  Previous state of the Task instance: running
[2024-10-29T14:33:36.830-0300] {logging_mixin.py:190} INFO - Dag name:etl_redshift_dag_variables_bcra queued_at:2024-10-29 17:29:39.138656+00:00
[2024-10-29T14:33:36.833-0300] {logging_mixin.py:190} INFO - Task hostname:DESKTOP-MVFODGC. operator:PythonOperator
[2024-10-29T14:33:36.889-0300] {local_task_job_runner.py:266} INFO - Task exited with return code 0
[2024-10-29T14:33:37.028-0300] {taskinstance.py:3900} INFO - 1 downstream tasks scheduled from follow-on schedule check
[2024-10-29T14:33:37.058-0300] {local_task_job_runner.py:245} INFO - ::endgroup::
