[2024-10-30T20:06:52.450-0300] {processor.py:186} INFO - Started process (PID=84984) to work on /mnt/c/Users/Nicolas/OneDrive - BCRA/Cursos/Python Data Application (ITBA)/variables-economicas/dags/dag_variables_bcra.py
[2024-10-30T20:06:52.457-0300] {processor.py:914} INFO - Processing file /mnt/c/Users/Nicolas/OneDrive - BCRA/Cursos/Python Data Application (ITBA)/variables-economicas/dags/dag_variables_bcra.py for tasks to queue
[2024-10-30T20:06:52.495-0300] {logging_mixin.py:190} INFO - [2024-10-30T20:06:52.494-0300] {dagbag.py:588} INFO - Filling up the DagBag from /mnt/c/Users/Nicolas/OneDrive - BCRA/Cursos/Python Data Application (ITBA)/variables-economicas/dags/dag_variables_bcra.py
[2024-10-30T20:06:57.311-0300] {processor.py:925} INFO - DAG(s) 'etl_redshift_dag_variables_bcra' retrieved from /mnt/c/Users/Nicolas/OneDrive - BCRA/Cursos/Python Data Application (ITBA)/variables-economicas/dags/dag_variables_bcra.py
[2024-10-30T20:06:58.405-0300] {logging_mixin.py:190} INFO - [2024-10-30T20:06:58.405-0300] {dag.py:3239} INFO - Sync 1 DAGs
[2024-10-30T20:06:58.613-0300] {logging_mixin.py:190} INFO - [2024-10-30T20:06:58.612-0300] {dag.py:4180} INFO - Setting next_dagrun for etl_redshift_dag_variables_bcra to 2024-10-29 00:01:00+00:00, run_after=2024-10-30 00:01:00+00:00
[2024-10-30T20:06:58.887-0300] {processor.py:208} INFO - Processing /mnt/c/Users/Nicolas/OneDrive - BCRA/Cursos/Python Data Application (ITBA)/variables-economicas/dags/dag_variables_bcra.py took 6.489 seconds
[2024-10-30T20:09:57.061-0300] {processor.py:186} INFO - Started process (PID=85770) to work on /mnt/c/Users/Nicolas/OneDrive - BCRA/Cursos/Python Data Application (ITBA)/variables-economicas/dags/dag_variables_bcra.py
[2024-10-30T20:09:57.064-0300] {processor.py:914} INFO - Processing file /mnt/c/Users/Nicolas/OneDrive - BCRA/Cursos/Python Data Application (ITBA)/variables-economicas/dags/dag_variables_bcra.py for tasks to queue
[2024-10-30T20:09:57.072-0300] {logging_mixin.py:190} INFO - [2024-10-30T20:09:57.071-0300] {dagbag.py:588} INFO - Filling up the DagBag from /mnt/c/Users/Nicolas/OneDrive - BCRA/Cursos/Python Data Application (ITBA)/variables-economicas/dags/dag_variables_bcra.py
[2024-10-30T20:09:58.357-0300] {processor.py:925} INFO - DAG(s) 'etl_redshift_dag_variables_bcra' retrieved from /mnt/c/Users/Nicolas/OneDrive - BCRA/Cursos/Python Data Application (ITBA)/variables-economicas/dags/dag_variables_bcra.py
[2024-10-30T20:09:58.420-0300] {logging_mixin.py:190} INFO - [2024-10-30T20:09:58.419-0300] {dag.py:3239} INFO - Sync 1 DAGs
[2024-10-30T20:09:58.503-0300] {logging_mixin.py:190} INFO - [2024-10-30T20:09:58.502-0300] {dag.py:4180} INFO - Setting next_dagrun for etl_redshift_dag_variables_bcra to 2024-10-29 00:01:00+00:00, run_after=2024-10-30 00:01:00+00:00
[2024-10-30T20:09:58.627-0300] {processor.py:208} INFO - Processing /mnt/c/Users/Nicolas/OneDrive - BCRA/Cursos/Python Data Application (ITBA)/variables-economicas/dags/dag_variables_bcra.py took 1.590 seconds
[2024-10-30T20:11:43.769-0300] {processor.py:186} INFO - Started process (PID=86231) to work on /mnt/c/Users/Nicolas/OneDrive - BCRA/Cursos/Python Data Application (ITBA)/variables-economicas/dags/dag_variables_bcra.py
[2024-10-30T20:11:43.793-0300] {processor.py:914} INFO - Processing file /mnt/c/Users/Nicolas/OneDrive - BCRA/Cursos/Python Data Application (ITBA)/variables-economicas/dags/dag_variables_bcra.py for tasks to queue
[2024-10-30T20:11:43.804-0300] {logging_mixin.py:190} INFO - [2024-10-30T20:11:43.803-0300] {dagbag.py:588} INFO - Filling up the DagBag from /mnt/c/Users/Nicolas/OneDrive - BCRA/Cursos/Python Data Application (ITBA)/variables-economicas/dags/dag_variables_bcra.py
[2024-10-30T20:11:46.735-0300] {processor.py:925} INFO - DAG(s) 'etl_redshift_dag_variables_bcra' retrieved from /mnt/c/Users/Nicolas/OneDrive - BCRA/Cursos/Python Data Application (ITBA)/variables-economicas/dags/dag_variables_bcra.py
[2024-10-30T20:11:46.805-0300] {logging_mixin.py:190} INFO - [2024-10-30T20:11:46.804-0300] {dag.py:3239} INFO - Sync 1 DAGs
[2024-10-30T20:11:47.344-0300] {processor.py:208} INFO - Processing /mnt/c/Users/Nicolas/OneDrive - BCRA/Cursos/Python Data Application (ITBA)/variables-economicas/dags/dag_variables_bcra.py took 3.616 seconds
[2024-10-30T20:17:37.401-0300] {processor.py:186} INFO - Started process (PID=87742) to work on /mnt/c/Users/Nicolas/OneDrive - BCRA/Cursos/Python Data Application (ITBA)/variables-economicas/dags/dag_variables_bcra.py
[2024-10-30T20:17:37.406-0300] {processor.py:914} INFO - Processing file /mnt/c/Users/Nicolas/OneDrive - BCRA/Cursos/Python Data Application (ITBA)/variables-economicas/dags/dag_variables_bcra.py for tasks to queue
[2024-10-30T20:17:37.419-0300] {logging_mixin.py:190} INFO - [2024-10-30T20:17:37.418-0300] {dagbag.py:588} INFO - Filling up the DagBag from /mnt/c/Users/Nicolas/OneDrive - BCRA/Cursos/Python Data Application (ITBA)/variables-economicas/dags/dag_variables_bcra.py
[2024-10-30T20:17:41.247-0300] {processor.py:925} INFO - DAG(s) 'etl_redshift_dag_variables_bcra' retrieved from /mnt/c/Users/Nicolas/OneDrive - BCRA/Cursos/Python Data Application (ITBA)/variables-economicas/dags/dag_variables_bcra.py
[2024-10-30T20:17:41.451-0300] {logging_mixin.py:190} INFO - [2024-10-30T20:17:41.450-0300] {dag.py:3239} INFO - Sync 1 DAGs
[2024-10-30T20:17:41.794-0300] {logging_mixin.py:190} INFO - [2024-10-30T20:17:41.794-0300] {dag.py:4180} INFO - Setting next_dagrun for etl_redshift_dag_variables_bcra to 2024-10-30 00:01:00+00:00, run_after=2024-10-31 00:01:00+00:00
[2024-10-30T20:17:42.369-0300] {processor.py:208} INFO - Processing /mnt/c/Users/Nicolas/OneDrive - BCRA/Cursos/Python Data Application (ITBA)/variables-economicas/dags/dag_variables_bcra.py took 5.006 seconds
[2024-10-30T20:21:06.134-0300] {processor.py:186} INFO - Started process (PID=88649) to work on /mnt/c/Users/Nicolas/OneDrive - BCRA/Cursos/Python Data Application (ITBA)/variables-economicas/dags/dag_variables_bcra.py
[2024-10-30T20:21:06.140-0300] {processor.py:914} INFO - Processing file /mnt/c/Users/Nicolas/OneDrive - BCRA/Cursos/Python Data Application (ITBA)/variables-economicas/dags/dag_variables_bcra.py for tasks to queue
[2024-10-30T20:21:06.143-0300] {logging_mixin.py:190} INFO - [2024-10-30T20:21:06.142-0300] {dagbag.py:588} INFO - Filling up the DagBag from /mnt/c/Users/Nicolas/OneDrive - BCRA/Cursos/Python Data Application (ITBA)/variables-economicas/dags/dag_variables_bcra.py
[2024-10-30T20:21:08.042-0300] {processor.py:925} INFO - DAG(s) 'etl_redshift_dag_variables_bcra' retrieved from /mnt/c/Users/Nicolas/OneDrive - BCRA/Cursos/Python Data Application (ITBA)/variables-economicas/dags/dag_variables_bcra.py
[2024-10-30T20:21:08.147-0300] {logging_mixin.py:190} INFO - [2024-10-30T20:21:08.146-0300] {dag.py:3239} INFO - Sync 1 DAGs
[2024-10-30T20:21:08.347-0300] {logging_mixin.py:190} INFO - [2024-10-30T20:21:08.346-0300] {dag.py:4180} INFO - Setting next_dagrun for etl_redshift_dag_variables_bcra to 2024-10-30 00:01:00+00:00, run_after=2024-10-31 00:01:00+00:00
[2024-10-30T20:21:08.566-0300] {processor.py:208} INFO - Processing /mnt/c/Users/Nicolas/OneDrive - BCRA/Cursos/Python Data Application (ITBA)/variables-economicas/dags/dag_variables_bcra.py took 2.454 seconds
[2024-10-30T20:24:15.302-0300] {processor.py:186} INFO - Started process (PID=89529) to work on /mnt/c/Users/Nicolas/OneDrive - BCRA/Cursos/Python Data Application (ITBA)/variables-economicas/dags/dag_variables_bcra.py
[2024-10-30T20:24:15.305-0300] {processor.py:914} INFO - Processing file /mnt/c/Users/Nicolas/OneDrive - BCRA/Cursos/Python Data Application (ITBA)/variables-economicas/dags/dag_variables_bcra.py for tasks to queue
[2024-10-30T20:24:15.318-0300] {logging_mixin.py:190} INFO - [2024-10-30T20:24:15.317-0300] {dagbag.py:588} INFO - Filling up the DagBag from /mnt/c/Users/Nicolas/OneDrive - BCRA/Cursos/Python Data Application (ITBA)/variables-economicas/dags/dag_variables_bcra.py
[2024-10-30T20:24:16.588-0300] {processor.py:925} INFO - DAG(s) 'etl_redshift_dag_variables_bcra' retrieved from /mnt/c/Users/Nicolas/OneDrive - BCRA/Cursos/Python Data Application (ITBA)/variables-economicas/dags/dag_variables_bcra.py
[2024-10-30T20:24:16.743-0300] {logging_mixin.py:190} INFO - [2024-10-30T20:24:16.742-0300] {dag.py:3239} INFO - Sync 1 DAGs
[2024-10-30T20:24:16.954-0300] {logging_mixin.py:190} INFO - [2024-10-30T20:24:16.935-0300] {dag.py:4180} INFO - Setting next_dagrun for etl_redshift_dag_variables_bcra to 2024-10-30 00:01:00+00:00, run_after=2024-10-31 00:01:00+00:00
[2024-10-30T20:24:17.439-0300] {processor.py:208} INFO - Processing /mnt/c/Users/Nicolas/OneDrive - BCRA/Cursos/Python Data Application (ITBA)/variables-economicas/dags/dag_variables_bcra.py took 2.189 seconds
[2024-10-30T20:27:29.151-0300] {processor.py:186} INFO - Started process (PID=90388) to work on /mnt/c/Users/Nicolas/OneDrive - BCRA/Cursos/Python Data Application (ITBA)/variables-economicas/dags/dag_variables_bcra.py
[2024-10-30T20:27:29.155-0300] {processor.py:914} INFO - Processing file /mnt/c/Users/Nicolas/OneDrive - BCRA/Cursos/Python Data Application (ITBA)/variables-economicas/dags/dag_variables_bcra.py for tasks to queue
[2024-10-30T20:27:29.184-0300] {logging_mixin.py:190} INFO - [2024-10-30T20:27:29.183-0300] {dagbag.py:588} INFO - Filling up the DagBag from /mnt/c/Users/Nicolas/OneDrive - BCRA/Cursos/Python Data Application (ITBA)/variables-economicas/dags/dag_variables_bcra.py
[2024-10-30T20:27:31.118-0300] {processor.py:925} INFO - DAG(s) 'etl_redshift_dag_variables_bcra' retrieved from /mnt/c/Users/Nicolas/OneDrive - BCRA/Cursos/Python Data Application (ITBA)/variables-economicas/dags/dag_variables_bcra.py
[2024-10-30T20:27:31.188-0300] {logging_mixin.py:190} INFO - [2024-10-30T20:27:31.188-0300] {dag.py:3239} INFO - Sync 1 DAGs
[2024-10-30T20:27:31.258-0300] {logging_mixin.py:190} INFO - [2024-10-30T20:27:31.257-0300] {dag.py:4180} INFO - Setting next_dagrun for etl_redshift_dag_variables_bcra to 2024-10-30 00:01:00+00:00, run_after=2024-10-31 00:01:00+00:00
[2024-10-30T20:27:31.391-0300] {processor.py:208} INFO - Processing /mnt/c/Users/Nicolas/OneDrive - BCRA/Cursos/Python Data Application (ITBA)/variables-economicas/dags/dag_variables_bcra.py took 2.278 seconds
[2024-10-30T20:30:42.813-0300] {processor.py:186} INFO - Started process (PID=91198) to work on /mnt/c/Users/Nicolas/OneDrive - BCRA/Cursos/Python Data Application (ITBA)/variables-economicas/dags/dag_variables_bcra.py
[2024-10-30T20:30:42.816-0300] {processor.py:914} INFO - Processing file /mnt/c/Users/Nicolas/OneDrive - BCRA/Cursos/Python Data Application (ITBA)/variables-economicas/dags/dag_variables_bcra.py for tasks to queue
[2024-10-30T20:30:42.828-0300] {logging_mixin.py:190} INFO - [2024-10-30T20:30:42.827-0300] {dagbag.py:588} INFO - Filling up the DagBag from /mnt/c/Users/Nicolas/OneDrive - BCRA/Cursos/Python Data Application (ITBA)/variables-economicas/dags/dag_variables_bcra.py
[2024-10-30T20:30:43.964-0300] {processor.py:925} INFO - DAG(s) 'etl_redshift_dag_variables_bcra' retrieved from /mnt/c/Users/Nicolas/OneDrive - BCRA/Cursos/Python Data Application (ITBA)/variables-economicas/dags/dag_variables_bcra.py
[2024-10-30T20:30:44.095-0300] {logging_mixin.py:190} INFO - [2024-10-30T20:30:44.094-0300] {dag.py:3239} INFO - Sync 1 DAGs
[2024-10-30T20:30:44.195-0300] {logging_mixin.py:190} INFO - [2024-10-30T20:30:44.195-0300] {dag.py:4180} INFO - Setting next_dagrun for etl_redshift_dag_variables_bcra to 2024-10-30 00:01:00+00:00, run_after=2024-10-31 00:01:00+00:00
[2024-10-30T20:30:44.331-0300] {processor.py:208} INFO - Processing /mnt/c/Users/Nicolas/OneDrive - BCRA/Cursos/Python Data Application (ITBA)/variables-economicas/dags/dag_variables_bcra.py took 1.554 seconds
[2024-10-30T20:35:47.030-0300] {processor.py:186} INFO - Started process (PID=93220) to work on /mnt/c/Users/Nicolas/OneDrive - BCRA/Cursos/Python Data Application (ITBA)/variables-economicas/dags/dag_variables_bcra.py
[2024-10-30T20:35:47.034-0300] {processor.py:914} INFO - Processing file /mnt/c/Users/Nicolas/OneDrive - BCRA/Cursos/Python Data Application (ITBA)/variables-economicas/dags/dag_variables_bcra.py for tasks to queue
[2024-10-30T20:35:47.046-0300] {logging_mixin.py:190} INFO - [2024-10-30T20:35:47.044-0300] {dagbag.py:588} INFO - Filling up the DagBag from /mnt/c/Users/Nicolas/OneDrive - BCRA/Cursos/Python Data Application (ITBA)/variables-economicas/dags/dag_variables_bcra.py
[2024-10-30T20:35:48.864-0300] {processor.py:925} INFO - DAG(s) 'etl_redshift_dag_variables_bcra' retrieved from /mnt/c/Users/Nicolas/OneDrive - BCRA/Cursos/Python Data Application (ITBA)/variables-economicas/dags/dag_variables_bcra.py
[2024-10-30T20:35:48.948-0300] {logging_mixin.py:190} INFO - [2024-10-30T20:35:48.947-0300] {dag.py:3239} INFO - Sync 1 DAGs
[2024-10-30T20:35:49.059-0300] {logging_mixin.py:190} INFO - [2024-10-30T20:35:49.055-0300] {dag.py:4180} INFO - Setting next_dagrun for etl_redshift_dag_variables_bcra to 2024-10-30 00:01:00+00:00, run_after=2024-10-31 00:01:00+00:00
[2024-10-30T20:35:49.292-0300] {processor.py:208} INFO - Processing /mnt/c/Users/Nicolas/OneDrive - BCRA/Cursos/Python Data Application (ITBA)/variables-economicas/dags/dag_variables_bcra.py took 2.287 seconds
[2024-10-30T20:41:59.291-0300] {processor.py:186} INFO - Started process (PID=94770) to work on /mnt/c/Users/Nicolas/OneDrive - BCRA/Cursos/Python Data Application (ITBA)/variables-economicas/dags/dag_variables_bcra.py
[2024-10-30T20:41:59.295-0300] {processor.py:914} INFO - Processing file /mnt/c/Users/Nicolas/OneDrive - BCRA/Cursos/Python Data Application (ITBA)/variables-economicas/dags/dag_variables_bcra.py for tasks to queue
[2024-10-30T20:41:59.303-0300] {logging_mixin.py:190} INFO - [2024-10-30T20:41:59.301-0300] {dagbag.py:588} INFO - Filling up the DagBag from /mnt/c/Users/Nicolas/OneDrive - BCRA/Cursos/Python Data Application (ITBA)/variables-economicas/dags/dag_variables_bcra.py
[2024-10-30T20:42:00.710-0300] {processor.py:925} INFO - DAG(s) 'etl_redshift_dag_variables_bcra' retrieved from /mnt/c/Users/Nicolas/OneDrive - BCRA/Cursos/Python Data Application (ITBA)/variables-economicas/dags/dag_variables_bcra.py
[2024-10-30T20:42:00.786-0300] {logging_mixin.py:190} INFO - [2024-10-30T20:42:00.786-0300] {dag.py:3239} INFO - Sync 1 DAGs
[2024-10-30T20:42:00.852-0300] {logging_mixin.py:190} INFO - [2024-10-30T20:42:00.852-0300] {dag.py:4180} INFO - Setting next_dagrun for etl_redshift_dag_variables_bcra to 2024-10-30 00:01:00+00:00, run_after=2024-10-31 00:01:00+00:00
[2024-10-30T20:42:01.071-0300] {processor.py:208} INFO - Processing /mnt/c/Users/Nicolas/OneDrive - BCRA/Cursos/Python Data Application (ITBA)/variables-economicas/dags/dag_variables_bcra.py took 1.798 seconds
[2024-10-30T20:44:09.723-0300] {processor.py:186} INFO - Started process (PID=95343) to work on /mnt/c/Users/Nicolas/OneDrive - BCRA/Cursos/Python Data Application (ITBA)/variables-economicas/dags/dag_variables_bcra.py
[2024-10-30T20:44:09.726-0300] {processor.py:914} INFO - Processing file /mnt/c/Users/Nicolas/OneDrive - BCRA/Cursos/Python Data Application (ITBA)/variables-economicas/dags/dag_variables_bcra.py for tasks to queue
[2024-10-30T20:44:09.731-0300] {logging_mixin.py:190} INFO - [2024-10-30T20:44:09.729-0300] {dagbag.py:588} INFO - Filling up the DagBag from /mnt/c/Users/Nicolas/OneDrive - BCRA/Cursos/Python Data Application (ITBA)/variables-economicas/dags/dag_variables_bcra.py
[2024-10-30T20:44:10.823-0300] {processor.py:925} INFO - DAG(s) 'etl_redshift_dag_variables_bcra' retrieved from /mnt/c/Users/Nicolas/OneDrive - BCRA/Cursos/Python Data Application (ITBA)/variables-economicas/dags/dag_variables_bcra.py
[2024-10-30T20:44:10.902-0300] {logging_mixin.py:190} INFO - [2024-10-30T20:44:10.902-0300] {dag.py:3239} INFO - Sync 1 DAGs
[2024-10-30T20:44:10.952-0300] {logging_mixin.py:190} INFO - [2024-10-30T20:44:10.951-0300] {dag.py:4180} INFO - Setting next_dagrun for etl_redshift_dag_variables_bcra to 2024-10-30 00:01:00+00:00, run_after=2024-10-31 00:01:00+00:00
[2024-10-30T20:44:11.058-0300] {processor.py:208} INFO - Processing /mnt/c/Users/Nicolas/OneDrive - BCRA/Cursos/Python Data Application (ITBA)/variables-economicas/dags/dag_variables_bcra.py took 1.352 seconds
[2024-10-30T20:46:59.853-0300] {processor.py:186} INFO - Started process (PID=96116) to work on /mnt/c/Users/Nicolas/OneDrive - BCRA/Cursos/Python Data Application (ITBA)/variables-economicas/dags/dag_variables_bcra.py
[2024-10-30T20:46:59.856-0300] {processor.py:914} INFO - Processing file /mnt/c/Users/Nicolas/OneDrive - BCRA/Cursos/Python Data Application (ITBA)/variables-economicas/dags/dag_variables_bcra.py for tasks to queue
[2024-10-30T20:46:59.859-0300] {logging_mixin.py:190} INFO - [2024-10-30T20:46:59.858-0300] {dagbag.py:588} INFO - Filling up the DagBag from /mnt/c/Users/Nicolas/OneDrive - BCRA/Cursos/Python Data Application (ITBA)/variables-economicas/dags/dag_variables_bcra.py
[2024-10-30T20:47:01.211-0300] {processor.py:925} INFO - DAG(s) 'etl_redshift_dag_variables_bcra' retrieved from /mnt/c/Users/Nicolas/OneDrive - BCRA/Cursos/Python Data Application (ITBA)/variables-economicas/dags/dag_variables_bcra.py
[2024-10-30T20:47:01.361-0300] {logging_mixin.py:190} INFO - [2024-10-30T20:47:01.361-0300] {dag.py:3239} INFO - Sync 1 DAGs
[2024-10-30T20:47:01.479-0300] {logging_mixin.py:190} INFO - [2024-10-30T20:47:01.478-0300] {dag.py:4180} INFO - Setting next_dagrun for etl_redshift_dag_variables_bcra to 2024-10-30 00:01:00+00:00, run_after=2024-10-31 00:01:00+00:00
[2024-10-30T20:47:01.700-0300] {processor.py:208} INFO - Processing /mnt/c/Users/Nicolas/OneDrive - BCRA/Cursos/Python Data Application (ITBA)/variables-economicas/dags/dag_variables_bcra.py took 1.864 seconds
[2024-10-30T20:51:56.692-0300] {processor.py:186} INFO - Started process (PID=97370) to work on /mnt/c/Users/Nicolas/OneDrive - BCRA/Cursos/Python Data Application (ITBA)/variables-economicas/dags/dag_variables_bcra.py
[2024-10-30T20:51:56.697-0300] {processor.py:914} INFO - Processing file /mnt/c/Users/Nicolas/OneDrive - BCRA/Cursos/Python Data Application (ITBA)/variables-economicas/dags/dag_variables_bcra.py for tasks to queue
[2024-10-30T20:51:56.704-0300] {logging_mixin.py:190} INFO - [2024-10-30T20:51:56.702-0300] {dagbag.py:588} INFO - Filling up the DagBag from /mnt/c/Users/Nicolas/OneDrive - BCRA/Cursos/Python Data Application (ITBA)/variables-economicas/dags/dag_variables_bcra.py
[2024-10-30T20:51:58.009-0300] {processor.py:925} INFO - DAG(s) 'etl_redshift_dag_variables_bcra' retrieved from /mnt/c/Users/Nicolas/OneDrive - BCRA/Cursos/Python Data Application (ITBA)/variables-economicas/dags/dag_variables_bcra.py
[2024-10-30T20:51:58.076-0300] {logging_mixin.py:190} INFO - [2024-10-30T20:51:58.076-0300] {dag.py:3239} INFO - Sync 1 DAGs
[2024-10-30T20:51:58.135-0300] {logging_mixin.py:190} INFO - [2024-10-30T20:51:58.134-0300] {dag.py:4180} INFO - Setting next_dagrun for etl_redshift_dag_variables_bcra to 2024-10-30 00:01:00+00:00, run_after=2024-10-31 00:01:00+00:00
[2024-10-30T20:51:58.344-0300] {processor.py:208} INFO - Processing /mnt/c/Users/Nicolas/OneDrive - BCRA/Cursos/Python Data Application (ITBA)/variables-economicas/dags/dag_variables_bcra.py took 1.679 seconds
[2024-10-30T20:54:28.655-0300] {processor.py:186} INFO - Started process (PID=98021) to work on /mnt/c/Users/Nicolas/OneDrive - BCRA/Cursos/Python Data Application (ITBA)/variables-economicas/dags/dag_variables_bcra.py
[2024-10-30T20:54:28.658-0300] {processor.py:914} INFO - Processing file /mnt/c/Users/Nicolas/OneDrive - BCRA/Cursos/Python Data Application (ITBA)/variables-economicas/dags/dag_variables_bcra.py for tasks to queue
[2024-10-30T20:54:28.662-0300] {logging_mixin.py:190} INFO - [2024-10-30T20:54:28.661-0300] {dagbag.py:588} INFO - Filling up the DagBag from /mnt/c/Users/Nicolas/OneDrive - BCRA/Cursos/Python Data Application (ITBA)/variables-economicas/dags/dag_variables_bcra.py
[2024-10-30T20:54:29.925-0300] {processor.py:925} INFO - DAG(s) 'etl_redshift_dag_variables_bcra' retrieved from /mnt/c/Users/Nicolas/OneDrive - BCRA/Cursos/Python Data Application (ITBA)/variables-economicas/dags/dag_variables_bcra.py
[2024-10-30T20:54:30.004-0300] {logging_mixin.py:190} INFO - [2024-10-30T20:54:30.003-0300] {dag.py:3239} INFO - Sync 1 DAGs
[2024-10-30T20:54:30.075-0300] {logging_mixin.py:190} INFO - [2024-10-30T20:54:30.074-0300] {dag.py:4180} INFO - Setting next_dagrun for etl_redshift_dag_variables_bcra to 2024-10-30 00:01:00+00:00, run_after=2024-10-31 00:01:00+00:00
[2024-10-30T20:54:30.198-0300] {processor.py:208} INFO - Processing /mnt/c/Users/Nicolas/OneDrive - BCRA/Cursos/Python Data Application (ITBA)/variables-economicas/dags/dag_variables_bcra.py took 1.559 seconds
[2024-10-30T20:55:44.056-0300] {processor.py:186} INFO - Started process (PID=98354) to work on /mnt/c/Users/Nicolas/OneDrive - BCRA/Cursos/Python Data Application (ITBA)/variables-economicas/dags/dag_variables_bcra.py
[2024-10-30T20:55:44.061-0300] {processor.py:914} INFO - Processing file /mnt/c/Users/Nicolas/OneDrive - BCRA/Cursos/Python Data Application (ITBA)/variables-economicas/dags/dag_variables_bcra.py for tasks to queue
[2024-10-30T20:55:44.069-0300] {logging_mixin.py:190} INFO - [2024-10-30T20:55:44.068-0300] {dagbag.py:588} INFO - Filling up the DagBag from /mnt/c/Users/Nicolas/OneDrive - BCRA/Cursos/Python Data Application (ITBA)/variables-economicas/dags/dag_variables_bcra.py
[2024-10-30T20:55:45.169-0300] {processor.py:925} INFO - DAG(s) 'etl_redshift_dag_variables_bcra' retrieved from /mnt/c/Users/Nicolas/OneDrive - BCRA/Cursos/Python Data Application (ITBA)/variables-economicas/dags/dag_variables_bcra.py
[2024-10-30T20:55:45.322-0300] {logging_mixin.py:190} INFO - [2024-10-30T20:55:45.321-0300] {dag.py:3239} INFO - Sync 1 DAGs
[2024-10-30T20:55:45.478-0300] {logging_mixin.py:190} INFO - [2024-10-30T20:55:45.477-0300] {dag.py:4180} INFO - Setting next_dagrun for etl_redshift_dag_variables_bcra to 2024-10-30 00:01:00+00:00, run_after=2024-10-31 00:01:00+00:00
[2024-10-30T20:55:45.735-0300] {processor.py:208} INFO - Processing /mnt/c/Users/Nicolas/OneDrive - BCRA/Cursos/Python Data Application (ITBA)/variables-economicas/dags/dag_variables_bcra.py took 1.699 seconds
[2024-10-30T20:56:52.338-0300] {processor.py:186} INFO - Started process (PID=98656) to work on /mnt/c/Users/Nicolas/OneDrive - BCRA/Cursos/Python Data Application (ITBA)/variables-economicas/dags/dag_variables_bcra.py
[2024-10-30T20:56:52.341-0300] {processor.py:914} INFO - Processing file /mnt/c/Users/Nicolas/OneDrive - BCRA/Cursos/Python Data Application (ITBA)/variables-economicas/dags/dag_variables_bcra.py for tasks to queue
[2024-10-30T20:56:52.346-0300] {logging_mixin.py:190} INFO - [2024-10-30T20:56:52.345-0300] {dagbag.py:588} INFO - Filling up the DagBag from /mnt/c/Users/Nicolas/OneDrive - BCRA/Cursos/Python Data Application (ITBA)/variables-economicas/dags/dag_variables_bcra.py
[2024-10-30T20:56:53.439-0300] {processor.py:925} INFO - DAG(s) 'etl_redshift_dag_variables_bcra' retrieved from /mnt/c/Users/Nicolas/OneDrive - BCRA/Cursos/Python Data Application (ITBA)/variables-economicas/dags/dag_variables_bcra.py
[2024-10-30T20:56:53.495-0300] {logging_mixin.py:190} INFO - [2024-10-30T20:56:53.494-0300] {dag.py:3239} INFO - Sync 1 DAGs
[2024-10-30T20:56:53.563-0300] {logging_mixin.py:190} INFO - [2024-10-30T20:56:53.562-0300] {dag.py:4180} INFO - Setting next_dagrun for etl_redshift_dag_variables_bcra to 2024-10-30 00:01:00+00:00, run_after=2024-10-31 00:01:00+00:00
[2024-10-30T20:56:53.688-0300] {processor.py:208} INFO - Processing /mnt/c/Users/Nicolas/OneDrive - BCRA/Cursos/Python Data Application (ITBA)/variables-economicas/dags/dag_variables_bcra.py took 1.366 seconds
[2024-10-30T20:57:57.624-0300] {processor.py:186} INFO - Started process (PID=98948) to work on /mnt/c/Users/Nicolas/OneDrive - BCRA/Cursos/Python Data Application (ITBA)/variables-economicas/dags/dag_variables_bcra.py
[2024-10-30T20:57:57.627-0300] {processor.py:914} INFO - Processing file /mnt/c/Users/Nicolas/OneDrive - BCRA/Cursos/Python Data Application (ITBA)/variables-economicas/dags/dag_variables_bcra.py for tasks to queue
[2024-10-30T20:57:57.632-0300] {logging_mixin.py:190} INFO - [2024-10-30T20:57:57.630-0300] {dagbag.py:588} INFO - Filling up the DagBag from /mnt/c/Users/Nicolas/OneDrive - BCRA/Cursos/Python Data Application (ITBA)/variables-economicas/dags/dag_variables_bcra.py
[2024-10-30T20:57:58.876-0300] {processor.py:925} INFO - DAG(s) 'etl_redshift_dag_variables_bcra' retrieved from /mnt/c/Users/Nicolas/OneDrive - BCRA/Cursos/Python Data Application (ITBA)/variables-economicas/dags/dag_variables_bcra.py
[2024-10-30T20:57:58.937-0300] {logging_mixin.py:190} INFO - [2024-10-30T20:57:58.936-0300] {dag.py:3239} INFO - Sync 1 DAGs
[2024-10-30T20:57:59.001-0300] {logging_mixin.py:190} INFO - [2024-10-30T20:57:59.000-0300] {dag.py:4180} INFO - Setting next_dagrun for etl_redshift_dag_variables_bcra to 2024-10-30 00:01:00+00:00, run_after=2024-10-31 00:01:00+00:00
[2024-10-30T20:58:00.565-0300] {processor.py:208} INFO - Processing /mnt/c/Users/Nicolas/OneDrive - BCRA/Cursos/Python Data Application (ITBA)/variables-economicas/dags/dag_variables_bcra.py took 2.960 seconds
[2024-10-30T20:59:07.560-0300] {processor.py:186} INFO - Started process (PID=99255) to work on /mnt/c/Users/Nicolas/OneDrive - BCRA/Cursos/Python Data Application (ITBA)/variables-economicas/dags/dag_variables_bcra.py
[2024-10-30T20:59:07.563-0300] {processor.py:914} INFO - Processing file /mnt/c/Users/Nicolas/OneDrive - BCRA/Cursos/Python Data Application (ITBA)/variables-economicas/dags/dag_variables_bcra.py for tasks to queue
[2024-10-30T20:59:07.568-0300] {logging_mixin.py:190} INFO - [2024-10-30T20:59:07.567-0300] {dagbag.py:588} INFO - Filling up the DagBag from /mnt/c/Users/Nicolas/OneDrive - BCRA/Cursos/Python Data Application (ITBA)/variables-economicas/dags/dag_variables_bcra.py
[2024-10-30T20:59:08.703-0300] {processor.py:925} INFO - DAG(s) 'etl_redshift_dag_variables_bcra' retrieved from /mnt/c/Users/Nicolas/OneDrive - BCRA/Cursos/Python Data Application (ITBA)/variables-economicas/dags/dag_variables_bcra.py
[2024-10-30T20:59:08.804-0300] {logging_mixin.py:190} INFO - [2024-10-30T20:59:08.803-0300] {dag.py:3239} INFO - Sync 1 DAGs
[2024-10-30T20:59:08.883-0300] {logging_mixin.py:190} INFO - [2024-10-30T20:59:08.882-0300] {dag.py:4180} INFO - Setting next_dagrun for etl_redshift_dag_variables_bcra to 2024-10-30 00:01:00+00:00, run_after=2024-10-31 00:01:00+00:00
[2024-10-30T20:59:09.014-0300] {processor.py:208} INFO - Processing /mnt/c/Users/Nicolas/OneDrive - BCRA/Cursos/Python Data Application (ITBA)/variables-economicas/dags/dag_variables_bcra.py took 1.482 seconds
