[2024-10-19T13:01:20.960-0300] {processor.py:186} INFO - Started process (PID=8744) to work on /home/nico/.local/lib/python3.10/site-packages/airflow/example_dags/example_setup_teardown.py
[2024-10-19T13:01:20.962-0300] {processor.py:914} INFO - Processing file /home/nico/.local/lib/python3.10/site-packages/airflow/example_dags/example_setup_teardown.py for tasks to queue
[2024-10-19T13:01:20.967-0300] {logging_mixin.py:190} INFO - [2024-10-19T13:01:20.966-0300] {dagbag.py:588} INFO - Filling up the DagBag from /home/nico/.local/lib/python3.10/site-packages/airflow/example_dags/example_setup_teardown.py
[2024-10-19T13:01:20.983-0300] {processor.py:925} INFO - DAG(s) 'example_setup_teardown' retrieved from /home/nico/.local/lib/python3.10/site-packages/airflow/example_dags/example_setup_teardown.py
[2024-10-19T13:01:21.306-0300] {logging_mixin.py:190} INFO - [2024-10-19T13:01:21.304-0300] {override.py:1907} INFO - Created Permission View: can delete on DAG:example_setup_teardown
[2024-10-19T13:01:21.385-0300] {logging_mixin.py:190} INFO - [2024-10-19T13:01:21.384-0300] {override.py:1907} INFO - Created Permission View: can edit on DAG:example_setup_teardown
[2024-10-19T13:01:21.473-0300] {logging_mixin.py:190} INFO - [2024-10-19T13:01:21.472-0300] {override.py:1907} INFO - Created Permission View: can read on DAG:example_setup_teardown
[2024-10-19T13:01:21.589-0300] {logging_mixin.py:190} INFO - [2024-10-19T13:01:21.588-0300] {override.py:1907} INFO - Created Permission View: can delete on DAG Run:example_setup_teardown
[2024-10-19T13:01:21.659-0300] {logging_mixin.py:190} INFO - [2024-10-19T13:01:21.658-0300] {override.py:1907} INFO - Created Permission View: menu access on DAG Run:example_setup_teardown
[2024-10-19T13:01:21.732-0300] {logging_mixin.py:190} INFO - [2024-10-19T13:01:21.731-0300] {override.py:1907} INFO - Created Permission View: can create on DAG Run:example_setup_teardown
[2024-10-19T13:01:21.806-0300] {logging_mixin.py:190} INFO - [2024-10-19T13:01:21.805-0300] {override.py:1907} INFO - Created Permission View: can read on DAG Run:example_setup_teardown
[2024-10-19T13:01:21.808-0300] {logging_mixin.py:190} INFO - [2024-10-19T13:01:21.808-0300] {dag.py:3239} INFO - Sync 1 DAGs
[2024-10-19T13:01:21.852-0300] {logging_mixin.py:190} INFO - [2024-10-19T13:01:21.852-0300] {dag.py:3262} INFO - Creating ORM DAG for example_setup_teardown
[2024-10-19T13:01:21.854-0300] {logging_mixin.py:190} INFO - [2024-10-19T13:01:21.854-0300] {dag.py:4180} INFO - Setting next_dagrun for example_setup_teardown to None, run_after=None
[2024-10-19T13:01:22.026-0300] {processor.py:208} INFO - Processing /home/nico/.local/lib/python3.10/site-packages/airflow/example_dags/example_setup_teardown.py took 1.081 seconds
[2024-10-19T13:03:28.548-0300] {processor.py:186} INFO - Started process (PID=8805) to work on /home/nico/.local/lib/python3.10/site-packages/airflow/example_dags/example_setup_teardown.py
[2024-10-19T13:03:28.550-0300] {processor.py:914} INFO - Processing file /home/nico/.local/lib/python3.10/site-packages/airflow/example_dags/example_setup_teardown.py for tasks to queue
[2024-10-19T13:03:28.556-0300] {logging_mixin.py:190} INFO - [2024-10-19T13:03:28.555-0300] {dagbag.py:588} INFO - Filling up the DagBag from /home/nico/.local/lib/python3.10/site-packages/airflow/example_dags/example_setup_teardown.py
[2024-10-19T13:03:28.573-0300] {processor.py:925} INFO - DAG(s) 'example_setup_teardown' retrieved from /home/nico/.local/lib/python3.10/site-packages/airflow/example_dags/example_setup_teardown.py
[2024-10-19T13:03:28.625-0300] {logging_mixin.py:190} INFO - [2024-10-19T13:03:28.624-0300] {dag.py:3239} INFO - Sync 1 DAGs
[2024-10-19T13:03:28.659-0300] {logging_mixin.py:190} INFO - [2024-10-19T13:03:28.658-0300] {dag.py:4180} INFO - Setting next_dagrun for example_setup_teardown to None, run_after=None
[2024-10-19T13:03:28.773-0300] {processor.py:208} INFO - Processing /home/nico/.local/lib/python3.10/site-packages/airflow/example_dags/example_setup_teardown.py took 0.240 seconds
[2024-10-19T13:05:22.904-0300] {processor.py:186} INFO - Started process (PID=8884) to work on /home/nico/.local/lib/python3.10/site-packages/airflow/example_dags/example_setup_teardown.py
[2024-10-19T13:05:22.908-0300] {processor.py:914} INFO - Processing file /home/nico/.local/lib/python3.10/site-packages/airflow/example_dags/example_setup_teardown.py for tasks to queue
[2024-10-19T13:05:22.922-0300] {logging_mixin.py:190} INFO - [2024-10-19T13:05:22.921-0300] {dagbag.py:588} INFO - Filling up the DagBag from /home/nico/.local/lib/python3.10/site-packages/airflow/example_dags/example_setup_teardown.py
[2024-10-19T13:05:22.963-0300] {processor.py:925} INFO - DAG(s) 'example_setup_teardown' retrieved from /home/nico/.local/lib/python3.10/site-packages/airflow/example_dags/example_setup_teardown.py
[2024-10-19T13:05:23.036-0300] {logging_mixin.py:190} INFO - [2024-10-19T13:05:23.036-0300] {dag.py:3239} INFO - Sync 1 DAGs
[2024-10-19T13:05:23.083-0300] {logging_mixin.py:190} INFO - [2024-10-19T13:05:23.082-0300] {dag.py:4180} INFO - Setting next_dagrun for example_setup_teardown to None, run_after=None
[2024-10-19T13:05:23.230-0300] {processor.py:208} INFO - Processing /home/nico/.local/lib/python3.10/site-packages/airflow/example_dags/example_setup_teardown.py took 0.347 seconds
[2024-10-19T13:07:40.694-0300] {processor.py:186} INFO - Started process (PID=8965) to work on /home/nico/.local/lib/python3.10/site-packages/airflow/example_dags/example_setup_teardown.py
[2024-10-19T13:07:40.697-0300] {processor.py:914} INFO - Processing file /home/nico/.local/lib/python3.10/site-packages/airflow/example_dags/example_setup_teardown.py for tasks to queue
[2024-10-19T13:07:40.704-0300] {logging_mixin.py:190} INFO - [2024-10-19T13:07:40.703-0300] {dagbag.py:588} INFO - Filling up the DagBag from /home/nico/.local/lib/python3.10/site-packages/airflow/example_dags/example_setup_teardown.py
[2024-10-19T13:07:40.730-0300] {processor.py:925} INFO - DAG(s) 'example_setup_teardown' retrieved from /home/nico/.local/lib/python3.10/site-packages/airflow/example_dags/example_setup_teardown.py
[2024-10-19T13:07:40.793-0300] {logging_mixin.py:190} INFO - [2024-10-19T13:07:40.792-0300] {dag.py:3239} INFO - Sync 1 DAGs
[2024-10-19T13:07:40.829-0300] {logging_mixin.py:190} INFO - [2024-10-19T13:07:40.828-0300] {dag.py:4180} INFO - Setting next_dagrun for example_setup_teardown to None, run_after=None
[2024-10-19T13:07:41.001-0300] {processor.py:208} INFO - Processing /home/nico/.local/lib/python3.10/site-packages/airflow/example_dags/example_setup_teardown.py took 0.324 seconds
[2024-10-19T13:09:45.998-0300] {processor.py:186} INFO - Started process (PID=9051) to work on /home/nico/.local/lib/python3.10/site-packages/airflow/example_dags/example_setup_teardown.py
[2024-10-19T13:09:46.000-0300] {processor.py:914} INFO - Processing file /home/nico/.local/lib/python3.10/site-packages/airflow/example_dags/example_setup_teardown.py for tasks to queue
[2024-10-19T13:09:46.006-0300] {logging_mixin.py:190} INFO - [2024-10-19T13:09:46.005-0300] {dagbag.py:588} INFO - Filling up the DagBag from /home/nico/.local/lib/python3.10/site-packages/airflow/example_dags/example_setup_teardown.py
[2024-10-19T13:09:46.030-0300] {processor.py:925} INFO - DAG(s) 'example_setup_teardown' retrieved from /home/nico/.local/lib/python3.10/site-packages/airflow/example_dags/example_setup_teardown.py
[2024-10-19T13:09:46.094-0300] {logging_mixin.py:190} INFO - [2024-10-19T13:09:46.093-0300] {dag.py:3239} INFO - Sync 1 DAGs
[2024-10-19T13:09:46.147-0300] {logging_mixin.py:190} INFO - [2024-10-19T13:09:46.146-0300] {dag.py:4180} INFO - Setting next_dagrun for example_setup_teardown to None, run_after=None
[2024-10-19T13:09:46.303-0300] {processor.py:208} INFO - Processing /home/nico/.local/lib/python3.10/site-packages/airflow/example_dags/example_setup_teardown.py took 0.318 seconds
[2024-10-19T13:12:06.176-0300] {processor.py:186} INFO - Started process (PID=9128) to work on /home/nico/.local/lib/python3.10/site-packages/airflow/example_dags/example_setup_teardown.py
[2024-10-19T13:12:06.180-0300] {processor.py:914} INFO - Processing file /home/nico/.local/lib/python3.10/site-packages/airflow/example_dags/example_setup_teardown.py for tasks to queue
[2024-10-19T13:12:06.187-0300] {logging_mixin.py:190} INFO - [2024-10-19T13:12:06.186-0300] {dagbag.py:588} INFO - Filling up the DagBag from /home/nico/.local/lib/python3.10/site-packages/airflow/example_dags/example_setup_teardown.py
[2024-10-19T13:12:06.219-0300] {processor.py:925} INFO - DAG(s) 'example_setup_teardown' retrieved from /home/nico/.local/lib/python3.10/site-packages/airflow/example_dags/example_setup_teardown.py
[2024-10-19T13:12:06.274-0300] {logging_mixin.py:190} INFO - [2024-10-19T13:12:06.274-0300] {dag.py:3239} INFO - Sync 1 DAGs
[2024-10-19T13:12:06.319-0300] {logging_mixin.py:190} INFO - [2024-10-19T13:12:06.319-0300] {dag.py:4180} INFO - Setting next_dagrun for example_setup_teardown to None, run_after=None
[2024-10-19T13:12:06.458-0300] {processor.py:208} INFO - Processing /home/nico/.local/lib/python3.10/site-packages/airflow/example_dags/example_setup_teardown.py took 0.306 seconds
