[2024-10-19T13:02:19.586-0300] {processor.py:186} INFO - Started process (PID=8762) to work on /home/nico/.local/lib/python3.10/site-packages/airflow/example_dags/example_branch_labels.py
[2024-10-19T13:02:19.604-0300] {processor.py:914} INFO - Processing file /home/nico/.local/lib/python3.10/site-packages/airflow/example_dags/example_branch_labels.py for tasks to queue
[2024-10-19T13:02:19.621-0300] {logging_mixin.py:190} INFO - [2024-10-19T13:02:19.620-0300] {dagbag.py:588} INFO - Filling up the DagBag from /home/nico/.local/lib/python3.10/site-packages/airflow/example_dags/example_branch_labels.py
[2024-10-19T13:02:19.699-0300] {processor.py:925} INFO - DAG(s) 'example_branch_labels' retrieved from /home/nico/.local/lib/python3.10/site-packages/airflow/example_dags/example_branch_labels.py
[2024-10-19T13:02:20.062-0300] {logging_mixin.py:190} INFO - [2024-10-19T13:02:20.060-0300] {override.py:1907} INFO - Created Permission View: can delete on DAG:example_branch_labels
[2024-10-19T13:02:20.151-0300] {logging_mixin.py:190} INFO - [2024-10-19T13:02:20.149-0300] {override.py:1907} INFO - Created Permission View: can edit on DAG:example_branch_labels
[2024-10-19T13:02:20.229-0300] {logging_mixin.py:190} INFO - [2024-10-19T13:02:20.228-0300] {override.py:1907} INFO - Created Permission View: can read on DAG:example_branch_labels
[2024-10-19T13:02:20.376-0300] {logging_mixin.py:190} INFO - [2024-10-19T13:02:20.375-0300] {override.py:1907} INFO - Created Permission View: can delete on DAG Run:example_branch_labels
[2024-10-19T13:02:20.453-0300] {logging_mixin.py:190} INFO - [2024-10-19T13:02:20.452-0300] {override.py:1907} INFO - Created Permission View: menu access on DAG Run:example_branch_labels
[2024-10-19T13:02:20.522-0300] {logging_mixin.py:190} INFO - [2024-10-19T13:02:20.521-0300] {override.py:1907} INFO - Created Permission View: can create on DAG Run:example_branch_labels
[2024-10-19T13:02:20.593-0300] {logging_mixin.py:190} INFO - [2024-10-19T13:02:20.591-0300] {override.py:1907} INFO - Created Permission View: can read on DAG Run:example_branch_labels
[2024-10-19T13:02:20.595-0300] {logging_mixin.py:190} INFO - [2024-10-19T13:02:20.594-0300] {dag.py:3239} INFO - Sync 1 DAGs
[2024-10-19T13:02:20.645-0300] {logging_mixin.py:190} INFO - [2024-10-19T13:02:20.644-0300] {dag.py:3262} INFO - Creating ORM DAG for example_branch_labels
[2024-10-19T13:02:20.683-0300] {logging_mixin.py:190} INFO - [2024-10-19T13:02:20.683-0300] {dag.py:4180} INFO - Setting next_dagrun for example_branch_labels to 2024-10-18 00:00:00+00:00, run_after=2024-10-19 00:00:00+00:00
[2024-10-19T13:02:20.808-0300] {processor.py:208} INFO - Processing /home/nico/.local/lib/python3.10/site-packages/airflow/example_dags/example_branch_labels.py took 1.269 seconds
[2024-10-19T13:04:34.459-0300] {processor.py:186} INFO - Started process (PID=8851) to work on /home/nico/.local/lib/python3.10/site-packages/airflow/example_dags/example_branch_labels.py
[2024-10-19T13:04:34.462-0300] {processor.py:914} INFO - Processing file /home/nico/.local/lib/python3.10/site-packages/airflow/example_dags/example_branch_labels.py for tasks to queue
[2024-10-19T13:04:34.466-0300] {logging_mixin.py:190} INFO - [2024-10-19T13:04:34.465-0300] {dagbag.py:588} INFO - Filling up the DagBag from /home/nico/.local/lib/python3.10/site-packages/airflow/example_dags/example_branch_labels.py
[2024-10-19T13:04:34.487-0300] {processor.py:925} INFO - DAG(s) 'example_branch_labels' retrieved from /home/nico/.local/lib/python3.10/site-packages/airflow/example_dags/example_branch_labels.py
[2024-10-19T13:04:34.547-0300] {logging_mixin.py:190} INFO - [2024-10-19T13:04:34.547-0300] {dag.py:3239} INFO - Sync 1 DAGs
[2024-10-19T13:04:34.630-0300] {logging_mixin.py:190} INFO - [2024-10-19T13:04:34.629-0300] {dag.py:4180} INFO - Setting next_dagrun for example_branch_labels to 2024-10-18 00:00:00+00:00, run_after=2024-10-19 00:00:00+00:00
[2024-10-19T13:04:34.772-0300] {processor.py:208} INFO - Processing /home/nico/.local/lib/python3.10/site-packages/airflow/example_dags/example_branch_labels.py took 0.323 seconds
[2024-10-19T13:06:39.995-0300] {processor.py:186} INFO - Started process (PID=8930) to work on /home/nico/.local/lib/python3.10/site-packages/airflow/example_dags/example_branch_labels.py
[2024-10-19T13:06:39.998-0300] {processor.py:914} INFO - Processing file /home/nico/.local/lib/python3.10/site-packages/airflow/example_dags/example_branch_labels.py for tasks to queue
[2024-10-19T13:06:40.004-0300] {logging_mixin.py:190} INFO - [2024-10-19T13:06:40.002-0300] {dagbag.py:588} INFO - Filling up the DagBag from /home/nico/.local/lib/python3.10/site-packages/airflow/example_dags/example_branch_labels.py
[2024-10-19T13:06:40.031-0300] {processor.py:925} INFO - DAG(s) 'example_branch_labels' retrieved from /home/nico/.local/lib/python3.10/site-packages/airflow/example_dags/example_branch_labels.py
[2024-10-19T13:06:40.081-0300] {logging_mixin.py:190} INFO - [2024-10-19T13:06:40.080-0300] {dag.py:3239} INFO - Sync 1 DAGs
[2024-10-19T13:06:40.140-0300] {logging_mixin.py:190} INFO - [2024-10-19T13:06:40.139-0300] {dag.py:4180} INFO - Setting next_dagrun for example_branch_labels to 2024-10-18 00:00:00+00:00, run_after=2024-10-19 00:00:00+00:00
[2024-10-19T13:06:40.243-0300] {processor.py:208} INFO - Processing /home/nico/.local/lib/python3.10/site-packages/airflow/example_dags/example_branch_labels.py took 0.270 seconds
[2024-10-19T13:08:50.130-0300] {processor.py:186} INFO - Started process (PID=9012) to work on /home/nico/.local/lib/python3.10/site-packages/airflow/example_dags/example_branch_labels.py
[2024-10-19T13:08:50.133-0300] {processor.py:914} INFO - Processing file /home/nico/.local/lib/python3.10/site-packages/airflow/example_dags/example_branch_labels.py for tasks to queue
[2024-10-19T13:08:50.139-0300] {logging_mixin.py:190} INFO - [2024-10-19T13:08:50.138-0300] {dagbag.py:588} INFO - Filling up the DagBag from /home/nico/.local/lib/python3.10/site-packages/airflow/example_dags/example_branch_labels.py
[2024-10-19T13:08:50.223-0300] {processor.py:925} INFO - DAG(s) 'example_branch_labels' retrieved from /home/nico/.local/lib/python3.10/site-packages/airflow/example_dags/example_branch_labels.py
[2024-10-19T13:08:50.406-0300] {logging_mixin.py:190} INFO - [2024-10-19T13:08:50.405-0300] {dag.py:3239} INFO - Sync 1 DAGs
[2024-10-19T13:08:50.666-0300] {logging_mixin.py:190} INFO - [2024-10-19T13:08:50.665-0300] {dag.py:4180} INFO - Setting next_dagrun for example_branch_labels to 2024-10-18 00:00:00+00:00, run_after=2024-10-19 00:00:00+00:00
[2024-10-19T13:08:50.781-0300] {processor.py:208} INFO - Processing /home/nico/.local/lib/python3.10/site-packages/airflow/example_dags/example_branch_labels.py took 0.667 seconds
[2024-10-19T13:11:14.819-0300] {processor.py:186} INFO - Started process (PID=9096) to work on /home/nico/.local/lib/python3.10/site-packages/airflow/example_dags/example_branch_labels.py
[2024-10-19T13:11:14.821-0300] {processor.py:914} INFO - Processing file /home/nico/.local/lib/python3.10/site-packages/airflow/example_dags/example_branch_labels.py for tasks to queue
[2024-10-19T13:11:14.828-0300] {logging_mixin.py:190} INFO - [2024-10-19T13:11:14.827-0300] {dagbag.py:588} INFO - Filling up the DagBag from /home/nico/.local/lib/python3.10/site-packages/airflow/example_dags/example_branch_labels.py
[2024-10-19T13:11:14.851-0300] {processor.py:925} INFO - DAG(s) 'example_branch_labels' retrieved from /home/nico/.local/lib/python3.10/site-packages/airflow/example_dags/example_branch_labels.py
[2024-10-19T13:11:14.904-0300] {logging_mixin.py:190} INFO - [2024-10-19T13:11:14.904-0300] {dag.py:3239} INFO - Sync 1 DAGs
[2024-10-19T13:11:15.002-0300] {logging_mixin.py:190} INFO - [2024-10-19T13:11:15.001-0300] {dag.py:4180} INFO - Setting next_dagrun for example_branch_labels to 2024-10-18 00:00:00+00:00, run_after=2024-10-19 00:00:00+00:00
[2024-10-19T13:11:15.164-0300] {processor.py:208} INFO - Processing /home/nico/.local/lib/python3.10/site-packages/airflow/example_dags/example_branch_labels.py took 0.364 seconds
[2024-10-19T13:13:49.912-0300] {processor.py:186} INFO - Started process (PID=9186) to work on /home/nico/.local/lib/python3.10/site-packages/airflow/example_dags/example_branch_labels.py
[2024-10-19T13:13:49.918-0300] {processor.py:914} INFO - Processing file /home/nico/.local/lib/python3.10/site-packages/airflow/example_dags/example_branch_labels.py for tasks to queue
[2024-10-19T13:13:49.929-0300] {logging_mixin.py:190} INFO - [2024-10-19T13:13:49.926-0300] {dagbag.py:588} INFO - Filling up the DagBag from /home/nico/.local/lib/python3.10/site-packages/airflow/example_dags/example_branch_labels.py
[2024-10-19T13:13:49.957-0300] {processor.py:925} INFO - DAG(s) 'example_branch_labels' retrieved from /home/nico/.local/lib/python3.10/site-packages/airflow/example_dags/example_branch_labels.py
[2024-10-19T13:13:50.026-0300] {logging_mixin.py:190} INFO - [2024-10-19T13:13:50.026-0300] {dag.py:3239} INFO - Sync 1 DAGs
[2024-10-19T13:13:50.106-0300] {logging_mixin.py:190} INFO - [2024-10-19T13:13:50.105-0300] {dag.py:4180} INFO - Setting next_dagrun for example_branch_labels to 2024-10-18 00:00:00+00:00, run_after=2024-10-19 00:00:00+00:00
[2024-10-19T13:13:50.242-0300] {processor.py:208} INFO - Processing /home/nico/.local/lib/python3.10/site-packages/airflow/example_dags/example_branch_labels.py took 0.367 seconds
