[2024-10-19T13:02:14.064-0300] {processor.py:186} INFO - Started process (PID=8760) to work on /home/nico/.local/lib/python3.10/site-packages/airflow/example_dags/example_branch_day_of_week_operator.py
[2024-10-19T13:02:14.070-0300] {processor.py:914} INFO - Processing file /home/nico/.local/lib/python3.10/site-packages/airflow/example_dags/example_branch_day_of_week_operator.py for tasks to queue
[2024-10-19T13:02:14.083-0300] {logging_mixin.py:190} INFO - [2024-10-19T13:02:14.082-0300] {dagbag.py:588} INFO - Filling up the DagBag from /home/nico/.local/lib/python3.10/site-packages/airflow/example_dags/example_branch_day_of_week_operator.py
[2024-10-19T13:02:14.150-0300] {processor.py:925} INFO - DAG(s) 'example_weekday_branch_operator' retrieved from /home/nico/.local/lib/python3.10/site-packages/airflow/example_dags/example_branch_day_of_week_operator.py
[2024-10-19T13:02:14.565-0300] {logging_mixin.py:190} INFO - [2024-10-19T13:02:14.563-0300] {override.py:1907} INFO - Created Permission View: can delete on DAG:example_weekday_branch_operator
[2024-10-19T13:02:14.650-0300] {logging_mixin.py:190} INFO - [2024-10-19T13:02:14.649-0300] {override.py:1907} INFO - Created Permission View: can edit on DAG:example_weekday_branch_operator
[2024-10-19T13:02:14.747-0300] {logging_mixin.py:190} INFO - [2024-10-19T13:02:14.746-0300] {override.py:1907} INFO - Created Permission View: can read on DAG:example_weekday_branch_operator
[2024-10-19T13:02:14.896-0300] {logging_mixin.py:190} INFO - [2024-10-19T13:02:14.895-0300] {override.py:1907} INFO - Created Permission View: can delete on DAG Run:example_weekday_branch_operator
[2024-10-19T13:02:14.989-0300] {logging_mixin.py:190} INFO - [2024-10-19T13:02:14.988-0300] {override.py:1907} INFO - Created Permission View: menu access on DAG Run:example_weekday_branch_operator
[2024-10-19T13:02:15.105-0300] {logging_mixin.py:190} INFO - [2024-10-19T13:02:15.104-0300] {override.py:1907} INFO - Created Permission View: can create on DAG Run:example_weekday_branch_operator
[2024-10-19T13:02:15.179-0300] {logging_mixin.py:190} INFO - [2024-10-19T13:02:15.178-0300] {override.py:1907} INFO - Created Permission View: can read on DAG Run:example_weekday_branch_operator
[2024-10-19T13:02:15.181-0300] {logging_mixin.py:190} INFO - [2024-10-19T13:02:15.180-0300] {dag.py:3239} INFO - Sync 1 DAGs
[2024-10-19T13:02:15.225-0300] {logging_mixin.py:190} INFO - [2024-10-19T13:02:15.225-0300] {dag.py:3262} INFO - Creating ORM DAG for example_weekday_branch_operator
[2024-10-19T13:02:15.261-0300] {logging_mixin.py:190} INFO - [2024-10-19T13:02:15.260-0300] {dag.py:4180} INFO - Setting next_dagrun for example_weekday_branch_operator to 2024-10-18 00:00:00+00:00, run_after=2024-10-19 00:00:00+00:00
[2024-10-19T13:02:15.411-0300] {processor.py:208} INFO - Processing /home/nico/.local/lib/python3.10/site-packages/airflow/example_dags/example_branch_day_of_week_operator.py took 1.368 seconds
[2024-10-19T13:04:32.137-0300] {processor.py:186} INFO - Started process (PID=8849) to work on /home/nico/.local/lib/python3.10/site-packages/airflow/example_dags/example_branch_day_of_week_operator.py
[2024-10-19T13:04:32.140-0300] {processor.py:914} INFO - Processing file /home/nico/.local/lib/python3.10/site-packages/airflow/example_dags/example_branch_day_of_week_operator.py for tasks to queue
[2024-10-19T13:04:32.147-0300] {logging_mixin.py:190} INFO - [2024-10-19T13:04:32.146-0300] {dagbag.py:588} INFO - Filling up the DagBag from /home/nico/.local/lib/python3.10/site-packages/airflow/example_dags/example_branch_day_of_week_operator.py
[2024-10-19T13:04:32.174-0300] {processor.py:925} INFO - DAG(s) 'example_weekday_branch_operator' retrieved from /home/nico/.local/lib/python3.10/site-packages/airflow/example_dags/example_branch_day_of_week_operator.py
[2024-10-19T13:04:32.232-0300] {logging_mixin.py:190} INFO - [2024-10-19T13:04:32.232-0300] {dag.py:3239} INFO - Sync 1 DAGs
[2024-10-19T13:04:32.303-0300] {logging_mixin.py:190} INFO - [2024-10-19T13:04:32.302-0300] {dag.py:4180} INFO - Setting next_dagrun for example_weekday_branch_operator to 2024-10-18 00:00:00+00:00, run_after=2024-10-19 00:00:00+00:00
[2024-10-19T13:04:32.424-0300] {processor.py:208} INFO - Processing /home/nico/.local/lib/python3.10/site-packages/airflow/example_dags/example_branch_day_of_week_operator.py took 0.305 seconds
[2024-10-19T13:06:36.616-0300] {processor.py:186} INFO - Started process (PID=8928) to work on /home/nico/.local/lib/python3.10/site-packages/airflow/example_dags/example_branch_day_of_week_operator.py
[2024-10-19T13:06:36.619-0300] {processor.py:914} INFO - Processing file /home/nico/.local/lib/python3.10/site-packages/airflow/example_dags/example_branch_day_of_week_operator.py for tasks to queue
[2024-10-19T13:06:36.625-0300] {logging_mixin.py:190} INFO - [2024-10-19T13:06:36.624-0300] {dagbag.py:588} INFO - Filling up the DagBag from /home/nico/.local/lib/python3.10/site-packages/airflow/example_dags/example_branch_day_of_week_operator.py
[2024-10-19T13:06:36.648-0300] {processor.py:925} INFO - DAG(s) 'example_weekday_branch_operator' retrieved from /home/nico/.local/lib/python3.10/site-packages/airflow/example_dags/example_branch_day_of_week_operator.py
[2024-10-19T13:06:36.697-0300] {logging_mixin.py:190} INFO - [2024-10-19T13:06:36.697-0300] {dag.py:3239} INFO - Sync 1 DAGs
[2024-10-19T13:06:36.753-0300] {logging_mixin.py:190} INFO - [2024-10-19T13:06:36.752-0300] {dag.py:4180} INFO - Setting next_dagrun for example_weekday_branch_operator to 2024-10-18 00:00:00+00:00, run_after=2024-10-19 00:00:00+00:00
[2024-10-19T13:06:36.884-0300] {processor.py:208} INFO - Processing /home/nico/.local/lib/python3.10/site-packages/airflow/example_dags/example_branch_day_of_week_operator.py took 0.285 seconds
[2024-10-19T13:08:46.675-0300] {processor.py:186} INFO - Started process (PID=9010) to work on /home/nico/.local/lib/python3.10/site-packages/airflow/example_dags/example_branch_day_of_week_operator.py
[2024-10-19T13:08:46.678-0300] {processor.py:914} INFO - Processing file /home/nico/.local/lib/python3.10/site-packages/airflow/example_dags/example_branch_day_of_week_operator.py for tasks to queue
[2024-10-19T13:08:46.684-0300] {logging_mixin.py:190} INFO - [2024-10-19T13:08:46.683-0300] {dagbag.py:588} INFO - Filling up the DagBag from /home/nico/.local/lib/python3.10/site-packages/airflow/example_dags/example_branch_day_of_week_operator.py
[2024-10-19T13:08:46.706-0300] {processor.py:925} INFO - DAG(s) 'example_weekday_branch_operator' retrieved from /home/nico/.local/lib/python3.10/site-packages/airflow/example_dags/example_branch_day_of_week_operator.py
[2024-10-19T13:08:46.759-0300] {logging_mixin.py:190} INFO - [2024-10-19T13:08:46.759-0300] {dag.py:3239} INFO - Sync 1 DAGs
[2024-10-19T13:08:46.831-0300] {logging_mixin.py:190} INFO - [2024-10-19T13:08:46.830-0300] {dag.py:4180} INFO - Setting next_dagrun for example_weekday_branch_operator to 2024-10-18 00:00:00+00:00, run_after=2024-10-19 00:00:00+00:00
[2024-10-19T13:08:46.991-0300] {processor.py:208} INFO - Processing /home/nico/.local/lib/python3.10/site-packages/airflow/example_dags/example_branch_day_of_week_operator.py took 0.327 seconds
[2024-10-19T13:11:12.442-0300] {processor.py:186} INFO - Started process (PID=9094) to work on /home/nico/.local/lib/python3.10/site-packages/airflow/example_dags/example_branch_day_of_week_operator.py
[2024-10-19T13:11:12.445-0300] {processor.py:914} INFO - Processing file /home/nico/.local/lib/python3.10/site-packages/airflow/example_dags/example_branch_day_of_week_operator.py for tasks to queue
[2024-10-19T13:11:12.450-0300] {logging_mixin.py:190} INFO - [2024-10-19T13:11:12.449-0300] {dagbag.py:588} INFO - Filling up the DagBag from /home/nico/.local/lib/python3.10/site-packages/airflow/example_dags/example_branch_day_of_week_operator.py
[2024-10-19T13:11:12.475-0300] {processor.py:925} INFO - DAG(s) 'example_weekday_branch_operator' retrieved from /home/nico/.local/lib/python3.10/site-packages/airflow/example_dags/example_branch_day_of_week_operator.py
[2024-10-19T13:11:12.534-0300] {logging_mixin.py:190} INFO - [2024-10-19T13:11:12.534-0300] {dag.py:3239} INFO - Sync 1 DAGs
[2024-10-19T13:11:12.606-0300] {logging_mixin.py:190} INFO - [2024-10-19T13:11:12.606-0300] {dag.py:4180} INFO - Setting next_dagrun for example_weekday_branch_operator to 2024-10-18 00:00:00+00:00, run_after=2024-10-19 00:00:00+00:00
[2024-10-19T13:11:12.727-0300] {processor.py:208} INFO - Processing /home/nico/.local/lib/python3.10/site-packages/airflow/example_dags/example_branch_day_of_week_operator.py took 0.298 seconds
[2024-10-19T13:13:45.670-0300] {processor.py:186} INFO - Started process (PID=9184) to work on /home/nico/.local/lib/python3.10/site-packages/airflow/example_dags/example_branch_day_of_week_operator.py
[2024-10-19T13:13:45.673-0300] {processor.py:914} INFO - Processing file /home/nico/.local/lib/python3.10/site-packages/airflow/example_dags/example_branch_day_of_week_operator.py for tasks to queue
[2024-10-19T13:13:45.679-0300] {logging_mixin.py:190} INFO - [2024-10-19T13:13:45.678-0300] {dagbag.py:588} INFO - Filling up the DagBag from /home/nico/.local/lib/python3.10/site-packages/airflow/example_dags/example_branch_day_of_week_operator.py
[2024-10-19T13:13:45.703-0300] {processor.py:925} INFO - DAG(s) 'example_weekday_branch_operator' retrieved from /home/nico/.local/lib/python3.10/site-packages/airflow/example_dags/example_branch_day_of_week_operator.py
[2024-10-19T13:13:45.765-0300] {logging_mixin.py:190} INFO - [2024-10-19T13:13:45.764-0300] {dag.py:3239} INFO - Sync 1 DAGs
[2024-10-19T13:13:45.855-0300] {logging_mixin.py:190} INFO - [2024-10-19T13:13:45.854-0300] {dag.py:4180} INFO - Setting next_dagrun for example_weekday_branch_operator to 2024-10-18 00:00:00+00:00, run_after=2024-10-19 00:00:00+00:00
[2024-10-19T13:13:46.049-0300] {processor.py:208} INFO - Processing /home/nico/.local/lib/python3.10/site-packages/airflow/example_dags/example_branch_day_of_week_operator.py took 0.395 seconds
[2024-10-19T17:58:13.194-0300] {processor.py:186} INFO - Started process (PID=11477) to work on /home/nico/.local/lib/python3.10/site-packages/airflow/example_dags/example_branch_day_of_week_operator.py
[2024-10-19T17:58:13.196-0300] {processor.py:914} INFO - Processing file /home/nico/.local/lib/python3.10/site-packages/airflow/example_dags/example_branch_day_of_week_operator.py for tasks to queue
[2024-10-19T17:58:13.201-0300] {logging_mixin.py:190} INFO - [2024-10-19T17:58:13.201-0300] {dagbag.py:588} INFO - Filling up the DagBag from /home/nico/.local/lib/python3.10/site-packages/airflow/example_dags/example_branch_day_of_week_operator.py
[2024-10-19T17:58:13.223-0300] {processor.py:925} INFO - DAG(s) 'example_weekday_branch_operator' retrieved from /home/nico/.local/lib/python3.10/site-packages/airflow/example_dags/example_branch_day_of_week_operator.py
[2024-10-19T17:58:13.281-0300] {logging_mixin.py:190} INFO - [2024-10-19T17:58:13.280-0300] {dag.py:3239} INFO - Sync 1 DAGs
[2024-10-19T17:58:13.346-0300] {logging_mixin.py:190} INFO - [2024-10-19T17:58:13.346-0300] {dag.py:4180} INFO - Setting next_dagrun for example_weekday_branch_operator to 2024-10-18 00:00:00+00:00, run_after=2024-10-19 00:00:00+00:00
[2024-10-19T17:58:13.470-0300] {processor.py:208} INFO - Processing /home/nico/.local/lib/python3.10/site-packages/airflow/example_dags/example_branch_day_of_week_operator.py took 0.289 seconds
[2024-10-19T18:01:09.648-0300] {processor.py:186} INFO - Started process (PID=12238) to work on /home/nico/.local/lib/python3.10/site-packages/airflow/example_dags/example_branch_day_of_week_operator.py
[2024-10-19T18:01:09.665-0300] {processor.py:914} INFO - Processing file /home/nico/.local/lib/python3.10/site-packages/airflow/example_dags/example_branch_day_of_week_operator.py for tasks to queue
[2024-10-19T18:01:09.681-0300] {logging_mixin.py:190} INFO - [2024-10-19T18:01:09.672-0300] {dagbag.py:588} INFO - Filling up the DagBag from /home/nico/.local/lib/python3.10/site-packages/airflow/example_dags/example_branch_day_of_week_operator.py
[2024-10-19T18:01:09.787-0300] {processor.py:925} INFO - DAG(s) 'example_weekday_branch_operator' retrieved from /home/nico/.local/lib/python3.10/site-packages/airflow/example_dags/example_branch_day_of_week_operator.py
[2024-10-19T18:01:09.893-0300] {logging_mixin.py:190} INFO - [2024-10-19T18:01:09.892-0300] {dag.py:3239} INFO - Sync 1 DAGs
[2024-10-19T18:01:09.979-0300] {logging_mixin.py:190} INFO - [2024-10-19T18:01:09.978-0300] {dag.py:4180} INFO - Setting next_dagrun for example_weekday_branch_operator to 2024-10-18 00:00:00+00:00, run_after=2024-10-19 00:00:00+00:00
[2024-10-19T18:01:10.144-0300] {processor.py:208} INFO - Processing /home/nico/.local/lib/python3.10/site-packages/airflow/example_dags/example_branch_day_of_week_operator.py took 0.541 seconds
[2024-10-19T18:04:22.533-0300] {processor.py:186} INFO - Started process (PID=13066) to work on /home/nico/.local/lib/python3.10/site-packages/airflow/example_dags/example_branch_day_of_week_operator.py
[2024-10-19T18:04:22.536-0300] {processor.py:914} INFO - Processing file /home/nico/.local/lib/python3.10/site-packages/airflow/example_dags/example_branch_day_of_week_operator.py for tasks to queue
[2024-10-19T18:04:22.542-0300] {logging_mixin.py:190} INFO - [2024-10-19T18:04:22.541-0300] {dagbag.py:588} INFO - Filling up the DagBag from /home/nico/.local/lib/python3.10/site-packages/airflow/example_dags/example_branch_day_of_week_operator.py
[2024-10-19T18:04:22.568-0300] {processor.py:925} INFO - DAG(s) 'example_weekday_branch_operator' retrieved from /home/nico/.local/lib/python3.10/site-packages/airflow/example_dags/example_branch_day_of_week_operator.py
[2024-10-19T18:04:22.627-0300] {logging_mixin.py:190} INFO - [2024-10-19T18:04:22.627-0300] {dag.py:3239} INFO - Sync 1 DAGs
[2024-10-19T18:04:22.719-0300] {logging_mixin.py:190} INFO - [2024-10-19T18:04:22.718-0300] {dag.py:4180} INFO - Setting next_dagrun for example_weekday_branch_operator to 2024-10-18 00:00:00+00:00, run_after=2024-10-19 00:00:00+00:00
[2024-10-19T18:04:23.034-0300] {processor.py:208} INFO - Processing /home/nico/.local/lib/python3.10/site-packages/airflow/example_dags/example_branch_day_of_week_operator.py took 0.517 seconds
[2024-10-19T18:07:11.195-0300] {processor.py:186} INFO - Started process (PID=13801) to work on /home/nico/.local/lib/python3.10/site-packages/airflow/example_dags/example_branch_day_of_week_operator.py
[2024-10-19T18:07:11.197-0300] {processor.py:914} INFO - Processing file /home/nico/.local/lib/python3.10/site-packages/airflow/example_dags/example_branch_day_of_week_operator.py for tasks to queue
[2024-10-19T18:07:11.205-0300] {logging_mixin.py:190} INFO - [2024-10-19T18:07:11.205-0300] {dagbag.py:588} INFO - Filling up the DagBag from /home/nico/.local/lib/python3.10/site-packages/airflow/example_dags/example_branch_day_of_week_operator.py
[2024-10-19T18:07:11.226-0300] {processor.py:925} INFO - DAG(s) 'example_weekday_branch_operator' retrieved from /home/nico/.local/lib/python3.10/site-packages/airflow/example_dags/example_branch_day_of_week_operator.py
[2024-10-19T18:07:11.295-0300] {logging_mixin.py:190} INFO - [2024-10-19T18:07:11.295-0300] {dag.py:3239} INFO - Sync 1 DAGs
[2024-10-19T18:07:11.371-0300] {logging_mixin.py:190} INFO - [2024-10-19T18:07:11.370-0300] {dag.py:4180} INFO - Setting next_dagrun for example_weekday_branch_operator to 2024-10-18 00:00:00+00:00, run_after=2024-10-19 00:00:00+00:00
[2024-10-19T18:07:11.494-0300] {processor.py:208} INFO - Processing /home/nico/.local/lib/python3.10/site-packages/airflow/example_dags/example_branch_day_of_week_operator.py took 0.323 seconds
[2024-10-19T18:11:13.545-0300] {processor.py:186} INFO - Started process (PID=14887) to work on /home/nico/.local/lib/python3.10/site-packages/airflow/example_dags/example_branch_day_of_week_operator.py
[2024-10-19T18:11:13.548-0300] {processor.py:914} INFO - Processing file /home/nico/.local/lib/python3.10/site-packages/airflow/example_dags/example_branch_day_of_week_operator.py for tasks to queue
[2024-10-19T18:11:13.555-0300] {logging_mixin.py:190} INFO - [2024-10-19T18:11:13.554-0300] {dagbag.py:588} INFO - Filling up the DagBag from /home/nico/.local/lib/python3.10/site-packages/airflow/example_dags/example_branch_day_of_week_operator.py
[2024-10-19T18:11:13.590-0300] {processor.py:925} INFO - DAG(s) 'example_weekday_branch_operator' retrieved from /home/nico/.local/lib/python3.10/site-packages/airflow/example_dags/example_branch_day_of_week_operator.py
[2024-10-19T18:11:13.651-0300] {logging_mixin.py:190} INFO - [2024-10-19T18:11:13.650-0300] {dag.py:3239} INFO - Sync 1 DAGs
[2024-10-19T18:11:13.713-0300] {logging_mixin.py:190} INFO - [2024-10-19T18:11:13.713-0300] {dag.py:4180} INFO - Setting next_dagrun for example_weekday_branch_operator to 2024-10-18 00:00:00+00:00, run_after=2024-10-19 00:00:00+00:00
[2024-10-19T18:11:13.841-0300] {processor.py:208} INFO - Processing /home/nico/.local/lib/python3.10/site-packages/airflow/example_dags/example_branch_day_of_week_operator.py took 0.316 seconds
[2024-10-19T18:31:07.408-0300] {processor.py:186} INFO - Started process (PID=19640) to work on /home/nico/.local/lib/python3.10/site-packages/airflow/example_dags/example_branch_day_of_week_operator.py
[2024-10-19T18:31:07.415-0300] {processor.py:914} INFO - Processing file /home/nico/.local/lib/python3.10/site-packages/airflow/example_dags/example_branch_day_of_week_operator.py for tasks to queue
[2024-10-19T18:31:07.420-0300] {logging_mixin.py:190} INFO - [2024-10-19T18:31:07.420-0300] {dagbag.py:588} INFO - Filling up the DagBag from /home/nico/.local/lib/python3.10/site-packages/airflow/example_dags/example_branch_day_of_week_operator.py
[2024-10-19T18:31:07.443-0300] {processor.py:925} INFO - DAG(s) 'example_weekday_branch_operator' retrieved from /home/nico/.local/lib/python3.10/site-packages/airflow/example_dags/example_branch_day_of_week_operator.py
[2024-10-19T18:31:07.506-0300] {logging_mixin.py:190} INFO - [2024-10-19T18:31:07.505-0300] {dag.py:3239} INFO - Sync 1 DAGs
[2024-10-19T18:31:07.572-0300] {logging_mixin.py:190} INFO - [2024-10-19T18:31:07.572-0300] {dag.py:4180} INFO - Setting next_dagrun for example_weekday_branch_operator to 2024-10-18 00:00:00+00:00, run_after=2024-10-19 00:00:00+00:00
[2024-10-19T18:31:07.695-0300] {processor.py:208} INFO - Processing /home/nico/.local/lib/python3.10/site-packages/airflow/example_dags/example_branch_day_of_week_operator.py took 0.304 seconds
[2024-10-19T18:34:30.848-0300] {processor.py:186} INFO - Started process (PID=20518) to work on /home/nico/.local/lib/python3.10/site-packages/airflow/example_dags/example_branch_day_of_week_operator.py
[2024-10-19T18:34:30.861-0300] {processor.py:914} INFO - Processing file /home/nico/.local/lib/python3.10/site-packages/airflow/example_dags/example_branch_day_of_week_operator.py for tasks to queue
[2024-10-19T18:34:30.869-0300] {logging_mixin.py:190} INFO - [2024-10-19T18:34:30.868-0300] {dagbag.py:588} INFO - Filling up the DagBag from /home/nico/.local/lib/python3.10/site-packages/airflow/example_dags/example_branch_day_of_week_operator.py
[2024-10-19T18:34:30.915-0300] {processor.py:925} INFO - DAG(s) 'example_weekday_branch_operator' retrieved from /home/nico/.local/lib/python3.10/site-packages/airflow/example_dags/example_branch_day_of_week_operator.py
[2024-10-19T18:34:31.012-0300] {logging_mixin.py:190} INFO - [2024-10-19T18:34:31.011-0300] {dag.py:3239} INFO - Sync 1 DAGs
[2024-10-19T18:34:31.143-0300] {logging_mixin.py:190} INFO - [2024-10-19T18:34:31.142-0300] {dag.py:4180} INFO - Setting next_dagrun for example_weekday_branch_operator to 2024-10-18 00:00:00+00:00, run_after=2024-10-19 00:00:00+00:00
[2024-10-19T18:34:31.320-0300] {processor.py:208} INFO - Processing /home/nico/.local/lib/python3.10/site-packages/airflow/example_dags/example_branch_day_of_week_operator.py took 0.511 seconds
[2024-10-19T18:37:43.581-0300] {processor.py:186} INFO - Started process (PID=21352) to work on /home/nico/.local/lib/python3.10/site-packages/airflow/example_dags/example_branch_day_of_week_operator.py
[2024-10-19T18:37:43.586-0300] {processor.py:914} INFO - Processing file /home/nico/.local/lib/python3.10/site-packages/airflow/example_dags/example_branch_day_of_week_operator.py for tasks to queue
[2024-10-19T18:37:43.605-0300] {logging_mixin.py:190} INFO - [2024-10-19T18:37:43.604-0300] {dagbag.py:588} INFO - Filling up the DagBag from /home/nico/.local/lib/python3.10/site-packages/airflow/example_dags/example_branch_day_of_week_operator.py
[2024-10-19T18:37:43.691-0300] {processor.py:925} INFO - DAG(s) 'example_weekday_branch_operator' retrieved from /home/nico/.local/lib/python3.10/site-packages/airflow/example_dags/example_branch_day_of_week_operator.py
[2024-10-19T18:37:43.864-0300] {logging_mixin.py:190} INFO - [2024-10-19T18:37:43.864-0300] {dag.py:3239} INFO - Sync 1 DAGs
[2024-10-19T18:37:44.100-0300] {logging_mixin.py:190} INFO - [2024-10-19T18:37:44.099-0300] {dag.py:4180} INFO - Setting next_dagrun for example_weekday_branch_operator to 2024-10-18 00:00:00+00:00, run_after=2024-10-19 00:00:00+00:00
[2024-10-19T18:37:44.345-0300] {processor.py:208} INFO - Processing /home/nico/.local/lib/python3.10/site-packages/airflow/example_dags/example_branch_day_of_week_operator.py took 0.808 seconds
