[2024-10-19T12:59:49.029-0300] {processor.py:186} INFO - Started process (PID=8713) to work on /home/nico/.local/lib/python3.10/site-packages/airflow/example_dags/example_short_circuit_decorator.py
[2024-10-19T12:59:49.032-0300] {processor.py:914} INFO - Processing file /home/nico/.local/lib/python3.10/site-packages/airflow/example_dags/example_short_circuit_decorator.py for tasks to queue
[2024-10-19T12:59:49.043-0300] {logging_mixin.py:190} INFO - [2024-10-19T12:59:49.042-0300] {dagbag.py:588} INFO - Filling up the DagBag from /home/nico/.local/lib/python3.10/site-packages/airflow/example_dags/example_short_circuit_decorator.py
[2024-10-19T12:59:49.074-0300] {processor.py:925} INFO - DAG(s) 'example_short_circuit_decorator' retrieved from /home/nico/.local/lib/python3.10/site-packages/airflow/example_dags/example_short_circuit_decorator.py
[2024-10-19T12:59:50.384-0300] {logging_mixin.py:190} INFO - [2024-10-19T12:59:50.382-0300] {override.py:1907} INFO - Created Permission View: can delete on DAG:example_short_circuit_decorator
[2024-10-19T12:59:50.545-0300] {logging_mixin.py:190} INFO - [2024-10-19T12:59:50.544-0300] {override.py:1907} INFO - Created Permission View: can edit on DAG:example_short_circuit_decorator
[2024-10-19T12:59:50.819-0300] {logging_mixin.py:190} INFO - [2024-10-19T12:59:50.818-0300] {override.py:1907} INFO - Created Permission View: can read on DAG:example_short_circuit_decorator
[2024-10-19T12:59:51.181-0300] {logging_mixin.py:190} INFO - [2024-10-19T12:59:51.180-0300] {override.py:1907} INFO - Created Permission View: can delete on DAG Run:example_short_circuit_decorator
[2024-10-19T12:59:51.365-0300] {logging_mixin.py:190} INFO - [2024-10-19T12:59:51.364-0300] {override.py:1907} INFO - Created Permission View: menu access on DAG Run:example_short_circuit_decorator
[2024-10-19T12:59:51.498-0300] {logging_mixin.py:190} INFO - [2024-10-19T12:59:51.497-0300] {override.py:1907} INFO - Created Permission View: can create on DAG Run:example_short_circuit_decorator
[2024-10-19T12:59:51.695-0300] {logging_mixin.py:190} INFO - [2024-10-19T12:59:51.693-0300] {override.py:1907} INFO - Created Permission View: can read on DAG Run:example_short_circuit_decorator
[2024-10-19T12:59:51.696-0300] {logging_mixin.py:190} INFO - [2024-10-19T12:59:51.696-0300] {dag.py:3239} INFO - Sync 1 DAGs
[2024-10-19T12:59:51.780-0300] {logging_mixin.py:190} INFO - [2024-10-19T12:59:51.779-0300] {dag.py:3262} INFO - Creating ORM DAG for example_short_circuit_decorator
[2024-10-19T12:59:51.785-0300] {logging_mixin.py:190} INFO - [2024-10-19T12:59:51.782-0300] {dag.py:4180} INFO - Setting next_dagrun for example_short_circuit_decorator to None, run_after=None
[2024-10-19T12:59:52.130-0300] {processor.py:208} INFO - Processing /home/nico/.local/lib/python3.10/site-packages/airflow/example_dags/example_short_circuit_decorator.py took 3.138 seconds
[2024-10-19T13:02:49.705-0300] {processor.py:186} INFO - Started process (PID=8778) to work on /home/nico/.local/lib/python3.10/site-packages/airflow/example_dags/example_short_circuit_decorator.py
[2024-10-19T13:02:49.707-0300] {processor.py:914} INFO - Processing file /home/nico/.local/lib/python3.10/site-packages/airflow/example_dags/example_short_circuit_decorator.py for tasks to queue
[2024-10-19T13:02:49.711-0300] {logging_mixin.py:190} INFO - [2024-10-19T13:02:49.711-0300] {dagbag.py:588} INFO - Filling up the DagBag from /home/nico/.local/lib/python3.10/site-packages/airflow/example_dags/example_short_circuit_decorator.py
[2024-10-19T13:02:49.733-0300] {processor.py:925} INFO - DAG(s) 'example_short_circuit_decorator' retrieved from /home/nico/.local/lib/python3.10/site-packages/airflow/example_dags/example_short_circuit_decorator.py
[2024-10-19T13:02:49.795-0300] {logging_mixin.py:190} INFO - [2024-10-19T13:02:49.794-0300] {dag.py:3239} INFO - Sync 1 DAGs
[2024-10-19T13:02:49.823-0300] {logging_mixin.py:190} INFO - [2024-10-19T13:02:49.823-0300] {dag.py:4180} INFO - Setting next_dagrun for example_short_circuit_decorator to None, run_after=None
[2024-10-19T13:02:49.941-0300] {processor.py:208} INFO - Processing /home/nico/.local/lib/python3.10/site-packages/airflow/example_dags/example_short_circuit_decorator.py took 0.248 seconds
[2024-10-19T13:04:00.390-0300] {processor.py:186} INFO - Started process (PID=8826) to work on /home/nico/.local/lib/python3.10/site-packages/airflow/example_dags/example_short_circuit_decorator.py
[2024-10-19T13:04:00.392-0300] {processor.py:914} INFO - Processing file /home/nico/.local/lib/python3.10/site-packages/airflow/example_dags/example_short_circuit_decorator.py for tasks to queue
[2024-10-19T13:04:00.397-0300] {logging_mixin.py:190} INFO - [2024-10-19T13:04:00.396-0300] {dagbag.py:588} INFO - Filling up the DagBag from /home/nico/.local/lib/python3.10/site-packages/airflow/example_dags/example_short_circuit_decorator.py
[2024-10-19T13:04:00.417-0300] {processor.py:925} INFO - DAG(s) 'example_short_circuit_decorator' retrieved from /home/nico/.local/lib/python3.10/site-packages/airflow/example_dags/example_short_circuit_decorator.py
[2024-10-19T13:04:00.478-0300] {logging_mixin.py:190} INFO - [2024-10-19T13:04:00.477-0300] {dag.py:3239} INFO - Sync 1 DAGs
[2024-10-19T13:04:00.512-0300] {logging_mixin.py:190} INFO - [2024-10-19T13:04:00.511-0300] {dag.py:4180} INFO - Setting next_dagrun for example_short_circuit_decorator to None, run_after=None
[2024-10-19T13:04:00.624-0300] {processor.py:208} INFO - Processing /home/nico/.local/lib/python3.10/site-packages/airflow/example_dags/example_short_circuit_decorator.py took 0.247 seconds
[2024-10-19T13:04:57.533-0300] {processor.py:186} INFO - Started process (PID=8867) to work on /home/nico/.local/lib/python3.10/site-packages/airflow/example_dags/example_short_circuit_decorator.py
[2024-10-19T13:04:57.536-0300] {processor.py:914} INFO - Processing file /home/nico/.local/lib/python3.10/site-packages/airflow/example_dags/example_short_circuit_decorator.py for tasks to queue
[2024-10-19T13:04:57.542-0300] {logging_mixin.py:190} INFO - [2024-10-19T13:04:57.540-0300] {dagbag.py:588} INFO - Filling up the DagBag from /home/nico/.local/lib/python3.10/site-packages/airflow/example_dags/example_short_circuit_decorator.py
[2024-10-19T13:04:57.565-0300] {processor.py:925} INFO - DAG(s) 'example_short_circuit_decorator' retrieved from /home/nico/.local/lib/python3.10/site-packages/airflow/example_dags/example_short_circuit_decorator.py
[2024-10-19T13:04:57.622-0300] {logging_mixin.py:190} INFO - [2024-10-19T13:04:57.622-0300] {dag.py:3239} INFO - Sync 1 DAGs
[2024-10-19T13:04:57.653-0300] {logging_mixin.py:190} INFO - [2024-10-19T13:04:57.653-0300] {dag.py:4180} INFO - Setting next_dagrun for example_short_circuit_decorator to None, run_after=None
[2024-10-19T13:04:57.765-0300] {processor.py:208} INFO - Processing /home/nico/.local/lib/python3.10/site-packages/airflow/example_dags/example_short_circuit_decorator.py took 0.243 seconds
[2024-10-19T13:06:02.067-0300] {processor.py:186} INFO - Started process (PID=8907) to work on /home/nico/.local/lib/python3.10/site-packages/airflow/example_dags/example_short_circuit_decorator.py
[2024-10-19T13:06:02.074-0300] {processor.py:914} INFO - Processing file /home/nico/.local/lib/python3.10/site-packages/airflow/example_dags/example_short_circuit_decorator.py for tasks to queue
[2024-10-19T13:06:02.081-0300] {logging_mixin.py:190} INFO - [2024-10-19T13:06:02.080-0300] {dagbag.py:588} INFO - Filling up the DagBag from /home/nico/.local/lib/python3.10/site-packages/airflow/example_dags/example_short_circuit_decorator.py
[2024-10-19T13:06:02.131-0300] {processor.py:925} INFO - DAG(s) 'example_short_circuit_decorator' retrieved from /home/nico/.local/lib/python3.10/site-packages/airflow/example_dags/example_short_circuit_decorator.py
[2024-10-19T13:06:02.227-0300] {logging_mixin.py:190} INFO - [2024-10-19T13:06:02.227-0300] {dag.py:3239} INFO - Sync 1 DAGs
[2024-10-19T13:06:02.295-0300] {logging_mixin.py:190} INFO - [2024-10-19T13:06:02.295-0300] {dag.py:4180} INFO - Setting next_dagrun for example_short_circuit_decorator to None, run_after=None
[2024-10-19T13:06:02.461-0300] {processor.py:208} INFO - Processing /home/nico/.local/lib/python3.10/site-packages/airflow/example_dags/example_short_circuit_decorator.py took 0.420 seconds
[2024-10-19T13:07:09.150-0300] {processor.py:186} INFO - Started process (PID=8948) to work on /home/nico/.local/lib/python3.10/site-packages/airflow/example_dags/example_short_circuit_decorator.py
[2024-10-19T13:07:09.163-0300] {processor.py:914} INFO - Processing file /home/nico/.local/lib/python3.10/site-packages/airflow/example_dags/example_short_circuit_decorator.py for tasks to queue
[2024-10-19T13:07:09.179-0300] {logging_mixin.py:190} INFO - [2024-10-19T13:07:09.177-0300] {dagbag.py:588} INFO - Filling up the DagBag from /home/nico/.local/lib/python3.10/site-packages/airflow/example_dags/example_short_circuit_decorator.py
[2024-10-19T13:07:09.265-0300] {processor.py:925} INFO - DAG(s) 'example_short_circuit_decorator' retrieved from /home/nico/.local/lib/python3.10/site-packages/airflow/example_dags/example_short_circuit_decorator.py
[2024-10-19T13:07:09.709-0300] {logging_mixin.py:190} INFO - [2024-10-19T13:07:09.709-0300] {dag.py:3239} INFO - Sync 1 DAGs
[2024-10-19T13:07:09.851-0300] {logging_mixin.py:190} INFO - [2024-10-19T13:07:09.850-0300] {dag.py:4180} INFO - Setting next_dagrun for example_short_circuit_decorator to None, run_after=None
[2024-10-19T13:07:10.083-0300] {processor.py:208} INFO - Processing /home/nico/.local/lib/python3.10/site-packages/airflow/example_dags/example_short_circuit_decorator.py took 0.972 seconds
[2024-10-19T13:08:12.816-0300] {processor.py:186} INFO - Started process (PID=8988) to work on /home/nico/.local/lib/python3.10/site-packages/airflow/example_dags/example_short_circuit_decorator.py
[2024-10-19T13:08:12.820-0300] {processor.py:914} INFO - Processing file /home/nico/.local/lib/python3.10/site-packages/airflow/example_dags/example_short_circuit_decorator.py for tasks to queue
[2024-10-19T13:08:12.826-0300] {logging_mixin.py:190} INFO - [2024-10-19T13:08:12.825-0300] {dagbag.py:588} INFO - Filling up the DagBag from /home/nico/.local/lib/python3.10/site-packages/airflow/example_dags/example_short_circuit_decorator.py
[2024-10-19T13:08:12.854-0300] {processor.py:925} INFO - DAG(s) 'example_short_circuit_decorator' retrieved from /home/nico/.local/lib/python3.10/site-packages/airflow/example_dags/example_short_circuit_decorator.py
[2024-10-19T13:08:12.933-0300] {logging_mixin.py:190} INFO - [2024-10-19T13:08:12.932-0300] {dag.py:3239} INFO - Sync 1 DAGs
[2024-10-19T13:08:12.980-0300] {logging_mixin.py:190} INFO - [2024-10-19T13:08:12.980-0300] {dag.py:4180} INFO - Setting next_dagrun for example_short_circuit_decorator to None, run_after=None
[2024-10-19T13:08:13.140-0300] {processor.py:208} INFO - Processing /home/nico/.local/lib/python3.10/site-packages/airflow/example_dags/example_short_circuit_decorator.py took 0.342 seconds
[2024-10-19T13:09:14.066-0300] {processor.py:186} INFO - Started process (PID=9029) to work on /home/nico/.local/lib/python3.10/site-packages/airflow/example_dags/example_short_circuit_decorator.py
[2024-10-19T13:09:14.069-0300] {processor.py:914} INFO - Processing file /home/nico/.local/lib/python3.10/site-packages/airflow/example_dags/example_short_circuit_decorator.py for tasks to queue
[2024-10-19T13:09:14.075-0300] {logging_mixin.py:190} INFO - [2024-10-19T13:09:14.074-0300] {dagbag.py:588} INFO - Filling up the DagBag from /home/nico/.local/lib/python3.10/site-packages/airflow/example_dags/example_short_circuit_decorator.py
[2024-10-19T13:09:14.097-0300] {processor.py:925} INFO - DAG(s) 'example_short_circuit_decorator' retrieved from /home/nico/.local/lib/python3.10/site-packages/airflow/example_dags/example_short_circuit_decorator.py
[2024-10-19T13:09:14.171-0300] {logging_mixin.py:190} INFO - [2024-10-19T13:09:14.170-0300] {dag.py:3239} INFO - Sync 1 DAGs
[2024-10-19T13:09:14.214-0300] {logging_mixin.py:190} INFO - [2024-10-19T13:09:14.214-0300] {dag.py:4180} INFO - Setting next_dagrun for example_short_circuit_decorator to None, run_after=None
[2024-10-19T13:09:14.350-0300] {processor.py:208} INFO - Processing /home/nico/.local/lib/python3.10/site-packages/airflow/example_dags/example_short_circuit_decorator.py took 0.295 seconds
[2024-10-19T13:10:30.705-0300] {processor.py:186} INFO - Started process (PID=9072) to work on /home/nico/.local/lib/python3.10/site-packages/airflow/example_dags/example_short_circuit_decorator.py
[2024-10-19T13:10:30.707-0300] {processor.py:914} INFO - Processing file /home/nico/.local/lib/python3.10/site-packages/airflow/example_dags/example_short_circuit_decorator.py for tasks to queue
[2024-10-19T13:10:30.712-0300] {logging_mixin.py:190} INFO - [2024-10-19T13:10:30.711-0300] {dagbag.py:588} INFO - Filling up the DagBag from /home/nico/.local/lib/python3.10/site-packages/airflow/example_dags/example_short_circuit_decorator.py
[2024-10-19T13:10:30.737-0300] {processor.py:925} INFO - DAG(s) 'example_short_circuit_decorator' retrieved from /home/nico/.local/lib/python3.10/site-packages/airflow/example_dags/example_short_circuit_decorator.py
[2024-10-19T13:10:30.801-0300] {logging_mixin.py:190} INFO - [2024-10-19T13:10:30.800-0300] {dag.py:3239} INFO - Sync 1 DAGs
[2024-10-19T13:10:30.838-0300] {logging_mixin.py:190} INFO - [2024-10-19T13:10:30.838-0300] {dag.py:4180} INFO - Setting next_dagrun for example_short_circuit_decorator to None, run_after=None
[2024-10-19T13:10:31.569-0300] {processor.py:208} INFO - Processing /home/nico/.local/lib/python3.10/site-packages/airflow/example_dags/example_short_circuit_decorator.py took 0.877 seconds
[2024-10-19T13:11:39.356-0300] {processor.py:186} INFO - Started process (PID=9112) to work on /home/nico/.local/lib/python3.10/site-packages/airflow/example_dags/example_short_circuit_decorator.py
[2024-10-19T13:11:39.358-0300] {processor.py:914} INFO - Processing file /home/nico/.local/lib/python3.10/site-packages/airflow/example_dags/example_short_circuit_decorator.py for tasks to queue
[2024-10-19T13:11:39.364-0300] {logging_mixin.py:190} INFO - [2024-10-19T13:11:39.363-0300] {dagbag.py:588} INFO - Filling up the DagBag from /home/nico/.local/lib/python3.10/site-packages/airflow/example_dags/example_short_circuit_decorator.py
[2024-10-19T13:11:39.392-0300] {processor.py:925} INFO - DAG(s) 'example_short_circuit_decorator' retrieved from /home/nico/.local/lib/python3.10/site-packages/airflow/example_dags/example_short_circuit_decorator.py
[2024-10-19T13:11:39.455-0300] {logging_mixin.py:190} INFO - [2024-10-19T13:11:39.454-0300] {dag.py:3239} INFO - Sync 1 DAGs
[2024-10-19T13:11:39.495-0300] {logging_mixin.py:190} INFO - [2024-10-19T13:11:39.494-0300] {dag.py:4180} INFO - Setting next_dagrun for example_short_circuit_decorator to None, run_after=None
[2024-10-19T13:11:39.610-0300] {processor.py:208} INFO - Processing /home/nico/.local/lib/python3.10/site-packages/airflow/example_dags/example_short_circuit_decorator.py took 0.275 seconds
[2024-10-19T13:12:48.097-0300] {processor.py:186} INFO - Started process (PID=9151) to work on /home/nico/.local/lib/python3.10/site-packages/airflow/example_dags/example_short_circuit_decorator.py
[2024-10-19T13:12:48.100-0300] {processor.py:914} INFO - Processing file /home/nico/.local/lib/python3.10/site-packages/airflow/example_dags/example_short_circuit_decorator.py for tasks to queue
[2024-10-19T13:12:48.107-0300] {logging_mixin.py:190} INFO - [2024-10-19T13:12:48.106-0300] {dagbag.py:588} INFO - Filling up the DagBag from /home/nico/.local/lib/python3.10/site-packages/airflow/example_dags/example_short_circuit_decorator.py
[2024-10-19T13:12:48.174-0300] {processor.py:925} INFO - DAG(s) 'example_short_circuit_decorator' retrieved from /home/nico/.local/lib/python3.10/site-packages/airflow/example_dags/example_short_circuit_decorator.py
[2024-10-19T13:12:48.273-0300] {logging_mixin.py:190} INFO - [2024-10-19T13:12:48.272-0300] {dag.py:3239} INFO - Sync 1 DAGs
[2024-10-19T13:12:48.317-0300] {logging_mixin.py:190} INFO - [2024-10-19T13:12:48.316-0300] {dag.py:4180} INFO - Setting next_dagrun for example_short_circuit_decorator to None, run_after=None
[2024-10-19T13:12:48.479-0300] {processor.py:208} INFO - Processing /home/nico/.local/lib/python3.10/site-packages/airflow/example_dags/example_short_circuit_decorator.py took 0.417 seconds
[2024-10-19T13:14:14.500-0300] {processor.py:186} INFO - Started process (PID=9203) to work on /home/nico/.local/lib/python3.10/site-packages/airflow/example_dags/example_short_circuit_decorator.py
[2024-10-19T13:14:14.503-0300] {processor.py:914} INFO - Processing file /home/nico/.local/lib/python3.10/site-packages/airflow/example_dags/example_short_circuit_decorator.py for tasks to queue
[2024-10-19T13:14:14.513-0300] {logging_mixin.py:190} INFO - [2024-10-19T13:14:14.512-0300] {dagbag.py:588} INFO - Filling up the DagBag from /home/nico/.local/lib/python3.10/site-packages/airflow/example_dags/example_short_circuit_decorator.py
[2024-10-19T13:14:14.544-0300] {processor.py:925} INFO - DAG(s) 'example_short_circuit_decorator' retrieved from /home/nico/.local/lib/python3.10/site-packages/airflow/example_dags/example_short_circuit_decorator.py
[2024-10-19T13:14:14.611-0300] {logging_mixin.py:190} INFO - [2024-10-19T13:14:14.610-0300] {dag.py:3239} INFO - Sync 1 DAGs
[2024-10-19T13:14:14.643-0300] {logging_mixin.py:190} INFO - [2024-10-19T13:14:14.642-0300] {dag.py:4180} INFO - Setting next_dagrun for example_short_circuit_decorator to None, run_after=None
[2024-10-19T13:14:14.780-0300] {processor.py:208} INFO - Processing /home/nico/.local/lib/python3.10/site-packages/airflow/example_dags/example_short_circuit_decorator.py took 0.292 seconds
[2024-10-19T17:56:13.554-0300] {processor.py:186} INFO - Started process (PID=10967) to work on /home/nico/.local/lib/python3.10/site-packages/airflow/example_dags/example_short_circuit_decorator.py
[2024-10-19T17:56:13.558-0300] {processor.py:914} INFO - Processing file /home/nico/.local/lib/python3.10/site-packages/airflow/example_dags/example_short_circuit_decorator.py for tasks to queue
[2024-10-19T17:56:13.576-0300] {logging_mixin.py:190} INFO - [2024-10-19T17:56:13.574-0300] {dagbag.py:588} INFO - Filling up the DagBag from /home/nico/.local/lib/python3.10/site-packages/airflow/example_dags/example_short_circuit_decorator.py
[2024-10-19T17:56:13.623-0300] {processor.py:925} INFO - DAG(s) 'example_short_circuit_decorator' retrieved from /home/nico/.local/lib/python3.10/site-packages/airflow/example_dags/example_short_circuit_decorator.py
[2024-10-19T17:56:13.711-0300] {logging_mixin.py:190} INFO - [2024-10-19T17:56:13.710-0300] {dag.py:3239} INFO - Sync 1 DAGs
[2024-10-19T17:56:13.753-0300] {logging_mixin.py:190} INFO - [2024-10-19T17:56:13.752-0300] {dag.py:4180} INFO - Setting next_dagrun for example_short_circuit_decorator to None, run_after=None
[2024-10-19T17:56:13.911-0300] {processor.py:208} INFO - Processing /home/nico/.local/lib/python3.10/site-packages/airflow/example_dags/example_short_circuit_decorator.py took 0.397 seconds
[2024-10-19T17:59:00.436-0300] {processor.py:186} INFO - Started process (PID=11676) to work on /home/nico/.local/lib/python3.10/site-packages/airflow/example_dags/example_short_circuit_decorator.py
[2024-10-19T17:59:00.438-0300] {processor.py:914} INFO - Processing file /home/nico/.local/lib/python3.10/site-packages/airflow/example_dags/example_short_circuit_decorator.py for tasks to queue
[2024-10-19T17:59:00.443-0300] {logging_mixin.py:190} INFO - [2024-10-19T17:59:00.442-0300] {dagbag.py:588} INFO - Filling up the DagBag from /home/nico/.local/lib/python3.10/site-packages/airflow/example_dags/example_short_circuit_decorator.py
[2024-10-19T17:59:00.469-0300] {processor.py:925} INFO - DAG(s) 'example_short_circuit_decorator' retrieved from /home/nico/.local/lib/python3.10/site-packages/airflow/example_dags/example_short_circuit_decorator.py
[2024-10-19T17:59:00.538-0300] {logging_mixin.py:190} INFO - [2024-10-19T17:59:00.537-0300] {dag.py:3239} INFO - Sync 1 DAGs
[2024-10-19T17:59:00.590-0300] {logging_mixin.py:190} INFO - [2024-10-19T17:59:00.590-0300] {dag.py:4180} INFO - Setting next_dagrun for example_short_circuit_decorator to None, run_after=None
[2024-10-19T17:59:00.843-0300] {processor.py:208} INFO - Processing /home/nico/.local/lib/python3.10/site-packages/airflow/example_dags/example_short_circuit_decorator.py took 0.421 seconds
[2024-10-19T18:00:22.215-0300] {processor.py:186} INFO - Started process (PID=12035) to work on /home/nico/.local/lib/python3.10/site-packages/airflow/example_dags/example_short_circuit_decorator.py
[2024-10-19T18:00:22.220-0300] {processor.py:914} INFO - Processing file /home/nico/.local/lib/python3.10/site-packages/airflow/example_dags/example_short_circuit_decorator.py for tasks to queue
[2024-10-19T18:00:22.227-0300] {logging_mixin.py:190} INFO - [2024-10-19T18:00:22.226-0300] {dagbag.py:588} INFO - Filling up the DagBag from /home/nico/.local/lib/python3.10/site-packages/airflow/example_dags/example_short_circuit_decorator.py
[2024-10-19T18:00:22.287-0300] {processor.py:925} INFO - DAG(s) 'example_short_circuit_decorator' retrieved from /home/nico/.local/lib/python3.10/site-packages/airflow/example_dags/example_short_circuit_decorator.py
[2024-10-19T18:00:22.366-0300] {logging_mixin.py:190} INFO - [2024-10-19T18:00:22.365-0300] {dag.py:3239} INFO - Sync 1 DAGs
[2024-10-19T18:00:22.400-0300] {logging_mixin.py:190} INFO - [2024-10-19T18:00:22.399-0300] {dag.py:4180} INFO - Setting next_dagrun for example_short_circuit_decorator to None, run_after=None
[2024-10-19T18:00:22.517-0300] {processor.py:208} INFO - Processing /home/nico/.local/lib/python3.10/site-packages/airflow/example_dags/example_short_circuit_decorator.py took 0.329 seconds
[2024-10-19T18:01:52.702-0300] {processor.py:186} INFO - Started process (PID=12423) to work on /home/nico/.local/lib/python3.10/site-packages/airflow/example_dags/example_short_circuit_decorator.py
[2024-10-19T18:01:52.705-0300] {processor.py:914} INFO - Processing file /home/nico/.local/lib/python3.10/site-packages/airflow/example_dags/example_short_circuit_decorator.py for tasks to queue
[2024-10-19T18:01:52.709-0300] {logging_mixin.py:190} INFO - [2024-10-19T18:01:52.709-0300] {dagbag.py:588} INFO - Filling up the DagBag from /home/nico/.local/lib/python3.10/site-packages/airflow/example_dags/example_short_circuit_decorator.py
[2024-10-19T18:01:52.732-0300] {processor.py:925} INFO - DAG(s) 'example_short_circuit_decorator' retrieved from /home/nico/.local/lib/python3.10/site-packages/airflow/example_dags/example_short_circuit_decorator.py
[2024-10-19T18:01:52.788-0300] {logging_mixin.py:190} INFO - [2024-10-19T18:01:52.787-0300] {dag.py:3239} INFO - Sync 1 DAGs
[2024-10-19T18:01:52.819-0300] {logging_mixin.py:190} INFO - [2024-10-19T18:01:52.818-0300] {dag.py:4180} INFO - Setting next_dagrun for example_short_circuit_decorator to None, run_after=None
[2024-10-19T18:01:52.942-0300] {processor.py:208} INFO - Processing /home/nico/.local/lib/python3.10/site-packages/airflow/example_dags/example_short_circuit_decorator.py took 0.254 seconds
[2024-10-19T18:03:17.046-0300] {processor.py:186} INFO - Started process (PID=12790) to work on /home/nico/.local/lib/python3.10/site-packages/airflow/example_dags/example_short_circuit_decorator.py
[2024-10-19T18:03:17.049-0300] {processor.py:914} INFO - Processing file /home/nico/.local/lib/python3.10/site-packages/airflow/example_dags/example_short_circuit_decorator.py for tasks to queue
[2024-10-19T18:03:17.057-0300] {logging_mixin.py:190} INFO - [2024-10-19T18:03:17.055-0300] {dagbag.py:588} INFO - Filling up the DagBag from /home/nico/.local/lib/python3.10/site-packages/airflow/example_dags/example_short_circuit_decorator.py
[2024-10-19T18:03:17.094-0300] {processor.py:925} INFO - DAG(s) 'example_short_circuit_decorator' retrieved from /home/nico/.local/lib/python3.10/site-packages/airflow/example_dags/example_short_circuit_decorator.py
[2024-10-19T18:03:17.171-0300] {logging_mixin.py:190} INFO - [2024-10-19T18:03:17.171-0300] {dag.py:3239} INFO - Sync 1 DAGs
[2024-10-19T18:03:17.240-0300] {logging_mixin.py:190} INFO - [2024-10-19T18:03:17.239-0300] {dag.py:4180} INFO - Setting next_dagrun for example_short_circuit_decorator to None, run_after=None
[2024-10-19T18:03:17.474-0300] {processor.py:208} INFO - Processing /home/nico/.local/lib/python3.10/site-packages/airflow/example_dags/example_short_circuit_decorator.py took 0.444 seconds
[2024-10-19T18:04:55.424-0300] {processor.py:186} INFO - Started process (PID=13211) to work on /home/nico/.local/lib/python3.10/site-packages/airflow/example_dags/example_short_circuit_decorator.py
[2024-10-19T18:04:55.427-0300] {processor.py:914} INFO - Processing file /home/nico/.local/lib/python3.10/site-packages/airflow/example_dags/example_short_circuit_decorator.py for tasks to queue
[2024-10-19T18:04:55.445-0300] {logging_mixin.py:190} INFO - [2024-10-19T18:04:55.443-0300] {dagbag.py:588} INFO - Filling up the DagBag from /home/nico/.local/lib/python3.10/site-packages/airflow/example_dags/example_short_circuit_decorator.py
[2024-10-19T18:04:55.526-0300] {processor.py:925} INFO - DAG(s) 'example_short_circuit_decorator' retrieved from /home/nico/.local/lib/python3.10/site-packages/airflow/example_dags/example_short_circuit_decorator.py
[2024-10-19T18:04:55.711-0300] {logging_mixin.py:190} INFO - [2024-10-19T18:04:55.710-0300] {dag.py:3239} INFO - Sync 1 DAGs
[2024-10-19T18:04:55.810-0300] {logging_mixin.py:190} INFO - [2024-10-19T18:04:55.810-0300] {dag.py:4180} INFO - Setting next_dagrun for example_short_circuit_decorator to None, run_after=None
[2024-10-19T18:04:55.954-0300] {processor.py:208} INFO - Processing /home/nico/.local/lib/python3.10/site-packages/airflow/example_dags/example_short_circuit_decorator.py took 0.580 seconds
[2024-10-19T18:06:26.002-0300] {processor.py:186} INFO - Started process (PID=13603) to work on /home/nico/.local/lib/python3.10/site-packages/airflow/example_dags/example_short_circuit_decorator.py
[2024-10-19T18:06:26.005-0300] {processor.py:914} INFO - Processing file /home/nico/.local/lib/python3.10/site-packages/airflow/example_dags/example_short_circuit_decorator.py for tasks to queue
[2024-10-19T18:06:26.010-0300] {logging_mixin.py:190} INFO - [2024-10-19T18:06:26.009-0300] {dagbag.py:588} INFO - Filling up the DagBag from /home/nico/.local/lib/python3.10/site-packages/airflow/example_dags/example_short_circuit_decorator.py
[2024-10-19T18:06:26.031-0300] {processor.py:925} INFO - DAG(s) 'example_short_circuit_decorator' retrieved from /home/nico/.local/lib/python3.10/site-packages/airflow/example_dags/example_short_circuit_decorator.py
[2024-10-19T18:06:26.094-0300] {logging_mixin.py:190} INFO - [2024-10-19T18:06:26.093-0300] {dag.py:3239} INFO - Sync 1 DAGs
[2024-10-19T18:06:26.132-0300] {logging_mixin.py:190} INFO - [2024-10-19T18:06:26.132-0300] {dag.py:4180} INFO - Setting next_dagrun for example_short_circuit_decorator to None, run_after=None
[2024-10-19T18:06:26.268-0300] {processor.py:208} INFO - Processing /home/nico/.local/lib/python3.10/site-packages/airflow/example_dags/example_short_circuit_decorator.py took 0.280 seconds
[2024-10-19T18:07:51.619-0300] {processor.py:186} INFO - Started process (PID=13974) to work on /home/nico/.local/lib/python3.10/site-packages/airflow/example_dags/example_short_circuit_decorator.py
[2024-10-19T18:07:51.621-0300] {processor.py:914} INFO - Processing file /home/nico/.local/lib/python3.10/site-packages/airflow/example_dags/example_short_circuit_decorator.py for tasks to queue
[2024-10-19T18:07:51.626-0300] {logging_mixin.py:190} INFO - [2024-10-19T18:07:51.625-0300] {dagbag.py:588} INFO - Filling up the DagBag from /home/nico/.local/lib/python3.10/site-packages/airflow/example_dags/example_short_circuit_decorator.py
[2024-10-19T18:07:51.649-0300] {processor.py:925} INFO - DAG(s) 'example_short_circuit_decorator' retrieved from /home/nico/.local/lib/python3.10/site-packages/airflow/example_dags/example_short_circuit_decorator.py
[2024-10-19T18:07:51.719-0300] {logging_mixin.py:190} INFO - [2024-10-19T18:07:51.718-0300] {dag.py:3239} INFO - Sync 1 DAGs
[2024-10-19T18:07:51.750-0300] {logging_mixin.py:190} INFO - [2024-10-19T18:07:51.750-0300] {dag.py:4180} INFO - Setting next_dagrun for example_short_circuit_decorator to None, run_after=None
[2024-10-19T18:07:51.859-0300] {processor.py:208} INFO - Processing /home/nico/.local/lib/python3.10/site-packages/airflow/example_dags/example_short_circuit_decorator.py took 0.253 seconds
[2024-10-19T18:09:58.768-0300] {processor.py:186} INFO - Started process (PID=14561) to work on /home/nico/.local/lib/python3.10/site-packages/airflow/example_dags/example_short_circuit_decorator.py
[2024-10-19T18:09:58.770-0300] {processor.py:914} INFO - Processing file /home/nico/.local/lib/python3.10/site-packages/airflow/example_dags/example_short_circuit_decorator.py for tasks to queue
[2024-10-19T18:09:58.775-0300] {logging_mixin.py:190} INFO - [2024-10-19T18:09:58.774-0300] {dagbag.py:588} INFO - Filling up the DagBag from /home/nico/.local/lib/python3.10/site-packages/airflow/example_dags/example_short_circuit_decorator.py
[2024-10-19T18:09:58.801-0300] {processor.py:925} INFO - DAG(s) 'example_short_circuit_decorator' retrieved from /home/nico/.local/lib/python3.10/site-packages/airflow/example_dags/example_short_circuit_decorator.py
[2024-10-19T18:09:58.871-0300] {logging_mixin.py:190} INFO - [2024-10-19T18:09:58.871-0300] {dag.py:3239} INFO - Sync 1 DAGs
[2024-10-19T18:09:58.907-0300] {logging_mixin.py:190} INFO - [2024-10-19T18:09:58.906-0300] {dag.py:4180} INFO - Setting next_dagrun for example_short_circuit_decorator to None, run_after=None
[2024-10-19T18:09:59.037-0300] {processor.py:208} INFO - Processing /home/nico/.local/lib/python3.10/site-packages/airflow/example_dags/example_short_circuit_decorator.py took 0.282 seconds
[2024-10-19T18:12:04.651-0300] {processor.py:186} INFO - Started process (PID=15107) to work on /home/nico/.local/lib/python3.10/site-packages/airflow/example_dags/example_short_circuit_decorator.py
[2024-10-19T18:12:04.661-0300] {processor.py:914} INFO - Processing file /home/nico/.local/lib/python3.10/site-packages/airflow/example_dags/example_short_circuit_decorator.py for tasks to queue
[2024-10-19T18:12:04.683-0300] {logging_mixin.py:190} INFO - [2024-10-19T18:12:04.674-0300] {dagbag.py:588} INFO - Filling up the DagBag from /home/nico/.local/lib/python3.10/site-packages/airflow/example_dags/example_short_circuit_decorator.py
[2024-10-19T18:12:04.785-0300] {processor.py:925} INFO - DAG(s) 'example_short_circuit_decorator' retrieved from /home/nico/.local/lib/python3.10/site-packages/airflow/example_dags/example_short_circuit_decorator.py
[2024-10-19T18:12:05.116-0300] {logging_mixin.py:190} INFO - [2024-10-19T18:12:05.115-0300] {dag.py:3239} INFO - Sync 1 DAGs
[2024-10-19T18:12:05.243-0300] {logging_mixin.py:190} INFO - [2024-10-19T18:12:05.242-0300] {dag.py:4180} INFO - Setting next_dagrun for example_short_circuit_decorator to None, run_after=None
[2024-10-19T18:12:05.616-0300] {processor.py:208} INFO - Processing /home/nico/.local/lib/python3.10/site-packages/airflow/example_dags/example_short_circuit_decorator.py took 1.010 seconds
[2024-10-19T18:29:35.567-0300] {processor.py:186} INFO - Started process (PID=19240) to work on /home/nico/.local/lib/python3.10/site-packages/airflow/example_dags/example_short_circuit_decorator.py
[2024-10-19T18:29:35.570-0300] {processor.py:914} INFO - Processing file /home/nico/.local/lib/python3.10/site-packages/airflow/example_dags/example_short_circuit_decorator.py for tasks to queue
[2024-10-19T18:29:35.576-0300] {logging_mixin.py:190} INFO - [2024-10-19T18:29:35.575-0300] {dagbag.py:588} INFO - Filling up the DagBag from /home/nico/.local/lib/python3.10/site-packages/airflow/example_dags/example_short_circuit_decorator.py
[2024-10-19T18:29:35.612-0300] {processor.py:925} INFO - DAG(s) 'example_short_circuit_decorator' retrieved from /home/nico/.local/lib/python3.10/site-packages/airflow/example_dags/example_short_circuit_decorator.py
[2024-10-19T18:29:35.745-0300] {logging_mixin.py:190} INFO - [2024-10-19T18:29:35.744-0300] {dag.py:3239} INFO - Sync 1 DAGs
[2024-10-19T18:29:35.809-0300] {logging_mixin.py:190} INFO - [2024-10-19T18:29:35.809-0300] {dag.py:4180} INFO - Setting next_dagrun for example_short_circuit_decorator to None, run_after=None
[2024-10-19T18:29:35.935-0300] {processor.py:208} INFO - Processing /home/nico/.local/lib/python3.10/site-packages/airflow/example_dags/example_short_circuit_decorator.py took 0.392 seconds
[2024-10-19T18:31:43.204-0300] {processor.py:186} INFO - Started process (PID=19798) to work on /home/nico/.local/lib/python3.10/site-packages/airflow/example_dags/example_short_circuit_decorator.py
[2024-10-19T18:31:43.207-0300] {processor.py:914} INFO - Processing file /home/nico/.local/lib/python3.10/site-packages/airflow/example_dags/example_short_circuit_decorator.py for tasks to queue
[2024-10-19T18:31:43.214-0300] {logging_mixin.py:190} INFO - [2024-10-19T18:31:43.213-0300] {dagbag.py:588} INFO - Filling up the DagBag from /home/nico/.local/lib/python3.10/site-packages/airflow/example_dags/example_short_circuit_decorator.py
[2024-10-19T18:31:43.246-0300] {processor.py:925} INFO - DAG(s) 'example_short_circuit_decorator' retrieved from /home/nico/.local/lib/python3.10/site-packages/airflow/example_dags/example_short_circuit_decorator.py
[2024-10-19T18:31:43.321-0300] {logging_mixin.py:190} INFO - [2024-10-19T18:31:43.320-0300] {dag.py:3239} INFO - Sync 1 DAGs
[2024-10-19T18:31:43.367-0300] {logging_mixin.py:190} INFO - [2024-10-19T18:31:43.366-0300] {dag.py:4180} INFO - Setting next_dagrun for example_short_circuit_decorator to None, run_after=None
[2024-10-19T18:31:43.564-0300] {processor.py:208} INFO - Processing /home/nico/.local/lib/python3.10/site-packages/airflow/example_dags/example_short_circuit_decorator.py took 0.377 seconds
[2024-10-19T18:33:14.749-0300] {processor.py:186} INFO - Started process (PID=20194) to work on /home/nico/.local/lib/python3.10/site-packages/airflow/example_dags/example_short_circuit_decorator.py
[2024-10-19T18:33:14.751-0300] {processor.py:914} INFO - Processing file /home/nico/.local/lib/python3.10/site-packages/airflow/example_dags/example_short_circuit_decorator.py for tasks to queue
[2024-10-19T18:33:14.759-0300] {logging_mixin.py:190} INFO - [2024-10-19T18:33:14.757-0300] {dagbag.py:588} INFO - Filling up the DagBag from /home/nico/.local/lib/python3.10/site-packages/airflow/example_dags/example_short_circuit_decorator.py
[2024-10-19T18:33:14.796-0300] {processor.py:925} INFO - DAG(s) 'example_short_circuit_decorator' retrieved from /home/nico/.local/lib/python3.10/site-packages/airflow/example_dags/example_short_circuit_decorator.py
[2024-10-19T18:33:14.864-0300] {logging_mixin.py:190} INFO - [2024-10-19T18:33:14.863-0300] {dag.py:3239} INFO - Sync 1 DAGs
[2024-10-19T18:33:14.900-0300] {logging_mixin.py:190} INFO - [2024-10-19T18:33:14.899-0300] {dag.py:4180} INFO - Setting next_dagrun for example_short_circuit_decorator to None, run_after=None
[2024-10-19T18:33:15.095-0300] {processor.py:208} INFO - Processing /home/nico/.local/lib/python3.10/site-packages/airflow/example_dags/example_short_circuit_decorator.py took 0.365 seconds
[2024-10-19T18:35:06.004-0300] {processor.py:186} INFO - Started process (PID=20674) to work on /home/nico/.local/lib/python3.10/site-packages/airflow/example_dags/example_short_circuit_decorator.py
[2024-10-19T18:35:06.007-0300] {processor.py:914} INFO - Processing file /home/nico/.local/lib/python3.10/site-packages/airflow/example_dags/example_short_circuit_decorator.py for tasks to queue
[2024-10-19T18:35:06.012-0300] {logging_mixin.py:190} INFO - [2024-10-19T18:35:06.011-0300] {dagbag.py:588} INFO - Filling up the DagBag from /home/nico/.local/lib/python3.10/site-packages/airflow/example_dags/example_short_circuit_decorator.py
[2024-10-19T18:35:06.044-0300] {processor.py:925} INFO - DAG(s) 'example_short_circuit_decorator' retrieved from /home/nico/.local/lib/python3.10/site-packages/airflow/example_dags/example_short_circuit_decorator.py
[2024-10-19T18:35:06.115-0300] {logging_mixin.py:190} INFO - [2024-10-19T18:35:06.114-0300] {dag.py:3239} INFO - Sync 1 DAGs
[2024-10-19T18:35:06.155-0300] {logging_mixin.py:190} INFO - [2024-10-19T18:35:06.154-0300] {dag.py:4180} INFO - Setting next_dagrun for example_short_circuit_decorator to None, run_after=None
[2024-10-19T18:35:06.287-0300] {processor.py:208} INFO - Processing /home/nico/.local/lib/python3.10/site-packages/airflow/example_dags/example_short_circuit_decorator.py took 0.303 seconds
[2024-10-19T18:36:53.337-0300] {processor.py:186} INFO - Started process (PID=21137) to work on /home/nico/.local/lib/python3.10/site-packages/airflow/example_dags/example_short_circuit_decorator.py
[2024-10-19T18:36:53.340-0300] {processor.py:914} INFO - Processing file /home/nico/.local/lib/python3.10/site-packages/airflow/example_dags/example_short_circuit_decorator.py for tasks to queue
[2024-10-19T18:36:53.345-0300] {logging_mixin.py:190} INFO - [2024-10-19T18:36:53.344-0300] {dagbag.py:588} INFO - Filling up the DagBag from /home/nico/.local/lib/python3.10/site-packages/airflow/example_dags/example_short_circuit_decorator.py
[2024-10-19T18:36:53.367-0300] {processor.py:925} INFO - DAG(s) 'example_short_circuit_decorator' retrieved from /home/nico/.local/lib/python3.10/site-packages/airflow/example_dags/example_short_circuit_decorator.py
[2024-10-19T18:36:53.426-0300] {logging_mixin.py:190} INFO - [2024-10-19T18:36:53.425-0300] {dag.py:3239} INFO - Sync 1 DAGs
[2024-10-19T18:36:53.459-0300] {logging_mixin.py:190} INFO - [2024-10-19T18:36:53.458-0300] {dag.py:4180} INFO - Setting next_dagrun for example_short_circuit_decorator to None, run_after=None
[2024-10-19T18:36:53.585-0300] {processor.py:208} INFO - Processing /home/nico/.local/lib/python3.10/site-packages/airflow/example_dags/example_short_circuit_decorator.py took 0.261 seconds
