[2024-10-19T13:01:40.606-0300] {processor.py:186} INFO - Started process (PID=8751) to work on /home/nico/.local/lib/python3.10/site-packages/airflow/example_dags/example_dataset_alias_with_no_taskflow.py
[2024-10-19T13:01:40.611-0300] {processor.py:914} INFO - Processing file /home/nico/.local/lib/python3.10/site-packages/airflow/example_dags/example_dataset_alias_with_no_taskflow.py for tasks to queue
[2024-10-19T13:01:40.624-0300] {logging_mixin.py:190} INFO - [2024-10-19T13:01:40.623-0300] {dagbag.py:588} INFO - Filling up the DagBag from /home/nico/.local/lib/python3.10/site-packages/airflow/example_dags/example_dataset_alias_with_no_taskflow.py
[2024-10-19T13:01:40.788-0300] {processor.py:925} INFO - DAG(s) 'dataset_s3_bucket_consumer_with_no_taskflow', 'dataset_s3_bucket_producer_with_no_taskflow', 'dataset_alias_example_alias_consumer_with_no_taskflow', 'dataset_alias_example_alias_producer_with_no_taskflow' retrieved from /home/nico/.local/lib/python3.10/site-packages/airflow/example_dags/example_dataset_alias_with_no_taskflow.py
[2024-10-19T13:01:41.464-0300] {logging_mixin.py:190} INFO - [2024-10-19T13:01:41.463-0300] {override.py:1907} INFO - Created Permission View: can delete on DAG:dataset_s3_bucket_consumer_with_no_taskflow
[2024-10-19T13:01:41.557-0300] {logging_mixin.py:190} INFO - [2024-10-19T13:01:41.556-0300] {override.py:1907} INFO - Created Permission View: can edit on DAG:dataset_s3_bucket_consumer_with_no_taskflow
[2024-10-19T13:01:41.635-0300] {logging_mixin.py:190} INFO - [2024-10-19T13:01:41.634-0300] {override.py:1907} INFO - Created Permission View: can read on DAG:dataset_s3_bucket_consumer_with_no_taskflow
[2024-10-19T13:01:41.753-0300] {logging_mixin.py:190} INFO - [2024-10-19T13:01:41.752-0300] {override.py:1907} INFO - Created Permission View: can delete on DAG Run:dataset_s3_bucket_consumer_with_no_taskflow
[2024-10-19T13:01:41.828-0300] {logging_mixin.py:190} INFO - [2024-10-19T13:01:41.827-0300] {override.py:1907} INFO - Created Permission View: menu access on DAG Run:dataset_s3_bucket_consumer_with_no_taskflow
[2024-10-19T13:01:41.904-0300] {logging_mixin.py:190} INFO - [2024-10-19T13:01:41.903-0300] {override.py:1907} INFO - Created Permission View: can create on DAG Run:dataset_s3_bucket_consumer_with_no_taskflow
[2024-10-19T13:01:42.004-0300] {logging_mixin.py:190} INFO - [2024-10-19T13:01:42.002-0300] {override.py:1907} INFO - Created Permission View: can read on DAG Run:dataset_s3_bucket_consumer_with_no_taskflow
[2024-10-19T13:01:42.233-0300] {logging_mixin.py:190} INFO - [2024-10-19T13:01:42.232-0300] {override.py:1907} INFO - Created Permission View: can delete on DAG:dataset_s3_bucket_producer_with_no_taskflow
[2024-10-19T13:01:42.316-0300] {logging_mixin.py:190} INFO - [2024-10-19T13:01:42.314-0300] {override.py:1907} INFO - Created Permission View: can edit on DAG:dataset_s3_bucket_producer_with_no_taskflow
[2024-10-19T13:01:42.390-0300] {logging_mixin.py:190} INFO - [2024-10-19T13:01:42.388-0300] {override.py:1907} INFO - Created Permission View: can read on DAG:dataset_s3_bucket_producer_with_no_taskflow
[2024-10-19T13:01:42.525-0300] {logging_mixin.py:190} INFO - [2024-10-19T13:01:42.524-0300] {override.py:1907} INFO - Created Permission View: can delete on DAG Run:dataset_s3_bucket_producer_with_no_taskflow
[2024-10-19T13:01:42.620-0300] {logging_mixin.py:190} INFO - [2024-10-19T13:01:42.619-0300] {override.py:1907} INFO - Created Permission View: menu access on DAG Run:dataset_s3_bucket_producer_with_no_taskflow
[2024-10-19T13:01:42.698-0300] {logging_mixin.py:190} INFO - [2024-10-19T13:01:42.696-0300] {override.py:1907} INFO - Created Permission View: can create on DAG Run:dataset_s3_bucket_producer_with_no_taskflow
[2024-10-19T13:01:42.774-0300] {logging_mixin.py:190} INFO - [2024-10-19T13:01:42.773-0300] {override.py:1907} INFO - Created Permission View: can read on DAG Run:dataset_s3_bucket_producer_with_no_taskflow
[2024-10-19T13:01:42.915-0300] {logging_mixin.py:190} INFO - [2024-10-19T13:01:42.913-0300] {override.py:1907} INFO - Created Permission View: can delete on DAG:dataset_alias_example_alias_consumer_with_no_taskflow
[2024-10-19T13:01:42.995-0300] {logging_mixin.py:190} INFO - [2024-10-19T13:01:42.994-0300] {override.py:1907} INFO - Created Permission View: can edit on DAG:dataset_alias_example_alias_consumer_with_no_taskflow
[2024-10-19T13:01:43.073-0300] {logging_mixin.py:190} INFO - [2024-10-19T13:01:43.072-0300] {override.py:1907} INFO - Created Permission View: can read on DAG:dataset_alias_example_alias_consumer_with_no_taskflow
[2024-10-19T13:01:43.193-0300] {logging_mixin.py:190} INFO - [2024-10-19T13:01:43.192-0300] {override.py:1907} INFO - Created Permission View: can delete on DAG Run:dataset_alias_example_alias_consumer_with_no_taskflow
[2024-10-19T13:01:43.269-0300] {logging_mixin.py:190} INFO - [2024-10-19T13:01:43.268-0300] {override.py:1907} INFO - Created Permission View: menu access on DAG Run:dataset_alias_example_alias_consumer_with_no_taskflow
[2024-10-19T13:01:43.374-0300] {logging_mixin.py:190} INFO - [2024-10-19T13:01:43.373-0300] {override.py:1907} INFO - Created Permission View: can create on DAG Run:dataset_alias_example_alias_consumer_with_no_taskflow
[2024-10-19T13:01:43.472-0300] {logging_mixin.py:190} INFO - [2024-10-19T13:01:43.470-0300] {override.py:1907} INFO - Created Permission View: can read on DAG Run:dataset_alias_example_alias_consumer_with_no_taskflow
[2024-10-19T13:01:43.676-0300] {logging_mixin.py:190} INFO - [2024-10-19T13:01:43.675-0300] {override.py:1907} INFO - Created Permission View: can delete on DAG:dataset_alias_example_alias_producer_with_no_taskflow
[2024-10-19T13:01:43.751-0300] {logging_mixin.py:190} INFO - [2024-10-19T13:01:43.750-0300] {override.py:1907} INFO - Created Permission View: can edit on DAG:dataset_alias_example_alias_producer_with_no_taskflow
[2024-10-19T13:01:43.829-0300] {logging_mixin.py:190} INFO - [2024-10-19T13:01:43.828-0300] {override.py:1907} INFO - Created Permission View: can read on DAG:dataset_alias_example_alias_producer_with_no_taskflow
[2024-10-19T13:01:43.951-0300] {logging_mixin.py:190} INFO - [2024-10-19T13:01:43.950-0300] {override.py:1907} INFO - Created Permission View: can delete on DAG Run:dataset_alias_example_alias_producer_with_no_taskflow
[2024-10-19T13:01:44.037-0300] {logging_mixin.py:190} INFO - [2024-10-19T13:01:44.036-0300] {override.py:1907} INFO - Created Permission View: menu access on DAG Run:dataset_alias_example_alias_producer_with_no_taskflow
[2024-10-19T13:01:44.112-0300] {logging_mixin.py:190} INFO - [2024-10-19T13:01:44.110-0300] {override.py:1907} INFO - Created Permission View: can create on DAG Run:dataset_alias_example_alias_producer_with_no_taskflow
[2024-10-19T13:01:44.198-0300] {logging_mixin.py:190} INFO - [2024-10-19T13:01:44.197-0300] {override.py:1907} INFO - Created Permission View: can read on DAG Run:dataset_alias_example_alias_producer_with_no_taskflow
[2024-10-19T13:01:44.200-0300] {logging_mixin.py:190} INFO - [2024-10-19T13:01:44.200-0300] {dag.py:3239} INFO - Sync 4 DAGs
[2024-10-19T13:01:44.240-0300] {logging_mixin.py:190} INFO - [2024-10-19T13:01:44.240-0300] {dag.py:3262} INFO - Creating ORM DAG for dataset_s3_bucket_producer_with_no_taskflow
[2024-10-19T13:01:44.242-0300] {logging_mixin.py:190} INFO - [2024-10-19T13:01:44.242-0300] {dag.py:3262} INFO - Creating ORM DAG for dataset_s3_bucket_consumer_with_no_taskflow
[2024-10-19T13:01:44.246-0300] {logging_mixin.py:190} INFO - [2024-10-19T13:01:44.245-0300] {dag.py:3262} INFO - Creating ORM DAG for dataset_alias_example_alias_consumer_with_no_taskflow
[2024-10-19T13:01:44.248-0300] {logging_mixin.py:190} INFO - [2024-10-19T13:01:44.248-0300] {dag.py:3262} INFO - Creating ORM DAG for dataset_alias_example_alias_producer_with_no_taskflow
[2024-10-19T13:01:44.275-0300] {logging_mixin.py:190} INFO - [2024-10-19T13:01:44.275-0300] {dag.py:4180} INFO - Setting next_dagrun for dataset_alias_example_alias_consumer_with_no_taskflow to None, run_after=None
[2024-10-19T13:01:44.278-0300] {logging_mixin.py:190} INFO - [2024-10-19T13:01:44.278-0300] {dag.py:4180} INFO - Setting next_dagrun for dataset_alias_example_alias_producer_with_no_taskflow to None, run_after=None
[2024-10-19T13:01:44.280-0300] {logging_mixin.py:190} INFO - [2024-10-19T13:01:44.280-0300] {dag.py:4180} INFO - Setting next_dagrun for dataset_s3_bucket_consumer_with_no_taskflow to None, run_after=None
[2024-10-19T13:01:44.282-0300] {logging_mixin.py:190} INFO - [2024-10-19T13:01:44.282-0300] {dag.py:4180} INFO - Setting next_dagrun for dataset_s3_bucket_producer_with_no_taskflow to None, run_after=None
[2024-10-19T13:01:44.482-0300] {processor.py:208} INFO - Processing /home/nico/.local/lib/python3.10/site-packages/airflow/example_dags/example_dataset_alias_with_no_taskflow.py took 3.903 seconds
[2024-10-19T13:03:39.285-0300] {processor.py:186} INFO - Started process (PID=8812) to work on /home/nico/.local/lib/python3.10/site-packages/airflow/example_dags/example_dataset_alias_with_no_taskflow.py
[2024-10-19T13:03:39.287-0300] {processor.py:914} INFO - Processing file /home/nico/.local/lib/python3.10/site-packages/airflow/example_dags/example_dataset_alias_with_no_taskflow.py for tasks to queue
[2024-10-19T13:03:39.293-0300] {logging_mixin.py:190} INFO - [2024-10-19T13:03:39.292-0300] {dagbag.py:588} INFO - Filling up the DagBag from /home/nico/.local/lib/python3.10/site-packages/airflow/example_dags/example_dataset_alias_with_no_taskflow.py
[2024-10-19T13:03:39.370-0300] {processor.py:925} INFO - DAG(s) 'dataset_s3_bucket_consumer_with_no_taskflow', 'dataset_s3_bucket_producer_with_no_taskflow', 'dataset_alias_example_alias_consumer_with_no_taskflow', 'dataset_alias_example_alias_producer_with_no_taskflow' retrieved from /home/nico/.local/lib/python3.10/site-packages/airflow/example_dags/example_dataset_alias_with_no_taskflow.py
[2024-10-19T13:03:39.496-0300] {logging_mixin.py:190} INFO - [2024-10-19T13:03:39.495-0300] {dag.py:3239} INFO - Sync 4 DAGs
[2024-10-19T13:03:39.566-0300] {logging_mixin.py:190} INFO - [2024-10-19T13:03:39.566-0300] {dag.py:4180} INFO - Setting next_dagrun for dataset_alias_example_alias_consumer_with_no_taskflow to None, run_after=None
[2024-10-19T13:03:39.577-0300] {logging_mixin.py:190} INFO - [2024-10-19T13:03:39.577-0300] {dag.py:4180} INFO - Setting next_dagrun for dataset_alias_example_alias_producer_with_no_taskflow to None, run_after=None
[2024-10-19T13:03:39.583-0300] {logging_mixin.py:190} INFO - [2024-10-19T13:03:39.582-0300] {dag.py:4180} INFO - Setting next_dagrun for dataset_s3_bucket_consumer_with_no_taskflow to None, run_after=None
[2024-10-19T13:03:39.590-0300] {logging_mixin.py:190} INFO - [2024-10-19T13:03:39.589-0300] {dag.py:4180} INFO - Setting next_dagrun for dataset_s3_bucket_producer_with_no_taskflow to None, run_after=None
[2024-10-19T13:03:39.721-0300] {processor.py:208} INFO - Processing /home/nico/.local/lib/python3.10/site-packages/airflow/example_dags/example_dataset_alias_with_no_taskflow.py took 0.451 seconds
[2024-10-19T13:05:34.423-0300] {processor.py:186} INFO - Started process (PID=8891) to work on /home/nico/.local/lib/python3.10/site-packages/airflow/example_dags/example_dataset_alias_with_no_taskflow.py
[2024-10-19T13:05:34.425-0300] {processor.py:914} INFO - Processing file /home/nico/.local/lib/python3.10/site-packages/airflow/example_dags/example_dataset_alias_with_no_taskflow.py for tasks to queue
[2024-10-19T13:05:34.430-0300] {logging_mixin.py:190} INFO - [2024-10-19T13:05:34.430-0300] {dagbag.py:588} INFO - Filling up the DagBag from /home/nico/.local/lib/python3.10/site-packages/airflow/example_dags/example_dataset_alias_with_no_taskflow.py
[2024-10-19T13:05:34.491-0300] {processor.py:925} INFO - DAG(s) 'dataset_alias_example_alias_consumer_with_no_taskflow', 'dataset_s3_bucket_producer_with_no_taskflow', 'dataset_alias_example_alias_producer_with_no_taskflow', 'dataset_s3_bucket_consumer_with_no_taskflow' retrieved from /home/nico/.local/lib/python3.10/site-packages/airflow/example_dags/example_dataset_alias_with_no_taskflow.py
[2024-10-19T13:05:34.598-0300] {logging_mixin.py:190} INFO - [2024-10-19T13:05:34.597-0300] {dag.py:3239} INFO - Sync 4 DAGs
[2024-10-19T13:05:34.657-0300] {logging_mixin.py:190} INFO - [2024-10-19T13:05:34.656-0300] {dag.py:4180} INFO - Setting next_dagrun for dataset_alias_example_alias_consumer_with_no_taskflow to None, run_after=None
[2024-10-19T13:05:34.667-0300] {logging_mixin.py:190} INFO - [2024-10-19T13:05:34.667-0300] {dag.py:4180} INFO - Setting next_dagrun for dataset_alias_example_alias_producer_with_no_taskflow to None, run_after=None
[2024-10-19T13:05:34.674-0300] {logging_mixin.py:190} INFO - [2024-10-19T13:05:34.673-0300] {dag.py:4180} INFO - Setting next_dagrun for dataset_s3_bucket_consumer_with_no_taskflow to None, run_after=None
[2024-10-19T13:05:34.683-0300] {logging_mixin.py:190} INFO - [2024-10-19T13:05:34.682-0300] {dag.py:4180} INFO - Setting next_dagrun for dataset_s3_bucket_producer_with_no_taskflow to None, run_after=None
[2024-10-19T13:05:34.823-0300] {processor.py:208} INFO - Processing /home/nico/.local/lib/python3.10/site-packages/airflow/example_dags/example_dataset_alias_with_no_taskflow.py took 0.415 seconds
[2024-10-19T13:07:53.211-0300] {processor.py:186} INFO - Started process (PID=8972) to work on /home/nico/.local/lib/python3.10/site-packages/airflow/example_dags/example_dataset_alias_with_no_taskflow.py
[2024-10-19T13:07:53.214-0300] {processor.py:914} INFO - Processing file /home/nico/.local/lib/python3.10/site-packages/airflow/example_dags/example_dataset_alias_with_no_taskflow.py for tasks to queue
[2024-10-19T13:07:53.223-0300] {logging_mixin.py:190} INFO - [2024-10-19T13:07:53.221-0300] {dagbag.py:588} INFO - Filling up the DagBag from /home/nico/.local/lib/python3.10/site-packages/airflow/example_dags/example_dataset_alias_with_no_taskflow.py
[2024-10-19T13:07:53.297-0300] {processor.py:925} INFO - DAG(s) 'dataset_alias_example_alias_producer_with_no_taskflow', 'dataset_alias_example_alias_consumer_with_no_taskflow', 'dataset_s3_bucket_producer_with_no_taskflow', 'dataset_s3_bucket_consumer_with_no_taskflow' retrieved from /home/nico/.local/lib/python3.10/site-packages/airflow/example_dags/example_dataset_alias_with_no_taskflow.py
[2024-10-19T13:07:53.398-0300] {logging_mixin.py:190} INFO - [2024-10-19T13:07:53.398-0300] {dag.py:3239} INFO - Sync 4 DAGs
[2024-10-19T13:07:53.458-0300] {logging_mixin.py:190} INFO - [2024-10-19T13:07:53.457-0300] {dag.py:4180} INFO - Setting next_dagrun for dataset_alias_example_alias_consumer_with_no_taskflow to None, run_after=None
[2024-10-19T13:07:53.467-0300] {logging_mixin.py:190} INFO - [2024-10-19T13:07:53.467-0300] {dag.py:4180} INFO - Setting next_dagrun for dataset_alias_example_alias_producer_with_no_taskflow to None, run_after=None
[2024-10-19T13:07:53.472-0300] {logging_mixin.py:190} INFO - [2024-10-19T13:07:53.472-0300] {dag.py:4180} INFO - Setting next_dagrun for dataset_s3_bucket_consumer_with_no_taskflow to None, run_after=None
[2024-10-19T13:07:53.478-0300] {logging_mixin.py:190} INFO - [2024-10-19T13:07:53.477-0300] {dag.py:4180} INFO - Setting next_dagrun for dataset_s3_bucket_producer_with_no_taskflow to None, run_after=None
[2024-10-19T13:07:53.813-0300] {processor.py:208} INFO - Processing /home/nico/.local/lib/python3.10/site-packages/airflow/example_dags/example_dataset_alias_with_no_taskflow.py took 0.626 seconds
[2024-10-19T13:09:58.639-0300] {processor.py:186} INFO - Started process (PID=9058) to work on /home/nico/.local/lib/python3.10/site-packages/airflow/example_dags/example_dataset_alias_with_no_taskflow.py
[2024-10-19T13:09:58.641-0300] {processor.py:914} INFO - Processing file /home/nico/.local/lib/python3.10/site-packages/airflow/example_dags/example_dataset_alias_with_no_taskflow.py for tasks to queue
[2024-10-19T13:09:58.647-0300] {logging_mixin.py:190} INFO - [2024-10-19T13:09:58.646-0300] {dagbag.py:588} INFO - Filling up the DagBag from /home/nico/.local/lib/python3.10/site-packages/airflow/example_dags/example_dataset_alias_with_no_taskflow.py
[2024-10-19T13:09:58.721-0300] {processor.py:925} INFO - DAG(s) 'dataset_s3_bucket_producer_with_no_taskflow', 'dataset_alias_example_alias_consumer_with_no_taskflow', 'dataset_alias_example_alias_producer_with_no_taskflow', 'dataset_s3_bucket_consumer_with_no_taskflow' retrieved from /home/nico/.local/lib/python3.10/site-packages/airflow/example_dags/example_dataset_alias_with_no_taskflow.py
[2024-10-19T13:09:58.833-0300] {logging_mixin.py:190} INFO - [2024-10-19T13:09:58.832-0300] {dag.py:3239} INFO - Sync 4 DAGs
[2024-10-19T13:09:58.897-0300] {logging_mixin.py:190} INFO - [2024-10-19T13:09:58.896-0300] {dag.py:4180} INFO - Setting next_dagrun for dataset_alias_example_alias_consumer_with_no_taskflow to None, run_after=None
[2024-10-19T13:09:58.907-0300] {logging_mixin.py:190} INFO - [2024-10-19T13:09:58.906-0300] {dag.py:4180} INFO - Setting next_dagrun for dataset_alias_example_alias_producer_with_no_taskflow to None, run_after=None
[2024-10-19T13:09:58.913-0300] {logging_mixin.py:190} INFO - [2024-10-19T13:09:58.912-0300] {dag.py:4180} INFO - Setting next_dagrun for dataset_s3_bucket_consumer_with_no_taskflow to None, run_after=None
[2024-10-19T13:09:58.918-0300] {logging_mixin.py:190} INFO - [2024-10-19T13:09:58.917-0300] {dag.py:4180} INFO - Setting next_dagrun for dataset_s3_bucket_producer_with_no_taskflow to None, run_after=None
[2024-10-19T13:09:59.052-0300] {processor.py:208} INFO - Processing /home/nico/.local/lib/python3.10/site-packages/airflow/example_dags/example_dataset_alias_with_no_taskflow.py took 0.426 seconds
[2024-10-19T13:12:22.573-0300] {processor.py:186} INFO - Started process (PID=9137) to work on /home/nico/.local/lib/python3.10/site-packages/airflow/example_dags/example_dataset_alias_with_no_taskflow.py
[2024-10-19T13:12:22.575-0300] {processor.py:914} INFO - Processing file /home/nico/.local/lib/python3.10/site-packages/airflow/example_dags/example_dataset_alias_with_no_taskflow.py for tasks to queue
[2024-10-19T13:12:22.580-0300] {logging_mixin.py:190} INFO - [2024-10-19T13:12:22.579-0300] {dagbag.py:588} INFO - Filling up the DagBag from /home/nico/.local/lib/python3.10/site-packages/airflow/example_dags/example_dataset_alias_with_no_taskflow.py
[2024-10-19T13:12:22.698-0300] {processor.py:925} INFO - DAG(s) 'dataset_s3_bucket_consumer_with_no_taskflow', 'dataset_alias_example_alias_consumer_with_no_taskflow', 'dataset_s3_bucket_producer_with_no_taskflow', 'dataset_alias_example_alias_producer_with_no_taskflow' retrieved from /home/nico/.local/lib/python3.10/site-packages/airflow/example_dags/example_dataset_alias_with_no_taskflow.py
[2024-10-19T13:12:22.953-0300] {logging_mixin.py:190} INFO - [2024-10-19T13:12:22.948-0300] {dag.py:3239} INFO - Sync 4 DAGs
[2024-10-19T13:12:23.076-0300] {logging_mixin.py:190} INFO - [2024-10-19T13:12:23.075-0300] {dag.py:4180} INFO - Setting next_dagrun for dataset_alias_example_alias_consumer_with_no_taskflow to None, run_after=None
[2024-10-19T13:12:23.088-0300] {logging_mixin.py:190} INFO - [2024-10-19T13:12:23.087-0300] {dag.py:4180} INFO - Setting next_dagrun for dataset_alias_example_alias_producer_with_no_taskflow to None, run_after=None
[2024-10-19T13:12:23.094-0300] {logging_mixin.py:190} INFO - [2024-10-19T13:12:23.093-0300] {dag.py:4180} INFO - Setting next_dagrun for dataset_s3_bucket_consumer_with_no_taskflow to None, run_after=None
[2024-10-19T13:12:23.101-0300] {logging_mixin.py:190} INFO - [2024-10-19T13:12:23.100-0300] {dag.py:4180} INFO - Setting next_dagrun for dataset_s3_bucket_producer_with_no_taskflow to None, run_after=None
[2024-10-19T13:12:23.280-0300] {processor.py:208} INFO - Processing /home/nico/.local/lib/python3.10/site-packages/airflow/example_dags/example_dataset_alias_with_no_taskflow.py took 0.719 seconds
