[2024-10-19T13:01:28.158-0300] {processor.py:186} INFO - Started process (PID=8747) to work on /home/nico/.local/lib/python3.10/site-packages/airflow/example_dags/example_branch_operator_decorator.py
[2024-10-19T13:01:28.161-0300] {processor.py:914} INFO - Processing file /home/nico/.local/lib/python3.10/site-packages/airflow/example_dags/example_branch_operator_decorator.py for tasks to queue
[2024-10-19T13:01:28.166-0300] {logging_mixin.py:190} INFO - [2024-10-19T13:01:28.165-0300] {dagbag.py:588} INFO - Filling up the DagBag from /home/nico/.local/lib/python3.10/site-packages/airflow/example_dags/example_branch_operator_decorator.py
[2024-10-19T13:01:28.227-0300] {processor.py:925} INFO - DAG(s) 'example_branch_python_operator_decorator' retrieved from /home/nico/.local/lib/python3.10/site-packages/airflow/example_dags/example_branch_operator_decorator.py
[2024-10-19T13:01:28.601-0300] {logging_mixin.py:190} INFO - [2024-10-19T13:01:28.600-0300] {override.py:1907} INFO - Created Permission View: can delete on DAG:example_branch_python_operator_decorator
[2024-10-19T13:01:28.689-0300] {logging_mixin.py:190} INFO - [2024-10-19T13:01:28.688-0300] {override.py:1907} INFO - Created Permission View: can edit on DAG:example_branch_python_operator_decorator
[2024-10-19T13:01:28.774-0300] {logging_mixin.py:190} INFO - [2024-10-19T13:01:28.773-0300] {override.py:1907} INFO - Created Permission View: can read on DAG:example_branch_python_operator_decorator
[2024-10-19T13:01:28.894-0300] {logging_mixin.py:190} INFO - [2024-10-19T13:01:28.893-0300] {override.py:1907} INFO - Created Permission View: can delete on DAG Run:example_branch_python_operator_decorator
[2024-10-19T13:01:28.975-0300] {logging_mixin.py:190} INFO - [2024-10-19T13:01:28.974-0300] {override.py:1907} INFO - Created Permission View: menu access on DAG Run:example_branch_python_operator_decorator
[2024-10-19T13:01:29.100-0300] {logging_mixin.py:190} INFO - [2024-10-19T13:01:29.099-0300] {override.py:1907} INFO - Created Permission View: can create on DAG Run:example_branch_python_operator_decorator
[2024-10-19T13:01:29.197-0300] {logging_mixin.py:190} INFO - [2024-10-19T13:01:29.196-0300] {override.py:1907} INFO - Created Permission View: can read on DAG Run:example_branch_python_operator_decorator
[2024-10-19T13:01:29.199-0300] {logging_mixin.py:190} INFO - [2024-10-19T13:01:29.198-0300] {dag.py:3239} INFO - Sync 1 DAGs
[2024-10-19T13:01:29.258-0300] {logging_mixin.py:190} INFO - [2024-10-19T13:01:29.257-0300] {dag.py:3262} INFO - Creating ORM DAG for example_branch_python_operator_decorator
[2024-10-19T13:01:29.285-0300] {logging_mixin.py:190} INFO - [2024-10-19T13:01:29.285-0300] {dag.py:4180} INFO - Setting next_dagrun for example_branch_python_operator_decorator to 2024-10-18 00:00:00+00:00, run_after=2024-10-19 00:00:00+00:00
[2024-10-19T13:01:29.418-0300] {processor.py:208} INFO - Processing /home/nico/.local/lib/python3.10/site-packages/airflow/example_dags/example_branch_operator_decorator.py took 1.274 seconds
[2024-10-19T13:03:33.441-0300] {processor.py:186} INFO - Started process (PID=8808) to work on /home/nico/.local/lib/python3.10/site-packages/airflow/example_dags/example_branch_operator_decorator.py
[2024-10-19T13:03:33.443-0300] {processor.py:914} INFO - Processing file /home/nico/.local/lib/python3.10/site-packages/airflow/example_dags/example_branch_operator_decorator.py for tasks to queue
[2024-10-19T13:03:33.448-0300] {logging_mixin.py:190} INFO - [2024-10-19T13:03:33.447-0300] {dagbag.py:588} INFO - Filling up the DagBag from /home/nico/.local/lib/python3.10/site-packages/airflow/example_dags/example_branch_operator_decorator.py
[2024-10-19T13:03:33.523-0300] {processor.py:925} INFO - DAG(s) 'example_branch_python_operator_decorator' retrieved from /home/nico/.local/lib/python3.10/site-packages/airflow/example_dags/example_branch_operator_decorator.py
[2024-10-19T13:03:33.622-0300] {logging_mixin.py:190} INFO - [2024-10-19T13:03:33.621-0300] {dag.py:3239} INFO - Sync 1 DAGs
[2024-10-19T13:03:33.678-0300] {logging_mixin.py:190} INFO - [2024-10-19T13:03:33.678-0300] {dag.py:4180} INFO - Setting next_dagrun for example_branch_python_operator_decorator to 2024-10-18 00:00:00+00:00, run_after=2024-10-19 00:00:00+00:00
[2024-10-19T13:03:33.808-0300] {processor.py:208} INFO - Processing /home/nico/.local/lib/python3.10/site-packages/airflow/example_dags/example_branch_operator_decorator.py took 0.381 seconds
[2024-10-19T13:05:27.350-0300] {processor.py:186} INFO - Started process (PID=8887) to work on /home/nico/.local/lib/python3.10/site-packages/airflow/example_dags/example_branch_operator_decorator.py
[2024-10-19T13:05:27.353-0300] {processor.py:914} INFO - Processing file /home/nico/.local/lib/python3.10/site-packages/airflow/example_dags/example_branch_operator_decorator.py for tasks to queue
[2024-10-19T13:05:27.358-0300] {logging_mixin.py:190} INFO - [2024-10-19T13:05:27.357-0300] {dagbag.py:588} INFO - Filling up the DagBag from /home/nico/.local/lib/python3.10/site-packages/airflow/example_dags/example_branch_operator_decorator.py
[2024-10-19T13:05:27.425-0300] {processor.py:925} INFO - DAG(s) 'example_branch_python_operator_decorator' retrieved from /home/nico/.local/lib/python3.10/site-packages/airflow/example_dags/example_branch_operator_decorator.py
[2024-10-19T13:05:27.509-0300] {logging_mixin.py:190} INFO - [2024-10-19T13:05:27.508-0300] {dag.py:3239} INFO - Sync 1 DAGs
[2024-10-19T13:05:27.573-0300] {logging_mixin.py:190} INFO - [2024-10-19T13:05:27.573-0300] {dag.py:4180} INFO - Setting next_dagrun for example_branch_python_operator_decorator to 2024-10-18 00:00:00+00:00, run_after=2024-10-19 00:00:00+00:00
[2024-10-19T13:05:27.705-0300] {processor.py:208} INFO - Processing /home/nico/.local/lib/python3.10/site-packages/airflow/example_dags/example_branch_operator_decorator.py took 0.367 seconds
[2024-10-19T13:07:46.257-0300] {processor.py:186} INFO - Started process (PID=8968) to work on /home/nico/.local/lib/python3.10/site-packages/airflow/example_dags/example_branch_operator_decorator.py
[2024-10-19T13:07:46.260-0300] {processor.py:914} INFO - Processing file /home/nico/.local/lib/python3.10/site-packages/airflow/example_dags/example_branch_operator_decorator.py for tasks to queue
[2024-10-19T13:07:46.264-0300] {logging_mixin.py:190} INFO - [2024-10-19T13:07:46.263-0300] {dagbag.py:588} INFO - Filling up the DagBag from /home/nico/.local/lib/python3.10/site-packages/airflow/example_dags/example_branch_operator_decorator.py
[2024-10-19T13:07:46.319-0300] {processor.py:925} INFO - DAG(s) 'example_branch_python_operator_decorator' retrieved from /home/nico/.local/lib/python3.10/site-packages/airflow/example_dags/example_branch_operator_decorator.py
[2024-10-19T13:07:46.399-0300] {logging_mixin.py:190} INFO - [2024-10-19T13:07:46.398-0300] {dag.py:3239} INFO - Sync 1 DAGs
[2024-10-19T13:07:46.478-0300] {logging_mixin.py:190} INFO - [2024-10-19T13:07:46.477-0300] {dag.py:4180} INFO - Setting next_dagrun for example_branch_python_operator_decorator to 2024-10-18 00:00:00+00:00, run_after=2024-10-19 00:00:00+00:00
[2024-10-19T13:07:46.645-0300] {processor.py:208} INFO - Processing /home/nico/.local/lib/python3.10/site-packages/airflow/example_dags/example_branch_operator_decorator.py took 0.399 seconds
[2024-10-19T13:09:51.323-0300] {processor.py:186} INFO - Started process (PID=9054) to work on /home/nico/.local/lib/python3.10/site-packages/airflow/example_dags/example_branch_operator_decorator.py
[2024-10-19T13:09:51.326-0300] {processor.py:914} INFO - Processing file /home/nico/.local/lib/python3.10/site-packages/airflow/example_dags/example_branch_operator_decorator.py for tasks to queue
[2024-10-19T13:09:51.351-0300] {logging_mixin.py:190} INFO - [2024-10-19T13:09:51.342-0300] {dagbag.py:588} INFO - Filling up the DagBag from /home/nico/.local/lib/python3.10/site-packages/airflow/example_dags/example_branch_operator_decorator.py
[2024-10-19T13:09:51.413-0300] {processor.py:925} INFO - DAG(s) 'example_branch_python_operator_decorator' retrieved from /home/nico/.local/lib/python3.10/site-packages/airflow/example_dags/example_branch_operator_decorator.py
[2024-10-19T13:09:51.492-0300] {logging_mixin.py:190} INFO - [2024-10-19T13:09:51.492-0300] {dag.py:3239} INFO - Sync 1 DAGs
[2024-10-19T13:09:51.559-0300] {logging_mixin.py:190} INFO - [2024-10-19T13:09:51.559-0300] {dag.py:4180} INFO - Setting next_dagrun for example_branch_python_operator_decorator to 2024-10-18 00:00:00+00:00, run_after=2024-10-19 00:00:00+00:00
[2024-10-19T13:09:51.672-0300] {processor.py:208} INFO - Processing /home/nico/.local/lib/python3.10/site-packages/airflow/example_dags/example_branch_operator_decorator.py took 0.392 seconds
[2024-10-19T13:12:11.260-0300] {processor.py:186} INFO - Started process (PID=9131) to work on /home/nico/.local/lib/python3.10/site-packages/airflow/example_dags/example_branch_operator_decorator.py
[2024-10-19T13:12:11.263-0300] {processor.py:914} INFO - Processing file /home/nico/.local/lib/python3.10/site-packages/airflow/example_dags/example_branch_operator_decorator.py for tasks to queue
[2024-10-19T13:12:11.268-0300] {logging_mixin.py:190} INFO - [2024-10-19T13:12:11.267-0300] {dagbag.py:588} INFO - Filling up the DagBag from /home/nico/.local/lib/python3.10/site-packages/airflow/example_dags/example_branch_operator_decorator.py
[2024-10-19T13:12:11.315-0300] {processor.py:925} INFO - DAG(s) 'example_branch_python_operator_decorator' retrieved from /home/nico/.local/lib/python3.10/site-packages/airflow/example_dags/example_branch_operator_decorator.py
[2024-10-19T13:12:11.390-0300] {logging_mixin.py:190} INFO - [2024-10-19T13:12:11.390-0300] {dag.py:3239} INFO - Sync 1 DAGs
[2024-10-19T13:12:11.455-0300] {logging_mixin.py:190} INFO - [2024-10-19T13:12:11.455-0300] {dag.py:4180} INFO - Setting next_dagrun for example_branch_python_operator_decorator to 2024-10-18 00:00:00+00:00, run_after=2024-10-19 00:00:00+00:00
[2024-10-19T13:12:11.580-0300] {processor.py:208} INFO - Processing /home/nico/.local/lib/python3.10/site-packages/airflow/example_dags/example_branch_operator_decorator.py took 0.338 seconds
[2024-10-19T17:57:42.427-0300] {processor.py:186} INFO - Started process (PID=11347) to work on /home/nico/.local/lib/python3.10/site-packages/airflow/example_dags/example_branch_operator_decorator.py
[2024-10-19T17:57:42.432-0300] {processor.py:914} INFO - Processing file /home/nico/.local/lib/python3.10/site-packages/airflow/example_dags/example_branch_operator_decorator.py for tasks to queue
[2024-10-19T17:57:42.439-0300] {logging_mixin.py:190} INFO - [2024-10-19T17:57:42.438-0300] {dagbag.py:588} INFO - Filling up the DagBag from /home/nico/.local/lib/python3.10/site-packages/airflow/example_dags/example_branch_operator_decorator.py
[2024-10-19T17:57:42.709-0300] {processor.py:925} INFO - DAG(s) 'example_branch_python_operator_decorator' retrieved from /home/nico/.local/lib/python3.10/site-packages/airflow/example_dags/example_branch_operator_decorator.py
[2024-10-19T17:57:44.475-0300] {logging_mixin.py:190} INFO - [2024-10-19T17:57:44.469-0300] {dag.py:3239} INFO - Sync 1 DAGs
[2024-10-19T17:57:44.699-0300] {logging_mixin.py:190} INFO - [2024-10-19T17:57:44.698-0300] {dag.py:4180} INFO - Setting next_dagrun for example_branch_python_operator_decorator to 2024-10-18 00:00:00+00:00, run_after=2024-10-19 00:00:00+00:00
[2024-10-19T17:57:45.418-0300] {processor.py:208} INFO - Processing /home/nico/.local/lib/python3.10/site-packages/airflow/example_dags/example_branch_operator_decorator.py took 3.037 seconds
[2024-10-19T17:59:48.385-0300] {processor.py:186} INFO - Started process (PID=11887) to work on /home/nico/.local/lib/python3.10/site-packages/airflow/example_dags/example_branch_operator_decorator.py
[2024-10-19T17:59:48.388-0300] {processor.py:914} INFO - Processing file /home/nico/.local/lib/python3.10/site-packages/airflow/example_dags/example_branch_operator_decorator.py for tasks to queue
[2024-10-19T17:59:48.396-0300] {logging_mixin.py:190} INFO - [2024-10-19T17:59:48.395-0300] {dagbag.py:588} INFO - Filling up the DagBag from /home/nico/.local/lib/python3.10/site-packages/airflow/example_dags/example_branch_operator_decorator.py
[2024-10-19T17:59:48.573-0300] {processor.py:925} INFO - DAG(s) 'example_branch_python_operator_decorator' retrieved from /home/nico/.local/lib/python3.10/site-packages/airflow/example_dags/example_branch_operator_decorator.py
[2024-10-19T17:59:48.832-0300] {logging_mixin.py:190} INFO - [2024-10-19T17:59:48.831-0300] {dag.py:3239} INFO - Sync 1 DAGs
[2024-10-19T17:59:49.018-0300] {logging_mixin.py:190} INFO - [2024-10-19T17:59:49.007-0300] {dag.py:4180} INFO - Setting next_dagrun for example_branch_python_operator_decorator to 2024-10-18 00:00:00+00:00, run_after=2024-10-19 00:00:00+00:00
[2024-10-19T17:59:49.239-0300] {processor.py:208} INFO - Processing /home/nico/.local/lib/python3.10/site-packages/airflow/example_dags/example_branch_operator_decorator.py took 0.888 seconds
[2024-10-19T18:02:44.878-0300] {processor.py:186} INFO - Started process (PID=12651) to work on /home/nico/.local/lib/python3.10/site-packages/airflow/example_dags/example_branch_operator_decorator.py
[2024-10-19T18:02:44.881-0300] {processor.py:914} INFO - Processing file /home/nico/.local/lib/python3.10/site-packages/airflow/example_dags/example_branch_operator_decorator.py for tasks to queue
[2024-10-19T18:02:44.886-0300] {logging_mixin.py:190} INFO - [2024-10-19T18:02:44.885-0300] {dagbag.py:588} INFO - Filling up the DagBag from /home/nico/.local/lib/python3.10/site-packages/airflow/example_dags/example_branch_operator_decorator.py
[2024-10-19T18:02:44.943-0300] {processor.py:925} INFO - DAG(s) 'example_branch_python_operator_decorator' retrieved from /home/nico/.local/lib/python3.10/site-packages/airflow/example_dags/example_branch_operator_decorator.py
[2024-10-19T18:02:45.035-0300] {logging_mixin.py:190} INFO - [2024-10-19T18:02:45.034-0300] {dag.py:3239} INFO - Sync 1 DAGs
[2024-10-19T18:02:45.117-0300] {logging_mixin.py:190} INFO - [2024-10-19T18:02:45.116-0300] {dag.py:4180} INFO - Setting next_dagrun for example_branch_python_operator_decorator to 2024-10-18 00:00:00+00:00, run_after=2024-10-19 00:00:00+00:00
[2024-10-19T18:02:45.251-0300] {processor.py:208} INFO - Processing /home/nico/.local/lib/python3.10/site-packages/airflow/example_dags/example_branch_operator_decorator.py took 0.387 seconds
[2024-10-19T18:05:55.570-0300] {processor.py:186} INFO - Started process (PID=13470) to work on /home/nico/.local/lib/python3.10/site-packages/airflow/example_dags/example_branch_operator_decorator.py
[2024-10-19T18:05:55.573-0300] {processor.py:914} INFO - Processing file /home/nico/.local/lib/python3.10/site-packages/airflow/example_dags/example_branch_operator_decorator.py for tasks to queue
[2024-10-19T18:05:55.582-0300] {logging_mixin.py:190} INFO - [2024-10-19T18:05:55.581-0300] {dagbag.py:588} INFO - Filling up the DagBag from /home/nico/.local/lib/python3.10/site-packages/airflow/example_dags/example_branch_operator_decorator.py
[2024-10-19T18:05:55.647-0300] {processor.py:925} INFO - DAG(s) 'example_branch_python_operator_decorator' retrieved from /home/nico/.local/lib/python3.10/site-packages/airflow/example_dags/example_branch_operator_decorator.py
[2024-10-19T18:05:55.754-0300] {logging_mixin.py:190} INFO - [2024-10-19T18:05:55.753-0300] {dag.py:3239} INFO - Sync 1 DAGs
[2024-10-19T18:05:55.828-0300] {logging_mixin.py:190} INFO - [2024-10-19T18:05:55.827-0300] {dag.py:4180} INFO - Setting next_dagrun for example_branch_python_operator_decorator to 2024-10-18 00:00:00+00:00, run_after=2024-10-19 00:00:00+00:00
[2024-10-19T18:05:55.979-0300] {processor.py:208} INFO - Processing /home/nico/.local/lib/python3.10/site-packages/airflow/example_dags/example_branch_operator_decorator.py took 0.436 seconds
[2024-10-19T18:10:51.572-0300] {processor.py:186} INFO - Started process (PID=14793) to work on /home/nico/.local/lib/python3.10/site-packages/airflow/example_dags/example_branch_operator_decorator.py
[2024-10-19T18:10:51.575-0300] {processor.py:914} INFO - Processing file /home/nico/.local/lib/python3.10/site-packages/airflow/example_dags/example_branch_operator_decorator.py for tasks to queue
[2024-10-19T18:10:51.582-0300] {logging_mixin.py:190} INFO - [2024-10-19T18:10:51.581-0300] {dagbag.py:588} INFO - Filling up the DagBag from /home/nico/.local/lib/python3.10/site-packages/airflow/example_dags/example_branch_operator_decorator.py
[2024-10-19T18:10:51.666-0300] {processor.py:925} INFO - DAG(s) 'example_branch_python_operator_decorator' retrieved from /home/nico/.local/lib/python3.10/site-packages/airflow/example_dags/example_branch_operator_decorator.py
[2024-10-19T18:10:52.154-0300] {logging_mixin.py:190} INFO - [2024-10-19T18:10:52.153-0300] {dag.py:3239} INFO - Sync 1 DAGs
[2024-10-19T18:10:52.335-0300] {logging_mixin.py:190} INFO - [2024-10-19T18:10:52.335-0300] {dag.py:4180} INFO - Setting next_dagrun for example_branch_python_operator_decorator to 2024-10-18 00:00:00+00:00, run_after=2024-10-19 00:00:00+00:00
[2024-10-19T18:10:53.763-0300] {processor.py:208} INFO - Processing /home/nico/.local/lib/python3.10/site-packages/airflow/example_dags/example_branch_operator_decorator.py took 2.207 seconds
[2024-10-19T18:30:46.104-0300] {processor.py:186} INFO - Started process (PID=19547) to work on /home/nico/.local/lib/python3.10/site-packages/airflow/example_dags/example_branch_operator_decorator.py
[2024-10-19T18:30:46.107-0300] {processor.py:914} INFO - Processing file /home/nico/.local/lib/python3.10/site-packages/airflow/example_dags/example_branch_operator_decorator.py for tasks to queue
[2024-10-19T18:30:46.113-0300] {logging_mixin.py:190} INFO - [2024-10-19T18:30:46.112-0300] {dagbag.py:588} INFO - Filling up the DagBag from /home/nico/.local/lib/python3.10/site-packages/airflow/example_dags/example_branch_operator_decorator.py
[2024-10-19T18:30:46.194-0300] {processor.py:925} INFO - DAG(s) 'example_branch_python_operator_decorator' retrieved from /home/nico/.local/lib/python3.10/site-packages/airflow/example_dags/example_branch_operator_decorator.py
[2024-10-19T18:30:46.602-0300] {logging_mixin.py:190} INFO - [2024-10-19T18:30:46.601-0300] {dag.py:3239} INFO - Sync 1 DAGs
[2024-10-19T18:30:46.684-0300] {logging_mixin.py:190} INFO - [2024-10-19T18:30:46.683-0300] {dag.py:4180} INFO - Setting next_dagrun for example_branch_python_operator_decorator to 2024-10-18 00:00:00+00:00, run_after=2024-10-19 00:00:00+00:00
[2024-10-19T18:30:46.813-0300] {processor.py:208} INFO - Processing /home/nico/.local/lib/python3.10/site-packages/airflow/example_dags/example_branch_operator_decorator.py took 0.723 seconds
[2024-10-19T18:32:51.581-0300] {processor.py:186} INFO - Started process (PID=20092) to work on /home/nico/.local/lib/python3.10/site-packages/airflow/example_dags/example_branch_operator_decorator.py
[2024-10-19T18:32:51.584-0300] {processor.py:914} INFO - Processing file /home/nico/.local/lib/python3.10/site-packages/airflow/example_dags/example_branch_operator_decorator.py for tasks to queue
[2024-10-19T18:32:51.597-0300] {logging_mixin.py:190} INFO - [2024-10-19T18:32:51.591-0300] {dagbag.py:588} INFO - Filling up the DagBag from /home/nico/.local/lib/python3.10/site-packages/airflow/example_dags/example_branch_operator_decorator.py
[2024-10-19T18:32:51.730-0300] {processor.py:925} INFO - DAG(s) 'example_branch_python_operator_decorator' retrieved from /home/nico/.local/lib/python3.10/site-packages/airflow/example_dags/example_branch_operator_decorator.py
[2024-10-19T18:32:51.826-0300] {logging_mixin.py:190} INFO - [2024-10-19T18:32:51.825-0300] {dag.py:3239} INFO - Sync 1 DAGs
[2024-10-19T18:32:51.888-0300] {logging_mixin.py:190} INFO - [2024-10-19T18:32:51.887-0300] {dag.py:4180} INFO - Setting next_dagrun for example_branch_python_operator_decorator to 2024-10-18 00:00:00+00:00, run_after=2024-10-19 00:00:00+00:00
[2024-10-19T18:32:52.049-0300] {processor.py:208} INFO - Processing /home/nico/.local/lib/python3.10/site-packages/airflow/example_dags/example_branch_operator_decorator.py took 0.503 seconds
[2024-10-19T18:36:21.208-0300] {processor.py:186} INFO - Started process (PID=20996) to work on /home/nico/.local/lib/python3.10/site-packages/airflow/example_dags/example_branch_operator_decorator.py
[2024-10-19T18:36:21.210-0300] {processor.py:914} INFO - Processing file /home/nico/.local/lib/python3.10/site-packages/airflow/example_dags/example_branch_operator_decorator.py for tasks to queue
[2024-10-19T18:36:21.217-0300] {logging_mixin.py:190} INFO - [2024-10-19T18:36:21.215-0300] {dagbag.py:588} INFO - Filling up the DagBag from /home/nico/.local/lib/python3.10/site-packages/airflow/example_dags/example_branch_operator_decorator.py
[2024-10-19T18:36:21.272-0300] {processor.py:925} INFO - DAG(s) 'example_branch_python_operator_decorator' retrieved from /home/nico/.local/lib/python3.10/site-packages/airflow/example_dags/example_branch_operator_decorator.py
[2024-10-19T18:36:21.365-0300] {logging_mixin.py:190} INFO - [2024-10-19T18:36:21.364-0300] {dag.py:3239} INFO - Sync 1 DAGs
[2024-10-19T18:36:21.440-0300] {logging_mixin.py:190} INFO - [2024-10-19T18:36:21.440-0300] {dag.py:4180} INFO - Setting next_dagrun for example_branch_python_operator_decorator to 2024-10-18 00:00:00+00:00, run_after=2024-10-19 00:00:00+00:00
[2024-10-19T18:36:21.556-0300] {processor.py:208} INFO - Processing /home/nico/.local/lib/python3.10/site-packages/airflow/example_dags/example_branch_operator_decorator.py took 0.362 seconds
