[2024-10-19T13:01:52.205-0300] {processor.py:186} INFO - Started process (PID=8754) to work on /home/nico/.local/lib/python3.10/site-packages/airflow/example_dags/example_dataset_alias.py
[2024-10-19T13:01:52.207-0300] {processor.py:914} INFO - Processing file /home/nico/.local/lib/python3.10/site-packages/airflow/example_dags/example_dataset_alias.py for tasks to queue
[2024-10-19T13:01:52.212-0300] {logging_mixin.py:190} INFO - [2024-10-19T13:01:52.211-0300] {dagbag.py:588} INFO - Filling up the DagBag from /home/nico/.local/lib/python3.10/site-packages/airflow/example_dags/example_dataset_alias.py
[2024-10-19T13:01:52.271-0300] {processor.py:925} INFO - DAG(s) 'dataset_s3_bucket_consumer', 'dataset_alias_example_alias_consumer', 'dataset_alias_example_alias_producer', 'dataset_s3_bucket_producer' retrieved from /home/nico/.local/lib/python3.10/site-packages/airflow/example_dags/example_dataset_alias.py
[2024-10-19T13:01:53.004-0300] {logging_mixin.py:190} INFO - [2024-10-19T13:01:53.002-0300] {override.py:1907} INFO - Created Permission View: can delete on DAG:dataset_s3_bucket_consumer
[2024-10-19T13:01:53.116-0300] {logging_mixin.py:190} INFO - [2024-10-19T13:01:53.115-0300] {override.py:1907} INFO - Created Permission View: can edit on DAG:dataset_s3_bucket_consumer
[2024-10-19T13:01:53.195-0300] {logging_mixin.py:190} INFO - [2024-10-19T13:01:53.194-0300] {override.py:1907} INFO - Created Permission View: can read on DAG:dataset_s3_bucket_consumer
[2024-10-19T13:01:53.319-0300] {logging_mixin.py:190} INFO - [2024-10-19T13:01:53.318-0300] {override.py:1907} INFO - Created Permission View: can delete on DAG Run:dataset_s3_bucket_consumer
[2024-10-19T13:01:53.393-0300] {logging_mixin.py:190} INFO - [2024-10-19T13:01:53.392-0300] {override.py:1907} INFO - Created Permission View: menu access on DAG Run:dataset_s3_bucket_consumer
[2024-10-19T13:01:53.470-0300] {logging_mixin.py:190} INFO - [2024-10-19T13:01:53.469-0300] {override.py:1907} INFO - Created Permission View: can create on DAG Run:dataset_s3_bucket_consumer
[2024-10-19T13:01:53.547-0300] {logging_mixin.py:190} INFO - [2024-10-19T13:01:53.546-0300] {override.py:1907} INFO - Created Permission View: can read on DAG Run:dataset_s3_bucket_consumer
[2024-10-19T13:01:53.691-0300] {logging_mixin.py:190} INFO - [2024-10-19T13:01:53.690-0300] {override.py:1907} INFO - Created Permission View: can delete on DAG:dataset_alias_example_alias_consumer
[2024-10-19T13:01:53.763-0300] {logging_mixin.py:190} INFO - [2024-10-19T13:01:53.762-0300] {override.py:1907} INFO - Created Permission View: can edit on DAG:dataset_alias_example_alias_consumer
[2024-10-19T13:01:53.840-0300] {logging_mixin.py:190} INFO - [2024-10-19T13:01:53.839-0300] {override.py:1907} INFO - Created Permission View: can read on DAG:dataset_alias_example_alias_consumer
[2024-10-19T13:01:53.964-0300] {logging_mixin.py:190} INFO - [2024-10-19T13:01:53.963-0300] {override.py:1907} INFO - Created Permission View: can delete on DAG Run:dataset_alias_example_alias_consumer
[2024-10-19T13:01:54.039-0300] {logging_mixin.py:190} INFO - [2024-10-19T13:01:54.038-0300] {override.py:1907} INFO - Created Permission View: menu access on DAG Run:dataset_alias_example_alias_consumer
[2024-10-19T13:01:54.123-0300] {logging_mixin.py:190} INFO - [2024-10-19T13:01:54.122-0300] {override.py:1907} INFO - Created Permission View: can create on DAG Run:dataset_alias_example_alias_consumer
[2024-10-19T13:01:54.220-0300] {logging_mixin.py:190} INFO - [2024-10-19T13:01:54.219-0300] {override.py:1907} INFO - Created Permission View: can read on DAG Run:dataset_alias_example_alias_consumer
[2024-10-19T13:01:54.418-0300] {logging_mixin.py:190} INFO - [2024-10-19T13:01:54.417-0300] {override.py:1907} INFO - Created Permission View: can delete on DAG:dataset_alias_example_alias_producer
[2024-10-19T13:01:54.495-0300] {logging_mixin.py:190} INFO - [2024-10-19T13:01:54.494-0300] {override.py:1907} INFO - Created Permission View: can edit on DAG:dataset_alias_example_alias_producer
[2024-10-19T13:01:54.569-0300] {logging_mixin.py:190} INFO - [2024-10-19T13:01:54.568-0300] {override.py:1907} INFO - Created Permission View: can read on DAG:dataset_alias_example_alias_producer
[2024-10-19T13:01:54.692-0300] {logging_mixin.py:190} INFO - [2024-10-19T13:01:54.691-0300] {override.py:1907} INFO - Created Permission View: can delete on DAG Run:dataset_alias_example_alias_producer
[2024-10-19T13:01:54.764-0300] {logging_mixin.py:190} INFO - [2024-10-19T13:01:54.763-0300] {override.py:1907} INFO - Created Permission View: menu access on DAG Run:dataset_alias_example_alias_producer
[2024-10-19T13:01:54.835-0300] {logging_mixin.py:190} INFO - [2024-10-19T13:01:54.834-0300] {override.py:1907} INFO - Created Permission View: can create on DAG Run:dataset_alias_example_alias_producer
[2024-10-19T13:01:54.914-0300] {logging_mixin.py:190} INFO - [2024-10-19T13:01:54.913-0300] {override.py:1907} INFO - Created Permission View: can read on DAG Run:dataset_alias_example_alias_producer
[2024-10-19T13:01:55.068-0300] {logging_mixin.py:190} INFO - [2024-10-19T13:01:55.067-0300] {override.py:1907} INFO - Created Permission View: can delete on DAG:dataset_s3_bucket_producer
[2024-10-19T13:01:55.141-0300] {logging_mixin.py:190} INFO - [2024-10-19T13:01:55.140-0300] {override.py:1907} INFO - Created Permission View: can edit on DAG:dataset_s3_bucket_producer
[2024-10-19T13:01:55.219-0300] {logging_mixin.py:190} INFO - [2024-10-19T13:01:55.218-0300] {override.py:1907} INFO - Created Permission View: can read on DAG:dataset_s3_bucket_producer
[2024-10-19T13:01:55.397-0300] {logging_mixin.py:190} INFO - [2024-10-19T13:01:55.396-0300] {override.py:1907} INFO - Created Permission View: can delete on DAG Run:dataset_s3_bucket_producer
[2024-10-19T13:01:55.545-0300] {logging_mixin.py:190} INFO - [2024-10-19T13:01:55.543-0300] {override.py:1907} INFO - Created Permission View: menu access on DAG Run:dataset_s3_bucket_producer
[2024-10-19T13:01:55.703-0300] {logging_mixin.py:190} INFO - [2024-10-19T13:01:55.702-0300] {override.py:1907} INFO - Created Permission View: can create on DAG Run:dataset_s3_bucket_producer
[2024-10-19T13:01:55.815-0300] {logging_mixin.py:190} INFO - [2024-10-19T13:01:55.814-0300] {override.py:1907} INFO - Created Permission View: can read on DAG Run:dataset_s3_bucket_producer
[2024-10-19T13:01:55.817-0300] {logging_mixin.py:190} INFO - [2024-10-19T13:01:55.816-0300] {dag.py:3239} INFO - Sync 4 DAGs
[2024-10-19T13:01:55.894-0300] {logging_mixin.py:190} INFO - [2024-10-19T13:01:55.894-0300] {dag.py:3262} INFO - Creating ORM DAG for dataset_alias_example_alias_producer
[2024-10-19T13:01:55.901-0300] {logging_mixin.py:190} INFO - [2024-10-19T13:01:55.900-0300] {dag.py:3262} INFO - Creating ORM DAG for dataset_s3_bucket_producer
[2024-10-19T13:01:55.903-0300] {logging_mixin.py:190} INFO - [2024-10-19T13:01:55.903-0300] {dag.py:3262} INFO - Creating ORM DAG for dataset_s3_bucket_consumer
[2024-10-19T13:01:55.906-0300] {logging_mixin.py:190} INFO - [2024-10-19T13:01:55.905-0300] {dag.py:3262} INFO - Creating ORM DAG for dataset_alias_example_alias_consumer
[2024-10-19T13:01:55.938-0300] {logging_mixin.py:190} INFO - [2024-10-19T13:01:55.936-0300] {dag.py:4180} INFO - Setting next_dagrun for dataset_alias_example_alias_consumer to None, run_after=None
[2024-10-19T13:01:55.942-0300] {logging_mixin.py:190} INFO - [2024-10-19T13:01:55.942-0300] {dag.py:4180} INFO - Setting next_dagrun for dataset_alias_example_alias_producer to None, run_after=None
[2024-10-19T13:01:55.945-0300] {logging_mixin.py:190} INFO - [2024-10-19T13:01:55.944-0300] {dag.py:4180} INFO - Setting next_dagrun for dataset_s3_bucket_consumer to None, run_after=None
[2024-10-19T13:01:55.948-0300] {logging_mixin.py:190} INFO - [2024-10-19T13:01:55.947-0300] {dag.py:4180} INFO - Setting next_dagrun for dataset_s3_bucket_producer to None, run_after=None
[2024-10-19T13:01:56.309-0300] {processor.py:208} INFO - Processing /home/nico/.local/lib/python3.10/site-packages/airflow/example_dags/example_dataset_alias.py took 4.120 seconds
[2024-10-19T13:03:44.123-0300] {processor.py:186} INFO - Started process (PID=8815) to work on /home/nico/.local/lib/python3.10/site-packages/airflow/example_dags/example_dataset_alias.py
[2024-10-19T13:03:44.126-0300] {processor.py:914} INFO - Processing file /home/nico/.local/lib/python3.10/site-packages/airflow/example_dags/example_dataset_alias.py for tasks to queue
[2024-10-19T13:03:44.134-0300] {logging_mixin.py:190} INFO - [2024-10-19T13:03:44.132-0300] {dagbag.py:588} INFO - Filling up the DagBag from /home/nico/.local/lib/python3.10/site-packages/airflow/example_dags/example_dataset_alias.py
[2024-10-19T13:03:44.235-0300] {processor.py:925} INFO - DAG(s) 'dataset_s3_bucket_consumer', 'dataset_s3_bucket_producer', 'dataset_alias_example_alias_consumer', 'dataset_alias_example_alias_producer' retrieved from /home/nico/.local/lib/python3.10/site-packages/airflow/example_dags/example_dataset_alias.py
[2024-10-19T13:03:44.364-0300] {logging_mixin.py:190} INFO - [2024-10-19T13:03:44.363-0300] {dag.py:3239} INFO - Sync 4 DAGs
[2024-10-19T13:03:44.446-0300] {logging_mixin.py:190} INFO - [2024-10-19T13:03:44.445-0300] {dag.py:4180} INFO - Setting next_dagrun for dataset_alias_example_alias_consumer to None, run_after=None
[2024-10-19T13:03:44.456-0300] {logging_mixin.py:190} INFO - [2024-10-19T13:03:44.455-0300] {dag.py:4180} INFO - Setting next_dagrun for dataset_alias_example_alias_producer to None, run_after=None
[2024-10-19T13:03:44.462-0300] {logging_mixin.py:190} INFO - [2024-10-19T13:03:44.461-0300] {dag.py:4180} INFO - Setting next_dagrun for dataset_s3_bucket_consumer to None, run_after=None
[2024-10-19T13:03:44.469-0300] {logging_mixin.py:190} INFO - [2024-10-19T13:03:44.468-0300] {dag.py:4180} INFO - Setting next_dagrun for dataset_s3_bucket_producer to None, run_after=None
[2024-10-19T13:03:44.615-0300] {processor.py:208} INFO - Processing /home/nico/.local/lib/python3.10/site-packages/airflow/example_dags/example_dataset_alias.py took 0.510 seconds
[2024-10-19T13:05:39.778-0300] {processor.py:186} INFO - Started process (PID=8896) to work on /home/nico/.local/lib/python3.10/site-packages/airflow/example_dags/example_dataset_alias.py
[2024-10-19T13:05:39.782-0300] {processor.py:914} INFO - Processing file /home/nico/.local/lib/python3.10/site-packages/airflow/example_dags/example_dataset_alias.py for tasks to queue
[2024-10-19T13:05:39.787-0300] {logging_mixin.py:190} INFO - [2024-10-19T13:05:39.786-0300] {dagbag.py:588} INFO - Filling up the DagBag from /home/nico/.local/lib/python3.10/site-packages/airflow/example_dags/example_dataset_alias.py
[2024-10-19T13:05:39.879-0300] {processor.py:925} INFO - DAG(s) 'dataset_alias_example_alias_producer', 'dataset_s3_bucket_consumer', 'dataset_s3_bucket_producer', 'dataset_alias_example_alias_consumer' retrieved from /home/nico/.local/lib/python3.10/site-packages/airflow/example_dags/example_dataset_alias.py
[2024-10-19T13:05:40.034-0300] {logging_mixin.py:190} INFO - [2024-10-19T13:05:40.033-0300] {dag.py:3239} INFO - Sync 4 DAGs
[2024-10-19T13:05:40.116-0300] {logging_mixin.py:190} INFO - [2024-10-19T13:05:40.115-0300] {dag.py:4180} INFO - Setting next_dagrun for dataset_alias_example_alias_consumer to None, run_after=None
[2024-10-19T13:05:40.127-0300] {logging_mixin.py:190} INFO - [2024-10-19T13:05:40.126-0300] {dag.py:4180} INFO - Setting next_dagrun for dataset_alias_example_alias_producer to None, run_after=None
[2024-10-19T13:05:40.134-0300] {logging_mixin.py:190} INFO - [2024-10-19T13:05:40.133-0300] {dag.py:4180} INFO - Setting next_dagrun for dataset_s3_bucket_consumer to None, run_after=None
[2024-10-19T13:05:40.139-0300] {logging_mixin.py:190} INFO - [2024-10-19T13:05:40.139-0300] {dag.py:4180} INFO - Setting next_dagrun for dataset_s3_bucket_producer to None, run_after=None
[2024-10-19T13:05:40.283-0300] {processor.py:208} INFO - Processing /home/nico/.local/lib/python3.10/site-packages/airflow/example_dags/example_dataset_alias.py took 0.532 seconds
[2024-10-19T13:07:57.542-0300] {processor.py:186} INFO - Started process (PID=8975) to work on /home/nico/.local/lib/python3.10/site-packages/airflow/example_dags/example_dataset_alias.py
[2024-10-19T13:07:57.545-0300] {processor.py:914} INFO - Processing file /home/nico/.local/lib/python3.10/site-packages/airflow/example_dags/example_dataset_alias.py for tasks to queue
[2024-10-19T13:07:57.549-0300] {logging_mixin.py:190} INFO - [2024-10-19T13:07:57.548-0300] {dagbag.py:588} INFO - Filling up the DagBag from /home/nico/.local/lib/python3.10/site-packages/airflow/example_dags/example_dataset_alias.py
[2024-10-19T13:07:57.613-0300] {processor.py:925} INFO - DAG(s) 'dataset_s3_bucket_consumer', 'dataset_s3_bucket_producer', 'dataset_alias_example_alias_producer', 'dataset_alias_example_alias_consumer' retrieved from /home/nico/.local/lib/python3.10/site-packages/airflow/example_dags/example_dataset_alias.py
[2024-10-19T13:07:57.727-0300] {logging_mixin.py:190} INFO - [2024-10-19T13:07:57.727-0300] {dag.py:3239} INFO - Sync 4 DAGs
[2024-10-19T13:07:57.779-0300] {logging_mixin.py:190} INFO - [2024-10-19T13:07:57.779-0300] {dag.py:4180} INFO - Setting next_dagrun for dataset_alias_example_alias_consumer to None, run_after=None
[2024-10-19T13:07:57.787-0300] {logging_mixin.py:190} INFO - [2024-10-19T13:07:57.787-0300] {dag.py:4180} INFO - Setting next_dagrun for dataset_alias_example_alias_producer to None, run_after=None
[2024-10-19T13:07:57.792-0300] {logging_mixin.py:190} INFO - [2024-10-19T13:07:57.792-0300] {dag.py:4180} INFO - Setting next_dagrun for dataset_s3_bucket_consumer to None, run_after=None
[2024-10-19T13:07:57.797-0300] {logging_mixin.py:190} INFO - [2024-10-19T13:07:57.797-0300] {dag.py:4180} INFO - Setting next_dagrun for dataset_s3_bucket_producer to None, run_after=None
[2024-10-19T13:07:57.966-0300] {processor.py:208} INFO - Processing /home/nico/.local/lib/python3.10/site-packages/airflow/example_dags/example_dataset_alias.py took 0.438 seconds
[2024-10-19T13:10:02.676-0300] {processor.py:186} INFO - Started process (PID=9061) to work on /home/nico/.local/lib/python3.10/site-packages/airflow/example_dags/example_dataset_alias.py
[2024-10-19T13:10:02.678-0300] {processor.py:914} INFO - Processing file /home/nico/.local/lib/python3.10/site-packages/airflow/example_dags/example_dataset_alias.py for tasks to queue
[2024-10-19T13:10:02.691-0300] {logging_mixin.py:190} INFO - [2024-10-19T13:10:02.686-0300] {dagbag.py:588} INFO - Filling up the DagBag from /home/nico/.local/lib/python3.10/site-packages/airflow/example_dags/example_dataset_alias.py
[2024-10-19T13:10:02.776-0300] {processor.py:925} INFO - DAG(s) 'dataset_alias_example_alias_consumer', 'dataset_alias_example_alias_producer', 'dataset_s3_bucket_producer', 'dataset_s3_bucket_consumer' retrieved from /home/nico/.local/lib/python3.10/site-packages/airflow/example_dags/example_dataset_alias.py
[2024-10-19T13:10:02.891-0300] {logging_mixin.py:190} INFO - [2024-10-19T13:10:02.891-0300] {dag.py:3239} INFO - Sync 4 DAGs
[2024-10-19T13:10:02.963-0300] {logging_mixin.py:190} INFO - [2024-10-19T13:10:02.962-0300] {dag.py:4180} INFO - Setting next_dagrun for dataset_alias_example_alias_consumer to None, run_after=None
[2024-10-19T13:10:02.972-0300] {logging_mixin.py:190} INFO - [2024-10-19T13:10:02.972-0300] {dag.py:4180} INFO - Setting next_dagrun for dataset_alias_example_alias_producer to None, run_after=None
[2024-10-19T13:10:02.982-0300] {logging_mixin.py:190} INFO - [2024-10-19T13:10:02.981-0300] {dag.py:4180} INFO - Setting next_dagrun for dataset_s3_bucket_consumer to None, run_after=None
[2024-10-19T13:10:02.990-0300] {logging_mixin.py:190} INFO - [2024-10-19T13:10:02.989-0300] {dag.py:4180} INFO - Setting next_dagrun for dataset_s3_bucket_producer to None, run_after=None
[2024-10-19T13:10:03.138-0300] {processor.py:208} INFO - Processing /home/nico/.local/lib/python3.10/site-packages/airflow/example_dags/example_dataset_alias.py took 0.488 seconds
[2024-10-19T13:12:28.241-0300] {processor.py:186} INFO - Started process (PID=9140) to work on /home/nico/.local/lib/python3.10/site-packages/airflow/example_dags/example_dataset_alias.py
[2024-10-19T13:12:28.244-0300] {processor.py:914} INFO - Processing file /home/nico/.local/lib/python3.10/site-packages/airflow/example_dags/example_dataset_alias.py for tasks to queue
[2024-10-19T13:12:28.249-0300] {logging_mixin.py:190} INFO - [2024-10-19T13:12:28.248-0300] {dagbag.py:588} INFO - Filling up the DagBag from /home/nico/.local/lib/python3.10/site-packages/airflow/example_dags/example_dataset_alias.py
[2024-10-19T13:12:28.322-0300] {processor.py:925} INFO - DAG(s) 'dataset_s3_bucket_producer', 'dataset_s3_bucket_consumer', 'dataset_alias_example_alias_consumer', 'dataset_alias_example_alias_producer' retrieved from /home/nico/.local/lib/python3.10/site-packages/airflow/example_dags/example_dataset_alias.py
[2024-10-19T13:12:28.469-0300] {logging_mixin.py:190} INFO - [2024-10-19T13:12:28.468-0300] {dag.py:3239} INFO - Sync 4 DAGs
[2024-10-19T13:12:28.577-0300] {logging_mixin.py:190} INFO - [2024-10-19T13:12:28.576-0300] {dag.py:4180} INFO - Setting next_dagrun for dataset_alias_example_alias_consumer to None, run_after=None
[2024-10-19T13:12:28.588-0300] {logging_mixin.py:190} INFO - [2024-10-19T13:12:28.588-0300] {dag.py:4180} INFO - Setting next_dagrun for dataset_alias_example_alias_producer to None, run_after=None
[2024-10-19T13:12:28.595-0300] {logging_mixin.py:190} INFO - [2024-10-19T13:12:28.595-0300] {dag.py:4180} INFO - Setting next_dagrun for dataset_s3_bucket_consumer to None, run_after=None
[2024-10-19T13:12:28.605-0300] {logging_mixin.py:190} INFO - [2024-10-19T13:12:28.604-0300] {dag.py:4180} INFO - Setting next_dagrun for dataset_s3_bucket_producer to None, run_after=None
[2024-10-19T13:12:28.737-0300] {processor.py:208} INFO - Processing /home/nico/.local/lib/python3.10/site-packages/airflow/example_dags/example_dataset_alias.py took 0.512 seconds
[2024-10-19T17:58:04.468-0300] {processor.py:186} INFO - Started process (PID=11439) to work on /home/nico/.local/lib/python3.10/site-packages/airflow/example_dags/example_dataset_alias.py
[2024-10-19T17:58:04.472-0300] {processor.py:914} INFO - Processing file /home/nico/.local/lib/python3.10/site-packages/airflow/example_dags/example_dataset_alias.py for tasks to queue
[2024-10-19T17:58:04.482-0300] {logging_mixin.py:190} INFO - [2024-10-19T17:58:04.479-0300] {dagbag.py:588} INFO - Filling up the DagBag from /home/nico/.local/lib/python3.10/site-packages/airflow/example_dags/example_dataset_alias.py
[2024-10-19T17:58:04.680-0300] {processor.py:925} INFO - DAG(s) 'dataset_s3_bucket_producer', 'dataset_s3_bucket_consumer', 'dataset_alias_example_alias_consumer', 'dataset_alias_example_alias_producer' retrieved from /home/nico/.local/lib/python3.10/site-packages/airflow/example_dags/example_dataset_alias.py
[2024-10-19T17:58:04.841-0300] {logging_mixin.py:190} INFO - [2024-10-19T17:58:04.840-0300] {dag.py:3239} INFO - Sync 4 DAGs
[2024-10-19T17:58:04.915-0300] {logging_mixin.py:190} INFO - [2024-10-19T17:58:04.914-0300] {dag.py:4180} INFO - Setting next_dagrun for dataset_alias_example_alias_consumer to None, run_after=None
[2024-10-19T17:58:04.926-0300] {logging_mixin.py:190} INFO - [2024-10-19T17:58:04.925-0300] {dag.py:4180} INFO - Setting next_dagrun for dataset_alias_example_alias_producer to None, run_after=None
[2024-10-19T17:58:04.935-0300] {logging_mixin.py:190} INFO - [2024-10-19T17:58:04.935-0300] {dag.py:4180} INFO - Setting next_dagrun for dataset_s3_bucket_consumer to None, run_after=None
[2024-10-19T17:58:04.949-0300] {logging_mixin.py:190} INFO - [2024-10-19T17:58:04.948-0300] {dag.py:4180} INFO - Setting next_dagrun for dataset_s3_bucket_producer to None, run_after=None
[2024-10-19T17:58:05.171-0300] {processor.py:208} INFO - Processing /home/nico/.local/lib/python3.10/site-packages/airflow/example_dags/example_dataset_alias.py took 0.757 seconds
[2024-10-19T18:01:01.203-0300] {processor.py:186} INFO - Started process (PID=12202) to work on /home/nico/.local/lib/python3.10/site-packages/airflow/example_dags/example_dataset_alias.py
[2024-10-19T18:01:01.217-0300] {processor.py:914} INFO - Processing file /home/nico/.local/lib/python3.10/site-packages/airflow/example_dags/example_dataset_alias.py for tasks to queue
[2024-10-19T18:01:01.233-0300] {logging_mixin.py:190} INFO - [2024-10-19T18:01:01.231-0300] {dagbag.py:588} INFO - Filling up the DagBag from /home/nico/.local/lib/python3.10/site-packages/airflow/example_dags/example_dataset_alias.py
[2024-10-19T18:01:01.467-0300] {processor.py:925} INFO - DAG(s) 'dataset_s3_bucket_consumer', 'dataset_s3_bucket_producer', 'dataset_alias_example_alias_consumer', 'dataset_alias_example_alias_producer' retrieved from /home/nico/.local/lib/python3.10/site-packages/airflow/example_dags/example_dataset_alias.py
[2024-10-19T18:01:01.781-0300] {logging_mixin.py:190} INFO - [2024-10-19T18:01:01.780-0300] {dag.py:3239} INFO - Sync 4 DAGs
[2024-10-19T18:01:01.993-0300] {logging_mixin.py:190} INFO - [2024-10-19T18:01:01.992-0300] {dag.py:4180} INFO - Setting next_dagrun for dataset_alias_example_alias_consumer to None, run_after=None
[2024-10-19T18:01:02.024-0300] {logging_mixin.py:190} INFO - [2024-10-19T18:01:02.023-0300] {dag.py:4180} INFO - Setting next_dagrun for dataset_alias_example_alias_producer to None, run_after=None
[2024-10-19T18:01:02.039-0300] {logging_mixin.py:190} INFO - [2024-10-19T18:01:02.032-0300] {dag.py:4180} INFO - Setting next_dagrun for dataset_s3_bucket_consumer to None, run_after=None
[2024-10-19T18:01:02.047-0300] {logging_mixin.py:190} INFO - [2024-10-19T18:01:02.046-0300] {dag.py:4180} INFO - Setting next_dagrun for dataset_s3_bucket_producer to None, run_after=None
[2024-10-19T18:01:02.227-0300] {processor.py:208} INFO - Processing /home/nico/.local/lib/python3.10/site-packages/airflow/example_dags/example_dataset_alias.py took 1.062 seconds
[2024-10-19T18:04:12.443-0300] {processor.py:186} INFO - Started process (PID=13023) to work on /home/nico/.local/lib/python3.10/site-packages/airflow/example_dags/example_dataset_alias.py
[2024-10-19T18:04:12.446-0300] {processor.py:914} INFO - Processing file /home/nico/.local/lib/python3.10/site-packages/airflow/example_dags/example_dataset_alias.py for tasks to queue
[2024-10-19T18:04:12.455-0300] {logging_mixin.py:190} INFO - [2024-10-19T18:04:12.453-0300] {dagbag.py:588} INFO - Filling up the DagBag from /home/nico/.local/lib/python3.10/site-packages/airflow/example_dags/example_dataset_alias.py
[2024-10-19T18:04:12.590-0300] {processor.py:925} INFO - DAG(s) 'dataset_s3_bucket_producer', 'dataset_alias_example_alias_consumer', 'dataset_s3_bucket_consumer', 'dataset_alias_example_alias_producer' retrieved from /home/nico/.local/lib/python3.10/site-packages/airflow/example_dags/example_dataset_alias.py
[2024-10-19T18:04:12.713-0300] {logging_mixin.py:190} INFO - [2024-10-19T18:04:12.713-0300] {dag.py:3239} INFO - Sync 4 DAGs
[2024-10-19T18:04:12.775-0300] {logging_mixin.py:190} INFO - [2024-10-19T18:04:12.774-0300] {dag.py:4180} INFO - Setting next_dagrun for dataset_alias_example_alias_consumer to None, run_after=None
[2024-10-19T18:04:12.784-0300] {logging_mixin.py:190} INFO - [2024-10-19T18:04:12.783-0300] {dag.py:4180} INFO - Setting next_dagrun for dataset_alias_example_alias_producer to None, run_after=None
[2024-10-19T18:04:12.791-0300] {logging_mixin.py:190} INFO - [2024-10-19T18:04:12.790-0300] {dag.py:4180} INFO - Setting next_dagrun for dataset_s3_bucket_consumer to None, run_after=None
[2024-10-19T18:04:12.796-0300] {logging_mixin.py:190} INFO - [2024-10-19T18:04:12.796-0300] {dag.py:4180} INFO - Setting next_dagrun for dataset_s3_bucket_producer to None, run_after=None
[2024-10-19T18:04:13.670-0300] {processor.py:208} INFO - Processing /home/nico/.local/lib/python3.10/site-packages/airflow/example_dags/example_dataset_alias.py took 1.273 seconds
[2024-10-19T18:07:01.441-0300] {processor.py:186} INFO - Started process (PID=13759) to work on /home/nico/.local/lib/python3.10/site-packages/airflow/example_dags/example_dataset_alias.py
[2024-10-19T18:07:01.445-0300] {processor.py:914} INFO - Processing file /home/nico/.local/lib/python3.10/site-packages/airflow/example_dags/example_dataset_alias.py for tasks to queue
[2024-10-19T18:07:01.455-0300] {logging_mixin.py:190} INFO - [2024-10-19T18:07:01.454-0300] {dagbag.py:588} INFO - Filling up the DagBag from /home/nico/.local/lib/python3.10/site-packages/airflow/example_dags/example_dataset_alias.py
[2024-10-19T18:07:01.533-0300] {processor.py:925} INFO - DAG(s) 'dataset_alias_example_alias_consumer', 'dataset_s3_bucket_consumer', 'dataset_s3_bucket_producer', 'dataset_alias_example_alias_producer' retrieved from /home/nico/.local/lib/python3.10/site-packages/airflow/example_dags/example_dataset_alias.py
[2024-10-19T18:07:01.672-0300] {logging_mixin.py:190} INFO - [2024-10-19T18:07:01.672-0300] {dag.py:3239} INFO - Sync 4 DAGs
[2024-10-19T18:07:01.763-0300] {logging_mixin.py:190} INFO - [2024-10-19T18:07:01.762-0300] {dag.py:4180} INFO - Setting next_dagrun for dataset_alias_example_alias_consumer to None, run_after=None
[2024-10-19T18:07:01.776-0300] {logging_mixin.py:190} INFO - [2024-10-19T18:07:01.775-0300] {dag.py:4180} INFO - Setting next_dagrun for dataset_alias_example_alias_producer to None, run_after=None
[2024-10-19T18:07:01.785-0300] {logging_mixin.py:190} INFO - [2024-10-19T18:07:01.784-0300] {dag.py:4180} INFO - Setting next_dagrun for dataset_s3_bucket_consumer to None, run_after=None
[2024-10-19T18:07:01.791-0300] {logging_mixin.py:190} INFO - [2024-10-19T18:07:01.791-0300] {dag.py:4180} INFO - Setting next_dagrun for dataset_s3_bucket_producer to None, run_after=None
[2024-10-19T18:07:02.174-0300] {processor.py:208} INFO - Processing /home/nico/.local/lib/python3.10/site-packages/airflow/example_dags/example_dataset_alias.py took 0.763 seconds
[2024-10-19T18:11:05.865-0300] {processor.py:186} INFO - Started process (PID=14854) to work on /home/nico/.local/lib/python3.10/site-packages/airflow/example_dags/example_dataset_alias.py
[2024-10-19T18:11:05.867-0300] {processor.py:914} INFO - Processing file /home/nico/.local/lib/python3.10/site-packages/airflow/example_dags/example_dataset_alias.py for tasks to queue
[2024-10-19T18:11:05.872-0300] {logging_mixin.py:190} INFO - [2024-10-19T18:11:05.871-0300] {dagbag.py:588} INFO - Filling up the DagBag from /home/nico/.local/lib/python3.10/site-packages/airflow/example_dags/example_dataset_alias.py
[2024-10-19T18:11:05.951-0300] {processor.py:925} INFO - DAG(s) 'dataset_alias_example_alias_consumer', 'dataset_s3_bucket_consumer', 'dataset_s3_bucket_producer', 'dataset_alias_example_alias_producer' retrieved from /home/nico/.local/lib/python3.10/site-packages/airflow/example_dags/example_dataset_alias.py
[2024-10-19T18:11:06.067-0300] {logging_mixin.py:190} INFO - [2024-10-19T18:11:06.066-0300] {dag.py:3239} INFO - Sync 4 DAGs
[2024-10-19T18:11:06.123-0300] {logging_mixin.py:190} INFO - [2024-10-19T18:11:06.123-0300] {dag.py:4180} INFO - Setting next_dagrun for dataset_alias_example_alias_consumer to None, run_after=None
[2024-10-19T18:11:06.131-0300] {logging_mixin.py:190} INFO - [2024-10-19T18:11:06.131-0300] {dag.py:4180} INFO - Setting next_dagrun for dataset_alias_example_alias_producer to None, run_after=None
[2024-10-19T18:11:06.137-0300] {logging_mixin.py:190} INFO - [2024-10-19T18:11:06.137-0300] {dag.py:4180} INFO - Setting next_dagrun for dataset_s3_bucket_consumer to None, run_after=None
[2024-10-19T18:11:06.143-0300] {logging_mixin.py:190} INFO - [2024-10-19T18:11:06.143-0300] {dag.py:4180} INFO - Setting next_dagrun for dataset_s3_bucket_producer to None, run_after=None
[2024-10-19T18:11:06.295-0300] {processor.py:208} INFO - Processing /home/nico/.local/lib/python3.10/site-packages/airflow/example_dags/example_dataset_alias.py took 0.446 seconds
[2024-10-19T18:30:59.534-0300] {processor.py:186} INFO - Started process (PID=19605) to work on /home/nico/.local/lib/python3.10/site-packages/airflow/example_dags/example_dataset_alias.py
[2024-10-19T18:30:59.537-0300] {processor.py:914} INFO - Processing file /home/nico/.local/lib/python3.10/site-packages/airflow/example_dags/example_dataset_alias.py for tasks to queue
[2024-10-19T18:30:59.543-0300] {logging_mixin.py:190} INFO - [2024-10-19T18:30:59.542-0300] {dagbag.py:588} INFO - Filling up the DagBag from /home/nico/.local/lib/python3.10/site-packages/airflow/example_dags/example_dataset_alias.py
[2024-10-19T18:30:59.619-0300] {processor.py:925} INFO - DAG(s) 'dataset_alias_example_alias_producer', 'dataset_s3_bucket_producer', 'dataset_s3_bucket_consumer', 'dataset_alias_example_alias_consumer' retrieved from /home/nico/.local/lib/python3.10/site-packages/airflow/example_dags/example_dataset_alias.py
[2024-10-19T18:30:59.729-0300] {logging_mixin.py:190} INFO - [2024-10-19T18:30:59.729-0300] {dag.py:3239} INFO - Sync 4 DAGs
[2024-10-19T18:30:59.783-0300] {logging_mixin.py:190} INFO - [2024-10-19T18:30:59.783-0300] {dag.py:4180} INFO - Setting next_dagrun for dataset_alias_example_alias_consumer to None, run_after=None
[2024-10-19T18:30:59.794-0300] {logging_mixin.py:190} INFO - [2024-10-19T18:30:59.794-0300] {dag.py:4180} INFO - Setting next_dagrun for dataset_alias_example_alias_producer to None, run_after=None
[2024-10-19T18:30:59.802-0300] {logging_mixin.py:190} INFO - [2024-10-19T18:30:59.801-0300] {dag.py:4180} INFO - Setting next_dagrun for dataset_s3_bucket_consumer to None, run_after=None
[2024-10-19T18:30:59.809-0300] {logging_mixin.py:190} INFO - [2024-10-19T18:30:59.808-0300] {dag.py:4180} INFO - Setting next_dagrun for dataset_s3_bucket_producer to None, run_after=None
[2024-10-19T18:30:59.954-0300] {processor.py:208} INFO - Processing /home/nico/.local/lib/python3.10/site-packages/airflow/example_dags/example_dataset_alias.py took 0.433 seconds
[2024-10-19T18:34:19.358-0300] {processor.py:186} INFO - Started process (PID=20469) to work on /home/nico/.local/lib/python3.10/site-packages/airflow/example_dags/example_dataset_alias.py
[2024-10-19T18:34:19.361-0300] {processor.py:914} INFO - Processing file /home/nico/.local/lib/python3.10/site-packages/airflow/example_dags/example_dataset_alias.py for tasks to queue
[2024-10-19T18:34:19.379-0300] {logging_mixin.py:190} INFO - [2024-10-19T18:34:19.377-0300] {dagbag.py:588} INFO - Filling up the DagBag from /home/nico/.local/lib/python3.10/site-packages/airflow/example_dags/example_dataset_alias.py
[2024-10-19T18:34:19.850-0300] {processor.py:925} INFO - DAG(s) 'dataset_alias_example_alias_producer', 'dataset_s3_bucket_consumer', 'dataset_alias_example_alias_consumer', 'dataset_s3_bucket_producer' retrieved from /home/nico/.local/lib/python3.10/site-packages/airflow/example_dags/example_dataset_alias.py
[2024-10-19T18:34:20.281-0300] {logging_mixin.py:190} INFO - [2024-10-19T18:34:20.280-0300] {dag.py:3239} INFO - Sync 4 DAGs
[2024-10-19T18:34:20.470-0300] {logging_mixin.py:190} INFO - [2024-10-19T18:34:20.469-0300] {dag.py:4180} INFO - Setting next_dagrun for dataset_alias_example_alias_consumer to None, run_after=None
[2024-10-19T18:34:20.493-0300] {logging_mixin.py:190} INFO - [2024-10-19T18:34:20.492-0300] {dag.py:4180} INFO - Setting next_dagrun for dataset_alias_example_alias_producer to None, run_after=None
[2024-10-19T18:34:20.800-0300] {logging_mixin.py:190} INFO - [2024-10-19T18:34:20.799-0300] {dag.py:4180} INFO - Setting next_dagrun for dataset_s3_bucket_consumer to None, run_after=None
[2024-10-19T18:34:20.932-0300] {logging_mixin.py:190} INFO - [2024-10-19T18:34:20.932-0300] {dag.py:4180} INFO - Setting next_dagrun for dataset_s3_bucket_producer to None, run_after=None
[2024-10-19T18:34:21.165-0300] {processor.py:208} INFO - Processing /home/nico/.local/lib/python3.10/site-packages/airflow/example_dags/example_dataset_alias.py took 1.850 seconds
[2024-10-19T18:37:30.542-0300] {processor.py:186} INFO - Started process (PID=21300) to work on /home/nico/.local/lib/python3.10/site-packages/airflow/example_dags/example_dataset_alias.py
[2024-10-19T18:37:30.545-0300] {processor.py:914} INFO - Processing file /home/nico/.local/lib/python3.10/site-packages/airflow/example_dags/example_dataset_alias.py for tasks to queue
[2024-10-19T18:37:30.553-0300] {logging_mixin.py:190} INFO - [2024-10-19T18:37:30.552-0300] {dagbag.py:588} INFO - Filling up the DagBag from /home/nico/.local/lib/python3.10/site-packages/airflow/example_dags/example_dataset_alias.py
[2024-10-19T18:37:30.627-0300] {processor.py:925} INFO - DAG(s) 'dataset_s3_bucket_consumer', 'dataset_alias_example_alias_consumer', 'dataset_s3_bucket_producer', 'dataset_alias_example_alias_producer' retrieved from /home/nico/.local/lib/python3.10/site-packages/airflow/example_dags/example_dataset_alias.py
[2024-10-19T18:37:30.738-0300] {logging_mixin.py:190} INFO - [2024-10-19T18:37:30.737-0300] {dag.py:3239} INFO - Sync 4 DAGs
[2024-10-19T18:37:30.804-0300] {logging_mixin.py:190} INFO - [2024-10-19T18:37:30.804-0300] {dag.py:4180} INFO - Setting next_dagrun for dataset_alias_example_alias_consumer to None, run_after=None
[2024-10-19T18:37:30.817-0300] {logging_mixin.py:190} INFO - [2024-10-19T18:37:30.816-0300] {dag.py:4180} INFO - Setting next_dagrun for dataset_alias_example_alias_producer to None, run_after=None
[2024-10-19T18:37:30.823-0300] {logging_mixin.py:190} INFO - [2024-10-19T18:37:30.822-0300] {dag.py:4180} INFO - Setting next_dagrun for dataset_s3_bucket_consumer to None, run_after=None
[2024-10-19T18:37:30.829-0300] {logging_mixin.py:190} INFO - [2024-10-19T18:37:30.829-0300] {dag.py:4180} INFO - Setting next_dagrun for dataset_s3_bucket_producer to None, run_after=None
[2024-10-19T18:37:30.969-0300] {processor.py:208} INFO - Processing /home/nico/.local/lib/python3.10/site-packages/airflow/example_dags/example_dataset_alias.py took 0.466 seconds
