[2024-10-31T01:43:07.209-0300] {local_task_job_runner.py:123} INFO - ::group::Pre task execution logs
[2024-10-31T01:43:07.267-0300] {taskinstance.py:2612} INFO - Dependencies all met for dep_context=non-requeueable deps ti=<TaskInstance: etl_redshift_dag_variables_bcra.extract_data manual__2024-10-30T23:37:45.393047+00:00 [queued]>
[2024-10-31T01:43:07.309-0300] {taskinstance.py:2612} INFO - Dependencies all met for dep_context=requeueable deps ti=<TaskInstance: etl_redshift_dag_variables_bcra.extract_data manual__2024-10-30T23:37:45.393047+00:00 [queued]>
[2024-10-31T01:43:07.312-0300] {taskinstance.py:2865} INFO - Starting attempt 3 of 4
[2024-10-31T01:43:07.406-0300] {taskinstance.py:2888} INFO - Executing <Task(PythonOperator): extract_data> on 2024-10-30 23:37:45.393047+00:00
[2024-10-31T01:43:07.417-0300] {standard_task_runner.py:72} INFO - Started process 127373 to run task
[2024-10-31T01:43:07.428-0300] {standard_task_runner.py:104} INFO - Running: ['airflow', 'tasks', 'run', 'etl_redshift_dag_variables_bcra', 'extract_data', 'manual__2024-10-30T23:37:45.393047+00:00', '--job-id', '305', '--raw', '--subdir', 'DAGS_FOLDER/dag_variables_bcra.py', '--cfg-path', '/tmp/tmpsd3u8hff']
[2024-10-31T01:43:07.433-0300] {standard_task_runner.py:105} INFO - Job 305: Subtask extract_data
[2024-10-31T01:43:07.656-0300] {task_command.py:467} INFO - Running <TaskInstance: etl_redshift_dag_variables_bcra.extract_data manual__2024-10-30T23:37:45.393047+00:00 [running]> on host DESKTOP-MVFODGC.
[2024-10-31T01:43:08.010-0300] {taskinstance.py:3131} INFO - Exporting env vars: AIRFLOW_CTX_DAG_OWNER='airflow' AIRFLOW_CTX_DAG_ID='etl_redshift_dag_variables_bcra' AIRFLOW_CTX_TASK_ID='extract_data' AIRFLOW_CTX_EXECUTION_DATE='2024-10-30T23:37:45.393047+00:00' AIRFLOW_CTX_TRY_NUMBER='3' AIRFLOW_CTX_DAG_RUN_ID='manual__2024-10-30T23:37:45.393047+00:00'
[2024-10-31T01:43:08.016-0300] {logging_mixin.py:190} INFO - Task instance is in running state
[2024-10-31T01:43:08.021-0300] {logging_mixin.py:190} INFO -  Previous state of the Task instance: queued
[2024-10-31T01:43:08.024-0300] {logging_mixin.py:190} INFO - Current task name:extract_data state:running start_date:2024-10-31 04:43:07.269987+00:00
[2024-10-31T01:43:08.030-0300] {logging_mixin.py:190} INFO - Dag name:etl_redshift_dag_variables_bcra and current dag run status:running
[2024-10-31T01:43:08.035-0300] {taskinstance.py:731} INFO - ::endgroup::
[2024-10-31T01:43:08.231-0300] {logging_mixin.py:190} WARNING - /home/nico/.local/lib/python3.10/site-packages/urllib3/connectionpool.py:1099 InsecureRequestWarning: Unverified HTTPS request is being made to host 'api.bcra.gob.ar'. Adding certificate verification is strongly advised. See: https://urllib3.readthedocs.io/en/latest/advanced-usage.html#tls-warnings
[2024-10-31T01:43:08.356-0300] {logging_mixin.py:190} INFO - URL de solicitud: https://api.bcra.gob.ar/estadisticas/v2.0/datosvariable/1/2024-10-30/2024-10-30
[2024-10-31T01:43:08.534-0300] {logging_mixin.py:190} WARNING - /home/nico/.local/lib/python3.10/site-packages/urllib3/connectionpool.py:1099 InsecureRequestWarning: Unverified HTTPS request is being made to host 'api.bcra.gob.ar'. Adding certificate verification is strongly advised. See: https://urllib3.readthedocs.io/en/latest/advanced-usage.html#tls-warnings
[2024-10-31T01:43:08.572-0300] {logging_mixin.py:190} INFO - No se encontraron datos para idVariable 1 en la fecha 2024-10-30.
[2024-10-31T01:43:08.675-0300] {logging_mixin.py:190} WARNING - /home/nico/.local/lib/python3.10/site-packages/urllib3/connectionpool.py:1099 InsecureRequestWarning: Unverified HTTPS request is being made to host 'api.bcra.gob.ar'. Adding certificate verification is strongly advised. See: https://urllib3.readthedocs.io/en/latest/advanced-usage.html#tls-warnings
[2024-10-31T01:43:08.707-0300] {logging_mixin.py:190} INFO - URL de solicitud: https://api.bcra.gob.ar/estadisticas/v2.0/datosvariable/5/2024-10-30/2024-10-30
[2024-10-31T01:43:08.797-0300] {logging_mixin.py:190} WARNING - /home/nico/.local/lib/python3.10/site-packages/urllib3/connectionpool.py:1099 InsecureRequestWarning: Unverified HTTPS request is being made to host 'api.bcra.gob.ar'. Adding certificate verification is strongly advised. See: https://urllib3.readthedocs.io/en/latest/advanced-usage.html#tls-warnings
[2024-10-31T01:43:08.919-0300] {logging_mixin.py:190} WARNING - /home/nico/.local/lib/python3.10/site-packages/urllib3/connectionpool.py:1099 InsecureRequestWarning: Unverified HTTPS request is being made to host 'api.bcra.gob.ar'. Adding certificate verification is strongly advised. See: https://urllib3.readthedocs.io/en/latest/advanced-usage.html#tls-warnings
[2024-10-31T01:43:08.963-0300] {logging_mixin.py:190} INFO - URL de solicitud: https://api.bcra.gob.ar/estadisticas/v2.0/datosvariable/6/2024-10-30/2024-10-30
[2024-10-31T01:43:09.044-0300] {logging_mixin.py:190} WARNING - /home/nico/.local/lib/python3.10/site-packages/urllib3/connectionpool.py:1099 InsecureRequestWarning: Unverified HTTPS request is being made to host 'api.bcra.gob.ar'. Adding certificate verification is strongly advised. See: https://urllib3.readthedocs.io/en/latest/advanced-usage.html#tls-warnings
[2024-10-31T01:43:09.156-0300] {logging_mixin.py:190} WARNING - /home/nico/.local/lib/python3.10/site-packages/urllib3/connectionpool.py:1099 InsecureRequestWarning: Unverified HTTPS request is being made to host 'api.bcra.gob.ar'. Adding certificate verification is strongly advised. See: https://urllib3.readthedocs.io/en/latest/advanced-usage.html#tls-warnings
[2024-10-31T01:43:09.196-0300] {logging_mixin.py:190} INFO - URL de solicitud: https://api.bcra.gob.ar/estadisticas/v2.0/datosvariable/7/2024-10-30/2024-10-30
[2024-10-31T01:43:09.287-0300] {logging_mixin.py:190} WARNING - /home/nico/.local/lib/python3.10/site-packages/urllib3/connectionpool.py:1099 InsecureRequestWarning: Unverified HTTPS request is being made to host 'api.bcra.gob.ar'. Adding certificate verification is strongly advised. See: https://urllib3.readthedocs.io/en/latest/advanced-usage.html#tls-warnings
[2024-10-31T01:43:09.321-0300] {logging_mixin.py:190} INFO - No se encontraron datos para idVariable 7 en la fecha 2024-10-30.
[2024-10-31T01:43:09.388-0300] {logging_mixin.py:190} WARNING - /home/nico/.local/lib/python3.10/site-packages/urllib3/connectionpool.py:1099 InsecureRequestWarning: Unverified HTTPS request is being made to host 'api.bcra.gob.ar'. Adding certificate verification is strongly advised. See: https://urllib3.readthedocs.io/en/latest/advanced-usage.html#tls-warnings
[2024-10-31T01:43:09.420-0300] {logging_mixin.py:190} INFO - URL de solicitud: https://api.bcra.gob.ar/estadisticas/v2.0/datosvariable/8/2024-10-30/2024-10-30
[2024-10-31T01:43:09.492-0300] {logging_mixin.py:190} WARNING - /home/nico/.local/lib/python3.10/site-packages/urllib3/connectionpool.py:1099 InsecureRequestWarning: Unverified HTTPS request is being made to host 'api.bcra.gob.ar'. Adding certificate verification is strongly advised. See: https://urllib3.readthedocs.io/en/latest/advanced-usage.html#tls-warnings
[2024-10-31T01:43:09.521-0300] {logging_mixin.py:190} INFO - No se encontraron datos para idVariable 8 en la fecha 2024-10-30.
[2024-10-31T01:43:09.589-0300] {logging_mixin.py:190} WARNING - /home/nico/.local/lib/python3.10/site-packages/urllib3/connectionpool.py:1099 InsecureRequestWarning: Unverified HTTPS request is being made to host 'api.bcra.gob.ar'. Adding certificate verification is strongly advised. See: https://urllib3.readthedocs.io/en/latest/advanced-usage.html#tls-warnings
[2024-10-31T01:43:09.619-0300] {logging_mixin.py:190} INFO - URL de solicitud: https://api.bcra.gob.ar/estadisticas/v2.0/datosvariable/9/2024-10-30/2024-10-30
[2024-10-31T01:43:09.694-0300] {logging_mixin.py:190} WARNING - /home/nico/.local/lib/python3.10/site-packages/urllib3/connectionpool.py:1099 InsecureRequestWarning: Unverified HTTPS request is being made to host 'api.bcra.gob.ar'. Adding certificate verification is strongly advised. See: https://urllib3.readthedocs.io/en/latest/advanced-usage.html#tls-warnings
[2024-10-31T01:43:09.804-0300] {logging_mixin.py:190} WARNING - /home/nico/.local/lib/python3.10/site-packages/urllib3/connectionpool.py:1099 InsecureRequestWarning: Unverified HTTPS request is being made to host 'api.bcra.gob.ar'. Adding certificate verification is strongly advised. See: https://urllib3.readthedocs.io/en/latest/advanced-usage.html#tls-warnings
[2024-10-31T01:43:09.837-0300] {logging_mixin.py:190} INFO - URL de solicitud: https://api.bcra.gob.ar/estadisticas/v2.0/datosvariable/10/2024-10-30/2024-10-30
[2024-10-31T01:43:09.910-0300] {logging_mixin.py:190} WARNING - /home/nico/.local/lib/python3.10/site-packages/urllib3/connectionpool.py:1099 InsecureRequestWarning: Unverified HTTPS request is being made to host 'api.bcra.gob.ar'. Adding certificate verification is strongly advised. See: https://urllib3.readthedocs.io/en/latest/advanced-usage.html#tls-warnings
[2024-10-31T01:43:09.940-0300] {logging_mixin.py:190} INFO - No se encontraron datos para idVariable 10 en la fecha 2024-10-30.
[2024-10-31T01:43:10.010-0300] {logging_mixin.py:190} WARNING - /home/nico/.local/lib/python3.10/site-packages/urllib3/connectionpool.py:1099 InsecureRequestWarning: Unverified HTTPS request is being made to host 'api.bcra.gob.ar'. Adding certificate verification is strongly advised. See: https://urllib3.readthedocs.io/en/latest/advanced-usage.html#tls-warnings
[2024-10-31T01:43:10.044-0300] {logging_mixin.py:190} INFO - URL de solicitud: https://api.bcra.gob.ar/estadisticas/v2.0/datosvariable/11/2024-10-30/2024-10-30
[2024-10-31T01:43:10.130-0300] {logging_mixin.py:190} WARNING - /home/nico/.local/lib/python3.10/site-packages/urllib3/connectionpool.py:1099 InsecureRequestWarning: Unverified HTTPS request is being made to host 'api.bcra.gob.ar'. Adding certificate verification is strongly advised. See: https://urllib3.readthedocs.io/en/latest/advanced-usage.html#tls-warnings
[2024-10-31T01:43:10.162-0300] {logging_mixin.py:190} INFO - No se encontraron datos para idVariable 11 en la fecha 2024-10-30.
[2024-10-31T01:43:10.241-0300] {logging_mixin.py:190} WARNING - /home/nico/.local/lib/python3.10/site-packages/urllib3/connectionpool.py:1099 InsecureRequestWarning: Unverified HTTPS request is being made to host 'api.bcra.gob.ar'. Adding certificate verification is strongly advised. See: https://urllib3.readthedocs.io/en/latest/advanced-usage.html#tls-warnings
[2024-10-31T01:43:10.281-0300] {logging_mixin.py:190} INFO - URL de solicitud: https://api.bcra.gob.ar/estadisticas/v2.0/datosvariable/12/2024-10-30/2024-10-30
[2024-10-31T01:43:10.398-0300] {logging_mixin.py:190} WARNING - /home/nico/.local/lib/python3.10/site-packages/urllib3/connectionpool.py:1099 InsecureRequestWarning: Unverified HTTPS request is being made to host 'api.bcra.gob.ar'. Adding certificate verification is strongly advised. See: https://urllib3.readthedocs.io/en/latest/advanced-usage.html#tls-warnings
[2024-10-31T01:43:10.493-0300] {logging_mixin.py:190} INFO - No se encontraron datos para idVariable 12 en la fecha 2024-10-30.
[2024-10-31T01:43:10.629-0300] {logging_mixin.py:190} WARNING - /home/nico/.local/lib/python3.10/site-packages/urllib3/connectionpool.py:1099 InsecureRequestWarning: Unverified HTTPS request is being made to host 'api.bcra.gob.ar'. Adding certificate verification is strongly advised. See: https://urllib3.readthedocs.io/en/latest/advanced-usage.html#tls-warnings
[2024-10-31T01:43:10.678-0300] {logging_mixin.py:190} INFO - URL de solicitud: https://api.bcra.gob.ar/estadisticas/v2.0/datosvariable/13/2024-10-30/2024-10-30
[2024-10-31T01:43:10.754-0300] {logging_mixin.py:190} WARNING - /home/nico/.local/lib/python3.10/site-packages/urllib3/connectionpool.py:1099 InsecureRequestWarning: Unverified HTTPS request is being made to host 'api.bcra.gob.ar'. Adding certificate verification is strongly advised. See: https://urllib3.readthedocs.io/en/latest/advanced-usage.html#tls-warnings
[2024-10-31T01:43:10.792-0300] {logging_mixin.py:190} INFO - No se encontraron datos para idVariable 13 en la fecha 2024-10-30.
[2024-10-31T01:43:10.868-0300] {logging_mixin.py:190} WARNING - /home/nico/.local/lib/python3.10/site-packages/urllib3/connectionpool.py:1099 InsecureRequestWarning: Unverified HTTPS request is being made to host 'api.bcra.gob.ar'. Adding certificate verification is strongly advised. See: https://urllib3.readthedocs.io/en/latest/advanced-usage.html#tls-warnings
[2024-10-31T01:43:10.901-0300] {logging_mixin.py:190} INFO - URL de solicitud: https://api.bcra.gob.ar/estadisticas/v2.0/datosvariable/14/2024-10-30/2024-10-30
[2024-10-31T01:43:10.978-0300] {logging_mixin.py:190} WARNING - /home/nico/.local/lib/python3.10/site-packages/urllib3/connectionpool.py:1099 InsecureRequestWarning: Unverified HTTPS request is being made to host 'api.bcra.gob.ar'. Adding certificate verification is strongly advised. See: https://urllib3.readthedocs.io/en/latest/advanced-usage.html#tls-warnings
[2024-10-31T01:43:11.008-0300] {logging_mixin.py:190} INFO - No se encontraron datos para idVariable 14 en la fecha 2024-10-30.
[2024-10-31T01:43:11.071-0300] {logging_mixin.py:190} WARNING - /home/nico/.local/lib/python3.10/site-packages/urllib3/connectionpool.py:1099 InsecureRequestWarning: Unverified HTTPS request is being made to host 'api.bcra.gob.ar'. Adding certificate verification is strongly advised. See: https://urllib3.readthedocs.io/en/latest/advanced-usage.html#tls-warnings
[2024-10-31T01:43:11.099-0300] {logging_mixin.py:190} INFO - URL de solicitud: https://api.bcra.gob.ar/estadisticas/v2.0/datosvariable/15/2024-10-30/2024-10-30
[2024-10-31T01:43:11.166-0300] {logging_mixin.py:190} WARNING - /home/nico/.local/lib/python3.10/site-packages/urllib3/connectionpool.py:1099 InsecureRequestWarning: Unverified HTTPS request is being made to host 'api.bcra.gob.ar'. Adding certificate verification is strongly advised. See: https://urllib3.readthedocs.io/en/latest/advanced-usage.html#tls-warnings
[2024-10-31T01:43:11.197-0300] {logging_mixin.py:190} INFO - No se encontraron datos para idVariable 15 en la fecha 2024-10-30.
[2024-10-31T01:43:11.278-0300] {logging_mixin.py:190} WARNING - /home/nico/.local/lib/python3.10/site-packages/urllib3/connectionpool.py:1099 InsecureRequestWarning: Unverified HTTPS request is being made to host 'api.bcra.gob.ar'. Adding certificate verification is strongly advised. See: https://urllib3.readthedocs.io/en/latest/advanced-usage.html#tls-warnings
[2024-10-31T01:43:11.307-0300] {logging_mixin.py:190} INFO - URL de solicitud: https://api.bcra.gob.ar/estadisticas/v2.0/datosvariable/16/2024-10-30/2024-10-30
[2024-10-31T01:43:11.377-0300] {logging_mixin.py:190} WARNING - /home/nico/.local/lib/python3.10/site-packages/urllib3/connectionpool.py:1099 InsecureRequestWarning: Unverified HTTPS request is being made to host 'api.bcra.gob.ar'. Adding certificate verification is strongly advised. See: https://urllib3.readthedocs.io/en/latest/advanced-usage.html#tls-warnings
[2024-10-31T01:43:11.408-0300] {logging_mixin.py:190} INFO - No se encontraron datos para idVariable 16 en la fecha 2024-10-30.
[2024-10-31T01:43:11.497-0300] {logging_mixin.py:190} WARNING - /home/nico/.local/lib/python3.10/site-packages/urllib3/connectionpool.py:1099 InsecureRequestWarning: Unverified HTTPS request is being made to host 'api.bcra.gob.ar'. Adding certificate verification is strongly advised. See: https://urllib3.readthedocs.io/en/latest/advanced-usage.html#tls-warnings
[2024-10-31T01:43:11.526-0300] {logging_mixin.py:190} INFO - URL de solicitud: https://api.bcra.gob.ar/estadisticas/v2.0/datosvariable/17/2024-10-30/2024-10-30
[2024-10-31T01:43:11.597-0300] {logging_mixin.py:190} WARNING - /home/nico/.local/lib/python3.10/site-packages/urllib3/connectionpool.py:1099 InsecureRequestWarning: Unverified HTTPS request is being made to host 'api.bcra.gob.ar'. Adding certificate verification is strongly advised. See: https://urllib3.readthedocs.io/en/latest/advanced-usage.html#tls-warnings
[2024-10-31T01:43:11.630-0300] {logging_mixin.py:190} INFO - No se encontraron datos para idVariable 17 en la fecha 2024-10-30.
[2024-10-31T01:43:11.713-0300] {logging_mixin.py:190} WARNING - /home/nico/.local/lib/python3.10/site-packages/urllib3/connectionpool.py:1099 InsecureRequestWarning: Unverified HTTPS request is being made to host 'api.bcra.gob.ar'. Adding certificate verification is strongly advised. See: https://urllib3.readthedocs.io/en/latest/advanced-usage.html#tls-warnings
[2024-10-31T01:43:11.745-0300] {logging_mixin.py:190} INFO - URL de solicitud: https://api.bcra.gob.ar/estadisticas/v2.0/datosvariable/18/2024-10-30/2024-10-30
[2024-10-31T01:43:11.828-0300] {logging_mixin.py:190} WARNING - /home/nico/.local/lib/python3.10/site-packages/urllib3/connectionpool.py:1099 InsecureRequestWarning: Unverified HTTPS request is being made to host 'api.bcra.gob.ar'. Adding certificate verification is strongly advised. See: https://urllib3.readthedocs.io/en/latest/advanced-usage.html#tls-warnings
[2024-10-31T01:43:11.858-0300] {logging_mixin.py:190} INFO - No se encontraron datos para idVariable 18 en la fecha 2024-10-30.
[2024-10-31T01:43:11.929-0300] {logging_mixin.py:190} WARNING - /home/nico/.local/lib/python3.10/site-packages/urllib3/connectionpool.py:1099 InsecureRequestWarning: Unverified HTTPS request is being made to host 'api.bcra.gob.ar'. Adding certificate verification is strongly advised. See: https://urllib3.readthedocs.io/en/latest/advanced-usage.html#tls-warnings
[2024-10-31T01:43:11.957-0300] {logging_mixin.py:190} INFO - URL de solicitud: https://api.bcra.gob.ar/estadisticas/v2.0/datosvariable/19/2024-10-30/2024-10-30
[2024-10-31T01:43:12.027-0300] {logging_mixin.py:190} WARNING - /home/nico/.local/lib/python3.10/site-packages/urllib3/connectionpool.py:1099 InsecureRequestWarning: Unverified HTTPS request is being made to host 'api.bcra.gob.ar'. Adding certificate verification is strongly advised. See: https://urllib3.readthedocs.io/en/latest/advanced-usage.html#tls-warnings
[2024-10-31T01:43:12.067-0300] {logging_mixin.py:190} INFO - No se encontraron datos para idVariable 19 en la fecha 2024-10-30.
[2024-10-31T01:43:12.151-0300] {logging_mixin.py:190} WARNING - /home/nico/.local/lib/python3.10/site-packages/urllib3/connectionpool.py:1099 InsecureRequestWarning: Unverified HTTPS request is being made to host 'api.bcra.gob.ar'. Adding certificate verification is strongly advised. See: https://urllib3.readthedocs.io/en/latest/advanced-usage.html#tls-warnings
[2024-10-31T01:43:12.191-0300] {logging_mixin.py:190} INFO - URL de solicitud: https://api.bcra.gob.ar/estadisticas/v2.0/datosvariable/21/2024-10-30/2024-10-30
[2024-10-31T01:43:12.311-0300] {logging_mixin.py:190} WARNING - /home/nico/.local/lib/python3.10/site-packages/urllib3/connectionpool.py:1099 InsecureRequestWarning: Unverified HTTPS request is being made to host 'api.bcra.gob.ar'. Adding certificate verification is strongly advised. See: https://urllib3.readthedocs.io/en/latest/advanced-usage.html#tls-warnings
[2024-10-31T01:43:12.360-0300] {logging_mixin.py:190} INFO - No se encontraron datos para idVariable 21 en la fecha 2024-10-30.
[2024-10-31T01:43:12.449-0300] {logging_mixin.py:190} WARNING - /home/nico/.local/lib/python3.10/site-packages/urllib3/connectionpool.py:1099 InsecureRequestWarning: Unverified HTTPS request is being made to host 'api.bcra.gob.ar'. Adding certificate verification is strongly advised. See: https://urllib3.readthedocs.io/en/latest/advanced-usage.html#tls-warnings
[2024-10-31T01:43:12.491-0300] {logging_mixin.py:190} INFO - URL de solicitud: https://api.bcra.gob.ar/estadisticas/v2.0/datosvariable/22/2024-10-30/2024-10-30
[2024-10-31T01:43:12.571-0300] {logging_mixin.py:190} WARNING - /home/nico/.local/lib/python3.10/site-packages/urllib3/connectionpool.py:1099 InsecureRequestWarning: Unverified HTTPS request is being made to host 'api.bcra.gob.ar'. Adding certificate verification is strongly advised. See: https://urllib3.readthedocs.io/en/latest/advanced-usage.html#tls-warnings
[2024-10-31T01:43:12.613-0300] {logging_mixin.py:190} INFO - No se encontraron datos para idVariable 22 en la fecha 2024-10-30.
[2024-10-31T01:43:12.697-0300] {logging_mixin.py:190} WARNING - /home/nico/.local/lib/python3.10/site-packages/urllib3/connectionpool.py:1099 InsecureRequestWarning: Unverified HTTPS request is being made to host 'api.bcra.gob.ar'. Adding certificate verification is strongly advised. See: https://urllib3.readthedocs.io/en/latest/advanced-usage.html#tls-warnings
[2024-10-31T01:43:12.731-0300] {logging_mixin.py:190} INFO - URL de solicitud: https://api.bcra.gob.ar/estadisticas/v2.0/datosvariable/23/2024-10-30/2024-10-30
[2024-10-31T01:43:12.806-0300] {logging_mixin.py:190} WARNING - /home/nico/.local/lib/python3.10/site-packages/urllib3/connectionpool.py:1099 InsecureRequestWarning: Unverified HTTPS request is being made to host 'api.bcra.gob.ar'. Adding certificate verification is strongly advised. See: https://urllib3.readthedocs.io/en/latest/advanced-usage.html#tls-warnings
[2024-10-31T01:43:12.837-0300] {logging_mixin.py:190} INFO - No se encontraron datos para idVariable 23 en la fecha 2024-10-30.
[2024-10-31T01:43:12.936-0300] {logging_mixin.py:190} WARNING - /home/nico/.local/lib/python3.10/site-packages/urllib3/connectionpool.py:1099 InsecureRequestWarning: Unverified HTTPS request is being made to host 'api.bcra.gob.ar'. Adding certificate verification is strongly advised. See: https://urllib3.readthedocs.io/en/latest/advanced-usage.html#tls-warnings
[2024-10-31T01:43:12.970-0300] {logging_mixin.py:190} INFO - URL de solicitud: https://api.bcra.gob.ar/estadisticas/v2.0/datosvariable/24/2024-10-30/2024-10-30
[2024-10-31T01:43:13.037-0300] {logging_mixin.py:190} WARNING - /home/nico/.local/lib/python3.10/site-packages/urllib3/connectionpool.py:1099 InsecureRequestWarning: Unverified HTTPS request is being made to host 'api.bcra.gob.ar'. Adding certificate verification is strongly advised. See: https://urllib3.readthedocs.io/en/latest/advanced-usage.html#tls-warnings
[2024-10-31T01:43:13.072-0300] {logging_mixin.py:190} INFO - No se encontraron datos para idVariable 24 en la fecha 2024-10-30.
[2024-10-31T01:43:13.142-0300] {logging_mixin.py:190} WARNING - /home/nico/.local/lib/python3.10/site-packages/urllib3/connectionpool.py:1099 InsecureRequestWarning: Unverified HTTPS request is being made to host 'api.bcra.gob.ar'. Adding certificate verification is strongly advised. See: https://urllib3.readthedocs.io/en/latest/advanced-usage.html#tls-warnings
[2024-10-31T01:43:13.172-0300] {logging_mixin.py:190} INFO - URL de solicitud: https://api.bcra.gob.ar/estadisticas/v2.0/datosvariable/25/2024-10-30/2024-10-30
[2024-10-31T01:43:13.252-0300] {logging_mixin.py:190} WARNING - /home/nico/.local/lib/python3.10/site-packages/urllib3/connectionpool.py:1099 InsecureRequestWarning: Unverified HTTPS request is being made to host 'api.bcra.gob.ar'. Adding certificate verification is strongly advised. See: https://urllib3.readthedocs.io/en/latest/advanced-usage.html#tls-warnings
[2024-10-31T01:43:13.288-0300] {logging_mixin.py:190} INFO - No se encontraron datos para idVariable 25 en la fecha 2024-10-30.
[2024-10-31T01:43:13.436-0300] {logging_mixin.py:190} WARNING - /home/nico/.local/lib/python3.10/site-packages/urllib3/connectionpool.py:1099 InsecureRequestWarning: Unverified HTTPS request is being made to host 'api.bcra.gob.ar'. Adding certificate verification is strongly advised. See: https://urllib3.readthedocs.io/en/latest/advanced-usage.html#tls-warnings
[2024-10-31T01:43:13.527-0300] {logging_mixin.py:190} INFO - URL de solicitud: https://api.bcra.gob.ar/estadisticas/v2.0/datosvariable/26/2024-10-30/2024-10-30
[2024-10-31T01:43:13.647-0300] {logging_mixin.py:190} WARNING - /home/nico/.local/lib/python3.10/site-packages/urllib3/connectionpool.py:1099 InsecureRequestWarning: Unverified HTTPS request is being made to host 'api.bcra.gob.ar'. Adding certificate verification is strongly advised. See: https://urllib3.readthedocs.io/en/latest/advanced-usage.html#tls-warnings
[2024-10-31T01:43:13.687-0300] {logging_mixin.py:190} INFO - No se encontraron datos para idVariable 26 en la fecha 2024-10-30.
[2024-10-31T01:43:13.783-0300] {logging_mixin.py:190} WARNING - /home/nico/.local/lib/python3.10/site-packages/urllib3/connectionpool.py:1099 InsecureRequestWarning: Unverified HTTPS request is being made to host 'api.bcra.gob.ar'. Adding certificate verification is strongly advised. See: https://urllib3.readthedocs.io/en/latest/advanced-usage.html#tls-warnings
[2024-10-31T01:43:13.822-0300] {logging_mixin.py:190} INFO - URL de solicitud: https://api.bcra.gob.ar/estadisticas/v2.0/datosvariable/27/2024-10-30/2024-10-30
[2024-10-31T01:43:13.943-0300] {logging_mixin.py:190} WARNING - /home/nico/.local/lib/python3.10/site-packages/urllib3/connectionpool.py:1099 InsecureRequestWarning: Unverified HTTPS request is being made to host 'api.bcra.gob.ar'. Adding certificate verification is strongly advised. See: https://urllib3.readthedocs.io/en/latest/advanced-usage.html#tls-warnings
[2024-10-31T01:43:13.981-0300] {logging_mixin.py:190} INFO - No se encontraron datos para idVariable 27 en la fecha 2024-10-30.
[2024-10-31T01:43:14.074-0300] {logging_mixin.py:190} WARNING - /home/nico/.local/lib/python3.10/site-packages/urllib3/connectionpool.py:1099 InsecureRequestWarning: Unverified HTTPS request is being made to host 'api.bcra.gob.ar'. Adding certificate verification is strongly advised. See: https://urllib3.readthedocs.io/en/latest/advanced-usage.html#tls-warnings
[2024-10-31T01:43:14.107-0300] {logging_mixin.py:190} INFO - URL de solicitud: https://api.bcra.gob.ar/estadisticas/v2.0/datosvariable/28/2024-10-30/2024-10-30
[2024-10-31T01:43:14.179-0300] {logging_mixin.py:190} WARNING - /home/nico/.local/lib/python3.10/site-packages/urllib3/connectionpool.py:1099 InsecureRequestWarning: Unverified HTTPS request is being made to host 'api.bcra.gob.ar'. Adding certificate verification is strongly advised. See: https://urllib3.readthedocs.io/en/latest/advanced-usage.html#tls-warnings
[2024-10-31T01:43:14.215-0300] {logging_mixin.py:190} INFO - No se encontraron datos para idVariable 28 en la fecha 2024-10-30.
[2024-10-31T01:43:14.282-0300] {logging_mixin.py:190} WARNING - /home/nico/.local/lib/python3.10/site-packages/urllib3/connectionpool.py:1099 InsecureRequestWarning: Unverified HTTPS request is being made to host 'api.bcra.gob.ar'. Adding certificate verification is strongly advised. See: https://urllib3.readthedocs.io/en/latest/advanced-usage.html#tls-warnings
[2024-10-31T01:43:14.311-0300] {logging_mixin.py:190} INFO - URL de solicitud: https://api.bcra.gob.ar/estadisticas/v2.0/datosvariable/29/2024-10-30/2024-10-30
[2024-10-31T01:43:14.386-0300] {logging_mixin.py:190} WARNING - /home/nico/.local/lib/python3.10/site-packages/urllib3/connectionpool.py:1099 InsecureRequestWarning: Unverified HTTPS request is being made to host 'api.bcra.gob.ar'. Adding certificate verification is strongly advised. See: https://urllib3.readthedocs.io/en/latest/advanced-usage.html#tls-warnings
[2024-10-31T01:43:14.422-0300] {logging_mixin.py:190} INFO - No se encontraron datos para idVariable 29 en la fecha 2024-10-30.
[2024-10-31T01:43:14.495-0300] {logging_mixin.py:190} WARNING - /home/nico/.local/lib/python3.10/site-packages/urllib3/connectionpool.py:1099 InsecureRequestWarning: Unverified HTTPS request is being made to host 'api.bcra.gob.ar'. Adding certificate verification is strongly advised. See: https://urllib3.readthedocs.io/en/latest/advanced-usage.html#tls-warnings
[2024-10-31T01:43:14.525-0300] {logging_mixin.py:190} INFO - URL de solicitud: https://api.bcra.gob.ar/estadisticas/v2.0/datosvariable/34/2024-10-30/2024-10-30
[2024-10-31T01:43:14.595-0300] {logging_mixin.py:190} WARNING - /home/nico/.local/lib/python3.10/site-packages/urllib3/connectionpool.py:1099 InsecureRequestWarning: Unverified HTTPS request is being made to host 'api.bcra.gob.ar'. Adding certificate verification is strongly advised. See: https://urllib3.readthedocs.io/en/latest/advanced-usage.html#tls-warnings
[2024-10-31T01:43:14.712-0300] {logging_mixin.py:190} WARNING - /home/nico/.local/lib/python3.10/site-packages/urllib3/connectionpool.py:1099 InsecureRequestWarning: Unverified HTTPS request is being made to host 'api.bcra.gob.ar'. Adding certificate verification is strongly advised. See: https://urllib3.readthedocs.io/en/latest/advanced-usage.html#tls-warnings
[2024-10-31T01:43:14.746-0300] {logging_mixin.py:190} INFO - URL de solicitud: https://api.bcra.gob.ar/estadisticas/v2.0/datosvariable/35/2024-10-30/2024-10-30
[2024-10-31T01:43:14.818-0300] {logging_mixin.py:190} WARNING - /home/nico/.local/lib/python3.10/site-packages/urllib3/connectionpool.py:1099 InsecureRequestWarning: Unverified HTTPS request is being made to host 'api.bcra.gob.ar'. Adding certificate verification is strongly advised. See: https://urllib3.readthedocs.io/en/latest/advanced-usage.html#tls-warnings
[2024-10-31T01:43:14.849-0300] {logging_mixin.py:190} INFO - No se encontraron datos para idVariable 35 en la fecha 2024-10-30.
[2024-10-31T01:43:14.935-0300] {logging_mixin.py:190} WARNING - /home/nico/.local/lib/python3.10/site-packages/urllib3/connectionpool.py:1099 InsecureRequestWarning: Unverified HTTPS request is being made to host 'api.bcra.gob.ar'. Adding certificate verification is strongly advised. See: https://urllib3.readthedocs.io/en/latest/advanced-usage.html#tls-warnings
[2024-10-31T01:43:14.971-0300] {logging_mixin.py:190} INFO - URL de solicitud: https://api.bcra.gob.ar/estadisticas/v2.0/datosvariable/41/2024-10-30/2024-10-30
[2024-10-31T01:43:15.043-0300] {logging_mixin.py:190} WARNING - /home/nico/.local/lib/python3.10/site-packages/urllib3/connectionpool.py:1099 InsecureRequestWarning: Unverified HTTPS request is being made to host 'api.bcra.gob.ar'. Adding certificate verification is strongly advised. See: https://urllib3.readthedocs.io/en/latest/advanced-usage.html#tls-warnings
[2024-10-31T01:43:15.089-0300] {logging_mixin.py:190} INFO - No se encontraron datos para idVariable 41 en la fecha 2024-10-30.
[2024-10-31T01:43:15.152-0300] {logging_mixin.py:190} WARNING - /home/nico/.local/lib/python3.10/site-packages/urllib3/connectionpool.py:1099 InsecureRequestWarning: Unverified HTTPS request is being made to host 'api.bcra.gob.ar'. Adding certificate verification is strongly advised. See: https://urllib3.readthedocs.io/en/latest/advanced-usage.html#tls-warnings
[2024-10-31T01:43:15.183-0300] {logging_mixin.py:190} INFO - URL de solicitud: https://api.bcra.gob.ar/estadisticas/v2.0/datosvariable/42/2024-10-30/2024-10-30
[2024-10-31T01:43:15.247-0300] {logging_mixin.py:190} WARNING - /home/nico/.local/lib/python3.10/site-packages/urllib3/connectionpool.py:1099 InsecureRequestWarning: Unverified HTTPS request is being made to host 'api.bcra.gob.ar'. Adding certificate verification is strongly advised. See: https://urllib3.readthedocs.io/en/latest/advanced-usage.html#tls-warnings
[2024-10-31T01:43:15.291-0300] {logging_mixin.py:190} INFO - No se encontraron datos para idVariable 42 en la fecha 2024-10-30.
[2024-10-31T01:43:15.302-0300] {python.py:240} INFO - Done. Returned value was:    idVariable       fecha   valor
0           5  2024-10-30  990.25
1           6  2024-10-30   40.00
2           9  2024-10-30   45.00
3          34  2024-10-30   49.15
[2024-10-31T01:43:15.433-0300] {taskinstance.py:340} INFO - ::group::Post task execution logs
[2024-10-31T01:43:15.436-0300] {taskinstance.py:352} INFO - Marking task as SUCCESS. dag_id=etl_redshift_dag_variables_bcra, task_id=extract_data, run_id=manual__2024-10-30T23:37:45.393047+00:00, execution_date=20241030T233745, start_date=20241031T044307, end_date=20241031T044315
[2024-10-31T01:43:15.577-0300] {logging_mixin.py:190} INFO - Task instance in success state
[2024-10-31T01:43:15.581-0300] {logging_mixin.py:190} INFO -  Previous state of the Task instance: running
[2024-10-31T01:43:15.587-0300] {logging_mixin.py:190} INFO - Dag name:etl_redshift_dag_variables_bcra queued_at:2024-10-31 04:08:59.873104+00:00
[2024-10-31T01:43:15.594-0300] {logging_mixin.py:190} INFO - Task hostname:DESKTOP-MVFODGC. operator:PythonOperator
[2024-10-31T01:43:15.628-0300] {local_task_job_runner.py:266} INFO - Task exited with return code 0
[2024-10-31T01:43:15.734-0300] {taskinstance.py:3900} INFO - 1 downstream tasks scheduled from follow-on schedule check
[2024-10-31T01:43:15.766-0300] {local_task_job_runner.py:245} INFO - ::endgroup::
