[2024-11-03T19:26:11.056-0300] {local_task_job_runner.py:123} INFO - ::group::Pre task execution logs
[2024-11-03T19:26:11.255-0300] {taskinstance.py:2612} INFO - Dependencies all met for dep_context=non-requeueable deps ti=<TaskInstance: etl_redshift_dag_variables_fed.actualizar_dim_fecha scheduled__2024-11-01T22:00:00+00:00 [queued]>
[2024-11-03T19:26:11.361-0300] {taskinstance.py:2612} INFO - Dependencies all met for dep_context=requeueable deps ti=<TaskInstance: etl_redshift_dag_variables_fed.actualizar_dim_fecha scheduled__2024-11-01T22:00:00+00:00 [queued]>
[2024-11-03T19:26:11.372-0300] {taskinstance.py:2865} INFO - Starting attempt 10 of 11
[2024-11-03T19:26:12.406-0300] {taskinstance.py:2888} INFO - Executing <Task(PythonOperator): actualizar_dim_fecha> on 2024-11-01 22:00:00+00:00
[2024-11-03T19:26:12.504-0300] {standard_task_runner.py:72} INFO - Started process 226913 to run task
[2024-11-03T19:26:12.534-0300] {standard_task_runner.py:104} INFO - Running: ['airflow', 'tasks', 'run', 'etl_redshift_dag_variables_fed', 'actualizar_dim_fecha', 'scheduled__2024-11-01T22:00:00+00:00', '--job-id', '607', '--raw', '--subdir', 'DAGS_FOLDER/dag_variables_fed.py', '--cfg-path', '/tmp/tmpywfqqcnb']
[2024-11-03T19:26:12.585-0300] {standard_task_runner.py:105} INFO - Job 607: Subtask actualizar_dim_fecha
[2024-11-03T19:26:13.714-0300] {task_command.py:467} INFO - Running <TaskInstance: etl_redshift_dag_variables_fed.actualizar_dim_fecha scheduled__2024-11-01T22:00:00+00:00 [running]> on host DESKTOP-MVFODGC.
[2024-11-03T19:26:14.424-0300] {taskinstance.py:3131} INFO - Exporting env vars: AIRFLOW_CTX_DAG_OWNER='airflow' AIRFLOW_CTX_DAG_ID='etl_redshift_dag_variables_fed' AIRFLOW_CTX_TASK_ID='actualizar_dim_fecha' AIRFLOW_CTX_EXECUTION_DATE='2024-11-01T22:00:00+00:00' AIRFLOW_CTX_TRY_NUMBER='10' AIRFLOW_CTX_DAG_RUN_ID='scheduled__2024-11-01T22:00:00+00:00'
[2024-11-03T19:26:14.435-0300] {logging_mixin.py:190} INFO - Task instance is in running state
[2024-11-03T19:26:14.442-0300] {logging_mixin.py:190} INFO -  Previous state of the Task instance: queued
[2024-11-03T19:26:14.449-0300] {logging_mixin.py:190} INFO - Current task name:actualizar_dim_fecha state:running start_date:2024-11-03 22:26:11.275397+00:00
[2024-11-03T19:26:14.452-0300] {logging_mixin.py:190} INFO - Dag name:etl_redshift_dag_variables_fed and current dag run status:running
[2024-11-03T19:26:14.456-0300] {taskinstance.py:731} INFO - ::endgroup::
[2024-11-03T19:26:18.560-0300] {python.py:240} INFO - Done. Returned value was: None
[2024-11-03T19:26:18.618-0300] {taskinstance.py:340} INFO - ::group::Post task execution logs
[2024-11-03T19:26:18.644-0300] {taskinstance.py:352} INFO - Marking task as SUCCESS. dag_id=etl_redshift_dag_variables_fed, task_id=actualizar_dim_fecha, run_id=scheduled__2024-11-01T22:00:00+00:00, execution_date=20241101T220000, start_date=20241103T222611, end_date=20241103T222618
[2024-11-03T19:26:18.894-0300] {logging_mixin.py:190} INFO - Task instance in success state
[2024-11-03T19:26:18.923-0300] {logging_mixin.py:190} INFO -  Previous state of the Task instance: running
[2024-11-03T19:26:18.932-0300] {logging_mixin.py:190} INFO - Dag name:etl_redshift_dag_variables_fed queued_at:2024-11-03 22:24:38.661236+00:00
[2024-11-03T19:26:18.943-0300] {logging_mixin.py:190} INFO - Task hostname:DESKTOP-MVFODGC. operator:PythonOperator
[2024-11-03T19:26:19.048-0300] {local_task_job_runner.py:266} INFO - Task exited with return code 0
[2024-11-03T19:26:19.469-0300] {taskinstance.py:3900} INFO - 1 downstream tasks scheduled from follow-on schedule check
[2024-11-03T19:26:19.515-0300] {local_task_job_runner.py:245} INFO - ::endgroup::
