[2024-11-02T22:58:11.260-0300] {local_task_job_runner.py:123} INFO - ::group::Pre task execution logs
[2024-11-02T22:58:11.545-0300] {taskinstance.py:2612} INFO - Dependencies all met for dep_context=non-requeueable deps ti=<TaskInstance: etl_redshift_dag_variables_fed.actualizar_dim_fecha scheduled__2024-11-01T22:00:00+00:00 [queued]>
[2024-11-02T22:58:11.936-0300] {taskinstance.py:2612} INFO - Dependencies all met for dep_context=requeueable deps ti=<TaskInstance: etl_redshift_dag_variables_fed.actualizar_dim_fecha scheduled__2024-11-01T22:00:00+00:00 [queued]>
[2024-11-02T22:58:11.940-0300] {taskinstance.py:2865} INFO - Starting attempt 2 of 3
[2024-11-02T22:58:12.216-0300] {taskinstance.py:2888} INFO - Executing <Task(PythonOperator): actualizar_dim_fecha> on 2024-11-01 22:00:00+00:00
[2024-11-02T22:58:12.232-0300] {standard_task_runner.py:72} INFO - Started process 221140 to run task
[2024-11-02T22:58:12.252-0300] {standard_task_runner.py:104} INFO - Running: ['airflow', 'tasks', 'run', 'etl_redshift_dag_variables_fed', 'actualizar_dim_fecha', 'scheduled__2024-11-01T22:00:00+00:00', '--job-id', '570', '--raw', '--subdir', 'DAGS_FOLDER/dag_variables_fed.py', '--cfg-path', '/tmp/tmplm_9gji0']
[2024-11-02T22:58:12.257-0300] {standard_task_runner.py:105} INFO - Job 570: Subtask actualizar_dim_fecha
[2024-11-02T22:58:12.724-0300] {task_command.py:467} INFO - Running <TaskInstance: etl_redshift_dag_variables_fed.actualizar_dim_fecha scheduled__2024-11-01T22:00:00+00:00 [running]> on host DESKTOP-MVFODGC.
[2024-11-02T22:58:14.244-0300] {taskinstance.py:3131} INFO - Exporting env vars: AIRFLOW_CTX_DAG_OWNER='airflow' AIRFLOW_CTX_DAG_ID='etl_redshift_dag_variables_fed' AIRFLOW_CTX_TASK_ID='actualizar_dim_fecha' AIRFLOW_CTX_EXECUTION_DATE='2024-11-01T22:00:00+00:00' AIRFLOW_CTX_TRY_NUMBER='2' AIRFLOW_CTX_DAG_RUN_ID='scheduled__2024-11-01T22:00:00+00:00'
[2024-11-02T22:58:14.248-0300] {logging_mixin.py:190} INFO - Task instance is in running state
[2024-11-02T22:58:14.253-0300] {logging_mixin.py:190} INFO -  Previous state of the Task instance: queued
[2024-11-02T22:58:14.259-0300] {logging_mixin.py:190} INFO - Current task name:actualizar_dim_fecha state:running start_date:2024-11-03 01:58:11.571359+00:00
[2024-11-02T22:58:14.268-0300] {logging_mixin.py:190} INFO - Dag name:etl_redshift_dag_variables_fed and current dag run status:running
[2024-11-02T22:58:14.272-0300] {taskinstance.py:731} INFO - ::endgroup::
[2024-11-02T22:58:18.666-0300] {python.py:240} INFO - Done. Returned value was: None
[2024-11-02T22:58:20.957-0300] {taskinstance.py:340} INFO - ::group::Post task execution logs
[2024-11-02T22:58:21.058-0300] {taskinstance.py:352} INFO - Marking task as SUCCESS. dag_id=etl_redshift_dag_variables_fed, task_id=actualizar_dim_fecha, run_id=scheduled__2024-11-01T22:00:00+00:00, execution_date=20241101T220000, start_date=20241103T015811, end_date=20241103T015821
[2024-11-02T22:58:21.777-0300] {logging_mixin.py:190} INFO - Task instance in success state
[2024-11-02T22:58:21.794-0300] {logging_mixin.py:190} INFO -  Previous state of the Task instance: running
[2024-11-02T22:58:21.811-0300] {logging_mixin.py:190} INFO - Dag name:etl_redshift_dag_variables_fed queued_at:2024-11-03 01:57:51.015997+00:00
[2024-11-02T22:58:21.864-0300] {logging_mixin.py:190} INFO - Task hostname:DESKTOP-MVFODGC. operator:PythonOperator
[2024-11-02T22:58:21.936-0300] {local_task_job_runner.py:266} INFO - Task exited with return code 0
[2024-11-02T22:58:22.280-0300] {standard_task_runner.py:217} INFO - Process not found (most likely exited), stop collecting metrics
[2024-11-02T22:58:23.613-0300] {taskinstance.py:3900} INFO - 1 downstream tasks scheduled from follow-on schedule check
[2024-11-02T22:58:24.151-0300] {local_task_job_runner.py:245} INFO - ::endgroup::
