[2024-10-28T20:21:54.447-0300] {local_task_job_runner.py:123} INFO - ::group::Pre task execution logs
[2024-10-28T20:21:54.513-0300] {taskinstance.py:2612} INFO - Dependencies all met for dep_context=non-requeueable deps ti=<TaskInstance: etl_redshift_dag_variables_fed.limpieza_duplicados scheduled__2024-10-23T19:00:00+00:00 [queued]>
[2024-10-28T20:21:54.557-0300] {taskinstance.py:2612} INFO - Dependencies all met for dep_context=requeueable deps ti=<TaskInstance: etl_redshift_dag_variables_fed.limpieza_duplicados scheduled__2024-10-23T19:00:00+00:00 [queued]>
[2024-10-28T20:21:54.560-0300] {taskinstance.py:2865} INFO - Starting attempt 1 of 2
[2024-10-28T20:21:54.655-0300] {taskinstance.py:2888} INFO - Executing <Task(PythonOperator): limpieza_duplicados> on 2024-10-23 19:00:00+00:00
[2024-10-28T20:21:54.670-0300] {standard_task_runner.py:72} INFO - Started process 45526 to run task
[2024-10-28T20:21:54.684-0300] {standard_task_runner.py:104} INFO - Running: ['airflow', 'tasks', 'run', 'etl_redshift_dag_variables_fed', 'limpieza_duplicados', 'scheduled__2024-10-23T19:00:00+00:00', '--job-id', '120', '--raw', '--subdir', 'DAGS_FOLDER/dag_variables_fed.py', '--cfg-path', '/tmp/tmpvduniv04']
[2024-10-28T20:21:54.688-0300] {standard_task_runner.py:105} INFO - Job 120: Subtask limpieza_duplicados
[2024-10-28T20:21:54.905-0300] {task_command.py:467} INFO - Running <TaskInstance: etl_redshift_dag_variables_fed.limpieza_duplicados scheduled__2024-10-23T19:00:00+00:00 [running]> on host DESKTOP-MVFODGC.
[2024-10-28T20:21:55.198-0300] {taskinstance.py:3131} INFO - Exporting env vars: AIRFLOW_CTX_DAG_OWNER='airflow' AIRFLOW_CTX_DAG_ID='etl_redshift_dag_variables_fed' AIRFLOW_CTX_TASK_ID='limpieza_duplicados' AIRFLOW_CTX_EXECUTION_DATE='2024-10-23T19:00:00+00:00' AIRFLOW_CTX_TRY_NUMBER='1' AIRFLOW_CTX_DAG_RUN_ID='scheduled__2024-10-23T19:00:00+00:00'
[2024-10-28T20:21:55.202-0300] {logging_mixin.py:190} INFO - Task instance is in running state
[2024-10-28T20:21:55.204-0300] {logging_mixin.py:190} INFO -  Previous state of the Task instance: queued
[2024-10-28T20:21:55.207-0300] {logging_mixin.py:190} INFO - Current task name:limpieza_duplicados state:running start_date:2024-10-28 23:21:54.518867+00:00
[2024-10-28T20:21:55.209-0300] {logging_mixin.py:190} INFO - Dag name:etl_redshift_dag_variables_fed and current dag run status:running
[2024-10-28T20:21:55.218-0300] {taskinstance.py:731} INFO - ::endgroup::
[2024-10-28T20:22:08.126-0300] {python.py:240} INFO - Done. Returned value was: None
[2024-10-28T20:22:08.165-0300] {taskinstance.py:340} INFO - ::group::Post task execution logs
[2024-10-28T20:22:08.170-0300] {taskinstance.py:352} INFO - Marking task as SUCCESS. dag_id=etl_redshift_dag_variables_fed, task_id=limpieza_duplicados, run_id=scheduled__2024-10-23T19:00:00+00:00, execution_date=20241023T190000, start_date=20241028T232154, end_date=20241028T232208
[2024-10-28T20:22:08.300-0300] {logging_mixin.py:190} INFO - Task instance in success state
[2024-10-28T20:22:08.303-0300] {logging_mixin.py:190} INFO -  Previous state of the Task instance: running
[2024-10-28T20:22:08.305-0300] {logging_mixin.py:190} INFO - Dag name:etl_redshift_dag_variables_fed queued_at:2024-10-28 23:17:19.186303+00:00
[2024-10-28T20:22:08.307-0300] {logging_mixin.py:190} INFO - Task hostname:DESKTOP-MVFODGC. operator:PythonOperator
[2024-10-28T20:22:08.347-0300] {local_task_job_runner.py:266} INFO - Task exited with return code 0
[2024-10-28T20:22:08.387-0300] {taskinstance.py:3900} INFO - 0 downstream tasks scheduled from follow-on schedule check
[2024-10-28T20:22:08.392-0300] {local_task_job_runner.py:245} INFO - ::endgroup::
