[2024-11-03T18:33:43.862-0300] {local_task_job_runner.py:123} INFO - ::group::Pre task execution logs
[2024-11-03T18:33:44.083-0300] {taskinstance.py:2612} INFO - Dependencies all met for dep_context=non-requeueable deps ti=<TaskInstance: etl_redshift_dag_variables_fed.transform_data_fed_task scheduled__2024-11-01T22:00:00+00:00 [queued]>
[2024-11-03T18:33:44.152-0300] {taskinstance.py:2612} INFO - Dependencies all met for dep_context=requeueable deps ti=<TaskInstance: etl_redshift_dag_variables_fed.transform_data_fed_task scheduled__2024-11-01T22:00:00+00:00 [queued]>
[2024-11-03T18:33:44.160-0300] {taskinstance.py:2865} INFO - Starting attempt 7 of 8
[2024-11-03T18:33:44.445-0300] {taskinstance.py:2888} INFO - Executing <Task(PythonOperator): transform_data_fed_task> on 2024-11-01 22:00:00+00:00
[2024-11-03T18:33:44.465-0300] {standard_task_runner.py:72} INFO - Started process 225758 to run task
[2024-11-03T18:33:44.476-0300] {standard_task_runner.py:104} INFO - Running: ['airflow', 'tasks', 'run', 'etl_redshift_dag_variables_fed', 'transform_data_fed_task', 'scheduled__2024-11-01T22:00:00+00:00', '--job-id', '593', '--raw', '--subdir', 'DAGS_FOLDER/dag_variables_fed.py', '--cfg-path', '/tmp/tmp_cg1uhkh']
[2024-11-03T18:33:44.493-0300] {standard_task_runner.py:105} INFO - Job 593: Subtask transform_data_fed_task
[2024-11-03T18:33:46.464-0300] {task_command.py:467} INFO - Running <TaskInstance: etl_redshift_dag_variables_fed.transform_data_fed_task scheduled__2024-11-01T22:00:00+00:00 [running]> on host DESKTOP-MVFODGC.
[2024-11-03T18:33:47.083-0300] {taskinstance.py:3131} INFO - Exporting env vars: AIRFLOW_CTX_DAG_OWNER='airflow' AIRFLOW_CTX_DAG_ID='etl_redshift_dag_variables_fed' AIRFLOW_CTX_TASK_ID='transform_data_fed_task' AIRFLOW_CTX_EXECUTION_DATE='2024-11-01T22:00:00+00:00' AIRFLOW_CTX_TRY_NUMBER='7' AIRFLOW_CTX_DAG_RUN_ID='scheduled__2024-11-01T22:00:00+00:00'
[2024-11-03T18:33:47.093-0300] {logging_mixin.py:190} INFO - Task instance is in running state
[2024-11-03T18:33:47.096-0300] {logging_mixin.py:190} INFO -  Previous state of the Task instance: queued
[2024-11-03T18:33:47.099-0300] {logging_mixin.py:190} INFO - Current task name:transform_data_fed_task state:running start_date:2024-11-03 21:33:44.090521+00:00
[2024-11-03T18:33:47.104-0300] {logging_mixin.py:190} INFO - Dag name:etl_redshift_dag_variables_fed and current dag run status:running
[2024-11-03T18:33:47.110-0300] {taskinstance.py:731} INFO - ::endgroup::
[2024-11-03T18:33:47.381-0300] {logging_mixin.py:190} INFO - Datos transformados y enviados por XCom
[2024-11-03T18:33:47.387-0300] {python.py:240} INFO - Done. Returned value was: None
[2024-11-03T18:33:47.443-0300] {taskinstance.py:340} INFO - ::group::Post task execution logs
[2024-11-03T18:33:47.446-0300] {taskinstance.py:352} INFO - Marking task as SUCCESS. dag_id=etl_redshift_dag_variables_fed, task_id=transform_data_fed_task, run_id=scheduled__2024-11-01T22:00:00+00:00, execution_date=20241101T220000, start_date=20241103T213344, end_date=20241103T213347
[2024-11-03T18:33:47.595-0300] {logging_mixin.py:190} INFO - Task instance in success state
[2024-11-03T18:33:47.598-0300] {logging_mixin.py:190} INFO -  Previous state of the Task instance: running
[2024-11-03T18:33:47.607-0300] {logging_mixin.py:190} INFO - Dag name:etl_redshift_dag_variables_fed queued_at:2024-11-03 21:31:56.815335+00:00
[2024-11-03T18:33:47.613-0300] {logging_mixin.py:190} INFO - Task hostname:DESKTOP-MVFODGC. operator:PythonOperator
[2024-11-03T18:33:47.680-0300] {local_task_job_runner.py:266} INFO - Task exited with return code 0
[2024-11-03T18:33:48.220-0300] {taskinstance.py:3900} INFO - 1 downstream tasks scheduled from follow-on schedule check
[2024-11-03T18:33:48.589-0300] {local_task_job_runner.py:245} INFO - ::endgroup::
[2024-11-03T18:33:49.493-0300] {standard_task_runner.py:217} INFO - Process not found (most likely exited), stop collecting metrics
