[2024-11-03T12:06:14.586-0300] {local_task_job_runner.py:123} INFO - ::group::Pre task execution logs
[2024-11-03T12:06:14.638-0300] {taskinstance.py:2612} INFO - Dependencies all met for dep_context=non-requeueable deps ti=<TaskInstance: etl_redshift_dag_variables_fed.transform_data_fed_task scheduled__2024-11-01T22:00:00+00:00 [queued]>
[2024-11-03T12:06:14.674-0300] {taskinstance.py:2612} INFO - Dependencies all met for dep_context=requeueable deps ti=<TaskInstance: etl_redshift_dag_variables_fed.transform_data_fed_task scheduled__2024-11-01T22:00:00+00:00 [queued]>
[2024-11-03T12:06:14.677-0300] {taskinstance.py:2865} INFO - Starting attempt 6 of 7
[2024-11-03T12:06:14.773-0300] {taskinstance.py:2888} INFO - Executing <Task(PythonOperator): transform_data_fed_task> on 2024-11-01 22:00:00+00:00
[2024-11-03T12:06:14.788-0300] {standard_task_runner.py:72} INFO - Started process 225094 to run task
[2024-11-03T12:06:14.799-0300] {standard_task_runner.py:104} INFO - Running: ['airflow', 'tasks', 'run', 'etl_redshift_dag_variables_fed', 'transform_data_fed_task', 'scheduled__2024-11-01T22:00:00+00:00', '--job-id', '587', '--raw', '--subdir', 'DAGS_FOLDER/dag_variables_fed.py', '--cfg-path', '/tmp/tmpkaglnrwt']
[2024-11-03T12:06:14.805-0300] {standard_task_runner.py:105} INFO - Job 587: Subtask transform_data_fed_task
[2024-11-03T12:06:15.059-0300] {task_command.py:467} INFO - Running <TaskInstance: etl_redshift_dag_variables_fed.transform_data_fed_task scheduled__2024-11-01T22:00:00+00:00 [running]> on host DESKTOP-MVFODGC.
[2024-11-03T12:06:17.415-0300] {taskinstance.py:3131} INFO - Exporting env vars: AIRFLOW_CTX_DAG_OWNER='airflow' AIRFLOW_CTX_DAG_ID='etl_redshift_dag_variables_fed' AIRFLOW_CTX_TASK_ID='transform_data_fed_task' AIRFLOW_CTX_EXECUTION_DATE='2024-11-01T22:00:00+00:00' AIRFLOW_CTX_TRY_NUMBER='6' AIRFLOW_CTX_DAG_RUN_ID='scheduled__2024-11-01T22:00:00+00:00'
[2024-11-03T12:06:17.425-0300] {logging_mixin.py:190} INFO - Task instance is in running state
[2024-11-03T12:06:17.431-0300] {logging_mixin.py:190} INFO -  Previous state of the Task instance: queued
[2024-11-03T12:06:17.449-0300] {logging_mixin.py:190} INFO - Current task name:transform_data_fed_task state:running start_date:2024-11-03 15:06:14.641806+00:00
[2024-11-03T12:06:17.460-0300] {logging_mixin.py:190} INFO - Dag name:etl_redshift_dag_variables_fed and current dag run status:running
[2024-11-03T12:06:17.467-0300] {taskinstance.py:731} INFO - ::endgroup::
[2024-11-03T12:06:17.791-0300] {logging_mixin.py:190} INFO - Datos transformados y enviados por XCom
[2024-11-03T12:06:17.800-0300] {python.py:240} INFO - Done. Returned value was: None
[2024-11-03T12:06:17.864-0300] {taskinstance.py:340} INFO - ::group::Post task execution logs
[2024-11-03T12:06:17.872-0300] {taskinstance.py:352} INFO - Marking task as SUCCESS. dag_id=etl_redshift_dag_variables_fed, task_id=transform_data_fed_task, run_id=scheduled__2024-11-01T22:00:00+00:00, execution_date=20241101T220000, start_date=20241103T150614, end_date=20241103T150617
[2024-11-03T12:06:18.097-0300] {logging_mixin.py:190} INFO - Task instance in success state
[2024-11-03T12:06:18.161-0300] {logging_mixin.py:190} INFO -  Previous state of the Task instance: running
[2024-11-03T12:06:18.283-0300] {logging_mixin.py:190} INFO - Dag name:etl_redshift_dag_variables_fed queued_at:2024-11-03 15:04:30.948348+00:00
[2024-11-03T12:06:18.383-0300] {logging_mixin.py:190} INFO - Task hostname:DESKTOP-MVFODGC. operator:PythonOperator
[2024-11-03T12:06:18.486-0300] {local_task_job_runner.py:266} INFO - Task exited with return code 0
[2024-11-03T12:06:19.526-0300] {taskinstance.py:3900} INFO - 1 downstream tasks scheduled from follow-on schedule check
[2024-11-03T12:06:19.739-0300] {local_task_job_runner.py:245} INFO - ::endgroup::
[2024-11-03T12:06:19.817-0300] {standard_task_runner.py:217} INFO - Process not found (most likely exited), stop collecting metrics
