[2024-10-29T14:29:55.501-0300] {local_task_job_runner.py:123} INFO - ::group::Pre task execution logs
[2024-10-29T14:29:55.594-0300] {taskinstance.py:2612} INFO - Dependencies all met for dep_context=non-requeueable deps ti=<TaskInstance: etl_redshift_dag_variables_bcra.actualizar_dim_fecha scheduled__2024-10-23T00:01:00+00:00 [queued]>
[2024-10-29T14:29:55.657-0300] {taskinstance.py:2612} INFO - Dependencies all met for dep_context=requeueable deps ti=<TaskInstance: etl_redshift_dag_variables_bcra.actualizar_dim_fecha scheduled__2024-10-23T00:01:00+00:00 [queued]>
[2024-10-29T14:29:55.666-0300] {taskinstance.py:2865} INFO - Starting attempt 2 of 3
[2024-10-29T14:29:55.883-0300] {taskinstance.py:2888} INFO - Executing <Task(PythonOperator): actualizar_dim_fecha> on 2024-10-23 00:01:00+00:00
[2024-10-29T14:29:55.896-0300] {standard_task_runner.py:72} INFO - Started process 76829 to run task
[2024-10-29T14:29:55.917-0300] {standard_task_runner.py:104} INFO - Running: ['airflow', 'tasks', 'run', 'etl_redshift_dag_variables_bcra', 'actualizar_dim_fecha', 'scheduled__2024-10-23T00:01:00+00:00', '--job-id', '140', '--raw', '--subdir', 'DAGS_FOLDER/dag_variables_bcra.py', '--cfg-path', '/tmp/tmpqp9piiti']
[2024-10-29T14:29:55.924-0300] {standard_task_runner.py:105} INFO - Job 140: Subtask actualizar_dim_fecha
[2024-10-29T14:29:56.287-0300] {task_command.py:467} INFO - Running <TaskInstance: etl_redshift_dag_variables_bcra.actualizar_dim_fecha scheduled__2024-10-23T00:01:00+00:00 [running]> on host DESKTOP-MVFODGC.
[2024-10-29T14:29:56.893-0300] {taskinstance.py:3131} INFO - Exporting env vars: AIRFLOW_CTX_DAG_OWNER='airflow' AIRFLOW_CTX_DAG_ID='etl_redshift_dag_variables_bcra' AIRFLOW_CTX_TASK_ID='actualizar_dim_fecha' AIRFLOW_CTX_EXECUTION_DATE='2024-10-23T00:01:00+00:00' AIRFLOW_CTX_TRY_NUMBER='2' AIRFLOW_CTX_DAG_RUN_ID='scheduled__2024-10-23T00:01:00+00:00'
[2024-10-29T14:29:56.899-0300] {logging_mixin.py:190} INFO - Task instance is in running state
[2024-10-29T14:29:56.905-0300] {logging_mixin.py:190} INFO -  Previous state of the Task instance: queued
[2024-10-29T14:29:56.916-0300] {logging_mixin.py:190} INFO - Current task name:actualizar_dim_fecha state:running start_date:2024-10-29 17:29:55.605204+00:00
[2024-10-29T14:29:56.919-0300] {logging_mixin.py:190} INFO - Dag name:etl_redshift_dag_variables_bcra and current dag run status:running
[2024-10-29T14:29:56.924-0300] {taskinstance.py:731} INFO - ::endgroup::
[2024-10-29T14:29:59.440-0300] {python.py:240} INFO - Done. Returned value was: None
[2024-10-29T14:29:59.469-0300] {taskinstance.py:340} INFO - ::group::Post task execution logs
[2024-10-29T14:29:59.471-0300] {taskinstance.py:352} INFO - Marking task as SUCCESS. dag_id=etl_redshift_dag_variables_bcra, task_id=actualizar_dim_fecha, run_id=scheduled__2024-10-23T00:01:00+00:00, execution_date=20241023T000100, start_date=20241029T172955, end_date=20241029T172959
[2024-10-29T14:29:59.564-0300] {logging_mixin.py:190} INFO - Task instance in success state
[2024-10-29T14:29:59.566-0300] {logging_mixin.py:190} INFO -  Previous state of the Task instance: running
[2024-10-29T14:29:59.569-0300] {logging_mixin.py:190} INFO - Dag name:etl_redshift_dag_variables_bcra queued_at:2024-10-29 17:29:26.960903+00:00
[2024-10-29T14:29:59.572-0300] {logging_mixin.py:190} INFO - Task hostname:DESKTOP-MVFODGC. operator:PythonOperator
[2024-10-29T14:29:59.601-0300] {local_task_job_runner.py:266} INFO - Task exited with return code 0
[2024-10-29T14:29:59.723-0300] {taskinstance.py:3900} INFO - 1 downstream tasks scheduled from follow-on schedule check
[2024-10-29T14:29:59.761-0300] {local_task_job_runner.py:245} INFO - ::endgroup::
