[2024-10-31T21:02:56.738-0300] {processor.py:186} INFO - Started process (PID=150254) to work on /home/nico/.local/lib/python3.10/site-packages/airflow/example_dags/example_external_task_marker_dag.py
[2024-10-31T21:02:56.742-0300] {processor.py:914} INFO - Processing file /home/nico/.local/lib/python3.10/site-packages/airflow/example_dags/example_external_task_marker_dag.py for tasks to queue
[2024-10-31T21:02:56.755-0300] {logging_mixin.py:190} INFO - [2024-10-31T21:02:56.746-0300] {dagbag.py:588} INFO - Filling up the DagBag from /home/nico/.local/lib/python3.10/site-packages/airflow/example_dags/example_external_task_marker_dag.py
[2024-10-31T21:02:56.776-0300] {processor.py:925} INFO - DAG(s) 'example_external_task_marker_child', 'example_external_task_marker_parent' retrieved from /home/nico/.local/lib/python3.10/site-packages/airflow/example_dags/example_external_task_marker_dag.py
[2024-10-31T21:02:56.863-0300] {logging_mixin.py:190} INFO - [2024-10-31T21:02:56.863-0300] {dag.py:3239} INFO - Sync 2 DAGs
[2024-10-31T21:02:56.906-0300] {logging_mixin.py:190} INFO - [2024-10-31T21:02:56.905-0300] {dag.py:4180} INFO - Setting next_dagrun for example_external_task_marker_child to None, run_after=None
[2024-10-31T21:02:56.916-0300] {logging_mixin.py:190} INFO - [2024-10-31T21:02:56.916-0300] {dag.py:4180} INFO - Setting next_dagrun for example_external_task_marker_parent to None, run_after=None
[2024-10-31T21:02:57.032-0300] {processor.py:208} INFO - Processing /home/nico/.local/lib/python3.10/site-packages/airflow/example_dags/example_external_task_marker_dag.py took 0.334 seconds
[2024-10-31T23:54:54.391-0300] {processor.py:186} INFO - Started process (PID=152295) to work on /home/nico/.local/lib/python3.10/site-packages/airflow/example_dags/example_external_task_marker_dag.py
[2024-10-31T23:54:54.411-0300] {processor.py:914} INFO - Processing file /home/nico/.local/lib/python3.10/site-packages/airflow/example_dags/example_external_task_marker_dag.py for tasks to queue
[2024-10-31T23:54:54.422-0300] {logging_mixin.py:190} INFO - [2024-10-31T23:54:54.421-0300] {dagbag.py:588} INFO - Filling up the DagBag from /home/nico/.local/lib/python3.10/site-packages/airflow/example_dags/example_external_task_marker_dag.py
[2024-10-31T23:54:54.465-0300] {processor.py:925} INFO - DAG(s) 'example_external_task_marker_parent', 'example_external_task_marker_child' retrieved from /home/nico/.local/lib/python3.10/site-packages/airflow/example_dags/example_external_task_marker_dag.py
[2024-10-31T23:54:54.631-0300] {logging_mixin.py:190} INFO - [2024-10-31T23:54:54.630-0300] {dag.py:3239} INFO - Sync 2 DAGs
[2024-10-31T23:54:54.683-0300] {logging_mixin.py:190} INFO - [2024-10-31T23:54:54.681-0300] {dag.py:4180} INFO - Setting next_dagrun for example_external_task_marker_child to None, run_after=None
[2024-10-31T23:54:54.706-0300] {logging_mixin.py:190} INFO - [2024-10-31T23:54:54.705-0300] {dag.py:4180} INFO - Setting next_dagrun for example_external_task_marker_parent to None, run_after=None
[2024-10-31T23:54:54.959-0300] {processor.py:208} INFO - Processing /home/nico/.local/lib/python3.10/site-packages/airflow/example_dags/example_external_task_marker_dag.py took 0.618 seconds
[2024-11-01T00:02:53.795-0300] {processor.py:186} INFO - Started process (PID=154335) to work on /home/nico/.local/lib/python3.10/site-packages/airflow/example_dags/example_external_task_marker_dag.py
[2024-11-01T00:02:53.808-0300] {processor.py:914} INFO - Processing file /home/nico/.local/lib/python3.10/site-packages/airflow/example_dags/example_external_task_marker_dag.py for tasks to queue
[2024-11-01T00:02:53.813-0300] {logging_mixin.py:190} INFO - [2024-11-01T00:02:53.812-0300] {dagbag.py:588} INFO - Filling up the DagBag from /home/nico/.local/lib/python3.10/site-packages/airflow/example_dags/example_external_task_marker_dag.py
[2024-11-01T00:02:53.850-0300] {processor.py:925} INFO - DAG(s) 'example_external_task_marker_parent', 'example_external_task_marker_child' retrieved from /home/nico/.local/lib/python3.10/site-packages/airflow/example_dags/example_external_task_marker_dag.py
[2024-11-01T00:02:53.987-0300] {logging_mixin.py:190} INFO - [2024-11-01T00:02:53.985-0300] {dag.py:3239} INFO - Sync 2 DAGs
[2024-11-01T00:02:54.034-0300] {logging_mixin.py:190} INFO - [2024-11-01T00:02:54.033-0300] {dag.py:4180} INFO - Setting next_dagrun for example_external_task_marker_child to None, run_after=None
[2024-11-01T00:02:54.045-0300] {logging_mixin.py:190} INFO - [2024-11-01T00:02:54.045-0300] {dag.py:4180} INFO - Setting next_dagrun for example_external_task_marker_parent to None, run_after=None
[2024-11-01T00:02:54.209-0300] {processor.py:208} INFO - Processing /home/nico/.local/lib/python3.10/site-packages/airflow/example_dags/example_external_task_marker_dag.py took 0.459 seconds
[2024-11-01T00:07:24.189-0300] {processor.py:186} INFO - Started process (PID=155483) to work on /home/nico/.local/lib/python3.10/site-packages/airflow/example_dags/example_external_task_marker_dag.py
[2024-11-01T00:07:24.197-0300] {processor.py:914} INFO - Processing file /home/nico/.local/lib/python3.10/site-packages/airflow/example_dags/example_external_task_marker_dag.py for tasks to queue
[2024-11-01T00:07:24.206-0300] {logging_mixin.py:190} INFO - [2024-11-01T00:07:24.204-0300] {dagbag.py:588} INFO - Filling up the DagBag from /home/nico/.local/lib/python3.10/site-packages/airflow/example_dags/example_external_task_marker_dag.py
[2024-11-01T00:07:24.235-0300] {processor.py:925} INFO - DAG(s) 'example_external_task_marker_child', 'example_external_task_marker_parent' retrieved from /home/nico/.local/lib/python3.10/site-packages/airflow/example_dags/example_external_task_marker_dag.py
[2024-11-01T00:07:24.344-0300] {logging_mixin.py:190} INFO - [2024-11-01T00:07:24.343-0300] {dag.py:3239} INFO - Sync 2 DAGs
[2024-11-01T00:07:24.382-0300] {logging_mixin.py:190} INFO - [2024-11-01T00:07:24.382-0300] {dag.py:4180} INFO - Setting next_dagrun for example_external_task_marker_child to None, run_after=None
[2024-11-01T00:07:24.393-0300] {logging_mixin.py:190} INFO - [2024-11-01T00:07:24.392-0300] {dag.py:4180} INFO - Setting next_dagrun for example_external_task_marker_parent to None, run_after=None
[2024-11-01T00:07:24.524-0300] {processor.py:208} INFO - Processing /home/nico/.local/lib/python3.10/site-packages/airflow/example_dags/example_external_task_marker_dag.py took 0.358 seconds
[2024-11-01T00:20:36.377-0300] {processor.py:186} INFO - Started process (PID=158860) to work on /home/nico/.local/lib/python3.10/site-packages/airflow/example_dags/example_external_task_marker_dag.py
[2024-11-01T00:20:36.382-0300] {processor.py:914} INFO - Processing file /home/nico/.local/lib/python3.10/site-packages/airflow/example_dags/example_external_task_marker_dag.py for tasks to queue
[2024-11-01T00:20:36.387-0300] {logging_mixin.py:190} INFO - [2024-11-01T00:20:36.386-0300] {dagbag.py:588} INFO - Filling up the DagBag from /home/nico/.local/lib/python3.10/site-packages/airflow/example_dags/example_external_task_marker_dag.py
[2024-11-01T00:20:36.406-0300] {processor.py:925} INFO - DAG(s) 'example_external_task_marker_parent', 'example_external_task_marker_child' retrieved from /home/nico/.local/lib/python3.10/site-packages/airflow/example_dags/example_external_task_marker_dag.py
[2024-11-01T00:20:36.484-0300] {logging_mixin.py:190} INFO - [2024-11-01T00:20:36.484-0300] {dag.py:3239} INFO - Sync 2 DAGs
[2024-11-01T00:20:36.524-0300] {logging_mixin.py:190} INFO - [2024-11-01T00:20:36.523-0300] {dag.py:4180} INFO - Setting next_dagrun for example_external_task_marker_child to None, run_after=None
[2024-11-01T00:20:36.534-0300] {logging_mixin.py:190} INFO - [2024-11-01T00:20:36.534-0300] {dag.py:4180} INFO - Setting next_dagrun for example_external_task_marker_parent to None, run_after=None
[2024-11-01T00:20:36.661-0300] {processor.py:208} INFO - Processing /home/nico/.local/lib/python3.10/site-packages/airflow/example_dags/example_external_task_marker_dag.py took 0.313 seconds
[2024-11-01T00:33:50.967-0300] {processor.py:186} INFO - Started process (PID=162247) to work on /home/nico/.local/lib/python3.10/site-packages/airflow/example_dags/example_external_task_marker_dag.py
[2024-11-01T00:33:50.970-0300] {processor.py:914} INFO - Processing file /home/nico/.local/lib/python3.10/site-packages/airflow/example_dags/example_external_task_marker_dag.py for tasks to queue
[2024-11-01T00:33:50.973-0300] {logging_mixin.py:190} INFO - [2024-11-01T00:33:50.972-0300] {dagbag.py:588} INFO - Filling up the DagBag from /home/nico/.local/lib/python3.10/site-packages/airflow/example_dags/example_external_task_marker_dag.py
[2024-11-01T00:33:50.988-0300] {processor.py:925} INFO - DAG(s) 'example_external_task_marker_parent', 'example_external_task_marker_child' retrieved from /home/nico/.local/lib/python3.10/site-packages/airflow/example_dags/example_external_task_marker_dag.py
[2024-11-01T00:33:51.063-0300] {logging_mixin.py:190} INFO - [2024-11-01T00:33:51.062-0300] {dag.py:3239} INFO - Sync 2 DAGs
[2024-11-01T00:33:51.107-0300] {logging_mixin.py:190} INFO - [2024-11-01T00:33:51.106-0300] {dag.py:4180} INFO - Setting next_dagrun for example_external_task_marker_child to None, run_after=None
[2024-11-01T00:33:51.122-0300] {logging_mixin.py:190} INFO - [2024-11-01T00:33:51.121-0300] {dag.py:4180} INFO - Setting next_dagrun for example_external_task_marker_parent to None, run_after=None
[2024-11-01T00:33:51.236-0300] {processor.py:208} INFO - Processing /home/nico/.local/lib/python3.10/site-packages/airflow/example_dags/example_external_task_marker_dag.py took 0.283 seconds
[2024-11-01T00:37:00.504-0300] {processor.py:186} INFO - Started process (PID=163061) to work on /home/nico/.local/lib/python3.10/site-packages/airflow/example_dags/example_external_task_marker_dag.py
[2024-11-01T00:37:00.506-0300] {processor.py:914} INFO - Processing file /home/nico/.local/lib/python3.10/site-packages/airflow/example_dags/example_external_task_marker_dag.py for tasks to queue
[2024-11-01T00:37:00.509-0300] {logging_mixin.py:190} INFO - [2024-11-01T00:37:00.508-0300] {dagbag.py:588} INFO - Filling up the DagBag from /home/nico/.local/lib/python3.10/site-packages/airflow/example_dags/example_external_task_marker_dag.py
[2024-11-01T00:37:00.523-0300] {processor.py:925} INFO - DAG(s) 'example_external_task_marker_child', 'example_external_task_marker_parent' retrieved from /home/nico/.local/lib/python3.10/site-packages/airflow/example_dags/example_external_task_marker_dag.py
[2024-11-01T00:37:01.268-0300] {logging_mixin.py:190} INFO - [2024-11-01T00:37:01.267-0300] {dag.py:3239} INFO - Sync 2 DAGs
[2024-11-01T00:37:01.438-0300] {logging_mixin.py:190} INFO - [2024-11-01T00:37:01.437-0300] {dag.py:4180} INFO - Setting next_dagrun for example_external_task_marker_child to None, run_after=None
[2024-11-01T00:37:01.469-0300] {logging_mixin.py:190} INFO - [2024-11-01T00:37:01.463-0300] {dag.py:4180} INFO - Setting next_dagrun for example_external_task_marker_parent to None, run_after=None
[2024-11-01T00:37:01.700-0300] {processor.py:208} INFO - Processing /home/nico/.local/lib/python3.10/site-packages/airflow/example_dags/example_external_task_marker_dag.py took 1.209 seconds
[2024-11-01T00:51:36.614-0300] {processor.py:186} INFO - Started process (PID=166646) to work on /home/nico/.local/lib/python3.10/site-packages/airflow/example_dags/example_external_task_marker_dag.py
[2024-11-01T00:51:36.618-0300] {processor.py:914} INFO - Processing file /home/nico/.local/lib/python3.10/site-packages/airflow/example_dags/example_external_task_marker_dag.py for tasks to queue
[2024-11-01T00:51:36.628-0300] {logging_mixin.py:190} INFO - [2024-11-01T00:51:36.627-0300] {dagbag.py:588} INFO - Filling up the DagBag from /home/nico/.local/lib/python3.10/site-packages/airflow/example_dags/example_external_task_marker_dag.py
[2024-11-01T00:51:36.654-0300] {processor.py:925} INFO - DAG(s) 'example_external_task_marker_child', 'example_external_task_marker_parent' retrieved from /home/nico/.local/lib/python3.10/site-packages/airflow/example_dags/example_external_task_marker_dag.py
[2024-11-01T00:51:36.740-0300] {logging_mixin.py:190} INFO - [2024-11-01T00:51:36.739-0300] {dag.py:3239} INFO - Sync 2 DAGs
[2024-11-01T00:51:36.792-0300] {logging_mixin.py:190} INFO - [2024-11-01T00:51:36.791-0300] {dag.py:4180} INFO - Setting next_dagrun for example_external_task_marker_child to None, run_after=None
[2024-11-01T00:51:36.814-0300] {logging_mixin.py:190} INFO - [2024-11-01T00:51:36.814-0300] {dag.py:4180} INFO - Setting next_dagrun for example_external_task_marker_parent to None, run_after=None
[2024-11-01T00:51:37.318-0300] {processor.py:208} INFO - Processing /home/nico/.local/lib/python3.10/site-packages/airflow/example_dags/example_external_task_marker_dag.py took 0.728 seconds
[2024-11-01T00:53:59.673-0300] {processor.py:186} INFO - Started process (PID=167251) to work on /home/nico/.local/lib/python3.10/site-packages/airflow/example_dags/example_external_task_marker_dag.py
[2024-11-01T00:53:59.676-0300] {processor.py:914} INFO - Processing file /home/nico/.local/lib/python3.10/site-packages/airflow/example_dags/example_external_task_marker_dag.py for tasks to queue
[2024-11-01T00:53:59.684-0300] {logging_mixin.py:190} INFO - [2024-11-01T00:53:59.683-0300] {dagbag.py:588} INFO - Filling up the DagBag from /home/nico/.local/lib/python3.10/site-packages/airflow/example_dags/example_external_task_marker_dag.py
[2024-11-01T00:53:59.716-0300] {processor.py:925} INFO - DAG(s) 'example_external_task_marker_parent', 'example_external_task_marker_child' retrieved from /home/nico/.local/lib/python3.10/site-packages/airflow/example_dags/example_external_task_marker_dag.py
[2024-11-01T00:53:59.798-0300] {logging_mixin.py:190} INFO - [2024-11-01T00:53:59.797-0300] {dag.py:3239} INFO - Sync 2 DAGs
[2024-11-01T00:53:59.842-0300] {logging_mixin.py:190} INFO - [2024-11-01T00:53:59.841-0300] {dag.py:4180} INFO - Setting next_dagrun for example_external_task_marker_child to None, run_after=None
[2024-11-01T00:53:59.858-0300] {logging_mixin.py:190} INFO - [2024-11-01T00:53:59.857-0300] {dag.py:4180} INFO - Setting next_dagrun for example_external_task_marker_parent to None, run_after=None
[2024-11-01T00:54:00.027-0300] {processor.py:208} INFO - Processing /home/nico/.local/lib/python3.10/site-packages/airflow/example_dags/example_external_task_marker_dag.py took 0.395 seconds
[2024-11-01T00:58:48.224-0300] {processor.py:186} INFO - Started process (PID=168515) to work on /home/nico/.local/lib/python3.10/site-packages/airflow/example_dags/example_external_task_marker_dag.py
[2024-11-01T00:58:48.228-0300] {processor.py:914} INFO - Processing file /home/nico/.local/lib/python3.10/site-packages/airflow/example_dags/example_external_task_marker_dag.py for tasks to queue
[2024-11-01T00:58:48.236-0300] {logging_mixin.py:190} INFO - [2024-11-01T00:58:48.234-0300] {dagbag.py:588} INFO - Filling up the DagBag from /home/nico/.local/lib/python3.10/site-packages/airflow/example_dags/example_external_task_marker_dag.py
[2024-11-01T00:58:48.281-0300] {processor.py:925} INFO - DAG(s) 'example_external_task_marker_parent', 'example_external_task_marker_child' retrieved from /home/nico/.local/lib/python3.10/site-packages/airflow/example_dags/example_external_task_marker_dag.py
[2024-11-01T00:58:48.396-0300] {logging_mixin.py:190} INFO - [2024-11-01T00:58:48.395-0300] {dag.py:3239} INFO - Sync 2 DAGs
[2024-11-01T00:58:48.442-0300] {logging_mixin.py:190} INFO - [2024-11-01T00:58:48.442-0300] {dag.py:4180} INFO - Setting next_dagrun for example_external_task_marker_child to None, run_after=None
[2024-11-01T00:58:48.458-0300] {logging_mixin.py:190} INFO - [2024-11-01T00:58:48.458-0300] {dag.py:4180} INFO - Setting next_dagrun for example_external_task_marker_parent to None, run_after=None
[2024-11-01T00:58:48.612-0300] {processor.py:208} INFO - Processing /home/nico/.local/lib/python3.10/site-packages/airflow/example_dags/example_external_task_marker_dag.py took 0.406 seconds
[2024-11-01T01:06:06.233-0300] {processor.py:186} INFO - Started process (PID=170365) to work on /home/nico/.local/lib/python3.10/site-packages/airflow/example_dags/example_external_task_marker_dag.py
[2024-11-01T01:06:06.238-0300] {processor.py:914} INFO - Processing file /home/nico/.local/lib/python3.10/site-packages/airflow/example_dags/example_external_task_marker_dag.py for tasks to queue
[2024-11-01T01:06:06.245-0300] {logging_mixin.py:190} INFO - [2024-11-01T01:06:06.244-0300] {dagbag.py:588} INFO - Filling up the DagBag from /home/nico/.local/lib/python3.10/site-packages/airflow/example_dags/example_external_task_marker_dag.py
[2024-11-01T01:06:06.291-0300] {processor.py:925} INFO - DAG(s) 'example_external_task_marker_parent', 'example_external_task_marker_child' retrieved from /home/nico/.local/lib/python3.10/site-packages/airflow/example_dags/example_external_task_marker_dag.py
[2024-11-01T01:06:06.414-0300] {logging_mixin.py:190} INFO - [2024-11-01T01:06:06.413-0300] {dag.py:3239} INFO - Sync 2 DAGs
[2024-11-01T01:06:06.464-0300] {logging_mixin.py:190} INFO - [2024-11-01T01:06:06.463-0300] {dag.py:4180} INFO - Setting next_dagrun for example_external_task_marker_child to None, run_after=None
[2024-11-01T01:06:06.475-0300] {logging_mixin.py:190} INFO - [2024-11-01T01:06:06.475-0300] {dag.py:4180} INFO - Setting next_dagrun for example_external_task_marker_parent to None, run_after=None
[2024-11-01T01:06:06.650-0300] {processor.py:208} INFO - Processing /home/nico/.local/lib/python3.10/site-packages/airflow/example_dags/example_external_task_marker_dag.py took 0.447 seconds
[2024-11-01T01:12:08.555-0300] {processor.py:186} INFO - Started process (PID=171916) to work on /home/nico/.local/lib/python3.10/site-packages/airflow/example_dags/example_external_task_marker_dag.py
[2024-11-01T01:12:08.564-0300] {processor.py:914} INFO - Processing file /home/nico/.local/lib/python3.10/site-packages/airflow/example_dags/example_external_task_marker_dag.py for tasks to queue
[2024-11-01T01:12:08.580-0300] {logging_mixin.py:190} INFO - [2024-11-01T01:12:08.579-0300] {dagbag.py:588} INFO - Filling up the DagBag from /home/nico/.local/lib/python3.10/site-packages/airflow/example_dags/example_external_task_marker_dag.py
[2024-11-01T01:12:08.646-0300] {processor.py:925} INFO - DAG(s) 'example_external_task_marker_child', 'example_external_task_marker_parent' retrieved from /home/nico/.local/lib/python3.10/site-packages/airflow/example_dags/example_external_task_marker_dag.py
[2024-11-01T01:12:08.886-0300] {logging_mixin.py:190} INFO - [2024-11-01T01:12:08.886-0300] {dag.py:3239} INFO - Sync 2 DAGs
[2024-11-01T01:12:08.955-0300] {logging_mixin.py:190} INFO - [2024-11-01T01:12:08.954-0300] {dag.py:4180} INFO - Setting next_dagrun for example_external_task_marker_child to None, run_after=None
[2024-11-01T01:12:08.970-0300] {logging_mixin.py:190} INFO - [2024-11-01T01:12:08.969-0300] {dag.py:4180} INFO - Setting next_dagrun for example_external_task_marker_parent to None, run_after=None
[2024-11-01T01:12:09.116-0300] {processor.py:208} INFO - Processing /home/nico/.local/lib/python3.10/site-packages/airflow/example_dags/example_external_task_marker_dag.py took 0.612 seconds
[2024-11-01T01:35:40.476-0300] {processor.py:186} INFO - Started process (PID=177677) to work on /home/nico/.local/lib/python3.10/site-packages/airflow/example_dags/example_external_task_marker_dag.py
[2024-11-01T01:35:40.491-0300] {processor.py:914} INFO - Processing file /home/nico/.local/lib/python3.10/site-packages/airflow/example_dags/example_external_task_marker_dag.py for tasks to queue
[2024-11-01T01:35:40.496-0300] {logging_mixin.py:190} INFO - [2024-11-01T01:35:40.495-0300] {dagbag.py:588} INFO - Filling up the DagBag from /home/nico/.local/lib/python3.10/site-packages/airflow/example_dags/example_external_task_marker_dag.py
[2024-11-01T01:35:40.540-0300] {processor.py:925} INFO - DAG(s) 'example_external_task_marker_parent', 'example_external_task_marker_child' retrieved from /home/nico/.local/lib/python3.10/site-packages/airflow/example_dags/example_external_task_marker_dag.py
[2024-11-01T01:35:40.647-0300] {logging_mixin.py:190} INFO - [2024-11-01T01:35:40.646-0300] {dag.py:3239} INFO - Sync 2 DAGs
[2024-11-01T01:35:40.686-0300] {logging_mixin.py:190} INFO - [2024-11-01T01:35:40.685-0300] {dag.py:4180} INFO - Setting next_dagrun for example_external_task_marker_child to None, run_after=None
[2024-11-01T01:35:40.696-0300] {logging_mixin.py:190} INFO - [2024-11-01T01:35:40.696-0300] {dag.py:4180} INFO - Setting next_dagrun for example_external_task_marker_parent to None, run_after=None
[2024-11-01T01:35:40.810-0300] {processor.py:208} INFO - Processing /home/nico/.local/lib/python3.10/site-packages/airflow/example_dags/example_external_task_marker_dag.py took 0.366 seconds
[2024-11-01T01:38:43.756-0300] {processor.py:186} INFO - Started process (PID=178462) to work on /home/nico/.local/lib/python3.10/site-packages/airflow/example_dags/example_external_task_marker_dag.py
[2024-11-01T01:38:43.759-0300] {processor.py:914} INFO - Processing file /home/nico/.local/lib/python3.10/site-packages/airflow/example_dags/example_external_task_marker_dag.py for tasks to queue
[2024-11-01T01:38:43.764-0300] {logging_mixin.py:190} INFO - [2024-11-01T01:38:43.763-0300] {dagbag.py:588} INFO - Filling up the DagBag from /home/nico/.local/lib/python3.10/site-packages/airflow/example_dags/example_external_task_marker_dag.py
[2024-11-01T01:38:43.788-0300] {processor.py:925} INFO - DAG(s) 'example_external_task_marker_child', 'example_external_task_marker_parent' retrieved from /home/nico/.local/lib/python3.10/site-packages/airflow/example_dags/example_external_task_marker_dag.py
[2024-11-01T01:38:43.881-0300] {logging_mixin.py:190} INFO - [2024-11-01T01:38:43.881-0300] {dag.py:3239} INFO - Sync 2 DAGs
[2024-11-01T01:38:43.939-0300] {logging_mixin.py:190} INFO - [2024-11-01T01:38:43.938-0300] {dag.py:4180} INFO - Setting next_dagrun for example_external_task_marker_child to None, run_after=None
[2024-11-01T01:38:43.957-0300] {logging_mixin.py:190} INFO - [2024-11-01T01:38:43.956-0300] {dag.py:4180} INFO - Setting next_dagrun for example_external_task_marker_parent to None, run_after=None
[2024-11-01T01:38:44.188-0300] {processor.py:208} INFO - Processing /home/nico/.local/lib/python3.10/site-packages/airflow/example_dags/example_external_task_marker_dag.py took 0.459 seconds
[2024-11-01T01:41:35.927-0300] {processor.py:186} INFO - Started process (PID=179202) to work on /home/nico/.local/lib/python3.10/site-packages/airflow/example_dags/example_external_task_marker_dag.py
[2024-11-01T01:41:35.931-0300] {processor.py:914} INFO - Processing file /home/nico/.local/lib/python3.10/site-packages/airflow/example_dags/example_external_task_marker_dag.py for tasks to queue
[2024-11-01T01:41:35.946-0300] {logging_mixin.py:190} INFO - [2024-11-01T01:41:35.944-0300] {dagbag.py:588} INFO - Filling up the DagBag from /home/nico/.local/lib/python3.10/site-packages/airflow/example_dags/example_external_task_marker_dag.py
[2024-11-01T01:41:36.008-0300] {processor.py:925} INFO - DAG(s) 'example_external_task_marker_child', 'example_external_task_marker_parent' retrieved from /home/nico/.local/lib/python3.10/site-packages/airflow/example_dags/example_external_task_marker_dag.py
[2024-11-01T01:41:36.199-0300] {logging_mixin.py:190} INFO - [2024-11-01T01:41:36.198-0300] {dag.py:3239} INFO - Sync 2 DAGs
[2024-11-01T01:41:36.318-0300] {logging_mixin.py:190} INFO - [2024-11-01T01:41:36.318-0300] {dag.py:4180} INFO - Setting next_dagrun for example_external_task_marker_child to None, run_after=None
[2024-11-01T01:41:36.332-0300] {logging_mixin.py:190} INFO - [2024-11-01T01:41:36.331-0300] {dag.py:4180} INFO - Setting next_dagrun for example_external_task_marker_parent to None, run_after=None
[2024-11-01T01:41:36.461-0300] {processor.py:208} INFO - Processing /home/nico/.local/lib/python3.10/site-packages/airflow/example_dags/example_external_task_marker_dag.py took 0.573 seconds
[2024-11-01T01:45:00.974-0300] {processor.py:186} INFO - Started process (PID=180071) to work on /home/nico/.local/lib/python3.10/site-packages/airflow/example_dags/example_external_task_marker_dag.py
[2024-11-01T01:45:00.976-0300] {processor.py:914} INFO - Processing file /home/nico/.local/lib/python3.10/site-packages/airflow/example_dags/example_external_task_marker_dag.py for tasks to queue
[2024-11-01T01:45:00.980-0300] {logging_mixin.py:190} INFO - [2024-11-01T01:45:00.979-0300] {dagbag.py:588} INFO - Filling up the DagBag from /home/nico/.local/lib/python3.10/site-packages/airflow/example_dags/example_external_task_marker_dag.py
[2024-11-01T01:45:01.011-0300] {processor.py:925} INFO - DAG(s) 'example_external_task_marker_child', 'example_external_task_marker_parent' retrieved from /home/nico/.local/lib/python3.10/site-packages/airflow/example_dags/example_external_task_marker_dag.py
[2024-11-01T01:45:01.183-0300] {logging_mixin.py:190} INFO - [2024-11-01T01:45:01.182-0300] {dag.py:3239} INFO - Sync 2 DAGs
[2024-11-01T01:45:01.313-0300] {logging_mixin.py:190} INFO - [2024-11-01T01:45:01.312-0300] {dag.py:4180} INFO - Setting next_dagrun for example_external_task_marker_child to None, run_after=None
[2024-11-01T01:45:01.324-0300] {logging_mixin.py:190} INFO - [2024-11-01T01:45:01.323-0300] {dag.py:4180} INFO - Setting next_dagrun for example_external_task_marker_parent to None, run_after=None
[2024-11-01T01:45:01.465-0300] {processor.py:208} INFO - Processing /home/nico/.local/lib/python3.10/site-packages/airflow/example_dags/example_external_task_marker_dag.py took 0.508 seconds
[2024-11-01T01:48:42.815-0300] {processor.py:186} INFO - Started process (PID=181003) to work on /home/nico/.local/lib/python3.10/site-packages/airflow/example_dags/example_external_task_marker_dag.py
[2024-11-01T01:48:42.819-0300] {processor.py:914} INFO - Processing file /home/nico/.local/lib/python3.10/site-packages/airflow/example_dags/example_external_task_marker_dag.py for tasks to queue
[2024-11-01T01:48:42.824-0300] {logging_mixin.py:190} INFO - [2024-11-01T01:48:42.823-0300] {dagbag.py:588} INFO - Filling up the DagBag from /home/nico/.local/lib/python3.10/site-packages/airflow/example_dags/example_external_task_marker_dag.py
[2024-11-01T01:48:42.841-0300] {processor.py:925} INFO - DAG(s) 'example_external_task_marker_child', 'example_external_task_marker_parent' retrieved from /home/nico/.local/lib/python3.10/site-packages/airflow/example_dags/example_external_task_marker_dag.py
[2024-11-01T01:48:42.931-0300] {logging_mixin.py:190} INFO - [2024-11-01T01:48:42.931-0300] {dag.py:3239} INFO - Sync 2 DAGs
[2024-11-01T01:48:42.971-0300] {logging_mixin.py:190} INFO - [2024-11-01T01:48:42.970-0300] {dag.py:4180} INFO - Setting next_dagrun for example_external_task_marker_child to None, run_after=None
[2024-11-01T01:48:42.981-0300] {logging_mixin.py:190} INFO - [2024-11-01T01:48:42.980-0300] {dag.py:4180} INFO - Setting next_dagrun for example_external_task_marker_parent to None, run_after=None
[2024-11-01T01:48:43.144-0300] {processor.py:208} INFO - Processing /home/nico/.local/lib/python3.10/site-packages/airflow/example_dags/example_external_task_marker_dag.py took 0.352 seconds
[2024-11-01T01:51:08.757-0300] {processor.py:186} INFO - Started process (PID=181616) to work on /home/nico/.local/lib/python3.10/site-packages/airflow/example_dags/example_external_task_marker_dag.py
[2024-11-01T01:51:08.760-0300] {processor.py:914} INFO - Processing file /home/nico/.local/lib/python3.10/site-packages/airflow/example_dags/example_external_task_marker_dag.py for tasks to queue
[2024-11-01T01:51:08.766-0300] {logging_mixin.py:190} INFO - [2024-11-01T01:51:08.765-0300] {dagbag.py:588} INFO - Filling up the DagBag from /home/nico/.local/lib/python3.10/site-packages/airflow/example_dags/example_external_task_marker_dag.py
[2024-11-01T01:51:08.798-0300] {processor.py:925} INFO - DAG(s) 'example_external_task_marker_child', 'example_external_task_marker_parent' retrieved from /home/nico/.local/lib/python3.10/site-packages/airflow/example_dags/example_external_task_marker_dag.py
[2024-11-01T01:51:08.896-0300] {logging_mixin.py:190} INFO - [2024-11-01T01:51:08.895-0300] {dag.py:3239} INFO - Sync 2 DAGs
[2024-11-01T01:51:08.963-0300] {logging_mixin.py:190} INFO - [2024-11-01T01:51:08.963-0300] {dag.py:4180} INFO - Setting next_dagrun for example_external_task_marker_child to None, run_after=None
[2024-11-01T01:51:08.986-0300] {logging_mixin.py:190} INFO - [2024-11-01T01:51:08.985-0300] {dag.py:4180} INFO - Setting next_dagrun for example_external_task_marker_parent to None, run_after=None
[2024-11-01T01:51:09.125-0300] {processor.py:208} INFO - Processing /home/nico/.local/lib/python3.10/site-packages/airflow/example_dags/example_external_task_marker_dag.py took 0.392 seconds
[2024-11-01T01:54:38.949-0300] {processor.py:186} INFO - Started process (PID=182505) to work on /home/nico/.local/lib/python3.10/site-packages/airflow/example_dags/example_external_task_marker_dag.py
[2024-11-01T01:54:38.952-0300] {processor.py:914} INFO - Processing file /home/nico/.local/lib/python3.10/site-packages/airflow/example_dags/example_external_task_marker_dag.py for tasks to queue
[2024-11-01T01:54:38.955-0300] {logging_mixin.py:190} INFO - [2024-11-01T01:54:38.954-0300] {dagbag.py:588} INFO - Filling up the DagBag from /home/nico/.local/lib/python3.10/site-packages/airflow/example_dags/example_external_task_marker_dag.py
[2024-11-01T01:54:38.970-0300] {processor.py:925} INFO - DAG(s) 'example_external_task_marker_parent', 'example_external_task_marker_child' retrieved from /home/nico/.local/lib/python3.10/site-packages/airflow/example_dags/example_external_task_marker_dag.py
[2024-11-01T01:54:39.067-0300] {logging_mixin.py:190} INFO - [2024-11-01T01:54:39.066-0300] {dag.py:3239} INFO - Sync 2 DAGs
[2024-11-01T01:54:39.122-0300] {logging_mixin.py:190} INFO - [2024-11-01T01:54:39.121-0300] {dag.py:4180} INFO - Setting next_dagrun for example_external_task_marker_child to None, run_after=None
[2024-11-01T01:54:39.134-0300] {logging_mixin.py:190} INFO - [2024-11-01T01:54:39.133-0300] {dag.py:4180} INFO - Setting next_dagrun for example_external_task_marker_parent to None, run_after=None
[2024-11-01T01:54:39.254-0300] {processor.py:208} INFO - Processing /home/nico/.local/lib/python3.10/site-packages/airflow/example_dags/example_external_task_marker_dag.py took 0.325 seconds
[2024-11-01T01:59:56.621-0300] {processor.py:186} INFO - Started process (PID=183809) to work on /home/nico/.local/lib/python3.10/site-packages/airflow/example_dags/example_external_task_marker_dag.py
[2024-11-01T01:59:56.634-0300] {processor.py:914} INFO - Processing file /home/nico/.local/lib/python3.10/site-packages/airflow/example_dags/example_external_task_marker_dag.py for tasks to queue
[2024-11-01T01:59:56.642-0300] {logging_mixin.py:190} INFO - [2024-11-01T01:59:56.640-0300] {dagbag.py:588} INFO - Filling up the DagBag from /home/nico/.local/lib/python3.10/site-packages/airflow/example_dags/example_external_task_marker_dag.py
[2024-11-01T01:59:56.708-0300] {processor.py:925} INFO - DAG(s) 'example_external_task_marker_child', 'example_external_task_marker_parent' retrieved from /home/nico/.local/lib/python3.10/site-packages/airflow/example_dags/example_external_task_marker_dag.py
[2024-11-01T01:59:57.020-0300] {logging_mixin.py:190} INFO - [2024-11-01T01:59:57.019-0300] {dag.py:3239} INFO - Sync 2 DAGs
[2024-11-01T01:59:57.124-0300] {logging_mixin.py:190} INFO - [2024-11-01T01:59:57.123-0300] {dag.py:4180} INFO - Setting next_dagrun for example_external_task_marker_child to None, run_after=None
[2024-11-01T01:59:57.234-0300] {logging_mixin.py:190} INFO - [2024-11-01T01:59:57.233-0300] {dag.py:4180} INFO - Setting next_dagrun for example_external_task_marker_parent to None, run_after=None
[2024-11-01T01:59:57.958-0300] {processor.py:208} INFO - Processing /home/nico/.local/lib/python3.10/site-packages/airflow/example_dags/example_external_task_marker_dag.py took 1.378 seconds
[2024-11-01T02:10:18.575-0300] {processor.py:186} INFO - Started process (PID=186395) to work on /home/nico/.local/lib/python3.10/site-packages/airflow/example_dags/example_external_task_marker_dag.py
[2024-11-01T02:10:18.579-0300] {processor.py:914} INFO - Processing file /home/nico/.local/lib/python3.10/site-packages/airflow/example_dags/example_external_task_marker_dag.py for tasks to queue
[2024-11-01T02:10:18.593-0300] {logging_mixin.py:190} INFO - [2024-11-01T02:10:18.592-0300] {dagbag.py:588} INFO - Filling up the DagBag from /home/nico/.local/lib/python3.10/site-packages/airflow/example_dags/example_external_task_marker_dag.py
[2024-11-01T02:10:18.658-0300] {processor.py:925} INFO - DAG(s) 'example_external_task_marker_parent', 'example_external_task_marker_child' retrieved from /home/nico/.local/lib/python3.10/site-packages/airflow/example_dags/example_external_task_marker_dag.py
[2024-11-01T02:10:18.761-0300] {logging_mixin.py:190} INFO - [2024-11-01T02:10:18.761-0300] {dag.py:3239} INFO - Sync 2 DAGs
[2024-11-01T02:10:18.801-0300] {logging_mixin.py:190} INFO - [2024-11-01T02:10:18.800-0300] {dag.py:4180} INFO - Setting next_dagrun for example_external_task_marker_child to None, run_after=None
[2024-11-01T02:10:18.811-0300] {logging_mixin.py:190} INFO - [2024-11-01T02:10:18.810-0300] {dag.py:4180} INFO - Setting next_dagrun for example_external_task_marker_parent to None, run_after=None
[2024-11-01T02:10:18.945-0300] {processor.py:208} INFO - Processing /home/nico/.local/lib/python3.10/site-packages/airflow/example_dags/example_external_task_marker_dag.py took 0.411 seconds
[2024-11-01T02:16:49.487-0300] {processor.py:186} INFO - Started process (PID=188034) to work on /home/nico/.local/lib/python3.10/site-packages/airflow/example_dags/example_external_task_marker_dag.py
[2024-11-01T02:16:49.490-0300] {processor.py:914} INFO - Processing file /home/nico/.local/lib/python3.10/site-packages/airflow/example_dags/example_external_task_marker_dag.py for tasks to queue
[2024-11-01T02:16:49.495-0300] {logging_mixin.py:190} INFO - [2024-11-01T02:16:49.494-0300] {dagbag.py:588} INFO - Filling up the DagBag from /home/nico/.local/lib/python3.10/site-packages/airflow/example_dags/example_external_task_marker_dag.py
[2024-11-01T02:16:49.521-0300] {processor.py:925} INFO - DAG(s) 'example_external_task_marker_parent', 'example_external_task_marker_child' retrieved from /home/nico/.local/lib/python3.10/site-packages/airflow/example_dags/example_external_task_marker_dag.py
[2024-11-01T02:16:49.600-0300] {logging_mixin.py:190} INFO - [2024-11-01T02:16:49.599-0300] {dag.py:3239} INFO - Sync 2 DAGs
[2024-11-01T02:16:49.645-0300] {logging_mixin.py:190} INFO - [2024-11-01T02:16:49.644-0300] {dag.py:4180} INFO - Setting next_dagrun for example_external_task_marker_child to None, run_after=None
[2024-11-01T02:16:49.658-0300] {logging_mixin.py:190} INFO - [2024-11-01T02:16:49.657-0300] {dag.py:4180} INFO - Setting next_dagrun for example_external_task_marker_parent to None, run_after=None
[2024-11-01T02:16:49.795-0300] {processor.py:208} INFO - Processing /home/nico/.local/lib/python3.10/site-packages/airflow/example_dags/example_external_task_marker_dag.py took 0.359 seconds
[2024-11-01T02:20:51.041-0300] {processor.py:186} INFO - Started process (PID=189044) to work on /home/nico/.local/lib/python3.10/site-packages/airflow/example_dags/example_external_task_marker_dag.py
[2024-11-01T02:20:51.067-0300] {processor.py:914} INFO - Processing file /home/nico/.local/lib/python3.10/site-packages/airflow/example_dags/example_external_task_marker_dag.py for tasks to queue
[2024-11-01T02:20:51.073-0300] {logging_mixin.py:190} INFO - [2024-11-01T02:20:51.072-0300] {dagbag.py:588} INFO - Filling up the DagBag from /home/nico/.local/lib/python3.10/site-packages/airflow/example_dags/example_external_task_marker_dag.py
[2024-11-01T02:20:51.127-0300] {processor.py:925} INFO - DAG(s) 'example_external_task_marker_parent', 'example_external_task_marker_child' retrieved from /home/nico/.local/lib/python3.10/site-packages/airflow/example_dags/example_external_task_marker_dag.py
[2024-11-01T02:20:51.924-0300] {logging_mixin.py:190} INFO - [2024-11-01T02:20:51.923-0300] {dag.py:3239} INFO - Sync 2 DAGs
[2024-11-01T02:20:52.026-0300] {logging_mixin.py:190} INFO - [2024-11-01T02:20:52.025-0300] {dag.py:4180} INFO - Setting next_dagrun for example_external_task_marker_child to None, run_after=None
[2024-11-01T02:20:52.063-0300] {logging_mixin.py:190} INFO - [2024-11-01T02:20:52.062-0300] {dag.py:4180} INFO - Setting next_dagrun for example_external_task_marker_parent to None, run_after=None
[2024-11-01T02:20:52.468-0300] {processor.py:208} INFO - Processing /home/nico/.local/lib/python3.10/site-packages/airflow/example_dags/example_external_task_marker_dag.py took 1.508 seconds
[2024-11-01T02:24:14.692-0300] {processor.py:186} INFO - Started process (PID=189877) to work on /home/nico/.local/lib/python3.10/site-packages/airflow/example_dags/example_external_task_marker_dag.py
[2024-11-01T02:24:14.702-0300] {processor.py:914} INFO - Processing file /home/nico/.local/lib/python3.10/site-packages/airflow/example_dags/example_external_task_marker_dag.py for tasks to queue
[2024-11-01T02:24:14.710-0300] {logging_mixin.py:190} INFO - [2024-11-01T02:24:14.707-0300] {dagbag.py:588} INFO - Filling up the DagBag from /home/nico/.local/lib/python3.10/site-packages/airflow/example_dags/example_external_task_marker_dag.py
[2024-11-01T02:24:14.752-0300] {processor.py:925} INFO - DAG(s) 'example_external_task_marker_child', 'example_external_task_marker_parent' retrieved from /home/nico/.local/lib/python3.10/site-packages/airflow/example_dags/example_external_task_marker_dag.py
[2024-11-01T02:24:14.834-0300] {logging_mixin.py:190} INFO - [2024-11-01T02:24:14.834-0300] {dag.py:3239} INFO - Sync 2 DAGs
[2024-11-01T02:24:14.869-0300] {logging_mixin.py:190} INFO - [2024-11-01T02:24:14.868-0300] {dag.py:4180} INFO - Setting next_dagrun for example_external_task_marker_child to None, run_after=None
[2024-11-01T02:24:14.879-0300] {logging_mixin.py:190} INFO - [2024-11-01T02:24:14.879-0300] {dag.py:4180} INFO - Setting next_dagrun for example_external_task_marker_parent to None, run_after=None
[2024-11-01T02:24:15.007-0300] {processor.py:208} INFO - Processing /home/nico/.local/lib/python3.10/site-packages/airflow/example_dags/example_external_task_marker_dag.py took 0.345 seconds
[2024-11-01T02:34:01.335-0300] {processor.py:186} INFO - Started process (PID=192311) to work on /home/nico/.local/lib/python3.10/site-packages/airflow/example_dags/example_external_task_marker_dag.py
[2024-11-01T02:34:01.338-0300] {processor.py:914} INFO - Processing file /home/nico/.local/lib/python3.10/site-packages/airflow/example_dags/example_external_task_marker_dag.py for tasks to queue
[2024-11-01T02:34:01.341-0300] {logging_mixin.py:190} INFO - [2024-11-01T02:34:01.340-0300] {dagbag.py:588} INFO - Filling up the DagBag from /home/nico/.local/lib/python3.10/site-packages/airflow/example_dags/example_external_task_marker_dag.py
[2024-11-01T02:34:01.358-0300] {processor.py:925} INFO - DAG(s) 'example_external_task_marker_parent', 'example_external_task_marker_child' retrieved from /home/nico/.local/lib/python3.10/site-packages/airflow/example_dags/example_external_task_marker_dag.py
[2024-11-01T02:34:01.430-0300] {logging_mixin.py:190} INFO - [2024-11-01T02:34:01.430-0300] {dag.py:3239} INFO - Sync 2 DAGs
[2024-11-01T02:34:01.753-0300] {logging_mixin.py:190} INFO - [2024-11-01T02:34:01.753-0300] {dag.py:4180} INFO - Setting next_dagrun for example_external_task_marker_child to None, run_after=None
[2024-11-01T02:34:01.764-0300] {logging_mixin.py:190} INFO - [2024-11-01T02:34:01.764-0300] {dag.py:4180} INFO - Setting next_dagrun for example_external_task_marker_parent to None, run_after=None
[2024-11-01T02:34:01.892-0300] {processor.py:208} INFO - Processing /home/nico/.local/lib/python3.10/site-packages/airflow/example_dags/example_external_task_marker_dag.py took 0.574 seconds
[2024-11-01T02:36:57.544-0300] {processor.py:186} INFO - Started process (PID=193040) to work on /home/nico/.local/lib/python3.10/site-packages/airflow/example_dags/example_external_task_marker_dag.py
[2024-11-01T02:36:57.548-0300] {processor.py:914} INFO - Processing file /home/nico/.local/lib/python3.10/site-packages/airflow/example_dags/example_external_task_marker_dag.py for tasks to queue
[2024-11-01T02:36:57.558-0300] {logging_mixin.py:190} INFO - [2024-11-01T02:36:57.557-0300] {dagbag.py:588} INFO - Filling up the DagBag from /home/nico/.local/lib/python3.10/site-packages/airflow/example_dags/example_external_task_marker_dag.py
[2024-11-01T02:36:57.602-0300] {processor.py:925} INFO - DAG(s) 'example_external_task_marker_child', 'example_external_task_marker_parent' retrieved from /home/nico/.local/lib/python3.10/site-packages/airflow/example_dags/example_external_task_marker_dag.py
[2024-11-01T02:36:57.755-0300] {logging_mixin.py:190} INFO - [2024-11-01T02:36:57.754-0300] {dag.py:3239} INFO - Sync 2 DAGs
[2024-11-01T02:36:58.246-0300] {logging_mixin.py:190} INFO - [2024-11-01T02:36:58.245-0300] {dag.py:4180} INFO - Setting next_dagrun for example_external_task_marker_child to None, run_after=None
[2024-11-01T02:36:58.255-0300] {logging_mixin.py:190} INFO - [2024-11-01T02:36:58.255-0300] {dag.py:4180} INFO - Setting next_dagrun for example_external_task_marker_parent to None, run_after=None
[2024-11-01T02:36:58.376-0300] {processor.py:208} INFO - Processing /home/nico/.local/lib/python3.10/site-packages/airflow/example_dags/example_external_task_marker_dag.py took 0.862 seconds
