[2024-10-31T21:03:12.532-0300] {processor.py:186} INFO - Started process (PID=150323) to work on /home/nico/.local/lib/python3.10/site-packages/airflow/example_dags/example_bash_decorator.py
[2024-10-31T21:03:12.544-0300] {processor.py:914} INFO - Processing file /home/nico/.local/lib/python3.10/site-packages/airflow/example_dags/example_bash_decorator.py for tasks to queue
[2024-10-31T21:03:12.550-0300] {logging_mixin.py:190} INFO - [2024-10-31T21:03:12.548-0300] {dagbag.py:588} INFO - Filling up the DagBag from /home/nico/.local/lib/python3.10/site-packages/airflow/example_dags/example_bash_decorator.py
[2024-10-31T21:03:12.693-0300] {processor.py:925} INFO - DAG(s) 'example_bash_decorator' retrieved from /home/nico/.local/lib/python3.10/site-packages/airflow/example_dags/example_bash_decorator.py
[2024-10-31T21:03:13.111-0300] {logging_mixin.py:190} INFO - [2024-10-31T21:03:13.110-0300] {dag.py:3239} INFO - Sync 1 DAGs
[2024-10-31T21:03:13.200-0300] {logging_mixin.py:190} INFO - [2024-10-31T21:03:13.199-0300] {dag.py:4180} INFO - Setting next_dagrun for example_bash_decorator to None, run_after=None
[2024-10-31T21:03:13.352-0300] {processor.py:208} INFO - Processing /home/nico/.local/lib/python3.10/site-packages/airflow/example_dags/example_bash_decorator.py took 0.872 seconds
[2024-10-31T23:55:17.869-0300] {processor.py:186} INFO - Started process (PID=152395) to work on /home/nico/.local/lib/python3.10/site-packages/airflow/example_dags/example_bash_decorator.py
[2024-10-31T23:55:17.878-0300] {processor.py:914} INFO - Processing file /home/nico/.local/lib/python3.10/site-packages/airflow/example_dags/example_bash_decorator.py for tasks to queue
[2024-10-31T23:55:17.899-0300] {logging_mixin.py:190} INFO - [2024-10-31T23:55:17.890-0300] {dagbag.py:588} INFO - Filling up the DagBag from /home/nico/.local/lib/python3.10/site-packages/airflow/example_dags/example_bash_decorator.py
[2024-10-31T23:55:17.999-0300] {processor.py:925} INFO - DAG(s) 'example_bash_decorator' retrieved from /home/nico/.local/lib/python3.10/site-packages/airflow/example_dags/example_bash_decorator.py
[2024-10-31T23:55:18.579-0300] {logging_mixin.py:190} INFO - [2024-10-31T23:55:18.579-0300] {dag.py:3239} INFO - Sync 1 DAGs
[2024-10-31T23:55:18.620-0300] {logging_mixin.py:190} INFO - [2024-10-31T23:55:18.620-0300] {dag.py:4180} INFO - Setting next_dagrun for example_bash_decorator to None, run_after=None
[2024-10-31T23:55:18.790-0300] {processor.py:208} INFO - Processing /home/nico/.local/lib/python3.10/site-packages/airflow/example_dags/example_bash_decorator.py took 0.951 seconds
[2024-11-01T00:03:14.824-0300] {processor.py:186} INFO - Started process (PID=154423) to work on /home/nico/.local/lib/python3.10/site-packages/airflow/example_dags/example_bash_decorator.py
[2024-11-01T00:03:14.827-0300] {processor.py:914} INFO - Processing file /home/nico/.local/lib/python3.10/site-packages/airflow/example_dags/example_bash_decorator.py for tasks to queue
[2024-11-01T00:03:14.832-0300] {logging_mixin.py:190} INFO - [2024-11-01T00:03:14.831-0300] {dagbag.py:588} INFO - Filling up the DagBag from /home/nico/.local/lib/python3.10/site-packages/airflow/example_dags/example_bash_decorator.py
[2024-11-01T00:03:14.879-0300] {processor.py:925} INFO - DAG(s) 'example_bash_decorator' retrieved from /home/nico/.local/lib/python3.10/site-packages/airflow/example_dags/example_bash_decorator.py
[2024-11-01T00:03:14.948-0300] {logging_mixin.py:190} INFO - [2024-11-01T00:03:14.947-0300] {dag.py:3239} INFO - Sync 1 DAGs
[2024-11-01T00:03:14.983-0300] {logging_mixin.py:190} INFO - [2024-11-01T00:03:14.983-0300] {dag.py:4180} INFO - Setting next_dagrun for example_bash_decorator to None, run_after=None
[2024-11-01T00:03:15.115-0300] {processor.py:208} INFO - Processing /home/nico/.local/lib/python3.10/site-packages/airflow/example_dags/example_bash_decorator.py took 0.308 seconds
[2024-11-01T00:07:45.383-0300] {processor.py:186} INFO - Started process (PID=155578) to work on /home/nico/.local/lib/python3.10/site-packages/airflow/example_dags/example_bash_decorator.py
[2024-11-01T00:07:45.387-0300] {processor.py:914} INFO - Processing file /home/nico/.local/lib/python3.10/site-packages/airflow/example_dags/example_bash_decorator.py for tasks to queue
[2024-11-01T00:07:45.392-0300] {logging_mixin.py:190} INFO - [2024-11-01T00:07:45.391-0300] {dagbag.py:588} INFO - Filling up the DagBag from /home/nico/.local/lib/python3.10/site-packages/airflow/example_dags/example_bash_decorator.py
[2024-11-01T00:07:45.496-0300] {processor.py:925} INFO - DAG(s) 'example_bash_decorator' retrieved from /home/nico/.local/lib/python3.10/site-packages/airflow/example_dags/example_bash_decorator.py
[2024-11-01T00:07:45.621-0300] {logging_mixin.py:190} INFO - [2024-11-01T00:07:45.620-0300] {dag.py:3239} INFO - Sync 1 DAGs
[2024-11-01T00:07:45.685-0300] {logging_mixin.py:190} INFO - [2024-11-01T00:07:45.684-0300] {dag.py:4180} INFO - Setting next_dagrun for example_bash_decorator to None, run_after=None
[2024-11-01T00:07:45.831-0300] {processor.py:208} INFO - Processing /home/nico/.local/lib/python3.10/site-packages/airflow/example_dags/example_bash_decorator.py took 0.488 seconds
[2024-11-01T00:20:54.290-0300] {processor.py:186} INFO - Started process (PID=158937) to work on /home/nico/.local/lib/python3.10/site-packages/airflow/example_dags/example_bash_decorator.py
[2024-11-01T00:20:54.296-0300] {processor.py:914} INFO - Processing file /home/nico/.local/lib/python3.10/site-packages/airflow/example_dags/example_bash_decorator.py for tasks to queue
[2024-11-01T00:20:54.307-0300] {logging_mixin.py:190} INFO - [2024-11-01T00:20:54.305-0300] {dagbag.py:588} INFO - Filling up the DagBag from /home/nico/.local/lib/python3.10/site-packages/airflow/example_dags/example_bash_decorator.py
[2024-11-01T00:20:54.392-0300] {processor.py:925} INFO - DAG(s) 'example_bash_decorator' retrieved from /home/nico/.local/lib/python3.10/site-packages/airflow/example_dags/example_bash_decorator.py
[2024-11-01T00:20:54.974-0300] {logging_mixin.py:190} INFO - [2024-11-01T00:20:54.973-0300] {dag.py:3239} INFO - Sync 1 DAGs
[2024-11-01T00:20:55.012-0300] {logging_mixin.py:190} INFO - [2024-11-01T00:20:55.011-0300] {dag.py:4180} INFO - Setting next_dagrun for example_bash_decorator to None, run_after=None
[2024-11-01T00:20:55.143-0300] {processor.py:208} INFO - Processing /home/nico/.local/lib/python3.10/site-packages/airflow/example_dags/example_bash_decorator.py took 0.880 seconds
[2024-11-01T00:34:07.224-0300] {processor.py:186} INFO - Started process (PID=162318) to work on /home/nico/.local/lib/python3.10/site-packages/airflow/example_dags/example_bash_decorator.py
[2024-11-01T00:34:07.228-0300] {processor.py:914} INFO - Processing file /home/nico/.local/lib/python3.10/site-packages/airflow/example_dags/example_bash_decorator.py for tasks to queue
[2024-11-01T00:34:07.238-0300] {logging_mixin.py:190} INFO - [2024-11-01T00:34:07.237-0300] {dagbag.py:588} INFO - Filling up the DagBag from /home/nico/.local/lib/python3.10/site-packages/airflow/example_dags/example_bash_decorator.py
[2024-11-01T00:34:07.294-0300] {processor.py:925} INFO - DAG(s) 'example_bash_decorator' retrieved from /home/nico/.local/lib/python3.10/site-packages/airflow/example_dags/example_bash_decorator.py
[2024-11-01T00:34:07.393-0300] {logging_mixin.py:190} INFO - [2024-11-01T00:34:07.393-0300] {dag.py:3239} INFO - Sync 1 DAGs
[2024-11-01T00:34:07.469-0300] {logging_mixin.py:190} INFO - [2024-11-01T00:34:07.468-0300] {dag.py:4180} INFO - Setting next_dagrun for example_bash_decorator to None, run_after=None
[2024-11-01T00:34:07.639-0300] {processor.py:208} INFO - Processing /home/nico/.local/lib/python3.10/site-packages/airflow/example_dags/example_bash_decorator.py took 0.441 seconds
[2024-11-01T00:37:17.392-0300] {processor.py:186} INFO - Started process (PID=163133) to work on /home/nico/.local/lib/python3.10/site-packages/airflow/example_dags/example_bash_decorator.py
[2024-11-01T00:37:17.396-0300] {processor.py:914} INFO - Processing file /home/nico/.local/lib/python3.10/site-packages/airflow/example_dags/example_bash_decorator.py for tasks to queue
[2024-11-01T00:37:17.402-0300] {logging_mixin.py:190} INFO - [2024-11-01T00:37:17.401-0300] {dagbag.py:588} INFO - Filling up the DagBag from /home/nico/.local/lib/python3.10/site-packages/airflow/example_dags/example_bash_decorator.py
[2024-11-01T00:37:17.479-0300] {processor.py:925} INFO - DAG(s) 'example_bash_decorator' retrieved from /home/nico/.local/lib/python3.10/site-packages/airflow/example_dags/example_bash_decorator.py
[2024-11-01T00:37:17.567-0300] {logging_mixin.py:190} INFO - [2024-11-01T00:37:17.566-0300] {dag.py:3239} INFO - Sync 1 DAGs
[2024-11-01T00:37:17.643-0300] {logging_mixin.py:190} INFO - [2024-11-01T00:37:17.643-0300] {dag.py:4180} INFO - Setting next_dagrun for example_bash_decorator to None, run_after=None
[2024-11-01T00:37:17.757-0300] {processor.py:208} INFO - Processing /home/nico/.local/lib/python3.10/site-packages/airflow/example_dags/example_bash_decorator.py took 0.388 seconds
[2024-11-01T00:52:06.206-0300] {processor.py:186} INFO - Started process (PID=166767) to work on /home/nico/.local/lib/python3.10/site-packages/airflow/example_dags/example_bash_decorator.py
[2024-11-01T00:52:06.277-0300] {processor.py:914} INFO - Processing file /home/nico/.local/lib/python3.10/site-packages/airflow/example_dags/example_bash_decorator.py for tasks to queue
[2024-11-01T00:52:06.285-0300] {logging_mixin.py:190} INFO - [2024-11-01T00:52:06.284-0300] {dagbag.py:588} INFO - Filling up the DagBag from /home/nico/.local/lib/python3.10/site-packages/airflow/example_dags/example_bash_decorator.py
[2024-11-01T00:52:06.352-0300] {processor.py:925} INFO - DAG(s) 'example_bash_decorator' retrieved from /home/nico/.local/lib/python3.10/site-packages/airflow/example_dags/example_bash_decorator.py
[2024-11-01T00:52:06.856-0300] {logging_mixin.py:190} INFO - [2024-11-01T00:52:06.855-0300] {dag.py:3239} INFO - Sync 1 DAGs
[2024-11-01T00:52:06.907-0300] {logging_mixin.py:190} INFO - [2024-11-01T00:52:06.906-0300] {dag.py:4180} INFO - Setting next_dagrun for example_bash_decorator to None, run_after=None
[2024-11-01T00:52:07.344-0300] {processor.py:208} INFO - Processing /home/nico/.local/lib/python3.10/site-packages/airflow/example_dags/example_bash_decorator.py took 1.161 seconds
[2024-11-01T00:55:47.129-0300] {processor.py:186} INFO - Started process (PID=167713) to work on /home/nico/.local/lib/python3.10/site-packages/airflow/example_dags/example_bash_decorator.py
[2024-11-01T00:55:47.138-0300] {processor.py:914} INFO - Processing file /home/nico/.local/lib/python3.10/site-packages/airflow/example_dags/example_bash_decorator.py for tasks to queue
[2024-11-01T00:55:47.160-0300] {logging_mixin.py:190} INFO - [2024-11-01T00:55:47.158-0300] {dagbag.py:588} INFO - Filling up the DagBag from /home/nico/.local/lib/python3.10/site-packages/airflow/example_dags/example_bash_decorator.py
[2024-11-01T00:55:47.271-0300] {processor.py:925} INFO - DAG(s) 'example_bash_decorator' retrieved from /home/nico/.local/lib/python3.10/site-packages/airflow/example_dags/example_bash_decorator.py
[2024-11-01T00:55:47.392-0300] {logging_mixin.py:190} INFO - [2024-11-01T00:55:47.391-0300] {dag.py:3239} INFO - Sync 1 DAGs
[2024-11-01T00:55:47.449-0300] {logging_mixin.py:190} INFO - [2024-11-01T00:55:47.448-0300] {dag.py:4180} INFO - Setting next_dagrun for example_bash_decorator to None, run_after=None
[2024-11-01T00:55:47.752-0300] {processor.py:208} INFO - Processing /home/nico/.local/lib/python3.10/site-packages/airflow/example_dags/example_bash_decorator.py took 0.674 seconds
[2024-11-01T00:59:05.273-0300] {processor.py:186} INFO - Started process (PID=168588) to work on /home/nico/.local/lib/python3.10/site-packages/airflow/example_dags/example_bash_decorator.py
[2024-11-01T00:59:05.276-0300] {processor.py:914} INFO - Processing file /home/nico/.local/lib/python3.10/site-packages/airflow/example_dags/example_bash_decorator.py for tasks to queue
[2024-11-01T00:59:05.287-0300] {logging_mixin.py:190} INFO - [2024-11-01T00:59:05.286-0300] {dagbag.py:588} INFO - Filling up the DagBag from /home/nico/.local/lib/python3.10/site-packages/airflow/example_dags/example_bash_decorator.py
[2024-11-01T00:59:05.335-0300] {processor.py:925} INFO - DAG(s) 'example_bash_decorator' retrieved from /home/nico/.local/lib/python3.10/site-packages/airflow/example_dags/example_bash_decorator.py
[2024-11-01T00:59:05.408-0300] {logging_mixin.py:190} INFO - [2024-11-01T00:59:05.407-0300] {dag.py:3239} INFO - Sync 1 DAGs
[2024-11-01T00:59:05.454-0300] {logging_mixin.py:190} INFO - [2024-11-01T00:59:05.453-0300] {dag.py:4180} INFO - Setting next_dagrun for example_bash_decorator to None, run_after=None
[2024-11-01T00:59:05.585-0300] {processor.py:208} INFO - Processing /home/nico/.local/lib/python3.10/site-packages/airflow/example_dags/example_bash_decorator.py took 0.330 seconds
[2024-11-01T01:06:25.243-0300] {processor.py:186} INFO - Started process (PID=170445) to work on /home/nico/.local/lib/python3.10/site-packages/airflow/example_dags/example_bash_decorator.py
[2024-11-01T01:06:25.246-0300] {processor.py:914} INFO - Processing file /home/nico/.local/lib/python3.10/site-packages/airflow/example_dags/example_bash_decorator.py for tasks to queue
[2024-11-01T01:06:25.249-0300] {logging_mixin.py:190} INFO - [2024-11-01T01:06:25.248-0300] {dagbag.py:588} INFO - Filling up the DagBag from /home/nico/.local/lib/python3.10/site-packages/airflow/example_dags/example_bash_decorator.py
[2024-11-01T01:06:25.288-0300] {processor.py:925} INFO - DAG(s) 'example_bash_decorator' retrieved from /home/nico/.local/lib/python3.10/site-packages/airflow/example_dags/example_bash_decorator.py
[2024-11-01T01:06:25.401-0300] {logging_mixin.py:190} INFO - [2024-11-01T01:06:25.400-0300] {dag.py:3239} INFO - Sync 1 DAGs
[2024-11-01T01:06:25.700-0300] {logging_mixin.py:190} INFO - [2024-11-01T01:06:25.699-0300] {dag.py:4180} INFO - Setting next_dagrun for example_bash_decorator to None, run_after=None
[2024-11-01T01:06:26.097-0300] {processor.py:208} INFO - Processing /home/nico/.local/lib/python3.10/site-packages/airflow/example_dags/example_bash_decorator.py took 0.875 seconds
[2024-11-01T01:12:41.692-0300] {processor.py:186} INFO - Started process (PID=172053) to work on /home/nico/.local/lib/python3.10/site-packages/airflow/example_dags/example_bash_decorator.py
[2024-11-01T01:12:41.696-0300] {processor.py:914} INFO - Processing file /home/nico/.local/lib/python3.10/site-packages/airflow/example_dags/example_bash_decorator.py for tasks to queue
[2024-11-01T01:12:41.704-0300] {logging_mixin.py:190} INFO - [2024-11-01T01:12:41.703-0300] {dagbag.py:588} INFO - Filling up the DagBag from /home/nico/.local/lib/python3.10/site-packages/airflow/example_dags/example_bash_decorator.py
[2024-11-01T01:12:41.826-0300] {processor.py:925} INFO - DAG(s) 'example_bash_decorator' retrieved from /home/nico/.local/lib/python3.10/site-packages/airflow/example_dags/example_bash_decorator.py
[2024-11-01T01:12:42.483-0300] {logging_mixin.py:190} INFO - [2024-11-01T01:12:42.482-0300] {dag.py:3239} INFO - Sync 1 DAGs
[2024-11-01T01:12:42.532-0300] {logging_mixin.py:190} INFO - [2024-11-01T01:12:42.531-0300] {dag.py:4180} INFO - Setting next_dagrun for example_bash_decorator to None, run_after=None
[2024-11-01T01:12:42.745-0300] {processor.py:208} INFO - Processing /home/nico/.local/lib/python3.10/site-packages/airflow/example_dags/example_bash_decorator.py took 1.081 seconds
[2024-11-01T01:35:57.788-0300] {processor.py:186} INFO - Started process (PID=177751) to work on /home/nico/.local/lib/python3.10/site-packages/airflow/example_dags/example_bash_decorator.py
[2024-11-01T01:35:57.822-0300] {processor.py:914} INFO - Processing file /home/nico/.local/lib/python3.10/site-packages/airflow/example_dags/example_bash_decorator.py for tasks to queue
[2024-11-01T01:35:57.832-0300] {logging_mixin.py:190} INFO - [2024-11-01T01:35:57.831-0300] {dagbag.py:588} INFO - Filling up the DagBag from /home/nico/.local/lib/python3.10/site-packages/airflow/example_dags/example_bash_decorator.py
[2024-11-01T01:35:57.971-0300] {processor.py:925} INFO - DAG(s) 'example_bash_decorator' retrieved from /home/nico/.local/lib/python3.10/site-packages/airflow/example_dags/example_bash_decorator.py
[2024-11-01T01:35:58.096-0300] {logging_mixin.py:190} INFO - [2024-11-01T01:35:58.095-0300] {dag.py:3239} INFO - Sync 1 DAGs
[2024-11-01T01:35:58.164-0300] {logging_mixin.py:190} INFO - [2024-11-01T01:35:58.163-0300] {dag.py:4180} INFO - Setting next_dagrun for example_bash_decorator to None, run_after=None
[2024-11-01T01:35:58.360-0300] {processor.py:208} INFO - Processing /home/nico/.local/lib/python3.10/site-packages/airflow/example_dags/example_bash_decorator.py took 0.609 seconds
[2024-11-01T01:39:02.270-0300] {processor.py:186} INFO - Started process (PID=178540) to work on /home/nico/.local/lib/python3.10/site-packages/airflow/example_dags/example_bash_decorator.py
[2024-11-01T01:39:02.275-0300] {processor.py:914} INFO - Processing file /home/nico/.local/lib/python3.10/site-packages/airflow/example_dags/example_bash_decorator.py for tasks to queue
[2024-11-01T01:39:02.285-0300] {logging_mixin.py:190} INFO - [2024-11-01T01:39:02.284-0300] {dagbag.py:588} INFO - Filling up the DagBag from /home/nico/.local/lib/python3.10/site-packages/airflow/example_dags/example_bash_decorator.py
[2024-11-01T01:39:02.334-0300] {processor.py:925} INFO - DAG(s) 'example_bash_decorator' retrieved from /home/nico/.local/lib/python3.10/site-packages/airflow/example_dags/example_bash_decorator.py
[2024-11-01T01:39:02.413-0300] {logging_mixin.py:190} INFO - [2024-11-01T01:39:02.412-0300] {dag.py:3239} INFO - Sync 1 DAGs
[2024-11-01T01:39:02.461-0300] {logging_mixin.py:190} INFO - [2024-11-01T01:39:02.459-0300] {dag.py:4180} INFO - Setting next_dagrun for example_bash_decorator to None, run_after=None
[2024-11-01T01:39:02.608-0300] {processor.py:208} INFO - Processing /home/nico/.local/lib/python3.10/site-packages/airflow/example_dags/example_bash_decorator.py took 0.358 seconds
[2024-11-01T01:41:51.937-0300] {processor.py:186} INFO - Started process (PID=179271) to work on /home/nico/.local/lib/python3.10/site-packages/airflow/example_dags/example_bash_decorator.py
[2024-11-01T01:41:51.940-0300] {processor.py:914} INFO - Processing file /home/nico/.local/lib/python3.10/site-packages/airflow/example_dags/example_bash_decorator.py for tasks to queue
[2024-11-01T01:41:51.945-0300] {logging_mixin.py:190} INFO - [2024-11-01T01:41:51.944-0300] {dagbag.py:588} INFO - Filling up the DagBag from /home/nico/.local/lib/python3.10/site-packages/airflow/example_dags/example_bash_decorator.py
[2024-11-01T01:41:51.996-0300] {processor.py:925} INFO - DAG(s) 'example_bash_decorator' retrieved from /home/nico/.local/lib/python3.10/site-packages/airflow/example_dags/example_bash_decorator.py
[2024-11-01T01:41:52.061-0300] {logging_mixin.py:190} INFO - [2024-11-01T01:41:52.061-0300] {dag.py:3239} INFO - Sync 1 DAGs
[2024-11-01T01:41:52.095-0300] {logging_mixin.py:190} INFO - [2024-11-01T01:41:52.094-0300] {dag.py:4180} INFO - Setting next_dagrun for example_bash_decorator to None, run_after=None
[2024-11-01T01:41:52.205-0300] {processor.py:208} INFO - Processing /home/nico/.local/lib/python3.10/site-packages/airflow/example_dags/example_bash_decorator.py took 0.292 seconds
[2024-11-01T01:45:21.103-0300] {processor.py:186} INFO - Started process (PID=180155) to work on /home/nico/.local/lib/python3.10/site-packages/airflow/example_dags/example_bash_decorator.py
[2024-11-01T01:45:21.111-0300] {processor.py:914} INFO - Processing file /home/nico/.local/lib/python3.10/site-packages/airflow/example_dags/example_bash_decorator.py for tasks to queue
[2024-11-01T01:45:21.120-0300] {logging_mixin.py:190} INFO - [2024-11-01T01:45:21.119-0300] {dagbag.py:588} INFO - Filling up the DagBag from /home/nico/.local/lib/python3.10/site-packages/airflow/example_dags/example_bash_decorator.py
[2024-11-01T01:45:21.237-0300] {processor.py:925} INFO - DAG(s) 'example_bash_decorator' retrieved from /home/nico/.local/lib/python3.10/site-packages/airflow/example_dags/example_bash_decorator.py
[2024-11-01T01:45:21.354-0300] {logging_mixin.py:190} INFO - [2024-11-01T01:45:21.354-0300] {dag.py:3239} INFO - Sync 1 DAGs
[2024-11-01T01:45:21.407-0300] {logging_mixin.py:190} INFO - [2024-11-01T01:45:21.406-0300] {dag.py:4180} INFO - Setting next_dagrun for example_bash_decorator to None, run_after=None
[2024-11-01T01:45:21.637-0300] {processor.py:208} INFO - Processing /home/nico/.local/lib/python3.10/site-packages/airflow/example_dags/example_bash_decorator.py took 0.577 seconds
[2024-11-01T01:49:06.958-0300] {processor.py:186} INFO - Started process (PID=181103) to work on /home/nico/.local/lib/python3.10/site-packages/airflow/example_dags/example_bash_decorator.py
[2024-11-01T01:49:06.960-0300] {processor.py:914} INFO - Processing file /home/nico/.local/lib/python3.10/site-packages/airflow/example_dags/example_bash_decorator.py for tasks to queue
[2024-11-01T01:49:06.965-0300] {logging_mixin.py:190} INFO - [2024-11-01T01:49:06.963-0300] {dagbag.py:588} INFO - Filling up the DagBag from /home/nico/.local/lib/python3.10/site-packages/airflow/example_dags/example_bash_decorator.py
[2024-11-01T01:49:07.091-0300] {processor.py:925} INFO - DAG(s) 'example_bash_decorator' retrieved from /home/nico/.local/lib/python3.10/site-packages/airflow/example_dags/example_bash_decorator.py
[2024-11-01T01:49:07.636-0300] {logging_mixin.py:190} INFO - [2024-11-01T01:49:07.635-0300] {dag.py:3239} INFO - Sync 1 DAGs
[2024-11-01T01:49:07.728-0300] {logging_mixin.py:190} INFO - [2024-11-01T01:49:07.728-0300] {dag.py:4180} INFO - Setting next_dagrun for example_bash_decorator to None, run_after=None
[2024-11-01T01:49:07.964-0300] {processor.py:208} INFO - Processing /home/nico/.local/lib/python3.10/site-packages/airflow/example_dags/example_bash_decorator.py took 1.039 seconds
[2024-11-01T01:52:32.067-0300] {processor.py:186} INFO - Started process (PID=181977) to work on /home/nico/.local/lib/python3.10/site-packages/airflow/example_dags/example_bash_decorator.py
[2024-11-01T01:52:32.070-0300] {processor.py:914} INFO - Processing file /home/nico/.local/lib/python3.10/site-packages/airflow/example_dags/example_bash_decorator.py for tasks to queue
[2024-11-01T01:52:32.073-0300] {logging_mixin.py:190} INFO - [2024-11-01T01:52:32.073-0300] {dagbag.py:588} INFO - Filling up the DagBag from /home/nico/.local/lib/python3.10/site-packages/airflow/example_dags/example_bash_decorator.py
[2024-11-01T01:52:32.108-0300] {processor.py:925} INFO - DAG(s) 'example_bash_decorator' retrieved from /home/nico/.local/lib/python3.10/site-packages/airflow/example_dags/example_bash_decorator.py
[2024-11-01T01:52:32.171-0300] {logging_mixin.py:190} INFO - [2024-11-01T01:52:32.171-0300] {dag.py:3239} INFO - Sync 1 DAGs
[2024-11-01T01:52:32.210-0300] {logging_mixin.py:190} INFO - [2024-11-01T01:52:32.209-0300] {dag.py:4180} INFO - Setting next_dagrun for example_bash_decorator to None, run_after=None
[2024-11-01T01:52:32.335-0300] {processor.py:208} INFO - Processing /home/nico/.local/lib/python3.10/site-packages/airflow/example_dags/example_bash_decorator.py took 0.286 seconds
[2024-11-01T01:57:52.555-0300] {processor.py:186} INFO - Started process (PID=183288) to work on /home/nico/.local/lib/python3.10/site-packages/airflow/example_dags/example_bash_decorator.py
[2024-11-01T01:57:52.558-0300] {processor.py:914} INFO - Processing file /home/nico/.local/lib/python3.10/site-packages/airflow/example_dags/example_bash_decorator.py for tasks to queue
[2024-11-01T01:57:52.567-0300] {logging_mixin.py:190} INFO - [2024-11-01T01:57:52.565-0300] {dagbag.py:588} INFO - Filling up the DagBag from /home/nico/.local/lib/python3.10/site-packages/airflow/example_dags/example_bash_decorator.py
[2024-11-01T01:57:52.636-0300] {processor.py:925} INFO - DAG(s) 'example_bash_decorator' retrieved from /home/nico/.local/lib/python3.10/site-packages/airflow/example_dags/example_bash_decorator.py
[2024-11-01T01:57:52.776-0300] {logging_mixin.py:190} INFO - [2024-11-01T01:57:52.775-0300] {dag.py:3239} INFO - Sync 1 DAGs
[2024-11-01T01:57:52.852-0300] {logging_mixin.py:190} INFO - [2024-11-01T01:57:52.851-0300] {dag.py:4180} INFO - Setting next_dagrun for example_bash_decorator to None, run_after=None
[2024-11-01T01:57:53.050-0300] {processor.py:208} INFO - Processing /home/nico/.local/lib/python3.10/site-packages/airflow/example_dags/example_bash_decorator.py took 0.546 seconds
[2024-11-01T02:01:56.856-0300] {processor.py:186} INFO - Started process (PID=184315) to work on /home/nico/.local/lib/python3.10/site-packages/airflow/example_dags/example_bash_decorator.py
[2024-11-01T02:01:56.859-0300] {processor.py:914} INFO - Processing file /home/nico/.local/lib/python3.10/site-packages/airflow/example_dags/example_bash_decorator.py for tasks to queue
[2024-11-01T02:01:56.864-0300] {logging_mixin.py:190} INFO - [2024-11-01T02:01:56.863-0300] {dagbag.py:588} INFO - Filling up the DagBag from /home/nico/.local/lib/python3.10/site-packages/airflow/example_dags/example_bash_decorator.py
[2024-11-01T02:01:56.923-0300] {processor.py:925} INFO - DAG(s) 'example_bash_decorator' retrieved from /home/nico/.local/lib/python3.10/site-packages/airflow/example_dags/example_bash_decorator.py
[2024-11-01T02:01:57.234-0300] {logging_mixin.py:190} INFO - [2024-11-01T02:01:57.234-0300] {dag.py:3239} INFO - Sync 1 DAGs
[2024-11-01T02:01:57.409-0300] {logging_mixin.py:190} INFO - [2024-11-01T02:01:57.408-0300] {dag.py:4180} INFO - Setting next_dagrun for example_bash_decorator to None, run_after=None
[2024-11-01T02:01:57.865-0300] {processor.py:208} INFO - Processing /home/nico/.local/lib/python3.10/site-packages/airflow/example_dags/example_bash_decorator.py took 1.032 seconds
[2024-11-01T02:10:33.933-0300] {processor.py:186} INFO - Started process (PID=186461) to work on /home/nico/.local/lib/python3.10/site-packages/airflow/example_dags/example_bash_decorator.py
[2024-11-01T02:10:33.937-0300] {processor.py:914} INFO - Processing file /home/nico/.local/lib/python3.10/site-packages/airflow/example_dags/example_bash_decorator.py for tasks to queue
[2024-11-01T02:10:33.943-0300] {logging_mixin.py:190} INFO - [2024-11-01T02:10:33.942-0300] {dagbag.py:588} INFO - Filling up the DagBag from /home/nico/.local/lib/python3.10/site-packages/airflow/example_dags/example_bash_decorator.py
[2024-11-01T02:10:33.999-0300] {processor.py:925} INFO - DAG(s) 'example_bash_decorator' retrieved from /home/nico/.local/lib/python3.10/site-packages/airflow/example_dags/example_bash_decorator.py
[2024-11-01T02:10:34.070-0300] {logging_mixin.py:190} INFO - [2024-11-01T02:10:34.069-0300] {dag.py:3239} INFO - Sync 1 DAGs
[2024-11-01T02:10:34.103-0300] {logging_mixin.py:190} INFO - [2024-11-01T02:10:34.102-0300] {dag.py:4180} INFO - Setting next_dagrun for example_bash_decorator to None, run_after=None
[2024-11-01T02:10:34.232-0300] {processor.py:208} INFO - Processing /home/nico/.local/lib/python3.10/site-packages/airflow/example_dags/example_bash_decorator.py took 0.322 seconds
[2024-11-01T02:17:05.296-0300] {processor.py:186} INFO - Started process (PID=188106) to work on /home/nico/.local/lib/python3.10/site-packages/airflow/example_dags/example_bash_decorator.py
[2024-11-01T02:17:05.310-0300] {processor.py:914} INFO - Processing file /home/nico/.local/lib/python3.10/site-packages/airflow/example_dags/example_bash_decorator.py for tasks to queue
[2024-11-01T02:17:05.340-0300] {logging_mixin.py:190} INFO - [2024-11-01T02:17:05.339-0300] {dagbag.py:588} INFO - Filling up the DagBag from /home/nico/.local/lib/python3.10/site-packages/airflow/example_dags/example_bash_decorator.py
[2024-11-01T02:17:05.497-0300] {processor.py:925} INFO - DAG(s) 'example_bash_decorator' retrieved from /home/nico/.local/lib/python3.10/site-packages/airflow/example_dags/example_bash_decorator.py
[2024-11-01T02:17:05.871-0300] {logging_mixin.py:190} INFO - [2024-11-01T02:17:05.870-0300] {dag.py:3239} INFO - Sync 1 DAGs
[2024-11-01T02:17:05.995-0300] {logging_mixin.py:190} INFO - [2024-11-01T02:17:05.994-0300] {dag.py:4180} INFO - Setting next_dagrun for example_bash_decorator to None, run_after=None
[2024-11-01T02:17:06.222-0300] {processor.py:208} INFO - Processing /home/nico/.local/lib/python3.10/site-packages/airflow/example_dags/example_bash_decorator.py took 0.948 seconds
[2024-11-01T02:21:11.281-0300] {processor.py:186} INFO - Started process (PID=189130) to work on /home/nico/.local/lib/python3.10/site-packages/airflow/example_dags/example_bash_decorator.py
[2024-11-01T02:21:11.284-0300] {processor.py:914} INFO - Processing file /home/nico/.local/lib/python3.10/site-packages/airflow/example_dags/example_bash_decorator.py for tasks to queue
[2024-11-01T02:21:11.287-0300] {logging_mixin.py:190} INFO - [2024-11-01T02:21:11.286-0300] {dagbag.py:588} INFO - Filling up the DagBag from /home/nico/.local/lib/python3.10/site-packages/airflow/example_dags/example_bash_decorator.py
[2024-11-01T02:21:11.318-0300] {processor.py:925} INFO - DAG(s) 'example_bash_decorator' retrieved from /home/nico/.local/lib/python3.10/site-packages/airflow/example_dags/example_bash_decorator.py
[2024-11-01T02:21:11.428-0300] {logging_mixin.py:190} INFO - [2024-11-01T02:21:11.427-0300] {dag.py:3239} INFO - Sync 1 DAGs
[2024-11-01T02:21:11.534-0300] {logging_mixin.py:190} INFO - [2024-11-01T02:21:11.533-0300] {dag.py:4180} INFO - Setting next_dagrun for example_bash_decorator to None, run_after=None
[2024-11-01T02:21:11.798-0300] {processor.py:208} INFO - Processing /home/nico/.local/lib/python3.10/site-packages/airflow/example_dags/example_bash_decorator.py took 0.531 seconds
[2024-11-01T02:26:43.610-0300] {processor.py:186} INFO - Started process (PID=190494) to work on /home/nico/.local/lib/python3.10/site-packages/airflow/example_dags/example_bash_decorator.py
[2024-11-01T02:26:43.613-0300] {processor.py:914} INFO - Processing file /home/nico/.local/lib/python3.10/site-packages/airflow/example_dags/example_bash_decorator.py for tasks to queue
[2024-11-01T02:26:43.628-0300] {logging_mixin.py:190} INFO - [2024-11-01T02:26:43.627-0300] {dagbag.py:588} INFO - Filling up the DagBag from /home/nico/.local/lib/python3.10/site-packages/airflow/example_dags/example_bash_decorator.py
[2024-11-01T02:26:43.766-0300] {processor.py:925} INFO - DAG(s) 'example_bash_decorator' retrieved from /home/nico/.local/lib/python3.10/site-packages/airflow/example_dags/example_bash_decorator.py
[2024-11-01T02:26:43.854-0300] {logging_mixin.py:190} INFO - [2024-11-01T02:26:43.853-0300] {dag.py:3239} INFO - Sync 1 DAGs
[2024-11-01T02:26:43.905-0300] {logging_mixin.py:190} INFO - [2024-11-01T02:26:43.904-0300] {dag.py:4180} INFO - Setting next_dagrun for example_bash_decorator to None, run_after=None
[2024-11-01T02:26:44.038-0300] {processor.py:208} INFO - Processing /home/nico/.local/lib/python3.10/site-packages/airflow/example_dags/example_bash_decorator.py took 0.487 seconds
[2024-11-01T02:34:23.140-0300] {processor.py:186} INFO - Started process (PID=192402) to work on /home/nico/.local/lib/python3.10/site-packages/airflow/example_dags/example_bash_decorator.py
[2024-11-01T02:34:23.153-0300] {processor.py:914} INFO - Processing file /home/nico/.local/lib/python3.10/site-packages/airflow/example_dags/example_bash_decorator.py for tasks to queue
[2024-11-01T02:34:23.159-0300] {logging_mixin.py:190} INFO - [2024-11-01T02:34:23.158-0300] {dagbag.py:588} INFO - Filling up the DagBag from /home/nico/.local/lib/python3.10/site-packages/airflow/example_dags/example_bash_decorator.py
[2024-11-01T02:34:23.303-0300] {processor.py:925} INFO - DAG(s) 'example_bash_decorator' retrieved from /home/nico/.local/lib/python3.10/site-packages/airflow/example_dags/example_bash_decorator.py
[2024-11-01T02:34:23.563-0300] {logging_mixin.py:190} INFO - [2024-11-01T02:34:23.563-0300] {dag.py:3239} INFO - Sync 1 DAGs
[2024-11-01T02:34:23.640-0300] {logging_mixin.py:190} INFO - [2024-11-01T02:34:23.639-0300] {dag.py:4180} INFO - Setting next_dagrun for example_bash_decorator to None, run_after=None
[2024-11-01T02:34:23.870-0300] {processor.py:208} INFO - Processing /home/nico/.local/lib/python3.10/site-packages/airflow/example_dags/example_bash_decorator.py took 0.783 seconds
