[2024-10-31T21:03:09.121-0300] {processor.py:186} INFO - Started process (PID=150308) to work on /home/nico/.local/lib/python3.10/site-packages/airflow/example_dags/example_bash_operator.py
[2024-10-31T21:03:09.125-0300] {processor.py:914} INFO - Processing file /home/nico/.local/lib/python3.10/site-packages/airflow/example_dags/example_bash_operator.py for tasks to queue
[2024-10-31T21:03:09.129-0300] {logging_mixin.py:190} INFO - [2024-10-31T21:03:09.128-0300] {dagbag.py:588} INFO - Filling up the DagBag from /home/nico/.local/lib/python3.10/site-packages/airflow/example_dags/example_bash_operator.py
[2024-10-31T21:03:09.179-0300] {processor.py:925} INFO - DAG(s) 'example_bash_operator' retrieved from /home/nico/.local/lib/python3.10/site-packages/airflow/example_dags/example_bash_operator.py
[2024-10-31T21:03:09.284-0300] {logging_mixin.py:190} INFO - [2024-10-31T21:03:09.283-0300] {dag.py:3239} INFO - Sync 1 DAGs
[2024-10-31T21:03:09.355-0300] {logging_mixin.py:190} INFO - [2024-10-31T21:03:09.355-0300] {dag.py:4180} INFO - Setting next_dagrun for example_bash_operator to 2024-10-31 00:00:00+00:00, run_after=2024-11-01 00:00:00+00:00
[2024-10-31T21:03:09.484-0300] {processor.py:208} INFO - Processing /home/nico/.local/lib/python3.10/site-packages/airflow/example_dags/example_bash_operator.py took 0.384 seconds
[2024-10-31T23:55:13.827-0300] {processor.py:186} INFO - Started process (PID=152377) to work on /home/nico/.local/lib/python3.10/site-packages/airflow/example_dags/example_bash_operator.py
[2024-10-31T23:55:13.836-0300] {processor.py:914} INFO - Processing file /home/nico/.local/lib/python3.10/site-packages/airflow/example_dags/example_bash_operator.py for tasks to queue
[2024-10-31T23:55:13.845-0300] {logging_mixin.py:190} INFO - [2024-10-31T23:55:13.843-0300] {dagbag.py:588} INFO - Filling up the DagBag from /home/nico/.local/lib/python3.10/site-packages/airflow/example_dags/example_bash_operator.py
[2024-10-31T23:55:13.911-0300] {processor.py:925} INFO - DAG(s) 'example_bash_operator' retrieved from /home/nico/.local/lib/python3.10/site-packages/airflow/example_dags/example_bash_operator.py
[2024-10-31T23:55:13.988-0300] {logging_mixin.py:190} INFO - [2024-10-31T23:55:13.987-0300] {dag.py:3239} INFO - Sync 1 DAGs
[2024-10-31T23:55:14.057-0300] {logging_mixin.py:190} INFO - [2024-10-31T23:55:14.056-0300] {dag.py:4180} INFO - Setting next_dagrun for example_bash_operator to 2024-10-31 00:00:00+00:00, run_after=2024-11-01 00:00:00+00:00
[2024-10-31T23:55:14.203-0300] {processor.py:208} INFO - Processing /home/nico/.local/lib/python3.10/site-packages/airflow/example_dags/example_bash_operator.py took 0.414 seconds
[2024-11-01T00:03:08.125-0300] {processor.py:186} INFO - Started process (PID=154396) to work on /home/nico/.local/lib/python3.10/site-packages/airflow/example_dags/example_bash_operator.py
[2024-11-01T00:03:08.128-0300] {processor.py:914} INFO - Processing file /home/nico/.local/lib/python3.10/site-packages/airflow/example_dags/example_bash_operator.py for tasks to queue
[2024-11-01T00:03:08.131-0300] {logging_mixin.py:190} INFO - [2024-11-01T00:03:08.130-0300] {dagbag.py:588} INFO - Filling up the DagBag from /home/nico/.local/lib/python3.10/site-packages/airflow/example_dags/example_bash_operator.py
[2024-11-01T00:03:08.171-0300] {processor.py:925} INFO - DAG(s) 'example_bash_operator' retrieved from /home/nico/.local/lib/python3.10/site-packages/airflow/example_dags/example_bash_operator.py
[2024-11-01T00:03:08.315-0300] {logging_mixin.py:190} INFO - [2024-11-01T00:03:08.314-0300] {dag.py:3239} INFO - Sync 1 DAGs
[2024-11-01T00:03:08.585-0300] {logging_mixin.py:190} INFO - [2024-11-01T00:03:08.575-0300] {dag.py:4180} INFO - Setting next_dagrun for example_bash_operator to 2024-10-31 00:00:00+00:00, run_after=2024-11-01 00:00:00+00:00
[2024-11-01T00:03:09.254-0300] {processor.py:208} INFO - Processing /home/nico/.local/lib/python3.10/site-packages/airflow/example_dags/example_bash_operator.py took 1.146 seconds
[2024-11-01T00:07:39.891-0300] {processor.py:186} INFO - Started process (PID=155548) to work on /home/nico/.local/lib/python3.10/site-packages/airflow/example_dags/example_bash_operator.py
[2024-11-01T00:07:39.897-0300] {processor.py:914} INFO - Processing file /home/nico/.local/lib/python3.10/site-packages/airflow/example_dags/example_bash_operator.py for tasks to queue
[2024-11-01T00:07:39.909-0300] {logging_mixin.py:190} INFO - [2024-11-01T00:07:39.908-0300] {dagbag.py:588} INFO - Filling up the DagBag from /home/nico/.local/lib/python3.10/site-packages/airflow/example_dags/example_bash_operator.py
[2024-11-01T00:07:39.995-0300] {processor.py:925} INFO - DAG(s) 'example_bash_operator' retrieved from /home/nico/.local/lib/python3.10/site-packages/airflow/example_dags/example_bash_operator.py
[2024-11-01T00:07:40.100-0300] {logging_mixin.py:190} INFO - [2024-11-01T00:07:40.099-0300] {dag.py:3239} INFO - Sync 1 DAGs
[2024-11-01T00:07:40.171-0300] {logging_mixin.py:190} INFO - [2024-11-01T00:07:40.171-0300] {dag.py:4180} INFO - Setting next_dagrun for example_bash_operator to 2024-10-31 00:00:00+00:00, run_after=2024-11-01 00:00:00+00:00
[2024-11-01T00:07:40.352-0300] {processor.py:208} INFO - Processing /home/nico/.local/lib/python3.10/site-packages/airflow/example_dags/example_bash_operator.py took 0.509 seconds
[2024-11-01T00:20:49.175-0300] {processor.py:186} INFO - Started process (PID=158915) to work on /home/nico/.local/lib/python3.10/site-packages/airflow/example_dags/example_bash_operator.py
[2024-11-01T00:20:49.180-0300] {processor.py:914} INFO - Processing file /home/nico/.local/lib/python3.10/site-packages/airflow/example_dags/example_bash_operator.py for tasks to queue
[2024-11-01T00:20:49.194-0300] {logging_mixin.py:190} INFO - [2024-11-01T00:20:49.193-0300] {dagbag.py:588} INFO - Filling up the DagBag from /home/nico/.local/lib/python3.10/site-packages/airflow/example_dags/example_bash_operator.py
[2024-11-01T00:20:49.242-0300] {processor.py:925} INFO - DAG(s) 'example_bash_operator' retrieved from /home/nico/.local/lib/python3.10/site-packages/airflow/example_dags/example_bash_operator.py
[2024-11-01T00:20:49.363-0300] {logging_mixin.py:190} INFO - [2024-11-01T00:20:49.363-0300] {dag.py:3239} INFO - Sync 1 DAGs
[2024-11-01T00:20:49.457-0300] {logging_mixin.py:190} INFO - [2024-11-01T00:20:49.456-0300] {dag.py:4180} INFO - Setting next_dagrun for example_bash_operator to 2024-10-31 00:00:00+00:00, run_after=2024-11-01 00:00:00+00:00
[2024-11-01T00:20:49.590-0300] {processor.py:208} INFO - Processing /home/nico/.local/lib/python3.10/site-packages/airflow/example_dags/example_bash_operator.py took 0.470 seconds
[2024-11-01T00:34:03.360-0300] {processor.py:186} INFO - Started process (PID=162300) to work on /home/nico/.local/lib/python3.10/site-packages/airflow/example_dags/example_bash_operator.py
[2024-11-01T00:34:03.364-0300] {processor.py:914} INFO - Processing file /home/nico/.local/lib/python3.10/site-packages/airflow/example_dags/example_bash_operator.py for tasks to queue
[2024-11-01T00:34:03.370-0300] {logging_mixin.py:190} INFO - [2024-11-01T00:34:03.368-0300] {dagbag.py:588} INFO - Filling up the DagBag from /home/nico/.local/lib/python3.10/site-packages/airflow/example_dags/example_bash_operator.py
[2024-11-01T00:34:03.423-0300] {processor.py:925} INFO - DAG(s) 'example_bash_operator' retrieved from /home/nico/.local/lib/python3.10/site-packages/airflow/example_dags/example_bash_operator.py
[2024-11-01T00:34:03.536-0300] {logging_mixin.py:190} INFO - [2024-11-01T00:34:03.535-0300] {dag.py:3239} INFO - Sync 1 DAGs
[2024-11-01T00:34:03.604-0300] {logging_mixin.py:190} INFO - [2024-11-01T00:34:03.603-0300] {dag.py:4180} INFO - Setting next_dagrun for example_bash_operator to 2024-10-31 00:00:00+00:00, run_after=2024-11-01 00:00:00+00:00
[2024-11-01T00:34:03.730-0300] {processor.py:208} INFO - Processing /home/nico/.local/lib/python3.10/site-packages/airflow/example_dags/example_bash_operator.py took 0.397 seconds
[2024-11-01T00:37:13.430-0300] {processor.py:186} INFO - Started process (PID=163115) to work on /home/nico/.local/lib/python3.10/site-packages/airflow/example_dags/example_bash_operator.py
[2024-11-01T00:37:13.435-0300] {processor.py:914} INFO - Processing file /home/nico/.local/lib/python3.10/site-packages/airflow/example_dags/example_bash_operator.py for tasks to queue
[2024-11-01T00:37:13.441-0300] {logging_mixin.py:190} INFO - [2024-11-01T00:37:13.439-0300] {dagbag.py:588} INFO - Filling up the DagBag from /home/nico/.local/lib/python3.10/site-packages/airflow/example_dags/example_bash_operator.py
[2024-11-01T00:37:13.483-0300] {processor.py:925} INFO - DAG(s) 'example_bash_operator' retrieved from /home/nico/.local/lib/python3.10/site-packages/airflow/example_dags/example_bash_operator.py
[2024-11-01T00:37:13.601-0300] {logging_mixin.py:190} INFO - [2024-11-01T00:37:13.600-0300] {dag.py:3239} INFO - Sync 1 DAGs
[2024-11-01T00:37:13.668-0300] {logging_mixin.py:190} INFO - [2024-11-01T00:37:13.667-0300] {dag.py:4180} INFO - Setting next_dagrun for example_bash_operator to 2024-10-31 00:00:00+00:00, run_after=2024-11-01 00:00:00+00:00
[2024-11-01T00:37:13.811-0300] {processor.py:208} INFO - Processing /home/nico/.local/lib/python3.10/site-packages/airflow/example_dags/example_bash_operator.py took 0.412 seconds
[2024-11-01T00:51:56.474-0300] {processor.py:186} INFO - Started process (PID=166727) to work on /home/nico/.local/lib/python3.10/site-packages/airflow/example_dags/example_bash_operator.py
[2024-11-01T00:51:56.521-0300] {processor.py:914} INFO - Processing file /home/nico/.local/lib/python3.10/site-packages/airflow/example_dags/example_bash_operator.py for tasks to queue
[2024-11-01T00:51:56.532-0300] {logging_mixin.py:190} INFO - [2024-11-01T00:51:56.530-0300] {dagbag.py:588} INFO - Filling up the DagBag from /home/nico/.local/lib/python3.10/site-packages/airflow/example_dags/example_bash_operator.py
[2024-11-01T00:51:56.594-0300] {processor.py:925} INFO - DAG(s) 'example_bash_operator' retrieved from /home/nico/.local/lib/python3.10/site-packages/airflow/example_dags/example_bash_operator.py
[2024-11-01T00:51:56.681-0300] {logging_mixin.py:190} INFO - [2024-11-01T00:51:56.681-0300] {dag.py:3239} INFO - Sync 1 DAGs
[2024-11-01T00:51:56.747-0300] {logging_mixin.py:190} INFO - [2024-11-01T00:51:56.747-0300] {dag.py:4180} INFO - Setting next_dagrun for example_bash_operator to 2024-10-31 00:00:00+00:00, run_after=2024-11-01 00:00:00+00:00
[2024-11-01T00:51:57.534-0300] {processor.py:208} INFO - Processing /home/nico/.local/lib/python3.10/site-packages/airflow/example_dags/example_bash_operator.py took 1.108 seconds
[2024-11-01T00:55:42.961-0300] {processor.py:186} INFO - Started process (PID=167695) to work on /home/nico/.local/lib/python3.10/site-packages/airflow/example_dags/example_bash_operator.py
[2024-11-01T00:55:42.965-0300] {processor.py:914} INFO - Processing file /home/nico/.local/lib/python3.10/site-packages/airflow/example_dags/example_bash_operator.py for tasks to queue
[2024-11-01T00:55:42.970-0300] {logging_mixin.py:190} INFO - [2024-11-01T00:55:42.969-0300] {dagbag.py:588} INFO - Filling up the DagBag from /home/nico/.local/lib/python3.10/site-packages/airflow/example_dags/example_bash_operator.py
[2024-11-01T00:55:43.017-0300] {processor.py:925} INFO - DAG(s) 'example_bash_operator' retrieved from /home/nico/.local/lib/python3.10/site-packages/airflow/example_dags/example_bash_operator.py
[2024-11-01T00:55:43.116-0300] {logging_mixin.py:190} INFO - [2024-11-01T00:55:43.115-0300] {dag.py:3239} INFO - Sync 1 DAGs
[2024-11-01T00:55:43.247-0300] {logging_mixin.py:190} INFO - [2024-11-01T00:55:43.247-0300] {dag.py:4180} INFO - Setting next_dagrun for example_bash_operator to 2024-10-31 00:00:00+00:00, run_after=2024-11-01 00:00:00+00:00
[2024-11-01T00:55:43.470-0300] {processor.py:208} INFO - Processing /home/nico/.local/lib/python3.10/site-packages/airflow/example_dags/example_bash_operator.py took 0.524 seconds
[2024-11-01T00:59:01.386-0300] {processor.py:186} INFO - Started process (PID=168571) to work on /home/nico/.local/lib/python3.10/site-packages/airflow/example_dags/example_bash_operator.py
[2024-11-01T00:59:01.390-0300] {processor.py:914} INFO - Processing file /home/nico/.local/lib/python3.10/site-packages/airflow/example_dags/example_bash_operator.py for tasks to queue
[2024-11-01T00:59:01.404-0300] {logging_mixin.py:190} INFO - [2024-11-01T00:59:01.399-0300] {dagbag.py:588} INFO - Filling up the DagBag from /home/nico/.local/lib/python3.10/site-packages/airflow/example_dags/example_bash_operator.py
[2024-11-01T00:59:01.448-0300] {processor.py:925} INFO - DAG(s) 'example_bash_operator' retrieved from /home/nico/.local/lib/python3.10/site-packages/airflow/example_dags/example_bash_operator.py
[2024-11-01T00:59:01.527-0300] {logging_mixin.py:190} INFO - [2024-11-01T00:59:01.527-0300] {dag.py:3239} INFO - Sync 1 DAGs
[2024-11-01T00:59:01.597-0300] {logging_mixin.py:190} INFO - [2024-11-01T00:59:01.597-0300] {dag.py:4180} INFO - Setting next_dagrun for example_bash_operator to 2024-10-31 00:00:00+00:00, run_after=2024-11-01 00:00:00+00:00
[2024-11-01T00:59:01.741-0300] {processor.py:208} INFO - Processing /home/nico/.local/lib/python3.10/site-packages/airflow/example_dags/example_bash_operator.py took 0.387 seconds
[2024-11-01T01:06:21.298-0300] {processor.py:186} INFO - Started process (PID=170428) to work on /home/nico/.local/lib/python3.10/site-packages/airflow/example_dags/example_bash_operator.py
[2024-11-01T01:06:21.309-0300] {processor.py:914} INFO - Processing file /home/nico/.local/lib/python3.10/site-packages/airflow/example_dags/example_bash_operator.py for tasks to queue
[2024-11-01T01:06:21.316-0300] {logging_mixin.py:190} INFO - [2024-11-01T01:06:21.314-0300] {dagbag.py:588} INFO - Filling up the DagBag from /home/nico/.local/lib/python3.10/site-packages/airflow/example_dags/example_bash_operator.py
[2024-11-01T01:06:21.373-0300] {processor.py:925} INFO - DAG(s) 'example_bash_operator' retrieved from /home/nico/.local/lib/python3.10/site-packages/airflow/example_dags/example_bash_operator.py
[2024-11-01T01:06:21.513-0300] {logging_mixin.py:190} INFO - [2024-11-01T01:06:21.512-0300] {dag.py:3239} INFO - Sync 1 DAGs
[2024-11-01T01:06:21.625-0300] {logging_mixin.py:190} INFO - [2024-11-01T01:06:21.621-0300] {dag.py:4180} INFO - Setting next_dagrun for example_bash_operator to 2024-10-31 00:00:00+00:00, run_after=2024-11-01 00:00:00+00:00
[2024-11-01T01:06:21.772-0300] {processor.py:208} INFO - Processing /home/nico/.local/lib/python3.10/site-packages/airflow/example_dags/example_bash_operator.py took 0.507 seconds
[2024-11-01T01:12:26.628-0300] {processor.py:186} INFO - Started process (PID=171991) to work on /home/nico/.local/lib/python3.10/site-packages/airflow/example_dags/example_bash_operator.py
[2024-11-01T01:12:26.631-0300] {processor.py:914} INFO - Processing file /home/nico/.local/lib/python3.10/site-packages/airflow/example_dags/example_bash_operator.py for tasks to queue
[2024-11-01T01:12:26.636-0300] {logging_mixin.py:190} INFO - [2024-11-01T01:12:26.635-0300] {dagbag.py:588} INFO - Filling up the DagBag from /home/nico/.local/lib/python3.10/site-packages/airflow/example_dags/example_bash_operator.py
[2024-11-01T01:12:26.664-0300] {processor.py:925} INFO - DAG(s) 'example_bash_operator' retrieved from /home/nico/.local/lib/python3.10/site-packages/airflow/example_dags/example_bash_operator.py
[2024-11-01T01:12:26.749-0300] {logging_mixin.py:190} INFO - [2024-11-01T01:12:26.748-0300] {dag.py:3239} INFO - Sync 1 DAGs
[2024-11-01T01:12:26.886-0300] {logging_mixin.py:190} INFO - [2024-11-01T01:12:26.885-0300] {dag.py:4180} INFO - Setting next_dagrun for example_bash_operator to 2024-10-31 00:00:00+00:00, run_after=2024-11-01 00:00:00+00:00
[2024-11-01T01:12:27.065-0300] {processor.py:208} INFO - Processing /home/nico/.local/lib/python3.10/site-packages/airflow/example_dags/example_bash_operator.py took 0.453 seconds
[2024-11-01T01:35:53.221-0300] {processor.py:186} INFO - Started process (PID=177732) to work on /home/nico/.local/lib/python3.10/site-packages/airflow/example_dags/example_bash_operator.py
[2024-11-01T01:35:53.226-0300] {processor.py:914} INFO - Processing file /home/nico/.local/lib/python3.10/site-packages/airflow/example_dags/example_bash_operator.py for tasks to queue
[2024-11-01T01:35:53.233-0300] {logging_mixin.py:190} INFO - [2024-11-01T01:35:53.232-0300] {dagbag.py:588} INFO - Filling up the DagBag from /home/nico/.local/lib/python3.10/site-packages/airflow/example_dags/example_bash_operator.py
[2024-11-01T01:35:53.295-0300] {processor.py:925} INFO - DAG(s) 'example_bash_operator' retrieved from /home/nico/.local/lib/python3.10/site-packages/airflow/example_dags/example_bash_operator.py
[2024-11-01T01:35:53.399-0300] {logging_mixin.py:190} INFO - [2024-11-01T01:35:53.398-0300] {dag.py:3239} INFO - Sync 1 DAGs
[2024-11-01T01:35:53.480-0300] {logging_mixin.py:190} INFO - [2024-11-01T01:35:53.478-0300] {dag.py:4180} INFO - Setting next_dagrun for example_bash_operator to 2024-10-31 00:00:00+00:00, run_after=2024-11-01 00:00:00+00:00
[2024-11-01T01:35:53.650-0300] {processor.py:208} INFO - Processing /home/nico/.local/lib/python3.10/site-packages/airflow/example_dags/example_bash_operator.py took 0.476 seconds
[2024-11-01T01:38:57.268-0300] {processor.py:186} INFO - Started process (PID=178519) to work on /home/nico/.local/lib/python3.10/site-packages/airflow/example_dags/example_bash_operator.py
[2024-11-01T01:38:57.279-0300] {processor.py:914} INFO - Processing file /home/nico/.local/lib/python3.10/site-packages/airflow/example_dags/example_bash_operator.py for tasks to queue
[2024-11-01T01:38:57.285-0300] {logging_mixin.py:190} INFO - [2024-11-01T01:38:57.284-0300] {dagbag.py:588} INFO - Filling up the DagBag from /home/nico/.local/lib/python3.10/site-packages/airflow/example_dags/example_bash_operator.py
[2024-11-01T01:38:57.377-0300] {processor.py:925} INFO - DAG(s) 'example_bash_operator' retrieved from /home/nico/.local/lib/python3.10/site-packages/airflow/example_dags/example_bash_operator.py
[2024-11-01T01:38:57.958-0300] {logging_mixin.py:190} INFO - [2024-11-01T01:38:57.957-0300] {dag.py:3239} INFO - Sync 1 DAGs
[2024-11-01T01:38:58.189-0300] {logging_mixin.py:190} INFO - [2024-11-01T01:38:58.188-0300] {dag.py:4180} INFO - Setting next_dagrun for example_bash_operator to 2024-10-31 00:00:00+00:00, run_after=2024-11-01 00:00:00+00:00
[2024-11-01T01:38:58.405-0300] {processor.py:208} INFO - Processing /home/nico/.local/lib/python3.10/site-packages/airflow/example_dags/example_bash_operator.py took 1.166 seconds
[2024-11-01T01:41:48.401-0300] {processor.py:186} INFO - Started process (PID=179256) to work on /home/nico/.local/lib/python3.10/site-packages/airflow/example_dags/example_bash_operator.py
[2024-11-01T01:41:48.404-0300] {processor.py:914} INFO - Processing file /home/nico/.local/lib/python3.10/site-packages/airflow/example_dags/example_bash_operator.py for tasks to queue
[2024-11-01T01:41:48.409-0300] {logging_mixin.py:190} INFO - [2024-11-01T01:41:48.408-0300] {dagbag.py:588} INFO - Filling up the DagBag from /home/nico/.local/lib/python3.10/site-packages/airflow/example_dags/example_bash_operator.py
[2024-11-01T01:41:48.465-0300] {processor.py:925} INFO - DAG(s) 'example_bash_operator' retrieved from /home/nico/.local/lib/python3.10/site-packages/airflow/example_dags/example_bash_operator.py
[2024-11-01T01:41:48.552-0300] {logging_mixin.py:190} INFO - [2024-11-01T01:41:48.551-0300] {dag.py:3239} INFO - Sync 1 DAGs
[2024-11-01T01:41:48.615-0300] {logging_mixin.py:190} INFO - [2024-11-01T01:41:48.615-0300] {dag.py:4180} INFO - Setting next_dagrun for example_bash_operator to 2024-10-31 00:00:00+00:00, run_after=2024-11-01 00:00:00+00:00
[2024-11-01T01:41:48.747-0300] {processor.py:208} INFO - Processing /home/nico/.local/lib/python3.10/site-packages/airflow/example_dags/example_bash_operator.py took 0.369 seconds
[2024-11-01T01:45:14.647-0300] {processor.py:186} INFO - Started process (PID=180129) to work on /home/nico/.local/lib/python3.10/site-packages/airflow/example_dags/example_bash_operator.py
[2024-11-01T01:45:14.652-0300] {processor.py:914} INFO - Processing file /home/nico/.local/lib/python3.10/site-packages/airflow/example_dags/example_bash_operator.py for tasks to queue
[2024-11-01T01:45:14.660-0300] {logging_mixin.py:190} INFO - [2024-11-01T01:45:14.657-0300] {dagbag.py:588} INFO - Filling up the DagBag from /home/nico/.local/lib/python3.10/site-packages/airflow/example_dags/example_bash_operator.py
[2024-11-01T01:45:14.719-0300] {processor.py:925} INFO - DAG(s) 'example_bash_operator' retrieved from /home/nico/.local/lib/python3.10/site-packages/airflow/example_dags/example_bash_operator.py
[2024-11-01T01:45:15.195-0300] {logging_mixin.py:190} INFO - [2024-11-01T01:45:15.194-0300] {dag.py:3239} INFO - Sync 1 DAGs
[2024-11-01T01:45:15.332-0300] {logging_mixin.py:190} INFO - [2024-11-01T01:45:15.331-0300] {dag.py:4180} INFO - Setting next_dagrun for example_bash_operator to 2024-10-31 00:00:00+00:00, run_after=2024-11-01 00:00:00+00:00
[2024-11-01T01:45:15.620-0300] {processor.py:208} INFO - Processing /home/nico/.local/lib/python3.10/site-packages/airflow/example_dags/example_bash_operator.py took 0.988 seconds
[2024-11-01T01:49:03.132-0300] {processor.py:186} INFO - Started process (PID=181086) to work on /home/nico/.local/lib/python3.10/site-packages/airflow/example_dags/example_bash_operator.py
[2024-11-01T01:49:03.136-0300] {processor.py:914} INFO - Processing file /home/nico/.local/lib/python3.10/site-packages/airflow/example_dags/example_bash_operator.py for tasks to queue
[2024-11-01T01:49:03.141-0300] {logging_mixin.py:190} INFO - [2024-11-01T01:49:03.140-0300] {dagbag.py:588} INFO - Filling up the DagBag from /home/nico/.local/lib/python3.10/site-packages/airflow/example_dags/example_bash_operator.py
[2024-11-01T01:49:03.180-0300] {processor.py:925} INFO - DAG(s) 'example_bash_operator' retrieved from /home/nico/.local/lib/python3.10/site-packages/airflow/example_dags/example_bash_operator.py
[2024-11-01T01:49:03.287-0300] {logging_mixin.py:190} INFO - [2024-11-01T01:49:03.286-0300] {dag.py:3239} INFO - Sync 1 DAGs
[2024-11-01T01:49:03.356-0300] {logging_mixin.py:190} INFO - [2024-11-01T01:49:03.355-0300] {dag.py:4180} INFO - Setting next_dagrun for example_bash_operator to 2024-10-31 00:00:00+00:00, run_after=2024-11-01 00:00:00+00:00
[2024-11-01T01:49:03.495-0300] {processor.py:208} INFO - Processing /home/nico/.local/lib/python3.10/site-packages/airflow/example_dags/example_bash_operator.py took 0.400 seconds
[2024-11-01T01:52:27.181-0300] {processor.py:186} INFO - Started process (PID=181956) to work on /home/nico/.local/lib/python3.10/site-packages/airflow/example_dags/example_bash_operator.py
[2024-11-01T01:52:27.185-0300] {processor.py:914} INFO - Processing file /home/nico/.local/lib/python3.10/site-packages/airflow/example_dags/example_bash_operator.py for tasks to queue
[2024-11-01T01:52:27.191-0300] {logging_mixin.py:190} INFO - [2024-11-01T01:52:27.190-0300] {dagbag.py:588} INFO - Filling up the DagBag from /home/nico/.local/lib/python3.10/site-packages/airflow/example_dags/example_bash_operator.py
[2024-11-01T01:52:27.282-0300] {processor.py:925} INFO - DAG(s) 'example_bash_operator' retrieved from /home/nico/.local/lib/python3.10/site-packages/airflow/example_dags/example_bash_operator.py
[2024-11-01T01:52:27.486-0300] {logging_mixin.py:190} INFO - [2024-11-01T01:52:27.485-0300] {dag.py:3239} INFO - Sync 1 DAGs
[2024-11-01T01:52:27.605-0300] {logging_mixin.py:190} INFO - [2024-11-01T01:52:27.604-0300] {dag.py:4180} INFO - Setting next_dagrun for example_bash_operator to 2024-10-31 00:00:00+00:00, run_after=2024-11-01 00:00:00+00:00
[2024-11-01T01:52:27.762-0300] {processor.py:208} INFO - Processing /home/nico/.local/lib/python3.10/site-packages/airflow/example_dags/example_bash_operator.py took 0.632 seconds
[2024-11-01T01:57:46.780-0300] {processor.py:186} INFO - Started process (PID=183263) to work on /home/nico/.local/lib/python3.10/site-packages/airflow/example_dags/example_bash_operator.py
[2024-11-01T01:57:46.783-0300] {processor.py:914} INFO - Processing file /home/nico/.local/lib/python3.10/site-packages/airflow/example_dags/example_bash_operator.py for tasks to queue
[2024-11-01T01:57:46.788-0300] {logging_mixin.py:190} INFO - [2024-11-01T01:57:46.787-0300] {dagbag.py:588} INFO - Filling up the DagBag from /home/nico/.local/lib/python3.10/site-packages/airflow/example_dags/example_bash_operator.py
[2024-11-01T01:57:46.824-0300] {processor.py:925} INFO - DAG(s) 'example_bash_operator' retrieved from /home/nico/.local/lib/python3.10/site-packages/airflow/example_dags/example_bash_operator.py
[2024-11-01T01:57:46.968-0300] {logging_mixin.py:190} INFO - [2024-11-01T01:57:46.967-0300] {dag.py:3239} INFO - Sync 1 DAGs
[2024-11-01T01:57:47.057-0300] {logging_mixin.py:190} INFO - [2024-11-01T01:57:47.056-0300] {dag.py:4180} INFO - Setting next_dagrun for example_bash_operator to 2024-10-31 00:00:00+00:00, run_after=2024-11-01 00:00:00+00:00
[2024-11-01T01:57:47.250-0300] {processor.py:208} INFO - Processing /home/nico/.local/lib/python3.10/site-packages/airflow/example_dags/example_bash_operator.py took 0.529 seconds
[2024-11-01T02:01:52.942-0300] {processor.py:186} INFO - Started process (PID=184297) to work on /home/nico/.local/lib/python3.10/site-packages/airflow/example_dags/example_bash_operator.py
[2024-11-01T02:01:52.946-0300] {processor.py:914} INFO - Processing file /home/nico/.local/lib/python3.10/site-packages/airflow/example_dags/example_bash_operator.py for tasks to queue
[2024-11-01T02:01:52.959-0300] {logging_mixin.py:190} INFO - [2024-11-01T02:01:52.958-0300] {dagbag.py:588} INFO - Filling up the DagBag from /home/nico/.local/lib/python3.10/site-packages/airflow/example_dags/example_bash_operator.py
[2024-11-01T02:01:53.027-0300] {processor.py:925} INFO - DAG(s) 'example_bash_operator' retrieved from /home/nico/.local/lib/python3.10/site-packages/airflow/example_dags/example_bash_operator.py
[2024-11-01T02:01:53.159-0300] {logging_mixin.py:190} INFO - [2024-11-01T02:01:53.158-0300] {dag.py:3239} INFO - Sync 1 DAGs
[2024-11-01T02:01:53.226-0300] {logging_mixin.py:190} INFO - [2024-11-01T02:01:53.225-0300] {dag.py:4180} INFO - Setting next_dagrun for example_bash_operator to 2024-10-31 00:00:00+00:00, run_after=2024-11-01 00:00:00+00:00
[2024-11-01T02:01:53.351-0300] {processor.py:208} INFO - Processing /home/nico/.local/lib/python3.10/site-packages/airflow/example_dags/example_bash_operator.py took 0.462 seconds
[2024-11-01T02:10:30.208-0300] {processor.py:186} INFO - Started process (PID=186445) to work on /home/nico/.local/lib/python3.10/site-packages/airflow/example_dags/example_bash_operator.py
[2024-11-01T02:10:30.222-0300] {processor.py:914} INFO - Processing file /home/nico/.local/lib/python3.10/site-packages/airflow/example_dags/example_bash_operator.py for tasks to queue
[2024-11-01T02:10:30.241-0300] {logging_mixin.py:190} INFO - [2024-11-01T02:10:30.239-0300] {dagbag.py:588} INFO - Filling up the DagBag from /home/nico/.local/lib/python3.10/site-packages/airflow/example_dags/example_bash_operator.py
[2024-11-01T02:10:30.295-0300] {processor.py:925} INFO - DAG(s) 'example_bash_operator' retrieved from /home/nico/.local/lib/python3.10/site-packages/airflow/example_dags/example_bash_operator.py
[2024-11-01T02:10:30.391-0300] {logging_mixin.py:190} INFO - [2024-11-01T02:10:30.390-0300] {dag.py:3239} INFO - Sync 1 DAGs
[2024-11-01T02:10:30.467-0300] {logging_mixin.py:190} INFO - [2024-11-01T02:10:30.466-0300] {dag.py:4180} INFO - Setting next_dagrun for example_bash_operator to 2024-10-31 00:00:00+00:00, run_after=2024-11-01 00:00:00+00:00
[2024-11-01T02:10:30.584-0300] {processor.py:208} INFO - Processing /home/nico/.local/lib/python3.10/site-packages/airflow/example_dags/example_bash_operator.py took 0.410 seconds
[2024-11-01T02:17:01.751-0300] {processor.py:186} INFO - Started process (PID=188090) to work on /home/nico/.local/lib/python3.10/site-packages/airflow/example_dags/example_bash_operator.py
[2024-11-01T02:17:01.771-0300] {processor.py:914} INFO - Processing file /home/nico/.local/lib/python3.10/site-packages/airflow/example_dags/example_bash_operator.py for tasks to queue
[2024-11-01T02:17:01.804-0300] {logging_mixin.py:190} INFO - [2024-11-01T02:17:01.802-0300] {dagbag.py:588} INFO - Filling up the DagBag from /home/nico/.local/lib/python3.10/site-packages/airflow/example_dags/example_bash_operator.py
[2024-11-01T02:17:01.871-0300] {processor.py:925} INFO - DAG(s) 'example_bash_operator' retrieved from /home/nico/.local/lib/python3.10/site-packages/airflow/example_dags/example_bash_operator.py
[2024-11-01T02:17:01.970-0300] {logging_mixin.py:190} INFO - [2024-11-01T02:17:01.969-0300] {dag.py:3239} INFO - Sync 1 DAGs
[2024-11-01T02:17:02.068-0300] {logging_mixin.py:190} INFO - [2024-11-01T02:17:02.068-0300] {dag.py:4180} INFO - Setting next_dagrun for example_bash_operator to 2024-10-31 00:00:00+00:00, run_after=2024-11-01 00:00:00+00:00
[2024-11-01T02:17:02.288-0300] {processor.py:208} INFO - Processing /home/nico/.local/lib/python3.10/site-packages/airflow/example_dags/example_bash_operator.py took 0.591 seconds
[2024-11-01T02:21:08.006-0300] {processor.py:186} INFO - Started process (PID=189115) to work on /home/nico/.local/lib/python3.10/site-packages/airflow/example_dags/example_bash_operator.py
[2024-11-01T02:21:08.011-0300] {processor.py:914} INFO - Processing file /home/nico/.local/lib/python3.10/site-packages/airflow/example_dags/example_bash_operator.py for tasks to queue
[2024-11-01T02:21:08.018-0300] {logging_mixin.py:190} INFO - [2024-11-01T02:21:08.016-0300] {dagbag.py:588} INFO - Filling up the DagBag from /home/nico/.local/lib/python3.10/site-packages/airflow/example_dags/example_bash_operator.py
[2024-11-01T02:21:08.071-0300] {processor.py:925} INFO - DAG(s) 'example_bash_operator' retrieved from /home/nico/.local/lib/python3.10/site-packages/airflow/example_dags/example_bash_operator.py
[2024-11-01T02:21:08.167-0300] {logging_mixin.py:190} INFO - [2024-11-01T02:21:08.167-0300] {dag.py:3239} INFO - Sync 1 DAGs
[2024-11-01T02:21:08.234-0300] {logging_mixin.py:190} INFO - [2024-11-01T02:21:08.234-0300] {dag.py:4180} INFO - Setting next_dagrun for example_bash_operator to 2024-10-31 00:00:00+00:00, run_after=2024-11-01 00:00:00+00:00
[2024-11-01T02:21:08.360-0300] {processor.py:208} INFO - Processing /home/nico/.local/lib/python3.10/site-packages/airflow/example_dags/example_bash_operator.py took 0.384 seconds
[2024-11-01T02:26:39.785-0300] {processor.py:186} INFO - Started process (PID=190477) to work on /home/nico/.local/lib/python3.10/site-packages/airflow/example_dags/example_bash_operator.py
[2024-11-01T02:26:39.789-0300] {processor.py:914} INFO - Processing file /home/nico/.local/lib/python3.10/site-packages/airflow/example_dags/example_bash_operator.py for tasks to queue
[2024-11-01T02:26:39.795-0300] {logging_mixin.py:190} INFO - [2024-11-01T02:26:39.794-0300] {dagbag.py:588} INFO - Filling up the DagBag from /home/nico/.local/lib/python3.10/site-packages/airflow/example_dags/example_bash_operator.py
[2024-11-01T02:26:39.849-0300] {processor.py:925} INFO - DAG(s) 'example_bash_operator' retrieved from /home/nico/.local/lib/python3.10/site-packages/airflow/example_dags/example_bash_operator.py
[2024-11-01T02:26:39.980-0300] {logging_mixin.py:190} INFO - [2024-11-01T02:26:39.979-0300] {dag.py:3239} INFO - Sync 1 DAGs
[2024-11-01T02:26:40.063-0300] {logging_mixin.py:190} INFO - [2024-11-01T02:26:40.063-0300] {dag.py:4180} INFO - Setting next_dagrun for example_bash_operator to 2024-10-31 00:00:00+00:00, run_after=2024-11-01 00:00:00+00:00
[2024-11-01T02:26:40.192-0300] {processor.py:208} INFO - Processing /home/nico/.local/lib/python3.10/site-packages/airflow/example_dags/example_bash_operator.py took 0.430 seconds
[2024-11-01T02:34:16.411-0300] {processor.py:186} INFO - Started process (PID=192376) to work on /home/nico/.local/lib/python3.10/site-packages/airflow/example_dags/example_bash_operator.py
[2024-11-01T02:34:16.424-0300] {processor.py:914} INFO - Processing file /home/nico/.local/lib/python3.10/site-packages/airflow/example_dags/example_bash_operator.py for tasks to queue
[2024-11-01T02:34:16.438-0300] {logging_mixin.py:190} INFO - [2024-11-01T02:34:16.437-0300] {dagbag.py:588} INFO - Filling up the DagBag from /home/nico/.local/lib/python3.10/site-packages/airflow/example_dags/example_bash_operator.py
[2024-11-01T02:34:16.506-0300] {processor.py:925} INFO - DAG(s) 'example_bash_operator' retrieved from /home/nico/.local/lib/python3.10/site-packages/airflow/example_dags/example_bash_operator.py
[2024-11-01T02:34:16.709-0300] {logging_mixin.py:190} INFO - [2024-11-01T02:34:16.708-0300] {dag.py:3239} INFO - Sync 1 DAGs
[2024-11-01T02:34:16.901-0300] {logging_mixin.py:190} INFO - [2024-11-01T02:34:16.901-0300] {dag.py:4180} INFO - Setting next_dagrun for example_bash_operator to 2024-10-31 00:00:00+00:00, run_after=2024-11-01 00:00:00+00:00
[2024-11-01T02:34:17.238-0300] {processor.py:208} INFO - Processing /home/nico/.local/lib/python3.10/site-packages/airflow/example_dags/example_bash_operator.py took 0.894 seconds
[2024-11-01T02:40:02.662-0300] {processor.py:186} INFO - Started process (PID=193806) to work on /home/nico/.local/lib/python3.10/site-packages/airflow/example_dags/example_bash_operator.py
[2024-11-01T02:40:02.708-0300] {processor.py:914} INFO - Processing file /home/nico/.local/lib/python3.10/site-packages/airflow/example_dags/example_bash_operator.py for tasks to queue
[2024-11-01T02:40:02.741-0300] {logging_mixin.py:190} INFO - [2024-11-01T02:40:02.740-0300] {dagbag.py:588} INFO - Filling up the DagBag from /home/nico/.local/lib/python3.10/site-packages/airflow/example_dags/example_bash_operator.py
[2024-11-01T02:40:02.855-0300] {processor.py:925} INFO - DAG(s) 'example_bash_operator' retrieved from /home/nico/.local/lib/python3.10/site-packages/airflow/example_dags/example_bash_operator.py
[2024-11-01T02:40:03.548-0300] {logging_mixin.py:190} INFO - [2024-11-01T02:40:03.547-0300] {dag.py:3239} INFO - Sync 1 DAGs
[2024-11-01T02:40:04.235-0300] {logging_mixin.py:190} INFO - [2024-11-01T02:40:04.234-0300] {dag.py:4180} INFO - Setting next_dagrun for example_bash_operator to 2024-10-31 00:00:00+00:00, run_after=2024-11-01 00:00:00+00:00
[2024-11-01T02:40:04.642-0300] {processor.py:208} INFO - Processing /home/nico/.local/lib/python3.10/site-packages/airflow/example_dags/example_bash_operator.py took 2.035 seconds
