[2024-10-31T21:02:38.576-0300] {processor.py:186} INFO - Started process (PID=150176) to work on /home/nico/.local/lib/python3.10/site-packages/airflow/example_dags/example_setup_teardown.py
[2024-10-31T21:02:38.580-0300] {processor.py:914} INFO - Processing file /home/nico/.local/lib/python3.10/site-packages/airflow/example_dags/example_setup_teardown.py for tasks to queue
[2024-10-31T21:02:38.587-0300] {logging_mixin.py:190} INFO - [2024-10-31T21:02:38.585-0300] {dagbag.py:588} INFO - Filling up the DagBag from /home/nico/.local/lib/python3.10/site-packages/airflow/example_dags/example_setup_teardown.py
[2024-10-31T21:02:38.617-0300] {processor.py:925} INFO - DAG(s) 'example_setup_teardown' retrieved from /home/nico/.local/lib/python3.10/site-packages/airflow/example_dags/example_setup_teardown.py
[2024-10-31T21:02:38.746-0300] {logging_mixin.py:190} INFO - [2024-10-31T21:02:38.744-0300] {dag.py:3239} INFO - Sync 1 DAGs
[2024-10-31T21:02:38.839-0300] {logging_mixin.py:190} INFO - [2024-10-31T21:02:38.838-0300] {dag.py:4180} INFO - Setting next_dagrun for example_setup_teardown to None, run_after=None
[2024-10-31T21:02:38.993-0300] {processor.py:208} INFO - Processing /home/nico/.local/lib/python3.10/site-packages/airflow/example_dags/example_setup_teardown.py took 0.449 seconds
[2024-10-31T21:04:57.185-0300] {processor.py:186} INFO - Started process (PID=150765) to work on /home/nico/.local/lib/python3.10/site-packages/airflow/example_dags/example_setup_teardown.py
[2024-10-31T21:04:57.188-0300] {processor.py:914} INFO - Processing file /home/nico/.local/lib/python3.10/site-packages/airflow/example_dags/example_setup_teardown.py for tasks to queue
[2024-10-31T21:04:57.193-0300] {logging_mixin.py:190} INFO - [2024-10-31T21:04:57.192-0300] {dagbag.py:588} INFO - Filling up the DagBag from /home/nico/.local/lib/python3.10/site-packages/airflow/example_dags/example_setup_teardown.py
[2024-10-31T21:04:57.215-0300] {processor.py:925} INFO - DAG(s) 'example_setup_teardown' retrieved from /home/nico/.local/lib/python3.10/site-packages/airflow/example_dags/example_setup_teardown.py
[2024-10-31T21:04:57.272-0300] {logging_mixin.py:190} INFO - [2024-10-31T21:04:57.272-0300] {dag.py:3239} INFO - Sync 1 DAGs
[2024-10-31T21:04:57.306-0300] {logging_mixin.py:190} INFO - [2024-10-31T21:04:57.305-0300] {dag.py:4180} INFO - Setting next_dagrun for example_setup_teardown to None, run_after=None
[2024-10-31T21:04:57.437-0300] {processor.py:208} INFO - Processing /home/nico/.local/lib/python3.10/site-packages/airflow/example_dags/example_setup_teardown.py took 0.275 seconds
[2024-10-31T23:54:29.460-0300] {processor.py:186} INFO - Started process (PID=152189) to work on /home/nico/.local/lib/python3.10/site-packages/airflow/example_dags/example_setup_teardown.py
[2024-10-31T23:54:29.464-0300] {processor.py:914} INFO - Processing file /home/nico/.local/lib/python3.10/site-packages/airflow/example_dags/example_setup_teardown.py for tasks to queue
[2024-10-31T23:54:29.472-0300] {logging_mixin.py:190} INFO - [2024-10-31T23:54:29.471-0300] {dagbag.py:588} INFO - Filling up the DagBag from /home/nico/.local/lib/python3.10/site-packages/airflow/example_dags/example_setup_teardown.py
[2024-10-31T23:54:29.512-0300] {processor.py:925} INFO - DAG(s) 'example_setup_teardown' retrieved from /home/nico/.local/lib/python3.10/site-packages/airflow/example_dags/example_setup_teardown.py
[2024-10-31T23:54:29.617-0300] {logging_mixin.py:190} INFO - [2024-10-31T23:54:29.617-0300] {dag.py:3239} INFO - Sync 1 DAGs
[2024-10-31T23:54:29.705-0300] {logging_mixin.py:190} INFO - [2024-10-31T23:54:29.704-0300] {dag.py:4180} INFO - Setting next_dagrun for example_setup_teardown to None, run_after=None
[2024-10-31T23:54:30.095-0300] {processor.py:208} INFO - Processing /home/nico/.local/lib/python3.10/site-packages/airflow/example_dags/example_setup_teardown.py took 0.679 seconds
[2024-11-01T00:02:27.476-0300] {processor.py:186} INFO - Started process (PID=154225) to work on /home/nico/.local/lib/python3.10/site-packages/airflow/example_dags/example_setup_teardown.py
[2024-11-01T00:02:27.484-0300] {processor.py:914} INFO - Processing file /home/nico/.local/lib/python3.10/site-packages/airflow/example_dags/example_setup_teardown.py for tasks to queue
[2024-11-01T00:02:27.490-0300] {logging_mixin.py:190} INFO - [2024-11-01T00:02:27.489-0300] {dagbag.py:588} INFO - Filling up the DagBag from /home/nico/.local/lib/python3.10/site-packages/airflow/example_dags/example_setup_teardown.py
[2024-11-01T00:02:27.528-0300] {processor.py:925} INFO - DAG(s) 'example_setup_teardown' retrieved from /home/nico/.local/lib/python3.10/site-packages/airflow/example_dags/example_setup_teardown.py
[2024-11-01T00:02:27.599-0300] {logging_mixin.py:190} INFO - [2024-11-01T00:02:27.598-0300] {dag.py:3239} INFO - Sync 1 DAGs
[2024-11-01T00:02:27.648-0300] {logging_mixin.py:190} INFO - [2024-11-01T00:02:27.647-0300] {dag.py:4180} INFO - Setting next_dagrun for example_setup_teardown to None, run_after=None
[2024-11-01T00:02:27.798-0300] {processor.py:208} INFO - Processing /home/nico/.local/lib/python3.10/site-packages/airflow/example_dags/example_setup_teardown.py took 0.354 seconds
[2024-11-01T00:05:07.505-0300] {processor.py:186} INFO - Started process (PID=154914) to work on /home/nico/.local/lib/python3.10/site-packages/airflow/example_dags/example_setup_teardown.py
[2024-11-01T00:05:07.514-0300] {processor.py:914} INFO - Processing file /home/nico/.local/lib/python3.10/site-packages/airflow/example_dags/example_setup_teardown.py for tasks to queue
[2024-11-01T00:05:07.523-0300] {logging_mixin.py:190} INFO - [2024-11-01T00:05:07.522-0300] {dagbag.py:588} INFO - Filling up the DagBag from /home/nico/.local/lib/python3.10/site-packages/airflow/example_dags/example_setup_teardown.py
[2024-11-01T00:05:07.565-0300] {processor.py:925} INFO - DAG(s) 'example_setup_teardown' retrieved from /home/nico/.local/lib/python3.10/site-packages/airflow/example_dags/example_setup_teardown.py
[2024-11-01T00:05:07.660-0300] {logging_mixin.py:190} INFO - [2024-11-01T00:05:07.660-0300] {dag.py:3239} INFO - Sync 1 DAGs
[2024-11-01T00:05:07.699-0300] {logging_mixin.py:190} INFO - [2024-11-01T00:05:07.699-0300] {dag.py:4180} INFO - Setting next_dagrun for example_setup_teardown to None, run_after=None
[2024-11-01T00:05:07.864-0300] {processor.py:208} INFO - Processing /home/nico/.local/lib/python3.10/site-packages/airflow/example_dags/example_setup_teardown.py took 0.397 seconds
[2024-11-01T00:20:07.877-0300] {processor.py:186} INFO - Started process (PID=158744) to work on /home/nico/.local/lib/python3.10/site-packages/airflow/example_dags/example_setup_teardown.py
[2024-11-01T00:20:07.908-0300] {processor.py:914} INFO - Processing file /home/nico/.local/lib/python3.10/site-packages/airflow/example_dags/example_setup_teardown.py for tasks to queue
[2024-11-01T00:20:07.912-0300] {logging_mixin.py:190} INFO - [2024-11-01T00:20:07.911-0300] {dagbag.py:588} INFO - Filling up the DagBag from /home/nico/.local/lib/python3.10/site-packages/airflow/example_dags/example_setup_teardown.py
[2024-11-01T00:20:07.927-0300] {processor.py:925} INFO - DAG(s) 'example_setup_teardown' retrieved from /home/nico/.local/lib/python3.10/site-packages/airflow/example_dags/example_setup_teardown.py
[2024-11-01T00:20:08.000-0300] {logging_mixin.py:190} INFO - [2024-11-01T00:20:08.000-0300] {dag.py:3239} INFO - Sync 1 DAGs
[2024-11-01T00:20:08.044-0300] {logging_mixin.py:190} INFO - [2024-11-01T00:20:08.044-0300] {dag.py:4180} INFO - Setting next_dagrun for example_setup_teardown to None, run_after=None
[2024-11-01T00:20:09.112-0300] {processor.py:208} INFO - Processing /home/nico/.local/lib/python3.10/site-packages/airflow/example_dags/example_setup_teardown.py took 1.248 seconds
[2024-11-01T00:33:29.673-0300] {processor.py:186} INFO - Started process (PID=162156) to work on /home/nico/.local/lib/python3.10/site-packages/airflow/example_dags/example_setup_teardown.py
[2024-11-01T00:33:29.697-0300] {processor.py:914} INFO - Processing file /home/nico/.local/lib/python3.10/site-packages/airflow/example_dags/example_setup_teardown.py for tasks to queue
[2024-11-01T00:33:29.709-0300] {logging_mixin.py:190} INFO - [2024-11-01T00:33:29.708-0300] {dagbag.py:588} INFO - Filling up the DagBag from /home/nico/.local/lib/python3.10/site-packages/airflow/example_dags/example_setup_teardown.py
[2024-11-01T00:33:29.778-0300] {processor.py:925} INFO - DAG(s) 'example_setup_teardown' retrieved from /home/nico/.local/lib/python3.10/site-packages/airflow/example_dags/example_setup_teardown.py
[2024-11-01T00:33:29.988-0300] {logging_mixin.py:190} INFO - [2024-11-01T00:33:29.988-0300] {dag.py:3239} INFO - Sync 1 DAGs
[2024-11-01T00:33:30.117-0300] {logging_mixin.py:190} INFO - [2024-11-01T00:33:30.116-0300] {dag.py:4180} INFO - Setting next_dagrun for example_setup_teardown to None, run_after=None
[2024-11-01T00:33:30.335-0300] {processor.py:208} INFO - Processing /home/nico/.local/lib/python3.10/site-packages/airflow/example_dags/example_setup_teardown.py took 0.714 seconds
[2024-11-01T00:35:31.441-0300] {processor.py:186} INFO - Started process (PID=162681) to work on /home/nico/.local/lib/python3.10/site-packages/airflow/example_dags/example_setup_teardown.py
[2024-11-01T00:35:31.445-0300] {processor.py:914} INFO - Processing file /home/nico/.local/lib/python3.10/site-packages/airflow/example_dags/example_setup_teardown.py for tasks to queue
[2024-11-01T00:35:31.457-0300] {logging_mixin.py:190} INFO - [2024-11-01T00:35:31.456-0300] {dagbag.py:588} INFO - Filling up the DagBag from /home/nico/.local/lib/python3.10/site-packages/airflow/example_dags/example_setup_teardown.py
[2024-11-01T00:35:31.499-0300] {processor.py:925} INFO - DAG(s) 'example_setup_teardown' retrieved from /home/nico/.local/lib/python3.10/site-packages/airflow/example_dags/example_setup_teardown.py
[2024-11-01T00:35:31.595-0300] {logging_mixin.py:190} INFO - [2024-11-01T00:35:31.594-0300] {dag.py:3239} INFO - Sync 1 DAGs
[2024-11-01T00:35:31.632-0300] {logging_mixin.py:190} INFO - [2024-11-01T00:35:31.632-0300] {dag.py:4180} INFO - Setting next_dagrun for example_setup_teardown to None, run_after=None
[2024-11-01T00:35:31.768-0300] {processor.py:208} INFO - Processing /home/nico/.local/lib/python3.10/site-packages/airflow/example_dags/example_setup_teardown.py took 0.377 seconds
[2024-11-01T00:51:10.179-0300] {processor.py:186} INFO - Started process (PID=166535) to work on /home/nico/.local/lib/python3.10/site-packages/airflow/example_dags/example_setup_teardown.py
[2024-11-01T00:51:10.218-0300] {processor.py:914} INFO - Processing file /home/nico/.local/lib/python3.10/site-packages/airflow/example_dags/example_setup_teardown.py for tasks to queue
[2024-11-01T00:51:10.244-0300] {logging_mixin.py:190} INFO - [2024-11-01T00:51:10.242-0300] {dagbag.py:588} INFO - Filling up the DagBag from /home/nico/.local/lib/python3.10/site-packages/airflow/example_dags/example_setup_teardown.py
[2024-11-01T00:51:10.361-0300] {processor.py:925} INFO - DAG(s) 'example_setup_teardown' retrieved from /home/nico/.local/lib/python3.10/site-packages/airflow/example_dags/example_setup_teardown.py
[2024-11-01T00:51:10.790-0300] {logging_mixin.py:190} INFO - [2024-11-01T00:51:10.789-0300] {dag.py:3239} INFO - Sync 1 DAGs
[2024-11-01T00:51:11.125-0300] {logging_mixin.py:190} INFO - [2024-11-01T00:51:11.124-0300] {dag.py:4180} INFO - Setting next_dagrun for example_setup_teardown to None, run_after=None
[2024-11-01T00:51:12.127-0300] {processor.py:208} INFO - Processing /home/nico/.local/lib/python3.10/site-packages/airflow/example_dags/example_setup_teardown.py took 1.989 seconds
[2024-11-01T00:53:41.244-0300] {processor.py:186} INFO - Started process (PID=167173) to work on /home/nico/.local/lib/python3.10/site-packages/airflow/example_dags/example_setup_teardown.py
[2024-11-01T00:53:41.247-0300] {processor.py:914} INFO - Processing file /home/nico/.local/lib/python3.10/site-packages/airflow/example_dags/example_setup_teardown.py for tasks to queue
[2024-11-01T00:53:41.255-0300] {logging_mixin.py:190} INFO - [2024-11-01T00:53:41.255-0300] {dagbag.py:588} INFO - Filling up the DagBag from /home/nico/.local/lib/python3.10/site-packages/airflow/example_dags/example_setup_teardown.py
[2024-11-01T00:53:41.281-0300] {processor.py:925} INFO - DAG(s) 'example_setup_teardown' retrieved from /home/nico/.local/lib/python3.10/site-packages/airflow/example_dags/example_setup_teardown.py
[2024-11-01T00:53:41.339-0300] {logging_mixin.py:190} INFO - [2024-11-01T00:53:41.338-0300] {dag.py:3239} INFO - Sync 1 DAGs
[2024-11-01T00:53:41.390-0300] {logging_mixin.py:190} INFO - [2024-11-01T00:53:41.389-0300] {dag.py:4180} INFO - Setting next_dagrun for example_setup_teardown to None, run_after=None
[2024-11-01T00:53:41.513-0300] {processor.py:208} INFO - Processing /home/nico/.local/lib/python3.10/site-packages/airflow/example_dags/example_setup_teardown.py took 0.291 seconds
[2024-11-01T00:58:27.965-0300] {processor.py:186} INFO - Started process (PID=168426) to work on /home/nico/.local/lib/python3.10/site-packages/airflow/example_dags/example_setup_teardown.py
[2024-11-01T00:58:27.978-0300] {processor.py:914} INFO - Processing file /home/nico/.local/lib/python3.10/site-packages/airflow/example_dags/example_setup_teardown.py for tasks to queue
[2024-11-01T00:58:27.995-0300] {logging_mixin.py:190} INFO - [2024-11-01T00:58:27.994-0300] {dagbag.py:588} INFO - Filling up the DagBag from /home/nico/.local/lib/python3.10/site-packages/airflow/example_dags/example_setup_teardown.py
[2024-11-01T00:58:28.075-0300] {processor.py:925} INFO - DAG(s) 'example_setup_teardown' retrieved from /home/nico/.local/lib/python3.10/site-packages/airflow/example_dags/example_setup_teardown.py
[2024-11-01T00:58:28.259-0300] {logging_mixin.py:190} INFO - [2024-11-01T00:58:28.258-0300] {dag.py:3239} INFO - Sync 1 DAGs
[2024-11-01T00:58:28.317-0300] {logging_mixin.py:190} INFO - [2024-11-01T00:58:28.316-0300] {dag.py:4180} INFO - Setting next_dagrun for example_setup_teardown to None, run_after=None
[2024-11-01T00:58:28.485-0300] {processor.py:208} INFO - Processing /home/nico/.local/lib/python3.10/site-packages/airflow/example_dags/example_setup_teardown.py took 0.560 seconds
[2024-11-01T01:00:39.448-0300] {processor.py:186} INFO - Started process (PID=168988) to work on /home/nico/.local/lib/python3.10/site-packages/airflow/example_dags/example_setup_teardown.py
[2024-11-01T01:00:39.458-0300] {processor.py:914} INFO - Processing file /home/nico/.local/lib/python3.10/site-packages/airflow/example_dags/example_setup_teardown.py for tasks to queue
[2024-11-01T01:00:39.477-0300] {logging_mixin.py:190} INFO - [2024-11-01T01:00:39.476-0300] {dagbag.py:588} INFO - Filling up the DagBag from /home/nico/.local/lib/python3.10/site-packages/airflow/example_dags/example_setup_teardown.py
[2024-11-01T01:00:39.538-0300] {processor.py:925} INFO - DAG(s) 'example_setup_teardown' retrieved from /home/nico/.local/lib/python3.10/site-packages/airflow/example_dags/example_setup_teardown.py
[2024-11-01T01:00:40.099-0300] {logging_mixin.py:190} INFO - [2024-11-01T01:00:40.098-0300] {dag.py:3239} INFO - Sync 1 DAGs
[2024-11-01T01:00:40.236-0300] {logging_mixin.py:190} INFO - [2024-11-01T01:00:40.235-0300] {dag.py:4180} INFO - Setting next_dagrun for example_setup_teardown to None, run_after=None
[2024-11-01T01:00:40.450-0300] {processor.py:208} INFO - Processing /home/nico/.local/lib/python3.10/site-packages/airflow/example_dags/example_setup_teardown.py took 1.043 seconds
[2024-11-01T01:05:47.652-0300] {processor.py:186} INFO - Started process (PID=170285) to work on /home/nico/.local/lib/python3.10/site-packages/airflow/example_dags/example_setup_teardown.py
[2024-11-01T01:05:47.655-0300] {processor.py:914} INFO - Processing file /home/nico/.local/lib/python3.10/site-packages/airflow/example_dags/example_setup_teardown.py for tasks to queue
[2024-11-01T01:05:47.658-0300] {logging_mixin.py:190} INFO - [2024-11-01T01:05:47.658-0300] {dagbag.py:588} INFO - Filling up the DagBag from /home/nico/.local/lib/python3.10/site-packages/airflow/example_dags/example_setup_teardown.py
[2024-11-01T01:05:47.678-0300] {processor.py:925} INFO - DAG(s) 'example_setup_teardown' retrieved from /home/nico/.local/lib/python3.10/site-packages/airflow/example_dags/example_setup_teardown.py
[2024-11-01T01:05:47.752-0300] {logging_mixin.py:190} INFO - [2024-11-01T01:05:47.751-0300] {dag.py:3239} INFO - Sync 1 DAGs
[2024-11-01T01:05:47.788-0300] {logging_mixin.py:190} INFO - [2024-11-01T01:05:47.787-0300] {dag.py:4180} INFO - Setting next_dagrun for example_setup_teardown to None, run_after=None
[2024-11-01T01:05:47.934-0300] {processor.py:208} INFO - Processing /home/nico/.local/lib/python3.10/site-packages/airflow/example_dags/example_setup_teardown.py took 0.302 seconds
[2024-11-01T01:09:26.144-0300] {processor.py:186} INFO - Started process (PID=171245) to work on /home/nico/.local/lib/python3.10/site-packages/airflow/example_dags/example_setup_teardown.py
[2024-11-01T01:09:26.155-0300] {processor.py:914} INFO - Processing file /home/nico/.local/lib/python3.10/site-packages/airflow/example_dags/example_setup_teardown.py for tasks to queue
[2024-11-01T01:09:26.162-0300] {logging_mixin.py:190} INFO - [2024-11-01T01:09:26.161-0300] {dagbag.py:588} INFO - Filling up the DagBag from /home/nico/.local/lib/python3.10/site-packages/airflow/example_dags/example_setup_teardown.py
[2024-11-01T01:09:26.204-0300] {processor.py:925} INFO - DAG(s) 'example_setup_teardown' retrieved from /home/nico/.local/lib/python3.10/site-packages/airflow/example_dags/example_setup_teardown.py
[2024-11-01T01:09:26.481-0300] {logging_mixin.py:190} INFO - [2024-11-01T01:09:26.480-0300] {dag.py:3239} INFO - Sync 1 DAGs
[2024-11-01T01:09:26.598-0300] {logging_mixin.py:190} INFO - [2024-11-01T01:09:26.597-0300] {dag.py:4180} INFO - Setting next_dagrun for example_setup_teardown to None, run_after=None
[2024-11-01T01:09:27.184-0300] {processor.py:208} INFO - Processing /home/nico/.local/lib/python3.10/site-packages/airflow/example_dags/example_setup_teardown.py took 1.087 seconds
[2024-11-01T01:35:17.398-0300] {processor.py:186} INFO - Started process (PID=177580) to work on /home/nico/.local/lib/python3.10/site-packages/airflow/example_dags/example_setup_teardown.py
[2024-11-01T01:35:17.402-0300] {processor.py:914} INFO - Processing file /home/nico/.local/lib/python3.10/site-packages/airflow/example_dags/example_setup_teardown.py for tasks to queue
[2024-11-01T01:35:17.407-0300] {logging_mixin.py:190} INFO - [2024-11-01T01:35:17.406-0300] {dagbag.py:588} INFO - Filling up the DagBag from /home/nico/.local/lib/python3.10/site-packages/airflow/example_dags/example_setup_teardown.py
[2024-11-01T01:35:17.432-0300] {processor.py:925} INFO - DAG(s) 'example_setup_teardown' retrieved from /home/nico/.local/lib/python3.10/site-packages/airflow/example_dags/example_setup_teardown.py
[2024-11-01T01:35:17.565-0300] {logging_mixin.py:190} INFO - [2024-11-01T01:35:17.564-0300] {dag.py:3239} INFO - Sync 1 DAGs
[2024-11-01T01:35:17.633-0300] {logging_mixin.py:190} INFO - [2024-11-01T01:35:17.629-0300] {dag.py:4180} INFO - Setting next_dagrun for example_setup_teardown to None, run_after=None
[2024-11-01T01:35:17.897-0300] {processor.py:208} INFO - Processing /home/nico/.local/lib/python3.10/site-packages/airflow/example_dags/example_setup_teardown.py took 0.521 seconds
[2024-11-01T01:37:19.831-0300] {processor.py:186} INFO - Started process (PID=178104) to work on /home/nico/.local/lib/python3.10/site-packages/airflow/example_dags/example_setup_teardown.py
[2024-11-01T01:37:19.835-0300] {processor.py:914} INFO - Processing file /home/nico/.local/lib/python3.10/site-packages/airflow/example_dags/example_setup_teardown.py for tasks to queue
[2024-11-01T01:37:19.841-0300] {logging_mixin.py:190} INFO - [2024-11-01T01:37:19.840-0300] {dagbag.py:588} INFO - Filling up the DagBag from /home/nico/.local/lib/python3.10/site-packages/airflow/example_dags/example_setup_teardown.py
[2024-11-01T01:37:19.884-0300] {processor.py:925} INFO - DAG(s) 'example_setup_teardown' retrieved from /home/nico/.local/lib/python3.10/site-packages/airflow/example_dags/example_setup_teardown.py
[2024-11-01T01:37:20.048-0300] {logging_mixin.py:190} INFO - [2024-11-01T01:37:20.046-0300] {dag.py:3239} INFO - Sync 1 DAGs
[2024-11-01T01:37:20.105-0300] {logging_mixin.py:190} INFO - [2024-11-01T01:37:20.104-0300] {dag.py:4180} INFO - Setting next_dagrun for example_setup_teardown to None, run_after=None
[2024-11-01T01:37:20.292-0300] {processor.py:208} INFO - Processing /home/nico/.local/lib/python3.10/site-packages/airflow/example_dags/example_setup_teardown.py took 0.486 seconds
[2024-11-01T01:40:22.296-0300] {processor.py:186} INFO - Started process (PID=178884) to work on /home/nico/.local/lib/python3.10/site-packages/airflow/example_dags/example_setup_teardown.py
[2024-11-01T01:40:22.327-0300] {processor.py:914} INFO - Processing file /home/nico/.local/lib/python3.10/site-packages/airflow/example_dags/example_setup_teardown.py for tasks to queue
[2024-11-01T01:40:22.346-0300] {logging_mixin.py:190} INFO - [2024-11-01T01:40:22.344-0300] {dagbag.py:588} INFO - Filling up the DagBag from /home/nico/.local/lib/python3.10/site-packages/airflow/example_dags/example_setup_teardown.py
[2024-11-01T01:40:22.413-0300] {processor.py:925} INFO - DAG(s) 'example_setup_teardown' retrieved from /home/nico/.local/lib/python3.10/site-packages/airflow/example_dags/example_setup_teardown.py
[2024-11-01T01:40:22.684-0300] {logging_mixin.py:190} INFO - [2024-11-01T01:40:22.683-0300] {dag.py:3239} INFO - Sync 1 DAGs
[2024-11-01T01:40:22.802-0300] {logging_mixin.py:190} INFO - [2024-11-01T01:40:22.801-0300] {dag.py:4180} INFO - Setting next_dagrun for example_setup_teardown to None, run_after=None
[2024-11-01T01:40:23.072-0300] {processor.py:208} INFO - Processing /home/nico/.local/lib/python3.10/site-packages/airflow/example_dags/example_setup_teardown.py took 0.830 seconds
[2024-11-01T01:43:31.272-0300] {processor.py:186} INFO - Started process (PID=179687) to work on /home/nico/.local/lib/python3.10/site-packages/airflow/example_dags/example_setup_teardown.py
[2024-11-01T01:43:31.276-0300] {processor.py:914} INFO - Processing file /home/nico/.local/lib/python3.10/site-packages/airflow/example_dags/example_setup_teardown.py for tasks to queue
[2024-11-01T01:43:31.281-0300] {logging_mixin.py:190} INFO - [2024-11-01T01:43:31.280-0300] {dagbag.py:588} INFO - Filling up the DagBag from /home/nico/.local/lib/python3.10/site-packages/airflow/example_dags/example_setup_teardown.py
[2024-11-01T01:43:31.309-0300] {processor.py:925} INFO - DAG(s) 'example_setup_teardown' retrieved from /home/nico/.local/lib/python3.10/site-packages/airflow/example_dags/example_setup_teardown.py
[2024-11-01T01:43:31.386-0300] {logging_mixin.py:190} INFO - [2024-11-01T01:43:31.385-0300] {dag.py:3239} INFO - Sync 1 DAGs
[2024-11-01T01:43:31.436-0300] {logging_mixin.py:190} INFO - [2024-11-01T01:43:31.436-0300] {dag.py:4180} INFO - Setting next_dagrun for example_setup_teardown to None, run_after=None
[2024-11-01T01:43:31.608-0300] {processor.py:208} INFO - Processing /home/nico/.local/lib/python3.10/site-packages/airflow/example_dags/example_setup_teardown.py took 0.378 seconds
[2024-11-01T01:46:58.288-0300] {processor.py:186} INFO - Started process (PID=180569) to work on /home/nico/.local/lib/python3.10/site-packages/airflow/example_dags/example_setup_teardown.py
[2024-11-01T01:46:58.293-0300] {processor.py:914} INFO - Processing file /home/nico/.local/lib/python3.10/site-packages/airflow/example_dags/example_setup_teardown.py for tasks to queue
[2024-11-01T01:46:58.300-0300] {logging_mixin.py:190} INFO - [2024-11-01T01:46:58.299-0300] {dagbag.py:588} INFO - Filling up the DagBag from /home/nico/.local/lib/python3.10/site-packages/airflow/example_dags/example_setup_teardown.py
[2024-11-01T01:46:58.331-0300] {processor.py:925} INFO - DAG(s) 'example_setup_teardown' retrieved from /home/nico/.local/lib/python3.10/site-packages/airflow/example_dags/example_setup_teardown.py
[2024-11-01T01:46:58.417-0300] {logging_mixin.py:190} INFO - [2024-11-01T01:46:58.417-0300] {dag.py:3239} INFO - Sync 1 DAGs
[2024-11-01T01:46:58.455-0300] {logging_mixin.py:190} INFO - [2024-11-01T01:46:58.454-0300] {dag.py:4180} INFO - Setting next_dagrun for example_setup_teardown to None, run_after=None
[2024-11-01T01:46:58.641-0300] {processor.py:208} INFO - Processing /home/nico/.local/lib/python3.10/site-packages/airflow/example_dags/example_setup_teardown.py took 0.390 seconds
[2024-11-01T01:50:47.594-0300] {processor.py:186} INFO - Started process (PID=181526) to work on /home/nico/.local/lib/python3.10/site-packages/airflow/example_dags/example_setup_teardown.py
[2024-11-01T01:50:47.598-0300] {processor.py:914} INFO - Processing file /home/nico/.local/lib/python3.10/site-packages/airflow/example_dags/example_setup_teardown.py for tasks to queue
[2024-11-01T01:50:47.603-0300] {logging_mixin.py:190} INFO - [2024-11-01T01:50:47.602-0300] {dagbag.py:588} INFO - Filling up the DagBag from /home/nico/.local/lib/python3.10/site-packages/airflow/example_dags/example_setup_teardown.py
[2024-11-01T01:50:47.641-0300] {processor.py:925} INFO - DAG(s) 'example_setup_teardown' retrieved from /home/nico/.local/lib/python3.10/site-packages/airflow/example_dags/example_setup_teardown.py
[2024-11-01T01:50:47.772-0300] {logging_mixin.py:190} INFO - [2024-11-01T01:50:47.771-0300] {dag.py:3239} INFO - Sync 1 DAGs
[2024-11-01T01:50:47.851-0300] {logging_mixin.py:190} INFO - [2024-11-01T01:50:47.850-0300] {dag.py:4180} INFO - Setting next_dagrun for example_setup_teardown to None, run_after=None
[2024-11-01T01:50:48.047-0300] {processor.py:208} INFO - Processing /home/nico/.local/lib/python3.10/site-packages/airflow/example_dags/example_setup_teardown.py took 0.499 seconds
[2024-11-01T01:54:04.118-0300] {processor.py:186} INFO - Started process (PID=182363) to work on /home/nico/.local/lib/python3.10/site-packages/airflow/example_dags/example_setup_teardown.py
[2024-11-01T01:54:04.128-0300] {processor.py:914} INFO - Processing file /home/nico/.local/lib/python3.10/site-packages/airflow/example_dags/example_setup_teardown.py for tasks to queue
[2024-11-01T01:54:04.133-0300] {logging_mixin.py:190} INFO - [2024-11-01T01:54:04.131-0300] {dagbag.py:588} INFO - Filling up the DagBag from /home/nico/.local/lib/python3.10/site-packages/airflow/example_dags/example_setup_teardown.py
[2024-11-01T01:54:04.163-0300] {processor.py:925} INFO - DAG(s) 'example_setup_teardown' retrieved from /home/nico/.local/lib/python3.10/site-packages/airflow/example_dags/example_setup_teardown.py
[2024-11-01T01:54:04.233-0300] {logging_mixin.py:190} INFO - [2024-11-01T01:54:04.233-0300] {dag.py:3239} INFO - Sync 1 DAGs
[2024-11-01T01:54:04.280-0300] {logging_mixin.py:190} INFO - [2024-11-01T01:54:04.279-0300] {dag.py:4180} INFO - Setting next_dagrun for example_setup_teardown to None, run_after=None
[2024-11-01T01:54:04.412-0300] {processor.py:208} INFO - Processing /home/nico/.local/lib/python3.10/site-packages/airflow/example_dags/example_setup_teardown.py took 0.315 seconds
[2024-11-01T01:57:03.058-0300] {processor.py:186} INFO - Started process (PID=183089) to work on /home/nico/.local/lib/python3.10/site-packages/airflow/example_dags/example_setup_teardown.py
[2024-11-01T01:57:03.063-0300] {processor.py:914} INFO - Processing file /home/nico/.local/lib/python3.10/site-packages/airflow/example_dags/example_setup_teardown.py for tasks to queue
[2024-11-01T01:57:03.069-0300] {logging_mixin.py:190} INFO - [2024-11-01T01:57:03.068-0300] {dagbag.py:588} INFO - Filling up the DagBag from /home/nico/.local/lib/python3.10/site-packages/airflow/example_dags/example_setup_teardown.py
[2024-11-01T01:57:03.111-0300] {processor.py:925} INFO - DAG(s) 'example_setup_teardown' retrieved from /home/nico/.local/lib/python3.10/site-packages/airflow/example_dags/example_setup_teardown.py
[2024-11-01T01:57:03.199-0300] {logging_mixin.py:190} INFO - [2024-11-01T01:57:03.198-0300] {dag.py:3239} INFO - Sync 1 DAGs
[2024-11-01T01:57:03.237-0300] {logging_mixin.py:190} INFO - [2024-11-01T01:57:03.236-0300] {dag.py:4180} INFO - Setting next_dagrun for example_setup_teardown to None, run_after=None
[2024-11-01T01:57:03.408-0300] {processor.py:208} INFO - Processing /home/nico/.local/lib/python3.10/site-packages/airflow/example_dags/example_setup_teardown.py took 0.373 seconds
[2024-11-01T01:59:34.713-0300] {processor.py:186} INFO - Started process (PID=183717) to work on /home/nico/.local/lib/python3.10/site-packages/airflow/example_dags/example_setup_teardown.py
[2024-11-01T01:59:34.719-0300] {processor.py:914} INFO - Processing file /home/nico/.local/lib/python3.10/site-packages/airflow/example_dags/example_setup_teardown.py for tasks to queue
[2024-11-01T01:59:34.739-0300] {logging_mixin.py:190} INFO - [2024-11-01T01:59:34.737-0300] {dagbag.py:588} INFO - Filling up the DagBag from /home/nico/.local/lib/python3.10/site-packages/airflow/example_dags/example_setup_teardown.py
[2024-11-01T01:59:34.793-0300] {processor.py:925} INFO - DAG(s) 'example_setup_teardown' retrieved from /home/nico/.local/lib/python3.10/site-packages/airflow/example_dags/example_setup_teardown.py
[2024-11-01T01:59:35.558-0300] {logging_mixin.py:190} INFO - [2024-11-01T01:59:35.550-0300] {dag.py:3239} INFO - Sync 1 DAGs
[2024-11-01T01:59:36.047-0300] {logging_mixin.py:190} INFO - [2024-11-01T01:59:36.046-0300] {dag.py:4180} INFO - Setting next_dagrun for example_setup_teardown to None, run_after=None
[2024-11-01T01:59:36.552-0300] {processor.py:208} INFO - Processing /home/nico/.local/lib/python3.10/site-packages/airflow/example_dags/example_setup_teardown.py took 1.871 seconds
[2024-11-01T02:01:44.886-0300] {processor.py:186} INFO - Started process (PID=184263) to work on /home/nico/.local/lib/python3.10/site-packages/airflow/example_dags/example_setup_teardown.py
[2024-11-01T02:01:44.889-0300] {processor.py:914} INFO - Processing file /home/nico/.local/lib/python3.10/site-packages/airflow/example_dags/example_setup_teardown.py for tasks to queue
[2024-11-01T02:01:44.892-0300] {logging_mixin.py:190} INFO - [2024-11-01T02:01:44.891-0300] {dagbag.py:588} INFO - Filling up the DagBag from /home/nico/.local/lib/python3.10/site-packages/airflow/example_dags/example_setup_teardown.py
[2024-11-01T02:01:44.913-0300] {processor.py:925} INFO - DAG(s) 'example_setup_teardown' retrieved from /home/nico/.local/lib/python3.10/site-packages/airflow/example_dags/example_setup_teardown.py
[2024-11-01T02:01:44.996-0300] {logging_mixin.py:190} INFO - [2024-11-01T02:01:44.996-0300] {dag.py:3239} INFO - Sync 1 DAGs
[2024-11-01T02:01:45.054-0300] {logging_mixin.py:190} INFO - [2024-11-01T02:01:45.053-0300] {dag.py:4180} INFO - Setting next_dagrun for example_setup_teardown to None, run_after=None
[2024-11-01T02:01:45.236-0300] {processor.py:208} INFO - Processing /home/nico/.local/lib/python3.10/site-packages/airflow/example_dags/example_setup_teardown.py took 0.365 seconds
[2024-11-01T02:10:00.794-0300] {processor.py:186} INFO - Started process (PID=186318) to work on /home/nico/.local/lib/python3.10/site-packages/airflow/example_dags/example_setup_teardown.py
[2024-11-01T02:10:00.797-0300] {processor.py:914} INFO - Processing file /home/nico/.local/lib/python3.10/site-packages/airflow/example_dags/example_setup_teardown.py for tasks to queue
[2024-11-01T02:10:00.801-0300] {logging_mixin.py:190} INFO - [2024-11-01T02:10:00.800-0300] {dagbag.py:588} INFO - Filling up the DagBag from /home/nico/.local/lib/python3.10/site-packages/airflow/example_dags/example_setup_teardown.py
[2024-11-01T02:10:00.818-0300] {processor.py:925} INFO - DAG(s) 'example_setup_teardown' retrieved from /home/nico/.local/lib/python3.10/site-packages/airflow/example_dags/example_setup_teardown.py
[2024-11-01T02:10:00.886-0300] {logging_mixin.py:190} INFO - [2024-11-01T02:10:00.886-0300] {dag.py:3239} INFO - Sync 1 DAGs
[2024-11-01T02:10:00.926-0300] {logging_mixin.py:190} INFO - [2024-11-01T02:10:00.926-0300] {dag.py:4180} INFO - Setting next_dagrun for example_setup_teardown to None, run_after=None
[2024-11-01T02:10:01.047-0300] {processor.py:208} INFO - Processing /home/nico/.local/lib/python3.10/site-packages/airflow/example_dags/example_setup_teardown.py took 0.269 seconds
[2024-11-01T02:12:08.842-0300] {processor.py:186} INFO - Started process (PID=186863) to work on /home/nico/.local/lib/python3.10/site-packages/airflow/example_dags/example_setup_teardown.py
[2024-11-01T02:12:08.851-0300] {processor.py:914} INFO - Processing file /home/nico/.local/lib/python3.10/site-packages/airflow/example_dags/example_setup_teardown.py for tasks to queue
[2024-11-01T02:12:08.860-0300] {logging_mixin.py:190} INFO - [2024-11-01T02:12:08.859-0300] {dagbag.py:588} INFO - Filling up the DagBag from /home/nico/.local/lib/python3.10/site-packages/airflow/example_dags/example_setup_teardown.py
[2024-11-01T02:12:08.910-0300] {processor.py:925} INFO - DAG(s) 'example_setup_teardown' retrieved from /home/nico/.local/lib/python3.10/site-packages/airflow/example_dags/example_setup_teardown.py
[2024-11-01T02:12:09.195-0300] {logging_mixin.py:190} INFO - [2024-11-01T02:12:09.194-0300] {dag.py:3239} INFO - Sync 1 DAGs
[2024-11-01T02:12:09.298-0300] {logging_mixin.py:190} INFO - [2024-11-01T02:12:09.298-0300] {dag.py:4180} INFO - Setting next_dagrun for example_setup_teardown to None, run_after=None
[2024-11-01T02:12:09.621-0300] {processor.py:208} INFO - Processing /home/nico/.local/lib/python3.10/site-packages/airflow/example_dags/example_setup_teardown.py took 0.800 seconds
[2024-11-01T02:18:48.944-0300] {processor.py:186} INFO - Started process (PID=188540) to work on /home/nico/.local/lib/python3.10/site-packages/airflow/example_dags/example_setup_teardown.py
[2024-11-01T02:18:48.958-0300] {processor.py:914} INFO - Processing file /home/nico/.local/lib/python3.10/site-packages/airflow/example_dags/example_setup_teardown.py for tasks to queue
[2024-11-01T02:18:48.963-0300] {logging_mixin.py:190} INFO - [2024-11-01T02:18:48.962-0300] {dagbag.py:588} INFO - Filling up the DagBag from /home/nico/.local/lib/python3.10/site-packages/airflow/example_dags/example_setup_teardown.py
[2024-11-01T02:18:49.027-0300] {processor.py:925} INFO - DAG(s) 'example_setup_teardown' retrieved from /home/nico/.local/lib/python3.10/site-packages/airflow/example_dags/example_setup_teardown.py
[2024-11-01T02:18:49.227-0300] {logging_mixin.py:190} INFO - [2024-11-01T02:18:49.226-0300] {dag.py:3239} INFO - Sync 1 DAGs
[2024-11-01T02:18:49.365-0300] {logging_mixin.py:190} INFO - [2024-11-01T02:18:49.364-0300] {dag.py:4180} INFO - Setting next_dagrun for example_setup_teardown to None, run_after=None
[2024-11-01T02:18:49.697-0300] {processor.py:208} INFO - Processing /home/nico/.local/lib/python3.10/site-packages/airflow/example_dags/example_setup_teardown.py took 0.799 seconds
[2024-11-01T02:23:51.840-0300] {processor.py:186} INFO - Started process (PID=189781) to work on /home/nico/.local/lib/python3.10/site-packages/airflow/example_dags/example_setup_teardown.py
[2024-11-01T02:23:51.844-0300] {processor.py:914} INFO - Processing file /home/nico/.local/lib/python3.10/site-packages/airflow/example_dags/example_setup_teardown.py for tasks to queue
[2024-11-01T02:23:51.853-0300] {logging_mixin.py:190} INFO - [2024-11-01T02:23:51.852-0300] {dagbag.py:588} INFO - Filling up the DagBag from /home/nico/.local/lib/python3.10/site-packages/airflow/example_dags/example_setup_teardown.py
[2024-11-01T02:23:51.923-0300] {processor.py:925} INFO - DAG(s) 'example_setup_teardown' retrieved from /home/nico/.local/lib/python3.10/site-packages/airflow/example_dags/example_setup_teardown.py
[2024-11-01T02:23:52.771-0300] {logging_mixin.py:190} INFO - [2024-11-01T02:23:52.770-0300] {dag.py:3239} INFO - Sync 1 DAGs
[2024-11-01T02:23:52.912-0300] {logging_mixin.py:190} INFO - [2024-11-01T02:23:52.911-0300] {dag.py:4180} INFO - Setting next_dagrun for example_setup_teardown to None, run_after=None
[2024-11-01T02:23:53.118-0300] {processor.py:208} INFO - Processing /home/nico/.local/lib/python3.10/site-packages/airflow/example_dags/example_setup_teardown.py took 1.313 seconds
[2024-11-01T02:33:39.759-0300] {processor.py:186} INFO - Started process (PID=192220) to work on /home/nico/.local/lib/python3.10/site-packages/airflow/example_dags/example_setup_teardown.py
[2024-11-01T02:33:39.773-0300] {processor.py:914} INFO - Processing file /home/nico/.local/lib/python3.10/site-packages/airflow/example_dags/example_setup_teardown.py for tasks to queue
[2024-11-01T02:33:39.787-0300] {logging_mixin.py:190} INFO - [2024-11-01T02:33:39.777-0300] {dagbag.py:588} INFO - Filling up the DagBag from /home/nico/.local/lib/python3.10/site-packages/airflow/example_dags/example_setup_teardown.py
[2024-11-01T02:33:39.852-0300] {processor.py:925} INFO - DAG(s) 'example_setup_teardown' retrieved from /home/nico/.local/lib/python3.10/site-packages/airflow/example_dags/example_setup_teardown.py
[2024-11-01T02:33:39.972-0300] {logging_mixin.py:190} INFO - [2024-11-01T02:33:39.971-0300] {dag.py:3239} INFO - Sync 1 DAGs
[2024-11-01T02:33:40.621-0300] {logging_mixin.py:190} INFO - [2024-11-01T02:33:40.620-0300] {dag.py:4180} INFO - Setting next_dagrun for example_setup_teardown to None, run_after=None
[2024-11-01T02:33:40.742-0300] {processor.py:208} INFO - Processing /home/nico/.local/lib/python3.10/site-packages/airflow/example_dags/example_setup_teardown.py took 1.036 seconds
[2024-11-01T02:36:29.619-0300] {processor.py:186} INFO - Started process (PID=192925) to work on /home/nico/.local/lib/python3.10/site-packages/airflow/example_dags/example_setup_teardown.py
[2024-11-01T02:36:29.622-0300] {processor.py:914} INFO - Processing file /home/nico/.local/lib/python3.10/site-packages/airflow/example_dags/example_setup_teardown.py for tasks to queue
[2024-11-01T02:36:29.626-0300] {logging_mixin.py:190} INFO - [2024-11-01T02:36:29.625-0300] {dagbag.py:588} INFO - Filling up the DagBag from /home/nico/.local/lib/python3.10/site-packages/airflow/example_dags/example_setup_teardown.py
[2024-11-01T02:36:29.657-0300] {processor.py:925} INFO - DAG(s) 'example_setup_teardown' retrieved from /home/nico/.local/lib/python3.10/site-packages/airflow/example_dags/example_setup_teardown.py
[2024-11-01T02:36:29.736-0300] {logging_mixin.py:190} INFO - [2024-11-01T02:36:29.735-0300] {dag.py:3239} INFO - Sync 1 DAGs
[2024-11-01T02:36:29.779-0300] {logging_mixin.py:190} INFO - [2024-11-01T02:36:29.779-0300] {dag.py:4180} INFO - Setting next_dagrun for example_setup_teardown to None, run_after=None
[2024-11-01T02:36:30.283-0300] {processor.py:208} INFO - Processing /home/nico/.local/lib/python3.10/site-packages/airflow/example_dags/example_setup_teardown.py took 0.679 seconds
[2024-11-01T02:38:54.915-0300] {processor.py:186} INFO - Started process (PID=193527) to work on /home/nico/.local/lib/python3.10/site-packages/airflow/example_dags/example_setup_teardown.py
[2024-11-01T02:38:54.924-0300] {processor.py:914} INFO - Processing file /home/nico/.local/lib/python3.10/site-packages/airflow/example_dags/example_setup_teardown.py for tasks to queue
[2024-11-01T02:38:54.930-0300] {logging_mixin.py:190} INFO - [2024-11-01T02:38:54.928-0300] {dagbag.py:588} INFO - Filling up the DagBag from /home/nico/.local/lib/python3.10/site-packages/airflow/example_dags/example_setup_teardown.py
[2024-11-01T02:38:54.952-0300] {processor.py:925} INFO - DAG(s) 'example_setup_teardown' retrieved from /home/nico/.local/lib/python3.10/site-packages/airflow/example_dags/example_setup_teardown.py
[2024-11-01T02:38:55.141-0300] {logging_mixin.py:190} INFO - [2024-11-01T02:38:55.140-0300] {dag.py:3239} INFO - Sync 1 DAGs
[2024-11-01T02:38:55.293-0300] {logging_mixin.py:190} INFO - [2024-11-01T02:38:55.292-0300] {dag.py:4180} INFO - Setting next_dagrun for example_setup_teardown to None, run_after=None
[2024-11-01T02:38:55.512-0300] {processor.py:208} INFO - Processing /home/nico/.local/lib/python3.10/site-packages/airflow/example_dags/example_setup_teardown.py took 0.634 seconds
