[2024-10-31T21:02:25.659-0300] {processor.py:186} INFO - Started process (PID=150118) to work on /home/nico/.local/lib/python3.10/site-packages/airflow/example_dags/example_xcom.py
[2024-10-31T21:02:25.663-0300] {processor.py:914} INFO - Processing file /home/nico/.local/lib/python3.10/site-packages/airflow/example_dags/example_xcom.py for tasks to queue
[2024-10-31T21:02:25.669-0300] {logging_mixin.py:190} INFO - [2024-10-31T21:02:25.668-0300] {dagbag.py:588} INFO - Filling up the DagBag from /home/nico/.local/lib/python3.10/site-packages/airflow/example_dags/example_xcom.py
[2024-10-31T21:02:25.696-0300] {processor.py:925} INFO - DAG(s) 'example_xcom' retrieved from /home/nico/.local/lib/python3.10/site-packages/airflow/example_dags/example_xcom.py
[2024-10-31T21:02:25.767-0300] {logging_mixin.py:190} INFO - [2024-10-31T21:02:25.767-0300] {dag.py:3239} INFO - Sync 1 DAGs
[2024-10-31T21:02:25.825-0300] {logging_mixin.py:190} INFO - [2024-10-31T21:02:25.824-0300] {dag.py:4180} INFO - Setting next_dagrun for example_xcom to 2021-01-01 00:00:00+00:00, run_after=2021-01-01 00:00:00+00:00
[2024-10-31T21:02:25.952-0300] {processor.py:208} INFO - Processing /home/nico/.local/lib/python3.10/site-packages/airflow/example_dags/example_xcom.py took 0.315 seconds
[2024-10-31T21:04:38.470-0300] {processor.py:186} INFO - Started process (PID=150680) to work on /home/nico/.local/lib/python3.10/site-packages/airflow/example_dags/example_xcom.py
[2024-10-31T21:04:38.475-0300] {processor.py:914} INFO - Processing file /home/nico/.local/lib/python3.10/site-packages/airflow/example_dags/example_xcom.py for tasks to queue
[2024-10-31T21:04:38.487-0300] {logging_mixin.py:190} INFO - [2024-10-31T21:04:38.486-0300] {dagbag.py:588} INFO - Filling up the DagBag from /home/nico/.local/lib/python3.10/site-packages/airflow/example_dags/example_xcom.py
[2024-10-31T21:04:38.566-0300] {processor.py:925} INFO - DAG(s) 'example_xcom' retrieved from /home/nico/.local/lib/python3.10/site-packages/airflow/example_dags/example_xcom.py
[2024-10-31T21:04:38.758-0300] {logging_mixin.py:190} INFO - [2024-10-31T21:04:38.758-0300] {dag.py:3239} INFO - Sync 1 DAGs
[2024-10-31T21:04:38.912-0300] {logging_mixin.py:190} INFO - [2024-10-31T21:04:38.911-0300] {dag.py:4180} INFO - Setting next_dagrun for example_xcom to 2021-01-01 00:00:00+00:00, run_after=2021-01-01 00:00:00+00:00
[2024-10-31T21:04:39.123-0300] {processor.py:208} INFO - Processing /home/nico/.local/lib/python3.10/site-packages/airflow/example_dags/example_xcom.py took 0.705 seconds
[2024-10-31T23:53:47.629-0300] {processor.py:186} INFO - Started process (PID=152015) to work on /home/nico/.local/lib/python3.10/site-packages/airflow/example_dags/example_xcom.py
[2024-10-31T23:53:47.676-0300] {processor.py:914} INFO - Processing file /home/nico/.local/lib/python3.10/site-packages/airflow/example_dags/example_xcom.py for tasks to queue
[2024-10-31T23:53:47.743-0300] {logging_mixin.py:190} INFO - [2024-10-31T23:53:47.726-0300] {dagbag.py:588} INFO - Filling up the DagBag from /home/nico/.local/lib/python3.10/site-packages/airflow/example_dags/example_xcom.py
[2024-10-31T23:53:48.028-0300] {processor.py:925} INFO - DAG(s) 'example_xcom' retrieved from /home/nico/.local/lib/python3.10/site-packages/airflow/example_dags/example_xcom.py
[2024-10-31T23:53:48.427-0300] {logging_mixin.py:190} INFO - [2024-10-31T23:53:48.426-0300] {dag.py:3239} INFO - Sync 1 DAGs
[2024-10-31T23:53:49.663-0300] {logging_mixin.py:190} INFO - [2024-10-31T23:53:49.662-0300] {dag.py:4180} INFO - Setting next_dagrun for example_xcom to 2021-01-01 00:00:00+00:00, run_after=2021-01-01 00:00:00+00:00
[2024-10-31T23:53:55.975-0300] {processor.py:208} INFO - Processing /home/nico/.local/lib/python3.10/site-packages/airflow/example_dags/example_xcom.py took 8.482 seconds
[2024-11-01T00:02:09.091-0300] {processor.py:186} INFO - Started process (PID=154145) to work on /home/nico/.local/lib/python3.10/site-packages/airflow/example_dags/example_xcom.py
[2024-11-01T00:02:09.094-0300] {processor.py:914} INFO - Processing file /home/nico/.local/lib/python3.10/site-packages/airflow/example_dags/example_xcom.py for tasks to queue
[2024-11-01T00:02:09.099-0300] {logging_mixin.py:190} INFO - [2024-11-01T00:02:09.098-0300] {dagbag.py:588} INFO - Filling up the DagBag from /home/nico/.local/lib/python3.10/site-packages/airflow/example_dags/example_xcom.py
[2024-11-01T00:02:09.129-0300] {processor.py:925} INFO - DAG(s) 'example_xcom' retrieved from /home/nico/.local/lib/python3.10/site-packages/airflow/example_dags/example_xcom.py
[2024-11-01T00:02:09.204-0300] {logging_mixin.py:190} INFO - [2024-11-01T00:02:09.204-0300] {dag.py:3239} INFO - Sync 1 DAGs
[2024-11-01T00:02:09.275-0300] {logging_mixin.py:190} INFO - [2024-11-01T00:02:09.274-0300] {dag.py:4180} INFO - Setting next_dagrun for example_xcom to 2021-01-01 00:00:00+00:00, run_after=2021-01-01 00:00:00+00:00
[2024-11-01T00:02:09.414-0300] {processor.py:208} INFO - Processing /home/nico/.local/lib/python3.10/site-packages/airflow/example_dags/example_xcom.py took 0.336 seconds
[2024-11-01T00:04:43.495-0300] {processor.py:186} INFO - Started process (PID=154805) to work on /home/nico/.local/lib/python3.10/site-packages/airflow/example_dags/example_xcom.py
[2024-11-01T00:04:43.497-0300] {processor.py:914} INFO - Processing file /home/nico/.local/lib/python3.10/site-packages/airflow/example_dags/example_xcom.py for tasks to queue
[2024-11-01T00:04:43.501-0300] {logging_mixin.py:190} INFO - [2024-11-01T00:04:43.500-0300] {dagbag.py:588} INFO - Filling up the DagBag from /home/nico/.local/lib/python3.10/site-packages/airflow/example_dags/example_xcom.py
[2024-11-01T00:04:43.522-0300] {processor.py:925} INFO - DAG(s) 'example_xcom' retrieved from /home/nico/.local/lib/python3.10/site-packages/airflow/example_dags/example_xcom.py
[2024-11-01T00:04:43.579-0300] {logging_mixin.py:190} INFO - [2024-11-01T00:04:43.578-0300] {dag.py:3239} INFO - Sync 1 DAGs
[2024-11-01T00:04:43.636-0300] {logging_mixin.py:190} INFO - [2024-11-01T00:04:43.635-0300] {dag.py:4180} INFO - Setting next_dagrun for example_xcom to 2021-01-01 00:00:00+00:00, run_after=2021-01-01 00:00:00+00:00
[2024-11-01T00:04:43.774-0300] {processor.py:208} INFO - Processing /home/nico/.local/lib/python3.10/site-packages/airflow/example_dags/example_xcom.py took 0.294 seconds
[2024-11-01T00:07:11.462-0300] {processor.py:186} INFO - Started process (PID=155429) to work on /home/nico/.local/lib/python3.10/site-packages/airflow/example_dags/example_xcom.py
[2024-11-01T00:07:11.465-0300] {processor.py:914} INFO - Processing file /home/nico/.local/lib/python3.10/site-packages/airflow/example_dags/example_xcom.py for tasks to queue
[2024-11-01T00:07:11.470-0300] {logging_mixin.py:190} INFO - [2024-11-01T00:07:11.469-0300] {dagbag.py:588} INFO - Filling up the DagBag from /home/nico/.local/lib/python3.10/site-packages/airflow/example_dags/example_xcom.py
[2024-11-01T00:07:11.492-0300] {processor.py:925} INFO - DAG(s) 'example_xcom' retrieved from /home/nico/.local/lib/python3.10/site-packages/airflow/example_dags/example_xcom.py
[2024-11-01T00:07:11.559-0300] {logging_mixin.py:190} INFO - [2024-11-01T00:07:11.558-0300] {dag.py:3239} INFO - Sync 1 DAGs
[2024-11-01T00:07:11.753-0300] {logging_mixin.py:190} INFO - [2024-11-01T00:07:11.747-0300] {dag.py:4180} INFO - Setting next_dagrun for example_xcom to 2021-01-01 00:00:00+00:00, run_after=2021-01-01 00:00:00+00:00
[2024-11-01T00:07:11.939-0300] {processor.py:208} INFO - Processing /home/nico/.local/lib/python3.10/site-packages/airflow/example_dags/example_xcom.py took 0.495 seconds
[2024-11-01T00:19:38.350-0300] {processor.py:186} INFO - Started process (PID=158621) to work on /home/nico/.local/lib/python3.10/site-packages/airflow/example_dags/example_xcom.py
[2024-11-01T00:19:38.356-0300] {processor.py:914} INFO - Processing file /home/nico/.local/lib/python3.10/site-packages/airflow/example_dags/example_xcom.py for tasks to queue
[2024-11-01T00:19:38.372-0300] {logging_mixin.py:190} INFO - [2024-11-01T00:19:38.371-0300] {dagbag.py:588} INFO - Filling up the DagBag from /home/nico/.local/lib/python3.10/site-packages/airflow/example_dags/example_xcom.py
[2024-11-01T00:19:38.432-0300] {processor.py:925} INFO - DAG(s) 'example_xcom' retrieved from /home/nico/.local/lib/python3.10/site-packages/airflow/example_dags/example_xcom.py
[2024-11-01T00:19:38.511-0300] {logging_mixin.py:190} INFO - [2024-11-01T00:19:38.511-0300] {dag.py:3239} INFO - Sync 1 DAGs
[2024-11-01T00:19:38.565-0300] {logging_mixin.py:190} INFO - [2024-11-01T00:19:38.564-0300] {dag.py:4180} INFO - Setting next_dagrun for example_xcom to 2021-01-01 00:00:00+00:00, run_after=2021-01-01 00:00:00+00:00
[2024-11-01T00:19:38.686-0300] {processor.py:208} INFO - Processing /home/nico/.local/lib/python3.10/site-packages/airflow/example_dags/example_xcom.py took 0.384 seconds
[2024-11-01T00:23:15.501-0300] {processor.py:186} INFO - Started process (PID=159519) to work on /home/nico/.local/lib/python3.10/site-packages/airflow/example_dags/example_xcom.py
[2024-11-01T00:23:15.504-0300] {processor.py:914} INFO - Processing file /home/nico/.local/lib/python3.10/site-packages/airflow/example_dags/example_xcom.py for tasks to queue
[2024-11-01T00:23:15.509-0300] {logging_mixin.py:190} INFO - [2024-11-01T00:23:15.508-0300] {dagbag.py:588} INFO - Filling up the DagBag from /home/nico/.local/lib/python3.10/site-packages/airflow/example_dags/example_xcom.py
[2024-11-01T00:23:15.553-0300] {processor.py:925} INFO - DAG(s) 'example_xcom' retrieved from /home/nico/.local/lib/python3.10/site-packages/airflow/example_dags/example_xcom.py
[2024-11-01T00:23:15.629-0300] {logging_mixin.py:190} INFO - [2024-11-01T00:23:15.628-0300] {dag.py:3239} INFO - Sync 1 DAGs
[2024-11-01T00:23:15.686-0300] {logging_mixin.py:190} INFO - [2024-11-01T00:23:15.685-0300] {dag.py:4180} INFO - Setting next_dagrun for example_xcom to 2021-01-01 00:00:00+00:00, run_after=2021-01-01 00:00:00+00:00
[2024-11-01T00:23:15.801-0300] {processor.py:208} INFO - Processing /home/nico/.local/lib/python3.10/site-packages/airflow/example_dags/example_xcom.py took 0.322 seconds
[2024-11-01T00:33:12.259-0300] {processor.py:186} INFO - Started process (PID=162083) to work on /home/nico/.local/lib/python3.10/site-packages/airflow/example_dags/example_xcom.py
[2024-11-01T00:33:12.262-0300] {processor.py:914} INFO - Processing file /home/nico/.local/lib/python3.10/site-packages/airflow/example_dags/example_xcom.py for tasks to queue
[2024-11-01T00:33:12.268-0300] {logging_mixin.py:190} INFO - [2024-11-01T00:33:12.267-0300] {dagbag.py:588} INFO - Filling up the DagBag from /home/nico/.local/lib/python3.10/site-packages/airflow/example_dags/example_xcom.py
[2024-11-01T00:33:12.294-0300] {processor.py:925} INFO - DAG(s) 'example_xcom' retrieved from /home/nico/.local/lib/python3.10/site-packages/airflow/example_dags/example_xcom.py
[2024-11-01T00:33:12.365-0300] {logging_mixin.py:190} INFO - [2024-11-01T00:33:12.364-0300] {dag.py:3239} INFO - Sync 1 DAGs
[2024-11-01T00:33:12.413-0300] {logging_mixin.py:190} INFO - [2024-11-01T00:33:12.413-0300] {dag.py:4180} INFO - Setting next_dagrun for example_xcom to 2021-01-01 00:00:00+00:00, run_after=2021-01-01 00:00:00+00:00
[2024-11-01T00:33:12.530-0300] {processor.py:208} INFO - Processing /home/nico/.local/lib/python3.10/site-packages/airflow/example_dags/example_xcom.py took 0.288 seconds
[2024-11-01T00:35:18.223-0300] {processor.py:186} INFO - Started process (PID=162623) to work on /home/nico/.local/lib/python3.10/site-packages/airflow/example_dags/example_xcom.py
[2024-11-01T00:35:18.232-0300] {processor.py:914} INFO - Processing file /home/nico/.local/lib/python3.10/site-packages/airflow/example_dags/example_xcom.py for tasks to queue
[2024-11-01T00:35:18.239-0300] {logging_mixin.py:190} INFO - [2024-11-01T00:35:18.238-0300] {dagbag.py:588} INFO - Filling up the DagBag from /home/nico/.local/lib/python3.10/site-packages/airflow/example_dags/example_xcom.py
[2024-11-01T00:35:18.290-0300] {processor.py:925} INFO - DAG(s) 'example_xcom' retrieved from /home/nico/.local/lib/python3.10/site-packages/airflow/example_dags/example_xcom.py
[2024-11-01T00:35:18.384-0300] {logging_mixin.py:190} INFO - [2024-11-01T00:35:18.382-0300] {dag.py:3239} INFO - Sync 1 DAGs
[2024-11-01T00:35:18.486-0300] {logging_mixin.py:190} INFO - [2024-11-01T00:35:18.485-0300] {dag.py:4180} INFO - Setting next_dagrun for example_xcom to 2021-01-01 00:00:00+00:00, run_after=2021-01-01 00:00:00+00:00
[2024-11-01T00:35:18.653-0300] {processor.py:208} INFO - Processing /home/nico/.local/lib/python3.10/site-packages/airflow/example_dags/example_xcom.py took 0.455 seconds
[2024-11-01T00:50:52.959-0300] {processor.py:186} INFO - Started process (PID=166459) to work on /home/nico/.local/lib/python3.10/site-packages/airflow/example_dags/example_xcom.py
[2024-11-01T00:50:52.964-0300] {processor.py:914} INFO - Processing file /home/nico/.local/lib/python3.10/site-packages/airflow/example_dags/example_xcom.py for tasks to queue
[2024-11-01T00:50:52.971-0300] {logging_mixin.py:190} INFO - [2024-11-01T00:50:52.970-0300] {dagbag.py:588} INFO - Filling up the DagBag from /home/nico/.local/lib/python3.10/site-packages/airflow/example_dags/example_xcom.py
[2024-11-01T00:50:53.015-0300] {processor.py:925} INFO - DAG(s) 'example_xcom' retrieved from /home/nico/.local/lib/python3.10/site-packages/airflow/example_dags/example_xcom.py
[2024-11-01T00:50:53.113-0300] {logging_mixin.py:190} INFO - [2024-11-01T00:50:53.112-0300] {dag.py:3239} INFO - Sync 1 DAGs
[2024-11-01T00:50:53.212-0300] {logging_mixin.py:190} INFO - [2024-11-01T00:50:53.211-0300] {dag.py:4180} INFO - Setting next_dagrun for example_xcom to 2021-01-01 00:00:00+00:00, run_after=2021-01-01 00:00:00+00:00
[2024-11-01T00:50:53.361-0300] {processor.py:208} INFO - Processing /home/nico/.local/lib/python3.10/site-packages/airflow/example_dags/example_xcom.py took 0.418 seconds
[2024-11-01T00:53:28.540-0300] {processor.py:186} INFO - Started process (PID=167117) to work on /home/nico/.local/lib/python3.10/site-packages/airflow/example_dags/example_xcom.py
[2024-11-01T00:53:28.542-0300] {processor.py:914} INFO - Processing file /home/nico/.local/lib/python3.10/site-packages/airflow/example_dags/example_xcom.py for tasks to queue
[2024-11-01T00:53:28.550-0300] {logging_mixin.py:190} INFO - [2024-11-01T00:53:28.549-0300] {dagbag.py:588} INFO - Filling up the DagBag from /home/nico/.local/lib/python3.10/site-packages/airflow/example_dags/example_xcom.py
[2024-11-01T00:53:28.590-0300] {processor.py:925} INFO - DAG(s) 'example_xcom' retrieved from /home/nico/.local/lib/python3.10/site-packages/airflow/example_dags/example_xcom.py
[2024-11-01T00:53:28.669-0300] {logging_mixin.py:190} INFO - [2024-11-01T00:53:28.668-0300] {dag.py:3239} INFO - Sync 1 DAGs
[2024-11-01T00:53:28.775-0300] {logging_mixin.py:190} INFO - [2024-11-01T00:53:28.775-0300] {dag.py:4180} INFO - Setting next_dagrun for example_xcom to 2021-01-01 00:00:00+00:00, run_after=2021-01-01 00:00:00+00:00
[2024-11-01T00:53:28.910-0300] {processor.py:208} INFO - Processing /home/nico/.local/lib/python3.10/site-packages/airflow/example_dags/example_xcom.py took 0.400 seconds
[2024-11-01T00:55:26.001-0300] {processor.py:186} INFO - Started process (PID=167621) to work on /home/nico/.local/lib/python3.10/site-packages/airflow/example_dags/example_xcom.py
[2024-11-01T00:55:26.005-0300] {processor.py:914} INFO - Processing file /home/nico/.local/lib/python3.10/site-packages/airflow/example_dags/example_xcom.py for tasks to queue
[2024-11-01T00:55:26.014-0300] {logging_mixin.py:190} INFO - [2024-11-01T00:55:26.011-0300] {dagbag.py:588} INFO - Filling up the DagBag from /home/nico/.local/lib/python3.10/site-packages/airflow/example_dags/example_xcom.py
[2024-11-01T00:55:26.054-0300] {processor.py:925} INFO - DAG(s) 'example_xcom' retrieved from /home/nico/.local/lib/python3.10/site-packages/airflow/example_dags/example_xcom.py
[2024-11-01T00:55:26.115-0300] {logging_mixin.py:190} INFO - [2024-11-01T00:55:26.114-0300] {dag.py:3239} INFO - Sync 1 DAGs
[2024-11-01T00:55:26.182-0300] {logging_mixin.py:190} INFO - [2024-11-01T00:55:26.182-0300] {dag.py:4180} INFO - Setting next_dagrun for example_xcom to 2021-01-01 00:00:00+00:00, run_after=2021-01-01 00:00:00+00:00
[2024-11-01T00:55:26.312-0300] {processor.py:208} INFO - Processing /home/nico/.local/lib/python3.10/site-packages/airflow/example_dags/example_xcom.py took 0.337 seconds
[2024-11-01T00:58:13.852-0300] {processor.py:186} INFO - Started process (PID=168366) to work on /home/nico/.local/lib/python3.10/site-packages/airflow/example_dags/example_xcom.py
[2024-11-01T00:58:13.855-0300] {processor.py:914} INFO - Processing file /home/nico/.local/lib/python3.10/site-packages/airflow/example_dags/example_xcom.py for tasks to queue
[2024-11-01T00:58:13.863-0300] {logging_mixin.py:190} INFO - [2024-11-01T00:58:13.862-0300] {dagbag.py:588} INFO - Filling up the DagBag from /home/nico/.local/lib/python3.10/site-packages/airflow/example_dags/example_xcom.py
[2024-11-01T00:58:13.894-0300] {processor.py:925} INFO - DAG(s) 'example_xcom' retrieved from /home/nico/.local/lib/python3.10/site-packages/airflow/example_dags/example_xcom.py
[2024-11-01T00:58:13.960-0300] {logging_mixin.py:190} INFO - [2024-11-01T00:58:13.959-0300] {dag.py:3239} INFO - Sync 1 DAGs
[2024-11-01T00:58:14.049-0300] {logging_mixin.py:190} INFO - [2024-11-01T00:58:14.048-0300] {dag.py:4180} INFO - Setting next_dagrun for example_xcom to 2021-01-01 00:00:00+00:00, run_after=2021-01-01 00:00:00+00:00
[2024-11-01T00:58:14.234-0300] {processor.py:208} INFO - Processing /home/nico/.local/lib/python3.10/site-packages/airflow/example_dags/example_xcom.py took 0.399 seconds
[2024-11-01T01:00:23.689-0300] {processor.py:186} INFO - Started process (PID=168921) to work on /home/nico/.local/lib/python3.10/site-packages/airflow/example_dags/example_xcom.py
[2024-11-01T01:00:23.691-0300] {processor.py:914} INFO - Processing file /home/nico/.local/lib/python3.10/site-packages/airflow/example_dags/example_xcom.py for tasks to queue
[2024-11-01T01:00:23.696-0300] {logging_mixin.py:190} INFO - [2024-11-01T01:00:23.695-0300] {dagbag.py:588} INFO - Filling up the DagBag from /home/nico/.local/lib/python3.10/site-packages/airflow/example_dags/example_xcom.py
[2024-11-01T01:00:23.768-0300] {processor.py:925} INFO - DAG(s) 'example_xcom' retrieved from /home/nico/.local/lib/python3.10/site-packages/airflow/example_dags/example_xcom.py
[2024-11-01T01:00:24.397-0300] {logging_mixin.py:190} INFO - [2024-11-01T01:00:24.397-0300] {dag.py:3239} INFO - Sync 1 DAGs
[2024-11-01T01:00:24.573-0300] {logging_mixin.py:190} INFO - [2024-11-01T01:00:24.571-0300] {dag.py:4180} INFO - Setting next_dagrun for example_xcom to 2021-01-01 00:00:00+00:00, run_after=2021-01-01 00:00:00+00:00
[2024-11-01T01:00:24.847-0300] {processor.py:208} INFO - Processing /home/nico/.local/lib/python3.10/site-packages/airflow/example_dags/example_xcom.py took 1.172 seconds
[2024-11-01T01:05:31.457-0300] {processor.py:186} INFO - Started process (PID=170215) to work on /home/nico/.local/lib/python3.10/site-packages/airflow/example_dags/example_xcom.py
[2024-11-01T01:05:31.460-0300] {processor.py:914} INFO - Processing file /home/nico/.local/lib/python3.10/site-packages/airflow/example_dags/example_xcom.py for tasks to queue
[2024-11-01T01:05:31.465-0300] {logging_mixin.py:190} INFO - [2024-11-01T01:05:31.463-0300] {dagbag.py:588} INFO - Filling up the DagBag from /home/nico/.local/lib/python3.10/site-packages/airflow/example_dags/example_xcom.py
[2024-11-01T01:05:31.493-0300] {processor.py:925} INFO - DAG(s) 'example_xcom' retrieved from /home/nico/.local/lib/python3.10/site-packages/airflow/example_dags/example_xcom.py
[2024-11-01T01:05:31.581-0300] {logging_mixin.py:190} INFO - [2024-11-01T01:05:31.581-0300] {dag.py:3239} INFO - Sync 1 DAGs
[2024-11-01T01:05:31.645-0300] {logging_mixin.py:190} INFO - [2024-11-01T01:05:31.645-0300] {dag.py:4180} INFO - Setting next_dagrun for example_xcom to 2021-01-01 00:00:00+00:00, run_after=2021-01-01 00:00:00+00:00
[2024-11-01T01:05:31.774-0300] {processor.py:208} INFO - Processing /home/nico/.local/lib/python3.10/site-packages/airflow/example_dags/example_xcom.py took 0.336 seconds
[2024-11-01T01:09:11.754-0300] {processor.py:186} INFO - Started process (PID=171183) to work on /home/nico/.local/lib/python3.10/site-packages/airflow/example_dags/example_xcom.py
[2024-11-01T01:09:11.756-0300] {processor.py:914} INFO - Processing file /home/nico/.local/lib/python3.10/site-packages/airflow/example_dags/example_xcom.py for tasks to queue
[2024-11-01T01:09:11.760-0300] {logging_mixin.py:190} INFO - [2024-11-01T01:09:11.759-0300] {dagbag.py:588} INFO - Filling up the DagBag from /home/nico/.local/lib/python3.10/site-packages/airflow/example_dags/example_xcom.py
[2024-11-01T01:09:11.777-0300] {processor.py:925} INFO - DAG(s) 'example_xcom' retrieved from /home/nico/.local/lib/python3.10/site-packages/airflow/example_dags/example_xcom.py
[2024-11-01T01:09:11.832-0300] {logging_mixin.py:190} INFO - [2024-11-01T01:09:11.831-0300] {dag.py:3239} INFO - Sync 1 DAGs
[2024-11-01T01:09:11.893-0300] {logging_mixin.py:190} INFO - [2024-11-01T01:09:11.892-0300] {dag.py:4180} INFO - Setting next_dagrun for example_xcom to 2021-01-01 00:00:00+00:00, run_after=2021-01-01 00:00:00+00:00
[2024-11-01T01:09:12.017-0300] {processor.py:208} INFO - Processing /home/nico/.local/lib/python3.10/site-packages/airflow/example_dags/example_xcom.py took 0.280 seconds
[2024-11-01T01:11:52.311-0300] {processor.py:186} INFO - Started process (PID=171848) to work on /home/nico/.local/lib/python3.10/site-packages/airflow/example_dags/example_xcom.py
[2024-11-01T01:11:52.323-0300] {processor.py:914} INFO - Processing file /home/nico/.local/lib/python3.10/site-packages/airflow/example_dags/example_xcom.py for tasks to queue
[2024-11-01T01:11:52.345-0300] {logging_mixin.py:190} INFO - [2024-11-01T01:11:52.343-0300] {dagbag.py:588} INFO - Filling up the DagBag from /home/nico/.local/lib/python3.10/site-packages/airflow/example_dags/example_xcom.py
[2024-11-01T01:11:52.423-0300] {processor.py:925} INFO - DAG(s) 'example_xcom' retrieved from /home/nico/.local/lib/python3.10/site-packages/airflow/example_dags/example_xcom.py
[2024-11-01T01:11:52.659-0300] {logging_mixin.py:190} INFO - [2024-11-01T01:11:52.658-0300] {dag.py:3239} INFO - Sync 1 DAGs
[2024-11-01T01:11:52.949-0300] {logging_mixin.py:190} INFO - [2024-11-01T01:11:52.948-0300] {dag.py:4180} INFO - Setting next_dagrun for example_xcom to 2021-01-01 00:00:00+00:00, run_after=2021-01-01 00:00:00+00:00
[2024-11-01T01:11:55.086-0300] {processor.py:208} INFO - Processing /home/nico/.local/lib/python3.10/site-packages/airflow/example_dags/example_xcom.py took 2.813 seconds
[2024-11-01T01:34:57.543-0300] {processor.py:186} INFO - Started process (PID=177497) to work on /home/nico/.local/lib/python3.10/site-packages/airflow/example_dags/example_xcom.py
[2024-11-01T01:34:57.662-0300] {processor.py:914} INFO - Processing file /home/nico/.local/lib/python3.10/site-packages/airflow/example_dags/example_xcom.py for tasks to queue
[2024-11-01T01:34:57.667-0300] {logging_mixin.py:190} INFO - [2024-11-01T01:34:57.666-0300] {dagbag.py:588} INFO - Filling up the DagBag from /home/nico/.local/lib/python3.10/site-packages/airflow/example_dags/example_xcom.py
[2024-11-01T01:34:57.692-0300] {processor.py:925} INFO - DAG(s) 'example_xcom' retrieved from /home/nico/.local/lib/python3.10/site-packages/airflow/example_dags/example_xcom.py
[2024-11-01T01:34:59.237-0300] {logging_mixin.py:190} INFO - [2024-11-01T01:34:59.236-0300] {dag.py:3239} INFO - Sync 1 DAGs
[2024-11-01T01:34:59.333-0300] {logging_mixin.py:190} INFO - [2024-11-01T01:34:59.332-0300] {dag.py:4180} INFO - Setting next_dagrun for example_xcom to 2021-01-01 00:00:00+00:00, run_after=2021-01-01 00:00:00+00:00
[2024-11-01T01:35:01.143-0300] {processor.py:208} INFO - Processing /home/nico/.local/lib/python3.10/site-packages/airflow/example_dags/example_xcom.py took 3.644 seconds
[2024-11-01T01:37:06.044-0300] {processor.py:186} INFO - Started process (PID=178045) to work on /home/nico/.local/lib/python3.10/site-packages/airflow/example_dags/example_xcom.py
[2024-11-01T01:37:06.047-0300] {processor.py:914} INFO - Processing file /home/nico/.local/lib/python3.10/site-packages/airflow/example_dags/example_xcom.py for tasks to queue
[2024-11-01T01:37:06.052-0300] {logging_mixin.py:190} INFO - [2024-11-01T01:37:06.051-0300] {dagbag.py:588} INFO - Filling up the DagBag from /home/nico/.local/lib/python3.10/site-packages/airflow/example_dags/example_xcom.py
[2024-11-01T01:37:06.080-0300] {processor.py:925} INFO - DAG(s) 'example_xcom' retrieved from /home/nico/.local/lib/python3.10/site-packages/airflow/example_dags/example_xcom.py
[2024-11-01T01:37:06.148-0300] {logging_mixin.py:190} INFO - [2024-11-01T01:37:06.147-0300] {dag.py:3239} INFO - Sync 1 DAGs
[2024-11-01T01:37:06.212-0300] {logging_mixin.py:190} INFO - [2024-11-01T01:37:06.212-0300] {dag.py:4180} INFO - Setting next_dagrun for example_xcom to 2021-01-01 00:00:00+00:00, run_after=2021-01-01 00:00:00+00:00
[2024-11-01T01:37:06.336-0300] {processor.py:208} INFO - Processing /home/nico/.local/lib/python3.10/site-packages/airflow/example_dags/example_xcom.py took 0.312 seconds
[2024-11-01T01:40:08.948-0300] {processor.py:186} INFO - Started process (PID=178826) to work on /home/nico/.local/lib/python3.10/site-packages/airflow/example_dags/example_xcom.py
[2024-11-01T01:40:08.951-0300] {processor.py:914} INFO - Processing file /home/nico/.local/lib/python3.10/site-packages/airflow/example_dags/example_xcom.py for tasks to queue
[2024-11-01T01:40:08.956-0300] {logging_mixin.py:190} INFO - [2024-11-01T01:40:08.955-0300] {dagbag.py:588} INFO - Filling up the DagBag from /home/nico/.local/lib/python3.10/site-packages/airflow/example_dags/example_xcom.py
[2024-11-01T01:40:08.977-0300] {processor.py:925} INFO - DAG(s) 'example_xcom' retrieved from /home/nico/.local/lib/python3.10/site-packages/airflow/example_dags/example_xcom.py
[2024-11-01T01:40:09.041-0300] {logging_mixin.py:190} INFO - [2024-11-01T01:40:09.041-0300] {dag.py:3239} INFO - Sync 1 DAGs
[2024-11-01T01:40:09.099-0300] {logging_mixin.py:190} INFO - [2024-11-01T01:40:09.098-0300] {dag.py:4180} INFO - Setting next_dagrun for example_xcom to 2021-01-01 00:00:00+00:00, run_after=2021-01-01 00:00:00+00:00
[2024-11-01T01:40:09.246-0300] {processor.py:208} INFO - Processing /home/nico/.local/lib/python3.10/site-packages/airflow/example_dags/example_xcom.py took 0.322 seconds
[2024-11-01T01:43:13.214-0300] {processor.py:186} INFO - Started process (PID=179611) to work on /home/nico/.local/lib/python3.10/site-packages/airflow/example_dags/example_xcom.py
[2024-11-01T01:43:13.229-0300] {processor.py:914} INFO - Processing file /home/nico/.local/lib/python3.10/site-packages/airflow/example_dags/example_xcom.py for tasks to queue
[2024-11-01T01:43:13.243-0300] {logging_mixin.py:190} INFO - [2024-11-01T01:43:13.241-0300] {dagbag.py:588} INFO - Filling up the DagBag from /home/nico/.local/lib/python3.10/site-packages/airflow/example_dags/example_xcom.py
[2024-11-01T01:43:13.307-0300] {processor.py:925} INFO - DAG(s) 'example_xcom' retrieved from /home/nico/.local/lib/python3.10/site-packages/airflow/example_dags/example_xcom.py
[2024-11-01T01:43:13.453-0300] {logging_mixin.py:190} INFO - [2024-11-01T01:43:13.452-0300] {dag.py:3239} INFO - Sync 1 DAGs
[2024-11-01T01:43:13.533-0300] {logging_mixin.py:190} INFO - [2024-11-01T01:43:13.532-0300] {dag.py:4180} INFO - Setting next_dagrun for example_xcom to 2021-01-01 00:00:00+00:00, run_after=2021-01-01 00:00:00+00:00
[2024-11-01T01:43:13.671-0300] {processor.py:208} INFO - Processing /home/nico/.local/lib/python3.10/site-packages/airflow/example_dags/example_xcom.py took 0.503 seconds
[2024-11-01T01:44:55.228-0300] {processor.py:186} INFO - Started process (PID=180046) to work on /home/nico/.local/lib/python3.10/site-packages/airflow/example_dags/example_xcom.py
[2024-11-01T01:44:55.231-0300] {processor.py:914} INFO - Processing file /home/nico/.local/lib/python3.10/site-packages/airflow/example_dags/example_xcom.py for tasks to queue
[2024-11-01T01:44:55.236-0300] {logging_mixin.py:190} INFO - [2024-11-01T01:44:55.235-0300] {dagbag.py:588} INFO - Filling up the DagBag from /home/nico/.local/lib/python3.10/site-packages/airflow/example_dags/example_xcom.py
[2024-11-01T01:44:55.262-0300] {processor.py:925} INFO - DAG(s) 'example_xcom' retrieved from /home/nico/.local/lib/python3.10/site-packages/airflow/example_dags/example_xcom.py
[2024-11-01T01:44:55.338-0300] {logging_mixin.py:190} INFO - [2024-11-01T01:44:55.337-0300] {dag.py:3239} INFO - Sync 1 DAGs
[2024-11-01T01:44:55.405-0300] {logging_mixin.py:190} INFO - [2024-11-01T01:44:55.404-0300] {dag.py:4180} INFO - Setting next_dagrun for example_xcom to 2021-01-01 00:00:00+00:00, run_after=2021-01-01 00:00:00+00:00
[2024-11-01T01:44:55.540-0300] {processor.py:208} INFO - Processing /home/nico/.local/lib/python3.10/site-packages/airflow/example_dags/example_xcom.py took 0.333 seconds
[2024-11-01T01:46:46.357-0300] {processor.py:186} INFO - Started process (PID=180516) to work on /home/nico/.local/lib/python3.10/site-packages/airflow/example_dags/example_xcom.py
[2024-11-01T01:46:46.360-0300] {processor.py:914} INFO - Processing file /home/nico/.local/lib/python3.10/site-packages/airflow/example_dags/example_xcom.py for tasks to queue
[2024-11-01T01:46:46.365-0300] {logging_mixin.py:190} INFO - [2024-11-01T01:46:46.363-0300] {dagbag.py:588} INFO - Filling up the DagBag from /home/nico/.local/lib/python3.10/site-packages/airflow/example_dags/example_xcom.py
[2024-11-01T01:46:46.395-0300] {processor.py:925} INFO - DAG(s) 'example_xcom' retrieved from /home/nico/.local/lib/python3.10/site-packages/airflow/example_dags/example_xcom.py
[2024-11-01T01:46:46.454-0300] {logging_mixin.py:190} INFO - [2024-11-01T01:46:46.453-0300] {dag.py:3239} INFO - Sync 1 DAGs
[2024-11-01T01:46:46.536-0300] {logging_mixin.py:190} INFO - [2024-11-01T01:46:46.535-0300] {dag.py:4180} INFO - Setting next_dagrun for example_xcom to 2021-01-01 00:00:00+00:00, run_after=2021-01-01 00:00:00+00:00
[2024-11-01T01:46:46.685-0300] {processor.py:208} INFO - Processing /home/nico/.local/lib/python3.10/site-packages/airflow/example_dags/example_xcom.py took 0.342 seconds
[2024-11-01T01:50:29.045-0300] {processor.py:186} INFO - Started process (PID=181450) to work on /home/nico/.local/lib/python3.10/site-packages/airflow/example_dags/example_xcom.py
[2024-11-01T01:50:29.048-0300] {processor.py:914} INFO - Processing file /home/nico/.local/lib/python3.10/site-packages/airflow/example_dags/example_xcom.py for tasks to queue
[2024-11-01T01:50:29.051-0300] {logging_mixin.py:190} INFO - [2024-11-01T01:50:29.051-0300] {dagbag.py:588} INFO - Filling up the DagBag from /home/nico/.local/lib/python3.10/site-packages/airflow/example_dags/example_xcom.py
[2024-11-01T01:50:29.072-0300] {processor.py:925} INFO - DAG(s) 'example_xcom' retrieved from /home/nico/.local/lib/python3.10/site-packages/airflow/example_dags/example_xcom.py
[2024-11-01T01:50:29.131-0300] {logging_mixin.py:190} INFO - [2024-11-01T01:50:29.131-0300] {dag.py:3239} INFO - Sync 1 DAGs
[2024-11-01T01:50:29.204-0300] {logging_mixin.py:190} INFO - [2024-11-01T01:50:29.204-0300] {dag.py:4180} INFO - Setting next_dagrun for example_xcom to 2021-01-01 00:00:00+00:00, run_after=2021-01-01 00:00:00+00:00
[2024-11-01T01:50:29.339-0300] {processor.py:208} INFO - Processing /home/nico/.local/lib/python3.10/site-packages/airflow/example_dags/example_xcom.py took 0.308 seconds
[2024-11-01T01:52:05.970-0300] {processor.py:186} INFO - Started process (PID=181866) to work on /home/nico/.local/lib/python3.10/site-packages/airflow/example_dags/example_xcom.py
[2024-11-01T01:52:05.972-0300] {processor.py:914} INFO - Processing file /home/nico/.local/lib/python3.10/site-packages/airflow/example_dags/example_xcom.py for tasks to queue
[2024-11-01T01:52:05.977-0300] {logging_mixin.py:190} INFO - [2024-11-01T01:52:05.976-0300] {dagbag.py:588} INFO - Filling up the DagBag from /home/nico/.local/lib/python3.10/site-packages/airflow/example_dags/example_xcom.py
[2024-11-01T01:52:05.999-0300] {processor.py:925} INFO - DAG(s) 'example_xcom' retrieved from /home/nico/.local/lib/python3.10/site-packages/airflow/example_dags/example_xcom.py
[2024-11-01T01:52:06.061-0300] {logging_mixin.py:190} INFO - [2024-11-01T01:52:06.061-0300] {dag.py:3239} INFO - Sync 1 DAGs
[2024-11-01T01:52:06.116-0300] {logging_mixin.py:190} INFO - [2024-11-01T01:52:06.115-0300] {dag.py:4180} INFO - Setting next_dagrun for example_xcom to 2021-01-01 00:00:00+00:00, run_after=2021-01-01 00:00:00+00:00
[2024-11-01T01:52:06.331-0300] {processor.py:208} INFO - Processing /home/nico/.local/lib/python3.10/site-packages/airflow/example_dags/example_xcom.py took 0.378 seconds
[2024-11-01T01:53:56.358-0300] {processor.py:186} INFO - Started process (PID=182331) to work on /home/nico/.local/lib/python3.10/site-packages/airflow/example_dags/example_xcom.py
[2024-11-01T01:53:56.362-0300] {processor.py:914} INFO - Processing file /home/nico/.local/lib/python3.10/site-packages/airflow/example_dags/example_xcom.py for tasks to queue
[2024-11-01T01:53:56.368-0300] {logging_mixin.py:190} INFO - [2024-11-01T01:53:56.366-0300] {dagbag.py:588} INFO - Filling up the DagBag from /home/nico/.local/lib/python3.10/site-packages/airflow/example_dags/example_xcom.py
[2024-11-01T01:53:56.395-0300] {processor.py:925} INFO - DAG(s) 'example_xcom' retrieved from /home/nico/.local/lib/python3.10/site-packages/airflow/example_dags/example_xcom.py
[2024-11-01T01:53:56.517-0300] {logging_mixin.py:190} INFO - [2024-11-01T01:53:56.516-0300] {dag.py:3239} INFO - Sync 1 DAGs
[2024-11-01T01:53:56.620-0300] {logging_mixin.py:190} INFO - [2024-11-01T01:53:56.619-0300] {dag.py:4180} INFO - Setting next_dagrun for example_xcom to 2021-01-01 00:00:00+00:00, run_after=2021-01-01 00:00:00+00:00
[2024-11-01T01:53:56.747-0300] {processor.py:208} INFO - Processing /home/nico/.local/lib/python3.10/site-packages/airflow/example_dags/example_xcom.py took 0.426 seconds
[2024-11-01T01:56:24.431-0300] {processor.py:186} INFO - Started process (PID=182933) to work on /home/nico/.local/lib/python3.10/site-packages/airflow/example_dags/example_xcom.py
[2024-11-01T01:56:24.448-0300] {processor.py:914} INFO - Processing file /home/nico/.local/lib/python3.10/site-packages/airflow/example_dags/example_xcom.py for tasks to queue
[2024-11-01T01:56:24.457-0300] {logging_mixin.py:190} INFO - [2024-11-01T01:56:24.453-0300] {dagbag.py:588} INFO - Filling up the DagBag from /home/nico/.local/lib/python3.10/site-packages/airflow/example_dags/example_xcom.py
[2024-11-01T01:56:24.541-0300] {processor.py:925} INFO - DAG(s) 'example_xcom' retrieved from /home/nico/.local/lib/python3.10/site-packages/airflow/example_dags/example_xcom.py
[2024-11-01T01:56:24.813-0300] {logging_mixin.py:190} INFO - [2024-11-01T01:56:24.812-0300] {dag.py:3239} INFO - Sync 1 DAGs
[2024-11-01T01:56:25.016-0300] {logging_mixin.py:190} INFO - [2024-11-01T01:56:25.015-0300] {dag.py:4180} INFO - Setting next_dagrun for example_xcom to 2021-01-01 00:00:00+00:00, run_after=2021-01-01 00:00:00+00:00
[2024-11-01T01:56:25.220-0300] {processor.py:208} INFO - Processing /home/nico/.local/lib/python3.10/site-packages/airflow/example_dags/example_xcom.py took 0.829 seconds
[2024-11-01T01:59:22.217-0300] {processor.py:186} INFO - Started process (PID=183662) to work on /home/nico/.local/lib/python3.10/site-packages/airflow/example_dags/example_xcom.py
[2024-11-01T01:59:22.221-0300] {processor.py:914} INFO - Processing file /home/nico/.local/lib/python3.10/site-packages/airflow/example_dags/example_xcom.py for tasks to queue
[2024-11-01T01:59:22.226-0300] {logging_mixin.py:190} INFO - [2024-11-01T01:59:22.225-0300] {dagbag.py:588} INFO - Filling up the DagBag from /home/nico/.local/lib/python3.10/site-packages/airflow/example_dags/example_xcom.py
[2024-11-01T01:59:22.260-0300] {processor.py:925} INFO - DAG(s) 'example_xcom' retrieved from /home/nico/.local/lib/python3.10/site-packages/airflow/example_dags/example_xcom.py
[2024-11-01T01:59:22.334-0300] {logging_mixin.py:190} INFO - [2024-11-01T01:59:22.333-0300] {dag.py:3239} INFO - Sync 1 DAGs
[2024-11-01T01:59:22.399-0300] {logging_mixin.py:190} INFO - [2024-11-01T01:59:22.399-0300] {dag.py:4180} INFO - Setting next_dagrun for example_xcom to 2021-01-01 00:00:00+00:00, run_after=2021-01-01 00:00:00+00:00
[2024-11-01T01:59:22.535-0300] {processor.py:208} INFO - Processing /home/nico/.local/lib/python3.10/site-packages/airflow/example_dags/example_xcom.py took 0.338 seconds
[2024-11-01T02:01:17.117-0300] {processor.py:186} INFO - Started process (PID=184148) to work on /home/nico/.local/lib/python3.10/site-packages/airflow/example_dags/example_xcom.py
[2024-11-01T02:01:17.120-0300] {processor.py:914} INFO - Processing file /home/nico/.local/lib/python3.10/site-packages/airflow/example_dags/example_xcom.py for tasks to queue
[2024-11-01T02:01:17.123-0300] {logging_mixin.py:190} INFO - [2024-11-01T02:01:17.123-0300] {dagbag.py:588} INFO - Filling up the DagBag from /home/nico/.local/lib/python3.10/site-packages/airflow/example_dags/example_xcom.py
[2024-11-01T02:01:17.154-0300] {processor.py:925} INFO - DAG(s) 'example_xcom' retrieved from /home/nico/.local/lib/python3.10/site-packages/airflow/example_dags/example_xcom.py
[2024-11-01T02:01:17.240-0300] {logging_mixin.py:190} INFO - [2024-11-01T02:01:17.239-0300] {dag.py:3239} INFO - Sync 1 DAGs
[2024-11-01T02:01:17.326-0300] {logging_mixin.py:190} INFO - [2024-11-01T02:01:17.325-0300] {dag.py:4180} INFO - Setting next_dagrun for example_xcom to 2021-01-01 00:00:00+00:00, run_after=2021-01-01 00:00:00+00:00
[2024-11-01T02:01:17.577-0300] {processor.py:208} INFO - Processing /home/nico/.local/lib/python3.10/site-packages/airflow/example_dags/example_xcom.py took 0.479 seconds
[2024-11-01T02:09:47.417-0300] {processor.py:186} INFO - Started process (PID=186260) to work on /home/nico/.local/lib/python3.10/site-packages/airflow/example_dags/example_xcom.py
[2024-11-01T02:09:47.420-0300] {processor.py:914} INFO - Processing file /home/nico/.local/lib/python3.10/site-packages/airflow/example_dags/example_xcom.py for tasks to queue
[2024-11-01T02:09:47.425-0300] {logging_mixin.py:190} INFO - [2024-11-01T02:09:47.424-0300] {dagbag.py:588} INFO - Filling up the DagBag from /home/nico/.local/lib/python3.10/site-packages/airflow/example_dags/example_xcom.py
[2024-11-01T02:09:47.444-0300] {processor.py:925} INFO - DAG(s) 'example_xcom' retrieved from /home/nico/.local/lib/python3.10/site-packages/airflow/example_dags/example_xcom.py
[2024-11-01T02:09:47.513-0300] {logging_mixin.py:190} INFO - [2024-11-01T02:09:47.512-0300] {dag.py:3239} INFO - Sync 1 DAGs
[2024-11-01T02:09:47.574-0300] {logging_mixin.py:190} INFO - [2024-11-01T02:09:47.574-0300] {dag.py:4180} INFO - Setting next_dagrun for example_xcom to 2021-01-01 00:00:00+00:00, run_after=2021-01-01 00:00:00+00:00
[2024-11-01T02:09:47.780-0300] {processor.py:208} INFO - Processing /home/nico/.local/lib/python3.10/site-packages/airflow/example_dags/example_xcom.py took 0.380 seconds
[2024-11-01T02:11:54.942-0300] {processor.py:186} INFO - Started process (PID=186803) to work on /home/nico/.local/lib/python3.10/site-packages/airflow/example_dags/example_xcom.py
[2024-11-01T02:11:54.947-0300] {processor.py:914} INFO - Processing file /home/nico/.local/lib/python3.10/site-packages/airflow/example_dags/example_xcom.py for tasks to queue
[2024-11-01T02:11:54.953-0300] {logging_mixin.py:190} INFO - [2024-11-01T02:11:54.951-0300] {dagbag.py:588} INFO - Filling up the DagBag from /home/nico/.local/lib/python3.10/site-packages/airflow/example_dags/example_xcom.py
[2024-11-01T02:11:54.991-0300] {processor.py:925} INFO - DAG(s) 'example_xcom' retrieved from /home/nico/.local/lib/python3.10/site-packages/airflow/example_dags/example_xcom.py
[2024-11-01T02:11:55.090-0300] {logging_mixin.py:190} INFO - [2024-11-01T02:11:55.089-0300] {dag.py:3239} INFO - Sync 1 DAGs
[2024-11-01T02:11:55.179-0300] {logging_mixin.py:190} INFO - [2024-11-01T02:11:55.179-0300] {dag.py:4180} INFO - Setting next_dagrun for example_xcom to 2021-01-01 00:00:00+00:00, run_after=2021-01-01 00:00:00+00:00
[2024-11-01T02:11:55.391-0300] {processor.py:208} INFO - Processing /home/nico/.local/lib/python3.10/site-packages/airflow/example_dags/example_xcom.py took 0.475 seconds
[2024-11-01T02:18:35.020-0300] {processor.py:186} INFO - Started process (PID=188481) to work on /home/nico/.local/lib/python3.10/site-packages/airflow/example_dags/example_xcom.py
[2024-11-01T02:18:35.022-0300] {processor.py:914} INFO - Processing file /home/nico/.local/lib/python3.10/site-packages/airflow/example_dags/example_xcom.py for tasks to queue
[2024-11-01T02:18:35.026-0300] {logging_mixin.py:190} INFO - [2024-11-01T02:18:35.025-0300] {dagbag.py:588} INFO - Filling up the DagBag from /home/nico/.local/lib/python3.10/site-packages/airflow/example_dags/example_xcom.py
[2024-11-01T02:18:35.046-0300] {processor.py:925} INFO - DAG(s) 'example_xcom' retrieved from /home/nico/.local/lib/python3.10/site-packages/airflow/example_dags/example_xcom.py
[2024-11-01T02:18:35.110-0300] {logging_mixin.py:190} INFO - [2024-11-01T02:18:35.109-0300] {dag.py:3239} INFO - Sync 1 DAGs
[2024-11-01T02:18:35.161-0300] {logging_mixin.py:190} INFO - [2024-11-01T02:18:35.160-0300] {dag.py:4180} INFO - Setting next_dagrun for example_xcom to 2021-01-01 00:00:00+00:00, run_after=2021-01-01 00:00:00+00:00
[2024-11-01T02:18:35.320-0300] {processor.py:208} INFO - Processing /home/nico/.local/lib/python3.10/site-packages/airflow/example_dags/example_xcom.py took 0.316 seconds
[2024-11-01T02:20:42.495-0300] {processor.py:186} INFO - Started process (PID=189008) to work on /home/nico/.local/lib/python3.10/site-packages/airflow/example_dags/example_xcom.py
[2024-11-01T02:20:42.498-0300] {processor.py:914} INFO - Processing file /home/nico/.local/lib/python3.10/site-packages/airflow/example_dags/example_xcom.py for tasks to queue
[2024-11-01T02:20:42.503-0300] {logging_mixin.py:190} INFO - [2024-11-01T02:20:42.502-0300] {dagbag.py:588} INFO - Filling up the DagBag from /home/nico/.local/lib/python3.10/site-packages/airflow/example_dags/example_xcom.py
[2024-11-01T02:20:42.531-0300] {processor.py:925} INFO - DAG(s) 'example_xcom' retrieved from /home/nico/.local/lib/python3.10/site-packages/airflow/example_dags/example_xcom.py
[2024-11-01T02:20:42.600-0300] {logging_mixin.py:190} INFO - [2024-11-01T02:20:42.600-0300] {dag.py:3239} INFO - Sync 1 DAGs
[2024-11-01T02:20:42.660-0300] {logging_mixin.py:190} INFO - [2024-11-01T02:20:42.659-0300] {dag.py:4180} INFO - Setting next_dagrun for example_xcom to 2021-01-01 00:00:00+00:00, run_after=2021-01-01 00:00:00+00:00
[2024-11-01T02:20:42.787-0300] {processor.py:208} INFO - Processing /home/nico/.local/lib/python3.10/site-packages/airflow/example_dags/example_xcom.py took 0.311 seconds
[2024-11-01T02:23:23.743-0300] {processor.py:186} INFO - Started process (PID=189666) to work on /home/nico/.local/lib/python3.10/site-packages/airflow/example_dags/example_xcom.py
[2024-11-01T02:23:23.750-0300] {processor.py:914} INFO - Processing file /home/nico/.local/lib/python3.10/site-packages/airflow/example_dags/example_xcom.py for tasks to queue
[2024-11-01T02:23:23.764-0300] {logging_mixin.py:190} INFO - [2024-11-01T02:23:23.763-0300] {dagbag.py:588} INFO - Filling up the DagBag from /home/nico/.local/lib/python3.10/site-packages/airflow/example_dags/example_xcom.py
[2024-11-01T02:23:23.854-0300] {processor.py:925} INFO - DAG(s) 'example_xcom' retrieved from /home/nico/.local/lib/python3.10/site-packages/airflow/example_dags/example_xcom.py
[2024-11-01T02:23:24.059-0300] {logging_mixin.py:190} INFO - [2024-11-01T02:23:24.059-0300] {dag.py:3239} INFO - Sync 1 DAGs
[2024-11-01T02:23:24.253-0300] {logging_mixin.py:190} INFO - [2024-11-01T02:23:24.252-0300] {dag.py:4180} INFO - Setting next_dagrun for example_xcom to 2021-01-01 00:00:00+00:00, run_after=2021-01-01 00:00:00+00:00
[2024-11-01T02:23:24.506-0300] {processor.py:208} INFO - Processing /home/nico/.local/lib/python3.10/site-packages/airflow/example_dags/example_xcom.py took 0.816 seconds
[2024-11-01T02:25:43.116-0300] {processor.py:186} INFO - Started process (PID=190244) to work on /home/nico/.local/lib/python3.10/site-packages/airflow/example_dags/example_xcom.py
[2024-11-01T02:25:43.120-0300] {processor.py:914} INFO - Processing file /home/nico/.local/lib/python3.10/site-packages/airflow/example_dags/example_xcom.py for tasks to queue
[2024-11-01T02:25:43.124-0300] {logging_mixin.py:190} INFO - [2024-11-01T02:25:43.123-0300] {dagbag.py:588} INFO - Filling up the DagBag from /home/nico/.local/lib/python3.10/site-packages/airflow/example_dags/example_xcom.py
[2024-11-01T02:25:43.145-0300] {processor.py:925} INFO - DAG(s) 'example_xcom' retrieved from /home/nico/.local/lib/python3.10/site-packages/airflow/example_dags/example_xcom.py
[2024-11-01T02:25:43.234-0300] {logging_mixin.py:190} INFO - [2024-11-01T02:25:43.233-0300] {dag.py:3239} INFO - Sync 1 DAGs
[2024-11-01T02:25:43.297-0300] {logging_mixin.py:190} INFO - [2024-11-01T02:25:43.296-0300] {dag.py:4180} INFO - Setting next_dagrun for example_xcom to 2021-01-01 00:00:00+00:00, run_after=2021-01-01 00:00:00+00:00
[2024-11-01T02:25:43.458-0300] {processor.py:208} INFO - Processing /home/nico/.local/lib/python3.10/site-packages/airflow/example_dags/example_xcom.py took 0.369 seconds
[2024-11-01T02:33:22.126-0300] {processor.py:186} INFO - Started process (PID=192146) to work on /home/nico/.local/lib/python3.10/site-packages/airflow/example_dags/example_xcom.py
[2024-11-01T02:33:22.129-0300] {processor.py:914} INFO - Processing file /home/nico/.local/lib/python3.10/site-packages/airflow/example_dags/example_xcom.py for tasks to queue
[2024-11-01T02:33:22.133-0300] {logging_mixin.py:190} INFO - [2024-11-01T02:33:22.132-0300] {dagbag.py:588} INFO - Filling up the DagBag from /home/nico/.local/lib/python3.10/site-packages/airflow/example_dags/example_xcom.py
[2024-11-01T02:33:22.154-0300] {processor.py:925} INFO - DAG(s) 'example_xcom' retrieved from /home/nico/.local/lib/python3.10/site-packages/airflow/example_dags/example_xcom.py
[2024-11-01T02:33:22.234-0300] {logging_mixin.py:190} INFO - [2024-11-01T02:33:22.233-0300] {dag.py:3239} INFO - Sync 1 DAGs
[2024-11-01T02:33:22.634-0300] {logging_mixin.py:190} INFO - [2024-11-01T02:33:22.633-0300] {dag.py:4180} INFO - Setting next_dagrun for example_xcom to 2021-01-01 00:00:00+00:00, run_after=2021-01-01 00:00:00+00:00
[2024-11-01T02:33:22.798-0300] {processor.py:208} INFO - Processing /home/nico/.local/lib/python3.10/site-packages/airflow/example_dags/example_xcom.py took 0.689 seconds
[2024-11-01T02:36:05.416-0300] {processor.py:186} INFO - Started process (PID=192823) to work on /home/nico/.local/lib/python3.10/site-packages/airflow/example_dags/example_xcom.py
[2024-11-01T02:36:05.420-0300] {processor.py:914} INFO - Processing file /home/nico/.local/lib/python3.10/site-packages/airflow/example_dags/example_xcom.py for tasks to queue
[2024-11-01T02:36:05.435-0300] {logging_mixin.py:190} INFO - [2024-11-01T02:36:05.433-0300] {dagbag.py:588} INFO - Filling up the DagBag from /home/nico/.local/lib/python3.10/site-packages/airflow/example_dags/example_xcom.py
[2024-11-01T02:36:05.493-0300] {processor.py:925} INFO - DAG(s) 'example_xcom' retrieved from /home/nico/.local/lib/python3.10/site-packages/airflow/example_dags/example_xcom.py
[2024-11-01T02:36:05.582-0300] {logging_mixin.py:190} INFO - [2024-11-01T02:36:05.581-0300] {dag.py:3239} INFO - Sync 1 DAGs
[2024-11-01T02:36:05.679-0300] {logging_mixin.py:190} INFO - [2024-11-01T02:36:05.678-0300] {dag.py:4180} INFO - Setting next_dagrun for example_xcom to 2021-01-01 00:00:00+00:00, run_after=2021-01-01 00:00:00+00:00
[2024-11-01T02:36:06.201-0300] {processor.py:208} INFO - Processing /home/nico/.local/lib/python3.10/site-packages/airflow/example_dags/example_xcom.py took 0.834 seconds
[2024-11-01T02:38:39.106-0300] {processor.py:186} INFO - Started process (PID=193458) to work on /home/nico/.local/lib/python3.10/site-packages/airflow/example_dags/example_xcom.py
[2024-11-01T02:38:39.109-0300] {processor.py:914} INFO - Processing file /home/nico/.local/lib/python3.10/site-packages/airflow/example_dags/example_xcom.py for tasks to queue
[2024-11-01T02:38:39.112-0300] {logging_mixin.py:190} INFO - [2024-11-01T02:38:39.111-0300] {dagbag.py:588} INFO - Filling up the DagBag from /home/nico/.local/lib/python3.10/site-packages/airflow/example_dags/example_xcom.py
[2024-11-01T02:38:39.139-0300] {processor.py:925} INFO - DAG(s) 'example_xcom' retrieved from /home/nico/.local/lib/python3.10/site-packages/airflow/example_dags/example_xcom.py
[2024-11-01T02:38:39.202-0300] {logging_mixin.py:190} INFO - [2024-11-01T02:38:39.202-0300] {dag.py:3239} INFO - Sync 1 DAGs
[2024-11-01T02:38:39.266-0300] {logging_mixin.py:190} INFO - [2024-11-01T02:38:39.265-0300] {dag.py:4180} INFO - Setting next_dagrun for example_xcom to 2021-01-01 00:00:00+00:00, run_after=2021-01-01 00:00:00+00:00
[2024-11-01T02:38:39.400-0300] {processor.py:208} INFO - Processing /home/nico/.local/lib/python3.10/site-packages/airflow/example_dags/example_xcom.py took 0.312 seconds
[2024-11-01T02:47:43.159-0300] {processor.py:186} INFO - Started process (PID=195773) to work on /home/nico/.local/lib/python3.10/site-packages/airflow/example_dags/example_xcom.py
[2024-11-01T02:47:43.163-0300] {processor.py:914} INFO - Processing file /home/nico/.local/lib/python3.10/site-packages/airflow/example_dags/example_xcom.py for tasks to queue
[2024-11-01T02:47:43.172-0300] {logging_mixin.py:190} INFO - [2024-11-01T02:47:43.169-0300] {dagbag.py:588} INFO - Filling up the DagBag from /home/nico/.local/lib/python3.10/site-packages/airflow/example_dags/example_xcom.py
[2024-11-01T02:47:43.607-0300] {processor.py:925} INFO - DAG(s) 'example_xcom' retrieved from /home/nico/.local/lib/python3.10/site-packages/airflow/example_dags/example_xcom.py
[2024-11-01T02:47:43.668-0300] {logging_mixin.py:190} INFO - [2024-11-01T02:47:43.667-0300] {dag.py:3239} INFO - Sync 1 DAGs
[2024-11-01T02:47:43.722-0300] {logging_mixin.py:190} INFO - [2024-11-01T02:47:43.721-0300] {dag.py:4180} INFO - Setting next_dagrun for example_xcom to 2021-01-01 00:00:00+00:00, run_after=2021-01-01 00:00:00+00:00
[2024-11-01T02:47:43.848-0300] {processor.py:208} INFO - Processing /home/nico/.local/lib/python3.10/site-packages/airflow/example_dags/example_xcom.py took 0.730 seconds
