[2024-10-31T21:02:23.580-0300] {processor.py:186} INFO - Started process (PID=150109) to work on /home/nico/.local/lib/python3.10/site-packages/airflow/example_dags/example_kubernetes_executor.py
[2024-10-31T21:02:23.584-0300] {processor.py:914} INFO - Processing file /home/nico/.local/lib/python3.10/site-packages/airflow/example_dags/example_kubernetes_executor.py for tasks to queue
[2024-10-31T21:02:23.597-0300] {logging_mixin.py:190} INFO - [2024-10-31T21:02:23.596-0300] {dagbag.py:588} INFO - Filling up the DagBag from /home/nico/.local/lib/python3.10/site-packages/airflow/example_dags/example_kubernetes_executor.py
[2024-10-31T21:02:23.613-0300] {logging_mixin.py:190} INFO - [2024-10-31T21:02:23.612-0300] {example_kubernetes_executor.py:39} WARNING - The example_kubernetes_executor example DAG requires the kubernetes provider. Please install it with: pip install apache-airflow[cncf.kubernetes]
[2024-10-31T21:02:23.615-0300] {processor.py:927} WARNING - No viable dags retrieved from /home/nico/.local/lib/python3.10/site-packages/airflow/example_dags/example_kubernetes_executor.py
[2024-10-31T21:02:23.688-0300] {processor.py:208} INFO - Processing /home/nico/.local/lib/python3.10/site-packages/airflow/example_dags/example_kubernetes_executor.py took 0.159 seconds
[2024-10-31T21:04:32.357-0300] {processor.py:186} INFO - Started process (PID=150665) to work on /home/nico/.local/lib/python3.10/site-packages/airflow/example_dags/example_kubernetes_executor.py
[2024-10-31T21:04:32.363-0300] {processor.py:914} INFO - Processing file /home/nico/.local/lib/python3.10/site-packages/airflow/example_dags/example_kubernetes_executor.py for tasks to queue
[2024-10-31T21:04:32.371-0300] {logging_mixin.py:190} INFO - [2024-10-31T21:04:32.370-0300] {dagbag.py:588} INFO - Filling up the DagBag from /home/nico/.local/lib/python3.10/site-packages/airflow/example_dags/example_kubernetes_executor.py
[2024-10-31T21:04:32.400-0300] {logging_mixin.py:190} INFO - [2024-10-31T21:04:32.399-0300] {example_kubernetes_executor.py:39} WARNING - The example_kubernetes_executor example DAG requires the kubernetes provider. Please install it with: pip install apache-airflow[cncf.kubernetes]
[2024-10-31T21:04:32.425-0300] {processor.py:927} WARNING - No viable dags retrieved from /home/nico/.local/lib/python3.10/site-packages/airflow/example_dags/example_kubernetes_executor.py
[2024-10-31T21:04:32.541-0300] {processor.py:208} INFO - Processing /home/nico/.local/lib/python3.10/site-packages/airflow/example_dags/example_kubernetes_executor.py took 0.207 seconds
[2024-10-31T23:53:41.781-0300] {processor.py:186} INFO - Started process (PID=151997) to work on /home/nico/.local/lib/python3.10/site-packages/airflow/example_dags/example_kubernetes_executor.py
[2024-10-31T23:53:41.793-0300] {processor.py:914} INFO - Processing file /home/nico/.local/lib/python3.10/site-packages/airflow/example_dags/example_kubernetes_executor.py for tasks to queue
[2024-10-31T23:53:41.813-0300] {logging_mixin.py:190} INFO - [2024-10-31T23:53:41.812-0300] {dagbag.py:588} INFO - Filling up the DagBag from /home/nico/.local/lib/python3.10/site-packages/airflow/example_dags/example_kubernetes_executor.py
[2024-10-31T23:53:41.864-0300] {logging_mixin.py:190} INFO - [2024-10-31T23:53:41.863-0300] {example_kubernetes_executor.py:39} WARNING - The example_kubernetes_executor example DAG requires the kubernetes provider. Please install it with: pip install apache-airflow[cncf.kubernetes]
[2024-10-31T23:53:41.868-0300] {processor.py:927} WARNING - No viable dags retrieved from /home/nico/.local/lib/python3.10/site-packages/airflow/example_dags/example_kubernetes_executor.py
[2024-10-31T23:53:42.000-0300] {processor.py:208} INFO - Processing /home/nico/.local/lib/python3.10/site-packages/airflow/example_dags/example_kubernetes_executor.py took 0.258 seconds
[2024-11-01T00:02:08.424-0300] {processor.py:186} INFO - Started process (PID=154142) to work on /home/nico/.local/lib/python3.10/site-packages/airflow/example_dags/example_kubernetes_executor.py
[2024-11-01T00:02:08.427-0300] {processor.py:914} INFO - Processing file /home/nico/.local/lib/python3.10/site-packages/airflow/example_dags/example_kubernetes_executor.py for tasks to queue
[2024-11-01T00:02:08.432-0300] {logging_mixin.py:190} INFO - [2024-11-01T00:02:08.431-0300] {dagbag.py:588} INFO - Filling up the DagBag from /home/nico/.local/lib/python3.10/site-packages/airflow/example_dags/example_kubernetes_executor.py
[2024-11-01T00:02:08.449-0300] {logging_mixin.py:190} INFO - [2024-11-01T00:02:08.448-0300] {example_kubernetes_executor.py:39} WARNING - The example_kubernetes_executor example DAG requires the kubernetes provider. Please install it with: pip install apache-airflow[cncf.kubernetes]
[2024-11-01T00:02:08.451-0300] {processor.py:927} WARNING - No viable dags retrieved from /home/nico/.local/lib/python3.10/site-packages/airflow/example_dags/example_kubernetes_executor.py
[2024-11-01T00:02:08.545-0300] {processor.py:208} INFO - Processing /home/nico/.local/lib/python3.10/site-packages/airflow/example_dags/example_kubernetes_executor.py took 0.140 seconds
[2024-11-01T00:04:41.995-0300] {processor.py:186} INFO - Started process (PID=154799) to work on /home/nico/.local/lib/python3.10/site-packages/airflow/example_dags/example_kubernetes_executor.py
[2024-11-01T00:04:41.998-0300] {processor.py:914} INFO - Processing file /home/nico/.local/lib/python3.10/site-packages/airflow/example_dags/example_kubernetes_executor.py for tasks to queue
[2024-11-01T00:04:42.001-0300] {logging_mixin.py:190} INFO - [2024-11-01T00:04:42.000-0300] {dagbag.py:588} INFO - Filling up the DagBag from /home/nico/.local/lib/python3.10/site-packages/airflow/example_dags/example_kubernetes_executor.py
[2024-11-01T00:04:42.014-0300] {logging_mixin.py:190} INFO - [2024-11-01T00:04:42.014-0300] {example_kubernetes_executor.py:39} WARNING - The example_kubernetes_executor example DAG requires the kubernetes provider. Please install it with: pip install apache-airflow[cncf.kubernetes]
[2024-11-01T00:04:42.016-0300] {processor.py:927} WARNING - No viable dags retrieved from /home/nico/.local/lib/python3.10/site-packages/airflow/example_dags/example_kubernetes_executor.py
[2024-11-01T00:04:42.068-0300] {processor.py:208} INFO - Processing /home/nico/.local/lib/python3.10/site-packages/airflow/example_dags/example_kubernetes_executor.py took 0.101 seconds
[2024-11-01T00:07:10.878-0300] {processor.py:186} INFO - Started process (PID=155425) to work on /home/nico/.local/lib/python3.10/site-packages/airflow/example_dags/example_kubernetes_executor.py
[2024-11-01T00:07:10.891-0300] {processor.py:914} INFO - Processing file /home/nico/.local/lib/python3.10/site-packages/airflow/example_dags/example_kubernetes_executor.py for tasks to queue
[2024-11-01T00:07:10.903-0300] {logging_mixin.py:190} INFO - [2024-11-01T00:07:10.895-0300] {dagbag.py:588} INFO - Filling up the DagBag from /home/nico/.local/lib/python3.10/site-packages/airflow/example_dags/example_kubernetes_executor.py
[2024-11-01T00:07:10.932-0300] {logging_mixin.py:190} INFO - [2024-11-01T00:07:10.931-0300] {example_kubernetes_executor.py:39} WARNING - The example_kubernetes_executor example DAG requires the kubernetes provider. Please install it with: pip install apache-airflow[cncf.kubernetes]
[2024-11-01T00:07:10.934-0300] {processor.py:927} WARNING - No viable dags retrieved from /home/nico/.local/lib/python3.10/site-packages/airflow/example_dags/example_kubernetes_executor.py
[2024-11-01T00:07:11.004-0300] {processor.py:208} INFO - Processing /home/nico/.local/lib/python3.10/site-packages/airflow/example_dags/example_kubernetes_executor.py took 0.164 seconds
[2024-11-01T00:19:36.562-0300] {processor.py:186} INFO - Started process (PID=158613) to work on /home/nico/.local/lib/python3.10/site-packages/airflow/example_dags/example_kubernetes_executor.py
[2024-11-01T00:19:36.568-0300] {processor.py:914} INFO - Processing file /home/nico/.local/lib/python3.10/site-packages/airflow/example_dags/example_kubernetes_executor.py for tasks to queue
[2024-11-01T00:19:36.573-0300] {logging_mixin.py:190} INFO - [2024-11-01T00:19:36.572-0300] {dagbag.py:588} INFO - Filling up the DagBag from /home/nico/.local/lib/python3.10/site-packages/airflow/example_dags/example_kubernetes_executor.py
[2024-11-01T00:19:36.592-0300] {logging_mixin.py:190} INFO - [2024-11-01T00:19:36.591-0300] {example_kubernetes_executor.py:39} WARNING - The example_kubernetes_executor example DAG requires the kubernetes provider. Please install it with: pip install apache-airflow[cncf.kubernetes]
[2024-11-01T00:19:36.594-0300] {processor.py:927} WARNING - No viable dags retrieved from /home/nico/.local/lib/python3.10/site-packages/airflow/example_dags/example_kubernetes_executor.py
[2024-11-01T00:19:36.646-0300] {processor.py:208} INFO - Processing /home/nico/.local/lib/python3.10/site-packages/airflow/example_dags/example_kubernetes_executor.py took 0.116 seconds
[2024-11-01T00:23:13.978-0300] {processor.py:186} INFO - Started process (PID=159512) to work on /home/nico/.local/lib/python3.10/site-packages/airflow/example_dags/example_kubernetes_executor.py
[2024-11-01T00:23:13.987-0300] {processor.py:914} INFO - Processing file /home/nico/.local/lib/python3.10/site-packages/airflow/example_dags/example_kubernetes_executor.py for tasks to queue
[2024-11-01T00:23:13.992-0300] {logging_mixin.py:190} INFO - [2024-11-01T00:23:13.991-0300] {dagbag.py:588} INFO - Filling up the DagBag from /home/nico/.local/lib/python3.10/site-packages/airflow/example_dags/example_kubernetes_executor.py
[2024-11-01T00:23:14.006-0300] {logging_mixin.py:190} INFO - [2024-11-01T00:23:14.005-0300] {example_kubernetes_executor.py:39} WARNING - The example_kubernetes_executor example DAG requires the kubernetes provider. Please install it with: pip install apache-airflow[cncf.kubernetes]
[2024-11-01T00:23:14.007-0300] {processor.py:927} WARNING - No viable dags retrieved from /home/nico/.local/lib/python3.10/site-packages/airflow/example_dags/example_kubernetes_executor.py
[2024-11-01T00:23:14.061-0300] {processor.py:208} INFO - Processing /home/nico/.local/lib/python3.10/site-packages/airflow/example_dags/example_kubernetes_executor.py took 0.115 seconds
[2024-11-01T00:33:11.666-0300] {processor.py:186} INFO - Started process (PID=162080) to work on /home/nico/.local/lib/python3.10/site-packages/airflow/example_dags/example_kubernetes_executor.py
[2024-11-01T00:33:11.673-0300] {processor.py:914} INFO - Processing file /home/nico/.local/lib/python3.10/site-packages/airflow/example_dags/example_kubernetes_executor.py for tasks to queue
[2024-11-01T00:33:11.679-0300] {logging_mixin.py:190} INFO - [2024-11-01T00:33:11.678-0300] {dagbag.py:588} INFO - Filling up the DagBag from /home/nico/.local/lib/python3.10/site-packages/airflow/example_dags/example_kubernetes_executor.py
[2024-11-01T00:33:11.694-0300] {logging_mixin.py:190} INFO - [2024-11-01T00:33:11.693-0300] {example_kubernetes_executor.py:39} WARNING - The example_kubernetes_executor example DAG requires the kubernetes provider. Please install it with: pip install apache-airflow[cncf.kubernetes]
[2024-11-01T00:33:11.695-0300] {processor.py:927} WARNING - No viable dags retrieved from /home/nico/.local/lib/python3.10/site-packages/airflow/example_dags/example_kubernetes_executor.py
[2024-11-01T00:33:11.737-0300] {processor.py:208} INFO - Processing /home/nico/.local/lib/python3.10/site-packages/airflow/example_dags/example_kubernetes_executor.py took 0.090 seconds
[2024-11-01T00:35:16.933-0300] {processor.py:186} INFO - Started process (PID=162617) to work on /home/nico/.local/lib/python3.10/site-packages/airflow/example_dags/example_kubernetes_executor.py
[2024-11-01T00:35:16.947-0300] {processor.py:914} INFO - Processing file /home/nico/.local/lib/python3.10/site-packages/airflow/example_dags/example_kubernetes_executor.py for tasks to queue
[2024-11-01T00:35:16.955-0300] {logging_mixin.py:190} INFO - [2024-11-01T00:35:16.953-0300] {dagbag.py:588} INFO - Filling up the DagBag from /home/nico/.local/lib/python3.10/site-packages/airflow/example_dags/example_kubernetes_executor.py
[2024-11-01T00:35:16.993-0300] {logging_mixin.py:190} INFO - [2024-11-01T00:35:16.992-0300] {example_kubernetes_executor.py:39} WARNING - The example_kubernetes_executor example DAG requires the kubernetes provider. Please install it with: pip install apache-airflow[cncf.kubernetes]
[2024-11-01T00:35:16.995-0300] {processor.py:927} WARNING - No viable dags retrieved from /home/nico/.local/lib/python3.10/site-packages/airflow/example_dags/example_kubernetes_executor.py
[2024-11-01T00:35:17.059-0300] {processor.py:208} INFO - Processing /home/nico/.local/lib/python3.10/site-packages/airflow/example_dags/example_kubernetes_executor.py took 0.148 seconds
[2024-11-01T00:36:53.532-0300] {processor.py:186} INFO - Started process (PID=163030) to work on /home/nico/.local/lib/python3.10/site-packages/airflow/example_dags/example_kubernetes_executor.py
[2024-11-01T00:36:53.535-0300] {processor.py:914} INFO - Processing file /home/nico/.local/lib/python3.10/site-packages/airflow/example_dags/example_kubernetes_executor.py for tasks to queue
[2024-11-01T00:36:53.542-0300] {logging_mixin.py:190} INFO - [2024-11-01T00:36:53.541-0300] {dagbag.py:588} INFO - Filling up the DagBag from /home/nico/.local/lib/python3.10/site-packages/airflow/example_dags/example_kubernetes_executor.py
[2024-11-01T00:36:53.564-0300] {logging_mixin.py:190} INFO - [2024-11-01T00:36:53.563-0300] {example_kubernetes_executor.py:39} WARNING - The example_kubernetes_executor example DAG requires the kubernetes provider. Please install it with: pip install apache-airflow[cncf.kubernetes]
[2024-11-01T00:36:53.566-0300] {processor.py:927} WARNING - No viable dags retrieved from /home/nico/.local/lib/python3.10/site-packages/airflow/example_dags/example_kubernetes_executor.py
[2024-11-01T00:36:53.641-0300] {processor.py:208} INFO - Processing /home/nico/.local/lib/python3.10/site-packages/airflow/example_dags/example_kubernetes_executor.py took 0.135 seconds
[2024-11-01T00:50:51.512-0300] {processor.py:186} INFO - Started process (PID=166452) to work on /home/nico/.local/lib/python3.10/site-packages/airflow/example_dags/example_kubernetes_executor.py
[2024-11-01T00:50:51.519-0300] {processor.py:914} INFO - Processing file /home/nico/.local/lib/python3.10/site-packages/airflow/example_dags/example_kubernetes_executor.py for tasks to queue
[2024-11-01T00:50:51.531-0300] {logging_mixin.py:190} INFO - [2024-11-01T00:50:51.529-0300] {dagbag.py:588} INFO - Filling up the DagBag from /home/nico/.local/lib/python3.10/site-packages/airflow/example_dags/example_kubernetes_executor.py
[2024-11-01T00:50:51.571-0300] {logging_mixin.py:190} INFO - [2024-11-01T00:50:51.570-0300] {example_kubernetes_executor.py:39} WARNING - The example_kubernetes_executor example DAG requires the kubernetes provider. Please install it with: pip install apache-airflow[cncf.kubernetes]
[2024-11-01T00:50:51.572-0300] {processor.py:927} WARNING - No viable dags retrieved from /home/nico/.local/lib/python3.10/site-packages/airflow/example_dags/example_kubernetes_executor.py
[2024-11-01T00:50:51.644-0300] {processor.py:208} INFO - Processing /home/nico/.local/lib/python3.10/site-packages/airflow/example_dags/example_kubernetes_executor.py took 0.170 seconds
[2024-11-01T00:53:27.119-0300] {processor.py:186} INFO - Started process (PID=167111) to work on /home/nico/.local/lib/python3.10/site-packages/airflow/example_dags/example_kubernetes_executor.py
[2024-11-01T00:53:27.123-0300] {processor.py:914} INFO - Processing file /home/nico/.local/lib/python3.10/site-packages/airflow/example_dags/example_kubernetes_executor.py for tasks to queue
[2024-11-01T00:53:27.131-0300] {logging_mixin.py:190} INFO - [2024-11-01T00:53:27.130-0300] {dagbag.py:588} INFO - Filling up the DagBag from /home/nico/.local/lib/python3.10/site-packages/airflow/example_dags/example_kubernetes_executor.py
[2024-11-01T00:53:27.151-0300] {logging_mixin.py:190} INFO - [2024-11-01T00:53:27.150-0300] {example_kubernetes_executor.py:39} WARNING - The example_kubernetes_executor example DAG requires the kubernetes provider. Please install it with: pip install apache-airflow[cncf.kubernetes]
[2024-11-01T00:53:27.152-0300] {processor.py:927} WARNING - No viable dags retrieved from /home/nico/.local/lib/python3.10/site-packages/airflow/example_dags/example_kubernetes_executor.py
[2024-11-01T00:53:27.200-0300] {processor.py:208} INFO - Processing /home/nico/.local/lib/python3.10/site-packages/airflow/example_dags/example_kubernetes_executor.py took 0.106 seconds
[2024-11-01T00:55:25.010-0300] {processor.py:186} INFO - Started process (PID=167616) to work on /home/nico/.local/lib/python3.10/site-packages/airflow/example_dags/example_kubernetes_executor.py
[2024-11-01T00:55:25.013-0300] {processor.py:914} INFO - Processing file /home/nico/.local/lib/python3.10/site-packages/airflow/example_dags/example_kubernetes_executor.py for tasks to queue
[2024-11-01T00:55:25.019-0300] {logging_mixin.py:190} INFO - [2024-11-01T00:55:25.018-0300] {dagbag.py:588} INFO - Filling up the DagBag from /home/nico/.local/lib/python3.10/site-packages/airflow/example_dags/example_kubernetes_executor.py
[2024-11-01T00:55:25.032-0300] {logging_mixin.py:190} INFO - [2024-11-01T00:55:25.031-0300] {example_kubernetes_executor.py:39} WARNING - The example_kubernetes_executor example DAG requires the kubernetes provider. Please install it with: pip install apache-airflow[cncf.kubernetes]
[2024-11-01T00:55:25.033-0300] {processor.py:927} WARNING - No viable dags retrieved from /home/nico/.local/lib/python3.10/site-packages/airflow/example_dags/example_kubernetes_executor.py
[2024-11-01T00:55:25.080-0300] {processor.py:208} INFO - Processing /home/nico/.local/lib/python3.10/site-packages/airflow/example_dags/example_kubernetes_executor.py took 0.086 seconds
[2024-11-01T00:58:12.538-0300] {processor.py:186} INFO - Started process (PID=168359) to work on /home/nico/.local/lib/python3.10/site-packages/airflow/example_dags/example_kubernetes_executor.py
[2024-11-01T00:58:12.546-0300] {processor.py:914} INFO - Processing file /home/nico/.local/lib/python3.10/site-packages/airflow/example_dags/example_kubernetes_executor.py for tasks to queue
[2024-11-01T00:58:12.567-0300] {logging_mixin.py:190} INFO - [2024-11-01T00:58:12.557-0300] {dagbag.py:588} INFO - Filling up the DagBag from /home/nico/.local/lib/python3.10/site-packages/airflow/example_dags/example_kubernetes_executor.py
[2024-11-01T00:58:12.611-0300] {logging_mixin.py:190} INFO - [2024-11-01T00:58:12.610-0300] {example_kubernetes_executor.py:39} WARNING - The example_kubernetes_executor example DAG requires the kubernetes provider. Please install it with: pip install apache-airflow[cncf.kubernetes]
[2024-11-01T00:58:12.613-0300] {processor.py:927} WARNING - No viable dags retrieved from /home/nico/.local/lib/python3.10/site-packages/airflow/example_dags/example_kubernetes_executor.py
[2024-11-01T00:58:12.763-0300] {processor.py:208} INFO - Processing /home/nico/.local/lib/python3.10/site-packages/airflow/example_dags/example_kubernetes_executor.py took 0.274 seconds
[2024-11-01T01:00:22.243-0300] {processor.py:186} INFO - Started process (PID=168914) to work on /home/nico/.local/lib/python3.10/site-packages/airflow/example_dags/example_kubernetes_executor.py
[2024-11-01T01:00:22.246-0300] {processor.py:914} INFO - Processing file /home/nico/.local/lib/python3.10/site-packages/airflow/example_dags/example_kubernetes_executor.py for tasks to queue
[2024-11-01T01:00:22.253-0300] {logging_mixin.py:190} INFO - [2024-11-01T01:00:22.252-0300] {dagbag.py:588} INFO - Filling up the DagBag from /home/nico/.local/lib/python3.10/site-packages/airflow/example_dags/example_kubernetes_executor.py
[2024-11-01T01:00:22.270-0300] {logging_mixin.py:190} INFO - [2024-11-01T01:00:22.269-0300] {example_kubernetes_executor.py:39} WARNING - The example_kubernetes_executor example DAG requires the kubernetes provider. Please install it with: pip install apache-airflow[cncf.kubernetes]
[2024-11-01T01:00:22.271-0300] {processor.py:927} WARNING - No viable dags retrieved from /home/nico/.local/lib/python3.10/site-packages/airflow/example_dags/example_kubernetes_executor.py
[2024-11-01T01:00:22.330-0300] {processor.py:208} INFO - Processing /home/nico/.local/lib/python3.10/site-packages/airflow/example_dags/example_kubernetes_executor.py took 0.123 seconds
[2024-11-01T01:05:29.846-0300] {processor.py:186} INFO - Started process (PID=170208) to work on /home/nico/.local/lib/python3.10/site-packages/airflow/example_dags/example_kubernetes_executor.py
[2024-11-01T01:05:29.853-0300] {processor.py:914} INFO - Processing file /home/nico/.local/lib/python3.10/site-packages/airflow/example_dags/example_kubernetes_executor.py for tasks to queue
[2024-11-01T01:05:29.863-0300] {logging_mixin.py:190} INFO - [2024-11-01T01:05:29.862-0300] {dagbag.py:588} INFO - Filling up the DagBag from /home/nico/.local/lib/python3.10/site-packages/airflow/example_dags/example_kubernetes_executor.py
[2024-11-01T01:05:29.912-0300] {logging_mixin.py:190} INFO - [2024-11-01T01:05:29.911-0300] {example_kubernetes_executor.py:39} WARNING - The example_kubernetes_executor example DAG requires the kubernetes provider. Please install it with: pip install apache-airflow[cncf.kubernetes]
[2024-11-01T01:05:29.914-0300] {processor.py:927} WARNING - No viable dags retrieved from /home/nico/.local/lib/python3.10/site-packages/airflow/example_dags/example_kubernetes_executor.py
[2024-11-01T01:05:30.024-0300] {processor.py:208} INFO - Processing /home/nico/.local/lib/python3.10/site-packages/airflow/example_dags/example_kubernetes_executor.py took 0.207 seconds
[2024-11-01T01:09:09.884-0300] {processor.py:186} INFO - Started process (PID=171175) to work on /home/nico/.local/lib/python3.10/site-packages/airflow/example_dags/example_kubernetes_executor.py
[2024-11-01T01:09:09.889-0300] {processor.py:914} INFO - Processing file /home/nico/.local/lib/python3.10/site-packages/airflow/example_dags/example_kubernetes_executor.py for tasks to queue
[2024-11-01T01:09:09.895-0300] {logging_mixin.py:190} INFO - [2024-11-01T01:09:09.894-0300] {dagbag.py:588} INFO - Filling up the DagBag from /home/nico/.local/lib/python3.10/site-packages/airflow/example_dags/example_kubernetes_executor.py
[2024-11-01T01:09:09.928-0300] {logging_mixin.py:190} INFO - [2024-11-01T01:09:09.927-0300] {example_kubernetes_executor.py:39} WARNING - The example_kubernetes_executor example DAG requires the kubernetes provider. Please install it with: pip install apache-airflow[cncf.kubernetes]
[2024-11-01T01:09:09.930-0300] {processor.py:927} WARNING - No viable dags retrieved from /home/nico/.local/lib/python3.10/site-packages/airflow/example_dags/example_kubernetes_executor.py
[2024-11-01T01:09:09.983-0300] {processor.py:208} INFO - Processing /home/nico/.local/lib/python3.10/site-packages/airflow/example_dags/example_kubernetes_executor.py took 0.140 seconds
[2024-11-01T01:11:47.467-0300] {processor.py:186} INFO - Started process (PID=171833) to work on /home/nico/.local/lib/python3.10/site-packages/airflow/example_dags/example_kubernetes_executor.py
[2024-11-01T01:11:47.470-0300] {processor.py:914} INFO - Processing file /home/nico/.local/lib/python3.10/site-packages/airflow/example_dags/example_kubernetes_executor.py for tasks to queue
[2024-11-01T01:11:47.477-0300] {logging_mixin.py:190} INFO - [2024-11-01T01:11:47.475-0300] {dagbag.py:588} INFO - Filling up the DagBag from /home/nico/.local/lib/python3.10/site-packages/airflow/example_dags/example_kubernetes_executor.py
[2024-11-01T01:11:47.492-0300] {logging_mixin.py:190} INFO - [2024-11-01T01:11:47.491-0300] {example_kubernetes_executor.py:39} WARNING - The example_kubernetes_executor example DAG requires the kubernetes provider. Please install it with: pip install apache-airflow[cncf.kubernetes]
[2024-11-01T01:11:47.494-0300] {processor.py:927} WARNING - No viable dags retrieved from /home/nico/.local/lib/python3.10/site-packages/airflow/example_dags/example_kubernetes_executor.py
[2024-11-01T01:11:47.549-0300] {processor.py:208} INFO - Processing /home/nico/.local/lib/python3.10/site-packages/airflow/example_dags/example_kubernetes_executor.py took 0.106 seconds
[2024-11-01T01:34:53.671-0300] {processor.py:186} INFO - Started process (PID=177481) to work on /home/nico/.local/lib/python3.10/site-packages/airflow/example_dags/example_kubernetes_executor.py
[2024-11-01T01:34:53.750-0300] {processor.py:914} INFO - Processing file /home/nico/.local/lib/python3.10/site-packages/airflow/example_dags/example_kubernetes_executor.py for tasks to queue
[2024-11-01T01:34:53.754-0300] {logging_mixin.py:190} INFO - [2024-11-01T01:34:53.753-0300] {dagbag.py:588} INFO - Filling up the DagBag from /home/nico/.local/lib/python3.10/site-packages/airflow/example_dags/example_kubernetes_executor.py
[2024-11-01T01:34:53.776-0300] {logging_mixin.py:190} INFO - [2024-11-01T01:34:53.775-0300] {example_kubernetes_executor.py:39} WARNING - The example_kubernetes_executor example DAG requires the kubernetes provider. Please install it with: pip install apache-airflow[cncf.kubernetes]
[2024-11-01T01:34:53.777-0300] {processor.py:927} WARNING - No viable dags retrieved from /home/nico/.local/lib/python3.10/site-packages/airflow/example_dags/example_kubernetes_executor.py
[2024-11-01T01:34:53.826-0300] {processor.py:208} INFO - Processing /home/nico/.local/lib/python3.10/site-packages/airflow/example_dags/example_kubernetes_executor.py took 0.191 seconds
[2024-11-01T01:37:05.239-0300] {processor.py:186} INFO - Started process (PID=178041) to work on /home/nico/.local/lib/python3.10/site-packages/airflow/example_dags/example_kubernetes_executor.py
[2024-11-01T01:37:05.242-0300] {processor.py:914} INFO - Processing file /home/nico/.local/lib/python3.10/site-packages/airflow/example_dags/example_kubernetes_executor.py for tasks to queue
[2024-11-01T01:37:05.247-0300] {logging_mixin.py:190} INFO - [2024-11-01T01:37:05.246-0300] {dagbag.py:588} INFO - Filling up the DagBag from /home/nico/.local/lib/python3.10/site-packages/airflow/example_dags/example_kubernetes_executor.py
[2024-11-01T01:37:05.264-0300] {logging_mixin.py:190} INFO - [2024-11-01T01:37:05.263-0300] {example_kubernetes_executor.py:39} WARNING - The example_kubernetes_executor example DAG requires the kubernetes provider. Please install it with: pip install apache-airflow[cncf.kubernetes]
[2024-11-01T01:37:05.265-0300] {processor.py:927} WARNING - No viable dags retrieved from /home/nico/.local/lib/python3.10/site-packages/airflow/example_dags/example_kubernetes_executor.py
[2024-11-01T01:37:05.336-0300] {processor.py:208} INFO - Processing /home/nico/.local/lib/python3.10/site-packages/airflow/example_dags/example_kubernetes_executor.py took 0.118 seconds
[2024-11-01T01:38:40.593-0300] {processor.py:186} INFO - Started process (PID=178448) to work on /home/nico/.local/lib/python3.10/site-packages/airflow/example_dags/example_kubernetes_executor.py
[2024-11-01T01:38:40.596-0300] {processor.py:914} INFO - Processing file /home/nico/.local/lib/python3.10/site-packages/airflow/example_dags/example_kubernetes_executor.py for tasks to queue
[2024-11-01T01:38:40.601-0300] {logging_mixin.py:190} INFO - [2024-11-01T01:38:40.600-0300] {dagbag.py:588} INFO - Filling up the DagBag from /home/nico/.local/lib/python3.10/site-packages/airflow/example_dags/example_kubernetes_executor.py
[2024-11-01T01:38:40.623-0300] {logging_mixin.py:190} INFO - [2024-11-01T01:38:40.622-0300] {example_kubernetes_executor.py:39} WARNING - The example_kubernetes_executor example DAG requires the kubernetes provider. Please install it with: pip install apache-airflow[cncf.kubernetes]
[2024-11-01T01:38:40.625-0300] {processor.py:927} WARNING - No viable dags retrieved from /home/nico/.local/lib/python3.10/site-packages/airflow/example_dags/example_kubernetes_executor.py
[2024-11-01T01:38:40.679-0300] {processor.py:208} INFO - Processing /home/nico/.local/lib/python3.10/site-packages/airflow/example_dags/example_kubernetes_executor.py took 0.112 seconds
[2024-11-01T01:41:32.790-0300] {processor.py:186} INFO - Started process (PID=179188) to work on /home/nico/.local/lib/python3.10/site-packages/airflow/example_dags/example_kubernetes_executor.py
[2024-11-01T01:41:32.793-0300] {processor.py:914} INFO - Processing file /home/nico/.local/lib/python3.10/site-packages/airflow/example_dags/example_kubernetes_executor.py for tasks to queue
[2024-11-01T01:41:32.796-0300] {logging_mixin.py:190} INFO - [2024-11-01T01:41:32.795-0300] {dagbag.py:588} INFO - Filling up the DagBag from /home/nico/.local/lib/python3.10/site-packages/airflow/example_dags/example_kubernetes_executor.py
[2024-11-01T01:41:32.809-0300] {logging_mixin.py:190} INFO - [2024-11-01T01:41:32.809-0300] {example_kubernetes_executor.py:39} WARNING - The example_kubernetes_executor example DAG requires the kubernetes provider. Please install it with: pip install apache-airflow[cncf.kubernetes]
[2024-11-01T01:41:32.811-0300] {processor.py:927} WARNING - No viable dags retrieved from /home/nico/.local/lib/python3.10/site-packages/airflow/example_dags/example_kubernetes_executor.py
[2024-11-01T01:41:32.863-0300] {processor.py:208} INFO - Processing /home/nico/.local/lib/python3.10/site-packages/airflow/example_dags/example_kubernetes_executor.py took 0.093 seconds
[2024-11-01T01:44:53.256-0300] {processor.py:186} INFO - Started process (PID=180038) to work on /home/nico/.local/lib/python3.10/site-packages/airflow/example_dags/example_kubernetes_executor.py
[2024-11-01T01:44:53.270-0300] {processor.py:914} INFO - Processing file /home/nico/.local/lib/python3.10/site-packages/airflow/example_dags/example_kubernetes_executor.py for tasks to queue
[2024-11-01T01:44:53.283-0300] {logging_mixin.py:190} INFO - [2024-11-01T01:44:53.282-0300] {dagbag.py:588} INFO - Filling up the DagBag from /home/nico/.local/lib/python3.10/site-packages/airflow/example_dags/example_kubernetes_executor.py
[2024-11-01T01:44:53.393-0300] {logging_mixin.py:190} INFO - [2024-11-01T01:44:53.392-0300] {example_kubernetes_executor.py:39} WARNING - The example_kubernetes_executor example DAG requires the kubernetes provider. Please install it with: pip install apache-airflow[cncf.kubernetes]
[2024-11-01T01:44:53.427-0300] {processor.py:927} WARNING - No viable dags retrieved from /home/nico/.local/lib/python3.10/site-packages/airflow/example_dags/example_kubernetes_executor.py
[2024-11-01T01:44:53.576-0300] {processor.py:208} INFO - Processing /home/nico/.local/lib/python3.10/site-packages/airflow/example_dags/example_kubernetes_executor.py took 0.369 seconds
[2024-11-01T01:46:44.943-0300] {processor.py:186} INFO - Started process (PID=180510) to work on /home/nico/.local/lib/python3.10/site-packages/airflow/example_dags/example_kubernetes_executor.py
[2024-11-01T01:46:44.947-0300] {processor.py:914} INFO - Processing file /home/nico/.local/lib/python3.10/site-packages/airflow/example_dags/example_kubernetes_executor.py for tasks to queue
[2024-11-01T01:46:44.952-0300] {logging_mixin.py:190} INFO - [2024-11-01T01:46:44.951-0300] {dagbag.py:588} INFO - Filling up the DagBag from /home/nico/.local/lib/python3.10/site-packages/airflow/example_dags/example_kubernetes_executor.py
[2024-11-01T01:46:44.974-0300] {logging_mixin.py:190} INFO - [2024-11-01T01:46:44.973-0300] {example_kubernetes_executor.py:39} WARNING - The example_kubernetes_executor example DAG requires the kubernetes provider. Please install it with: pip install apache-airflow[cncf.kubernetes]
[2024-11-01T01:46:44.976-0300] {processor.py:927} WARNING - No viable dags retrieved from /home/nico/.local/lib/python3.10/site-packages/airflow/example_dags/example_kubernetes_executor.py
[2024-11-01T01:46:45.046-0300] {processor.py:208} INFO - Processing /home/nico/.local/lib/python3.10/site-packages/airflow/example_dags/example_kubernetes_executor.py took 0.122 seconds
[2024-11-01T01:50:27.537-0300] {processor.py:186} INFO - Started process (PID=181443) to work on /home/nico/.local/lib/python3.10/site-packages/airflow/example_dags/example_kubernetes_executor.py
[2024-11-01T01:50:27.542-0300] {processor.py:914} INFO - Processing file /home/nico/.local/lib/python3.10/site-packages/airflow/example_dags/example_kubernetes_executor.py for tasks to queue
[2024-11-01T01:50:27.550-0300] {logging_mixin.py:190} INFO - [2024-11-01T01:50:27.549-0300] {dagbag.py:588} INFO - Filling up the DagBag from /home/nico/.local/lib/python3.10/site-packages/airflow/example_dags/example_kubernetes_executor.py
[2024-11-01T01:50:27.578-0300] {logging_mixin.py:190} INFO - [2024-11-01T01:50:27.577-0300] {example_kubernetes_executor.py:39} WARNING - The example_kubernetes_executor example DAG requires the kubernetes provider. Please install it with: pip install apache-airflow[cncf.kubernetes]
[2024-11-01T01:50:27.582-0300] {processor.py:927} WARNING - No viable dags retrieved from /home/nico/.local/lib/python3.10/site-packages/airflow/example_dags/example_kubernetes_executor.py
[2024-11-01T01:50:27.641-0300] {processor.py:208} INFO - Processing /home/nico/.local/lib/python3.10/site-packages/airflow/example_dags/example_kubernetes_executor.py took 0.134 seconds
[2024-11-01T01:52:04.563-0300] {processor.py:186} INFO - Started process (PID=181859) to work on /home/nico/.local/lib/python3.10/site-packages/airflow/example_dags/example_kubernetes_executor.py
[2024-11-01T01:52:04.567-0300] {processor.py:914} INFO - Processing file /home/nico/.local/lib/python3.10/site-packages/airflow/example_dags/example_kubernetes_executor.py for tasks to queue
[2024-11-01T01:52:04.572-0300] {logging_mixin.py:190} INFO - [2024-11-01T01:52:04.571-0300] {dagbag.py:588} INFO - Filling up the DagBag from /home/nico/.local/lib/python3.10/site-packages/airflow/example_dags/example_kubernetes_executor.py
[2024-11-01T01:52:04.588-0300] {logging_mixin.py:190} INFO - [2024-11-01T01:52:04.587-0300] {example_kubernetes_executor.py:39} WARNING - The example_kubernetes_executor example DAG requires the kubernetes provider. Please install it with: pip install apache-airflow[cncf.kubernetes]
[2024-11-01T01:52:04.590-0300] {processor.py:927} WARNING - No viable dags retrieved from /home/nico/.local/lib/python3.10/site-packages/airflow/example_dags/example_kubernetes_executor.py
[2024-11-01T01:52:04.648-0300] {processor.py:208} INFO - Processing /home/nico/.local/lib/python3.10/site-packages/airflow/example_dags/example_kubernetes_executor.py took 0.101 seconds
[2024-11-01T01:53:54.225-0300] {processor.py:186} INFO - Started process (PID=182321) to work on /home/nico/.local/lib/python3.10/site-packages/airflow/example_dags/example_kubernetes_executor.py
[2024-11-01T01:53:54.237-0300] {processor.py:914} INFO - Processing file /home/nico/.local/lib/python3.10/site-packages/airflow/example_dags/example_kubernetes_executor.py for tasks to queue
[2024-11-01T01:53:54.242-0300] {logging_mixin.py:190} INFO - [2024-11-01T01:53:54.241-0300] {dagbag.py:588} INFO - Filling up the DagBag from /home/nico/.local/lib/python3.10/site-packages/airflow/example_dags/example_kubernetes_executor.py
[2024-11-01T01:53:54.266-0300] {logging_mixin.py:190} INFO - [2024-11-01T01:53:54.265-0300] {example_kubernetes_executor.py:39} WARNING - The example_kubernetes_executor example DAG requires the kubernetes provider. Please install it with: pip install apache-airflow[cncf.kubernetes]
[2024-11-01T01:53:54.270-0300] {processor.py:927} WARNING - No viable dags retrieved from /home/nico/.local/lib/python3.10/site-packages/airflow/example_dags/example_kubernetes_executor.py
[2024-11-01T01:53:54.357-0300] {processor.py:208} INFO - Processing /home/nico/.local/lib/python3.10/site-packages/airflow/example_dags/example_kubernetes_executor.py took 0.176 seconds
[2024-11-01T01:56:21.196-0300] {processor.py:186} INFO - Started process (PID=182922) to work on /home/nico/.local/lib/python3.10/site-packages/airflow/example_dags/example_kubernetes_executor.py
[2024-11-01T01:56:21.200-0300] {processor.py:914} INFO - Processing file /home/nico/.local/lib/python3.10/site-packages/airflow/example_dags/example_kubernetes_executor.py for tasks to queue
[2024-11-01T01:56:21.205-0300] {logging_mixin.py:190} INFO - [2024-11-01T01:56:21.203-0300] {dagbag.py:588} INFO - Filling up the DagBag from /home/nico/.local/lib/python3.10/site-packages/airflow/example_dags/example_kubernetes_executor.py
[2024-11-01T01:56:21.224-0300] {logging_mixin.py:190} INFO - [2024-11-01T01:56:21.223-0300] {example_kubernetes_executor.py:39} WARNING - The example_kubernetes_executor example DAG requires the kubernetes provider. Please install it with: pip install apache-airflow[cncf.kubernetes]
[2024-11-01T01:56:21.226-0300] {processor.py:927} WARNING - No viable dags retrieved from /home/nico/.local/lib/python3.10/site-packages/airflow/example_dags/example_kubernetes_executor.py
[2024-11-01T01:56:21.351-0300] {processor.py:208} INFO - Processing /home/nico/.local/lib/python3.10/site-packages/airflow/example_dags/example_kubernetes_executor.py took 0.194 seconds
[2024-11-01T01:59:20.745-0300] {processor.py:186} INFO - Started process (PID=183655) to work on /home/nico/.local/lib/python3.10/site-packages/airflow/example_dags/example_kubernetes_executor.py
[2024-11-01T01:59:20.749-0300] {processor.py:914} INFO - Processing file /home/nico/.local/lib/python3.10/site-packages/airflow/example_dags/example_kubernetes_executor.py for tasks to queue
[2024-11-01T01:59:20.754-0300] {logging_mixin.py:190} INFO - [2024-11-01T01:59:20.753-0300] {dagbag.py:588} INFO - Filling up the DagBag from /home/nico/.local/lib/python3.10/site-packages/airflow/example_dags/example_kubernetes_executor.py
[2024-11-01T01:59:20.780-0300] {logging_mixin.py:190} INFO - [2024-11-01T01:59:20.779-0300] {example_kubernetes_executor.py:39} WARNING - The example_kubernetes_executor example DAG requires the kubernetes provider. Please install it with: pip install apache-airflow[cncf.kubernetes]
[2024-11-01T01:59:20.782-0300] {processor.py:927} WARNING - No viable dags retrieved from /home/nico/.local/lib/python3.10/site-packages/airflow/example_dags/example_kubernetes_executor.py
[2024-11-01T01:59:20.840-0300] {processor.py:208} INFO - Processing /home/nico/.local/lib/python3.10/site-packages/airflow/example_dags/example_kubernetes_executor.py took 0.121 seconds
[2024-11-01T02:01:16.427-0300] {processor.py:186} INFO - Started process (PID=184144) to work on /home/nico/.local/lib/python3.10/site-packages/airflow/example_dags/example_kubernetes_executor.py
[2024-11-01T02:01:16.439-0300] {processor.py:914} INFO - Processing file /home/nico/.local/lib/python3.10/site-packages/airflow/example_dags/example_kubernetes_executor.py for tasks to queue
[2024-11-01T02:01:16.455-0300] {logging_mixin.py:190} INFO - [2024-11-01T02:01:16.444-0300] {dagbag.py:588} INFO - Filling up the DagBag from /home/nico/.local/lib/python3.10/site-packages/airflow/example_dags/example_kubernetes_executor.py
[2024-11-01T02:01:16.485-0300] {logging_mixin.py:190} INFO - [2024-11-01T02:01:16.484-0300] {example_kubernetes_executor.py:39} WARNING - The example_kubernetes_executor example DAG requires the kubernetes provider. Please install it with: pip install apache-airflow[cncf.kubernetes]
[2024-11-01T02:01:16.487-0300] {processor.py:927} WARNING - No viable dags retrieved from /home/nico/.local/lib/python3.10/site-packages/airflow/example_dags/example_kubernetes_executor.py
[2024-11-01T02:01:16.549-0300] {processor.py:208} INFO - Processing /home/nico/.local/lib/python3.10/site-packages/airflow/example_dags/example_kubernetes_executor.py took 0.175 seconds
[2024-11-01T02:09:46.904-0300] {processor.py:186} INFO - Started process (PID=186257) to work on /home/nico/.local/lib/python3.10/site-packages/airflow/example_dags/example_kubernetes_executor.py
[2024-11-01T02:09:46.908-0300] {processor.py:914} INFO - Processing file /home/nico/.local/lib/python3.10/site-packages/airflow/example_dags/example_kubernetes_executor.py for tasks to queue
[2024-11-01T02:09:46.912-0300] {logging_mixin.py:190} INFO - [2024-11-01T02:09:46.911-0300] {dagbag.py:588} INFO - Filling up the DagBag from /home/nico/.local/lib/python3.10/site-packages/airflow/example_dags/example_kubernetes_executor.py
[2024-11-01T02:09:46.925-0300] {logging_mixin.py:190} INFO - [2024-11-01T02:09:46.925-0300] {example_kubernetes_executor.py:39} WARNING - The example_kubernetes_executor example DAG requires the kubernetes provider. Please install it with: pip install apache-airflow[cncf.kubernetes]
[2024-11-01T02:09:46.926-0300] {processor.py:927} WARNING - No viable dags retrieved from /home/nico/.local/lib/python3.10/site-packages/airflow/example_dags/example_kubernetes_executor.py
[2024-11-01T02:09:46.974-0300] {processor.py:208} INFO - Processing /home/nico/.local/lib/python3.10/site-packages/airflow/example_dags/example_kubernetes_executor.py took 0.086 seconds
[2024-11-01T02:11:53.327-0300] {processor.py:186} INFO - Started process (PID=186795) to work on /home/nico/.local/lib/python3.10/site-packages/airflow/example_dags/example_kubernetes_executor.py
[2024-11-01T02:11:53.340-0300] {processor.py:914} INFO - Processing file /home/nico/.local/lib/python3.10/site-packages/airflow/example_dags/example_kubernetes_executor.py for tasks to queue
[2024-11-01T02:11:53.387-0300] {logging_mixin.py:190} INFO - [2024-11-01T02:11:53.386-0300] {dagbag.py:588} INFO - Filling up the DagBag from /home/nico/.local/lib/python3.10/site-packages/airflow/example_dags/example_kubernetes_executor.py
[2024-11-01T02:11:53.602-0300] {logging_mixin.py:190} INFO - [2024-11-01T02:11:53.601-0300] {example_kubernetes_executor.py:39} WARNING - The example_kubernetes_executor example DAG requires the kubernetes provider. Please install it with: pip install apache-airflow[cncf.kubernetes]
[2024-11-01T02:11:53.632-0300] {processor.py:927} WARNING - No viable dags retrieved from /home/nico/.local/lib/python3.10/site-packages/airflow/example_dags/example_kubernetes_executor.py
[2024-11-01T02:11:54.136-0300] {processor.py:208} INFO - Processing /home/nico/.local/lib/python3.10/site-packages/airflow/example_dags/example_kubernetes_executor.py took 0.860 seconds
[2024-11-01T02:18:34.139-0300] {processor.py:186} INFO - Started process (PID=188477) to work on /home/nico/.local/lib/python3.10/site-packages/airflow/example_dags/example_kubernetes_executor.py
[2024-11-01T02:18:34.142-0300] {processor.py:914} INFO - Processing file /home/nico/.local/lib/python3.10/site-packages/airflow/example_dags/example_kubernetes_executor.py for tasks to queue
[2024-11-01T02:18:34.145-0300] {logging_mixin.py:190} INFO - [2024-11-01T02:18:34.145-0300] {dagbag.py:588} INFO - Filling up the DagBag from /home/nico/.local/lib/python3.10/site-packages/airflow/example_dags/example_kubernetes_executor.py
[2024-11-01T02:18:34.158-0300] {logging_mixin.py:190} INFO - [2024-11-01T02:18:34.158-0300] {example_kubernetes_executor.py:39} WARNING - The example_kubernetes_executor example DAG requires the kubernetes provider. Please install it with: pip install apache-airflow[cncf.kubernetes]
[2024-11-01T02:18:34.159-0300] {processor.py:927} WARNING - No viable dags retrieved from /home/nico/.local/lib/python3.10/site-packages/airflow/example_dags/example_kubernetes_executor.py
[2024-11-01T02:18:34.210-0300] {processor.py:208} INFO - Processing /home/nico/.local/lib/python3.10/site-packages/airflow/example_dags/example_kubernetes_executor.py took 0.090 seconds
[2024-11-01T02:20:41.757-0300] {processor.py:186} INFO - Started process (PID=189004) to work on /home/nico/.local/lib/python3.10/site-packages/airflow/example_dags/example_kubernetes_executor.py
[2024-11-01T02:20:41.784-0300] {processor.py:914} INFO - Processing file /home/nico/.local/lib/python3.10/site-packages/airflow/example_dags/example_kubernetes_executor.py for tasks to queue
[2024-11-01T02:20:41.793-0300] {logging_mixin.py:190} INFO - [2024-11-01T02:20:41.791-0300] {dagbag.py:588} INFO - Filling up the DagBag from /home/nico/.local/lib/python3.10/site-packages/airflow/example_dags/example_kubernetes_executor.py
[2024-11-01T02:20:41.823-0300] {logging_mixin.py:190} INFO - [2024-11-01T02:20:41.822-0300] {example_kubernetes_executor.py:39} WARNING - The example_kubernetes_executor example DAG requires the kubernetes provider. Please install it with: pip install apache-airflow[cncf.kubernetes]
[2024-11-01T02:20:41.825-0300] {processor.py:927} WARNING - No viable dags retrieved from /home/nico/.local/lib/python3.10/site-packages/airflow/example_dags/example_kubernetes_executor.py
[2024-11-01T02:20:41.900-0300] {processor.py:208} INFO - Processing /home/nico/.local/lib/python3.10/site-packages/airflow/example_dags/example_kubernetes_executor.py took 0.202 seconds
[2024-11-01T02:23:22.258-0300] {processor.py:186} INFO - Started process (PID=189660) to work on /home/nico/.local/lib/python3.10/site-packages/airflow/example_dags/example_kubernetes_executor.py
[2024-11-01T02:23:22.262-0300] {processor.py:914} INFO - Processing file /home/nico/.local/lib/python3.10/site-packages/airflow/example_dags/example_kubernetes_executor.py for tasks to queue
[2024-11-01T02:23:22.267-0300] {logging_mixin.py:190} INFO - [2024-11-01T02:23:22.266-0300] {dagbag.py:588} INFO - Filling up the DagBag from /home/nico/.local/lib/python3.10/site-packages/airflow/example_dags/example_kubernetes_executor.py
[2024-11-01T02:23:22.287-0300] {logging_mixin.py:190} INFO - [2024-11-01T02:23:22.287-0300] {example_kubernetes_executor.py:39} WARNING - The example_kubernetes_executor example DAG requires the kubernetes provider. Please install it with: pip install apache-airflow[cncf.kubernetes]
[2024-11-01T02:23:22.289-0300] {processor.py:927} WARNING - No viable dags retrieved from /home/nico/.local/lib/python3.10/site-packages/airflow/example_dags/example_kubernetes_executor.py
[2024-11-01T02:23:22.401-0300] {processor.py:208} INFO - Processing /home/nico/.local/lib/python3.10/site-packages/airflow/example_dags/example_kubernetes_executor.py took 0.181 seconds
[2024-11-01T02:25:41.462-0300] {processor.py:186} INFO - Started process (PID=190237) to work on /home/nico/.local/lib/python3.10/site-packages/airflow/example_dags/example_kubernetes_executor.py
[2024-11-01T02:25:41.464-0300] {processor.py:914} INFO - Processing file /home/nico/.local/lib/python3.10/site-packages/airflow/example_dags/example_kubernetes_executor.py for tasks to queue
[2024-11-01T02:25:41.468-0300] {logging_mixin.py:190} INFO - [2024-11-01T02:25:41.467-0300] {dagbag.py:588} INFO - Filling up the DagBag from /home/nico/.local/lib/python3.10/site-packages/airflow/example_dags/example_kubernetes_executor.py
[2024-11-01T02:25:41.485-0300] {logging_mixin.py:190} INFO - [2024-11-01T02:25:41.484-0300] {example_kubernetes_executor.py:39} WARNING - The example_kubernetes_executor example DAG requires the kubernetes provider. Please install it with: pip install apache-airflow[cncf.kubernetes]
[2024-11-01T02:25:41.487-0300] {processor.py:927} WARNING - No viable dags retrieved from /home/nico/.local/lib/python3.10/site-packages/airflow/example_dags/example_kubernetes_executor.py
[2024-11-01T02:25:41.556-0300] {processor.py:208} INFO - Processing /home/nico/.local/lib/python3.10/site-packages/airflow/example_dags/example_kubernetes_executor.py took 0.115 seconds
[2024-11-01T02:33:20.626-0300] {processor.py:186} INFO - Started process (PID=192139) to work on /home/nico/.local/lib/python3.10/site-packages/airflow/example_dags/example_kubernetes_executor.py
[2024-11-01T02:33:20.630-0300] {processor.py:914} INFO - Processing file /home/nico/.local/lib/python3.10/site-packages/airflow/example_dags/example_kubernetes_executor.py for tasks to queue
[2024-11-01T02:33:20.634-0300] {logging_mixin.py:190} INFO - [2024-11-01T02:33:20.633-0300] {dagbag.py:588} INFO - Filling up the DagBag from /home/nico/.local/lib/python3.10/site-packages/airflow/example_dags/example_kubernetes_executor.py
[2024-11-01T02:33:20.671-0300] {logging_mixin.py:190} INFO - [2024-11-01T02:33:20.671-0300] {example_kubernetes_executor.py:39} WARNING - The example_kubernetes_executor example DAG requires the kubernetes provider. Please install it with: pip install apache-airflow[cncf.kubernetes]
[2024-11-01T02:33:20.673-0300] {processor.py:927} WARNING - No viable dags retrieved from /home/nico/.local/lib/python3.10/site-packages/airflow/example_dags/example_kubernetes_executor.py
[2024-11-01T02:33:20.741-0300] {processor.py:208} INFO - Processing /home/nico/.local/lib/python3.10/site-packages/airflow/example_dags/example_kubernetes_executor.py took 0.140 seconds
[2024-11-01T02:36:01.587-0300] {processor.py:186} INFO - Started process (PID=192810) to work on /home/nico/.local/lib/python3.10/site-packages/airflow/example_dags/example_kubernetes_executor.py
[2024-11-01T02:36:01.597-0300] {processor.py:914} INFO - Processing file /home/nico/.local/lib/python3.10/site-packages/airflow/example_dags/example_kubernetes_executor.py for tasks to queue
[2024-11-01T02:36:01.606-0300] {logging_mixin.py:190} INFO - [2024-11-01T02:36:01.605-0300] {dagbag.py:588} INFO - Filling up the DagBag from /home/nico/.local/lib/python3.10/site-packages/airflow/example_dags/example_kubernetes_executor.py
[2024-11-01T02:36:01.665-0300] {logging_mixin.py:190} INFO - [2024-11-01T02:36:01.664-0300] {example_kubernetes_executor.py:39} WARNING - The example_kubernetes_executor example DAG requires the kubernetes provider. Please install it with: pip install apache-airflow[cncf.kubernetes]
[2024-11-01T02:36:01.667-0300] {processor.py:927} WARNING - No viable dags retrieved from /home/nico/.local/lib/python3.10/site-packages/airflow/example_dags/example_kubernetes_executor.py
[2024-11-01T02:36:01.951-0300] {processor.py:208} INFO - Processing /home/nico/.local/lib/python3.10/site-packages/airflow/example_dags/example_kubernetes_executor.py took 0.422 seconds
[2024-11-01T02:38:37.545-0300] {processor.py:186} INFO - Started process (PID=193452) to work on /home/nico/.local/lib/python3.10/site-packages/airflow/example_dags/example_kubernetes_executor.py
[2024-11-01T02:38:37.549-0300] {processor.py:914} INFO - Processing file /home/nico/.local/lib/python3.10/site-packages/airflow/example_dags/example_kubernetes_executor.py for tasks to queue
[2024-11-01T02:38:37.554-0300] {logging_mixin.py:190} INFO - [2024-11-01T02:38:37.553-0300] {dagbag.py:588} INFO - Filling up the DagBag from /home/nico/.local/lib/python3.10/site-packages/airflow/example_dags/example_kubernetes_executor.py
[2024-11-01T02:38:37.568-0300] {logging_mixin.py:190} INFO - [2024-11-01T02:38:37.568-0300] {example_kubernetes_executor.py:39} WARNING - The example_kubernetes_executor example DAG requires the kubernetes provider. Please install it with: pip install apache-airflow[cncf.kubernetes]
[2024-11-01T02:38:37.570-0300] {processor.py:927} WARNING - No viable dags retrieved from /home/nico/.local/lib/python3.10/site-packages/airflow/example_dags/example_kubernetes_executor.py
[2024-11-01T02:38:37.633-0300] {processor.py:208} INFO - Processing /home/nico/.local/lib/python3.10/site-packages/airflow/example_dags/example_kubernetes_executor.py took 0.108 seconds
[2024-11-01T02:47:40.678-0300] {processor.py:186} INFO - Started process (PID=195765) to work on /home/nico/.local/lib/python3.10/site-packages/airflow/example_dags/example_kubernetes_executor.py
[2024-11-01T02:47:40.681-0300] {processor.py:914} INFO - Processing file /home/nico/.local/lib/python3.10/site-packages/airflow/example_dags/example_kubernetes_executor.py for tasks to queue
[2024-11-01T02:47:40.686-0300] {logging_mixin.py:190} INFO - [2024-11-01T02:47:40.685-0300] {dagbag.py:588} INFO - Filling up the DagBag from /home/nico/.local/lib/python3.10/site-packages/airflow/example_dags/example_kubernetes_executor.py
[2024-11-01T02:47:40.703-0300] {logging_mixin.py:190} INFO - [2024-11-01T02:47:40.702-0300] {example_kubernetes_executor.py:39} WARNING - The example_kubernetes_executor example DAG requires the kubernetes provider. Please install it with: pip install apache-airflow[cncf.kubernetes]
[2024-11-01T02:47:40.704-0300] {processor.py:927} WARNING - No viable dags retrieved from /home/nico/.local/lib/python3.10/site-packages/airflow/example_dags/example_kubernetes_executor.py
[2024-11-01T02:47:40.758-0300] {processor.py:208} INFO - Processing /home/nico/.local/lib/python3.10/site-packages/airflow/example_dags/example_kubernetes_executor.py took 0.126 seconds
