[2024-10-31T21:02:44.674-0300] {processor.py:186} INFO - Started process (PID=150203) to work on /home/nico/.local/lib/python3.10/site-packages/airflow/example_dags/example_branch_operator_decorator.py
[2024-10-31T21:02:44.678-0300] {processor.py:914} INFO - Processing file /home/nico/.local/lib/python3.10/site-packages/airflow/example_dags/example_branch_operator_decorator.py for tasks to queue
[2024-10-31T21:02:44.687-0300] {logging_mixin.py:190} INFO - [2024-10-31T21:02:44.684-0300] {dagbag.py:588} INFO - Filling up the DagBag from /home/nico/.local/lib/python3.10/site-packages/airflow/example_dags/example_branch_operator_decorator.py
[2024-10-31T21:02:44.789-0300] {processor.py:925} INFO - DAG(s) 'example_branch_python_operator_decorator' retrieved from /home/nico/.local/lib/python3.10/site-packages/airflow/example_dags/example_branch_operator_decorator.py
[2024-10-31T21:02:44.899-0300] {logging_mixin.py:190} INFO - [2024-10-31T21:02:44.898-0300] {dag.py:3239} INFO - Sync 1 DAGs
[2024-10-31T21:02:44.974-0300] {logging_mixin.py:190} INFO - [2024-10-31T21:02:44.973-0300] {dag.py:4180} INFO - Setting next_dagrun for example_branch_python_operator_decorator to 2024-10-31 00:00:00+00:00, run_after=2024-11-01 00:00:00+00:00
[2024-10-31T21:02:45.131-0300] {processor.py:208} INFO - Processing /home/nico/.local/lib/python3.10/site-packages/airflow/example_dags/example_branch_operator_decorator.py took 0.479 seconds
[2024-10-31T21:05:03.255-0300] {processor.py:186} INFO - Started process (PID=150791) to work on /home/nico/.local/lib/python3.10/site-packages/airflow/example_dags/example_branch_operator_decorator.py
[2024-10-31T21:05:03.258-0300] {processor.py:914} INFO - Processing file /home/nico/.local/lib/python3.10/site-packages/airflow/example_dags/example_branch_operator_decorator.py for tasks to queue
[2024-10-31T21:05:03.262-0300] {logging_mixin.py:190} INFO - [2024-10-31T21:05:03.261-0300] {dagbag.py:588} INFO - Filling up the DagBag from /home/nico/.local/lib/python3.10/site-packages/airflow/example_dags/example_branch_operator_decorator.py
[2024-10-31T21:05:03.342-0300] {processor.py:925} INFO - DAG(s) 'example_branch_python_operator_decorator' retrieved from /home/nico/.local/lib/python3.10/site-packages/airflow/example_dags/example_branch_operator_decorator.py
[2024-10-31T21:05:03.410-0300] {logging_mixin.py:190} INFO - [2024-10-31T21:05:03.409-0300] {dag.py:3239} INFO - Sync 1 DAGs
[2024-10-31T21:05:03.470-0300] {logging_mixin.py:190} INFO - [2024-10-31T21:05:03.470-0300] {dag.py:4180} INFO - Setting next_dagrun for example_branch_python_operator_decorator to 2024-10-31 00:00:00+00:00, run_after=2024-11-01 00:00:00+00:00
[2024-10-31T21:05:03.585-0300] {processor.py:208} INFO - Processing /home/nico/.local/lib/python3.10/site-packages/airflow/example_dags/example_branch_operator_decorator.py took 0.350 seconds
[2024-10-31T23:54:38.544-0300] {processor.py:186} INFO - Started process (PID=152225) to work on /home/nico/.local/lib/python3.10/site-packages/airflow/example_dags/example_branch_operator_decorator.py
[2024-10-31T23:54:38.553-0300] {processor.py:914} INFO - Processing file /home/nico/.local/lib/python3.10/site-packages/airflow/example_dags/example_branch_operator_decorator.py for tasks to queue
[2024-10-31T23:54:38.585-0300] {logging_mixin.py:190} INFO - [2024-10-31T23:54:38.574-0300] {dagbag.py:588} INFO - Filling up the DagBag from /home/nico/.local/lib/python3.10/site-packages/airflow/example_dags/example_branch_operator_decorator.py
[2024-10-31T23:54:38.856-0300] {processor.py:925} INFO - DAG(s) 'example_branch_python_operator_decorator' retrieved from /home/nico/.local/lib/python3.10/site-packages/airflow/example_dags/example_branch_operator_decorator.py
[2024-10-31T23:54:39.618-0300] {logging_mixin.py:190} INFO - [2024-10-31T23:54:39.617-0300] {dag.py:3239} INFO - Sync 1 DAGs
[2024-10-31T23:54:39.778-0300] {logging_mixin.py:190} INFO - [2024-10-31T23:54:39.777-0300] {dag.py:4180} INFO - Setting next_dagrun for example_branch_python_operator_decorator to 2024-10-31 00:00:00+00:00, run_after=2024-11-01 00:00:00+00:00
[2024-10-31T23:54:41.467-0300] {processor.py:208} INFO - Processing /home/nico/.local/lib/python3.10/site-packages/airflow/example_dags/example_branch_operator_decorator.py took 2.979 seconds
[2024-11-01T00:02:34.539-0300] {processor.py:186} INFO - Started process (PID=154256) to work on /home/nico/.local/lib/python3.10/site-packages/airflow/example_dags/example_branch_operator_decorator.py
[2024-11-01T00:02:34.545-0300] {processor.py:914} INFO - Processing file /home/nico/.local/lib/python3.10/site-packages/airflow/example_dags/example_branch_operator_decorator.py for tasks to queue
[2024-11-01T00:02:34.557-0300] {logging_mixin.py:190} INFO - [2024-11-01T00:02:34.550-0300] {dagbag.py:588} INFO - Filling up the DagBag from /home/nico/.local/lib/python3.10/site-packages/airflow/example_dags/example_branch_operator_decorator.py
[2024-11-01T00:02:34.731-0300] {processor.py:925} INFO - DAG(s) 'example_branch_python_operator_decorator' retrieved from /home/nico/.local/lib/python3.10/site-packages/airflow/example_dags/example_branch_operator_decorator.py
[2024-11-01T00:02:35.070-0300] {logging_mixin.py:190} INFO - [2024-11-01T00:02:35.069-0300] {dag.py:3239} INFO - Sync 1 DAGs
[2024-11-01T00:02:35.226-0300] {logging_mixin.py:190} INFO - [2024-11-01T00:02:35.225-0300] {dag.py:4180} INFO - Setting next_dagrun for example_branch_python_operator_decorator to 2024-10-31 00:00:00+00:00, run_after=2024-11-01 00:00:00+00:00
[2024-11-01T00:02:35.489-0300] {processor.py:208} INFO - Processing /home/nico/.local/lib/python3.10/site-packages/airflow/example_dags/example_branch_operator_decorator.py took 1.000 seconds
[2024-11-01T00:05:16.224-0300] {processor.py:186} INFO - Started process (PID=154954) to work on /home/nico/.local/lib/python3.10/site-packages/airflow/example_dags/example_branch_operator_decorator.py
[2024-11-01T00:05:16.227-0300] {processor.py:914} INFO - Processing file /home/nico/.local/lib/python3.10/site-packages/airflow/example_dags/example_branch_operator_decorator.py for tasks to queue
[2024-11-01T00:05:16.232-0300] {logging_mixin.py:190} INFO - [2024-11-01T00:05:16.231-0300] {dagbag.py:588} INFO - Filling up the DagBag from /home/nico/.local/lib/python3.10/site-packages/airflow/example_dags/example_branch_operator_decorator.py
[2024-11-01T00:05:16.283-0300] {processor.py:925} INFO - DAG(s) 'example_branch_python_operator_decorator' retrieved from /home/nico/.local/lib/python3.10/site-packages/airflow/example_dags/example_branch_operator_decorator.py
[2024-11-01T00:05:16.357-0300] {logging_mixin.py:190} INFO - [2024-11-01T00:05:16.356-0300] {dag.py:3239} INFO - Sync 1 DAGs
[2024-11-01T00:05:16.422-0300] {logging_mixin.py:190} INFO - [2024-11-01T00:05:16.422-0300] {dag.py:4180} INFO - Setting next_dagrun for example_branch_python_operator_decorator to 2024-10-31 00:00:00+00:00, run_after=2024-11-01 00:00:00+00:00
[2024-11-01T00:05:16.550-0300] {processor.py:208} INFO - Processing /home/nico/.local/lib/python3.10/site-packages/airflow/example_dags/example_branch_operator_decorator.py took 0.342 seconds
[2024-11-01T00:20:21.681-0300] {processor.py:186} INFO - Started process (PID=158799) to work on /home/nico/.local/lib/python3.10/site-packages/airflow/example_dags/example_branch_operator_decorator.py
[2024-11-01T00:20:21.711-0300] {processor.py:914} INFO - Processing file /home/nico/.local/lib/python3.10/site-packages/airflow/example_dags/example_branch_operator_decorator.py for tasks to queue
[2024-11-01T00:20:21.716-0300] {logging_mixin.py:190} INFO - [2024-11-01T00:20:21.715-0300] {dagbag.py:588} INFO - Filling up the DagBag from /home/nico/.local/lib/python3.10/site-packages/airflow/example_dags/example_branch_operator_decorator.py
[2024-11-01T00:20:21.775-0300] {processor.py:925} INFO - DAG(s) 'example_branch_python_operator_decorator' retrieved from /home/nico/.local/lib/python3.10/site-packages/airflow/example_dags/example_branch_operator_decorator.py
[2024-11-01T00:20:22.125-0300] {logging_mixin.py:190} INFO - [2024-11-01T00:20:22.124-0300] {dag.py:3239} INFO - Sync 1 DAGs
[2024-11-01T00:20:22.775-0300] {logging_mixin.py:190} INFO - [2024-11-01T00:20:22.764-0300] {dag.py:4180} INFO - Setting next_dagrun for example_branch_python_operator_decorator to 2024-10-31 00:00:00+00:00, run_after=2024-11-01 00:00:00+00:00
[2024-11-01T00:20:23.270-0300] {processor.py:208} INFO - Processing /home/nico/.local/lib/python3.10/site-packages/airflow/example_dags/example_branch_operator_decorator.py took 1.619 seconds
[2024-11-01T00:33:38.297-0300] {processor.py:186} INFO - Started process (PID=162192) to work on /home/nico/.local/lib/python3.10/site-packages/airflow/example_dags/example_branch_operator_decorator.py
[2024-11-01T00:33:38.309-0300] {processor.py:914} INFO - Processing file /home/nico/.local/lib/python3.10/site-packages/airflow/example_dags/example_branch_operator_decorator.py for tasks to queue
[2024-11-01T00:33:38.325-0300] {logging_mixin.py:190} INFO - [2024-11-01T00:33:38.315-0300] {dagbag.py:588} INFO - Filling up the DagBag from /home/nico/.local/lib/python3.10/site-packages/airflow/example_dags/example_branch_operator_decorator.py
[2024-11-01T00:33:38.560-0300] {processor.py:925} INFO - DAG(s) 'example_branch_python_operator_decorator' retrieved from /home/nico/.local/lib/python3.10/site-packages/airflow/example_dags/example_branch_operator_decorator.py
[2024-11-01T00:33:38.886-0300] {logging_mixin.py:190} INFO - [2024-11-01T00:33:38.885-0300] {dag.py:3239} INFO - Sync 1 DAGs
[2024-11-01T00:33:39.030-0300] {logging_mixin.py:190} INFO - [2024-11-01T00:33:39.029-0300] {dag.py:4180} INFO - Setting next_dagrun for example_branch_python_operator_decorator to 2024-10-31 00:00:00+00:00, run_after=2024-11-01 00:00:00+00:00
[2024-11-01T00:33:39.212-0300] {processor.py:208} INFO - Processing /home/nico/.local/lib/python3.10/site-packages/airflow/example_dags/example_branch_operator_decorator.py took 0.966 seconds
[2024-11-01T00:35:35.967-0300] {processor.py:186} INFO - Started process (PID=162701) to work on /home/nico/.local/lib/python3.10/site-packages/airflow/example_dags/example_branch_operator_decorator.py
[2024-11-01T00:35:35.973-0300] {processor.py:914} INFO - Processing file /home/nico/.local/lib/python3.10/site-packages/airflow/example_dags/example_branch_operator_decorator.py for tasks to queue
[2024-11-01T00:35:35.979-0300] {logging_mixin.py:190} INFO - [2024-11-01T00:35:35.978-0300] {dagbag.py:588} INFO - Filling up the DagBag from /home/nico/.local/lib/python3.10/site-packages/airflow/example_dags/example_branch_operator_decorator.py
[2024-11-01T00:35:36.094-0300] {processor.py:925} INFO - DAG(s) 'example_branch_python_operator_decorator' retrieved from /home/nico/.local/lib/python3.10/site-packages/airflow/example_dags/example_branch_operator_decorator.py
[2024-11-01T00:35:36.212-0300] {logging_mixin.py:190} INFO - [2024-11-01T00:35:36.211-0300] {dag.py:3239} INFO - Sync 1 DAGs
[2024-11-01T00:35:36.278-0300] {logging_mixin.py:190} INFO - [2024-11-01T00:35:36.278-0300] {dag.py:4180} INFO - Setting next_dagrun for example_branch_python_operator_decorator to 2024-10-31 00:00:00+00:00, run_after=2024-11-01 00:00:00+00:00
[2024-11-01T00:35:36.411-0300] {processor.py:208} INFO - Processing /home/nico/.local/lib/python3.10/site-packages/airflow/example_dags/example_branch_operator_decorator.py took 0.476 seconds
[2024-11-01T00:51:22.144-0300] {processor.py:186} INFO - Started process (PID=166584) to work on /home/nico/.local/lib/python3.10/site-packages/airflow/example_dags/example_branch_operator_decorator.py
[2024-11-01T00:51:22.149-0300] {processor.py:914} INFO - Processing file /home/nico/.local/lib/python3.10/site-packages/airflow/example_dags/example_branch_operator_decorator.py for tasks to queue
[2024-11-01T00:51:22.156-0300] {logging_mixin.py:190} INFO - [2024-11-01T00:51:22.155-0300] {dagbag.py:588} INFO - Filling up the DagBag from /home/nico/.local/lib/python3.10/site-packages/airflow/example_dags/example_branch_operator_decorator.py
[2024-11-01T00:51:22.259-0300] {processor.py:925} INFO - DAG(s) 'example_branch_python_operator_decorator' retrieved from /home/nico/.local/lib/python3.10/site-packages/airflow/example_dags/example_branch_operator_decorator.py
[2024-11-01T00:51:22.870-0300] {logging_mixin.py:190} INFO - [2024-11-01T00:51:22.869-0300] {dag.py:3239} INFO - Sync 1 DAGs
[2024-11-01T00:51:22.961-0300] {logging_mixin.py:190} INFO - [2024-11-01T00:51:22.960-0300] {dag.py:4180} INFO - Setting next_dagrun for example_branch_python_operator_decorator to 2024-10-31 00:00:00+00:00, run_after=2024-11-01 00:00:00+00:00
[2024-11-01T00:51:23.101-0300] {processor.py:208} INFO - Processing /home/nico/.local/lib/python3.10/site-packages/airflow/example_dags/example_branch_operator_decorator.py took 1.003 seconds
[2024-11-01T00:53:47.009-0300] {processor.py:186} INFO - Started process (PID=167198) to work on /home/nico/.local/lib/python3.10/site-packages/airflow/example_dags/example_branch_operator_decorator.py
[2024-11-01T00:53:47.012-0300] {processor.py:914} INFO - Processing file /home/nico/.local/lib/python3.10/site-packages/airflow/example_dags/example_branch_operator_decorator.py for tasks to queue
[2024-11-01T00:53:47.018-0300] {logging_mixin.py:190} INFO - [2024-11-01T00:53:47.017-0300] {dagbag.py:588} INFO - Filling up the DagBag from /home/nico/.local/lib/python3.10/site-packages/airflow/example_dags/example_branch_operator_decorator.py
[2024-11-01T00:53:47.083-0300] {processor.py:925} INFO - DAG(s) 'example_branch_python_operator_decorator' retrieved from /home/nico/.local/lib/python3.10/site-packages/airflow/example_dags/example_branch_operator_decorator.py
[2024-11-01T00:53:47.166-0300] {logging_mixin.py:190} INFO - [2024-11-01T00:53:47.165-0300] {dag.py:3239} INFO - Sync 1 DAGs
[2024-11-01T00:53:47.233-0300] {logging_mixin.py:190} INFO - [2024-11-01T00:53:47.233-0300] {dag.py:4180} INFO - Setting next_dagrun for example_branch_python_operator_decorator to 2024-10-31 00:00:00+00:00, run_after=2024-11-01 00:00:00+00:00
[2024-11-01T00:53:47.401-0300] {processor.py:208} INFO - Processing /home/nico/.local/lib/python3.10/site-packages/airflow/example_dags/example_branch_operator_decorator.py took 0.410 seconds
[2024-11-01T00:58:34.095-0300] {processor.py:186} INFO - Started process (PID=168453) to work on /home/nico/.local/lib/python3.10/site-packages/airflow/example_dags/example_branch_operator_decorator.py
[2024-11-01T00:58:34.098-0300] {processor.py:914} INFO - Processing file /home/nico/.local/lib/python3.10/site-packages/airflow/example_dags/example_branch_operator_decorator.py for tasks to queue
[2024-11-01T00:58:34.126-0300] {logging_mixin.py:190} INFO - [2024-11-01T00:58:34.114-0300] {dagbag.py:588} INFO - Filling up the DagBag from /home/nico/.local/lib/python3.10/site-packages/airflow/example_dags/example_branch_operator_decorator.py
[2024-11-01T00:58:34.203-0300] {processor.py:925} INFO - DAG(s) 'example_branch_python_operator_decorator' retrieved from /home/nico/.local/lib/python3.10/site-packages/airflow/example_dags/example_branch_operator_decorator.py
[2024-11-01T00:58:34.312-0300] {logging_mixin.py:190} INFO - [2024-11-01T00:58:34.309-0300] {dag.py:3239} INFO - Sync 1 DAGs
[2024-11-01T00:58:34.388-0300] {logging_mixin.py:190} INFO - [2024-11-01T00:58:34.388-0300] {dag.py:4180} INFO - Setting next_dagrun for example_branch_python_operator_decorator to 2024-10-31 00:00:00+00:00, run_after=2024-11-01 00:00:00+00:00
[2024-11-01T00:58:34.515-0300] {processor.py:208} INFO - Processing /home/nico/.local/lib/python3.10/site-packages/airflow/example_dags/example_branch_operator_decorator.py took 0.474 seconds
[2024-11-01T01:00:46.704-0300] {processor.py:186} INFO - Started process (PID=169020) to work on /home/nico/.local/lib/python3.10/site-packages/airflow/example_dags/example_branch_operator_decorator.py
[2024-11-01T01:00:46.708-0300] {processor.py:914} INFO - Processing file /home/nico/.local/lib/python3.10/site-packages/airflow/example_dags/example_branch_operator_decorator.py for tasks to queue
[2024-11-01T01:00:46.724-0300] {logging_mixin.py:190} INFO - [2024-11-01T01:00:46.722-0300] {dagbag.py:588} INFO - Filling up the DagBag from /home/nico/.local/lib/python3.10/site-packages/airflow/example_dags/example_branch_operator_decorator.py
[2024-11-01T01:00:46.861-0300] {processor.py:925} INFO - DAG(s) 'example_branch_python_operator_decorator' retrieved from /home/nico/.local/lib/python3.10/site-packages/airflow/example_dags/example_branch_operator_decorator.py
[2024-11-01T01:00:46.977-0300] {logging_mixin.py:190} INFO - [2024-11-01T01:00:46.976-0300] {dag.py:3239} INFO - Sync 1 DAGs
[2024-11-01T01:00:47.035-0300] {logging_mixin.py:190} INFO - [2024-11-01T01:00:47.034-0300] {dag.py:4180} INFO - Setting next_dagrun for example_branch_python_operator_decorator to 2024-10-31 00:00:00+00:00, run_after=2024-11-01 00:00:00+00:00
[2024-11-01T01:00:47.160-0300] {processor.py:208} INFO - Processing /home/nico/.local/lib/python3.10/site-packages/airflow/example_dags/example_branch_operator_decorator.py took 0.486 seconds
[2024-11-01T01:05:53.603-0300] {processor.py:186} INFO - Started process (PID=170311) to work on /home/nico/.local/lib/python3.10/site-packages/airflow/example_dags/example_branch_operator_decorator.py
[2024-11-01T01:05:53.609-0300] {processor.py:914} INFO - Processing file /home/nico/.local/lib/python3.10/site-packages/airflow/example_dags/example_branch_operator_decorator.py for tasks to queue
[2024-11-01T01:05:53.621-0300] {logging_mixin.py:190} INFO - [2024-11-01T01:05:53.620-0300] {dagbag.py:588} INFO - Filling up the DagBag from /home/nico/.local/lib/python3.10/site-packages/airflow/example_dags/example_branch_operator_decorator.py
[2024-11-01T01:05:53.730-0300] {processor.py:925} INFO - DAG(s) 'example_branch_python_operator_decorator' retrieved from /home/nico/.local/lib/python3.10/site-packages/airflow/example_dags/example_branch_operator_decorator.py
[2024-11-01T01:05:53.832-0300] {logging_mixin.py:190} INFO - [2024-11-01T01:05:53.831-0300] {dag.py:3239} INFO - Sync 1 DAGs
[2024-11-01T01:05:53.904-0300] {logging_mixin.py:190} INFO - [2024-11-01T01:05:53.904-0300] {dag.py:4180} INFO - Setting next_dagrun for example_branch_python_operator_decorator to 2024-10-31 00:00:00+00:00, run_after=2024-11-01 00:00:00+00:00
[2024-11-01T01:05:54.036-0300] {processor.py:208} INFO - Processing /home/nico/.local/lib/python3.10/site-packages/airflow/example_dags/example_branch_operator_decorator.py took 0.466 seconds
[2024-11-01T01:09:33.765-0300] {processor.py:186} INFO - Started process (PID=171277) to work on /home/nico/.local/lib/python3.10/site-packages/airflow/example_dags/example_branch_operator_decorator.py
[2024-11-01T01:09:33.769-0300] {processor.py:914} INFO - Processing file /home/nico/.local/lib/python3.10/site-packages/airflow/example_dags/example_branch_operator_decorator.py for tasks to queue
[2024-11-01T01:09:33.774-0300] {logging_mixin.py:190} INFO - [2024-11-01T01:09:33.773-0300] {dagbag.py:588} INFO - Filling up the DagBag from /home/nico/.local/lib/python3.10/site-packages/airflow/example_dags/example_branch_operator_decorator.py
[2024-11-01T01:09:33.839-0300] {processor.py:925} INFO - DAG(s) 'example_branch_python_operator_decorator' retrieved from /home/nico/.local/lib/python3.10/site-packages/airflow/example_dags/example_branch_operator_decorator.py
[2024-11-01T01:09:33.924-0300] {logging_mixin.py:190} INFO - [2024-11-01T01:09:33.924-0300] {dag.py:3239} INFO - Sync 1 DAGs
[2024-11-01T01:09:33.992-0300] {logging_mixin.py:190} INFO - [2024-11-01T01:09:33.992-0300] {dag.py:4180} INFO - Setting next_dagrun for example_branch_python_operator_decorator to 2024-10-31 00:00:00+00:00, run_after=2024-11-01 00:00:00+00:00
[2024-11-01T01:09:34.131-0300] {processor.py:208} INFO - Processing /home/nico/.local/lib/python3.10/site-packages/airflow/example_dags/example_branch_operator_decorator.py took 0.415 seconds
[2024-11-01T01:35:23.728-0300] {processor.py:186} INFO - Started process (PID=177608) to work on /home/nico/.local/lib/python3.10/site-packages/airflow/example_dags/example_branch_operator_decorator.py
[2024-11-01T01:35:23.732-0300] {processor.py:914} INFO - Processing file /home/nico/.local/lib/python3.10/site-packages/airflow/example_dags/example_branch_operator_decorator.py for tasks to queue
[2024-11-01T01:35:23.737-0300] {logging_mixin.py:190} INFO - [2024-11-01T01:35:23.736-0300] {dagbag.py:588} INFO - Filling up the DagBag from /home/nico/.local/lib/python3.10/site-packages/airflow/example_dags/example_branch_operator_decorator.py
[2024-11-01T01:35:23.808-0300] {processor.py:925} INFO - DAG(s) 'example_branch_python_operator_decorator' retrieved from /home/nico/.local/lib/python3.10/site-packages/airflow/example_dags/example_branch_operator_decorator.py
[2024-11-01T01:35:23.889-0300] {logging_mixin.py:190} INFO - [2024-11-01T01:35:23.889-0300] {dag.py:3239} INFO - Sync 1 DAGs
[2024-11-01T01:35:23.955-0300] {logging_mixin.py:190} INFO - [2024-11-01T01:35:23.954-0300] {dag.py:4180} INFO - Setting next_dagrun for example_branch_python_operator_decorator to 2024-10-31 00:00:00+00:00, run_after=2024-11-01 00:00:00+00:00
[2024-11-01T01:35:24.162-0300] {processor.py:208} INFO - Processing /home/nico/.local/lib/python3.10/site-packages/airflow/example_dags/example_branch_operator_decorator.py took 0.454 seconds
[2024-11-01T01:37:25.772-0300] {processor.py:186} INFO - Started process (PID=178130) to work on /home/nico/.local/lib/python3.10/site-packages/airflow/example_dags/example_branch_operator_decorator.py
[2024-11-01T01:37:25.774-0300] {processor.py:914} INFO - Processing file /home/nico/.local/lib/python3.10/site-packages/airflow/example_dags/example_branch_operator_decorator.py for tasks to queue
[2024-11-01T01:37:25.779-0300] {logging_mixin.py:190} INFO - [2024-11-01T01:37:25.778-0300] {dagbag.py:588} INFO - Filling up the DagBag from /home/nico/.local/lib/python3.10/site-packages/airflow/example_dags/example_branch_operator_decorator.py
[2024-11-01T01:37:25.829-0300] {processor.py:925} INFO - DAG(s) 'example_branch_python_operator_decorator' retrieved from /home/nico/.local/lib/python3.10/site-packages/airflow/example_dags/example_branch_operator_decorator.py
[2024-11-01T01:37:25.923-0300] {logging_mixin.py:190} INFO - [2024-11-01T01:37:25.923-0300] {dag.py:3239} INFO - Sync 1 DAGs
[2024-11-01T01:37:25.986-0300] {logging_mixin.py:190} INFO - [2024-11-01T01:37:25.985-0300] {dag.py:4180} INFO - Setting next_dagrun for example_branch_python_operator_decorator to 2024-10-31 00:00:00+00:00, run_after=2024-11-01 00:00:00+00:00
[2024-11-01T01:37:26.126-0300] {processor.py:208} INFO - Processing /home/nico/.local/lib/python3.10/site-packages/airflow/example_dags/example_branch_operator_decorator.py took 0.366 seconds
[2024-11-01T01:40:28.215-0300] {processor.py:186} INFO - Started process (PID=178910) to work on /home/nico/.local/lib/python3.10/site-packages/airflow/example_dags/example_branch_operator_decorator.py
[2024-11-01T01:40:28.217-0300] {processor.py:914} INFO - Processing file /home/nico/.local/lib/python3.10/site-packages/airflow/example_dags/example_branch_operator_decorator.py for tasks to queue
[2024-11-01T01:40:28.221-0300] {logging_mixin.py:190} INFO - [2024-11-01T01:40:28.220-0300] {dagbag.py:588} INFO - Filling up the DagBag from /home/nico/.local/lib/python3.10/site-packages/airflow/example_dags/example_branch_operator_decorator.py
[2024-11-01T01:40:28.269-0300] {processor.py:925} INFO - DAG(s) 'example_branch_python_operator_decorator' retrieved from /home/nico/.local/lib/python3.10/site-packages/airflow/example_dags/example_branch_operator_decorator.py
[2024-11-01T01:40:28.347-0300] {logging_mixin.py:190} INFO - [2024-11-01T01:40:28.346-0300] {dag.py:3239} INFO - Sync 1 DAGs
[2024-11-01T01:40:28.407-0300] {logging_mixin.py:190} INFO - [2024-11-01T01:40:28.407-0300] {dag.py:4180} INFO - Setting next_dagrun for example_branch_python_operator_decorator to 2024-10-31 00:00:00+00:00, run_after=2024-11-01 00:00:00+00:00
[2024-11-01T01:40:28.512-0300] {processor.py:208} INFO - Processing /home/nico/.local/lib/python3.10/site-packages/airflow/example_dags/example_branch_operator_decorator.py took 0.316 seconds
[2024-11-01T01:43:37.103-0300] {processor.py:186} INFO - Started process (PID=179712) to work on /home/nico/.local/lib/python3.10/site-packages/airflow/example_dags/example_branch_operator_decorator.py
[2024-11-01T01:43:37.105-0300] {processor.py:914} INFO - Processing file /home/nico/.local/lib/python3.10/site-packages/airflow/example_dags/example_branch_operator_decorator.py for tasks to queue
[2024-11-01T01:43:37.110-0300] {logging_mixin.py:190} INFO - [2024-11-01T01:43:37.108-0300] {dagbag.py:588} INFO - Filling up the DagBag from /home/nico/.local/lib/python3.10/site-packages/airflow/example_dags/example_branch_operator_decorator.py
[2024-11-01T01:43:37.189-0300] {processor.py:925} INFO - DAG(s) 'example_branch_python_operator_decorator' retrieved from /home/nico/.local/lib/python3.10/site-packages/airflow/example_dags/example_branch_operator_decorator.py
[2024-11-01T01:43:37.399-0300] {logging_mixin.py:190} INFO - [2024-11-01T01:43:37.398-0300] {dag.py:3239} INFO - Sync 1 DAGs
[2024-11-01T01:43:37.716-0300] {logging_mixin.py:190} INFO - [2024-11-01T01:43:37.705-0300] {dag.py:4180} INFO - Setting next_dagrun for example_branch_python_operator_decorator to 2024-10-31 00:00:00+00:00, run_after=2024-11-01 00:00:00+00:00
[2024-11-01T01:43:37.996-0300] {processor.py:208} INFO - Processing /home/nico/.local/lib/python3.10/site-packages/airflow/example_dags/example_branch_operator_decorator.py took 0.915 seconds
[2024-11-01T01:47:05.303-0300] {processor.py:186} INFO - Started process (PID=180598) to work on /home/nico/.local/lib/python3.10/site-packages/airflow/example_dags/example_branch_operator_decorator.py
[2024-11-01T01:47:05.307-0300] {processor.py:914} INFO - Processing file /home/nico/.local/lib/python3.10/site-packages/airflow/example_dags/example_branch_operator_decorator.py for tasks to queue
[2024-11-01T01:47:05.321-0300] {logging_mixin.py:190} INFO - [2024-11-01T01:47:05.320-0300] {dagbag.py:588} INFO - Filling up the DagBag from /home/nico/.local/lib/python3.10/site-packages/airflow/example_dags/example_branch_operator_decorator.py
[2024-11-01T01:47:05.474-0300] {processor.py:925} INFO - DAG(s) 'example_branch_python_operator_decorator' retrieved from /home/nico/.local/lib/python3.10/site-packages/airflow/example_dags/example_branch_operator_decorator.py
[2024-11-01T01:47:05.596-0300] {logging_mixin.py:190} INFO - [2024-11-01T01:47:05.596-0300] {dag.py:3239} INFO - Sync 1 DAGs
[2024-11-01T01:47:05.671-0300] {logging_mixin.py:190} INFO - [2024-11-01T01:47:05.671-0300] {dag.py:4180} INFO - Setting next_dagrun for example_branch_python_operator_decorator to 2024-10-31 00:00:00+00:00, run_after=2024-11-01 00:00:00+00:00
[2024-11-01T01:47:05.811-0300] {processor.py:208} INFO - Processing /home/nico/.local/lib/python3.10/site-packages/airflow/example_dags/example_branch_operator_decorator.py took 0.562 seconds
[2024-11-01T01:50:54.337-0300] {processor.py:186} INFO - Started process (PID=181555) to work on /home/nico/.local/lib/python3.10/site-packages/airflow/example_dags/example_branch_operator_decorator.py
[2024-11-01T01:50:54.350-0300] {processor.py:914} INFO - Processing file /home/nico/.local/lib/python3.10/site-packages/airflow/example_dags/example_branch_operator_decorator.py for tasks to queue
[2024-11-01T01:50:54.355-0300] {logging_mixin.py:190} INFO - [2024-11-01T01:50:54.353-0300] {dagbag.py:588} INFO - Filling up the DagBag from /home/nico/.local/lib/python3.10/site-packages/airflow/example_dags/example_branch_operator_decorator.py
[2024-11-01T01:50:54.428-0300] {processor.py:925} INFO - DAG(s) 'example_branch_python_operator_decorator' retrieved from /home/nico/.local/lib/python3.10/site-packages/airflow/example_dags/example_branch_operator_decorator.py
[2024-11-01T01:50:54.530-0300] {logging_mixin.py:190} INFO - [2024-11-01T01:50:54.529-0300] {dag.py:3239} INFO - Sync 1 DAGs
[2024-11-01T01:50:54.604-0300] {logging_mixin.py:190} INFO - [2024-11-01T01:50:54.604-0300] {dag.py:4180} INFO - Setting next_dagrun for example_branch_python_operator_decorator to 2024-10-31 00:00:00+00:00, run_after=2024-11-01 00:00:00+00:00
[2024-11-01T01:50:54.739-0300] {processor.py:208} INFO - Processing /home/nico/.local/lib/python3.10/site-packages/airflow/example_dags/example_branch_operator_decorator.py took 0.430 seconds
[2024-11-01T01:54:11.924-0300] {processor.py:186} INFO - Started process (PID=182396) to work on /home/nico/.local/lib/python3.10/site-packages/airflow/example_dags/example_branch_operator_decorator.py
[2024-11-01T01:54:11.927-0300] {processor.py:914} INFO - Processing file /home/nico/.local/lib/python3.10/site-packages/airflow/example_dags/example_branch_operator_decorator.py for tasks to queue
[2024-11-01T01:54:11.930-0300] {logging_mixin.py:190} INFO - [2024-11-01T01:54:11.929-0300] {dagbag.py:588} INFO - Filling up the DagBag from /home/nico/.local/lib/python3.10/site-packages/airflow/example_dags/example_branch_operator_decorator.py
[2024-11-01T01:54:11.992-0300] {processor.py:925} INFO - DAG(s) 'example_branch_python_operator_decorator' retrieved from /home/nico/.local/lib/python3.10/site-packages/airflow/example_dags/example_branch_operator_decorator.py
[2024-11-01T01:54:12.074-0300] {logging_mixin.py:190} INFO - [2024-11-01T01:54:12.073-0300] {dag.py:3239} INFO - Sync 1 DAGs
[2024-11-01T01:54:12.133-0300] {logging_mixin.py:190} INFO - [2024-11-01T01:54:12.132-0300] {dag.py:4180} INFO - Setting next_dagrun for example_branch_python_operator_decorator to 2024-10-31 00:00:00+00:00, run_after=2024-11-01 00:00:00+00:00
[2024-11-01T01:54:12.333-0300] {processor.py:208} INFO - Processing /home/nico/.local/lib/python3.10/site-packages/airflow/example_dags/example_branch_operator_decorator.py took 0.429 seconds
[2024-11-01T01:57:18.208-0300] {processor.py:186} INFO - Started process (PID=183147) to work on /home/nico/.local/lib/python3.10/site-packages/airflow/example_dags/example_branch_operator_decorator.py
[2024-11-01T01:57:18.214-0300] {processor.py:914} INFO - Processing file /home/nico/.local/lib/python3.10/site-packages/airflow/example_dags/example_branch_operator_decorator.py for tasks to queue
[2024-11-01T01:57:18.227-0300] {logging_mixin.py:190} INFO - [2024-11-01T01:57:18.226-0300] {dagbag.py:588} INFO - Filling up the DagBag from /home/nico/.local/lib/python3.10/site-packages/airflow/example_dags/example_branch_operator_decorator.py
[2024-11-01T01:57:18.481-0300] {processor.py:925} INFO - DAG(s) 'example_branch_python_operator_decorator' retrieved from /home/nico/.local/lib/python3.10/site-packages/airflow/example_dags/example_branch_operator_decorator.py
[2024-11-01T01:57:18.840-0300] {logging_mixin.py:190} INFO - [2024-11-01T01:57:18.839-0300] {dag.py:3239} INFO - Sync 1 DAGs
[2024-11-01T01:57:20.708-0300] {logging_mixin.py:190} INFO - [2024-11-01T01:57:20.707-0300] {dag.py:4180} INFO - Setting next_dagrun for example_branch_python_operator_decorator to 2024-10-31 00:00:00+00:00, run_after=2024-11-01 00:00:00+00:00
[2024-11-01T01:57:22.672-0300] {processor.py:208} INFO - Processing /home/nico/.local/lib/python3.10/site-packages/airflow/example_dags/example_branch_operator_decorator.py took 4.515 seconds
[2024-11-01T01:59:44.666-0300] {processor.py:186} INFO - Started process (PID=183758) to work on /home/nico/.local/lib/python3.10/site-packages/airflow/example_dags/example_branch_operator_decorator.py
[2024-11-01T01:59:44.672-0300] {processor.py:914} INFO - Processing file /home/nico/.local/lib/python3.10/site-packages/airflow/example_dags/example_branch_operator_decorator.py for tasks to queue
[2024-11-01T01:59:44.679-0300] {logging_mixin.py:190} INFO - [2024-11-01T01:59:44.677-0300] {dagbag.py:588} INFO - Filling up the DagBag from /home/nico/.local/lib/python3.10/site-packages/airflow/example_dags/example_branch_operator_decorator.py
[2024-11-01T01:59:44.790-0300] {processor.py:925} INFO - DAG(s) 'example_branch_python_operator_decorator' retrieved from /home/nico/.local/lib/python3.10/site-packages/airflow/example_dags/example_branch_operator_decorator.py
[2024-11-01T01:59:44.894-0300] {logging_mixin.py:190} INFO - [2024-11-01T01:59:44.893-0300] {dag.py:3239} INFO - Sync 1 DAGs
[2024-11-01T01:59:44.969-0300] {logging_mixin.py:190} INFO - [2024-11-01T01:59:44.968-0300] {dag.py:4180} INFO - Setting next_dagrun for example_branch_python_operator_decorator to 2024-10-31 00:00:00+00:00, run_after=2024-11-01 00:00:00+00:00
[2024-11-01T01:59:45.096-0300] {processor.py:208} INFO - Processing /home/nico/.local/lib/python3.10/site-packages/airflow/example_dags/example_branch_operator_decorator.py took 0.458 seconds
[2024-11-01T02:10:06.996-0300] {processor.py:186} INFO - Started process (PID=186344) to work on /home/nico/.local/lib/python3.10/site-packages/airflow/example_dags/example_branch_operator_decorator.py
[2024-11-01T02:10:07.001-0300] {processor.py:914} INFO - Processing file /home/nico/.local/lib/python3.10/site-packages/airflow/example_dags/example_branch_operator_decorator.py for tasks to queue
[2024-11-01T02:10:07.015-0300] {logging_mixin.py:190} INFO - [2024-11-01T02:10:07.013-0300] {dagbag.py:588} INFO - Filling up the DagBag from /home/nico/.local/lib/python3.10/site-packages/airflow/example_dags/example_branch_operator_decorator.py
[2024-11-01T02:10:07.143-0300] {processor.py:925} INFO - DAG(s) 'example_branch_python_operator_decorator' retrieved from /home/nico/.local/lib/python3.10/site-packages/airflow/example_dags/example_branch_operator_decorator.py
[2024-11-01T02:10:07.336-0300] {logging_mixin.py:190} INFO - [2024-11-01T02:10:07.335-0300] {dag.py:3239} INFO - Sync 1 DAGs
[2024-11-01T02:10:07.405-0300] {logging_mixin.py:190} INFO - [2024-11-01T02:10:07.404-0300] {dag.py:4180} INFO - Setting next_dagrun for example_branch_python_operator_decorator to 2024-10-31 00:00:00+00:00, run_after=2024-11-01 00:00:00+00:00
[2024-11-01T02:10:07.538-0300] {processor.py:208} INFO - Processing /home/nico/.local/lib/python3.10/site-packages/airflow/example_dags/example_branch_operator_decorator.py took 0.593 seconds
[2024-11-01T02:12:14.280-0300] {processor.py:186} INFO - Started process (PID=186887) to work on /home/nico/.local/lib/python3.10/site-packages/airflow/example_dags/example_branch_operator_decorator.py
[2024-11-01T02:12:14.284-0300] {processor.py:914} INFO - Processing file /home/nico/.local/lib/python3.10/site-packages/airflow/example_dags/example_branch_operator_decorator.py for tasks to queue
[2024-11-01T02:12:14.290-0300] {logging_mixin.py:190} INFO - [2024-11-01T02:12:14.288-0300] {dagbag.py:588} INFO - Filling up the DagBag from /home/nico/.local/lib/python3.10/site-packages/airflow/example_dags/example_branch_operator_decorator.py
[2024-11-01T02:12:14.385-0300] {processor.py:925} INFO - DAG(s) 'example_branch_python_operator_decorator' retrieved from /home/nico/.local/lib/python3.10/site-packages/airflow/example_dags/example_branch_operator_decorator.py
[2024-11-01T02:12:14.461-0300] {logging_mixin.py:190} INFO - [2024-11-01T02:12:14.460-0300] {dag.py:3239} INFO - Sync 1 DAGs
[2024-11-01T02:12:14.555-0300] {logging_mixin.py:190} INFO - [2024-11-01T02:12:14.555-0300] {dag.py:4180} INFO - Setting next_dagrun for example_branch_python_operator_decorator to 2024-10-31 00:00:00+00:00, run_after=2024-11-01 00:00:00+00:00
[2024-11-01T02:12:14.715-0300] {processor.py:208} INFO - Processing /home/nico/.local/lib/python3.10/site-packages/airflow/example_dags/example_branch_operator_decorator.py took 0.466 seconds
[2024-11-01T02:19:00.485-0300] {processor.py:186} INFO - Started process (PID=188588) to work on /home/nico/.local/lib/python3.10/site-packages/airflow/example_dags/example_branch_operator_decorator.py
[2024-11-01T02:19:00.489-0300] {processor.py:914} INFO - Processing file /home/nico/.local/lib/python3.10/site-packages/airflow/example_dags/example_branch_operator_decorator.py for tasks to queue
[2024-11-01T02:19:00.507-0300] {logging_mixin.py:190} INFO - [2024-11-01T02:19:00.506-0300] {dagbag.py:588} INFO - Filling up the DagBag from /home/nico/.local/lib/python3.10/site-packages/airflow/example_dags/example_branch_operator_decorator.py
[2024-11-01T02:19:00.636-0300] {processor.py:925} INFO - DAG(s) 'example_branch_python_operator_decorator' retrieved from /home/nico/.local/lib/python3.10/site-packages/airflow/example_dags/example_branch_operator_decorator.py
[2024-11-01T02:19:00.767-0300] {logging_mixin.py:190} INFO - [2024-11-01T02:19:00.766-0300] {dag.py:3239} INFO - Sync 1 DAGs
[2024-11-01T02:19:00.886-0300] {logging_mixin.py:190} INFO - [2024-11-01T02:19:00.885-0300] {dag.py:4180} INFO - Setting next_dagrun for example_branch_python_operator_decorator to 2024-10-31 00:00:00+00:00, run_after=2024-11-01 00:00:00+00:00
[2024-11-01T02:19:01.057-0300] {processor.py:208} INFO - Processing /home/nico/.local/lib/python3.10/site-packages/airflow/example_dags/example_branch_operator_decorator.py took 0.596 seconds
[2024-11-01T02:24:01.009-0300] {processor.py:186} INFO - Started process (PID=189819) to work on /home/nico/.local/lib/python3.10/site-packages/airflow/example_dags/example_branch_operator_decorator.py
[2024-11-01T02:24:01.012-0300] {processor.py:914} INFO - Processing file /home/nico/.local/lib/python3.10/site-packages/airflow/example_dags/example_branch_operator_decorator.py for tasks to queue
[2024-11-01T02:24:01.015-0300] {logging_mixin.py:190} INFO - [2024-11-01T02:24:01.014-0300] {dagbag.py:588} INFO - Filling up the DagBag from /home/nico/.local/lib/python3.10/site-packages/airflow/example_dags/example_branch_operator_decorator.py
[2024-11-01T02:24:01.156-0300] {processor.py:925} INFO - DAG(s) 'example_branch_python_operator_decorator' retrieved from /home/nico/.local/lib/python3.10/site-packages/airflow/example_dags/example_branch_operator_decorator.py
[2024-11-01T02:24:01.403-0300] {logging_mixin.py:190} INFO - [2024-11-01T02:24:01.402-0300] {dag.py:3239} INFO - Sync 1 DAGs
[2024-11-01T02:24:01.499-0300] {logging_mixin.py:190} INFO - [2024-11-01T02:24:01.498-0300] {dag.py:4180} INFO - Setting next_dagrun for example_branch_python_operator_decorator to 2024-10-31 00:00:00+00:00, run_after=2024-11-01 00:00:00+00:00
[2024-11-01T02:24:01.678-0300] {processor.py:208} INFO - Processing /home/nico/.local/lib/python3.10/site-packages/airflow/example_dags/example_branch_operator_decorator.py took 0.685 seconds
[2024-11-01T02:33:46.235-0300] {processor.py:186} INFO - Started process (PID=192248) to work on /home/nico/.local/lib/python3.10/site-packages/airflow/example_dags/example_branch_operator_decorator.py
[2024-11-01T02:33:46.239-0300] {processor.py:914} INFO - Processing file /home/nico/.local/lib/python3.10/site-packages/airflow/example_dags/example_branch_operator_decorator.py for tasks to queue
[2024-11-01T02:33:46.243-0300] {logging_mixin.py:190} INFO - [2024-11-01T02:33:46.242-0300] {dagbag.py:588} INFO - Filling up the DagBag from /home/nico/.local/lib/python3.10/site-packages/airflow/example_dags/example_branch_operator_decorator.py
[2024-11-01T02:33:46.306-0300] {processor.py:925} INFO - DAG(s) 'example_branch_python_operator_decorator' retrieved from /home/nico/.local/lib/python3.10/site-packages/airflow/example_dags/example_branch_operator_decorator.py
[2024-11-01T02:33:47.157-0300] {logging_mixin.py:190} INFO - [2024-11-01T02:33:47.157-0300] {dag.py:3239} INFO - Sync 1 DAGs
[2024-11-01T02:33:47.308-0300] {logging_mixin.py:190} INFO - [2024-11-01T02:33:47.307-0300] {dag.py:4180} INFO - Setting next_dagrun for example_branch_python_operator_decorator to 2024-10-31 00:00:00+00:00, run_after=2024-11-01 00:00:00+00:00
[2024-11-01T02:33:47.493-0300] {processor.py:208} INFO - Processing /home/nico/.local/lib/python3.10/site-packages/airflow/example_dags/example_branch_operator_decorator.py took 1.291 seconds
[2024-11-01T02:36:38.644-0300] {processor.py:186} INFO - Started process (PID=192962) to work on /home/nico/.local/lib/python3.10/site-packages/airflow/example_dags/example_branch_operator_decorator.py
[2024-11-01T02:36:38.658-0300] {processor.py:914} INFO - Processing file /home/nico/.local/lib/python3.10/site-packages/airflow/example_dags/example_branch_operator_decorator.py for tasks to queue
[2024-11-01T02:36:38.671-0300] {logging_mixin.py:190} INFO - [2024-11-01T02:36:38.661-0300] {dagbag.py:588} INFO - Filling up the DagBag from /home/nico/.local/lib/python3.10/site-packages/airflow/example_dags/example_branch_operator_decorator.py
[2024-11-01T02:36:38.826-0300] {processor.py:925} INFO - DAG(s) 'example_branch_python_operator_decorator' retrieved from /home/nico/.local/lib/python3.10/site-packages/airflow/example_dags/example_branch_operator_decorator.py
[2024-11-01T02:36:38.932-0300] {logging_mixin.py:190} INFO - [2024-11-01T02:36:38.931-0300] {dag.py:3239} INFO - Sync 1 DAGs
[2024-11-01T02:36:39.795-0300] {logging_mixin.py:190} INFO - [2024-11-01T02:36:39.793-0300] {dag.py:4180} INFO - Setting next_dagrun for example_branch_python_operator_decorator to 2024-10-31 00:00:00+00:00, run_after=2024-11-01 00:00:00+00:00
[2024-11-01T02:36:40.081-0300] {processor.py:208} INFO - Processing /home/nico/.local/lib/python3.10/site-packages/airflow/example_dags/example_branch_operator_decorator.py took 1.486 seconds
