[2024-10-31T21:03:03.339-0300] {processor.py:186} INFO - Started process (PID=150283) to work on /home/nico/.local/lib/python3.10/site-packages/airflow/example_dags/example_branch_operator.py
[2024-10-31T21:03:03.341-0300] {processor.py:914} INFO - Processing file /home/nico/.local/lib/python3.10/site-packages/airflow/example_dags/example_branch_operator.py for tasks to queue
[2024-10-31T21:03:03.346-0300] {logging_mixin.py:190} INFO - [2024-10-31T21:03:03.345-0300] {dagbag.py:588} INFO - Filling up the DagBag from /home/nico/.local/lib/python3.10/site-packages/airflow/example_dags/example_branch_operator.py
[2024-10-31T21:03:03.395-0300] {processor.py:925} INFO - DAG(s) 'example_branch_operator' retrieved from /home/nico/.local/lib/python3.10/site-packages/airflow/example_dags/example_branch_operator.py
[2024-10-31T21:03:03.486-0300] {logging_mixin.py:190} INFO - [2024-10-31T21:03:03.485-0300] {dag.py:3239} INFO - Sync 1 DAGs
[2024-10-31T21:03:03.554-0300] {logging_mixin.py:190} INFO - [2024-10-31T21:03:03.553-0300] {dag.py:4180} INFO - Setting next_dagrun for example_branch_operator to 2024-10-31 00:00:00+00:00, run_after=2024-11-01 00:00:00+00:00
[2024-10-31T21:03:03.692-0300] {processor.py:208} INFO - Processing /home/nico/.local/lib/python3.10/site-packages/airflow/example_dags/example_branch_operator.py took 0.372 seconds
[2024-10-31T23:55:05.013-0300] {processor.py:186} INFO - Started process (PID=152341) to work on /home/nico/.local/lib/python3.10/site-packages/airflow/example_dags/example_branch_operator.py
[2024-10-31T23:55:05.017-0300] {processor.py:914} INFO - Processing file /home/nico/.local/lib/python3.10/site-packages/airflow/example_dags/example_branch_operator.py for tasks to queue
[2024-10-31T23:55:05.028-0300] {logging_mixin.py:190} INFO - [2024-10-31T23:55:05.026-0300] {dagbag.py:588} INFO - Filling up the DagBag from /home/nico/.local/lib/python3.10/site-packages/airflow/example_dags/example_branch_operator.py
[2024-10-31T23:55:05.116-0300] {processor.py:925} INFO - DAG(s) 'example_branch_operator' retrieved from /home/nico/.local/lib/python3.10/site-packages/airflow/example_dags/example_branch_operator.py
[2024-10-31T23:55:06.037-0300] {logging_mixin.py:190} INFO - [2024-10-31T23:55:06.036-0300] {dag.py:3239} INFO - Sync 1 DAGs
[2024-10-31T23:55:06.169-0300] {logging_mixin.py:190} INFO - [2024-10-31T23:55:06.168-0300] {dag.py:4180} INFO - Setting next_dagrun for example_branch_operator to 2024-10-31 00:00:00+00:00, run_after=2024-11-01 00:00:00+00:00
[2024-10-31T23:55:06.401-0300] {processor.py:208} INFO - Processing /home/nico/.local/lib/python3.10/site-packages/airflow/example_dags/example_branch_operator.py took 1.412 seconds
[2024-11-01T00:03:02.023-0300] {processor.py:186} INFO - Started process (PID=154370) to work on /home/nico/.local/lib/python3.10/site-packages/airflow/example_dags/example_branch_operator.py
[2024-11-01T00:03:02.044-0300] {processor.py:914} INFO - Processing file /home/nico/.local/lib/python3.10/site-packages/airflow/example_dags/example_branch_operator.py for tasks to queue
[2024-11-01T00:03:02.050-0300] {logging_mixin.py:190} INFO - [2024-11-01T00:03:02.049-0300] {dagbag.py:588} INFO - Filling up the DagBag from /home/nico/.local/lib/python3.10/site-packages/airflow/example_dags/example_branch_operator.py
[2024-11-01T00:03:02.229-0300] {processor.py:925} INFO - DAG(s) 'example_branch_operator' retrieved from /home/nico/.local/lib/python3.10/site-packages/airflow/example_dags/example_branch_operator.py
[2024-11-01T00:03:02.386-0300] {logging_mixin.py:190} INFO - [2024-11-01T00:03:02.385-0300] {dag.py:3239} INFO - Sync 1 DAGs
[2024-11-01T00:03:02.496-0300] {logging_mixin.py:190} INFO - [2024-11-01T00:03:02.495-0300] {dag.py:4180} INFO - Setting next_dagrun for example_branch_operator to 2024-10-31 00:00:00+00:00, run_after=2024-11-01 00:00:00+00:00
[2024-11-01T00:03:02.668-0300] {processor.py:208} INFO - Processing /home/nico/.local/lib/python3.10/site-packages/airflow/example_dags/example_branch_operator.py took 0.696 seconds
[2024-11-01T00:07:31.917-0300] {processor.py:186} INFO - Started process (PID=155516) to work on /home/nico/.local/lib/python3.10/site-packages/airflow/example_dags/example_branch_operator.py
[2024-11-01T00:07:31.920-0300] {processor.py:914} INFO - Processing file /home/nico/.local/lib/python3.10/site-packages/airflow/example_dags/example_branch_operator.py for tasks to queue
[2024-11-01T00:07:31.923-0300] {logging_mixin.py:190} INFO - [2024-11-01T00:07:31.922-0300] {dagbag.py:588} INFO - Filling up the DagBag from /home/nico/.local/lib/python3.10/site-packages/airflow/example_dags/example_branch_operator.py
[2024-11-01T00:07:31.973-0300] {processor.py:925} INFO - DAG(s) 'example_branch_operator' retrieved from /home/nico/.local/lib/python3.10/site-packages/airflow/example_dags/example_branch_operator.py
[2024-11-01T00:07:32.059-0300] {logging_mixin.py:190} INFO - [2024-11-01T00:07:32.058-0300] {dag.py:3239} INFO - Sync 1 DAGs
[2024-11-01T00:07:32.131-0300] {logging_mixin.py:190} INFO - [2024-11-01T00:07:32.131-0300] {dag.py:4180} INFO - Setting next_dagrun for example_branch_operator to 2024-10-31 00:00:00+00:00, run_after=2024-11-01 00:00:00+00:00
[2024-11-01T00:07:32.302-0300] {processor.py:208} INFO - Processing /home/nico/.local/lib/python3.10/site-packages/airflow/example_dags/example_branch_operator.py took 0.400 seconds
[2024-11-01T00:20:42.867-0300] {processor.py:186} INFO - Started process (PID=158888) to work on /home/nico/.local/lib/python3.10/site-packages/airflow/example_dags/example_branch_operator.py
[2024-11-01T00:20:42.871-0300] {processor.py:914} INFO - Processing file /home/nico/.local/lib/python3.10/site-packages/airflow/example_dags/example_branch_operator.py for tasks to queue
[2024-11-01T00:20:42.876-0300] {logging_mixin.py:190} INFO - [2024-11-01T00:20:42.875-0300] {dagbag.py:588} INFO - Filling up the DagBag from /home/nico/.local/lib/python3.10/site-packages/airflow/example_dags/example_branch_operator.py
[2024-11-01T00:20:42.970-0300] {processor.py:925} INFO - DAG(s) 'example_branch_operator' retrieved from /home/nico/.local/lib/python3.10/site-packages/airflow/example_dags/example_branch_operator.py
[2024-11-01T00:20:43.340-0300] {logging_mixin.py:190} INFO - [2024-11-01T00:20:43.339-0300] {dag.py:3239} INFO - Sync 1 DAGs
[2024-11-01T00:20:43.401-0300] {logging_mixin.py:190} INFO - [2024-11-01T00:20:43.400-0300] {dag.py:4180} INFO - Setting next_dagrun for example_branch_operator to 2024-10-31 00:00:00+00:00, run_after=2024-11-01 00:00:00+00:00
[2024-11-01T00:20:43.547-0300] {processor.py:208} INFO - Processing /home/nico/.local/lib/python3.10/site-packages/airflow/example_dags/example_branch_operator.py took 0.701 seconds
[2024-11-01T00:33:56.728-0300] {processor.py:186} INFO - Started process (PID=162272) to work on /home/nico/.local/lib/python3.10/site-packages/airflow/example_dags/example_branch_operator.py
[2024-11-01T00:33:56.732-0300] {processor.py:914} INFO - Processing file /home/nico/.local/lib/python3.10/site-packages/airflow/example_dags/example_branch_operator.py for tasks to queue
[2024-11-01T00:33:56.737-0300] {logging_mixin.py:190} INFO - [2024-11-01T00:33:56.735-0300] {dagbag.py:588} INFO - Filling up the DagBag from /home/nico/.local/lib/python3.10/site-packages/airflow/example_dags/example_branch_operator.py
[2024-11-01T00:33:56.776-0300] {processor.py:925} INFO - DAG(s) 'example_branch_operator' retrieved from /home/nico/.local/lib/python3.10/site-packages/airflow/example_dags/example_branch_operator.py
[2024-11-01T00:33:57.033-0300] {logging_mixin.py:190} INFO - [2024-11-01T00:33:57.032-0300] {dag.py:3239} INFO - Sync 1 DAGs
[2024-11-01T00:33:57.213-0300] {logging_mixin.py:190} INFO - [2024-11-01T00:33:57.209-0300] {dag.py:4180} INFO - Setting next_dagrun for example_branch_operator to 2024-10-31 00:00:00+00:00, run_after=2024-11-01 00:00:00+00:00
[2024-11-01T00:33:57.697-0300] {processor.py:208} INFO - Processing /home/nico/.local/lib/python3.10/site-packages/airflow/example_dags/example_branch_operator.py took 0.984 seconds
[2024-11-01T00:37:07.727-0300] {processor.py:186} INFO - Started process (PID=163090) to work on /home/nico/.local/lib/python3.10/site-packages/airflow/example_dags/example_branch_operator.py
[2024-11-01T00:37:07.731-0300] {processor.py:914} INFO - Processing file /home/nico/.local/lib/python3.10/site-packages/airflow/example_dags/example_branch_operator.py for tasks to queue
[2024-11-01T00:37:07.741-0300] {logging_mixin.py:190} INFO - [2024-11-01T00:37:07.740-0300] {dagbag.py:588} INFO - Filling up the DagBag from /home/nico/.local/lib/python3.10/site-packages/airflow/example_dags/example_branch_operator.py
[2024-11-01T00:37:07.804-0300] {processor.py:925} INFO - DAG(s) 'example_branch_operator' retrieved from /home/nico/.local/lib/python3.10/site-packages/airflow/example_dags/example_branch_operator.py
[2024-11-01T00:37:07.896-0300] {logging_mixin.py:190} INFO - [2024-11-01T00:37:07.895-0300] {dag.py:3239} INFO - Sync 1 DAGs
[2024-11-01T00:37:07.958-0300] {logging_mixin.py:190} INFO - [2024-11-01T00:37:07.958-0300] {dag.py:4180} INFO - Setting next_dagrun for example_branch_operator to 2024-10-31 00:00:00+00:00, run_after=2024-11-01 00:00:00+00:00
[2024-11-01T00:37:08.076-0300] {processor.py:208} INFO - Processing /home/nico/.local/lib/python3.10/site-packages/airflow/example_dags/example_branch_operator.py took 0.410 seconds
[2024-11-01T00:51:46.270-0300] {processor.py:186} INFO - Started process (PID=166686) to work on /home/nico/.local/lib/python3.10/site-packages/airflow/example_dags/example_branch_operator.py
[2024-11-01T00:51:46.274-0300] {processor.py:914} INFO - Processing file /home/nico/.local/lib/python3.10/site-packages/airflow/example_dags/example_branch_operator.py for tasks to queue
[2024-11-01T00:51:46.281-0300] {logging_mixin.py:190} INFO - [2024-11-01T00:51:46.280-0300] {dagbag.py:588} INFO - Filling up the DagBag from /home/nico/.local/lib/python3.10/site-packages/airflow/example_dags/example_branch_operator.py
[2024-11-01T00:51:46.358-0300] {processor.py:925} INFO - DAG(s) 'example_branch_operator' retrieved from /home/nico/.local/lib/python3.10/site-packages/airflow/example_dags/example_branch_operator.py
[2024-11-01T00:51:46.771-0300] {logging_mixin.py:190} INFO - [2024-11-01T00:51:46.770-0300] {dag.py:3239} INFO - Sync 1 DAGs
[2024-11-01T00:51:46.836-0300] {logging_mixin.py:190} INFO - [2024-11-01T00:51:46.835-0300] {dag.py:4180} INFO - Setting next_dagrun for example_branch_operator to 2024-10-31 00:00:00+00:00, run_after=2024-11-01 00:00:00+00:00
[2024-11-01T00:51:47.012-0300] {processor.py:208} INFO - Processing /home/nico/.local/lib/python3.10/site-packages/airflow/example_dags/example_branch_operator.py took 0.765 seconds
[2024-11-01T00:55:36.163-0300] {processor.py:186} INFO - Started process (PID=167666) to work on /home/nico/.local/lib/python3.10/site-packages/airflow/example_dags/example_branch_operator.py
[2024-11-01T00:55:36.167-0300] {processor.py:914} INFO - Processing file /home/nico/.local/lib/python3.10/site-packages/airflow/example_dags/example_branch_operator.py for tasks to queue
[2024-11-01T00:55:36.176-0300] {logging_mixin.py:190} INFO - [2024-11-01T00:55:36.174-0300] {dagbag.py:588} INFO - Filling up the DagBag from /home/nico/.local/lib/python3.10/site-packages/airflow/example_dags/example_branch_operator.py
[2024-11-01T00:55:36.265-0300] {processor.py:925} INFO - DAG(s) 'example_branch_operator' retrieved from /home/nico/.local/lib/python3.10/site-packages/airflow/example_dags/example_branch_operator.py
[2024-11-01T00:55:36.432-0300] {logging_mixin.py:190} INFO - [2024-11-01T00:55:36.431-0300] {dag.py:3239} INFO - Sync 1 DAGs
[2024-11-01T00:55:36.504-0300] {logging_mixin.py:190} INFO - [2024-11-01T00:55:36.502-0300] {dag.py:4180} INFO - Setting next_dagrun for example_branch_operator to 2024-10-31 00:00:00+00:00, run_after=2024-11-01 00:00:00+00:00
[2024-11-01T00:55:36.640-0300] {processor.py:208} INFO - Processing /home/nico/.local/lib/python3.10/site-packages/airflow/example_dags/example_branch_operator.py took 0.505 seconds
[2024-11-01T00:58:55.910-0300] {processor.py:186} INFO - Started process (PID=168547) to work on /home/nico/.local/lib/python3.10/site-packages/airflow/example_dags/example_branch_operator.py
[2024-11-01T00:58:55.912-0300] {processor.py:914} INFO - Processing file /home/nico/.local/lib/python3.10/site-packages/airflow/example_dags/example_branch_operator.py for tasks to queue
[2024-11-01T00:58:55.918-0300] {logging_mixin.py:190} INFO - [2024-11-01T00:58:55.917-0300] {dagbag.py:588} INFO - Filling up the DagBag from /home/nico/.local/lib/python3.10/site-packages/airflow/example_dags/example_branch_operator.py
[2024-11-01T00:58:55.976-0300] {processor.py:925} INFO - DAG(s) 'example_branch_operator' retrieved from /home/nico/.local/lib/python3.10/site-packages/airflow/example_dags/example_branch_operator.py
[2024-11-01T00:58:56.051-0300] {logging_mixin.py:190} INFO - [2024-11-01T00:58:56.050-0300] {dag.py:3239} INFO - Sync 1 DAGs
[2024-11-01T00:58:56.115-0300] {logging_mixin.py:190} INFO - [2024-11-01T00:58:56.115-0300] {dag.py:4180} INFO - Setting next_dagrun for example_branch_operator to 2024-10-31 00:00:00+00:00, run_after=2024-11-01 00:00:00+00:00
[2024-11-01T00:58:56.244-0300] {processor.py:208} INFO - Processing /home/nico/.local/lib/python3.10/site-packages/airflow/example_dags/example_branch_operator.py took 0.350 seconds
[2024-11-01T01:06:14.962-0300] {processor.py:186} INFO - Started process (PID=170401) to work on /home/nico/.local/lib/python3.10/site-packages/airflow/example_dags/example_branch_operator.py
[2024-11-01T01:06:14.964-0300] {processor.py:914} INFO - Processing file /home/nico/.local/lib/python3.10/site-packages/airflow/example_dags/example_branch_operator.py for tasks to queue
[2024-11-01T01:06:14.967-0300] {logging_mixin.py:190} INFO - [2024-11-01T01:06:14.966-0300] {dagbag.py:588} INFO - Filling up the DagBag from /home/nico/.local/lib/python3.10/site-packages/airflow/example_dags/example_branch_operator.py
[2024-11-01T01:06:15.017-0300] {processor.py:925} INFO - DAG(s) 'example_branch_operator' retrieved from /home/nico/.local/lib/python3.10/site-packages/airflow/example_dags/example_branch_operator.py
[2024-11-01T01:06:15.152-0300] {logging_mixin.py:190} INFO - [2024-11-01T01:06:15.151-0300] {dag.py:3239} INFO - Sync 1 DAGs
[2024-11-01T01:06:15.256-0300] {logging_mixin.py:190} INFO - [2024-11-01T01:06:15.255-0300] {dag.py:4180} INFO - Setting next_dagrun for example_branch_operator to 2024-10-31 00:00:00+00:00, run_after=2024-11-01 00:00:00+00:00
[2024-11-01T01:06:15.495-0300] {processor.py:208} INFO - Processing /home/nico/.local/lib/python3.10/site-packages/airflow/example_dags/example_branch_operator.py took 0.554 seconds
[2024-11-01T01:12:17.349-0300] {processor.py:186} INFO - Started process (PID=171953) to work on /home/nico/.local/lib/python3.10/site-packages/airflow/example_dags/example_branch_operator.py
[2024-11-01T01:12:17.357-0300] {processor.py:914} INFO - Processing file /home/nico/.local/lib/python3.10/site-packages/airflow/example_dags/example_branch_operator.py for tasks to queue
[2024-11-01T01:12:17.367-0300] {logging_mixin.py:190} INFO - [2024-11-01T01:12:17.365-0300] {dagbag.py:588} INFO - Filling up the DagBag from /home/nico/.local/lib/python3.10/site-packages/airflow/example_dags/example_branch_operator.py
[2024-11-01T01:12:17.431-0300] {processor.py:925} INFO - DAG(s) 'example_branch_operator' retrieved from /home/nico/.local/lib/python3.10/site-packages/airflow/example_dags/example_branch_operator.py
[2024-11-01T01:12:17.561-0300] {logging_mixin.py:190} INFO - [2024-11-01T01:12:17.560-0300] {dag.py:3239} INFO - Sync 1 DAGs
[2024-11-01T01:12:17.668-0300] {logging_mixin.py:190} INFO - [2024-11-01T01:12:17.667-0300] {dag.py:4180} INFO - Setting next_dagrun for example_branch_operator to 2024-10-31 00:00:00+00:00, run_after=2024-11-01 00:00:00+00:00
[2024-11-01T01:12:17.872-0300] {processor.py:208} INFO - Processing /home/nico/.local/lib/python3.10/site-packages/airflow/example_dags/example_branch_operator.py took 0.565 seconds
[2024-11-01T01:35:46.934-0300] {processor.py:186} INFO - Started process (PID=177705) to work on /home/nico/.local/lib/python3.10/site-packages/airflow/example_dags/example_branch_operator.py
[2024-11-01T01:35:46.939-0300] {processor.py:914} INFO - Processing file /home/nico/.local/lib/python3.10/site-packages/airflow/example_dags/example_branch_operator.py for tasks to queue
[2024-11-01T01:35:46.945-0300] {logging_mixin.py:190} INFO - [2024-11-01T01:35:46.944-0300] {dagbag.py:588} INFO - Filling up the DagBag from /home/nico/.local/lib/python3.10/site-packages/airflow/example_dags/example_branch_operator.py
[2024-11-01T01:35:47.023-0300] {processor.py:925} INFO - DAG(s) 'example_branch_operator' retrieved from /home/nico/.local/lib/python3.10/site-packages/airflow/example_dags/example_branch_operator.py
[2024-11-01T01:35:47.111-0300] {logging_mixin.py:190} INFO - [2024-11-01T01:35:47.110-0300] {dag.py:3239} INFO - Sync 1 DAGs
[2024-11-01T01:35:47.177-0300] {logging_mixin.py:190} INFO - [2024-11-01T01:35:47.176-0300] {dag.py:4180} INFO - Setting next_dagrun for example_branch_operator to 2024-10-31 00:00:00+00:00, run_after=2024-11-01 00:00:00+00:00
[2024-11-01T01:35:47.334-0300] {processor.py:208} INFO - Processing /home/nico/.local/lib/python3.10/site-packages/airflow/example_dags/example_branch_operator.py took 0.421 seconds
[2024-11-01T01:38:51.288-0300] {processor.py:186} INFO - Started process (PID=178494) to work on /home/nico/.local/lib/python3.10/site-packages/airflow/example_dags/example_branch_operator.py
[2024-11-01T01:38:51.293-0300] {processor.py:914} INFO - Processing file /home/nico/.local/lib/python3.10/site-packages/airflow/example_dags/example_branch_operator.py for tasks to queue
[2024-11-01T01:38:51.300-0300] {logging_mixin.py:190} INFO - [2024-11-01T01:38:51.298-0300] {dagbag.py:588} INFO - Filling up the DagBag from /home/nico/.local/lib/python3.10/site-packages/airflow/example_dags/example_branch_operator.py
[2024-11-01T01:38:51.400-0300] {processor.py:925} INFO - DAG(s) 'example_branch_operator' retrieved from /home/nico/.local/lib/python3.10/site-packages/airflow/example_dags/example_branch_operator.py
[2024-11-01T01:38:51.497-0300] {logging_mixin.py:190} INFO - [2024-11-01T01:38:51.496-0300] {dag.py:3239} INFO - Sync 1 DAGs
[2024-11-01T01:38:51.578-0300] {logging_mixin.py:190} INFO - [2024-11-01T01:38:51.577-0300] {dag.py:4180} INFO - Setting next_dagrun for example_branch_operator to 2024-10-31 00:00:00+00:00, run_after=2024-11-01 00:00:00+00:00
[2024-11-01T01:38:51.720-0300] {processor.py:208} INFO - Processing /home/nico/.local/lib/python3.10/site-packages/airflow/example_dags/example_branch_operator.py took 0.463 seconds
[2024-11-01T01:41:42.707-0300] {processor.py:186} INFO - Started process (PID=179231) to work on /home/nico/.local/lib/python3.10/site-packages/airflow/example_dags/example_branch_operator.py
[2024-11-01T01:41:42.710-0300] {processor.py:914} INFO - Processing file /home/nico/.local/lib/python3.10/site-packages/airflow/example_dags/example_branch_operator.py for tasks to queue
[2024-11-01T01:41:42.717-0300] {logging_mixin.py:190} INFO - [2024-11-01T01:41:42.715-0300] {dagbag.py:588} INFO - Filling up the DagBag from /home/nico/.local/lib/python3.10/site-packages/airflow/example_dags/example_branch_operator.py
[2024-11-01T01:41:42.793-0300] {processor.py:925} INFO - DAG(s) 'example_branch_operator' retrieved from /home/nico/.local/lib/python3.10/site-packages/airflow/example_dags/example_branch_operator.py
[2024-11-01T01:41:42.884-0300] {logging_mixin.py:190} INFO - [2024-11-01T01:41:42.883-0300] {dag.py:3239} INFO - Sync 1 DAGs
[2024-11-01T01:41:42.962-0300] {logging_mixin.py:190} INFO - [2024-11-01T01:41:42.961-0300] {dag.py:4180} INFO - Setting next_dagrun for example_branch_operator to 2024-10-31 00:00:00+00:00, run_after=2024-11-01 00:00:00+00:00
[2024-11-01T01:41:43.096-0300] {processor.py:208} INFO - Processing /home/nico/.local/lib/python3.10/site-packages/airflow/example_dags/example_branch_operator.py took 0.429 seconds
[2024-11-01T01:45:08.256-0300] {processor.py:186} INFO - Started process (PID=180102) to work on /home/nico/.local/lib/python3.10/site-packages/airflow/example_dags/example_branch_operator.py
[2024-11-01T01:45:08.271-0300] {processor.py:914} INFO - Processing file /home/nico/.local/lib/python3.10/site-packages/airflow/example_dags/example_branch_operator.py for tasks to queue
[2024-11-01T01:45:08.284-0300] {logging_mixin.py:190} INFO - [2024-11-01T01:45:08.275-0300] {dagbag.py:588} INFO - Filling up the DagBag from /home/nico/.local/lib/python3.10/site-packages/airflow/example_dags/example_branch_operator.py
[2024-11-01T01:45:08.383-0300] {processor.py:925} INFO - DAG(s) 'example_branch_operator' retrieved from /home/nico/.local/lib/python3.10/site-packages/airflow/example_dags/example_branch_operator.py
[2024-11-01T01:45:08.623-0300] {logging_mixin.py:190} INFO - [2024-11-01T01:45:08.623-0300] {dag.py:3239} INFO - Sync 1 DAGs
[2024-11-01T01:45:08.769-0300] {logging_mixin.py:190} INFO - [2024-11-01T01:45:08.768-0300] {dag.py:4180} INFO - Setting next_dagrun for example_branch_operator to 2024-10-31 00:00:00+00:00, run_after=2024-11-01 00:00:00+00:00
[2024-11-01T01:45:08.973-0300] {processor.py:208} INFO - Processing /home/nico/.local/lib/python3.10/site-packages/airflow/example_dags/example_branch_operator.py took 0.769 seconds
[2024-11-01T01:48:55.296-0300] {processor.py:186} INFO - Started process (PID=181054) to work on /home/nico/.local/lib/python3.10/site-packages/airflow/example_dags/example_branch_operator.py
[2024-11-01T01:48:55.300-0300] {processor.py:914} INFO - Processing file /home/nico/.local/lib/python3.10/site-packages/airflow/example_dags/example_branch_operator.py for tasks to queue
[2024-11-01T01:48:55.312-0300] {logging_mixin.py:190} INFO - [2024-11-01T01:48:55.311-0300] {dagbag.py:588} INFO - Filling up the DagBag from /home/nico/.local/lib/python3.10/site-packages/airflow/example_dags/example_branch_operator.py
[2024-11-01T01:48:55.448-0300] {processor.py:925} INFO - DAG(s) 'example_branch_operator' retrieved from /home/nico/.local/lib/python3.10/site-packages/airflow/example_dags/example_branch_operator.py
[2024-11-01T01:48:55.612-0300] {logging_mixin.py:190} INFO - [2024-11-01T01:48:55.611-0300] {dag.py:3239} INFO - Sync 1 DAGs
[2024-11-01T01:48:55.730-0300] {logging_mixin.py:190} INFO - [2024-11-01T01:48:55.729-0300] {dag.py:4180} INFO - Setting next_dagrun for example_branch_operator to 2024-10-31 00:00:00+00:00, run_after=2024-11-01 00:00:00+00:00
[2024-11-01T01:48:55.986-0300] {processor.py:208} INFO - Processing /home/nico/.local/lib/python3.10/site-packages/airflow/example_dags/example_branch_operator.py took 0.743 seconds
[2024-11-01T01:52:23.100-0300] {processor.py:186} INFO - Started process (PID=181938) to work on /home/nico/.local/lib/python3.10/site-packages/airflow/example_dags/example_branch_operator.py
[2024-11-01T01:52:23.103-0300] {processor.py:914} INFO - Processing file /home/nico/.local/lib/python3.10/site-packages/airflow/example_dags/example_branch_operator.py for tasks to queue
[2024-11-01T01:52:23.108-0300] {logging_mixin.py:190} INFO - [2024-11-01T01:52:23.107-0300] {dagbag.py:588} INFO - Filling up the DagBag from /home/nico/.local/lib/python3.10/site-packages/airflow/example_dags/example_branch_operator.py
[2024-11-01T01:52:23.175-0300] {processor.py:925} INFO - DAG(s) 'example_branch_operator' retrieved from /home/nico/.local/lib/python3.10/site-packages/airflow/example_dags/example_branch_operator.py
[2024-11-01T01:52:23.255-0300] {logging_mixin.py:190} INFO - [2024-11-01T01:52:23.254-0300] {dag.py:3239} INFO - Sync 1 DAGs
[2024-11-01T01:52:23.339-0300] {logging_mixin.py:190} INFO - [2024-11-01T01:52:23.338-0300] {dag.py:4180} INFO - Setting next_dagrun for example_branch_operator to 2024-10-31 00:00:00+00:00, run_after=2024-11-01 00:00:00+00:00
[2024-11-01T01:52:23.474-0300] {processor.py:208} INFO - Processing /home/nico/.local/lib/python3.10/site-packages/airflow/example_dags/example_branch_operator.py took 0.409 seconds
[2024-11-01T01:57:36.431-0300] {processor.py:186} INFO - Started process (PID=183220) to work on /home/nico/.local/lib/python3.10/site-packages/airflow/example_dags/example_branch_operator.py
[2024-11-01T01:57:36.443-0300] {processor.py:914} INFO - Processing file /home/nico/.local/lib/python3.10/site-packages/airflow/example_dags/example_branch_operator.py for tasks to queue
[2024-11-01T01:57:36.459-0300] {logging_mixin.py:190} INFO - [2024-11-01T01:57:36.457-0300] {dagbag.py:588} INFO - Filling up the DagBag from /home/nico/.local/lib/python3.10/site-packages/airflow/example_dags/example_branch_operator.py
[2024-11-01T01:57:36.646-0300] {processor.py:925} INFO - DAG(s) 'example_branch_operator' retrieved from /home/nico/.local/lib/python3.10/site-packages/airflow/example_dags/example_branch_operator.py
[2024-11-01T01:57:37.026-0300] {logging_mixin.py:190} INFO - [2024-11-01T01:57:37.025-0300] {dag.py:3239} INFO - Sync 1 DAGs
[2024-11-01T01:57:37.174-0300] {logging_mixin.py:190} INFO - [2024-11-01T01:57:37.174-0300] {dag.py:4180} INFO - Setting next_dagrun for example_branch_operator to 2024-10-31 00:00:00+00:00, run_after=2024-11-01 00:00:00+00:00
[2024-11-01T01:57:37.337-0300] {processor.py:208} INFO - Processing /home/nico/.local/lib/python3.10/site-packages/airflow/example_dags/example_branch_operator.py took 0.946 seconds
[2024-11-01T02:01:46.838-0300] {processor.py:186} INFO - Started process (PID=184271) to work on /home/nico/.local/lib/python3.10/site-packages/airflow/example_dags/example_branch_operator.py
[2024-11-01T02:01:46.842-0300] {processor.py:914} INFO - Processing file /home/nico/.local/lib/python3.10/site-packages/airflow/example_dags/example_branch_operator.py for tasks to queue
[2024-11-01T02:01:46.848-0300] {logging_mixin.py:190} INFO - [2024-11-01T02:01:46.847-0300] {dagbag.py:588} INFO - Filling up the DagBag from /home/nico/.local/lib/python3.10/site-packages/airflow/example_dags/example_branch_operator.py
[2024-11-01T02:01:46.902-0300] {processor.py:925} INFO - DAG(s) 'example_branch_operator' retrieved from /home/nico/.local/lib/python3.10/site-packages/airflow/example_dags/example_branch_operator.py
[2024-11-01T02:01:46.993-0300] {logging_mixin.py:190} INFO - [2024-11-01T02:01:46.993-0300] {dag.py:3239} INFO - Sync 1 DAGs
[2024-11-01T02:01:47.081-0300] {logging_mixin.py:190} INFO - [2024-11-01T02:01:47.080-0300] {dag.py:4180} INFO - Setting next_dagrun for example_branch_operator to 2024-10-31 00:00:00+00:00, run_after=2024-11-01 00:00:00+00:00
[2024-11-01T02:01:47.258-0300] {processor.py:208} INFO - Processing /home/nico/.local/lib/python3.10/site-packages/airflow/example_dags/example_branch_operator.py took 0.445 seconds
[2024-11-01T02:10:23.713-0300] {processor.py:186} INFO - Started process (PID=186417) to work on /home/nico/.local/lib/python3.10/site-packages/airflow/example_dags/example_branch_operator.py
[2024-11-01T02:10:23.729-0300] {processor.py:914} INFO - Processing file /home/nico/.local/lib/python3.10/site-packages/airflow/example_dags/example_branch_operator.py for tasks to queue
[2024-11-01T02:10:23.741-0300] {logging_mixin.py:190} INFO - [2024-11-01T02:10:23.740-0300] {dagbag.py:588} INFO - Filling up the DagBag from /home/nico/.local/lib/python3.10/site-packages/airflow/example_dags/example_branch_operator.py
[2024-11-01T02:10:23.811-0300] {processor.py:925} INFO - DAG(s) 'example_branch_operator' retrieved from /home/nico/.local/lib/python3.10/site-packages/airflow/example_dags/example_branch_operator.py
[2024-11-01T02:10:23.882-0300] {logging_mixin.py:190} INFO - [2024-11-01T02:10:23.881-0300] {dag.py:3239} INFO - Sync 1 DAGs
[2024-11-01T02:10:23.949-0300] {logging_mixin.py:190} INFO - [2024-11-01T02:10:23.949-0300] {dag.py:4180} INFO - Setting next_dagrun for example_branch_operator to 2024-10-31 00:00:00+00:00, run_after=2024-11-01 00:00:00+00:00
[2024-11-01T02:10:24.096-0300] {processor.py:208} INFO - Processing /home/nico/.local/lib/python3.10/site-packages/airflow/example_dags/example_branch_operator.py took 0.425 seconds
[2024-11-01T02:16:55.516-0300] {processor.py:186} INFO - Started process (PID=188061) to work on /home/nico/.local/lib/python3.10/site-packages/airflow/example_dags/example_branch_operator.py
[2024-11-01T02:16:55.519-0300] {processor.py:914} INFO - Processing file /home/nico/.local/lib/python3.10/site-packages/airflow/example_dags/example_branch_operator.py for tasks to queue
[2024-11-01T02:16:55.525-0300] {logging_mixin.py:190} INFO - [2024-11-01T02:16:55.523-0300] {dagbag.py:588} INFO - Filling up the DagBag from /home/nico/.local/lib/python3.10/site-packages/airflow/example_dags/example_branch_operator.py
[2024-11-01T02:16:55.570-0300] {processor.py:925} INFO - DAG(s) 'example_branch_operator' retrieved from /home/nico/.local/lib/python3.10/site-packages/airflow/example_dags/example_branch_operator.py
[2024-11-01T02:16:55.660-0300] {logging_mixin.py:190} INFO - [2024-11-01T02:16:55.659-0300] {dag.py:3239} INFO - Sync 1 DAGs
[2024-11-01T02:16:55.770-0300] {logging_mixin.py:190} INFO - [2024-11-01T02:16:55.769-0300] {dag.py:4180} INFO - Setting next_dagrun for example_branch_operator to 2024-10-31 00:00:00+00:00, run_after=2024-11-01 00:00:00+00:00
[2024-11-01T02:16:55.915-0300] {processor.py:208} INFO - Processing /home/nico/.local/lib/python3.10/site-packages/airflow/example_dags/example_branch_operator.py took 0.421 seconds
[2024-11-01T02:21:01.212-0300] {processor.py:186} INFO - Started process (PID=189086) to work on /home/nico/.local/lib/python3.10/site-packages/airflow/example_dags/example_branch_operator.py
[2024-11-01T02:21:01.216-0300] {processor.py:914} INFO - Processing file /home/nico/.local/lib/python3.10/site-packages/airflow/example_dags/example_branch_operator.py for tasks to queue
[2024-11-01T02:21:01.221-0300] {logging_mixin.py:190} INFO - [2024-11-01T02:21:01.220-0300] {dagbag.py:588} INFO - Filling up the DagBag from /home/nico/.local/lib/python3.10/site-packages/airflow/example_dags/example_branch_operator.py
[2024-11-01T02:21:01.277-0300] {processor.py:925} INFO - DAG(s) 'example_branch_operator' retrieved from /home/nico/.local/lib/python3.10/site-packages/airflow/example_dags/example_branch_operator.py
[2024-11-01T02:21:01.393-0300] {logging_mixin.py:190} INFO - [2024-11-01T02:21:01.392-0300] {dag.py:3239} INFO - Sync 1 DAGs
[2024-11-01T02:21:01.464-0300] {logging_mixin.py:190} INFO - [2024-11-01T02:21:01.463-0300] {dag.py:4180} INFO - Setting next_dagrun for example_branch_operator to 2024-10-31 00:00:00+00:00, run_after=2024-11-01 00:00:00+00:00
[2024-11-01T02:21:01.596-0300] {processor.py:208} INFO - Processing /home/nico/.local/lib/python3.10/site-packages/airflow/example_dags/example_branch_operator.py took 0.436 seconds
[2024-11-01T02:26:32.343-0300] {processor.py:186} INFO - Started process (PID=190444) to work on /home/nico/.local/lib/python3.10/site-packages/airflow/example_dags/example_branch_operator.py
[2024-11-01T02:26:32.377-0300] {processor.py:914} INFO - Processing file /home/nico/.local/lib/python3.10/site-packages/airflow/example_dags/example_branch_operator.py for tasks to queue
[2024-11-01T02:26:32.405-0300] {logging_mixin.py:190} INFO - [2024-11-01T02:26:32.404-0300] {dagbag.py:588} INFO - Filling up the DagBag from /home/nico/.local/lib/python3.10/site-packages/airflow/example_dags/example_branch_operator.py
[2024-11-01T02:26:32.555-0300] {processor.py:925} INFO - DAG(s) 'example_branch_operator' retrieved from /home/nico/.local/lib/python3.10/site-packages/airflow/example_dags/example_branch_operator.py
[2024-11-01T02:26:32.844-0300] {logging_mixin.py:190} INFO - [2024-11-01T02:26:32.843-0300] {dag.py:3239} INFO - Sync 1 DAGs
[2024-11-01T02:26:33.057-0300] {logging_mixin.py:190} INFO - [2024-11-01T02:26:33.056-0300] {dag.py:4180} INFO - Setting next_dagrun for example_branch_operator to 2024-10-31 00:00:00+00:00, run_after=2024-11-01 00:00:00+00:00
[2024-11-01T02:26:33.322-0300] {processor.py:208} INFO - Processing /home/nico/.local/lib/python3.10/site-packages/airflow/example_dags/example_branch_operator.py took 1.036 seconds
[2024-11-01T02:34:07.832-0300] {processor.py:186} INFO - Started process (PID=192339) to work on /home/nico/.local/lib/python3.10/site-packages/airflow/example_dags/example_branch_operator.py
[2024-11-01T02:34:07.847-0300] {processor.py:914} INFO - Processing file /home/nico/.local/lib/python3.10/site-packages/airflow/example_dags/example_branch_operator.py for tasks to queue
[2024-11-01T02:34:07.861-0300] {logging_mixin.py:190} INFO - [2024-11-01T02:34:07.860-0300] {dagbag.py:588} INFO - Filling up the DagBag from /home/nico/.local/lib/python3.10/site-packages/airflow/example_dags/example_branch_operator.py
[2024-11-01T02:34:07.975-0300] {processor.py:925} INFO - DAG(s) 'example_branch_operator' retrieved from /home/nico/.local/lib/python3.10/site-packages/airflow/example_dags/example_branch_operator.py
[2024-11-01T02:34:08.063-0300] {logging_mixin.py:190} INFO - [2024-11-01T02:34:08.062-0300] {dag.py:3239} INFO - Sync 1 DAGs
[2024-11-01T02:34:08.158-0300] {logging_mixin.py:190} INFO - [2024-11-01T02:34:08.157-0300] {dag.py:4180} INFO - Setting next_dagrun for example_branch_operator to 2024-10-31 00:00:00+00:00, run_after=2024-11-01 00:00:00+00:00
[2024-11-01T02:34:08.299-0300] {processor.py:208} INFO - Processing /home/nico/.local/lib/python3.10/site-packages/airflow/example_dags/example_branch_operator.py took 0.519 seconds
[2024-11-01T02:39:02.659-0300] {processor.py:186} INFO - Started process (PID=193561) to work on /home/nico/.local/lib/python3.10/site-packages/airflow/example_dags/example_branch_operator.py
[2024-11-01T02:39:02.711-0300] {processor.py:914} INFO - Processing file /home/nico/.local/lib/python3.10/site-packages/airflow/example_dags/example_branch_operator.py for tasks to queue
[2024-11-01T02:39:02.737-0300] {logging_mixin.py:190} INFO - [2024-11-01T02:39:02.735-0300] {dagbag.py:588} INFO - Filling up the DagBag from /home/nico/.local/lib/python3.10/site-packages/airflow/example_dags/example_branch_operator.py
[2024-11-01T02:39:02.927-0300] {processor.py:925} INFO - DAG(s) 'example_branch_operator' retrieved from /home/nico/.local/lib/python3.10/site-packages/airflow/example_dags/example_branch_operator.py
[2024-11-01T02:39:03.257-0300] {logging_mixin.py:190} INFO - [2024-11-01T02:39:03.256-0300] {dag.py:3239} INFO - Sync 1 DAGs
[2024-11-01T02:39:03.374-0300] {logging_mixin.py:190} INFO - [2024-11-01T02:39:03.374-0300] {dag.py:4180} INFO - Setting next_dagrun for example_branch_operator to 2024-10-31 00:00:00+00:00, run_after=2024-11-01 00:00:00+00:00
[2024-11-01T02:39:03.904-0300] {processor.py:208} INFO - Processing /home/nico/.local/lib/python3.10/site-packages/airflow/example_dags/example_branch_operator.py took 1.308 seconds
