[2024-10-31T21:02:46.459-0300] {processor.py:186} INFO - Started process (PID=150210) to work on /home/nico/.local/lib/python3.10/site-packages/airflow/example_dags/example_branch_datetime_operator.py
[2024-10-31T21:02:46.463-0300] {processor.py:914} INFO - Processing file /home/nico/.local/lib/python3.10/site-packages/airflow/example_dags/example_branch_datetime_operator.py for tasks to queue
[2024-10-31T21:02:46.469-0300] {logging_mixin.py:190} INFO - [2024-10-31T21:02:46.467-0300] {dagbag.py:588} INFO - Filling up the DagBag from /home/nico/.local/lib/python3.10/site-packages/airflow/example_dags/example_branch_datetime_operator.py
[2024-10-31T21:02:46.509-0300] {processor.py:925} INFO - DAG(s) 'example_branch_datetime_operator_2', 'example_branch_datetime_operator_3', 'example_branch_datetime_operator' retrieved from /home/nico/.local/lib/python3.10/site-packages/airflow/example_dags/example_branch_datetime_operator.py
[2024-10-31T21:02:46.619-0300] {logging_mixin.py:190} INFO - [2024-10-31T21:02:46.618-0300] {dag.py:3239} INFO - Sync 3 DAGs
[2024-10-31T21:02:46.676-0300] {logging_mixin.py:190} INFO - [2024-10-31T21:02:46.676-0300] {dag.py:4180} INFO - Setting next_dagrun for example_branch_datetime_operator to 2024-10-31 00:00:00+00:00, run_after=2024-11-01 00:00:00+00:00
[2024-10-31T21:02:46.691-0300] {logging_mixin.py:190} INFO - [2024-10-31T21:02:46.691-0300] {dag.py:4180} INFO - Setting next_dagrun for example_branch_datetime_operator_2 to 2024-10-31 00:00:00+00:00, run_after=2024-11-01 00:00:00+00:00
[2024-10-31T21:02:46.699-0300] {logging_mixin.py:190} INFO - [2024-10-31T21:02:46.699-0300] {dag.py:4180} INFO - Setting next_dagrun for example_branch_datetime_operator_3 to 2024-10-31 00:00:00+00:00, run_after=2024-11-01 00:00:00+00:00
[2024-10-31T21:02:46.807-0300] {processor.py:208} INFO - Processing /home/nico/.local/lib/python3.10/site-packages/airflow/example_dags/example_branch_datetime_operator.py took 0.371 seconds
[2024-10-31T21:05:04.752-0300] {processor.py:186} INFO - Started process (PID=150797) to work on /home/nico/.local/lib/python3.10/site-packages/airflow/example_dags/example_branch_datetime_operator.py
[2024-10-31T21:05:04.781-0300] {processor.py:914} INFO - Processing file /home/nico/.local/lib/python3.10/site-packages/airflow/example_dags/example_branch_datetime_operator.py for tasks to queue
[2024-10-31T21:05:04.793-0300] {logging_mixin.py:190} INFO - [2024-10-31T21:05:04.792-0300] {dagbag.py:588} INFO - Filling up the DagBag from /home/nico/.local/lib/python3.10/site-packages/airflow/example_dags/example_branch_datetime_operator.py
[2024-10-31T21:05:04.887-0300] {processor.py:925} INFO - DAG(s) 'example_branch_datetime_operator_3', 'example_branch_datetime_operator_2', 'example_branch_datetime_operator' retrieved from /home/nico/.local/lib/python3.10/site-packages/airflow/example_dags/example_branch_datetime_operator.py
[2024-10-31T21:05:05.097-0300] {logging_mixin.py:190} INFO - [2024-10-31T21:05:05.096-0300] {dag.py:3239} INFO - Sync 3 DAGs
[2024-10-31T21:05:05.190-0300] {logging_mixin.py:190} INFO - [2024-10-31T21:05:05.190-0300] {dag.py:4180} INFO - Setting next_dagrun for example_branch_datetime_operator to 2024-10-31 00:00:00+00:00, run_after=2024-11-01 00:00:00+00:00
[2024-10-31T21:05:05.217-0300] {logging_mixin.py:190} INFO - [2024-10-31T21:05:05.216-0300] {dag.py:4180} INFO - Setting next_dagrun for example_branch_datetime_operator_2 to 2024-10-31 00:00:00+00:00, run_after=2024-11-01 00:00:00+00:00
[2024-10-31T21:05:05.233-0300] {logging_mixin.py:190} INFO - [2024-10-31T21:05:05.232-0300] {dag.py:4180} INFO - Setting next_dagrun for example_branch_datetime_operator_3 to 2024-10-31 00:00:00+00:00, run_after=2024-11-01 00:00:00+00:00
[2024-10-31T21:05:05.393-0300] {processor.py:208} INFO - Processing /home/nico/.local/lib/python3.10/site-packages/airflow/example_dags/example_branch_datetime_operator.py took 0.679 seconds
[2024-10-31T23:54:44.097-0300] {processor.py:186} INFO - Started process (PID=152250) to work on /home/nico/.local/lib/python3.10/site-packages/airflow/example_dags/example_branch_datetime_operator.py
[2024-10-31T23:54:44.104-0300] {processor.py:914} INFO - Processing file /home/nico/.local/lib/python3.10/site-packages/airflow/example_dags/example_branch_datetime_operator.py for tasks to queue
[2024-10-31T23:54:44.124-0300] {logging_mixin.py:190} INFO - [2024-10-31T23:54:44.122-0300] {dagbag.py:588} INFO - Filling up the DagBag from /home/nico/.local/lib/python3.10/site-packages/airflow/example_dags/example_branch_datetime_operator.py
[2024-10-31T23:54:44.235-0300] {processor.py:925} INFO - DAG(s) 'example_branch_datetime_operator_3', 'example_branch_datetime_operator_2', 'example_branch_datetime_operator' retrieved from /home/nico/.local/lib/python3.10/site-packages/airflow/example_dags/example_branch_datetime_operator.py
[2024-10-31T23:54:44.455-0300] {logging_mixin.py:190} INFO - [2024-10-31T23:54:44.453-0300] {dag.py:3239} INFO - Sync 3 DAGs
[2024-10-31T23:54:44.570-0300] {logging_mixin.py:190} INFO - [2024-10-31T23:54:44.569-0300] {dag.py:4180} INFO - Setting next_dagrun for example_branch_datetime_operator to 2024-10-31 00:00:00+00:00, run_after=2024-11-01 00:00:00+00:00
[2024-10-31T23:54:44.590-0300] {logging_mixin.py:190} INFO - [2024-10-31T23:54:44.590-0300] {dag.py:4180} INFO - Setting next_dagrun for example_branch_datetime_operator_2 to 2024-10-31 00:00:00+00:00, run_after=2024-11-01 00:00:00+00:00
[2024-10-31T23:54:44.604-0300] {logging_mixin.py:190} INFO - [2024-10-31T23:54:44.602-0300] {dag.py:4180} INFO - Setting next_dagrun for example_branch_datetime_operator_3 to 2024-10-31 00:00:00+00:00, run_after=2024-11-01 00:00:00+00:00
[2024-10-31T23:54:44.731-0300] {processor.py:208} INFO - Processing /home/nico/.local/lib/python3.10/site-packages/airflow/example_dags/example_branch_datetime_operator.py took 0.689 seconds
[2024-11-01T00:02:37.402-0300] {processor.py:186} INFO - Started process (PID=154268) to work on /home/nico/.local/lib/python3.10/site-packages/airflow/example_dags/example_branch_datetime_operator.py
[2024-11-01T00:02:37.404-0300] {processor.py:914} INFO - Processing file /home/nico/.local/lib/python3.10/site-packages/airflow/example_dags/example_branch_datetime_operator.py for tasks to queue
[2024-11-01T00:02:37.409-0300] {logging_mixin.py:190} INFO - [2024-11-01T00:02:37.408-0300] {dagbag.py:588} INFO - Filling up the DagBag from /home/nico/.local/lib/python3.10/site-packages/airflow/example_dags/example_branch_datetime_operator.py
[2024-11-01T00:02:37.441-0300] {processor.py:925} INFO - DAG(s) 'example_branch_datetime_operator_3', 'example_branch_datetime_operator_2', 'example_branch_datetime_operator' retrieved from /home/nico/.local/lib/python3.10/site-packages/airflow/example_dags/example_branch_datetime_operator.py
[2024-11-01T00:02:37.546-0300] {logging_mixin.py:190} INFO - [2024-11-01T00:02:37.545-0300] {dag.py:3239} INFO - Sync 3 DAGs
[2024-11-01T00:02:37.629-0300] {logging_mixin.py:190} INFO - [2024-11-01T00:02:37.625-0300] {dag.py:4180} INFO - Setting next_dagrun for example_branch_datetime_operator to 2024-10-31 00:00:00+00:00, run_after=2024-11-01 00:00:00+00:00
[2024-11-01T00:02:37.648-0300] {logging_mixin.py:190} INFO - [2024-11-01T00:02:37.647-0300] {dag.py:4180} INFO - Setting next_dagrun for example_branch_datetime_operator_2 to 2024-10-31 00:00:00+00:00, run_after=2024-11-01 00:00:00+00:00
[2024-11-01T00:02:37.658-0300] {logging_mixin.py:190} INFO - [2024-11-01T00:02:37.658-0300] {dag.py:4180} INFO - Setting next_dagrun for example_branch_datetime_operator_3 to 2024-10-31 00:00:00+00:00, run_after=2024-11-01 00:00:00+00:00
[2024-11-01T00:02:37.837-0300] {processor.py:208} INFO - Processing /home/nico/.local/lib/python3.10/site-packages/airflow/example_dags/example_branch_datetime_operator.py took 0.453 seconds
[2024-11-01T00:05:18.375-0300] {processor.py:186} INFO - Started process (PID=154963) to work on /home/nico/.local/lib/python3.10/site-packages/airflow/example_dags/example_branch_datetime_operator.py
[2024-11-01T00:05:18.389-0300] {processor.py:914} INFO - Processing file /home/nico/.local/lib/python3.10/site-packages/airflow/example_dags/example_branch_datetime_operator.py for tasks to queue
[2024-11-01T00:05:18.403-0300] {logging_mixin.py:190} INFO - [2024-11-01T00:05:18.401-0300] {dagbag.py:588} INFO - Filling up the DagBag from /home/nico/.local/lib/python3.10/site-packages/airflow/example_dags/example_branch_datetime_operator.py
[2024-11-01T00:05:18.481-0300] {processor.py:925} INFO - DAG(s) 'example_branch_datetime_operator', 'example_branch_datetime_operator_3', 'example_branch_datetime_operator_2' retrieved from /home/nico/.local/lib/python3.10/site-packages/airflow/example_dags/example_branch_datetime_operator.py
[2024-11-01T00:05:18.595-0300] {logging_mixin.py:190} INFO - [2024-11-01T00:05:18.595-0300] {dag.py:3239} INFO - Sync 3 DAGs
[2024-11-01T00:05:18.661-0300] {logging_mixin.py:190} INFO - [2024-11-01T00:05:18.661-0300] {dag.py:4180} INFO - Setting next_dagrun for example_branch_datetime_operator to 2024-10-31 00:00:00+00:00, run_after=2024-11-01 00:00:00+00:00
[2024-11-01T00:05:18.677-0300] {logging_mixin.py:190} INFO - [2024-11-01T00:05:18.677-0300] {dag.py:4180} INFO - Setting next_dagrun for example_branch_datetime_operator_2 to 2024-10-31 00:00:00+00:00, run_after=2024-11-01 00:00:00+00:00
[2024-11-01T00:05:18.687-0300] {logging_mixin.py:190} INFO - [2024-11-01T00:05:18.686-0300] {dag.py:4180} INFO - Setting next_dagrun for example_branch_datetime_operator_3 to 2024-10-31 00:00:00+00:00, run_after=2024-11-01 00:00:00+00:00
[2024-11-01T00:05:18.853-0300] {processor.py:208} INFO - Processing /home/nico/.local/lib/python3.10/site-packages/airflow/example_dags/example_branch_datetime_operator.py took 0.528 seconds
[2024-11-01T00:20:24.781-0300] {processor.py:186} INFO - Started process (PID=158812) to work on /home/nico/.local/lib/python3.10/site-packages/airflow/example_dags/example_branch_datetime_operator.py
[2024-11-01T00:20:24.784-0300] {processor.py:914} INFO - Processing file /home/nico/.local/lib/python3.10/site-packages/airflow/example_dags/example_branch_datetime_operator.py for tasks to queue
[2024-11-01T00:20:24.787-0300] {logging_mixin.py:190} INFO - [2024-11-01T00:20:24.786-0300] {dagbag.py:588} INFO - Filling up the DagBag from /home/nico/.local/lib/python3.10/site-packages/airflow/example_dags/example_branch_datetime_operator.py
[2024-11-01T00:20:24.811-0300] {processor.py:925} INFO - DAG(s) 'example_branch_datetime_operator_3', 'example_branch_datetime_operator', 'example_branch_datetime_operator_2' retrieved from /home/nico/.local/lib/python3.10/site-packages/airflow/example_dags/example_branch_datetime_operator.py
[2024-11-01T00:20:24.909-0300] {logging_mixin.py:190} INFO - [2024-11-01T00:20:24.909-0300] {dag.py:3239} INFO - Sync 3 DAGs
[2024-11-01T00:20:24.975-0300] {logging_mixin.py:190} INFO - [2024-11-01T00:20:24.975-0300] {dag.py:4180} INFO - Setting next_dagrun for example_branch_datetime_operator to 2024-10-31 00:00:00+00:00, run_after=2024-11-01 00:00:00+00:00
[2024-11-01T00:20:24.988-0300] {logging_mixin.py:190} INFO - [2024-11-01T00:20:24.988-0300] {dag.py:4180} INFO - Setting next_dagrun for example_branch_datetime_operator_2 to 2024-10-31 00:00:00+00:00, run_after=2024-11-01 00:00:00+00:00
[2024-11-01T00:20:24.998-0300] {logging_mixin.py:190} INFO - [2024-11-01T00:20:24.998-0300] {dag.py:4180} INFO - Setting next_dagrun for example_branch_datetime_operator_3 to 2024-10-31 00:00:00+00:00, run_after=2024-11-01 00:00:00+00:00
[2024-11-01T00:20:25.160-0300] {processor.py:208} INFO - Processing /home/nico/.local/lib/python3.10/site-packages/airflow/example_dags/example_branch_datetime_operator.py took 0.392 seconds
[2024-11-01T00:33:40.900-0300] {processor.py:186} INFO - Started process (PID=162203) to work on /home/nico/.local/lib/python3.10/site-packages/airflow/example_dags/example_branch_datetime_operator.py
[2024-11-01T00:33:40.907-0300] {processor.py:914} INFO - Processing file /home/nico/.local/lib/python3.10/site-packages/airflow/example_dags/example_branch_datetime_operator.py for tasks to queue
[2024-11-01T00:33:40.913-0300] {logging_mixin.py:190} INFO - [2024-11-01T00:33:40.912-0300] {dagbag.py:588} INFO - Filling up the DagBag from /home/nico/.local/lib/python3.10/site-packages/airflow/example_dags/example_branch_datetime_operator.py
[2024-11-01T00:33:40.962-0300] {processor.py:925} INFO - DAG(s) 'example_branch_datetime_operator_2', 'example_branch_datetime_operator_3', 'example_branch_datetime_operator' retrieved from /home/nico/.local/lib/python3.10/site-packages/airflow/example_dags/example_branch_datetime_operator.py
[2024-11-01T00:33:41.185-0300] {logging_mixin.py:190} INFO - [2024-11-01T00:33:41.184-0300] {dag.py:3239} INFO - Sync 3 DAGs
[2024-11-01T00:33:41.259-0300] {logging_mixin.py:190} INFO - [2024-11-01T00:33:41.258-0300] {dag.py:4180} INFO - Setting next_dagrun for example_branch_datetime_operator to 2024-10-31 00:00:00+00:00, run_after=2024-11-01 00:00:00+00:00
[2024-11-01T00:33:41.279-0300] {logging_mixin.py:190} INFO - [2024-11-01T00:33:41.279-0300] {dag.py:4180} INFO - Setting next_dagrun for example_branch_datetime_operator_2 to 2024-10-31 00:00:00+00:00, run_after=2024-11-01 00:00:00+00:00
[2024-11-01T00:33:41.291-0300] {logging_mixin.py:190} INFO - [2024-11-01T00:33:41.290-0300] {dag.py:4180} INFO - Setting next_dagrun for example_branch_datetime_operator_3 to 2024-10-31 00:00:00+00:00, run_after=2024-11-01 00:00:00+00:00
[2024-11-01T00:33:41.419-0300] {processor.py:208} INFO - Processing /home/nico/.local/lib/python3.10/site-packages/airflow/example_dags/example_branch_datetime_operator.py took 0.538 seconds
[2024-11-01T00:35:38.314-0300] {processor.py:186} INFO - Started process (PID=162711) to work on /home/nico/.local/lib/python3.10/site-packages/airflow/example_dags/example_branch_datetime_operator.py
[2024-11-01T00:35:38.317-0300] {processor.py:914} INFO - Processing file /home/nico/.local/lib/python3.10/site-packages/airflow/example_dags/example_branch_datetime_operator.py for tasks to queue
[2024-11-01T00:35:38.320-0300] {logging_mixin.py:190} INFO - [2024-11-01T00:35:38.319-0300] {dagbag.py:588} INFO - Filling up the DagBag from /home/nico/.local/lib/python3.10/site-packages/airflow/example_dags/example_branch_datetime_operator.py
[2024-11-01T00:35:38.361-0300] {processor.py:925} INFO - DAG(s) 'example_branch_datetime_operator', 'example_branch_datetime_operator_2', 'example_branch_datetime_operator_3' retrieved from /home/nico/.local/lib/python3.10/site-packages/airflow/example_dags/example_branch_datetime_operator.py
[2024-11-01T00:35:40.011-0300] {logging_mixin.py:190} INFO - [2024-11-01T00:35:40.010-0300] {dag.py:3239} INFO - Sync 3 DAGs
[2024-11-01T00:35:40.546-0300] {logging_mixin.py:190} INFO - [2024-11-01T00:35:40.536-0300] {dag.py:4180} INFO - Setting next_dagrun for example_branch_datetime_operator to 2024-10-31 00:00:00+00:00, run_after=2024-11-01 00:00:00+00:00
[2024-11-01T00:35:40.608-0300] {logging_mixin.py:190} INFO - [2024-11-01T00:35:40.597-0300] {dag.py:4180} INFO - Setting next_dagrun for example_branch_datetime_operator_2 to 2024-10-31 00:00:00+00:00, run_after=2024-11-01 00:00:00+00:00
[2024-11-01T00:35:40.680-0300] {logging_mixin.py:190} INFO - [2024-11-01T00:35:40.679-0300] {dag.py:4180} INFO - Setting next_dagrun for example_branch_datetime_operator_3 to 2024-10-31 00:00:00+00:00, run_after=2024-11-01 00:00:00+00:00
[2024-11-01T00:35:40.944-0300] {processor.py:208} INFO - Processing /home/nico/.local/lib/python3.10/site-packages/airflow/example_dags/example_branch_datetime_operator.py took 2.643 seconds
[2024-11-01T00:51:25.086-0300] {processor.py:186} INFO - Started process (PID=166596) to work on /home/nico/.local/lib/python3.10/site-packages/airflow/example_dags/example_branch_datetime_operator.py
[2024-11-01T00:51:25.098-0300] {processor.py:914} INFO - Processing file /home/nico/.local/lib/python3.10/site-packages/airflow/example_dags/example_branch_datetime_operator.py for tasks to queue
[2024-11-01T00:51:25.116-0300] {logging_mixin.py:190} INFO - [2024-11-01T00:51:25.114-0300] {dagbag.py:588} INFO - Filling up the DagBag from /home/nico/.local/lib/python3.10/site-packages/airflow/example_dags/example_branch_datetime_operator.py
[2024-11-01T00:51:25.249-0300] {processor.py:925} INFO - DAG(s) 'example_branch_datetime_operator_2', 'example_branch_datetime_operator', 'example_branch_datetime_operator_3' retrieved from /home/nico/.local/lib/python3.10/site-packages/airflow/example_dags/example_branch_datetime_operator.py
[2024-11-01T00:51:25.547-0300] {logging_mixin.py:190} INFO - [2024-11-01T00:51:25.546-0300] {dag.py:3239} INFO - Sync 3 DAGs
[2024-11-01T00:51:25.638-0300] {logging_mixin.py:190} INFO - [2024-11-01T00:51:25.637-0300] {dag.py:4180} INFO - Setting next_dagrun for example_branch_datetime_operator to 2024-10-31 00:00:00+00:00, run_after=2024-11-01 00:00:00+00:00
[2024-11-01T00:51:25.653-0300] {logging_mixin.py:190} INFO - [2024-11-01T00:51:25.652-0300] {dag.py:4180} INFO - Setting next_dagrun for example_branch_datetime_operator_2 to 2024-10-31 00:00:00+00:00, run_after=2024-11-01 00:00:00+00:00
[2024-11-01T00:51:25.664-0300] {logging_mixin.py:190} INFO - [2024-11-01T00:51:25.663-0300] {dag.py:4180} INFO - Setting next_dagrun for example_branch_datetime_operator_3 to 2024-10-31 00:00:00+00:00, run_after=2024-11-01 00:00:00+00:00
[2024-11-01T00:51:25.797-0300] {processor.py:208} INFO - Processing /home/nico/.local/lib/python3.10/site-packages/airflow/example_dags/example_branch_datetime_operator.py took 0.753 seconds
[2024-11-01T00:53:49.065-0300] {processor.py:186} INFO - Started process (PID=167206) to work on /home/nico/.local/lib/python3.10/site-packages/airflow/example_dags/example_branch_datetime_operator.py
[2024-11-01T00:53:49.068-0300] {processor.py:914} INFO - Processing file /home/nico/.local/lib/python3.10/site-packages/airflow/example_dags/example_branch_datetime_operator.py for tasks to queue
[2024-11-01T00:53:49.075-0300] {logging_mixin.py:190} INFO - [2024-11-01T00:53:49.074-0300] {dagbag.py:588} INFO - Filling up the DagBag from /home/nico/.local/lib/python3.10/site-packages/airflow/example_dags/example_branch_datetime_operator.py
[2024-11-01T00:53:49.118-0300] {processor.py:925} INFO - DAG(s) 'example_branch_datetime_operator_3', 'example_branch_datetime_operator_2', 'example_branch_datetime_operator' retrieved from /home/nico/.local/lib/python3.10/site-packages/airflow/example_dags/example_branch_datetime_operator.py
[2024-11-01T00:53:49.205-0300] {logging_mixin.py:190} INFO - [2024-11-01T00:53:49.205-0300] {dag.py:3239} INFO - Sync 3 DAGs
[2024-11-01T00:53:49.292-0300] {logging_mixin.py:190} INFO - [2024-11-01T00:53:49.291-0300] {dag.py:4180} INFO - Setting next_dagrun for example_branch_datetime_operator to 2024-10-31 00:00:00+00:00, run_after=2024-11-01 00:00:00+00:00
[2024-11-01T00:53:49.312-0300] {logging_mixin.py:190} INFO - [2024-11-01T00:53:49.311-0300] {dag.py:4180} INFO - Setting next_dagrun for example_branch_datetime_operator_2 to 2024-10-31 00:00:00+00:00, run_after=2024-11-01 00:00:00+00:00
[2024-11-01T00:53:49.322-0300] {logging_mixin.py:190} INFO - [2024-11-01T00:53:49.321-0300] {dag.py:4180} INFO - Setting next_dagrun for example_branch_datetime_operator_3 to 2024-10-31 00:00:00+00:00, run_after=2024-11-01 00:00:00+00:00
[2024-11-01T00:53:49.448-0300] {processor.py:208} INFO - Processing /home/nico/.local/lib/python3.10/site-packages/airflow/example_dags/example_branch_datetime_operator.py took 0.407 seconds
[2024-11-01T00:58:35.695-0300] {processor.py:186} INFO - Started process (PID=168460) to work on /home/nico/.local/lib/python3.10/site-packages/airflow/example_dags/example_branch_datetime_operator.py
[2024-11-01T00:58:35.704-0300] {processor.py:914} INFO - Processing file /home/nico/.local/lib/python3.10/site-packages/airflow/example_dags/example_branch_datetime_operator.py for tasks to queue
[2024-11-01T00:58:35.712-0300] {logging_mixin.py:190} INFO - [2024-11-01T00:58:35.711-0300] {dagbag.py:588} INFO - Filling up the DagBag from /home/nico/.local/lib/python3.10/site-packages/airflow/example_dags/example_branch_datetime_operator.py
[2024-11-01T00:58:35.773-0300] {processor.py:925} INFO - DAG(s) 'example_branch_datetime_operator_3', 'example_branch_datetime_operator_2', 'example_branch_datetime_operator' retrieved from /home/nico/.local/lib/python3.10/site-packages/airflow/example_dags/example_branch_datetime_operator.py
[2024-11-01T00:58:35.892-0300] {logging_mixin.py:190} INFO - [2024-11-01T00:58:35.891-0300] {dag.py:3239} INFO - Sync 3 DAGs
[2024-11-01T00:58:35.960-0300] {logging_mixin.py:190} INFO - [2024-11-01T00:58:35.959-0300] {dag.py:4180} INFO - Setting next_dagrun for example_branch_datetime_operator to 2024-10-31 00:00:00+00:00, run_after=2024-11-01 00:00:00+00:00
[2024-11-01T00:58:35.982-0300] {logging_mixin.py:190} INFO - [2024-11-01T00:58:35.982-0300] {dag.py:4180} INFO - Setting next_dagrun for example_branch_datetime_operator_2 to 2024-10-31 00:00:00+00:00, run_after=2024-11-01 00:00:00+00:00
[2024-11-01T00:58:35.994-0300] {logging_mixin.py:190} INFO - [2024-11-01T00:58:35.993-0300] {dag.py:4180} INFO - Setting next_dagrun for example_branch_datetime_operator_3 to 2024-10-31 00:00:00+00:00, run_after=2024-11-01 00:00:00+00:00
[2024-11-01T00:58:36.112-0300] {processor.py:208} INFO - Processing /home/nico/.local/lib/python3.10/site-packages/airflow/example_dags/example_branch_datetime_operator.py took 0.466 seconds
[2024-11-01T01:00:48.836-0300] {processor.py:186} INFO - Started process (PID=169029) to work on /home/nico/.local/lib/python3.10/site-packages/airflow/example_dags/example_branch_datetime_operator.py
[2024-11-01T01:00:48.841-0300] {processor.py:914} INFO - Processing file /home/nico/.local/lib/python3.10/site-packages/airflow/example_dags/example_branch_datetime_operator.py for tasks to queue
[2024-11-01T01:00:48.853-0300] {logging_mixin.py:190} INFO - [2024-11-01T01:00:48.852-0300] {dagbag.py:588} INFO - Filling up the DagBag from /home/nico/.local/lib/python3.10/site-packages/airflow/example_dags/example_branch_datetime_operator.py
[2024-11-01T01:00:48.906-0300] {processor.py:925} INFO - DAG(s) 'example_branch_datetime_operator_3', 'example_branch_datetime_operator_2', 'example_branch_datetime_operator' retrieved from /home/nico/.local/lib/python3.10/site-packages/airflow/example_dags/example_branch_datetime_operator.py
[2024-11-01T01:00:49.363-0300] {logging_mixin.py:190} INFO - [2024-11-01T01:00:49.363-0300] {dag.py:3239} INFO - Sync 3 DAGs
[2024-11-01T01:00:49.595-0300] {logging_mixin.py:190} INFO - [2024-11-01T01:00:49.594-0300] {dag.py:4180} INFO - Setting next_dagrun for example_branch_datetime_operator to 2024-10-31 00:00:00+00:00, run_after=2024-11-01 00:00:00+00:00
[2024-11-01T01:00:49.624-0300] {logging_mixin.py:190} INFO - [2024-11-01T01:00:49.623-0300] {dag.py:4180} INFO - Setting next_dagrun for example_branch_datetime_operator_2 to 2024-10-31 00:00:00+00:00, run_after=2024-11-01 00:00:00+00:00
[2024-11-01T01:00:49.665-0300] {logging_mixin.py:190} INFO - [2024-11-01T01:00:49.664-0300] {dag.py:4180} INFO - Setting next_dagrun for example_branch_datetime_operator_3 to 2024-10-31 00:00:00+00:00, run_after=2024-11-01 00:00:00+00:00
[2024-11-01T01:00:49.858-0300] {processor.py:208} INFO - Processing /home/nico/.local/lib/python3.10/site-packages/airflow/example_dags/example_branch_datetime_operator.py took 1.049 seconds
[2024-11-01T01:05:55.518-0300] {processor.py:186} INFO - Started process (PID=170319) to work on /home/nico/.local/lib/python3.10/site-packages/airflow/example_dags/example_branch_datetime_operator.py
[2024-11-01T01:05:55.522-0300] {processor.py:914} INFO - Processing file /home/nico/.local/lib/python3.10/site-packages/airflow/example_dags/example_branch_datetime_operator.py for tasks to queue
[2024-11-01T01:05:55.527-0300] {logging_mixin.py:190} INFO - [2024-11-01T01:05:55.525-0300] {dagbag.py:588} INFO - Filling up the DagBag from /home/nico/.local/lib/python3.10/site-packages/airflow/example_dags/example_branch_datetime_operator.py
[2024-11-01T01:05:55.573-0300] {processor.py:925} INFO - DAG(s) 'example_branch_datetime_operator_3', 'example_branch_datetime_operator_2', 'example_branch_datetime_operator' retrieved from /home/nico/.local/lib/python3.10/site-packages/airflow/example_dags/example_branch_datetime_operator.py
[2024-11-01T01:05:55.670-0300] {logging_mixin.py:190} INFO - [2024-11-01T01:05:55.669-0300] {dag.py:3239} INFO - Sync 3 DAGs
[2024-11-01T01:05:55.751-0300] {logging_mixin.py:190} INFO - [2024-11-01T01:05:55.750-0300] {dag.py:4180} INFO - Setting next_dagrun for example_branch_datetime_operator to 2024-10-31 00:00:00+00:00, run_after=2024-11-01 00:00:00+00:00
[2024-11-01T01:05:55.771-0300] {logging_mixin.py:190} INFO - [2024-11-01T01:05:55.770-0300] {dag.py:4180} INFO - Setting next_dagrun for example_branch_datetime_operator_2 to 2024-10-31 00:00:00+00:00, run_after=2024-11-01 00:00:00+00:00
[2024-11-01T01:05:55.782-0300] {logging_mixin.py:190} INFO - [2024-11-01T01:05:55.782-0300] {dag.py:4180} INFO - Setting next_dagrun for example_branch_datetime_operator_3 to 2024-10-31 00:00:00+00:00, run_after=2024-11-01 00:00:00+00:00
[2024-11-01T01:05:55.914-0300] {processor.py:208} INFO - Processing /home/nico/.local/lib/python3.10/site-packages/airflow/example_dags/example_branch_datetime_operator.py took 0.432 seconds
[2024-11-01T01:09:35.921-0300] {processor.py:186} INFO - Started process (PID=171286) to work on /home/nico/.local/lib/python3.10/site-packages/airflow/example_dags/example_branch_datetime_operator.py
[2024-11-01T01:09:35.925-0300] {processor.py:914} INFO - Processing file /home/nico/.local/lib/python3.10/site-packages/airflow/example_dags/example_branch_datetime_operator.py for tasks to queue
[2024-11-01T01:09:35.936-0300] {logging_mixin.py:190} INFO - [2024-11-01T01:09:35.929-0300] {dagbag.py:588} INFO - Filling up the DagBag from /home/nico/.local/lib/python3.10/site-packages/airflow/example_dags/example_branch_datetime_operator.py
[2024-11-01T01:09:36.005-0300] {processor.py:925} INFO - DAG(s) 'example_branch_datetime_operator', 'example_branch_datetime_operator_2', 'example_branch_datetime_operator_3' retrieved from /home/nico/.local/lib/python3.10/site-packages/airflow/example_dags/example_branch_datetime_operator.py
[2024-11-01T01:09:36.271-0300] {logging_mixin.py:190} INFO - [2024-11-01T01:09:36.270-0300] {dag.py:3239} INFO - Sync 3 DAGs
[2024-11-01T01:09:36.366-0300] {logging_mixin.py:190} INFO - [2024-11-01T01:09:36.365-0300] {dag.py:4180} INFO - Setting next_dagrun for example_branch_datetime_operator to 2024-10-31 00:00:00+00:00, run_after=2024-11-01 00:00:00+00:00
[2024-11-01T01:09:36.385-0300] {logging_mixin.py:190} INFO - [2024-11-01T01:09:36.384-0300] {dag.py:4180} INFO - Setting next_dagrun for example_branch_datetime_operator_2 to 2024-10-31 00:00:00+00:00, run_after=2024-11-01 00:00:00+00:00
[2024-11-01T01:09:36.399-0300] {logging_mixin.py:190} INFO - [2024-11-01T01:09:36.398-0300] {dag.py:4180} INFO - Setting next_dagrun for example_branch_datetime_operator_3 to 2024-10-31 00:00:00+00:00, run_after=2024-11-01 00:00:00+00:00
[2024-11-01T01:09:36.553-0300] {processor.py:208} INFO - Processing /home/nico/.local/lib/python3.10/site-packages/airflow/example_dags/example_branch_datetime_operator.py took 0.678 seconds
[2024-11-01T01:35:26.838-0300] {processor.py:186} INFO - Started process (PID=177620) to work on /home/nico/.local/lib/python3.10/site-packages/airflow/example_dags/example_branch_datetime_operator.py
[2024-11-01T01:35:26.844-0300] {processor.py:914} INFO - Processing file /home/nico/.local/lib/python3.10/site-packages/airflow/example_dags/example_branch_datetime_operator.py for tasks to queue
[2024-11-01T01:35:26.860-0300] {logging_mixin.py:190} INFO - [2024-11-01T01:35:26.859-0300] {dagbag.py:588} INFO - Filling up the DagBag from /home/nico/.local/lib/python3.10/site-packages/airflow/example_dags/example_branch_datetime_operator.py
[2024-11-01T01:35:26.966-0300] {processor.py:925} INFO - DAG(s) 'example_branch_datetime_operator_2', 'example_branch_datetime_operator', 'example_branch_datetime_operator_3' retrieved from /home/nico/.local/lib/python3.10/site-packages/airflow/example_dags/example_branch_datetime_operator.py
[2024-11-01T01:35:27.242-0300] {logging_mixin.py:190} INFO - [2024-11-01T01:35:27.241-0300] {dag.py:3239} INFO - Sync 3 DAGs
[2024-11-01T01:35:27.527-0300] {logging_mixin.py:190} INFO - [2024-11-01T01:35:27.526-0300] {dag.py:4180} INFO - Setting next_dagrun for example_branch_datetime_operator to 2024-10-31 00:00:00+00:00, run_after=2024-11-01 00:00:00+00:00
[2024-11-01T01:35:27.709-0300] {logging_mixin.py:190} INFO - [2024-11-01T01:35:27.709-0300] {dag.py:4180} INFO - Setting next_dagrun for example_branch_datetime_operator_2 to 2024-10-31 00:00:00+00:00, run_after=2024-11-01 00:00:00+00:00
[2024-11-01T01:35:27.781-0300] {logging_mixin.py:190} INFO - [2024-11-01T01:35:27.771-0300] {dag.py:4180} INFO - Setting next_dagrun for example_branch_datetime_operator_3 to 2024-10-31 00:00:00+00:00, run_after=2024-11-01 00:00:00+00:00
[2024-11-01T01:35:28.087-0300] {processor.py:208} INFO - Processing /home/nico/.local/lib/python3.10/site-packages/airflow/example_dags/example_branch_datetime_operator.py took 1.299 seconds
[2024-11-01T01:37:27.761-0300] {processor.py:186} INFO - Started process (PID=178138) to work on /home/nico/.local/lib/python3.10/site-packages/airflow/example_dags/example_branch_datetime_operator.py
[2024-11-01T01:37:27.775-0300] {processor.py:914} INFO - Processing file /home/nico/.local/lib/python3.10/site-packages/airflow/example_dags/example_branch_datetime_operator.py for tasks to queue
[2024-11-01T01:37:27.788-0300] {logging_mixin.py:190} INFO - [2024-11-01T01:37:27.781-0300] {dagbag.py:588} INFO - Filling up the DagBag from /home/nico/.local/lib/python3.10/site-packages/airflow/example_dags/example_branch_datetime_operator.py
[2024-11-01T01:37:27.829-0300] {processor.py:925} INFO - DAG(s) 'example_branch_datetime_operator', 'example_branch_datetime_operator_2', 'example_branch_datetime_operator_3' retrieved from /home/nico/.local/lib/python3.10/site-packages/airflow/example_dags/example_branch_datetime_operator.py
[2024-11-01T01:37:27.915-0300] {logging_mixin.py:190} INFO - [2024-11-01T01:37:27.915-0300] {dag.py:3239} INFO - Sync 3 DAGs
[2024-11-01T01:37:27.980-0300] {logging_mixin.py:190} INFO - [2024-11-01T01:37:27.979-0300] {dag.py:4180} INFO - Setting next_dagrun for example_branch_datetime_operator to 2024-10-31 00:00:00+00:00, run_after=2024-11-01 00:00:00+00:00
[2024-11-01T01:37:28.003-0300] {logging_mixin.py:190} INFO - [2024-11-01T01:37:28.002-0300] {dag.py:4180} INFO - Setting next_dagrun for example_branch_datetime_operator_2 to 2024-10-31 00:00:00+00:00, run_after=2024-11-01 00:00:00+00:00
[2024-11-01T01:37:28.012-0300] {logging_mixin.py:190} INFO - [2024-11-01T01:37:28.012-0300] {dag.py:4180} INFO - Setting next_dagrun for example_branch_datetime_operator_3 to 2024-10-31 00:00:00+00:00, run_after=2024-11-01 00:00:00+00:00
[2024-11-01T01:37:28.138-0300] {processor.py:208} INFO - Processing /home/nico/.local/lib/python3.10/site-packages/airflow/example_dags/example_branch_datetime_operator.py took 0.432 seconds
[2024-11-01T01:40:29.000-0300] {processor.py:186} INFO - Started process (PID=178914) to work on /home/nico/.local/lib/python3.10/site-packages/airflow/example_dags/example_branch_datetime_operator.py
[2024-11-01T01:40:29.003-0300] {processor.py:914} INFO - Processing file /home/nico/.local/lib/python3.10/site-packages/airflow/example_dags/example_branch_datetime_operator.py for tasks to queue
[2024-11-01T01:40:29.008-0300] {logging_mixin.py:190} INFO - [2024-11-01T01:40:29.007-0300] {dagbag.py:588} INFO - Filling up the DagBag from /home/nico/.local/lib/python3.10/site-packages/airflow/example_dags/example_branch_datetime_operator.py
[2024-11-01T01:40:29.029-0300] {processor.py:925} INFO - DAG(s) 'example_branch_datetime_operator', 'example_branch_datetime_operator_3', 'example_branch_datetime_operator_2' retrieved from /home/nico/.local/lib/python3.10/site-packages/airflow/example_dags/example_branch_datetime_operator.py
[2024-11-01T01:40:29.103-0300] {logging_mixin.py:190} INFO - [2024-11-01T01:40:29.102-0300] {dag.py:3239} INFO - Sync 3 DAGs
[2024-11-01T01:40:29.181-0300] {logging_mixin.py:190} INFO - [2024-11-01T01:40:29.180-0300] {dag.py:4180} INFO - Setting next_dagrun for example_branch_datetime_operator to 2024-10-31 00:00:00+00:00, run_after=2024-11-01 00:00:00+00:00
[2024-11-01T01:40:29.200-0300] {logging_mixin.py:190} INFO - [2024-11-01T01:40:29.199-0300] {dag.py:4180} INFO - Setting next_dagrun for example_branch_datetime_operator_2 to 2024-10-31 00:00:00+00:00, run_after=2024-11-01 00:00:00+00:00
[2024-11-01T01:40:29.214-0300] {logging_mixin.py:190} INFO - [2024-11-01T01:40:29.213-0300] {dag.py:4180} INFO - Setting next_dagrun for example_branch_datetime_operator_3 to 2024-10-31 00:00:00+00:00, run_after=2024-11-01 00:00:00+00:00
[2024-11-01T01:40:29.347-0300] {processor.py:208} INFO - Processing /home/nico/.local/lib/python3.10/site-packages/airflow/example_dags/example_branch_datetime_operator.py took 0.364 seconds
[2024-11-01T01:43:39.712-0300] {processor.py:186} INFO - Started process (PID=179723) to work on /home/nico/.local/lib/python3.10/site-packages/airflow/example_dags/example_branch_datetime_operator.py
[2024-11-01T01:43:39.721-0300] {processor.py:914} INFO - Processing file /home/nico/.local/lib/python3.10/site-packages/airflow/example_dags/example_branch_datetime_operator.py for tasks to queue
[2024-11-01T01:43:39.728-0300] {logging_mixin.py:190} INFO - [2024-11-01T01:43:39.726-0300] {dagbag.py:588} INFO - Filling up the DagBag from /home/nico/.local/lib/python3.10/site-packages/airflow/example_dags/example_branch_datetime_operator.py
[2024-11-01T01:43:39.785-0300] {processor.py:925} INFO - DAG(s) 'example_branch_datetime_operator_3', 'example_branch_datetime_operator', 'example_branch_datetime_operator_2' retrieved from /home/nico/.local/lib/python3.10/site-packages/airflow/example_dags/example_branch_datetime_operator.py
[2024-11-01T01:43:39.915-0300] {logging_mixin.py:190} INFO - [2024-11-01T01:43:39.915-0300] {dag.py:3239} INFO - Sync 3 DAGs
[2024-11-01T01:43:40.006-0300] {logging_mixin.py:190} INFO - [2024-11-01T01:43:40.005-0300] {dag.py:4180} INFO - Setting next_dagrun for example_branch_datetime_operator to 2024-10-31 00:00:00+00:00, run_after=2024-11-01 00:00:00+00:00
[2024-11-01T01:43:40.030-0300] {logging_mixin.py:190} INFO - [2024-11-01T01:43:40.029-0300] {dag.py:4180} INFO - Setting next_dagrun for example_branch_datetime_operator_2 to 2024-10-31 00:00:00+00:00, run_after=2024-11-01 00:00:00+00:00
[2024-11-01T01:43:40.043-0300] {logging_mixin.py:190} INFO - [2024-11-01T01:43:40.042-0300] {dag.py:4180} INFO - Setting next_dagrun for example_branch_datetime_operator_3 to 2024-10-31 00:00:00+00:00, run_after=2024-11-01 00:00:00+00:00
[2024-11-01T01:43:40.180-0300] {processor.py:208} INFO - Processing /home/nico/.local/lib/python3.10/site-packages/airflow/example_dags/example_branch_datetime_operator.py took 0.504 seconds
[2024-11-01T01:47:07.241-0300] {processor.py:186} INFO - Started process (PID=180607) to work on /home/nico/.local/lib/python3.10/site-packages/airflow/example_dags/example_branch_datetime_operator.py
[2024-11-01T01:47:07.244-0300] {processor.py:914} INFO - Processing file /home/nico/.local/lib/python3.10/site-packages/airflow/example_dags/example_branch_datetime_operator.py for tasks to queue
[2024-11-01T01:47:07.247-0300] {logging_mixin.py:190} INFO - [2024-11-01T01:47:07.246-0300] {dagbag.py:588} INFO - Filling up the DagBag from /home/nico/.local/lib/python3.10/site-packages/airflow/example_dags/example_branch_datetime_operator.py
[2024-11-01T01:47:07.268-0300] {processor.py:925} INFO - DAG(s) 'example_branch_datetime_operator', 'example_branch_datetime_operator_3', 'example_branch_datetime_operator_2' retrieved from /home/nico/.local/lib/python3.10/site-packages/airflow/example_dags/example_branch_datetime_operator.py
[2024-11-01T01:47:07.359-0300] {logging_mixin.py:190} INFO - [2024-11-01T01:47:07.359-0300] {dag.py:3239} INFO - Sync 3 DAGs
[2024-11-01T01:47:07.437-0300] {logging_mixin.py:190} INFO - [2024-11-01T01:47:07.436-0300] {dag.py:4180} INFO - Setting next_dagrun for example_branch_datetime_operator to 2024-10-31 00:00:00+00:00, run_after=2024-11-01 00:00:00+00:00
[2024-11-01T01:47:07.450-0300] {logging_mixin.py:190} INFO - [2024-11-01T01:47:07.449-0300] {dag.py:4180} INFO - Setting next_dagrun for example_branch_datetime_operator_2 to 2024-10-31 00:00:00+00:00, run_after=2024-11-01 00:00:00+00:00
[2024-11-01T01:47:07.458-0300] {logging_mixin.py:190} INFO - [2024-11-01T01:47:07.458-0300] {dag.py:4180} INFO - Setting next_dagrun for example_branch_datetime_operator_3 to 2024-10-31 00:00:00+00:00, run_after=2024-11-01 00:00:00+00:00
[2024-11-01T01:47:07.568-0300] {processor.py:208} INFO - Processing /home/nico/.local/lib/python3.10/site-packages/airflow/example_dags/example_branch_datetime_operator.py took 0.341 seconds
[2024-11-01T01:50:56.149-0300] {processor.py:186} INFO - Started process (PID=181564) to work on /home/nico/.local/lib/python3.10/site-packages/airflow/example_dags/example_branch_datetime_operator.py
[2024-11-01T01:50:56.152-0300] {processor.py:914} INFO - Processing file /home/nico/.local/lib/python3.10/site-packages/airflow/example_dags/example_branch_datetime_operator.py for tasks to queue
[2024-11-01T01:50:56.157-0300] {logging_mixin.py:190} INFO - [2024-11-01T01:50:56.156-0300] {dagbag.py:588} INFO - Filling up the DagBag from /home/nico/.local/lib/python3.10/site-packages/airflow/example_dags/example_branch_datetime_operator.py
[2024-11-01T01:50:56.190-0300] {processor.py:925} INFO - DAG(s) 'example_branch_datetime_operator', 'example_branch_datetime_operator_2', 'example_branch_datetime_operator_3' retrieved from /home/nico/.local/lib/python3.10/site-packages/airflow/example_dags/example_branch_datetime_operator.py
[2024-11-01T01:50:56.283-0300] {logging_mixin.py:190} INFO - [2024-11-01T01:50:56.283-0300] {dag.py:3239} INFO - Sync 3 DAGs
[2024-11-01T01:50:56.350-0300] {logging_mixin.py:190} INFO - [2024-11-01T01:50:56.349-0300] {dag.py:4180} INFO - Setting next_dagrun for example_branch_datetime_operator to 2024-10-31 00:00:00+00:00, run_after=2024-11-01 00:00:00+00:00
[2024-11-01T01:50:56.368-0300] {logging_mixin.py:190} INFO - [2024-11-01T01:50:56.368-0300] {dag.py:4180} INFO - Setting next_dagrun for example_branch_datetime_operator_2 to 2024-10-31 00:00:00+00:00, run_after=2024-11-01 00:00:00+00:00
[2024-11-01T01:50:56.383-0300] {logging_mixin.py:190} INFO - [2024-11-01T01:50:56.382-0300] {dag.py:4180} INFO - Setting next_dagrun for example_branch_datetime_operator_3 to 2024-10-31 00:00:00+00:00, run_after=2024-11-01 00:00:00+00:00
[2024-11-01T01:50:56.511-0300] {processor.py:208} INFO - Processing /home/nico/.local/lib/python3.10/site-packages/airflow/example_dags/example_branch_datetime_operator.py took 0.381 seconds
[2024-11-01T01:54:16.534-0300] {processor.py:186} INFO - Started process (PID=182413) to work on /home/nico/.local/lib/python3.10/site-packages/airflow/example_dags/example_branch_datetime_operator.py
[2024-11-01T01:54:16.547-0300] {processor.py:914} INFO - Processing file /home/nico/.local/lib/python3.10/site-packages/airflow/example_dags/example_branch_datetime_operator.py for tasks to queue
[2024-11-01T01:54:16.557-0300] {logging_mixin.py:190} INFO - [2024-11-01T01:54:16.556-0300] {dagbag.py:588} INFO - Filling up the DagBag from /home/nico/.local/lib/python3.10/site-packages/airflow/example_dags/example_branch_datetime_operator.py
[2024-11-01T01:54:16.656-0300] {processor.py:925} INFO - DAG(s) 'example_branch_datetime_operator_2', 'example_branch_datetime_operator_3', 'example_branch_datetime_operator' retrieved from /home/nico/.local/lib/python3.10/site-packages/airflow/example_dags/example_branch_datetime_operator.py
[2024-11-01T01:54:20.751-0300] {logging_mixin.py:190} INFO - [2024-11-01T01:54:20.750-0300] {dag.py:3239} INFO - Sync 3 DAGs
[2024-11-01T01:54:21.460-0300] {logging_mixin.py:190} INFO - [2024-11-01T01:54:21.450-0300] {dag.py:4180} INFO - Setting next_dagrun for example_branch_datetime_operator to 2024-10-31 00:00:00+00:00, run_after=2024-11-01 00:00:00+00:00
[2024-11-01T01:54:21.838-0300] {logging_mixin.py:190} INFO - [2024-11-01T01:54:21.837-0300] {dag.py:4180} INFO - Setting next_dagrun for example_branch_datetime_operator_2 to 2024-10-31 00:00:00+00:00, run_after=2024-11-01 00:00:00+00:00
[2024-11-01T01:54:22.163-0300] {logging_mixin.py:190} INFO - [2024-11-01T01:54:22.154-0300] {dag.py:4180} INFO - Setting next_dagrun for example_branch_datetime_operator_3 to 2024-10-31 00:00:00+00:00, run_after=2024-11-01 00:00:00+00:00
[2024-11-01T01:54:24.565-0300] {processor.py:208} INFO - Processing /home/nico/.local/lib/python3.10/site-packages/airflow/example_dags/example_branch_datetime_operator.py took 8.097 seconds
[2024-11-01T01:59:46.737-0300] {processor.py:186} INFO - Started process (PID=183766) to work on /home/nico/.local/lib/python3.10/site-packages/airflow/example_dags/example_branch_datetime_operator.py
[2024-11-01T01:59:46.749-0300] {processor.py:914} INFO - Processing file /home/nico/.local/lib/python3.10/site-packages/airflow/example_dags/example_branch_datetime_operator.py for tasks to queue
[2024-11-01T01:59:46.760-0300] {logging_mixin.py:190} INFO - [2024-11-01T01:59:46.759-0300] {dagbag.py:588} INFO - Filling up the DagBag from /home/nico/.local/lib/python3.10/site-packages/airflow/example_dags/example_branch_datetime_operator.py
[2024-11-01T01:59:46.854-0300] {processor.py:925} INFO - DAG(s) 'example_branch_datetime_operator_2', 'example_branch_datetime_operator_3', 'example_branch_datetime_operator' retrieved from /home/nico/.local/lib/python3.10/site-packages/airflow/example_dags/example_branch_datetime_operator.py
[2024-11-01T01:59:47.176-0300] {logging_mixin.py:190} INFO - [2024-11-01T01:59:47.175-0300] {dag.py:3239} INFO - Sync 3 DAGs
[2024-11-01T01:59:47.394-0300] {logging_mixin.py:190} INFO - [2024-11-01T01:59:47.392-0300] {dag.py:4180} INFO - Setting next_dagrun for example_branch_datetime_operator to 2024-10-31 00:00:00+00:00, run_after=2024-11-01 00:00:00+00:00
[2024-11-01T01:59:47.416-0300] {logging_mixin.py:190} INFO - [2024-11-01T01:59:47.416-0300] {dag.py:4180} INFO - Setting next_dagrun for example_branch_datetime_operator_2 to 2024-10-31 00:00:00+00:00, run_after=2024-11-01 00:00:00+00:00
[2024-11-01T01:59:47.425-0300] {logging_mixin.py:190} INFO - [2024-11-01T01:59:47.425-0300] {dag.py:4180} INFO - Setting next_dagrun for example_branch_datetime_operator_3 to 2024-10-31 00:00:00+00:00, run_after=2024-11-01 00:00:00+00:00
[2024-11-01T01:59:47.543-0300] {processor.py:208} INFO - Processing /home/nico/.local/lib/python3.10/site-packages/airflow/example_dags/example_branch_datetime_operator.py took 0.859 seconds
[2024-11-01T02:10:09.098-0300] {processor.py:186} INFO - Started process (PID=186354) to work on /home/nico/.local/lib/python3.10/site-packages/airflow/example_dags/example_branch_datetime_operator.py
[2024-11-01T02:10:09.102-0300] {processor.py:914} INFO - Processing file /home/nico/.local/lib/python3.10/site-packages/airflow/example_dags/example_branch_datetime_operator.py for tasks to queue
[2024-11-01T02:10:09.108-0300] {logging_mixin.py:190} INFO - [2024-11-01T02:10:09.107-0300] {dagbag.py:588} INFO - Filling up the DagBag from /home/nico/.local/lib/python3.10/site-packages/airflow/example_dags/example_branch_datetime_operator.py
[2024-11-01T02:10:09.141-0300] {processor.py:925} INFO - DAG(s) 'example_branch_datetime_operator_3', 'example_branch_datetime_operator', 'example_branch_datetime_operator_2' retrieved from /home/nico/.local/lib/python3.10/site-packages/airflow/example_dags/example_branch_datetime_operator.py
[2024-11-01T02:10:09.257-0300] {logging_mixin.py:190} INFO - [2024-11-01T02:10:09.256-0300] {dag.py:3239} INFO - Sync 3 DAGs
[2024-11-01T02:10:09.316-0300] {logging_mixin.py:190} INFO - [2024-11-01T02:10:09.316-0300] {dag.py:4180} INFO - Setting next_dagrun for example_branch_datetime_operator to 2024-10-31 00:00:00+00:00, run_after=2024-11-01 00:00:00+00:00
[2024-11-01T02:10:09.333-0300] {logging_mixin.py:190} INFO - [2024-11-01T02:10:09.332-0300] {dag.py:4180} INFO - Setting next_dagrun for example_branch_datetime_operator_2 to 2024-10-31 00:00:00+00:00, run_after=2024-11-01 00:00:00+00:00
[2024-11-01T02:10:09.343-0300] {logging_mixin.py:190} INFO - [2024-11-01T02:10:09.343-0300] {dag.py:4180} INFO - Setting next_dagrun for example_branch_datetime_operator_3 to 2024-10-31 00:00:00+00:00, run_after=2024-11-01 00:00:00+00:00
[2024-11-01T02:10:09.512-0300] {processor.py:208} INFO - Processing /home/nico/.local/lib/python3.10/site-packages/airflow/example_dags/example_branch_datetime_operator.py took 0.449 seconds
[2024-11-01T02:12:16.153-0300] {processor.py:186} INFO - Started process (PID=186895) to work on /home/nico/.local/lib/python3.10/site-packages/airflow/example_dags/example_branch_datetime_operator.py
[2024-11-01T02:12:16.159-0300] {processor.py:914} INFO - Processing file /home/nico/.local/lib/python3.10/site-packages/airflow/example_dags/example_branch_datetime_operator.py for tasks to queue
[2024-11-01T02:12:16.165-0300] {logging_mixin.py:190} INFO - [2024-11-01T02:12:16.164-0300] {dagbag.py:588} INFO - Filling up the DagBag from /home/nico/.local/lib/python3.10/site-packages/airflow/example_dags/example_branch_datetime_operator.py
[2024-11-01T02:12:16.229-0300] {processor.py:925} INFO - DAG(s) 'example_branch_datetime_operator_3', 'example_branch_datetime_operator', 'example_branch_datetime_operator_2' retrieved from /home/nico/.local/lib/python3.10/site-packages/airflow/example_dags/example_branch_datetime_operator.py
[2024-11-01T02:12:16.375-0300] {logging_mixin.py:190} INFO - [2024-11-01T02:12:16.374-0300] {dag.py:3239} INFO - Sync 3 DAGs
[2024-11-01T02:12:16.451-0300] {logging_mixin.py:190} INFO - [2024-11-01T02:12:16.450-0300] {dag.py:4180} INFO - Setting next_dagrun for example_branch_datetime_operator to 2024-10-31 00:00:00+00:00, run_after=2024-11-01 00:00:00+00:00
[2024-11-01T02:12:16.469-0300] {logging_mixin.py:190} INFO - [2024-11-01T02:12:16.469-0300] {dag.py:4180} INFO - Setting next_dagrun for example_branch_datetime_operator_2 to 2024-10-31 00:00:00+00:00, run_after=2024-11-01 00:00:00+00:00
[2024-11-01T02:12:16.483-0300] {logging_mixin.py:190} INFO - [2024-11-01T02:12:16.483-0300] {dag.py:4180} INFO - Setting next_dagrun for example_branch_datetime_operator_3 to 2024-10-31 00:00:00+00:00, run_after=2024-11-01 00:00:00+00:00
[2024-11-01T02:12:16.641-0300] {processor.py:208} INFO - Processing /home/nico/.local/lib/python3.10/site-packages/airflow/example_dags/example_branch_datetime_operator.py took 0.527 seconds
[2024-11-01T02:19:02.518-0300] {processor.py:186} INFO - Started process (PID=188596) to work on /home/nico/.local/lib/python3.10/site-packages/airflow/example_dags/example_branch_datetime_operator.py
[2024-11-01T02:19:02.522-0300] {processor.py:914} INFO - Processing file /home/nico/.local/lib/python3.10/site-packages/airflow/example_dags/example_branch_datetime_operator.py for tasks to queue
[2024-11-01T02:19:02.533-0300] {logging_mixin.py:190} INFO - [2024-11-01T02:19:02.532-0300] {dagbag.py:588} INFO - Filling up the DagBag from /home/nico/.local/lib/python3.10/site-packages/airflow/example_dags/example_branch_datetime_operator.py
[2024-11-01T02:19:02.558-0300] {processor.py:925} INFO - DAG(s) 'example_branch_datetime_operator_2', 'example_branch_datetime_operator', 'example_branch_datetime_operator_3' retrieved from /home/nico/.local/lib/python3.10/site-packages/airflow/example_dags/example_branch_datetime_operator.py
[2024-11-01T02:19:02.635-0300] {logging_mixin.py:190} INFO - [2024-11-01T02:19:02.634-0300] {dag.py:3239} INFO - Sync 3 DAGs
[2024-11-01T02:19:02.699-0300] {logging_mixin.py:190} INFO - [2024-11-01T02:19:02.699-0300] {dag.py:4180} INFO - Setting next_dagrun for example_branch_datetime_operator to 2024-10-31 00:00:00+00:00, run_after=2024-11-01 00:00:00+00:00
[2024-11-01T02:19:02.714-0300] {logging_mixin.py:190} INFO - [2024-11-01T02:19:02.713-0300] {dag.py:4180} INFO - Setting next_dagrun for example_branch_datetime_operator_2 to 2024-10-31 00:00:00+00:00, run_after=2024-11-01 00:00:00+00:00
[2024-11-01T02:19:02.726-0300] {logging_mixin.py:190} INFO - [2024-11-01T02:19:02.725-0300] {dag.py:4180} INFO - Setting next_dagrun for example_branch_datetime_operator_3 to 2024-10-31 00:00:00+00:00, run_after=2024-11-01 00:00:00+00:00
[2024-11-01T02:19:02.840-0300] {processor.py:208} INFO - Processing /home/nico/.local/lib/python3.10/site-packages/airflow/example_dags/example_branch_datetime_operator.py took 0.371 seconds
[2024-11-01T02:24:03.785-0300] {processor.py:186} INFO - Started process (PID=189830) to work on /home/nico/.local/lib/python3.10/site-packages/airflow/example_dags/example_branch_datetime_operator.py
[2024-11-01T02:24:03.789-0300] {processor.py:914} INFO - Processing file /home/nico/.local/lib/python3.10/site-packages/airflow/example_dags/example_branch_datetime_operator.py for tasks to queue
[2024-11-01T02:24:03.796-0300] {logging_mixin.py:190} INFO - [2024-11-01T02:24:03.793-0300] {dagbag.py:588} INFO - Filling up the DagBag from /home/nico/.local/lib/python3.10/site-packages/airflow/example_dags/example_branch_datetime_operator.py
[2024-11-01T02:24:03.844-0300] {processor.py:925} INFO - DAG(s) 'example_branch_datetime_operator_2', 'example_branch_datetime_operator_3', 'example_branch_datetime_operator' retrieved from /home/nico/.local/lib/python3.10/site-packages/airflow/example_dags/example_branch_datetime_operator.py
[2024-11-01T02:24:03.969-0300] {logging_mixin.py:190} INFO - [2024-11-01T02:24:03.968-0300] {dag.py:3239} INFO - Sync 3 DAGs
[2024-11-01T02:24:04.073-0300] {logging_mixin.py:190} INFO - [2024-11-01T02:24:04.072-0300] {dag.py:4180} INFO - Setting next_dagrun for example_branch_datetime_operator to 2024-10-31 00:00:00+00:00, run_after=2024-11-01 00:00:00+00:00
[2024-11-01T02:24:04.088-0300] {logging_mixin.py:190} INFO - [2024-11-01T02:24:04.088-0300] {dag.py:4180} INFO - Setting next_dagrun for example_branch_datetime_operator_2 to 2024-10-31 00:00:00+00:00, run_after=2024-11-01 00:00:00+00:00
[2024-11-01T02:24:04.098-0300] {logging_mixin.py:190} INFO - [2024-11-01T02:24:04.098-0300] {dag.py:4180} INFO - Setting next_dagrun for example_branch_datetime_operator_3 to 2024-10-31 00:00:00+00:00, run_after=2024-11-01 00:00:00+00:00
[2024-11-01T02:24:04.254-0300] {processor.py:208} INFO - Processing /home/nico/.local/lib/python3.10/site-packages/airflow/example_dags/example_branch_datetime_operator.py took 0.502 seconds
[2024-11-01T02:33:49.175-0300] {processor.py:186} INFO - Started process (PID=192260) to work on /home/nico/.local/lib/python3.10/site-packages/airflow/example_dags/example_branch_datetime_operator.py
[2024-11-01T02:33:49.178-0300] {processor.py:914} INFO - Processing file /home/nico/.local/lib/python3.10/site-packages/airflow/example_dags/example_branch_datetime_operator.py for tasks to queue
[2024-11-01T02:33:49.182-0300] {logging_mixin.py:190} INFO - [2024-11-01T02:33:49.181-0300] {dagbag.py:588} INFO - Filling up the DagBag from /home/nico/.local/lib/python3.10/site-packages/airflow/example_dags/example_branch_datetime_operator.py
[2024-11-01T02:33:49.205-0300] {processor.py:925} INFO - DAG(s) 'example_branch_datetime_operator_2', 'example_branch_datetime_operator', 'example_branch_datetime_operator_3' retrieved from /home/nico/.local/lib/python3.10/site-packages/airflow/example_dags/example_branch_datetime_operator.py
[2024-11-01T02:33:49.318-0300] {logging_mixin.py:190} INFO - [2024-11-01T02:33:49.317-0300] {dag.py:3239} INFO - Sync 3 DAGs
[2024-11-01T02:33:49.691-0300] {logging_mixin.py:190} INFO - [2024-11-01T02:33:49.691-0300] {dag.py:4180} INFO - Setting next_dagrun for example_branch_datetime_operator to 2024-10-31 00:00:00+00:00, run_after=2024-11-01 00:00:00+00:00
[2024-11-01T02:33:49.706-0300] {logging_mixin.py:190} INFO - [2024-11-01T02:33:49.705-0300] {dag.py:4180} INFO - Setting next_dagrun for example_branch_datetime_operator_2 to 2024-10-31 00:00:00+00:00, run_after=2024-11-01 00:00:00+00:00
[2024-11-01T02:33:49.718-0300] {logging_mixin.py:190} INFO - [2024-11-01T02:33:49.717-0300] {dag.py:4180} INFO - Setting next_dagrun for example_branch_datetime_operator_3 to 2024-10-31 00:00:00+00:00, run_after=2024-11-01 00:00:00+00:00
[2024-11-01T02:33:49.841-0300] {processor.py:208} INFO - Processing /home/nico/.local/lib/python3.10/site-packages/airflow/example_dags/example_branch_datetime_operator.py took 0.686 seconds
[2024-11-01T02:36:40.935-0300] {processor.py:186} INFO - Started process (PID=192972) to work on /home/nico/.local/lib/python3.10/site-packages/airflow/example_dags/example_branch_datetime_operator.py
[2024-11-01T02:36:40.939-0300] {processor.py:914} INFO - Processing file /home/nico/.local/lib/python3.10/site-packages/airflow/example_dags/example_branch_datetime_operator.py for tasks to queue
[2024-11-01T02:36:40.954-0300] {logging_mixin.py:190} INFO - [2024-11-01T02:36:40.952-0300] {dagbag.py:588} INFO - Filling up the DagBag from /home/nico/.local/lib/python3.10/site-packages/airflow/example_dags/example_branch_datetime_operator.py
[2024-11-01T02:36:41.034-0300] {processor.py:925} INFO - DAG(s) 'example_branch_datetime_operator_2', 'example_branch_datetime_operator', 'example_branch_datetime_operator_3' retrieved from /home/nico/.local/lib/python3.10/site-packages/airflow/example_dags/example_branch_datetime_operator.py
[2024-11-01T02:36:41.799-0300] {logging_mixin.py:190} INFO - [2024-11-01T02:36:41.798-0300] {dag.py:3239} INFO - Sync 3 DAGs
[2024-11-01T02:36:42.766-0300] {logging_mixin.py:190} INFO - [2024-11-01T02:36:42.765-0300] {dag.py:4180} INFO - Setting next_dagrun for example_branch_datetime_operator to 2024-10-31 00:00:00+00:00, run_after=2024-11-01 00:00:00+00:00
[2024-11-01T02:36:42.779-0300] {logging_mixin.py:190} INFO - [2024-11-01T02:36:42.778-0300] {dag.py:4180} INFO - Setting next_dagrun for example_branch_datetime_operator_2 to 2024-10-31 00:00:00+00:00, run_after=2024-11-01 00:00:00+00:00
[2024-11-01T02:36:42.788-0300] {logging_mixin.py:190} INFO - [2024-11-01T02:36:42.788-0300] {dag.py:4180} INFO - Setting next_dagrun for example_branch_datetime_operator_3 to 2024-10-31 00:00:00+00:00, run_after=2024-11-01 00:00:00+00:00
[2024-11-01T02:36:42.942-0300] {processor.py:208} INFO - Processing /home/nico/.local/lib/python3.10/site-packages/airflow/example_dags/example_branch_datetime_operator.py took 2.044 seconds
