[2024-10-31T21:02:27.518-0300] {processor.py:186} INFO - Started process (PID=150126) to work on /home/nico/.local/lib/python3.10/site-packages/airflow/example_dags/example_skip_dag.py
[2024-10-31T21:02:27.522-0300] {processor.py:914} INFO - Processing file /home/nico/.local/lib/python3.10/site-packages/airflow/example_dags/example_skip_dag.py for tasks to queue
[2024-10-31T21:02:27.528-0300] {logging_mixin.py:190} INFO - [2024-10-31T21:02:27.526-0300] {dagbag.py:588} INFO - Filling up the DagBag from /home/nico/.local/lib/python3.10/site-packages/airflow/example_dags/example_skip_dag.py
[2024-10-31T21:02:27.547-0300] {processor.py:925} INFO - DAG(s) 'example_skip_dag' retrieved from /home/nico/.local/lib/python3.10/site-packages/airflow/example_dags/example_skip_dag.py
[2024-10-31T21:02:27.617-0300] {logging_mixin.py:190} INFO - [2024-10-31T21:02:27.616-0300] {dag.py:3239} INFO - Sync 1 DAGs
[2024-10-31T21:02:27.690-0300] {logging_mixin.py:190} INFO - [2024-10-31T21:02:27.690-0300] {dag.py:4180} INFO - Setting next_dagrun for example_skip_dag to 2024-10-31 00:00:00+00:00, run_after=2024-11-01 00:00:00+00:00
[2024-10-31T21:02:27.852-0300] {processor.py:208} INFO - Processing /home/nico/.local/lib/python3.10/site-packages/airflow/example_dags/example_skip_dag.py took 0.373 seconds
[2024-10-31T21:04:41.608-0300] {processor.py:186} INFO - Started process (PID=150700) to work on /home/nico/.local/lib/python3.10/site-packages/airflow/example_dags/example_skip_dag.py
[2024-10-31T21:04:41.622-0300] {processor.py:914} INFO - Processing file /home/nico/.local/lib/python3.10/site-packages/airflow/example_dags/example_skip_dag.py for tasks to queue
[2024-10-31T21:04:41.636-0300] {logging_mixin.py:190} INFO - [2024-10-31T21:04:41.635-0300] {dagbag.py:588} INFO - Filling up the DagBag from /home/nico/.local/lib/python3.10/site-packages/airflow/example_dags/example_skip_dag.py
[2024-10-31T21:04:41.693-0300] {processor.py:925} INFO - DAG(s) 'example_skip_dag' retrieved from /home/nico/.local/lib/python3.10/site-packages/airflow/example_dags/example_skip_dag.py
[2024-10-31T21:04:41.766-0300] {logging_mixin.py:190} INFO - [2024-10-31T21:04:41.765-0300] {dag.py:3239} INFO - Sync 1 DAGs
[2024-10-31T21:04:41.846-0300] {logging_mixin.py:190} INFO - [2024-10-31T21:04:41.846-0300] {dag.py:4180} INFO - Setting next_dagrun for example_skip_dag to 2024-10-31 00:00:00+00:00, run_after=2024-11-01 00:00:00+00:00
[2024-10-31T21:04:42.008-0300] {processor.py:208} INFO - Processing /home/nico/.local/lib/python3.10/site-packages/airflow/example_dags/example_skip_dag.py took 0.445 seconds
[2024-10-31T23:54:13.820-0300] {processor.py:186} INFO - Started process (PID=152121) to work on /home/nico/.local/lib/python3.10/site-packages/airflow/example_dags/example_skip_dag.py
[2024-10-31T23:54:13.835-0300] {processor.py:914} INFO - Processing file /home/nico/.local/lib/python3.10/site-packages/airflow/example_dags/example_skip_dag.py for tasks to queue
[2024-10-31T23:54:13.863-0300] {logging_mixin.py:190} INFO - [2024-10-31T23:54:13.853-0300] {dagbag.py:588} INFO - Filling up the DagBag from /home/nico/.local/lib/python3.10/site-packages/airflow/example_dags/example_skip_dag.py
[2024-10-31T23:54:13.963-0300] {processor.py:925} INFO - DAG(s) 'example_skip_dag' retrieved from /home/nico/.local/lib/python3.10/site-packages/airflow/example_dags/example_skip_dag.py
[2024-10-31T23:54:14.204-0300] {logging_mixin.py:190} INFO - [2024-10-31T23:54:14.202-0300] {dag.py:3239} INFO - Sync 1 DAGs
[2024-10-31T23:54:14.596-0300] {logging_mixin.py:190} INFO - [2024-10-31T23:54:14.596-0300] {dag.py:4180} INFO - Setting next_dagrun for example_skip_dag to 2024-10-31 00:00:00+00:00, run_after=2024-11-01 00:00:00+00:00
[2024-10-31T23:54:14.901-0300] {processor.py:208} INFO - Processing /home/nico/.local/lib/python3.10/site-packages/airflow/example_dags/example_skip_dag.py took 1.149 seconds
[2024-11-01T00:02:11.273-0300] {processor.py:186} INFO - Started process (PID=154154) to work on /home/nico/.local/lib/python3.10/site-packages/airflow/example_dags/example_skip_dag.py
[2024-11-01T00:02:11.279-0300] {processor.py:914} INFO - Processing file /home/nico/.local/lib/python3.10/site-packages/airflow/example_dags/example_skip_dag.py for tasks to queue
[2024-11-01T00:02:11.290-0300] {logging_mixin.py:190} INFO - [2024-11-01T00:02:11.289-0300] {dagbag.py:588} INFO - Filling up the DagBag from /home/nico/.local/lib/python3.10/site-packages/airflow/example_dags/example_skip_dag.py
[2024-11-01T00:02:11.355-0300] {processor.py:925} INFO - DAG(s) 'example_skip_dag' retrieved from /home/nico/.local/lib/python3.10/site-packages/airflow/example_dags/example_skip_dag.py
[2024-11-01T00:02:11.486-0300] {logging_mixin.py:190} INFO - [2024-11-01T00:02:11.485-0300] {dag.py:3239} INFO - Sync 1 DAGs
[2024-11-01T00:02:11.568-0300] {logging_mixin.py:190} INFO - [2024-11-01T00:02:11.567-0300] {dag.py:4180} INFO - Setting next_dagrun for example_skip_dag to 2024-10-31 00:00:00+00:00, run_after=2024-11-01 00:00:00+00:00
[2024-11-01T00:02:11.703-0300] {processor.py:208} INFO - Processing /home/nico/.local/lib/python3.10/site-packages/airflow/example_dags/example_skip_dag.py took 0.483 seconds
[2024-11-01T00:04:46.304-0300] {processor.py:186} INFO - Started process (PID=154816) to work on /home/nico/.local/lib/python3.10/site-packages/airflow/example_dags/example_skip_dag.py
[2024-11-01T00:04:46.320-0300] {processor.py:914} INFO - Processing file /home/nico/.local/lib/python3.10/site-packages/airflow/example_dags/example_skip_dag.py for tasks to queue
[2024-11-01T00:04:46.334-0300] {logging_mixin.py:190} INFO - [2024-11-01T00:04:46.325-0300] {dagbag.py:588} INFO - Filling up the DagBag from /home/nico/.local/lib/python3.10/site-packages/airflow/example_dags/example_skip_dag.py
[2024-11-01T00:04:46.400-0300] {processor.py:925} INFO - DAG(s) 'example_skip_dag' retrieved from /home/nico/.local/lib/python3.10/site-packages/airflow/example_dags/example_skip_dag.py
[2024-11-01T00:04:46.521-0300] {logging_mixin.py:190} INFO - [2024-11-01T00:04:46.520-0300] {dag.py:3239} INFO - Sync 1 DAGs
[2024-11-01T00:04:46.600-0300] {logging_mixin.py:190} INFO - [2024-11-01T00:04:46.599-0300] {dag.py:4180} INFO - Setting next_dagrun for example_skip_dag to 2024-10-31 00:00:00+00:00, run_after=2024-11-01 00:00:00+00:00
[2024-11-01T00:04:46.794-0300] {processor.py:208} INFO - Processing /home/nico/.local/lib/python3.10/site-packages/airflow/example_dags/example_skip_dag.py took 0.542 seconds
[2024-11-01T00:07:13.777-0300] {processor.py:186} INFO - Started process (PID=155438) to work on /home/nico/.local/lib/python3.10/site-packages/airflow/example_dags/example_skip_dag.py
[2024-11-01T00:07:13.780-0300] {processor.py:914} INFO - Processing file /home/nico/.local/lib/python3.10/site-packages/airflow/example_dags/example_skip_dag.py for tasks to queue
[2024-11-01T00:07:13.789-0300] {logging_mixin.py:190} INFO - [2024-11-01T00:07:13.788-0300] {dagbag.py:588} INFO - Filling up the DagBag from /home/nico/.local/lib/python3.10/site-packages/airflow/example_dags/example_skip_dag.py
[2024-11-01T00:07:13.828-0300] {processor.py:925} INFO - DAG(s) 'example_skip_dag' retrieved from /home/nico/.local/lib/python3.10/site-packages/airflow/example_dags/example_skip_dag.py
[2024-11-01T00:07:13.968-0300] {logging_mixin.py:190} INFO - [2024-11-01T00:07:13.968-0300] {dag.py:3239} INFO - Sync 1 DAGs
[2024-11-01T00:07:14.072-0300] {logging_mixin.py:190} INFO - [2024-11-01T00:07:14.072-0300] {dag.py:4180} INFO - Setting next_dagrun for example_skip_dag to 2024-10-31 00:00:00+00:00, run_after=2024-11-01 00:00:00+00:00
[2024-11-01T00:07:14.268-0300] {processor.py:208} INFO - Processing /home/nico/.local/lib/python3.10/site-packages/airflow/example_dags/example_skip_dag.py took 0.510 seconds
[2024-11-01T00:19:40.310-0300] {processor.py:186} INFO - Started process (PID=158629) to work on /home/nico/.local/lib/python3.10/site-packages/airflow/example_dags/example_skip_dag.py
[2024-11-01T00:19:40.315-0300] {processor.py:914} INFO - Processing file /home/nico/.local/lib/python3.10/site-packages/airflow/example_dags/example_skip_dag.py for tasks to queue
[2024-11-01T00:19:40.321-0300] {logging_mixin.py:190} INFO - [2024-11-01T00:19:40.320-0300] {dagbag.py:588} INFO - Filling up the DagBag from /home/nico/.local/lib/python3.10/site-packages/airflow/example_dags/example_skip_dag.py
[2024-11-01T00:19:40.346-0300] {processor.py:925} INFO - DAG(s) 'example_skip_dag' retrieved from /home/nico/.local/lib/python3.10/site-packages/airflow/example_dags/example_skip_dag.py
[2024-11-01T00:19:40.471-0300] {logging_mixin.py:190} INFO - [2024-11-01T00:19:40.471-0300] {dag.py:3239} INFO - Sync 1 DAGs
[2024-11-01T00:19:40.649-0300] {logging_mixin.py:190} INFO - [2024-11-01T00:19:40.648-0300] {dag.py:4180} INFO - Setting next_dagrun for example_skip_dag to 2024-10-31 00:00:00+00:00, run_after=2024-11-01 00:00:00+00:00
[2024-11-01T00:19:40.825-0300] {processor.py:208} INFO - Processing /home/nico/.local/lib/python3.10/site-packages/airflow/example_dags/example_skip_dag.py took 0.559 seconds
[2024-11-01T00:23:17.239-0300] {processor.py:186} INFO - Started process (PID=159527) to work on /home/nico/.local/lib/python3.10/site-packages/airflow/example_dags/example_skip_dag.py
[2024-11-01T00:23:17.242-0300] {processor.py:914} INFO - Processing file /home/nico/.local/lib/python3.10/site-packages/airflow/example_dags/example_skip_dag.py for tasks to queue
[2024-11-01T00:23:17.246-0300] {logging_mixin.py:190} INFO - [2024-11-01T00:23:17.245-0300] {dagbag.py:588} INFO - Filling up the DagBag from /home/nico/.local/lib/python3.10/site-packages/airflow/example_dags/example_skip_dag.py
[2024-11-01T00:23:17.265-0300] {processor.py:925} INFO - DAG(s) 'example_skip_dag' retrieved from /home/nico/.local/lib/python3.10/site-packages/airflow/example_dags/example_skip_dag.py
[2024-11-01T00:23:17.333-0300] {logging_mixin.py:190} INFO - [2024-11-01T00:23:17.333-0300] {dag.py:3239} INFO - Sync 1 DAGs
[2024-11-01T00:23:17.409-0300] {logging_mixin.py:190} INFO - [2024-11-01T00:23:17.409-0300] {dag.py:4180} INFO - Setting next_dagrun for example_skip_dag to 2024-10-31 00:00:00+00:00, run_after=2024-11-01 00:00:00+00:00
[2024-11-01T00:23:17.549-0300] {processor.py:208} INFO - Processing /home/nico/.local/lib/python3.10/site-packages/airflow/example_dags/example_skip_dag.py took 0.324 seconds
[2024-11-01T00:33:13.232-0300] {processor.py:186} INFO - Started process (PID=162088) to work on /home/nico/.local/lib/python3.10/site-packages/airflow/example_dags/example_skip_dag.py
[2024-11-01T00:33:13.235-0300] {processor.py:914} INFO - Processing file /home/nico/.local/lib/python3.10/site-packages/airflow/example_dags/example_skip_dag.py for tasks to queue
[2024-11-01T00:33:13.239-0300] {logging_mixin.py:190} INFO - [2024-11-01T00:33:13.238-0300] {dagbag.py:588} INFO - Filling up the DagBag from /home/nico/.local/lib/python3.10/site-packages/airflow/example_dags/example_skip_dag.py
[2024-11-01T00:33:13.257-0300] {processor.py:925} INFO - DAG(s) 'example_skip_dag' retrieved from /home/nico/.local/lib/python3.10/site-packages/airflow/example_dags/example_skip_dag.py
[2024-11-01T00:33:13.330-0300] {logging_mixin.py:190} INFO - [2024-11-01T00:33:13.329-0300] {dag.py:3239} INFO - Sync 1 DAGs
[2024-11-01T00:33:13.388-0300] {logging_mixin.py:190} INFO - [2024-11-01T00:33:13.388-0300] {dag.py:4180} INFO - Setting next_dagrun for example_skip_dag to 2024-10-31 00:00:00+00:00, run_after=2024-11-01 00:00:00+00:00
[2024-11-01T00:33:14.205-0300] {processor.py:208} INFO - Processing /home/nico/.local/lib/python3.10/site-packages/airflow/example_dags/example_skip_dag.py took 0.991 seconds
[2024-11-01T00:35:20.212-0300] {processor.py:186} INFO - Started process (PID=162632) to work on /home/nico/.local/lib/python3.10/site-packages/airflow/example_dags/example_skip_dag.py
[2024-11-01T00:35:20.216-0300] {processor.py:914} INFO - Processing file /home/nico/.local/lib/python3.10/site-packages/airflow/example_dags/example_skip_dag.py for tasks to queue
[2024-11-01T00:35:20.224-0300] {logging_mixin.py:190} INFO - [2024-11-01T00:35:20.223-0300] {dagbag.py:588} INFO - Filling up the DagBag from /home/nico/.local/lib/python3.10/site-packages/airflow/example_dags/example_skip_dag.py
[2024-11-01T00:35:20.276-0300] {processor.py:925} INFO - DAG(s) 'example_skip_dag' retrieved from /home/nico/.local/lib/python3.10/site-packages/airflow/example_dags/example_skip_dag.py
[2024-11-01T00:35:20.350-0300] {logging_mixin.py:190} INFO - [2024-11-01T00:35:20.349-0300] {dag.py:3239} INFO - Sync 1 DAGs
[2024-11-01T00:35:20.444-0300] {logging_mixin.py:190} INFO - [2024-11-01T00:35:20.443-0300] {dag.py:4180} INFO - Setting next_dagrun for example_skip_dag to 2024-10-31 00:00:00+00:00, run_after=2024-11-01 00:00:00+00:00
[2024-11-01T00:35:20.601-0300] {processor.py:208} INFO - Processing /home/nico/.local/lib/python3.10/site-packages/airflow/example_dags/example_skip_dag.py took 0.419 seconds
[2024-11-01T00:50:55.011-0300] {processor.py:186} INFO - Started process (PID=166467) to work on /home/nico/.local/lib/python3.10/site-packages/airflow/example_dags/example_skip_dag.py
[2024-11-01T00:50:55.014-0300] {processor.py:914} INFO - Processing file /home/nico/.local/lib/python3.10/site-packages/airflow/example_dags/example_skip_dag.py for tasks to queue
[2024-11-01T00:50:55.021-0300] {logging_mixin.py:190} INFO - [2024-11-01T00:50:55.020-0300] {dagbag.py:588} INFO - Filling up the DagBag from /home/nico/.local/lib/python3.10/site-packages/airflow/example_dags/example_skip_dag.py
[2024-11-01T00:50:55.045-0300] {processor.py:925} INFO - DAG(s) 'example_skip_dag' retrieved from /home/nico/.local/lib/python3.10/site-packages/airflow/example_dags/example_skip_dag.py
[2024-11-01T00:50:55.122-0300] {logging_mixin.py:190} INFO - [2024-11-01T00:50:55.121-0300] {dag.py:3239} INFO - Sync 1 DAGs
[2024-11-01T00:50:55.200-0300] {logging_mixin.py:190} INFO - [2024-11-01T00:50:55.199-0300] {dag.py:4180} INFO - Setting next_dagrun for example_skip_dag to 2024-10-31 00:00:00+00:00, run_after=2024-11-01 00:00:00+00:00
[2024-11-01T00:50:55.347-0300] {processor.py:208} INFO - Processing /home/nico/.local/lib/python3.10/site-packages/airflow/example_dags/example_skip_dag.py took 0.354 seconds
[2024-11-01T00:53:30.580-0300] {processor.py:186} INFO - Started process (PID=167126) to work on /home/nico/.local/lib/python3.10/site-packages/airflow/example_dags/example_skip_dag.py
[2024-11-01T00:53:30.582-0300] {processor.py:914} INFO - Processing file /home/nico/.local/lib/python3.10/site-packages/airflow/example_dags/example_skip_dag.py for tasks to queue
[2024-11-01T00:53:30.588-0300] {logging_mixin.py:190} INFO - [2024-11-01T00:53:30.587-0300] {dagbag.py:588} INFO - Filling up the DagBag from /home/nico/.local/lib/python3.10/site-packages/airflow/example_dags/example_skip_dag.py
[2024-11-01T00:53:30.606-0300] {processor.py:925} INFO - DAG(s) 'example_skip_dag' retrieved from /home/nico/.local/lib/python3.10/site-packages/airflow/example_dags/example_skip_dag.py
[2024-11-01T00:53:30.668-0300] {logging_mixin.py:190} INFO - [2024-11-01T00:53:30.667-0300] {dag.py:3239} INFO - Sync 1 DAGs
[2024-11-01T00:53:30.736-0300] {logging_mixin.py:190} INFO - [2024-11-01T00:53:30.735-0300] {dag.py:4180} INFO - Setting next_dagrun for example_skip_dag to 2024-10-31 00:00:00+00:00, run_after=2024-11-01 00:00:00+00:00
[2024-11-01T00:53:30.872-0300] {processor.py:208} INFO - Processing /home/nico/.local/lib/python3.10/site-packages/airflow/example_dags/example_skip_dag.py took 0.308 seconds
[2024-11-01T00:55:27.708-0300] {processor.py:186} INFO - Started process (PID=167628) to work on /home/nico/.local/lib/python3.10/site-packages/airflow/example_dags/example_skip_dag.py
[2024-11-01T00:55:27.711-0300] {processor.py:914} INFO - Processing file /home/nico/.local/lib/python3.10/site-packages/airflow/example_dags/example_skip_dag.py for tasks to queue
[2024-11-01T00:55:27.717-0300] {logging_mixin.py:190} INFO - [2024-11-01T00:55:27.716-0300] {dagbag.py:588} INFO - Filling up the DagBag from /home/nico/.local/lib/python3.10/site-packages/airflow/example_dags/example_skip_dag.py
[2024-11-01T00:55:27.736-0300] {processor.py:925} INFO - DAG(s) 'example_skip_dag' retrieved from /home/nico/.local/lib/python3.10/site-packages/airflow/example_dags/example_skip_dag.py
[2024-11-01T00:55:27.797-0300] {logging_mixin.py:190} INFO - [2024-11-01T00:55:27.797-0300] {dag.py:3239} INFO - Sync 1 DAGs
[2024-11-01T00:55:27.861-0300] {logging_mixin.py:190} INFO - [2024-11-01T00:55:27.861-0300] {dag.py:4180} INFO - Setting next_dagrun for example_skip_dag to 2024-10-31 00:00:00+00:00, run_after=2024-11-01 00:00:00+00:00
[2024-11-01T00:55:27.992-0300] {processor.py:208} INFO - Processing /home/nico/.local/lib/python3.10/site-packages/airflow/example_dags/example_skip_dag.py took 0.301 seconds
[2024-11-01T00:58:15.846-0300] {processor.py:186} INFO - Started process (PID=168374) to work on /home/nico/.local/lib/python3.10/site-packages/airflow/example_dags/example_skip_dag.py
[2024-11-01T00:58:15.850-0300] {processor.py:914} INFO - Processing file /home/nico/.local/lib/python3.10/site-packages/airflow/example_dags/example_skip_dag.py for tasks to queue
[2024-11-01T00:58:15.869-0300] {logging_mixin.py:190} INFO - [2024-11-01T00:58:15.867-0300] {dagbag.py:588} INFO - Filling up the DagBag from /home/nico/.local/lib/python3.10/site-packages/airflow/example_dags/example_skip_dag.py
[2024-11-01T00:58:15.907-0300] {processor.py:925} INFO - DAG(s) 'example_skip_dag' retrieved from /home/nico/.local/lib/python3.10/site-packages/airflow/example_dags/example_skip_dag.py
[2024-11-01T00:58:16.005-0300] {logging_mixin.py:190} INFO - [2024-11-01T00:58:16.004-0300] {dag.py:3239} INFO - Sync 1 DAGs
[2024-11-01T00:58:16.070-0300] {logging_mixin.py:190} INFO - [2024-11-01T00:58:16.069-0300] {dag.py:4180} INFO - Setting next_dagrun for example_skip_dag to 2024-10-31 00:00:00+00:00, run_after=2024-11-01 00:00:00+00:00
[2024-11-01T00:58:16.189-0300] {processor.py:208} INFO - Processing /home/nico/.local/lib/python3.10/site-packages/airflow/example_dags/example_skip_dag.py took 0.393 seconds
[2024-11-01T01:00:26.761-0300] {processor.py:186} INFO - Started process (PID=168933) to work on /home/nico/.local/lib/python3.10/site-packages/airflow/example_dags/example_skip_dag.py
[2024-11-01T01:00:26.764-0300] {processor.py:914} INFO - Processing file /home/nico/.local/lib/python3.10/site-packages/airflow/example_dags/example_skip_dag.py for tasks to queue
[2024-11-01T01:00:26.772-0300] {logging_mixin.py:190} INFO - [2024-11-01T01:00:26.771-0300] {dagbag.py:588} INFO - Filling up the DagBag from /home/nico/.local/lib/python3.10/site-packages/airflow/example_dags/example_skip_dag.py
[2024-11-01T01:00:26.799-0300] {processor.py:925} INFO - DAG(s) 'example_skip_dag' retrieved from /home/nico/.local/lib/python3.10/site-packages/airflow/example_dags/example_skip_dag.py
[2024-11-01T01:00:26.878-0300] {logging_mixin.py:190} INFO - [2024-11-01T01:00:26.877-0300] {dag.py:3239} INFO - Sync 1 DAGs
[2024-11-01T01:00:26.957-0300] {logging_mixin.py:190} INFO - [2024-11-01T01:00:26.956-0300] {dag.py:4180} INFO - Setting next_dagrun for example_skip_dag to 2024-10-31 00:00:00+00:00, run_after=2024-11-01 00:00:00+00:00
[2024-11-01T01:00:27.103-0300] {processor.py:208} INFO - Processing /home/nico/.local/lib/python3.10/site-packages/airflow/example_dags/example_skip_dag.py took 0.386 seconds
[2024-11-01T01:05:34.065-0300] {processor.py:186} INFO - Started process (PID=170226) to work on /home/nico/.local/lib/python3.10/site-packages/airflow/example_dags/example_skip_dag.py
[2024-11-01T01:05:34.079-0300] {processor.py:914} INFO - Processing file /home/nico/.local/lib/python3.10/site-packages/airflow/example_dags/example_skip_dag.py for tasks to queue
[2024-11-01T01:05:34.093-0300] {logging_mixin.py:190} INFO - [2024-11-01T01:05:34.092-0300] {dagbag.py:588} INFO - Filling up the DagBag from /home/nico/.local/lib/python3.10/site-packages/airflow/example_dags/example_skip_dag.py
[2024-11-01T01:05:34.158-0300] {processor.py:925} INFO - DAG(s) 'example_skip_dag' retrieved from /home/nico/.local/lib/python3.10/site-packages/airflow/example_dags/example_skip_dag.py
[2024-11-01T01:05:34.398-0300] {logging_mixin.py:190} INFO - [2024-11-01T01:05:34.397-0300] {dag.py:3239} INFO - Sync 1 DAGs
[2024-11-01T01:05:34.538-0300] {logging_mixin.py:190} INFO - [2024-11-01T01:05:34.538-0300] {dag.py:4180} INFO - Setting next_dagrun for example_skip_dag to 2024-10-31 00:00:00+00:00, run_after=2024-11-01 00:00:00+00:00
[2024-11-01T01:05:34.750-0300] {processor.py:208} INFO - Processing /home/nico/.local/lib/python3.10/site-packages/airflow/example_dags/example_skip_dag.py took 0.738 seconds
[2024-11-01T01:09:13.720-0300] {processor.py:186} INFO - Started process (PID=171192) to work on /home/nico/.local/lib/python3.10/site-packages/airflow/example_dags/example_skip_dag.py
[2024-11-01T01:09:13.743-0300] {processor.py:914} INFO - Processing file /home/nico/.local/lib/python3.10/site-packages/airflow/example_dags/example_skip_dag.py for tasks to queue
[2024-11-01T01:09:13.767-0300] {logging_mixin.py:190} INFO - [2024-11-01T01:09:13.766-0300] {dagbag.py:588} INFO - Filling up the DagBag from /home/nico/.local/lib/python3.10/site-packages/airflow/example_dags/example_skip_dag.py
[2024-11-01T01:09:13.839-0300] {processor.py:925} INFO - DAG(s) 'example_skip_dag' retrieved from /home/nico/.local/lib/python3.10/site-packages/airflow/example_dags/example_skip_dag.py
[2024-11-01T01:09:13.913-0300] {logging_mixin.py:190} INFO - [2024-11-01T01:09:13.912-0300] {dag.py:3239} INFO - Sync 1 DAGs
[2024-11-01T01:09:13.970-0300] {logging_mixin.py:190} INFO - [2024-11-01T01:09:13.969-0300] {dag.py:4180} INFO - Setting next_dagrun for example_skip_dag to 2024-10-31 00:00:00+00:00, run_after=2024-11-01 00:00:00+00:00
[2024-11-01T01:09:14.099-0300] {processor.py:208} INFO - Processing /home/nico/.local/lib/python3.10/site-packages/airflow/example_dags/example_skip_dag.py took 0.413 seconds
[2024-11-01T01:12:03.519-0300] {processor.py:186} INFO - Started process (PID=171895) to work on /home/nico/.local/lib/python3.10/site-packages/airflow/example_dags/example_skip_dag.py
[2024-11-01T01:12:03.551-0300] {processor.py:914} INFO - Processing file /home/nico/.local/lib/python3.10/site-packages/airflow/example_dags/example_skip_dag.py for tasks to queue
[2024-11-01T01:12:03.580-0300] {logging_mixin.py:190} INFO - [2024-11-01T01:12:03.579-0300] {dagbag.py:588} INFO - Filling up the DagBag from /home/nico/.local/lib/python3.10/site-packages/airflow/example_dags/example_skip_dag.py
[2024-11-01T01:12:03.644-0300] {processor.py:925} INFO - DAG(s) 'example_skip_dag' retrieved from /home/nico/.local/lib/python3.10/site-packages/airflow/example_dags/example_skip_dag.py
[2024-11-01T01:12:04.088-0300] {logging_mixin.py:190} INFO - [2024-11-01T01:12:04.087-0300] {dag.py:3239} INFO - Sync 1 DAGs
[2024-11-01T01:12:04.248-0300] {logging_mixin.py:190} INFO - [2024-11-01T01:12:04.248-0300] {dag.py:4180} INFO - Setting next_dagrun for example_skip_dag to 2024-10-31 00:00:00+00:00, run_after=2024-11-01 00:00:00+00:00
[2024-11-01T01:12:04.517-0300] {processor.py:208} INFO - Processing /home/nico/.local/lib/python3.10/site-packages/airflow/example_dags/example_skip_dag.py took 1.037 seconds
[2024-11-01T01:35:04.587-0300] {processor.py:186} INFO - Started process (PID=177526) to work on /home/nico/.local/lib/python3.10/site-packages/airflow/example_dags/example_skip_dag.py
[2024-11-01T01:35:04.590-0300] {processor.py:914} INFO - Processing file /home/nico/.local/lib/python3.10/site-packages/airflow/example_dags/example_skip_dag.py for tasks to queue
[2024-11-01T01:35:04.593-0300] {logging_mixin.py:190} INFO - [2024-11-01T01:35:04.592-0300] {dagbag.py:588} INFO - Filling up the DagBag from /home/nico/.local/lib/python3.10/site-packages/airflow/example_dags/example_skip_dag.py
[2024-11-01T01:35:04.613-0300] {processor.py:925} INFO - DAG(s) 'example_skip_dag' retrieved from /home/nico/.local/lib/python3.10/site-packages/airflow/example_dags/example_skip_dag.py
[2024-11-01T01:35:04.724-0300] {logging_mixin.py:190} INFO - [2024-11-01T01:35:04.723-0300] {dag.py:3239} INFO - Sync 1 DAGs
[2024-11-01T01:35:04.995-0300] {logging_mixin.py:190} INFO - [2024-11-01T01:35:04.995-0300] {dag.py:4180} INFO - Setting next_dagrun for example_skip_dag to 2024-10-31 00:00:00+00:00, run_after=2024-11-01 00:00:00+00:00
[2024-11-01T01:35:05.687-0300] {processor.py:208} INFO - Processing /home/nico/.local/lib/python3.10/site-packages/airflow/example_dags/example_skip_dag.py took 1.113 seconds
[2024-11-01T01:37:08.058-0300] {processor.py:186} INFO - Started process (PID=178053) to work on /home/nico/.local/lib/python3.10/site-packages/airflow/example_dags/example_skip_dag.py
[2024-11-01T01:37:08.061-0300] {processor.py:914} INFO - Processing file /home/nico/.local/lib/python3.10/site-packages/airflow/example_dags/example_skip_dag.py for tasks to queue
[2024-11-01T01:37:08.064-0300] {logging_mixin.py:190} INFO - [2024-11-01T01:37:08.063-0300] {dagbag.py:588} INFO - Filling up the DagBag from /home/nico/.local/lib/python3.10/site-packages/airflow/example_dags/example_skip_dag.py
[2024-11-01T01:37:08.084-0300] {processor.py:925} INFO - DAG(s) 'example_skip_dag' retrieved from /home/nico/.local/lib/python3.10/site-packages/airflow/example_dags/example_skip_dag.py
[2024-11-01T01:37:08.146-0300] {logging_mixin.py:190} INFO - [2024-11-01T01:37:08.145-0300] {dag.py:3239} INFO - Sync 1 DAGs
[2024-11-01T01:37:08.218-0300] {logging_mixin.py:190} INFO - [2024-11-01T01:37:08.218-0300] {dag.py:4180} INFO - Setting next_dagrun for example_skip_dag to 2024-10-31 00:00:00+00:00, run_after=2024-11-01 00:00:00+00:00
[2024-11-01T01:37:08.361-0300] {processor.py:208} INFO - Processing /home/nico/.local/lib/python3.10/site-packages/airflow/example_dags/example_skip_dag.py took 0.327 seconds
[2024-11-01T01:40:10.573-0300] {processor.py:186} INFO - Started process (PID=178832) to work on /home/nico/.local/lib/python3.10/site-packages/airflow/example_dags/example_skip_dag.py
[2024-11-01T01:40:10.578-0300] {processor.py:914} INFO - Processing file /home/nico/.local/lib/python3.10/site-packages/airflow/example_dags/example_skip_dag.py for tasks to queue
[2024-11-01T01:40:10.592-0300] {logging_mixin.py:190} INFO - [2024-11-01T01:40:10.591-0300] {dagbag.py:588} INFO - Filling up the DagBag from /home/nico/.local/lib/python3.10/site-packages/airflow/example_dags/example_skip_dag.py
[2024-11-01T01:40:10.672-0300] {processor.py:925} INFO - DAG(s) 'example_skip_dag' retrieved from /home/nico/.local/lib/python3.10/site-packages/airflow/example_dags/example_skip_dag.py
[2024-11-01T01:40:10.880-0300] {logging_mixin.py:190} INFO - [2024-11-01T01:40:10.879-0300] {dag.py:3239} INFO - Sync 1 DAGs
[2024-11-01T01:40:11.002-0300] {logging_mixin.py:190} INFO - [2024-11-01T01:40:11.001-0300] {dag.py:4180} INFO - Setting next_dagrun for example_skip_dag to 2024-10-31 00:00:00+00:00, run_after=2024-11-01 00:00:00+00:00
[2024-11-01T01:40:11.180-0300] {processor.py:208} INFO - Processing /home/nico/.local/lib/python3.10/site-packages/airflow/example_dags/example_skip_dag.py took 0.656 seconds
[2024-11-01T01:43:15.397-0300] {processor.py:186} INFO - Started process (PID=179621) to work on /home/nico/.local/lib/python3.10/site-packages/airflow/example_dags/example_skip_dag.py
[2024-11-01T01:43:15.400-0300] {processor.py:914} INFO - Processing file /home/nico/.local/lib/python3.10/site-packages/airflow/example_dags/example_skip_dag.py for tasks to queue
[2024-11-01T01:43:15.406-0300] {logging_mixin.py:190} INFO - [2024-11-01T01:43:15.404-0300] {dagbag.py:588} INFO - Filling up the DagBag from /home/nico/.local/lib/python3.10/site-packages/airflow/example_dags/example_skip_dag.py
[2024-11-01T01:43:15.427-0300] {processor.py:925} INFO - DAG(s) 'example_skip_dag' retrieved from /home/nico/.local/lib/python3.10/site-packages/airflow/example_dags/example_skip_dag.py
[2024-11-01T01:43:15.507-0300] {logging_mixin.py:190} INFO - [2024-11-01T01:43:15.507-0300] {dag.py:3239} INFO - Sync 1 DAGs
[2024-11-01T01:43:15.585-0300] {logging_mixin.py:190} INFO - [2024-11-01T01:43:15.584-0300] {dag.py:4180} INFO - Setting next_dagrun for example_skip_dag to 2024-10-31 00:00:00+00:00, run_after=2024-11-01 00:00:00+00:00
[2024-11-01T01:43:15.739-0300] {processor.py:208} INFO - Processing /home/nico/.local/lib/python3.10/site-packages/airflow/example_dags/example_skip_dag.py took 0.359 seconds
[2024-11-01T01:44:57.044-0300] {processor.py:186} INFO - Started process (PID=180054) to work on /home/nico/.local/lib/python3.10/site-packages/airflow/example_dags/example_skip_dag.py
[2024-11-01T01:44:57.054-0300] {processor.py:914} INFO - Processing file /home/nico/.local/lib/python3.10/site-packages/airflow/example_dags/example_skip_dag.py for tasks to queue
[2024-11-01T01:44:57.060-0300] {logging_mixin.py:190} INFO - [2024-11-01T01:44:57.058-0300] {dagbag.py:588} INFO - Filling up the DagBag from /home/nico/.local/lib/python3.10/site-packages/airflow/example_dags/example_skip_dag.py
[2024-11-01T01:44:57.097-0300] {processor.py:925} INFO - DAG(s) 'example_skip_dag' retrieved from /home/nico/.local/lib/python3.10/site-packages/airflow/example_dags/example_skip_dag.py
[2024-11-01T01:44:57.189-0300] {logging_mixin.py:190} INFO - [2024-11-01T01:44:57.188-0300] {dag.py:3239} INFO - Sync 1 DAGs
[2024-11-01T01:44:57.265-0300] {logging_mixin.py:190} INFO - [2024-11-01T01:44:57.265-0300] {dag.py:4180} INFO - Setting next_dagrun for example_skip_dag to 2024-10-31 00:00:00+00:00, run_after=2024-11-01 00:00:00+00:00
[2024-11-01T01:44:57.390-0300] {processor.py:208} INFO - Processing /home/nico/.local/lib/python3.10/site-packages/airflow/example_dags/example_skip_dag.py took 0.390 seconds
[2024-11-01T01:46:48.155-0300] {processor.py:186} INFO - Started process (PID=180524) to work on /home/nico/.local/lib/python3.10/site-packages/airflow/example_dags/example_skip_dag.py
[2024-11-01T01:46:48.163-0300] {processor.py:914} INFO - Processing file /home/nico/.local/lib/python3.10/site-packages/airflow/example_dags/example_skip_dag.py for tasks to queue
[2024-11-01T01:46:48.172-0300] {logging_mixin.py:190} INFO - [2024-11-01T01:46:48.170-0300] {dagbag.py:588} INFO - Filling up the DagBag from /home/nico/.local/lib/python3.10/site-packages/airflow/example_dags/example_skip_dag.py
[2024-11-01T01:46:48.207-0300] {processor.py:925} INFO - DAG(s) 'example_skip_dag' retrieved from /home/nico/.local/lib/python3.10/site-packages/airflow/example_dags/example_skip_dag.py
[2024-11-01T01:46:48.355-0300] {logging_mixin.py:190} INFO - [2024-11-01T01:46:48.354-0300] {dag.py:3239} INFO - Sync 1 DAGs
[2024-11-01T01:46:48.485-0300] {logging_mixin.py:190} INFO - [2024-11-01T01:46:48.485-0300] {dag.py:4180} INFO - Setting next_dagrun for example_skip_dag to 2024-10-31 00:00:00+00:00, run_after=2024-11-01 00:00:00+00:00
[2024-11-01T01:46:48.620-0300] {processor.py:208} INFO - Processing /home/nico/.local/lib/python3.10/site-packages/airflow/example_dags/example_skip_dag.py took 0.497 seconds
[2024-11-01T01:50:30.956-0300] {processor.py:186} INFO - Started process (PID=181458) to work on /home/nico/.local/lib/python3.10/site-packages/airflow/example_dags/example_skip_dag.py
[2024-11-01T01:50:30.959-0300] {processor.py:914} INFO - Processing file /home/nico/.local/lib/python3.10/site-packages/airflow/example_dags/example_skip_dag.py for tasks to queue
[2024-11-01T01:50:30.963-0300] {logging_mixin.py:190} INFO - [2024-11-01T01:50:30.962-0300] {dagbag.py:588} INFO - Filling up the DagBag from /home/nico/.local/lib/python3.10/site-packages/airflow/example_dags/example_skip_dag.py
[2024-11-01T01:50:30.980-0300] {processor.py:925} INFO - DAG(s) 'example_skip_dag' retrieved from /home/nico/.local/lib/python3.10/site-packages/airflow/example_dags/example_skip_dag.py
[2024-11-01T01:50:31.064-0300] {logging_mixin.py:190} INFO - [2024-11-01T01:50:31.063-0300] {dag.py:3239} INFO - Sync 1 DAGs
[2024-11-01T01:50:31.126-0300] {logging_mixin.py:190} INFO - [2024-11-01T01:50:31.125-0300] {dag.py:4180} INFO - Setting next_dagrun for example_skip_dag to 2024-10-31 00:00:00+00:00, run_after=2024-11-01 00:00:00+00:00
[2024-11-01T01:50:31.249-0300] {processor.py:208} INFO - Processing /home/nico/.local/lib/python3.10/site-packages/airflow/example_dags/example_skip_dag.py took 0.312 seconds
[2024-11-01T01:52:06.985-0300] {processor.py:186} INFO - Started process (PID=181870) to work on /home/nico/.local/lib/python3.10/site-packages/airflow/example_dags/example_skip_dag.py
[2024-11-01T01:52:06.989-0300] {processor.py:914} INFO - Processing file /home/nico/.local/lib/python3.10/site-packages/airflow/example_dags/example_skip_dag.py for tasks to queue
[2024-11-01T01:52:06.994-0300] {logging_mixin.py:190} INFO - [2024-11-01T01:52:06.993-0300] {dagbag.py:588} INFO - Filling up the DagBag from /home/nico/.local/lib/python3.10/site-packages/airflow/example_dags/example_skip_dag.py
[2024-11-01T01:52:07.012-0300] {processor.py:925} INFO - DAG(s) 'example_skip_dag' retrieved from /home/nico/.local/lib/python3.10/site-packages/airflow/example_dags/example_skip_dag.py
[2024-11-01T01:52:07.077-0300] {logging_mixin.py:190} INFO - [2024-11-01T01:52:07.077-0300] {dag.py:3239} INFO - Sync 1 DAGs
[2024-11-01T01:52:07.144-0300] {logging_mixin.py:190} INFO - [2024-11-01T01:52:07.143-0300] {dag.py:4180} INFO - Setting next_dagrun for example_skip_dag to 2024-10-31 00:00:00+00:00, run_after=2024-11-01 00:00:00+00:00
[2024-11-01T01:52:07.704-0300] {processor.py:208} INFO - Processing /home/nico/.local/lib/python3.10/site-packages/airflow/example_dags/example_skip_dag.py took 0.733 seconds
[2024-11-01T01:53:59.248-0300] {processor.py:186} INFO - Started process (PID=182341) to work on /home/nico/.local/lib/python3.10/site-packages/airflow/example_dags/example_skip_dag.py
[2024-11-01T01:53:59.255-0300] {processor.py:914} INFO - Processing file /home/nico/.local/lib/python3.10/site-packages/airflow/example_dags/example_skip_dag.py for tasks to queue
[2024-11-01T01:53:59.268-0300] {logging_mixin.py:190} INFO - [2024-11-01T01:53:59.267-0300] {dagbag.py:588} INFO - Filling up the DagBag from /home/nico/.local/lib/python3.10/site-packages/airflow/example_dags/example_skip_dag.py
[2024-11-01T01:53:59.328-0300] {processor.py:925} INFO - DAG(s) 'example_skip_dag' retrieved from /home/nico/.local/lib/python3.10/site-packages/airflow/example_dags/example_skip_dag.py
[2024-11-01T01:53:59.822-0300] {logging_mixin.py:190} INFO - [2024-11-01T01:53:59.821-0300] {dag.py:3239} INFO - Sync 1 DAGs
[2024-11-01T01:53:59.979-0300] {logging_mixin.py:190} INFO - [2024-11-01T01:53:59.978-0300] {dag.py:4180} INFO - Setting next_dagrun for example_skip_dag to 2024-10-31 00:00:00+00:00, run_after=2024-11-01 00:00:00+00:00
[2024-11-01T01:54:00.162-0300] {processor.py:208} INFO - Processing /home/nico/.local/lib/python3.10/site-packages/airflow/example_dags/example_skip_dag.py took 0.959 seconds
[2024-11-01T01:56:27.333-0300] {processor.py:186} INFO - Started process (PID=182948) to work on /home/nico/.local/lib/python3.10/site-packages/airflow/example_dags/example_skip_dag.py
[2024-11-01T01:56:27.336-0300] {processor.py:914} INFO - Processing file /home/nico/.local/lib/python3.10/site-packages/airflow/example_dags/example_skip_dag.py for tasks to queue
[2024-11-01T01:56:27.351-0300] {logging_mixin.py:190} INFO - [2024-11-01T01:56:27.349-0300] {dagbag.py:588} INFO - Filling up the DagBag from /home/nico/.local/lib/python3.10/site-packages/airflow/example_dags/example_skip_dag.py
[2024-11-01T01:56:27.380-0300] {processor.py:925} INFO - DAG(s) 'example_skip_dag' retrieved from /home/nico/.local/lib/python3.10/site-packages/airflow/example_dags/example_skip_dag.py
[2024-11-01T01:56:27.511-0300] {logging_mixin.py:190} INFO - [2024-11-01T01:56:27.510-0300] {dag.py:3239} INFO - Sync 1 DAGs
[2024-11-01T01:56:27.711-0300] {logging_mixin.py:190} INFO - [2024-11-01T01:56:27.710-0300] {dag.py:4180} INFO - Setting next_dagrun for example_skip_dag to 2024-10-31 00:00:00+00:00, run_after=2024-11-01 00:00:00+00:00
[2024-11-01T01:56:27.943-0300] {processor.py:208} INFO - Processing /home/nico/.local/lib/python3.10/site-packages/airflow/example_dags/example_skip_dag.py took 0.665 seconds
[2024-11-01T01:59:24.013-0300] {processor.py:186} INFO - Started process (PID=183670) to work on /home/nico/.local/lib/python3.10/site-packages/airflow/example_dags/example_skip_dag.py
[2024-11-01T01:59:24.030-0300] {processor.py:914} INFO - Processing file /home/nico/.local/lib/python3.10/site-packages/airflow/example_dags/example_skip_dag.py for tasks to queue
[2024-11-01T01:59:24.035-0300] {logging_mixin.py:190} INFO - [2024-11-01T01:59:24.034-0300] {dagbag.py:588} INFO - Filling up the DagBag from /home/nico/.local/lib/python3.10/site-packages/airflow/example_dags/example_skip_dag.py
[2024-11-01T01:59:24.099-0300] {processor.py:925} INFO - DAG(s) 'example_skip_dag' retrieved from /home/nico/.local/lib/python3.10/site-packages/airflow/example_dags/example_skip_dag.py
[2024-11-01T01:59:24.434-0300] {logging_mixin.py:190} INFO - [2024-11-01T01:59:24.433-0300] {dag.py:3239} INFO - Sync 1 DAGs
[2024-11-01T01:59:24.593-0300] {logging_mixin.py:190} INFO - [2024-11-01T01:59:24.592-0300] {dag.py:4180} INFO - Setting next_dagrun for example_skip_dag to 2024-10-31 00:00:00+00:00, run_after=2024-11-01 00:00:00+00:00
[2024-11-01T01:59:24.795-0300] {processor.py:208} INFO - Processing /home/nico/.local/lib/python3.10/site-packages/airflow/example_dags/example_skip_dag.py took 0.805 seconds
[2024-11-01T02:01:19.375-0300] {processor.py:186} INFO - Started process (PID=184157) to work on /home/nico/.local/lib/python3.10/site-packages/airflow/example_dags/example_skip_dag.py
[2024-11-01T02:01:19.379-0300] {processor.py:914} INFO - Processing file /home/nico/.local/lib/python3.10/site-packages/airflow/example_dags/example_skip_dag.py for tasks to queue
[2024-11-01T02:01:19.387-0300] {logging_mixin.py:190} INFO - [2024-11-01T02:01:19.386-0300] {dagbag.py:588} INFO - Filling up the DagBag from /home/nico/.local/lib/python3.10/site-packages/airflow/example_dags/example_skip_dag.py
[2024-11-01T02:01:19.435-0300] {processor.py:925} INFO - DAG(s) 'example_skip_dag' retrieved from /home/nico/.local/lib/python3.10/site-packages/airflow/example_dags/example_skip_dag.py
[2024-11-01T02:01:19.542-0300] {logging_mixin.py:190} INFO - [2024-11-01T02:01:19.542-0300] {dag.py:3239} INFO - Sync 1 DAGs
[2024-11-01T02:01:19.639-0300] {logging_mixin.py:190} INFO - [2024-11-01T02:01:19.638-0300] {dag.py:4180} INFO - Setting next_dagrun for example_skip_dag to 2024-10-31 00:00:00+00:00, run_after=2024-11-01 00:00:00+00:00
[2024-11-01T02:01:19.897-0300] {processor.py:208} INFO - Processing /home/nico/.local/lib/python3.10/site-packages/airflow/example_dags/example_skip_dag.py took 0.549 seconds
[2024-11-01T02:09:49.286-0300] {processor.py:186} INFO - Started process (PID=186268) to work on /home/nico/.local/lib/python3.10/site-packages/airflow/example_dags/example_skip_dag.py
[2024-11-01T02:09:49.289-0300] {processor.py:914} INFO - Processing file /home/nico/.local/lib/python3.10/site-packages/airflow/example_dags/example_skip_dag.py for tasks to queue
[2024-11-01T02:09:49.294-0300] {logging_mixin.py:190} INFO - [2024-11-01T02:09:49.293-0300] {dagbag.py:588} INFO - Filling up the DagBag from /home/nico/.local/lib/python3.10/site-packages/airflow/example_dags/example_skip_dag.py
[2024-11-01T02:09:49.323-0300] {processor.py:925} INFO - DAG(s) 'example_skip_dag' retrieved from /home/nico/.local/lib/python3.10/site-packages/airflow/example_dags/example_skip_dag.py
[2024-11-01T02:09:49.397-0300] {logging_mixin.py:190} INFO - [2024-11-01T02:09:49.397-0300] {dag.py:3239} INFO - Sync 1 DAGs
[2024-11-01T02:09:49.460-0300] {logging_mixin.py:190} INFO - [2024-11-01T02:09:49.459-0300] {dag.py:4180} INFO - Setting next_dagrun for example_skip_dag to 2024-10-31 00:00:00+00:00, run_after=2024-11-01 00:00:00+00:00
[2024-11-01T02:09:49.585-0300] {processor.py:208} INFO - Processing /home/nico/.local/lib/python3.10/site-packages/airflow/example_dags/example_skip_dag.py took 0.334 seconds
[2024-11-01T02:11:57.181-0300] {processor.py:186} INFO - Started process (PID=186813) to work on /home/nico/.local/lib/python3.10/site-packages/airflow/example_dags/example_skip_dag.py
[2024-11-01T02:11:57.191-0300] {processor.py:914} INFO - Processing file /home/nico/.local/lib/python3.10/site-packages/airflow/example_dags/example_skip_dag.py for tasks to queue
[2024-11-01T02:11:57.196-0300] {logging_mixin.py:190} INFO - [2024-11-01T02:11:57.195-0300] {dagbag.py:588} INFO - Filling up the DagBag from /home/nico/.local/lib/python3.10/site-packages/airflow/example_dags/example_skip_dag.py
[2024-11-01T02:11:57.225-0300] {processor.py:925} INFO - DAG(s) 'example_skip_dag' retrieved from /home/nico/.local/lib/python3.10/site-packages/airflow/example_dags/example_skip_dag.py
[2024-11-01T02:11:57.306-0300] {logging_mixin.py:190} INFO - [2024-11-01T02:11:57.306-0300] {dag.py:3239} INFO - Sync 1 DAGs
[2024-11-01T02:11:57.371-0300] {logging_mixin.py:190} INFO - [2024-11-01T02:11:57.371-0300] {dag.py:4180} INFO - Setting next_dagrun for example_skip_dag to 2024-10-31 00:00:00+00:00, run_after=2024-11-01 00:00:00+00:00
[2024-11-01T02:11:57.528-0300] {processor.py:208} INFO - Processing /home/nico/.local/lib/python3.10/site-packages/airflow/example_dags/example_skip_dag.py took 0.389 seconds
[2024-11-01T02:18:36.699-0300] {processor.py:186} INFO - Started process (PID=188489) to work on /home/nico/.local/lib/python3.10/site-packages/airflow/example_dags/example_skip_dag.py
[2024-11-01T02:18:36.702-0300] {processor.py:914} INFO - Processing file /home/nico/.local/lib/python3.10/site-packages/airflow/example_dags/example_skip_dag.py for tasks to queue
[2024-11-01T02:18:36.705-0300] {logging_mixin.py:190} INFO - [2024-11-01T02:18:36.704-0300] {dagbag.py:588} INFO - Filling up the DagBag from /home/nico/.local/lib/python3.10/site-packages/airflow/example_dags/example_skip_dag.py
[2024-11-01T02:18:36.726-0300] {processor.py:925} INFO - DAG(s) 'example_skip_dag' retrieved from /home/nico/.local/lib/python3.10/site-packages/airflow/example_dags/example_skip_dag.py
[2024-11-01T02:18:36.783-0300] {logging_mixin.py:190} INFO - [2024-11-01T02:18:36.783-0300] {dag.py:3239} INFO - Sync 1 DAGs
[2024-11-01T02:18:36.842-0300] {logging_mixin.py:190} INFO - [2024-11-01T02:18:36.842-0300] {dag.py:4180} INFO - Setting next_dagrun for example_skip_dag to 2024-10-31 00:00:00+00:00, run_after=2024-11-01 00:00:00+00:00
[2024-11-01T02:18:36.986-0300] {processor.py:208} INFO - Processing /home/nico/.local/lib/python3.10/site-packages/airflow/example_dags/example_skip_dag.py took 0.307 seconds
[2024-11-01T02:23:30.026-0300] {processor.py:186} INFO - Started process (PID=189692) to work on /home/nico/.local/lib/python3.10/site-packages/airflow/example_dags/example_skip_dag.py
[2024-11-01T02:23:30.030-0300] {processor.py:914} INFO - Processing file /home/nico/.local/lib/python3.10/site-packages/airflow/example_dags/example_skip_dag.py for tasks to queue
[2024-11-01T02:23:30.036-0300] {logging_mixin.py:190} INFO - [2024-11-01T02:23:30.034-0300] {dagbag.py:588} INFO - Filling up the DagBag from /home/nico/.local/lib/python3.10/site-packages/airflow/example_dags/example_skip_dag.py
[2024-11-01T02:23:30.067-0300] {processor.py:925} INFO - DAG(s) 'example_skip_dag' retrieved from /home/nico/.local/lib/python3.10/site-packages/airflow/example_dags/example_skip_dag.py
[2024-11-01T02:23:30.161-0300] {logging_mixin.py:190} INFO - [2024-11-01T02:23:30.160-0300] {dag.py:3239} INFO - Sync 1 DAGs
[2024-11-01T02:23:30.247-0300] {logging_mixin.py:190} INFO - [2024-11-01T02:23:30.246-0300] {dag.py:4180} INFO - Setting next_dagrun for example_skip_dag to 2024-10-31 00:00:00+00:00, run_after=2024-11-01 00:00:00+00:00
[2024-11-01T02:23:30.747-0300] {processor.py:208} INFO - Processing /home/nico/.local/lib/python3.10/site-packages/airflow/example_dags/example_skip_dag.py took 0.746 seconds
[2024-11-01T02:25:44.989-0300] {processor.py:186} INFO - Started process (PID=190252) to work on /home/nico/.local/lib/python3.10/site-packages/airflow/example_dags/example_skip_dag.py
[2024-11-01T02:25:44.993-0300] {processor.py:914} INFO - Processing file /home/nico/.local/lib/python3.10/site-packages/airflow/example_dags/example_skip_dag.py for tasks to queue
[2024-11-01T02:25:45.006-0300] {logging_mixin.py:190} INFO - [2024-11-01T02:25:45.005-0300] {dagbag.py:588} INFO - Filling up the DagBag from /home/nico/.local/lib/python3.10/site-packages/airflow/example_dags/example_skip_dag.py
[2024-11-01T02:25:45.054-0300] {processor.py:925} INFO - DAG(s) 'example_skip_dag' retrieved from /home/nico/.local/lib/python3.10/site-packages/airflow/example_dags/example_skip_dag.py
[2024-11-01T02:25:45.136-0300] {logging_mixin.py:190} INFO - [2024-11-01T02:25:45.136-0300] {dag.py:3239} INFO - Sync 1 DAGs
[2024-11-01T02:25:45.213-0300] {logging_mixin.py:190} INFO - [2024-11-01T02:25:45.213-0300] {dag.py:4180} INFO - Setting next_dagrun for example_skip_dag to 2024-10-31 00:00:00+00:00, run_after=2024-11-01 00:00:00+00:00
[2024-11-01T02:25:45.342-0300] {processor.py:208} INFO - Processing /home/nico/.local/lib/python3.10/site-packages/airflow/example_dags/example_skip_dag.py took 0.371 seconds
[2024-11-01T02:33:23.491-0300] {processor.py:186} INFO - Started process (PID=192152) to work on /home/nico/.local/lib/python3.10/site-packages/airflow/example_dags/example_skip_dag.py
[2024-11-01T02:33:23.494-0300] {processor.py:914} INFO - Processing file /home/nico/.local/lib/python3.10/site-packages/airflow/example_dags/example_skip_dag.py for tasks to queue
[2024-11-01T02:33:23.497-0300] {logging_mixin.py:190} INFO - [2024-11-01T02:33:23.496-0300] {dagbag.py:588} INFO - Filling up the DagBag from /home/nico/.local/lib/python3.10/site-packages/airflow/example_dags/example_skip_dag.py
[2024-11-01T02:33:23.515-0300] {processor.py:925} INFO - DAG(s) 'example_skip_dag' retrieved from /home/nico/.local/lib/python3.10/site-packages/airflow/example_dags/example_skip_dag.py
[2024-11-01T02:33:23.590-0300] {logging_mixin.py:190} INFO - [2024-11-01T02:33:23.590-0300] {dag.py:3239} INFO - Sync 1 DAGs
[2024-11-01T02:33:24.418-0300] {logging_mixin.py:190} INFO - [2024-11-01T02:33:24.417-0300] {dag.py:4180} INFO - Setting next_dagrun for example_skip_dag to 2024-10-31 00:00:00+00:00, run_after=2024-11-01 00:00:00+00:00
[2024-11-01T02:33:24.618-0300] {processor.py:208} INFO - Processing /home/nico/.local/lib/python3.10/site-packages/airflow/example_dags/example_skip_dag.py took 1.140 seconds
[2024-11-01T02:36:07.713-0300] {processor.py:186} INFO - Started process (PID=192836) to work on /home/nico/.local/lib/python3.10/site-packages/airflow/example_dags/example_skip_dag.py
[2024-11-01T02:36:07.717-0300] {processor.py:914} INFO - Processing file /home/nico/.local/lib/python3.10/site-packages/airflow/example_dags/example_skip_dag.py for tasks to queue
[2024-11-01T02:36:07.723-0300] {logging_mixin.py:190} INFO - [2024-11-01T02:36:07.721-0300] {dagbag.py:588} INFO - Filling up the DagBag from /home/nico/.local/lib/python3.10/site-packages/airflow/example_dags/example_skip_dag.py
[2024-11-01T02:36:07.747-0300] {processor.py:925} INFO - DAG(s) 'example_skip_dag' retrieved from /home/nico/.local/lib/python3.10/site-packages/airflow/example_dags/example_skip_dag.py
[2024-11-01T02:36:07.815-0300] {logging_mixin.py:190} INFO - [2024-11-01T02:36:07.815-0300] {dag.py:3239} INFO - Sync 1 DAGs
[2024-11-01T02:36:07.924-0300] {logging_mixin.py:190} INFO - [2024-11-01T02:36:07.923-0300] {dag.py:4180} INFO - Setting next_dagrun for example_skip_dag to 2024-10-31 00:00:00+00:00, run_after=2024-11-01 00:00:00+00:00
[2024-11-01T02:36:08.521-0300] {processor.py:208} INFO - Processing /home/nico/.local/lib/python3.10/site-packages/airflow/example_dags/example_skip_dag.py took 0.848 seconds
[2024-11-01T02:38:40.892-0300] {processor.py:186} INFO - Started process (PID=193466) to work on /home/nico/.local/lib/python3.10/site-packages/airflow/example_dags/example_skip_dag.py
[2024-11-01T02:38:40.894-0300] {processor.py:914} INFO - Processing file /home/nico/.local/lib/python3.10/site-packages/airflow/example_dags/example_skip_dag.py for tasks to queue
[2024-11-01T02:38:40.898-0300] {logging_mixin.py:190} INFO - [2024-11-01T02:38:40.897-0300] {dagbag.py:588} INFO - Filling up the DagBag from /home/nico/.local/lib/python3.10/site-packages/airflow/example_dags/example_skip_dag.py
[2024-11-01T02:38:40.915-0300] {processor.py:925} INFO - DAG(s) 'example_skip_dag' retrieved from /home/nico/.local/lib/python3.10/site-packages/airflow/example_dags/example_skip_dag.py
[2024-11-01T02:38:40.974-0300] {logging_mixin.py:190} INFO - [2024-11-01T02:38:40.974-0300] {dag.py:3239} INFO - Sync 1 DAGs
[2024-11-01T02:38:41.027-0300] {logging_mixin.py:190} INFO - [2024-11-01T02:38:41.027-0300] {dag.py:4180} INFO - Setting next_dagrun for example_skip_dag to 2024-10-31 00:00:00+00:00, run_after=2024-11-01 00:00:00+00:00
[2024-11-01T02:38:41.189-0300] {processor.py:208} INFO - Processing /home/nico/.local/lib/python3.10/site-packages/airflow/example_dags/example_skip_dag.py took 0.317 seconds
[2024-11-01T02:47:44.885-0300] {processor.py:186} INFO - Started process (PID=195784) to work on /home/nico/.local/lib/python3.10/site-packages/airflow/example_dags/example_skip_dag.py
[2024-11-01T02:47:44.932-0300] {processor.py:914} INFO - Processing file /home/nico/.local/lib/python3.10/site-packages/airflow/example_dags/example_skip_dag.py for tasks to queue
[2024-11-01T02:47:44.949-0300] {logging_mixin.py:190} INFO - [2024-11-01T02:47:44.948-0300] {dagbag.py:588} INFO - Filling up the DagBag from /home/nico/.local/lib/python3.10/site-packages/airflow/example_dags/example_skip_dag.py
[2024-11-01T02:47:45.731-0300] {processor.py:925} INFO - DAG(s) 'example_skip_dag' retrieved from /home/nico/.local/lib/python3.10/site-packages/airflow/example_dags/example_skip_dag.py
[2024-11-01T02:47:45.802-0300] {logging_mixin.py:190} INFO - [2024-11-01T02:47:45.802-0300] {dag.py:3239} INFO - Sync 1 DAGs
[2024-11-01T02:47:45.878-0300] {logging_mixin.py:190} INFO - [2024-11-01T02:47:45.877-0300] {dag.py:4180} INFO - Setting next_dagrun for example_skip_dag to 2024-10-31 00:00:00+00:00, run_after=2024-11-01 00:00:00+00:00
[2024-11-01T02:47:46.007-0300] {processor.py:208} INFO - Processing /home/nico/.local/lib/python3.10/site-packages/airflow/example_dags/example_skip_dag.py took 1.148 seconds
