[2024-10-31T21:01:30.405-0300] {processor.py:186} INFO - Started process (PID=149874) to work on /home/nico/.local/lib/python3.10/site-packages/airflow/example_dags/example_latest_only_with_trigger.py
[2024-10-31T21:01:30.421-0300] {processor.py:914} INFO - Processing file /home/nico/.local/lib/python3.10/site-packages/airflow/example_dags/example_latest_only_with_trigger.py for tasks to queue
[2024-10-31T21:01:30.431-0300] {logging_mixin.py:190} INFO - [2024-10-31T21:01:30.426-0300] {dagbag.py:588} INFO - Filling up the DagBag from /home/nico/.local/lib/python3.10/site-packages/airflow/example_dags/example_latest_only_with_trigger.py
[2024-10-31T21:01:30.460-0300] {processor.py:925} INFO - DAG(s) 'latest_only_with_trigger' retrieved from /home/nico/.local/lib/python3.10/site-packages/airflow/example_dags/example_latest_only_with_trigger.py
[2024-10-31T21:01:30.571-0300] {logging_mixin.py:190} INFO - [2024-10-31T21:01:30.570-0300] {dag.py:3239} INFO - Sync 1 DAGs
[2024-10-31T21:01:30.803-0300] {logging_mixin.py:190} INFO - [2024-10-31T21:01:30.802-0300] {dag.py:4180} INFO - Setting next_dagrun for latest_only_with_trigger to 2024-10-31 20:00:00+00:00, run_after=2024-11-01 00:00:00+00:00
[2024-10-31T21:01:31.107-0300] {processor.py:208} INFO - Processing /home/nico/.local/lib/python3.10/site-packages/airflow/example_dags/example_latest_only_with_trigger.py took 0.735 seconds
[2024-10-31T21:03:51.048-0300] {processor.py:186} INFO - Started process (PID=150490) to work on /home/nico/.local/lib/python3.10/site-packages/airflow/example_dags/example_latest_only_with_trigger.py
[2024-10-31T21:03:51.051-0300] {processor.py:914} INFO - Processing file /home/nico/.local/lib/python3.10/site-packages/airflow/example_dags/example_latest_only_with_trigger.py for tasks to queue
[2024-10-31T21:03:51.057-0300] {logging_mixin.py:190} INFO - [2024-10-31T21:03:51.056-0300] {dagbag.py:588} INFO - Filling up the DagBag from /home/nico/.local/lib/python3.10/site-packages/airflow/example_dags/example_latest_only_with_trigger.py
[2024-10-31T21:03:51.096-0300] {processor.py:925} INFO - DAG(s) 'latest_only_with_trigger' retrieved from /home/nico/.local/lib/python3.10/site-packages/airflow/example_dags/example_latest_only_with_trigger.py
[2024-10-31T21:03:51.242-0300] {logging_mixin.py:190} INFO - [2024-10-31T21:03:51.242-0300] {dag.py:3239} INFO - Sync 1 DAGs
[2024-10-31T21:03:51.363-0300] {logging_mixin.py:190} INFO - [2024-10-31T21:03:51.362-0300] {dag.py:4180} INFO - Setting next_dagrun for latest_only_with_trigger to 2024-10-31 20:00:00+00:00, run_after=2024-11-01 00:00:00+00:00
[2024-10-31T21:03:51.559-0300] {processor.py:208} INFO - Processing /home/nico/.local/lib/python3.10/site-packages/airflow/example_dags/example_latest_only_with_trigger.py took 0.531 seconds
[2024-10-31T23:52:48.503-0300] {processor.py:186} INFO - Started process (PID=151777) to work on /home/nico/.local/lib/python3.10/site-packages/airflow/example_dags/example_latest_only_with_trigger.py
[2024-10-31T23:52:48.508-0300] {processor.py:914} INFO - Processing file /home/nico/.local/lib/python3.10/site-packages/airflow/example_dags/example_latest_only_with_trigger.py for tasks to queue
[2024-10-31T23:52:48.515-0300] {logging_mixin.py:190} INFO - [2024-10-31T23:52:48.514-0300] {dagbag.py:588} INFO - Filling up the DagBag from /home/nico/.local/lib/python3.10/site-packages/airflow/example_dags/example_latest_only_with_trigger.py
[2024-10-31T23:52:48.539-0300] {processor.py:925} INFO - DAG(s) 'latest_only_with_trigger' retrieved from /home/nico/.local/lib/python3.10/site-packages/airflow/example_dags/example_latest_only_with_trigger.py
[2024-10-31T23:52:48.602-0300] {logging_mixin.py:190} INFO - [2024-10-31T23:52:48.602-0300] {dag.py:3239} INFO - Sync 1 DAGs
[2024-10-31T23:52:48.671-0300] {logging_mixin.py:190} INFO - [2024-10-31T23:52:48.671-0300] {dag.py:4180} INFO - Setting next_dagrun for latest_only_with_trigger to 2024-10-31 20:00:00+00:00, run_after=2024-11-01 00:00:00+00:00
[2024-10-31T23:52:48.806-0300] {processor.py:208} INFO - Processing /home/nico/.local/lib/python3.10/site-packages/airflow/example_dags/example_latest_only_with_trigger.py took 0.321 seconds
[2024-11-01T00:01:11.585-0300] {processor.py:186} INFO - Started process (PID=153909) to work on /home/nico/.local/lib/python3.10/site-packages/airflow/example_dags/example_latest_only_with_trigger.py
[2024-11-01T00:01:11.588-0300] {processor.py:914} INFO - Processing file /home/nico/.local/lib/python3.10/site-packages/airflow/example_dags/example_latest_only_with_trigger.py for tasks to queue
[2024-11-01T00:01:11.591-0300] {logging_mixin.py:190} INFO - [2024-11-01T00:01:11.590-0300] {dagbag.py:588} INFO - Filling up the DagBag from /home/nico/.local/lib/python3.10/site-packages/airflow/example_dags/example_latest_only_with_trigger.py
[2024-11-01T00:01:11.609-0300] {processor.py:925} INFO - DAG(s) 'latest_only_with_trigger' retrieved from /home/nico/.local/lib/python3.10/site-packages/airflow/example_dags/example_latest_only_with_trigger.py
[2024-11-01T00:01:11.695-0300] {logging_mixin.py:190} INFO - [2024-11-01T00:01:11.694-0300] {dag.py:3239} INFO - Sync 1 DAGs
[2024-11-01T00:01:11.807-0300] {logging_mixin.py:190} INFO - [2024-11-01T00:01:11.806-0300] {dag.py:4180} INFO - Setting next_dagrun for latest_only_with_trigger to 2024-10-31 20:00:00+00:00, run_after=2024-11-01 00:00:00+00:00
[2024-11-01T00:01:11.946-0300] {processor.py:208} INFO - Processing /home/nico/.local/lib/python3.10/site-packages/airflow/example_dags/example_latest_only_with_trigger.py took 0.393 seconds
[2024-11-01T00:03:56.813-0300] {processor.py:186} INFO - Started process (PID=154603) to work on /home/nico/.local/lib/python3.10/site-packages/airflow/example_dags/example_latest_only_with_trigger.py
[2024-11-01T00:03:56.816-0300] {processor.py:914} INFO - Processing file /home/nico/.local/lib/python3.10/site-packages/airflow/example_dags/example_latest_only_with_trigger.py for tasks to queue
[2024-11-01T00:03:56.819-0300] {logging_mixin.py:190} INFO - [2024-11-01T00:03:56.818-0300] {dagbag.py:588} INFO - Filling up the DagBag from /home/nico/.local/lib/python3.10/site-packages/airflow/example_dags/example_latest_only_with_trigger.py
[2024-11-01T00:03:56.842-0300] {processor.py:925} INFO - DAG(s) 'latest_only_with_trigger' retrieved from /home/nico/.local/lib/python3.10/site-packages/airflow/example_dags/example_latest_only_with_trigger.py
[2024-11-01T00:03:56.915-0300] {logging_mixin.py:190} INFO - [2024-11-01T00:03:56.914-0300] {dag.py:3239} INFO - Sync 1 DAGs
[2024-11-01T00:03:56.974-0300] {logging_mixin.py:190} INFO - [2024-11-01T00:03:56.973-0300] {dag.py:4180} INFO - Setting next_dagrun for latest_only_with_trigger to 2024-10-31 20:00:00+00:00, run_after=2024-11-01 00:00:00+00:00
[2024-11-01T00:03:57.141-0300] {processor.py:208} INFO - Processing /home/nico/.local/lib/python3.10/site-packages/airflow/example_dags/example_latest_only_with_trigger.py took 0.355 seconds
[2024-11-01T00:06:26.732-0300] {processor.py:186} INFO - Started process (PID=155242) to work on /home/nico/.local/lib/python3.10/site-packages/airflow/example_dags/example_latest_only_with_trigger.py
[2024-11-01T00:06:26.745-0300] {processor.py:914} INFO - Processing file /home/nico/.local/lib/python3.10/site-packages/airflow/example_dags/example_latest_only_with_trigger.py for tasks to queue
[2024-11-01T00:06:26.759-0300] {logging_mixin.py:190} INFO - [2024-11-01T00:06:26.750-0300] {dagbag.py:588} INFO - Filling up the DagBag from /home/nico/.local/lib/python3.10/site-packages/airflow/example_dags/example_latest_only_with_trigger.py
[2024-11-01T00:06:26.826-0300] {processor.py:925} INFO - DAG(s) 'latest_only_with_trigger' retrieved from /home/nico/.local/lib/python3.10/site-packages/airflow/example_dags/example_latest_only_with_trigger.py
[2024-11-01T00:06:26.973-0300] {logging_mixin.py:190} INFO - [2024-11-01T00:06:26.973-0300] {dag.py:3239} INFO - Sync 1 DAGs
[2024-11-01T00:06:27.072-0300] {logging_mixin.py:190} INFO - [2024-11-01T00:06:27.071-0300] {dag.py:4180} INFO - Setting next_dagrun for latest_only_with_trigger to 2024-10-31 20:00:00+00:00, run_after=2024-11-01 00:00:00+00:00
[2024-11-01T00:06:27.215-0300] {processor.py:208} INFO - Processing /home/nico/.local/lib/python3.10/site-packages/airflow/example_dags/example_latest_only_with_trigger.py took 0.531 seconds
[2024-11-01T00:09:22.439-0300] {processor.py:186} INFO - Started process (PID=156048) to work on /home/nico/.local/lib/python3.10/site-packages/airflow/example_dags/example_latest_only_with_trigger.py
[2024-11-01T00:09:22.442-0300] {processor.py:914} INFO - Processing file /home/nico/.local/lib/python3.10/site-packages/airflow/example_dags/example_latest_only_with_trigger.py for tasks to queue
[2024-11-01T00:09:22.449-0300] {logging_mixin.py:190} INFO - [2024-11-01T00:09:22.448-0300] {dagbag.py:588} INFO - Filling up the DagBag from /home/nico/.local/lib/python3.10/site-packages/airflow/example_dags/example_latest_only_with_trigger.py
[2024-11-01T00:09:22.471-0300] {processor.py:925} INFO - DAG(s) 'latest_only_with_trigger' retrieved from /home/nico/.local/lib/python3.10/site-packages/airflow/example_dags/example_latest_only_with_trigger.py
[2024-11-01T00:09:22.540-0300] {logging_mixin.py:190} INFO - [2024-11-01T00:09:22.539-0300] {dag.py:3239} INFO - Sync 1 DAGs
[2024-11-01T00:09:22.639-0300] {logging_mixin.py:190} INFO - [2024-11-01T00:09:22.638-0300] {dag.py:4180} INFO - Setting next_dagrun for latest_only_with_trigger to 2024-10-31 20:00:00+00:00, run_after=2024-11-01 00:00:00+00:00
[2024-11-01T00:09:22.824-0300] {processor.py:208} INFO - Processing /home/nico/.local/lib/python3.10/site-packages/airflow/example_dags/example_latest_only_with_trigger.py took 0.407 seconds
[2024-11-01T00:19:02.529-0300] {processor.py:186} INFO - Started process (PID=158467) to work on /home/nico/.local/lib/python3.10/site-packages/airflow/example_dags/example_latest_only_with_trigger.py
[2024-11-01T00:19:02.532-0300] {processor.py:914} INFO - Processing file /home/nico/.local/lib/python3.10/site-packages/airflow/example_dags/example_latest_only_with_trigger.py for tasks to queue
[2024-11-01T00:19:02.540-0300] {logging_mixin.py:190} INFO - [2024-11-01T00:19:02.539-0300] {dagbag.py:588} INFO - Filling up the DagBag from /home/nico/.local/lib/python3.10/site-packages/airflow/example_dags/example_latest_only_with_trigger.py
[2024-11-01T00:19:02.576-0300] {processor.py:925} INFO - DAG(s) 'latest_only_with_trigger' retrieved from /home/nico/.local/lib/python3.10/site-packages/airflow/example_dags/example_latest_only_with_trigger.py
[2024-11-01T00:19:02.754-0300] {logging_mixin.py:190} INFO - [2024-11-01T00:19:02.753-0300] {dag.py:3239} INFO - Sync 1 DAGs
[2024-11-01T00:19:02.915-0300] {logging_mixin.py:190} INFO - [2024-11-01T00:19:02.915-0300] {dag.py:4180} INFO - Setting next_dagrun for latest_only_with_trigger to 2024-10-31 20:00:00+00:00, run_after=2024-11-01 00:00:00+00:00
[2024-11-01T00:19:03.098-0300] {processor.py:208} INFO - Processing /home/nico/.local/lib/python3.10/site-packages/airflow/example_dags/example_latest_only_with_trigger.py took 0.591 seconds
[2024-11-01T00:22:14.320-0300] {processor.py:186} INFO - Started process (PID=159263) to work on /home/nico/.local/lib/python3.10/site-packages/airflow/example_dags/example_latest_only_with_trigger.py
[2024-11-01T00:22:14.323-0300] {processor.py:914} INFO - Processing file /home/nico/.local/lib/python3.10/site-packages/airflow/example_dags/example_latest_only_with_trigger.py for tasks to queue
[2024-11-01T00:22:14.328-0300] {logging_mixin.py:190} INFO - [2024-11-01T00:22:14.327-0300] {dagbag.py:588} INFO - Filling up the DagBag from /home/nico/.local/lib/python3.10/site-packages/airflow/example_dags/example_latest_only_with_trigger.py
[2024-11-01T00:22:14.344-0300] {processor.py:925} INFO - DAG(s) 'latest_only_with_trigger' retrieved from /home/nico/.local/lib/python3.10/site-packages/airflow/example_dags/example_latest_only_with_trigger.py
[2024-11-01T00:22:14.405-0300] {logging_mixin.py:190} INFO - [2024-11-01T00:22:14.405-0300] {dag.py:3239} INFO - Sync 1 DAGs
[2024-11-01T00:22:14.462-0300] {logging_mixin.py:190} INFO - [2024-11-01T00:22:14.461-0300] {dag.py:4180} INFO - Setting next_dagrun for latest_only_with_trigger to 2024-10-31 20:00:00+00:00, run_after=2024-11-01 00:00:00+00:00
[2024-11-01T00:22:14.584-0300] {processor.py:208} INFO - Processing /home/nico/.local/lib/python3.10/site-packages/airflow/example_dags/example_latest_only_with_trigger.py took 0.289 seconds
[2024-11-01T00:32:30.270-0300] {processor.py:186} INFO - Started process (PID=161901) to work on /home/nico/.local/lib/python3.10/site-packages/airflow/example_dags/example_latest_only_with_trigger.py
[2024-11-01T00:32:30.274-0300] {processor.py:914} INFO - Processing file /home/nico/.local/lib/python3.10/site-packages/airflow/example_dags/example_latest_only_with_trigger.py for tasks to queue
[2024-11-01T00:32:30.279-0300] {logging_mixin.py:190} INFO - [2024-11-01T00:32:30.278-0300] {dagbag.py:588} INFO - Filling up the DagBag from /home/nico/.local/lib/python3.10/site-packages/airflow/example_dags/example_latest_only_with_trigger.py
[2024-11-01T00:32:30.303-0300] {processor.py:925} INFO - DAG(s) 'latest_only_with_trigger' retrieved from /home/nico/.local/lib/python3.10/site-packages/airflow/example_dags/example_latest_only_with_trigger.py
[2024-11-01T00:32:30.723-0300] {logging_mixin.py:190} INFO - [2024-11-01T00:32:30.722-0300] {dag.py:3239} INFO - Sync 1 DAGs
[2024-11-01T00:32:31.091-0300] {logging_mixin.py:190} INFO - [2024-11-01T00:32:31.090-0300] {dag.py:4180} INFO - Setting next_dagrun for latest_only_with_trigger to 2024-10-31 20:00:00+00:00, run_after=2024-11-01 00:00:00+00:00
[2024-11-01T00:32:31.492-0300] {processor.py:208} INFO - Processing /home/nico/.local/lib/python3.10/site-packages/airflow/example_dags/example_latest_only_with_trigger.py took 1.271 seconds
[2024-11-01T00:34:43.073-0300] {processor.py:186} INFO - Started process (PID=162471) to work on /home/nico/.local/lib/python3.10/site-packages/airflow/example_dags/example_latest_only_with_trigger.py
[2024-11-01T00:34:43.090-0300] {processor.py:914} INFO - Processing file /home/nico/.local/lib/python3.10/site-packages/airflow/example_dags/example_latest_only_with_trigger.py for tasks to queue
[2024-11-01T00:34:43.106-0300] {logging_mixin.py:190} INFO - [2024-11-01T00:34:43.096-0300] {dagbag.py:588} INFO - Filling up the DagBag from /home/nico/.local/lib/python3.10/site-packages/airflow/example_dags/example_latest_only_with_trigger.py
[2024-11-01T00:34:43.171-0300] {processor.py:925} INFO - DAG(s) 'latest_only_with_trigger' retrieved from /home/nico/.local/lib/python3.10/site-packages/airflow/example_dags/example_latest_only_with_trigger.py
[2024-11-01T00:34:43.373-0300] {logging_mixin.py:190} INFO - [2024-11-01T00:34:43.372-0300] {dag.py:3239} INFO - Sync 1 DAGs
[2024-11-01T00:34:43.491-0300] {logging_mixin.py:190} INFO - [2024-11-01T00:34:43.490-0300] {dag.py:4180} INFO - Setting next_dagrun for latest_only_with_trigger to 2024-10-31 20:00:00+00:00, run_after=2024-11-01 00:00:00+00:00
[2024-11-01T00:34:43.664-0300] {processor.py:208} INFO - Processing /home/nico/.local/lib/python3.10/site-packages/airflow/example_dags/example_latest_only_with_trigger.py took 0.641 seconds
[2024-11-01T00:36:18.046-0300] {processor.py:186} INFO - Started process (PID=162879) to work on /home/nico/.local/lib/python3.10/site-packages/airflow/example_dags/example_latest_only_with_trigger.py
[2024-11-01T00:36:18.048-0300] {processor.py:914} INFO - Processing file /home/nico/.local/lib/python3.10/site-packages/airflow/example_dags/example_latest_only_with_trigger.py for tasks to queue
[2024-11-01T00:36:18.052-0300] {logging_mixin.py:190} INFO - [2024-11-01T00:36:18.051-0300] {dagbag.py:588} INFO - Filling up the DagBag from /home/nico/.local/lib/python3.10/site-packages/airflow/example_dags/example_latest_only_with_trigger.py
[2024-11-01T00:36:18.068-0300] {processor.py:925} INFO - DAG(s) 'latest_only_with_trigger' retrieved from /home/nico/.local/lib/python3.10/site-packages/airflow/example_dags/example_latest_only_with_trigger.py
[2024-11-01T00:36:18.123-0300] {logging_mixin.py:190} INFO - [2024-11-01T00:36:18.122-0300] {dag.py:3239} INFO - Sync 1 DAGs
[2024-11-01T00:36:18.179-0300] {logging_mixin.py:190} INFO - [2024-11-01T00:36:18.179-0300] {dag.py:4180} INFO - Setting next_dagrun for latest_only_with_trigger to 2024-10-31 20:00:00+00:00, run_after=2024-11-01 00:00:00+00:00
[2024-11-01T00:36:18.304-0300] {processor.py:208} INFO - Processing /home/nico/.local/lib/python3.10/site-packages/airflow/example_dags/example_latest_only_with_trigger.py took 0.272 seconds
[2024-11-01T00:38:25.000-0300] {processor.py:186} INFO - Started process (PID=163408) to work on /home/nico/.local/lib/python3.10/site-packages/airflow/example_dags/example_latest_only_with_trigger.py
[2024-11-01T00:38:25.005-0300] {processor.py:914} INFO - Processing file /home/nico/.local/lib/python3.10/site-packages/airflow/example_dags/example_latest_only_with_trigger.py for tasks to queue
[2024-11-01T00:38:25.012-0300] {logging_mixin.py:190} INFO - [2024-11-01T00:38:25.010-0300] {dagbag.py:588} INFO - Filling up the DagBag from /home/nico/.local/lib/python3.10/site-packages/airflow/example_dags/example_latest_only_with_trigger.py
[2024-11-01T00:38:25.060-0300] {processor.py:925} INFO - DAG(s) 'latest_only_with_trigger' retrieved from /home/nico/.local/lib/python3.10/site-packages/airflow/example_dags/example_latest_only_with_trigger.py
[2024-11-01T00:38:25.162-0300] {logging_mixin.py:190} INFO - [2024-11-01T00:38:25.162-0300] {dag.py:3239} INFO - Sync 1 DAGs
[2024-11-01T00:38:25.245-0300] {logging_mixin.py:190} INFO - [2024-11-01T00:38:25.244-0300] {dag.py:4180} INFO - Setting next_dagrun for latest_only_with_trigger to 2024-10-31 20:00:00+00:00, run_after=2024-11-01 00:00:00+00:00
[2024-11-01T00:38:25.529-0300] {processor.py:208} INFO - Processing /home/nico/.local/lib/python3.10/site-packages/airflow/example_dags/example_latest_only_with_trigger.py took 0.562 seconds
[2024-11-01T00:47:31.635-0300] {processor.py:186} INFO - Started process (PID=165637) to work on /home/nico/.local/lib/python3.10/site-packages/airflow/example_dags/example_latest_only_with_trigger.py
[2024-11-01T00:47:31.704-0300] {processor.py:914} INFO - Processing file /home/nico/.local/lib/python3.10/site-packages/airflow/example_dags/example_latest_only_with_trigger.py for tasks to queue
[2024-11-01T00:47:31.714-0300] {logging_mixin.py:190} INFO - [2024-11-01T00:47:31.713-0300] {dagbag.py:588} INFO - Filling up the DagBag from /home/nico/.local/lib/python3.10/site-packages/airflow/example_dags/example_latest_only_with_trigger.py
[2024-11-01T00:47:31.791-0300] {processor.py:925} INFO - DAG(s) 'latest_only_with_trigger' retrieved from /home/nico/.local/lib/python3.10/site-packages/airflow/example_dags/example_latest_only_with_trigger.py
[2024-11-01T00:47:31.983-0300] {logging_mixin.py:190} INFO - [2024-11-01T00:47:31.982-0300] {dag.py:3239} INFO - Sync 1 DAGs
[2024-11-01T00:47:32.138-0300] {logging_mixin.py:190} INFO - [2024-11-01T00:47:32.137-0300] {dag.py:4180} INFO - Setting next_dagrun for latest_only_with_trigger to 2024-10-31 20:00:00+00:00, run_after=2024-11-01 00:00:00+00:00
[2024-11-01T00:47:32.467-0300] {processor.py:208} INFO - Processing /home/nico/.local/lib/python3.10/site-packages/airflow/example_dags/example_latest_only_with_trigger.py took 0.899 seconds
[2024-11-01T00:52:47.408-0300] {processor.py:186} INFO - Started process (PID=166942) to work on /home/nico/.local/lib/python3.10/site-packages/airflow/example_dags/example_latest_only_with_trigger.py
[2024-11-01T00:52:47.412-0300] {processor.py:914} INFO - Processing file /home/nico/.local/lib/python3.10/site-packages/airflow/example_dags/example_latest_only_with_trigger.py for tasks to queue
[2024-11-01T00:52:47.428-0300] {logging_mixin.py:190} INFO - [2024-11-01T00:52:47.427-0300] {dagbag.py:588} INFO - Filling up the DagBag from /home/nico/.local/lib/python3.10/site-packages/airflow/example_dags/example_latest_only_with_trigger.py
[2024-11-01T00:52:47.484-0300] {processor.py:925} INFO - DAG(s) 'latest_only_with_trigger' retrieved from /home/nico/.local/lib/python3.10/site-packages/airflow/example_dags/example_latest_only_with_trigger.py
[2024-11-01T00:52:47.594-0300] {logging_mixin.py:190} INFO - [2024-11-01T00:52:47.594-0300] {dag.py:3239} INFO - Sync 1 DAGs
[2024-11-01T00:52:47.675-0300] {logging_mixin.py:190} INFO - [2024-11-01T00:52:47.675-0300] {dag.py:4180} INFO - Setting next_dagrun for latest_only_with_trigger to 2024-10-31 20:00:00+00:00, run_after=2024-11-01 00:00:00+00:00
[2024-11-01T00:52:47.860-0300] {processor.py:208} INFO - Processing /home/nico/.local/lib/python3.10/site-packages/airflow/example_dags/example_latest_only_with_trigger.py took 0.489 seconds
[2024-11-01T00:54:54.489-0300] {processor.py:186} INFO - Started process (PID=167482) to work on /home/nico/.local/lib/python3.10/site-packages/airflow/example_dags/example_latest_only_with_trigger.py
[2024-11-01T00:54:54.492-0300] {processor.py:914} INFO - Processing file /home/nico/.local/lib/python3.10/site-packages/airflow/example_dags/example_latest_only_with_trigger.py for tasks to queue
[2024-11-01T00:54:54.500-0300] {logging_mixin.py:190} INFO - [2024-11-01T00:54:54.499-0300] {dagbag.py:588} INFO - Filling up the DagBag from /home/nico/.local/lib/python3.10/site-packages/airflow/example_dags/example_latest_only_with_trigger.py
[2024-11-01T00:54:54.540-0300] {processor.py:925} INFO - DAG(s) 'latest_only_with_trigger' retrieved from /home/nico/.local/lib/python3.10/site-packages/airflow/example_dags/example_latest_only_with_trigger.py
[2024-11-01T00:54:54.925-0300] {logging_mixin.py:190} INFO - [2024-11-01T00:54:54.924-0300] {dag.py:3239} INFO - Sync 1 DAGs
[2024-11-01T00:54:55.033-0300] {logging_mixin.py:190} INFO - [2024-11-01T00:54:55.032-0300] {dag.py:4180} INFO - Setting next_dagrun for latest_only_with_trigger to 2024-10-31 20:00:00+00:00, run_after=2024-11-01 00:00:00+00:00
[2024-11-01T00:54:55.198-0300] {processor.py:208} INFO - Processing /home/nico/.local/lib/python3.10/site-packages/airflow/example_dags/example_latest_only_with_trigger.py took 0.725 seconds
[2024-11-01T00:57:37.776-0300] {processor.py:186} INFO - Started process (PID=168210) to work on /home/nico/.local/lib/python3.10/site-packages/airflow/example_dags/example_latest_only_with_trigger.py
[2024-11-01T00:57:37.823-0300] {processor.py:914} INFO - Processing file /home/nico/.local/lib/python3.10/site-packages/airflow/example_dags/example_latest_only_with_trigger.py for tasks to queue
[2024-11-01T00:57:37.835-0300] {logging_mixin.py:190} INFO - [2024-11-01T00:57:37.834-0300] {dagbag.py:588} INFO - Filling up the DagBag from /home/nico/.local/lib/python3.10/site-packages/airflow/example_dags/example_latest_only_with_trigger.py
[2024-11-01T00:57:37.901-0300] {processor.py:925} INFO - DAG(s) 'latest_only_with_trigger' retrieved from /home/nico/.local/lib/python3.10/site-packages/airflow/example_dags/example_latest_only_with_trigger.py
[2024-11-01T00:57:38.065-0300] {logging_mixin.py:190} INFO - [2024-11-01T00:57:38.064-0300] {dag.py:3239} INFO - Sync 1 DAGs
[2024-11-01T00:57:38.198-0300] {logging_mixin.py:190} INFO - [2024-11-01T00:57:38.197-0300] {dag.py:4180} INFO - Setting next_dagrun for latest_only_with_trigger to 2024-10-31 20:00:00+00:00, run_after=2024-11-01 00:00:00+00:00
[2024-11-01T00:57:38.612-0300] {processor.py:208} INFO - Processing /home/nico/.local/lib/python3.10/site-packages/airflow/example_dags/example_latest_only_with_trigger.py took 0.876 seconds
[2024-11-01T00:59:45.009-0300] {processor.py:186} INFO - Started process (PID=168755) to work on /home/nico/.local/lib/python3.10/site-packages/airflow/example_dags/example_latest_only_with_trigger.py
[2024-11-01T00:59:45.014-0300] {processor.py:914} INFO - Processing file /home/nico/.local/lib/python3.10/site-packages/airflow/example_dags/example_latest_only_with_trigger.py for tasks to queue
[2024-11-01T00:59:45.121-0300] {logging_mixin.py:190} INFO - [2024-11-01T00:59:45.120-0300] {dagbag.py:588} INFO - Filling up the DagBag from /home/nico/.local/lib/python3.10/site-packages/airflow/example_dags/example_latest_only_with_trigger.py
[2024-11-01T00:59:45.264-0300] {processor.py:925} INFO - DAG(s) 'latest_only_with_trigger' retrieved from /home/nico/.local/lib/python3.10/site-packages/airflow/example_dags/example_latest_only_with_trigger.py
[2024-11-01T00:59:45.423-0300] {logging_mixin.py:190} INFO - [2024-11-01T00:59:45.422-0300] {dag.py:3239} INFO - Sync 1 DAGs
[2024-11-01T00:59:45.490-0300] {logging_mixin.py:190} INFO - [2024-11-01T00:59:45.489-0300] {dag.py:4180} INFO - Setting next_dagrun for latest_only_with_trigger to 2024-10-31 20:00:00+00:00, run_after=2024-11-01 00:00:00+00:00
[2024-11-01T00:59:45.683-0300] {processor.py:208} INFO - Processing /home/nico/.local/lib/python3.10/site-packages/airflow/example_dags/example_latest_only_with_trigger.py took 0.735 seconds
[2024-11-01T01:02:20.864-0300] {processor.py:186} INFO - Started process (PID=169413) to work on /home/nico/.local/lib/python3.10/site-packages/airflow/example_dags/example_latest_only_with_trigger.py
[2024-11-01T01:02:20.867-0300] {processor.py:914} INFO - Processing file /home/nico/.local/lib/python3.10/site-packages/airflow/example_dags/example_latest_only_with_trigger.py for tasks to queue
[2024-11-01T01:02:20.874-0300] {logging_mixin.py:190} INFO - [2024-11-01T01:02:20.873-0300] {dagbag.py:588} INFO - Filling up the DagBag from /home/nico/.local/lib/python3.10/site-packages/airflow/example_dags/example_latest_only_with_trigger.py
[2024-11-01T01:02:20.901-0300] {processor.py:925} INFO - DAG(s) 'latest_only_with_trigger' retrieved from /home/nico/.local/lib/python3.10/site-packages/airflow/example_dags/example_latest_only_with_trigger.py
[2024-11-01T01:02:20.965-0300] {logging_mixin.py:190} INFO - [2024-11-01T01:02:20.965-0300] {dag.py:3239} INFO - Sync 1 DAGs
[2024-11-01T01:02:21.023-0300] {logging_mixin.py:190} INFO - [2024-11-01T01:02:21.023-0300] {dag.py:4180} INFO - Setting next_dagrun for latest_only_with_trigger to 2024-11-01 00:00:00+00:00, run_after=2024-11-01 04:00:00+00:00
[2024-11-01T01:02:21.160-0300] {processor.py:208} INFO - Processing /home/nico/.local/lib/python3.10/site-packages/airflow/example_dags/example_latest_only_with_trigger.py took 0.313 seconds
[2024-11-01T01:04:50.904-0300] {processor.py:186} INFO - Started process (PID=170044) to work on /home/nico/.local/lib/python3.10/site-packages/airflow/example_dags/example_latest_only_with_trigger.py
[2024-11-01T01:04:50.909-0300] {processor.py:914} INFO - Processing file /home/nico/.local/lib/python3.10/site-packages/airflow/example_dags/example_latest_only_with_trigger.py for tasks to queue
[2024-11-01T01:04:50.917-0300] {logging_mixin.py:190} INFO - [2024-11-01T01:04:50.915-0300] {dagbag.py:588} INFO - Filling up the DagBag from /home/nico/.local/lib/python3.10/site-packages/airflow/example_dags/example_latest_only_with_trigger.py
[2024-11-01T01:04:50.958-0300] {processor.py:925} INFO - DAG(s) 'latest_only_with_trigger' retrieved from /home/nico/.local/lib/python3.10/site-packages/airflow/example_dags/example_latest_only_with_trigger.py
[2024-11-01T01:04:51.040-0300] {logging_mixin.py:190} INFO - [2024-11-01T01:04:51.039-0300] {dag.py:3239} INFO - Sync 1 DAGs
[2024-11-01T01:04:51.101-0300] {logging_mixin.py:190} INFO - [2024-11-01T01:04:51.101-0300] {dag.py:4180} INFO - Setting next_dagrun for latest_only_with_trigger to 2024-11-01 00:00:00+00:00, run_after=2024-11-01 04:00:00+00:00
[2024-11-01T01:04:51.231-0300] {processor.py:208} INFO - Processing /home/nico/.local/lib/python3.10/site-packages/airflow/example_dags/example_latest_only_with_trigger.py took 0.348 seconds
[2024-11-01T01:07:03.239-0300] {processor.py:186} INFO - Started process (PID=170611) to work on /home/nico/.local/lib/python3.10/site-packages/airflow/example_dags/example_latest_only_with_trigger.py
[2024-11-01T01:07:03.256-0300] {processor.py:914} INFO - Processing file /home/nico/.local/lib/python3.10/site-packages/airflow/example_dags/example_latest_only_with_trigger.py for tasks to queue
[2024-11-01T01:07:03.268-0300] {logging_mixin.py:190} INFO - [2024-11-01T01:07:03.266-0300] {dagbag.py:588} INFO - Filling up the DagBag from /home/nico/.local/lib/python3.10/site-packages/airflow/example_dags/example_latest_only_with_trigger.py
[2024-11-01T01:07:03.333-0300] {processor.py:925} INFO - DAG(s) 'latest_only_with_trigger' retrieved from /home/nico/.local/lib/python3.10/site-packages/airflow/example_dags/example_latest_only_with_trigger.py
[2024-11-01T01:07:03.541-0300] {logging_mixin.py:190} INFO - [2024-11-01T01:07:03.540-0300] {dag.py:3239} INFO - Sync 1 DAGs
[2024-11-01T01:07:03.709-0300] {logging_mixin.py:190} INFO - [2024-11-01T01:07:03.708-0300] {dag.py:4180} INFO - Setting next_dagrun for latest_only_with_trigger to 2024-11-01 00:00:00+00:00, run_after=2024-11-01 04:00:00+00:00
[2024-11-01T01:07:03.893-0300] {processor.py:208} INFO - Processing /home/nico/.local/lib/python3.10/site-packages/airflow/example_dags/example_latest_only_with_trigger.py took 0.695 seconds
[2024-11-01T01:10:17.307-0300] {processor.py:186} INFO - Started process (PID=171462) to work on /home/nico/.local/lib/python3.10/site-packages/airflow/example_dags/example_latest_only_with_trigger.py
[2024-11-01T01:10:17.311-0300] {processor.py:914} INFO - Processing file /home/nico/.local/lib/python3.10/site-packages/airflow/example_dags/example_latest_only_with_trigger.py for tasks to queue
[2024-11-01T01:10:17.325-0300] {logging_mixin.py:190} INFO - [2024-11-01T01:10:17.324-0300] {dagbag.py:588} INFO - Filling up the DagBag from /home/nico/.local/lib/python3.10/site-packages/airflow/example_dags/example_latest_only_with_trigger.py
[2024-11-01T01:10:17.388-0300] {processor.py:925} INFO - DAG(s) 'latest_only_with_trigger' retrieved from /home/nico/.local/lib/python3.10/site-packages/airflow/example_dags/example_latest_only_with_trigger.py
[2024-11-01T01:10:17.841-0300] {logging_mixin.py:190} INFO - [2024-11-01T01:10:17.841-0300] {dag.py:3239} INFO - Sync 1 DAGs
[2024-11-01T01:10:18.043-0300] {logging_mixin.py:190} INFO - [2024-11-01T01:10:18.042-0300] {dag.py:4180} INFO - Setting next_dagrun for latest_only_with_trigger to 2024-11-01 00:00:00+00:00, run_after=2024-11-01 04:00:00+00:00
[2024-11-01T01:10:18.281-0300] {processor.py:208} INFO - Processing /home/nico/.local/lib/python3.10/site-packages/airflow/example_dags/example_latest_only_with_trigger.py took 1.013 seconds
[2024-11-01T01:34:08.272-0300] {processor.py:186} INFO - Started process (PID=177293) to work on /home/nico/.local/lib/python3.10/site-packages/airflow/example_dags/example_latest_only_with_trigger.py
[2024-11-01T01:34:08.277-0300] {processor.py:914} INFO - Processing file /home/nico/.local/lib/python3.10/site-packages/airflow/example_dags/example_latest_only_with_trigger.py for tasks to queue
[2024-11-01T01:34:08.289-0300] {logging_mixin.py:190} INFO - [2024-11-01T01:34:08.288-0300] {dagbag.py:588} INFO - Filling up the DagBag from /home/nico/.local/lib/python3.10/site-packages/airflow/example_dags/example_latest_only_with_trigger.py
[2024-11-01T01:34:08.338-0300] {processor.py:925} INFO - DAG(s) 'latest_only_with_trigger' retrieved from /home/nico/.local/lib/python3.10/site-packages/airflow/example_dags/example_latest_only_with_trigger.py
[2024-11-01T01:34:08.526-0300] {logging_mixin.py:190} INFO - [2024-11-01T01:34:08.525-0300] {dag.py:3239} INFO - Sync 1 DAGs
[2024-11-01T01:34:08.626-0300] {logging_mixin.py:190} INFO - [2024-11-01T01:34:08.625-0300] {dag.py:4180} INFO - Setting next_dagrun for latest_only_with_trigger to 2024-11-01 00:00:00+00:00, run_after=2024-11-01 04:00:00+00:00
[2024-11-01T01:34:08.786-0300] {processor.py:208} INFO - Processing /home/nico/.local/lib/python3.10/site-packages/airflow/example_dags/example_latest_only_with_trigger.py took 0.554 seconds
[2024-11-01T01:36:33.595-0300] {processor.py:186} INFO - Started process (PID=177904) to work on /home/nico/.local/lib/python3.10/site-packages/airflow/example_dags/example_latest_only_with_trigger.py
[2024-11-01T01:36:33.609-0300] {processor.py:914} INFO - Processing file /home/nico/.local/lib/python3.10/site-packages/airflow/example_dags/example_latest_only_with_trigger.py for tasks to queue
[2024-11-01T01:36:33.617-0300] {logging_mixin.py:190} INFO - [2024-11-01T01:36:33.615-0300] {dagbag.py:588} INFO - Filling up the DagBag from /home/nico/.local/lib/python3.10/site-packages/airflow/example_dags/example_latest_only_with_trigger.py
[2024-11-01T01:36:33.674-0300] {processor.py:925} INFO - DAG(s) 'latest_only_with_trigger' retrieved from /home/nico/.local/lib/python3.10/site-packages/airflow/example_dags/example_latest_only_with_trigger.py
[2024-11-01T01:36:33.754-0300] {logging_mixin.py:190} INFO - [2024-11-01T01:36:33.753-0300] {dag.py:3239} INFO - Sync 1 DAGs
[2024-11-01T01:36:33.853-0300] {logging_mixin.py:190} INFO - [2024-11-01T01:36:33.853-0300] {dag.py:4180} INFO - Setting next_dagrun for latest_only_with_trigger to 2024-11-01 00:00:00+00:00, run_after=2024-11-01 04:00:00+00:00
[2024-11-01T01:36:34.003-0300] {processor.py:208} INFO - Processing /home/nico/.local/lib/python3.10/site-packages/airflow/example_dags/example_latest_only_with_trigger.py took 0.462 seconds
[2024-11-01T01:38:05.653-0300] {processor.py:186} INFO - Started process (PID=178299) to work on /home/nico/.local/lib/python3.10/site-packages/airflow/example_dags/example_latest_only_with_trigger.py
[2024-11-01T01:38:05.657-0300] {processor.py:914} INFO - Processing file /home/nico/.local/lib/python3.10/site-packages/airflow/example_dags/example_latest_only_with_trigger.py for tasks to queue
[2024-11-01T01:38:05.662-0300] {logging_mixin.py:190} INFO - [2024-11-01T01:38:05.661-0300] {dagbag.py:588} INFO - Filling up the DagBag from /home/nico/.local/lib/python3.10/site-packages/airflow/example_dags/example_latest_only_with_trigger.py
[2024-11-01T01:38:05.679-0300] {processor.py:925} INFO - DAG(s) 'latest_only_with_trigger' retrieved from /home/nico/.local/lib/python3.10/site-packages/airflow/example_dags/example_latest_only_with_trigger.py
[2024-11-01T01:38:05.738-0300] {logging_mixin.py:190} INFO - [2024-11-01T01:38:05.737-0300] {dag.py:3239} INFO - Sync 1 DAGs
[2024-11-01T01:38:05.794-0300] {logging_mixin.py:190} INFO - [2024-11-01T01:38:05.794-0300] {dag.py:4180} INFO - Setting next_dagrun for latest_only_with_trigger to 2024-11-01 00:00:00+00:00, run_after=2024-11-01 04:00:00+00:00
[2024-11-01T01:38:05.929-0300] {processor.py:208} INFO - Processing /home/nico/.local/lib/python3.10/site-packages/airflow/example_dags/example_latest_only_with_trigger.py took 0.300 seconds
[2024-11-01T01:39:37.122-0300] {processor.py:186} INFO - Started process (PID=178690) to work on /home/nico/.local/lib/python3.10/site-packages/airflow/example_dags/example_latest_only_with_trigger.py
[2024-11-01T01:39:37.125-0300] {processor.py:914} INFO - Processing file /home/nico/.local/lib/python3.10/site-packages/airflow/example_dags/example_latest_only_with_trigger.py for tasks to queue
[2024-11-01T01:39:37.131-0300] {logging_mixin.py:190} INFO - [2024-11-01T01:39:37.129-0300] {dagbag.py:588} INFO - Filling up the DagBag from /home/nico/.local/lib/python3.10/site-packages/airflow/example_dags/example_latest_only_with_trigger.py
[2024-11-01T01:39:37.161-0300] {processor.py:925} INFO - DAG(s) 'latest_only_with_trigger' retrieved from /home/nico/.local/lib/python3.10/site-packages/airflow/example_dags/example_latest_only_with_trigger.py
[2024-11-01T01:39:37.243-0300] {logging_mixin.py:190} INFO - [2024-11-01T01:39:37.242-0300] {dag.py:3239} INFO - Sync 1 DAGs
[2024-11-01T01:39:37.328-0300] {logging_mixin.py:190} INFO - [2024-11-01T01:39:37.327-0300] {dag.py:4180} INFO - Setting next_dagrun for latest_only_with_trigger to 2024-11-01 00:00:00+00:00, run_after=2024-11-01 04:00:00+00:00
[2024-11-01T01:39:37.463-0300] {processor.py:208} INFO - Processing /home/nico/.local/lib/python3.10/site-packages/airflow/example_dags/example_latest_only_with_trigger.py took 0.377 seconds
[2024-11-01T01:41:03.326-0300] {processor.py:186} INFO - Started process (PID=179061) to work on /home/nico/.local/lib/python3.10/site-packages/airflow/example_dags/example_latest_only_with_trigger.py
[2024-11-01T01:41:03.329-0300] {processor.py:914} INFO - Processing file /home/nico/.local/lib/python3.10/site-packages/airflow/example_dags/example_latest_only_with_trigger.py for tasks to queue
[2024-11-01T01:41:03.332-0300] {logging_mixin.py:190} INFO - [2024-11-01T01:41:03.331-0300] {dagbag.py:588} INFO - Filling up the DagBag from /home/nico/.local/lib/python3.10/site-packages/airflow/example_dags/example_latest_only_with_trigger.py
[2024-11-01T01:41:03.355-0300] {processor.py:925} INFO - DAG(s) 'latest_only_with_trigger' retrieved from /home/nico/.local/lib/python3.10/site-packages/airflow/example_dags/example_latest_only_with_trigger.py
[2024-11-01T01:41:03.435-0300] {logging_mixin.py:190} INFO - [2024-11-01T01:41:03.434-0300] {dag.py:3239} INFO - Sync 1 DAGs
[2024-11-01T01:41:03.500-0300] {logging_mixin.py:190} INFO - [2024-11-01T01:41:03.500-0300] {dag.py:4180} INFO - Setting next_dagrun for latest_only_with_trigger to 2024-11-01 00:00:00+00:00, run_after=2024-11-01 04:00:00+00:00
[2024-11-01T01:41:03.688-0300] {processor.py:208} INFO - Processing /home/nico/.local/lib/python3.10/site-packages/airflow/example_dags/example_latest_only_with_trigger.py took 0.379 seconds
[2024-11-01T01:42:30.234-0300] {processor.py:186} INFO - Started process (PID=179433) to work on /home/nico/.local/lib/python3.10/site-packages/airflow/example_dags/example_latest_only_with_trigger.py
[2024-11-01T01:42:30.238-0300] {processor.py:914} INFO - Processing file /home/nico/.local/lib/python3.10/site-packages/airflow/example_dags/example_latest_only_with_trigger.py for tasks to queue
[2024-11-01T01:42:30.244-0300] {logging_mixin.py:190} INFO - [2024-11-01T01:42:30.242-0300] {dagbag.py:588} INFO - Filling up the DagBag from /home/nico/.local/lib/python3.10/site-packages/airflow/example_dags/example_latest_only_with_trigger.py
[2024-11-01T01:42:30.285-0300] {processor.py:925} INFO - DAG(s) 'latest_only_with_trigger' retrieved from /home/nico/.local/lib/python3.10/site-packages/airflow/example_dags/example_latest_only_with_trigger.py
[2024-11-01T01:42:30.407-0300] {logging_mixin.py:190} INFO - [2024-11-01T01:42:30.406-0300] {dag.py:3239} INFO - Sync 1 DAGs
[2024-11-01T01:42:30.482-0300] {logging_mixin.py:190} INFO - [2024-11-01T01:42:30.481-0300] {dag.py:4180} INFO - Setting next_dagrun for latest_only_with_trigger to 2024-11-01 00:00:00+00:00, run_after=2024-11-01 04:00:00+00:00
[2024-11-01T01:42:30.719-0300] {processor.py:208} INFO - Processing /home/nico/.local/lib/python3.10/site-packages/airflow/example_dags/example_latest_only_with_trigger.py took 0.525 seconds
[2024-11-01T01:44:14.283-0300] {processor.py:186} INFO - Started process (PID=179872) to work on /home/nico/.local/lib/python3.10/site-packages/airflow/example_dags/example_latest_only_with_trigger.py
[2024-11-01T01:44:14.290-0300] {processor.py:914} INFO - Processing file /home/nico/.local/lib/python3.10/site-packages/airflow/example_dags/example_latest_only_with_trigger.py for tasks to queue
[2024-11-01T01:44:14.295-0300] {logging_mixin.py:190} INFO - [2024-11-01T01:44:14.294-0300] {dagbag.py:588} INFO - Filling up the DagBag from /home/nico/.local/lib/python3.10/site-packages/airflow/example_dags/example_latest_only_with_trigger.py
[2024-11-01T01:44:14.325-0300] {processor.py:925} INFO - DAG(s) 'latest_only_with_trigger' retrieved from /home/nico/.local/lib/python3.10/site-packages/airflow/example_dags/example_latest_only_with_trigger.py
[2024-11-01T01:44:14.423-0300] {logging_mixin.py:190} INFO - [2024-11-01T01:44:14.423-0300] {dag.py:3239} INFO - Sync 1 DAGs
[2024-11-01T01:44:14.488-0300] {logging_mixin.py:190} INFO - [2024-11-01T01:44:14.487-0300] {dag.py:4180} INFO - Setting next_dagrun for latest_only_with_trigger to 2024-11-01 00:00:00+00:00, run_after=2024-11-01 04:00:00+00:00
[2024-11-01T01:44:14.619-0300] {processor.py:208} INFO - Processing /home/nico/.local/lib/python3.10/site-packages/airflow/example_dags/example_latest_only_with_trigger.py took 0.364 seconds
[2024-11-01T01:45:59.345-0300] {processor.py:186} INFO - Started process (PID=180318) to work on /home/nico/.local/lib/python3.10/site-packages/airflow/example_dags/example_latest_only_with_trigger.py
[2024-11-01T01:45:59.348-0300] {processor.py:914} INFO - Processing file /home/nico/.local/lib/python3.10/site-packages/airflow/example_dags/example_latest_only_with_trigger.py for tasks to queue
[2024-11-01T01:45:59.352-0300] {logging_mixin.py:190} INFO - [2024-11-01T01:45:59.351-0300] {dagbag.py:588} INFO - Filling up the DagBag from /home/nico/.local/lib/python3.10/site-packages/airflow/example_dags/example_latest_only_with_trigger.py
[2024-11-01T01:45:59.375-0300] {processor.py:925} INFO - DAG(s) 'latest_only_with_trigger' retrieved from /home/nico/.local/lib/python3.10/site-packages/airflow/example_dags/example_latest_only_with_trigger.py
[2024-11-01T01:45:59.433-0300] {logging_mixin.py:190} INFO - [2024-11-01T01:45:59.432-0300] {dag.py:3239} INFO - Sync 1 DAGs
[2024-11-01T01:45:59.488-0300] {logging_mixin.py:190} INFO - [2024-11-01T01:45:59.487-0300] {dag.py:4180} INFO - Setting next_dagrun for latest_only_with_trigger to 2024-11-01 00:00:00+00:00, run_after=2024-11-01 04:00:00+00:00
[2024-11-01T01:46:01.621-0300] {processor.py:208} INFO - Processing /home/nico/.local/lib/python3.10/site-packages/airflow/example_dags/example_latest_only_with_trigger.py took 2.293 seconds
[2024-11-01T01:47:49.017-0300] {processor.py:186} INFO - Started process (PID=180782) to work on /home/nico/.local/lib/python3.10/site-packages/airflow/example_dags/example_latest_only_with_trigger.py
[2024-11-01T01:47:49.031-0300] {processor.py:914} INFO - Processing file /home/nico/.local/lib/python3.10/site-packages/airflow/example_dags/example_latest_only_with_trigger.py for tasks to queue
[2024-11-01T01:47:49.045-0300] {logging_mixin.py:190} INFO - [2024-11-01T01:47:49.043-0300] {dagbag.py:588} INFO - Filling up the DagBag from /home/nico/.local/lib/python3.10/site-packages/airflow/example_dags/example_latest_only_with_trigger.py
[2024-11-01T01:47:49.097-0300] {processor.py:925} INFO - DAG(s) 'latest_only_with_trigger' retrieved from /home/nico/.local/lib/python3.10/site-packages/airflow/example_dags/example_latest_only_with_trigger.py
[2024-11-01T01:47:49.175-0300] {logging_mixin.py:190} INFO - [2024-11-01T01:47:49.174-0300] {dag.py:3239} INFO - Sync 1 DAGs
[2024-11-01T01:47:49.231-0300] {logging_mixin.py:190} INFO - [2024-11-01T01:47:49.230-0300] {dag.py:4180} INFO - Setting next_dagrun for latest_only_with_trigger to 2024-11-01 00:00:00+00:00, run_after=2024-11-01 04:00:00+00:00
[2024-11-01T01:47:49.359-0300] {processor.py:208} INFO - Processing /home/nico/.local/lib/python3.10/site-packages/airflow/example_dags/example_latest_only_with_trigger.py took 0.395 seconds
[2024-11-01T01:49:50.610-0300] {processor.py:186} INFO - Started process (PID=181286) to work on /home/nico/.local/lib/python3.10/site-packages/airflow/example_dags/example_latest_only_with_trigger.py
[2024-11-01T01:49:50.613-0300] {processor.py:914} INFO - Processing file /home/nico/.local/lib/python3.10/site-packages/airflow/example_dags/example_latest_only_with_trigger.py for tasks to queue
[2024-11-01T01:49:50.627-0300] {logging_mixin.py:190} INFO - [2024-11-01T01:49:50.625-0300] {dagbag.py:588} INFO - Filling up the DagBag from /home/nico/.local/lib/python3.10/site-packages/airflow/example_dags/example_latest_only_with_trigger.py
[2024-11-01T01:49:50.689-0300] {processor.py:925} INFO - DAG(s) 'latest_only_with_trigger' retrieved from /home/nico/.local/lib/python3.10/site-packages/airflow/example_dags/example_latest_only_with_trigger.py
[2024-11-01T01:49:50.872-0300] {logging_mixin.py:190} INFO - [2024-11-01T01:49:50.871-0300] {dag.py:3239} INFO - Sync 1 DAGs
[2024-11-01T01:49:50.997-0300] {logging_mixin.py:190} INFO - [2024-11-01T01:49:50.996-0300] {dag.py:4180} INFO - Setting next_dagrun for latest_only_with_trigger to 2024-11-01 00:00:00+00:00, run_after=2024-11-01 04:00:00+00:00
[2024-11-01T01:49:51.215-0300] {processor.py:208} INFO - Processing /home/nico/.local/lib/python3.10/site-packages/airflow/example_dags/example_latest_only_with_trigger.py took 0.659 seconds
[2024-11-01T01:51:35.685-0300] {processor.py:186} INFO - Started process (PID=181733) to work on /home/nico/.local/lib/python3.10/site-packages/airflow/example_dags/example_latest_only_with_trigger.py
[2024-11-01T01:51:35.688-0300] {processor.py:914} INFO - Processing file /home/nico/.local/lib/python3.10/site-packages/airflow/example_dags/example_latest_only_with_trigger.py for tasks to queue
[2024-11-01T01:51:35.691-0300] {logging_mixin.py:190} INFO - [2024-11-01T01:51:35.690-0300] {dagbag.py:588} INFO - Filling up the DagBag from /home/nico/.local/lib/python3.10/site-packages/airflow/example_dags/example_latest_only_with_trigger.py
[2024-11-01T01:51:35.716-0300] {processor.py:925} INFO - DAG(s) 'latest_only_with_trigger' retrieved from /home/nico/.local/lib/python3.10/site-packages/airflow/example_dags/example_latest_only_with_trigger.py
[2024-11-01T01:51:35.776-0300] {logging_mixin.py:190} INFO - [2024-11-01T01:51:35.775-0300] {dag.py:3239} INFO - Sync 1 DAGs
[2024-11-01T01:51:35.827-0300] {logging_mixin.py:190} INFO - [2024-11-01T01:51:35.827-0300] {dag.py:4180} INFO - Setting next_dagrun for latest_only_with_trigger to 2024-11-01 00:00:00+00:00, run_after=2024-11-01 04:00:00+00:00
[2024-11-01T01:51:35.955-0300] {processor.py:208} INFO - Processing /home/nico/.local/lib/python3.10/site-packages/airflow/example_dags/example_latest_only_with_trigger.py took 0.291 seconds
[2024-11-01T01:53:21.308-0300] {processor.py:186} INFO - Started process (PID=182181) to work on /home/nico/.local/lib/python3.10/site-packages/airflow/example_dags/example_latest_only_with_trigger.py
[2024-11-01T01:53:21.312-0300] {processor.py:914} INFO - Processing file /home/nico/.local/lib/python3.10/site-packages/airflow/example_dags/example_latest_only_with_trigger.py for tasks to queue
[2024-11-01T01:53:21.317-0300] {logging_mixin.py:190} INFO - [2024-11-01T01:53:21.316-0300] {dagbag.py:588} INFO - Filling up the DagBag from /home/nico/.local/lib/python3.10/site-packages/airflow/example_dags/example_latest_only_with_trigger.py
[2024-11-01T01:53:21.336-0300] {processor.py:925} INFO - DAG(s) 'latest_only_with_trigger' retrieved from /home/nico/.local/lib/python3.10/site-packages/airflow/example_dags/example_latest_only_with_trigger.py
[2024-11-01T01:53:21.430-0300] {logging_mixin.py:190} INFO - [2024-11-01T01:53:21.429-0300] {dag.py:3239} INFO - Sync 1 DAGs
[2024-11-01T01:53:21.514-0300] {logging_mixin.py:190} INFO - [2024-11-01T01:53:21.513-0300] {dag.py:4180} INFO - Setting next_dagrun for latest_only_with_trigger to 2024-11-01 00:00:00+00:00, run_after=2024-11-01 04:00:00+00:00
[2024-11-01T01:53:21.651-0300] {processor.py:208} INFO - Processing /home/nico/.local/lib/python3.10/site-packages/airflow/example_dags/example_latest_only_with_trigger.py took 0.384 seconds
[2024-11-01T01:55:34.807-0300] {processor.py:186} INFO - Started process (PID=182726) to work on /home/nico/.local/lib/python3.10/site-packages/airflow/example_dags/example_latest_only_with_trigger.py
[2024-11-01T01:55:34.811-0300] {processor.py:914} INFO - Processing file /home/nico/.local/lib/python3.10/site-packages/airflow/example_dags/example_latest_only_with_trigger.py for tasks to queue
[2024-11-01T01:55:34.826-0300] {logging_mixin.py:190} INFO - [2024-11-01T01:55:34.825-0300] {dagbag.py:588} INFO - Filling up the DagBag from /home/nico/.local/lib/python3.10/site-packages/airflow/example_dags/example_latest_only_with_trigger.py
[2024-11-01T01:55:34.886-0300] {processor.py:925} INFO - DAG(s) 'latest_only_with_trigger' retrieved from /home/nico/.local/lib/python3.10/site-packages/airflow/example_dags/example_latest_only_with_trigger.py
[2024-11-01T01:55:35.064-0300] {logging_mixin.py:190} INFO - [2024-11-01T01:55:35.064-0300] {dag.py:3239} INFO - Sync 1 DAGs
[2024-11-01T01:55:35.153-0300] {logging_mixin.py:190} INFO - [2024-11-01T01:55:35.153-0300] {dag.py:4180} INFO - Setting next_dagrun for latest_only_with_trigger to 2024-11-01 00:00:00+00:00, run_after=2024-11-01 04:00:00+00:00
[2024-11-01T01:55:35.285-0300] {processor.py:208} INFO - Processing /home/nico/.local/lib/python3.10/site-packages/airflow/example_dags/example_latest_only_with_trigger.py took 0.529 seconds
[2024-11-01T01:58:44.947-0300] {processor.py:186} INFO - Started process (PID=183504) to work on /home/nico/.local/lib/python3.10/site-packages/airflow/example_dags/example_latest_only_with_trigger.py
[2024-11-01T01:58:44.952-0300] {processor.py:914} INFO - Processing file /home/nico/.local/lib/python3.10/site-packages/airflow/example_dags/example_latest_only_with_trigger.py for tasks to queue
[2024-11-01T01:58:44.956-0300] {logging_mixin.py:190} INFO - [2024-11-01T01:58:44.955-0300] {dagbag.py:588} INFO - Filling up the DagBag from /home/nico/.local/lib/python3.10/site-packages/airflow/example_dags/example_latest_only_with_trigger.py
[2024-11-01T01:58:44.972-0300] {processor.py:925} INFO - DAG(s) 'latest_only_with_trigger' retrieved from /home/nico/.local/lib/python3.10/site-packages/airflow/example_dags/example_latest_only_with_trigger.py
[2024-11-01T01:58:45.031-0300] {logging_mixin.py:190} INFO - [2024-11-01T01:58:45.030-0300] {dag.py:3239} INFO - Sync 1 DAGs
[2024-11-01T01:58:45.094-0300] {logging_mixin.py:190} INFO - [2024-11-01T01:58:45.094-0300] {dag.py:4180} INFO - Setting next_dagrun for latest_only_with_trigger to 2024-11-01 00:00:00+00:00, run_after=2024-11-01 04:00:00+00:00
[2024-11-01T01:58:45.228-0300] {processor.py:208} INFO - Processing /home/nico/.local/lib/python3.10/site-packages/airflow/example_dags/example_latest_only_with_trigger.py took 0.304 seconds
[2024-11-01T02:00:39.755-0300] {processor.py:186} INFO - Started process (PID=183989) to work on /home/nico/.local/lib/python3.10/site-packages/airflow/example_dags/example_latest_only_with_trigger.py
[2024-11-01T02:00:39.758-0300] {processor.py:914} INFO - Processing file /home/nico/.local/lib/python3.10/site-packages/airflow/example_dags/example_latest_only_with_trigger.py for tasks to queue
[2024-11-01T02:00:39.775-0300] {logging_mixin.py:190} INFO - [2024-11-01T02:00:39.773-0300] {dagbag.py:588} INFO - Filling up the DagBag from /home/nico/.local/lib/python3.10/site-packages/airflow/example_dags/example_latest_only_with_trigger.py
[2024-11-01T02:00:39.814-0300] {processor.py:925} INFO - DAG(s) 'latest_only_with_trigger' retrieved from /home/nico/.local/lib/python3.10/site-packages/airflow/example_dags/example_latest_only_with_trigger.py
[2024-11-01T02:00:39.877-0300] {logging_mixin.py:190} INFO - [2024-11-01T02:00:39.877-0300] {dag.py:3239} INFO - Sync 1 DAGs
[2024-11-01T02:00:39.935-0300] {logging_mixin.py:190} INFO - [2024-11-01T02:00:39.935-0300] {dag.py:4180} INFO - Setting next_dagrun for latest_only_with_trigger to 2024-11-01 00:00:00+00:00, run_after=2024-11-01 04:00:00+00:00
[2024-11-01T02:00:40.061-0300] {processor.py:208} INFO - Processing /home/nico/.local/lib/python3.10/site-packages/airflow/example_dags/example_latest_only_with_trigger.py took 0.347 seconds
[2024-11-01T02:09:16.230-0300] {processor.py:186} INFO - Started process (PID=186123) to work on /home/nico/.local/lib/python3.10/site-packages/airflow/example_dags/example_latest_only_with_trigger.py
[2024-11-01T02:09:16.250-0300] {processor.py:914} INFO - Processing file /home/nico/.local/lib/python3.10/site-packages/airflow/example_dags/example_latest_only_with_trigger.py for tasks to queue
[2024-11-01T02:09:16.259-0300] {logging_mixin.py:190} INFO - [2024-11-01T02:09:16.258-0300] {dagbag.py:588} INFO - Filling up the DagBag from /home/nico/.local/lib/python3.10/site-packages/airflow/example_dags/example_latest_only_with_trigger.py
[2024-11-01T02:09:16.300-0300] {processor.py:925} INFO - DAG(s) 'latest_only_with_trigger' retrieved from /home/nico/.local/lib/python3.10/site-packages/airflow/example_dags/example_latest_only_with_trigger.py
[2024-11-01T02:09:16.771-0300] {logging_mixin.py:190} INFO - [2024-11-01T02:09:16.770-0300] {dag.py:3239} INFO - Sync 1 DAGs
[2024-11-01T02:09:16.856-0300] {logging_mixin.py:190} INFO - [2024-11-01T02:09:16.856-0300] {dag.py:4180} INFO - Setting next_dagrun for latest_only_with_trigger to 2024-11-01 00:00:00+00:00, run_after=2024-11-01 04:00:00+00:00
[2024-11-01T02:09:17.011-0300] {processor.py:208} INFO - Processing /home/nico/.local/lib/python3.10/site-packages/airflow/example_dags/example_latest_only_with_trigger.py took 0.823 seconds
[2024-11-01T02:11:09.760-0300] {processor.py:186} INFO - Started process (PID=186615) to work on /home/nico/.local/lib/python3.10/site-packages/airflow/example_dags/example_latest_only_with_trigger.py
[2024-11-01T02:11:09.764-0300] {processor.py:914} INFO - Processing file /home/nico/.local/lib/python3.10/site-packages/airflow/example_dags/example_latest_only_with_trigger.py for tasks to queue
[2024-11-01T02:11:09.769-0300] {logging_mixin.py:190} INFO - [2024-11-01T02:11:09.768-0300] {dagbag.py:588} INFO - Filling up the DagBag from /home/nico/.local/lib/python3.10/site-packages/airflow/example_dags/example_latest_only_with_trigger.py
[2024-11-01T02:11:09.807-0300] {processor.py:925} INFO - DAG(s) 'latest_only_with_trigger' retrieved from /home/nico/.local/lib/python3.10/site-packages/airflow/example_dags/example_latest_only_with_trigger.py
[2024-11-01T02:11:09.867-0300] {logging_mixin.py:190} INFO - [2024-11-01T02:11:09.866-0300] {dag.py:3239} INFO - Sync 1 DAGs
[2024-11-01T02:11:09.948-0300] {logging_mixin.py:190} INFO - [2024-11-01T02:11:09.947-0300] {dag.py:4180} INFO - Setting next_dagrun for latest_only_with_trigger to 2024-11-01 00:00:00+00:00, run_after=2024-11-01 04:00:00+00:00
[2024-11-01T02:11:10.086-0300] {processor.py:208} INFO - Processing /home/nico/.local/lib/python3.10/site-packages/airflow/example_dags/example_latest_only_with_trigger.py took 0.349 seconds
[2024-11-01T02:16:07.986-0300] {processor.py:186} INFO - Started process (PID=187856) to work on /home/nico/.local/lib/python3.10/site-packages/airflow/example_dags/example_latest_only_with_trigger.py
[2024-11-01T02:16:07.992-0300] {processor.py:914} INFO - Processing file /home/nico/.local/lib/python3.10/site-packages/airflow/example_dags/example_latest_only_with_trigger.py for tasks to queue
[2024-11-01T02:16:08.007-0300] {logging_mixin.py:190} INFO - [2024-11-01T02:16:08.005-0300] {dagbag.py:588} INFO - Filling up the DagBag from /home/nico/.local/lib/python3.10/site-packages/airflow/example_dags/example_latest_only_with_trigger.py
[2024-11-01T02:16:08.085-0300] {processor.py:925} INFO - DAG(s) 'latest_only_with_trigger' retrieved from /home/nico/.local/lib/python3.10/site-packages/airflow/example_dags/example_latest_only_with_trigger.py
[2024-11-01T02:16:08.264-0300] {logging_mixin.py:190} INFO - [2024-11-01T02:16:08.264-0300] {dag.py:3239} INFO - Sync 1 DAGs
[2024-11-01T02:16:08.822-0300] {logging_mixin.py:190} INFO - [2024-11-01T02:16:08.815-0300] {dag.py:4180} INFO - Setting next_dagrun for latest_only_with_trigger to 2024-11-01 00:00:00+00:00, run_after=2024-11-01 04:00:00+00:00
[2024-11-01T02:16:09.035-0300] {processor.py:208} INFO - Processing /home/nico/.local/lib/python3.10/site-packages/airflow/example_dags/example_latest_only_with_trigger.py took 1.118 seconds
[2024-11-01T02:17:58.045-0300] {processor.py:186} INFO - Started process (PID=188323) to work on /home/nico/.local/lib/python3.10/site-packages/airflow/example_dags/example_latest_only_with_trigger.py
[2024-11-01T02:17:58.053-0300] {processor.py:914} INFO - Processing file /home/nico/.local/lib/python3.10/site-packages/airflow/example_dags/example_latest_only_with_trigger.py for tasks to queue
[2024-11-01T02:17:58.062-0300] {logging_mixin.py:190} INFO - [2024-11-01T02:17:58.061-0300] {dagbag.py:588} INFO - Filling up the DagBag from /home/nico/.local/lib/python3.10/site-packages/airflow/example_dags/example_latest_only_with_trigger.py
[2024-11-01T02:17:58.127-0300] {processor.py:925} INFO - DAG(s) 'latest_only_with_trigger' retrieved from /home/nico/.local/lib/python3.10/site-packages/airflow/example_dags/example_latest_only_with_trigger.py
[2024-11-01T02:17:58.447-0300] {logging_mixin.py:190} INFO - [2024-11-01T02:17:58.446-0300] {dag.py:3239} INFO - Sync 1 DAGs
[2024-11-01T02:17:58.607-0300] {logging_mixin.py:190} INFO - [2024-11-01T02:17:58.607-0300] {dag.py:4180} INFO - Setting next_dagrun for latest_only_with_trigger to 2024-11-01 00:00:00+00:00, run_after=2024-11-01 04:00:00+00:00
[2024-11-01T02:17:58.745-0300] {processor.py:208} INFO - Processing /home/nico/.local/lib/python3.10/site-packages/airflow/example_dags/example_latest_only_with_trigger.py took 0.753 seconds
[2024-11-01T02:19:41.494-0300] {processor.py:186} INFO - Started process (PID=188760) to work on /home/nico/.local/lib/python3.10/site-packages/airflow/example_dags/example_latest_only_with_trigger.py
[2024-11-01T02:19:41.497-0300] {processor.py:914} INFO - Processing file /home/nico/.local/lib/python3.10/site-packages/airflow/example_dags/example_latest_only_with_trigger.py for tasks to queue
[2024-11-01T02:19:41.500-0300] {logging_mixin.py:190} INFO - [2024-11-01T02:19:41.499-0300] {dagbag.py:588} INFO - Filling up the DagBag from /home/nico/.local/lib/python3.10/site-packages/airflow/example_dags/example_latest_only_with_trigger.py
[2024-11-01T02:19:41.524-0300] {processor.py:925} INFO - DAG(s) 'latest_only_with_trigger' retrieved from /home/nico/.local/lib/python3.10/site-packages/airflow/example_dags/example_latest_only_with_trigger.py
[2024-11-01T02:19:41.583-0300] {logging_mixin.py:190} INFO - [2024-11-01T02:19:41.582-0300] {dag.py:3239} INFO - Sync 1 DAGs
[2024-11-01T02:19:41.694-0300] {logging_mixin.py:190} INFO - [2024-11-01T02:19:41.692-0300] {dag.py:4180} INFO - Setting next_dagrun for latest_only_with_trigger to 2024-11-01 00:00:00+00:00, run_after=2024-11-01 04:00:00+00:00
[2024-11-01T02:19:41.878-0300] {processor.py:208} INFO - Processing /home/nico/.local/lib/python3.10/site-packages/airflow/example_dags/example_latest_only_with_trigger.py took 0.399 seconds
[2024-11-01T02:22:12.235-0300] {processor.py:186} INFO - Started process (PID=189378) to work on /home/nico/.local/lib/python3.10/site-packages/airflow/example_dags/example_latest_only_with_trigger.py
[2024-11-01T02:22:12.249-0300] {processor.py:914} INFO - Processing file /home/nico/.local/lib/python3.10/site-packages/airflow/example_dags/example_latest_only_with_trigger.py for tasks to queue
[2024-11-01T02:22:12.255-0300] {logging_mixin.py:190} INFO - [2024-11-01T02:22:12.254-0300] {dagbag.py:588} INFO - Filling up the DagBag from /home/nico/.local/lib/python3.10/site-packages/airflow/example_dags/example_latest_only_with_trigger.py
[2024-11-01T02:22:12.306-0300] {processor.py:925} INFO - DAG(s) 'latest_only_with_trigger' retrieved from /home/nico/.local/lib/python3.10/site-packages/airflow/example_dags/example_latest_only_with_trigger.py
[2024-11-01T02:22:12.392-0300] {logging_mixin.py:190} INFO - [2024-11-01T02:22:12.391-0300] {dag.py:3239} INFO - Sync 1 DAGs
[2024-11-01T02:22:12.467-0300] {logging_mixin.py:190} INFO - [2024-11-01T02:22:12.466-0300] {dag.py:4180} INFO - Setting next_dagrun for latest_only_with_trigger to 2024-11-01 00:00:00+00:00, run_after=2024-11-01 04:00:00+00:00
[2024-11-01T02:22:12.626-0300] {processor.py:208} INFO - Processing /home/nico/.local/lib/python3.10/site-packages/airflow/example_dags/example_latest_only_with_trigger.py took 0.442 seconds
[2024-11-01T02:25:03.562-0300] {processor.py:186} INFO - Started process (PID=190073) to work on /home/nico/.local/lib/python3.10/site-packages/airflow/example_dags/example_latest_only_with_trigger.py
[2024-11-01T02:25:03.567-0300] {processor.py:914} INFO - Processing file /home/nico/.local/lib/python3.10/site-packages/airflow/example_dags/example_latest_only_with_trigger.py for tasks to queue
[2024-11-01T02:25:03.585-0300] {logging_mixin.py:190} INFO - [2024-11-01T02:25:03.584-0300] {dagbag.py:588} INFO - Filling up the DagBag from /home/nico/.local/lib/python3.10/site-packages/airflow/example_dags/example_latest_only_with_trigger.py
[2024-11-01T02:25:03.644-0300] {processor.py:925} INFO - DAG(s) 'latest_only_with_trigger' retrieved from /home/nico/.local/lib/python3.10/site-packages/airflow/example_dags/example_latest_only_with_trigger.py
[2024-11-01T02:25:04.301-0300] {logging_mixin.py:190} INFO - [2024-11-01T02:25:04.300-0300] {dag.py:3239} INFO - Sync 1 DAGs
[2024-11-01T02:25:04.400-0300] {logging_mixin.py:190} INFO - [2024-11-01T02:25:04.398-0300] {dag.py:4180} INFO - Setting next_dagrun for latest_only_with_trigger to 2024-11-01 00:00:00+00:00, run_after=2024-11-01 04:00:00+00:00
[2024-11-01T02:25:04.611-0300] {processor.py:208} INFO - Processing /home/nico/.local/lib/python3.10/site-packages/airflow/example_dags/example_latest_only_with_trigger.py took 1.100 seconds
[2024-11-01T02:32:42.910-0300] {processor.py:186} INFO - Started process (PID=191980) to work on /home/nico/.local/lib/python3.10/site-packages/airflow/example_dags/example_latest_only_with_trigger.py
[2024-11-01T02:32:42.913-0300] {processor.py:914} INFO - Processing file /home/nico/.local/lib/python3.10/site-packages/airflow/example_dags/example_latest_only_with_trigger.py for tasks to queue
[2024-11-01T02:32:42.918-0300] {logging_mixin.py:190} INFO - [2024-11-01T02:32:42.917-0300] {dagbag.py:588} INFO - Filling up the DagBag from /home/nico/.local/lib/python3.10/site-packages/airflow/example_dags/example_latest_only_with_trigger.py
[2024-11-01T02:32:42.938-0300] {processor.py:925} INFO - DAG(s) 'latest_only_with_trigger' retrieved from /home/nico/.local/lib/python3.10/site-packages/airflow/example_dags/example_latest_only_with_trigger.py
[2024-11-01T02:32:43.013-0300] {logging_mixin.py:190} INFO - [2024-11-01T02:32:43.013-0300] {dag.py:3239} INFO - Sync 1 DAGs
[2024-11-01T02:32:43.070-0300] {logging_mixin.py:190} INFO - [2024-11-01T02:32:43.070-0300] {dag.py:4180} INFO - Setting next_dagrun for latest_only_with_trigger to 2024-11-01 00:00:00+00:00, run_after=2024-11-01 04:00:00+00:00
[2024-11-01T02:32:43.244-0300] {processor.py:208} INFO - Processing /home/nico/.local/lib/python3.10/site-packages/airflow/example_dags/example_latest_only_with_trigger.py took 0.358 seconds
[2024-11-01T02:35:07.608-0300] {processor.py:186} INFO - Started process (PID=192590) to work on /home/nico/.local/lib/python3.10/site-packages/airflow/example_dags/example_latest_only_with_trigger.py
[2024-11-01T02:35:07.611-0300] {processor.py:914} INFO - Processing file /home/nico/.local/lib/python3.10/site-packages/airflow/example_dags/example_latest_only_with_trigger.py for tasks to queue
[2024-11-01T02:35:07.616-0300] {logging_mixin.py:190} INFO - [2024-11-01T02:35:07.615-0300] {dagbag.py:588} INFO - Filling up the DagBag from /home/nico/.local/lib/python3.10/site-packages/airflow/example_dags/example_latest_only_with_trigger.py
[2024-11-01T02:35:07.635-0300] {processor.py:925} INFO - DAG(s) 'latest_only_with_trigger' retrieved from /home/nico/.local/lib/python3.10/site-packages/airflow/example_dags/example_latest_only_with_trigger.py
[2024-11-01T02:35:07.705-0300] {logging_mixin.py:190} INFO - [2024-11-01T02:35:07.705-0300] {dag.py:3239} INFO - Sync 1 DAGs
[2024-11-01T02:35:07.789-0300] {logging_mixin.py:190} INFO - [2024-11-01T02:35:07.788-0300] {dag.py:4180} INFO - Setting next_dagrun for latest_only_with_trigger to 2024-11-01 00:00:00+00:00, run_after=2024-11-01 04:00:00+00:00
[2024-11-01T02:35:07.939-0300] {processor.py:208} INFO - Processing /home/nico/.local/lib/python3.10/site-packages/airflow/example_dags/example_latest_only_with_trigger.py took 0.353 seconds
[2024-11-01T02:37:42.777-0300] {processor.py:186} INFO - Started process (PID=193228) to work on /home/nico/.local/lib/python3.10/site-packages/airflow/example_dags/example_latest_only_with_trigger.py
[2024-11-01T02:37:42.839-0300] {processor.py:914} INFO - Processing file /home/nico/.local/lib/python3.10/site-packages/airflow/example_dags/example_latest_only_with_trigger.py for tasks to queue
[2024-11-01T02:37:43.036-0300] {logging_mixin.py:190} INFO - [2024-11-01T02:37:43.034-0300] {dagbag.py:588} INFO - Filling up the DagBag from /home/nico/.local/lib/python3.10/site-packages/airflow/example_dags/example_latest_only_with_trigger.py
[2024-11-01T02:37:43.125-0300] {processor.py:925} INFO - DAG(s) 'latest_only_with_trigger' retrieved from /home/nico/.local/lib/python3.10/site-packages/airflow/example_dags/example_latest_only_with_trigger.py
[2024-11-01T02:37:44.084-0300] {logging_mixin.py:190} INFO - [2024-11-01T02:37:44.084-0300] {dag.py:3239} INFO - Sync 1 DAGs
[2024-11-01T02:37:44.139-0300] {logging_mixin.py:190} INFO - [2024-11-01T02:37:44.138-0300] {dag.py:4180} INFO - Setting next_dagrun for latest_only_with_trigger to 2024-11-01 00:00:00+00:00, run_after=2024-11-01 04:00:00+00:00
[2024-11-01T02:37:44.274-0300] {processor.py:208} INFO - Processing /home/nico/.local/lib/python3.10/site-packages/airflow/example_dags/example_latest_only_with_trigger.py took 1.522 seconds
[2024-11-01T02:46:53.383-0300] {processor.py:186} INFO - Started process (PID=195570) to work on /home/nico/.local/lib/python3.10/site-packages/airflow/example_dags/example_latest_only_with_trigger.py
[2024-11-01T02:46:53.385-0300] {processor.py:914} INFO - Processing file /home/nico/.local/lib/python3.10/site-packages/airflow/example_dags/example_latest_only_with_trigger.py for tasks to queue
[2024-11-01T02:46:53.389-0300] {logging_mixin.py:190} INFO - [2024-11-01T02:46:53.388-0300] {dagbag.py:588} INFO - Filling up the DagBag from /home/nico/.local/lib/python3.10/site-packages/airflow/example_dags/example_latest_only_with_trigger.py
[2024-11-01T02:46:53.413-0300] {processor.py:925} INFO - DAG(s) 'latest_only_with_trigger' retrieved from /home/nico/.local/lib/python3.10/site-packages/airflow/example_dags/example_latest_only_with_trigger.py
[2024-11-01T02:46:53.492-0300] {logging_mixin.py:190} INFO - [2024-11-01T02:46:53.491-0300] {dag.py:3239} INFO - Sync 1 DAGs
[2024-11-01T02:46:53.581-0300] {logging_mixin.py:190} INFO - [2024-11-01T02:46:53.580-0300] {dag.py:4180} INFO - Setting next_dagrun for latest_only_with_trigger to 2024-11-01 00:00:00+00:00, run_after=2024-11-01 04:00:00+00:00
[2024-11-01T02:46:53.988-0300] {processor.py:208} INFO - Processing /home/nico/.local/lib/python3.10/site-packages/airflow/example_dags/example_latest_only_with_trigger.py took 0.622 seconds
