[2024-10-31T21:01:12.960-0300] {processor.py:186} INFO - Started process (PID=149793) to work on /home/nico/.local/lib/python3.10/site-packages/airflow/example_dags/tutorial_taskflow_api.py
[2024-10-31T21:01:12.967-0300] {processor.py:914} INFO - Processing file /home/nico/.local/lib/python3.10/site-packages/airflow/example_dags/tutorial_taskflow_api.py for tasks to queue
[2024-10-31T21:01:12.979-0300] {logging_mixin.py:190} INFO - [2024-10-31T21:01:12.978-0300] {dagbag.py:588} INFO - Filling up the DagBag from /home/nico/.local/lib/python3.10/site-packages/airflow/example_dags/tutorial_taskflow_api.py
[2024-10-31T21:01:13.012-0300] {processor.py:925} INFO - DAG(s) 'tutorial_taskflow_api' retrieved from /home/nico/.local/lib/python3.10/site-packages/airflow/example_dags/tutorial_taskflow_api.py
[2024-10-31T21:01:13.113-0300] {logging_mixin.py:190} INFO - [2024-10-31T21:01:13.112-0300] {dag.py:3239} INFO - Sync 1 DAGs
[2024-10-31T21:01:13.158-0300] {logging_mixin.py:190} INFO - [2024-10-31T21:01:13.158-0300] {dag.py:4180} INFO - Setting next_dagrun for tutorial_taskflow_api to None, run_after=None
[2024-10-31T21:01:13.299-0300] {processor.py:208} INFO - Processing /home/nico/.local/lib/python3.10/site-packages/airflow/example_dags/tutorial_taskflow_api.py took 0.377 seconds
[2024-10-31T21:03:35.470-0300] {processor.py:186} INFO - Started process (PID=150420) to work on /home/nico/.local/lib/python3.10/site-packages/airflow/example_dags/tutorial_taskflow_api.py
[2024-10-31T21:03:35.667-0300] {processor.py:914} INFO - Processing file /home/nico/.local/lib/python3.10/site-packages/airflow/example_dags/tutorial_taskflow_api.py for tasks to queue
[2024-10-31T21:03:35.709-0300] {logging_mixin.py:190} INFO - [2024-10-31T21:03:35.707-0300] {dagbag.py:588} INFO - Filling up the DagBag from /home/nico/.local/lib/python3.10/site-packages/airflow/example_dags/tutorial_taskflow_api.py
[2024-10-31T21:03:35.782-0300] {processor.py:925} INFO - DAG(s) 'tutorial_taskflow_api' retrieved from /home/nico/.local/lib/python3.10/site-packages/airflow/example_dags/tutorial_taskflow_api.py
[2024-10-31T21:03:35.984-0300] {logging_mixin.py:190} INFO - [2024-10-31T21:03:35.983-0300] {dag.py:3239} INFO - Sync 1 DAGs
[2024-10-31T21:03:36.156-0300] {logging_mixin.py:190} INFO - [2024-10-31T21:03:36.155-0300] {dag.py:4180} INFO - Setting next_dagrun for tutorial_taskflow_api to None, run_after=None
[2024-10-31T21:03:36.564-0300] {processor.py:208} INFO - Processing /home/nico/.local/lib/python3.10/site-packages/airflow/example_dags/tutorial_taskflow_api.py took 1.137 seconds
[2024-10-31T23:52:25.957-0300] {processor.py:186} INFO - Started process (PID=151678) to work on /home/nico/.local/lib/python3.10/site-packages/airflow/example_dags/tutorial_taskflow_api.py
[2024-10-31T23:52:25.971-0300] {processor.py:914} INFO - Processing file /home/nico/.local/lib/python3.10/site-packages/airflow/example_dags/tutorial_taskflow_api.py for tasks to queue
[2024-10-31T23:52:25.990-0300] {logging_mixin.py:190} INFO - [2024-10-31T23:52:25.989-0300] {dagbag.py:588} INFO - Filling up the DagBag from /home/nico/.local/lib/python3.10/site-packages/airflow/example_dags/tutorial_taskflow_api.py
[2024-10-31T23:52:26.134-0300] {processor.py:925} INFO - DAG(s) 'tutorial_taskflow_api' retrieved from /home/nico/.local/lib/python3.10/site-packages/airflow/example_dags/tutorial_taskflow_api.py
[2024-10-31T23:52:26.347-0300] {logging_mixin.py:190} INFO - [2024-10-31T23:52:26.346-0300] {dag.py:3239} INFO - Sync 1 DAGs
[2024-10-31T23:52:26.444-0300] {logging_mixin.py:190} INFO - [2024-10-31T23:52:26.443-0300] {dag.py:4180} INFO - Setting next_dagrun for tutorial_taskflow_api to None, run_after=None
[2024-10-31T23:52:26.848-0300] {processor.py:208} INFO - Processing /home/nico/.local/lib/python3.10/site-packages/airflow/example_dags/tutorial_taskflow_api.py took 0.950 seconds
[2024-10-31T23:59:34.754-0300] {processor.py:186} INFO - Started process (PID=153488) to work on /home/nico/.local/lib/python3.10/site-packages/airflow/example_dags/tutorial_taskflow_api.py
[2024-10-31T23:59:34.758-0300] {processor.py:914} INFO - Processing file /home/nico/.local/lib/python3.10/site-packages/airflow/example_dags/tutorial_taskflow_api.py for tasks to queue
[2024-10-31T23:59:34.763-0300] {logging_mixin.py:190} INFO - [2024-10-31T23:59:34.762-0300] {dagbag.py:588} INFO - Filling up the DagBag from /home/nico/.local/lib/python3.10/site-packages/airflow/example_dags/tutorial_taskflow_api.py
[2024-10-31T23:59:34.796-0300] {processor.py:925} INFO - DAG(s) 'tutorial_taskflow_api' retrieved from /home/nico/.local/lib/python3.10/site-packages/airflow/example_dags/tutorial_taskflow_api.py
[2024-10-31T23:59:34.918-0300] {logging_mixin.py:190} INFO - [2024-10-31T23:59:34.917-0300] {dag.py:3239} INFO - Sync 1 DAGs
[2024-10-31T23:59:34.958-0300] {logging_mixin.py:190} INFO - [2024-10-31T23:59:34.958-0300] {dag.py:4180} INFO - Setting next_dagrun for tutorial_taskflow_api to None, run_after=None
[2024-10-31T23:59:35.147-0300] {processor.py:208} INFO - Processing /home/nico/.local/lib/python3.10/site-packages/airflow/example_dags/tutorial_taskflow_api.py took 0.414 seconds
[2024-11-01T00:03:39.613-0300] {processor.py:186} INFO - Started process (PID=154527) to work on /home/nico/.local/lib/python3.10/site-packages/airflow/example_dags/tutorial_taskflow_api.py
[2024-11-01T00:03:39.617-0300] {processor.py:914} INFO - Processing file /home/nico/.local/lib/python3.10/site-packages/airflow/example_dags/tutorial_taskflow_api.py for tasks to queue
[2024-11-01T00:03:39.633-0300] {logging_mixin.py:190} INFO - [2024-11-01T00:03:39.631-0300] {dagbag.py:588} INFO - Filling up the DagBag from /home/nico/.local/lib/python3.10/site-packages/airflow/example_dags/tutorial_taskflow_api.py
[2024-11-01T00:03:39.710-0300] {processor.py:925} INFO - DAG(s) 'tutorial_taskflow_api' retrieved from /home/nico/.local/lib/python3.10/site-packages/airflow/example_dags/tutorial_taskflow_api.py
[2024-11-01T00:03:39.977-0300] {logging_mixin.py:190} INFO - [2024-11-01T00:03:39.976-0300] {dag.py:3239} INFO - Sync 1 DAGs
[2024-11-01T00:03:40.025-0300] {logging_mixin.py:190} INFO - [2024-11-01T00:03:40.024-0300] {dag.py:4180} INFO - Setting next_dagrun for tutorial_taskflow_api to None, run_after=None
[2024-11-01T00:03:40.318-0300] {processor.py:208} INFO - Processing /home/nico/.local/lib/python3.10/site-packages/airflow/example_dags/tutorial_taskflow_api.py took 0.768 seconds
[2024-11-01T00:06:01.333-0300] {processor.py:186} INFO - Started process (PID=155137) to work on /home/nico/.local/lib/python3.10/site-packages/airflow/example_dags/tutorial_taskflow_api.py
[2024-11-01T00:06:01.349-0300] {processor.py:914} INFO - Processing file /home/nico/.local/lib/python3.10/site-packages/airflow/example_dags/tutorial_taskflow_api.py for tasks to queue
[2024-11-01T00:06:01.361-0300] {logging_mixin.py:190} INFO - [2024-11-01T00:06:01.354-0300] {dagbag.py:588} INFO - Filling up the DagBag from /home/nico/.local/lib/python3.10/site-packages/airflow/example_dags/tutorial_taskflow_api.py
[2024-11-01T00:06:01.413-0300] {processor.py:925} INFO - DAG(s) 'tutorial_taskflow_api' retrieved from /home/nico/.local/lib/python3.10/site-packages/airflow/example_dags/tutorial_taskflow_api.py
[2024-11-01T00:06:02.017-0300] {logging_mixin.py:190} INFO - [2024-11-01T00:06:02.014-0300] {dag.py:3239} INFO - Sync 1 DAGs
[2024-11-01T00:06:02.142-0300] {logging_mixin.py:190} INFO - [2024-11-01T00:06:02.142-0300] {dag.py:4180} INFO - Setting next_dagrun for tutorial_taskflow_api to None, run_after=None
[2024-11-01T00:06:02.377-0300] {processor.py:208} INFO - Processing /home/nico/.local/lib/python3.10/site-packages/airflow/example_dags/tutorial_taskflow_api.py took 1.099 seconds
[2024-11-01T00:09:03.709-0300] {processor.py:186} INFO - Started process (PID=155962) to work on /home/nico/.local/lib/python3.10/site-packages/airflow/example_dags/tutorial_taskflow_api.py
[2024-11-01T00:09:03.713-0300] {processor.py:914} INFO - Processing file /home/nico/.local/lib/python3.10/site-packages/airflow/example_dags/tutorial_taskflow_api.py for tasks to queue
[2024-11-01T00:09:03.719-0300] {logging_mixin.py:190} INFO - [2024-11-01T00:09:03.719-0300] {dagbag.py:588} INFO - Filling up the DagBag from /home/nico/.local/lib/python3.10/site-packages/airflow/example_dags/tutorial_taskflow_api.py
[2024-11-01T00:09:03.756-0300] {processor.py:925} INFO - DAG(s) 'tutorial_taskflow_api' retrieved from /home/nico/.local/lib/python3.10/site-packages/airflow/example_dags/tutorial_taskflow_api.py
[2024-11-01T00:09:04.015-0300] {logging_mixin.py:190} INFO - [2024-11-01T00:09:04.014-0300] {dag.py:3239} INFO - Sync 1 DAGs
[2024-11-01T00:09:04.247-0300] {logging_mixin.py:190} INFO - [2024-11-01T00:09:04.246-0300] {dag.py:4180} INFO - Setting next_dagrun for tutorial_taskflow_api to None, run_after=None
[2024-11-01T00:09:04.918-0300] {processor.py:208} INFO - Processing /home/nico/.local/lib/python3.10/site-packages/airflow/example_dags/tutorial_taskflow_api.py took 1.226 seconds
[2024-11-01T00:18:40.618-0300] {processor.py:186} INFO - Started process (PID=158372) to work on /home/nico/.local/lib/python3.10/site-packages/airflow/example_dags/tutorial_taskflow_api.py
[2024-11-01T00:18:40.639-0300] {processor.py:914} INFO - Processing file /home/nico/.local/lib/python3.10/site-packages/airflow/example_dags/tutorial_taskflow_api.py for tasks to queue
[2024-11-01T00:18:40.653-0300] {logging_mixin.py:190} INFO - [2024-11-01T00:18:40.652-0300] {dagbag.py:588} INFO - Filling up the DagBag from /home/nico/.local/lib/python3.10/site-packages/airflow/example_dags/tutorial_taskflow_api.py
[2024-11-01T00:18:40.702-0300] {processor.py:925} INFO - DAG(s) 'tutorial_taskflow_api' retrieved from /home/nico/.local/lib/python3.10/site-packages/airflow/example_dags/tutorial_taskflow_api.py
[2024-11-01T00:18:40.940-0300] {logging_mixin.py:190} INFO - [2024-11-01T00:18:40.939-0300] {dag.py:3239} INFO - Sync 1 DAGs
[2024-11-01T00:18:41.455-0300] {logging_mixin.py:190} INFO - [2024-11-01T00:18:41.454-0300] {dag.py:4180} INFO - Setting next_dagrun for tutorial_taskflow_api to None, run_after=None
[2024-11-01T00:18:43.336-0300] {processor.py:208} INFO - Processing /home/nico/.local/lib/python3.10/site-packages/airflow/example_dags/tutorial_taskflow_api.py took 2.755 seconds
[2024-11-01T00:21:58.290-0300] {processor.py:186} INFO - Started process (PID=159192) to work on /home/nico/.local/lib/python3.10/site-packages/airflow/example_dags/tutorial_taskflow_api.py
[2024-11-01T00:21:58.321-0300] {processor.py:914} INFO - Processing file /home/nico/.local/lib/python3.10/site-packages/airflow/example_dags/tutorial_taskflow_api.py for tasks to queue
[2024-11-01T00:21:58.345-0300] {logging_mixin.py:190} INFO - [2024-11-01T00:21:58.344-0300] {dagbag.py:588} INFO - Filling up the DagBag from /home/nico/.local/lib/python3.10/site-packages/airflow/example_dags/tutorial_taskflow_api.py
[2024-11-01T00:21:58.401-0300] {processor.py:925} INFO - DAG(s) 'tutorial_taskflow_api' retrieved from /home/nico/.local/lib/python3.10/site-packages/airflow/example_dags/tutorial_taskflow_api.py
[2024-11-01T00:21:58.605-0300] {logging_mixin.py:190} INFO - [2024-11-01T00:21:58.604-0300] {dag.py:3239} INFO - Sync 1 DAGs
[2024-11-01T00:21:58.697-0300] {logging_mixin.py:190} INFO - [2024-11-01T00:21:58.696-0300] {dag.py:4180} INFO - Setting next_dagrun for tutorial_taskflow_api to None, run_after=None
[2024-11-01T00:21:58.972-0300] {processor.py:208} INFO - Processing /home/nico/.local/lib/python3.10/site-packages/airflow/example_dags/tutorial_taskflow_api.py took 0.726 seconds
[2024-11-01T00:32:15.297-0300] {processor.py:186} INFO - Started process (PID=161835) to work on /home/nico/.local/lib/python3.10/site-packages/airflow/example_dags/tutorial_taskflow_api.py
[2024-11-01T00:32:15.300-0300] {processor.py:914} INFO - Processing file /home/nico/.local/lib/python3.10/site-packages/airflow/example_dags/tutorial_taskflow_api.py for tasks to queue
[2024-11-01T00:32:15.303-0300] {logging_mixin.py:190} INFO - [2024-11-01T00:32:15.302-0300] {dagbag.py:588} INFO - Filling up the DagBag from /home/nico/.local/lib/python3.10/site-packages/airflow/example_dags/tutorial_taskflow_api.py
[2024-11-01T00:32:15.318-0300] {processor.py:925} INFO - DAG(s) 'tutorial_taskflow_api' retrieved from /home/nico/.local/lib/python3.10/site-packages/airflow/example_dags/tutorial_taskflow_api.py
[2024-11-01T00:32:15.408-0300] {logging_mixin.py:190} INFO - [2024-11-01T00:32:15.407-0300] {dag.py:3239} INFO - Sync 1 DAGs
[2024-11-01T00:32:15.454-0300] {logging_mixin.py:190} INFO - [2024-11-01T00:32:15.454-0300] {dag.py:4180} INFO - Setting next_dagrun for tutorial_taskflow_api to None, run_after=None
[2024-11-01T00:32:15.605-0300] {processor.py:208} INFO - Processing /home/nico/.local/lib/python3.10/site-packages/airflow/example_dags/tutorial_taskflow_api.py took 0.324 seconds
[2024-11-01T00:34:28.064-0300] {processor.py:186} INFO - Started process (PID=162405) to work on /home/nico/.local/lib/python3.10/site-packages/airflow/example_dags/tutorial_taskflow_api.py
[2024-11-01T00:34:28.067-0300] {processor.py:914} INFO - Processing file /home/nico/.local/lib/python3.10/site-packages/airflow/example_dags/tutorial_taskflow_api.py for tasks to queue
[2024-11-01T00:34:28.070-0300] {logging_mixin.py:190} INFO - [2024-11-01T00:34:28.069-0300] {dagbag.py:588} INFO - Filling up the DagBag from /home/nico/.local/lib/python3.10/site-packages/airflow/example_dags/tutorial_taskflow_api.py
[2024-11-01T00:34:28.086-0300] {processor.py:925} INFO - DAG(s) 'tutorial_taskflow_api' retrieved from /home/nico/.local/lib/python3.10/site-packages/airflow/example_dags/tutorial_taskflow_api.py
[2024-11-01T00:34:28.151-0300] {logging_mixin.py:190} INFO - [2024-11-01T00:34:28.150-0300] {dag.py:3239} INFO - Sync 1 DAGs
[2024-11-01T00:34:28.203-0300] {logging_mixin.py:190} INFO - [2024-11-01T00:34:28.202-0300] {dag.py:4180} INFO - Setting next_dagrun for tutorial_taskflow_api to None, run_after=None
[2024-11-01T00:34:28.356-0300] {processor.py:208} INFO - Processing /home/nico/.local/lib/python3.10/site-packages/airflow/example_dags/tutorial_taskflow_api.py took 0.320 seconds
[2024-11-01T00:36:03.054-0300] {processor.py:186} INFO - Started process (PID=162811) to work on /home/nico/.local/lib/python3.10/site-packages/airflow/example_dags/tutorial_taskflow_api.py
[2024-11-01T00:36:03.059-0300] {processor.py:914} INFO - Processing file /home/nico/.local/lib/python3.10/site-packages/airflow/example_dags/tutorial_taskflow_api.py for tasks to queue
[2024-11-01T00:36:03.064-0300] {logging_mixin.py:190} INFO - [2024-11-01T00:36:03.063-0300] {dagbag.py:588} INFO - Filling up the DagBag from /home/nico/.local/lib/python3.10/site-packages/airflow/example_dags/tutorial_taskflow_api.py
[2024-11-01T00:36:03.104-0300] {processor.py:925} INFO - DAG(s) 'tutorial_taskflow_api' retrieved from /home/nico/.local/lib/python3.10/site-packages/airflow/example_dags/tutorial_taskflow_api.py
[2024-11-01T00:36:03.195-0300] {logging_mixin.py:190} INFO - [2024-11-01T00:36:03.194-0300] {dag.py:3239} INFO - Sync 1 DAGs
[2024-11-01T00:36:03.351-0300] {logging_mixin.py:190} INFO - [2024-11-01T00:36:03.350-0300] {dag.py:4180} INFO - Setting next_dagrun for tutorial_taskflow_api to None, run_after=None
[2024-11-01T00:36:03.657-0300] {processor.py:208} INFO - Processing /home/nico/.local/lib/python3.10/site-packages/airflow/example_dags/tutorial_taskflow_api.py took 0.626 seconds
[2024-11-01T00:37:47.840-0300] {processor.py:186} INFO - Started process (PID=163258) to work on /home/nico/.local/lib/python3.10/site-packages/airflow/example_dags/tutorial_taskflow_api.py
[2024-11-01T00:37:47.854-0300] {processor.py:914} INFO - Processing file /home/nico/.local/lib/python3.10/site-packages/airflow/example_dags/tutorial_taskflow_api.py for tasks to queue
[2024-11-01T00:37:47.858-0300] {logging_mixin.py:190} INFO - [2024-11-01T00:37:47.857-0300] {dagbag.py:588} INFO - Filling up the DagBag from /home/nico/.local/lib/python3.10/site-packages/airflow/example_dags/tutorial_taskflow_api.py
[2024-11-01T00:37:47.896-0300] {processor.py:925} INFO - DAG(s) 'tutorial_taskflow_api' retrieved from /home/nico/.local/lib/python3.10/site-packages/airflow/example_dags/tutorial_taskflow_api.py
[2024-11-01T00:37:47.964-0300] {logging_mixin.py:190} INFO - [2024-11-01T00:37:47.964-0300] {dag.py:3239} INFO - Sync 1 DAGs
[2024-11-01T00:37:47.994-0300] {logging_mixin.py:190} INFO - [2024-11-01T00:37:47.993-0300] {dag.py:4180} INFO - Setting next_dagrun for tutorial_taskflow_api to None, run_after=None
[2024-11-01T00:37:48.876-0300] {processor.py:208} INFO - Processing /home/nico/.local/lib/python3.10/site-packages/airflow/example_dags/tutorial_taskflow_api.py took 1.070 seconds
[2024-11-01T00:47:06.267-0300] {processor.py:186} INFO - Started process (PID=165524) to work on /home/nico/.local/lib/python3.10/site-packages/airflow/example_dags/tutorial_taskflow_api.py
[2024-11-01T00:47:06.270-0300] {processor.py:914} INFO - Processing file /home/nico/.local/lib/python3.10/site-packages/airflow/example_dags/tutorial_taskflow_api.py for tasks to queue
[2024-11-01T00:47:06.283-0300] {logging_mixin.py:190} INFO - [2024-11-01T00:47:06.278-0300] {dagbag.py:588} INFO - Filling up the DagBag from /home/nico/.local/lib/python3.10/site-packages/airflow/example_dags/tutorial_taskflow_api.py
[2024-11-01T00:47:06.346-0300] {processor.py:925} INFO - DAG(s) 'tutorial_taskflow_api' retrieved from /home/nico/.local/lib/python3.10/site-packages/airflow/example_dags/tutorial_taskflow_api.py
[2024-11-01T00:47:06.746-0300] {logging_mixin.py:190} INFO - [2024-11-01T00:47:06.745-0300] {dag.py:3239} INFO - Sync 1 DAGs
[2024-11-01T00:47:06.916-0300] {logging_mixin.py:190} INFO - [2024-11-01T00:47:06.915-0300] {dag.py:4180} INFO - Setting next_dagrun for tutorial_taskflow_api to None, run_after=None
[2024-11-01T00:47:07.359-0300] {processor.py:208} INFO - Processing /home/nico/.local/lib/python3.10/site-packages/airflow/example_dags/tutorial_taskflow_api.py took 1.116 seconds
[2024-11-01T00:52:28.337-0300] {processor.py:186} INFO - Started process (PID=166860) to work on /home/nico/.local/lib/python3.10/site-packages/airflow/example_dags/tutorial_taskflow_api.py
[2024-11-01T00:52:28.350-0300] {processor.py:914} INFO - Processing file /home/nico/.local/lib/python3.10/site-packages/airflow/example_dags/tutorial_taskflow_api.py for tasks to queue
[2024-11-01T00:52:28.368-0300] {logging_mixin.py:190} INFO - [2024-11-01T00:52:28.367-0300] {dagbag.py:588} INFO - Filling up the DagBag from /home/nico/.local/lib/python3.10/site-packages/airflow/example_dags/tutorial_taskflow_api.py
[2024-11-01T00:52:28.442-0300] {processor.py:925} INFO - DAG(s) 'tutorial_taskflow_api' retrieved from /home/nico/.local/lib/python3.10/site-packages/airflow/example_dags/tutorial_taskflow_api.py
[2024-11-01T00:52:28.605-0300] {logging_mixin.py:190} INFO - [2024-11-01T00:52:28.604-0300] {dag.py:3239} INFO - Sync 1 DAGs
[2024-11-01T00:52:28.680-0300] {logging_mixin.py:190} INFO - [2024-11-01T00:52:28.680-0300] {dag.py:4180} INFO - Setting next_dagrun for tutorial_taskflow_api to None, run_after=None
[2024-11-01T00:52:28.860-0300] {processor.py:208} INFO - Processing /home/nico/.local/lib/python3.10/site-packages/airflow/example_dags/tutorial_taskflow_api.py took 0.573 seconds
[2024-11-01T00:54:36.828-0300] {processor.py:186} INFO - Started process (PID=167404) to work on /home/nico/.local/lib/python3.10/site-packages/airflow/example_dags/tutorial_taskflow_api.py
[2024-11-01T00:54:36.833-0300] {processor.py:914} INFO - Processing file /home/nico/.local/lib/python3.10/site-packages/airflow/example_dags/tutorial_taskflow_api.py for tasks to queue
[2024-11-01T00:54:36.842-0300] {logging_mixin.py:190} INFO - [2024-11-01T00:54:36.841-0300] {dagbag.py:588} INFO - Filling up the DagBag from /home/nico/.local/lib/python3.10/site-packages/airflow/example_dags/tutorial_taskflow_api.py
[2024-11-01T00:54:36.902-0300] {processor.py:925} INFO - DAG(s) 'tutorial_taskflow_api' retrieved from /home/nico/.local/lib/python3.10/site-packages/airflow/example_dags/tutorial_taskflow_api.py
[2024-11-01T00:54:37.058-0300] {logging_mixin.py:190} INFO - [2024-11-01T00:54:37.057-0300] {dag.py:3239} INFO - Sync 1 DAGs
[2024-11-01T00:54:37.212-0300] {logging_mixin.py:190} INFO - [2024-11-01T00:54:37.209-0300] {dag.py:4180} INFO - Setting next_dagrun for tutorial_taskflow_api to None, run_after=None
[2024-11-01T00:54:37.530-0300] {processor.py:208} INFO - Processing /home/nico/.local/lib/python3.10/site-packages/airflow/example_dags/tutorial_taskflow_api.py took 0.769 seconds
[2024-11-01T00:57:21.559-0300] {processor.py:186} INFO - Started process (PID=168133) to work on /home/nico/.local/lib/python3.10/site-packages/airflow/example_dags/tutorial_taskflow_api.py
[2024-11-01T00:57:21.563-0300] {processor.py:914} INFO - Processing file /home/nico/.local/lib/python3.10/site-packages/airflow/example_dags/tutorial_taskflow_api.py for tasks to queue
[2024-11-01T00:57:21.570-0300] {logging_mixin.py:190} INFO - [2024-11-01T00:57:21.569-0300] {dagbag.py:588} INFO - Filling up the DagBag from /home/nico/.local/lib/python3.10/site-packages/airflow/example_dags/tutorial_taskflow_api.py
[2024-11-01T00:57:21.637-0300] {processor.py:925} INFO - DAG(s) 'tutorial_taskflow_api' retrieved from /home/nico/.local/lib/python3.10/site-packages/airflow/example_dags/tutorial_taskflow_api.py
[2024-11-01T00:57:21.717-0300] {logging_mixin.py:190} INFO - [2024-11-01T00:57:21.716-0300] {dag.py:3239} INFO - Sync 1 DAGs
[2024-11-01T00:57:21.763-0300] {logging_mixin.py:190} INFO - [2024-11-01T00:57:21.763-0300] {dag.py:4180} INFO - Setting next_dagrun for tutorial_taskflow_api to None, run_after=None
[2024-11-01T00:57:21.895-0300] {processor.py:208} INFO - Processing /home/nico/.local/lib/python3.10/site-packages/airflow/example_dags/tutorial_taskflow_api.py took 0.373 seconds
[2024-11-01T00:59:29.739-0300] {processor.py:186} INFO - Started process (PID=168688) to work on /home/nico/.local/lib/python3.10/site-packages/airflow/example_dags/tutorial_taskflow_api.py
[2024-11-01T00:59:29.741-0300] {processor.py:914} INFO - Processing file /home/nico/.local/lib/python3.10/site-packages/airflow/example_dags/tutorial_taskflow_api.py for tasks to queue
[2024-11-01T00:59:29.750-0300] {logging_mixin.py:190} INFO - [2024-11-01T00:59:29.748-0300] {dagbag.py:588} INFO - Filling up the DagBag from /home/nico/.local/lib/python3.10/site-packages/airflow/example_dags/tutorial_taskflow_api.py
[2024-11-01T00:59:29.776-0300] {processor.py:925} INFO - DAG(s) 'tutorial_taskflow_api' retrieved from /home/nico/.local/lib/python3.10/site-packages/airflow/example_dags/tutorial_taskflow_api.py
[2024-11-01T00:59:29.828-0300] {logging_mixin.py:190} INFO - [2024-11-01T00:59:29.827-0300] {dag.py:3239} INFO - Sync 1 DAGs
[2024-11-01T00:59:29.875-0300] {logging_mixin.py:190} INFO - [2024-11-01T00:59:29.874-0300] {dag.py:4180} INFO - Setting next_dagrun for tutorial_taskflow_api to None, run_after=None
[2024-11-01T00:59:30.040-0300] {processor.py:208} INFO - Processing /home/nico/.local/lib/python3.10/site-packages/airflow/example_dags/tutorial_taskflow_api.py took 0.318 seconds
[2024-11-01T01:01:13.865-0300] {processor.py:186} INFO - Started process (PID=169127) to work on /home/nico/.local/lib/python3.10/site-packages/airflow/example_dags/tutorial_taskflow_api.py
[2024-11-01T01:01:13.922-0300] {processor.py:914} INFO - Processing file /home/nico/.local/lib/python3.10/site-packages/airflow/example_dags/tutorial_taskflow_api.py for tasks to queue
[2024-11-01T01:01:13.969-0300] {logging_mixin.py:190} INFO - [2024-11-01T01:01:13.968-0300] {dagbag.py:588} INFO - Filling up the DagBag from /home/nico/.local/lib/python3.10/site-packages/airflow/example_dags/tutorial_taskflow_api.py
[2024-11-01T01:01:14.050-0300] {processor.py:925} INFO - DAG(s) 'tutorial_taskflow_api' retrieved from /home/nico/.local/lib/python3.10/site-packages/airflow/example_dags/tutorial_taskflow_api.py
[2024-11-01T01:01:15.674-0300] {logging_mixin.py:190} INFO - [2024-11-01T01:01:15.673-0300] {dag.py:3239} INFO - Sync 1 DAGs
[2024-11-01T01:01:15.935-0300] {logging_mixin.py:190} INFO - [2024-11-01T01:01:15.934-0300] {dag.py:4180} INFO - Setting next_dagrun for tutorial_taskflow_api to None, run_after=None
[2024-11-01T01:01:19.411-0300] {processor.py:208} INFO - Processing /home/nico/.local/lib/python3.10/site-packages/airflow/example_dags/tutorial_taskflow_api.py took 5.587 seconds
[2024-11-01T01:04:32.531-0300] {processor.py:186} INFO - Started process (PID=169963) to work on /home/nico/.local/lib/python3.10/site-packages/airflow/example_dags/tutorial_taskflow_api.py
[2024-11-01T01:04:32.533-0300] {processor.py:914} INFO - Processing file /home/nico/.local/lib/python3.10/site-packages/airflow/example_dags/tutorial_taskflow_api.py for tasks to queue
[2024-11-01T01:04:32.537-0300] {logging_mixin.py:190} INFO - [2024-11-01T01:04:32.536-0300] {dagbag.py:588} INFO - Filling up the DagBag from /home/nico/.local/lib/python3.10/site-packages/airflow/example_dags/tutorial_taskflow_api.py
[2024-11-01T01:04:32.551-0300] {processor.py:925} INFO - DAG(s) 'tutorial_taskflow_api' retrieved from /home/nico/.local/lib/python3.10/site-packages/airflow/example_dags/tutorial_taskflow_api.py
[2024-11-01T01:04:32.644-0300] {logging_mixin.py:190} INFO - [2024-11-01T01:04:32.643-0300] {dag.py:3239} INFO - Sync 1 DAGs
[2024-11-01T01:04:32.676-0300] {logging_mixin.py:190} INFO - [2024-11-01T01:04:32.675-0300] {dag.py:4180} INFO - Setting next_dagrun for tutorial_taskflow_api to None, run_after=None
[2024-11-01T01:04:32.798-0300] {processor.py:208} INFO - Processing /home/nico/.local/lib/python3.10/site-packages/airflow/example_dags/tutorial_taskflow_api.py took 0.301 seconds
[2024-11-01T01:06:43.020-0300] {processor.py:186} INFO - Started process (PID=170522) to work on /home/nico/.local/lib/python3.10/site-packages/airflow/example_dags/tutorial_taskflow_api.py
[2024-11-01T01:06:43.026-0300] {processor.py:914} INFO - Processing file /home/nico/.local/lib/python3.10/site-packages/airflow/example_dags/tutorial_taskflow_api.py for tasks to queue
[2024-11-01T01:06:43.032-0300] {logging_mixin.py:190} INFO - [2024-11-01T01:06:43.030-0300] {dagbag.py:588} INFO - Filling up the DagBag from /home/nico/.local/lib/python3.10/site-packages/airflow/example_dags/tutorial_taskflow_api.py
[2024-11-01T01:06:43.089-0300] {processor.py:925} INFO - DAG(s) 'tutorial_taskflow_api' retrieved from /home/nico/.local/lib/python3.10/site-packages/airflow/example_dags/tutorial_taskflow_api.py
[2024-11-01T01:06:43.233-0300] {logging_mixin.py:190} INFO - [2024-11-01T01:06:43.232-0300] {dag.py:3239} INFO - Sync 1 DAGs
[2024-11-01T01:06:43.275-0300] {logging_mixin.py:190} INFO - [2024-11-01T01:06:43.275-0300] {dag.py:4180} INFO - Setting next_dagrun for tutorial_taskflow_api to None, run_after=None
[2024-11-01T01:06:43.411-0300] {processor.py:208} INFO - Processing /home/nico/.local/lib/python3.10/site-packages/airflow/example_dags/tutorial_taskflow_api.py took 0.433 seconds
[2024-11-01T01:10:00.674-0300] {processor.py:186} INFO - Started process (PID=171390) to work on /home/nico/.local/lib/python3.10/site-packages/airflow/example_dags/tutorial_taskflow_api.py
[2024-11-01T01:10:00.677-0300] {processor.py:914} INFO - Processing file /home/nico/.local/lib/python3.10/site-packages/airflow/example_dags/tutorial_taskflow_api.py for tasks to queue
[2024-11-01T01:10:00.680-0300] {logging_mixin.py:190} INFO - [2024-11-01T01:10:00.679-0300] {dagbag.py:588} INFO - Filling up the DagBag from /home/nico/.local/lib/python3.10/site-packages/airflow/example_dags/tutorial_taskflow_api.py
[2024-11-01T01:10:00.709-0300] {processor.py:925} INFO - DAG(s) 'tutorial_taskflow_api' retrieved from /home/nico/.local/lib/python3.10/site-packages/airflow/example_dags/tutorial_taskflow_api.py
[2024-11-01T01:10:00.773-0300] {logging_mixin.py:190} INFO - [2024-11-01T01:10:00.772-0300] {dag.py:3239} INFO - Sync 1 DAGs
[2024-11-01T01:10:00.809-0300] {logging_mixin.py:190} INFO - [2024-11-01T01:10:00.808-0300] {dag.py:4180} INFO - Setting next_dagrun for tutorial_taskflow_api to None, run_after=None
[2024-11-01T01:10:00.943-0300] {processor.py:208} INFO - Processing /home/nico/.local/lib/python3.10/site-packages/airflow/example_dags/tutorial_taskflow_api.py took 0.287 seconds
[2024-11-01T01:33:52.841-0300] {processor.py:186} INFO - Started process (PID=177226) to work on /home/nico/.local/lib/python3.10/site-packages/airflow/example_dags/tutorial_taskflow_api.py
[2024-11-01T01:33:52.857-0300] {processor.py:914} INFO - Processing file /home/nico/.local/lib/python3.10/site-packages/airflow/example_dags/tutorial_taskflow_api.py for tasks to queue
[2024-11-01T01:33:52.863-0300] {logging_mixin.py:190} INFO - [2024-11-01T01:33:52.862-0300] {dagbag.py:588} INFO - Filling up the DagBag from /home/nico/.local/lib/python3.10/site-packages/airflow/example_dags/tutorial_taskflow_api.py
[2024-11-01T01:33:52.917-0300] {processor.py:925} INFO - DAG(s) 'tutorial_taskflow_api' retrieved from /home/nico/.local/lib/python3.10/site-packages/airflow/example_dags/tutorial_taskflow_api.py
[2024-11-01T01:33:53.049-0300] {logging_mixin.py:190} INFO - [2024-11-01T01:33:53.048-0300] {dag.py:3239} INFO - Sync 1 DAGs
[2024-11-01T01:33:53.084-0300] {logging_mixin.py:190} INFO - [2024-11-01T01:33:53.083-0300] {dag.py:4180} INFO - Setting next_dagrun for tutorial_taskflow_api to None, run_after=None
[2024-11-01T01:33:53.210-0300] {processor.py:208} INFO - Processing /home/nico/.local/lib/python3.10/site-packages/airflow/example_dags/tutorial_taskflow_api.py took 0.434 seconds
[2024-11-01T01:36:17.542-0300] {processor.py:186} INFO - Started process (PID=177834) to work on /home/nico/.local/lib/python3.10/site-packages/airflow/example_dags/tutorial_taskflow_api.py
[2024-11-01T01:36:17.558-0300] {processor.py:914} INFO - Processing file /home/nico/.local/lib/python3.10/site-packages/airflow/example_dags/tutorial_taskflow_api.py for tasks to queue
[2024-11-01T01:36:17.570-0300] {logging_mixin.py:190} INFO - [2024-11-01T01:36:17.565-0300] {dagbag.py:588} INFO - Filling up the DagBag from /home/nico/.local/lib/python3.10/site-packages/airflow/example_dags/tutorial_taskflow_api.py
[2024-11-01T01:36:17.621-0300] {processor.py:925} INFO - DAG(s) 'tutorial_taskflow_api' retrieved from /home/nico/.local/lib/python3.10/site-packages/airflow/example_dags/tutorial_taskflow_api.py
[2024-11-01T01:36:17.776-0300] {logging_mixin.py:190} INFO - [2024-11-01T01:36:17.776-0300] {dag.py:3239} INFO - Sync 1 DAGs
[2024-11-01T01:36:17.861-0300] {logging_mixin.py:190} INFO - [2024-11-01T01:36:17.860-0300] {dag.py:4180} INFO - Setting next_dagrun for tutorial_taskflow_api to None, run_after=None
[2024-11-01T01:36:18.079-0300] {processor.py:208} INFO - Processing /home/nico/.local/lib/python3.10/site-packages/airflow/example_dags/tutorial_taskflow_api.py took 0.588 seconds
[2024-11-01T01:37:48.003-0300] {processor.py:186} INFO - Started process (PID=178223) to work on /home/nico/.local/lib/python3.10/site-packages/airflow/example_dags/tutorial_taskflow_api.py
[2024-11-01T01:37:48.006-0300] {processor.py:914} INFO - Processing file /home/nico/.local/lib/python3.10/site-packages/airflow/example_dags/tutorial_taskflow_api.py for tasks to queue
[2024-11-01T01:37:48.011-0300] {logging_mixin.py:190} INFO - [2024-11-01T01:37:48.010-0300] {dagbag.py:588} INFO - Filling up the DagBag from /home/nico/.local/lib/python3.10/site-packages/airflow/example_dags/tutorial_taskflow_api.py
[2024-11-01T01:37:48.029-0300] {processor.py:925} INFO - DAG(s) 'tutorial_taskflow_api' retrieved from /home/nico/.local/lib/python3.10/site-packages/airflow/example_dags/tutorial_taskflow_api.py
[2024-11-01T01:37:48.087-0300] {logging_mixin.py:190} INFO - [2024-11-01T01:37:48.087-0300] {dag.py:3239} INFO - Sync 1 DAGs
[2024-11-01T01:37:48.129-0300] {logging_mixin.py:190} INFO - [2024-11-01T01:37:48.129-0300] {dag.py:4180} INFO - Setting next_dagrun for tutorial_taskflow_api to None, run_after=None
[2024-11-01T01:37:48.251-0300] {processor.py:208} INFO - Processing /home/nico/.local/lib/python3.10/site-packages/airflow/example_dags/tutorial_taskflow_api.py took 0.264 seconds
[2024-11-01T01:39:22.093-0300] {processor.py:186} INFO - Started process (PID=178623) to work on /home/nico/.local/lib/python3.10/site-packages/airflow/example_dags/tutorial_taskflow_api.py
[2024-11-01T01:39:22.143-0300] {processor.py:914} INFO - Processing file /home/nico/.local/lib/python3.10/site-packages/airflow/example_dags/tutorial_taskflow_api.py for tasks to queue
[2024-11-01T01:39:22.155-0300] {logging_mixin.py:190} INFO - [2024-11-01T01:39:22.154-0300] {dagbag.py:588} INFO - Filling up the DagBag from /home/nico/.local/lib/python3.10/site-packages/airflow/example_dags/tutorial_taskflow_api.py
[2024-11-01T01:39:22.206-0300] {processor.py:925} INFO - DAG(s) 'tutorial_taskflow_api' retrieved from /home/nico/.local/lib/python3.10/site-packages/airflow/example_dags/tutorial_taskflow_api.py
[2024-11-01T01:39:22.642-0300] {logging_mixin.py:190} INFO - [2024-11-01T01:39:22.640-0300] {dag.py:3239} INFO - Sync 1 DAGs
[2024-11-01T01:39:22.811-0300] {logging_mixin.py:190} INFO - [2024-11-01T01:39:22.810-0300] {dag.py:4180} INFO - Setting next_dagrun for tutorial_taskflow_api to None, run_after=None
[2024-11-01T01:39:23.055-0300] {processor.py:208} INFO - Processing /home/nico/.local/lib/python3.10/site-packages/airflow/example_dags/tutorial_taskflow_api.py took 1.016 seconds
[2024-11-01T01:40:47.647-0300] {processor.py:186} INFO - Started process (PID=178992) to work on /home/nico/.local/lib/python3.10/site-packages/airflow/example_dags/tutorial_taskflow_api.py
[2024-11-01T01:40:47.651-0300] {processor.py:914} INFO - Processing file /home/nico/.local/lib/python3.10/site-packages/airflow/example_dags/tutorial_taskflow_api.py for tasks to queue
[2024-11-01T01:40:47.666-0300] {logging_mixin.py:190} INFO - [2024-11-01T01:40:47.665-0300] {dagbag.py:588} INFO - Filling up the DagBag from /home/nico/.local/lib/python3.10/site-packages/airflow/example_dags/tutorial_taskflow_api.py
[2024-11-01T01:40:47.709-0300] {processor.py:925} INFO - DAG(s) 'tutorial_taskflow_api' retrieved from /home/nico/.local/lib/python3.10/site-packages/airflow/example_dags/tutorial_taskflow_api.py
[2024-11-01T01:40:47.828-0300] {logging_mixin.py:190} INFO - [2024-11-01T01:40:47.827-0300] {dag.py:3239} INFO - Sync 1 DAGs
[2024-11-01T01:40:47.912-0300] {logging_mixin.py:190} INFO - [2024-11-01T01:40:47.911-0300] {dag.py:4180} INFO - Setting next_dagrun for tutorial_taskflow_api to None, run_after=None
[2024-11-01T01:40:48.085-0300] {processor.py:208} INFO - Processing /home/nico/.local/lib/python3.10/site-packages/airflow/example_dags/tutorial_taskflow_api.py took 0.473 seconds
[2024-11-01T01:42:11.573-0300] {processor.py:186} INFO - Started process (PID=179353) to work on /home/nico/.local/lib/python3.10/site-packages/airflow/example_dags/tutorial_taskflow_api.py
[2024-11-01T01:42:11.590-0300] {processor.py:914} INFO - Processing file /home/nico/.local/lib/python3.10/site-packages/airflow/example_dags/tutorial_taskflow_api.py for tasks to queue
[2024-11-01T01:42:11.603-0300] {logging_mixin.py:190} INFO - [2024-11-01T01:42:11.601-0300] {dagbag.py:588} INFO - Filling up the DagBag from /home/nico/.local/lib/python3.10/site-packages/airflow/example_dags/tutorial_taskflow_api.py
[2024-11-01T01:42:11.655-0300] {processor.py:925} INFO - DAG(s) 'tutorial_taskflow_api' retrieved from /home/nico/.local/lib/python3.10/site-packages/airflow/example_dags/tutorial_taskflow_api.py
[2024-11-01T01:42:11.839-0300] {logging_mixin.py:190} INFO - [2024-11-01T01:42:11.834-0300] {dag.py:3239} INFO - Sync 1 DAGs
[2024-11-01T01:42:11.968-0300] {logging_mixin.py:190} INFO - [2024-11-01T01:42:11.967-0300] {dag.py:4180} INFO - Setting next_dagrun for tutorial_taskflow_api to None, run_after=None
[2024-11-01T01:42:12.159-0300] {processor.py:208} INFO - Processing /home/nico/.local/lib/python3.10/site-packages/airflow/example_dags/tutorial_taskflow_api.py took 0.629 seconds
[2024-11-01T01:43:58.478-0300] {processor.py:186} INFO - Started process (PID=179802) to work on /home/nico/.local/lib/python3.10/site-packages/airflow/example_dags/tutorial_taskflow_api.py
[2024-11-01T01:43:58.482-0300] {processor.py:914} INFO - Processing file /home/nico/.local/lib/python3.10/site-packages/airflow/example_dags/tutorial_taskflow_api.py for tasks to queue
[2024-11-01T01:43:58.489-0300] {logging_mixin.py:190} INFO - [2024-11-01T01:43:58.488-0300] {dagbag.py:588} INFO - Filling up the DagBag from /home/nico/.local/lib/python3.10/site-packages/airflow/example_dags/tutorial_taskflow_api.py
[2024-11-01T01:43:58.517-0300] {processor.py:925} INFO - DAG(s) 'tutorial_taskflow_api' retrieved from /home/nico/.local/lib/python3.10/site-packages/airflow/example_dags/tutorial_taskflow_api.py
[2024-11-01T01:43:58.600-0300] {logging_mixin.py:190} INFO - [2024-11-01T01:43:58.599-0300] {dag.py:3239} INFO - Sync 1 DAGs
[2024-11-01T01:43:58.680-0300] {logging_mixin.py:190} INFO - [2024-11-01T01:43:58.679-0300] {dag.py:4180} INFO - Setting next_dagrun for tutorial_taskflow_api to None, run_after=None
[2024-11-01T01:43:58.841-0300] {processor.py:208} INFO - Processing /home/nico/.local/lib/python3.10/site-packages/airflow/example_dags/tutorial_taskflow_api.py took 0.392 seconds
[2024-11-01T01:45:40.260-0300] {processor.py:186} INFO - Started process (PID=180236) to work on /home/nico/.local/lib/python3.10/site-packages/airflow/example_dags/tutorial_taskflow_api.py
[2024-11-01T01:45:40.263-0300] {processor.py:914} INFO - Processing file /home/nico/.local/lib/python3.10/site-packages/airflow/example_dags/tutorial_taskflow_api.py for tasks to queue
[2024-11-01T01:45:40.269-0300] {logging_mixin.py:190} INFO - [2024-11-01T01:45:40.267-0300] {dagbag.py:588} INFO - Filling up the DagBag from /home/nico/.local/lib/python3.10/site-packages/airflow/example_dags/tutorial_taskflow_api.py
[2024-11-01T01:45:40.289-0300] {processor.py:925} INFO - DAG(s) 'tutorial_taskflow_api' retrieved from /home/nico/.local/lib/python3.10/site-packages/airflow/example_dags/tutorial_taskflow_api.py
[2024-11-01T01:45:40.381-0300] {logging_mixin.py:190} INFO - [2024-11-01T01:45:40.381-0300] {dag.py:3239} INFO - Sync 1 DAGs
[2024-11-01T01:45:40.416-0300] {logging_mixin.py:190} INFO - [2024-11-01T01:45:40.416-0300] {dag.py:4180} INFO - Setting next_dagrun for tutorial_taskflow_api to None, run_after=None
[2024-11-01T01:45:40.555-0300] {processor.py:208} INFO - Processing /home/nico/.local/lib/python3.10/site-packages/airflow/example_dags/tutorial_taskflow_api.py took 0.330 seconds
[2024-11-01T01:47:35.304-0300] {processor.py:186} INFO - Started process (PID=180721) to work on /home/nico/.local/lib/python3.10/site-packages/airflow/example_dags/tutorial_taskflow_api.py
[2024-11-01T01:47:35.309-0300] {processor.py:914} INFO - Processing file /home/nico/.local/lib/python3.10/site-packages/airflow/example_dags/tutorial_taskflow_api.py for tasks to queue
[2024-11-01T01:47:35.316-0300] {logging_mixin.py:190} INFO - [2024-11-01T01:47:35.314-0300] {dagbag.py:588} INFO - Filling up the DagBag from /home/nico/.local/lib/python3.10/site-packages/airflow/example_dags/tutorial_taskflow_api.py
[2024-11-01T01:47:35.352-0300] {processor.py:925} INFO - DAG(s) 'tutorial_taskflow_api' retrieved from /home/nico/.local/lib/python3.10/site-packages/airflow/example_dags/tutorial_taskflow_api.py
[2024-11-01T01:47:35.431-0300] {logging_mixin.py:190} INFO - [2024-11-01T01:47:35.431-0300] {dag.py:3239} INFO - Sync 1 DAGs
[2024-11-01T01:47:35.470-0300] {logging_mixin.py:190} INFO - [2024-11-01T01:47:35.470-0300] {dag.py:4180} INFO - Setting next_dagrun for tutorial_taskflow_api to None, run_after=None
[2024-11-01T01:47:35.633-0300] {processor.py:208} INFO - Processing /home/nico/.local/lib/python3.10/site-packages/airflow/example_dags/tutorial_taskflow_api.py took 0.351 seconds
[2024-11-01T01:49:26.510-0300] {processor.py:186} INFO - Started process (PID=181186) to work on /home/nico/.local/lib/python3.10/site-packages/airflow/example_dags/tutorial_taskflow_api.py
[2024-11-01T01:49:26.513-0300] {processor.py:914} INFO - Processing file /home/nico/.local/lib/python3.10/site-packages/airflow/example_dags/tutorial_taskflow_api.py for tasks to queue
[2024-11-01T01:49:26.518-0300] {logging_mixin.py:190} INFO - [2024-11-01T01:49:26.517-0300] {dagbag.py:588} INFO - Filling up the DagBag from /home/nico/.local/lib/python3.10/site-packages/airflow/example_dags/tutorial_taskflow_api.py
[2024-11-01T01:49:26.539-0300] {processor.py:925} INFO - DAG(s) 'tutorial_taskflow_api' retrieved from /home/nico/.local/lib/python3.10/site-packages/airflow/example_dags/tutorial_taskflow_api.py
[2024-11-01T01:49:26.639-0300] {logging_mixin.py:190} INFO - [2024-11-01T01:49:26.638-0300] {dag.py:3239} INFO - Sync 1 DAGs
[2024-11-01T01:49:26.684-0300] {logging_mixin.py:190} INFO - [2024-11-01T01:49:26.683-0300] {dag.py:4180} INFO - Setting next_dagrun for tutorial_taskflow_api to None, run_after=None
[2024-11-01T01:49:26.846-0300] {processor.py:208} INFO - Processing /home/nico/.local/lib/python3.10/site-packages/airflow/example_dags/tutorial_taskflow_api.py took 0.357 seconds
[2024-11-01T01:51:21.770-0300] {processor.py:186} INFO - Started process (PID=181671) to work on /home/nico/.local/lib/python3.10/site-packages/airflow/example_dags/tutorial_taskflow_api.py
[2024-11-01T01:51:21.775-0300] {processor.py:914} INFO - Processing file /home/nico/.local/lib/python3.10/site-packages/airflow/example_dags/tutorial_taskflow_api.py for tasks to queue
[2024-11-01T01:51:21.783-0300] {logging_mixin.py:190} INFO - [2024-11-01T01:51:21.781-0300] {dagbag.py:588} INFO - Filling up the DagBag from /home/nico/.local/lib/python3.10/site-packages/airflow/example_dags/tutorial_taskflow_api.py
[2024-11-01T01:51:21.833-0300] {processor.py:925} INFO - DAG(s) 'tutorial_taskflow_api' retrieved from /home/nico/.local/lib/python3.10/site-packages/airflow/example_dags/tutorial_taskflow_api.py
[2024-11-01T01:51:21.900-0300] {logging_mixin.py:190} INFO - [2024-11-01T01:51:21.899-0300] {dag.py:3239} INFO - Sync 1 DAGs
[2024-11-01T01:51:21.962-0300] {logging_mixin.py:190} INFO - [2024-11-01T01:51:21.957-0300] {dag.py:4180} INFO - Setting next_dagrun for tutorial_taskflow_api to None, run_after=None
[2024-11-01T01:51:22.127-0300] {processor.py:208} INFO - Processing /home/nico/.local/lib/python3.10/site-packages/airflow/example_dags/tutorial_taskflow_api.py took 0.380 seconds
[2024-11-01T01:53:02.243-0300] {processor.py:186} INFO - Started process (PID=182100) to work on /home/nico/.local/lib/python3.10/site-packages/airflow/example_dags/tutorial_taskflow_api.py
[2024-11-01T01:53:02.248-0300] {processor.py:914} INFO - Processing file /home/nico/.local/lib/python3.10/site-packages/airflow/example_dags/tutorial_taskflow_api.py for tasks to queue
[2024-11-01T01:53:02.255-0300] {logging_mixin.py:190} INFO - [2024-11-01T01:53:02.253-0300] {dagbag.py:588} INFO - Filling up the DagBag from /home/nico/.local/lib/python3.10/site-packages/airflow/example_dags/tutorial_taskflow_api.py
[2024-11-01T01:53:02.306-0300] {processor.py:925} INFO - DAG(s) 'tutorial_taskflow_api' retrieved from /home/nico/.local/lib/python3.10/site-packages/airflow/example_dags/tutorial_taskflow_api.py
[2024-11-01T01:53:02.450-0300] {logging_mixin.py:190} INFO - [2024-11-01T01:53:02.449-0300] {dag.py:3239} INFO - Sync 1 DAGs
[2024-11-01T01:53:02.580-0300] {logging_mixin.py:190} INFO - [2024-11-01T01:53:02.579-0300] {dag.py:4180} INFO - Setting next_dagrun for tutorial_taskflow_api to None, run_after=None
[2024-11-01T01:53:02.856-0300] {processor.py:208} INFO - Processing /home/nico/.local/lib/python3.10/site-packages/airflow/example_dags/tutorial_taskflow_api.py took 0.637 seconds
[2024-11-01T01:55:09.681-0300] {processor.py:186} INFO - Started process (PID=182626) to work on /home/nico/.local/lib/python3.10/site-packages/airflow/example_dags/tutorial_taskflow_api.py
[2024-11-01T01:55:09.687-0300] {processor.py:914} INFO - Processing file /home/nico/.local/lib/python3.10/site-packages/airflow/example_dags/tutorial_taskflow_api.py for tasks to queue
[2024-11-01T01:55:09.692-0300] {logging_mixin.py:190} INFO - [2024-11-01T01:55:09.691-0300] {dagbag.py:588} INFO - Filling up the DagBag from /home/nico/.local/lib/python3.10/site-packages/airflow/example_dags/tutorial_taskflow_api.py
[2024-11-01T01:55:09.727-0300] {processor.py:925} INFO - DAG(s) 'tutorial_taskflow_api' retrieved from /home/nico/.local/lib/python3.10/site-packages/airflow/example_dags/tutorial_taskflow_api.py
[2024-11-01T01:55:09.809-0300] {logging_mixin.py:190} INFO - [2024-11-01T01:55:09.808-0300] {dag.py:3239} INFO - Sync 1 DAGs
[2024-11-01T01:55:09.873-0300] {logging_mixin.py:190} INFO - [2024-11-01T01:55:09.872-0300] {dag.py:4180} INFO - Setting next_dagrun for tutorial_taskflow_api to None, run_after=None
[2024-11-01T01:55:10.030-0300] {processor.py:208} INFO - Processing /home/nico/.local/lib/python3.10/site-packages/airflow/example_dags/tutorial_taskflow_api.py took 0.400 seconds
[2024-11-01T01:58:24.568-0300] {processor.py:186} INFO - Started process (PID=183417) to work on /home/nico/.local/lib/python3.10/site-packages/airflow/example_dags/tutorial_taskflow_api.py
[2024-11-01T01:58:24.571-0300] {processor.py:914} INFO - Processing file /home/nico/.local/lib/python3.10/site-packages/airflow/example_dags/tutorial_taskflow_api.py for tasks to queue
[2024-11-01T01:58:24.574-0300] {logging_mixin.py:190} INFO - [2024-11-01T01:58:24.573-0300] {dagbag.py:588} INFO - Filling up the DagBag from /home/nico/.local/lib/python3.10/site-packages/airflow/example_dags/tutorial_taskflow_api.py
[2024-11-01T01:58:24.599-0300] {processor.py:925} INFO - DAG(s) 'tutorial_taskflow_api' retrieved from /home/nico/.local/lib/python3.10/site-packages/airflow/example_dags/tutorial_taskflow_api.py
[2024-11-01T01:58:24.661-0300] {logging_mixin.py:190} INFO - [2024-11-01T01:58:24.661-0300] {dag.py:3239} INFO - Sync 1 DAGs
[2024-11-01T01:58:24.708-0300] {logging_mixin.py:190} INFO - [2024-11-01T01:58:24.707-0300] {dag.py:4180} INFO - Setting next_dagrun for tutorial_taskflow_api to None, run_after=None
[2024-11-01T01:58:24.886-0300] {processor.py:208} INFO - Processing /home/nico/.local/lib/python3.10/site-packages/airflow/example_dags/tutorial_taskflow_api.py took 0.346 seconds
[2024-11-01T02:00:23.048-0300] {processor.py:186} INFO - Started process (PID=183916) to work on /home/nico/.local/lib/python3.10/site-packages/airflow/example_dags/tutorial_taskflow_api.py
[2024-11-01T02:00:23.052-0300] {processor.py:914} INFO - Processing file /home/nico/.local/lib/python3.10/site-packages/airflow/example_dags/tutorial_taskflow_api.py for tasks to queue
[2024-11-01T02:00:23.059-0300] {logging_mixin.py:190} INFO - [2024-11-01T02:00:23.057-0300] {dagbag.py:588} INFO - Filling up the DagBag from /home/nico/.local/lib/python3.10/site-packages/airflow/example_dags/tutorial_taskflow_api.py
[2024-11-01T02:00:23.086-0300] {processor.py:925} INFO - DAG(s) 'tutorial_taskflow_api' retrieved from /home/nico/.local/lib/python3.10/site-packages/airflow/example_dags/tutorial_taskflow_api.py
[2024-11-01T02:00:23.158-0300] {logging_mixin.py:190} INFO - [2024-11-01T02:00:23.158-0300] {dag.py:3239} INFO - Sync 1 DAGs
[2024-11-01T02:00:23.195-0300] {logging_mixin.py:190} INFO - [2024-11-01T02:00:23.195-0300] {dag.py:4180} INFO - Setting next_dagrun for tutorial_taskflow_api to None, run_after=None
[2024-11-01T02:00:23.315-0300] {processor.py:208} INFO - Processing /home/nico/.local/lib/python3.10/site-packages/airflow/example_dags/tutorial_taskflow_api.py took 0.319 seconds
[2024-11-01T02:09:02.530-0300] {processor.py:186} INFO - Started process (PID=186063) to work on /home/nico/.local/lib/python3.10/site-packages/airflow/example_dags/tutorial_taskflow_api.py
[2024-11-01T02:09:02.541-0300] {processor.py:914} INFO - Processing file /home/nico/.local/lib/python3.10/site-packages/airflow/example_dags/tutorial_taskflow_api.py for tasks to queue
[2024-11-01T02:09:02.549-0300] {logging_mixin.py:190} INFO - [2024-11-01T02:09:02.547-0300] {dagbag.py:588} INFO - Filling up the DagBag from /home/nico/.local/lib/python3.10/site-packages/airflow/example_dags/tutorial_taskflow_api.py
[2024-11-01T02:09:02.590-0300] {processor.py:925} INFO - DAG(s) 'tutorial_taskflow_api' retrieved from /home/nico/.local/lib/python3.10/site-packages/airflow/example_dags/tutorial_taskflow_api.py
[2024-11-01T02:09:02.687-0300] {logging_mixin.py:190} INFO - [2024-11-01T02:09:02.686-0300] {dag.py:3239} INFO - Sync 1 DAGs
[2024-11-01T02:09:02.725-0300] {logging_mixin.py:190} INFO - [2024-11-01T02:09:02.724-0300] {dag.py:4180} INFO - Setting next_dagrun for tutorial_taskflow_api to None, run_after=None
[2024-11-01T02:09:02.836-0300] {processor.py:208} INFO - Processing /home/nico/.local/lib/python3.10/site-packages/airflow/example_dags/tutorial_taskflow_api.py took 0.354 seconds
[2024-11-01T02:10:51.916-0300] {processor.py:186} INFO - Started process (PID=186538) to work on /home/nico/.local/lib/python3.10/site-packages/airflow/example_dags/tutorial_taskflow_api.py
[2024-11-01T02:10:51.922-0300] {processor.py:914} INFO - Processing file /home/nico/.local/lib/python3.10/site-packages/airflow/example_dags/tutorial_taskflow_api.py for tasks to queue
[2024-11-01T02:10:51.927-0300] {logging_mixin.py:190} INFO - [2024-11-01T02:10:51.926-0300] {dagbag.py:588} INFO - Filling up the DagBag from /home/nico/.local/lib/python3.10/site-packages/airflow/example_dags/tutorial_taskflow_api.py
[2024-11-01T02:10:51.955-0300] {processor.py:925} INFO - DAG(s) 'tutorial_taskflow_api' retrieved from /home/nico/.local/lib/python3.10/site-packages/airflow/example_dags/tutorial_taskflow_api.py
[2024-11-01T02:10:52.078-0300] {logging_mixin.py:190} INFO - [2024-11-01T02:10:52.078-0300] {dag.py:3239} INFO - Sync 1 DAGs
[2024-11-01T02:10:52.125-0300] {logging_mixin.py:190} INFO - [2024-11-01T02:10:52.124-0300] {dag.py:4180} INFO - Setting next_dagrun for tutorial_taskflow_api to None, run_after=None
[2024-11-01T02:10:52.282-0300] {processor.py:208} INFO - Processing /home/nico/.local/lib/python3.10/site-packages/airflow/example_dags/tutorial_taskflow_api.py took 0.389 seconds
[2024-11-01T02:12:44.928-0300] {processor.py:186} INFO - Started process (PID=187009) to work on /home/nico/.local/lib/python3.10/site-packages/airflow/example_dags/tutorial_taskflow_api.py
[2024-11-01T02:12:44.932-0300] {processor.py:914} INFO - Processing file /home/nico/.local/lib/python3.10/site-packages/airflow/example_dags/tutorial_taskflow_api.py for tasks to queue
[2024-11-01T02:12:44.946-0300] {logging_mixin.py:190} INFO - [2024-11-01T02:12:44.945-0300] {dagbag.py:588} INFO - Filling up the DagBag from /home/nico/.local/lib/python3.10/site-packages/airflow/example_dags/tutorial_taskflow_api.py
[2024-11-01T02:12:45.006-0300] {processor.py:925} INFO - DAG(s) 'tutorial_taskflow_api' retrieved from /home/nico/.local/lib/python3.10/site-packages/airflow/example_dags/tutorial_taskflow_api.py
[2024-11-01T02:12:45.115-0300] {logging_mixin.py:190} INFO - [2024-11-01T02:12:45.114-0300] {dag.py:3239} INFO - Sync 1 DAGs
[2024-11-01T02:12:45.167-0300] {logging_mixin.py:190} INFO - [2024-11-01T02:12:45.166-0300] {dag.py:4180} INFO - Setting next_dagrun for tutorial_taskflow_api to None, run_after=None
[2024-11-01T02:12:45.409-0300] {processor.py:208} INFO - Processing /home/nico/.local/lib/python3.10/site-packages/airflow/example_dags/tutorial_taskflow_api.py took 0.530 seconds
[2024-11-01T02:17:41.725-0300] {processor.py:186} INFO - Started process (PID=188252) to work on /home/nico/.local/lib/python3.10/site-packages/airflow/example_dags/tutorial_taskflow_api.py
[2024-11-01T02:17:41.741-0300] {processor.py:914} INFO - Processing file /home/nico/.local/lib/python3.10/site-packages/airflow/example_dags/tutorial_taskflow_api.py for tasks to queue
[2024-11-01T02:17:41.755-0300] {logging_mixin.py:190} INFO - [2024-11-01T02:17:41.753-0300] {dagbag.py:588} INFO - Filling up the DagBag from /home/nico/.local/lib/python3.10/site-packages/airflow/example_dags/tutorial_taskflow_api.py
[2024-11-01T02:17:41.818-0300] {processor.py:925} INFO - DAG(s) 'tutorial_taskflow_api' retrieved from /home/nico/.local/lib/python3.10/site-packages/airflow/example_dags/tutorial_taskflow_api.py
[2024-11-01T02:17:41.995-0300] {logging_mixin.py:190} INFO - [2024-11-01T02:17:41.994-0300] {dag.py:3239} INFO - Sync 1 DAGs
[2024-11-01T02:17:42.119-0300] {logging_mixin.py:190} INFO - [2024-11-01T02:17:42.118-0300] {dag.py:4180} INFO - Setting next_dagrun for tutorial_taskflow_api to None, run_after=None
[2024-11-01T02:17:42.356-0300] {processor.py:208} INFO - Processing /home/nico/.local/lib/python3.10/site-packages/airflow/example_dags/tutorial_taskflow_api.py took 0.683 seconds
[2024-11-01T02:19:18.887-0300] {processor.py:186} INFO - Started process (PID=188665) to work on /home/nico/.local/lib/python3.10/site-packages/airflow/example_dags/tutorial_taskflow_api.py
[2024-11-01T02:19:18.890-0300] {processor.py:914} INFO - Processing file /home/nico/.local/lib/python3.10/site-packages/airflow/example_dags/tutorial_taskflow_api.py for tasks to queue
[2024-11-01T02:19:18.895-0300] {logging_mixin.py:190} INFO - [2024-11-01T02:19:18.894-0300] {dagbag.py:588} INFO - Filling up the DagBag from /home/nico/.local/lib/python3.10/site-packages/airflow/example_dags/tutorial_taskflow_api.py
[2024-11-01T02:19:18.912-0300] {processor.py:925} INFO - DAG(s) 'tutorial_taskflow_api' retrieved from /home/nico/.local/lib/python3.10/site-packages/airflow/example_dags/tutorial_taskflow_api.py
[2024-11-01T02:19:19.022-0300] {logging_mixin.py:190} INFO - [2024-11-01T02:19:19.022-0300] {dag.py:3239} INFO - Sync 1 DAGs
[2024-11-01T02:19:19.077-0300] {logging_mixin.py:190} INFO - [2024-11-01T02:19:19.076-0300] {dag.py:4180} INFO - Setting next_dagrun for tutorial_taskflow_api to None, run_after=None
[2024-11-01T02:19:19.203-0300] {processor.py:208} INFO - Processing /home/nico/.local/lib/python3.10/site-packages/airflow/example_dags/tutorial_taskflow_api.py took 0.341 seconds
[2024-11-01T02:21:43.535-0300] {processor.py:186} INFO - Started process (PID=189260) to work on /home/nico/.local/lib/python3.10/site-packages/airflow/example_dags/tutorial_taskflow_api.py
[2024-11-01T02:21:43.537-0300] {processor.py:914} INFO - Processing file /home/nico/.local/lib/python3.10/site-packages/airflow/example_dags/tutorial_taskflow_api.py for tasks to queue
[2024-11-01T02:21:43.541-0300] {logging_mixin.py:190} INFO - [2024-11-01T02:21:43.540-0300] {dagbag.py:588} INFO - Filling up the DagBag from /home/nico/.local/lib/python3.10/site-packages/airflow/example_dags/tutorial_taskflow_api.py
[2024-11-01T02:21:43.561-0300] {processor.py:925} INFO - DAG(s) 'tutorial_taskflow_api' retrieved from /home/nico/.local/lib/python3.10/site-packages/airflow/example_dags/tutorial_taskflow_api.py
[2024-11-01T02:21:43.655-0300] {logging_mixin.py:190} INFO - [2024-11-01T02:21:43.654-0300] {dag.py:3239} INFO - Sync 1 DAGs
[2024-11-01T02:21:44.060-0300] {logging_mixin.py:190} INFO - [2024-11-01T02:21:44.059-0300] {dag.py:4180} INFO - Setting next_dagrun for tutorial_taskflow_api to None, run_after=None
[2024-11-01T02:21:44.854-0300] {processor.py:208} INFO - Processing /home/nico/.local/lib/python3.10/site-packages/airflow/example_dags/tutorial_taskflow_api.py took 1.333 seconds
[2024-11-01T02:24:30.947-0300] {processor.py:186} INFO - Started process (PID=189944) to work on /home/nico/.local/lib/python3.10/site-packages/airflow/example_dags/tutorial_taskflow_api.py
[2024-11-01T02:24:30.952-0300] {processor.py:914} INFO - Processing file /home/nico/.local/lib/python3.10/site-packages/airflow/example_dags/tutorial_taskflow_api.py for tasks to queue
[2024-11-01T02:24:30.957-0300] {logging_mixin.py:190} INFO - [2024-11-01T02:24:30.956-0300] {dagbag.py:588} INFO - Filling up the DagBag from /home/nico/.local/lib/python3.10/site-packages/airflow/example_dags/tutorial_taskflow_api.py
[2024-11-01T02:24:30.975-0300] {processor.py:925} INFO - DAG(s) 'tutorial_taskflow_api' retrieved from /home/nico/.local/lib/python3.10/site-packages/airflow/example_dags/tutorial_taskflow_api.py
[2024-11-01T02:24:31.038-0300] {logging_mixin.py:190} INFO - [2024-11-01T02:24:31.036-0300] {dag.py:3239} INFO - Sync 1 DAGs
[2024-11-01T02:24:31.071-0300] {logging_mixin.py:190} INFO - [2024-11-01T02:24:31.070-0300] {dag.py:4180} INFO - Setting next_dagrun for tutorial_taskflow_api to None, run_after=None
[2024-11-01T02:24:31.203-0300] {processor.py:208} INFO - Processing /home/nico/.local/lib/python3.10/site-packages/airflow/example_dags/tutorial_taskflow_api.py took 0.274 seconds
[2024-11-01T02:27:06.909-0300] {processor.py:186} INFO - Started process (PID=190590) to work on /home/nico/.local/lib/python3.10/site-packages/airflow/example_dags/tutorial_taskflow_api.py
[2024-11-01T02:27:06.921-0300] {processor.py:914} INFO - Processing file /home/nico/.local/lib/python3.10/site-packages/airflow/example_dags/tutorial_taskflow_api.py for tasks to queue
[2024-11-01T02:27:06.930-0300] {logging_mixin.py:190} INFO - [2024-11-01T02:27:06.928-0300] {dagbag.py:588} INFO - Filling up the DagBag from /home/nico/.local/lib/python3.10/site-packages/airflow/example_dags/tutorial_taskflow_api.py
[2024-11-01T02:27:07.026-0300] {processor.py:925} INFO - DAG(s) 'tutorial_taskflow_api' retrieved from /home/nico/.local/lib/python3.10/site-packages/airflow/example_dags/tutorial_taskflow_api.py
[2024-11-01T02:27:08.414-0300] {logging_mixin.py:190} INFO - [2024-11-01T02:27:08.413-0300] {dag.py:3239} INFO - Sync 1 DAGs
[2024-11-01T02:27:09.510-0300] {logging_mixin.py:190} INFO - [2024-11-01T02:27:09.509-0300] {dag.py:4180} INFO - Setting next_dagrun for tutorial_taskflow_api to None, run_after=None
[2024-11-01T02:27:11.144-0300] {processor.py:208} INFO - Processing /home/nico/.local/lib/python3.10/site-packages/airflow/example_dags/tutorial_taskflow_api.py took 4.327 seconds
[2024-11-01T02:32:26.430-0300] {processor.py:186} INFO - Started process (PID=191908) to work on /home/nico/.local/lib/python3.10/site-packages/airflow/example_dags/tutorial_taskflow_api.py
[2024-11-01T02:32:26.436-0300] {processor.py:914} INFO - Processing file /home/nico/.local/lib/python3.10/site-packages/airflow/example_dags/tutorial_taskflow_api.py for tasks to queue
[2024-11-01T02:32:26.442-0300] {logging_mixin.py:190} INFO - [2024-11-01T02:32:26.441-0300] {dagbag.py:588} INFO - Filling up the DagBag from /home/nico/.local/lib/python3.10/site-packages/airflow/example_dags/tutorial_taskflow_api.py
[2024-11-01T02:32:26.463-0300] {processor.py:925} INFO - DAG(s) 'tutorial_taskflow_api' retrieved from /home/nico/.local/lib/python3.10/site-packages/airflow/example_dags/tutorial_taskflow_api.py
[2024-11-01T02:32:26.546-0300] {logging_mixin.py:190} INFO - [2024-11-01T02:32:26.545-0300] {dag.py:3239} INFO - Sync 1 DAGs
[2024-11-01T02:32:26.637-0300] {logging_mixin.py:190} INFO - [2024-11-01T02:32:26.637-0300] {dag.py:4180} INFO - Setting next_dagrun for tutorial_taskflow_api to None, run_after=None
[2024-11-01T02:32:26.820-0300] {processor.py:208} INFO - Processing /home/nico/.local/lib/python3.10/site-packages/airflow/example_dags/tutorial_taskflow_api.py took 0.411 seconds
[2024-11-01T02:34:49.897-0300] {processor.py:186} INFO - Started process (PID=192514) to work on /home/nico/.local/lib/python3.10/site-packages/airflow/example_dags/tutorial_taskflow_api.py
[2024-11-01T02:34:49.901-0300] {processor.py:914} INFO - Processing file /home/nico/.local/lib/python3.10/site-packages/airflow/example_dags/tutorial_taskflow_api.py for tasks to queue
[2024-11-01T02:34:49.916-0300] {logging_mixin.py:190} INFO - [2024-11-01T02:34:49.914-0300] {dagbag.py:588} INFO - Filling up the DagBag from /home/nico/.local/lib/python3.10/site-packages/airflow/example_dags/tutorial_taskflow_api.py
[2024-11-01T02:34:49.978-0300] {processor.py:925} INFO - DAG(s) 'tutorial_taskflow_api' retrieved from /home/nico/.local/lib/python3.10/site-packages/airflow/example_dags/tutorial_taskflow_api.py
[2024-11-01T02:34:50.131-0300] {logging_mixin.py:190} INFO - [2024-11-01T02:34:50.130-0300] {dag.py:3239} INFO - Sync 1 DAGs
[2024-11-01T02:34:50.273-0300] {logging_mixin.py:190} INFO - [2024-11-01T02:34:50.272-0300] {dag.py:4180} INFO - Setting next_dagrun for tutorial_taskflow_api to None, run_after=None
[2024-11-01T02:34:50.519-0300] {processor.py:208} INFO - Processing /home/nico/.local/lib/python3.10/site-packages/airflow/example_dags/tutorial_taskflow_api.py took 0.681 seconds
[2024-11-01T02:37:23.472-0300] {processor.py:186} INFO - Started process (PID=193144) to work on /home/nico/.local/lib/python3.10/site-packages/airflow/example_dags/tutorial_taskflow_api.py
[2024-11-01T02:37:23.478-0300] {processor.py:914} INFO - Processing file /home/nico/.local/lib/python3.10/site-packages/airflow/example_dags/tutorial_taskflow_api.py for tasks to queue
[2024-11-01T02:37:23.488-0300] {logging_mixin.py:190} INFO - [2024-11-01T02:37:23.487-0300] {dagbag.py:588} INFO - Filling up the DagBag from /home/nico/.local/lib/python3.10/site-packages/airflow/example_dags/tutorial_taskflow_api.py
[2024-11-01T02:37:23.527-0300] {processor.py:925} INFO - DAG(s) 'tutorial_taskflow_api' retrieved from /home/nico/.local/lib/python3.10/site-packages/airflow/example_dags/tutorial_taskflow_api.py
[2024-11-01T02:37:23.663-0300] {logging_mixin.py:190} INFO - [2024-11-01T02:37:23.662-0300] {dag.py:3239} INFO - Sync 1 DAGs
[2024-11-01T02:37:24.035-0300] {logging_mixin.py:190} INFO - [2024-11-01T02:37:24.034-0300] {dag.py:4180} INFO - Setting next_dagrun for tutorial_taskflow_api to None, run_after=None
[2024-11-01T02:37:24.164-0300] {processor.py:208} INFO - Processing /home/nico/.local/lib/python3.10/site-packages/airflow/example_dags/tutorial_taskflow_api.py took 0.744 seconds
[2024-11-01T02:46:32.401-0300] {processor.py:186} INFO - Started process (PID=195481) to work on /home/nico/.local/lib/python3.10/site-packages/airflow/example_dags/tutorial_taskflow_api.py
[2024-11-01T02:46:32.404-0300] {processor.py:914} INFO - Processing file /home/nico/.local/lib/python3.10/site-packages/airflow/example_dags/tutorial_taskflow_api.py for tasks to queue
[2024-11-01T02:46:32.407-0300] {logging_mixin.py:190} INFO - [2024-11-01T02:46:32.406-0300] {dagbag.py:588} INFO - Filling up the DagBag from /home/nico/.local/lib/python3.10/site-packages/airflow/example_dags/tutorial_taskflow_api.py
[2024-11-01T02:46:32.433-0300] {processor.py:925} INFO - DAG(s) 'tutorial_taskflow_api' retrieved from /home/nico/.local/lib/python3.10/site-packages/airflow/example_dags/tutorial_taskflow_api.py
[2024-11-01T02:46:32.517-0300] {logging_mixin.py:190} INFO - [2024-11-01T02:46:32.516-0300] {dag.py:3239} INFO - Sync 1 DAGs
[2024-11-01T02:46:32.567-0300] {logging_mixin.py:190} INFO - [2024-11-01T02:46:32.566-0300] {dag.py:4180} INFO - Setting next_dagrun for tutorial_taskflow_api to None, run_after=None
[2024-11-01T02:46:32.831-0300] {processor.py:208} INFO - Processing /home/nico/.local/lib/python3.10/site-packages/airflow/example_dags/tutorial_taskflow_api.py took 0.444 seconds
