[2024-11-03T19:26:51.914-0300] {local_task_job_runner.py:123} INFO - ::group::Pre task execution logs
[2024-11-03T19:26:51.990-0300] {taskinstance.py:2612} INFO - Dependencies all met for dep_context=non-requeueable deps ti=<TaskInstance: etl_redshift_dag_variables_fed.extract_data_fed_task scheduled__2024-11-01T22:00:00+00:00 [queued]>
[2024-11-03T19:26:52.060-0300] {taskinstance.py:2612} INFO - Dependencies all met for dep_context=requeueable deps ti=<TaskInstance: etl_redshift_dag_variables_fed.extract_data_fed_task scheduled__2024-11-01T22:00:00+00:00 [queued]>
[2024-11-03T19:26:52.065-0300] {taskinstance.py:2865} INFO - Starting attempt 12 of 13
[2024-11-03T19:26:52.204-0300] {taskinstance.py:2888} INFO - Executing <Task(PythonOperator): extract_data_fed_task> on 2024-11-01 22:00:00+00:00
[2024-11-03T19:26:52.241-0300] {standard_task_runner.py:72} INFO - Started process 226923 to run task
[2024-11-03T19:26:52.262-0300] {standard_task_runner.py:104} INFO - Running: ['airflow', 'tasks', 'run', 'etl_redshift_dag_variables_fed', 'extract_data_fed_task', 'scheduled__2024-11-01T22:00:00+00:00', '--job-id', '608', '--raw', '--subdir', 'DAGS_FOLDER/dag_variables_fed.py', '--cfg-path', '/tmp/tmpque83252']
[2024-11-03T19:26:52.345-0300] {standard_task_runner.py:105} INFO - Job 608: Subtask extract_data_fed_task
[2024-11-03T19:26:52.711-0300] {task_command.py:467} INFO - Running <TaskInstance: etl_redshift_dag_variables_fed.extract_data_fed_task scheduled__2024-11-01T22:00:00+00:00 [running]> on host DESKTOP-MVFODGC.
[2024-11-03T19:26:53.468-0300] {taskinstance.py:3131} INFO - Exporting env vars: AIRFLOW_CTX_DAG_OWNER='airflow' AIRFLOW_CTX_DAG_ID='etl_redshift_dag_variables_fed' AIRFLOW_CTX_TASK_ID='extract_data_fed_task' AIRFLOW_CTX_EXECUTION_DATE='2024-11-01T22:00:00+00:00' AIRFLOW_CTX_TRY_NUMBER='12' AIRFLOW_CTX_DAG_RUN_ID='scheduled__2024-11-01T22:00:00+00:00'
[2024-11-03T19:26:53.476-0300] {logging_mixin.py:190} INFO - Task instance is in running state
[2024-11-03T19:26:53.500-0300] {logging_mixin.py:190} INFO -  Previous state of the Task instance: queued
[2024-11-03T19:26:53.519-0300] {logging_mixin.py:190} INFO - Current task name:extract_data_fed_task state:running start_date:2024-11-03 22:26:51.997161+00:00
[2024-11-03T19:26:53.531-0300] {logging_mixin.py:190} INFO - Dag name:etl_redshift_dag_variables_fed and current dag run status:running
[2024-11-03T19:26:53.535-0300] {taskinstance.py:731} INFO - ::endgroup::
[2024-11-03T19:27:18.038-0300] {python.py:240} INFO - Done. Returned value was: None
[2024-11-03T19:27:18.093-0300] {taskinstance.py:340} INFO - ::group::Post task execution logs
[2024-11-03T19:27:18.101-0300] {taskinstance.py:352} INFO - Marking task as SUCCESS. dag_id=etl_redshift_dag_variables_fed, task_id=extract_data_fed_task, run_id=scheduled__2024-11-01T22:00:00+00:00, execution_date=20241101T220000, start_date=20241103T222651, end_date=20241103T222718
[2024-11-03T19:27:21.622-0300] {logging_mixin.py:190} INFO - Task instance in success state
[2024-11-03T19:27:21.630-0300] {logging_mixin.py:190} INFO -  Previous state of the Task instance: running
[2024-11-03T19:27:21.638-0300] {logging_mixin.py:190} INFO - Dag name:etl_redshift_dag_variables_fed queued_at:2024-11-03 22:24:38.661236+00:00
[2024-11-03T19:27:21.647-0300] {logging_mixin.py:190} INFO - Task hostname:DESKTOP-MVFODGC. operator:PythonOperator
[2024-11-03T19:27:21.712-0300] {local_task_job_runner.py:266} INFO - Task exited with return code 0
[2024-11-03T19:27:22.365-0300] {standard_task_runner.py:217} INFO - Process not found (most likely exited), stop collecting metrics
[2024-11-03T19:27:23.397-0300] {taskinstance.py:3900} INFO - 1 downstream tasks scheduled from follow-on schedule check
[2024-11-03T19:27:24.863-0300] {local_task_job_runner.py:245} INFO - ::endgroup::
