[2024-11-03T11:58:38.990-0300] {local_task_job_runner.py:123} INFO - ::group::Pre task execution logs
[2024-11-03T11:58:39.686-0300] {taskinstance.py:2612} INFO - Dependencies all met for dep_context=non-requeueable deps ti=<TaskInstance: etl_redshift_dag_variables_fed.extract_data_fed_task scheduled__2024-11-01T22:00:00+00:00 [queued]>
[2024-11-03T11:58:39.804-0300] {taskinstance.py:2612} INFO - Dependencies all met for dep_context=requeueable deps ti=<TaskInstance: etl_redshift_dag_variables_fed.extract_data_fed_task scheduled__2024-11-01T22:00:00+00:00 [queued]>
[2024-11-03T11:58:39.813-0300] {taskinstance.py:2865} INFO - Starting attempt 4 of 5
[2024-11-03T11:58:40.015-0300] {taskinstance.py:2888} INFO - Executing <Task(PythonOperator): extract_data_fed_task> on 2024-11-01 22:00:00+00:00
[2024-11-03T11:58:40.036-0300] {standard_task_runner.py:72} INFO - Started process 224926 to run task
[2024-11-03T11:58:40.056-0300] {standard_task_runner.py:104} INFO - Running: ['airflow', 'tasks', 'run', 'etl_redshift_dag_variables_fed', 'extract_data_fed_task', 'scheduled__2024-11-01T22:00:00+00:00', '--job-id', '582', '--raw', '--subdir', 'DAGS_FOLDER/dag_variables_fed.py', '--cfg-path', '/tmp/tmpdc55beam']
[2024-11-03T11:58:40.075-0300] {standard_task_runner.py:105} INFO - Job 582: Subtask extract_data_fed_task
[2024-11-03T11:58:40.607-0300] {task_command.py:467} INFO - Running <TaskInstance: etl_redshift_dag_variables_fed.extract_data_fed_task scheduled__2024-11-01T22:00:00+00:00 [running]> on host DESKTOP-MVFODGC.
[2024-11-03T11:58:56.082-0300] {job.py:229} INFO - Heartbeat recovered after 10.83 seconds
[2024-11-03T11:58:56.131-0300] {taskinstance.py:3131} INFO - Exporting env vars: AIRFLOW_CTX_DAG_OWNER='airflow' AIRFLOW_CTX_DAG_ID='etl_redshift_dag_variables_fed' AIRFLOW_CTX_TASK_ID='extract_data_fed_task' AIRFLOW_CTX_EXECUTION_DATE='2024-11-01T22:00:00+00:00' AIRFLOW_CTX_TRY_NUMBER='4' AIRFLOW_CTX_DAG_RUN_ID='scheduled__2024-11-01T22:00:00+00:00'
[2024-11-03T11:58:56.142-0300] {logging_mixin.py:190} INFO - Task instance is in running state
[2024-11-03T11:58:56.146-0300] {logging_mixin.py:190} INFO -  Previous state of the Task instance: queued
[2024-11-03T11:58:56.162-0300] {logging_mixin.py:190} INFO - Current task name:extract_data_fed_task state:running start_date:2024-11-03 14:58:39.728389+00:00
[2024-11-03T11:58:56.168-0300] {logging_mixin.py:190} INFO - Dag name:etl_redshift_dag_variables_fed and current dag run status:running
[2024-11-03T11:58:56.179-0300] {taskinstance.py:731} INFO - ::endgroup::
[2024-11-03T11:59:05.280-0300] {python.py:240} INFO - Done. Returned value was: None
[2024-11-03T11:59:05.319-0300] {taskinstance.py:340} INFO - ::group::Post task execution logs
[2024-11-03T11:59:05.324-0300] {taskinstance.py:352} INFO - Marking task as SUCCESS. dag_id=etl_redshift_dag_variables_fed, task_id=extract_data_fed_task, run_id=scheduled__2024-11-01T22:00:00+00:00, execution_date=20241101T220000, start_date=20241103T145839, end_date=20241103T145905
[2024-11-03T11:59:05.491-0300] {logging_mixin.py:190} INFO - Task instance in success state
[2024-11-03T11:59:05.495-0300] {logging_mixin.py:190} INFO -  Previous state of the Task instance: running
[2024-11-03T11:59:05.508-0300] {logging_mixin.py:190} INFO - Dag name:etl_redshift_dag_variables_fed queued_at:2024-11-03 14:57:16.798439+00:00
[2024-11-03T11:59:05.514-0300] {logging_mixin.py:190} INFO - Task hostname:DESKTOP-MVFODGC. operator:PythonOperator
[2024-11-03T11:59:05.551-0300] {local_task_job_runner.py:266} INFO - Task exited with return code 0
[2024-11-03T11:59:05.746-0300] {taskinstance.py:3900} INFO - 1 downstream tasks scheduled from follow-on schedule check
[2024-11-03T11:59:05.779-0300] {local_task_job_runner.py:245} INFO - ::endgroup::
