[2024-11-03T18:32:54.187-0300] {local_task_job_runner.py:123} INFO - ::group::Pre task execution logs
[2024-11-03T18:32:54.319-0300] {taskinstance.py:2612} INFO - Dependencies all met for dep_context=non-requeueable deps ti=<TaskInstance: etl_redshift_dag_variables_fed.extract_data_fed_task scheduled__2024-11-01T22:00:00+00:00 [queued]>
[2024-11-03T18:32:54.397-0300] {taskinstance.py:2612} INFO - Dependencies all met for dep_context=requeueable deps ti=<TaskInstance: etl_redshift_dag_variables_fed.extract_data_fed_task scheduled__2024-11-01T22:00:00+00:00 [queued]>
[2024-11-03T18:32:54.406-0300] {taskinstance.py:2865} INFO - Starting attempt 6 of 7
[2024-11-03T18:32:54.647-0300] {taskinstance.py:2888} INFO - Executing <Task(PythonOperator): extract_data_fed_task> on 2024-11-01 22:00:00+00:00
[2024-11-03T18:32:54.668-0300] {standard_task_runner.py:72} INFO - Started process 225736 to run task
[2024-11-03T18:32:54.749-0300] {standard_task_runner.py:104} INFO - Running: ['airflow', 'tasks', 'run', 'etl_redshift_dag_variables_fed', 'extract_data_fed_task', 'scheduled__2024-11-01T22:00:00+00:00', '--job-id', '592', '--raw', '--subdir', 'DAGS_FOLDER/dag_variables_fed.py', '--cfg-path', '/tmp/tmpcnhfwmt0']
[2024-11-03T18:32:54.800-0300] {standard_task_runner.py:105} INFO - Job 592: Subtask extract_data_fed_task
[2024-11-03T18:32:56.898-0300] {task_command.py:467} INFO - Running <TaskInstance: etl_redshift_dag_variables_fed.extract_data_fed_task scheduled__2024-11-01T22:00:00+00:00 [running]> on host DESKTOP-MVFODGC.
[2024-11-03T18:32:57.983-0300] {taskinstance.py:3131} INFO - Exporting env vars: AIRFLOW_CTX_DAG_OWNER='airflow' AIRFLOW_CTX_DAG_ID='etl_redshift_dag_variables_fed' AIRFLOW_CTX_TASK_ID='extract_data_fed_task' AIRFLOW_CTX_EXECUTION_DATE='2024-11-01T22:00:00+00:00' AIRFLOW_CTX_TRY_NUMBER='6' AIRFLOW_CTX_DAG_RUN_ID='scheduled__2024-11-01T22:00:00+00:00'
[2024-11-03T18:32:57.991-0300] {logging_mixin.py:190} INFO - Task instance is in running state
[2024-11-03T18:32:58.003-0300] {logging_mixin.py:190} INFO -  Previous state of the Task instance: queued
[2024-11-03T18:32:58.020-0300] {logging_mixin.py:190} INFO - Current task name:extract_data_fed_task state:running start_date:2024-11-03 21:32:54.322028+00:00
[2024-11-03T18:32:58.030-0300] {logging_mixin.py:190} INFO - Dag name:etl_redshift_dag_variables_fed and current dag run status:running
[2024-11-03T18:32:58.034-0300] {taskinstance.py:731} INFO - ::endgroup::
[2024-11-03T18:32:58.916-0300] {logging_mixin.py:190} INFO - Datos de la API: {'realtime_start': '2024-11-03', 'realtime_end': '2024-11-03', 'observation_start': '2024-10-29', 'observation_end': '2024-11-01', 'units': 'lin', 'output_type': 1, 'file_type': 'json', 'order_by': 'observation_date', 'sort_order': 'asc', 'count': 3, 'offset': 0, 'limit': 100000, 'observations': [{'realtime_start': '2024-11-03', 'realtime_end': '2024-11-03', 'date': '2024-10-29', 'value': '4.83'}, {'realtime_start': '2024-11-03', 'realtime_end': '2024-11-03', 'date': '2024-10-30', 'value': '4.83'}, {'realtime_start': '2024-11-03', 'realtime_end': '2024-11-03', 'date': '2024-10-31', 'value': '4.83'}]}
[2024-11-03T18:32:58.982-0300] {logging_mixin.py:190} INFO - Tipos de datos en el DataFrame: realtime_start     object
realtime_end       object
date               object
value             float64
dtype: object
[2024-11-03T18:32:59.579-0300] {logging_mixin.py:190} INFO - Datos de la API: {'realtime_start': '2024-11-03', 'realtime_end': '2024-11-03', 'observation_start': '2024-10-29', 'observation_end': '2024-11-01', 'units': 'lin', 'output_type': 1, 'file_type': 'json', 'order_by': 'observation_date', 'sort_order': 'asc', 'count': 4, 'offset': 0, 'limit': 100000, 'observations': [{'realtime_start': '2024-11-03', 'realtime_end': '2024-11-03', 'date': '2024-10-29', 'value': '0.17'}, {'realtime_start': '2024-11-03', 'realtime_end': '2024-11-03', 'date': '2024-10-30', 'value': '0.14'}, {'realtime_start': '2024-11-03', 'realtime_end': '2024-11-03', 'date': '2024-10-31', 'value': '0.12'}, {'realtime_start': '2024-11-03', 'realtime_end': '2024-11-03', 'date': '2024-11-01', 'value': '0.16'}]}
[2024-11-03T18:32:59.585-0300] {logging_mixin.py:190} INFO - Tipos de datos en el DataFrame: realtime_start     object
realtime_end       object
date               object
value             float64
dtype: object
[2024-11-03T18:32:59.949-0300] {logging_mixin.py:190} INFO - Datos de la API: {'realtime_start': '2024-11-03', 'realtime_end': '2024-11-03', 'observation_start': '2024-10-29', 'observation_end': '2024-11-01', 'units': 'lin', 'output_type': 1, 'file_type': 'json', 'order_by': 'observation_date', 'sort_order': 'asc', 'count': 3, 'offset': 0, 'limit': 100000, 'observations': [{'realtime_start': '2024-11-03', 'realtime_end': '2024-11-03', 'date': '2024-10-29', 'value': '4.29'}, {'realtime_start': '2024-11-03', 'realtime_end': '2024-11-03', 'date': '2024-10-30', 'value': '4.28'}, {'realtime_start': '2024-11-03', 'realtime_end': '2024-11-03', 'date': '2024-10-31', 'value': '4.27'}]}
[2024-11-03T18:32:59.954-0300] {logging_mixin.py:190} INFO - Tipos de datos en el DataFrame: realtime_start     object
realtime_end       object
date               object
value             float64
dtype: object
[2024-11-03T18:33:00.322-0300] {logging_mixin.py:190} INFO - Datos de la API: {'realtime_start': '2024-11-03', 'realtime_end': '2024-11-03', 'observation_start': '2024-10-29', 'observation_end': '2024-11-01', 'units': 'lin', 'output_type': 1, 'file_type': 'json', 'order_by': 'observation_date', 'sort_order': 'asc', 'count': 3, 'offset': 0, 'limit': 100000, 'observations': [{'realtime_start': '2024-11-03', 'realtime_end': '2024-11-03', 'date': '2024-10-29', 'value': '4.11'}, {'realtime_start': '2024-11-03', 'realtime_end': '2024-11-03', 'date': '2024-10-30', 'value': '4.15'}, {'realtime_start': '2024-11-03', 'realtime_end': '2024-11-03', 'date': '2024-10-31', 'value': '4.16'}]}
[2024-11-03T18:33:00.330-0300] {logging_mixin.py:190} INFO - Tipos de datos en el DataFrame: realtime_start     object
realtime_end       object
date               object
value             float64
dtype: object
[2024-11-03T18:33:00.707-0300] {logging_mixin.py:190} INFO - Datos de la API: {'realtime_start': '2024-11-03', 'realtime_end': '2024-11-03', 'observation_start': '2024-10-29', 'observation_end': '2024-11-01', 'units': 'lin', 'output_type': 1, 'file_type': 'json', 'order_by': 'observation_date', 'sort_order': 'asc', 'count': 3, 'offset': 0, 'limit': 100000, 'observations': [{'realtime_start': '2024-11-03', 'realtime_end': '2024-11-03', 'date': '2024-10-29', 'value': '4.08'}, {'realtime_start': '2024-11-03', 'realtime_end': '2024-11-03', 'date': '2024-10-30', 'value': '4.14'}, {'realtime_start': '2024-11-03', 'realtime_end': '2024-11-03', 'date': '2024-10-31', 'value': '4.12'}]}
[2024-11-03T18:33:00.717-0300] {logging_mixin.py:190} INFO - Tipos de datos en el DataFrame: realtime_start     object
realtime_end       object
date               object
value             float64
dtype: object
[2024-11-03T18:33:01.291-0300] {logging_mixin.py:190} INFO - Datos de la API: {'realtime_start': '2024-11-03', 'realtime_end': '2024-11-03', 'observation_start': '2024-10-29', 'observation_end': '2024-11-01', 'units': 'lin', 'output_type': 1, 'file_type': 'json', 'order_by': 'observation_date', 'sort_order': 'asc', 'count': 3, 'offset': 0, 'limit': 100000, 'observations': [{'realtime_start': '2024-11-03', 'realtime_end': '2024-11-03', 'date': '2024-10-29', 'value': '4.11'}, {'realtime_start': '2024-11-03', 'realtime_end': '2024-11-03', 'date': '2024-10-30', 'value': '4.14'}, {'realtime_start': '2024-11-03', 'realtime_end': '2024-11-03', 'date': '2024-10-31', 'value': '4.15'}]}
[2024-11-03T18:33:01.344-0300] {logging_mixin.py:190} INFO - Tipos de datos en el DataFrame: realtime_start     object
realtime_end       object
date               object
value             float64
dtype: object
[2024-11-03T18:33:01.754-0300] {logging_mixin.py:190} INFO - Datos de la API: {'realtime_start': '2024-11-03', 'realtime_end': '2024-11-03', 'observation_start': '2024-10-29', 'observation_end': '2024-11-01', 'units': 'lin', 'output_type': 1, 'file_type': 'json', 'order_by': 'observation_date', 'sort_order': 'asc', 'count': 3, 'offset': 0, 'limit': 100000, 'observations': [{'realtime_start': '2024-11-03', 'realtime_end': '2024-11-03', 'date': '2024-10-29', 'value': '4.18'}, {'realtime_start': '2024-11-03', 'realtime_end': '2024-11-03', 'date': '2024-10-30', 'value': '4.2'}, {'realtime_start': '2024-11-03', 'realtime_end': '2024-11-03', 'date': '2024-10-31', 'value': '4.21'}]}
[2024-11-03T18:33:01.775-0300] {logging_mixin.py:190} INFO - Tipos de datos en el DataFrame: realtime_start     object
realtime_end       object
date               object
value             float64
dtype: object
[2024-11-03T18:33:02.132-0300] {logging_mixin.py:190} INFO - Datos de la API: {'realtime_start': '2024-11-03', 'realtime_end': '2024-11-03', 'observation_start': '2024-10-29', 'observation_end': '2024-11-01', 'units': 'lin', 'output_type': 1, 'file_type': 'json', 'order_by': 'observation_date', 'sort_order': 'asc', 'count': 3, 'offset': 0, 'limit': 100000, 'observations': [{'realtime_start': '2024-11-03', 'realtime_end': '2024-11-03', 'date': '2024-10-29', 'value': '4.28'}, {'realtime_start': '2024-11-03', 'realtime_end': '2024-11-03', 'date': '2024-10-30', 'value': '4.29'}, {'realtime_start': '2024-11-03', 'realtime_end': '2024-11-03', 'date': '2024-10-31', 'value': '4.28'}]}
[2024-11-03T18:33:02.158-0300] {logging_mixin.py:190} INFO - Tipos de datos en el DataFrame: realtime_start     object
realtime_end       object
date               object
value             float64
dtype: object
[2024-11-03T18:33:02.555-0300] {logging_mixin.py:190} INFO - Datos de la API: {'realtime_start': '2024-11-03', 'realtime_end': '2024-11-03', 'observation_start': '2024-10-29', 'observation_end': '2024-11-01', 'units': 'lin', 'output_type': 1, 'file_type': 'json', 'order_by': 'observation_date', 'sort_order': 'asc', 'count': 3, 'offset': 0, 'limit': 100000, 'observations': [{'realtime_start': '2024-11-03', 'realtime_end': '2024-11-03', 'date': '2024-10-29', 'value': '4.61'}, {'realtime_start': '2024-11-03', 'realtime_end': '2024-11-03', 'date': '2024-10-30', 'value': '4.6'}, {'realtime_start': '2024-11-03', 'realtime_end': '2024-11-03', 'date': '2024-10-31', 'value': '4.58'}]}
[2024-11-03T18:33:02.569-0300] {logging_mixin.py:190} INFO - Tipos de datos en el DataFrame: realtime_start     object
realtime_end       object
date               object
value             float64
dtype: object
[2024-11-03T18:33:02.929-0300] {logging_mixin.py:190} INFO - Datos de la API: {'realtime_start': '2024-11-03', 'realtime_end': '2024-11-03', 'observation_start': '2024-10-29', 'observation_end': '2024-11-01', 'units': 'lin', 'output_type': 1, 'file_type': 'json', 'order_by': 'observation_date', 'sort_order': 'asc', 'count': 3, 'offset': 0, 'limit': 100000, 'observations': [{'realtime_start': '2024-11-03', 'realtime_end': '2024-11-03', 'date': '2024-10-29', 'value': '4.52'}, {'realtime_start': '2024-11-03', 'realtime_end': '2024-11-03', 'date': '2024-10-30', 'value': '4.49'}, {'realtime_start': '2024-11-03', 'realtime_end': '2024-11-03', 'date': '2024-10-31', 'value': '4.47'}]}
[2024-11-03T18:33:02.948-0300] {logging_mixin.py:190} INFO - Tipos de datos en el DataFrame: realtime_start     object
realtime_end       object
date               object
value             float64
dtype: object
[2024-11-03T18:33:03.385-0300] {logging_mixin.py:190} INFO - Datos de la API: {'realtime_start': '2024-11-03', 'realtime_end': '2024-11-03', 'observation_start': '2024-10-29', 'observation_end': '2024-11-01', 'units': 'lin', 'output_type': 1, 'file_type': 'json', 'order_by': 'observation_date', 'sort_order': 'asc', 'count': 3, 'offset': 0, 'limit': 100000, 'observations': [{'realtime_start': '2024-11-03', 'realtime_end': '2024-11-03', 'date': '2024-10-29', 'value': '1.78'}, {'realtime_start': '2024-11-03', 'realtime_end': '2024-11-03', 'date': '2024-10-30', 'value': '1.77'}, {'realtime_start': '2024-11-03', 'realtime_end': '2024-11-03', 'date': '2024-10-31', 'value': '1.77'}]}
[2024-11-03T18:33:03.467-0300] {logging_mixin.py:190} INFO - Tipos de datos en el DataFrame: realtime_start     object
realtime_end       object
date               object
value             float64
dtype: object
[2024-11-03T18:33:03.902-0300] {logging_mixin.py:190} INFO - Datos de la API: {'realtime_start': '2024-11-03', 'realtime_end': '2024-11-03', 'observation_start': '2024-10-29', 'observation_end': '2024-11-01', 'units': 'lin', 'output_type': 1, 'file_type': 'json', 'order_by': 'observation_date', 'sort_order': 'asc', 'count': 3, 'offset': 0, 'limit': 100000, 'observations': [{'realtime_start': '2024-11-03', 'realtime_end': '2024-11-03', 'date': '2024-10-29', 'value': '1.98'}, {'realtime_start': '2024-11-03', 'realtime_end': '2024-11-03', 'date': '2024-10-30', 'value': '1.95'}, {'realtime_start': '2024-11-03', 'realtime_end': '2024-11-03', 'date': '2024-10-31', 'value': '1.95'}]}
[2024-11-03T18:33:03.923-0300] {logging_mixin.py:190} INFO - Tipos de datos en el DataFrame: realtime_start     object
realtime_end       object
date               object
value             float64
dtype: object
[2024-11-03T18:33:04.326-0300] {logging_mixin.py:190} INFO - Datos de la API: {'realtime_start': '2024-11-03', 'realtime_end': '2024-11-03', 'observation_start': '2024-10-29', 'observation_end': '2024-11-01', 'units': 'lin', 'output_type': 1, 'file_type': 'json', 'order_by': 'observation_date', 'sort_order': 'asc', 'count': 3, 'offset': 0, 'limit': 100000, 'observations': [{'realtime_start': '2024-11-03', 'realtime_end': '2024-11-03', 'date': '2024-10-29', 'value': '2.22'}, {'realtime_start': '2024-11-03', 'realtime_end': '2024-11-03', 'date': '2024-10-30', 'value': '2.17'}, {'realtime_start': '2024-11-03', 'realtime_end': '2024-11-03', 'date': '2024-10-31', 'value': '2.15'}]}
[2024-11-03T18:33:04.354-0300] {logging_mixin.py:190} INFO - Tipos de datos en el DataFrame: realtime_start     object
realtime_end       object
date               object
value             float64
dtype: object
[2024-11-03T18:33:04.750-0300] {logging_mixin.py:190} INFO - Datos de la API: {'realtime_start': '2024-11-03', 'realtime_end': '2024-11-03', 'observation_start': '2024-10-29', 'observation_end': '2024-11-01', 'units': 'lin', 'output_type': 1, 'file_type': 'json', 'order_by': 'observation_date', 'sort_order': 'asc', 'count': 3, 'offset': 0, 'limit': 100000, 'observations': [{'realtime_start': '2024-11-03', 'realtime_end': '2024-11-03', 'date': '2024-10-29', 'value': '4.67'}, {'realtime_start': '2024-11-03', 'realtime_end': '2024-11-03', 'date': '2024-10-30', 'value': '4.67'}, {'realtime_start': '2024-11-03', 'realtime_end': '2024-11-03', 'date': '2024-10-31', 'value': '4.58'}]}
[2024-11-03T18:33:04.773-0300] {logging_mixin.py:190} INFO - Tipos de datos en el DataFrame: realtime_start     object
realtime_end       object
date               object
value             float64
dtype: object
[2024-11-03T18:33:05.180-0300] {logging_mixin.py:190} INFO - Datos de la API: {'realtime_start': '2024-11-03', 'realtime_end': '2024-11-03', 'observation_start': '2024-10-29', 'observation_end': '2024-11-01', 'units': 'lin', 'output_type': 1, 'file_type': 'json', 'order_by': 'observation_date', 'sort_order': 'asc', 'count': 3, 'offset': 0, 'limit': 100000, 'observations': [{'realtime_start': '2024-11-03', 'realtime_end': '2024-11-03', 'date': '2024-10-29', 'value': '4.49'}, {'realtime_start': '2024-11-03', 'realtime_end': '2024-11-03', 'date': '2024-10-30', 'value': '4.47'}, {'realtime_start': '2024-11-03', 'realtime_end': '2024-11-03', 'date': '2024-10-31', 'value': '4.44'}]}
[2024-11-03T18:33:05.220-0300] {logging_mixin.py:190} INFO - Tipos de datos en el DataFrame: realtime_start     object
realtime_end       object
date               object
value             float64
dtype: object
[2024-11-03T18:33:05.648-0300] {logging_mixin.py:190} INFO - Datos de la API: {'realtime_start': '2024-11-03', 'realtime_end': '2024-11-03', 'observation_start': '2024-10-29', 'observation_end': '2024-11-01', 'units': 'lin', 'output_type': 1, 'file_type': 'json', 'order_by': 'observation_date', 'sort_order': 'asc', 'count': 3, 'offset': 0, 'limit': 100000, 'observations': [{'realtime_start': '2024-11-03', 'realtime_end': '2024-11-03', 'date': '2024-10-29', 'value': '4.33'}, {'realtime_start': '2024-11-03', 'realtime_end': '2024-11-03', 'date': '2024-10-30', 'value': '4.32'}, {'realtime_start': '2024-11-03', 'realtime_end': '2024-11-03', 'date': '2024-10-31', 'value': '4.31'}]}
[2024-11-03T18:33:05.735-0300] {logging_mixin.py:190} INFO - Tipos de datos en el DataFrame: realtime_start     object
realtime_end       object
date               object
value             float64
dtype: object
[2024-11-03T18:33:06.110-0300] {logging_mixin.py:190} INFO - Datos de la API: {'realtime_start': '2024-11-03', 'realtime_end': '2024-11-03', 'observation_start': '2024-10-29', 'observation_end': '2024-11-01', 'units': 'lin', 'output_type': 1, 'file_type': 'json', 'order_by': 'observation_date', 'sort_order': 'asc', 'count': 1, 'offset': 0, 'limit': 100000, 'observations': [{'realtime_start': '2024-11-03', 'realtime_end': '2024-11-03', 'date': '2024-10-29', 'value': '8.0'}]}
[2024-11-03T18:33:06.201-0300] {logging_mixin.py:190} INFO - Tipos de datos en el DataFrame: realtime_start     object
realtime_end       object
date               object
value             float64
dtype: object
[2024-11-03T18:33:06.606-0300] {logging_mixin.py:190} INFO - Datos de la API: {'realtime_start': '2024-11-03', 'realtime_end': '2024-11-03', 'observation_start': '2024-10-29', 'observation_end': '2024-11-01', 'units': 'lin', 'output_type': 1, 'file_type': 'json', 'order_by': 'observation_date', 'sort_order': 'asc', 'count': 3, 'offset': 0, 'limit': 100000, 'observations': [{'realtime_start': '2024-11-03', 'realtime_end': '2024-11-03', 'date': '2024-10-29', 'value': '5.0'}, {'realtime_start': '2024-11-03', 'realtime_end': '2024-11-03', 'date': '2024-10-30', 'value': '5.0'}, {'realtime_start': '2024-11-03', 'realtime_end': '2024-11-03', 'date': '2024-10-31', 'value': '5.0'}]}
[2024-11-03T18:33:06.640-0300] {logging_mixin.py:190} INFO - Tipos de datos en el DataFrame: realtime_start     object
realtime_end       object
date               object
value             float64
dtype: object
[2024-11-03T18:33:07.024-0300] {logging_mixin.py:190} INFO - Datos de la API: {'realtime_start': '2024-11-03', 'realtime_end': '2024-11-03', 'observation_start': '2024-10-29', 'observation_end': '2024-11-01', 'units': 'lin', 'output_type': 1, 'file_type': 'json', 'order_by': 'observation_date', 'sort_order': 'asc', 'count': 3, 'offset': 0, 'limit': 100000, 'observations': [{'realtime_start': '2024-11-03', 'realtime_end': '2024-11-03', 'date': '2024-10-29', 'value': '4.88'}, {'realtime_start': '2024-11-03', 'realtime_end': '2024-11-03', 'date': '2024-10-30', 'value': '4.87'}, {'realtime_start': '2024-11-03', 'realtime_end': '2024-11-03', 'date': '2024-10-31', 'value': '4.76'}]}
[2024-11-03T18:33:07.043-0300] {logging_mixin.py:190} INFO - Tipos de datos en el DataFrame: realtime_start     object
realtime_end       object
date               object
value             float64
dtype: object
[2024-11-03T18:33:07.466-0300] {logging_mixin.py:190} INFO - Datos de la API: {'realtime_start': '2024-11-03', 'realtime_end': '2024-11-03', 'observation_start': '2024-10-29', 'observation_end': '2024-11-01', 'units': 'lin', 'output_type': 1, 'file_type': 'json', 'order_by': 'observation_date', 'sort_order': 'asc', 'count': 3, 'offset': 0, 'limit': 100000, 'observations': [{'realtime_start': '2024-11-03', 'realtime_end': '2024-11-03', 'date': '2024-10-29', 'value': '4.7'}, {'realtime_start': '2024-11-03', 'realtime_end': '2024-11-03', 'date': '2024-10-30', 'value': '4.67'}, {'realtime_start': '2024-11-03', 'realtime_end': '2024-11-03', 'date': '2024-10-31', 'value': '4.64'}]}
[2024-11-03T18:33:07.533-0300] {logging_mixin.py:190} INFO - Tipos de datos en el DataFrame: realtime_start     object
realtime_end       object
date               object
value             float64
dtype: object
[2024-11-03T18:33:07.993-0300] {logging_mixin.py:190} INFO - Datos de la API: {'realtime_start': '2024-11-03', 'realtime_end': '2024-11-03', 'observation_start': '2024-10-29', 'observation_end': '2024-11-01', 'units': 'lin', 'output_type': 1, 'file_type': 'json', 'order_by': 'observation_date', 'sort_order': 'asc', 'count': 3, 'offset': 0, 'limit': 100000, 'observations': [{'realtime_start': '2024-11-03', 'realtime_end': '2024-11-03', 'date': '2024-10-29', 'value': '4.45'}, {'realtime_start': '2024-11-03', 'realtime_end': '2024-11-03', 'date': '2024-10-30', 'value': '4.44'}, {'realtime_start': '2024-11-03', 'realtime_end': '2024-11-03', 'date': '2024-10-31', 'value': '4.43'}]}
[2024-11-03T18:33:08.125-0300] {logging_mixin.py:190} INFO - Tipos de datos en el DataFrame: realtime_start     object
realtime_end       object
date               object
value             float64
dtype: object
[2024-11-03T18:33:08.350-0300] {python.py:240} INFO - Done. Returned value was: None
[2024-11-03T18:33:08.400-0300] {taskinstance.py:340} INFO - ::group::Post task execution logs
[2024-11-03T18:33:08.405-0300] {taskinstance.py:352} INFO - Marking task as SUCCESS. dag_id=etl_redshift_dag_variables_fed, task_id=extract_data_fed_task, run_id=scheduled__2024-11-01T22:00:00+00:00, execution_date=20241101T220000, start_date=20241103T213254, end_date=20241103T213308
[2024-11-03T18:33:08.522-0300] {logging_mixin.py:190} INFO - Task instance in success state
[2024-11-03T18:33:08.528-0300] {logging_mixin.py:190} INFO -  Previous state of the Task instance: running
[2024-11-03T18:33:08.531-0300] {logging_mixin.py:190} INFO - Dag name:etl_redshift_dag_variables_fed queued_at:2024-11-03 21:31:56.815335+00:00
[2024-11-03T18:33:08.534-0300] {logging_mixin.py:190} INFO - Task hostname:DESKTOP-MVFODGC. operator:PythonOperator
[2024-11-03T18:33:08.606-0300] {local_task_job_runner.py:266} INFO - Task exited with return code 0
[2024-11-03T18:33:09.754-0300] {taskinstance.py:3900} INFO - 1 downstream tasks scheduled from follow-on schedule check
[2024-11-03T18:33:09.766-0300] {standard_task_runner.py:217} INFO - Process not found (most likely exited), stop collecting metrics
[2024-11-03T18:33:10.032-0300] {local_task_job_runner.py:245} INFO - ::endgroup::
