[2024-11-04T00:21:58.842+0000] {processor.py:186} INFO - Started process (PID=132) to work on /opt/airflow/dags/dag_variables_bcra.py
[2024-11-04T00:21:58.868+0000] {processor.py:914} INFO - Processing file /opt/airflow/dags/dag_variables_bcra.py for tasks to queue
[2024-11-04T00:21:59.058+0000] {logging_mixin.py:190} INFO - [2024-11-04T00:21:59.009+0000] {dagbag.py:588} INFO - Filling up the DagBag from /opt/airflow/dags/dag_variables_bcra.py
[2024-11-04T00:22:00.541+0000] {logging_mixin.py:190} INFO - [2024-11-04T00:22:00.476+0000] {dagbag.py:387} ERROR - Failed to import: /opt/airflow/dags/dag_variables_bcra.py
Traceback (most recent call last):
  File "/home/airflow/.local/lib/python3.12/site-packages/airflow/models/dagbag.py", line 383, in parse
    loader.exec_module(new_module)
  File "<frozen importlib._bootstrap_external>", line 995, in exec_module
  File "<frozen importlib._bootstrap>", line 488, in _call_with_frames_removed
  File "/opt/airflow/dags/dag_variables_bcra.py", line 10, in <module>
    from scripts import extract_data, transform_data, load_to_redshift, actualizar_dim_fecha
ImportError: cannot import name 'extract_data' from 'scripts' (unknown location)
[2024-11-04T00:22:00.574+0000] {processor.py:927} WARNING - No viable dags retrieved from /opt/airflow/dags/dag_variables_bcra.py
[2024-11-04T00:22:00.813+0000] {processor.py:208} INFO - Processing /opt/airflow/dags/dag_variables_bcra.py took 3.101 seconds
[2024-11-04T00:27:35.942+0000] {processor.py:186} INFO - Started process (PID=244) to work on /opt/airflow/dags/dag_variables_bcra.py
[2024-11-04T00:27:35.956+0000] {processor.py:914} INFO - Processing file /opt/airflow/dags/dag_variables_bcra.py for tasks to queue
[2024-11-04T00:27:35.992+0000] {logging_mixin.py:190} INFO - [2024-11-04T00:27:35.991+0000] {dagbag.py:588} INFO - Filling up the DagBag from /opt/airflow/dags/dag_variables_bcra.py
[2024-11-04T00:27:36.802+0000] {logging_mixin.py:190} INFO - [2024-11-04T00:27:36.557+0000] {dagbag.py:387} ERROR - Failed to import: /opt/airflow/dags/dag_variables_bcra.py
Traceback (most recent call last):
  File "/home/airflow/.local/lib/python3.12/site-packages/airflow/models/dagbag.py", line 383, in parse
    loader.exec_module(new_module)
  File "<frozen importlib._bootstrap_external>", line 995, in exec_module
  File "<frozen importlib._bootstrap>", line 488, in _call_with_frames_removed
  File "/opt/airflow/dags/dag_variables_bcra.py", line 10, in <module>
    from scripts import extract_data, transform_data, load_to_redshift, actualizar_dim_fecha
ImportError: cannot import name 'extract_data' from 'scripts' (unknown location)
[2024-11-04T00:27:36.868+0000] {processor.py:927} WARNING - No viable dags retrieved from /opt/airflow/dags/dag_variables_bcra.py
[2024-11-04T00:27:37.768+0000] {processor.py:208} INFO - Processing /opt/airflow/dags/dag_variables_bcra.py took 1.912 seconds
[2024-11-04T00:28:42.092+0000] {processor.py:186} INFO - Started process (PID=302) to work on /opt/airflow/dags/dag_variables_bcra.py
[2024-11-04T00:28:42.097+0000] {processor.py:914} INFO - Processing file /opt/airflow/dags/dag_variables_bcra.py for tasks to queue
[2024-11-04T00:28:42.116+0000] {logging_mixin.py:190} INFO - [2024-11-04T00:28:42.115+0000] {dagbag.py:588} INFO - Filling up the DagBag from /opt/airflow/dags/dag_variables_bcra.py
[2024-11-04T00:28:42.730+0000] {logging_mixin.py:190} INFO - [2024-11-04T00:28:42.663+0000] {dagbag.py:387} ERROR - Failed to import: /opt/airflow/dags/dag_variables_bcra.py
Traceback (most recent call last):
  File "/home/airflow/.local/lib/python3.12/site-packages/airflow/models/dagbag.py", line 383, in parse
    loader.exec_module(new_module)
  File "<frozen importlib._bootstrap_external>", line 995, in exec_module
  File "<frozen importlib._bootstrap>", line 488, in _call_with_frames_removed
  File "/opt/airflow/dags/dag_variables_bcra.py", line 10, in <module>
    from scripts import extract_data, transform_data, load_to_redshift, actualizar_dim_fecha
ImportError: cannot import name 'extract_data' from 'scripts' (unknown location)
[2024-11-04T00:28:42.783+0000] {processor.py:927} WARNING - No viable dags retrieved from /opt/airflow/dags/dag_variables_bcra.py
[2024-11-04T00:28:43.293+0000] {processor.py:208} INFO - Processing /opt/airflow/dags/dag_variables_bcra.py took 1.291 seconds
[2024-11-04T00:29:25.775+0000] {processor.py:186} INFO - Started process (PID=347) to work on /opt/airflow/dags/dag_variables_bcra.py
[2024-11-04T00:29:25.853+0000] {processor.py:914} INFO - Processing file /opt/airflow/dags/dag_variables_bcra.py for tasks to queue
[2024-11-04T00:29:25.904+0000] {logging_mixin.py:190} INFO - [2024-11-04T00:29:25.903+0000] {dagbag.py:588} INFO - Filling up the DagBag from /opt/airflow/dags/dag_variables_bcra.py
[2024-11-04T00:29:28.715+0000] {logging_mixin.py:190} INFO - [2024-11-04T00:29:27.872+0000] {dagbag.py:387} ERROR - Failed to import: /opt/airflow/dags/dag_variables_bcra.py
Traceback (most recent call last):
  File "/home/airflow/.local/lib/python3.12/site-packages/airflow/models/dagbag.py", line 383, in parse
    loader.exec_module(new_module)
  File "<frozen importlib._bootstrap_external>", line 995, in exec_module
  File "<frozen importlib._bootstrap>", line 488, in _call_with_frames_removed
  File "/opt/airflow/dags/dag_variables_bcra.py", line 10, in <module>
    from scripts import extract_data, transform_data, load_to_redshift, actualizar_dim_fecha
ImportError: cannot import name 'extract_data' from 'scripts' (unknown location)
[2024-11-04T00:29:29.163+0000] {processor.py:927} WARNING - No viable dags retrieved from /opt/airflow/dags/dag_variables_bcra.py
[2024-11-04T00:29:29.855+0000] {processor.py:208} INFO - Processing /opt/airflow/dags/dag_variables_bcra.py took 4.567 seconds
[2024-11-04T00:32:56.791+0000] {processor.py:186} INFO - Started process (PID=403) to work on /opt/airflow/dags/dag_variables_bcra.py
[2024-11-04T00:32:56.870+0000] {processor.py:914} INFO - Processing file /opt/airflow/dags/dag_variables_bcra.py for tasks to queue
[2024-11-04T00:32:56.896+0000] {logging_mixin.py:190} INFO - [2024-11-04T00:32:56.893+0000] {dagbag.py:588} INFO - Filling up the DagBag from /opt/airflow/dags/dag_variables_bcra.py
[2024-11-04T00:32:57.323+0000] {logging_mixin.py:190} INFO - [2024-11-04T00:32:57.293+0000] {dagbag.py:387} ERROR - Failed to import: /opt/airflow/dags/dag_variables_bcra.py
Traceback (most recent call last):
  File "/home/airflow/.local/lib/python3.12/site-packages/airflow/models/dagbag.py", line 383, in parse
    loader.exec_module(new_module)
  File "<frozen importlib._bootstrap_external>", line 995, in exec_module
  File "<frozen importlib._bootstrap>", line 488, in _call_with_frames_removed
  File "/opt/airflow/dags/dag_variables_bcra.py", line 10, in <module>
    from scripts import extract_data, transform_data, load_to_redshift, actualizar_dim_fecha
ImportError: cannot import name 'extract_data' from 'scripts' (unknown location)
[2024-11-04T00:32:57.339+0000] {processor.py:927} WARNING - No viable dags retrieved from /opt/airflow/dags/dag_variables_bcra.py
[2024-11-04T00:32:57.477+0000] {processor.py:208} INFO - Processing /opt/airflow/dags/dag_variables_bcra.py took 0.825 seconds
