[2024-11-01T00:57:03.190-0300] {local_task_job_runner.py:123} INFO - ::group::Pre task execution logs
[2024-11-01T00:57:03.247-0300] {taskinstance.py:2612} INFO - Dependencies all met for dep_context=non-requeueable deps ti=<TaskInstance: etl_redshift_dag_variables_bcra.load_data scheduled__2024-10-30T19:00:00+00:00 [queued]>
[2024-11-01T00:57:03.287-0300] {taskinstance.py:2612} INFO - Dependencies all met for dep_context=requeueable deps ti=<TaskInstance: etl_redshift_dag_variables_bcra.load_data scheduled__2024-10-30T19:00:00+00:00 [queued]>
[2024-11-01T00:57:03.290-0300] {taskinstance.py:2865} INFO - Starting attempt 2 of 3
[2024-11-01T00:57:03.369-0300] {taskinstance.py:2888} INFO - Executing <Task(PythonOperator): load_data> on 2024-10-30 19:00:00+00:00
[2024-11-01T00:57:03.383-0300] {standard_task_runner.py:72} INFO - Started process 168052 to run task
[2024-11-01T00:57:03.397-0300] {standard_task_runner.py:104} INFO - Running: ['airflow', 'tasks', 'run', 'etl_redshift_dag_variables_bcra', 'load_data', 'scheduled__2024-10-30T19:00:00+00:00', '--job-id', '419', '--raw', '--subdir', 'DAGS_FOLDER/dag_variables_bcra.py', '--cfg-path', '/tmp/tmp9bas0mvk']
[2024-11-01T00:57:03.401-0300] {standard_task_runner.py:105} INFO - Job 419: Subtask load_data
[2024-11-01T00:57:03.652-0300] {task_command.py:467} INFO - Running <TaskInstance: etl_redshift_dag_variables_bcra.load_data scheduled__2024-10-30T19:00:00+00:00 [running]> on host DESKTOP-MVFODGC.
[2024-11-01T00:57:04.016-0300] {taskinstance.py:3131} INFO - Exporting env vars: AIRFLOW_CTX_DAG_OWNER='airflow' AIRFLOW_CTX_DAG_ID='etl_redshift_dag_variables_bcra' AIRFLOW_CTX_TASK_ID='load_data' AIRFLOW_CTX_EXECUTION_DATE='2024-10-30T19:00:00+00:00' AIRFLOW_CTX_TRY_NUMBER='2' AIRFLOW_CTX_DAG_RUN_ID='scheduled__2024-10-30T19:00:00+00:00'
[2024-11-01T00:57:04.020-0300] {logging_mixin.py:190} INFO - Task instance is in running state
[2024-11-01T00:57:04.023-0300] {logging_mixin.py:190} INFO -  Previous state of the Task instance: queued
[2024-11-01T00:57:04.028-0300] {logging_mixin.py:190} INFO - Current task name:load_data state:running start_date:2024-11-01 03:57:03.250051+00:00
[2024-11-01T00:57:04.030-0300] {logging_mixin.py:190} INFO - Dag name:etl_redshift_dag_variables_bcra and current dag run status:running
[2024-11-01T00:57:04.033-0300] {taskinstance.py:731} INFO - ::endgroup::
[2024-11-01T00:57:08.076-0300] {logging_mixin.py:190} INFO - Datos cargados exitosamente en la tabla 2024_nicolas_alvarez_julia_schema.fact_table en Redshift.
[2024-11-01T00:57:08.079-0300] {python.py:240} INFO - Done. Returned value was: None
[2024-11-01T00:57:08.110-0300] {taskinstance.py:340} INFO - ::group::Post task execution logs
[2024-11-01T00:57:08.113-0300] {taskinstance.py:352} INFO - Marking task as SUCCESS. dag_id=etl_redshift_dag_variables_bcra, task_id=load_data, run_id=scheduled__2024-10-30T19:00:00+00:00, execution_date=20241030T190000, start_date=20241101T035703, end_date=20241101T035708
[2024-11-01T00:57:08.198-0300] {logging_mixin.py:190} INFO - Task instance in success state
[2024-11-01T00:57:08.209-0300] {logging_mixin.py:190} INFO -  Previous state of the Task instance: running
[2024-11-01T00:57:08.221-0300] {logging_mixin.py:190} INFO - Dag name:etl_redshift_dag_variables_bcra queued_at:2024-11-01 03:55:47.426257+00:00
[2024-11-01T00:57:08.226-0300] {logging_mixin.py:190} INFO - Task hostname:DESKTOP-MVFODGC. operator:PythonOperator
[2024-11-01T00:57:08.278-0300] {local_task_job_runner.py:266} INFO - Task exited with return code 0
[2024-11-01T00:57:08.320-0300] {taskinstance.py:3900} INFO - 0 downstream tasks scheduled from follow-on schedule check
[2024-11-01T00:57:08.327-0300] {local_task_job_runner.py:245} INFO - ::endgroup::
[2024-11-01T00:57:08.404-0300] {standard_task_runner.py:217} INFO - Process not found (most likely exited), stop collecting metrics
