[2024-11-02T00:17:38.996-0300] {processor.py:186} INFO - Started process (PID=216848) to work on /home/nico/.local/lib/python3.10/site-packages/airflow/example_dags/example_skip_dag.py
[2024-11-02T00:17:38.999-0300] {processor.py:914} INFO - Processing file /home/nico/.local/lib/python3.10/site-packages/airflow/example_dags/example_skip_dag.py for tasks to queue
[2024-11-02T00:17:39.004-0300] {logging_mixin.py:190} INFO - [2024-11-02T00:17:39.003-0300] {dagbag.py:588} INFO - Filling up the DagBag from /home/nico/.local/lib/python3.10/site-packages/airflow/example_dags/example_skip_dag.py
[2024-11-02T00:17:39.034-0300] {processor.py:925} INFO - DAG(s) 'example_skip_dag' retrieved from /home/nico/.local/lib/python3.10/site-packages/airflow/example_dags/example_skip_dag.py
[2024-11-02T00:17:39.101-0300] {logging_mixin.py:190} INFO - [2024-11-02T00:17:39.100-0300] {dag.py:3239} INFO - Sync 1 DAGs
[2024-11-02T00:17:39.153-0300] {logging_mixin.py:190} INFO - [2024-11-02T00:17:39.153-0300] {dag.py:4180} INFO - Setting next_dagrun for example_skip_dag to 2024-11-01 00:00:00+00:00, run_after=2024-11-02 00:00:00+00:00
[2024-11-02T00:17:39.280-0300] {processor.py:208} INFO - Processing /home/nico/.local/lib/python3.10/site-packages/airflow/example_dags/example_skip_dag.py took 0.316 seconds
[2024-11-02T00:19:30.019-0300] {processor.py:186} INFO - Started process (PID=216910) to work on /home/nico/.local/lib/python3.10/site-packages/airflow/example_dags/example_skip_dag.py
[2024-11-02T00:19:30.022-0300] {processor.py:914} INFO - Processing file /home/nico/.local/lib/python3.10/site-packages/airflow/example_dags/example_skip_dag.py for tasks to queue
[2024-11-02T00:19:30.036-0300] {logging_mixin.py:190} INFO - [2024-11-02T00:19:30.035-0300] {dagbag.py:588} INFO - Filling up the DagBag from /home/nico/.local/lib/python3.10/site-packages/airflow/example_dags/example_skip_dag.py
[2024-11-02T00:19:30.059-0300] {processor.py:925} INFO - DAG(s) 'example_skip_dag' retrieved from /home/nico/.local/lib/python3.10/site-packages/airflow/example_dags/example_skip_dag.py
[2024-11-02T00:19:30.120-0300] {logging_mixin.py:190} INFO - [2024-11-02T00:19:30.119-0300] {dag.py:3239} INFO - Sync 1 DAGs
[2024-11-02T00:19:30.178-0300] {logging_mixin.py:190} INFO - [2024-11-02T00:19:30.177-0300] {dag.py:4180} INFO - Setting next_dagrun for example_skip_dag to 2024-11-01 00:00:00+00:00, run_after=2024-11-02 00:00:00+00:00
[2024-11-02T00:19:30.335-0300] {processor.py:208} INFO - Processing /home/nico/.local/lib/python3.10/site-packages/airflow/example_dags/example_skip_dag.py took 0.372 seconds
[2024-11-02T00:22:33.450-0300] {processor.py:186} INFO - Started process (PID=217008) to work on /home/nico/.local/lib/python3.10/site-packages/airflow/example_dags/example_skip_dag.py
[2024-11-02T00:22:33.454-0300] {processor.py:914} INFO - Processing file /home/nico/.local/lib/python3.10/site-packages/airflow/example_dags/example_skip_dag.py for tasks to queue
[2024-11-02T00:22:33.467-0300] {logging_mixin.py:190} INFO - [2024-11-02T00:22:33.466-0300] {dagbag.py:588} INFO - Filling up the DagBag from /home/nico/.local/lib/python3.10/site-packages/airflow/example_dags/example_skip_dag.py
[2024-11-02T00:22:33.521-0300] {processor.py:925} INFO - DAG(s) 'example_skip_dag' retrieved from /home/nico/.local/lib/python3.10/site-packages/airflow/example_dags/example_skip_dag.py
[2024-11-02T00:22:33.645-0300] {logging_mixin.py:190} INFO - [2024-11-02T00:22:33.644-0300] {dag.py:3239} INFO - Sync 1 DAGs
[2024-11-02T00:22:33.713-0300] {logging_mixin.py:190} INFO - [2024-11-02T00:22:33.712-0300] {dag.py:4180} INFO - Setting next_dagrun for example_skip_dag to 2024-11-01 00:00:00+00:00, run_after=2024-11-02 00:00:00+00:00
[2024-11-02T00:22:33.861-0300] {processor.py:208} INFO - Processing /home/nico/.local/lib/python3.10/site-packages/airflow/example_dags/example_skip_dag.py took 0.459 seconds
[2024-11-02T00:25:21.902-0300] {processor.py:186} INFO - Started process (PID=217104) to work on /home/nico/.local/lib/python3.10/site-packages/airflow/example_dags/example_skip_dag.py
[2024-11-02T00:25:21.908-0300] {processor.py:914} INFO - Processing file /home/nico/.local/lib/python3.10/site-packages/airflow/example_dags/example_skip_dag.py for tasks to queue
[2024-11-02T00:25:21.917-0300] {logging_mixin.py:190} INFO - [2024-11-02T00:25:21.914-0300] {dagbag.py:588} INFO - Filling up the DagBag from /home/nico/.local/lib/python3.10/site-packages/airflow/example_dags/example_skip_dag.py
[2024-11-02T00:25:21.959-0300] {processor.py:925} INFO - DAG(s) 'example_skip_dag' retrieved from /home/nico/.local/lib/python3.10/site-packages/airflow/example_dags/example_skip_dag.py
[2024-11-02T00:25:22.053-0300] {logging_mixin.py:190} INFO - [2024-11-02T00:25:22.052-0300] {dag.py:3239} INFO - Sync 1 DAGs
[2024-11-02T00:25:22.151-0300] {logging_mixin.py:190} INFO - [2024-11-02T00:25:22.151-0300] {dag.py:4180} INFO - Setting next_dagrun for example_skip_dag to 2024-11-01 00:00:00+00:00, run_after=2024-11-02 00:00:00+00:00
[2024-11-02T00:25:22.267-0300] {processor.py:208} INFO - Processing /home/nico/.local/lib/python3.10/site-packages/airflow/example_dags/example_skip_dag.py took 0.401 seconds
[2024-11-02T00:28:08.106-0300] {processor.py:186} INFO - Started process (PID=217194) to work on /home/nico/.local/lib/python3.10/site-packages/airflow/example_dags/example_skip_dag.py
[2024-11-02T00:28:08.109-0300] {processor.py:914} INFO - Processing file /home/nico/.local/lib/python3.10/site-packages/airflow/example_dags/example_skip_dag.py for tasks to queue
[2024-11-02T00:28:08.112-0300] {logging_mixin.py:190} INFO - [2024-11-02T00:28:08.112-0300] {dagbag.py:588} INFO - Filling up the DagBag from /home/nico/.local/lib/python3.10/site-packages/airflow/example_dags/example_skip_dag.py
[2024-11-02T00:28:08.132-0300] {processor.py:925} INFO - DAG(s) 'example_skip_dag' retrieved from /home/nico/.local/lib/python3.10/site-packages/airflow/example_dags/example_skip_dag.py
[2024-11-02T00:28:08.197-0300] {logging_mixin.py:190} INFO - [2024-11-02T00:28:08.196-0300] {dag.py:3239} INFO - Sync 1 DAGs
[2024-11-02T00:28:08.258-0300] {logging_mixin.py:190} INFO - [2024-11-02T00:28:08.257-0300] {dag.py:4180} INFO - Setting next_dagrun for example_skip_dag to 2024-11-01 00:00:00+00:00, run_after=2024-11-02 00:00:00+00:00
[2024-11-02T00:28:08.386-0300] {processor.py:208} INFO - Processing /home/nico/.local/lib/python3.10/site-packages/airflow/example_dags/example_skip_dag.py took 0.293 seconds
[2024-11-02T00:37:09.824-0300] {processor.py:186} INFO - Started process (PID=217455) to work on /home/nico/.local/lib/python3.10/site-packages/airflow/example_dags/example_skip_dag.py
[2024-11-02T00:37:09.828-0300] {processor.py:914} INFO - Processing file /home/nico/.local/lib/python3.10/site-packages/airflow/example_dags/example_skip_dag.py for tasks to queue
[2024-11-02T00:37:09.833-0300] {logging_mixin.py:190} INFO - [2024-11-02T00:37:09.832-0300] {dagbag.py:588} INFO - Filling up the DagBag from /home/nico/.local/lib/python3.10/site-packages/airflow/example_dags/example_skip_dag.py
[2024-11-02T00:37:09.861-0300] {processor.py:925} INFO - DAG(s) 'example_skip_dag' retrieved from /home/nico/.local/lib/python3.10/site-packages/airflow/example_dags/example_skip_dag.py
[2024-11-02T00:37:09.925-0300] {logging_mixin.py:190} INFO - [2024-11-02T00:37:09.925-0300] {dag.py:3239} INFO - Sync 1 DAGs
[2024-11-02T00:37:09.986-0300] {logging_mixin.py:190} INFO - [2024-11-02T00:37:09.986-0300] {dag.py:4180} INFO - Setting next_dagrun for example_skip_dag to 2024-11-01 00:00:00+00:00, run_after=2024-11-02 00:00:00+00:00
[2024-11-02T00:37:10.112-0300] {processor.py:208} INFO - Processing /home/nico/.local/lib/python3.10/site-packages/airflow/example_dags/example_skip_dag.py took 0.305 seconds
[2024-11-02T00:39:06.482-0300] {processor.py:186} INFO - Started process (PID=217519) to work on /home/nico/.local/lib/python3.10/site-packages/airflow/example_dags/example_skip_dag.py
[2024-11-02T00:39:06.486-0300] {processor.py:914} INFO - Processing file /home/nico/.local/lib/python3.10/site-packages/airflow/example_dags/example_skip_dag.py for tasks to queue
[2024-11-02T00:39:06.499-0300] {logging_mixin.py:190} INFO - [2024-11-02T00:39:06.498-0300] {dagbag.py:588} INFO - Filling up the DagBag from /home/nico/.local/lib/python3.10/site-packages/airflow/example_dags/example_skip_dag.py
[2024-11-02T00:39:06.556-0300] {processor.py:925} INFO - DAG(s) 'example_skip_dag' retrieved from /home/nico/.local/lib/python3.10/site-packages/airflow/example_dags/example_skip_dag.py
[2024-11-02T00:39:06.633-0300] {logging_mixin.py:190} INFO - [2024-11-02T00:39:06.631-0300] {dag.py:3239} INFO - Sync 1 DAGs
[2024-11-02T00:39:06.695-0300] {logging_mixin.py:190} INFO - [2024-11-02T00:39:06.695-0300] {dag.py:4180} INFO - Setting next_dagrun for example_skip_dag to 2024-11-01 00:00:00+00:00, run_after=2024-11-02 00:00:00+00:00
[2024-11-02T00:39:06.808-0300] {processor.py:208} INFO - Processing /home/nico/.local/lib/python3.10/site-packages/airflow/example_dags/example_skip_dag.py took 0.377 seconds
[2024-11-02T00:41:57.330-0300] {processor.py:186} INFO - Started process (PID=217608) to work on /home/nico/.local/lib/python3.10/site-packages/airflow/example_dags/example_skip_dag.py
[2024-11-02T00:41:57.333-0300] {processor.py:914} INFO - Processing file /home/nico/.local/lib/python3.10/site-packages/airflow/example_dags/example_skip_dag.py for tasks to queue
[2024-11-02T00:41:57.337-0300] {logging_mixin.py:190} INFO - [2024-11-02T00:41:57.336-0300] {dagbag.py:588} INFO - Filling up the DagBag from /home/nico/.local/lib/python3.10/site-packages/airflow/example_dags/example_skip_dag.py
[2024-11-02T00:41:57.355-0300] {processor.py:925} INFO - DAG(s) 'example_skip_dag' retrieved from /home/nico/.local/lib/python3.10/site-packages/airflow/example_dags/example_skip_dag.py
[2024-11-02T00:41:57.417-0300] {logging_mixin.py:190} INFO - [2024-11-02T00:41:57.416-0300] {dag.py:3239} INFO - Sync 1 DAGs
[2024-11-02T00:41:57.487-0300] {logging_mixin.py:190} INFO - [2024-11-02T00:41:57.486-0300] {dag.py:4180} INFO - Setting next_dagrun for example_skip_dag to 2024-11-01 00:00:00+00:00, run_after=2024-11-02 00:00:00+00:00
[2024-11-02T00:41:57.668-0300] {processor.py:208} INFO - Processing /home/nico/.local/lib/python3.10/site-packages/airflow/example_dags/example_skip_dag.py took 0.363 seconds
[2024-11-02T00:44:42.539-0300] {processor.py:186} INFO - Started process (PID=217700) to work on /home/nico/.local/lib/python3.10/site-packages/airflow/example_dags/example_skip_dag.py
[2024-11-02T00:44:42.542-0300] {processor.py:914} INFO - Processing file /home/nico/.local/lib/python3.10/site-packages/airflow/example_dags/example_skip_dag.py for tasks to queue
[2024-11-02T00:44:42.547-0300] {logging_mixin.py:190} INFO - [2024-11-02T00:44:42.546-0300] {dagbag.py:588} INFO - Filling up the DagBag from /home/nico/.local/lib/python3.10/site-packages/airflow/example_dags/example_skip_dag.py
[2024-11-02T00:44:42.564-0300] {processor.py:925} INFO - DAG(s) 'example_skip_dag' retrieved from /home/nico/.local/lib/python3.10/site-packages/airflow/example_dags/example_skip_dag.py
[2024-11-02T00:44:42.621-0300] {logging_mixin.py:190} INFO - [2024-11-02T00:44:42.620-0300] {dag.py:3239} INFO - Sync 1 DAGs
[2024-11-02T00:44:42.680-0300] {logging_mixin.py:190} INFO - [2024-11-02T00:44:42.679-0300] {dag.py:4180} INFO - Setting next_dagrun for example_skip_dag to 2024-11-01 00:00:00+00:00, run_after=2024-11-02 00:00:00+00:00
[2024-11-02T00:44:42.791-0300] {processor.py:208} INFO - Processing /home/nico/.local/lib/python3.10/site-packages/airflow/example_dags/example_skip_dag.py took 0.274 seconds
[2024-11-02T00:47:54.933-0300] {processor.py:186} INFO - Started process (PID=217796) to work on /home/nico/.local/lib/python3.10/site-packages/airflow/example_dags/example_skip_dag.py
[2024-11-02T00:47:55.098-0300] {processor.py:914} INFO - Processing file /home/nico/.local/lib/python3.10/site-packages/airflow/example_dags/example_skip_dag.py for tasks to queue
[2024-11-02T00:47:55.206-0300] {logging_mixin.py:190} INFO - [2024-11-02T00:47:55.203-0300] {dagbag.py:588} INFO - Filling up the DagBag from /home/nico/.local/lib/python3.10/site-packages/airflow/example_dags/example_skip_dag.py
[2024-11-02T00:47:55.542-0300] {processor.py:925} INFO - DAG(s) 'example_skip_dag' retrieved from /home/nico/.local/lib/python3.10/site-packages/airflow/example_dags/example_skip_dag.py
[2024-11-02T00:47:56.157-0300] {logging_mixin.py:190} INFO - [2024-11-02T00:47:56.156-0300] {dag.py:3239} INFO - Sync 1 DAGs
[2024-11-02T00:47:56.339-0300] {logging_mixin.py:190} INFO - [2024-11-02T00:47:56.338-0300] {dag.py:4180} INFO - Setting next_dagrun for example_skip_dag to 2024-11-01 00:00:00+00:00, run_after=2024-11-02 00:00:00+00:00
[2024-11-02T00:47:56.829-0300] {processor.py:208} INFO - Processing /home/nico/.local/lib/python3.10/site-packages/airflow/example_dags/example_skip_dag.py took 2.030 seconds
[2024-11-02T00:50:06.427-0300] {processor.py:186} INFO - Started process (PID=217849) to work on /home/nico/.local/lib/python3.10/site-packages/airflow/example_dags/example_skip_dag.py
[2024-11-02T00:50:06.441-0300] {processor.py:914} INFO - Processing file /home/nico/.local/lib/python3.10/site-packages/airflow/example_dags/example_skip_dag.py for tasks to queue
[2024-11-02T00:50:06.462-0300] {logging_mixin.py:190} INFO - [2024-11-02T00:50:06.460-0300] {dagbag.py:588} INFO - Filling up the DagBag from /home/nico/.local/lib/python3.10/site-packages/airflow/example_dags/example_skip_dag.py
[2024-11-02T00:50:06.519-0300] {processor.py:925} INFO - DAG(s) 'example_skip_dag' retrieved from /home/nico/.local/lib/python3.10/site-packages/airflow/example_dags/example_skip_dag.py
[2024-11-02T00:50:06.613-0300] {logging_mixin.py:190} INFO - [2024-11-02T00:50:06.612-0300] {dag.py:3239} INFO - Sync 1 DAGs
[2024-11-02T00:50:06.689-0300] {logging_mixin.py:190} INFO - [2024-11-02T00:50:06.689-0300] {dag.py:4180} INFO - Setting next_dagrun for example_skip_dag to 2024-11-01 00:00:00+00:00, run_after=2024-11-02 00:00:00+00:00
[2024-11-02T00:50:06.865-0300] {processor.py:208} INFO - Processing /home/nico/.local/lib/python3.10/site-packages/airflow/example_dags/example_skip_dag.py took 0.498 seconds
[2024-11-02T00:56:07.208-0300] {processor.py:186} INFO - Started process (PID=218016) to work on /home/nico/.local/lib/python3.10/site-packages/airflow/example_dags/example_skip_dag.py
[2024-11-02T00:56:07.211-0300] {processor.py:914} INFO - Processing file /home/nico/.local/lib/python3.10/site-packages/airflow/example_dags/example_skip_dag.py for tasks to queue
[2024-11-02T00:56:07.215-0300] {logging_mixin.py:190} INFO - [2024-11-02T00:56:07.214-0300] {dagbag.py:588} INFO - Filling up the DagBag from /home/nico/.local/lib/python3.10/site-packages/airflow/example_dags/example_skip_dag.py
[2024-11-02T00:56:07.250-0300] {processor.py:925} INFO - DAG(s) 'example_skip_dag' retrieved from /home/nico/.local/lib/python3.10/site-packages/airflow/example_dags/example_skip_dag.py
[2024-11-02T00:56:07.331-0300] {logging_mixin.py:190} INFO - [2024-11-02T00:56:07.330-0300] {dag.py:3239} INFO - Sync 1 DAGs
[2024-11-02T00:56:07.384-0300] {logging_mixin.py:190} INFO - [2024-11-02T00:56:07.384-0300] {dag.py:4180} INFO - Setting next_dagrun for example_skip_dag to 2024-11-01 00:00:00+00:00, run_after=2024-11-02 00:00:00+00:00
[2024-11-02T00:56:07.511-0300] {processor.py:208} INFO - Processing /home/nico/.local/lib/python3.10/site-packages/airflow/example_dags/example_skip_dag.py took 0.324 seconds
[2024-11-02T00:58:15.598-0300] {processor.py:186} INFO - Started process (PID=218082) to work on /home/nico/.local/lib/python3.10/site-packages/airflow/example_dags/example_skip_dag.py
[2024-11-02T00:58:15.602-0300] {processor.py:914} INFO - Processing file /home/nico/.local/lib/python3.10/site-packages/airflow/example_dags/example_skip_dag.py for tasks to queue
[2024-11-02T00:58:15.607-0300] {logging_mixin.py:190} INFO - [2024-11-02T00:58:15.606-0300] {dagbag.py:588} INFO - Filling up the DagBag from /home/nico/.local/lib/python3.10/site-packages/airflow/example_dags/example_skip_dag.py
[2024-11-02T00:58:15.625-0300] {processor.py:925} INFO - DAG(s) 'example_skip_dag' retrieved from /home/nico/.local/lib/python3.10/site-packages/airflow/example_dags/example_skip_dag.py
[2024-11-02T00:58:15.697-0300] {logging_mixin.py:190} INFO - [2024-11-02T00:58:15.696-0300] {dag.py:3239} INFO - Sync 1 DAGs
[2024-11-02T00:58:15.780-0300] {logging_mixin.py:190} INFO - [2024-11-02T00:58:15.779-0300] {dag.py:4180} INFO - Setting next_dagrun for example_skip_dag to 2024-11-01 00:00:00+00:00, run_after=2024-11-02 00:00:00+00:00
[2024-11-02T00:58:15.973-0300] {processor.py:208} INFO - Processing /home/nico/.local/lib/python3.10/site-packages/airflow/example_dags/example_skip_dag.py took 0.389 seconds
