[2024-11-02T00:18:06.042-0300] {processor.py:186} INFO - Started process (PID=216864) to work on /home/nico/.local/lib/python3.10/site-packages/airflow/example_dags/example_inlet_event_extra.py
[2024-11-02T00:18:06.045-0300] {processor.py:914} INFO - Processing file /home/nico/.local/lib/python3.10/site-packages/airflow/example_dags/example_inlet_event_extra.py for tasks to queue
[2024-11-02T00:18:06.048-0300] {logging_mixin.py:190} INFO - [2024-11-02T00:18:06.047-0300] {dagbag.py:588} INFO - Filling up the DagBag from /home/nico/.local/lib/python3.10/site-packages/airflow/example_dags/example_inlet_event_extra.py
[2024-11-02T00:18:06.119-0300] {processor.py:925} INFO - DAG(s) 'read_dataset_event', 'read_dataset_event_from_classic' retrieved from /home/nico/.local/lib/python3.10/site-packages/airflow/example_dags/example_inlet_event_extra.py
[2024-11-02T00:18:06.470-0300] {logging_mixin.py:190} INFO - [2024-11-02T00:18:06.469-0300] {dag.py:3239} INFO - Sync 2 DAGs
[2024-11-02T00:18:06.708-0300] {logging_mixin.py:190} INFO - [2024-11-02T00:18:06.707-0300] {dag.py:4180} INFO - Setting next_dagrun for read_dataset_event to 2024-11-01 00:00:00+00:00, run_after=2024-11-02 00:00:00+00:00
[2024-11-02T00:18:06.740-0300] {logging_mixin.py:190} INFO - [2024-11-02T00:18:06.739-0300] {dag.py:4180} INFO - Setting next_dagrun for read_dataset_event_from_classic to 2024-11-01 00:00:00+00:00, run_after=2024-11-02 00:00:00+00:00
[2024-11-02T00:18:06.900-0300] {processor.py:208} INFO - Processing /home/nico/.local/lib/python3.10/site-packages/airflow/example_dags/example_inlet_event_extra.py took 0.874 seconds
[2024-11-02T00:21:01.471-0300] {processor.py:186} INFO - Started process (PID=216961) to work on /home/nico/.local/lib/python3.10/site-packages/airflow/example_dags/example_inlet_event_extra.py
[2024-11-02T00:21:01.476-0300] {processor.py:914} INFO - Processing file /home/nico/.local/lib/python3.10/site-packages/airflow/example_dags/example_inlet_event_extra.py for tasks to queue
[2024-11-02T00:21:01.486-0300] {logging_mixin.py:190} INFO - [2024-11-02T00:21:01.484-0300] {dagbag.py:588} INFO - Filling up the DagBag from /home/nico/.local/lib/python3.10/site-packages/airflow/example_dags/example_inlet_event_extra.py
[2024-11-02T00:21:01.544-0300] {processor.py:925} INFO - DAG(s) 'read_dataset_event', 'read_dataset_event_from_classic' retrieved from /home/nico/.local/lib/python3.10/site-packages/airflow/example_dags/example_inlet_event_extra.py
[2024-11-02T00:21:01.621-0300] {logging_mixin.py:190} INFO - [2024-11-02T00:21:01.621-0300] {dag.py:3239} INFO - Sync 2 DAGs
[2024-11-02T00:21:01.684-0300] {logging_mixin.py:190} INFO - [2024-11-02T00:21:01.683-0300] {dag.py:4180} INFO - Setting next_dagrun for read_dataset_event to 2024-11-01 00:00:00+00:00, run_after=2024-11-02 00:00:00+00:00
[2024-11-02T00:21:01.697-0300] {logging_mixin.py:190} INFO - [2024-11-02T00:21:01.697-0300] {dag.py:4180} INFO - Setting next_dagrun for read_dataset_event_from_classic to 2024-11-01 00:00:00+00:00, run_after=2024-11-02 00:00:00+00:00
[2024-11-02T00:21:01.817-0300] {processor.py:208} INFO - Processing /home/nico/.local/lib/python3.10/site-packages/airflow/example_dags/example_inlet_event_extra.py took 0.364 seconds
[2024-11-02T00:24:00.890-0300] {processor.py:186} INFO - Started process (PID=217058) to work on /home/nico/.local/lib/python3.10/site-packages/airflow/example_dags/example_inlet_event_extra.py
[2024-11-02T00:24:00.893-0300] {processor.py:914} INFO - Processing file /home/nico/.local/lib/python3.10/site-packages/airflow/example_dags/example_inlet_event_extra.py for tasks to queue
[2024-11-02T00:24:00.897-0300] {logging_mixin.py:190} INFO - [2024-11-02T00:24:00.896-0300] {dagbag.py:588} INFO - Filling up the DagBag from /home/nico/.local/lib/python3.10/site-packages/airflow/example_dags/example_inlet_event_extra.py
[2024-11-02T00:24:00.926-0300] {processor.py:925} INFO - DAG(s) 'read_dataset_event_from_classic', 'read_dataset_event' retrieved from /home/nico/.local/lib/python3.10/site-packages/airflow/example_dags/example_inlet_event_extra.py
[2024-11-02T00:24:01.005-0300] {logging_mixin.py:190} INFO - [2024-11-02T00:24:01.004-0300] {dag.py:3239} INFO - Sync 2 DAGs
[2024-11-02T00:24:01.069-0300] {logging_mixin.py:190} INFO - [2024-11-02T00:24:01.069-0300] {dag.py:4180} INFO - Setting next_dagrun for read_dataset_event to 2024-11-01 00:00:00+00:00, run_after=2024-11-02 00:00:00+00:00
[2024-11-02T00:24:01.085-0300] {logging_mixin.py:190} INFO - [2024-11-02T00:24:01.084-0300] {dag.py:4180} INFO - Setting next_dagrun for read_dataset_event_from_classic to 2024-11-01 00:00:00+00:00, run_after=2024-11-02 00:00:00+00:00
[2024-11-02T00:24:01.204-0300] {processor.py:208} INFO - Processing /home/nico/.local/lib/python3.10/site-packages/airflow/example_dags/example_inlet_event_extra.py took 0.337 seconds
[2024-11-02T00:26:47.236-0300] {processor.py:186} INFO - Started process (PID=217150) to work on /home/nico/.local/lib/python3.10/site-packages/airflow/example_dags/example_inlet_event_extra.py
[2024-11-02T00:26:47.239-0300] {processor.py:914} INFO - Processing file /home/nico/.local/lib/python3.10/site-packages/airflow/example_dags/example_inlet_event_extra.py for tasks to queue
[2024-11-02T00:26:47.242-0300] {logging_mixin.py:190} INFO - [2024-11-02T00:26:47.241-0300] {dagbag.py:588} INFO - Filling up the DagBag from /home/nico/.local/lib/python3.10/site-packages/airflow/example_dags/example_inlet_event_extra.py
[2024-11-02T00:26:47.273-0300] {processor.py:925} INFO - DAG(s) 'read_dataset_event_from_classic', 'read_dataset_event' retrieved from /home/nico/.local/lib/python3.10/site-packages/airflow/example_dags/example_inlet_event_extra.py
[2024-11-02T00:26:47.347-0300] {logging_mixin.py:190} INFO - [2024-11-02T00:26:47.346-0300] {dag.py:3239} INFO - Sync 2 DAGs
[2024-11-02T00:26:47.405-0300] {logging_mixin.py:190} INFO - [2024-11-02T00:26:47.405-0300] {dag.py:4180} INFO - Setting next_dagrun for read_dataset_event to 2024-11-01 00:00:00+00:00, run_after=2024-11-02 00:00:00+00:00
[2024-11-02T00:26:47.417-0300] {logging_mixin.py:190} INFO - [2024-11-02T00:26:47.417-0300] {dag.py:4180} INFO - Setting next_dagrun for read_dataset_event_from_classic to 2024-11-01 00:00:00+00:00, run_after=2024-11-02 00:00:00+00:00
[2024-11-02T00:26:47.546-0300] {processor.py:208} INFO - Processing /home/nico/.local/lib/python3.10/site-packages/airflow/example_dags/example_inlet_event_extra.py took 0.328 seconds
[2024-11-02T00:37:36.811-0300] {processor.py:186} INFO - Started process (PID=217469) to work on /home/nico/.local/lib/python3.10/site-packages/airflow/example_dags/example_inlet_event_extra.py
[2024-11-02T00:37:36.814-0300] {processor.py:914} INFO - Processing file /home/nico/.local/lib/python3.10/site-packages/airflow/example_dags/example_inlet_event_extra.py for tasks to queue
[2024-11-02T00:37:36.817-0300] {logging_mixin.py:190} INFO - [2024-11-02T00:37:36.816-0300] {dagbag.py:588} INFO - Filling up the DagBag from /home/nico/.local/lib/python3.10/site-packages/airflow/example_dags/example_inlet_event_extra.py
[2024-11-02T00:37:36.840-0300] {processor.py:925} INFO - DAG(s) 'read_dataset_event_from_classic', 'read_dataset_event' retrieved from /home/nico/.local/lib/python3.10/site-packages/airflow/example_dags/example_inlet_event_extra.py
[2024-11-02T00:37:36.913-0300] {logging_mixin.py:190} INFO - [2024-11-02T00:37:36.913-0300] {dag.py:3239} INFO - Sync 2 DAGs
[2024-11-02T00:37:36.967-0300] {logging_mixin.py:190} INFO - [2024-11-02T00:37:36.966-0300] {dag.py:4180} INFO - Setting next_dagrun for read_dataset_event to 2024-11-01 00:00:00+00:00, run_after=2024-11-02 00:00:00+00:00
[2024-11-02T00:37:36.979-0300] {logging_mixin.py:190} INFO - [2024-11-02T00:37:36.978-0300] {dag.py:4180} INFO - Setting next_dagrun for read_dataset_event_from_classic to 2024-11-01 00:00:00+00:00, run_after=2024-11-02 00:00:00+00:00
[2024-11-02T00:37:37.092-0300] {processor.py:208} INFO - Processing /home/nico/.local/lib/python3.10/site-packages/airflow/example_dags/example_inlet_event_extra.py took 0.299 seconds
[2024-11-02T00:40:27.457-0300] {processor.py:186} INFO - Started process (PID=217561) to work on /home/nico/.local/lib/python3.10/site-packages/airflow/example_dags/example_inlet_event_extra.py
[2024-11-02T00:40:27.461-0300] {processor.py:914} INFO - Processing file /home/nico/.local/lib/python3.10/site-packages/airflow/example_dags/example_inlet_event_extra.py for tasks to queue
[2024-11-02T00:40:27.466-0300] {logging_mixin.py:190} INFO - [2024-11-02T00:40:27.465-0300] {dagbag.py:588} INFO - Filling up the DagBag from /home/nico/.local/lib/python3.10/site-packages/airflow/example_dags/example_inlet_event_extra.py
[2024-11-02T00:40:27.505-0300] {processor.py:925} INFO - DAG(s) 'read_dataset_event', 'read_dataset_event_from_classic' retrieved from /home/nico/.local/lib/python3.10/site-packages/airflow/example_dags/example_inlet_event_extra.py
[2024-11-02T00:40:27.624-0300] {logging_mixin.py:190} INFO - [2024-11-02T00:40:27.623-0300] {dag.py:3239} INFO - Sync 2 DAGs
[2024-11-02T00:40:27.729-0300] {logging_mixin.py:190} INFO - [2024-11-02T00:40:27.729-0300] {dag.py:4180} INFO - Setting next_dagrun for read_dataset_event to 2024-11-01 00:00:00+00:00, run_after=2024-11-02 00:00:00+00:00
[2024-11-02T00:40:27.746-0300] {logging_mixin.py:190} INFO - [2024-11-02T00:40:27.745-0300] {dag.py:4180} INFO - Setting next_dagrun for read_dataset_event_from_classic to 2024-11-01 00:00:00+00:00, run_after=2024-11-02 00:00:00+00:00
[2024-11-02T00:40:27.866-0300] {processor.py:208} INFO - Processing /home/nico/.local/lib/python3.10/site-packages/airflow/example_dags/example_inlet_event_extra.py took 0.430 seconds
[2024-11-02T00:43:18.487-0300] {processor.py:186} INFO - Started process (PID=217653) to work on /home/nico/.local/lib/python3.10/site-packages/airflow/example_dags/example_inlet_event_extra.py
[2024-11-02T00:43:18.489-0300] {processor.py:914} INFO - Processing file /home/nico/.local/lib/python3.10/site-packages/airflow/example_dags/example_inlet_event_extra.py for tasks to queue
[2024-11-02T00:43:18.495-0300] {logging_mixin.py:190} INFO - [2024-11-02T00:43:18.494-0300] {dagbag.py:588} INFO - Filling up the DagBag from /home/nico/.local/lib/python3.10/site-packages/airflow/example_dags/example_inlet_event_extra.py
[2024-11-02T00:43:18.521-0300] {processor.py:925} INFO - DAG(s) 'read_dataset_event_from_classic', 'read_dataset_event' retrieved from /home/nico/.local/lib/python3.10/site-packages/airflow/example_dags/example_inlet_event_extra.py
[2024-11-02T00:43:18.592-0300] {logging_mixin.py:190} INFO - [2024-11-02T00:43:18.592-0300] {dag.py:3239} INFO - Sync 2 DAGs
[2024-11-02T00:43:18.665-0300] {logging_mixin.py:190} INFO - [2024-11-02T00:43:18.664-0300] {dag.py:4180} INFO - Setting next_dagrun for read_dataset_event to 2024-11-01 00:00:00+00:00, run_after=2024-11-02 00:00:00+00:00
[2024-11-02T00:43:18.681-0300] {logging_mixin.py:190} INFO - [2024-11-02T00:43:18.681-0300] {dag.py:4180} INFO - Setting next_dagrun for read_dataset_event_from_classic to 2024-11-01 00:00:00+00:00, run_after=2024-11-02 00:00:00+00:00
[2024-11-02T00:43:18.820-0300] {processor.py:208} INFO - Processing /home/nico/.local/lib/python3.10/site-packages/airflow/example_dags/example_inlet_event_extra.py took 0.347 seconds
[2024-11-02T00:46:01.255-0300] {processor.py:186} INFO - Started process (PID=217746) to work on /home/nico/.local/lib/python3.10/site-packages/airflow/example_dags/example_inlet_event_extra.py
[2024-11-02T00:46:01.258-0300] {processor.py:914} INFO - Processing file /home/nico/.local/lib/python3.10/site-packages/airflow/example_dags/example_inlet_event_extra.py for tasks to queue
[2024-11-02T00:46:01.263-0300] {logging_mixin.py:190} INFO - [2024-11-02T00:46:01.262-0300] {dagbag.py:588} INFO - Filling up the DagBag from /home/nico/.local/lib/python3.10/site-packages/airflow/example_dags/example_inlet_event_extra.py
[2024-11-02T00:46:01.307-0300] {processor.py:925} INFO - DAG(s) 'read_dataset_event', 'read_dataset_event_from_classic' retrieved from /home/nico/.local/lib/python3.10/site-packages/airflow/example_dags/example_inlet_event_extra.py
[2024-11-02T00:46:01.429-0300] {logging_mixin.py:190} INFO - [2024-11-02T00:46:01.427-0300] {dag.py:3239} INFO - Sync 2 DAGs
[2024-11-02T00:46:01.505-0300] {logging_mixin.py:190} INFO - [2024-11-02T00:46:01.504-0300] {dag.py:4180} INFO - Setting next_dagrun for read_dataset_event to 2024-11-01 00:00:00+00:00, run_after=2024-11-02 00:00:00+00:00
[2024-11-02T00:46:01.522-0300] {logging_mixin.py:190} INFO - [2024-11-02T00:46:01.521-0300] {dag.py:4180} INFO - Setting next_dagrun for read_dataset_event_from_classic to 2024-11-01 00:00:00+00:00, run_after=2024-11-02 00:00:00+00:00
[2024-11-02T00:46:01.665-0300] {processor.py:208} INFO - Processing /home/nico/.local/lib/python3.10/site-packages/airflow/example_dags/example_inlet_event_extra.py took 0.427 seconds
[2024-11-02T00:48:29.205-0300] {processor.py:186} INFO - Started process (PID=217810) to work on /home/nico/.local/lib/python3.10/site-packages/airflow/example_dags/example_inlet_event_extra.py
[2024-11-02T00:48:29.219-0300] {processor.py:914} INFO - Processing file /home/nico/.local/lib/python3.10/site-packages/airflow/example_dags/example_inlet_event_extra.py for tasks to queue
[2024-11-02T00:48:29.232-0300] {logging_mixin.py:190} INFO - [2024-11-02T00:48:29.227-0300] {dagbag.py:588} INFO - Filling up the DagBag from /home/nico/.local/lib/python3.10/site-packages/airflow/example_dags/example_inlet_event_extra.py
[2024-11-02T00:48:29.299-0300] {processor.py:925} INFO - DAG(s) 'read_dataset_event_from_classic', 'read_dataset_event' retrieved from /home/nico/.local/lib/python3.10/site-packages/airflow/example_dags/example_inlet_event_extra.py
[2024-11-02T00:48:29.404-0300] {logging_mixin.py:190} INFO - [2024-11-02T00:48:29.403-0300] {dag.py:3239} INFO - Sync 2 DAGs
[2024-11-02T00:48:29.469-0300] {logging_mixin.py:190} INFO - [2024-11-02T00:48:29.468-0300] {dag.py:4180} INFO - Setting next_dagrun for read_dataset_event to 2024-11-01 00:00:00+00:00, run_after=2024-11-02 00:00:00+00:00
[2024-11-02T00:48:29.486-0300] {logging_mixin.py:190} INFO - [2024-11-02T00:48:29.486-0300] {dag.py:4180} INFO - Setting next_dagrun for read_dataset_event_from_classic to 2024-11-01 00:00:00+00:00, run_after=2024-11-02 00:00:00+00:00
[2024-11-02T00:48:29.598-0300] {processor.py:208} INFO - Processing /home/nico/.local/lib/python3.10/site-packages/airflow/example_dags/example_inlet_event_extra.py took 0.434 seconds
[2024-11-02T00:56:34.682-0300] {processor.py:186} INFO - Started process (PID=218030) to work on /home/nico/.local/lib/python3.10/site-packages/airflow/example_dags/example_inlet_event_extra.py
[2024-11-02T00:56:34.686-0300] {processor.py:914} INFO - Processing file /home/nico/.local/lib/python3.10/site-packages/airflow/example_dags/example_inlet_event_extra.py for tasks to queue
[2024-11-02T00:56:34.692-0300] {logging_mixin.py:190} INFO - [2024-11-02T00:56:34.690-0300] {dagbag.py:588} INFO - Filling up the DagBag from /home/nico/.local/lib/python3.10/site-packages/airflow/example_dags/example_inlet_event_extra.py
[2024-11-02T00:56:34.747-0300] {processor.py:925} INFO - DAG(s) 'read_dataset_event_from_classic', 'read_dataset_event' retrieved from /home/nico/.local/lib/python3.10/site-packages/airflow/example_dags/example_inlet_event_extra.py
[2024-11-02T00:56:34.823-0300] {logging_mixin.py:190} INFO - [2024-11-02T00:56:34.822-0300] {dag.py:3239} INFO - Sync 2 DAGs
[2024-11-02T00:56:34.892-0300] {logging_mixin.py:190} INFO - [2024-11-02T00:56:34.890-0300] {dag.py:4180} INFO - Setting next_dagrun for read_dataset_event to 2024-11-01 00:00:00+00:00, run_after=2024-11-02 00:00:00+00:00
[2024-11-02T00:56:34.907-0300] {logging_mixin.py:190} INFO - [2024-11-02T00:56:34.906-0300] {dag.py:4180} INFO - Setting next_dagrun for read_dataset_event_from_classic to 2024-11-01 00:00:00+00:00, run_after=2024-11-02 00:00:00+00:00
[2024-11-02T00:56:35.014-0300] {processor.py:208} INFO - Processing /home/nico/.local/lib/python3.10/site-packages/airflow/example_dags/example_inlet_event_extra.py took 0.369 seconds
[2024-11-02T00:59:42.349-0300] {processor.py:186} INFO - Started process (PID=218127) to work on /home/nico/.local/lib/python3.10/site-packages/airflow/example_dags/example_inlet_event_extra.py
[2024-11-02T00:59:42.352-0300] {processor.py:914} INFO - Processing file /home/nico/.local/lib/python3.10/site-packages/airflow/example_dags/example_inlet_event_extra.py for tasks to queue
[2024-11-02T00:59:42.359-0300] {logging_mixin.py:190} INFO - [2024-11-02T00:59:42.357-0300] {dagbag.py:588} INFO - Filling up the DagBag from /home/nico/.local/lib/python3.10/site-packages/airflow/example_dags/example_inlet_event_extra.py
[2024-11-02T00:59:42.418-0300] {processor.py:925} INFO - DAG(s) 'read_dataset_event_from_classic', 'read_dataset_event' retrieved from /home/nico/.local/lib/python3.10/site-packages/airflow/example_dags/example_inlet_event_extra.py
[2024-11-02T00:59:42.530-0300] {logging_mixin.py:190} INFO - [2024-11-02T00:59:42.529-0300] {dag.py:3239} INFO - Sync 2 DAGs
[2024-11-02T00:59:42.650-0300] {logging_mixin.py:190} INFO - [2024-11-02T00:59:42.650-0300] {dag.py:4180} INFO - Setting next_dagrun for read_dataset_event to 2024-11-01 00:00:00+00:00, run_after=2024-11-02 00:00:00+00:00
[2024-11-02T00:59:42.669-0300] {logging_mixin.py:190} INFO - [2024-11-02T00:59:42.668-0300] {dag.py:4180} INFO - Setting next_dagrun for read_dataset_event_from_classic to 2024-11-01 00:00:00+00:00, run_after=2024-11-02 00:00:00+00:00
[2024-11-02T00:59:42.782-0300] {processor.py:208} INFO - Processing /home/nico/.local/lib/python3.10/site-packages/airflow/example_dags/example_inlet_event_extra.py took 0.455 seconds
