[2024-11-02T00:17:13.456-0300] {processor.py:186} INFO - Started process (PID=216835) to work on /home/nico/.local/lib/python3.10/site-packages/airflow/example_dags/example_time_delta_sensor_async.py
[2024-11-02T00:17:13.472-0300] {processor.py:914} INFO - Processing file /home/nico/.local/lib/python3.10/site-packages/airflow/example_dags/example_time_delta_sensor_async.py for tasks to queue
[2024-11-02T00:17:13.478-0300] {logging_mixin.py:190} INFO - [2024-11-02T00:17:13.476-0300] {dagbag.py:588} INFO - Filling up the DagBag from /home/nico/.local/lib/python3.10/site-packages/airflow/example_dags/example_time_delta_sensor_async.py
[2024-11-02T00:17:13.513-0300] {processor.py:925} INFO - DAG(s) 'example_time_delta_sensor_async' retrieved from /home/nico/.local/lib/python3.10/site-packages/airflow/example_dags/example_time_delta_sensor_async.py
[2024-11-02T00:17:13.637-0300] {logging_mixin.py:190} INFO - [2024-11-02T00:17:13.637-0300] {dag.py:3239} INFO - Sync 1 DAGs
[2024-11-02T00:17:13.730-0300] {logging_mixin.py:190} INFO - [2024-11-02T00:17:13.729-0300] {dag.py:4180} INFO - Setting next_dagrun for example_time_delta_sensor_async to None, run_after=None
[2024-11-02T00:17:14.235-0300] {processor.py:208} INFO - Processing /home/nico/.local/lib/python3.10/site-packages/airflow/example_dags/example_time_delta_sensor_async.py took 0.810 seconds
[2024-11-02T00:19:06.304-0300] {processor.py:186} INFO - Started process (PID=216897) to work on /home/nico/.local/lib/python3.10/site-packages/airflow/example_dags/example_time_delta_sensor_async.py
[2024-11-02T00:19:06.306-0300] {processor.py:914} INFO - Processing file /home/nico/.local/lib/python3.10/site-packages/airflow/example_dags/example_time_delta_sensor_async.py for tasks to queue
[2024-11-02T00:19:06.310-0300] {logging_mixin.py:190} INFO - [2024-11-02T00:19:06.309-0300] {dagbag.py:588} INFO - Filling up the DagBag from /home/nico/.local/lib/python3.10/site-packages/airflow/example_dags/example_time_delta_sensor_async.py
[2024-11-02T00:19:06.321-0300] {processor.py:925} INFO - DAG(s) 'example_time_delta_sensor_async' retrieved from /home/nico/.local/lib/python3.10/site-packages/airflow/example_dags/example_time_delta_sensor_async.py
[2024-11-02T00:19:06.371-0300] {logging_mixin.py:190} INFO - [2024-11-02T00:19:06.370-0300] {dag.py:3239} INFO - Sync 1 DAGs
[2024-11-02T00:19:06.408-0300] {logging_mixin.py:190} INFO - [2024-11-02T00:19:06.407-0300] {dag.py:4180} INFO - Setting next_dagrun for example_time_delta_sensor_async to None, run_after=None
[2024-11-02T00:19:06.546-0300] {processor.py:208} INFO - Processing /home/nico/.local/lib/python3.10/site-packages/airflow/example_dags/example_time_delta_sensor_async.py took 0.257 seconds
[2024-11-02T00:20:36.267-0300] {processor.py:186} INFO - Started process (PID=216946) to work on /home/nico/.local/lib/python3.10/site-packages/airflow/example_dags/example_time_delta_sensor_async.py
[2024-11-02T00:20:36.283-0300] {processor.py:914} INFO - Processing file /home/nico/.local/lib/python3.10/site-packages/airflow/example_dags/example_time_delta_sensor_async.py for tasks to queue
[2024-11-02T00:20:36.295-0300] {logging_mixin.py:190} INFO - [2024-11-02T00:20:36.288-0300] {dagbag.py:588} INFO - Filling up the DagBag from /home/nico/.local/lib/python3.10/site-packages/airflow/example_dags/example_time_delta_sensor_async.py
[2024-11-02T00:20:36.331-0300] {processor.py:925} INFO - DAG(s) 'example_time_delta_sensor_async' retrieved from /home/nico/.local/lib/python3.10/site-packages/airflow/example_dags/example_time_delta_sensor_async.py
[2024-11-02T00:20:36.549-0300] {logging_mixin.py:190} INFO - [2024-11-02T00:20:36.548-0300] {dag.py:3239} INFO - Sync 1 DAGs
[2024-11-02T00:20:36.662-0300] {logging_mixin.py:190} INFO - [2024-11-02T00:20:36.661-0300] {dag.py:4180} INFO - Setting next_dagrun for example_time_delta_sensor_async to None, run_after=None
[2024-11-02T00:20:36.865-0300] {processor.py:208} INFO - Processing /home/nico/.local/lib/python3.10/site-packages/airflow/example_dags/example_time_delta_sensor_async.py took 0.650 seconds
[2024-11-02T00:22:09.879-0300] {processor.py:186} INFO - Started process (PID=216995) to work on /home/nico/.local/lib/python3.10/site-packages/airflow/example_dags/example_time_delta_sensor_async.py
[2024-11-02T00:22:09.888-0300] {processor.py:914} INFO - Processing file /home/nico/.local/lib/python3.10/site-packages/airflow/example_dags/example_time_delta_sensor_async.py for tasks to queue
[2024-11-02T00:22:09.897-0300] {logging_mixin.py:190} INFO - [2024-11-02T00:22:09.893-0300] {dagbag.py:588} INFO - Filling up the DagBag from /home/nico/.local/lib/python3.10/site-packages/airflow/example_dags/example_time_delta_sensor_async.py
[2024-11-02T00:22:09.935-0300] {processor.py:925} INFO - DAG(s) 'example_time_delta_sensor_async' retrieved from /home/nico/.local/lib/python3.10/site-packages/airflow/example_dags/example_time_delta_sensor_async.py
[2024-11-02T00:22:10.297-0300] {logging_mixin.py:190} INFO - [2024-11-02T00:22:10.296-0300] {dag.py:3239} INFO - Sync 1 DAGs
[2024-11-02T00:22:10.444-0300] {logging_mixin.py:190} INFO - [2024-11-02T00:22:10.442-0300] {dag.py:4180} INFO - Setting next_dagrun for example_time_delta_sensor_async to None, run_after=None
[2024-11-02T00:22:10.644-0300] {processor.py:208} INFO - Processing /home/nico/.local/lib/python3.10/site-packages/airflow/example_dags/example_time_delta_sensor_async.py took 0.798 seconds
[2024-11-02T00:23:37.196-0300] {processor.py:186} INFO - Started process (PID=217045) to work on /home/nico/.local/lib/python3.10/site-packages/airflow/example_dags/example_time_delta_sensor_async.py
[2024-11-02T00:23:37.201-0300] {processor.py:914} INFO - Processing file /home/nico/.local/lib/python3.10/site-packages/airflow/example_dags/example_time_delta_sensor_async.py for tasks to queue
[2024-11-02T00:23:37.205-0300] {logging_mixin.py:190} INFO - [2024-11-02T00:23:37.204-0300] {dagbag.py:588} INFO - Filling up the DagBag from /home/nico/.local/lib/python3.10/site-packages/airflow/example_dags/example_time_delta_sensor_async.py
[2024-11-02T00:23:37.222-0300] {processor.py:925} INFO - DAG(s) 'example_time_delta_sensor_async' retrieved from /home/nico/.local/lib/python3.10/site-packages/airflow/example_dags/example_time_delta_sensor_async.py
[2024-11-02T00:23:37.283-0300] {logging_mixin.py:190} INFO - [2024-11-02T00:23:37.282-0300] {dag.py:3239} INFO - Sync 1 DAGs
[2024-11-02T00:23:37.337-0300] {logging_mixin.py:190} INFO - [2024-11-02T00:23:37.336-0300] {dag.py:4180} INFO - Setting next_dagrun for example_time_delta_sensor_async to None, run_after=None
[2024-11-02T00:23:37.455-0300] {processor.py:208} INFO - Processing /home/nico/.local/lib/python3.10/site-packages/airflow/example_dags/example_time_delta_sensor_async.py took 0.283 seconds
[2024-11-02T00:25:01.034-0300] {processor.py:186} INFO - Started process (PID=217091) to work on /home/nico/.local/lib/python3.10/site-packages/airflow/example_dags/example_time_delta_sensor_async.py
[2024-11-02T00:25:01.038-0300] {processor.py:914} INFO - Processing file /home/nico/.local/lib/python3.10/site-packages/airflow/example_dags/example_time_delta_sensor_async.py for tasks to queue
[2024-11-02T00:25:01.042-0300] {logging_mixin.py:190} INFO - [2024-11-02T00:25:01.041-0300] {dagbag.py:588} INFO - Filling up the DagBag from /home/nico/.local/lib/python3.10/site-packages/airflow/example_dags/example_time_delta_sensor_async.py
[2024-11-02T00:25:01.071-0300] {processor.py:925} INFO - DAG(s) 'example_time_delta_sensor_async' retrieved from /home/nico/.local/lib/python3.10/site-packages/airflow/example_dags/example_time_delta_sensor_async.py
[2024-11-02T00:25:01.139-0300] {logging_mixin.py:190} INFO - [2024-11-02T00:25:01.139-0300] {dag.py:3239} INFO - Sync 1 DAGs
[2024-11-02T00:25:01.185-0300] {logging_mixin.py:190} INFO - [2024-11-02T00:25:01.184-0300] {dag.py:4180} INFO - Setting next_dagrun for example_time_delta_sensor_async to None, run_after=None
[2024-11-02T00:25:01.314-0300] {processor.py:208} INFO - Processing /home/nico/.local/lib/python3.10/site-packages/airflow/example_dags/example_time_delta_sensor_async.py took 0.307 seconds
[2024-11-02T00:26:25.634-0300] {processor.py:186} INFO - Started process (PID=217136) to work on /home/nico/.local/lib/python3.10/site-packages/airflow/example_dags/example_time_delta_sensor_async.py
[2024-11-02T00:26:25.637-0300] {processor.py:914} INFO - Processing file /home/nico/.local/lib/python3.10/site-packages/airflow/example_dags/example_time_delta_sensor_async.py for tasks to queue
[2024-11-02T00:26:25.640-0300] {logging_mixin.py:190} INFO - [2024-11-02T00:26:25.640-0300] {dagbag.py:588} INFO - Filling up the DagBag from /home/nico/.local/lib/python3.10/site-packages/airflow/example_dags/example_time_delta_sensor_async.py
[2024-11-02T00:26:25.653-0300] {processor.py:925} INFO - DAG(s) 'example_time_delta_sensor_async' retrieved from /home/nico/.local/lib/python3.10/site-packages/airflow/example_dags/example_time_delta_sensor_async.py
[2024-11-02T00:26:25.715-0300] {logging_mixin.py:190} INFO - [2024-11-02T00:26:25.714-0300] {dag.py:3239} INFO - Sync 1 DAGs
[2024-11-02T00:26:25.746-0300] {logging_mixin.py:190} INFO - [2024-11-02T00:26:25.745-0300] {dag.py:4180} INFO - Setting next_dagrun for example_time_delta_sensor_async to None, run_after=None
[2024-11-02T00:26:25.893-0300] {processor.py:208} INFO - Processing /home/nico/.local/lib/python3.10/site-packages/airflow/example_dags/example_time_delta_sensor_async.py took 0.274 seconds
[2024-11-02T00:27:46.401-0300] {processor.py:186} INFO - Started process (PID=217183) to work on /home/nico/.local/lib/python3.10/site-packages/airflow/example_dags/example_time_delta_sensor_async.py
[2024-11-02T00:27:46.404-0300] {processor.py:914} INFO - Processing file /home/nico/.local/lib/python3.10/site-packages/airflow/example_dags/example_time_delta_sensor_async.py for tasks to queue
[2024-11-02T00:27:46.407-0300] {logging_mixin.py:190} INFO - [2024-11-02T00:27:46.407-0300] {dagbag.py:588} INFO - Filling up the DagBag from /home/nico/.local/lib/python3.10/site-packages/airflow/example_dags/example_time_delta_sensor_async.py
[2024-11-02T00:27:46.419-0300] {processor.py:925} INFO - DAG(s) 'example_time_delta_sensor_async' retrieved from /home/nico/.local/lib/python3.10/site-packages/airflow/example_dags/example_time_delta_sensor_async.py
[2024-11-02T00:27:46.473-0300] {logging_mixin.py:190} INFO - [2024-11-02T00:27:46.473-0300] {dag.py:3239} INFO - Sync 1 DAGs
[2024-11-02T00:27:46.515-0300] {logging_mixin.py:190} INFO - [2024-11-02T00:27:46.515-0300] {dag.py:4180} INFO - Setting next_dagrun for example_time_delta_sensor_async to None, run_after=None
[2024-11-02T00:27:46.668-0300] {processor.py:208} INFO - Processing /home/nico/.local/lib/python3.10/site-packages/airflow/example_dags/example_time_delta_sensor_async.py took 0.282 seconds
[2024-11-02T00:30:13.823-0300] {processor.py:186} INFO - Started process (PID=217242) to work on /home/nico/.local/lib/python3.10/site-packages/airflow/example_dags/example_time_delta_sensor_async.py
[2024-11-02T00:30:13.830-0300] {processor.py:914} INFO - Processing file /home/nico/.local/lib/python3.10/site-packages/airflow/example_dags/example_time_delta_sensor_async.py for tasks to queue
[2024-11-02T00:30:13.836-0300] {logging_mixin.py:190} INFO - [2024-11-02T00:30:13.835-0300] {dagbag.py:588} INFO - Filling up the DagBag from /home/nico/.local/lib/python3.10/site-packages/airflow/example_dags/example_time_delta_sensor_async.py
[2024-11-02T00:30:13.857-0300] {processor.py:925} INFO - DAG(s) 'example_time_delta_sensor_async' retrieved from /home/nico/.local/lib/python3.10/site-packages/airflow/example_dags/example_time_delta_sensor_async.py
[2024-11-02T00:30:14.015-0300] {logging_mixin.py:190} INFO - [2024-11-02T00:30:14.015-0300] {dag.py:3239} INFO - Sync 1 DAGs
[2024-11-02T00:30:14.085-0300] {logging_mixin.py:190} INFO - [2024-11-02T00:30:14.084-0300] {dag.py:4180} INFO - Setting next_dagrun for example_time_delta_sensor_async to None, run_after=None
[2024-11-02T00:30:14.237-0300] {processor.py:208} INFO - Processing /home/nico/.local/lib/python3.10/site-packages/airflow/example_dags/example_time_delta_sensor_async.py took 0.440 seconds
[2024-11-02T00:36:43.375-0300] {processor.py:186} INFO - Started process (PID=217440) to work on /home/nico/.local/lib/python3.10/site-packages/airflow/example_dags/example_time_delta_sensor_async.py
[2024-11-02T00:36:43.379-0300] {processor.py:914} INFO - Processing file /home/nico/.local/lib/python3.10/site-packages/airflow/example_dags/example_time_delta_sensor_async.py for tasks to queue
[2024-11-02T00:36:43.385-0300] {logging_mixin.py:190} INFO - [2024-11-02T00:36:43.383-0300] {dagbag.py:588} INFO - Filling up the DagBag from /home/nico/.local/lib/python3.10/site-packages/airflow/example_dags/example_time_delta_sensor_async.py
[2024-11-02T00:36:43.402-0300] {processor.py:925} INFO - DAG(s) 'example_time_delta_sensor_async' retrieved from /home/nico/.local/lib/python3.10/site-packages/airflow/example_dags/example_time_delta_sensor_async.py
[2024-11-02T00:36:43.470-0300] {logging_mixin.py:190} INFO - [2024-11-02T00:36:43.470-0300] {dag.py:3239} INFO - Sync 1 DAGs
[2024-11-02T00:36:43.519-0300] {logging_mixin.py:190} INFO - [2024-11-02T00:36:43.518-0300] {dag.py:4180} INFO - Setting next_dagrun for example_time_delta_sensor_async to None, run_after=None
[2024-11-02T00:36:43.683-0300] {processor.py:208} INFO - Processing /home/nico/.local/lib/python3.10/site-packages/airflow/example_dags/example_time_delta_sensor_async.py took 0.337 seconds
[2024-11-02T00:38:39.816-0300] {processor.py:186} INFO - Started process (PID=217504) to work on /home/nico/.local/lib/python3.10/site-packages/airflow/example_dags/example_time_delta_sensor_async.py
[2024-11-02T00:38:39.820-0300] {processor.py:914} INFO - Processing file /home/nico/.local/lib/python3.10/site-packages/airflow/example_dags/example_time_delta_sensor_async.py for tasks to queue
[2024-11-02T00:38:39.825-0300] {logging_mixin.py:190} INFO - [2024-11-02T00:38:39.823-0300] {dagbag.py:588} INFO - Filling up the DagBag from /home/nico/.local/lib/python3.10/site-packages/airflow/example_dags/example_time_delta_sensor_async.py
[2024-11-02T00:38:39.843-0300] {processor.py:925} INFO - DAG(s) 'example_time_delta_sensor_async' retrieved from /home/nico/.local/lib/python3.10/site-packages/airflow/example_dags/example_time_delta_sensor_async.py
[2024-11-02T00:38:39.909-0300] {logging_mixin.py:190} INFO - [2024-11-02T00:38:39.908-0300] {dag.py:3239} INFO - Sync 1 DAGs
[2024-11-02T00:38:39.945-0300] {logging_mixin.py:190} INFO - [2024-11-02T00:38:39.945-0300] {dag.py:4180} INFO - Setting next_dagrun for example_time_delta_sensor_async to None, run_after=None
[2024-11-02T00:38:40.076-0300] {processor.py:208} INFO - Processing /home/nico/.local/lib/python3.10/site-packages/airflow/example_dags/example_time_delta_sensor_async.py took 0.288 seconds
[2024-11-02T00:40:05.511-0300] {processor.py:186} INFO - Started process (PID=217549) to work on /home/nico/.local/lib/python3.10/site-packages/airflow/example_dags/example_time_delta_sensor_async.py
[2024-11-02T00:40:05.556-0300] {processor.py:914} INFO - Processing file /home/nico/.local/lib/python3.10/site-packages/airflow/example_dags/example_time_delta_sensor_async.py for tasks to queue
[2024-11-02T00:40:05.570-0300] {logging_mixin.py:190} INFO - [2024-11-02T00:40:05.569-0300] {dagbag.py:588} INFO - Filling up the DagBag from /home/nico/.local/lib/python3.10/site-packages/airflow/example_dags/example_time_delta_sensor_async.py
[2024-11-02T00:40:05.609-0300] {processor.py:925} INFO - DAG(s) 'example_time_delta_sensor_async' retrieved from /home/nico/.local/lib/python3.10/site-packages/airflow/example_dags/example_time_delta_sensor_async.py
[2024-11-02T00:40:05.807-0300] {logging_mixin.py:190} INFO - [2024-11-02T00:40:05.807-0300] {dag.py:3239} INFO - Sync 1 DAGs
[2024-11-02T00:40:05.867-0300] {logging_mixin.py:190} INFO - [2024-11-02T00:40:05.866-0300] {dag.py:4180} INFO - Setting next_dagrun for example_time_delta_sensor_async to None, run_after=None
[2024-11-02T00:40:06.107-0300] {processor.py:208} INFO - Processing /home/nico/.local/lib/python3.10/site-packages/airflow/example_dags/example_time_delta_sensor_async.py took 0.646 seconds
[2024-11-02T00:41:30.790-0300] {processor.py:186} INFO - Started process (PID=217595) to work on /home/nico/.local/lib/python3.10/site-packages/airflow/example_dags/example_time_delta_sensor_async.py
[2024-11-02T00:41:30.797-0300] {processor.py:914} INFO - Processing file /home/nico/.local/lib/python3.10/site-packages/airflow/example_dags/example_time_delta_sensor_async.py for tasks to queue
[2024-11-02T00:41:30.803-0300] {logging_mixin.py:190} INFO - [2024-11-02T00:41:30.801-0300] {dagbag.py:588} INFO - Filling up the DagBag from /home/nico/.local/lib/python3.10/site-packages/airflow/example_dags/example_time_delta_sensor_async.py
[2024-11-02T00:41:30.819-0300] {processor.py:925} INFO - DAG(s) 'example_time_delta_sensor_async' retrieved from /home/nico/.local/lib/python3.10/site-packages/airflow/example_dags/example_time_delta_sensor_async.py
[2024-11-02T00:41:30.879-0300] {logging_mixin.py:190} INFO - [2024-11-02T00:41:30.879-0300] {dag.py:3239} INFO - Sync 1 DAGs
[2024-11-02T00:41:30.923-0300] {logging_mixin.py:190} INFO - [2024-11-02T00:41:30.923-0300] {dag.py:4180} INFO - Setting next_dagrun for example_time_delta_sensor_async to None, run_after=None
[2024-11-02T00:41:31.280-0300] {processor.py:208} INFO - Processing /home/nico/.local/lib/python3.10/site-packages/airflow/example_dags/example_time_delta_sensor_async.py took 0.525 seconds
[2024-11-02T00:42:57.409-0300] {processor.py:186} INFO - Started process (PID=217641) to work on /home/nico/.local/lib/python3.10/site-packages/airflow/example_dags/example_time_delta_sensor_async.py
[2024-11-02T00:42:57.413-0300] {processor.py:914} INFO - Processing file /home/nico/.local/lib/python3.10/site-packages/airflow/example_dags/example_time_delta_sensor_async.py for tasks to queue
[2024-11-02T00:42:57.425-0300] {logging_mixin.py:190} INFO - [2024-11-02T00:42:57.423-0300] {dagbag.py:588} INFO - Filling up the DagBag from /home/nico/.local/lib/python3.10/site-packages/airflow/example_dags/example_time_delta_sensor_async.py
[2024-11-02T00:42:57.447-0300] {processor.py:925} INFO - DAG(s) 'example_time_delta_sensor_async' retrieved from /home/nico/.local/lib/python3.10/site-packages/airflow/example_dags/example_time_delta_sensor_async.py
[2024-11-02T00:42:57.582-0300] {logging_mixin.py:190} INFO - [2024-11-02T00:42:57.582-0300] {dag.py:3239} INFO - Sync 1 DAGs
[2024-11-02T00:42:57.652-0300] {logging_mixin.py:190} INFO - [2024-11-02T00:42:57.651-0300] {dag.py:4180} INFO - Setting next_dagrun for example_time_delta_sensor_async to None, run_after=None
[2024-11-02T00:42:57.803-0300] {processor.py:208} INFO - Processing /home/nico/.local/lib/python3.10/site-packages/airflow/example_dags/example_time_delta_sensor_async.py took 0.412 seconds
[2024-11-02T00:44:20.373-0300] {processor.py:186} INFO - Started process (PID=217686) to work on /home/nico/.local/lib/python3.10/site-packages/airflow/example_dags/example_time_delta_sensor_async.py
[2024-11-02T00:44:20.376-0300] {processor.py:914} INFO - Processing file /home/nico/.local/lib/python3.10/site-packages/airflow/example_dags/example_time_delta_sensor_async.py for tasks to queue
[2024-11-02T00:44:20.379-0300] {logging_mixin.py:190} INFO - [2024-11-02T00:44:20.378-0300] {dagbag.py:588} INFO - Filling up the DagBag from /home/nico/.local/lib/python3.10/site-packages/airflow/example_dags/example_time_delta_sensor_async.py
[2024-11-02T00:44:20.392-0300] {processor.py:925} INFO - DAG(s) 'example_time_delta_sensor_async' retrieved from /home/nico/.local/lib/python3.10/site-packages/airflow/example_dags/example_time_delta_sensor_async.py
[2024-11-02T00:44:20.454-0300] {logging_mixin.py:190} INFO - [2024-11-02T00:44:20.453-0300] {dag.py:3239} INFO - Sync 1 DAGs
[2024-11-02T00:44:20.484-0300] {logging_mixin.py:190} INFO - [2024-11-02T00:44:20.484-0300] {dag.py:4180} INFO - Setting next_dagrun for example_time_delta_sensor_async to None, run_after=None
[2024-11-02T00:44:20.593-0300] {processor.py:208} INFO - Processing /home/nico/.local/lib/python3.10/site-packages/airflow/example_dags/example_time_delta_sensor_async.py took 0.236 seconds
[2024-11-02T00:45:40.988-0300] {processor.py:186} INFO - Started process (PID=217733) to work on /home/nico/.local/lib/python3.10/site-packages/airflow/example_dags/example_time_delta_sensor_async.py
[2024-11-02T00:45:40.992-0300] {processor.py:914} INFO - Processing file /home/nico/.local/lib/python3.10/site-packages/airflow/example_dags/example_time_delta_sensor_async.py for tasks to queue
[2024-11-02T00:45:40.996-0300] {logging_mixin.py:190} INFO - [2024-11-02T00:45:40.995-0300] {dagbag.py:588} INFO - Filling up the DagBag from /home/nico/.local/lib/python3.10/site-packages/airflow/example_dags/example_time_delta_sensor_async.py
[2024-11-02T00:45:41.020-0300] {processor.py:925} INFO - DAG(s) 'example_time_delta_sensor_async' retrieved from /home/nico/.local/lib/python3.10/site-packages/airflow/example_dags/example_time_delta_sensor_async.py
[2024-11-02T00:45:41.091-0300] {logging_mixin.py:190} INFO - [2024-11-02T00:45:41.091-0300] {dag.py:3239} INFO - Sync 1 DAGs
[2024-11-02T00:45:41.124-0300] {logging_mixin.py:190} INFO - [2024-11-02T00:45:41.123-0300] {dag.py:4180} INFO - Setting next_dagrun for example_time_delta_sensor_async to None, run_after=None
[2024-11-02T00:45:41.240-0300] {processor.py:208} INFO - Processing /home/nico/.local/lib/python3.10/site-packages/airflow/example_dags/example_time_delta_sensor_async.py took 0.286 seconds
[2024-11-02T00:47:17.820-0300] {processor.py:186} INFO - Started process (PID=217781) to work on /home/nico/.local/lib/python3.10/site-packages/airflow/example_dags/example_time_delta_sensor_async.py
[2024-11-02T00:47:17.824-0300] {processor.py:914} INFO - Processing file /home/nico/.local/lib/python3.10/site-packages/airflow/example_dags/example_time_delta_sensor_async.py for tasks to queue
[2024-11-02T00:47:17.833-0300] {logging_mixin.py:190} INFO - [2024-11-02T00:47:17.831-0300] {dagbag.py:588} INFO - Filling up the DagBag from /home/nico/.local/lib/python3.10/site-packages/airflow/example_dags/example_time_delta_sensor_async.py
[2024-11-02T00:47:17.870-0300] {processor.py:925} INFO - DAG(s) 'example_time_delta_sensor_async' retrieved from /home/nico/.local/lib/python3.10/site-packages/airflow/example_dags/example_time_delta_sensor_async.py
[2024-11-02T00:47:18.004-0300] {logging_mixin.py:190} INFO - [2024-11-02T00:47:18.003-0300] {dag.py:3239} INFO - Sync 1 DAGs
[2024-11-02T00:47:18.262-0300] {logging_mixin.py:190} INFO - [2024-11-02T00:47:18.261-0300] {dag.py:4180} INFO - Setting next_dagrun for example_time_delta_sensor_async to None, run_after=None
[2024-11-02T00:47:19.255-0300] {processor.py:208} INFO - Processing /home/nico/.local/lib/python3.10/site-packages/airflow/example_dags/example_time_delta_sensor_async.py took 1.459 seconds
[2024-11-02T00:49:30.047-0300] {processor.py:186} INFO - Started process (PID=217834) to work on /home/nico/.local/lib/python3.10/site-packages/airflow/example_dags/example_time_delta_sensor_async.py
[2024-11-02T00:49:30.051-0300] {processor.py:914} INFO - Processing file /home/nico/.local/lib/python3.10/site-packages/airflow/example_dags/example_time_delta_sensor_async.py for tasks to queue
[2024-11-02T00:49:30.057-0300] {logging_mixin.py:190} INFO - [2024-11-02T00:49:30.055-0300] {dagbag.py:588} INFO - Filling up the DagBag from /home/nico/.local/lib/python3.10/site-packages/airflow/example_dags/example_time_delta_sensor_async.py
[2024-11-02T00:49:30.079-0300] {processor.py:925} INFO - DAG(s) 'example_time_delta_sensor_async' retrieved from /home/nico/.local/lib/python3.10/site-packages/airflow/example_dags/example_time_delta_sensor_async.py
[2024-11-02T00:49:30.180-0300] {logging_mixin.py:190} INFO - [2024-11-02T00:49:30.179-0300] {dag.py:3239} INFO - Sync 1 DAGs
[2024-11-02T00:49:30.260-0300] {logging_mixin.py:190} INFO - [2024-11-02T00:49:30.259-0300] {dag.py:4180} INFO - Setting next_dagrun for example_time_delta_sensor_async to None, run_after=None
[2024-11-02T00:49:30.517-0300] {processor.py:208} INFO - Processing /home/nico/.local/lib/python3.10/site-packages/airflow/example_dags/example_time_delta_sensor_async.py took 0.502 seconds
[2024-11-02T00:55:40.837-0300] {processor.py:186} INFO - Started process (PID=218003) to work on /home/nico/.local/lib/python3.10/site-packages/airflow/example_dags/example_time_delta_sensor_async.py
[2024-11-02T00:55:40.841-0300] {processor.py:914} INFO - Processing file /home/nico/.local/lib/python3.10/site-packages/airflow/example_dags/example_time_delta_sensor_async.py for tasks to queue
[2024-11-02T00:55:40.847-0300] {logging_mixin.py:190} INFO - [2024-11-02T00:55:40.845-0300] {dagbag.py:588} INFO - Filling up the DagBag from /home/nico/.local/lib/python3.10/site-packages/airflow/example_dags/example_time_delta_sensor_async.py
[2024-11-02T00:55:40.863-0300] {processor.py:925} INFO - DAG(s) 'example_time_delta_sensor_async' retrieved from /home/nico/.local/lib/python3.10/site-packages/airflow/example_dags/example_time_delta_sensor_async.py
[2024-11-02T00:55:40.928-0300] {logging_mixin.py:190} INFO - [2024-11-02T00:55:40.927-0300] {dag.py:3239} INFO - Sync 1 DAGs
[2024-11-02T00:55:40.982-0300] {logging_mixin.py:190} INFO - [2024-11-02T00:55:40.981-0300] {dag.py:4180} INFO - Setting next_dagrun for example_time_delta_sensor_async to None, run_after=None
[2024-11-02T00:55:42.759-0300] {processor.py:208} INFO - Processing /home/nico/.local/lib/python3.10/site-packages/airflow/example_dags/example_time_delta_sensor_async.py took 1.942 seconds
[2024-11-02T00:57:45.447-0300] {processor.py:186} INFO - Started process (PID=218067) to work on /home/nico/.local/lib/python3.10/site-packages/airflow/example_dags/example_time_delta_sensor_async.py
[2024-11-02T00:57:45.453-0300] {processor.py:914} INFO - Processing file /home/nico/.local/lib/python3.10/site-packages/airflow/example_dags/example_time_delta_sensor_async.py for tasks to queue
[2024-11-02T00:57:45.469-0300] {logging_mixin.py:190} INFO - [2024-11-02T00:57:45.468-0300] {dagbag.py:588} INFO - Filling up the DagBag from /home/nico/.local/lib/python3.10/site-packages/airflow/example_dags/example_time_delta_sensor_async.py
[2024-11-02T00:57:45.507-0300] {processor.py:925} INFO - DAG(s) 'example_time_delta_sensor_async' retrieved from /home/nico/.local/lib/python3.10/site-packages/airflow/example_dags/example_time_delta_sensor_async.py
[2024-11-02T00:57:45.658-0300] {logging_mixin.py:190} INFO - [2024-11-02T00:57:45.658-0300] {dag.py:3239} INFO - Sync 1 DAGs
[2024-11-02T00:57:45.777-0300] {logging_mixin.py:190} INFO - [2024-11-02T00:57:45.776-0300] {dag.py:4180} INFO - Setting next_dagrun for example_time_delta_sensor_async to None, run_after=None
[2024-11-02T00:57:45.959-0300] {processor.py:208} INFO - Processing /home/nico/.local/lib/python3.10/site-packages/airflow/example_dags/example_time_delta_sensor_async.py took 0.552 seconds
[2024-11-02T00:59:17.560-0300] {processor.py:186} INFO - Started process (PID=218115) to work on /home/nico/.local/lib/python3.10/site-packages/airflow/example_dags/example_time_delta_sensor_async.py
[2024-11-02T00:59:17.564-0300] {processor.py:914} INFO - Processing file /home/nico/.local/lib/python3.10/site-packages/airflow/example_dags/example_time_delta_sensor_async.py for tasks to queue
[2024-11-02T00:59:17.570-0300] {logging_mixin.py:190} INFO - [2024-11-02T00:59:17.568-0300] {dagbag.py:588} INFO - Filling up the DagBag from /home/nico/.local/lib/python3.10/site-packages/airflow/example_dags/example_time_delta_sensor_async.py
[2024-11-02T00:59:17.591-0300] {processor.py:925} INFO - DAG(s) 'example_time_delta_sensor_async' retrieved from /home/nico/.local/lib/python3.10/site-packages/airflow/example_dags/example_time_delta_sensor_async.py
[2024-11-02T00:59:17.663-0300] {logging_mixin.py:190} INFO - [2024-11-02T00:59:17.662-0300] {dag.py:3239} INFO - Sync 1 DAGs
[2024-11-02T00:59:17.702-0300] {logging_mixin.py:190} INFO - [2024-11-02T00:59:17.702-0300] {dag.py:4180} INFO - Setting next_dagrun for example_time_delta_sensor_async to None, run_after=None
[2024-11-02T00:59:17.827-0300] {processor.py:208} INFO - Processing /home/nico/.local/lib/python3.10/site-packages/airflow/example_dags/example_time_delta_sensor_async.py took 0.300 seconds
[2024-11-02T01:00:57.176-0300] {processor.py:186} INFO - Started process (PID=218162) to work on /home/nico/.local/lib/python3.10/site-packages/airflow/example_dags/example_time_delta_sensor_async.py
[2024-11-02T01:00:57.217-0300] {processor.py:914} INFO - Processing file /home/nico/.local/lib/python3.10/site-packages/airflow/example_dags/example_time_delta_sensor_async.py for tasks to queue
[2024-11-02T01:00:57.235-0300] {logging_mixin.py:190} INFO - [2024-11-02T01:00:57.234-0300] {dagbag.py:588} INFO - Filling up the DagBag from /home/nico/.local/lib/python3.10/site-packages/airflow/example_dags/example_time_delta_sensor_async.py
[2024-11-02T01:00:57.290-0300] {processor.py:925} INFO - DAG(s) 'example_time_delta_sensor_async' retrieved from /home/nico/.local/lib/python3.10/site-packages/airflow/example_dags/example_time_delta_sensor_async.py
[2024-11-02T01:00:57.672-0300] {logging_mixin.py:190} INFO - [2024-11-02T01:00:57.671-0300] {dag.py:3239} INFO - Sync 1 DAGs
[2024-11-02T01:00:57.766-0300] {logging_mixin.py:190} INFO - [2024-11-02T01:00:57.765-0300] {dag.py:4180} INFO - Setting next_dagrun for example_time_delta_sensor_async to None, run_after=None
[2024-11-02T01:00:57.933-0300] {processor.py:208} INFO - Processing /home/nico/.local/lib/python3.10/site-packages/airflow/example_dags/example_time_delta_sensor_async.py took 0.813 seconds
[2024-11-02T12:22:16.580-0300] {processor.py:186} INFO - Started process (PID=218815) to work on /home/nico/.local/lib/python3.10/site-packages/airflow/example_dags/example_time_delta_sensor_async.py
[2024-11-02T12:22:16.587-0300] {processor.py:914} INFO - Processing file /home/nico/.local/lib/python3.10/site-packages/airflow/example_dags/example_time_delta_sensor_async.py for tasks to queue
[2024-11-02T12:22:16.596-0300] {logging_mixin.py:190} INFO - [2024-11-02T12:22:16.595-0300] {dagbag.py:588} INFO - Filling up the DagBag from /home/nico/.local/lib/python3.10/site-packages/airflow/example_dags/example_time_delta_sensor_async.py
[2024-11-02T12:22:16.621-0300] {processor.py:925} INFO - DAG(s) 'example_time_delta_sensor_async' retrieved from /home/nico/.local/lib/python3.10/site-packages/airflow/example_dags/example_time_delta_sensor_async.py
[2024-11-02T12:22:16.692-0300] {logging_mixin.py:190} INFO - [2024-11-02T12:22:16.691-0300] {dag.py:3239} INFO - Sync 1 DAGs
[2024-11-02T12:22:16.729-0300] {logging_mixin.py:190} INFO - [2024-11-02T12:22:16.728-0300] {dag.py:4180} INFO - Setting next_dagrun for example_time_delta_sensor_async to None, run_after=None
[2024-11-02T12:22:16.917-0300] {processor.py:208} INFO - Processing /home/nico/.local/lib/python3.10/site-packages/airflow/example_dags/example_time_delta_sensor_async.py took 0.391 seconds
[2024-11-02T12:25:37.988-0300] {processor.py:186} INFO - Started process (PID=218879) to work on /home/nico/.local/lib/python3.10/site-packages/airflow/example_dags/example_time_delta_sensor_async.py
[2024-11-02T12:25:37.990-0300] {processor.py:914} INFO - Processing file /home/nico/.local/lib/python3.10/site-packages/airflow/example_dags/example_time_delta_sensor_async.py for tasks to queue
[2024-11-02T12:25:37.995-0300] {logging_mixin.py:190} INFO - [2024-11-02T12:25:37.993-0300] {dagbag.py:588} INFO - Filling up the DagBag from /home/nico/.local/lib/python3.10/site-packages/airflow/example_dags/example_time_delta_sensor_async.py
[2024-11-02T12:25:38.014-0300] {processor.py:925} INFO - DAG(s) 'example_time_delta_sensor_async' retrieved from /home/nico/.local/lib/python3.10/site-packages/airflow/example_dags/example_time_delta_sensor_async.py
[2024-11-02T12:25:38.125-0300] {logging_mixin.py:190} INFO - [2024-11-02T12:25:38.125-0300] {dag.py:3239} INFO - Sync 1 DAGs
[2024-11-02T12:25:38.181-0300] {logging_mixin.py:190} INFO - [2024-11-02T12:25:38.180-0300] {dag.py:4180} INFO - Setting next_dagrun for example_time_delta_sensor_async to None, run_after=None
[2024-11-02T12:25:38.332-0300] {processor.py:208} INFO - Processing /home/nico/.local/lib/python3.10/site-packages/airflow/example_dags/example_time_delta_sensor_async.py took 0.367 seconds
[2024-11-02T12:28:05.033-0300] {processor.py:186} INFO - Started process (PID=218936) to work on /home/nico/.local/lib/python3.10/site-packages/airflow/example_dags/example_time_delta_sensor_async.py
[2024-11-02T12:28:05.049-0300] {processor.py:914} INFO - Processing file /home/nico/.local/lib/python3.10/site-packages/airflow/example_dags/example_time_delta_sensor_async.py for tasks to queue
[2024-11-02T12:28:05.062-0300] {logging_mixin.py:190} INFO - [2024-11-02T12:28:05.053-0300] {dagbag.py:588} INFO - Filling up the DagBag from /home/nico/.local/lib/python3.10/site-packages/airflow/example_dags/example_time_delta_sensor_async.py
[2024-11-02T12:28:05.099-0300] {processor.py:925} INFO - DAG(s) 'example_time_delta_sensor_async' retrieved from /home/nico/.local/lib/python3.10/site-packages/airflow/example_dags/example_time_delta_sensor_async.py
[2024-11-02T12:28:05.183-0300] {logging_mixin.py:190} INFO - [2024-11-02T12:28:05.182-0300] {dag.py:3239} INFO - Sync 1 DAGs
[2024-11-02T12:28:05.222-0300] {logging_mixin.py:190} INFO - [2024-11-02T12:28:05.222-0300] {dag.py:4180} INFO - Setting next_dagrun for example_time_delta_sensor_async to None, run_after=None
[2024-11-02T12:28:05.360-0300] {processor.py:208} INFO - Processing /home/nico/.local/lib/python3.10/site-packages/airflow/example_dags/example_time_delta_sensor_async.py took 0.372 seconds
[2024-11-02T12:37:02.182-0300] {processor.py:186} INFO - Started process (PID=219177) to work on /home/nico/.local/lib/python3.10/site-packages/airflow/example_dags/example_time_delta_sensor_async.py
[2024-11-02T12:37:02.188-0300] {processor.py:914} INFO - Processing file /home/nico/.local/lib/python3.10/site-packages/airflow/example_dags/example_time_delta_sensor_async.py for tasks to queue
[2024-11-02T12:37:02.199-0300] {logging_mixin.py:190} INFO - [2024-11-02T12:37:02.198-0300] {dagbag.py:588} INFO - Filling up the DagBag from /home/nico/.local/lib/python3.10/site-packages/airflow/example_dags/example_time_delta_sensor_async.py
[2024-11-02T12:37:02.220-0300] {processor.py:925} INFO - DAG(s) 'example_time_delta_sensor_async' retrieved from /home/nico/.local/lib/python3.10/site-packages/airflow/example_dags/example_time_delta_sensor_async.py
[2024-11-02T12:37:02.358-0300] {logging_mixin.py:190} INFO - [2024-11-02T12:37:02.357-0300] {dag.py:3239} INFO - Sync 1 DAGs
[2024-11-02T12:37:02.431-0300] {logging_mixin.py:190} INFO - [2024-11-02T12:37:02.431-0300] {dag.py:4180} INFO - Setting next_dagrun for example_time_delta_sensor_async to None, run_after=None
[2024-11-02T12:37:02.602-0300] {processor.py:208} INFO - Processing /home/nico/.local/lib/python3.10/site-packages/airflow/example_dags/example_time_delta_sensor_async.py took 0.471 seconds
[2024-11-02T12:38:57.972-0300] {processor.py:186} INFO - Started process (PID=219239) to work on /home/nico/.local/lib/python3.10/site-packages/airflow/example_dags/example_time_delta_sensor_async.py
[2024-11-02T12:38:57.977-0300] {processor.py:914} INFO - Processing file /home/nico/.local/lib/python3.10/site-packages/airflow/example_dags/example_time_delta_sensor_async.py for tasks to queue
[2024-11-02T12:38:57.982-0300] {logging_mixin.py:190} INFO - [2024-11-02T12:38:57.981-0300] {dagbag.py:588} INFO - Filling up the DagBag from /home/nico/.local/lib/python3.10/site-packages/airflow/example_dags/example_time_delta_sensor_async.py
[2024-11-02T12:38:57.998-0300] {processor.py:925} INFO - DAG(s) 'example_time_delta_sensor_async' retrieved from /home/nico/.local/lib/python3.10/site-packages/airflow/example_dags/example_time_delta_sensor_async.py
[2024-11-02T12:38:58.060-0300] {logging_mixin.py:190} INFO - [2024-11-02T12:38:58.059-0300] {dag.py:3239} INFO - Sync 1 DAGs
[2024-11-02T12:38:58.104-0300] {logging_mixin.py:190} INFO - [2024-11-02T12:38:58.103-0300] {dag.py:4180} INFO - Setting next_dagrun for example_time_delta_sensor_async to None, run_after=None
[2024-11-02T12:38:58.273-0300] {processor.py:208} INFO - Processing /home/nico/.local/lib/python3.10/site-packages/airflow/example_dags/example_time_delta_sensor_async.py took 0.329 seconds
[2024-11-02T12:40:18.273-0300] {processor.py:186} INFO - Started process (PID=219284) to work on /home/nico/.local/lib/python3.10/site-packages/airflow/example_dags/example_time_delta_sensor_async.py
[2024-11-02T12:40:18.276-0300] {processor.py:914} INFO - Processing file /home/nico/.local/lib/python3.10/site-packages/airflow/example_dags/example_time_delta_sensor_async.py for tasks to queue
[2024-11-02T12:40:18.281-0300] {logging_mixin.py:190} INFO - [2024-11-02T12:40:18.279-0300] {dagbag.py:588} INFO - Filling up the DagBag from /home/nico/.local/lib/python3.10/site-packages/airflow/example_dags/example_time_delta_sensor_async.py
[2024-11-02T12:40:18.296-0300] {processor.py:925} INFO - DAG(s) 'example_time_delta_sensor_async' retrieved from /home/nico/.local/lib/python3.10/site-packages/airflow/example_dags/example_time_delta_sensor_async.py
[2024-11-02T12:40:18.366-0300] {logging_mixin.py:190} INFO - [2024-11-02T12:40:18.365-0300] {dag.py:3239} INFO - Sync 1 DAGs
[2024-11-02T12:40:18.412-0300] {logging_mixin.py:190} INFO - [2024-11-02T12:40:18.411-0300] {dag.py:4180} INFO - Setting next_dagrun for example_time_delta_sensor_async to None, run_after=None
[2024-11-02T12:40:18.534-0300] {processor.py:208} INFO - Processing /home/nico/.local/lib/python3.10/site-packages/airflow/example_dags/example_time_delta_sensor_async.py took 0.285 seconds
[2024-11-02T12:41:41.341-0300] {processor.py:186} INFO - Started process (PID=219330) to work on /home/nico/.local/lib/python3.10/site-packages/airflow/example_dags/example_time_delta_sensor_async.py
[2024-11-02T12:41:41.347-0300] {processor.py:914} INFO - Processing file /home/nico/.local/lib/python3.10/site-packages/airflow/example_dags/example_time_delta_sensor_async.py for tasks to queue
[2024-11-02T12:41:41.354-0300] {logging_mixin.py:190} INFO - [2024-11-02T12:41:41.353-0300] {dagbag.py:588} INFO - Filling up the DagBag from /home/nico/.local/lib/python3.10/site-packages/airflow/example_dags/example_time_delta_sensor_async.py
[2024-11-02T12:41:41.394-0300] {processor.py:925} INFO - DAG(s) 'example_time_delta_sensor_async' retrieved from /home/nico/.local/lib/python3.10/site-packages/airflow/example_dags/example_time_delta_sensor_async.py
[2024-11-02T12:41:41.512-0300] {logging_mixin.py:190} INFO - [2024-11-02T12:41:41.511-0300] {dag.py:3239} INFO - Sync 1 DAGs
[2024-11-02T12:41:41.574-0300] {logging_mixin.py:190} INFO - [2024-11-02T12:41:41.573-0300] {dag.py:4180} INFO - Setting next_dagrun for example_time_delta_sensor_async to None, run_after=None
[2024-11-02T12:41:41.710-0300] {processor.py:208} INFO - Processing /home/nico/.local/lib/python3.10/site-packages/airflow/example_dags/example_time_delta_sensor_async.py took 0.394 seconds
[2024-11-02T12:43:08.624-0300] {processor.py:186} INFO - Started process (PID=219376) to work on /home/nico/.local/lib/python3.10/site-packages/airflow/example_dags/example_time_delta_sensor_async.py
[2024-11-02T12:43:08.627-0300] {processor.py:914} INFO - Processing file /home/nico/.local/lib/python3.10/site-packages/airflow/example_dags/example_time_delta_sensor_async.py for tasks to queue
[2024-11-02T12:43:08.631-0300] {logging_mixin.py:190} INFO - [2024-11-02T12:43:08.630-0300] {dagbag.py:588} INFO - Filling up the DagBag from /home/nico/.local/lib/python3.10/site-packages/airflow/example_dags/example_time_delta_sensor_async.py
[2024-11-02T12:43:08.642-0300] {processor.py:925} INFO - DAG(s) 'example_time_delta_sensor_async' retrieved from /home/nico/.local/lib/python3.10/site-packages/airflow/example_dags/example_time_delta_sensor_async.py
[2024-11-02T12:43:08.695-0300] {logging_mixin.py:190} INFO - [2024-11-02T12:43:08.695-0300] {dag.py:3239} INFO - Sync 1 DAGs
[2024-11-02T12:43:08.744-0300] {logging_mixin.py:190} INFO - [2024-11-02T12:43:08.744-0300] {dag.py:4180} INFO - Setting next_dagrun for example_time_delta_sensor_async to None, run_after=None
[2024-11-02T12:43:08.898-0300] {processor.py:208} INFO - Processing /home/nico/.local/lib/python3.10/site-packages/airflow/example_dags/example_time_delta_sensor_async.py took 0.291 seconds
[2024-11-02T12:44:49.504-0300] {processor.py:186} INFO - Started process (PID=219422) to work on /home/nico/.local/lib/python3.10/site-packages/airflow/example_dags/example_time_delta_sensor_async.py
[2024-11-02T12:44:49.509-0300] {processor.py:914} INFO - Processing file /home/nico/.local/lib/python3.10/site-packages/airflow/example_dags/example_time_delta_sensor_async.py for tasks to queue
[2024-11-02T12:44:49.514-0300] {logging_mixin.py:190} INFO - [2024-11-02T12:44:49.513-0300] {dagbag.py:588} INFO - Filling up the DagBag from /home/nico/.local/lib/python3.10/site-packages/airflow/example_dags/example_time_delta_sensor_async.py
[2024-11-02T12:44:49.531-0300] {processor.py:925} INFO - DAG(s) 'example_time_delta_sensor_async' retrieved from /home/nico/.local/lib/python3.10/site-packages/airflow/example_dags/example_time_delta_sensor_async.py
[2024-11-02T12:44:49.619-0300] {logging_mixin.py:190} INFO - [2024-11-02T12:44:49.618-0300] {dag.py:3239} INFO - Sync 1 DAGs
[2024-11-02T12:44:49.705-0300] {logging_mixin.py:190} INFO - [2024-11-02T12:44:49.704-0300] {dag.py:4180} INFO - Setting next_dagrun for example_time_delta_sensor_async to None, run_after=None
[2024-11-02T12:44:49.936-0300] {processor.py:208} INFO - Processing /home/nico/.local/lib/python3.10/site-packages/airflow/example_dags/example_time_delta_sensor_async.py took 0.466 seconds
[2024-11-02T12:46:22.939-0300] {processor.py:186} INFO - Started process (PID=219472) to work on /home/nico/.local/lib/python3.10/site-packages/airflow/example_dags/example_time_delta_sensor_async.py
[2024-11-02T12:46:22.942-0300] {processor.py:914} INFO - Processing file /home/nico/.local/lib/python3.10/site-packages/airflow/example_dags/example_time_delta_sensor_async.py for tasks to queue
[2024-11-02T12:46:22.946-0300] {logging_mixin.py:190} INFO - [2024-11-02T12:46:22.945-0300] {dagbag.py:588} INFO - Filling up the DagBag from /home/nico/.local/lib/python3.10/site-packages/airflow/example_dags/example_time_delta_sensor_async.py
[2024-11-02T12:46:22.961-0300] {processor.py:925} INFO - DAG(s) 'example_time_delta_sensor_async' retrieved from /home/nico/.local/lib/python3.10/site-packages/airflow/example_dags/example_time_delta_sensor_async.py
[2024-11-02T12:46:23.064-0300] {logging_mixin.py:190} INFO - [2024-11-02T12:46:23.063-0300] {dag.py:3239} INFO - Sync 1 DAGs
[2024-11-02T12:46:23.166-0300] {logging_mixin.py:190} INFO - [2024-11-02T12:46:23.165-0300] {dag.py:4180} INFO - Setting next_dagrun for example_time_delta_sensor_async to None, run_after=None
[2024-11-02T12:46:23.342-0300] {processor.py:208} INFO - Processing /home/nico/.local/lib/python3.10/site-packages/airflow/example_dags/example_time_delta_sensor_async.py took 0.432 seconds
