[2024-11-02T00:16:57.674-0300] {processor.py:186} INFO - Started process (PID=216824) to work on /home/nico/.local/lib/python3.10/site-packages/airflow/example_dags/example_trigger_controller_dag.py
[2024-11-02T00:16:57.686-0300] {processor.py:914} INFO - Processing file /home/nico/.local/lib/python3.10/site-packages/airflow/example_dags/example_trigger_controller_dag.py for tasks to queue
[2024-11-02T00:16:57.696-0300] {logging_mixin.py:190} INFO - [2024-11-02T00:16:57.695-0300] {dagbag.py:588} INFO - Filling up the DagBag from /home/nico/.local/lib/python3.10/site-packages/airflow/example_dags/example_trigger_controller_dag.py
[2024-11-02T00:16:57.720-0300] {processor.py:925} INFO - DAG(s) 'example_trigger_controller_dag' retrieved from /home/nico/.local/lib/python3.10/site-packages/airflow/example_dags/example_trigger_controller_dag.py
[2024-11-02T00:16:57.952-0300] {logging_mixin.py:190} INFO - [2024-11-02T00:16:57.951-0300] {dag.py:3239} INFO - Sync 1 DAGs
[2024-11-02T00:16:58.127-0300] {logging_mixin.py:190} INFO - [2024-11-02T00:16:58.126-0300] {dag.py:4180} INFO - Setting next_dagrun for example_trigger_controller_dag to 2021-01-01 00:00:00+00:00, run_after=2021-01-01 00:00:00+00:00
[2024-11-02T00:16:58.379-0300] {processor.py:208} INFO - Processing /home/nico/.local/lib/python3.10/site-packages/airflow/example_dags/example_trigger_controller_dag.py took 0.760 seconds
[2024-11-02T00:18:50.728-0300] {processor.py:186} INFO - Started process (PID=216889) to work on /home/nico/.local/lib/python3.10/site-packages/airflow/example_dags/example_trigger_controller_dag.py
[2024-11-02T00:18:50.734-0300] {processor.py:914} INFO - Processing file /home/nico/.local/lib/python3.10/site-packages/airflow/example_dags/example_trigger_controller_dag.py for tasks to queue
[2024-11-02T00:18:50.749-0300] {logging_mixin.py:190} INFO - [2024-11-02T00:18:50.748-0300] {dagbag.py:588} INFO - Filling up the DagBag from /home/nico/.local/lib/python3.10/site-packages/airflow/example_dags/example_trigger_controller_dag.py
[2024-11-02T00:18:50.781-0300] {processor.py:925} INFO - DAG(s) 'example_trigger_controller_dag' retrieved from /home/nico/.local/lib/python3.10/site-packages/airflow/example_dags/example_trigger_controller_dag.py
[2024-11-02T00:18:50.902-0300] {logging_mixin.py:190} INFO - [2024-11-02T00:18:50.901-0300] {dag.py:3239} INFO - Sync 1 DAGs
[2024-11-02T00:18:50.968-0300] {logging_mixin.py:190} INFO - [2024-11-02T00:18:50.968-0300] {dag.py:4180} INFO - Setting next_dagrun for example_trigger_controller_dag to 2021-01-01 00:00:00+00:00, run_after=2021-01-01 00:00:00+00:00
[2024-11-02T00:18:51.137-0300] {processor.py:208} INFO - Processing /home/nico/.local/lib/python3.10/site-packages/airflow/example_dags/example_trigger_controller_dag.py took 0.459 seconds
[2024-11-02T00:20:13.493-0300] {processor.py:186} INFO - Started process (PID=216934) to work on /home/nico/.local/lib/python3.10/site-packages/airflow/example_dags/example_trigger_controller_dag.py
[2024-11-02T00:20:13.496-0300] {processor.py:914} INFO - Processing file /home/nico/.local/lib/python3.10/site-packages/airflow/example_dags/example_trigger_controller_dag.py for tasks to queue
[2024-11-02T00:20:13.501-0300] {logging_mixin.py:190} INFO - [2024-11-02T00:20:13.499-0300] {dagbag.py:588} INFO - Filling up the DagBag from /home/nico/.local/lib/python3.10/site-packages/airflow/example_dags/example_trigger_controller_dag.py
[2024-11-02T00:20:13.513-0300] {processor.py:925} INFO - DAG(s) 'example_trigger_controller_dag' retrieved from /home/nico/.local/lib/python3.10/site-packages/airflow/example_dags/example_trigger_controller_dag.py
[2024-11-02T00:20:13.565-0300] {logging_mixin.py:190} INFO - [2024-11-02T00:20:13.564-0300] {dag.py:3239} INFO - Sync 1 DAGs
[2024-11-02T00:20:13.625-0300] {logging_mixin.py:190} INFO - [2024-11-02T00:20:13.625-0300] {dag.py:4180} INFO - Setting next_dagrun for example_trigger_controller_dag to 2021-01-01 00:00:00+00:00, run_after=2021-01-01 00:00:00+00:00
[2024-11-02T00:20:13.752-0300] {processor.py:208} INFO - Processing /home/nico/.local/lib/python3.10/site-packages/airflow/example_dags/example_trigger_controller_dag.py took 0.278 seconds
[2024-11-02T00:21:53.282-0300] {processor.py:186} INFO - Started process (PID=216985) to work on /home/nico/.local/lib/python3.10/site-packages/airflow/example_dags/example_trigger_controller_dag.py
[2024-11-02T00:21:53.287-0300] {processor.py:914} INFO - Processing file /home/nico/.local/lib/python3.10/site-packages/airflow/example_dags/example_trigger_controller_dag.py for tasks to queue
[2024-11-02T00:21:53.296-0300] {logging_mixin.py:190} INFO - [2024-11-02T00:21:53.294-0300] {dagbag.py:588} INFO - Filling up the DagBag from /home/nico/.local/lib/python3.10/site-packages/airflow/example_dags/example_trigger_controller_dag.py
[2024-11-02T00:21:53.334-0300] {processor.py:925} INFO - DAG(s) 'example_trigger_controller_dag' retrieved from /home/nico/.local/lib/python3.10/site-packages/airflow/example_dags/example_trigger_controller_dag.py
[2024-11-02T00:21:53.820-0300] {logging_mixin.py:190} INFO - [2024-11-02T00:21:53.819-0300] {dag.py:3239} INFO - Sync 1 DAGs
[2024-11-02T00:21:54.037-0300] {logging_mixin.py:190} INFO - [2024-11-02T00:21:54.037-0300] {dag.py:4180} INFO - Setting next_dagrun for example_trigger_controller_dag to 2021-01-01 00:00:00+00:00, run_after=2021-01-01 00:00:00+00:00
[2024-11-02T00:21:54.257-0300] {processor.py:208} INFO - Processing /home/nico/.local/lib/python3.10/site-packages/airflow/example_dags/example_trigger_controller_dag.py took 1.019 seconds
[2024-11-02T00:23:22.524-0300] {processor.py:186} INFO - Started process (PID=217037) to work on /home/nico/.local/lib/python3.10/site-packages/airflow/example_dags/example_trigger_controller_dag.py
[2024-11-02T00:23:22.529-0300] {processor.py:914} INFO - Processing file /home/nico/.local/lib/python3.10/site-packages/airflow/example_dags/example_trigger_controller_dag.py for tasks to queue
[2024-11-02T00:23:22.534-0300] {logging_mixin.py:190} INFO - [2024-11-02T00:23:22.533-0300] {dagbag.py:588} INFO - Filling up the DagBag from /home/nico/.local/lib/python3.10/site-packages/airflow/example_dags/example_trigger_controller_dag.py
[2024-11-02T00:23:22.553-0300] {processor.py:925} INFO - DAG(s) 'example_trigger_controller_dag' retrieved from /home/nico/.local/lib/python3.10/site-packages/airflow/example_dags/example_trigger_controller_dag.py
[2024-11-02T00:23:22.663-0300] {logging_mixin.py:190} INFO - [2024-11-02T00:23:22.662-0300] {dag.py:3239} INFO - Sync 1 DAGs
[2024-11-02T00:23:22.756-0300] {logging_mixin.py:190} INFO - [2024-11-02T00:23:22.755-0300] {dag.py:4180} INFO - Setting next_dagrun for example_trigger_controller_dag to 2021-01-01 00:00:00+00:00, run_after=2021-01-01 00:00:00+00:00
[2024-11-02T00:23:22.932-0300] {processor.py:208} INFO - Processing /home/nico/.local/lib/python3.10/site-packages/airflow/example_dags/example_trigger_controller_dag.py took 0.441 seconds
[2024-11-02T00:24:44.868-0300] {processor.py:186} INFO - Started process (PID=217083) to work on /home/nico/.local/lib/python3.10/site-packages/airflow/example_dags/example_trigger_controller_dag.py
[2024-11-02T00:24:44.878-0300] {processor.py:914} INFO - Processing file /home/nico/.local/lib/python3.10/site-packages/airflow/example_dags/example_trigger_controller_dag.py for tasks to queue
[2024-11-02T00:24:44.882-0300] {logging_mixin.py:190} INFO - [2024-11-02T00:24:44.881-0300] {dagbag.py:588} INFO - Filling up the DagBag from /home/nico/.local/lib/python3.10/site-packages/airflow/example_dags/example_trigger_controller_dag.py
[2024-11-02T00:24:44.899-0300] {processor.py:925} INFO - DAG(s) 'example_trigger_controller_dag' retrieved from /home/nico/.local/lib/python3.10/site-packages/airflow/example_dags/example_trigger_controller_dag.py
[2024-11-02T00:24:45.001-0300] {logging_mixin.py:190} INFO - [2024-11-02T00:24:45.001-0300] {dag.py:3239} INFO - Sync 1 DAGs
[2024-11-02T00:24:45.085-0300] {logging_mixin.py:190} INFO - [2024-11-02T00:24:45.085-0300] {dag.py:4180} INFO - Setting next_dagrun for example_trigger_controller_dag to 2021-01-01 00:00:00+00:00, run_after=2021-01-01 00:00:00+00:00
[2024-11-02T00:24:45.206-0300] {processor.py:208} INFO - Processing /home/nico/.local/lib/python3.10/site-packages/airflow/example_dags/example_trigger_controller_dag.py took 0.377 seconds
[2024-11-02T00:26:11.727-0300] {processor.py:186} INFO - Started process (PID=217128) to work on /home/nico/.local/lib/python3.10/site-packages/airflow/example_dags/example_trigger_controller_dag.py
[2024-11-02T00:26:11.729-0300] {processor.py:914} INFO - Processing file /home/nico/.local/lib/python3.10/site-packages/airflow/example_dags/example_trigger_controller_dag.py for tasks to queue
[2024-11-02T00:26:11.732-0300] {logging_mixin.py:190} INFO - [2024-11-02T00:26:11.732-0300] {dagbag.py:588} INFO - Filling up the DagBag from /home/nico/.local/lib/python3.10/site-packages/airflow/example_dags/example_trigger_controller_dag.py
[2024-11-02T00:26:11.742-0300] {processor.py:925} INFO - DAG(s) 'example_trigger_controller_dag' retrieved from /home/nico/.local/lib/python3.10/site-packages/airflow/example_dags/example_trigger_controller_dag.py
[2024-11-02T00:26:11.800-0300] {logging_mixin.py:190} INFO - [2024-11-02T00:26:11.799-0300] {dag.py:3239} INFO - Sync 1 DAGs
[2024-11-02T00:26:11.886-0300] {logging_mixin.py:190} INFO - [2024-11-02T00:26:11.885-0300] {dag.py:4180} INFO - Setting next_dagrun for example_trigger_controller_dag to 2021-01-01 00:00:00+00:00, run_after=2021-01-01 00:00:00+00:00
[2024-11-02T00:26:12.045-0300] {processor.py:208} INFO - Processing /home/nico/.local/lib/python3.10/site-packages/airflow/example_dags/example_trigger_controller_dag.py took 0.332 seconds
[2024-11-02T00:27:32.402-0300] {processor.py:186} INFO - Started process (PID=217173) to work on /home/nico/.local/lib/python3.10/site-packages/airflow/example_dags/example_trigger_controller_dag.py
[2024-11-02T00:27:32.405-0300] {processor.py:914} INFO - Processing file /home/nico/.local/lib/python3.10/site-packages/airflow/example_dags/example_trigger_controller_dag.py for tasks to queue
[2024-11-02T00:27:32.408-0300] {logging_mixin.py:190} INFO - [2024-11-02T00:27:32.407-0300] {dagbag.py:588} INFO - Filling up the DagBag from /home/nico/.local/lib/python3.10/site-packages/airflow/example_dags/example_trigger_controller_dag.py
[2024-11-02T00:27:32.418-0300] {processor.py:925} INFO - DAG(s) 'example_trigger_controller_dag' retrieved from /home/nico/.local/lib/python3.10/site-packages/airflow/example_dags/example_trigger_controller_dag.py
[2024-11-02T00:27:32.473-0300] {logging_mixin.py:190} INFO - [2024-11-02T00:27:32.473-0300] {dag.py:3239} INFO - Sync 1 DAGs
[2024-11-02T00:27:32.564-0300] {logging_mixin.py:190} INFO - [2024-11-02T00:27:32.564-0300] {dag.py:4180} INFO - Setting next_dagrun for example_trigger_controller_dag to 2021-01-01 00:00:00+00:00, run_after=2021-01-01 00:00:00+00:00
[2024-11-02T00:27:32.717-0300] {processor.py:208} INFO - Processing /home/nico/.local/lib/python3.10/site-packages/airflow/example_dags/example_trigger_controller_dag.py took 0.330 seconds
[2024-11-02T00:29:30.650-0300] {processor.py:186} INFO - Started process (PID=217225) to work on /home/nico/.local/lib/python3.10/site-packages/airflow/example_dags/example_trigger_controller_dag.py
[2024-11-02T00:29:30.654-0300] {processor.py:914} INFO - Processing file /home/nico/.local/lib/python3.10/site-packages/airflow/example_dags/example_trigger_controller_dag.py for tasks to queue
[2024-11-02T00:29:30.665-0300] {logging_mixin.py:190} INFO - [2024-11-02T00:29:30.661-0300] {dagbag.py:588} INFO - Filling up the DagBag from /home/nico/.local/lib/python3.10/site-packages/airflow/example_dags/example_trigger_controller_dag.py
[2024-11-02T00:29:30.683-0300] {processor.py:925} INFO - DAG(s) 'example_trigger_controller_dag' retrieved from /home/nico/.local/lib/python3.10/site-packages/airflow/example_dags/example_trigger_controller_dag.py
[2024-11-02T00:29:37.736-0300] {logging_mixin.py:190} INFO - [2024-11-02T00:29:37.735-0300] {dag.py:3239} INFO - Sync 1 DAGs
[2024-11-02T00:29:37.819-0300] {logging_mixin.py:190} INFO - [2024-11-02T00:29:37.818-0300] {dag.py:4180} INFO - Setting next_dagrun for example_trigger_controller_dag to 2021-01-01 00:00:00+00:00, run_after=2021-01-01 00:00:00+00:00
[2024-11-02T00:29:41.026-0300] {processor.py:208} INFO - Processing /home/nico/.local/lib/python3.10/site-packages/airflow/example_dags/example_trigger_controller_dag.py took 10.400 seconds
[2024-11-02T00:36:28.825-0300] {processor.py:186} INFO - Started process (PID=217432) to work on /home/nico/.local/lib/python3.10/site-packages/airflow/example_dags/example_trigger_controller_dag.py
[2024-11-02T00:36:28.828-0300] {processor.py:914} INFO - Processing file /home/nico/.local/lib/python3.10/site-packages/airflow/example_dags/example_trigger_controller_dag.py for tasks to queue
[2024-11-02T00:36:28.833-0300] {logging_mixin.py:190} INFO - [2024-11-02T00:36:28.832-0300] {dagbag.py:588} INFO - Filling up the DagBag from /home/nico/.local/lib/python3.10/site-packages/airflow/example_dags/example_trigger_controller_dag.py
[2024-11-02T00:36:28.847-0300] {processor.py:925} INFO - DAG(s) 'example_trigger_controller_dag' retrieved from /home/nico/.local/lib/python3.10/site-packages/airflow/example_dags/example_trigger_controller_dag.py
[2024-11-02T00:36:28.938-0300] {logging_mixin.py:190} INFO - [2024-11-02T00:36:28.937-0300] {dag.py:3239} INFO - Sync 1 DAGs
[2024-11-02T00:36:28.996-0300] {logging_mixin.py:190} INFO - [2024-11-02T00:36:28.995-0300] {dag.py:4180} INFO - Setting next_dagrun for example_trigger_controller_dag to 2021-01-01 00:00:00+00:00, run_after=2021-01-01 00:00:00+00:00
[2024-11-02T00:36:29.194-0300] {processor.py:208} INFO - Processing /home/nico/.local/lib/python3.10/site-packages/airflow/example_dags/example_trigger_controller_dag.py took 0.404 seconds
[2024-11-02T00:38:24.808-0300] {processor.py:186} INFO - Started process (PID=217496) to work on /home/nico/.local/lib/python3.10/site-packages/airflow/example_dags/example_trigger_controller_dag.py
[2024-11-02T00:38:24.810-0300] {processor.py:914} INFO - Processing file /home/nico/.local/lib/python3.10/site-packages/airflow/example_dags/example_trigger_controller_dag.py for tasks to queue
[2024-11-02T00:38:24.813-0300] {logging_mixin.py:190} INFO - [2024-11-02T00:38:24.812-0300] {dagbag.py:588} INFO - Filling up the DagBag from /home/nico/.local/lib/python3.10/site-packages/airflow/example_dags/example_trigger_controller_dag.py
[2024-11-02T00:38:24.823-0300] {processor.py:925} INFO - DAG(s) 'example_trigger_controller_dag' retrieved from /home/nico/.local/lib/python3.10/site-packages/airflow/example_dags/example_trigger_controller_dag.py
[2024-11-02T00:38:24.872-0300] {logging_mixin.py:190} INFO - [2024-11-02T00:38:24.872-0300] {dag.py:3239} INFO - Sync 1 DAGs
[2024-11-02T00:38:24.922-0300] {logging_mixin.py:190} INFO - [2024-11-02T00:38:24.922-0300] {dag.py:4180} INFO - Setting next_dagrun for example_trigger_controller_dag to 2021-01-01 00:00:00+00:00, run_after=2021-01-01 00:00:00+00:00
[2024-11-02T00:38:25.031-0300] {processor.py:208} INFO - Processing /home/nico/.local/lib/python3.10/site-packages/airflow/example_dags/example_trigger_controller_dag.py took 0.236 seconds
[2024-11-02T00:39:46.506-0300] {processor.py:186} INFO - Started process (PID=217541) to work on /home/nico/.local/lib/python3.10/site-packages/airflow/example_dags/example_trigger_controller_dag.py
[2024-11-02T00:39:46.520-0300] {processor.py:914} INFO - Processing file /home/nico/.local/lib/python3.10/site-packages/airflow/example_dags/example_trigger_controller_dag.py for tasks to queue
[2024-11-02T00:39:46.549-0300] {logging_mixin.py:190} INFO - [2024-11-02T00:39:46.548-0300] {dagbag.py:588} INFO - Filling up the DagBag from /home/nico/.local/lib/python3.10/site-packages/airflow/example_dags/example_trigger_controller_dag.py
[2024-11-02T00:39:46.623-0300] {processor.py:925} INFO - DAG(s) 'example_trigger_controller_dag' retrieved from /home/nico/.local/lib/python3.10/site-packages/airflow/example_dags/example_trigger_controller_dag.py
[2024-11-02T00:39:46.885-0300] {logging_mixin.py:190} INFO - [2024-11-02T00:39:46.880-0300] {dag.py:3239} INFO - Sync 1 DAGs
[2024-11-02T00:39:46.997-0300] {logging_mixin.py:190} INFO - [2024-11-02T00:39:46.996-0300] {dag.py:4180} INFO - Setting next_dagrun for example_trigger_controller_dag to 2021-01-01 00:00:00+00:00, run_after=2021-01-01 00:00:00+00:00
[2024-11-02T00:39:47.205-0300] {processor.py:208} INFO - Processing /home/nico/.local/lib/python3.10/site-packages/airflow/example_dags/example_trigger_controller_dag.py took 0.732 seconds
[2024-11-02T00:41:15.303-0300] {processor.py:186} INFO - Started process (PID=217584) to work on /home/nico/.local/lib/python3.10/site-packages/airflow/example_dags/example_trigger_controller_dag.py
[2024-11-02T00:41:15.306-0300] {processor.py:914} INFO - Processing file /home/nico/.local/lib/python3.10/site-packages/airflow/example_dags/example_trigger_controller_dag.py for tasks to queue
[2024-11-02T00:41:15.310-0300] {logging_mixin.py:190} INFO - [2024-11-02T00:41:15.309-0300] {dagbag.py:588} INFO - Filling up the DagBag from /home/nico/.local/lib/python3.10/site-packages/airflow/example_dags/example_trigger_controller_dag.py
[2024-11-02T00:41:15.326-0300] {processor.py:925} INFO - DAG(s) 'example_trigger_controller_dag' retrieved from /home/nico/.local/lib/python3.10/site-packages/airflow/example_dags/example_trigger_controller_dag.py
[2024-11-02T00:41:15.405-0300] {logging_mixin.py:190} INFO - [2024-11-02T00:41:15.404-0300] {dag.py:3239} INFO - Sync 1 DAGs
[2024-11-02T00:41:15.499-0300] {logging_mixin.py:190} INFO - [2024-11-02T00:41:15.498-0300] {dag.py:4180} INFO - Setting next_dagrun for example_trigger_controller_dag to 2021-01-01 00:00:00+00:00, run_after=2021-01-01 00:00:00+00:00
[2024-11-02T00:41:15.643-0300] {processor.py:208} INFO - Processing /home/nico/.local/lib/python3.10/site-packages/airflow/example_dags/example_trigger_controller_dag.py took 0.365 seconds
[2024-11-02T00:42:41.584-0300] {processor.py:186} INFO - Started process (PID=217633) to work on /home/nico/.local/lib/python3.10/site-packages/airflow/example_dags/example_trigger_controller_dag.py
[2024-11-02T00:42:41.589-0300] {processor.py:914} INFO - Processing file /home/nico/.local/lib/python3.10/site-packages/airflow/example_dags/example_trigger_controller_dag.py for tasks to queue
[2024-11-02T00:42:41.593-0300] {logging_mixin.py:190} INFO - [2024-11-02T00:42:41.593-0300] {dagbag.py:588} INFO - Filling up the DagBag from /home/nico/.local/lib/python3.10/site-packages/airflow/example_dags/example_trigger_controller_dag.py
[2024-11-02T00:42:41.610-0300] {processor.py:925} INFO - DAG(s) 'example_trigger_controller_dag' retrieved from /home/nico/.local/lib/python3.10/site-packages/airflow/example_dags/example_trigger_controller_dag.py
[2024-11-02T00:42:41.675-0300] {logging_mixin.py:190} INFO - [2024-11-02T00:42:41.675-0300] {dag.py:3239} INFO - Sync 1 DAGs
[2024-11-02T00:42:41.732-0300] {logging_mixin.py:190} INFO - [2024-11-02T00:42:41.731-0300] {dag.py:4180} INFO - Setting next_dagrun for example_trigger_controller_dag to 2021-01-01 00:00:00+00:00, run_after=2021-01-01 00:00:00+00:00
[2024-11-02T00:42:41.870-0300] {processor.py:208} INFO - Processing /home/nico/.local/lib/python3.10/site-packages/airflow/example_dags/example_trigger_controller_dag.py took 0.315 seconds
[2024-11-02T00:44:04.468-0300] {processor.py:186} INFO - Started process (PID=217678) to work on /home/nico/.local/lib/python3.10/site-packages/airflow/example_dags/example_trigger_controller_dag.py
[2024-11-02T00:44:04.471-0300] {processor.py:914} INFO - Processing file /home/nico/.local/lib/python3.10/site-packages/airflow/example_dags/example_trigger_controller_dag.py for tasks to queue
[2024-11-02T00:44:04.476-0300] {logging_mixin.py:190} INFO - [2024-11-02T00:44:04.475-0300] {dagbag.py:588} INFO - Filling up the DagBag from /home/nico/.local/lib/python3.10/site-packages/airflow/example_dags/example_trigger_controller_dag.py
[2024-11-02T00:44:04.486-0300] {processor.py:925} INFO - DAG(s) 'example_trigger_controller_dag' retrieved from /home/nico/.local/lib/python3.10/site-packages/airflow/example_dags/example_trigger_controller_dag.py
[2024-11-02T00:44:04.541-0300] {logging_mixin.py:190} INFO - [2024-11-02T00:44:04.540-0300] {dag.py:3239} INFO - Sync 1 DAGs
[2024-11-02T00:44:04.602-0300] {logging_mixin.py:190} INFO - [2024-11-02T00:44:04.601-0300] {dag.py:4180} INFO - Setting next_dagrun for example_trigger_controller_dag to 2021-01-01 00:00:00+00:00, run_after=2021-01-01 00:00:00+00:00
[2024-11-02T00:44:04.748-0300] {processor.py:208} INFO - Processing /home/nico/.local/lib/python3.10/site-packages/airflow/example_dags/example_trigger_controller_dag.py took 0.294 seconds
[2024-11-02T00:45:25.894-0300] {processor.py:186} INFO - Started process (PID=217725) to work on /home/nico/.local/lib/python3.10/site-packages/airflow/example_dags/example_trigger_controller_dag.py
[2024-11-02T00:45:25.897-0300] {processor.py:914} INFO - Processing file /home/nico/.local/lib/python3.10/site-packages/airflow/example_dags/example_trigger_controller_dag.py for tasks to queue
[2024-11-02T00:45:25.900-0300] {logging_mixin.py:190} INFO - [2024-11-02T00:45:25.899-0300] {dagbag.py:588} INFO - Filling up the DagBag from /home/nico/.local/lib/python3.10/site-packages/airflow/example_dags/example_trigger_controller_dag.py
[2024-11-02T00:45:25.910-0300] {processor.py:925} INFO - DAG(s) 'example_trigger_controller_dag' retrieved from /home/nico/.local/lib/python3.10/site-packages/airflow/example_dags/example_trigger_controller_dag.py
[2024-11-02T00:45:25.964-0300] {logging_mixin.py:190} INFO - [2024-11-02T00:45:25.963-0300] {dag.py:3239} INFO - Sync 1 DAGs
[2024-11-02T00:45:26.019-0300] {logging_mixin.py:190} INFO - [2024-11-02T00:45:26.019-0300] {dag.py:4180} INFO - Setting next_dagrun for example_trigger_controller_dag to 2021-01-01 00:00:00+00:00, run_after=2021-01-01 00:00:00+00:00
[2024-11-02T00:45:26.137-0300] {processor.py:208} INFO - Processing /home/nico/.local/lib/python3.10/site-packages/airflow/example_dags/example_trigger_controller_dag.py took 0.257 seconds
[2024-11-02T00:46:53.602-0300] {processor.py:186} INFO - Started process (PID=217773) to work on /home/nico/.local/lib/python3.10/site-packages/airflow/example_dags/example_trigger_controller_dag.py
[2024-11-02T00:46:53.615-0300] {processor.py:914} INFO - Processing file /home/nico/.local/lib/python3.10/site-packages/airflow/example_dags/example_trigger_controller_dag.py for tasks to queue
[2024-11-02T00:46:53.621-0300] {logging_mixin.py:190} INFO - [2024-11-02T00:46:53.620-0300] {dagbag.py:588} INFO - Filling up the DagBag from /home/nico/.local/lib/python3.10/site-packages/airflow/example_dags/example_trigger_controller_dag.py
[2024-11-02T00:46:53.668-0300] {processor.py:925} INFO - DAG(s) 'example_trigger_controller_dag' retrieved from /home/nico/.local/lib/python3.10/site-packages/airflow/example_dags/example_trigger_controller_dag.py
[2024-11-02T00:46:53.868-0300] {logging_mixin.py:190} INFO - [2024-11-02T00:46:53.867-0300] {dag.py:3239} INFO - Sync 1 DAGs
[2024-11-02T00:46:54.052-0300] {logging_mixin.py:190} INFO - [2024-11-02T00:46:54.051-0300] {dag.py:4180} INFO - Setting next_dagrun for example_trigger_controller_dag to 2021-01-01 00:00:00+00:00, run_after=2021-01-01 00:00:00+00:00
[2024-11-02T00:46:54.220-0300] {processor.py:208} INFO - Processing /home/nico/.local/lib/python3.10/site-packages/airflow/example_dags/example_trigger_controller_dag.py took 0.671 seconds
[2024-11-02T00:48:54.075-0300] {processor.py:186} INFO - Started process (PID=217823) to work on /home/nico/.local/lib/python3.10/site-packages/airflow/example_dags/example_trigger_controller_dag.py
[2024-11-02T00:48:54.079-0300] {processor.py:914} INFO - Processing file /home/nico/.local/lib/python3.10/site-packages/airflow/example_dags/example_trigger_controller_dag.py for tasks to queue
[2024-11-02T00:48:54.082-0300] {logging_mixin.py:190} INFO - [2024-11-02T00:48:54.081-0300] {dagbag.py:588} INFO - Filling up the DagBag from /home/nico/.local/lib/python3.10/site-packages/airflow/example_dags/example_trigger_controller_dag.py
[2024-11-02T00:48:54.094-0300] {processor.py:925} INFO - DAG(s) 'example_trigger_controller_dag' retrieved from /home/nico/.local/lib/python3.10/site-packages/airflow/example_dags/example_trigger_controller_dag.py
[2024-11-02T00:48:54.146-0300] {logging_mixin.py:190} INFO - [2024-11-02T00:48:54.146-0300] {dag.py:3239} INFO - Sync 1 DAGs
[2024-11-02T00:48:54.194-0300] {logging_mixin.py:190} INFO - [2024-11-02T00:48:54.194-0300] {dag.py:4180} INFO - Setting next_dagrun for example_trigger_controller_dag to 2021-01-01 00:00:00+00:00, run_after=2021-01-01 00:00:00+00:00
[2024-11-02T00:48:54.330-0300] {processor.py:208} INFO - Processing /home/nico/.local/lib/python3.10/site-packages/airflow/example_dags/example_trigger_controller_dag.py took 0.284 seconds
[2024-11-02T00:55:09.476-0300] {processor.py:186} INFO - Started process (PID=217995) to work on /home/nico/.local/lib/python3.10/site-packages/airflow/example_dags/example_trigger_controller_dag.py
[2024-11-02T00:55:09.491-0300] {processor.py:914} INFO - Processing file /home/nico/.local/lib/python3.10/site-packages/airflow/example_dags/example_trigger_controller_dag.py for tasks to queue
[2024-11-02T00:55:09.501-0300] {logging_mixin.py:190} INFO - [2024-11-02T00:55:09.500-0300] {dagbag.py:588} INFO - Filling up the DagBag from /home/nico/.local/lib/python3.10/site-packages/airflow/example_dags/example_trigger_controller_dag.py
[2024-11-02T00:55:09.520-0300] {processor.py:925} INFO - DAG(s) 'example_trigger_controller_dag' retrieved from /home/nico/.local/lib/python3.10/site-packages/airflow/example_dags/example_trigger_controller_dag.py
[2024-11-02T00:55:09.612-0300] {logging_mixin.py:190} INFO - [2024-11-02T00:55:09.611-0300] {dag.py:3239} INFO - Sync 1 DAGs
[2024-11-02T00:55:09.714-0300] {logging_mixin.py:190} INFO - [2024-11-02T00:55:09.713-0300] {dag.py:4180} INFO - Setting next_dagrun for example_trigger_controller_dag to 2021-01-01 00:00:00+00:00, run_after=2021-01-01 00:00:00+00:00
[2024-11-02T00:55:12.343-0300] {processor.py:208} INFO - Processing /home/nico/.local/lib/python3.10/site-packages/airflow/example_dags/example_trigger_controller_dag.py took 2.899 seconds
[2024-11-02T00:57:29.072-0300] {processor.py:186} INFO - Started process (PID=218059) to work on /home/nico/.local/lib/python3.10/site-packages/airflow/example_dags/example_trigger_controller_dag.py
[2024-11-02T00:57:29.076-0300] {processor.py:914} INFO - Processing file /home/nico/.local/lib/python3.10/site-packages/airflow/example_dags/example_trigger_controller_dag.py for tasks to queue
[2024-11-02T00:57:29.081-0300] {logging_mixin.py:190} INFO - [2024-11-02T00:57:29.080-0300] {dagbag.py:588} INFO - Filling up the DagBag from /home/nico/.local/lib/python3.10/site-packages/airflow/example_dags/example_trigger_controller_dag.py
[2024-11-02T00:57:29.099-0300] {processor.py:925} INFO - DAG(s) 'example_trigger_controller_dag' retrieved from /home/nico/.local/lib/python3.10/site-packages/airflow/example_dags/example_trigger_controller_dag.py
[2024-11-02T00:57:29.196-0300] {logging_mixin.py:190} INFO - [2024-11-02T00:57:29.195-0300] {dag.py:3239} INFO - Sync 1 DAGs
[2024-11-02T00:57:29.265-0300] {logging_mixin.py:190} INFO - [2024-11-02T00:57:29.264-0300] {dag.py:4180} INFO - Setting next_dagrun for example_trigger_controller_dag to 2021-01-01 00:00:00+00:00, run_after=2021-01-01 00:00:00+00:00
[2024-11-02T00:57:29.384-0300] {processor.py:208} INFO - Processing /home/nico/.local/lib/python3.10/site-packages/airflow/example_dags/example_trigger_controller_dag.py took 0.337 seconds
[2024-11-02T00:59:01.475-0300] {processor.py:186} INFO - Started process (PID=218107) to work on /home/nico/.local/lib/python3.10/site-packages/airflow/example_dags/example_trigger_controller_dag.py
[2024-11-02T00:59:01.482-0300] {processor.py:914} INFO - Processing file /home/nico/.local/lib/python3.10/site-packages/airflow/example_dags/example_trigger_controller_dag.py for tasks to queue
[2024-11-02T00:59:01.492-0300] {logging_mixin.py:190} INFO - [2024-11-02T00:59:01.490-0300] {dagbag.py:588} INFO - Filling up the DagBag from /home/nico/.local/lib/python3.10/site-packages/airflow/example_dags/example_trigger_controller_dag.py
[2024-11-02T00:59:01.532-0300] {processor.py:925} INFO - DAG(s) 'example_trigger_controller_dag' retrieved from /home/nico/.local/lib/python3.10/site-packages/airflow/example_dags/example_trigger_controller_dag.py
[2024-11-02T00:59:01.712-0300] {logging_mixin.py:190} INFO - [2024-11-02T00:59:01.711-0300] {dag.py:3239} INFO - Sync 1 DAGs
[2024-11-02T00:59:01.782-0300] {logging_mixin.py:190} INFO - [2024-11-02T00:59:01.781-0300] {dag.py:4180} INFO - Setting next_dagrun for example_trigger_controller_dag to 2021-01-01 00:00:00+00:00, run_after=2021-01-01 00:00:00+00:00
[2024-11-02T00:59:01.889-0300] {processor.py:208} INFO - Processing /home/nico/.local/lib/python3.10/site-packages/airflow/example_dags/example_trigger_controller_dag.py took 0.459 seconds
[2024-11-02T01:00:36.168-0300] {processor.py:186} INFO - Started process (PID=218152) to work on /home/nico/.local/lib/python3.10/site-packages/airflow/example_dags/example_trigger_controller_dag.py
[2024-11-02T01:00:36.177-0300] {processor.py:914} INFO - Processing file /home/nico/.local/lib/python3.10/site-packages/airflow/example_dags/example_trigger_controller_dag.py for tasks to queue
[2024-11-02T01:00:36.182-0300] {logging_mixin.py:190} INFO - [2024-11-02T01:00:36.181-0300] {dagbag.py:588} INFO - Filling up the DagBag from /home/nico/.local/lib/python3.10/site-packages/airflow/example_dags/example_trigger_controller_dag.py
[2024-11-02T01:00:36.201-0300] {processor.py:925} INFO - DAG(s) 'example_trigger_controller_dag' retrieved from /home/nico/.local/lib/python3.10/site-packages/airflow/example_dags/example_trigger_controller_dag.py
[2024-11-02T01:00:36.266-0300] {logging_mixin.py:190} INFO - [2024-11-02T01:00:36.266-0300] {dag.py:3239} INFO - Sync 1 DAGs
[2024-11-02T01:00:36.335-0300] {logging_mixin.py:190} INFO - [2024-11-02T01:00:36.335-0300] {dag.py:4180} INFO - Setting next_dagrun for example_trigger_controller_dag to 2021-01-01 00:00:00+00:00, run_after=2021-01-01 00:00:00+00:00
[2024-11-02T01:00:36.485-0300] {processor.py:208} INFO - Processing /home/nico/.local/lib/python3.10/site-packages/airflow/example_dags/example_trigger_controller_dag.py took 0.337 seconds
