[2024-11-02T21:34:00.483-0300] {processor.py:186} INFO - Started process (PID=219980) to work on /home/nico/.local/lib/python3.10/site-packages/airflow/example_dags/plugins/listener_plugin.py
[2024-11-02T21:34:00.499-0300] {processor.py:914} INFO - Processing file /home/nico/.local/lib/python3.10/site-packages/airflow/example_dags/plugins/listener_plugin.py for tasks to queue
[2024-11-02T21:34:00.510-0300] {logging_mixin.py:190} INFO - [2024-11-02T21:34:00.503-0300] {dagbag.py:588} INFO - Filling up the DagBag from /home/nico/.local/lib/python3.10/site-packages/airflow/example_dags/plugins/listener_plugin.py
[2024-11-02T21:34:00.529-0300] {processor.py:927} WARNING - No viable dags retrieved from /home/nico/.local/lib/python3.10/site-packages/airflow/example_dags/plugins/listener_plugin.py
[2024-11-02T21:34:00.641-0300] {processor.py:208} INFO - Processing /home/nico/.local/lib/python3.10/site-packages/airflow/example_dags/plugins/listener_plugin.py took 0.209 seconds
[2024-11-02T21:36:47.811-0300] {processor.py:186} INFO - Started process (PID=220072) to work on /home/nico/.local/lib/python3.10/site-packages/airflow/example_dags/plugins/listener_plugin.py
[2024-11-02T21:36:47.814-0300] {processor.py:914} INFO - Processing file /home/nico/.local/lib/python3.10/site-packages/airflow/example_dags/plugins/listener_plugin.py for tasks to queue
[2024-11-02T21:36:47.819-0300] {logging_mixin.py:190} INFO - [2024-11-02T21:36:47.818-0300] {dagbag.py:588} INFO - Filling up the DagBag from /home/nico/.local/lib/python3.10/site-packages/airflow/example_dags/plugins/listener_plugin.py
[2024-11-02T21:36:47.827-0300] {processor.py:927} WARNING - No viable dags retrieved from /home/nico/.local/lib/python3.10/site-packages/airflow/example_dags/plugins/listener_plugin.py
[2024-11-02T21:36:47.897-0300] {processor.py:208} INFO - Processing /home/nico/.local/lib/python3.10/site-packages/airflow/example_dags/plugins/listener_plugin.py took 0.103 seconds
[2024-11-02T21:39:08.525-0300] {processor.py:186} INFO - Started process (PID=220129) to work on /home/nico/.local/lib/python3.10/site-packages/airflow/example_dags/plugins/listener_plugin.py
[2024-11-02T21:39:08.529-0300] {processor.py:914} INFO - Processing file /home/nico/.local/lib/python3.10/site-packages/airflow/example_dags/plugins/listener_plugin.py for tasks to queue
[2024-11-02T21:39:08.534-0300] {logging_mixin.py:190} INFO - [2024-11-02T21:39:08.532-0300] {dagbag.py:588} INFO - Filling up the DagBag from /home/nico/.local/lib/python3.10/site-packages/airflow/example_dags/plugins/listener_plugin.py
[2024-11-02T21:39:08.540-0300] {processor.py:927} WARNING - No viable dags retrieved from /home/nico/.local/lib/python3.10/site-packages/airflow/example_dags/plugins/listener_plugin.py
[2024-11-02T21:39:08.600-0300] {processor.py:208} INFO - Processing /home/nico/.local/lib/python3.10/site-packages/airflow/example_dags/plugins/listener_plugin.py took 0.116 seconds
[2024-11-02T22:37:38.672-0300] {processor.py:186} INFO - Started process (PID=220637) to work on /home/nico/.local/lib/python3.10/site-packages/airflow/example_dags/plugins/listener_plugin.py
[2024-11-02T22:37:38.685-0300] {processor.py:914} INFO - Processing file /home/nico/.local/lib/python3.10/site-packages/airflow/example_dags/plugins/listener_plugin.py for tasks to queue
[2024-11-02T22:37:38.715-0300] {logging_mixin.py:190} INFO - [2024-11-02T22:37:38.714-0300] {dagbag.py:588} INFO - Filling up the DagBag from /home/nico/.local/lib/python3.10/site-packages/airflow/example_dags/plugins/listener_plugin.py
[2024-11-02T22:37:38.723-0300] {processor.py:927} WARNING - No viable dags retrieved from /home/nico/.local/lib/python3.10/site-packages/airflow/example_dags/plugins/listener_plugin.py
[2024-11-02T22:37:38.806-0300] {processor.py:208} INFO - Processing /home/nico/.local/lib/python3.10/site-packages/airflow/example_dags/plugins/listener_plugin.py took 0.160 seconds
[2024-11-02T22:43:39.618-0300] {processor.py:186} INFO - Started process (PID=220750) to work on /home/nico/.local/lib/python3.10/site-packages/airflow/example_dags/plugins/listener_plugin.py
[2024-11-02T22:43:39.621-0300] {processor.py:914} INFO - Processing file /home/nico/.local/lib/python3.10/site-packages/airflow/example_dags/plugins/listener_plugin.py for tasks to queue
[2024-11-02T22:43:39.627-0300] {logging_mixin.py:190} INFO - [2024-11-02T22:43:39.626-0300] {dagbag.py:588} INFO - Filling up the DagBag from /home/nico/.local/lib/python3.10/site-packages/airflow/example_dags/plugins/listener_plugin.py
[2024-11-02T22:43:39.634-0300] {processor.py:927} WARNING - No viable dags retrieved from /home/nico/.local/lib/python3.10/site-packages/airflow/example_dags/plugins/listener_plugin.py
[2024-11-02T22:43:39.689-0300] {processor.py:208} INFO - Processing /home/nico/.local/lib/python3.10/site-packages/airflow/example_dags/plugins/listener_plugin.py took 0.103 seconds
[2024-11-02T22:46:50.533-0300] {processor.py:186} INFO - Started process (PID=220818) to work on /home/nico/.local/lib/python3.10/site-packages/airflow/example_dags/plugins/listener_plugin.py
[2024-11-02T22:46:50.536-0300] {processor.py:914} INFO - Processing file /home/nico/.local/lib/python3.10/site-packages/airflow/example_dags/plugins/listener_plugin.py for tasks to queue
[2024-11-02T22:46:50.540-0300] {logging_mixin.py:190} INFO - [2024-11-02T22:46:50.539-0300] {dagbag.py:588} INFO - Filling up the DagBag from /home/nico/.local/lib/python3.10/site-packages/airflow/example_dags/plugins/listener_plugin.py
[2024-11-02T22:46:50.547-0300] {processor.py:927} WARNING - No viable dags retrieved from /home/nico/.local/lib/python3.10/site-packages/airflow/example_dags/plugins/listener_plugin.py
[2024-11-02T22:46:50.599-0300] {processor.py:208} INFO - Processing /home/nico/.local/lib/python3.10/site-packages/airflow/example_dags/plugins/listener_plugin.py took 0.086 seconds
[2024-11-02T22:50:43.676-0300] {processor.py:186} INFO - Started process (PID=220928) to work on /home/nico/.local/lib/python3.10/site-packages/airflow/example_dags/plugins/listener_plugin.py
[2024-11-02T22:50:43.678-0300] {processor.py:914} INFO - Processing file /home/nico/.local/lib/python3.10/site-packages/airflow/example_dags/plugins/listener_plugin.py for tasks to queue
[2024-11-02T22:50:43.683-0300] {logging_mixin.py:190} INFO - [2024-11-02T22:50:43.680-0300] {dagbag.py:588} INFO - Filling up the DagBag from /home/nico/.local/lib/python3.10/site-packages/airflow/example_dags/plugins/listener_plugin.py
[2024-11-02T22:50:43.688-0300] {processor.py:927} WARNING - No viable dags retrieved from /home/nico/.local/lib/python3.10/site-packages/airflow/example_dags/plugins/listener_plugin.py
[2024-11-02T22:50:43.732-0300] {processor.py:208} INFO - Processing /home/nico/.local/lib/python3.10/site-packages/airflow/example_dags/plugins/listener_plugin.py took 0.070 seconds
[2024-11-02T22:52:00.313-0300] {processor.py:186} INFO - Started process (PID=220972) to work on /home/nico/.local/lib/python3.10/site-packages/airflow/example_dags/plugins/listener_plugin.py
[2024-11-02T22:52:00.315-0300] {processor.py:914} INFO - Processing file /home/nico/.local/lib/python3.10/site-packages/airflow/example_dags/plugins/listener_plugin.py for tasks to queue
[2024-11-02T22:52:00.319-0300] {logging_mixin.py:190} INFO - [2024-11-02T22:52:00.318-0300] {dagbag.py:588} INFO - Filling up the DagBag from /home/nico/.local/lib/python3.10/site-packages/airflow/example_dags/plugins/listener_plugin.py
[2024-11-02T22:52:00.324-0300] {processor.py:927} WARNING - No viable dags retrieved from /home/nico/.local/lib/python3.10/site-packages/airflow/example_dags/plugins/listener_plugin.py
[2024-11-02T22:52:00.372-0300] {processor.py:208} INFO - Processing /home/nico/.local/lib/python3.10/site-packages/airflow/example_dags/plugins/listener_plugin.py took 0.077 seconds
[2024-11-02T22:53:24.198-0300] {processor.py:186} INFO - Started process (PID=221017) to work on /home/nico/.local/lib/python3.10/site-packages/airflow/example_dags/plugins/listener_plugin.py
[2024-11-02T22:53:24.261-0300] {processor.py:914} INFO - Processing file /home/nico/.local/lib/python3.10/site-packages/airflow/example_dags/plugins/listener_plugin.py for tasks to queue
[2024-11-02T22:53:24.339-0300] {logging_mixin.py:190} INFO - [2024-11-02T22:53:24.338-0300] {dagbag.py:588} INFO - Filling up the DagBag from /home/nico/.local/lib/python3.10/site-packages/airflow/example_dags/plugins/listener_plugin.py
[2024-11-02T22:53:24.396-0300] {processor.py:927} WARNING - No viable dags retrieved from /home/nico/.local/lib/python3.10/site-packages/airflow/example_dags/plugins/listener_plugin.py
[2024-11-02T22:53:24.561-0300] {processor.py:208} INFO - Processing /home/nico/.local/lib/python3.10/site-packages/airflow/example_dags/plugins/listener_plugin.py took 0.413 seconds
[2024-11-02T22:56:27.077-0300] {processor.py:186} INFO - Started process (PID=221082) to work on /home/nico/.local/lib/python3.10/site-packages/airflow/example_dags/plugins/listener_plugin.py
[2024-11-02T22:56:27.079-0300] {processor.py:914} INFO - Processing file /home/nico/.local/lib/python3.10/site-packages/airflow/example_dags/plugins/listener_plugin.py for tasks to queue
[2024-11-02T22:56:27.082-0300] {logging_mixin.py:190} INFO - [2024-11-02T22:56:27.081-0300] {dagbag.py:588} INFO - Filling up the DagBag from /home/nico/.local/lib/python3.10/site-packages/airflow/example_dags/plugins/listener_plugin.py
[2024-11-02T22:56:27.086-0300] {processor.py:927} WARNING - No viable dags retrieved from /home/nico/.local/lib/python3.10/site-packages/airflow/example_dags/plugins/listener_plugin.py
[2024-11-02T22:56:27.133-0300] {processor.py:208} INFO - Processing /home/nico/.local/lib/python3.10/site-packages/airflow/example_dags/plugins/listener_plugin.py took 0.073 seconds
[2024-11-02T23:00:47.389-0300] {processor.py:186} INFO - Started process (PID=221203) to work on /home/nico/.local/lib/python3.10/site-packages/airflow/example_dags/plugins/listener_plugin.py
[2024-11-02T23:00:47.403-0300] {processor.py:914} INFO - Processing file /home/nico/.local/lib/python3.10/site-packages/airflow/example_dags/plugins/listener_plugin.py for tasks to queue
[2024-11-02T23:00:47.417-0300] {logging_mixin.py:190} INFO - [2024-11-02T23:00:47.416-0300] {dagbag.py:588} INFO - Filling up the DagBag from /home/nico/.local/lib/python3.10/site-packages/airflow/example_dags/plugins/listener_plugin.py
[2024-11-02T23:00:47.435-0300] {processor.py:927} WARNING - No viable dags retrieved from /home/nico/.local/lib/python3.10/site-packages/airflow/example_dags/plugins/listener_plugin.py
[2024-11-02T23:00:47.507-0300] {processor.py:208} INFO - Processing /home/nico/.local/lib/python3.10/site-packages/airflow/example_dags/plugins/listener_plugin.py took 0.164 seconds
[2024-11-02T23:03:34.386-0300] {processor.py:186} INFO - Started process (PID=221297) to work on /home/nico/.local/lib/python3.10/site-packages/airflow/example_dags/plugins/listener_plugin.py
[2024-11-02T23:03:34.389-0300] {processor.py:914} INFO - Processing file /home/nico/.local/lib/python3.10/site-packages/airflow/example_dags/plugins/listener_plugin.py for tasks to queue
[2024-11-02T23:03:34.394-0300] {logging_mixin.py:190} INFO - [2024-11-02T23:03:34.393-0300] {dagbag.py:588} INFO - Filling up the DagBag from /home/nico/.local/lib/python3.10/site-packages/airflow/example_dags/plugins/listener_plugin.py
[2024-11-02T23:03:34.399-0300] {processor.py:927} WARNING - No viable dags retrieved from /home/nico/.local/lib/python3.10/site-packages/airflow/example_dags/plugins/listener_plugin.py
[2024-11-02T23:03:34.443-0300] {processor.py:208} INFO - Processing /home/nico/.local/lib/python3.10/site-packages/airflow/example_dags/plugins/listener_plugin.py took 0.074 seconds
[2024-11-02T23:05:16.834-0300] {processor.py:186} INFO - Started process (PID=221344) to work on /home/nico/.local/lib/python3.10/site-packages/airflow/example_dags/plugins/listener_plugin.py
[2024-11-02T23:05:16.839-0300] {processor.py:914} INFO - Processing file /home/nico/.local/lib/python3.10/site-packages/airflow/example_dags/plugins/listener_plugin.py for tasks to queue
[2024-11-02T23:05:16.850-0300] {logging_mixin.py:190} INFO - [2024-11-02T23:05:16.849-0300] {dagbag.py:588} INFO - Filling up the DagBag from /home/nico/.local/lib/python3.10/site-packages/airflow/example_dags/plugins/listener_plugin.py
[2024-11-02T23:05:16.857-0300] {processor.py:927} WARNING - No viable dags retrieved from /home/nico/.local/lib/python3.10/site-packages/airflow/example_dags/plugins/listener_plugin.py
[2024-11-02T23:05:16.929-0300] {processor.py:208} INFO - Processing /home/nico/.local/lib/python3.10/site-packages/airflow/example_dags/plugins/listener_plugin.py took 0.131 seconds
[2024-11-02T23:07:12.707-0300] {processor.py:186} INFO - Started process (PID=221399) to work on /home/nico/.local/lib/python3.10/site-packages/airflow/example_dags/plugins/listener_plugin.py
[2024-11-02T23:07:12.710-0300] {processor.py:914} INFO - Processing file /home/nico/.local/lib/python3.10/site-packages/airflow/example_dags/plugins/listener_plugin.py for tasks to queue
[2024-11-02T23:07:12.714-0300] {logging_mixin.py:190} INFO - [2024-11-02T23:07:12.713-0300] {dagbag.py:588} INFO - Filling up the DagBag from /home/nico/.local/lib/python3.10/site-packages/airflow/example_dags/plugins/listener_plugin.py
[2024-11-02T23:07:12.719-0300] {processor.py:927} WARNING - No viable dags retrieved from /home/nico/.local/lib/python3.10/site-packages/airflow/example_dags/plugins/listener_plugin.py
[2024-11-02T23:07:12.763-0300] {processor.py:208} INFO - Processing /home/nico/.local/lib/python3.10/site-packages/airflow/example_dags/plugins/listener_plugin.py took 0.076 seconds
[2024-11-02T23:08:33.550-0300] {processor.py:186} INFO - Started process (PID=221442) to work on /home/nico/.local/lib/python3.10/site-packages/airflow/example_dags/plugins/listener_plugin.py
[2024-11-02T23:08:33.553-0300] {processor.py:914} INFO - Processing file /home/nico/.local/lib/python3.10/site-packages/airflow/example_dags/plugins/listener_plugin.py for tasks to queue
[2024-11-02T23:08:33.558-0300] {logging_mixin.py:190} INFO - [2024-11-02T23:08:33.556-0300] {dagbag.py:588} INFO - Filling up the DagBag from /home/nico/.local/lib/python3.10/site-packages/airflow/example_dags/plugins/listener_plugin.py
[2024-11-02T23:08:33.565-0300] {processor.py:927} WARNING - No viable dags retrieved from /home/nico/.local/lib/python3.10/site-packages/airflow/example_dags/plugins/listener_plugin.py
[2024-11-02T23:08:33.612-0300] {processor.py:208} INFO - Processing /home/nico/.local/lib/python3.10/site-packages/airflow/example_dags/plugins/listener_plugin.py took 0.081 seconds
[2024-11-02T23:09:57.026-0300] {processor.py:186} INFO - Started process (PID=221485) to work on /home/nico/.local/lib/python3.10/site-packages/airflow/example_dags/plugins/listener_plugin.py
[2024-11-02T23:09:57.031-0300] {processor.py:914} INFO - Processing file /home/nico/.local/lib/python3.10/site-packages/airflow/example_dags/plugins/listener_plugin.py for tasks to queue
[2024-11-02T23:09:57.043-0300] {logging_mixin.py:190} INFO - [2024-11-02T23:09:57.042-0300] {dagbag.py:588} INFO - Filling up the DagBag from /home/nico/.local/lib/python3.10/site-packages/airflow/example_dags/plugins/listener_plugin.py
[2024-11-02T23:09:57.050-0300] {processor.py:927} WARNING - No viable dags retrieved from /home/nico/.local/lib/python3.10/site-packages/airflow/example_dags/plugins/listener_plugin.py
[2024-11-02T23:09:57.110-0300] {processor.py:208} INFO - Processing /home/nico/.local/lib/python3.10/site-packages/airflow/example_dags/plugins/listener_plugin.py took 0.109 seconds
[2024-11-02T23:11:21.226-0300] {processor.py:186} INFO - Started process (PID=221529) to work on /home/nico/.local/lib/python3.10/site-packages/airflow/example_dags/plugins/listener_plugin.py
[2024-11-02T23:11:21.229-0300] {processor.py:914} INFO - Processing file /home/nico/.local/lib/python3.10/site-packages/airflow/example_dags/plugins/listener_plugin.py for tasks to queue
[2024-11-02T23:11:21.232-0300] {logging_mixin.py:190} INFO - [2024-11-02T23:11:21.231-0300] {dagbag.py:588} INFO - Filling up the DagBag from /home/nico/.local/lib/python3.10/site-packages/airflow/example_dags/plugins/listener_plugin.py
[2024-11-02T23:11:21.238-0300] {processor.py:927} WARNING - No viable dags retrieved from /home/nico/.local/lib/python3.10/site-packages/airflow/example_dags/plugins/listener_plugin.py
[2024-11-02T23:11:21.280-0300] {processor.py:208} INFO - Processing /home/nico/.local/lib/python3.10/site-packages/airflow/example_dags/plugins/listener_plugin.py took 0.072 seconds
[2024-11-02T23:12:48.201-0300] {processor.py:186} INFO - Started process (PID=221576) to work on /home/nico/.local/lib/python3.10/site-packages/airflow/example_dags/plugins/listener_plugin.py
[2024-11-02T23:12:48.203-0300] {processor.py:914} INFO - Processing file /home/nico/.local/lib/python3.10/site-packages/airflow/example_dags/plugins/listener_plugin.py for tasks to queue
[2024-11-02T23:12:48.206-0300] {logging_mixin.py:190} INFO - [2024-11-02T23:12:48.206-0300] {dagbag.py:588} INFO - Filling up the DagBag from /home/nico/.local/lib/python3.10/site-packages/airflow/example_dags/plugins/listener_plugin.py
[2024-11-02T23:12:48.212-0300] {processor.py:927} WARNING - No viable dags retrieved from /home/nico/.local/lib/python3.10/site-packages/airflow/example_dags/plugins/listener_plugin.py
[2024-11-02T23:12:48.252-0300] {processor.py:208} INFO - Processing /home/nico/.local/lib/python3.10/site-packages/airflow/example_dags/plugins/listener_plugin.py took 0.069 seconds
[2024-11-03T00:13:38.799-0300] {processor.py:186} INFO - Started process (PID=221634) to work on /home/nico/.local/lib/python3.10/site-packages/airflow/example_dags/plugins/listener_plugin.py
[2024-11-03T00:13:38.814-0300] {processor.py:914} INFO - Processing file /home/nico/.local/lib/python3.10/site-packages/airflow/example_dags/plugins/listener_plugin.py for tasks to queue
[2024-11-03T00:13:38.828-0300] {logging_mixin.py:190} INFO - [2024-11-03T00:13:38.827-0300] {dagbag.py:588} INFO - Filling up the DagBag from /home/nico/.local/lib/python3.10/site-packages/airflow/example_dags/plugins/listener_plugin.py
[2024-11-03T00:13:38.846-0300] {processor.py:927} WARNING - No viable dags retrieved from /home/nico/.local/lib/python3.10/site-packages/airflow/example_dags/plugins/listener_plugin.py
[2024-11-03T00:13:38.954-0300] {processor.py:208} INFO - Processing /home/nico/.local/lib/python3.10/site-packages/airflow/example_dags/plugins/listener_plugin.py took 0.198 seconds
[2024-11-03T00:15:15.049-0300] {processor.py:186} INFO - Started process (PID=221681) to work on /home/nico/.local/lib/python3.10/site-packages/airflow/example_dags/plugins/listener_plugin.py
[2024-11-03T00:15:15.052-0300] {processor.py:914} INFO - Processing file /home/nico/.local/lib/python3.10/site-packages/airflow/example_dags/plugins/listener_plugin.py for tasks to queue
[2024-11-03T00:15:15.056-0300] {logging_mixin.py:190} INFO - [2024-11-03T00:15:15.055-0300] {dagbag.py:588} INFO - Filling up the DagBag from /home/nico/.local/lib/python3.10/site-packages/airflow/example_dags/plugins/listener_plugin.py
[2024-11-03T00:15:15.062-0300] {processor.py:927} WARNING - No viable dags retrieved from /home/nico/.local/lib/python3.10/site-packages/airflow/example_dags/plugins/listener_plugin.py
[2024-11-03T00:15:15.105-0300] {processor.py:208} INFO - Processing /home/nico/.local/lib/python3.10/site-packages/airflow/example_dags/plugins/listener_plugin.py took 0.070 seconds
[2024-11-03T00:19:06.063-0300] {processor.py:186} INFO - Started process (PID=221739) to work on /home/nico/.local/lib/python3.10/site-packages/airflow/example_dags/plugins/listener_plugin.py
[2024-11-03T00:19:06.072-0300] {processor.py:914} INFO - Processing file /home/nico/.local/lib/python3.10/site-packages/airflow/example_dags/plugins/listener_plugin.py for tasks to queue
[2024-11-03T00:19:06.078-0300] {logging_mixin.py:190} INFO - [2024-11-03T00:19:06.076-0300] {dagbag.py:588} INFO - Filling up the DagBag from /home/nico/.local/lib/python3.10/site-packages/airflow/example_dags/plugins/listener_plugin.py
[2024-11-03T00:19:06.096-0300] {processor.py:927} WARNING - No viable dags retrieved from /home/nico/.local/lib/python3.10/site-packages/airflow/example_dags/plugins/listener_plugin.py
[2024-11-03T00:19:06.238-0300] {processor.py:208} INFO - Processing /home/nico/.local/lib/python3.10/site-packages/airflow/example_dags/plugins/listener_plugin.py took 0.226 seconds
[2024-11-03T00:26:22.915-0300] {processor.py:186} INFO - Started process (PID=221854) to work on /home/nico/.local/lib/python3.10/site-packages/airflow/example_dags/plugins/listener_plugin.py
[2024-11-03T00:26:22.922-0300] {processor.py:914} INFO - Processing file /home/nico/.local/lib/python3.10/site-packages/airflow/example_dags/plugins/listener_plugin.py for tasks to queue
[2024-11-03T00:26:22.932-0300] {logging_mixin.py:190} INFO - [2024-11-03T00:26:22.931-0300] {dagbag.py:588} INFO - Filling up the DagBag from /home/nico/.local/lib/python3.10/site-packages/airflow/example_dags/plugins/listener_plugin.py
[2024-11-03T00:26:22.951-0300] {processor.py:927} WARNING - No viable dags retrieved from /home/nico/.local/lib/python3.10/site-packages/airflow/example_dags/plugins/listener_plugin.py
[2024-11-03T00:26:23.067-0300] {processor.py:208} INFO - Processing /home/nico/.local/lib/python3.10/site-packages/airflow/example_dags/plugins/listener_plugin.py took 0.205 seconds
[2024-11-03T00:34:00.873-0300] {processor.py:186} INFO - Started process (PID=221943) to work on /home/nico/.local/lib/python3.10/site-packages/airflow/example_dags/plugins/listener_plugin.py
[2024-11-03T00:34:00.876-0300] {processor.py:914} INFO - Processing file /home/nico/.local/lib/python3.10/site-packages/airflow/example_dags/plugins/listener_plugin.py for tasks to queue
[2024-11-03T00:34:00.880-0300] {logging_mixin.py:190} INFO - [2024-11-03T00:34:00.878-0300] {dagbag.py:588} INFO - Filling up the DagBag from /home/nico/.local/lib/python3.10/site-packages/airflow/example_dags/plugins/listener_plugin.py
[2024-11-03T00:34:00.886-0300] {processor.py:927} WARNING - No viable dags retrieved from /home/nico/.local/lib/python3.10/site-packages/airflow/example_dags/plugins/listener_plugin.py
[2024-11-03T00:34:00.937-0300] {processor.py:208} INFO - Processing /home/nico/.local/lib/python3.10/site-packages/airflow/example_dags/plugins/listener_plugin.py took 0.078 seconds
[2024-11-03T00:36:46.453-0300] {processor.py:186} INFO - Started process (PID=222001) to work on /home/nico/.local/lib/python3.10/site-packages/airflow/example_dags/plugins/listener_plugin.py
[2024-11-03T00:36:46.460-0300] {processor.py:914} INFO - Processing file /home/nico/.local/lib/python3.10/site-packages/airflow/example_dags/plugins/listener_plugin.py for tasks to queue
[2024-11-03T00:36:46.465-0300] {logging_mixin.py:190} INFO - [2024-11-03T00:36:46.464-0300] {dagbag.py:588} INFO - Filling up the DagBag from /home/nico/.local/lib/python3.10/site-packages/airflow/example_dags/plugins/listener_plugin.py
[2024-11-03T00:36:46.484-0300] {processor.py:927} WARNING - No viable dags retrieved from /home/nico/.local/lib/python3.10/site-packages/airflow/example_dags/plugins/listener_plugin.py
[2024-11-03T00:36:46.538-0300] {processor.py:208} INFO - Processing /home/nico/.local/lib/python3.10/site-packages/airflow/example_dags/plugins/listener_plugin.py took 0.127 seconds
[2024-11-03T00:38:21.614-0300] {processor.py:186} INFO - Started process (PID=222051) to work on /home/nico/.local/lib/python3.10/site-packages/airflow/example_dags/plugins/listener_plugin.py
[2024-11-03T00:38:21.620-0300] {processor.py:914} INFO - Processing file /home/nico/.local/lib/python3.10/site-packages/airflow/example_dags/plugins/listener_plugin.py for tasks to queue
[2024-11-03T00:38:21.625-0300] {logging_mixin.py:190} INFO - [2024-11-03T00:38:21.624-0300] {dagbag.py:588} INFO - Filling up the DagBag from /home/nico/.local/lib/python3.10/site-packages/airflow/example_dags/plugins/listener_plugin.py
[2024-11-03T00:38:21.633-0300] {processor.py:927} WARNING - No viable dags retrieved from /home/nico/.local/lib/python3.10/site-packages/airflow/example_dags/plugins/listener_plugin.py
[2024-11-03T00:38:21.681-0300] {processor.py:208} INFO - Processing /home/nico/.local/lib/python3.10/site-packages/airflow/example_dags/plugins/listener_plugin.py took 0.082 seconds
[2024-11-03T00:39:51.137-0300] {processor.py:186} INFO - Started process (PID=222094) to work on /home/nico/.local/lib/python3.10/site-packages/airflow/example_dags/plugins/listener_plugin.py
[2024-11-03T00:39:51.140-0300] {processor.py:914} INFO - Processing file /home/nico/.local/lib/python3.10/site-packages/airflow/example_dags/plugins/listener_plugin.py for tasks to queue
[2024-11-03T00:39:51.143-0300] {logging_mixin.py:190} INFO - [2024-11-03T00:39:51.142-0300] {dagbag.py:588} INFO - Filling up the DagBag from /home/nico/.local/lib/python3.10/site-packages/airflow/example_dags/plugins/listener_plugin.py
[2024-11-03T00:39:51.148-0300] {processor.py:927} WARNING - No viable dags retrieved from /home/nico/.local/lib/python3.10/site-packages/airflow/example_dags/plugins/listener_plugin.py
[2024-11-03T00:39:51.191-0300] {processor.py:208} INFO - Processing /home/nico/.local/lib/python3.10/site-packages/airflow/example_dags/plugins/listener_plugin.py took 0.069 seconds
[2024-11-03T00:41:13.890-0300] {processor.py:186} INFO - Started process (PID=222138) to work on /home/nico/.local/lib/python3.10/site-packages/airflow/example_dags/plugins/listener_plugin.py
[2024-11-03T00:41:13.893-0300] {processor.py:914} INFO - Processing file /home/nico/.local/lib/python3.10/site-packages/airflow/example_dags/plugins/listener_plugin.py for tasks to queue
[2024-11-03T00:41:13.899-0300] {logging_mixin.py:190} INFO - [2024-11-03T00:41:13.898-0300] {dagbag.py:588} INFO - Filling up the DagBag from /home/nico/.local/lib/python3.10/site-packages/airflow/example_dags/plugins/listener_plugin.py
[2024-11-03T00:41:13.908-0300] {processor.py:927} WARNING - No viable dags retrieved from /home/nico/.local/lib/python3.10/site-packages/airflow/example_dags/plugins/listener_plugin.py
[2024-11-03T00:41:13.976-0300] {processor.py:208} INFO - Processing /home/nico/.local/lib/python3.10/site-packages/airflow/example_dags/plugins/listener_plugin.py took 0.108 seconds
[2024-11-03T00:42:32.159-0300] {processor.py:186} INFO - Started process (PID=222182) to work on /home/nico/.local/lib/python3.10/site-packages/airflow/example_dags/plugins/listener_plugin.py
[2024-11-03T00:42:32.161-0300] {processor.py:914} INFO - Processing file /home/nico/.local/lib/python3.10/site-packages/airflow/example_dags/plugins/listener_plugin.py for tasks to queue
[2024-11-03T00:42:32.164-0300] {logging_mixin.py:190} INFO - [2024-11-03T00:42:32.163-0300] {dagbag.py:588} INFO - Filling up the DagBag from /home/nico/.local/lib/python3.10/site-packages/airflow/example_dags/plugins/listener_plugin.py
[2024-11-03T00:42:32.171-0300] {processor.py:927} WARNING - No viable dags retrieved from /home/nico/.local/lib/python3.10/site-packages/airflow/example_dags/plugins/listener_plugin.py
[2024-11-03T00:42:32.219-0300] {processor.py:208} INFO - Processing /home/nico/.local/lib/python3.10/site-packages/airflow/example_dags/plugins/listener_plugin.py took 0.073 seconds
[2024-11-03T00:44:06.520-0300] {processor.py:186} INFO - Started process (PID=222228) to work on /home/nico/.local/lib/python3.10/site-packages/airflow/example_dags/plugins/listener_plugin.py
[2024-11-03T00:44:06.523-0300] {processor.py:914} INFO - Processing file /home/nico/.local/lib/python3.10/site-packages/airflow/example_dags/plugins/listener_plugin.py for tasks to queue
[2024-11-03T00:44:06.527-0300] {logging_mixin.py:190} INFO - [2024-11-03T00:44:06.527-0300] {dagbag.py:588} INFO - Filling up the DagBag from /home/nico/.local/lib/python3.10/site-packages/airflow/example_dags/plugins/listener_plugin.py
[2024-11-03T00:44:06.533-0300] {processor.py:927} WARNING - No viable dags retrieved from /home/nico/.local/lib/python3.10/site-packages/airflow/example_dags/plugins/listener_plugin.py
[2024-11-03T00:44:06.577-0300] {processor.py:208} INFO - Processing /home/nico/.local/lib/python3.10/site-packages/airflow/example_dags/plugins/listener_plugin.py took 0.075 seconds
[2024-11-03T00:46:28.974-0300] {processor.py:186} INFO - Started process (PID=222280) to work on /home/nico/.local/lib/python3.10/site-packages/airflow/example_dags/plugins/listener_plugin.py
[2024-11-03T00:46:28.978-0300] {processor.py:914} INFO - Processing file /home/nico/.local/lib/python3.10/site-packages/airflow/example_dags/plugins/listener_plugin.py for tasks to queue
[2024-11-03T00:46:28.982-0300] {logging_mixin.py:190} INFO - [2024-11-03T00:46:28.981-0300] {dagbag.py:588} INFO - Filling up the DagBag from /home/nico/.local/lib/python3.10/site-packages/airflow/example_dags/plugins/listener_plugin.py
[2024-11-03T00:46:28.989-0300] {processor.py:927} WARNING - No viable dags retrieved from /home/nico/.local/lib/python3.10/site-packages/airflow/example_dags/plugins/listener_plugin.py
[2024-11-03T00:46:29.041-0300] {processor.py:208} INFO - Processing /home/nico/.local/lib/python3.10/site-packages/airflow/example_dags/plugins/listener_plugin.py took 0.088 seconds
[2024-11-03T00:48:40.239-0300] {processor.py:186} INFO - Started process (PID=222337) to work on /home/nico/.local/lib/python3.10/site-packages/airflow/example_dags/plugins/listener_plugin.py
[2024-11-03T00:48:40.243-0300] {processor.py:914} INFO - Processing file /home/nico/.local/lib/python3.10/site-packages/airflow/example_dags/plugins/listener_plugin.py for tasks to queue
[2024-11-03T00:48:40.246-0300] {logging_mixin.py:190} INFO - [2024-11-03T00:48:40.245-0300] {dagbag.py:588} INFO - Filling up the DagBag from /home/nico/.local/lib/python3.10/site-packages/airflow/example_dags/plugins/listener_plugin.py
[2024-11-03T00:48:40.252-0300] {processor.py:927} WARNING - No viable dags retrieved from /home/nico/.local/lib/python3.10/site-packages/airflow/example_dags/plugins/listener_plugin.py
[2024-11-03T00:48:40.300-0300] {processor.py:208} INFO - Processing /home/nico/.local/lib/python3.10/site-packages/airflow/example_dags/plugins/listener_plugin.py took 0.078 seconds
[2024-11-03T00:50:11.896-0300] {processor.py:186} INFO - Started process (PID=222384) to work on /home/nico/.local/lib/python3.10/site-packages/airflow/example_dags/plugins/listener_plugin.py
[2024-11-03T00:50:11.899-0300] {processor.py:914} INFO - Processing file /home/nico/.local/lib/python3.10/site-packages/airflow/example_dags/plugins/listener_plugin.py for tasks to queue
[2024-11-03T00:50:11.904-0300] {logging_mixin.py:190} INFO - [2024-11-03T00:50:11.903-0300] {dagbag.py:588} INFO - Filling up the DagBag from /home/nico/.local/lib/python3.10/site-packages/airflow/example_dags/plugins/listener_plugin.py
[2024-11-03T00:50:11.911-0300] {processor.py:927} WARNING - No viable dags retrieved from /home/nico/.local/lib/python3.10/site-packages/airflow/example_dags/plugins/listener_plugin.py
[2024-11-03T00:50:11.961-0300] {processor.py:208} INFO - Processing /home/nico/.local/lib/python3.10/site-packages/airflow/example_dags/plugins/listener_plugin.py took 0.087 seconds
[2024-11-03T00:51:52.599-0300] {processor.py:186} INFO - Started process (PID=222428) to work on /home/nico/.local/lib/python3.10/site-packages/airflow/example_dags/plugins/listener_plugin.py
[2024-11-03T00:51:52.619-0300] {processor.py:914} INFO - Processing file /home/nico/.local/lib/python3.10/site-packages/airflow/example_dags/plugins/listener_plugin.py for tasks to queue
[2024-11-03T00:51:52.624-0300] {logging_mixin.py:190} INFO - [2024-11-03T00:51:52.623-0300] {dagbag.py:588} INFO - Filling up the DagBag from /home/nico/.local/lib/python3.10/site-packages/airflow/example_dags/plugins/listener_plugin.py
[2024-11-03T00:51:52.634-0300] {processor.py:927} WARNING - No viable dags retrieved from /home/nico/.local/lib/python3.10/site-packages/airflow/example_dags/plugins/listener_plugin.py
[2024-11-03T00:51:52.691-0300] {processor.py:208} INFO - Processing /home/nico/.local/lib/python3.10/site-packages/airflow/example_dags/plugins/listener_plugin.py took 0.131 seconds
[2024-11-03T00:54:33.977-0300] {processor.py:186} INFO - Started process (PID=222477) to work on /home/nico/.local/lib/python3.10/site-packages/airflow/example_dags/plugins/listener_plugin.py
[2024-11-03T00:54:33.980-0300] {processor.py:914} INFO - Processing file /home/nico/.local/lib/python3.10/site-packages/airflow/example_dags/plugins/listener_plugin.py for tasks to queue
[2024-11-03T00:54:33.985-0300] {logging_mixin.py:190} INFO - [2024-11-03T00:54:33.984-0300] {dagbag.py:588} INFO - Filling up the DagBag from /home/nico/.local/lib/python3.10/site-packages/airflow/example_dags/plugins/listener_plugin.py
[2024-11-03T00:54:33.992-0300] {processor.py:927} WARNING - No viable dags retrieved from /home/nico/.local/lib/python3.10/site-packages/airflow/example_dags/plugins/listener_plugin.py
[2024-11-03T00:54:34.057-0300] {processor.py:208} INFO - Processing /home/nico/.local/lib/python3.10/site-packages/airflow/example_dags/plugins/listener_plugin.py took 0.098 seconds
[2024-11-03T00:56:25.018-0300] {processor.py:186} INFO - Started process (PID=222527) to work on /home/nico/.local/lib/python3.10/site-packages/airflow/example_dags/plugins/listener_plugin.py
[2024-11-03T00:56:25.038-0300] {processor.py:914} INFO - Processing file /home/nico/.local/lib/python3.10/site-packages/airflow/example_dags/plugins/listener_plugin.py for tasks to queue
[2024-11-03T00:56:25.045-0300] {logging_mixin.py:190} INFO - [2024-11-03T00:56:25.044-0300] {dagbag.py:588} INFO - Filling up the DagBag from /home/nico/.local/lib/python3.10/site-packages/airflow/example_dags/plugins/listener_plugin.py
[2024-11-03T00:56:25.079-0300] {processor.py:927} WARNING - No viable dags retrieved from /home/nico/.local/lib/python3.10/site-packages/airflow/example_dags/plugins/listener_plugin.py
[2024-11-03T00:56:25.168-0300] {processor.py:208} INFO - Processing /home/nico/.local/lib/python3.10/site-packages/airflow/example_dags/plugins/listener_plugin.py took 0.176 seconds
[2024-11-03T00:58:37.918-0300] {processor.py:186} INFO - Started process (PID=222580) to work on /home/nico/.local/lib/python3.10/site-packages/airflow/example_dags/plugins/listener_plugin.py
[2024-11-03T00:58:37.921-0300] {processor.py:914} INFO - Processing file /home/nico/.local/lib/python3.10/site-packages/airflow/example_dags/plugins/listener_plugin.py for tasks to queue
[2024-11-03T00:58:37.925-0300] {logging_mixin.py:190} INFO - [2024-11-03T00:58:37.924-0300] {dagbag.py:588} INFO - Filling up the DagBag from /home/nico/.local/lib/python3.10/site-packages/airflow/example_dags/plugins/listener_plugin.py
[2024-11-03T00:58:37.931-0300] {processor.py:927} WARNING - No viable dags retrieved from /home/nico/.local/lib/python3.10/site-packages/airflow/example_dags/plugins/listener_plugin.py
[2024-11-03T00:58:37.981-0300] {processor.py:208} INFO - Processing /home/nico/.local/lib/python3.10/site-packages/airflow/example_dags/plugins/listener_plugin.py took 0.079 seconds
[2024-11-03T01:00:06.409-0300] {processor.py:186} INFO - Started process (PID=222628) to work on /home/nico/.local/lib/python3.10/site-packages/airflow/example_dags/plugins/listener_plugin.py
[2024-11-03T01:00:06.412-0300] {processor.py:914} INFO - Processing file /home/nico/.local/lib/python3.10/site-packages/airflow/example_dags/plugins/listener_plugin.py for tasks to queue
[2024-11-03T01:00:06.416-0300] {logging_mixin.py:190} INFO - [2024-11-03T01:00:06.415-0300] {dagbag.py:588} INFO - Filling up the DagBag from /home/nico/.local/lib/python3.10/site-packages/airflow/example_dags/plugins/listener_plugin.py
[2024-11-03T01:00:06.424-0300] {processor.py:927} WARNING - No viable dags retrieved from /home/nico/.local/lib/python3.10/site-packages/airflow/example_dags/plugins/listener_plugin.py
[2024-11-03T01:00:06.474-0300] {processor.py:208} INFO - Processing /home/nico/.local/lib/python3.10/site-packages/airflow/example_dags/plugins/listener_plugin.py took 0.078 seconds
[2024-11-03T01:01:29.904-0300] {processor.py:186} INFO - Started process (PID=222673) to work on /home/nico/.local/lib/python3.10/site-packages/airflow/example_dags/plugins/listener_plugin.py
[2024-11-03T01:01:29.906-0300] {processor.py:914} INFO - Processing file /home/nico/.local/lib/python3.10/site-packages/airflow/example_dags/plugins/listener_plugin.py for tasks to queue
[2024-11-03T01:01:29.919-0300] {logging_mixin.py:190} INFO - [2024-11-03T01:01:29.916-0300] {dagbag.py:588} INFO - Filling up the DagBag from /home/nico/.local/lib/python3.10/site-packages/airflow/example_dags/plugins/listener_plugin.py
[2024-11-03T01:01:29.940-0300] {processor.py:927} WARNING - No viable dags retrieved from /home/nico/.local/lib/python3.10/site-packages/airflow/example_dags/plugins/listener_plugin.py
[2024-11-03T01:01:29.996-0300] {processor.py:208} INFO - Processing /home/nico/.local/lib/python3.10/site-packages/airflow/example_dags/plugins/listener_plugin.py took 0.109 seconds
[2024-11-03T01:02:53.635-0300] {processor.py:186} INFO - Started process (PID=222720) to work on /home/nico/.local/lib/python3.10/site-packages/airflow/example_dags/plugins/listener_plugin.py
[2024-11-03T01:02:53.648-0300] {processor.py:914} INFO - Processing file /home/nico/.local/lib/python3.10/site-packages/airflow/example_dags/plugins/listener_plugin.py for tasks to queue
[2024-11-03T01:02:53.654-0300] {logging_mixin.py:190} INFO - [2024-11-03T01:02:53.653-0300] {dagbag.py:588} INFO - Filling up the DagBag from /home/nico/.local/lib/python3.10/site-packages/airflow/example_dags/plugins/listener_plugin.py
[2024-11-03T01:02:53.670-0300] {processor.py:927} WARNING - No viable dags retrieved from /home/nico/.local/lib/python3.10/site-packages/airflow/example_dags/plugins/listener_plugin.py
[2024-11-03T01:02:53.784-0300] {processor.py:208} INFO - Processing /home/nico/.local/lib/python3.10/site-packages/airflow/example_dags/plugins/listener_plugin.py took 0.200 seconds
[2024-11-03T01:04:25.923-0300] {processor.py:186} INFO - Started process (PID=222763) to work on /home/nico/.local/lib/python3.10/site-packages/airflow/example_dags/plugins/listener_plugin.py
[2024-11-03T01:04:25.926-0300] {processor.py:914} INFO - Processing file /home/nico/.local/lib/python3.10/site-packages/airflow/example_dags/plugins/listener_plugin.py for tasks to queue
[2024-11-03T01:04:25.937-0300] {logging_mixin.py:190} INFO - [2024-11-03T01:04:25.935-0300] {dagbag.py:588} INFO - Filling up the DagBag from /home/nico/.local/lib/python3.10/site-packages/airflow/example_dags/plugins/listener_plugin.py
[2024-11-03T01:04:25.944-0300] {processor.py:927} WARNING - No viable dags retrieved from /home/nico/.local/lib/python3.10/site-packages/airflow/example_dags/plugins/listener_plugin.py
[2024-11-03T01:04:26.051-0300] {processor.py:208} INFO - Processing /home/nico/.local/lib/python3.10/site-packages/airflow/example_dags/plugins/listener_plugin.py took 0.147 seconds
[2024-11-03T01:05:57.527-0300] {processor.py:186} INFO - Started process (PID=222811) to work on /home/nico/.local/lib/python3.10/site-packages/airflow/example_dags/plugins/listener_plugin.py
[2024-11-03T01:05:57.529-0300] {processor.py:914} INFO - Processing file /home/nico/.local/lib/python3.10/site-packages/airflow/example_dags/plugins/listener_plugin.py for tasks to queue
[2024-11-03T01:05:57.533-0300] {logging_mixin.py:190} INFO - [2024-11-03T01:05:57.532-0300] {dagbag.py:588} INFO - Filling up the DagBag from /home/nico/.local/lib/python3.10/site-packages/airflow/example_dags/plugins/listener_plugin.py
[2024-11-03T01:05:57.538-0300] {processor.py:927} WARNING - No viable dags retrieved from /home/nico/.local/lib/python3.10/site-packages/airflow/example_dags/plugins/listener_plugin.py
[2024-11-03T01:05:57.578-0300] {processor.py:208} INFO - Processing /home/nico/.local/lib/python3.10/site-packages/airflow/example_dags/plugins/listener_plugin.py took 0.068 seconds
[2024-11-03T01:07:21.471-0300] {processor.py:186} INFO - Started process (PID=222857) to work on /home/nico/.local/lib/python3.10/site-packages/airflow/example_dags/plugins/listener_plugin.py
[2024-11-03T01:07:21.475-0300] {processor.py:914} INFO - Processing file /home/nico/.local/lib/python3.10/site-packages/airflow/example_dags/plugins/listener_plugin.py for tasks to queue
[2024-11-03T01:07:21.479-0300] {logging_mixin.py:190} INFO - [2024-11-03T01:07:21.478-0300] {dagbag.py:588} INFO - Filling up the DagBag from /home/nico/.local/lib/python3.10/site-packages/airflow/example_dags/plugins/listener_plugin.py
[2024-11-03T01:07:21.485-0300] {processor.py:927} WARNING - No viable dags retrieved from /home/nico/.local/lib/python3.10/site-packages/airflow/example_dags/plugins/listener_plugin.py
[2024-11-03T01:07:21.540-0300] {processor.py:208} INFO - Processing /home/nico/.local/lib/python3.10/site-packages/airflow/example_dags/plugins/listener_plugin.py took 0.087 seconds
[2024-11-03T01:08:47.848-0300] {processor.py:186} INFO - Started process (PID=222899) to work on /home/nico/.local/lib/python3.10/site-packages/airflow/example_dags/plugins/listener_plugin.py
[2024-11-03T01:08:47.851-0300] {processor.py:914} INFO - Processing file /home/nico/.local/lib/python3.10/site-packages/airflow/example_dags/plugins/listener_plugin.py for tasks to queue
[2024-11-03T01:08:47.854-0300] {logging_mixin.py:190} INFO - [2024-11-03T01:08:47.853-0300] {dagbag.py:588} INFO - Filling up the DagBag from /home/nico/.local/lib/python3.10/site-packages/airflow/example_dags/plugins/listener_plugin.py
[2024-11-03T01:08:47.859-0300] {processor.py:927} WARNING - No viable dags retrieved from /home/nico/.local/lib/python3.10/site-packages/airflow/example_dags/plugins/listener_plugin.py
[2024-11-03T01:08:47.906-0300] {processor.py:208} INFO - Processing /home/nico/.local/lib/python3.10/site-packages/airflow/example_dags/plugins/listener_plugin.py took 0.072 seconds
[2024-11-03T01:10:24.449-0300] {processor.py:186} INFO - Started process (PID=222945) to work on /home/nico/.local/lib/python3.10/site-packages/airflow/example_dags/plugins/listener_plugin.py
[2024-11-03T01:10:24.452-0300] {processor.py:914} INFO - Processing file /home/nico/.local/lib/python3.10/site-packages/airflow/example_dags/plugins/listener_plugin.py for tasks to queue
[2024-11-03T01:10:24.455-0300] {logging_mixin.py:190} INFO - [2024-11-03T01:10:24.454-0300] {dagbag.py:588} INFO - Filling up the DagBag from /home/nico/.local/lib/python3.10/site-packages/airflow/example_dags/plugins/listener_plugin.py
[2024-11-03T01:10:24.461-0300] {processor.py:927} WARNING - No viable dags retrieved from /home/nico/.local/lib/python3.10/site-packages/airflow/example_dags/plugins/listener_plugin.py
[2024-11-03T01:10:24.511-0300] {processor.py:208} INFO - Processing /home/nico/.local/lib/python3.10/site-packages/airflow/example_dags/plugins/listener_plugin.py took 0.080 seconds
[2024-11-03T01:11:55.539-0300] {processor.py:186} INFO - Started process (PID=222991) to work on /home/nico/.local/lib/python3.10/site-packages/airflow/example_dags/plugins/listener_plugin.py
[2024-11-03T01:11:55.542-0300] {processor.py:914} INFO - Processing file /home/nico/.local/lib/python3.10/site-packages/airflow/example_dags/plugins/listener_plugin.py for tasks to queue
[2024-11-03T01:11:55.552-0300] {logging_mixin.py:190} INFO - [2024-11-03T01:11:55.551-0300] {dagbag.py:588} INFO - Filling up the DagBag from /home/nico/.local/lib/python3.10/site-packages/airflow/example_dags/plugins/listener_plugin.py
[2024-11-03T01:11:55.560-0300] {processor.py:927} WARNING - No viable dags retrieved from /home/nico/.local/lib/python3.10/site-packages/airflow/example_dags/plugins/listener_plugin.py
[2024-11-03T01:11:55.614-0300] {processor.py:208} INFO - Processing /home/nico/.local/lib/python3.10/site-packages/airflow/example_dags/plugins/listener_plugin.py took 0.101 seconds
[2024-11-03T01:13:55.418-0300] {processor.py:186} INFO - Started process (PID=223038) to work on /home/nico/.local/lib/python3.10/site-packages/airflow/example_dags/plugins/listener_plugin.py
[2024-11-03T01:13:55.421-0300] {processor.py:914} INFO - Processing file /home/nico/.local/lib/python3.10/site-packages/airflow/example_dags/plugins/listener_plugin.py for tasks to queue
[2024-11-03T01:13:55.425-0300] {logging_mixin.py:190} INFO - [2024-11-03T01:13:55.424-0300] {dagbag.py:588} INFO - Filling up the DagBag from /home/nico/.local/lib/python3.10/site-packages/airflow/example_dags/plugins/listener_plugin.py
[2024-11-03T01:13:55.432-0300] {processor.py:927} WARNING - No viable dags retrieved from /home/nico/.local/lib/python3.10/site-packages/airflow/example_dags/plugins/listener_plugin.py
[2024-11-03T01:13:55.479-0300] {processor.py:208} INFO - Processing /home/nico/.local/lib/python3.10/site-packages/airflow/example_dags/plugins/listener_plugin.py took 0.078 seconds
[2024-11-03T01:18:33.173-0300] {processor.py:186} INFO - Started process (PID=223102) to work on /home/nico/.local/lib/python3.10/site-packages/airflow/example_dags/plugins/listener_plugin.py
[2024-11-03T01:18:33.177-0300] {processor.py:914} INFO - Processing file /home/nico/.local/lib/python3.10/site-packages/airflow/example_dags/plugins/listener_plugin.py for tasks to queue
[2024-11-03T01:18:33.183-0300] {logging_mixin.py:190} INFO - [2024-11-03T01:18:33.182-0300] {dagbag.py:588} INFO - Filling up the DagBag from /home/nico/.local/lib/python3.10/site-packages/airflow/example_dags/plugins/listener_plugin.py
[2024-11-03T01:18:33.192-0300] {processor.py:927} WARNING - No viable dags retrieved from /home/nico/.local/lib/python3.10/site-packages/airflow/example_dags/plugins/listener_plugin.py
[2024-11-03T01:18:33.282-0300] {processor.py:208} INFO - Processing /home/nico/.local/lib/python3.10/site-packages/airflow/example_dags/plugins/listener_plugin.py took 0.159 seconds
[2024-11-03T01:20:37.093-0300] {processor.py:186} INFO - Started process (PID=223155) to work on /home/nico/.local/lib/python3.10/site-packages/airflow/example_dags/plugins/listener_plugin.py
[2024-11-03T01:20:37.095-0300] {processor.py:914} INFO - Processing file /home/nico/.local/lib/python3.10/site-packages/airflow/example_dags/plugins/listener_plugin.py for tasks to queue
[2024-11-03T01:20:37.098-0300] {logging_mixin.py:190} INFO - [2024-11-03T01:20:37.097-0300] {dagbag.py:588} INFO - Filling up the DagBag from /home/nico/.local/lib/python3.10/site-packages/airflow/example_dags/plugins/listener_plugin.py
[2024-11-03T01:20:37.103-0300] {processor.py:927} WARNING - No viable dags retrieved from /home/nico/.local/lib/python3.10/site-packages/airflow/example_dags/plugins/listener_plugin.py
[2024-11-03T01:20:37.146-0300] {processor.py:208} INFO - Processing /home/nico/.local/lib/python3.10/site-packages/airflow/example_dags/plugins/listener_plugin.py took 0.066 seconds
[2024-11-03T01:23:03.231-0300] {processor.py:186} INFO - Started process (PID=223206) to work on /home/nico/.local/lib/python3.10/site-packages/airflow/example_dags/plugins/listener_plugin.py
[2024-11-03T01:23:03.234-0300] {processor.py:914} INFO - Processing file /home/nico/.local/lib/python3.10/site-packages/airflow/example_dags/plugins/listener_plugin.py for tasks to queue
[2024-11-03T01:23:03.242-0300] {logging_mixin.py:190} INFO - [2024-11-03T01:23:03.240-0300] {dagbag.py:588} INFO - Filling up the DagBag from /home/nico/.local/lib/python3.10/site-packages/airflow/example_dags/plugins/listener_plugin.py
[2024-11-03T01:23:03.250-0300] {processor.py:927} WARNING - No viable dags retrieved from /home/nico/.local/lib/python3.10/site-packages/airflow/example_dags/plugins/listener_plugin.py
[2024-11-03T01:23:03.304-0300] {processor.py:208} INFO - Processing /home/nico/.local/lib/python3.10/site-packages/airflow/example_dags/plugins/listener_plugin.py took 0.099 seconds
